2024-03-21 03:48:24,862 train batches in dataset: 1600
2024-03-21 03:48:24,862 val batches in dataset: 200
2024-03-21 03:48:24,862 test batches in dataset: 200
2024-03-21 03:48:24,884 Trainable parameter: net_core.0.weight - size: torch.Size([256, 35])
2024-03-21 03:48:24,892 Trainable parameter: net_core.0.bias - size: torch.Size([256])
2024-03-21 03:48:24,897 Trainable parameter: net_core.1.weight - size: torch.Size([128, 256])
2024-03-21 03:48:24,901 Trainable parameter: net_core.1.bias - size: torch.Size([128])
2024-03-21 03:48:24,909 Trainable parameter: net_core.2.weight - size: torch.Size([64, 128])
2024-03-21 03:48:24,917 Trainable parameter: net_core.2.bias - size: torch.Size([64])
2024-03-21 03:48:24,922 Trainable parameter: net_core.3.weight - size: torch.Size([16, 64])
2024-03-21 03:48:24,923 Trainable parameter: net_core.3.bias - size: torch.Size([16])
2024-03-21 03:48:24,924 Trainable parameter: net_core.4.weight - size: torch.Size([1, 16])
2024-03-21 03:48:24,924 Trainable parameter: net_core.4.bias - size: torch.Size([1])
2024-03-21 03:48:24,924 Number of trainable parameters: 51425
2024-03-21 03:48:24,924 Number of non-trainable parameters: 0
2024-03-21 03:50:31,123 Epoch 1/300, Train Loss: 5.379121, Val Loss: 0.967334  
	Train = MSE:5.378036 , RMSE:2.319059 , MAE:1.228724 , MAPD:6.345252, R_squared:0.906905  
	Validation = MSE:0.967334 , RMSE:0.983532 , MAE:0.738202 , MAPD:3.554028, R_squared:0.982594

2024-03-21 03:52:48,112 Epoch 2/300, Train Loss: 1.066706, Val Loss: 0.499793  
	Train = MSE:1.067039 , RMSE:1.032976 , MAE:0.751702 , MAPD:3.821162, R_squared:0.981529  
	Validation = MSE:0.499793 , RMSE:0.706961 , MAE:0.614566 , MAPD:3.294363, R_squared:0.991007

2024-03-21 03:54:42,670 Epoch 3/300, Train Loss: 0.525195, Val Loss: 0.512185  
	Train = MSE:0.525355 , RMSE:0.724814 , MAE:0.546131 , MAPD:2.808802, R_squared:0.990906  
	Validation = MSE:0.512185 , RMSE:0.715671 , MAE:0.599138 , MAPD:2.974181, R_squared:0.990784

2024-03-21 03:56:39,710 Epoch 4/300, Train Loss: 0.864263, Val Loss: 0.286459  
	Train = MSE:0.864263 , RMSE:0.929657 , MAE:0.623337 , MAPD:3.158565, R_squared:0.985039  
	Validation = MSE:0.286459 , RMSE:0.535218 , MAE:0.456005 , MAPD:2.482494, R_squared:0.994845

2024-03-21 03:58:31,098 Epoch 5/300, Train Loss: 0.292007, Val Loss: 0.126110  
	Train = MSE:0.292090 , RMSE:0.540454 , MAE:0.408830 , MAPD:2.120128, R_squared:0.994944  
	Validation = MSE:0.126110 , RMSE:0.355120 , MAE:0.252109 , MAPD:1.318451, R_squared:0.997731

2024-03-21 04:00:21,028 Epoch 6/300, Train Loss: 0.355991, Val Loss: 0.221428  
	Train = MSE:0.355703 , RMSE:0.596409 , MAE:0.453477 , MAPD:2.336867, R_squared:0.993843  
	Validation = MSE:0.221428 , RMSE:0.470561 , MAE:0.409720 , MAPD:2.280483, R_squared:0.996016

2024-03-21 04:02:30,939 Epoch 7/300, Train Loss: 0.370765, Val Loss: 0.471271  
	Train = MSE:0.370877 , RMSE:0.608997 , MAE:0.448176 , MAPD:2.279882, R_squared:0.993580  
	Validation = MSE:0.471271 , RMSE:0.686491 , MAE:0.587613 , MAPD:2.962302, R_squared:0.991520

2024-03-21 04:04:39,125 Epoch 8/300, Train Loss: 0.354254, Val Loss: 0.209808  
	Train = MSE:0.354053 , RMSE:0.595024 , MAE:0.435039 , MAPD:2.242127, R_squared:0.993871  
	Validation = MSE:0.209808 , RMSE:0.458048 , MAE:0.383727 , MAPD:2.238275, R_squared:0.996225

2024-03-21 04:06:49,707 Epoch 9/300, Train Loss: 0.266188, Val Loss: 0.227992  
	Train = MSE:0.266134 , RMSE:0.515882 , MAE:0.385336 , MAPD:1.969570, R_squared:0.995393  
	Validation = MSE:0.227993 , RMSE:0.477486 , MAE:0.426723 , MAPD:2.375686, R_squared:0.995897

2024-03-21 04:09:10,716 Epoch 10/300, Train Loss: 0.332711, Val Loss: 0.112715  
	Train = MSE:0.332807 , RMSE:0.576894 , MAE:0.410703 , MAPD:2.083188, R_squared:0.994239  
	Validation = MSE:0.112715 , RMSE:0.335730 , MAE:0.263410 , MAPD:1.382668, R_squared:0.997972

2024-03-21 04:11:28,212 Epoch 11/300, Train Loss: 0.214369, Val Loss: 0.531616  
	Train = MSE:0.214215 , RMSE:0.462834 , MAE:0.345498 , MAPD:1.769091, R_squared:0.996292  
	Validation = MSE:0.531616 , RMSE:0.729120 , MAE:0.665302 , MAPD:4.000589, R_squared:0.990434

2024-03-21 04:13:40,002 Epoch 12/300, Train Loss: 0.240364, Val Loss: 0.161949  
	Train = MSE:0.240018 , RMSE:0.489916 , MAE:0.363331 , MAPD:1.834566, R_squared:0.995845  
	Validation = MSE:0.161949 , RMSE:0.402429 , MAE:0.333130 , MAPD:2.049647, R_squared:0.997086

2024-03-21 04:15:56,952 Epoch 13/300, Train Loss: 0.203136, Val Loss: 0.238687  
	Train = MSE:0.203186 , RMSE:0.450761 , MAE:0.333915 , MAPD:1.710926, R_squared:0.996483  
	Validation = MSE:0.238687 , RMSE:0.488556 , MAE:0.421270 , MAPD:2.486589, R_squared:0.995705

2024-03-21 04:18:01,970 Epoch 14/300, Train Loss: 0.232172, Val Loss: 0.159990  
	Train = MSE:0.232171 , RMSE:0.481841 , MAE:0.367907 , MAPD:1.872245, R_squared:0.995981  
	Validation = MSE:0.159990 , RMSE:0.399987 , MAE:0.298714 , MAPD:1.522945, R_squared:0.997121

2024-03-21 04:20:06,358 Epoch 15/300, Train Loss: 0.256874, Val Loss: 0.084269  
	Train = MSE:0.256910 , RMSE:0.506863 , MAE:0.351766 , MAPD:1.795170, R_squared:0.995553  
	Validation = MSE:0.084269 , RMSE:0.290291 , MAE:0.225530 , MAPD:1.308947, R_squared:0.998484

2024-03-21 04:22:12,680 Epoch 16/300, Train Loss: 0.267734, Val Loss: 0.079852  
	Train = MSE:0.267818 , RMSE:0.517511 , MAE:0.371702 , MAPD:1.880359, R_squared:0.995364  
	Validation = MSE:0.079852 , RMSE:0.282581 , MAE:0.217919 , MAPD:1.116501, R_squared:0.998563

2024-03-21 04:24:22,300 Epoch 17/300, Train Loss: 0.198999, Val Loss: 0.078205  
	Train = MSE:0.198944 , RMSE:0.446032 , MAE:0.327983 , MAPD:1.671533, R_squared:0.996556  
	Validation = MSE:0.078205 , RMSE:0.279651 , MAE:0.214548 , MAPD:1.207210, R_squared:0.998593

2024-03-21 04:26:31,974 Epoch 18/300, Train Loss: 0.243051, Val Loss: 0.077999  
	Train = MSE:0.243097 , RMSE:0.493049 , MAE:0.347705 , MAPD:1.775128, R_squared:0.995792  
	Validation = MSE:0.077999 , RMSE:0.279284 , MAE:0.207314 , MAPD:1.076243, R_squared:0.998596

2024-03-21 04:28:35,355 Epoch 19/300, Train Loss: 0.293839, Val Loss: 0.192407  
	Train = MSE:0.293877 , RMSE:0.542104 , MAE:0.377503 , MAPD:1.890537, R_squared:0.994913  
	Validation = MSE:0.192407 , RMSE:0.438642 , MAE:0.352719 , MAPD:1.778763, R_squared:0.996538

2024-03-21 04:30:40,382 Epoch 20/300, Train Loss: 0.158733, Val Loss: 0.213020  
	Train = MSE:0.158781 , RMSE:0.398473 , MAE:0.293584 , MAPD:1.489223, R_squared:0.997251  
	Validation = MSE:0.213020 , RMSE:0.461541 , MAE:0.327334 , MAPD:1.489832, R_squared:0.996167

2024-03-21 04:32:47,541 Epoch 21/300, Train Loss: 0.193558, Val Loss: 0.105851  
	Train = MSE:0.193618 , RMSE:0.440020 , MAE:0.328661 , MAPD:1.678444, R_squared:0.996648  
	Validation = MSE:0.105851 , RMSE:0.325347 , MAE:0.261243 , MAPD:1.394942, R_squared:0.998095

2024-03-21 04:34:57,210 Epoch 22/300, Train Loss: 0.198097, Val Loss: 0.129877  
	Train = MSE:0.198157 , RMSE:0.445148 , MAE:0.318940 , MAPD:1.609804, R_squared:0.996570  
	Validation = MSE:0.129877 , RMSE:0.360385 , MAE:0.289468 , MAPD:1.551575, R_squared:0.997663

2024-03-21 04:37:00,917 Epoch 23/300, Train Loss: 0.190118, Val Loss: 0.083770  
	Train = MSE:0.190167 , RMSE:0.436082 , MAE:0.321631 , MAPD:1.654034, R_squared:0.996708  
	Validation = MSE:0.083770 , RMSE:0.289430 , MAE:0.222654 , MAPD:1.173300, R_squared:0.998493

2024-03-21 04:39:10,704 Epoch 24/300, Train Loss: 0.197879, Val Loss: 0.072749  
	Train = MSE:0.197919 , RMSE:0.444881 , MAE:0.324895 , MAPD:1.654314, R_squared:0.996574  
	Validation = MSE:0.072749 , RMSE:0.269719 , MAE:0.204500 , MAPD:1.074030, R_squared:0.998691

2024-03-21 04:41:15,768 Epoch 25/300, Train Loss: 0.214451, Val Loss: 0.057267  
	Train = MSE:0.214480 , RMSE:0.463120 , MAE:0.317018 , MAPD:1.618242, R_squared:0.996287  
	Validation = MSE:0.057267 , RMSE:0.239305 , MAE:0.176699 , MAPD:0.986760, R_squared:0.998970

2024-03-21 04:43:20,148 Epoch 26/300, Train Loss: 0.186416, Val Loss: 0.344004  
	Train = MSE:0.186401 , RMSE:0.431742 , MAE:0.300550 , MAPD:1.526326, R_squared:0.996773  
	Validation = MSE:0.344004 , RMSE:0.586518 , MAE:0.522409 , MAPD:2.756650, R_squared:0.993810

2024-03-21 04:45:30,943 Epoch 27/300, Train Loss: 0.187593, Val Loss: 0.132549  
	Train = MSE:0.187625 , RMSE:0.433156 , MAE:0.318057 , MAPD:1.637765, R_squared:0.996752  
	Validation = MSE:0.132549 , RMSE:0.364072 , MAE:0.280131 , MAPD:1.402624, R_squared:0.997615

2024-03-21 04:47:40,459 Epoch 28/300, Train Loss: 0.232111, Val Loss: 0.115981  
	Train = MSE:0.232084 , RMSE:0.481751 , MAE:0.353616 , MAPD:1.815261, R_squared:0.995983  
	Validation = MSE:0.115981 , RMSE:0.340560 , MAE:0.267247 , MAPD:1.385984, R_squared:0.997913

2024-03-21 04:49:45,486 Epoch 29/300, Train Loss: 0.297940, Val Loss: 0.063193  
	Train = MSE:0.298031 , RMSE:0.545923 , MAE:0.338580 , MAPD:1.732427, R_squared:0.994841  
	Validation = MSE:0.063193 , RMSE:0.251382 , MAE:0.184841 , MAPD:1.058408, R_squared:0.998863

2024-03-21 04:51:51,696 Epoch 30/300, Train Loss: 0.155213, Val Loss: 0.060718  
	Train = MSE:0.155235 , RMSE:0.393999 , MAE:0.280961 , MAPD:1.423064, R_squared:0.997313  
	Validation = MSE:0.060718 , RMSE:0.246411 , MAE:0.185210 , MAPD:1.091741, R_squared:0.998907

2024-03-21 04:53:56,537 Epoch 31/300, Train Loss: 0.164411, Val Loss: 0.092816  
	Train = MSE:0.164452 , RMSE:0.405527 , MAE:0.301164 , MAPD:1.525053, R_squared:0.997153  
	Validation = MSE:0.092816 , RMSE:0.304656 , MAE:0.254463 , MAPD:1.512469, R_squared:0.998330

2024-03-21 04:56:06,410 Epoch 32/300, Train Loss: 0.189443, Val Loss: 0.102801  
	Train = MSE:0.189502 , RMSE:0.435318 , MAE:0.317292 , MAPD:1.642590, R_squared:0.996720  
	Validation = MSE:0.102801 , RMSE:0.320625 , MAE:0.255811 , MAPD:1.331232, R_squared:0.998150

2024-03-21 04:58:12,400 Epoch 33/300, Train Loss: 0.176692, Val Loss: 0.108441  
	Train = MSE:0.176704 , RMSE:0.420362 , MAE:0.305704 , MAPD:1.556880, R_squared:0.996941  
	Validation = MSE:0.108441 , RMSE:0.329304 , MAE:0.250359 , MAPD:1.267964, R_squared:0.998049

2024-03-21 05:00:15,779 Epoch 34/300, Train Loss: 0.287175, Val Loss: 0.098984  
	Train = MSE:0.287264 , RMSE:0.535970 , MAE:0.352787 , MAPD:1.808318, R_squared:0.995027  
	Validation = MSE:0.098984 , RMSE:0.314617 , MAE:0.218629 , MAPD:1.167157, R_squared:0.998219

2024-03-21 05:02:25,851 Epoch 35/300, Train Loss: 0.129322, Val Loss: 0.066799  
	Train = MSE:0.129361 , RMSE:0.359669 , MAE:0.271602 , MAPD:1.425951, R_squared:0.997761  
	Validation = MSE:0.066799 , RMSE:0.258454 , MAE:0.193507 , MAPD:1.003962, R_squared:0.998798

2024-03-21 05:04:30,462 Epoch 36/300, Train Loss: 0.155763, Val Loss: 0.090904  
	Train = MSE:0.155801 , RMSE:0.394717 , MAE:0.294997 , MAPD:1.509039, R_squared:0.997303  
	Validation = MSE:0.090904 , RMSE:0.301502 , MAE:0.221697 , MAPD:1.077555, R_squared:0.998364

2024-03-21 05:06:46,708 Epoch 37/300, Train Loss: 0.203671, Val Loss: 0.274523  
	Train = MSE:0.203710 , RMSE:0.451343 , MAE:0.327921 , MAPD:1.692166, R_squared:0.996474  
	Validation = MSE:0.274523 , RMSE:0.523949 , MAE:0.358734 , MAPD:1.800926, R_squared:0.995060

2024-03-21 05:09:19,257 Epoch 38/300, Train Loss: 0.149770, Val Loss: 0.215377  
	Train = MSE:0.149789 , RMSE:0.387026 , MAE:0.287062 , MAPD:1.493034, R_squared:0.997407  
	Validation = MSE:0.215377 , RMSE:0.464088 , MAE:0.377127 , MAPD:1.792692, R_squared:0.996124

2024-03-21 05:11:46,272 Epoch 39/300, Train Loss: 0.223305, Val Loss: 0.052933  
	Train = MSE:0.223364 , RMSE:0.472614 , MAE:0.327992 , MAPD:1.695365, R_squared:0.996134  
	Validation = MSE:0.052933 , RMSE:0.230072 , MAE:0.168454 , MAPD:0.954628, R_squared:0.999048

2024-03-21 05:14:07,887 Epoch 40/300, Train Loss: 0.182029, Val Loss: 0.092809  
	Train = MSE:0.182055 , RMSE:0.426679 , MAE:0.303524 , MAPD:1.554375, R_squared:0.996849  
	Validation = MSE:0.092809 , RMSE:0.304645 , MAE:0.228114 , MAPD:1.446668, R_squared:0.998330

2024-03-21 05:15:53,920 Epoch 41/300, Train Loss: 0.164524, Val Loss: 0.070801  
	Train = MSE:0.164555 , RMSE:0.405653 , MAE:0.283113 , MAPD:1.460282, R_squared:0.997152  
	Validation = MSE:0.070801 , RMSE:0.266085 , MAE:0.199260 , MAPD:1.097909, R_squared:0.998726

2024-03-21 05:17:36,377 Epoch 42/300, Train Loss: 0.264261, Val Loss: 0.154781  
	Train = MSE:0.264297 , RMSE:0.514099 , MAE:0.308801 , MAPD:1.603273, R_squared:0.995425  
	Validation = MSE:0.154781 , RMSE:0.393422 , MAE:0.293202 , MAPD:1.451181, R_squared:0.997215

2024-03-21 05:19:12,333 Epoch 43/300, Train Loss: 0.129130, Val Loss: 0.089566  
	Train = MSE:0.129154 , RMSE:0.359380 , MAE:0.267163 , MAPD:1.370038, R_squared:0.997764  
	Validation = MSE:0.089566 , RMSE:0.299276 , MAE:0.240885 , MAPD:1.312671, R_squared:0.998388

2024-03-21 05:20:46,103 Epoch 44/300, Train Loss: 0.201080, Val Loss: 0.064511  
	Train = MSE:0.201086 , RMSE:0.448426 , MAE:0.312103 , MAPD:1.604170, R_squared:0.996519  
	Validation = MSE:0.064511 , RMSE:0.253990 , MAE:0.186541 , MAPD:0.925073, R_squared:0.998839

2024-03-21 05:22:14,356 Epoch 45/300, Train Loss: 0.163622, Val Loss: 0.052875  
	Train = MSE:0.163638 , RMSE:0.404523 , MAE:0.289561 , MAPD:1.495755, R_squared:0.997167  
	Validation = MSE:0.052875 , RMSE:0.229945 , MAE:0.167624 , MAPD:0.863901, R_squared:0.999049

2024-03-21 05:23:42,808 Epoch 46/300, Train Loss: 0.175423, Val Loss: 0.421697  
	Train = MSE:0.175470 , RMSE:0.418891 , MAE:0.299088 , MAPD:1.576772, R_squared:0.996963  
	Validation = MSE:0.421697 , RMSE:0.649382 , MAE:0.469834 , MAPD:2.286942, R_squared:0.992412

2024-03-21 05:25:01,783 Epoch 47/300, Train Loss: 0.195337, Val Loss: 0.059494  
	Train = MSE:0.195398 , RMSE:0.442039 , MAE:0.320556 , MAPD:1.651473, R_squared:0.996618  
	Validation = MSE:0.059494 , RMSE:0.243914 , MAE:0.179680 , MAPD:1.020137, R_squared:0.998929

2024-03-21 05:26:22,321 Epoch 48/300, Train Loss: 0.206215, Val Loss: 0.084110  
	Train = MSE:0.206263 , RMSE:0.454162 , MAE:0.290877 , MAPD:1.504737, R_squared:0.996430  
	Validation = MSE:0.084110 , RMSE:0.290018 , MAE:0.210960 , MAPD:1.293537, R_squared:0.998487

2024-03-21 05:27:43,204 Epoch 49/300, Train Loss: 0.128477, Val Loss: 0.105877  
	Train = MSE:0.128490 , RMSE:0.358456 , MAE:0.261284 , MAPD:1.358776, R_squared:0.997776  
	Validation = MSE:0.105877 , RMSE:0.325388 , MAE:0.247217 , MAPD:1.235418, R_squared:0.998095

2024-03-21 05:29:06,362 Epoch 50/300, Train Loss: 0.138006, Val Loss: 0.040074  
	Train = MSE:0.137983 , RMSE:0.371460 , MAE:0.271926 , MAPD:1.408214, R_squared:0.997611  
	Validation = MSE:0.040074 , RMSE:0.200184 , MAE:0.152216 , MAPD:0.851762, R_squared:0.999279

2024-03-21 05:30:35,061 Epoch 51/300, Train Loss: 0.160880, Val Loss: 0.622353  
	Train = MSE:0.160908 , RMSE:0.401134 , MAE:0.279868 , MAPD:1.442930, R_squared:0.997215  
	Validation = MSE:0.622353 , RMSE:0.788893 , MAE:0.608600 , MAPD:2.729786, R_squared:0.988801

2024-03-21 05:32:15,719 Epoch 52/300, Train Loss: 0.148016, Val Loss: 0.052325  
	Train = MSE:0.148028 , RMSE:0.384744 , MAE:0.282486 , MAPD:1.458964, R_squared:0.997438  
	Validation = MSE:0.052325 , RMSE:0.228746 , MAE:0.165409 , MAPD:0.857712, R_squared:0.999058

2024-03-21 05:33:43,578 Epoch 53/300, Train Loss: 0.133011, Val Loss: 0.051290  
	Train = MSE:0.133053 , RMSE:0.364764 , MAE:0.267296 , MAPD:1.377946, R_squared:0.997697  
	Validation = MSE:0.051290 , RMSE:0.226473 , MAE:0.159792 , MAPD:0.810811, R_squared:0.999077

2024-03-21 05:35:09,389 Epoch 54/300, Train Loss: 0.151541, Val Loss: 0.042292  
	Train = MSE:0.151588 , RMSE:0.389342 , MAE:0.280374 , MAPD:1.461405, R_squared:0.997376  
	Validation = MSE:0.042292 , RMSE:0.205650 , MAE:0.143139 , MAPD:0.816511, R_squared:0.999239

2024-03-21 05:36:33,048 Epoch 55/300, Train Loss: 0.170684, Val Loss: 0.324701  
	Train = MSE:0.170694 , RMSE:0.413151 , MAE:0.275194 , MAPD:1.409218, R_squared:0.997045  
	Validation = MSE:0.324701 , RMSE:0.569826 , MAE:0.452537 , MAPD:2.065540, R_squared:0.994157

2024-03-21 05:37:58,592 Epoch 56/300, Train Loss: 0.151893, Val Loss: 0.185348  
	Train = MSE:0.151861 , RMSE:0.389693 , MAE:0.277381 , MAPD:1.451782, R_squared:0.997371  
	Validation = MSE:0.185348 , RMSE:0.430521 , MAE:0.352015 , MAPD:1.684862, R_squared:0.996665

2024-03-21 05:39:30,708 Epoch 57/300, Train Loss: 0.136028, Val Loss: 0.142323  
	Train = MSE:0.136069 , RMSE:0.368875 , MAE:0.270876 , MAPD:1.407803, R_squared:0.997645  
	Validation = MSE:0.142323 , RMSE:0.377257 , MAE:0.268801 , MAPD:1.194888, R_squared:0.997439

2024-03-21 05:40:50,523 Epoch 58/300, Train Loss: 0.210189, Val Loss: 0.039448  
	Train = MSE:0.210252 , RMSE:0.458533 , MAE:0.316556 , MAPD:1.650339, R_squared:0.996360  
	Validation = MSE:0.039448 , RMSE:0.198616 , MAE:0.141147 , MAPD:0.780183, R_squared:0.999290

2024-03-21 05:41:56,645 Epoch 59/300, Train Loss: 0.141468, Val Loss: 0.121905  
	Train = MSE:0.141512 , RMSE:0.376181 , MAE:0.268523 , MAPD:1.363834, R_squared:0.997550  
	Validation = MSE:0.121905 , RMSE:0.349150 , MAE:0.257956 , MAPD:1.601596, R_squared:0.997806

2024-03-21 05:43:03,142 Epoch 60/300, Train Loss: 0.108767, Val Loss: 0.091780  
	Train = MSE:0.108794 , RMSE:0.329840 , MAE:0.244100 , MAPD:1.282424, R_squared:0.998117  
	Validation = MSE:0.091780 , RMSE:0.302952 , MAE:0.242773 , MAPD:1.480111, R_squared:0.998349

2024-03-21 05:44:10,485 Epoch 61/300, Train Loss: 0.118530, Val Loss: 0.522127  
	Train = MSE:0.118523 , RMSE:0.344272 , MAE:0.249628 , MAPD:1.281406, R_squared:0.997948  
	Validation = MSE:0.522127 , RMSE:0.722584 , MAE:0.599077 , MAPD:2.814171, R_squared:0.990605

2024-03-21 05:45:22,319 Epoch 62/300, Train Loss: 0.131586, Val Loss: 0.066687  
	Train = MSE:0.131615 , RMSE:0.362788 , MAE:0.262204 , MAPD:1.350788, R_squared:0.997722  
	Validation = MSE:0.066687 , RMSE:0.258238 , MAE:0.202176 , MAPD:1.244637, R_squared:0.998800

2024-03-21 05:46:31,568 Epoch 63/300, Train Loss: 0.120101, Val Loss: 0.048784  
	Train = MSE:0.120137 , RMSE:0.346607 , MAE:0.253804 , MAPD:1.337055, R_squared:0.997920  
	Validation = MSE:0.048784 , RMSE:0.220871 , MAE:0.170979 , MAPD:0.940219, R_squared:0.999122

2024-03-21 05:47:40,357 Epoch 64/300, Train Loss: 0.192218, Val Loss: 0.044420  
	Train = MSE:0.192254 , RMSE:0.438468 , MAE:0.288174 , MAPD:1.458220, R_squared:0.996672  
	Validation = MSE:0.044420 , RMSE:0.210760 , MAE:0.163995 , MAPD:0.944809, R_squared:0.999201

2024-03-21 05:48:51,712 Epoch 65/300, Train Loss: 0.114489, Val Loss: 0.046880  
	Train = MSE:0.114520 , RMSE:0.338409 , MAE:0.247123 , MAPD:1.289799, R_squared:0.998018  
	Validation = MSE:0.046880 , RMSE:0.216517 , MAE:0.154795 , MAPD:0.904049, R_squared:0.999156

2024-03-21 05:49:58,422 Epoch 66/300, Train Loss: 0.146387, Val Loss: 0.052582  
	Train = MSE:0.146412 , RMSE:0.382639 , MAE:0.277538 , MAPD:1.436348, R_squared:0.997466  
	Validation = MSE:0.052582 , RMSE:0.229308 , MAE:0.173008 , MAPD:0.891688, R_squared:0.999054

2024-03-21 05:51:07,544 Epoch 67/300, Train Loss: 0.152751, Val Loss: 0.100963  
	Train = MSE:0.152697 , RMSE:0.390765 , MAE:0.279282 , MAPD:1.466706, R_squared:0.997357  
	Validation = MSE:0.100963 , RMSE:0.317746 , MAE:0.277309 , MAPD:1.657551, R_squared:0.998183

2024-03-21 05:52:17,918 Epoch 68/300, Train Loss: 0.130982, Val Loss: 0.154496  
	Train = MSE:0.131018 , RMSE:0.361964 , MAE:0.259441 , MAPD:1.350370, R_squared:0.997732  
	Validation = MSE:0.154496 , RMSE:0.393059 , MAE:0.331494 , MAPD:1.652348, R_squared:0.997220

2024-03-21 05:53:28,725 Epoch 69/300, Train Loss: 0.115798, Val Loss: 0.065977  
	Train = MSE:0.115802 , RMSE:0.340297 , MAE:0.252910 , MAPD:1.312911, R_squared:0.997995  
	Validation = MSE:0.065977 , RMSE:0.256860 , MAE:0.199490 , MAPD:1.056132, R_squared:0.998813

2024-03-21 05:54:38,396 Epoch 70/300, Train Loss: 0.119353, Val Loss: 0.032482  
	Train = MSE:0.119362 , RMSE:0.345489 , MAE:0.247236 , MAPD:1.283369, R_squared:0.997934  
	Validation = MSE:0.032482 , RMSE:0.180229 , MAE:0.131113 , MAPD:0.738029, R_squared:0.999416

2024-03-21 05:55:51,944 Epoch 71/300, Train Loss: 0.166839, Val Loss: 0.083635  
	Train = MSE:0.166867 , RMSE:0.408494 , MAE:0.269076 , MAPD:1.377401, R_squared:0.997111  
	Validation = MSE:0.083635 , RMSE:0.289198 , MAE:0.235425 , MAPD:1.354479, R_squared:0.998495

2024-03-21 05:57:12,163 Epoch 72/300, Train Loss: 0.122965, Val Loss: 0.179979  
	Train = MSE:0.122897 , RMSE:0.350567 , MAE:0.255017 , MAPD:1.307226, R_squared:0.997873  
	Validation = MSE:0.179979 , RMSE:0.424239 , MAE:0.386152 , MAPD:2.029044, R_squared:0.996761

2024-03-21 05:58:24,294 Epoch 73/300, Train Loss: 0.107516, Val Loss: 0.028884  
	Train = MSE:0.107549 , RMSE:0.327946 , MAE:0.237915 , MAPD:1.210427, R_squared:0.998138  
	Validation = MSE:0.028884 , RMSE:0.169952 , MAE:0.120456 , MAPD:0.655837, R_squared:0.999480

2024-03-21 05:59:39,831 Epoch 74/300, Train Loss: 0.129546, Val Loss: 0.132004  
	Train = MSE:0.129489 , RMSE:0.359845 , MAE:0.258260 , MAPD:1.348236, R_squared:0.997759  
	Validation = MSE:0.132004 , RMSE:0.363324 , MAE:0.289339 , MAPD:1.750089, R_squared:0.997625

2024-03-21 06:00:50,896 Epoch 75/300, Train Loss: 0.123700, Val Loss: 0.060566  
	Train = MSE:0.123724 , RMSE:0.351745 , MAE:0.252542 , MAPD:1.300401, R_squared:0.997858  
	Validation = MSE:0.060566 , RMSE:0.246102 , MAE:0.202507 , MAPD:1.116344, R_squared:0.998910

2024-03-21 06:02:11,360 Epoch 76/300, Train Loss: 0.118130, Val Loss: 0.057943  
	Train = MSE:0.118099 , RMSE:0.343655 , MAE:0.240236 , MAPD:1.230588, R_squared:0.997956  
	Validation = MSE:0.057943 , RMSE:0.240714 , MAE:0.192462 , MAPD:1.194467, R_squared:0.998957

2024-03-21 06:03:33,763 Epoch 77/300, Train Loss: 0.116665, Val Loss: 0.086640  
	Train = MSE:0.116702 , RMSE:0.341616 , MAE:0.246859 , MAPD:1.271513, R_squared:0.997980  
	Validation = MSE:0.086640 , RMSE:0.294347 , MAE:0.235109 , MAPD:1.237225, R_squared:0.998441

2024-03-21 06:05:01,051 Epoch 78/300, Train Loss: 0.125201, Val Loss: 0.307326  
	Train = MSE:0.125183 , RMSE:0.353812 , MAE:0.252459 , MAPD:1.300318, R_squared:0.997833  
	Validation = MSE:0.307326 , RMSE:0.554369 , MAE:0.469760 , MAPD:3.011650, R_squared:0.994470

2024-03-21 06:06:39,474 Epoch 79/300, Train Loss: 0.140420, Val Loss: 0.059881  
	Train = MSE:0.140448 , RMSE:0.374764 , MAE:0.262728 , MAPD:1.347754, R_squared:0.997569  
	Validation = MSE:0.059881 , RMSE:0.244705 , MAE:0.178221 , MAPD:0.960214, R_squared:0.998923

2024-03-21 06:08:04,203 Epoch 80/300, Train Loss: 0.152357, Val Loss: 0.040632  
	Train = MSE:0.152402 , RMSE:0.390387 , MAE:0.272074 , MAPD:1.375142, R_squared:0.997362  
	Validation = MSE:0.040632 , RMSE:0.201575 , MAE:0.156510 , MAPD:0.891186, R_squared:0.999269

2024-03-21 06:09:22,592 Epoch 81/300, Train Loss: 0.174578, Val Loss: 0.196922  
	Train = MSE:0.174632 , RMSE:0.417890 , MAE:0.275169 , MAPD:1.431472, R_squared:0.996977  
	Validation = MSE:0.196922 , RMSE:0.443759 , MAE:0.353686 , MAPD:1.732528, R_squared:0.996457

2024-03-21 06:10:49,564 Epoch 82/300, Train Loss: 0.094383, Val Loss: 0.134433  
	Train = MSE:0.094363 , RMSE:0.307185 , MAE:0.226812 , MAPD:1.151322, R_squared:0.998367  
	Validation = MSE:0.134433 , RMSE:0.366651 , MAE:0.315419 , MAPD:1.735977, R_squared:0.997581

2024-03-21 06:12:11,444 Epoch 83/300, Train Loss: 0.123924, Val Loss: 0.174109  
	Train = MSE:0.123856 , RMSE:0.351932 , MAE:0.258328 , MAPD:1.327818, R_squared:0.997856  
	Validation = MSE:0.174109 , RMSE:0.417264 , MAE:0.297232 , MAPD:1.327318, R_squared:0.996867

2024-03-21 06:13:33,668 Epoch 84/300, Train Loss: 0.145732, Val Loss: 0.115633  
	Train = MSE:0.145775 , RMSE:0.381805 , MAE:0.264165 , MAPD:1.369887, R_squared:0.997477  
	Validation = MSE:0.115633 , RMSE:0.340048 , MAE:0.280064 , MAPD:1.437629, R_squared:0.997919

2024-03-21 06:14:57,220 Epoch 85/300, Train Loss: 0.186181, Val Loss: 0.051979  
	Train = MSE:0.186222 , RMSE:0.431535 , MAE:0.278752 , MAPD:1.406096, R_squared:0.996776  
	Validation = MSE:0.051979 , RMSE:0.227989 , MAE:0.177979 , MAPD:0.914682, R_squared:0.999065

2024-03-21 06:16:19,317 Epoch 86/300, Train Loss: 0.082147, Val Loss: 0.055920  
	Train = MSE:0.082172 , RMSE:0.286657 , MAE:0.210012 , MAPD:1.072009, R_squared:0.998578  
	Validation = MSE:0.055920 , RMSE:0.236475 , MAE:0.173467 , MAPD:1.042292, R_squared:0.998994

2024-03-21 06:17:40,562 Epoch 87/300, Train Loss: 0.098538, Val Loss: 0.035697  
	Train = MSE:0.098554 , RMSE:0.313933 , MAE:0.233767 , MAPD:1.204993, R_squared:0.998294  
	Validation = MSE:0.035697 , RMSE:0.188936 , MAE:0.139923 , MAPD:0.775328, R_squared:0.999358

2024-03-21 06:19:02,446 Epoch 88/300, Train Loss: 0.110147, Val Loss: 0.521952  
	Train = MSE:0.110147 , RMSE:0.331883 , MAE:0.240873 , MAPD:1.232636, R_squared:0.998093  
	Validation = MSE:0.521952 , RMSE:0.722462 , MAE:0.602893 , MAPD:2.776894, R_squared:0.990608

2024-03-21 06:20:23,338 Epoch 89/300, Train Loss: 0.140233, Val Loss: 0.076009  
	Train = MSE:0.140272 , RMSE:0.374528 , MAE:0.264171 , MAPD:1.359978, R_squared:0.997572  
	Validation = MSE:0.076009 , RMSE:0.275698 , MAE:0.226115 , MAPD:1.254754, R_squared:0.998632

2024-03-21 06:21:43,002 Epoch 90/300, Train Loss: 0.247072, Val Loss: 0.113527  
	Train = MSE:0.247129 , RMSE:0.497120 , MAE:0.300488 , MAPD:1.566106, R_squared:0.995722  
	Validation = MSE:0.113527 , RMSE:0.336937 , MAE:0.267811 , MAPD:1.561372, R_squared:0.997957

2024-03-21 06:23:05,405 Epoch 91/300, Train Loss: 0.088741, Val Loss: 0.051947  
	Train = MSE:0.088767 , RMSE:0.297938 , MAE:0.216716 , MAPD:1.086538, R_squared:0.998463  
	Validation = MSE:0.051947 , RMSE:0.227918 , MAE:0.189460 , MAPD:1.080709, R_squared:0.999065

2024-03-21 06:24:30,550 Epoch 92/300, Train Loss: 0.128616, Val Loss: 0.051493  
	Train = MSE:0.128539 , RMSE:0.358523 , MAE:0.257393 , MAPD:1.289287, R_squared:0.997775  
	Validation = MSE:0.051493 , RMSE:0.226921 , MAE:0.175780 , MAPD:0.977057, R_squared:0.999073

2024-03-21 06:25:53,419 Epoch 93/300, Train Loss: 0.127668, Val Loss: 0.116921  
	Train = MSE:0.127687 , RMSE:0.357333 , MAE:0.243855 , MAPD:1.262294, R_squared:0.997790  
	Validation = MSE:0.116921 , RMSE:0.341938 , MAE:0.260690 , MAPD:1.602776, R_squared:0.997896

2024-03-21 06:27:14,833 Epoch 94/300, Train Loss: 0.120019, Val Loss: 0.072149  
	Train = MSE:0.120017 , RMSE:0.346434 , MAE:0.237692 , MAPD:1.232134, R_squared:0.997922  
	Validation = MSE:0.072149 , RMSE:0.268606 , MAE:0.220148 , MAPD:1.223274, R_squared:0.998702

2024-03-21 06:28:25,838 Epoch 95/300, Train Loss: 0.167238, Val Loss: 0.054139  
	Train = MSE:0.167291 , RMSE:0.409012 , MAE:0.273636 , MAPD:1.425367, R_squared:0.997104  
	Validation = MSE:0.054139 , RMSE:0.232679 , MAE:0.183190 , MAPD:0.994611, R_squared:0.999026

2024-03-21 06:29:35,044 Epoch 96/300, Train Loss: 0.123816, Val Loss: 0.036153  
	Train = MSE:0.123828 , RMSE:0.351893 , MAE:0.244051 , MAPD:1.194714, R_squared:0.997857  
	Validation = MSE:0.036153 , RMSE:0.190138 , MAE:0.139598 , MAPD:0.782142, R_squared:0.999349

2024-03-21 06:30:50,999 Epoch 97/300, Train Loss: 0.084842, Val Loss: 0.062364  
	Train = MSE:0.084846 , RMSE:0.291284 , MAE:0.211580 , MAPD:1.062136, R_squared:0.998531  
	Validation = MSE:0.062364 , RMSE:0.249727 , MAE:0.190955 , MAPD:1.138413, R_squared:0.998878

2024-03-21 06:32:05,404 Epoch 98/300, Train Loss: 0.144697, Val Loss: 0.057877  
	Train = MSE:0.144729 , RMSE:0.380432 , MAE:0.265860 , MAPD:1.377775, R_squared:0.997495  
	Validation = MSE:0.057877 , RMSE:0.240577 , MAE:0.183479 , MAPD:1.085239, R_squared:0.998959

2024-03-21 06:33:19,799 Epoch 99/300, Train Loss: 0.099351, Val Loss: 0.071477  
	Train = MSE:0.099382 , RMSE:0.315248 , MAE:0.230265 , MAPD:1.148127, R_squared:0.998280  
	Validation = MSE:0.071477 , RMSE:0.267352 , MAE:0.200162 , MAPD:1.063417, R_squared:0.998714

2024-03-21 06:34:55,326 Epoch 100/300, Train Loss: 0.107971, Val Loss: 0.282742  
	Train = MSE:0.107994 , RMSE:0.328625 , MAE:0.241994 , MAPD:1.248329, R_squared:0.998131  
	Validation = MSE:0.282742 , RMSE:0.531735 , MAE:0.427249 , MAPD:2.007844, R_squared:0.994912

2024-03-21 06:36:22,136 Epoch 101/300, Train Loss: 0.172405, Val Loss: 0.061276  
	Train = MSE:0.172458 , RMSE:0.415280 , MAE:0.280553 , MAPD:1.459346, R_squared:0.997015  
	Validation = MSE:0.061276 , RMSE:0.247540 , MAE:0.184237 , MAPD:0.960384, R_squared:0.998897

2024-03-21 06:37:55,396 Epoch 102/300, Train Loss: 0.090508, Val Loss: 0.211425  
	Train = MSE:0.090500 , RMSE:0.300831 , MAE:0.218337 , MAPD:1.142080, R_squared:0.998433  
	Validation = MSE:0.211425 , RMSE:0.459809 , MAE:0.418948 , MAPD:2.202758, R_squared:0.996196

2024-03-21 06:39:18,405 Epoch 103/300, Train Loss: 0.111834, Val Loss: 0.064018  
	Train = MSE:0.111853 , RMSE:0.334445 , MAE:0.242394 , MAPD:1.263599, R_squared:0.998064  
	Validation = MSE:0.064018 , RMSE:0.253018 , MAE:0.190983 , MAPD:1.146147, R_squared:0.998848

2024-03-21 06:40:40,767 Epoch 104/300, Train Loss: 0.124117, Val Loss: 0.052651  
	Train = MSE:0.124145 , RMSE:0.352342 , MAE:0.245338 , MAPD:1.373705, R_squared:0.997851  
	Validation = MSE:0.052651 , RMSE:0.229459 , MAE:0.155584 , MAPD:0.885529, R_squared:0.999053

2024-03-21 06:41:56,686 Epoch 105/300, Train Loss: 0.123939, Val Loss: 0.050276  
	Train = MSE:0.123965 , RMSE:0.352086 , MAE:0.245700 , MAPD:1.286106, R_squared:0.997854  
	Validation = MSE:0.050276 , RMSE:0.224222 , MAE:0.181605 , MAPD:1.067186, R_squared:0.999095

2024-03-21 06:43:07,871 Epoch 106/300, Train Loss: 0.105375, Val Loss: 0.039651  
	Train = MSE:0.105356 , RMSE:0.324585 , MAE:0.235306 , MAPD:1.224789, R_squared:0.998176  
	Validation = MSE:0.039651 , RMSE:0.199126 , MAE:0.160356 , MAPD:0.900860, R_squared:0.999287

2024-03-21 06:44:11,671 Epoch 107/300, Train Loss: 0.117450, Val Loss: 0.078534  
	Train = MSE:0.117429 , RMSE:0.342679 , MAE:0.234033 , MAPD:1.179065, R_squared:0.997967  
	Validation = MSE:0.078534 , RMSE:0.280239 , MAE:0.237225 , MAPD:1.252167, R_squared:0.998587

2024-03-21 06:45:15,230 Epoch 108/300, Train Loss: 0.106320, Val Loss: 0.061909  
	Train = MSE:0.106351 , RMSE:0.326115 , MAE:0.236776 , MAPD:1.225544, R_squared:0.998159  
	Validation = MSE:0.061909 , RMSE:0.248815 , MAE:0.180268 , MAPD:0.910905, R_squared:0.998886

2024-03-21 06:46:18,528 Epoch 109/300, Train Loss: 0.109838, Val Loss: 0.274243  
	Train = MSE:0.109786 , RMSE:0.331340 , MAE:0.238555 , MAPD:1.236568, R_squared:0.998100  
	Validation = MSE:0.274243 , RMSE:0.523682 , MAE:0.413532 , MAPD:1.895662, R_squared:0.995065

2024-03-21 06:47:22,314 Epoch 110/300, Train Loss: 0.157357, Val Loss: 0.076309  
	Train = MSE:0.156988 , RMSE:0.396217 , MAE:0.264344 , MAPD:1.342805, R_squared:0.997283  
	Validation = MSE:0.076309 , RMSE:0.276242 , MAE:0.216077 , MAPD:1.203610, R_squared:0.998627

2024-03-21 06:48:25,830 Epoch 111/300, Train Loss: 0.100817, Val Loss: 0.039846  
	Train = MSE:0.100827 , RMSE:0.317532 , MAE:0.226232 , MAPD:1.167936, R_squared:0.998255  
	Validation = MSE:0.039846 , RMSE:0.199614 , MAE:0.147217 , MAPD:0.784548, R_squared:0.999283

2024-03-21 06:49:37,723 Epoch 112/300, Train Loss: 0.126819, Val Loss: 0.044486  
	Train = MSE:0.126836 , RMSE:0.356140 , MAE:0.230297 , MAPD:1.166289, R_squared:0.997804  
	Validation = MSE:0.044486 , RMSE:0.210918 , MAE:0.141797 , MAPD:0.777968, R_squared:0.999200

2024-03-21 06:50:41,748 Epoch 113/300, Train Loss: 0.113174, Val Loss: 0.127236  
	Train = MSE:0.113208 , RMSE:0.336463 , MAE:0.242701 , MAPD:1.231378, R_squared:0.998040  
	Validation = MSE:0.127237 , RMSE:0.356702 , MAE:0.274331 , MAPD:1.266052, R_squared:0.997711

2024-03-21 06:51:45,915 Epoch 114/300, Train Loss: 0.134409, Val Loss: 0.122961  
	Train = MSE:0.134302 , RMSE:0.366473 , MAE:0.248830 , MAPD:1.273772, R_squared:0.997675  
	Validation = MSE:0.122961 , RMSE:0.350658 , MAE:0.309488 , MAPD:1.744158, R_squared:0.997787

2024-03-21 06:52:49,841 Epoch 115/300, Train Loss: 0.134373, Val Loss: 0.038343  
	Train = MSE:0.134415 , RMSE:0.366627 , MAE:0.252627 , MAPD:1.301108, R_squared:0.997673  
	Validation = MSE:0.038343 , RMSE:0.195814 , MAE:0.147900 , MAPD:0.794365, R_squared:0.999310

2024-03-21 06:53:53,159 Epoch 116/300, Train Loss: 0.088282, Val Loss: 0.104225  
	Train = MSE:0.088287 , RMSE:0.297132 , MAE:0.220394 , MAPD:1.121607, R_squared:0.998472  
	Validation = MSE:0.104225 , RMSE:0.322838 , MAE:0.257309 , MAPD:1.230306, R_squared:0.998125

2024-03-21 06:54:58,054 Epoch 117/300, Train Loss: 0.117264, Val Loss: 0.042054  
	Train = MSE:0.117298 , RMSE:0.342487 , MAE:0.250503 , MAPD:1.284803, R_squared:0.997970  
	Validation = MSE:0.042054 , RMSE:0.205070 , MAE:0.151414 , MAPD:0.807386, R_squared:0.999243

2024-03-21 06:56:03,820 Epoch 118/300, Train Loss: 0.124096, Val Loss: 0.054746  
	Train = MSE:0.124130 , RMSE:0.352321 , MAE:0.253279 , MAPD:1.336134, R_squared:0.997851  
	Validation = MSE:0.054746 , RMSE:0.233978 , MAE:0.169429 , MAPD:1.005356, R_squared:0.999015

2024-03-21 06:57:07,681 Epoch 119/300, Train Loss: 0.125803, Val Loss: 0.106836  
	Train = MSE:0.125841 , RMSE:0.354740 , MAE:0.254252 , MAPD:1.310772, R_squared:0.997822  
	Validation = MSE:0.106836 , RMSE:0.326858 , MAE:0.223236 , MAPD:1.220297, R_squared:0.998078

2024-03-21 06:58:09,626 Epoch 120/300, Train Loss: 0.188104, Val Loss: 0.413383  
	Train = MSE:0.185578 , RMSE:0.430788 , MAE:0.276612 , MAPD:1.437388, R_squared:0.996788  
	Validation = MSE:0.413383 , RMSE:0.642948 , MAE:0.482854 , MAPD:2.303924, R_squared:0.992562

2024-03-21 06:59:16,541 Epoch 121/300, Train Loss: 0.081952, Val Loss: 0.076269  
	Train = MSE:0.081944 , RMSE:0.286258 , MAE:0.195337 , MAPD:1.010697, R_squared:0.998582  
	Validation = MSE:0.076269 , RMSE:0.276168 , MAE:0.200281 , MAPD:0.947033, R_squared:0.998628

2024-03-21 07:00:28,432 Epoch 122/300, Train Loss: 0.102832, Val Loss: 0.103095  
	Train = MSE:0.102861 , RMSE:0.320719 , MAE:0.230648 , MAPD:1.180359, R_squared:0.998219  
	Validation = MSE:0.103095 , RMSE:0.321085 , MAE:0.275575 , MAPD:1.713891, R_squared:0.998145

2024-03-21 07:01:33,293 Epoch 123/300, Train Loss: 0.143346, Val Loss: 0.072247  
	Train = MSE:0.143385 , RMSE:0.378663 , MAE:0.260839 , MAPD:1.331464, R_squared:0.997518  
	Validation = MSE:0.072247 , RMSE:0.268787 , MAE:0.196011 , MAPD:0.924935, R_squared:0.998700

2024-03-21 07:02:38,960 Epoch 124/300, Train Loss: 0.124464, Val Loss: 0.032032  
	Train = MSE:0.124475 , RMSE:0.352811 , MAE:0.241229 , MAPD:1.233471, R_squared:0.997845  
	Validation = MSE:0.032032 , RMSE:0.178974 , MAE:0.130776 , MAPD:0.689904, R_squared:0.999424

2024-03-21 07:03:46,012 Epoch 125/300, Train Loss: 0.093703, Val Loss: 0.081291  
	Train = MSE:0.093731 , RMSE:0.306155 , MAE:0.223989 , MAPD:1.161146, R_squared:0.998378  
	Validation = MSE:0.081291 , RMSE:0.285115 , MAE:0.199958 , MAPD:0.911252, R_squared:0.998537

2024-03-21 07:04:53,287 Epoch 126/300, Train Loss: 0.122668, Val Loss: 0.060762  
	Train = MSE:0.122669 , RMSE:0.350242 , MAE:0.245575 , MAPD:1.258585, R_squared:0.997877  
	Validation = MSE:0.060762 , RMSE:0.246499 , MAE:0.202931 , MAPD:1.148101, R_squared:0.998907

2024-03-21 07:06:00,119 Epoch 127/300, Train Loss: 0.115027, Val Loss: 0.096472  
	Train = MSE:0.115043 , RMSE:0.339180 , MAE:0.246014 , MAPD:1.269897, R_squared:0.998009  
	Validation = MSE:0.096472 , RMSE:0.310600 , MAE:0.243046 , MAPD:1.502168, R_squared:0.998264

2024-03-21 07:07:06,126 Epoch 128/300, Train Loss: 0.092338, Val Loss: 0.158139  
	Train = MSE:0.092308 , RMSE:0.303822 , MAE:0.215792 , MAPD:1.128011, R_squared:0.998402  
	Validation = MSE:0.158139 , RMSE:0.397667 , MAE:0.304466 , MAPD:1.718800, R_squared:0.997154

2024-03-21 07:08:14,282 Epoch 129/300, Train Loss: 0.182387, Val Loss: 0.115608  
	Train = MSE:0.182444 , RMSE:0.427135 , MAE:0.290796 , MAPD:1.537216, R_squared:0.996842  
	Validation = MSE:0.115608 , RMSE:0.340012 , MAE:0.267769 , MAPD:1.331638, R_squared:0.997920

2024-03-21 07:09:20,313 Epoch 130/300, Train Loss: 0.094583, Val Loss: 0.057801  
	Train = MSE:0.094576 , RMSE:0.307532 , MAE:0.220872 , MAPD:1.096145, R_squared:0.998363  
	Validation = MSE:0.057801 , RMSE:0.240419 , MAE:0.186048 , MAPD:1.131171, R_squared:0.998960

2024-03-21 07:10:25,801 Epoch 131/300, Train Loss: 0.105650, Val Loss: 0.035407  
	Train = MSE:0.105558 , RMSE:0.324897 , MAE:0.231167 , MAPD:1.176038, R_squared:0.998173  
	Validation = MSE:0.035407 , RMSE:0.188167 , MAE:0.139019 , MAPD:0.726905, R_squared:0.999363

2024-03-21 07:11:34,873 Epoch 132/300, Train Loss: 0.122068, Val Loss: 0.176786  
	Train = MSE:0.121729 , RMSE:0.348896 , MAE:0.242078 , MAPD:1.238924, R_squared:0.997893  
	Validation = MSE:0.176786 , RMSE:0.420459 , MAE:0.315087 , MAPD:2.069225, R_squared:0.996819

2024-03-21 07:12:32,309 Epoch 133/300, Train Loss: 0.141721, Val Loss: 0.042666  
	Train = MSE:0.141761 , RMSE:0.376512 , MAE:0.255658 , MAPD:1.327267, R_squared:0.997546  
	Validation = MSE:0.042666 , RMSE:0.206557 , MAE:0.154577 , MAPD:0.831950, R_squared:0.999232

2024-03-21 07:13:31,693 Epoch 134/300, Train Loss: 0.127194, Val Loss: 0.092256  
	Train = MSE:0.126799 , RMSE:0.356088 , MAE:0.243415 , MAPD:1.218898, R_squared:0.997805  
	Validation = MSE:0.092256 , RMSE:0.303737 , MAE:0.219675 , MAPD:1.120542, R_squared:0.998340

2024-03-21 07:14:27,952 Epoch 135/300, Train Loss: 0.127459, Val Loss: 0.207607  
	Train = MSE:0.127484 , RMSE:0.357049 , MAE:0.251784 , MAPD:1.357223, R_squared:0.997793  
	Validation = MSE:0.207607 , RMSE:0.455640 , MAE:0.372334 , MAPD:1.968471, R_squared:0.996264

2024-03-21 07:15:25,470 Epoch 136/300, Train Loss: 0.149140, Val Loss: 0.209176  
	Train = MSE:0.149178 , RMSE:0.386235 , MAE:0.255320 , MAPD:1.412973, R_squared:0.997418  
	Validation = MSE:0.209176 , RMSE:0.457357 , MAE:0.374621 , MAPD:1.864450, R_squared:0.996236

2024-03-21 07:16:26,167 Epoch 137/300, Train Loss: 0.126679, Val Loss: 0.046932  
	Train = MSE:0.126717 , RMSE:0.355973 , MAE:0.230466 , MAPD:1.176915, R_squared:0.997807  
	Validation = MSE:0.046932 , RMSE:0.216637 , MAE:0.169048 , MAPD:0.924740, R_squared:0.999156

2024-03-21 07:17:29,108 Epoch 138/300, Train Loss: 0.120751, Val Loss: 0.044699  
	Train = MSE:0.120788 , RMSE:0.347546 , MAE:0.238437 , MAPD:1.219342, R_squared:0.997909  
	Validation = MSE:0.044699 , RMSE:0.211422 , MAE:0.165177 , MAPD:0.957523, R_squared:0.999196

2024-03-21 07:18:32,216 Epoch 139/300, Train Loss: 0.119708, Val Loss: 0.035771  
	Train = MSE:0.119741 , RMSE:0.346036 , MAE:0.250339 , MAPD:1.273177, R_squared:0.997927  
	Validation = MSE:0.035771 , RMSE:0.189133 , MAE:0.139210 , MAPD:0.752011, R_squared:0.999356

2024-03-21 07:19:49,275 Epoch 140/300, Train Loss: 0.091672, Val Loss: 0.225380  
	Train = MSE:0.091698 , RMSE:0.302817 , MAE:0.221605 , MAPD:1.141774, R_squared:0.998413  
	Validation = MSE:0.225380 , RMSE:0.474742 , MAE:0.343436 , MAPD:1.598370, R_squared:0.995945

2024-03-21 07:20:58,182 Epoch 141/300, Train Loss: 0.171746, Val Loss: 0.093801  
	Train = MSE:0.171800 , RMSE:0.414487 , MAE:0.274876 , MAPD:1.486310, R_squared:0.997026  
	Validation = MSE:0.093801 , RMSE:0.306270 , MAE:0.228131 , MAPD:1.143520, R_squared:0.998312

2024-03-21 07:22:18,363 Epoch 142/300, Train Loss: 0.094232, Val Loss: 0.102547  
	Train = MSE:0.094259 , RMSE:0.307016 , MAE:0.222325 , MAPD:1.147676, R_squared:0.998368  
	Validation = MSE:0.102547 , RMSE:0.320230 , MAE:0.261470 , MAPD:1.440183, R_squared:0.998155

2024-03-21 07:23:28,498 Epoch 143/300, Train Loss: 0.177411, Val Loss: 0.092106  
	Train = MSE:0.177460 , RMSE:0.421261 , MAE:0.286346 , MAPD:1.531714, R_squared:0.996928  
	Validation = MSE:0.092106 , RMSE:0.303489 , MAE:0.204482 , MAPD:1.311463, R_squared:0.998343

2024-03-21 07:24:32,263 Epoch 144/300, Train Loss: 0.114061, Val Loss: 0.060283  
	Train = MSE:0.114094 , RMSE:0.337777 , MAE:0.230089 , MAPD:1.215685, R_squared:0.998025  
	Validation = MSE:0.060283 , RMSE:0.245526 , MAE:0.178602 , MAPD:0.924659, R_squared:0.998915

2024-03-21 07:25:36,340 Epoch 145/300, Train Loss: 0.139231, Val Loss: 0.065545  
	Train = MSE:0.139211 , RMSE:0.373110 , MAE:0.252797 , MAPD:1.321988, R_squared:0.997590  
	Validation = MSE:0.065545 , RMSE:0.256018 , MAE:0.193534 , MAPD:1.114096, R_squared:0.998821

2024-03-21 07:26:40,459 Epoch 146/300, Train Loss: 0.109572, Val Loss: 0.055366  
	Train = MSE:0.109603 , RMSE:0.331064 , MAE:0.227583 , MAPD:1.118873, R_squared:0.998103  
	Validation = MSE:0.055366 , RMSE:0.235299 , MAE:0.187717 , MAPD:0.967831, R_squared:0.999004

2024-03-21 07:27:53,900 Epoch 147/300, Train Loss: 0.116291, Val Loss: 0.156991  
	Train = MSE:0.116287 , RMSE:0.341009 , MAE:0.249313 , MAPD:1.229874, R_squared:0.997987  
	Validation = MSE:0.156991 , RMSE:0.396221 , MAE:0.328959 , MAPD:1.616708, R_squared:0.997175

2024-03-21 07:29:03,564 Epoch 148/300, Train Loss: 0.156210, Val Loss: 0.154099  
	Train = MSE:0.156246 , RMSE:0.395280 , MAE:0.243916 , MAPD:1.228490, R_squared:0.997295  
	Validation = MSE:0.154099 , RMSE:0.392555 , MAE:0.274557 , MAPD:1.277941, R_squared:0.997227

2024-03-21 07:30:10,820 Epoch 149/300, Train Loss: 0.075137, Val Loss: 0.065723  
	Train = MSE:0.075121 , RMSE:0.274082 , MAE:0.197772 , MAPD:1.019986, R_squared:0.998700  
	Validation = MSE:0.065723 , RMSE:0.256365 , MAE:0.208865 , MAPD:1.158067, R_squared:0.998817

2024-03-21 07:31:18,100 Epoch 150/300, Train Loss: 0.111813, Val Loss: 0.280774  
	Train = MSE:0.111820 , RMSE:0.334395 , MAE:0.237425 , MAPD:1.220342, R_squared:0.998064  
	Validation = MSE:0.280774 , RMSE:0.529881 , MAE:0.459288 , MAPD:2.475947, R_squared:0.994948

2024-03-21 07:32:26,365 Epoch 151/300, Train Loss: 0.121573, Val Loss: 0.110350  
	Train = MSE:0.121611 , RMSE:0.348728 , MAE:0.247678 , MAPD:1.258656, R_squared:0.997895  
	Validation = MSE:0.110350 , RMSE:0.332190 , MAE:0.272849 , MAPD:1.409191, R_squared:0.998014

2024-03-21 07:33:41,158 Epoch 152/300, Train Loss: 0.140885, Val Loss: 0.268777  
	Train = MSE:0.140914 , RMSE:0.375385 , MAE:0.254493 , MAPD:1.368972, R_squared:0.997561  
	Validation = MSE:0.268777 , RMSE:0.518437 , MAE:0.468047 , MAPD:2.484738, R_squared:0.995164

2024-03-21 07:34:55,001 Epoch 153/300, Train Loss: 0.106814, Val Loss: 0.067051  
	Train = MSE:0.106775 , RMSE:0.326764 , MAE:0.225049 , MAPD:1.132662, R_squared:0.998152  
	Validation = MSE:0.067051 , RMSE:0.258942 , MAE:0.214794 , MAPD:1.311305, R_squared:0.998793

2024-03-21 07:36:13,944 Epoch 154/300, Train Loss: 0.080260, Val Loss: 0.041924  
	Train = MSE:0.080156 , RMSE:0.283118 , MAE:0.208848 , MAPD:1.069151, R_squared:0.998612  
	Validation = MSE:0.041924 , RMSE:0.204755 , MAE:0.152975 , MAPD:0.878289, R_squared:0.999246

2024-03-21 07:37:19,990 Epoch 155/300, Train Loss: 0.104492, Val Loss: 0.045607  
	Train = MSE:0.104523 , RMSE:0.323300 , MAE:0.227360 , MAPD:1.161223, R_squared:0.998191  
	Validation = MSE:0.045607 , RMSE:0.213559 , MAE:0.168405 , MAPD:0.912324, R_squared:0.999179

2024-03-21 07:38:21,994 Epoch 156/300, Train Loss: 0.109314, Val Loss: 0.049664  
	Train = MSE:0.109333 , RMSE:0.330656 , MAE:0.233422 , MAPD:1.200040, R_squared:0.998107  
	Validation = MSE:0.049664 , RMSE:0.222855 , MAE:0.156017 , MAPD:0.837809, R_squared:0.999106

2024-03-21 07:39:11,863 Epoch 157/300, Train Loss: 0.121087, Val Loss: 0.081266  
	Train = MSE:0.121125 , RMSE:0.348030 , MAE:0.242982 , MAPD:1.230657, R_squared:0.997903  
	Validation = MSE:0.081266 , RMSE:0.285072 , MAE:0.227658 , MAPD:1.193180, R_squared:0.998538

2024-03-21 07:39:55,779 Epoch 158/300, Train Loss: 0.076926, Val Loss: 0.032503  
	Train = MSE:0.076939 , RMSE:0.277379 , MAE:0.203089 , MAPD:1.041108, R_squared:0.998668  
	Validation = MSE:0.032503 , RMSE:0.180286 , MAE:0.127301 , MAPD:0.673405, R_squared:0.999415

2024-03-21 07:40:36,518 Epoch 159/300, Train Loss: 0.145885, Val Loss: 0.058715  
	Train = MSE:0.145926 , RMSE:0.382003 , MAE:0.258833 , MAPD:1.377282, R_squared:0.997474  
	Validation = MSE:0.058715 , RMSE:0.242311 , MAE:0.166898 , MAPD:0.940770, R_squared:0.998943

2024-03-21 07:41:16,659 Epoch 160/300, Train Loss: 0.118410, Val Loss: 0.051447  
	Train = MSE:0.118434 , RMSE:0.344143 , MAE:0.244519 , MAPD:1.198529, R_squared:0.997950  
	Validation = MSE:0.051447 , RMSE:0.226819 , MAE:0.172881 , MAPD:0.999487, R_squared:0.999074

2024-03-21 07:41:57,382 Epoch 161/300, Train Loss: 0.104756, Val Loss: 0.044773  
	Train = MSE:0.104786 , RMSE:0.323706 , MAE:0.224368 , MAPD:1.108445, R_squared:0.998186  
	Validation = MSE:0.044773 , RMSE:0.211596 , MAE:0.152069 , MAPD:0.802593, R_squared:0.999194

2024-03-21 07:42:40,606 Epoch 162/300, Train Loss: 0.078116, Val Loss: 0.048118  
	Train = MSE:0.078140 , RMSE:0.279535 , MAE:0.207689 , MAPD:1.062847, R_squared:0.998647  
	Validation = MSE:0.048118 , RMSE:0.219358 , MAE:0.160694 , MAPD:0.817109, R_squared:0.999134

2024-03-21 07:43:18,014 Epoch 163/300, Train Loss: 0.095437, Val Loss: 0.051354  
	Train = MSE:0.095463 , RMSE:0.308971 , MAE:0.222104 , MAPD:1.138853, R_squared:0.998348  
	Validation = MSE:0.051354 , RMSE:0.226613 , MAE:0.163333 , MAPD:1.003429, R_squared:0.999076

2024-03-21 07:43:57,946 Epoch 164/300, Train Loss: 0.134489, Val Loss: 0.075332  
	Train = MSE:0.134531 , RMSE:0.366785 , MAE:0.250128 , MAPD:1.260307, R_squared:0.997671  
	Validation = MSE:0.075332 , RMSE:0.274467 , MAE:0.226946 , MAPD:1.189083, R_squared:0.998644

2024-03-21 07:44:33,799 Epoch 165/300, Train Loss: 0.178472, Val Loss: 0.090267  
	Train = MSE:0.178517 , RMSE:0.422513 , MAE:0.269430 , MAPD:1.373110, R_squared:0.996910  
	Validation = MSE:0.090267 , RMSE:0.300445 , MAE:0.232173 , MAPD:1.142767, R_squared:0.998376

2024-03-21 07:45:09,069 Epoch 166/300, Train Loss: 0.120355, Val Loss: 0.076717  
	Train = MSE:0.120367 , RMSE:0.346940 , MAE:0.237144 , MAPD:1.215132, R_squared:0.997916  
	Validation = MSE:0.076717 , RMSE:0.276979 , MAE:0.215876 , MAPD:1.082406, R_squared:0.998620

2024-03-21 07:45:44,133 Epoch 167/300, Train Loss: 0.079459, Val Loss: 0.044324  
	Train = MSE:0.079484 , RMSE:0.281929 , MAE:0.202469 , MAPD:1.048927, R_squared:0.998624  
	Validation = MSE:0.044324 , RMSE:0.210533 , MAE:0.143528 , MAPD:0.765017, R_squared:0.999202

2024-03-21 07:46:18,846 Epoch 168/300, Train Loss: 0.121730, Val Loss: 0.066516  
	Train = MSE:0.121711 , RMSE:0.348872 , MAE:0.236110 , MAPD:1.212444, R_squared:0.997893  
	Validation = MSE:0.066516 , RMSE:0.257908 , MAE:0.176904 , MAPD:0.973192, R_squared:0.998803

2024-03-21 07:46:54,482 Epoch 169/300, Train Loss: 0.136061, Val Loss: 0.046587  
	Train = MSE:0.136103 , RMSE:0.368921 , MAE:0.256169 , MAPD:1.367580, R_squared:0.997644  
	Validation = MSE:0.046587 , RMSE:0.215839 , MAE:0.156581 , MAPD:0.814659, R_squared:0.999162

2024-03-21 07:47:32,481 Epoch 170/300, Train Loss: 0.101029, Val Loss: 0.031480  
	Train = MSE:0.101050 , RMSE:0.317883 , MAE:0.218953 , MAPD:1.114364, R_squared:0.998251  
	Validation = MSE:0.031480 , RMSE:0.177427 , MAE:0.132427 , MAPD:0.739915, R_squared:0.999434

2024-03-21 07:48:07,797 Epoch 171/300, Train Loss: 0.093781, Val Loss: 0.035512  
	Train = MSE:0.093807 , RMSE:0.306279 , MAE:0.221957 , MAPD:1.139968, R_squared:0.998376  
	Validation = MSE:0.035512 , RMSE:0.188447 , MAE:0.138504 , MAPD:0.739500, R_squared:0.999361

2024-03-21 07:48:53,611 Epoch 172/300, Train Loss: 0.109558, Val Loss: 0.123208  
	Train = MSE:0.109557 , RMSE:0.330993 , MAE:0.234641 , MAPD:1.206546, R_squared:0.998104  
	Validation = MSE:0.123208 , RMSE:0.351010 , MAE:0.302451 , MAPD:1.673381, R_squared:0.997783

2024-03-21 07:49:29,854 Epoch 173/300, Train Loss: 0.210283, Val Loss: 0.191832  
	Train = MSE:0.210167 , RMSE:0.458440 , MAE:0.296256 , MAPD:1.651392, R_squared:0.996362  
	Validation = MSE:0.191832 , RMSE:0.437987 , MAE:0.258000 , MAPD:1.778878, R_squared:0.996548

2024-03-21 07:50:06,742 Epoch 174/300, Train Loss: 0.209666, Val Loss: 0.074668  
	Train = MSE:0.209589 , RMSE:0.457809 , MAE:0.296468 , MAPD:1.637956, R_squared:0.996372  
	Validation = MSE:0.074668 , RMSE:0.273255 , MAE:0.204531 , MAPD:1.015669, R_squared:0.998656

2024-03-21 07:50:44,100 Epoch 175/300, Train Loss: 0.084123, Val Loss: 0.043742  
	Train = MSE:0.084149 , RMSE:0.290085 , MAE:0.211637 , MAPD:1.086439, R_squared:0.998543  
	Validation = MSE:0.043742 , RMSE:0.209146 , MAE:0.153456 , MAPD:0.794294, R_squared:0.999213

2024-03-21 07:51:19,017 Epoch 176/300, Train Loss: 0.109062, Val Loss: 0.249437  
	Train = MSE:0.108881 , RMSE:0.329972 , MAE:0.231304 , MAPD:1.208278, R_squared:0.998115  
	Validation = MSE:0.249437 , RMSE:0.499437 , MAE:0.449070 , MAPD:2.570925, R_squared:0.995512

2024-03-21 07:51:55,920 Epoch 177/300, Train Loss: 0.245704, Val Loss: 0.064903  
	Train = MSE:0.245726 , RMSE:0.495708 , MAE:0.300209 , MAPD:1.547105, R_squared:0.995746  
	Validation = MSE:0.064903 , RMSE:0.254761 , MAE:0.200057 , MAPD:1.126945, R_squared:0.998832

2024-03-21 07:52:31,675 Epoch 178/300, Train Loss: 0.084162, Val Loss: 0.109750  
	Train = MSE:0.084163 , RMSE:0.290108 , MAE:0.202503 , MAPD:1.016040, R_squared:0.998543  
	Validation = MSE:0.109750 , RMSE:0.331285 , MAE:0.280323 , MAPD:1.426003, R_squared:0.998025

2024-03-21 07:53:07,932 Epoch 179/300, Train Loss: 0.134511, Val Loss: 0.128024  
	Train = MSE:0.134433 , RMSE:0.366651 , MAE:0.256969 , MAPD:1.304862, R_squared:0.997673  
	Validation = MSE:0.128024 , RMSE:0.357805 , MAE:0.270200 , MAPD:1.294327, R_squared:0.997696

2024-03-21 07:53:45,289 Epoch 180/300, Train Loss: 0.082174, Val Loss: 0.206525  
	Train = MSE:0.082092 , RMSE:0.286516 , MAE:0.208046 , MAPD:1.062412, R_squared:0.998579  
	Validation = MSE:0.206525 , RMSE:0.454450 , MAE:0.424647 , MAPD:2.356238, R_squared:0.996284

2024-03-21 07:54:21,734 Epoch 181/300, Train Loss: 0.131587, Val Loss: 0.042365  
	Train = MSE:0.131619 , RMSE:0.362793 , MAE:0.248995 , MAPD:1.257214, R_squared:0.997722  
	Validation = MSE:0.042365 , RMSE:0.205828 , MAE:0.150773 , MAPD:0.817649, R_squared:0.999238

2024-03-21 07:55:04,602 Epoch 182/300, Train Loss: 0.082712, Val Loss: 0.038870  
	Train = MSE:0.082717 , RMSE:0.287606 , MAE:0.211696 , MAPD:1.086420, R_squared:0.998568  
	Validation = MSE:0.038870 , RMSE:0.197155 , MAE:0.143819 , MAPD:0.763522, R_squared:0.999301

2024-03-21 07:55:40,997 Epoch 183/300, Train Loss: 0.116240, Val Loss: 0.142446  
	Train = MSE:0.116248 , RMSE:0.340952 , MAE:0.246042 , MAPD:1.244728, R_squared:0.997988  
	Validation = MSE:0.142446 , RMSE:0.377421 , MAE:0.340187 , MAPD:1.836578, R_squared:0.997437

2024-03-21 07:56:16,939 Epoch 184/300, Train Loss: 0.151694, Val Loss: 0.066433  
	Train = MSE:0.151741 , RMSE:0.389540 , MAE:0.263384 , MAPD:1.379087, R_squared:0.997373  
	Validation = MSE:0.066433 , RMSE:0.257746 , MAE:0.215902 , MAPD:1.149724, R_squared:0.998805

2024-03-21 07:56:53,603 Epoch 185/300, Train Loss: 0.134897, Val Loss: 0.049358  
	Train = MSE:0.134922 , RMSE:0.367317 , MAE:0.248256 , MAPD:1.206420, R_squared:0.997664  
	Validation = MSE:0.049358 , RMSE:0.222166 , MAE:0.170288 , MAPD:0.897133, R_squared:0.999112

2024-03-21 07:57:26,697 Epoch 186/300, Train Loss: 0.207154, Val Loss: 0.315267  
	Train = MSE:0.207201 , RMSE:0.455193 , MAE:0.289754 , MAPD:1.460369, R_squared:0.996413  
	Validation = MSE:0.315267 , RMSE:0.561487 , MAE:0.484677 , MAPD:2.383452, R_squared:0.994327

2024-03-21 07:57:57,477 Epoch 187/300, Train Loss: 0.089533, Val Loss: 0.046321  
	Train = MSE:0.089558 , RMSE:0.299262 , MAE:0.210089 , MAPD:1.033615, R_squared:0.998450  
	Validation = MSE:0.046321 , RMSE:0.215222 , MAE:0.167472 , MAPD:0.864231, R_squared:0.999167

2024-03-21 07:58:28,688 Epoch 188/300, Train Loss: 0.114542, Val Loss: 0.048334  
	Train = MSE:0.114574 , RMSE:0.338488 , MAE:0.219290 , MAPD:1.094667, R_squared:0.998017  
	Validation = MSE:0.048334 , RMSE:0.219851 , MAE:0.173333 , MAPD:0.922151, R_squared:0.999130

2024-03-21 07:58:57,783 Epoch 189/300, Train Loss: 0.106099, Val Loss: 0.043081  
	Train = MSE:0.106090 , RMSE:0.325715 , MAE:0.223239 , MAPD:1.146869, R_squared:0.998164  
	Validation = MSE:0.043081 , RMSE:0.207560 , MAE:0.152129 , MAPD:0.893043, R_squared:0.999225

2024-03-21 07:59:29,305 Epoch 190/300, Train Loss: 0.159740, Val Loss: 0.034961  
	Train = MSE:0.159784 , RMSE:0.399730 , MAE:0.260883 , MAPD:1.391291, R_squared:0.997234  
	Validation = MSE:0.034961 , RMSE:0.186978 , MAE:0.133333 , MAPD:0.703129, R_squared:0.999371

2024-03-21 07:59:57,976 Epoch 191/300, Train Loss: 0.092691, Val Loss: 0.050791  
	Train = MSE:0.092720 , RMSE:0.304499 , MAE:0.210971 , MAPD:1.046202, R_squared:0.998395  
	Validation = MSE:0.050791 , RMSE:0.225369 , MAE:0.167905 , MAPD:0.965447, R_squared:0.999086

2024-03-21 08:00:33,691 Epoch 192/300, Train Loss: 0.114550, Val Loss: 0.038835  
	Train = MSE:0.114585 , RMSE:0.338504 , MAE:0.230187 , MAPD:1.167454, R_squared:0.998017  
	Validation = MSE:0.038835 , RMSE:0.197067 , MAE:0.143656 , MAPD:0.771198, R_squared:0.999301

2024-03-21 08:01:00,337 Epoch 193/300, Train Loss: 0.107305, Val Loss: 0.095464  
	Train = MSE:0.107286 , RMSE:0.327546 , MAE:0.222072 , MAPD:1.108443, R_squared:0.998143  
	Validation = MSE:0.095464 , RMSE:0.308972 , MAE:0.255891 , MAPD:1.301767, R_squared:0.998282

2024-03-21 08:01:28,334 Epoch 194/300, Train Loss: 0.138926, Val Loss: 0.065109  
	Train = MSE:0.138969 , RMSE:0.372786 , MAE:0.239329 , MAPD:1.196446, R_squared:0.997594  
	Validation = MSE:0.065109 , RMSE:0.255164 , MAE:0.183344 , MAPD:0.893880, R_squared:0.998828

2024-03-21 08:01:54,983 Epoch 195/300, Train Loss: 0.102566, Val Loss: 0.050268  
	Train = MSE:0.102589 , RMSE:0.320295 , MAE:0.232406 , MAPD:1.185953, R_squared:0.998224  
	Validation = MSE:0.050268 , RMSE:0.224204 , MAE:0.174235 , MAPD:0.971040, R_squared:0.999095

2024-03-21 08:02:21,734 Epoch 196/300, Train Loss: 0.101730, Val Loss: 0.043844  
	Train = MSE:0.101760 , RMSE:0.318998 , MAE:0.231378 , MAPD:1.178527, R_squared:0.998239  
	Validation = MSE:0.043844 , RMSE:0.209389 , MAE:0.159046 , MAPD:0.827176, R_squared:0.999211

2024-03-21 08:02:48,440 Epoch 197/300, Train Loss: 0.100851, Val Loss: 0.031663  
	Train = MSE:0.100812 , RMSE:0.317510 , MAE:0.218530 , MAPD:1.125077, R_squared:0.998255  
	Validation = MSE:0.031663 , RMSE:0.177941 , MAE:0.133920 , MAPD:0.708457, R_squared:0.999430

2024-03-21 08:03:15,509 Epoch 198/300, Train Loss: 0.184936, Val Loss: 0.054390  
	Train = MSE:0.184978 , RMSE:0.430091 , MAE:0.291661 , MAPD:1.551146, R_squared:0.996798  
	Validation = MSE:0.054390 , RMSE:0.233217 , MAE:0.178600 , MAPD:0.969768, R_squared:0.999021

2024-03-21 08:03:43,034 Epoch 199/300, Train Loss: 0.100561, Val Loss: 0.036707  
	Train = MSE:0.100566 , RMSE:0.317121 , MAE:0.219870 , MAPD:1.106151, R_squared:0.998259  
	Validation = MSE:0.036707 , RMSE:0.191590 , MAE:0.140663 , MAPD:0.769235, R_squared:0.999339

2024-03-21 08:04:09,811 Epoch 200/300, Train Loss: 0.088386, Val Loss: 0.231511  
	Train = MSE:0.088294 , RMSE:0.297143 , MAE:0.214687 , MAPD:1.094154, R_squared:0.998472  
	Validation = MSE:0.231511 , RMSE:0.481156 , MAE:0.440894 , MAPD:2.304147, R_squared:0.995834

2024-03-21 08:04:35,240 Epoch 201/300, Train Loss: 0.113084, Val Loss: 0.034395  
	Train = MSE:0.113119 , RMSE:0.336332 , MAE:0.227351 , MAPD:1.150540, R_squared:0.998042  
	Validation = MSE:0.034395 , RMSE:0.185458 , MAE:0.141214 , MAPD:0.774828, R_squared:0.999381

2024-03-21 08:05:06,105 Epoch 202/300, Train Loss: 0.121674, Val Loss: 0.240432  
	Train = MSE:0.121633 , RMSE:0.348760 , MAE:0.252226 , MAPD:1.281201, R_squared:0.997895  
	Validation = MSE:0.240432 , RMSE:0.490338 , MAE:0.438346 , MAPD:2.235978, R_squared:0.995674

2024-03-21 08:05:31,307 Epoch 203/300, Train Loss: 0.129657, Val Loss: 0.071924  
	Train = MSE:0.129669 , RMSE:0.360096 , MAE:0.225306 , MAPD:1.148485, R_squared:0.997755  
	Validation = MSE:0.071924 , RMSE:0.268187 , MAE:0.195817 , MAPD:0.955122, R_squared:0.998706

2024-03-21 08:05:56,837 Epoch 204/300, Train Loss: 0.092722, Val Loss: 0.087313  
	Train = MSE:0.092653 , RMSE:0.304390 , MAE:0.216358 , MAPD:1.096703, R_squared:0.998396  
	Validation = MSE:0.087313 , RMSE:0.295487 , MAE:0.220900 , MAPD:1.093375, R_squared:0.998429

2024-03-21 08:06:22,259 Epoch 205/300, Train Loss: 0.110015, Val Loss: 0.045509  
	Train = MSE:0.110049 , RMSE:0.331737 , MAE:0.242188 , MAPD:1.246394, R_squared:0.998095  
	Validation = MSE:0.045509 , RMSE:0.213328 , MAE:0.149191 , MAPD:0.735366, R_squared:0.999181

2024-03-21 08:06:47,939 Epoch 206/300, Train Loss: 0.204683, Val Loss: 0.036006  
	Train = MSE:0.204592 , RMSE:0.452318 , MAE:0.274618 , MAPD:1.432350, R_squared:0.996458  
	Validation = MSE:0.036006 , RMSE:0.189753 , MAE:0.134253 , MAPD:0.719150, R_squared:0.999352

2024-03-21 08:07:13,181 Epoch 207/300, Train Loss: 0.089309, Val Loss: 0.034207  
	Train = MSE:0.089337 , RMSE:0.298892 , MAE:0.206770 , MAPD:1.029436, R_squared:0.998454  
	Validation = MSE:0.034207 , RMSE:0.184952 , MAE:0.142004 , MAPD:0.748348, R_squared:0.999384

2024-03-21 08:07:38,394 Epoch 208/300, Train Loss: 0.103153, Val Loss: 0.029492  
	Train = MSE:0.103185 , RMSE:0.321225 , MAE:0.227516 , MAPD:1.139966, R_squared:0.998214  
	Validation = MSE:0.029492 , RMSE:0.171733 , MAE:0.121226 , MAPD:0.654321, R_squared:0.999469

2024-03-21 08:08:04,965 Epoch 209/300, Train Loss: 0.172283, Val Loss: 0.094904  
	Train = MSE:0.172334 , RMSE:0.415131 , MAE:0.276644 , MAPD:1.402486, R_squared:0.997017  
	Validation = MSE:0.094904 , RMSE:0.308065 , MAE:0.226483 , MAPD:1.328346, R_squared:0.998292

2024-03-21 08:08:31,502 Epoch 210/300, Train Loss: 0.126005, Val Loss: 0.122539  
	Train = MSE:0.126043 , RMSE:0.355025 , MAE:0.235598 , MAPD:1.191435, R_squared:0.997818  
	Validation = MSE:0.122539 , RMSE:0.350056 , MAE:0.296681 , MAPD:1.678577, R_squared:0.997795

2024-03-21 08:08:57,902 Epoch 211/300, Train Loss: 0.079887, Val Loss: 0.261640  
	Train = MSE:0.079902 , RMSE:0.282670 , MAE:0.201721 , MAPD:1.008942, R_squared:0.998617  
	Validation = MSE:0.261640 , RMSE:0.511508 , MAE:0.426086 , MAPD:2.232290, R_squared:0.995292

2024-03-21 08:09:33,355 Epoch 212/300, Train Loss: 0.096739, Val Loss: 0.059772  
	Train = MSE:0.096769 , RMSE:0.311077 , MAE:0.227048 , MAPD:1.151997, R_squared:0.998325  
	Validation = MSE:0.059772 , RMSE:0.244484 , MAE:0.175874 , MAPD:1.029888, R_squared:0.998924

2024-03-21 08:09:58,200 Epoch 213/300, Train Loss: 0.094114, Val Loss: 0.040864  
	Train = MSE:0.094143 , RMSE:0.306827 , MAE:0.220294 , MAPD:1.121831, R_squared:0.998370  
	Validation = MSE:0.040864 , RMSE:0.202149 , MAE:0.138023 , MAPD:0.771441, R_squared:0.999265

2024-03-21 08:10:23,314 Epoch 214/300, Train Loss: 0.307430, Val Loss: 0.210527  
	Train = MSE:0.307389 , RMSE:0.554427 , MAE:0.371320 , MAPD:2.143993, R_squared:0.994679  
	Validation = MSE:0.210527 , RMSE:0.458833 , MAE:0.357629 , MAPD:2.116813, R_squared:0.996212

2024-03-21 08:10:48,589 Epoch 215/300, Train Loss: 0.262066, Val Loss: 0.136648  
	Train = MSE:0.262148 , RMSE:0.512004 , MAE:0.335692 , MAPD:1.853373, R_squared:0.995462  
	Validation = MSE:0.136648 , RMSE:0.369659 , MAE:0.293849 , MAPD:1.516151, R_squared:0.997541

2024-03-21 08:11:14,180 Epoch 216/300, Train Loss: 0.089387, Val Loss: 0.072952  
	Train = MSE:0.089413 , RMSE:0.299021 , MAE:0.220850 , MAPD:1.142098, R_squared:0.998452  
	Validation = MSE:0.072952 , RMSE:0.270096 , MAE:0.227038 , MAPD:1.252527, R_squared:0.998687

2024-03-21 08:11:37,965 Epoch 217/300, Train Loss: 0.109074, Val Loss: 0.064354  
	Train = MSE:0.109105 , RMSE:0.330311 , MAE:0.238305 , MAPD:1.204325, R_squared:0.998111  
	Validation = MSE:0.064354 , RMSE:0.253680 , MAE:0.209480 , MAPD:1.151139, R_squared:0.998842

2024-03-21 08:11:58,167 Epoch 218/300, Train Loss: 0.106401, Val Loss: 0.061652  
	Train = MSE:0.106369 , RMSE:0.326142 , MAE:0.244160 , MAPD:1.261711, R_squared:0.998159  
	Validation = MSE:0.061652 , RMSE:0.248298 , MAE:0.197107 , MAPD:1.188852, R_squared:0.998891

2024-03-21 08:12:18,288 Epoch 219/300, Train Loss: 0.130598, Val Loss: 0.043626  
	Train = MSE:0.130615 , RMSE:0.361407 , MAE:0.257881 , MAPD:1.330050, R_squared:0.997739  
	Validation = MSE:0.043626 , RMSE:0.208869 , MAE:0.161448 , MAPD:0.921190, R_squared:0.999215

2024-03-21 08:12:37,949 Epoch 220/300, Train Loss: 0.109223, Val Loss: 0.114005  
	Train = MSE:0.109255 , RMSE:0.330538 , MAE:0.230900 , MAPD:1.166464, R_squared:0.998109  
	Validation = MSE:0.114005 , RMSE:0.337646 , MAE:0.261096 , MAPD:1.303070, R_squared:0.997949

2024-03-21 08:12:58,149 Epoch 221/300, Train Loss: 0.102326, Val Loss: 0.171328  
	Train = MSE:0.102237 , RMSE:0.319746 , MAE:0.227131 , MAPD:1.157226, R_squared:0.998230  
	Validation = MSE:0.171328 , RMSE:0.413918 , MAE:0.334166 , MAPD:2.041203, R_squared:0.996917

2024-03-21 08:13:23,470 Epoch 222/300, Train Loss: 0.102179, Val Loss: 0.050205  
	Train = MSE:0.102211 , RMSE:0.319704 , MAE:0.233906 , MAPD:1.209842, R_squared:0.998231  
	Validation = MSE:0.050205 , RMSE:0.224065 , MAE:0.171610 , MAPD:0.933313, R_squared:0.999097

2024-03-21 08:13:42,871 Epoch 223/300, Train Loss: 0.154918, Val Loss: 0.070814  
	Train = MSE:0.154966 , RMSE:0.393658 , MAE:0.263609 , MAPD:1.354053, R_squared:0.997318  
	Validation = MSE:0.070814 , RMSE:0.266109 , MAE:0.214163 , MAPD:1.265391, R_squared:0.998726

2024-03-21 08:14:02,786 Epoch 224/300, Train Loss: 0.102540, Val Loss: 0.089481  
	Train = MSE:0.102571 , RMSE:0.320267 , MAE:0.230803 , MAPD:1.187879, R_squared:0.998224  
	Validation = MSE:0.089481 , RMSE:0.299134 , MAE:0.243226 , MAPD:1.297028, R_squared:0.998390

2024-03-21 08:14:22,089 Epoch 225/300, Train Loss: 0.103559, Val Loss: 0.052445  
	Train = MSE:0.103587 , RMSE:0.321850 , MAE:0.234826 , MAPD:1.195519, R_squared:0.998207  
	Validation = MSE:0.052445 , RMSE:0.229010 , MAE:0.174390 , MAPD:1.031399, R_squared:0.999056

2024-03-21 08:14:41,515 Epoch 226/300, Train Loss: 0.121999, Val Loss: 0.118414  
	Train = MSE:0.121900 , RMSE:0.349142 , MAE:0.248651 , MAPD:1.251712, R_squared:0.997890  
	Validation = MSE:0.118414 , RMSE:0.344113 , MAE:0.296288 , MAPD:1.738638, R_squared:0.997869

2024-03-21 08:14:59,937 Epoch 227/300, Train Loss: 0.139303, Val Loss: 0.049546  
	Train = MSE:0.139327 , RMSE:0.373265 , MAE:0.259993 , MAPD:1.305703, R_squared:0.997588  
	Validation = MSE:0.049546 , RMSE:0.222590 , MAE:0.173297 , MAPD:0.996610, R_squared:0.999108

2024-03-21 08:15:18,038 Epoch 228/300, Train Loss: 0.096477, Val Loss: 0.056994  
	Train = MSE:0.096504 , RMSE:0.310651 , MAE:0.227835 , MAPD:1.165831, R_squared:0.998330  
	Validation = MSE:0.056994 , RMSE:0.238735 , MAE:0.183186 , MAPD:1.065600, R_squared:0.998974

2024-03-21 08:15:34,930 Epoch 229/300, Train Loss: 0.094286, Val Loss: 0.076964  
	Train = MSE:0.094219 , RMSE:0.306951 , MAE:0.227010 , MAPD:1.145947, R_squared:0.998369  
	Validation = MSE:0.076964 , RMSE:0.277425 , MAE:0.209365 , MAPD:1.328022, R_squared:0.998615

2024-03-21 08:15:51,653 Epoch 230/300, Train Loss: 0.200374, Val Loss: 0.254783  
	Train = MSE:0.200312 , RMSE:0.447562 , MAE:0.280951 , MAPD:1.432009, R_squared:0.996533  
	Validation = MSE:0.254783 , RMSE:0.504761 , MAE:0.456356 , MAPD:2.373852, R_squared:0.995415

2024-03-21 08:16:09,166 Epoch 231/300, Train Loss: 0.085423, Val Loss: 0.033080  
	Train = MSE:0.085436 , RMSE:0.292294 , MAE:0.212287 , MAPD:1.081589, R_squared:0.998521  
	Validation = MSE:0.033080 , RMSE:0.181879 , MAE:0.129568 , MAPD:0.696492, R_squared:0.999405

2024-03-21 08:16:31,505 Epoch 232/300, Train Loss: 0.137581, Val Loss: 0.066132  
	Train = MSE:0.137560 , RMSE:0.370891 , MAE:0.260195 , MAPD:1.316824, R_squared:0.997619  
	Validation = MSE:0.066132 , RMSE:0.257161 , MAE:0.180700 , MAPD:0.934761, R_squared:0.998810

2024-03-21 08:16:48,183 Epoch 233/300, Train Loss: 0.108694, Val Loss: 0.086902  
	Train = MSE:0.108718 , RMSE:0.329724 , MAE:0.244543 , MAPD:1.245878, R_squared:0.998118  
	Validation = MSE:0.086902 , RMSE:0.294792 , MAE:0.245486 , MAPD:1.387333, R_squared:0.998436

2024-03-21 08:17:04,540 Epoch 234/300, Train Loss: 0.102328, Val Loss: 0.040924  
	Train = MSE:0.102358 , RMSE:0.319934 , MAE:0.231081 , MAPD:1.176596, R_squared:0.998228  
	Validation = MSE:0.040924 , RMSE:0.202297 , MAE:0.154165 , MAPD:0.821564, R_squared:0.999264

2024-03-21 08:17:21,197 Epoch 235/300, Train Loss: 0.102082, Val Loss: 0.116126  
	Train = MSE:0.102098 , RMSE:0.319528 , MAE:0.233785 , MAPD:1.188274, R_squared:0.998233  
	Validation = MSE:0.116126 , RMSE:0.340773 , MAE:0.240252 , MAPD:1.058204, R_squared:0.997910

2024-03-21 08:17:37,931 Epoch 236/300, Train Loss: 0.127633, Val Loss: 0.129676  
	Train = MSE:0.127630 , RMSE:0.357254 , MAE:0.253037 , MAPD:1.266441, R_squared:0.997791  
	Validation = MSE:0.129676 , RMSE:0.360106 , MAE:0.257037 , MAPD:1.737887, R_squared:0.997667

2024-03-21 08:17:55,007 Epoch 237/300, Train Loss: 0.148568, Val Loss: 0.034291  
	Train = MSE:0.148592 , RMSE:0.385476 , MAE:0.270304 , MAPD:1.427081, R_squared:0.997428  
	Validation = MSE:0.034291 , RMSE:0.185177 , MAE:0.140489 , MAPD:0.811086, R_squared:0.999383

2024-03-21 08:18:11,892 Epoch 238/300, Train Loss: 0.072557, Val Loss: 0.046316  
	Train = MSE:0.072579 , RMSE:0.269404 , MAE:0.197738 , MAPD:0.985702, R_squared:0.998744  
	Validation = MSE:0.046316 , RMSE:0.215211 , MAE:0.166408 , MAPD:0.898196, R_squared:0.999167

2024-03-21 08:18:28,775 Epoch 239/300, Train Loss: 0.139806, Val Loss: 0.039453  
	Train = MSE:0.139831 , RMSE:0.373940 , MAE:0.262638 , MAPD:1.315923, R_squared:0.997579  
	Validation = MSE:0.039453 , RMSE:0.198629 , MAE:0.153919 , MAPD:0.902459, R_squared:0.999290

2024-03-21 08:18:45,190 Epoch 240/300, Train Loss: 0.081509, Val Loss: 0.058519  
	Train = MSE:0.081439 , RMSE:0.285375 , MAE:0.211260 , MAPD:1.094944, R_squared:0.998590  
	Validation = MSE:0.058519 , RMSE:0.241907 , MAE:0.204169 , MAPD:1.201208, R_squared:0.998947

2024-03-21 08:19:02,659 Epoch 241/300, Train Loss: 0.141308, Val Loss: 0.111444  
	Train = MSE:0.141344 , RMSE:0.375957 , MAE:0.261507 , MAPD:1.300335, R_squared:0.997553  
	Validation = MSE:0.111444 , RMSE:0.333832 , MAE:0.258310 , MAPD:1.270376, R_squared:0.997995

2024-03-21 08:19:29,965 Epoch 242/300, Train Loss: 0.114564, Val Loss: 0.081132  
	Train = MSE:0.114598 , RMSE:0.338524 , MAE:0.244030 , MAPD:1.227544, R_squared:0.998016  
	Validation = MSE:0.081132 , RMSE:0.284837 , MAE:0.241960 , MAPD:1.452360, R_squared:0.998540

2024-03-21 08:19:46,762 Epoch 243/300, Train Loss: 0.137371, Val Loss: 0.059629  
	Train = MSE:0.137413 , RMSE:0.370693 , MAE:0.260087 , MAPD:1.319277, R_squared:0.997621  
	Validation = MSE:0.059629 , RMSE:0.244190 , MAE:0.181243 , MAPD:0.920161, R_squared:0.998927

2024-03-21 08:20:03,950 Epoch 244/300, Train Loss: 0.102395, Val Loss: 0.046695  
	Train = MSE:0.102427 , RMSE:0.320042 , MAE:0.223501 , MAPD:1.118715, R_squared:0.998227  
	Validation = MSE:0.046695 , RMSE:0.216089 , MAE:0.162186 , MAPD:0.937691, R_squared:0.999160

2024-03-21 08:20:21,134 Epoch 245/300, Train Loss: 0.105987, Val Loss: 0.072555  
	Train = MSE:0.106019 , RMSE:0.325606 , MAE:0.237817 , MAPD:1.242934, R_squared:0.998165  
	Validation = MSE:0.072555 , RMSE:0.269361 , MAE:0.210959 , MAPD:1.199193, R_squared:0.998694

2024-03-21 08:20:38,071 Epoch 246/300, Train Loss: 0.185931, Val Loss: 0.051031  
	Train = MSE:0.185982 , RMSE:0.431257 , MAE:0.274807 , MAPD:1.449519, R_squared:0.996781  
	Validation = MSE:0.051031 , RMSE:0.225899 , MAE:0.161298 , MAPD:0.906627, R_squared:0.999082

2024-03-21 08:20:55,391 Epoch 247/300, Train Loss: 0.075219, Val Loss: 0.049410  
	Train = MSE:0.075240 , RMSE:0.274299 , MAE:0.202605 , MAPD:1.091494, R_squared:0.998698  
	Validation = MSE:0.049410 , RMSE:0.222283 , MAE:0.175523 , MAPD:0.988711, R_squared:0.999111

2024-03-21 08:21:10,543 Epoch 248/300, Train Loss: 0.107550, Val Loss: 0.470073  
	Train = MSE:0.107583 , RMSE:0.327999 , MAE:0.232263 , MAPD:1.205127, R_squared:0.998138  
	Validation = MSE:0.470073 , RMSE:0.685619 , MAE:0.541338 , MAPD:2.381279, R_squared:0.991541

2024-03-21 08:21:26,203 Epoch 249/300, Train Loss: 0.121117, Val Loss: 0.059499  
	Train = MSE:0.121151 , RMSE:0.348067 , MAE:0.255363 , MAPD:1.291036, R_squared:0.997903  
	Validation = MSE:0.059499 , RMSE:0.243925 , MAE:0.198765 , MAPD:1.167902, R_squared:0.998929

2024-03-21 08:21:41,346 Epoch 250/300, Train Loss: 0.157407, Val Loss: 0.091541  
	Train = MSE:0.157055 , RMSE:0.396302 , MAE:0.279330 , MAPD:1.537453, R_squared:0.997281  
	Validation = MSE:0.091541 , RMSE:0.302557 , MAE:0.245835 , MAPD:1.302058, R_squared:0.998353

2024-03-21 08:21:57,267 Epoch 251/300, Train Loss: 0.085860, Val Loss: 0.035450  
	Train = MSE:0.085876 , RMSE:0.293046 , MAE:0.211635 , MAPD:1.062290, R_squared:0.998513  
	Validation = MSE:0.035450 , RMSE:0.188283 , MAE:0.142876 , MAPD:0.842464, R_squared:0.999362

2024-03-21 08:22:19,061 Epoch 252/300, Train Loss: 0.112842, Val Loss: 0.197948  
	Train = MSE:0.112874 , RMSE:0.335968 , MAE:0.228254 , MAPD:1.143554, R_squared:0.998046  
	Validation = MSE:0.197948 , RMSE:0.444913 , MAE:0.351125 , MAPD:1.621484, R_squared:0.996438

2024-03-21 08:22:34,606 Epoch 253/300, Train Loss: 0.141343, Val Loss: 0.047172  
	Train = MSE:0.141376 , RMSE:0.376000 , MAE:0.254146 , MAPD:1.289742, R_squared:0.997553  
	Validation = MSE:0.047172 , RMSE:0.217192 , MAE:0.161676 , MAPD:0.923484, R_squared:0.999151

2024-03-21 08:22:49,768 Epoch 254/300, Train Loss: 0.089515, Val Loss: 0.250685  
	Train = MSE:0.089458 , RMSE:0.299096 , MAE:0.217057 , MAPD:1.093887, R_squared:0.998451  
	Validation = MSE:0.250685 , RMSE:0.500684 , MAE:0.436449 , MAPD:2.711027, R_squared:0.995489

2024-03-21 08:23:05,375 Epoch 255/300, Train Loss: 0.121727, Val Loss: 0.092819  
	Train = MSE:0.121733 , RMSE:0.348903 , MAE:0.249893 , MAPD:1.276013, R_squared:0.997893  
	Validation = MSE:0.092819 , RMSE:0.304661 , MAE:0.265563 , MAPD:1.601026, R_squared:0.998330

2024-03-21 08:23:20,995 Epoch 256/300, Train Loss: 0.206631, Val Loss: 0.041251  
	Train = MSE:0.206692 , RMSE:0.454634 , MAE:0.268880 , MAPD:1.406634, R_squared:0.996422  
	Validation = MSE:0.041251 , RMSE:0.203103 , MAE:0.155781 , MAPD:0.836930, R_squared:0.999258

2024-03-21 08:23:36,326 Epoch 257/300, Train Loss: 0.078822, Val Loss: 0.045541  
	Train = MSE:0.078847 , RMSE:0.280796 , MAE:0.195957 , MAPD:0.994589, R_squared:0.998635  
	Validation = MSE:0.045541 , RMSE:0.213402 , MAE:0.157548 , MAPD:0.813393, R_squared:0.999181

2024-03-21 08:23:52,266 Epoch 258/300, Train Loss: 0.140298, Val Loss: 0.047214  
	Train = MSE:0.140342 , RMSE:0.374622 , MAE:0.244901 , MAPD:1.272958, R_squared:0.997571  
	Validation = MSE:0.047214 , RMSE:0.217289 , MAE:0.154709 , MAPD:0.926158, R_squared:0.999150

2024-03-21 08:24:07,395 Epoch 259/300, Train Loss: 0.272555, Val Loss: 0.339807  
	Train = MSE:0.272552 , RMSE:0.522065 , MAE:0.324908 , MAPD:1.895330, R_squared:0.995282  
	Validation = MSE:0.339807 , RMSE:0.582930 , MAE:0.484761 , MAPD:2.414682, R_squared:0.993885

2024-03-21 08:24:23,084 Epoch 260/300, Train Loss: 0.148977, Val Loss: 0.041830  
	Train = MSE:0.149024 , RMSE:0.386036 , MAE:0.248711 , MAPD:1.258531, R_squared:0.997420  
	Validation = MSE:0.041830 , RMSE:0.204523 , MAE:0.144181 , MAPD:0.812738, R_squared:0.999247

2024-03-21 08:24:39,739 Epoch 261/300, Train Loss: 0.150382, Val Loss: 0.102467  
	Train = MSE:0.150427 , RMSE:0.387849 , MAE:0.248835 , MAPD:1.279650, R_squared:0.997396  
	Validation = MSE:0.102467 , RMSE:0.320104 , MAE:0.268165 , MAPD:1.469612, R_squared:0.998156

2024-03-21 08:25:07,248 Epoch 262/300, Train Loss: 0.093429, Val Loss: 0.135748  
	Train = MSE:0.093454 , RMSE:0.305703 , MAE:0.219653 , MAPD:1.137059, R_squared:0.998382  
	Validation = MSE:0.135748 , RMSE:0.368440 , MAE:0.300182 , MAPD:1.466334, R_squared:0.997557

2024-03-21 08:25:22,356 Epoch 263/300, Train Loss: 0.131024, Val Loss: 0.129738  
	Train = MSE:0.131065 , RMSE:0.362028 , MAE:0.246227 , MAPD:1.246181, R_squared:0.997731  
	Validation = MSE:0.129738 , RMSE:0.360192 , MAE:0.259698 , MAPD:1.162409, R_squared:0.997665

2024-03-21 08:25:37,442 Epoch 264/300, Train Loss: 0.138508, Val Loss: 0.055777  
	Train = MSE:0.138531 , RMSE:0.372198 , MAE:0.238322 , MAPD:1.194078, R_squared:0.997602  
	Validation = MSE:0.055777 , RMSE:0.236171 , MAE:0.173970 , MAPD:0.896275, R_squared:0.998996

2024-03-21 08:25:53,392 Epoch 265/300, Train Loss: 0.310630, Val Loss: 0.132369  
	Train = MSE:0.310712 , RMSE:0.557415 , MAE:0.349727 , MAPD:1.952135, R_squared:0.994622  
	Validation = MSE:0.132369 , RMSE:0.363825 , MAE:0.270644 , MAPD:1.704657, R_squared:0.997618

2024-03-21 08:26:08,522 Epoch 266/300, Train Loss: 0.123268, Val Loss: 0.350120  
	Train = MSE:0.123190 , RMSE:0.350985 , MAE:0.247613 , MAPD:1.292441, R_squared:0.997868  
	Validation = MSE:0.350120 , RMSE:0.591710 , MAE:0.465969 , MAPD:2.139368, R_squared:0.993700

2024-03-21 08:26:23,913 Epoch 267/300, Train Loss: 0.112059, Val Loss: 0.186494  
	Train = MSE:0.112089 , RMSE:0.334796 , MAE:0.233454 , MAPD:1.163453, R_squared:0.998060  
	Validation = MSE:0.186494 , RMSE:0.431850 , MAE:0.355937 , MAPD:1.747193, R_squared:0.996644

2024-03-21 08:26:39,519 Epoch 268/300, Train Loss: 0.110229, Val Loss: 0.096559  
	Train = MSE:0.110254 , RMSE:0.332046 , MAE:0.228850 , MAPD:1.144544, R_squared:0.998091  
	Validation = MSE:0.096559 , RMSE:0.310739 , MAE:0.245482 , MAPD:1.193885, R_squared:0.998263

2024-03-21 08:26:54,673 Epoch 269/300, Train Loss: 0.114719, Val Loss: 0.043653  
	Train = MSE:0.114737 , RMSE:0.338729 , MAE:0.238336 , MAPD:1.194141, R_squared:0.998014  
	Validation = MSE:0.043653 , RMSE:0.208933 , MAE:0.150035 , MAPD:0.789746, R_squared:0.999215

2024-03-21 08:27:10,815 Epoch 270/300, Train Loss: 0.092120, Val Loss: 1.275317  
	Train = MSE:0.092071 , RMSE:0.303431 , MAE:0.213197 , MAPD:1.073496, R_squared:0.998406  
	Validation = MSE:1.275317 , RMSE:1.129299 , MAE:0.942270 , MAPD:4.431490, R_squared:0.977052

2024-03-21 08:27:26,002 Epoch 271/300, Train Loss: 0.118951, Val Loss: 0.932681  
	Train = MSE:0.118980 , RMSE:0.344935 , MAE:0.233616 , MAPD:1.213193, R_squared:0.997940  
	Validation = MSE:0.932681 , RMSE:0.965754 , MAE:0.748244 , MAPD:3.553852, R_squared:0.983217

2024-03-21 08:27:48,247 Epoch 272/300, Train Loss: 0.185190, Val Loss: 0.036627  
	Train = MSE:0.185247 , RMSE:0.430404 , MAE:0.260414 , MAPD:1.326330, R_squared:0.996793  
	Validation = MSE:0.036627 , RMSE:0.191382 , MAE:0.138879 , MAPD:0.757501, R_squared:0.999341

2024-03-21 08:28:03,431 Epoch 273/300, Train Loss: 0.130564, Val Loss: 0.094178  
	Train = MSE:0.130555 , RMSE:0.361323 , MAE:0.229843 , MAPD:1.154568, R_squared:0.997740  
	Validation = MSE:0.094178 , RMSE:0.306884 , MAE:0.259872 , MAPD:1.372396, R_squared:0.998305

2024-03-21 08:28:19,712 Epoch 274/300, Train Loss: 0.090952, Val Loss: 0.071176  
	Train = MSE:0.090975 , RMSE:0.301620 , MAE:0.219687 , MAPD:1.141265, R_squared:0.998425  
	Validation = MSE:0.071176 , RMSE:0.266788 , MAE:0.219989 , MAPD:1.137384, R_squared:0.998719

2024-03-21 08:28:34,922 Epoch 275/300, Train Loss: 0.092631, Val Loss: 0.104005  
	Train = MSE:0.092660 , RMSE:0.304401 , MAE:0.218659 , MAPD:1.100890, R_squared:0.998396  
	Validation = MSE:0.104005 , RMSE:0.322499 , MAE:0.245961 , MAPD:1.177540, R_squared:0.998129

2024-03-21 08:28:50,384 Epoch 276/300, Train Loss: 0.171490, Val Loss: 0.161115  
	Train = MSE:0.171486 , RMSE:0.414109 , MAE:0.277938 , MAPD:1.464579, R_squared:0.997032  
	Validation = MSE:0.161115 , RMSE:0.401391 , MAE:0.302926 , MAPD:1.373748, R_squared:0.997101

2024-03-21 08:29:05,898 Epoch 277/300, Train Loss: 0.082368, Val Loss: 0.034845  
	Train = MSE:0.082380 , RMSE:0.287019 , MAE:0.208316 , MAPD:1.054717, R_squared:0.998574  
	Validation = MSE:0.034845 , RMSE:0.186668 , MAE:0.130145 , MAPD:0.701583, R_squared:0.999373

2024-03-21 08:29:22,666 Epoch 278/300, Train Loss: 0.102062, Val Loss: 0.042512  
	Train = MSE:0.102067 , RMSE:0.319479 , MAE:0.217284 , MAPD:1.094494, R_squared:0.998233  
	Validation = MSE:0.042512 , RMSE:0.206185 , MAE:0.148243 , MAPD:0.783765, R_squared:0.999235

2024-03-21 08:29:37,885 Epoch 279/300, Train Loss: 0.105554, Val Loss: 0.030670  
	Train = MSE:0.105580 , RMSE:0.324930 , MAE:0.232377 , MAPD:1.184437, R_squared:0.998172  
	Validation = MSE:0.030670 , RMSE:0.175130 , MAE:0.125035 , MAPD:0.680984, R_squared:0.999448

2024-03-21 08:29:54,296 Epoch 280/300, Train Loss: 0.102311, Val Loss: 0.431024  
	Train = MSE:0.102339 , RMSE:0.319905 , MAE:0.223695 , MAPD:1.132176, R_squared:0.998228  
	Validation = MSE:0.431024 , RMSE:0.656524 , MAE:0.449138 , MAPD:1.839234, R_squared:0.992244

2024-03-21 08:30:09,509 Epoch 281/300, Train Loss: 0.102875, Val Loss: 0.082216  
	Train = MSE:0.102906 , RMSE:0.320790 , MAE:0.224581 , MAPD:1.162262, R_squared:0.998219  
	Validation = MSE:0.082216 , RMSE:0.286733 , MAE:0.228610 , MAPD:1.191573, R_squared:0.998521

2024-03-21 08:30:31,776 Epoch 282/300, Train Loss: 0.128535, Val Loss: 0.074068  
	Train = MSE:0.128550 , RMSE:0.358539 , MAE:0.231361 , MAPD:1.135485, R_squared:0.997775  
	Validation = MSE:0.074068 , RMSE:0.272154 , MAE:0.231283 , MAPD:1.226686, R_squared:0.998667

2024-03-21 08:30:47,165 Epoch 283/300, Train Loss: 0.122616, Val Loss: 0.056033  
	Train = MSE:0.122612 , RMSE:0.350160 , MAE:0.238206 , MAPD:1.213213, R_squared:0.997878  
	Validation = MSE:0.056033 , RMSE:0.236713 , MAE:0.195770 , MAPD:1.156493, R_squared:0.998992

2024-03-21 08:31:03,088 Epoch 284/300, Train Loss: 0.097097, Val Loss: 0.029793  
	Train = MSE:0.097116 , RMSE:0.311634 , MAE:0.224208 , MAPD:1.129746, R_squared:0.998319  
	Validation = MSE:0.029793 , RMSE:0.172606 , MAE:0.127657 , MAPD:0.673823, R_squared:0.999464

2024-03-21 08:31:18,222 Epoch 285/300, Train Loss: 0.084766, Val Loss: 0.056607  
	Train = MSE:0.084790 , RMSE:0.291187 , MAE:0.208107 , MAPD:1.061305, R_squared:0.998532  
	Validation = MSE:0.056607 , RMSE:0.237922 , MAE:0.196276 , MAPD:1.115311, R_squared:0.998981

2024-03-21 08:31:33,377 Epoch 286/300, Train Loss: 0.097219, Val Loss: 0.045619  
	Train = MSE:0.097143 , RMSE:0.311677 , MAE:0.220453 , MAPD:1.133073, R_squared:0.998318  
	Validation = MSE:0.045619 , RMSE:0.213586 , MAE:0.156378 , MAPD:0.854349, R_squared:0.999179

2024-03-21 08:31:49,320 Epoch 287/300, Train Loss: 0.152571, Val Loss: 0.114828  
	Train = MSE:0.152618 , RMSE:0.390664 , MAE:0.258315 , MAPD:1.370801, R_squared:0.997358  
	Validation = MSE:0.114828 , RMSE:0.338863 , MAE:0.285386 , MAPD:1.553913, R_squared:0.997934

2024-03-21 08:32:04,555 Epoch 288/300, Train Loss: 0.127926, Val Loss: 0.230532  
	Train = MSE:0.127919 , RMSE:0.357658 , MAE:0.242596 , MAPD:1.224522, R_squared:0.997786  
	Validation = MSE:0.230532 , RMSE:0.480137 , MAE:0.402398 , MAPD:1.964297, R_squared:0.995852

2024-03-21 08:32:19,724 Epoch 289/300, Train Loss: 0.110825, Val Loss: 0.057654  
	Train = MSE:0.110856 , RMSE:0.332951 , MAE:0.226248 , MAPD:1.171167, R_squared:0.998081  
	Validation = MSE:0.057654 , RMSE:0.240113 , MAE:0.160516 , MAPD:0.882551, R_squared:0.998963

2024-03-21 08:32:35,614 Epoch 290/300, Train Loss: 0.146054, Val Loss: 0.089484  
	Train = MSE:0.146031 , RMSE:0.382140 , MAE:0.265077 , MAPD:1.390408, R_squared:0.997472  
	Validation = MSE:0.089484 , RMSE:0.299138 , MAE:0.215853 , MAPD:1.205562, R_squared:0.998390

2024-03-21 08:32:51,189 Epoch 291/300, Train Loss: 0.193465, Val Loss: 0.188369  
	Train = MSE:0.193525 , RMSE:0.439915 , MAE:0.271710 , MAPD:1.450128, R_squared:0.996650  
	Validation = MSE:0.188369 , RMSE:0.434016 , MAE:0.343384 , MAPD:1.710490, R_squared:0.996610

2024-03-21 08:33:19,716 Epoch 292/300, Train Loss: 0.088590, Val Loss: 0.569031  
	Train = MSE:0.088575 , RMSE:0.297616 , MAE:0.210981 , MAPD:1.061805, R_squared:0.998467  
	Validation = MSE:0.569031 , RMSE:0.754341 , MAE:0.633140 , MAPD:2.906866, R_squared:0.989761

2024-03-21 08:33:35,754 Epoch 293/300, Train Loss: 0.135614, Val Loss: 0.085371  
	Train = MSE:0.135653 , RMSE:0.368311 , MAE:0.253633 , MAPD:1.337249, R_squared:0.997652  
	Validation = MSE:0.085371 , RMSE:0.292184 , MAE:0.213905 , MAPD:1.069456, R_squared:0.998464

2024-03-21 08:33:50,698 Epoch 294/300, Train Loss: 0.067579, Val Loss: 0.200552  
	Train = MSE:0.067560 , RMSE:0.259924 , MAE:0.185852 , MAPD:0.946730, R_squared:0.998831  
	Validation = MSE:0.200552 , RMSE:0.447830 , MAE:0.346446 , MAPD:1.590669, R_squared:0.996391

2024-03-21 08:34:04,693 Epoch 295/300, Train Loss: 0.150340, Val Loss: 0.118635  
	Train = MSE:0.150374 , RMSE:0.387781 , MAE:0.241515 , MAPD:1.234961, R_squared:0.997397  
	Validation = MSE:0.118635 , RMSE:0.344434 , MAE:0.294173 , MAPD:1.581993, R_squared:0.997865

2024-03-21 08:34:18,509 Epoch 296/300, Train Loss: 0.071389, Val Loss: 0.426322  
	Train = MSE:0.071343 , RMSE:0.267101 , MAE:0.193478 , MAPD:1.011913, R_squared:0.998765  
	Validation = MSE:0.426322 , RMSE:0.652933 , MAE:0.624505 , MAPD:3.634050, R_squared:0.992329

2024-03-21 08:34:32,742 Epoch 297/300, Train Loss: 0.094545, Val Loss: 0.066384  
	Train = MSE:0.094494 , RMSE:0.307398 , MAE:0.224055 , MAPD:1.166123, R_squared:0.998364  
	Validation = MSE:0.066384 , RMSE:0.257651 , MAE:0.210237 , MAPD:1.109386, R_squared:0.998805

2024-03-21 08:34:46,495 Epoch 298/300, Train Loss: 0.146629, Val Loss: 0.071540  
	Train = MSE:0.146671 , RMSE:0.382977 , MAE:0.257898 , MAPD:1.364375, R_squared:0.997461  
	Validation = MSE:0.071540 , RMSE:0.267469 , MAE:0.170047 , MAPD:1.048765, R_squared:0.998713

2024-03-21 08:35:00,983 Epoch 299/300, Train Loss: 0.173607, Val Loss: 0.520339  
	Train = MSE:0.173508 , RMSE:0.416543 , MAE:0.255796 , MAPD:1.333845, R_squared:0.996997  
	Validation = MSE:0.520339 , RMSE:0.721346 , MAE:0.677778 , MAPD:3.806390, R_squared:0.990637

2024-03-21 08:35:15,090 Epoch 300/300, Train Loss: 0.069900, Val Loss: 0.204912  
	Train = MSE:0.069885 , RMSE:0.264358 , MAE:0.193354 , MAPD:0.997299, R_squared:0.998790  
	Validation = MSE:0.204912 , RMSE:0.452673 , MAE:0.388615 , MAPD:1.884093, R_squared:0.996313

2024-03-21 08:35:15,091 Time for training the model: 17208.987999
2024-03-21 08:35:20,753 MSE for train: 0.205813
2024-03-21 08:35:20,753 RMSE for train: 0.453666
2024-03-21 08:35:20,753 MAE for train: 0.391157
2024-03-21 08:35:20,753 MAPD for train: 1.840805
2024-03-21 08:35:20,753 R^2 Score for train: 0.996437
2024-03-21 08:35:20,754 Inference time for train dataset: 3.724000

2024-03-21 08:35:21,253 MSE for val: 0.204912
2024-03-21 08:35:21,253 RMSE for val: 0.452673
2024-03-21 08:35:21,253 MAE for val: 0.388615
2024-03-21 08:35:21,253 MAPD for val: 1.884093
2024-03-21 08:35:21,253 R^2 Score for val: 0.996313
2024-03-21 08:35:21,254 Inference time for val dataset: 0.499000

2024-03-21 08:35:21,734 MSE for test: 0.235565
2024-03-21 08:35:21,734 RMSE for test: 0.485350
2024-03-21 08:35:21,734 MAE for test: 0.418937
2024-03-21 08:35:21,734 MAPD for test: 1.904176
2024-03-21 08:35:21,734 R^2 Score for test: 0.996112
2024-03-21 08:35:21,735 Inference time for test dataset: 0.480001

2024-03-21 08:35:29,447 Train label average: , [20.62097221]
2024-03-21 08:35:29,447 Test label average: , [21.41736175]
2024-03-21 08:35:29,447 validation label average: , [20.14607025]
2024-03-21 08:35:29,447 predicted (on validation dataset) values average: , 21.0186328125
