2024-03-21 04:23:53,377 train batches in dataset: 400
2024-03-21 04:23:53,377 val batches in dataset: 50
2024-03-21 04:23:53,377 test batches in dataset: 50
2024-03-21 04:23:53,395 Trainable parameter: net_core.0.weight - size: torch.Size([256, 35])
2024-03-21 04:23:53,402 Trainable parameter: net_core.0.bias - size: torch.Size([256])
2024-03-21 04:23:53,409 Trainable parameter: net_core.1.weight - size: torch.Size([128, 256])
2024-03-21 04:23:53,417 Trainable parameter: net_core.1.bias - size: torch.Size([128])
2024-03-21 04:23:53,425 Trainable parameter: net_core.2.weight - size: torch.Size([64, 128])
2024-03-21 04:23:53,431 Trainable parameter: net_core.2.bias - size: torch.Size([64])
2024-03-21 04:23:53,438 Trainable parameter: net_core.3.weight - size: torch.Size([16, 64])
2024-03-21 04:23:53,439 Trainable parameter: net_core.3.bias - size: torch.Size([16])
2024-03-21 04:23:53,439 Trainable parameter: net_core.4.weight - size: torch.Size([1, 16])
2024-03-21 04:23:53,439 Trainable parameter: net_core.4.bias - size: torch.Size([1])
2024-03-21 04:23:53,440 Number of trainable parameters: 51425
2024-03-21 04:23:53,440 Number of non-trainable parameters: 0
2024-03-21 04:24:27,052 Epoch 1/300, Train Loss: 10.660077, Val Loss: 1.383217  
	Train = MSE:10.663171 , RMSE:3.265451 , MAE:1.618926 , MAPD:8.736730, R_squared:0.815419  
	Validation = MSE:1.383217 , RMSE:1.176102 , MAE:1.073683 , MAPD:5.787895, R_squared:0.975110

2024-03-21 04:25:05,072 Epoch 2/300, Train Loss: 0.250451, Val Loss: 0.396687  
	Train = MSE:0.250494 , RMSE:0.500494 , MAE:0.371904 , MAPD:1.959752, R_squared:0.995664  
	Validation = MSE:0.396687 , RMSE:0.629831 , MAE:0.558029 , MAPD:3.269818, R_squared:0.992862

2024-03-21 04:25:37,949 Epoch 3/300, Train Loss: 0.249134, Val Loss: 0.138303  
	Train = MSE:0.249203 , RMSE:0.499203 , MAE:0.377977 , MAPD:1.987852, R_squared:0.995686  
	Validation = MSE:0.138303 , RMSE:0.371891 , MAE:0.268318 , MAPD:1.514938, R_squared:0.997511

2024-03-21 04:26:12,769 Epoch 4/300, Train Loss: 0.226052, Val Loss: 0.222222  
	Train = MSE:0.225991 , RMSE:0.475385 , MAE:0.366777 , MAPD:1.915156, R_squared:0.996088  
	Validation = MSE:0.222222 , RMSE:0.471405 , MAE:0.407843 , MAPD:2.453643, R_squared:0.996001

2024-03-21 04:26:48,894 Epoch 5/300, Train Loss: 0.171085, Val Loss: 0.102822  
	Train = MSE:0.171073 , RMSE:0.413610 , MAE:0.317883 , MAPD:1.674075, R_squared:0.997039  
	Validation = MSE:0.102822 , RMSE:0.320659 , MAE:0.231417 , MAPD:1.261896, R_squared:0.998150

2024-03-21 04:27:22,189 Epoch 6/300, Train Loss: 0.189474, Val Loss: 0.261972  
	Train = MSE:0.189409 , RMSE:0.435211 , MAE:0.333121 , MAPD:1.744991, R_squared:0.996721  
	Validation = MSE:0.261972 , RMSE:0.511832 , MAE:0.450316 , MAPD:2.464044, R_squared:0.995286

2024-03-21 04:27:56,227 Epoch 7/300, Train Loss: 0.227151, Val Loss: 0.194708  
	Train = MSE:0.227080 , RMSE:0.476529 , MAE:0.370876 , MAPD:1.931102, R_squared:0.996069  
	Validation = MSE:0.194708 , RMSE:0.441257 , MAE:0.388310 , MAPD:2.082563, R_squared:0.996496

2024-03-21 04:28:30,288 Epoch 8/300, Train Loss: 0.183933, Val Loss: 0.258915  
	Train = MSE:0.183877 , RMSE:0.428809 , MAE:0.330462 , MAPD:1.704249, R_squared:0.996817  
	Validation = MSE:0.258915 , RMSE:0.508837 , MAE:0.422314 , MAPD:2.163005, R_squared:0.995341

2024-03-21 04:29:03,070 Epoch 9/300, Train Loss: 0.222619, Val Loss: 0.052592  
	Train = MSE:0.222621 , RMSE:0.471827 , MAE:0.360965 , MAPD:1.869544, R_squared:0.996146  
	Validation = MSE:0.052592 , RMSE:0.229329 , MAE:0.161408 , MAPD:0.884156, R_squared:0.999054

2024-03-21 04:29:37,891 Epoch 10/300, Train Loss: 0.164251, Val Loss: 0.286267  
	Train = MSE:0.164240 , RMSE:0.405265 , MAE:0.314166 , MAPD:1.639009, R_squared:0.997157  
	Validation = MSE:0.286267 , RMSE:0.535040 , MAE:0.416507 , MAPD:1.900314, R_squared:0.994849

2024-03-21 04:30:11,970 Epoch 11/300, Train Loss: 0.146891, Val Loss: 0.054087  
	Train = MSE:0.146919 , RMSE:0.383301 , MAE:0.290038 , MAPD:1.500973, R_squared:0.997457  
	Validation = MSE:0.054087 , RMSE:0.232566 , MAE:0.163056 , MAPD:0.924723, R_squared:0.999027

2024-03-21 04:30:47,375 Epoch 12/300, Train Loss: 0.126663, Val Loss: 0.062352  
	Train = MSE:0.126694 , RMSE:0.355941 , MAE:0.272327 , MAPD:1.433776, R_squared:0.997807  
	Validation = MSE:0.062352 , RMSE:0.249704 , MAE:0.182192 , MAPD:0.948881, R_squared:0.998878

2024-03-21 04:31:21,696 Epoch 13/300, Train Loss: 0.269449, Val Loss: 0.078990  
	Train = MSE:0.269522 , RMSE:0.519155 , MAE:0.393172 , MAPD:2.020264, R_squared:0.995335  
	Validation = MSE:0.078990 , RMSE:0.281051 , MAE:0.219172 , MAPD:1.129227, R_squared:0.998579

2024-03-21 04:31:56,004 Epoch 14/300, Train Loss: 0.134121, Val Loss: 0.403225  
	Train = MSE:0.133936 , RMSE:0.365973 , MAE:0.277468 , MAPD:1.435186, R_squared:0.997682  
	Validation = MSE:0.403225 , RMSE:0.635000 , MAE:0.565284 , MAPD:2.855839, R_squared:0.992744

2024-03-21 04:32:31,991 Epoch 15/300, Train Loss: 0.177199, Val Loss: 0.429974  
	Train = MSE:0.177224 , RMSE:0.420980 , MAE:0.315727 , MAPD:1.623968, R_squared:0.996932  
	Validation = MSE:0.429974 , RMSE:0.655724 , MAE:0.544191 , MAPD:2.624503, R_squared:0.992263

2024-03-21 04:33:06,732 Epoch 16/300, Train Loss: 0.229019, Val Loss: 0.067429  
	Train = MSE:0.229033 , RMSE:0.478574 , MAE:0.373318 , MAPD:1.933250, R_squared:0.996035  
	Validation = MSE:0.067429 , RMSE:0.259672 , MAE:0.200491 , MAPD:1.039284, R_squared:0.998787

2024-03-21 04:33:43,039 Epoch 17/300, Train Loss: 0.204444, Val Loss: 0.118407  
	Train = MSE:0.204439 , RMSE:0.452150 , MAE:0.326967 , MAPD:1.694174, R_squared:0.996461  
	Validation = MSE:0.118407 , RMSE:0.344103 , MAE:0.264143 , MAPD:1.639168, R_squared:0.997869

2024-03-21 04:34:17,104 Epoch 18/300, Train Loss: 0.107232, Val Loss: 0.072412  
	Train = MSE:0.107134 , RMSE:0.327314 , MAE:0.250603 , MAPD:1.280332, R_squared:0.998145  
	Validation = MSE:0.072412 , RMSE:0.269095 , MAE:0.219554 , MAPD:1.251680, R_squared:0.998697

2024-03-21 04:34:51,209 Epoch 19/300, Train Loss: 0.097303, Val Loss: 0.071284  
	Train = MSE:0.097296 , RMSE:0.311923 , MAE:0.237410 , MAPD:1.229171, R_squared:0.998316  
	Validation = MSE:0.071284 , RMSE:0.266990 , MAE:0.209726 , MAPD:1.138440, R_squared:0.998717

2024-03-21 04:35:25,682 Epoch 20/300, Train Loss: 0.148853, Val Loss: 0.072904  
	Train = MSE:0.148882 , RMSE:0.385853 , MAE:0.284761 , MAPD:1.445470, R_squared:0.997423  
	Validation = MSE:0.072904 , RMSE:0.270007 , MAE:0.194768 , MAPD:0.952789, R_squared:0.998688

2024-03-21 04:35:59,234 Epoch 21/300, Train Loss: 0.177747, Val Loss: 0.074416  
	Train = MSE:0.177798 , RMSE:0.421661 , MAE:0.315376 , MAPD:1.602466, R_squared:0.996922  
	Validation = MSE:0.074416 , RMSE:0.272793 , MAE:0.215036 , MAPD:1.277790, R_squared:0.998661

2024-03-21 04:36:35,286 Epoch 22/300, Train Loss: 0.082565, Val Loss: 0.187369  
	Train = MSE:0.082565 , RMSE:0.287341 , MAE:0.223777 , MAPD:1.160795, R_squared:0.998571  
	Validation = MSE:0.187369 , RMSE:0.432862 , MAE:0.376613 , MAPD:2.066803, R_squared:0.996628

2024-03-21 04:37:07,965 Epoch 23/300, Train Loss: 0.099784, Val Loss: 0.145777  
	Train = MSE:0.099809 , RMSE:0.315926 , MAE:0.241208 , MAPD:1.247027, R_squared:0.998272  
	Validation = MSE:0.145777 , RMSE:0.381808 , MAE:0.326076 , MAPD:1.646106, R_squared:0.997377

2024-03-21 04:37:41,970 Epoch 24/300, Train Loss: 0.081411, Val Loss: 0.308607  
	Train = MSE:0.081362 , RMSE:0.285240 , MAE:0.221462 , MAPD:1.137746, R_squared:0.998592  
	Validation = MSE:0.308607 , RMSE:0.555524 , MAE:0.521569 , MAPD:2.762794, R_squared:0.994447

2024-03-21 04:38:19,987 Epoch 25/300, Train Loss: 0.097617, Val Loss: 0.039660  
	Train = MSE:0.097643 , RMSE:0.312478 , MAE:0.237181 , MAPD:1.226160, R_squared:0.998310  
	Validation = MSE:0.039660 , RMSE:0.199147 , MAE:0.136565 , MAPD:0.733545, R_squared:0.999286

2024-03-21 04:38:52,716 Epoch 26/300, Train Loss: 0.125751, Val Loss: 0.083204  
	Train = MSE:0.125626 , RMSE:0.354437 , MAE:0.265655 , MAPD:1.362128, R_squared:0.997825  
	Validation = MSE:0.083204 , RMSE:0.288450 , MAE:0.233353 , MAPD:1.294107, R_squared:0.998503

2024-03-21 04:39:28,940 Epoch 27/300, Train Loss: 0.107288, Val Loss: 0.075758  
	Train = MSE:0.107318 , RMSE:0.327595 , MAE:0.249534 , MAPD:1.296884, R_squared:0.998142  
	Validation = MSE:0.075758 , RMSE:0.275241 , MAE:0.203705 , MAPD:0.970290, R_squared:0.998637

2024-03-21 04:40:01,506 Epoch 28/300, Train Loss: 0.098822, Val Loss: 0.060514  
	Train = MSE:0.098842 , RMSE:0.314392 , MAE:0.230567 , MAPD:1.190557, R_squared:0.998289  
	Validation = MSE:0.060514 , RMSE:0.245996 , MAE:0.200162 , MAPD:1.189002, R_squared:0.998911

2024-03-21 04:40:35,908 Epoch 29/300, Train Loss: 0.128681, Val Loss: 0.101859  
	Train = MSE:0.128595 , RMSE:0.358601 , MAE:0.270801 , MAPD:1.390297, R_squared:0.997774  
	Validation = MSE:0.101859 , RMSE:0.319153 , MAE:0.261037 , MAPD:1.411627, R_squared:0.998167

2024-03-21 04:41:11,515 Epoch 30/300, Train Loss: 0.096871, Val Loss: 0.063852  
	Train = MSE:0.096861 , RMSE:0.311224 , MAE:0.236444 , MAPD:1.221764, R_squared:0.998323  
	Validation = MSE:0.063852 , RMSE:0.252689 , MAE:0.193045 , MAPD:1.017431, R_squared:0.998851

2024-03-21 04:41:44,453 Epoch 31/300, Train Loss: 0.081448, Val Loss: 0.054445  
	Train = MSE:0.081461 , RMSE:0.285413 , MAE:0.216249 , MAPD:1.118184, R_squared:0.998590  
	Validation = MSE:0.054445 , RMSE:0.233334 , MAE:0.175119 , MAPD:0.910224, R_squared:0.999020

2024-03-21 04:42:22,004 Epoch 32/300, Train Loss: 0.068473, Val Loss: 0.108028  
	Train = MSE:0.068467 , RMSE:0.261663 , MAE:0.202403 , MAPD:1.048910, R_squared:0.998815  
	Validation = MSE:0.108028 , RMSE:0.328676 , MAE:0.280583 , MAPD:1.493791, R_squared:0.998056

2024-03-21 04:42:53,790 Epoch 33/300, Train Loss: 0.073899, Val Loss: 0.043731  
	Train = MSE:0.073910 , RMSE:0.271864 , MAE:0.203897 , MAPD:1.042173, R_squared:0.998721  
	Validation = MSE:0.043731 , RMSE:0.209120 , MAE:0.151602 , MAPD:0.835115, R_squared:0.999213

2024-03-21 04:43:27,870 Epoch 34/300, Train Loss: 0.063993, Val Loss: 0.067080  
	Train = MSE:0.064000 , RMSE:0.252983 , MAE:0.191625 , MAPD:0.992128, R_squared:0.998892  
	Validation = MSE:0.067080 , RMSE:0.258998 , MAE:0.209631 , MAPD:1.135053, R_squared:0.998793

2024-03-21 04:44:04,997 Epoch 35/300, Train Loss: 0.099080, Val Loss: 0.050398  
	Train = MSE:0.099062 , RMSE:0.314740 , MAE:0.239682 , MAPD:1.239924, R_squared:0.998285  
	Validation = MSE:0.050398 , RMSE:0.224496 , MAE:0.179807 , MAPD:0.905161, R_squared:0.999093

2024-03-21 04:44:40,943 Epoch 36/300, Train Loss: 0.095500, Val Loss: 0.041361  
	Train = MSE:0.095524 , RMSE:0.309070 , MAE:0.238555 , MAPD:1.241421, R_squared:0.998346  
	Validation = MSE:0.041361 , RMSE:0.203374 , MAE:0.149751 , MAPD:0.774953, R_squared:0.999256

2024-03-21 04:45:16,867 Epoch 37/300, Train Loss: 0.070112, Val Loss: 0.053466  
	Train = MSE:0.070124 , RMSE:0.264810 , MAE:0.201494 , MAPD:1.039458, R_squared:0.998786  
	Validation = MSE:0.053466 , RMSE:0.231228 , MAE:0.158633 , MAPD:0.757417, R_squared:0.999038

2024-03-21 04:45:52,000 Epoch 38/300, Train Loss: 0.086266, Val Loss: 0.034867  
	Train = MSE:0.086275 , RMSE:0.293726 , MAE:0.224437 , MAPD:1.163223, R_squared:0.998507  
	Validation = MSE:0.034867 , RMSE:0.186728 , MAE:0.133895 , MAPD:0.715864, R_squared:0.999373

2024-03-21 04:46:29,549 Epoch 39/300, Train Loss: 0.068284, Val Loss: 0.072413  
	Train = MSE:0.068293 , RMSE:0.261330 , MAE:0.201176 , MAPD:1.045802, R_squared:0.998818  
	Validation = MSE:0.072414 , RMSE:0.269098 , MAE:0.222797 , MAPD:1.314094, R_squared:0.998697

2024-03-21 04:47:01,881 Epoch 40/300, Train Loss: 0.093608, Val Loss: 0.137338  
	Train = MSE:0.093515 , RMSE:0.305802 , MAE:0.228669 , MAPD:1.169959, R_squared:0.998381  
	Validation = MSE:0.137338 , RMSE:0.370592 , MAE:0.259385 , MAPD:1.119484, R_squared:0.997529

2024-03-21 04:47:36,222 Epoch 41/300, Train Loss: 0.056614, Val Loss: 0.057431  
	Train = MSE:0.056571 , RMSE:0.237846 , MAE:0.184628 , MAPD:0.950294, R_squared:0.999021  
	Validation = MSE:0.057431 , RMSE:0.239647 , MAE:0.193590 , MAPD:1.166296, R_squared:0.998967

2024-03-21 04:48:11,555 Epoch 42/300, Train Loss: 0.082718, Val Loss: 0.105691  
	Train = MSE:0.082694 , RMSE:0.287565 , MAE:0.213027 , MAPD:1.090360, R_squared:0.998569  
	Validation = MSE:0.105691 , RMSE:0.325102 , MAE:0.247448 , MAPD:1.465217, R_squared:0.998098

2024-03-21 04:48:46,931 Epoch 43/300, Train Loss: 0.080693, Val Loss: 0.049639  
	Train = MSE:0.080655 , RMSE:0.283998 , MAE:0.215904 , MAPD:1.108788, R_squared:0.998604  
	Validation = MSE:0.049639 , RMSE:0.222799 , MAE:0.175312 , MAPD:0.882897, R_squared:0.999107

2024-03-21 04:49:20,409 Epoch 44/300, Train Loss: 0.058180, Val Loss: 0.044795  
	Train = MSE:0.058159 , RMSE:0.241162 , MAE:0.184985 , MAPD:0.959577, R_squared:0.998993  
	Validation = MSE:0.044795 , RMSE:0.211647 , MAE:0.170357 , MAPD:0.940305, R_squared:0.999194

2024-03-21 04:49:54,396 Epoch 45/300, Train Loss: 0.061061, Val Loss: 0.131375  
	Train = MSE:0.061041 , RMSE:0.247065 , MAE:0.186746 , MAPD:0.956616, R_squared:0.998943  
	Validation = MSE:0.131375 , RMSE:0.362457 , MAE:0.286780 , MAPD:1.368217, R_squared:0.997636

2024-03-21 04:50:29,180 Epoch 46/300, Train Loss: 0.073405, Val Loss: 0.028012  
	Train = MSE:0.073419 , RMSE:0.270960 , MAE:0.198388 , MAPD:1.025770, R_squared:0.998729  
	Validation = MSE:0.028012 , RMSE:0.167369 , MAE:0.126372 , MAPD:0.696368, R_squared:0.999496

2024-03-21 04:51:04,767 Epoch 47/300, Train Loss: 0.053592, Val Loss: 0.048952  
	Train = MSE:0.053605 , RMSE:0.231527 , MAE:0.174636 , MAPD:0.903417, R_squared:0.999072  
	Validation = MSE:0.048952 , RMSE:0.221251 , MAE:0.163516 , MAPD:0.789116, R_squared:0.999119

2024-03-21 04:51:37,179 Epoch 48/300, Train Loss: 0.067688, Val Loss: 0.082033  
	Train = MSE:0.067705 , RMSE:0.260202 , MAE:0.200213 , MAPD:1.033453, R_squared:0.998828  
	Validation = MSE:0.082033 , RMSE:0.286414 , MAE:0.239103 , MAPD:1.267749, R_squared:0.998524

2024-03-21 04:52:11,749 Epoch 49/300, Train Loss: 0.082827, Val Loss: 0.032069  
	Train = MSE:0.082840 , RMSE:0.287820 , MAE:0.217170 , MAPD:1.110044, R_squared:0.998566  
	Validation = MSE:0.032069 , RMSE:0.179077 , MAE:0.131955 , MAPD:0.707930, R_squared:0.999423

2024-03-21 04:52:44,938 Epoch 50/300, Train Loss: 0.063276, Val Loss: 0.143496  
	Train = MSE:0.063290 , RMSE:0.251575 , MAE:0.191576 , MAPD:0.980199, R_squared:0.998904  
	Validation = MSE:0.143496 , RMSE:0.378808 , MAE:0.341300 , MAPD:1.761237, R_squared:0.997418

2024-03-21 04:53:20,201 Epoch 51/300, Train Loss: 0.053420, Val Loss: 0.038057  
	Train = MSE:0.053419 , RMSE:0.231126 , MAE:0.176035 , MAPD:0.905960, R_squared:0.999075  
	Validation = MSE:0.038057 , RMSE:0.195083 , MAE:0.159511 , MAPD:0.943674, R_squared:0.999315

2024-03-21 04:53:56,730 Epoch 52/300, Train Loss: 0.056433, Val Loss: 0.145951  
	Train = MSE:0.056429 , RMSE:0.237547 , MAE:0.180953 , MAPD:0.930062, R_squared:0.999023  
	Validation = MSE:0.145951 , RMSE:0.382035 , MAE:0.313672 , MAPD:1.482971, R_squared:0.997374

2024-03-21 04:54:30,919 Epoch 53/300, Train Loss: 0.046684, Val Loss: 0.075265  
	Train = MSE:0.046692 , RMSE:0.216083 , MAE:0.162908 , MAPD:0.833466, R_squared:0.999192  
	Validation = MSE:0.075265 , RMSE:0.274345 , MAE:0.219862 , MAPD:1.084485, R_squared:0.998646

2024-03-21 04:55:06,803 Epoch 54/300, Train Loss: 0.058271, Val Loss: 0.078387  
	Train = MSE:0.058248 , RMSE:0.241346 , MAE:0.185829 , MAPD:0.956940, R_squared:0.998992  
	Validation = MSE:0.078387 , RMSE:0.279976 , MAE:0.221819 , MAPD:1.117241, R_squared:0.998590

2024-03-21 04:55:41,591 Epoch 55/300, Train Loss: 0.075088, Val Loss: 0.035423  
	Train = MSE:0.075106 , RMSE:0.274055 , MAE:0.212829 , MAPD:1.095584, R_squared:0.998700  
	Validation = MSE:0.035423 , RMSE:0.188210 , MAE:0.136859 , MAPD:0.712527, R_squared:0.999363

2024-03-21 04:56:16,051 Epoch 56/300, Train Loss: 0.060375, Val Loss: 0.058928  
	Train = MSE:0.060370 , RMSE:0.245704 , MAE:0.189871 , MAPD:0.980747, R_squared:0.998955  
	Validation = MSE:0.058928 , RMSE:0.242751 , MAE:0.188217 , MAPD:0.945899, R_squared:0.998940

2024-03-21 04:56:50,093 Epoch 57/300, Train Loss: 0.042960, Val Loss: 0.021936  
	Train = MSE:0.042966 , RMSE:0.207282 , MAE:0.161767 , MAPD:0.836767, R_squared:0.999256  
	Validation = MSE:0.021936 , RMSE:0.148109 , MAE:0.115218 , MAPD:0.630743, R_squared:0.999605

2024-03-21 04:57:24,818 Epoch 58/300, Train Loss: 0.055731, Val Loss: 0.031597  
	Train = MSE:0.055743 , RMSE:0.236100 , MAE:0.179650 , MAPD:0.922704, R_squared:0.999035  
	Validation = MSE:0.031597 , RMSE:0.177756 , MAE:0.133327 , MAPD:0.705848, R_squared:0.999431

2024-03-21 04:57:58,037 Epoch 59/300, Train Loss: 0.050239, Val Loss: 0.086384  
	Train = MSE:0.050229 , RMSE:0.224119 , MAE:0.169885 , MAPD:0.874604, R_squared:0.999131  
	Validation = MSE:0.086384 , RMSE:0.293911 , MAE:0.245892 , MAPD:1.300899, R_squared:0.998446

2024-03-21 04:58:32,017 Epoch 60/300, Train Loss: 0.049096, Val Loss: 0.025593  
	Train = MSE:0.049101 , RMSE:0.221589 , MAE:0.174694 , MAPD:0.909817, R_squared:0.999150  
	Validation = MSE:0.025593 , RMSE:0.159980 , MAE:0.120491 , MAPD:0.629036, R_squared:0.999539

2024-03-21 04:59:07,266 Epoch 61/300, Train Loss: 0.061810, Val Loss: 0.037579  
	Train = MSE:0.061809 , RMSE:0.248614 , MAE:0.192564 , MAPD:0.994674, R_squared:0.998930  
	Validation = MSE:0.037579 , RMSE:0.193853 , MAE:0.163894 , MAPD:0.954412, R_squared:0.999324

2024-03-21 04:59:41,995 Epoch 62/300, Train Loss: 0.050622, Val Loss: 0.044752  
	Train = MSE:0.050617 , RMSE:0.224981 , MAE:0.171493 , MAPD:0.877651, R_squared:0.999124  
	Validation = MSE:0.044752 , RMSE:0.211547 , MAE:0.157331 , MAPD:0.819042, R_squared:0.999195

2024-03-21 05:00:15,536 Epoch 63/300, Train Loss: 0.032558, Val Loss: 0.084815  
	Train = MSE:0.032547 , RMSE:0.180409 , MAE:0.138134 , MAPD:0.711699, R_squared:0.999437  
	Validation = MSE:0.084815 , RMSE:0.291230 , MAE:0.260974 , MAPD:1.596129, R_squared:0.998474

2024-03-21 05:00:51,209 Epoch 64/300, Train Loss: 0.063712, Val Loss: 0.028207  
	Train = MSE:0.063731 , RMSE:0.252449 , MAE:0.192957 , MAPD:0.989299, R_squared:0.998897  
	Validation = MSE:0.028207 , RMSE:0.167950 , MAE:0.112120 , MAPD:0.594394, R_squared:0.999492

2024-03-21 05:01:27,603 Epoch 65/300, Train Loss: 0.050659, Val Loss: 0.043553  
	Train = MSE:0.050669 , RMSE:0.225097 , MAE:0.173758 , MAPD:0.896610, R_squared:0.999123  
	Validation = MSE:0.043553 , RMSE:0.208695 , MAE:0.174923 , MAPD:1.059623, R_squared:0.999216

2024-03-21 05:02:03,354 Epoch 66/300, Train Loss: 0.055311, Val Loss: 0.049395  
	Train = MSE:0.055307 , RMSE:0.235175 , MAE:0.177947 , MAPD:0.920704, R_squared:0.999043  
	Validation = MSE:0.049395 , RMSE:0.222249 , MAE:0.195058 , MAPD:1.141496, R_squared:0.999111

2024-03-21 05:02:36,247 Epoch 67/300, Train Loss: 0.068343, Val Loss: 0.482376  
	Train = MSE:0.068202 , RMSE:0.261155 , MAE:0.189042 , MAPD:0.968824, R_squared:0.998819  
	Validation = MSE:0.482376 , RMSE:0.694533 , MAE:0.536988 , MAPD:2.370569, R_squared:0.991320

2024-03-21 05:03:09,882 Epoch 68/300, Train Loss: 0.090117, Val Loss: 0.034426  
	Train = MSE:0.090121 , RMSE:0.300202 , MAE:0.215987 , MAPD:1.120021, R_squared:0.998440  
	Validation = MSE:0.034426 , RMSE:0.185543 , MAE:0.143725 , MAPD:0.810990, R_squared:0.999381

2024-03-21 05:03:44,804 Epoch 69/300, Train Loss: 0.035939, Val Loss: 0.023559  
	Train = MSE:0.035943 , RMSE:0.189586 , MAE:0.143428 , MAPD:0.746837, R_squared:0.999378  
	Validation = MSE:0.023559 , RMSE:0.153488 , MAE:0.120357 , MAPD:0.650984, R_squared:0.999576

2024-03-21 05:04:19,159 Epoch 70/300, Train Loss: 0.033669, Val Loss: 0.080593  
	Train = MSE:0.033666 , RMSE:0.183484 , MAE:0.141202 , MAPD:0.727594, R_squared:0.999417  
	Validation = MSE:0.080593 , RMSE:0.283890 , MAE:0.243574 , MAPD:1.275862, R_squared:0.998550

2024-03-21 05:04:54,396 Epoch 71/300, Train Loss: 0.053991, Val Loss: 0.026617  
	Train = MSE:0.054006 , RMSE:0.232392 , MAE:0.175905 , MAPD:0.908690, R_squared:0.999065  
	Validation = MSE:0.026617 , RMSE:0.163146 , MAE:0.126774 , MAPD:0.685140, R_squared:0.999521

2024-03-21 05:05:32,186 Epoch 72/300, Train Loss: 0.039356, Val Loss: 0.108441  
	Train = MSE:0.039347 , RMSE:0.198362 , MAE:0.153631 , MAPD:0.804627, R_squared:0.999319  
	Validation = MSE:0.108441 , RMSE:0.329304 , MAE:0.291048 , MAPD:1.518667, R_squared:0.998049

2024-03-21 05:06:07,331 Epoch 73/300, Train Loss: 0.059761, Val Loss: 0.035133  
	Train = MSE:0.059778 , RMSE:0.244495 , MAE:0.180994 , MAPD:0.933424, R_squared:0.998965  
	Validation = MSE:0.035133 , RMSE:0.187437 , MAE:0.152043 , MAPD:0.820867, R_squared:0.999368

2024-03-21 05:06:48,866 Epoch 74/300, Train Loss: 0.048407, Val Loss: 0.027586  
	Train = MSE:0.048407 , RMSE:0.220017 , MAE:0.159713 , MAPD:0.829193, R_squared:0.999162  
	Validation = MSE:0.027586 , RMSE:0.166092 , MAE:0.125580 , MAPD:0.631208, R_squared:0.999504

2024-03-21 05:07:31,786 Epoch 75/300, Train Loss: 0.058399, Val Loss: 0.020791  
	Train = MSE:0.058413 , RMSE:0.241687 , MAE:0.179583 , MAPD:0.929406, R_squared:0.998989  
	Validation = MSE:0.020791 , RMSE:0.144192 , MAE:0.112587 , MAPD:0.623525, R_squared:0.999626

2024-03-21 05:08:16,260 Epoch 76/300, Train Loss: 0.047584, Val Loss: 0.016473  
	Train = MSE:0.047584 , RMSE:0.218137 , MAE:0.163533 , MAPD:0.839948, R_squared:0.999176  
	Validation = MSE:0.016473 , RMSE:0.128346 , MAE:0.089524 , MAPD:0.483659, R_squared:0.999704

2024-03-21 05:08:55,629 Epoch 77/300, Train Loss: 0.029545, Val Loss: 0.027653  
	Train = MSE:0.029547 , RMSE:0.171894 , MAE:0.130484 , MAPD:0.677526, R_squared:0.999489  
	Validation = MSE:0.027653 , RMSE:0.166291 , MAE:0.128227 , MAPD:0.723395, R_squared:0.999502

2024-03-21 05:09:33,898 Epoch 78/300, Train Loss: 0.053439, Val Loss: 0.020512  
	Train = MSE:0.053455 , RMSE:0.231203 , MAE:0.173829 , MAPD:0.895770, R_squared:0.999075  
	Validation = MSE:0.020512 , RMSE:0.143219 , MAE:0.101190 , MAPD:0.541584, R_squared:0.999631

2024-03-21 05:10:12,663 Epoch 79/300, Train Loss: 0.038574, Val Loss: 0.029139  
	Train = MSE:0.038566 , RMSE:0.196383 , MAE:0.147928 , MAPD:0.764489, R_squared:0.999332  
	Validation = MSE:0.029139 , RMSE:0.170702 , MAE:0.132815 , MAPD:0.725234, R_squared:0.999476

2024-03-21 05:10:53,983 Epoch 80/300, Train Loss: 0.052438, Val Loss: 0.037942  
	Train = MSE:0.052389 , RMSE:0.228886 , MAE:0.170858 , MAPD:0.876544, R_squared:0.999093  
	Validation = MSE:0.037942 , RMSE:0.194787 , MAE:0.164486 , MAPD:0.938568, R_squared:0.999317

2024-03-21 05:11:34,116 Epoch 81/300, Train Loss: 0.030877, Val Loss: 0.052843  
	Train = MSE:0.030863 , RMSE:0.175679 , MAE:0.135494 , MAPD:0.704436, R_squared:0.999466  
	Validation = MSE:0.052843 , RMSE:0.229875 , MAE:0.194516 , MAPD:1.073192, R_squared:0.999049

2024-03-21 05:12:15,173 Epoch 82/300, Train Loss: 0.066221, Val Loss: 0.017133  
	Train = MSE:0.066231 , RMSE:0.257354 , MAE:0.186220 , MAPD:0.959689, R_squared:0.998854  
	Validation = MSE:0.017133 , RMSE:0.130895 , MAE:0.094064 , MAPD:0.499576, R_squared:0.999692

2024-03-21 05:12:55,436 Epoch 83/300, Train Loss: 0.036746, Val Loss: 0.031766  
	Train = MSE:0.036727 , RMSE:0.191642 , MAE:0.148510 , MAPD:0.769558, R_squared:0.999364  
	Validation = MSE:0.031766 , RMSE:0.178231 , MAE:0.143978 , MAPD:0.860135, R_squared:0.999428

2024-03-21 05:13:34,205 Epoch 84/300, Train Loss: 0.039001, Val Loss: 0.023345  
	Train = MSE:0.039000 , RMSE:0.197485 , MAE:0.144882 , MAPD:0.745533, R_squared:0.999325  
	Validation = MSE:0.023345 , RMSE:0.152791 , MAE:0.120028 , MAPD:0.635154, R_squared:0.999580

2024-03-21 05:14:10,351 Epoch 85/300, Train Loss: 0.041426, Val Loss: 0.133077  
	Train = MSE:0.041422 , RMSE:0.203524 , MAE:0.157131 , MAPD:0.815460, R_squared:0.999283  
	Validation = MSE:0.133077 , RMSE:0.364798 , MAE:0.324870 , MAPD:1.648665, R_squared:0.997605

2024-03-21 05:14:38,200 Epoch 86/300, Train Loss: 0.034696, Val Loss: 0.030210  
	Train = MSE:0.034700 , RMSE:0.186280 , MAE:0.144848 , MAPD:0.750756, R_squared:0.999399  
	Validation = MSE:0.030210 , RMSE:0.173810 , MAE:0.140287 , MAPD:0.805577, R_squared:0.999456

2024-03-21 05:15:08,424 Epoch 87/300, Train Loss: 0.054243, Val Loss: 0.050553  
	Train = MSE:0.054259 , RMSE:0.232935 , MAE:0.175419 , MAPD:0.903223, R_squared:0.999061  
	Validation = MSE:0.050553 , RMSE:0.224841 , MAE:0.187774 , MAPD:0.953043, R_squared:0.999090

2024-03-21 05:15:37,095 Epoch 88/300, Train Loss: 0.046029, Val Loss: 0.127638  
	Train = MSE:0.045982 , RMSE:0.214435 , MAE:0.154969 , MAPD:0.808152, R_squared:0.999204  
	Validation = MSE:0.127638 , RMSE:0.357265 , MAE:0.331856 , MAPD:1.916804, R_squared:0.997703

2024-03-21 05:16:05,551 Epoch 89/300, Train Loss: 0.040781, Val Loss: 0.020354  
	Train = MSE:0.040788 , RMSE:0.201961 , MAE:0.154134 , MAPD:0.792613, R_squared:0.999294  
	Validation = MSE:0.020354 , RMSE:0.142669 , MAE:0.112441 , MAPD:0.603798, R_squared:0.999634

2024-03-21 05:16:32,395 Epoch 90/300, Train Loss: 0.061227, Val Loss: 0.020448  
	Train = MSE:0.061208 , RMSE:0.247402 , MAE:0.194851 , MAPD:0.999265, R_squared:0.998940  
	Validation = MSE:0.020448 , RMSE:0.142998 , MAE:0.101918 , MAPD:0.536225, R_squared:0.999632

2024-03-21 05:17:00,921 Epoch 91/300, Train Loss: 0.030715, Val Loss: 0.020566  
	Train = MSE:0.030718 , RMSE:0.175267 , MAE:0.135833 , MAPD:0.703463, R_squared:0.999468  
	Validation = MSE:0.020566 , RMSE:0.143408 , MAE:0.106931 , MAPD:0.587889, R_squared:0.999630

2024-03-21 05:17:30,551 Epoch 92/300, Train Loss: 0.039069, Val Loss: 0.077912  
	Train = MSE:0.039077 , RMSE:0.197679 , MAE:0.150740 , MAPD:0.779261, R_squared:0.999324  
	Validation = MSE:0.077912 , RMSE:0.279127 , MAE:0.256933 , MAPD:1.437614, R_squared:0.998598

2024-03-21 05:18:00,678 Epoch 93/300, Train Loss: 0.037983, Val Loss: 0.019247  
	Train = MSE:0.037991 , RMSE:0.194912 , MAE:0.148201 , MAPD:0.768010, R_squared:0.999342  
	Validation = MSE:0.019247 , RMSE:0.138735 , MAE:0.102478 , MAPD:0.546633, R_squared:0.999654

2024-03-21 05:18:25,300 Epoch 94/300, Train Loss: 0.046442, Val Loss: 0.023173  
	Train = MSE:0.046449 , RMSE:0.215520 , MAE:0.162083 , MAPD:0.832932, R_squared:0.999196  
	Validation = MSE:0.023173 , RMSE:0.152228 , MAE:0.117978 , MAPD:0.663507, R_squared:0.999583

2024-03-21 05:18:50,538 Epoch 95/300, Train Loss: 0.042097, Val Loss: 0.019468  
	Train = MSE:0.042109 , RMSE:0.205204 , MAE:0.157363 , MAPD:0.815485, R_squared:0.999271  
	Validation = MSE:0.019468 , RMSE:0.139529 , MAE:0.102000 , MAPD:0.541429, R_squared:0.999650

2024-03-21 05:19:14,254 Epoch 96/300, Train Loss: 0.038813, Val Loss: 0.025333  
	Train = MSE:0.038803 , RMSE:0.196984 , MAE:0.149303 , MAPD:0.772451, R_squared:0.999328  
	Validation = MSE:0.025333 , RMSE:0.159163 , MAE:0.121404 , MAPD:0.661717, R_squared:0.999544

2024-03-21 05:19:41,635 Epoch 97/300, Train Loss: 0.028132, Val Loss: 0.021906  
	Train = MSE:0.028132 , RMSE:0.167725 , MAE:0.128786 , MAPD:0.669438, R_squared:0.999513  
	Validation = MSE:0.021906 , RMSE:0.148006 , MAE:0.107932 , MAPD:0.589233, R_squared:0.999606

2024-03-21 05:20:09,228 Epoch 98/300, Train Loss: 0.028475, Val Loss: 0.016890  
	Train = MSE:0.028480 , RMSE:0.168759 , MAE:0.128713 , MAPD:0.665270, R_squared:0.999507  
	Validation = MSE:0.016890 , RMSE:0.129963 , MAE:0.093219 , MAPD:0.498584, R_squared:0.999696

2024-03-21 05:20:32,216 Epoch 99/300, Train Loss: 0.032508, Val Loss: 0.032770  
	Train = MSE:0.032508 , RMSE:0.180300 , MAE:0.136596 , MAPD:0.709975, R_squared:0.999437  
	Validation = MSE:0.032770 , RMSE:0.181025 , MAE:0.136443 , MAPD:0.686342, R_squared:0.999410

2024-03-21 05:20:58,049 Epoch 100/300, Train Loss: 0.027705, Val Loss: 0.028169  
	Train = MSE:0.027709 , RMSE:0.166461 , MAE:0.127653 , MAPD:0.664381, R_squared:0.999520  
	Validation = MSE:0.028169 , RMSE:0.167836 , MAE:0.124077 , MAPD:0.623977, R_squared:0.999493

2024-03-21 05:21:22,127 Epoch 101/300, Train Loss: 0.040663, Val Loss: 0.016274  
	Train = MSE:0.040663 , RMSE:0.201652 , MAE:0.154622 , MAPD:0.804280, R_squared:0.999296  
	Validation = MSE:0.016274 , RMSE:0.127569 , MAE:0.093952 , MAPD:0.499368, R_squared:0.999707

2024-03-21 05:21:48,027 Epoch 102/300, Train Loss: 0.036615, Val Loss: 0.018057  
	Train = MSE:0.036595 , RMSE:0.191297 , MAE:0.148196 , MAPD:0.763654, R_squared:0.999367  
	Validation = MSE:0.018057 , RMSE:0.134375 , MAE:0.097807 , MAPD:0.517781, R_squared:0.999675

2024-03-21 05:22:10,217 Epoch 103/300, Train Loss: 0.035634, Val Loss: 0.030863  
	Train = MSE:0.035626 , RMSE:0.188750 , MAE:0.145646 , MAPD:0.748135, R_squared:0.999383  
	Validation = MSE:0.030863 , RMSE:0.175679 , MAE:0.135093 , MAPD:0.686942, R_squared:0.999445

2024-03-21 05:22:35,864 Epoch 104/300, Train Loss: 0.037743, Val Loss: 0.056025  
	Train = MSE:0.037743 , RMSE:0.194276 , MAE:0.148528 , MAPD:0.770015, R_squared:0.999347  
	Validation = MSE:0.056025 , RMSE:0.236697 , MAE:0.187237 , MAPD:0.909302, R_squared:0.998992

2024-03-21 05:23:02,858 Epoch 105/300, Train Loss: 0.040554, Val Loss: 0.027979  
	Train = MSE:0.040551 , RMSE:0.201373 , MAE:0.152196 , MAPD:0.797984, R_squared:0.999298  
	Validation = MSE:0.027979 , RMSE:0.167268 , MAE:0.132416 , MAPD:0.770266, R_squared:0.999497

2024-03-21 05:23:24,842 Epoch 106/300, Train Loss: 0.037285, Val Loss: 0.015076  
	Train = MSE:0.037296 , RMSE:0.193121 , MAE:0.147388 , MAPD:0.766348, R_squared:0.999354  
	Validation = MSE:0.015076 , RMSE:0.122783 , MAE:0.087600 , MAPD:0.484023, R_squared:0.999729

2024-03-21 05:23:46,536 Epoch 107/300, Train Loss: 0.041862, Val Loss: 0.031332  
	Train = MSE:0.041816 , RMSE:0.204490 , MAE:0.156072 , MAPD:0.800584, R_squared:0.999276  
	Validation = MSE:0.031332 , RMSE:0.177008 , MAE:0.141440 , MAPD:0.827058, R_squared:0.999436

2024-03-21 05:24:07,187 Epoch 108/300, Train Loss: 0.042130, Val Loss: 0.031069  
	Train = MSE:0.042129 , RMSE:0.205253 , MAE:0.160118 , MAPD:0.826568, R_squared:0.999271  
	Validation = MSE:0.031069 , RMSE:0.176263 , MAE:0.143826 , MAPD:0.822509, R_squared:0.999441

2024-03-21 05:24:29,676 Epoch 109/300, Train Loss: 0.024191, Val Loss: 0.031290  
	Train = MSE:0.024178 , RMSE:0.155494 , MAE:0.118288 , MAPD:0.611966, R_squared:0.999581  
	Validation = MSE:0.031290 , RMSE:0.176890 , MAE:0.135981 , MAPD:0.692954, R_squared:0.999437

2024-03-21 05:24:51,697 Epoch 110/300, Train Loss: 0.037946, Val Loss: 0.028357  
	Train = MSE:0.037944 , RMSE:0.194792 , MAE:0.151664 , MAPD:0.786710, R_squared:0.999343  
	Validation = MSE:0.028357 , RMSE:0.168395 , MAE:0.131273 , MAPD:0.729324, R_squared:0.999490

2024-03-21 05:25:12,560 Epoch 111/300, Train Loss: 0.027659, Val Loss: 0.093427  
	Train = MSE:0.027661 , RMSE:0.166317 , MAE:0.128165 , MAPD:0.665983, R_squared:0.999521  
	Validation = MSE:0.093427 , RMSE:0.305659 , MAE:0.276278 , MAPD:1.459040, R_squared:0.998319

2024-03-21 05:25:36,982 Epoch 112/300, Train Loss: 0.034611, Val Loss: 0.030802  
	Train = MSE:0.034603 , RMSE:0.186019 , MAE:0.144313 , MAPD:0.749341, R_squared:0.999401  
	Validation = MSE:0.030802 , RMSE:0.175504 , MAE:0.143684 , MAPD:0.747513, R_squared:0.999446

2024-03-21 05:25:58,126 Epoch 113/300, Train Loss: 0.031054, Val Loss: 0.054121  
	Train = MSE:0.031059 , RMSE:0.176236 , MAE:0.137300 , MAPD:0.714894, R_squared:0.999462  
	Validation = MSE:0.054121 , RMSE:0.232638 , MAE:0.202085 , MAPD:1.086280, R_squared:0.999026

2024-03-21 05:26:20,727 Epoch 114/300, Train Loss: 0.036170, Val Loss: 0.037915  
	Train = MSE:0.036171 , RMSE:0.190186 , MAE:0.141771 , MAPD:0.743964, R_squared:0.999374  
	Validation = MSE:0.037915 , RMSE:0.194719 , MAE:0.162925 , MAPD:0.866008, R_squared:0.999318

2024-03-21 05:26:44,079 Epoch 115/300, Train Loss: 0.028114, Val Loss: 0.016528  
	Train = MSE:0.028109 , RMSE:0.167657 , MAE:0.131122 , MAPD:0.682614, R_squared:0.999513  
	Validation = MSE:0.016528 , RMSE:0.128560 , MAE:0.092403 , MAPD:0.481438, R_squared:0.999703

2024-03-21 05:27:05,152 Epoch 116/300, Train Loss: 0.026160, Val Loss: 0.025290  
	Train = MSE:0.026154 , RMSE:0.161722 , MAE:0.123012 , MAPD:0.639047, R_squared:0.999547  
	Validation = MSE:0.025290 , RMSE:0.159030 , MAE:0.123857 , MAPD:0.620523, R_squared:0.999545

2024-03-21 05:27:28,224 Epoch 117/300, Train Loss: 0.036617, Val Loss: 0.018517  
	Train = MSE:0.036624 , RMSE:0.191375 , MAE:0.147537 , MAPD:0.764006, R_squared:0.999366  
	Validation = MSE:0.018517 , RMSE:0.136078 , MAE:0.096464 , MAPD:0.509350, R_squared:0.999667

2024-03-21 05:27:48,883 Epoch 118/300, Train Loss: 0.032931, Val Loss: 0.219415  
	Train = MSE:0.032914 , RMSE:0.181421 , MAE:0.138731 , MAPD:0.714483, R_squared:0.999430  
	Validation = MSE:0.219415 , RMSE:0.468417 , MAE:0.436761 , MAPD:2.624968, R_squared:0.996052

2024-03-21 05:28:10,206 Epoch 119/300, Train Loss: 0.036392, Val Loss: 0.015994  
	Train = MSE:0.036393 , RMSE:0.190769 , MAE:0.145319 , MAPD:0.749781, R_squared:0.999370  
	Validation = MSE:0.015994 , RMSE:0.126466 , MAE:0.088847 , MAPD:0.477834, R_squared:0.999712

2024-03-21 05:28:33,311 Epoch 120/300, Train Loss: 0.029608, Val Loss: 0.033689  
	Train = MSE:0.029605 , RMSE:0.172060 , MAE:0.132143 , MAPD:0.691904, R_squared:0.999488  
	Validation = MSE:0.033689 , RMSE:0.183545 , MAE:0.143781 , MAPD:0.736041, R_squared:0.999394

2024-03-21 05:28:55,500 Epoch 121/300, Train Loss: 0.026782, Val Loss: 0.053686  
	Train = MSE:0.026781 , RMSE:0.163648 , MAE:0.125332 , MAPD:0.651684, R_squared:0.999536  
	Validation = MSE:0.053686 , RMSE:0.231702 , MAE:0.197670 , MAPD:1.011269, R_squared:0.999034

2024-03-21 05:29:19,947 Epoch 122/300, Train Loss: 0.040297, Val Loss: 0.029879  
	Train = MSE:0.040305 , RMSE:0.200761 , MAE:0.151484 , MAPD:0.779823, R_squared:0.999302  
	Validation = MSE:0.029879 , RMSE:0.172856 , MAE:0.125733 , MAPD:0.612354, R_squared:0.999462

2024-03-21 05:29:43,149 Epoch 123/300, Train Loss: 0.027571, Val Loss: 0.042577  
	Train = MSE:0.027557 , RMSE:0.166002 , MAE:0.128980 , MAPD:0.669513, R_squared:0.999523  
	Validation = MSE:0.042577 , RMSE:0.206341 , MAE:0.170372 , MAPD:0.956093, R_squared:0.999234

2024-03-21 05:30:09,309 Epoch 124/300, Train Loss: 0.032326, Val Loss: 0.026850  
	Train = MSE:0.032320 , RMSE:0.179779 , MAE:0.139425 , MAPD:0.722619, R_squared:0.999441  
	Validation = MSE:0.026850 , RMSE:0.163860 , MAE:0.130191 , MAPD:0.710281, R_squared:0.999517

2024-03-21 05:30:34,488 Epoch 125/300, Train Loss: 0.027920, Val Loss: 0.022966  
	Train = MSE:0.027924 , RMSE:0.167104 , MAE:0.128229 , MAPD:0.665284, R_squared:0.999517  
	Validation = MSE:0.022966 , RMSE:0.151546 , MAE:0.116755 , MAPD:0.606446, R_squared:0.999587

2024-03-21 05:31:01,855 Epoch 126/300, Train Loss: 0.041240, Val Loss: 0.055136  
	Train = MSE:0.041225 , RMSE:0.203040 , MAE:0.152954 , MAPD:0.795844, R_squared:0.999286  
	Validation = MSE:0.055136 , RMSE:0.234811 , MAE:0.198719 , MAPD:1.037441, R_squared:0.999008

2024-03-21 05:31:31,003 Epoch 127/300, Train Loss: 0.027167, Val Loss: 0.018125  
	Train = MSE:0.027173 , RMSE:0.164844 , MAE:0.127521 , MAPD:0.669864, R_squared:0.999530  
	Validation = MSE:0.018125 , RMSE:0.134630 , MAE:0.103068 , MAPD:0.561294, R_squared:0.999674

2024-03-21 05:31:56,558 Epoch 128/300, Train Loss: 0.022901, Val Loss: 0.034812  
	Train = MSE:0.022902 , RMSE:0.151335 , MAE:0.115694 , MAPD:0.603500, R_squared:0.999604  
	Validation = MSE:0.034812 , RMSE:0.186579 , MAE:0.148171 , MAPD:0.744790, R_squared:0.999374

2024-03-21 05:32:21,596 Epoch 129/300, Train Loss: 0.063630, Val Loss: 0.015109  
	Train = MSE:0.063640 , RMSE:0.252270 , MAE:0.174204 , MAPD:0.895702, R_squared:0.998898  
	Validation = MSE:0.015109 , RMSE:0.122921 , MAE:0.089290 , MAPD:0.506035, R_squared:0.999728

2024-03-21 05:32:48,730 Epoch 130/300, Train Loss: 0.024962, Val Loss: 0.017841  
	Train = MSE:0.024956 , RMSE:0.157973 , MAE:0.122304 , MAPD:0.637937, R_squared:0.999568  
	Validation = MSE:0.017841 , RMSE:0.133570 , MAE:0.096147 , MAPD:0.517030, R_squared:0.999679

2024-03-21 05:33:10,889 Epoch 131/300, Train Loss: 0.024011, Val Loss: 0.017663  
	Train = MSE:0.024014 , RMSE:0.154964 , MAE:0.117969 , MAPD:0.615826, R_squared:0.999584  
	Validation = MSE:0.017663 , RMSE:0.132904 , MAE:0.102776 , MAPD:0.572867, R_squared:0.999682

2024-03-21 05:33:36,725 Epoch 132/300, Train Loss: 0.042523, Val Loss: 0.019227  
	Train = MSE:0.042527 , RMSE:0.206220 , MAE:0.154567 , MAPD:0.806792, R_squared:0.999264  
	Validation = MSE:0.019227 , RMSE:0.138660 , MAE:0.108744 , MAPD:0.576212, R_squared:0.999654

2024-03-21 05:33:58,668 Epoch 133/300, Train Loss: 0.026531, Val Loss: 0.024307  
	Train = MSE:0.026536 , RMSE:0.162898 , MAE:0.123852 , MAPD:0.642963, R_squared:0.999541  
	Validation = MSE:0.024307 , RMSE:0.155907 , MAE:0.119772 , MAPD:0.711073, R_squared:0.999563

2024-03-21 05:34:23,124 Epoch 134/300, Train Loss: 0.035580, Val Loss: 0.014681  
	Train = MSE:0.035577 , RMSE:0.188618 , MAE:0.143813 , MAPD:0.748728, R_squared:0.999384  
	Validation = MSE:0.014681 , RMSE:0.121167 , MAE:0.086463 , MAPD:0.469025, R_squared:0.999736

2024-03-21 05:34:45,625 Epoch 135/300, Train Loss: 0.024047, Val Loss: 0.014072  
	Train = MSE:0.024039 , RMSE:0.155044 , MAE:0.119669 , MAPD:0.617546, R_squared:0.999584  
	Validation = MSE:0.014072 , RMSE:0.118625 , MAE:0.082954 , MAPD:0.456829, R_squared:0.999747

2024-03-21 05:35:09,230 Epoch 136/300, Train Loss: 0.032704, Val Loss: 0.019031  
	Train = MSE:0.032711 , RMSE:0.180862 , MAE:0.140840 , MAPD:0.733904, R_squared:0.999434  
	Validation = MSE:0.019031 , RMSE:0.137954 , MAE:0.102046 , MAPD:0.574858, R_squared:0.999658

2024-03-21 05:35:33,645 Epoch 137/300, Train Loss: 0.026179, Val Loss: 0.015112  
	Train = MSE:0.026186 , RMSE:0.161820 , MAE:0.126470 , MAPD:0.654071, R_squared:0.999547  
	Validation = MSE:0.015112 , RMSE:0.122930 , MAE:0.091432 , MAPD:0.490704, R_squared:0.999728

2024-03-21 05:35:55,323 Epoch 138/300, Train Loss: 0.031782, Val Loss: 0.021187  
	Train = MSE:0.031783 , RMSE:0.178278 , MAE:0.138881 , MAPD:0.722173, R_squared:0.999450  
	Validation = MSE:0.021187 , RMSE:0.145557 , MAE:0.112636 , MAPD:0.600350, R_squared:0.999619

2024-03-21 05:36:17,844 Epoch 139/300, Train Loss: 0.026879, Val Loss: 0.038623  
	Train = MSE:0.026884 , RMSE:0.163963 , MAE:0.124320 , MAPD:0.645155, R_squared:0.999535  
	Validation = MSE:0.038623 , RMSE:0.196527 , MAE:0.164469 , MAPD:0.898909, R_squared:0.999305

2024-03-21 05:36:39,570 Epoch 140/300, Train Loss: 0.026621, Val Loss: 0.072700  
	Train = MSE:0.026612 , RMSE:0.163133 , MAE:0.124832 , MAPD:0.648862, R_squared:0.999539  
	Validation = MSE:0.072700 , RMSE:0.269629 , MAE:0.236091 , MAPD:1.241544, R_squared:0.998692

2024-03-21 05:37:04,316 Epoch 141/300, Train Loss: 0.035895, Val Loss: 0.096063  
	Train = MSE:0.035880 , RMSE:0.189421 , MAE:0.146028 , MAPD:0.759171, R_squared:0.999379  
	Validation = MSE:0.096063 , RMSE:0.309941 , MAE:0.266676 , MAPD:1.310494, R_squared:0.998271

2024-03-21 05:37:29,707 Epoch 142/300, Train Loss: 0.028965, Val Loss: 0.025474  
	Train = MSE:0.028952 , RMSE:0.170153 , MAE:0.130679 , MAPD:0.685415, R_squared:0.999499  
	Validation = MSE:0.025474 , RMSE:0.159605 , MAE:0.128237 , MAPD:0.689500, R_squared:0.999542

2024-03-21 05:37:51,741 Epoch 143/300, Train Loss: 0.035267, Val Loss: 0.028987  
	Train = MSE:0.035268 , RMSE:0.187799 , MAE:0.139186 , MAPD:0.718841, R_squared:0.999389  
	Validation = MSE:0.028987 , RMSE:0.170256 , MAE:0.128605 , MAPD:0.650435, R_squared:0.999478

2024-03-21 05:38:15,091 Epoch 144/300, Train Loss: 0.030656, Val Loss: 0.014717  
	Train = MSE:0.030662 , RMSE:0.175105 , MAE:0.135888 , MAPD:0.710654, R_squared:0.999469  
	Validation = MSE:0.014717 , RMSE:0.121313 , MAE:0.088933 , MAPD:0.490294, R_squared:0.999735

2024-03-21 05:38:37,625 Epoch 145/300, Train Loss: 0.021383, Val Loss: 0.015070  
	Train = MSE:0.021376 , RMSE:0.146205 , MAE:0.112481 , MAPD:0.586155, R_squared:0.999630  
	Validation = MSE:0.015070 , RMSE:0.122759 , MAE:0.085563 , MAPD:0.456527, R_squared:0.999729

2024-03-21 05:39:05,948 Epoch 146/300, Train Loss: 0.042940, Val Loss: 0.035300  
	Train = MSE:0.042943 , RMSE:0.207227 , MAE:0.155761 , MAPD:0.800829, R_squared:0.999257  
	Validation = MSE:0.035300 , RMSE:0.187883 , MAE:0.160204 , MAPD:0.873231, R_squared:0.999365

2024-03-21 05:39:30,914 Epoch 147/300, Train Loss: 0.032406, Val Loss: 0.030416  
	Train = MSE:0.032392 , RMSE:0.179979 , MAE:0.138733 , MAPD:0.723237, R_squared:0.999439  
	Validation = MSE:0.030416 , RMSE:0.174401 , MAE:0.131934 , MAPD:0.643597, R_squared:0.999453

2024-03-21 05:39:56,344 Epoch 148/300, Train Loss: 0.036237, Val Loss: 0.027731  
	Train = MSE:0.036228 , RMSE:0.190336 , MAE:0.143979 , MAPD:0.751694, R_squared:0.999373  
	Validation = MSE:0.027731 , RMSE:0.166527 , MAE:0.137238 , MAPD:0.803842, R_squared:0.999501

2024-03-21 05:40:17,425 Epoch 149/300, Train Loss: 0.022887, Val Loss: 0.021493  
	Train = MSE:0.022884 , RMSE:0.151273 , MAE:0.116011 , MAPD:0.604251, R_squared:0.999604  
	Validation = MSE:0.021493 , RMSE:0.146605 , MAE:0.108098 , MAPD:0.530833, R_squared:0.999613

2024-03-21 05:40:36,294 Epoch 150/300, Train Loss: 0.028193, Val Loss: 0.027340  
	Train = MSE:0.028198 , RMSE:0.167922 , MAE:0.128531 , MAPD:0.668149, R_squared:0.999512  
	Validation = MSE:0.027340 , RMSE:0.165349 , MAE:0.125133 , MAPD:0.617670, R_squared:0.999508

2024-03-21 05:40:56,419 Epoch 151/300, Train Loss: 0.033518, Val Loss: 0.025897  
	Train = MSE:0.033524 , RMSE:0.183095 , MAE:0.137793 , MAPD:0.711729, R_squared:0.999420  
	Validation = MSE:0.025897 , RMSE:0.160927 , MAE:0.121741 , MAPD:0.580116, R_squared:0.999534

2024-03-21 05:41:16,872 Epoch 152/300, Train Loss: 0.031641, Val Loss: 0.055292  
	Train = MSE:0.031646 , RMSE:0.177893 , MAE:0.135141 , MAPD:0.699437, R_squared:0.999452  
	Validation = MSE:0.055292 , RMSE:0.235142 , MAE:0.202734 , MAPD:1.005853, R_squared:0.999005

2024-03-21 05:41:34,621 Epoch 153/300, Train Loss: 0.026897, Val Loss: 0.021597  
	Train = MSE:0.026897 , RMSE:0.164004 , MAE:0.126251 , MAPD:0.655579, R_squared:0.999534  
	Validation = MSE:0.021597 , RMSE:0.146960 , MAE:0.115728 , MAPD:0.670454, R_squared:0.999611

2024-03-21 05:41:52,570 Epoch 154/300, Train Loss: 0.024096, Val Loss: 0.032443  
	Train = MSE:0.024092 , RMSE:0.155215 , MAE:0.118373 , MAPD:0.610174, R_squared:0.999583  
	Validation = MSE:0.032443 , RMSE:0.180120 , MAE:0.148232 , MAPD:0.760810, R_squared:0.999416

2024-03-21 05:42:09,414 Epoch 155/300, Train Loss: 0.040082, Val Loss: 0.018409  
	Train = MSE:0.040071 , RMSE:0.200176 , MAE:0.149622 , MAPD:0.772962, R_squared:0.999306  
	Validation = MSE:0.018409 , RMSE:0.135680 , MAE:0.099764 , MAPD:0.502705, R_squared:0.999669

2024-03-21 05:42:28,615 Epoch 156/300, Train Loss: 0.038385, Val Loss: 0.018634  
	Train = MSE:0.038392 , RMSE:0.195938 , MAE:0.149456 , MAPD:0.767611, R_squared:0.999335  
	Validation = MSE:0.018634 , RMSE:0.136506 , MAE:0.102500 , MAPD:0.600234, R_squared:0.999665

2024-03-21 05:42:46,576 Epoch 157/300, Train Loss: 0.027646, Val Loss: 0.043095  
	Train = MSE:0.027653 , RMSE:0.166291 , MAE:0.128349 , MAPD:0.669641, R_squared:0.999521  
	Validation = MSE:0.043095 , RMSE:0.207593 , MAE:0.177703 , MAPD:0.994331, R_squared:0.999225

2024-03-21 05:43:04,043 Epoch 158/300, Train Loss: 0.027046, Val Loss: 0.029891  
	Train = MSE:0.027051 , RMSE:0.164471 , MAE:0.123417 , MAPD:0.633358, R_squared:0.999532  
	Validation = MSE:0.029891 , RMSE:0.172889 , MAE:0.142897 , MAPD:0.745073, R_squared:0.999462

2024-03-21 05:43:21,560 Epoch 159/300, Train Loss: 0.024435, Val Loss: 0.028597  
	Train = MSE:0.024440 , RMSE:0.156331 , MAE:0.120277 , MAPD:0.621175, R_squared:0.999577  
	Validation = MSE:0.028597 , RMSE:0.169107 , MAE:0.127761 , MAPD:0.627649, R_squared:0.999485

2024-03-21 05:43:38,853 Epoch 160/300, Train Loss: 0.030158, Val Loss: 0.097795  
	Train = MSE:0.030163 , RMSE:0.173674 , MAE:0.133778 , MAPD:0.693521, R_squared:0.999478  
	Validation = MSE:0.097795 , RMSE:0.312722 , MAE:0.285163 , MAPD:1.547101, R_squared:0.998240

2024-03-21 05:43:58,388 Epoch 161/300, Train Loss: 0.024831, Val Loss: 0.053344  
	Train = MSE:0.024818 , RMSE:0.157539 , MAE:0.120146 , MAPD:0.623250, R_squared:0.999570  
	Validation = MSE:0.053344 , RMSE:0.230964 , MAE:0.201674 , MAPD:1.103664, R_squared:0.999040

2024-03-21 05:44:19,344 Epoch 162/300, Train Loss: 0.024368, Val Loss: 0.015667  
	Train = MSE:0.024371 , RMSE:0.156113 , MAE:0.121489 , MAPD:0.632473, R_squared:0.999578  
	Validation = MSE:0.015667 , RMSE:0.125170 , MAE:0.090700 , MAPD:0.497868, R_squared:0.999718

2024-03-21 05:44:37,404 Epoch 163/300, Train Loss: 0.048350, Val Loss: 0.032108  
	Train = MSE:0.048362 , RMSE:0.219913 , MAE:0.166942 , MAPD:0.854365, R_squared:0.999163  
	Validation = MSE:0.032108 , RMSE:0.179187 , MAE:0.148580 , MAPD:0.812937, R_squared:0.999422

2024-03-21 05:44:56,978 Epoch 164/300, Train Loss: 0.028521, Val Loss: 0.026300  
	Train = MSE:0.028521 , RMSE:0.168882 , MAE:0.130663 , MAPD:0.680827, R_squared:0.999506  
	Validation = MSE:0.026300 , RMSE:0.162172 , MAE:0.129900 , MAPD:0.728971, R_squared:0.999527

2024-03-21 05:45:14,408 Epoch 165/300, Train Loss: 0.028210, Val Loss: 0.020438  
	Train = MSE:0.028210 , RMSE:0.167957 , MAE:0.129273 , MAPD:0.665023, R_squared:0.999512  
	Validation = MSE:0.020438 , RMSE:0.142963 , MAE:0.110908 , MAPD:0.571350, R_squared:0.999632

2024-03-21 05:45:34,259 Epoch 166/300, Train Loss: 0.024845, Val Loss: 0.056270  
	Train = MSE:0.024846 , RMSE:0.157625 , MAE:0.119419 , MAPD:0.627591, R_squared:0.999570  
	Validation = MSE:0.056270 , RMSE:0.237213 , MAE:0.212958 , MAPD:1.180757, R_squared:0.998987

2024-03-21 05:45:53,703 Epoch 167/300, Train Loss: 0.018304, Val Loss: 0.018694  
	Train = MSE:0.018309 , RMSE:0.135310 , MAE:0.102684 , MAPD:0.537369, R_squared:0.999683  
	Validation = MSE:0.018694 , RMSE:0.136726 , MAE:0.101550 , MAPD:0.535311, R_squared:0.999664

2024-03-21 05:46:11,560 Epoch 168/300, Train Loss: 0.025608, Val Loss: 0.035499  
	Train = MSE:0.025613 , RMSE:0.160041 , MAE:0.122473 , MAPD:0.639103, R_squared:0.999557  
	Validation = MSE:0.035499 , RMSE:0.188411 , MAE:0.158457 , MAPD:0.874486, R_squared:0.999361

2024-03-21 05:46:28,857 Epoch 169/300, Train Loss: 0.031498, Val Loss: 0.018061  
	Train = MSE:0.031506 , RMSE:0.177501 , MAE:0.137549 , MAPD:0.713962, R_squared:0.999455  
	Validation = MSE:0.018061 , RMSE:0.134393 , MAE:0.103119 , MAPD:0.596906, R_squared:0.999675

2024-03-21 05:46:46,984 Epoch 170/300, Train Loss: 0.026646, Val Loss: 0.056561  
	Train = MSE:0.026646 , RMSE:0.163237 , MAE:0.124549 , MAPD:0.650022, R_squared:0.999539  
	Validation = MSE:0.056561 , RMSE:0.237825 , MAE:0.206925 , MAPD:1.110619, R_squared:0.998982

2024-03-21 05:47:06,373 Epoch 171/300, Train Loss: 0.035025, Val Loss: 0.059384  
	Train = MSE:0.035027 , RMSE:0.187156 , MAE:0.144449 , MAPD:0.744221, R_squared:0.999394  
	Validation = MSE:0.059384 , RMSE:0.243688 , MAE:0.207681 , MAPD:1.033563, R_squared:0.998931

2024-03-21 05:47:27,332 Epoch 172/300, Train Loss: 0.028472, Val Loss: 0.030135  
	Train = MSE:0.028475 , RMSE:0.168747 , MAE:0.130791 , MAPD:0.677207, R_squared:0.999507  
	Validation = MSE:0.030135 , RMSE:0.173596 , MAE:0.148555 , MAPD:0.867569, R_squared:0.999458

2024-03-21 05:47:46,471 Epoch 173/300, Train Loss: 0.020766, Val Loss: 0.037882  
	Train = MSE:0.020767 , RMSE:0.144109 , MAE:0.110530 , MAPD:0.576192, R_squared:0.999641  
	Validation = MSE:0.037882 , RMSE:0.194633 , MAE:0.165887 , MAPD:0.855781, R_squared:0.999318

2024-03-21 05:48:04,040 Epoch 174/300, Train Loss: 0.033891, Val Loss: 0.049924  
	Train = MSE:0.033896 , RMSE:0.184109 , MAE:0.140448 , MAPD:0.720867, R_squared:0.999413  
	Validation = MSE:0.049924 , RMSE:0.223438 , MAE:0.188558 , MAPD:0.932368, R_squared:0.999102

2024-03-21 05:48:24,020 Epoch 175/300, Train Loss: 0.024973, Val Loss: 0.022560  
	Train = MSE:0.024976 , RMSE:0.158039 , MAE:0.122394 , MAPD:0.638261, R_squared:0.999568  
	Validation = MSE:0.022560 , RMSE:0.150200 , MAE:0.114434 , MAPD:0.640716, R_squared:0.999594

2024-03-21 05:48:45,176 Epoch 176/300, Train Loss: 0.020176, Val Loss: 0.025696  
	Train = MSE:0.020162 , RMSE:0.141995 , MAE:0.108664 , MAPD:0.569788, R_squared:0.999651  
	Validation = MSE:0.025696 , RMSE:0.160300 , MAE:0.130011 , MAPD:0.663259, R_squared:0.999538

2024-03-21 05:49:02,448 Epoch 177/300, Train Loss: 0.043483, Val Loss: 0.028465  
	Train = MSE:0.043486 , RMSE:0.208534 , MAE:0.160259 , MAPD:0.836880, R_squared:0.999247  
	Validation = MSE:0.028465 , RMSE:0.168716 , MAE:0.132211 , MAPD:0.658614, R_squared:0.999488

2024-03-21 05:49:21,054 Epoch 178/300, Train Loss: 0.026841, Val Loss: 0.013345  
	Train = MSE:0.026847 , RMSE:0.163852 , MAE:0.124663 , MAPD:0.646586, R_squared:0.999535  
	Validation = MSE:0.013345 , RMSE:0.115520 , MAE:0.079392 , MAPD:0.441532, R_squared:0.999760

2024-03-21 05:49:38,877 Epoch 179/300, Train Loss: 0.025361, Val Loss: 0.053987  
	Train = MSE:0.025365 , RMSE:0.159265 , MAE:0.122746 , MAPD:0.638220, R_squared:0.999561  
	Validation = MSE:0.053987 , RMSE:0.232351 , MAE:0.204470 , MAPD:1.054501, R_squared:0.999029

2024-03-21 05:49:57,365 Epoch 180/300, Train Loss: 0.025217, Val Loss: 0.019629  
	Train = MSE:0.025222 , RMSE:0.158815 , MAE:0.118999 , MAPD:0.618609, R_squared:0.999563  
	Validation = MSE:0.019629 , RMSE:0.140105 , MAE:0.114758 , MAPD:0.629671, R_squared:0.999647

2024-03-21 05:50:16,413 Epoch 181/300, Train Loss: 0.022787, Val Loss: 0.020444  
	Train = MSE:0.022789 , RMSE:0.150961 , MAE:0.117637 , MAPD:0.616308, R_squared:0.999606  
	Validation = MSE:0.020444 , RMSE:0.142982 , MAE:0.109790 , MAPD:0.587802, R_squared:0.999632

2024-03-21 05:50:37,190 Epoch 182/300, Train Loss: 0.029221, Val Loss: 0.042738  
	Train = MSE:0.029227 , RMSE:0.170960 , MAE:0.130880 , MAPD:0.686974, R_squared:0.999494  
	Validation = MSE:0.042738 , RMSE:0.206731 , MAE:0.162949 , MAPD:0.844229, R_squared:0.999231

2024-03-21 05:50:55,895 Epoch 183/300, Train Loss: 0.028338, Val Loss: 0.025411  
	Train = MSE:0.028340 , RMSE:0.168345 , MAE:0.128604 , MAPD:0.657908, R_squared:0.999509  
	Validation = MSE:0.025411 , RMSE:0.159408 , MAE:0.125584 , MAPD:0.653041, R_squared:0.999543

2024-03-21 05:51:13,402 Epoch 184/300, Train Loss: 0.030909, Val Loss: 0.086493  
	Train = MSE:0.030915 , RMSE:0.175826 , MAE:0.134974 , MAPD:0.698810, R_squared:0.999465  
	Validation = MSE:0.086493 , RMSE:0.294097 , MAE:0.265043 , MAPD:1.439257, R_squared:0.998444

2024-03-21 05:51:32,324 Epoch 185/300, Train Loss: 0.030055, Val Loss: 0.032661  
	Train = MSE:0.030061 , RMSE:0.173381 , MAE:0.129361 , MAPD:0.668028, R_squared:0.999480  
	Validation = MSE:0.032661 , RMSE:0.180723 , MAE:0.152199 , MAPD:0.863363, R_squared:0.999412

2024-03-21 05:51:51,535 Epoch 186/300, Train Loss: 0.026281, Val Loss: 0.080751  
	Train = MSE:0.026262 , RMSE:0.162055 , MAE:0.123995 , MAPD:0.639404, R_squared:0.999545  
	Validation = MSE:0.080751 , RMSE:0.284167 , MAE:0.236088 , MAPD:1.114968, R_squared:0.998547

2024-03-21 05:52:10,945 Epoch 187/300, Train Loss: 0.025870, Val Loss: 0.096832  
	Train = MSE:0.025873 , RMSE:0.160851 , MAE:0.121997 , MAPD:0.627767, R_squared:0.999552  
	Validation = MSE:0.096832 , RMSE:0.311178 , MAE:0.276812 , MAPD:1.405460, R_squared:0.998258

2024-03-21 05:52:29,682 Epoch 188/300, Train Loss: 0.035805, Val Loss: 0.040655  
	Train = MSE:0.035814 , RMSE:0.189245 , MAE:0.145031 , MAPD:0.746817, R_squared:0.999380  
	Validation = MSE:0.040655 , RMSE:0.201630 , MAE:0.178966 , MAPD:1.013802, R_squared:0.999268

2024-03-21 05:52:48,117 Epoch 189/300, Train Loss: 0.035695, Val Loss: 0.016819  
	Train = MSE:0.035703 , RMSE:0.188953 , MAE:0.144930 , MAPD:0.758866, R_squared:0.999382  
	Validation = MSE:0.016819 , RMSE:0.129688 , MAE:0.095969 , MAPD:0.535686, R_squared:0.999697

2024-03-21 05:53:06,748 Epoch 190/300, Train Loss: 0.019516, Val Loss: 0.030901  
	Train = MSE:0.019514 , RMSE:0.139694 , MAE:0.104873 , MAPD:0.543746, R_squared:0.999662  
	Validation = MSE:0.030901 , RMSE:0.175788 , MAE:0.144582 , MAPD:0.739648, R_squared:0.999444

2024-03-21 05:53:27,433 Epoch 191/300, Train Loss: 0.028630, Val Loss: 0.025517  
	Train = MSE:0.028638 , RMSE:0.169227 , MAE:0.132547 , MAPD:0.691197, R_squared:0.999504  
	Validation = MSE:0.025517 , RMSE:0.159742 , MAE:0.126518 , MAPD:0.658146, R_squared:0.999541

2024-03-21 05:53:48,676 Epoch 192/300, Train Loss: 0.036400, Val Loss: 0.128179  
	Train = MSE:0.036394 , RMSE:0.190772 , MAE:0.142100 , MAPD:0.732610, R_squared:0.999370  
	Validation = MSE:0.128179 , RMSE:0.358021 , MAE:0.341152 , MAPD:1.987963, R_squared:0.997694

2024-03-21 05:54:07,077 Epoch 193/300, Train Loss: 0.024079, Val Loss: 0.013504  
	Train = MSE:0.024075 , RMSE:0.155161 , MAE:0.117136 , MAPD:0.607231, R_squared:0.999583  
	Validation = MSE:0.013504 , RMSE:0.116208 , MAE:0.084128 , MAPD:0.463853, R_squared:0.999757

2024-03-21 05:54:26,164 Epoch 194/300, Train Loss: 0.022274, Val Loss: 0.014100  
	Train = MSE:0.022278 , RMSE:0.149259 , MAE:0.113352 , MAPD:0.589654, R_squared:0.999614  
	Validation = MSE:0.014100 , RMSE:0.118743 , MAE:0.086431 , MAPD:0.484182, R_squared:0.999746

2024-03-21 05:54:45,421 Epoch 195/300, Train Loss: 0.036140, Val Loss: 0.012236  
	Train = MSE:0.036149 , RMSE:0.190130 , MAE:0.144122 , MAPD:0.739544, R_squared:0.999374  
	Validation = MSE:0.012236 , RMSE:0.110615 , MAE:0.079995 , MAPD:0.441823, R_squared:0.999780

2024-03-21 05:55:03,731 Epoch 196/300, Train Loss: 0.022590, Val Loss: 0.017253  
	Train = MSE:0.022594 , RMSE:0.150313 , MAE:0.114888 , MAPD:0.597081, R_squared:0.999609  
	Validation = MSE:0.017253 , RMSE:0.131352 , MAE:0.099657 , MAPD:0.557871, R_squared:0.999690

2024-03-21 05:55:25,036 Epoch 197/300, Train Loss: 0.025950, Val Loss: 0.014159  
	Train = MSE:0.025957 , RMSE:0.161110 , MAE:0.124768 , MAPD:0.646014, R_squared:0.999551  
	Validation = MSE:0.014159 , RMSE:0.118993 , MAE:0.086539 , MAPD:0.468446, R_squared:0.999745

2024-03-21 05:55:45,871 Epoch 198/300, Train Loss: 0.022899, Val Loss: 0.070775  
	Train = MSE:0.022877 , RMSE:0.151250 , MAE:0.114433 , MAPD:0.596146, R_squared:0.999604  
	Validation = MSE:0.070775 , RMSE:0.266036 , MAE:0.187304 , MAPD:0.867440, R_squared:0.998726

2024-03-21 05:56:06,374 Epoch 199/300, Train Loss: 0.043309, Val Loss: 0.026181  
	Train = MSE:0.043320 , RMSE:0.208135 , MAE:0.157296 , MAPD:0.805535, R_squared:0.999250  
	Validation = MSE:0.026181 , RMSE:0.161804 , MAE:0.123900 , MAPD:0.625533, R_squared:0.999529

2024-03-21 05:56:26,801 Epoch 200/300, Train Loss: 0.017900, Val Loss: 0.017675  
	Train = MSE:0.017905 , RMSE:0.133808 , MAE:0.102938 , MAPD:0.537202, R_squared:0.999690  
	Validation = MSE:0.017675 , RMSE:0.132947 , MAE:0.104554 , MAPD:0.583843, R_squared:0.999682

2024-03-21 05:56:47,562 Epoch 201/300, Train Loss: 0.041232, Val Loss: 0.019098  
	Train = MSE:0.041237 , RMSE:0.203070 , MAE:0.150012 , MAPD:0.765306, R_squared:0.999286  
	Validation = MSE:0.019098 , RMSE:0.138195 , MAE:0.105615 , MAPD:0.584471, R_squared:0.999656

2024-03-21 05:57:10,383 Epoch 202/300, Train Loss: 0.019420, Val Loss: 0.015870  
	Train = MSE:0.019423 , RMSE:0.139366 , MAE:0.107006 , MAPD:0.554200, R_squared:0.999664  
	Validation = MSE:0.015870 , RMSE:0.125975 , MAE:0.093346 , MAPD:0.504161, R_squared:0.999714

2024-03-21 05:57:31,407 Epoch 203/300, Train Loss: 0.022355, Val Loss: 0.015740  
	Train = MSE:0.022360 , RMSE:0.149532 , MAE:0.116089 , MAPD:0.599421, R_squared:0.999613  
	Validation = MSE:0.015740 , RMSE:0.125459 , MAE:0.087574 , MAPD:0.471779, R_squared:0.999717

2024-03-21 05:57:50,206 Epoch 204/300, Train Loss: 0.023877, Val Loss: 0.013324  
	Train = MSE:0.023879 , RMSE:0.154530 , MAE:0.115285 , MAPD:0.596235, R_squared:0.999587  
	Validation = MSE:0.013324 , RMSE:0.115430 , MAE:0.081686 , MAPD:0.441213, R_squared:0.999760

2024-03-21 05:58:09,704 Epoch 205/300, Train Loss: 0.025966, Val Loss: 0.022445  
	Train = MSE:0.025970 , RMSE:0.161152 , MAE:0.123966 , MAPD:0.645297, R_squared:0.999550  
	Validation = MSE:0.022445 , RMSE:0.149816 , MAE:0.112034 , MAPD:0.589007, R_squared:0.999596

2024-03-21 05:58:28,837 Epoch 206/300, Train Loss: 0.032391, Val Loss: 0.030796  
	Train = MSE:0.032393 , RMSE:0.179979 , MAE:0.133821 , MAPD:0.692026, R_squared:0.999439  
	Validation = MSE:0.030796 , RMSE:0.175487 , MAE:0.142727 , MAPD:0.877050, R_squared:0.999446

2024-03-21 05:58:51,361 Epoch 207/300, Train Loss: 0.022428, Val Loss: 0.014550  
	Train = MSE:0.022430 , RMSE:0.149766 , MAE:0.114325 , MAPD:0.593394, R_squared:0.999612  
	Validation = MSE:0.014550 , RMSE:0.120623 , MAE:0.083382 , MAPD:0.458706, R_squared:0.999738

2024-03-21 05:59:11,702 Epoch 208/300, Train Loss: 0.026078, Val Loss: 0.028924  
	Train = MSE:0.026082 , RMSE:0.161499 , MAE:0.123253 , MAPD:0.631940, R_squared:0.999549  
	Validation = MSE:0.028924 , RMSE:0.170070 , MAE:0.129777 , MAPD:0.645700, R_squared:0.999480

2024-03-21 05:59:30,211 Epoch 209/300, Train Loss: 0.018837, Val Loss: 0.015468  
	Train = MSE:0.018841 , RMSE:0.137261 , MAE:0.104327 , MAPD:0.539078, R_squared:0.999674  
	Validation = MSE:0.015468 , RMSE:0.124369 , MAE:0.089938 , MAPD:0.492514, R_squared:0.999722

2024-03-21 05:59:51,101 Epoch 210/300, Train Loss: 0.024953, Val Loss: 0.015691  
	Train = MSE:0.024951 , RMSE:0.157960 , MAE:0.120624 , MAPD:0.622972, R_squared:0.999568  
	Validation = MSE:0.015691 , RMSE:0.125266 , MAE:0.087341 , MAPD:0.468243, R_squared:0.999718

2024-03-21 06:00:09,261 Epoch 211/300, Train Loss: 0.027084, Val Loss: 0.018389  
	Train = MSE:0.027088 , RMSE:0.164586 , MAE:0.123997 , MAPD:0.640211, R_squared:0.999531  
	Validation = MSE:0.018389 , RMSE:0.135606 , MAE:0.103770 , MAPD:0.586638, R_squared:0.999669

2024-03-21 06:00:31,014 Epoch 212/300, Train Loss: 0.028264, Val Loss: 0.018958  
	Train = MSE:0.028264 , RMSE:0.168120 , MAE:0.128367 , MAPD:0.664832, R_squared:0.999511  
	Validation = MSE:0.018958 , RMSE:0.137688 , MAE:0.101608 , MAPD:0.549966, R_squared:0.999659

2024-03-21 06:00:49,459 Epoch 213/300, Train Loss: 0.032740, Val Loss: 0.018090  
	Train = MSE:0.032744 , RMSE:0.180953 , MAE:0.137262 , MAPD:0.714634, R_squared:0.999433  
	Validation = MSE:0.018090 , RMSE:0.134500 , MAE:0.099295 , MAPD:0.558444, R_squared:0.999674

2024-03-21 06:01:09,980 Epoch 214/300, Train Loss: 0.020917, Val Loss: 0.022578  
	Train = MSE:0.020918 , RMSE:0.144631 , MAE:0.110505 , MAPD:0.578159, R_squared:0.999638  
	Validation = MSE:0.022578 , RMSE:0.150259 , MAE:0.112888 , MAPD:0.553946, R_squared:0.999594

2024-03-21 06:01:31,113 Epoch 215/300, Train Loss: 0.020493, Val Loss: 0.013970  
	Train = MSE:0.020496 , RMSE:0.143164 , MAE:0.109780 , MAPD:0.571044, R_squared:0.999645  
	Validation = MSE:0.013970 , RMSE:0.118196 , MAE:0.086819 , MAPD:0.494487, R_squared:0.999749

2024-03-21 06:01:52,938 Epoch 216/300, Train Loss: 0.020346, Val Loss: 0.031148  
	Train = MSE:0.020349 , RMSE:0.142650 , MAE:0.109947 , MAPD:0.574661, R_squared:0.999648  
	Validation = MSE:0.031148 , RMSE:0.176489 , MAE:0.144958 , MAPD:0.736008, R_squared:0.999440

2024-03-21 06:02:16,600 Epoch 217/300, Train Loss: 0.027045, Val Loss: 0.014744  
	Train = MSE:0.027050 , RMSE:0.164470 , MAE:0.125981 , MAPD:0.655714, R_squared:0.999532  
	Validation = MSE:0.014744 , RMSE:0.121426 , MAE:0.089437 , MAPD:0.480069, R_squared:0.999735

2024-03-21 06:02:38,731 Epoch 218/300, Train Loss: 0.023233, Val Loss: 0.016571  
	Train = MSE:0.023230 , RMSE:0.152414 , MAE:0.118890 , MAPD:0.620041, R_squared:0.999598  
	Validation = MSE:0.016571 , RMSE:0.128730 , MAE:0.089630 , MAPD:0.493087, R_squared:0.999702

2024-03-21 06:03:01,169 Epoch 219/300, Train Loss: 0.028991, Val Loss: 0.017184  
	Train = MSE:0.028998 , RMSE:0.170287 , MAE:0.128782 , MAPD:0.672298, R_squared:0.999498  
	Validation = MSE:0.017184 , RMSE:0.131087 , MAE:0.100031 , MAPD:0.543494, R_squared:0.999691

2024-03-21 06:03:24,606 Epoch 220/300, Train Loss: 0.024006, Val Loss: 0.024294  
	Train = MSE:0.024011 , RMSE:0.154954 , MAE:0.119550 , MAPD:0.620852, R_squared:0.999584  
	Validation = MSE:0.024294 , RMSE:0.155864 , MAE:0.122282 , MAPD:0.742618, R_squared:0.999563

2024-03-21 06:03:45,221 Epoch 221/300, Train Loss: 0.021641, Val Loss: 0.015689  
	Train = MSE:0.021637 , RMSE:0.147095 , MAE:0.111129 , MAPD:0.574863, R_squared:0.999625  
	Validation = MSE:0.015689 , RMSE:0.125255 , MAE:0.089822 , MAPD:0.473781, R_squared:0.999718

2024-03-21 06:04:11,075 Epoch 222/300, Train Loss: 0.026880, Val Loss: 0.036222  
	Train = MSE:0.026877 , RMSE:0.163942 , MAE:0.124668 , MAPD:0.642435, R_squared:0.999535  
	Validation = MSE:0.036222 , RMSE:0.190320 , MAE:0.164960 , MAPD:0.882218, R_squared:0.999348

2024-03-21 06:04:34,644 Epoch 223/300, Train Loss: 0.020791, Val Loss: 0.018295  
	Train = MSE:0.020795 , RMSE:0.144205 , MAE:0.111005 , MAPD:0.577221, R_squared:0.999640  
	Validation = MSE:0.018295 , RMSE:0.135260 , MAE:0.103221 , MAPD:0.611490, R_squared:0.999671

2024-03-21 06:05:00,032 Epoch 224/300, Train Loss: 0.024602, Val Loss: 0.021557  
	Train = MSE:0.024605 , RMSE:0.156861 , MAE:0.121983 , MAPD:0.630170, R_squared:0.999574  
	Validation = MSE:0.021557 , RMSE:0.146823 , MAE:0.119743 , MAPD:0.643563, R_squared:0.999612

2024-03-21 06:05:28,825 Epoch 225/300, Train Loss: 0.025251, Val Loss: 0.014314  
	Train = MSE:0.025254 , RMSE:0.158914 , MAE:0.119127 , MAPD:0.622527, R_squared:0.999563  
	Validation = MSE:0.014314 , RMSE:0.119643 , MAE:0.088538 , MAPD:0.491919, R_squared:0.999742

2024-03-21 06:05:52,971 Epoch 226/300, Train Loss: 0.023702, Val Loss: 0.012725  
	Train = MSE:0.023702 , RMSE:0.153956 , MAE:0.115721 , MAPD:0.590960, R_squared:0.999590  
	Validation = MSE:0.012725 , RMSE:0.112806 , MAE:0.079329 , MAPD:0.432292, R_squared:0.999771

2024-03-21 06:06:22,473 Epoch 227/300, Train Loss: 0.025537, Val Loss: 0.031180  
	Train = MSE:0.025537 , RMSE:0.159802 , MAE:0.120871 , MAPD:0.627893, R_squared:0.999558  
	Validation = MSE:0.031180 , RMSE:0.176579 , MAE:0.134878 , MAPD:0.782116, R_squared:0.999439

2024-03-21 06:06:47,288 Epoch 228/300, Train Loss: 0.028337, Val Loss: 0.041541  
	Train = MSE:0.028343 , RMSE:0.168354 , MAE:0.126250 , MAPD:0.655384, R_squared:0.999509  
	Validation = MSE:0.041541 , RMSE:0.203815 , MAE:0.172899 , MAPD:0.906385, R_squared:0.999253

2024-03-21 06:07:10,211 Epoch 229/300, Train Loss: 0.022801, Val Loss: 0.016134  
	Train = MSE:0.022802 , RMSE:0.151003 , MAE:0.117149 , MAPD:0.608782, R_squared:0.999605  
	Validation = MSE:0.016134 , RMSE:0.127020 , MAE:0.092459 , MAPD:0.500001, R_squared:0.999710

2024-03-21 06:07:33,259 Epoch 230/300, Train Loss: 0.023915, Val Loss: 0.034828  
	Train = MSE:0.023912 , RMSE:0.154637 , MAE:0.115804 , MAPD:0.601254, R_squared:0.999586  
	Validation = MSE:0.034828 , RMSE:0.186622 , MAE:0.165184 , MAPD:0.896227, R_squared:0.999373

2024-03-21 06:07:54,260 Epoch 231/300, Train Loss: 0.025842, Val Loss: 0.013977  
	Train = MSE:0.025844 , RMSE:0.160760 , MAE:0.124082 , MAPD:0.651285, R_squared:0.999553  
	Validation = MSE:0.013977 , RMSE:0.118226 , MAE:0.082652 , MAPD:0.444637, R_squared:0.999748

2024-03-21 06:08:19,716 Epoch 232/300, Train Loss: 0.019820, Val Loss: 0.059542  
	Train = MSE:0.019812 , RMSE:0.140754 , MAE:0.107661 , MAPD:0.565510, R_squared:0.999657  
	Validation = MSE:0.059542 , RMSE:0.244012 , MAE:0.206675 , MAPD:1.007016, R_squared:0.998929

2024-03-21 06:08:42,007 Epoch 233/300, Train Loss: 0.027310, Val Loss: 0.024200  
	Train = MSE:0.027309 , RMSE:0.165255 , MAE:0.128332 , MAPD:0.665962, R_squared:0.999527  
	Validation = MSE:0.024200 , RMSE:0.155565 , MAE:0.113910 , MAPD:0.574655, R_squared:0.999565

2024-03-21 06:09:02,533 Epoch 234/300, Train Loss: 0.030379, Val Loss: 0.023433  
	Train = MSE:0.030384 , RMSE:0.174311 , MAE:0.133146 , MAPD:0.688107, R_squared:0.999474  
	Validation = MSE:0.023433 , RMSE:0.153079 , MAE:0.118781 , MAPD:0.650273, R_squared:0.999578

2024-03-21 06:09:24,888 Epoch 235/300, Train Loss: 0.020653, Val Loss: 0.024321  
	Train = MSE:0.020651 , RMSE:0.143705 , MAE:0.110505 , MAPD:0.572716, R_squared:0.999643  
	Validation = MSE:0.024321 , RMSE:0.155952 , MAE:0.118652 , MAPD:0.611651, R_squared:0.999562

2024-03-21 06:09:46,866 Epoch 236/300, Train Loss: 0.038221, Val Loss: 0.013291  
	Train = MSE:0.038228 , RMSE:0.195520 , MAE:0.147912 , MAPD:0.765449, R_squared:0.999338  
	Validation = MSE:0.013291 , RMSE:0.115287 , MAE:0.080059 , MAPD:0.441895, R_squared:0.999761

2024-03-21 06:10:09,620 Epoch 237/300, Train Loss: 0.017692, Val Loss: 0.013581  
	Train = MSE:0.017696 , RMSE:0.133025 , MAE:0.100837 , MAPD:0.517277, R_squared:0.999694  
	Validation = MSE:0.013581 , RMSE:0.116538 , MAE:0.082017 , MAPD:0.453564, R_squared:0.999756

2024-03-21 06:10:34,288 Epoch 238/300, Train Loss: 0.019028, Val Loss: 0.011626  
	Train = MSE:0.018997 , RMSE:0.137831 , MAE:0.106210 , MAPD:0.553955, R_squared:0.999671  
	Validation = MSE:0.011626 , RMSE:0.107824 , MAE:0.076329 , MAPD:0.413610, R_squared:0.999791

2024-03-21 06:10:54,810 Epoch 239/300, Train Loss: 0.020651, Val Loss: 0.012759  
	Train = MSE:0.020657 , RMSE:0.143724 , MAE:0.110171 , MAPD:0.573419, R_squared:0.999642  
	Validation = MSE:0.012759 , RMSE:0.112955 , MAE:0.079214 , MAPD:0.437785, R_squared:0.999770

2024-03-21 06:11:18,758 Epoch 240/300, Train Loss: 0.020791, Val Loss: 0.018440  
	Train = MSE:0.020795 , RMSE:0.144206 , MAE:0.109842 , MAPD:0.568543, R_squared:0.999640  
	Validation = MSE:0.018440 , RMSE:0.135794 , MAE:0.100215 , MAPD:0.554338, R_squared:0.999668

2024-03-21 06:11:40,091 Epoch 241/300, Train Loss: 0.019877, Val Loss: 0.016687  
	Train = MSE:0.019877 , RMSE:0.140987 , MAE:0.108873 , MAPD:0.571756, R_squared:0.999656  
	Validation = MSE:0.016687 , RMSE:0.129178 , MAE:0.090933 , MAPD:0.477454, R_squared:0.999700

2024-03-21 06:12:03,682 Epoch 242/300, Train Loss: 0.026048, Val Loss: 0.015082  
	Train = MSE:0.026045 , RMSE:0.161385 , MAE:0.124361 , MAPD:0.650111, R_squared:0.999549  
	Validation = MSE:0.015082 , RMSE:0.122809 , MAE:0.087139 , MAPD:0.474818, R_squared:0.999729

2024-03-21 06:12:25,361 Epoch 243/300, Train Loss: 0.022459, Val Loss: 0.031552  
	Train = MSE:0.022461 , RMSE:0.149870 , MAE:0.114228 , MAPD:0.588471, R_squared:0.999611  
	Validation = MSE:0.031552 , RMSE:0.177628 , MAE:0.130816 , MAPD:0.651533, R_squared:0.999432

2024-03-21 06:12:47,345 Epoch 244/300, Train Loss: 0.030428, Val Loss: 0.036378  
	Train = MSE:0.030426 , RMSE:0.174432 , MAE:0.131311 , MAPD:0.678889, R_squared:0.999473  
	Validation = MSE:0.036378 , RMSE:0.190731 , MAE:0.165144 , MAPD:0.888224, R_squared:0.999345

2024-03-21 06:13:11,535 Epoch 245/300, Train Loss: 0.021952, Val Loss: 0.037652  
	Train = MSE:0.021951 , RMSE:0.148158 , MAE:0.113926 , MAPD:0.586315, R_squared:0.999620  
	Validation = MSE:0.037652 , RMSE:0.194040 , MAE:0.163624 , MAPD:0.949485, R_squared:0.999322

2024-03-21 06:13:33,489 Epoch 246/300, Train Loss: 0.025802, Val Loss: 0.016719  
	Train = MSE:0.025808 , RMSE:0.160650 , MAE:0.123760 , MAPD:0.641391, R_squared:0.999553  
	Validation = MSE:0.016719 , RMSE:0.129302 , MAE:0.090915 , MAPD:0.491086, R_squared:0.999699

2024-03-21 06:13:55,019 Epoch 247/300, Train Loss: 0.021298, Val Loss: 0.012518  
	Train = MSE:0.021302 , RMSE:0.145953 , MAE:0.111939 , MAPD:0.578014, R_squared:0.999631  
	Validation = MSE:0.012518 , RMSE:0.111882 , MAE:0.080641 , MAPD:0.443109, R_squared:0.999775

2024-03-21 06:14:20,839 Epoch 248/300, Train Loss: 0.021688, Val Loss: 0.018622  
	Train = MSE:0.021693 , RMSE:0.147286 , MAE:0.111929 , MAPD:0.581413, R_squared:0.999624  
	Validation = MSE:0.018622 , RMSE:0.136463 , MAE:0.105134 , MAPD:0.606713, R_squared:0.999665

2024-03-21 06:14:42,164 Epoch 249/300, Train Loss: 0.020579, Val Loss: 0.036004  
	Train = MSE:0.020578 , RMSE:0.143452 , MAE:0.108496 , MAPD:0.565756, R_squared:0.999644  
	Validation = MSE:0.036004 , RMSE:0.189747 , MAE:0.160416 , MAPD:0.837708, R_squared:0.999352

2024-03-21 06:15:05,730 Epoch 250/300, Train Loss: 0.026219, Val Loss: 0.103748  
	Train = MSE:0.026220 , RMSE:0.161927 , MAE:0.121545 , MAPD:0.626360, R_squared:0.999546  
	Validation = MSE:0.103748 , RMSE:0.322100 , MAE:0.301589 , MAPD:1.659107, R_squared:0.998133

2024-03-21 06:15:28,541 Epoch 251/300, Train Loss: 0.019899, Val Loss: 0.028051  
	Train = MSE:0.019894 , RMSE:0.141045 , MAE:0.107371 , MAPD:0.556469, R_squared:0.999656  
	Validation = MSE:0.028051 , RMSE:0.167486 , MAE:0.134345 , MAPD:0.675098, R_squared:0.999495

2024-03-21 06:15:52,149 Epoch 252/300, Train Loss: 0.025842, Val Loss: 0.016592  
	Train = MSE:0.025832 , RMSE:0.160724 , MAE:0.122973 , MAPD:0.635124, R_squared:0.999553  
	Validation = MSE:0.016592 , RMSE:0.128809 , MAE:0.090901 , MAPD:0.510583, R_squared:0.999701

2024-03-21 06:16:13,297 Epoch 253/300, Train Loss: 0.028517, Val Loss: 0.014367  
	Train = MSE:0.028523 , RMSE:0.168889 , MAE:0.127096 , MAPD:0.660211, R_squared:0.999506  
	Validation = MSE:0.014367 , RMSE:0.119862 , MAE:0.089802 , MAPD:0.485480, R_squared:0.999741

2024-03-21 06:16:34,505 Epoch 254/300, Train Loss: 0.024419, Val Loss: 0.016650  
	Train = MSE:0.024421 , RMSE:0.156272 , MAE:0.120444 , MAPD:0.623958, R_squared:0.999577  
	Validation = MSE:0.016650 , RMSE:0.129035 , MAE:0.094968 , MAPD:0.543299, R_squared:0.999700

2024-03-21 06:16:56,322 Epoch 255/300, Train Loss: 0.018398, Val Loss: 0.031636  
	Train = MSE:0.018401 , RMSE:0.135651 , MAE:0.103961 , MAPD:0.542477, R_squared:0.999681  
	Validation = MSE:0.031636 , RMSE:0.177866 , MAE:0.132908 , MAPD:0.636996, R_squared:0.999431

2024-03-21 06:17:20,449 Epoch 256/300, Train Loss: 0.021439, Val Loss: 0.055001  
	Train = MSE:0.021433 , RMSE:0.146402 , MAE:0.111446 , MAPD:0.576026, R_squared:0.999629  
	Validation = MSE:0.055001 , RMSE:0.234524 , MAE:0.202821 , MAPD:1.054619, R_squared:0.999010

2024-03-21 06:17:41,794 Epoch 257/300, Train Loss: 0.025272, Val Loss: 0.020548  
	Train = MSE:0.025274 , RMSE:0.158979 , MAE:0.122205 , MAPD:0.628149, R_squared:0.999562  
	Validation = MSE:0.020548 , RMSE:0.143347 , MAE:0.106640 , MAPD:0.608354, R_squared:0.999630

2024-03-21 06:18:03,926 Epoch 258/300, Train Loss: 0.027262, Val Loss: 0.011407  
	Train = MSE:0.027267 , RMSE:0.165126 , MAE:0.126042 , MAPD:0.650692, R_squared:0.999528  
	Validation = MSE:0.011407 , RMSE:0.106805 , MAE:0.073169 , MAPD:0.406526, R_squared:0.999795

2024-03-21 06:18:27,416 Epoch 259/300, Train Loss: 0.016168, Val Loss: 0.013969  
	Train = MSE:0.016170 , RMSE:0.127163 , MAE:0.098176 , MAPD:0.515072, R_squared:0.999720  
	Validation = MSE:0.013969 , RMSE:0.118191 , MAE:0.087381 , MAPD:0.464774, R_squared:0.999749

2024-03-21 06:18:49,364 Epoch 260/300, Train Loss: 0.031553, Val Loss: 0.281892  
	Train = MSE:0.031466 , RMSE:0.177386 , MAE:0.125444 , MAPD:0.644866, R_squared:0.999455  
	Validation = MSE:0.281892 , RMSE:0.530935 , MAE:0.402679 , MAPD:1.730232, R_squared:0.994928

2024-03-21 06:19:11,104 Epoch 261/300, Train Loss: 0.026765, Val Loss: 0.036108  
	Train = MSE:0.026766 , RMSE:0.163603 , MAE:0.117211 , MAPD:0.609533, R_squared:0.999537  
	Validation = MSE:0.036108 , RMSE:0.190020 , MAE:0.159366 , MAPD:0.947826, R_squared:0.999350

2024-03-21 06:19:37,097 Epoch 262/300, Train Loss: 0.026644, Val Loss: 0.022099  
	Train = MSE:0.026642 , RMSE:0.163223 , MAE:0.123062 , MAPD:0.632832, R_squared:0.999539  
	Validation = MSE:0.022099 , RMSE:0.148657 , MAE:0.113130 , MAPD:0.673034, R_squared:0.999602

2024-03-21 06:19:59,042 Epoch 263/300, Train Loss: 0.018059, Val Loss: 0.083548  
	Train = MSE:0.018052 , RMSE:0.134356 , MAE:0.100576 , MAPD:0.520748, R_squared:0.999688  
	Validation = MSE:0.083548 , RMSE:0.289047 , MAE:0.239037 , MAPD:1.127119, R_squared:0.998497

2024-03-21 06:20:20,691 Epoch 264/300, Train Loss: 0.021129, Val Loss: 0.013723  
	Train = MSE:0.021135 , RMSE:0.145380 , MAE:0.109721 , MAPD:0.567075, R_squared:0.999634  
	Validation = MSE:0.013723 , RMSE:0.117144 , MAE:0.084794 , MAPD:0.483501, R_squared:0.999753

2024-03-21 06:20:42,572 Epoch 265/300, Train Loss: 0.021519, Val Loss: 0.035390  
	Train = MSE:0.021524 , RMSE:0.146709 , MAE:0.112664 , MAPD:0.582598, R_squared:0.999627  
	Validation = MSE:0.035390 , RMSE:0.188121 , MAE:0.158758 , MAPD:0.882990, R_squared:0.999363

2024-03-21 06:21:04,542 Epoch 266/300, Train Loss: 0.021310, Val Loss: 0.012783  
	Train = MSE:0.021313 , RMSE:0.145988 , MAE:0.110282 , MAPD:0.574064, R_squared:0.999631  
	Validation = MSE:0.012783 , RMSE:0.113063 , MAE:0.077437 , MAPD:0.432418, R_squared:0.999770

2024-03-21 06:21:25,538 Epoch 267/300, Train Loss: 0.019101, Val Loss: 0.024545  
	Train = MSE:0.019102 , RMSE:0.138212 , MAE:0.106152 , MAPD:0.554928, R_squared:0.999669  
	Validation = MSE:0.024545 , RMSE:0.156667 , MAE:0.127827 , MAPD:0.665892, R_squared:0.999558

2024-03-21 06:21:47,128 Epoch 268/300, Train Loss: 0.025425, Val Loss: 0.035832  
	Train = MSE:0.025427 , RMSE:0.159460 , MAE:0.121721 , MAPD:0.629434, R_squared:0.999560  
	Validation = MSE:0.035832 , RMSE:0.189293 , MAE:0.161419 , MAPD:0.919928, R_squared:0.999355

2024-03-21 06:22:09,911 Epoch 269/300, Train Loss: 0.022392, Val Loss: 0.017707  
	Train = MSE:0.022382 , RMSE:0.149605 , MAE:0.115047 , MAPD:0.594609, R_squared:0.999613  
	Validation = MSE:0.017707 , RMSE:0.133068 , MAE:0.098947 , MAPD:0.584325, R_squared:0.999681

2024-03-21 06:22:31,672 Epoch 270/300, Train Loss: 0.031787, Val Loss: 0.015812  
	Train = MSE:0.031786 , RMSE:0.178286 , MAE:0.136944 , MAPD:0.709700, R_squared:0.999450  
	Validation = MSE:0.015812 , RMSE:0.125748 , MAE:0.089846 , MAPD:0.492593, R_squared:0.999715

2024-03-21 06:22:54,192 Epoch 271/300, Train Loss: 0.018745, Val Loss: 0.021785  
	Train = MSE:0.018735 , RMSE:0.136877 , MAE:0.104905 , MAPD:0.545888, R_squared:0.999676  
	Validation = MSE:0.021785 , RMSE:0.147597 , MAE:0.107601 , MAPD:0.521635, R_squared:0.999608

2024-03-21 06:23:19,726 Epoch 272/300, Train Loss: 0.019569, Val Loss: 0.015946  
	Train = MSE:0.019572 , RMSE:0.139898 , MAE:0.106082 , MAPD:0.554927, R_squared:0.999661  
	Validation = MSE:0.015946 , RMSE:0.126276 , MAE:0.095006 , MAPD:0.544206, R_squared:0.999713

2024-03-21 06:23:43,364 Epoch 273/300, Train Loss: 0.018821, Val Loss: 0.012762  
	Train = MSE:0.018823 , RMSE:0.137195 , MAE:0.103698 , MAPD:0.539941, R_squared:0.999674  
	Validation = MSE:0.012762 , RMSE:0.112970 , MAE:0.078070 , MAPD:0.432377, R_squared:0.999770

2024-03-21 06:24:04,517 Epoch 274/300, Train Loss: 0.023068, Val Loss: 0.018028  
	Train = MSE:0.023069 , RMSE:0.151886 , MAE:0.115543 , MAPD:0.596739, R_squared:0.999601  
	Validation = MSE:0.018028 , RMSE:0.134269 , MAE:0.104764 , MAPD:0.613617, R_squared:0.999676

2024-03-21 06:24:26,091 Epoch 275/300, Train Loss: 0.027544, Val Loss: 0.013561  
	Train = MSE:0.027545 , RMSE:0.165968 , MAE:0.129989 , MAPD:0.669752, R_squared:0.999523  
	Validation = MSE:0.013561 , RMSE:0.116453 , MAE:0.083241 , MAPD:0.469802, R_squared:0.999756

2024-03-21 06:24:48,685 Epoch 276/300, Train Loss: 0.018383, Val Loss: 0.075265  
	Train = MSE:0.018388 , RMSE:0.135603 , MAE:0.104207 , MAPD:0.546105, R_squared:0.999682  
	Validation = MSE:0.075265 , RMSE:0.274344 , MAE:0.219952 , MAPD:1.025442, R_squared:0.998646

2024-03-21 06:25:12,629 Epoch 277/300, Train Loss: 0.022531, Val Loss: 0.017192  
	Train = MSE:0.022525 , RMSE:0.150084 , MAE:0.113841 , MAPD:0.588452, R_squared:0.999610  
	Validation = MSE:0.017192 , RMSE:0.131117 , MAE:0.096991 , MAPD:0.523628, R_squared:0.999691

2024-03-21 06:25:34,843 Epoch 278/300, Train Loss: 0.021934, Val Loss: 0.057986  
	Train = MSE:0.021937 , RMSE:0.148111 , MAE:0.113381 , MAPD:0.588285, R_squared:0.999620  
	Validation = MSE:0.057986 , RMSE:0.240802 , MAE:0.197802 , MAPD:0.940176, R_squared:0.998957

2024-03-21 06:25:56,309 Epoch 279/300, Train Loss: 0.019167, Val Loss: 0.043751  
	Train = MSE:0.019169 , RMSE:0.138451 , MAE:0.106241 , MAPD:0.546930, R_squared:0.999668  
	Validation = MSE:0.043751 , RMSE:0.209167 , MAE:0.182093 , MAPD:1.068971, R_squared:0.999213

2024-03-21 06:26:17,933 Epoch 280/300, Train Loss: 0.022580, Val Loss: 0.018346  
	Train = MSE:0.022580 , RMSE:0.150268 , MAE:0.113174 , MAPD:0.587004, R_squared:0.999609  
	Validation = MSE:0.018346 , RMSE:0.135448 , MAE:0.104312 , MAPD:0.620795, R_squared:0.999670

2024-03-21 06:26:41,251 Epoch 281/300, Train Loss: 0.023416, Val Loss: 0.016675  
	Train = MSE:0.023420 , RMSE:0.153035 , MAE:0.115976 , MAPD:0.603891, R_squared:0.999595  
	Validation = MSE:0.016675 , RMSE:0.129133 , MAE:0.099892 , MAPD:0.542496, R_squared:0.999700

2024-03-21 06:27:05,721 Epoch 282/300, Train Loss: 0.024907, Val Loss: 0.020446  
	Train = MSE:0.024904 , RMSE:0.157809 , MAE:0.120107 , MAPD:0.617793, R_squared:0.999569  
	Validation = MSE:0.020446 , RMSE:0.142989 , MAE:0.108883 , MAPD:0.555218, R_squared:0.999632

2024-03-21 06:27:27,772 Epoch 283/300, Train Loss: 0.016188, Val Loss: 0.026573  
	Train = MSE:0.016189 , RMSE:0.127237 , MAE:0.096324 , MAPD:0.502256, R_squared:0.999720  
	Validation = MSE:0.026573 , RMSE:0.163014 , MAE:0.131732 , MAPD:0.784678, R_squared:0.999522

2024-03-21 06:27:46,728 Epoch 284/300, Train Loss: 0.024805, Val Loss: 0.028044  
	Train = MSE:0.024807 , RMSE:0.157501 , MAE:0.118644 , MAPD:0.603581, R_squared:0.999571  
	Validation = MSE:0.028044 , RMSE:0.167464 , MAE:0.125678 , MAPD:0.616196, R_squared:0.999495

2024-03-21 06:28:05,303 Epoch 285/300, Train Loss: 0.034059, Val Loss: 0.028266  
	Train = MSE:0.034066 , RMSE:0.184571 , MAE:0.139178 , MAPD:0.715711, R_squared:0.999410  
	Validation = MSE:0.028266 , RMSE:0.168124 , MAE:0.138519 , MAPD:0.701634, R_squared:0.999491

2024-03-21 06:28:24,038 Epoch 286/300, Train Loss: 0.019678, Val Loss: 0.021452  
	Train = MSE:0.019683 , RMSE:0.140295 , MAE:0.108077 , MAPD:0.558456, R_squared:0.999659  
	Validation = MSE:0.021452 , RMSE:0.146466 , MAE:0.113799 , MAPD:0.621540, R_squared:0.999614

2024-03-21 06:28:43,968 Epoch 287/300, Train Loss: 0.021856, Val Loss: 0.034129  
	Train = MSE:0.021851 , RMSE:0.147820 , MAE:0.113656 , MAPD:0.582991, R_squared:0.999622  
	Validation = MSE:0.034129 , RMSE:0.184739 , MAE:0.157768 , MAPD:0.873856, R_squared:0.999386

2024-03-21 06:29:02,201 Epoch 288/300, Train Loss: 0.014628, Val Loss: 0.016721  
	Train = MSE:0.014630 , RMSE:0.120957 , MAE:0.092493 , MAPD:0.480474, R_squared:0.999747  
	Validation = MSE:0.016721 , RMSE:0.129308 , MAE:0.095758 , MAPD:0.487652, R_squared:0.999699

2024-03-21 06:29:20,444 Epoch 289/300, Train Loss: 0.019646, Val Loss: 0.013876  
	Train = MSE:0.019651 , RMSE:0.140180 , MAE:0.106616 , MAPD:0.556789, R_squared:0.999660  
	Validation = MSE:0.013876 , RMSE:0.117797 , MAE:0.084699 , MAPD:0.466206, R_squared:0.999750

2024-03-21 06:29:40,537 Epoch 290/300, Train Loss: 0.021755, Val Loss: 0.014149  
	Train = MSE:0.021758 , RMSE:0.147505 , MAE:0.112264 , MAPD:0.581894, R_squared:0.999623  
	Validation = MSE:0.014149 , RMSE:0.118950 , MAE:0.087173 , MAPD:0.497434, R_squared:0.999745

2024-03-21 06:30:00,711 Epoch 291/300, Train Loss: 0.020314, Val Loss: 0.016292  
	Train = MSE:0.020316 , RMSE:0.142533 , MAE:0.108021 , MAPD:0.558427, R_squared:0.999648  
	Validation = MSE:0.016292 , RMSE:0.127641 , MAE:0.094671 , MAPD:0.559266, R_squared:0.999707

2024-03-21 06:30:24,170 Epoch 292/300, Train Loss: 0.022416, Val Loss: 0.067285  
	Train = MSE:0.022417 , RMSE:0.149725 , MAE:0.112960 , MAPD:0.577846, R_squared:0.999612  
	Validation = MSE:0.067285 , RMSE:0.259393 , MAE:0.236490 , MAPD:1.233387, R_squared:0.998789

2024-03-21 06:30:44,571 Epoch 293/300, Train Loss: 0.017777, Val Loss: 0.024795  
	Train = MSE:0.017781 , RMSE:0.133347 , MAE:0.100032 , MAPD:0.516670, R_squared:0.999692  
	Validation = MSE:0.024795 , RMSE:0.157464 , MAE:0.129803 , MAPD:0.791913, R_squared:0.999554

2024-03-21 06:31:03,626 Epoch 294/300, Train Loss: 0.023725, Val Loss: 0.032435  
	Train = MSE:0.023721 , RMSE:0.154017 , MAE:0.118014 , MAPD:0.611617, R_squared:0.999589  
	Validation = MSE:0.032435 , RMSE:0.180098 , MAE:0.140009 , MAPD:0.665217, R_squared:0.999416

2024-03-21 06:31:24,525 Epoch 295/300, Train Loss: 0.021970, Val Loss: 0.020337  
	Train = MSE:0.021969 , RMSE:0.148220 , MAE:0.111088 , MAPD:0.569527, R_squared:0.999620  
	Validation = MSE:0.020337 , RMSE:0.142607 , MAE:0.109847 , MAPD:0.577742, R_squared:0.999634

2024-03-21 06:31:46,097 Epoch 296/300, Train Loss: 0.019547, Val Loss: 0.032574  
	Train = MSE:0.019547 , RMSE:0.139811 , MAE:0.107461 , MAPD:0.553275, R_squared:0.999662  
	Validation = MSE:0.032574 , RMSE:0.180483 , MAE:0.138913 , MAPD:0.679924, R_squared:0.999414

2024-03-21 06:32:05,184 Epoch 297/300, Train Loss: 0.018083, Val Loss: 0.018315  
	Train = MSE:0.018085 , RMSE:0.134480 , MAE:0.101509 , MAPD:0.524641, R_squared:0.999687  
	Validation = MSE:0.018315 , RMSE:0.135332 , MAE:0.099500 , MAPD:0.533945, R_squared:0.999670

2024-03-21 06:32:24,019 Epoch 298/300, Train Loss: 0.017280, Val Loss: 0.017367  
	Train = MSE:0.017279 , RMSE:0.131451 , MAE:0.098809 , MAPD:0.511253, R_squared:0.999701  
	Validation = MSE:0.017367 , RMSE:0.131786 , MAE:0.101791 , MAPD:0.562778, R_squared:0.999687

2024-03-21 06:32:45,257 Epoch 299/300, Train Loss: 0.018739, Val Loss: 0.012081  
	Train = MSE:0.018740 , RMSE:0.136895 , MAE:0.103675 , MAPD:0.536019, R_squared:0.999676  
	Validation = MSE:0.012081 , RMSE:0.109916 , MAE:0.076533 , MAPD:0.440756, R_squared:0.999783

2024-03-21 06:33:03,953 Epoch 300/300, Train Loss: 0.022934, Val Loss: 0.039253  
	Train = MSE:0.022928 , RMSE:0.151421 , MAE:0.117103 , MAPD:0.605899, R_squared:0.999603  
	Validation = MSE:0.039253 , RMSE:0.198124 , MAE:0.163068 , MAPD:0.799013, R_squared:0.999294

2024-03-21 06:33:03,959 Time for training the model: 7749.315999
2024-03-21 06:33:14,068 MSE for train: 0.038688
2024-03-21 06:33:14,068 RMSE for train: 0.196693
2024-03-21 06:33:14,068 MAE for train: 0.163730
2024-03-21 06:33:14,068 MAPD for train: 0.777472
2024-03-21 06:33:14,068 R^2 Score for train: 0.999330
2024-03-21 06:33:14,071 Inference time for train dataset: 6.295001

2024-03-21 06:33:14,815 MSE for val: 0.039253
2024-03-21 06:33:14,816 RMSE for val: 0.198124
2024-03-21 06:33:14,816 MAE for val: 0.163068
2024-03-21 06:33:14,816 MAPD for val: 0.799013
2024-03-21 06:33:14,816 R^2 Score for val: 0.999294
2024-03-21 06:33:14,821 Inference time for val dataset: 0.744999

2024-03-21 06:33:15,866 MSE for test: 0.043691
2024-03-21 06:33:15,867 RMSE for test: 0.209023
2024-03-21 06:33:15,867 MAE for test: 0.171865
2024-03-21 06:33:15,867 MAPD for test: 0.799862
2024-03-21 06:33:15,867 R^2 Score for test: 0.999279
2024-03-21 06:33:15,871 Inference time for test dataset: 1.046000

2024-03-21 06:33:19,253 Train label average: , [20.62097221]
2024-03-21 06:33:19,253 Test label average: , [21.41736175]
2024-03-21 06:33:19,253 validation label average: , [20.14607025]
2024-03-21 06:33:19,253 predicted (on validation dataset) values average: , 21.5731982421875
