2024-03-21 05:48:16,736 train batches in dataset: 50
2024-03-21 05:48:16,737 val batches in dataset: 7
2024-03-21 05:48:16,737 test batches in dataset: 7
2024-03-21 05:48:16,754 Trainable parameter: net_core.0.weight - size: torch.Size([256, 35])
2024-03-21 05:48:16,759 Trainable parameter: net_core.0.bias - size: torch.Size([256])
2024-03-21 05:48:16,762 Trainable parameter: net_core.1.weight - size: torch.Size([128, 256])
2024-03-21 05:48:16,767 Trainable parameter: net_core.1.bias - size: torch.Size([128])
2024-03-21 05:48:16,772 Trainable parameter: net_core.2.weight - size: torch.Size([64, 128])
2024-03-21 05:48:16,776 Trainable parameter: net_core.2.bias - size: torch.Size([64])
2024-03-21 05:48:16,780 Trainable parameter: net_core.3.weight - size: torch.Size([16, 64])
2024-03-21 05:48:16,781 Trainable parameter: net_core.3.bias - size: torch.Size([16])
2024-03-21 05:48:16,781 Trainable parameter: net_core.4.weight - size: torch.Size([1, 16])
2024-03-21 05:48:16,781 Trainable parameter: net_core.4.bias - size: torch.Size([1])
2024-03-21 05:48:16,782 Number of trainable parameters: 51425
2024-03-21 05:48:16,782 Number of non-trainable parameters: 0
2024-03-21 05:48:20,103 Epoch 1/300, Train Loss: 302.297798, Val Loss: 104.819504  
	Train = MSE:302.348267 , RMSE:17.388165 , MAE:15.368909 , MAPD:71.523737, R_squared:-4.233700  
	Validation = MSE:101.124756 , RMSE:10.056081 , MAE:7.530232 , MAPD:31.302970, R_squared:-0.819643

2024-03-21 05:48:23,470 Epoch 2/300, Train Loss: 50.947745, Val Loss: 37.399676  
	Train = MSE:50.948769 , RMSE:7.137841 , MAE:5.794455 , MAPD:30.601478, R_squared:0.118068  
	Validation = MSE:36.015854 , RMSE:6.001321 , MAE:5.004614 , MAPD:27.981635, R_squared:0.351929

2024-03-21 05:48:25,634 Epoch 3/300, Train Loss: 29.881401, Val Loss: 22.795327  
	Train = MSE:29.881405 , RMSE:5.466389 , MAE:4.606035 , MAPD:25.814564, R_squared:0.482748  
	Validation = MSE:22.243841 , RMSE:4.716338 , MAE:4.071028 , MAPD:24.040026, R_squared:0.599743

2024-03-21 05:48:27,799 Epoch 4/300, Train Loss: 15.074330, Val Loss: 8.426003  
	Train = MSE:15.075956 , RMSE:3.882777 , MAE:3.242838 , MAPD:18.993991, R_squared:0.739033  
	Validation = MSE:8.356012 , RMSE:2.890677 , MAE:2.404318 , MAPD:14.908052, R_squared:0.849642

2024-03-21 05:48:29,977 Epoch 5/300, Train Loss: 4.849530, Val Loss: 2.915081  
	Train = MSE:4.850204 , RMSE:2.202318 , MAE:1.730658 , MAPD:10.664090, R_squared:0.916042  
	Validation = MSE:2.867050 , RMSE:1.693237 , MAE:1.318542 , MAPD:8.283896, R_squared:0.948410

2024-03-21 05:48:33,043 Epoch 6/300, Train Loss: 2.202451, Val Loss: 1.681664  
	Train = MSE:2.202714 , RMSE:1.484154 , MAE:1.177362 , MAPD:7.009942, R_squared:0.961871  
	Validation = MSE:1.664645 , RMSE:1.290211 , MAE:1.007402 , MAPD:6.079458, R_squared:0.970046

2024-03-21 05:48:35,268 Epoch 7/300, Train Loss: 1.453725, Val Loss: 1.155628  
	Train = MSE:1.453882 , RMSE:1.205770 , MAE:0.961881 , MAPD:5.561956, R_squared:0.974833  
	Validation = MSE:1.153039 , RMSE:1.073797 , MAE:0.854569 , MAPD:4.958660, R_squared:0.979252

2024-03-21 05:48:38,476 Epoch 8/300, Train Loss: 1.038955, Val Loss: 0.810509  
	Train = MSE:1.039060 , RMSE:1.019343 , MAE:0.810965 , MAPD:4.628087, R_squared:0.982014  
	Validation = MSE:0.807105 , RMSE:0.898390 , MAE:0.706631 , MAPD:4.103843, R_squared:0.985477

2024-03-21 05:48:41,840 Epoch 9/300, Train Loss: 0.752648, Val Loss: 0.588609  
	Train = MSE:0.752702 , RMSE:0.867584 , MAE:0.690474 , MAPD:3.895051, R_squared:0.986971  
	Validation = MSE:0.598465 , RMSE:0.773605 , MAE:0.618695 , MAPD:3.457695, R_squared:0.989231

2024-03-21 05:48:45,156 Epoch 10/300, Train Loss: 0.536323, Val Loss: 0.403500  
	Train = MSE:0.536373 , RMSE:0.732375 , MAE:0.578936 , MAPD:3.226202, R_squared:0.990715  
	Validation = MSE:0.402653 , RMSE:0.634549 , MAE:0.493672 , MAPD:2.755263, R_squared:0.992755

2024-03-21 05:48:47,415 Epoch 11/300, Train Loss: 0.386271, Val Loss: 0.298911  
	Train = MSE:0.386242 , RMSE:0.621484 , MAE:0.484585 , MAPD:2.652610, R_squared:0.993314  
	Validation = MSE:0.309526 , RMSE:0.556350 , MAE:0.433423 , MAPD:2.370684, R_squared:0.994430

2024-03-21 05:48:50,898 Epoch 12/300, Train Loss: 0.304405, Val Loss: 0.239205  
	Train = MSE:0.304406 , RMSE:0.551730 , MAE:0.426506 , MAPD:2.282482, R_squared:0.994731  
	Validation = MSE:0.238013 , RMSE:0.487865 , MAE:0.371205 , MAPD:2.045694, R_squared:0.995717

2024-03-21 05:48:53,101 Epoch 13/300, Train Loss: 0.249369, Val Loss: 0.201829  
	Train = MSE:0.249390 , RMSE:0.499390 , MAE:0.382250 , MAPD:2.039138, R_squared:0.995683  
	Validation = MSE:0.204579 , RMSE:0.452304 , MAE:0.346488 , MAPD:1.900607, R_squared:0.996319

2024-03-21 05:48:55,296 Epoch 14/300, Train Loss: 0.216787, Val Loss: 0.201754  
	Train = MSE:0.216774 , RMSE:0.465590 , MAE:0.353090 , MAPD:1.856984, R_squared:0.996248  
	Validation = MSE:0.212346 , RMSE:0.460810 , MAE:0.349106 , MAPD:1.860080, R_squared:0.996179

2024-03-21 05:48:57,460 Epoch 15/300, Train Loss: 0.194611, Val Loss: 0.158427  
	Train = MSE:0.194627 , RMSE:0.441165 , MAE:0.332650 , MAPD:1.741817, R_squared:0.996631  
	Validation = MSE:0.161757 , RMSE:0.402190 , MAE:0.305371 , MAPD:1.679139, R_squared:0.997089

2024-03-21 05:48:59,617 Epoch 16/300, Train Loss: 0.173031, Val Loss: 0.155547  
	Train = MSE:0.173039 , RMSE:0.415980 , MAE:0.314454 , MAPD:1.656002, R_squared:0.997005  
	Validation = MSE:0.152253 , RMSE:0.390196 , MAE:0.296111 , MAPD:1.617042, R_squared:0.997260

2024-03-21 05:49:01,834 Epoch 17/300, Train Loss: 0.158905, Val Loss: 0.137278  
	Train = MSE:0.158866 , RMSE:0.398580 , MAE:0.299881 , MAPD:1.572929, R_squared:0.997250  
	Validation = MSE:0.137611 , RMSE:0.370959 , MAE:0.280658 , MAPD:1.543298, R_squared:0.997524

2024-03-21 05:49:04,594 Epoch 18/300, Train Loss: 0.145009, Val Loss: 0.124500  
	Train = MSE:0.145020 , RMSE:0.380815 , MAE:0.285816 , MAPD:1.510820, R_squared:0.997490  
	Validation = MSE:0.129775 , RMSE:0.360243 , MAE:0.272571 , MAPD:1.492003, R_squared:0.997665

2024-03-21 05:49:07,175 Epoch 19/300, Train Loss: 0.138920, Val Loss: 0.131472  
	Train = MSE:0.138917 , RMSE:0.372716 , MAE:0.278792 , MAPD:1.464840, R_squared:0.997595  
	Validation = MSE:0.138532 , RMSE:0.372199 , MAE:0.277529 , MAPD:1.504357, R_squared:0.997507

2024-03-21 05:49:09,349 Epoch 20/300, Train Loss: 0.130818, Val Loss: 0.112695  
	Train = MSE:0.130810 , RMSE:0.361676 , MAE:0.270912 , MAPD:1.427310, R_squared:0.997736  
	Validation = MSE:0.119220 , RMSE:0.345283 , MAE:0.260546 , MAPD:1.433473, R_squared:0.997855

2024-03-21 05:49:11,497 Epoch 21/300, Train Loss: 0.125548, Val Loss: 0.110516  
	Train = MSE:0.125557 , RMSE:0.354340 , MAE:0.264399 , MAPD:1.399854, R_squared:0.997827  
	Validation = MSE:0.117199 , RMSE:0.342343 , MAE:0.253598 , MAPD:1.387713, R_squared:0.997891

2024-03-21 05:49:15,063 Epoch 22/300, Train Loss: 0.118682, Val Loss: 0.105464  
	Train = MSE:0.118684 , RMSE:0.344506 , MAE:0.257509 , MAPD:1.364388, R_squared:0.997946  
	Validation = MSE:0.108404 , RMSE:0.329248 , MAE:0.244341 , MAPD:1.349329, R_squared:0.998049

2024-03-21 05:49:17,249 Epoch 23/300, Train Loss: 0.118846, Val Loss: 0.125273  
	Train = MSE:0.118859 , RMSE:0.344760 , MAE:0.257525 , MAPD:1.363883, R_squared:0.997943  
	Validation = MSE:0.133809 , RMSE:0.365799 , MAE:0.269735 , MAPD:1.443269, R_squared:0.997592

2024-03-21 05:49:19,452 Epoch 24/300, Train Loss: 0.110565, Val Loss: 0.097972  
	Train = MSE:0.110573 , RMSE:0.332525 , MAE:0.248513 , MAPD:1.320549, R_squared:0.998086  
	Validation = MSE:0.103633 , RMSE:0.321921 , MAE:0.237067 , MAPD:1.304853, R_squared:0.998135

2024-03-21 05:49:22,162 Epoch 25/300, Train Loss: 0.107522, Val Loss: 0.098071  
	Train = MSE:0.107519 , RMSE:0.327901 , MAE:0.245804 , MAPD:1.307551, R_squared:0.998139  
	Validation = MSE:0.104520 , RMSE:0.323295 , MAE:0.241526 , MAPD:1.344575, R_squared:0.998119

2024-03-21 05:49:24,324 Epoch 26/300, Train Loss: 0.102789, Val Loss: 0.095740  
	Train = MSE:0.102780 , RMSE:0.320593 , MAE:0.239793 , MAPD:1.283543, R_squared:0.998221  
	Validation = MSE:0.098935 , RMSE:0.314540 , MAE:0.231145 , MAPD:1.267423, R_squared:0.998220

2024-03-21 05:49:27,038 Epoch 27/300, Train Loss: 0.100517, Val Loss: 0.091593  
	Train = MSE:0.100530 , RMSE:0.317065 , MAE:0.234338 , MAPD:1.248909, R_squared:0.998260  
	Validation = MSE:0.098053 , RMSE:0.313134 , MAE:0.226770 , MAPD:1.242569, R_squared:0.998236

2024-03-21 05:49:29,227 Epoch 28/300, Train Loss: 0.099790, Val Loss: 0.108584  
	Train = MSE:0.099788 , RMSE:0.315893 , MAE:0.236804 , MAPD:1.271018, R_squared:0.998273  
	Validation = MSE:0.115332 , RMSE:0.339606 , MAE:0.248489 , MAPD:1.366081, R_squared:0.997925

2024-03-21 05:49:31,426 Epoch 29/300, Train Loss: 0.097232, Val Loss: 0.088038  
	Train = MSE:0.097238 , RMSE:0.311830 , MAE:0.231888 , MAPD:1.246001, R_squared:0.998317  
	Validation = MSE:0.092628 , RMSE:0.304348 , MAE:0.228562 , MAPD:1.278166, R_squared:0.998333

2024-03-21 05:49:33,598 Epoch 30/300, Train Loss: 0.093123, Val Loss: 0.084994  
	Train = MSE:0.093133 , RMSE:0.305177 , MAE:0.225497 , MAPD:1.209525, R_squared:0.998388  
	Validation = MSE:0.090398 , RMSE:0.300663 , MAE:0.220098 , MAPD:1.216538, R_squared:0.998373

2024-03-21 05:49:35,781 Epoch 31/300, Train Loss: 0.090804, Val Loss: 0.083107  
	Train = MSE:0.090797 , RMSE:0.301326 , MAE:0.222975 , MAPD:1.196191, R_squared:0.998428  
	Validation = MSE:0.086384 , RMSE:0.293912 , MAE:0.216705 , MAPD:1.214813, R_squared:0.998446

2024-03-21 05:49:39,185 Epoch 32/300, Train Loss: 0.091625, Val Loss: 0.083491  
	Train = MSE:0.091625 , RMSE:0.302697 , MAE:0.224986 , MAPD:1.218104, R_squared:0.998414  
	Validation = MSE:0.088951 , RMSE:0.298246 , MAE:0.221729 , MAPD:1.234229, R_squared:0.998399

2024-03-21 05:49:41,574 Epoch 33/300, Train Loss: 0.094497, Val Loss: 0.090619  
	Train = MSE:0.094489 , RMSE:0.307391 , MAE:0.225791 , MAPD:1.206164, R_squared:0.998364  
	Validation = MSE:0.094007 , RMSE:0.306606 , MAE:0.219912 , MAPD:1.224349, R_squared:0.998308

2024-03-21 05:49:44,050 Epoch 34/300, Train Loss: 0.086815, Val Loss: 0.087577  
	Train = MSE:0.086829 , RMSE:0.294667 , MAE:0.217734 , MAPD:1.165310, R_squared:0.998497  
	Validation = MSE:0.094023 , RMSE:0.306632 , MAE:0.217587 , MAPD:1.173931, R_squared:0.998308

2024-03-21 05:49:46,229 Epoch 35/300, Train Loss: 0.082514, Val Loss: 0.077272  
	Train = MSE:0.082518 , RMSE:0.287259 , MAE:0.211719 , MAPD:1.139768, R_squared:0.998572  
	Validation = MSE:0.079705 , RMSE:0.282321 , MAE:0.204550 , MAPD:1.132328, R_squared:0.998566

2024-03-21 05:49:48,392 Epoch 36/300, Train Loss: 0.082452, Val Loss: 0.082212  
	Train = MSE:0.082452 , RMSE:0.287144 , MAE:0.211620 , MAPD:1.135048, R_squared:0.998573  
	Validation = MSE:0.084012 , RMSE:0.289848 , MAE:0.207843 , MAPD:1.133989, R_squared:0.998488

2024-03-21 05:49:51,413 Epoch 37/300, Train Loss: 0.081097, Val Loss: 0.074303  
	Train = MSE:0.081069 , RMSE:0.284726 , MAE:0.207408 , MAPD:1.112822, R_squared:0.998597  
	Validation = MSE:0.076455 , RMSE:0.276504 , MAE:0.197008 , MAPD:1.089860, R_squared:0.998624

2024-03-21 05:49:53,599 Epoch 38/300, Train Loss: 0.076883, Val Loss: 0.073438  
	Train = MSE:0.076889 , RMSE:0.277289 , MAE:0.203036 , MAPD:1.094317, R_squared:0.998669  
	Validation = MSE:0.078250 , RMSE:0.279732 , MAE:0.199674 , MAPD:1.102495, R_squared:0.998592

2024-03-21 05:49:55,814 Epoch 39/300, Train Loss: 0.077439, Val Loss: 0.068230  
	Train = MSE:0.077445 , RMSE:0.278289 , MAE:0.204411 , MAPD:1.101553, R_squared:0.998659  
	Validation = MSE:0.071884 , RMSE:0.268112 , MAE:0.190973 , MAPD:1.063049, R_squared:0.998707

2024-03-21 05:49:58,353 Epoch 40/300, Train Loss: 0.078519, Val Loss: 0.071852  
	Train = MSE:0.078526 , RMSE:0.280225 , MAE:0.204127 , MAPD:1.103005, R_squared:0.998641  
	Validation = MSE:0.075544 , RMSE:0.274853 , MAE:0.192383 , MAPD:1.069132, R_squared:0.998641

2024-03-21 05:50:00,555 Epoch 41/300, Train Loss: 0.076047, Val Loss: 0.071578  
	Train = MSE:0.076044 , RMSE:0.275761 , MAE:0.201899 , MAPD:1.092198, R_squared:0.998684  
	Validation = MSE:0.074710 , RMSE:0.273331 , MAE:0.192551 , MAPD:1.074679, R_squared:0.998656

2024-03-21 05:50:04,215 Epoch 42/300, Train Loss: 0.070030, Val Loss: 0.066545  
	Train = MSE:0.070035 , RMSE:0.264642 , MAE:0.192171 , MAPD:1.039264, R_squared:0.998788  
	Validation = MSE:0.070926 , RMSE:0.266319 , MAE:0.192652 , MAPD:1.074363, R_squared:0.998724

2024-03-21 05:50:06,406 Epoch 43/300, Train Loss: 0.066855, Val Loss: 0.067414  
	Train = MSE:0.066859 , RMSE:0.258572 , MAE:0.187269 , MAPD:1.017548, R_squared:0.998843  
	Validation = MSE:0.072386 , RMSE:0.269046 , MAE:0.193882 , MAPD:1.064636, R_squared:0.998697

2024-03-21 05:50:09,301 Epoch 44/300, Train Loss: 0.066352, Val Loss: 0.066386  
	Train = MSE:0.066354 , RMSE:0.257593 , MAE:0.185174 , MAPD:1.006009, R_squared:0.998851  
	Validation = MSE:0.071581 , RMSE:0.267546 , MAE:0.189323 , MAPD:1.035797, R_squared:0.998712

2024-03-21 05:50:11,466 Epoch 45/300, Train Loss: 0.067346, Val Loss: 0.062389  
	Train = MSE:0.067350 , RMSE:0.259518 , MAE:0.189747 , MAPD:1.032305, R_squared:0.998834  
	Validation = MSE:0.064865 , RMSE:0.254686 , MAE:0.180242 , MAPD:1.004375, R_squared:0.998833

2024-03-21 05:50:14,027 Epoch 46/300, Train Loss: 0.064061, Val Loss: 0.063115  
	Train = MSE:0.064065 , RMSE:0.253111 , MAE:0.183640 , MAPD:0.999046, R_squared:0.998891  
	Validation = MSE:0.067983 , RMSE:0.260736 , MAE:0.184965 , MAPD:1.011798, R_squared:0.998777

2024-03-21 05:50:16,794 Epoch 47/300, Train Loss: 0.062198, Val Loss: 0.063107  
	Train = MSE:0.062194 , RMSE:0.249388 , MAE:0.180767 , MAPD:0.984252, R_squared:0.998923  
	Validation = MSE:0.067096 , RMSE:0.259030 , MAE:0.181635 , MAPD:1.021428, R_squared:0.998793

2024-03-21 05:50:19,645 Epoch 48/300, Train Loss: 0.059701, Val Loss: 0.059838  
	Train = MSE:0.059697 , RMSE:0.244330 , MAE:0.176262 , MAPD:0.962386, R_squared:0.998967  
	Validation = MSE:0.064364 , RMSE:0.253701 , MAE:0.178120 , MAPD:0.984685, R_squared:0.998842

2024-03-21 05:50:21,837 Epoch 49/300, Train Loss: 0.060262, Val Loss: 0.059521  
	Train = MSE:0.060261 , RMSE:0.245481 , MAE:0.177406 , MAPD:0.965612, R_squared:0.998957  
	Validation = MSE:0.063638 , RMSE:0.252266 , MAE:0.184941 , MAPD:1.037727, R_squared:0.998855

2024-03-21 05:50:24,936 Epoch 50/300, Train Loss: 0.058779, Val Loss: 0.060856  
	Train = MSE:0.058782 , RMSE:0.242450 , MAE:0.176481 , MAPD:0.955463, R_squared:0.998982  
	Validation = MSE:0.064071 , RMSE:0.253122 , MAE:0.178700 , MAPD:1.011194, R_squared:0.998847

2024-03-21 05:50:27,180 Epoch 51/300, Train Loss: 0.063528, Val Loss: 0.078403  
	Train = MSE:0.063520 , RMSE:0.252031 , MAE:0.185895 , MAPD:1.002837, R_squared:0.998900  
	Validation = MSE:0.083816 , RMSE:0.289509 , MAE:0.210736 , MAPD:1.148537, R_squared:0.998492

2024-03-21 05:50:30,905 Epoch 52/300, Train Loss: 0.056458, Val Loss: 0.053099  
	Train = MSE:0.056457 , RMSE:0.237607 , MAE:0.171272 , MAPD:0.935111, R_squared:0.999023  
	Validation = MSE:0.056556 , RMSE:0.237815 , MAE:0.167582 , MAPD:0.938659, R_squared:0.998982

2024-03-21 05:50:33,049 Epoch 53/300, Train Loss: 0.054474, Val Loss: 0.051739  
	Train = MSE:0.054480 , RMSE:0.233410 , MAE:0.167631 , MAPD:0.918223, R_squared:0.999057  
	Validation = MSE:0.054705 , RMSE:0.233890 , MAE:0.167295 , MAPD:0.944975, R_squared:0.999016

2024-03-21 05:50:35,237 Epoch 54/300, Train Loss: 0.057463, Val Loss: 0.055872  
	Train = MSE:0.057464 , RMSE:0.239716 , MAE:0.175039 , MAPD:0.949702, R_squared:0.999005  
	Validation = MSE:0.057567 , RMSE:0.239931 , MAE:0.178903 , MAPD:1.009464, R_squared:0.998964

2024-03-21 05:50:37,438 Epoch 55/300, Train Loss: 0.052995, Val Loss: 0.052893  
	Train = MSE:0.053002 , RMSE:0.230221 , MAE:0.166374 , MAPD:0.904226, R_squared:0.999083  
	Validation = MSE:0.056309 , RMSE:0.237295 , MAE:0.168661 , MAPD:0.943136, R_squared:0.998987

2024-03-21 05:50:39,788 Epoch 56/300, Train Loss: 0.052660, Val Loss: 0.056461  
	Train = MSE:0.052642 , RMSE:0.229439 , MAE:0.165900 , MAPD:0.903403, R_squared:0.999089  
	Validation = MSE:0.060170 , RMSE:0.245296 , MAE:0.170723 , MAPD:0.961954, R_squared:0.998917

2024-03-21 05:50:42,569 Epoch 57/300, Train Loss: 0.052037, Val Loss: 0.053481  
	Train = MSE:0.052038 , RMSE:0.228119 , MAE:0.166575 , MAPD:0.902763, R_squared:0.999099  
	Validation = MSE:0.054654 , RMSE:0.233782 , MAE:0.171082 , MAPD:0.946476, R_squared:0.999017

2024-03-21 05:50:45,300 Epoch 58/300, Train Loss: 0.059765, Val Loss: 0.049978  
	Train = MSE:0.059774 , RMSE:0.244487 , MAE:0.179273 , MAPD:0.964513, R_squared:0.998965  
	Validation = MSE:0.052127 , RMSE:0.228313 , MAE:0.164111 , MAPD:0.924000, R_squared:0.999062

2024-03-21 05:50:47,483 Epoch 59/300, Train Loss: 0.057133, Val Loss: 0.052474  
	Train = MSE:0.057145 , RMSE:0.239049 , MAE:0.176345 , MAPD:0.949695, R_squared:0.999011  
	Validation = MSE:0.053490 , RMSE:0.231280 , MAE:0.171166 , MAPD:0.949161, R_squared:0.999037

2024-03-21 05:50:49,803 Epoch 60/300, Train Loss: 0.051793, Val Loss: 0.058347  
	Train = MSE:0.051793 , RMSE:0.227582 , MAE:0.166358 , MAPD:0.894797, R_squared:0.999103  
	Validation = MSE:0.062412 , RMSE:0.249824 , MAE:0.175786 , MAPD:0.948684, R_squared:0.998877

2024-03-21 05:50:52,040 Epoch 61/300, Train Loss: 0.052636, Val Loss: 0.048336  
	Train = MSE:0.052641 , RMSE:0.229436 , MAE:0.168747 , MAPD:0.910863, R_squared:0.999089  
	Validation = MSE:0.050456 , RMSE:0.224625 , MAE:0.164318 , MAPD:0.919962, R_squared:0.999092

2024-03-21 05:50:55,521 Epoch 62/300, Train Loss: 0.051167, Val Loss: 0.054685  
	Train = MSE:0.051173 , RMSE:0.226214 , MAE:0.166117 , MAPD:0.901678, R_squared:0.999114  
	Validation = MSE:0.055205 , RMSE:0.234956 , MAE:0.169823 , MAPD:0.922031, R_squared:0.999007

2024-03-21 05:50:57,681 Epoch 63/300, Train Loss: 0.046652, Val Loss: 0.047418  
	Train = MSE:0.046656 , RMSE:0.215999 , MAE:0.157154 , MAPD:0.854836, R_squared:0.999192  
	Validation = MSE:0.050349 , RMSE:0.224386 , MAE:0.153172 , MAPD:0.867584, R_squared:0.999094

2024-03-21 05:50:59,858 Epoch 64/300, Train Loss: 0.044567, Val Loss: 0.050759  
	Train = MSE:0.044572 , RMSE:0.211121 , MAE:0.151504 , MAPD:0.825377, R_squared:0.999228  
	Validation = MSE:0.053355 , RMSE:0.230987 , MAE:0.163864 , MAPD:0.894321, R_squared:0.999040

2024-03-21 05:51:02,786 Epoch 65/300, Train Loss: 0.049554, Val Loss: 0.044757  
	Train = MSE:0.049554 , RMSE:0.222607 , MAE:0.163761 , MAPD:0.878349, R_squared:0.999142  
	Validation = MSE:0.046868 , RMSE:0.216491 , MAE:0.152408 , MAPD:0.854858, R_squared:0.999157

2024-03-21 05:51:04,987 Epoch 66/300, Train Loss: 0.045623, Val Loss: 0.056575  
	Train = MSE:0.045615 , RMSE:0.213577 , MAE:0.155706 , MAPD:0.838030, R_squared:0.999210  
	Validation = MSE:0.055541 , RMSE:0.235671 , MAE:0.174359 , MAPD:0.947407, R_squared:0.999001

2024-03-21 05:51:07,145 Epoch 67/300, Train Loss: 0.047617, Val Loss: 0.047169  
	Train = MSE:0.047619 , RMSE:0.218218 , MAE:0.159124 , MAPD:0.860326, R_squared:0.999176  
	Validation = MSE:0.048021 , RMSE:0.219137 , MAE:0.159299 , MAPD:0.875747, R_squared:0.999136

2024-03-21 05:51:09,316 Epoch 68/300, Train Loss: 0.049383, Val Loss: 0.054751  
	Train = MSE:0.049372 , RMSE:0.222199 , MAE:0.162569 , MAPD:0.879654, R_squared:0.999145  
	Validation = MSE:0.055482 , RMSE:0.235547 , MAE:0.186681 , MAPD:1.060233, R_squared:0.999002

2024-03-21 05:51:11,506 Epoch 69/300, Train Loss: 0.048247, Val Loss: 0.057531  
	Train = MSE:0.048252 , RMSE:0.219663 , MAE:0.160270 , MAPD:0.860440, R_squared:0.999165  
	Validation = MSE:0.059060 , RMSE:0.243022 , MAE:0.183512 , MAPD:1.007228, R_squared:0.998937

2024-03-21 05:51:13,720 Epoch 70/300, Train Loss: 0.045523, Val Loss: 0.042366  
	Train = MSE:0.045530 , RMSE:0.213377 , MAE:0.157048 , MAPD:0.848094, R_squared:0.999212  
	Validation = MSE:0.044273 , RMSE:0.210411 , MAE:0.149195 , MAPD:0.831678, R_squared:0.999203

2024-03-21 05:51:16,080 Epoch 71/300, Train Loss: 0.042366, Val Loss: 0.043342  
	Train = MSE:0.042365 , RMSE:0.205828 , MAE:0.148665 , MAPD:0.805516, R_squared:0.999267  
	Validation = MSE:0.044502 , RMSE:0.210955 , MAE:0.147100 , MAPD:0.817831, R_squared:0.999199

2024-03-21 05:51:19,938 Epoch 72/300, Train Loss: 0.044526, Val Loss: 0.045802  
	Train = MSE:0.044531 , RMSE:0.211025 , MAE:0.153267 , MAPD:0.821224, R_squared:0.999229  
	Validation = MSE:0.047809 , RMSE:0.218653 , MAE:0.154778 , MAPD:0.880328, R_squared:0.999140

2024-03-21 05:51:22,339 Epoch 73/300, Train Loss: 0.044731, Val Loss: 0.073507  
	Train = MSE:0.044732 , RMSE:0.211500 , MAE:0.154344 , MAPD:0.833628, R_squared:0.999226  
	Validation = MSE:0.077256 , RMSE:0.277950 , MAE:0.215844 , MAPD:1.253195, R_squared:0.998610

2024-03-21 05:51:25,402 Epoch 74/300, Train Loss: 0.047462, Val Loss: 0.044750  
	Train = MSE:0.047469 , RMSE:0.217873 , MAE:0.164613 , MAPD:0.891844, R_squared:0.999178  
	Validation = MSE:0.047076 , RMSE:0.216970 , MAE:0.150593 , MAPD:0.838138, R_squared:0.999153

2024-03-21 05:51:27,592 Epoch 75/300, Train Loss: 0.043710, Val Loss: 0.042647  
	Train = MSE:0.043710 , RMSE:0.209069 , MAE:0.153337 , MAPD:0.823014, R_squared:0.999243  
	Validation = MSE:0.043218 , RMSE:0.207889 , MAE:0.154358 , MAPD:0.866364, R_squared:0.999222

2024-03-21 05:51:29,782 Epoch 76/300, Train Loss: 0.042063, Val Loss: 0.042601  
	Train = MSE:0.042055 , RMSE:0.205074 , MAE:0.150418 , MAPD:0.815111, R_squared:0.999272  
	Validation = MSE:0.043515 , RMSE:0.208603 , MAE:0.151650 , MAPD:0.843646, R_squared:0.999217

2024-03-21 05:51:31,969 Epoch 77/300, Train Loss: 0.049617, Val Loss: 0.047684  
	Train = MSE:0.049618 , RMSE:0.222751 , MAE:0.165636 , MAPD:0.881040, R_squared:0.999141  
	Validation = MSE:0.047479 , RMSE:0.217898 , MAE:0.158243 , MAPD:0.862823, R_squared:0.999146

2024-03-21 05:51:34,132 Epoch 78/300, Train Loss: 0.039432, Val Loss: 0.046413  
	Train = MSE:0.039432 , RMSE:0.198574 , MAE:0.144304 , MAPD:0.773860, R_squared:0.999317  
	Validation = MSE:0.045558 , RMSE:0.213443 , MAE:0.155465 , MAPD:0.834421, R_squared:0.999180

2024-03-21 05:51:36,343 Epoch 79/300, Train Loss: 0.040984, Val Loss: 0.051301  
	Train = MSE:0.040989 , RMSE:0.202458 , MAE:0.148885 , MAPD:0.795494, R_squared:0.999290  
	Validation = MSE:0.049911 , RMSE:0.223408 , MAE:0.174261 , MAPD:0.950995, R_squared:0.999102

2024-03-21 05:51:38,480 Epoch 80/300, Train Loss: 0.041013, Val Loss: 0.045431  
	Train = MSE:0.041014 , RMSE:0.202519 , MAE:0.147907 , MAPD:0.784237, R_squared:0.999290  
	Validation = MSE:0.045871 , RMSE:0.214175 , MAE:0.168816 , MAPD:0.974537, R_squared:0.999175

2024-03-21 05:51:40,664 Epoch 81/300, Train Loss: 0.043903, Val Loss: 0.041653  
	Train = MSE:0.043907 , RMSE:0.209540 , MAE:0.153648 , MAPD:0.812042, R_squared:0.999240  
	Validation = MSE:0.041213 , RMSE:0.203009 , MAE:0.145982 , MAPD:0.794638, R_squared:0.999258

2024-03-21 05:51:45,074 Epoch 82/300, Train Loss: 0.041326, Val Loss: 0.048768  
	Train = MSE:0.041333 , RMSE:0.203306 , MAE:0.149383 , MAPD:0.793358, R_squared:0.999285  
	Validation = MSE:0.050860 , RMSE:0.225521 , MAE:0.157230 , MAPD:0.819502, R_squared:0.999085

2024-03-21 05:51:47,484 Epoch 83/300, Train Loss: 0.037148, Val Loss: 0.037254  
	Train = MSE:0.037150 , RMSE:0.192743 , MAE:0.139743 , MAPD:0.753140, R_squared:0.999357  
	Validation = MSE:0.038952 , RMSE:0.197363 , MAE:0.135694 , MAPD:0.756100, R_squared:0.999299

2024-03-21 05:51:50,206 Epoch 84/300, Train Loss: 0.037560, Val Loss: 0.035821  
	Train = MSE:0.037562 , RMSE:0.193808 , MAE:0.141266 , MAPD:0.750255, R_squared:0.999350  
	Validation = MSE:0.036796 , RMSE:0.191823 , MAE:0.130703 , MAPD:0.732842, R_squared:0.999338

2024-03-21 05:51:52,991 Epoch 85/300, Train Loss: 0.036319, Val Loss: 0.036315  
	Train = MSE:0.036320 , RMSE:0.190577 , MAE:0.139496 , MAPD:0.742386, R_squared:0.999371  
	Validation = MSE:0.036533 , RMSE:0.191137 , MAE:0.134797 , MAPD:0.757292, R_squared:0.999343

2024-03-21 05:51:56,289 Epoch 86/300, Train Loss: 0.038866, Val Loss: 0.044765  
	Train = MSE:0.038856 , RMSE:0.197118 , MAE:0.144602 , MAPD:0.772065, R_squared:0.999327  
	Validation = MSE:0.043860 , RMSE:0.209427 , MAE:0.148188 , MAPD:0.788354, R_squared:0.999211

2024-03-21 05:51:58,578 Epoch 87/300, Train Loss: 0.037172, Val Loss: 0.036918  
	Train = MSE:0.037178 , RMSE:0.192815 , MAE:0.140857 , MAPD:0.750605, R_squared:0.999356  
	Validation = MSE:0.037982 , RMSE:0.194889 , MAE:0.134655 , MAPD:0.734699, R_squared:0.999317

2024-03-21 05:52:00,758 Epoch 88/300, Train Loss: 0.049923, Val Loss: 0.047574  
	Train = MSE:0.049918 , RMSE:0.223423 , MAE:0.167852 , MAPD:0.893335, R_squared:0.999136  
	Validation = MSE:0.047759 , RMSE:0.218537 , MAE:0.167080 , MAPD:0.952284, R_squared:0.999141

2024-03-21 05:52:02,931 Epoch 89/300, Train Loss: 0.038351, Val Loss: 0.036601  
	Train = MSE:0.038342 , RMSE:0.195811 , MAE:0.144578 , MAPD:0.765984, R_squared:0.999336  
	Validation = MSE:0.037862 , RMSE:0.194581 , MAE:0.131783 , MAPD:0.743200, R_squared:0.999319

2024-03-21 05:52:05,137 Epoch 90/300, Train Loss: 0.038187, Val Loss: 0.035465  
	Train = MSE:0.038190 , RMSE:0.195422 , MAE:0.142520 , MAPD:0.752452, R_squared:0.999339  
	Validation = MSE:0.035710 , RMSE:0.188970 , MAE:0.132172 , MAPD:0.727832, R_squared:0.999357

2024-03-21 05:52:07,496 Epoch 91/300, Train Loss: 0.033155, Val Loss: 0.033938  
	Train = MSE:0.033155 , RMSE:0.182085 , MAE:0.131788 , MAPD:0.697754, R_squared:0.999426  
	Validation = MSE:0.034444 , RMSE:0.185590 , MAE:0.128009 , MAPD:0.716627, R_squared:0.999380

2024-03-21 05:52:11,450 Epoch 92/300, Train Loss: 0.033181, Val Loss: 0.040959  
	Train = MSE:0.033185 , RMSE:0.182167 , MAE:0.131282 , MAPD:0.695593, R_squared:0.999426  
	Validation = MSE:0.040089 , RMSE:0.200223 , MAE:0.145733 , MAPD:0.770403, R_squared:0.999279

2024-03-21 05:52:13,845 Epoch 93/300, Train Loss: 0.036499, Val Loss: 0.035654  
	Train = MSE:0.036498 , RMSE:0.191044 , MAE:0.138504 , MAPD:0.735281, R_squared:0.999368  
	Validation = MSE:0.035779 , RMSE:0.189154 , MAE:0.134662 , MAPD:0.740352, R_squared:0.999356

2024-03-21 05:52:16,866 Epoch 94/300, Train Loss: 0.032869, Val Loss: 0.036211  
	Train = MSE:0.032868 , RMSE:0.181297 , MAE:0.130674 , MAPD:0.688712, R_squared:0.999431  
	Validation = MSE:0.036679 , RMSE:0.191517 , MAE:0.138031 , MAPD:0.773876, R_squared:0.999340

2024-03-21 05:52:19,055 Epoch 95/300, Train Loss: 0.036073, Val Loss: 0.038160  
	Train = MSE:0.036073 , RMSE:0.189930 , MAE:0.139846 , MAPD:0.742836, R_squared:0.999376  
	Validation = MSE:0.038210 , RMSE:0.195473 , MAE:0.149290 , MAPD:0.884515, R_squared:0.999312

2024-03-21 05:52:21,751 Epoch 96/300, Train Loss: 0.033316, Val Loss: 0.032874  
	Train = MSE:0.033319 , RMSE:0.182536 , MAE:0.134871 , MAPD:0.716832, R_squared:0.999423  
	Validation = MSE:0.033040 , RMSE:0.181770 , MAE:0.129839 , MAPD:0.722442, R_squared:0.999405

2024-03-21 05:52:24,165 Epoch 97/300, Train Loss: 0.030466, Val Loss: 0.047348  
	Train = MSE:0.030468 , RMSE:0.174550 , MAE:0.125655 , MAPD:0.672593, R_squared:0.999473  
	Validation = MSE:0.049652 , RMSE:0.222826 , MAE:0.163649 , MAPD:0.943467, R_squared:0.999107

2024-03-21 05:52:26,395 Epoch 98/300, Train Loss: 0.031879, Val Loss: 0.036478  
	Train = MSE:0.031873 , RMSE:0.178531 , MAE:0.129052 , MAPD:0.685104, R_squared:0.999448  
	Validation = MSE:0.036545 , RMSE:0.191168 , MAE:0.146515 , MAPD:0.824810, R_squared:0.999342

2024-03-21 05:52:28,569 Epoch 99/300, Train Loss: 0.032998, Val Loss: 0.039356  
	Train = MSE:0.033001 , RMSE:0.181662 , MAE:0.133722 , MAPD:0.706864, R_squared:0.999429  
	Validation = MSE:0.041313 , RMSE:0.203255 , MAE:0.142950 , MAPD:0.813815, R_squared:0.999257

2024-03-21 05:52:30,761 Epoch 100/300, Train Loss: 0.029446, Val Loss: 0.035935  
	Train = MSE:0.029446 , RMSE:0.171599 , MAE:0.124992 , MAPD:0.663280, R_squared:0.999490  
	Validation = MSE:0.035846 , RMSE:0.189330 , MAE:0.145514 , MAPD:0.811217, R_squared:0.999355

2024-03-21 05:52:32,950 Epoch 101/300, Train Loss: 0.031237, Val Loss: 0.030285  
	Train = MSE:0.031241 , RMSE:0.176751 , MAE:0.126929 , MAPD:0.663312, R_squared:0.999459  
	Validation = MSE:0.031507 , RMSE:0.177503 , MAE:0.119435 , MAPD:0.662086, R_squared:0.999433

2024-03-21 05:52:36,464 Epoch 102/300, Train Loss: 0.034085, Val Loss: 0.038548  
	Train = MSE:0.034078 , RMSE:0.184604 , MAE:0.137480 , MAPD:0.722648, R_squared:0.999410  
	Validation = MSE:0.040651 , RMSE:0.201621 , MAE:0.144320 , MAPD:0.827878, R_squared:0.999269

2024-03-21 05:52:38,900 Epoch 103/300, Train Loss: 0.034905, Val Loss: 0.031677  
	Train = MSE:0.034906 , RMSE:0.186832 , MAE:0.140433 , MAPD:0.746366, R_squared:0.999396  
	Validation = MSE:0.033334 , RMSE:0.182575 , MAE:0.124203 , MAPD:0.680579, R_squared:0.999400

2024-03-21 05:52:41,341 Epoch 104/300, Train Loss: 0.034077, Val Loss: 0.033369  
	Train = MSE:0.034075 , RMSE:0.184595 , MAE:0.137834 , MAPD:0.730413, R_squared:0.999410  
	Validation = MSE:0.034046 , RMSE:0.184516 , MAE:0.132379 , MAPD:0.731294, R_squared:0.999387

2024-03-21 05:52:43,763 Epoch 105/300, Train Loss: 0.035350, Val Loss: 0.040583  
	Train = MSE:0.035351 , RMSE:0.188020 , MAE:0.140854 , MAPD:0.742029, R_squared:0.999388  
	Validation = MSE:0.040172 , RMSE:0.200429 , MAE:0.158086 , MAPD:0.942147, R_squared:0.999277

2024-03-21 05:52:46,394 Epoch 106/300, Train Loss: 0.037033, Val Loss: 0.030430  
	Train = MSE:0.037036 , RMSE:0.192446 , MAE:0.145482 , MAPD:0.770899, R_squared:0.999359  
	Validation = MSE:0.031506 , RMSE:0.177499 , MAE:0.123522 , MAPD:0.678689, R_squared:0.999433

2024-03-21 05:52:48,586 Epoch 107/300, Train Loss: 0.031873, Val Loss: 0.036001  
	Train = MSE:0.031867 , RMSE:0.178513 , MAE:0.132004 , MAPD:0.696023, R_squared:0.999448  
	Validation = MSE:0.037222 , RMSE:0.192929 , MAE:0.142628 , MAPD:0.819880, R_squared:0.999330

2024-03-21 05:52:50,762 Epoch 108/300, Train Loss: 0.037168, Val Loss: 0.050273  
	Train = MSE:0.037166 , RMSE:0.192784 , MAE:0.145424 , MAPD:0.767576, R_squared:0.999357  
	Validation = MSE:0.050008 , RMSE:0.223625 , MAE:0.168699 , MAPD:0.874465, R_squared:0.999100

2024-03-21 05:52:53,583 Epoch 109/300, Train Loss: 0.028249, Val Loss: 0.039564  
	Train = MSE:0.028247 , RMSE:0.168067 , MAE:0.122419 , MAPD:0.644793, R_squared:0.999511  
	Validation = MSE:0.039255 , RMSE:0.198130 , MAE:0.145846 , MAPD:0.736231, R_squared:0.999294

2024-03-21 05:52:55,912 Epoch 110/300, Train Loss: 0.030133, Val Loss: 0.052080  
	Train = MSE:0.030136 , RMSE:0.173597 , MAE:0.127877 , MAPD:0.668370, R_squared:0.999478  
	Validation = MSE:0.053069 , RMSE:0.230367 , MAE:0.166712 , MAPD:0.811499, R_squared:0.999045

2024-03-21 05:52:58,094 Epoch 111/300, Train Loss: 0.030891, Val Loss: 0.026350  
	Train = MSE:0.030896 , RMSE:0.175773 , MAE:0.128598 , MAPD:0.686138, R_squared:0.999465  
	Validation = MSE:0.027186 , RMSE:0.164883 , MAE:0.114016 , MAPD:0.625745, R_squared:0.999511

2024-03-21 05:53:01,596 Epoch 112/300, Train Loss: 0.027520, Val Loss: 0.030863  
	Train = MSE:0.027514 , RMSE:0.165874 , MAE:0.121273 , MAPD:0.633978, R_squared:0.999524  
	Validation = MSE:0.031556 , RMSE:0.177640 , MAE:0.126095 , MAPD:0.675556, R_squared:0.999432

2024-03-21 05:53:03,791 Epoch 113/300, Train Loss: 0.029513, Val Loss: 0.046986  
	Train = MSE:0.029512 , RMSE:0.171791 , MAE:0.125720 , MAPD:0.667751, R_squared:0.999489  
	Validation = MSE:0.049348 , RMSE:0.222143 , MAE:0.163933 , MAPD:0.834098, R_squared:0.999112

2024-03-21 05:53:06,592 Epoch 114/300, Train Loss: 0.035598, Val Loss: 0.026776  
	Train = MSE:0.035603 , RMSE:0.188688 , MAE:0.142090 , MAPD:0.750439, R_squared:0.999384  
	Validation = MSE:0.028069 , RMSE:0.167539 , MAE:0.114151 , MAPD:0.625668, R_squared:0.999495

2024-03-21 05:53:08,892 Epoch 115/300, Train Loss: 0.027954, Val Loss: 0.031167  
	Train = MSE:0.027952 , RMSE:0.167188 , MAE:0.121851 , MAPD:0.642488, R_squared:0.999516  
	Validation = MSE:0.032827 , RMSE:0.181183 , MAE:0.130118 , MAPD:0.742089, R_squared:0.999409

2024-03-21 05:53:11,316 Epoch 116/300, Train Loss: 0.027286, Val Loss: 0.030240  
	Train = MSE:0.027280 , RMSE:0.165166 , MAE:0.121550 , MAPD:0.638266, R_squared:0.999528  
	Validation = MSE:0.032191 , RMSE:0.179419 , MAE:0.125621 , MAPD:0.705381, R_squared:0.999421

2024-03-21 05:53:13,587 Epoch 117/300, Train Loss: 0.032663, Val Loss: 0.033206  
	Train = MSE:0.032667 , RMSE:0.180740 , MAE:0.134979 , MAPD:0.705038, R_squared:0.999435  
	Validation = MSE:0.033044 , RMSE:0.181779 , MAE:0.145928 , MAPD:0.832581, R_squared:0.999405

2024-03-21 05:53:16,068 Epoch 118/300, Train Loss: 0.029673, Val Loss: 0.039071  
	Train = MSE:0.029671 , RMSE:0.172253 , MAE:0.128644 , MAPD:0.679668, R_squared:0.999486  
	Validation = MSE:0.041080 , RMSE:0.202681 , MAE:0.153050 , MAPD:0.842762, R_squared:0.999261

2024-03-21 05:53:19,259 Epoch 119/300, Train Loss: 0.026085, Val Loss: 0.024528  
	Train = MSE:0.026079 , RMSE:0.161491 , MAE:0.119177 , MAPD:0.629585, R_squared:0.999549  
	Validation = MSE:0.025923 , RMSE:0.161005 , MAE:0.107573 , MAPD:0.586512, R_squared:0.999534

2024-03-21 05:53:22,344 Epoch 120/300, Train Loss: 0.024865, Val Loss: 0.026489  
	Train = MSE:0.024862 , RMSE:0.157676 , MAE:0.115157 , MAPD:0.607520, R_squared:0.999570  
	Validation = MSE:0.027542 , RMSE:0.165958 , MAE:0.118137 , MAPD:0.634912, R_squared:0.999504

2024-03-21 05:53:24,811 Epoch 121/300, Train Loss: 0.032934, Val Loss: 0.045273  
	Train = MSE:0.032933 , RMSE:0.181475 , MAE:0.135789 , MAPD:0.724458, R_squared:0.999430  
	Validation = MSE:0.044427 , RMSE:0.210777 , MAE:0.166961 , MAPD:0.851619, R_squared:0.999201

2024-03-21 05:53:30,507 Epoch 122/300, Train Loss: 0.027804, Val Loss: 0.043550  
	Train = MSE:0.027804 , RMSE:0.166745 , MAE:0.123004 , MAPD:0.642301, R_squared:0.999519  
	Validation = MSE:0.046102 , RMSE:0.214714 , MAE:0.168392 , MAPD:0.977887, R_squared:0.999170

2024-03-21 05:53:33,490 Epoch 123/300, Train Loss: 0.028214, Val Loss: 0.023209  
	Train = MSE:0.028218 , RMSE:0.167983 , MAE:0.125137 , MAPD:0.665017, R_squared:0.999512  
	Validation = MSE:0.024169 , RMSE:0.155463 , MAE:0.106731 , MAPD:0.579674, R_squared:0.999565

2024-03-21 05:53:35,794 Epoch 124/300, Train Loss: 0.023779, Val Loss: 0.033411  
	Train = MSE:0.023779 , RMSE:0.154203 , MAE:0.114124 , MAPD:0.596705, R_squared:0.999588  
	Validation = MSE:0.035474 , RMSE:0.188344 , MAE:0.140925 , MAPD:0.776066, R_squared:0.999362

2024-03-21 05:53:38,067 Epoch 125/300, Train Loss: 0.029687, Val Loss: 0.025445  
	Train = MSE:0.029689 , RMSE:0.172304 , MAE:0.130820 , MAPD:0.688970, R_squared:0.999486  
	Validation = MSE:0.025644 , RMSE:0.160137 , MAE:0.115577 , MAPD:0.624498, R_squared:0.999539

2024-03-21 05:53:40,315 Epoch 126/300, Train Loss: 0.028485, Val Loss: 0.045024  
	Train = MSE:0.028479 , RMSE:0.168756 , MAE:0.125386 , MAPD:0.664523, R_squared:0.999507  
	Validation = MSE:0.044097 , RMSE:0.209993 , MAE:0.178522 , MAPD:0.967371, R_squared:0.999207

2024-03-21 05:53:42,587 Epoch 127/300, Train Loss: 0.025029, Val Loss: 0.028395  
	Train = MSE:0.025034 , RMSE:0.158221 , MAE:0.116800 , MAPD:0.616995, R_squared:0.999567  
	Validation = MSE:0.030244 , RMSE:0.173909 , MAE:0.123181 , MAPD:0.669428, R_squared:0.999456

2024-03-21 05:53:44,876 Epoch 128/300, Train Loss: 0.025245, Val Loss: 0.022119  
	Train = MSE:0.025242 , RMSE:0.158877 , MAE:0.117876 , MAPD:0.619621, R_squared:0.999563  
	Validation = MSE:0.023435 , RMSE:0.153084 , MAE:0.103142 , MAPD:0.559650, R_squared:0.999578

2024-03-21 05:53:47,470 Epoch 129/300, Train Loss: 0.032032, Val Loss: 0.028937  
	Train = MSE:0.032036 , RMSE:0.178987 , MAE:0.137041 , MAPD:0.723647, R_squared:0.999445  
	Validation = MSE:0.030793 , RMSE:0.175480 , MAE:0.123391 , MAPD:0.647340, R_squared:0.999446

2024-03-21 05:53:49,779 Epoch 130/300, Train Loss: 0.028848, Val Loss: 0.036446  
	Train = MSE:0.028849 , RMSE:0.169851 , MAE:0.129510 , MAPD:0.689985, R_squared:0.999501  
	Validation = MSE:0.035817 , RMSE:0.189254 , MAE:0.138253 , MAPD:0.673907, R_squared:0.999356

2024-03-21 05:53:52,054 Epoch 131/300, Train Loss: 0.028591, Val Loss: 0.026131  
	Train = MSE:0.028585 , RMSE:0.169070 , MAE:0.126005 , MAPD:0.663438, R_squared:0.999505  
	Validation = MSE:0.026294 , RMSE:0.162154 , MAE:0.115106 , MAPD:0.593511, R_squared:0.999527

2024-03-21 05:53:55,711 Epoch 132/300, Train Loss: 0.028751, Val Loss: 0.021039  
	Train = MSE:0.028753 , RMSE:0.169567 , MAE:0.127647 , MAPD:0.680003, R_squared:0.999502  
	Validation = MSE:0.021858 , RMSE:0.147843 , MAE:0.101606 , MAPD:0.560221, R_squared:0.999607

2024-03-21 05:53:57,971 Epoch 133/300, Train Loss: 0.021967, Val Loss: 0.024029  
	Train = MSE:0.021965 , RMSE:0.148205 , MAE:0.108820 , MAPD:0.567929, R_squared:0.999620  
	Validation = MSE:0.025323 , RMSE:0.159133 , MAE:0.111948 , MAPD:0.614129, R_squared:0.999544

2024-03-21 05:54:00,633 Epoch 134/300, Train Loss: 0.026204, Val Loss: 0.034572  
	Train = MSE:0.026206 , RMSE:0.161883 , MAE:0.121447 , MAPD:0.638323, R_squared:0.999546  
	Validation = MSE:0.036492 , RMSE:0.191030 , MAE:0.143093 , MAPD:0.804150, R_squared:0.999343

2024-03-21 05:54:02,884 Epoch 135/300, Train Loss: 0.025564, Val Loss: 0.024424  
	Train = MSE:0.025567 , RMSE:0.159896 , MAE:0.120486 , MAPD:0.637512, R_squared:0.999557  
	Validation = MSE:0.024986 , RMSE:0.158069 , MAE:0.113835 , MAPD:0.590647, R_squared:0.999550

2024-03-21 05:54:05,171 Epoch 136/300, Train Loss: 0.021112, Val Loss: 0.022254  
	Train = MSE:0.021114 , RMSE:0.145305 , MAE:0.106017 , MAPD:0.550447, R_squared:0.999635  
	Validation = MSE:0.023046 , RMSE:0.151810 , MAE:0.110046 , MAPD:0.591671, R_squared:0.999585

2024-03-21 05:54:07,398 Epoch 137/300, Train Loss: 0.021232, Val Loss: 0.023802  
	Train = MSE:0.021233 , RMSE:0.145715 , MAE:0.106555 , MAPD:0.557288, R_squared:0.999632  
	Validation = MSE:0.024133 , RMSE:0.155347 , MAE:0.118069 , MAPD:0.679455, R_squared:0.999566

2024-03-21 05:54:09,603 Epoch 138/300, Train Loss: 0.023210, Val Loss: 0.023153  
	Train = MSE:0.023205 , RMSE:0.152333 , MAE:0.115062 , MAPD:0.608051, R_squared:0.999598  
	Validation = MSE:0.024122 , RMSE:0.155313 , MAE:0.105292 , MAPD:0.559703, R_squared:0.999566

2024-03-21 05:54:11,818 Epoch 139/300, Train Loss: 0.024753, Val Loss: 0.024856  
	Train = MSE:0.024750 , RMSE:0.157322 , MAE:0.117854 , MAPD:0.616721, R_squared:0.999572  
	Validation = MSE:0.026381 , RMSE:0.162422 , MAE:0.117268 , MAPD:0.661068, R_squared:0.999525

2024-03-21 05:54:14,767 Epoch 140/300, Train Loss: 0.025562, Val Loss: 0.028889  
	Train = MSE:0.025562 , RMSE:0.159880 , MAE:0.118207 , MAPD:0.622065, R_squared:0.999558  
	Validation = MSE:0.028825 , RMSE:0.169780 , MAE:0.131870 , MAPD:0.693308, R_squared:0.999481

2024-03-21 05:54:17,109 Epoch 141/300, Train Loss: 0.022815, Val Loss: 0.029743  
	Train = MSE:0.022817 , RMSE:0.151054 , MAE:0.112324 , MAPD:0.588232, R_squared:0.999605  
	Validation = MSE:0.031566 , RMSE:0.177670 , MAE:0.133760 , MAPD:0.738720, R_squared:0.999432

2024-03-21 05:54:21,663 Epoch 142/300, Train Loss: 0.023214, Val Loss: 0.036097  
	Train = MSE:0.023215 , RMSE:0.152363 , MAE:0.113112 , MAPD:0.599353, R_squared:0.999598  
	Validation = MSE:0.035433 , RMSE:0.188236 , MAE:0.147526 , MAPD:0.766718, R_squared:0.999362

2024-03-21 05:54:23,874 Epoch 143/300, Train Loss: 0.028030, Val Loss: 0.018956  
	Train = MSE:0.028033 , RMSE:0.167430 , MAE:0.127162 , MAPD:0.667724, R_squared:0.999515  
	Validation = MSE:0.019643 , RMSE:0.140153 , MAE:0.097112 , MAPD:0.525453, R_squared:0.999647

2024-03-21 05:54:26,128 Epoch 144/300, Train Loss: 0.024822, Val Loss: 0.047058  
	Train = MSE:0.024824 , RMSE:0.157557 , MAE:0.120142 , MAPD:0.633111, R_squared:0.999570  
	Validation = MSE:0.048492 , RMSE:0.220209 , MAE:0.181643 , MAPD:1.100682, R_squared:0.999127

2024-03-21 05:54:28,763 Epoch 145/300, Train Loss: 0.022108, Val Loss: 0.024572  
	Train = MSE:0.022109 , RMSE:0.148690 , MAE:0.111272 , MAPD:0.587043, R_squared:0.999617  
	Validation = MSE:0.024968 , RMSE:0.158012 , MAE:0.113084 , MAPD:0.574647, R_squared:0.999551

2024-03-21 05:54:31,105 Epoch 146/300, Train Loss: 0.021339, Val Loss: 0.027998  
	Train = MSE:0.021339 , RMSE:0.146078 , MAE:0.108789 , MAPD:0.574338, R_squared:0.999631  
	Validation = MSE:0.028109 , RMSE:0.167658 , MAE:0.130312 , MAPD:0.754242, R_squared:0.999494

2024-03-21 05:54:33,753 Epoch 147/300, Train Loss: 0.027066, Val Loss: 0.019862  
	Train = MSE:0.027067 , RMSE:0.164519 , MAE:0.124303 , MAPD:0.658777, R_squared:0.999531  
	Validation = MSE:0.021135 , RMSE:0.145379 , MAE:0.097924 , MAPD:0.529060, R_squared:0.999620

2024-03-21 05:54:36,045 Epoch 148/300, Train Loss: 0.021730, Val Loss: 0.034151  
	Train = MSE:0.021726 , RMSE:0.147399 , MAE:0.110334 , MAPD:0.576814, R_squared:0.999624  
	Validation = MSE:0.035982 , RMSE:0.189690 , MAE:0.149155 , MAPD:0.833431, R_squared:0.999353

2024-03-21 05:54:38,247 Epoch 149/300, Train Loss: 0.023355, Val Loss: 0.027170  
	Train = MSE:0.023357 , RMSE:0.152831 , MAE:0.115173 , MAPD:0.607105, R_squared:0.999596  
	Validation = MSE:0.028504 , RMSE:0.168831 , MAE:0.121700 , MAPD:0.629340, R_squared:0.999487

2024-03-21 05:54:40,460 Epoch 150/300, Train Loss: 0.023158, Val Loss: 0.020513  
	Train = MSE:0.023160 , RMSE:0.152185 , MAE:0.115146 , MAPD:0.613336, R_squared:0.999599  
	Validation = MSE:0.020764 , RMSE:0.144097 , MAE:0.104497 , MAPD:0.587535, R_squared:0.999626

2024-03-21 05:54:43,180 Epoch 151/300, Train Loss: 0.020058, Val Loss: 0.020599  
	Train = MSE:0.020056 , RMSE:0.141619 , MAE:0.105166 , MAPD:0.549336, R_squared:0.999653  
	Validation = MSE:0.021652 , RMSE:0.147147 , MAE:0.102619 , MAPD:0.570468, R_squared:0.999610

2024-03-21 05:54:47,014 Epoch 152/300, Train Loss: 0.019534, Val Loss: 0.028304  
	Train = MSE:0.019533 , RMSE:0.139762 , MAE:0.103467 , MAPD:0.542900, R_squared:0.999662  
	Validation = MSE:0.028567 , RMSE:0.169017 , MAE:0.133087 , MAPD:0.799663, R_squared:0.999486

2024-03-21 05:54:49,248 Epoch 153/300, Train Loss: 0.018689, Val Loss: 0.018410  
	Train = MSE:0.018688 , RMSE:0.136704 , MAE:0.101237 , MAPD:0.534064, R_squared:0.999677  
	Validation = MSE:0.019491 , RMSE:0.139609 , MAE:0.095083 , MAPD:0.517208, R_squared:0.999649

2024-03-21 05:54:51,482 Epoch 154/300, Train Loss: 0.019302, Val Loss: 0.018991  
	Train = MSE:0.019302 , RMSE:0.138931 , MAE:0.103095 , MAPD:0.545200, R_squared:0.999666  
	Validation = MSE:0.020031 , RMSE:0.141532 , MAE:0.096317 , MAPD:0.518269, R_squared:0.999640

2024-03-21 05:54:53,743 Epoch 155/300, Train Loss: 0.018430, Val Loss: 0.029328  
	Train = MSE:0.018429 , RMSE:0.135752 , MAE:0.101016 , MAPD:0.529337, R_squared:0.999681  
	Validation = MSE:0.030958 , RMSE:0.175949 , MAE:0.131009 , MAPD:0.736780, R_squared:0.999443

2024-03-21 05:54:56,293 Epoch 156/300, Train Loss: 0.021112, Val Loss: 0.020579  
	Train = MSE:0.021109 , RMSE:0.145291 , MAE:0.108215 , MAPD:0.566417, R_squared:0.999635  
	Validation = MSE:0.020682 , RMSE:0.143813 , MAE:0.106498 , MAPD:0.581461, R_squared:0.999628

2024-03-21 05:54:58,674 Epoch 157/300, Train Loss: 0.018827, Val Loss: 0.017655  
	Train = MSE:0.018826 , RMSE:0.137209 , MAE:0.102754 , MAPD:0.536189, R_squared:0.999674  
	Validation = MSE:0.018517 , RMSE:0.136077 , MAE:0.095406 , MAPD:0.527343, R_squared:0.999667

2024-03-21 05:55:00,997 Epoch 158/300, Train Loss: 0.019025, Val Loss: 0.019531  
	Train = MSE:0.019025 , RMSE:0.137933 , MAE:0.102768 , MAPD:0.538033, R_squared:0.999671  
	Validation = MSE:0.020307 , RMSE:0.142504 , MAE:0.103049 , MAPD:0.566871, R_squared:0.999635

2024-03-21 05:55:03,560 Epoch 159/300, Train Loss: 0.018538, Val Loss: 0.025845  
	Train = MSE:0.018539 , RMSE:0.136158 , MAE:0.101069 , MAPD:0.533114, R_squared:0.999679  
	Validation = MSE:0.027217 , RMSE:0.164976 , MAE:0.119262 , MAPD:0.614623, R_squared:0.999510

2024-03-21 05:55:05,925 Epoch 160/300, Train Loss: 0.018665, Val Loss: 0.023854  
	Train = MSE:0.018666 , RMSE:0.136623 , MAE:0.102983 , MAPD:0.548047, R_squared:0.999677  
	Validation = MSE:0.025368 , RMSE:0.159272 , MAE:0.116745 , MAPD:0.638651, R_squared:0.999544

2024-03-21 05:55:09,492 Epoch 161/300, Train Loss: 0.023661, Val Loss: 0.024168  
	Train = MSE:0.023662 , RMSE:0.153826 , MAE:0.119505 , MAPD:0.635522, R_squared:0.999590  
	Validation = MSE:0.025068 , RMSE:0.158330 , MAE:0.113939 , MAPD:0.581839, R_squared:0.999549

2024-03-21 05:55:14,266 Epoch 162/300, Train Loss: 0.019041, Val Loss: 0.029769  
	Train = MSE:0.019039 , RMSE:0.137983 , MAE:0.102454 , MAPD:0.537622, R_squared:0.999670  
	Validation = MSE:0.029575 , RMSE:0.171974 , MAE:0.142583 , MAPD:0.830040, R_squared:0.999468

2024-03-21 05:55:17,028 Epoch 163/300, Train Loss: 0.026922, Val Loss: 0.021861  
	Train = MSE:0.026922 , RMSE:0.164080 , MAE:0.128266 , MAPD:0.686086, R_squared:0.999534  
	Validation = MSE:0.022048 , RMSE:0.148486 , MAE:0.111180 , MAPD:0.603489, R_squared:0.999603

2024-03-21 05:55:19,347 Epoch 164/300, Train Loss: 0.019524, Val Loss: 0.017156  
	Train = MSE:0.019523 , RMSE:0.139726 , MAE:0.105329 , MAPD:0.551511, R_squared:0.999662  
	Validation = MSE:0.017586 , RMSE:0.132612 , MAE:0.094845 , MAPD:0.511918, R_squared:0.999684

2024-03-21 05:55:21,638 Epoch 165/300, Train Loss: 0.027181, Val Loss: 0.022970  
	Train = MSE:0.027179 , RMSE:0.164862 , MAE:0.127235 , MAPD:0.674686, R_squared:0.999530  
	Validation = MSE:0.024093 , RMSE:0.155219 , MAE:0.111215 , MAPD:0.578696, R_squared:0.999566

2024-03-21 05:55:23,912 Epoch 166/300, Train Loss: 0.018730, Val Loss: 0.030038  
	Train = MSE:0.018732 , RMSE:0.136863 , MAE:0.101948 , MAPD:0.532494, R_squared:0.999676  
	Validation = MSE:0.029641 , RMSE:0.172166 , MAE:0.124233 , MAPD:0.594573, R_squared:0.999467

2024-03-21 05:55:26,185 Epoch 167/300, Train Loss: 0.016966, Val Loss: 0.017957  
	Train = MSE:0.016966 , RMSE:0.130255 , MAE:0.095879 , MAPD:0.503095, R_squared:0.999706  
	Validation = MSE:0.018578 , RMSE:0.136301 , MAE:0.103121 , MAPD:0.581683, R_squared:0.999666

2024-03-21 05:55:29,012 Epoch 168/300, Train Loss: 0.015910, Val Loss: 0.018836  
	Train = MSE:0.015911 , RMSE:0.126139 , MAE:0.094029 , MAPD:0.490950, R_squared:0.999725  
	Validation = MSE:0.019955 , RMSE:0.141263 , MAE:0.100056 , MAPD:0.559577, R_squared:0.999641

2024-03-21 05:55:31,583 Epoch 169/300, Train Loss: 0.022458, Val Loss: 0.038154  
	Train = MSE:0.022460 , RMSE:0.149867 , MAE:0.112746 , MAPD:0.599104, R_squared:0.999611  
	Validation = MSE:0.039722 , RMSE:0.199303 , MAE:0.158146 , MAPD:0.823210, R_squared:0.999285

2024-03-21 05:55:34,699 Epoch 170/300, Train Loss: 0.024027, Val Loss: 0.022949  
	Train = MSE:0.024021 , RMSE:0.154987 , MAE:0.120353 , MAPD:0.638216, R_squared:0.999584  
	Validation = MSE:0.023366 , RMSE:0.152860 , MAE:0.118355 , MAPD:0.614639, R_squared:0.999580

2024-03-21 05:55:37,456 Epoch 171/300, Train Loss: 0.018107, Val Loss: 0.023487  
	Train = MSE:0.018106 , RMSE:0.134558 , MAE:0.100859 , MAPD:0.539866, R_squared:0.999687  
	Validation = MSE:0.024029 , RMSE:0.155012 , MAE:0.113369 , MAPD:0.607586, R_squared:0.999568

2024-03-21 05:55:41,883 Epoch 172/300, Train Loss: 0.018840, Val Loss: 0.020297  
	Train = MSE:0.018842 , RMSE:0.137267 , MAE:0.103801 , MAPD:0.552726, R_squared:0.999674  
	Validation = MSE:0.020767 , RMSE:0.144107 , MAE:0.103298 , MAPD:0.527031, R_squared:0.999626

2024-03-21 05:55:44,575 Epoch 173/300, Train Loss: 0.020778, Val Loss: 0.015672  
	Train = MSE:0.020775 , RMSE:0.144137 , MAE:0.108519 , MAPD:0.566005, R_squared:0.999640  
	Validation = MSE:0.016424 , RMSE:0.128155 , MAE:0.088793 , MAPD:0.489024, R_squared:0.999704

2024-03-21 05:55:46,864 Epoch 174/300, Train Loss: 0.016875, Val Loss: 0.017099  
	Train = MSE:0.016877 , RMSE:0.129913 , MAE:0.096969 , MAPD:0.506020, R_squared:0.999708  
	Validation = MSE:0.017624 , RMSE:0.132757 , MAE:0.099784 , MAPD:0.543153, R_squared:0.999683

2024-03-21 05:55:49,172 Epoch 175/300, Train Loss: 0.020121, Val Loss: 0.016376  
	Train = MSE:0.020119 , RMSE:0.141842 , MAE:0.105958 , MAPD:0.558916, R_squared:0.999652  
	Validation = MSE:0.016858 , RMSE:0.129838 , MAE:0.095556 , MAPD:0.523239, R_squared:0.999697

2024-03-21 05:55:51,438 Epoch 176/300, Train Loss: 0.018907, Val Loss: 0.017925  
	Train = MSE:0.018905 , RMSE:0.137497 , MAE:0.104528 , MAPD:0.555943, R_squared:0.999673  
	Validation = MSE:0.018975 , RMSE:0.137751 , MAE:0.100099 , MAPD:0.563734, R_squared:0.999659

2024-03-21 05:55:54,458 Epoch 177/300, Train Loss: 0.016571, Val Loss: 0.021377  
	Train = MSE:0.016568 , RMSE:0.128718 , MAE:0.097372 , MAPD:0.521594, R_squared:0.999713  
	Validation = MSE:0.021832 , RMSE:0.147758 , MAE:0.110790 , MAPD:0.583446, R_squared:0.999607

2024-03-21 05:55:57,553 Epoch 178/300, Train Loss: 0.020524, Val Loss: 0.015450  
	Train = MSE:0.020527 , RMSE:0.143272 , MAE:0.108912 , MAPD:0.576810, R_squared:0.999645  
	Validation = MSE:0.016325 , RMSE:0.127769 , MAE:0.089597 , MAPD:0.491730, R_squared:0.999706

2024-03-21 05:56:00,161 Epoch 179/300, Train Loss: 0.016261, Val Loss: 0.015543  
	Train = MSE:0.016262 , RMSE:0.127522 , MAE:0.094885 , MAPD:0.500314, R_squared:0.999719  
	Validation = MSE:0.016306 , RMSE:0.127693 , MAE:0.088021 , MAPD:0.474510, R_squared:0.999707

2024-03-21 05:56:02,923 Epoch 180/300, Train Loss: 0.016981, Val Loss: 0.017408  
	Train = MSE:0.016979 , RMSE:0.130305 , MAE:0.098141 , MAPD:0.519113, R_squared:0.999706  
	Validation = MSE:0.018109 , RMSE:0.134570 , MAE:0.099134 , MAPD:0.560178, R_squared:0.999674

2024-03-21 05:56:05,231 Epoch 181/300, Train Loss: 0.020979, Val Loss: 0.035973  
	Train = MSE:0.020970 , RMSE:0.144811 , MAE:0.109258 , MAPD:0.579985, R_squared:0.999637  
	Validation = MSE:0.037712 , RMSE:0.194195 , MAE:0.158888 , MAPD:0.963027, R_squared:0.999321

2024-03-21 05:56:09,268 Epoch 182/300, Train Loss: 0.024457, Val Loss: 0.018619  
	Train = MSE:0.024459 , RMSE:0.156394 , MAE:0.120091 , MAPD:0.640563, R_squared:0.999577  
	Validation = MSE:0.019059 , RMSE:0.138055 , MAE:0.100638 , MAPD:0.518894, R_squared:0.999657

2024-03-21 05:56:11,523 Epoch 183/300, Train Loss: 0.016845, Val Loss: 0.021685  
	Train = MSE:0.016847 , RMSE:0.129794 , MAE:0.097700 , MAPD:0.521216, R_squared:0.999708  
	Validation = MSE:0.022511 , RMSE:0.150037 , MAE:0.105014 , MAPD:0.525071, R_squared:0.999595

2024-03-21 05:56:14,916 Epoch 184/300, Train Loss: 0.016806, Val Loss: 0.015788  
	Train = MSE:0.016808 , RMSE:0.129645 , MAE:0.097705 , MAPD:0.521992, R_squared:0.999709  
	Validation = MSE:0.016754 , RMSE:0.129437 , MAE:0.090157 , MAPD:0.488744, R_squared:0.999699

2024-03-21 05:56:17,169 Epoch 185/300, Train Loss: 0.018944, Val Loss: 0.023021  
	Train = MSE:0.018943 , RMSE:0.137635 , MAE:0.104917 , MAPD:0.563257, R_squared:0.999672  
	Validation = MSE:0.023563 , RMSE:0.153503 , MAE:0.126025 , MAPD:0.707558, R_squared:0.999576

2024-03-21 05:56:19,424 Epoch 186/300, Train Loss: 0.019035, Val Loss: 0.016712  
	Train = MSE:0.019038 , RMSE:0.137977 , MAE:0.105344 , MAPD:0.560107, R_squared:0.999670  
	Validation = MSE:0.017614 , RMSE:0.132719 , MAE:0.091837 , MAPD:0.485996, R_squared:0.999683

2024-03-21 05:56:22,145 Epoch 187/300, Train Loss: 0.016520, Val Loss: 0.014229  
	Train = MSE:0.016522 , RMSE:0.128539 , MAE:0.096432 , MAPD:0.512278, R_squared:0.999714  
	Validation = MSE:0.014799 , RMSE:0.121649 , MAE:0.085424 , MAPD:0.471111, R_squared:0.999734

2024-03-21 05:56:24,860 Epoch 188/300, Train Loss: 0.015707, Val Loss: 0.024318  
	Train = MSE:0.015706 , RMSE:0.125323 , MAE:0.093936 , MAPD:0.491190, R_squared:0.999728  
	Validation = MSE:0.025583 , RMSE:0.159946 , MAE:0.120994 , MAPD:0.679528, R_squared:0.999540

2024-03-21 05:56:27,495 Epoch 189/300, Train Loss: 0.016730, Val Loss: 0.025711  
	Train = MSE:0.016729 , RMSE:0.129340 , MAE:0.097062 , MAPD:0.519686, R_squared:0.999710  
	Validation = MSE:0.024808 , RMSE:0.157505 , MAE:0.124726 , MAPD:0.681910, R_squared:0.999554

2024-03-21 05:56:30,899 Epoch 190/300, Train Loss: 0.028572, Val Loss: 0.020531  
	Train = MSE:0.028570 , RMSE:0.169028 , MAE:0.134803 , MAPD:0.724091, R_squared:0.999505  
	Validation = MSE:0.020797 , RMSE:0.144213 , MAE:0.110111 , MAPD:0.576345, R_squared:0.999626

2024-03-21 05:56:33,716 Epoch 191/300, Train Loss: 0.020159, Val Loss: 0.020738  
	Train = MSE:0.020156 , RMSE:0.141974 , MAE:0.109202 , MAPD:0.578578, R_squared:0.999651  
	Validation = MSE:0.022009 , RMSE:0.148353 , MAE:0.112075 , MAPD:0.630887, R_squared:0.999604

2024-03-21 05:56:37,381 Epoch 192/300, Train Loss: 0.022878, Val Loss: 0.018688  
	Train = MSE:0.022883 , RMSE:0.151270 , MAE:0.117956 , MAPD:0.633864, R_squared:0.999604  
	Validation = MSE:0.019043 , RMSE:0.137996 , MAE:0.109072 , MAPD:0.606969, R_squared:0.999657

2024-03-21 05:56:39,657 Epoch 193/300, Train Loss: 0.020820, Val Loss: 0.016752  
	Train = MSE:0.020823 , RMSE:0.144301 , MAE:0.109283 , MAPD:0.574980, R_squared:0.999640  
	Validation = MSE:0.017669 , RMSE:0.132926 , MAE:0.095733 , MAPD:0.524087, R_squared:0.999682

2024-03-21 05:56:42,044 Epoch 194/300, Train Loss: 0.017737, Val Loss: 0.015067  
	Train = MSE:0.017735 , RMSE:0.133174 , MAE:0.100633 , MAPD:0.529515, R_squared:0.999693  
	Validation = MSE:0.015655 , RMSE:0.125120 , MAE:0.090558 , MAPD:0.494901, R_squared:0.999718

2024-03-21 05:56:45,346 Epoch 195/300, Train Loss: 0.022162, Val Loss: 0.037653  
	Train = MSE:0.022165 , RMSE:0.148878 , MAE:0.114018 , MAPD:0.609966, R_squared:0.999616  
	Validation = MSE:0.036698 , RMSE:0.191568 , MAE:0.155900 , MAPD:0.801866, R_squared:0.999340

2024-03-21 05:56:47,613 Epoch 196/300, Train Loss: 0.019540, Val Loss: 0.015607  
	Train = MSE:0.019542 , RMSE:0.139791 , MAE:0.106870 , MAPD:0.568338, R_squared:0.999662  
	Validation = MSE:0.016403 , RMSE:0.128073 , MAE:0.092005 , MAPD:0.500104, R_squared:0.999705

2024-03-21 05:56:51,486 Epoch 197/300, Train Loss: 0.016173, Val Loss: 0.016064  
	Train = MSE:0.016172 , RMSE:0.127170 , MAE:0.095506 , MAPD:0.503271, R_squared:0.999720  
	Validation = MSE:0.017094 , RMSE:0.130742 , MAE:0.092381 , MAPD:0.500572, R_squared:0.999692

2024-03-21 05:56:53,828 Epoch 198/300, Train Loss: 0.015161, Val Loss: 0.015032  
	Train = MSE:0.015162 , RMSE:0.123136 , MAE:0.092103 , MAPD:0.483914, R_squared:0.999738  
	Validation = MSE:0.015669 , RMSE:0.125177 , MAE:0.090048 , MAPD:0.480080, R_squared:0.999718

2024-03-21 05:56:56,180 Epoch 199/300, Train Loss: 0.014812, Val Loss: 0.013545  
	Train = MSE:0.014812 , RMSE:0.121705 , MAE:0.090876 , MAPD:0.481801, R_squared:0.999744  
	Validation = MSE:0.014261 , RMSE:0.119418 , MAE:0.083819 , MAPD:0.459426, R_squared:0.999743

2024-03-21 05:56:58,765 Epoch 200/300, Train Loss: 0.016638, Val Loss: 0.015716  
	Train = MSE:0.016638 , RMSE:0.128987 , MAE:0.096790 , MAPD:0.509943, R_squared:0.999712  
	Validation = MSE:0.016523 , RMSE:0.128544 , MAE:0.092179 , MAPD:0.503346, R_squared:0.999703

2024-03-21 05:57:01,391 Epoch 201/300, Train Loss: 0.018200, Val Loss: 0.013685  
	Train = MSE:0.018203 , RMSE:0.134917 , MAE:0.102527 , MAPD:0.549900, R_squared:0.999685  
	Validation = MSE:0.014192 , RMSE:0.119130 , MAE:0.084910 , MAPD:0.479194, R_squared:0.999745

2024-03-21 05:57:05,000 Epoch 202/300, Train Loss: 0.013596, Val Loss: 0.013230  
	Train = MSE:0.013596 , RMSE:0.116600 , MAE:0.086581 , MAPD:0.458104, R_squared:0.999765  
	Validation = MSE:0.013922 , RMSE:0.117993 , MAE:0.083080 , MAPD:0.455324, R_squared:0.999749

2024-03-21 05:57:07,259 Epoch 203/300, Train Loss: 0.015306, Val Loss: 0.014689  
	Train = MSE:0.015309 , RMSE:0.123728 , MAE:0.092904 , MAPD:0.493998, R_squared:0.999735  
	Validation = MSE:0.015518 , RMSE:0.124571 , MAE:0.087377 , MAPD:0.467666, R_squared:0.999721

2024-03-21 05:57:09,529 Epoch 204/300, Train Loss: 0.014337, Val Loss: 0.021205  
	Train = MSE:0.014336 , RMSE:0.119732 , MAE:0.090269 , MAPD:0.483150, R_squared:0.999752  
	Validation = MSE:0.021154 , RMSE:0.145443 , MAE:0.112249 , MAPD:0.687157, R_squared:0.999619

2024-03-21 05:57:11,888 Epoch 205/300, Train Loss: 0.015712, Val Loss: 0.021399  
	Train = MSE:0.015713 , RMSE:0.125350 , MAE:0.094179 , MAPD:0.495132, R_squared:0.999728  
	Validation = MSE:0.022768 , RMSE:0.150892 , MAE:0.114353 , MAPD:0.619190, R_squared:0.999590

2024-03-21 05:57:14,753 Epoch 206/300, Train Loss: 0.014108, Val Loss: 0.018627  
	Train = MSE:0.014109 , RMSE:0.118780 , MAE:0.087844 , MAPD:0.458756, R_squared:0.999756  
	Validation = MSE:0.019706 , RMSE:0.140379 , MAE:0.104210 , MAPD:0.601571, R_squared:0.999645

2024-03-21 05:57:17,206 Epoch 207/300, Train Loss: 0.015455, Val Loss: 0.015888  
	Train = MSE:0.015455 , RMSE:0.124319 , MAE:0.094012 , MAPD:0.499998, R_squared:0.999732  
	Validation = MSE:0.016953 , RMSE:0.130205 , MAE:0.091640 , MAPD:0.494653, R_squared:0.999695

2024-03-21 05:57:19,536 Epoch 208/300, Train Loss: 0.017978, Val Loss: 0.031328  
	Train = MSE:0.017978 , RMSE:0.134081 , MAE:0.101699 , MAPD:0.538286, R_squared:0.999689  
	Validation = MSE:0.030969 , RMSE:0.175981 , MAE:0.147596 , MAPD:0.803371, R_squared:0.999443

2024-03-21 05:57:21,812 Epoch 209/300, Train Loss: 0.026229, Val Loss: 0.035514  
	Train = MSE:0.026232 , RMSE:0.161963 , MAE:0.125212 , MAPD:0.658023, R_squared:0.999546  
	Validation = MSE:0.035507 , RMSE:0.188432 , MAE:0.162632 , MAPD:0.976157, R_squared:0.999361

2024-03-21 05:57:24,054 Epoch 210/300, Train Loss: 0.019945, Val Loss: 0.022199  
	Train = MSE:0.019944 , RMSE:0.141225 , MAE:0.108772 , MAPD:0.586267, R_squared:0.999655  
	Validation = MSE:0.022114 , RMSE:0.148709 , MAE:0.112372 , MAPD:0.565444, R_squared:0.999602

2024-03-21 05:57:26,427 Epoch 211/300, Train Loss: 0.017471, Val Loss: 0.026577  
	Train = MSE:0.017471 , RMSE:0.132179 , MAE:0.101432 , MAPD:0.537094, R_squared:0.999698  
	Validation = MSE:0.027997 , RMSE:0.167324 , MAE:0.132239 , MAPD:0.727921, R_squared:0.999496

2024-03-21 05:57:32,110 Epoch 212/300, Train Loss: 0.016152, Val Loss: 0.014556  
	Train = MSE:0.016153 , RMSE:0.127093 , MAE:0.096409 , MAPD:0.512641, R_squared:0.999720  
	Validation = MSE:0.015094 , RMSE:0.122858 , MAE:0.087925 , MAPD:0.485305, R_squared:0.999728

2024-03-21 05:57:34,407 Epoch 213/300, Train Loss: 0.013232, Val Loss: 0.013240  
	Train = MSE:0.013232 , RMSE:0.115033 , MAE:0.085125 , MAPD:0.448503, R_squared:0.999771  
	Validation = MSE:0.014005 , RMSE:0.118342 , MAE:0.080534 , MAPD:0.436281, R_squared:0.999748

2024-03-21 05:57:37,010 Epoch 214/300, Train Loss: 0.013039, Val Loss: 0.016659  
	Train = MSE:0.013038 , RMSE:0.114183 , MAE:0.084375 , MAPD:0.444464, R_squared:0.999774  
	Validation = MSE:0.017650 , RMSE:0.132853 , MAE:0.092122 , MAPD:0.476542, R_squared:0.999682

2024-03-21 05:57:39,229 Epoch 215/300, Train Loss: 0.014684, Val Loss: 0.017180  
	Train = MSE:0.014685 , RMSE:0.121182 , MAE:0.090613 , MAPD:0.479988, R_squared:0.999746  
	Validation = MSE:0.018342 , RMSE:0.135433 , MAE:0.095235 , MAPD:0.524466, R_squared:0.999670

2024-03-21 05:57:41,467 Epoch 216/300, Train Loss: 0.014169, Val Loss: 0.016809  
	Train = MSE:0.014167 , RMSE:0.119026 , MAE:0.089060 , MAPD:0.475388, R_squared:0.999755  
	Validation = MSE:0.017277 , RMSE:0.131443 , MAE:0.098414 , MAPD:0.520896, R_squared:0.999689

2024-03-21 05:57:43,824 Epoch 217/300, Train Loss: 0.013422, Val Loss: 0.013536  
	Train = MSE:0.013423 , RMSE:0.115859 , MAE:0.085366 , MAPD:0.449041, R_squared:0.999768  
	Validation = MSE:0.014469 , RMSE:0.120289 , MAE:0.080599 , MAPD:0.436129, R_squared:0.999740

2024-03-21 05:57:46,384 Epoch 218/300, Train Loss: 0.018699, Val Loss: 0.024136  
	Train = MSE:0.018699 , RMSE:0.136745 , MAE:0.103571 , MAPD:0.552997, R_squared:0.999676  
	Validation = MSE:0.025136 , RMSE:0.158542 , MAE:0.128678 , MAPD:0.747761, R_squared:0.999548

2024-03-21 05:57:49,222 Epoch 219/300, Train Loss: 0.014546, Val Loss: 0.020277  
	Train = MSE:0.014540 , RMSE:0.120581 , MAE:0.090004 , MAPD:0.482385, R_squared:0.999748  
	Validation = MSE:0.020973 , RMSE:0.144820 , MAE:0.112438 , MAPD:0.610709, R_squared:0.999623

2024-03-21 05:57:51,701 Epoch 220/300, Train Loss: 0.017985, Val Loss: 0.013552  
	Train = MSE:0.017985 , RMSE:0.134107 , MAE:0.102746 , MAPD:0.544534, R_squared:0.999689  
	Validation = MSE:0.014058 , RMSE:0.118565 , MAE:0.085747 , MAPD:0.484932, R_squared:0.999747

2024-03-21 05:57:53,945 Epoch 221/300, Train Loss: 0.015167, Val Loss: 0.014334  
	Train = MSE:0.015167 , RMSE:0.123154 , MAE:0.093668 , MAPD:0.497628, R_squared:0.999737  
	Validation = MSE:0.015075 , RMSE:0.122779 , MAE:0.089188 , MAPD:0.503983, R_squared:0.999729

2024-03-21 05:57:58,408 Epoch 222/300, Train Loss: 0.018039, Val Loss: 0.018066  
	Train = MSE:0.018039 , RMSE:0.134310 , MAE:0.103656 , MAPD:0.548601, R_squared:0.999688  
	Validation = MSE:0.019198 , RMSE:0.138557 , MAE:0.100758 , MAPD:0.561641, R_squared:0.999655

2024-03-21 05:58:01,302 Epoch 223/300, Train Loss: 0.014101, Val Loss: 0.016291  
	Train = MSE:0.014103 , RMSE:0.118756 , MAE:0.088862 , MAPD:0.469647, R_squared:0.999756  
	Validation = MSE:0.017150 , RMSE:0.130959 , MAE:0.093058 , MAPD:0.532485, R_squared:0.999691

2024-03-21 05:58:03,534 Epoch 224/300, Train Loss: 0.014843, Val Loss: 0.031073  
	Train = MSE:0.014844 , RMSE:0.121834 , MAE:0.091791 , MAPD:0.489435, R_squared:0.999743  
	Validation = MSE:0.030468 , RMSE:0.174551 , MAE:0.144626 , MAPD:0.787736, R_squared:0.999452

2024-03-21 05:58:05,820 Epoch 225/300, Train Loss: 0.016137, Val Loss: 0.028685  
	Train = MSE:0.016139 , RMSE:0.127038 , MAE:0.096848 , MAPD:0.509193, R_squared:0.999721  
	Validation = MSE:0.029650 , RMSE:0.172191 , MAE:0.131396 , MAPD:0.660693, R_squared:0.999466

2024-03-21 05:58:08,107 Epoch 226/300, Train Loss: 0.020207, Val Loss: 0.015531  
	Train = MSE:0.020210 , RMSE:0.142162 , MAE:0.109621 , MAPD:0.591669, R_squared:0.999650  
	Validation = MSE:0.016408 , RMSE:0.128094 , MAE:0.093059 , MAPD:0.529746, R_squared:0.999705

2024-03-21 05:58:10,402 Epoch 227/300, Train Loss: 0.013236, Val Loss: 0.012654  
	Train = MSE:0.013237 , RMSE:0.115054 , MAE:0.086589 , MAPD:0.459907, R_squared:0.999771  
	Validation = MSE:0.013387 , RMSE:0.115704 , MAE:0.080184 , MAPD:0.433259, R_squared:0.999759

2024-03-21 05:58:12,713 Epoch 228/300, Train Loss: 0.014763, Val Loss: 0.024999  
	Train = MSE:0.014765 , RMSE:0.121512 , MAE:0.091316 , MAPD:0.486560, R_squared:0.999744  
	Validation = MSE:0.025971 , RMSE:0.161154 , MAE:0.124710 , MAPD:0.670077, R_squared:0.999533

2024-03-21 05:58:15,401 Epoch 229/300, Train Loss: 0.014068, Val Loss: 0.015288  
	Train = MSE:0.014070 , RMSE:0.118615 , MAE:0.090376 , MAPD:0.483566, R_squared:0.999756  
	Validation = MSE:0.016185 , RMSE:0.127222 , MAE:0.090827 , MAPD:0.506661, R_squared:0.999709

2024-03-21 05:58:17,665 Epoch 230/300, Train Loss: 0.017877, Val Loss: 0.018360  
	Train = MSE:0.017878 , RMSE:0.133709 , MAE:0.102414 , MAPD:0.543619, R_squared:0.999691  
	Validation = MSE:0.019407 , RMSE:0.139308 , MAE:0.106055 , MAPD:0.595236, R_squared:0.999651

2024-03-21 05:58:19,939 Epoch 231/300, Train Loss: 0.013686, Val Loss: 0.014603  
	Train = MSE:0.013686 , RMSE:0.116986 , MAE:0.086645 , MAPD:0.450072, R_squared:0.999763  
	Validation = MSE:0.015129 , RMSE:0.122998 , MAE:0.093517 , MAPD:0.517527, R_squared:0.999728

2024-03-21 05:58:23,632 Epoch 232/300, Train Loss: 0.016684, Val Loss: 0.016833  
	Train = MSE:0.016675 , RMSE:0.129133 , MAE:0.096390 , MAPD:0.512623, R_squared:0.999711  
	Validation = MSE:0.017371 , RMSE:0.131801 , MAE:0.092204 , MAPD:0.470065, R_squared:0.999687

2024-03-21 05:58:25,925 Epoch 233/300, Train Loss: 0.016465, Val Loss: 0.017031  
	Train = MSE:0.016466 , RMSE:0.128321 , MAE:0.097399 , MAPD:0.512161, R_squared:0.999715  
	Validation = MSE:0.017734 , RMSE:0.133171 , MAE:0.096732 , MAPD:0.536793, R_squared:0.999681

2024-03-21 05:58:28,917 Epoch 234/300, Train Loss: 0.013660, Val Loss: 0.013969  
	Train = MSE:0.013662 , RMSE:0.116884 , MAE:0.087183 , MAPD:0.463777, R_squared:0.999764  
	Validation = MSE:0.014709 , RMSE:0.121281 , MAE:0.084543 , MAPD:0.458581, R_squared:0.999735

2024-03-21 05:58:31,255 Epoch 235/300, Train Loss: 0.013233, Val Loss: 0.015153  
	Train = MSE:0.013233 , RMSE:0.115036 , MAE:0.085908 , MAPD:0.455318, R_squared:0.999771  
	Validation = MSE:0.016141 , RMSE:0.127047 , MAE:0.088007 , MAPD:0.473710, R_squared:0.999710

2024-03-21 05:58:33,515 Epoch 236/300, Train Loss: 0.013487, Val Loss: 0.012078  
	Train = MSE:0.013488 , RMSE:0.116138 , MAE:0.087197 , MAPD:0.460079, R_squared:0.999767  
	Validation = MSE:0.012651 , RMSE:0.112476 , MAE:0.078804 , MAPD:0.434496, R_squared:0.999772

2024-03-21 05:58:36,592 Epoch 237/300, Train Loss: 0.015421, Val Loss: 0.014380  
	Train = MSE:0.015424 , RMSE:0.124194 , MAE:0.092279 , MAPD:0.489870, R_squared:0.999733  
	Validation = MSE:0.014723 , RMSE:0.121337 , MAE:0.087927 , MAPD:0.458354, R_squared:0.999735

2024-03-21 05:58:40,294 Epoch 238/300, Train Loss: 0.011600, Val Loss: 0.012720  
	Train = MSE:0.011599 , RMSE:0.107701 , MAE:0.079135 , MAPD:0.419700, R_squared:0.999799  
	Validation = MSE:0.013465 , RMSE:0.116038 , MAE:0.079503 , MAPD:0.429450, R_squared:0.999758

2024-03-21 05:58:43,528 Epoch 239/300, Train Loss: 0.016129, Val Loss: 0.019334  
	Train = MSE:0.016130 , RMSE:0.127003 , MAE:0.096210 , MAPD:0.511016, R_squared:0.999721  
	Validation = MSE:0.019389 , RMSE:0.139246 , MAE:0.100236 , MAPD:0.491386, R_squared:0.999651

2024-03-21 05:58:46,487 Epoch 240/300, Train Loss: 0.014110, Val Loss: 0.018009  
	Train = MSE:0.014109 , RMSE:0.118780 , MAE:0.089202 , MAPD:0.473053, R_squared:0.999756  
	Validation = MSE:0.018988 , RMSE:0.137798 , MAE:0.103029 , MAPD:0.596725, R_squared:0.999658

2024-03-21 05:58:49,256 Epoch 241/300, Train Loss: 0.013309, Val Loss: 0.013832  
	Train = MSE:0.013308 , RMSE:0.115362 , MAE:0.085529 , MAPD:0.454864, R_squared:0.999770  
	Validation = MSE:0.014376 , RMSE:0.119900 , MAE:0.089828 , MAPD:0.507937, R_squared:0.999741

2024-03-21 05:58:53,101 Epoch 242/300, Train Loss: 0.020043, Val Loss: 0.015403  
	Train = MSE:0.020045 , RMSE:0.141581 , MAE:0.110658 , MAPD:0.593642, R_squared:0.999653  
	Validation = MSE:0.016359 , RMSE:0.127904 , MAE:0.091584 , MAPD:0.501738, R_squared:0.999706

2024-03-21 05:58:56,082 Epoch 243/300, Train Loss: 0.017896, Val Loss: 0.014624  
	Train = MSE:0.017896 , RMSE:0.133775 , MAE:0.102571 , MAPD:0.548307, R_squared:0.999690  
	Validation = MSE:0.015388 , RMSE:0.124047 , MAE:0.090486 , MAPD:0.515752, R_squared:0.999723

2024-03-21 05:58:58,484 Epoch 244/300, Train Loss: 0.013115, Val Loss: 0.013800  
	Train = MSE:0.013115 , RMSE:0.114520 , MAE:0.085315 , MAPD:0.454646, R_squared:0.999773  
	Validation = MSE:0.014681 , RMSE:0.121164 , MAE:0.084225 , MAPD:0.453560, R_squared:0.999736

2024-03-21 05:59:01,103 Epoch 245/300, Train Loss: 0.014913, Val Loss: 0.014638  
	Train = MSE:0.014907 , RMSE:0.122093 , MAE:0.093210 , MAPD:0.494161, R_squared:0.999742  
	Validation = MSE:0.015328 , RMSE:0.123806 , MAE:0.089806 , MAPD:0.487530, R_squared:0.999724

2024-03-21 05:59:04,694 Epoch 246/300, Train Loss: 0.015195, Val Loss: 0.016642  
	Train = MSE:0.015197 , RMSE:0.123275 , MAE:0.093588 , MAPD:0.497759, R_squared:0.999737  
	Validation = MSE:0.017473 , RMSE:0.132184 , MAE:0.092076 , MAPD:0.470186, R_squared:0.999686

2024-03-21 05:59:06,990 Epoch 247/300, Train Loss: 0.013326, Val Loss: 0.020696  
	Train = MSE:0.013323 , RMSE:0.115427 , MAE:0.086150 , MAPD:0.458950, R_squared:0.999769  
	Validation = MSE:0.021454 , RMSE:0.146472 , MAE:0.106133 , MAPD:0.525149, R_squared:0.999614

2024-03-21 05:59:09,265 Epoch 248/300, Train Loss: 0.018521, Val Loss: 0.019242  
	Train = MSE:0.018522 , RMSE:0.136095 , MAE:0.104075 , MAPD:0.556054, R_squared:0.999679  
	Validation = MSE:0.019514 , RMSE:0.139692 , MAE:0.105295 , MAPD:0.584155, R_squared:0.999649

2024-03-21 05:59:11,555 Epoch 249/300, Train Loss: 0.015172, Val Loss: 0.018339  
	Train = MSE:0.015174 , RMSE:0.123182 , MAE:0.093633 , MAPD:0.494495, R_squared:0.999737  
	Validation = MSE:0.018518 , RMSE:0.136081 , MAE:0.106733 , MAPD:0.561950, R_squared:0.999667

2024-03-21 05:59:13,823 Epoch 250/300, Train Loss: 0.012361, Val Loss: 0.022548  
	Train = MSE:0.012360 , RMSE:0.111175 , MAE:0.083018 , MAPD:0.439964, R_squared:0.999786  
	Validation = MSE:0.022495 , RMSE:0.149984 , MAE:0.113484 , MAPD:0.562010, R_squared:0.999595

2024-03-21 05:59:16,322 Epoch 251/300, Train Loss: 0.013872, Val Loss: 0.013691  
	Train = MSE:0.013870 , RMSE:0.117772 , MAE:0.088011 , MAPD:0.466005, R_squared:0.999760  
	Validation = MSE:0.014499 , RMSE:0.120411 , MAE:0.083649 , MAPD:0.469492, R_squared:0.999739

2024-03-21 05:59:20,034 Epoch 252/300, Train Loss: 0.012459, Val Loss: 0.014287  
	Train = MSE:0.012460 , RMSE:0.111624 , MAE:0.083274 , MAPD:0.438799, R_squared:0.999784  
	Validation = MSE:0.014743 , RMSE:0.121421 , MAE:0.086214 , MAPD:0.443390, R_squared:0.999735

2024-03-21 05:59:22,268 Epoch 253/300, Train Loss: 0.020688, Val Loss: 0.016407  
	Train = MSE:0.020686 , RMSE:0.143825 , MAE:0.110884 , MAPD:0.586027, R_squared:0.999642  
	Validation = MSE:0.017082 , RMSE:0.130699 , MAE:0.094493 , MAPD:0.506995, R_squared:0.999693

2024-03-21 05:59:24,539 Epoch 254/300, Train Loss: 0.014940, Val Loss: 0.033330  
	Train = MSE:0.014941 , RMSE:0.122234 , MAE:0.092495 , MAPD:0.489653, R_squared:0.999741  
	Validation = MSE:0.034243 , RMSE:0.185049 , MAE:0.151549 , MAPD:0.887498, R_squared:0.999384

2024-03-21 05:59:26,791 Epoch 255/300, Train Loss: 0.015564, Val Loss: 0.013565  
	Train = MSE:0.015565 , RMSE:0.124759 , MAE:0.095177 , MAPD:0.504461, R_squared:0.999731  
	Validation = MSE:0.014217 , RMSE:0.119237 , MAE:0.082992 , MAPD:0.434705, R_squared:0.999744

2024-03-21 05:59:28,990 Epoch 256/300, Train Loss: 0.013934, Val Loss: 0.013400  
	Train = MSE:0.013933 , RMSE:0.118036 , MAE:0.087533 , MAPD:0.467935, R_squared:0.999759  
	Validation = MSE:0.014142 , RMSE:0.118921 , MAE:0.081244 , MAPD:0.453565, R_squared:0.999746

2024-03-21 05:59:32,072 Epoch 257/300, Train Loss: 0.017058, Val Loss: 0.015049  
	Train = MSE:0.017055 , RMSE:0.130596 , MAE:0.099646 , MAPD:0.529625, R_squared:0.999705  
	Validation = MSE:0.015522 , RMSE:0.124586 , MAE:0.092533 , MAPD:0.492845, R_squared:0.999721

2024-03-21 05:59:34,327 Epoch 258/300, Train Loss: 0.015514, Val Loss: 0.031776  
	Train = MSE:0.015516 , RMSE:0.124563 , MAE:0.094432 , MAPD:0.500275, R_squared:0.999731  
	Validation = MSE:0.031788 , RMSE:0.178292 , MAE:0.152232 , MAPD:0.849761, R_squared:0.999428

2024-03-21 05:59:36,649 Epoch 259/300, Train Loss: 0.012716, Val Loss: 0.025861  
	Train = MSE:0.012716 , RMSE:0.112763 , MAE:0.083554 , MAPD:0.439170, R_squared:0.999780  
	Validation = MSE:0.025583 , RMSE:0.159947 , MAE:0.122292 , MAPD:0.617541, R_squared:0.999540

2024-03-21 05:59:39,606 Epoch 260/300, Train Loss: 0.019730, Val Loss: 0.023520  
	Train = MSE:0.019732 , RMSE:0.140470 , MAE:0.108617 , MAPD:0.577632, R_squared:0.999658  
	Validation = MSE:0.024711 , RMSE:0.157198 , MAE:0.126238 , MAPD:0.754754, R_squared:0.999555

2024-03-21 05:59:41,955 Epoch 261/300, Train Loss: 0.015496, Val Loss: 0.012351  
	Train = MSE:0.015498 , RMSE:0.124490 , MAE:0.093781 , MAPD:0.501665, R_squared:0.999732  
	Validation = MSE:0.012888 , RMSE:0.113526 , MAE:0.078280 , MAPD:0.426432, R_squared:0.999768

2024-03-21 05:59:47,567 Epoch 262/300, Train Loss: 0.013648, Val Loss: 0.011390  
	Train = MSE:0.013648 , RMSE:0.116826 , MAE:0.087035 , MAPD:0.450592, R_squared:0.999764  
	Validation = MSE:0.012045 , RMSE:0.109750 , MAE:0.074707 , MAPD:0.406734, R_squared:0.999783

2024-03-21 05:59:50,135 Epoch 263/300, Train Loss: 0.012907, Val Loss: 0.022742  
	Train = MSE:0.012909 , RMSE:0.113616 , MAE:0.086361 , MAPD:0.455928, R_squared:0.999777  
	Validation = MSE:0.023541 , RMSE:0.153431 , MAE:0.118591 , MAPD:0.617927, R_squared:0.999576

2024-03-21 05:59:52,390 Epoch 264/300, Train Loss: 0.013484, Val Loss: 0.011309  
	Train = MSE:0.013484 , RMSE:0.116119 , MAE:0.087367 , MAPD:0.462172, R_squared:0.999767  
	Validation = MSE:0.011982 , RMSE:0.109464 , MAE:0.074443 , MAPD:0.401213, R_squared:0.999784

2024-03-21 05:59:54,669 Epoch 265/300, Train Loss: 0.016400, Val Loss: 0.016705  
	Train = MSE:0.016401 , RMSE:0.128067 , MAE:0.097701 , MAPD:0.521615, R_squared:0.999716  
	Validation = MSE:0.017564 , RMSE:0.132531 , MAE:0.099840 , MAPD:0.589046, R_squared:0.999684

2024-03-21 05:59:56,926 Epoch 266/300, Train Loss: 0.014353, Val Loss: 0.018276  
	Train = MSE:0.014352 , RMSE:0.119799 , MAE:0.089659 , MAPD:0.472282, R_squared:0.999752  
	Validation = MSE:0.018631 , RMSE:0.136495 , MAE:0.102730 , MAPD:0.532379, R_squared:0.999665

2024-03-21 05:59:59,199 Epoch 267/300, Train Loss: 0.015168, Val Loss: 0.020064  
	Train = MSE:0.015170 , RMSE:0.123165 , MAE:0.093591 , MAPD:0.497019, R_squared:0.999737  
	Validation = MSE:0.020909 , RMSE:0.144600 , MAE:0.111412 , MAPD:0.670944, R_squared:0.999624

2024-03-21 06:00:01,916 Epoch 268/300, Train Loss: 0.014869, Val Loss: 0.020292  
	Train = MSE:0.014869 , RMSE:0.121938 , MAE:0.093197 , MAPD:0.499684, R_squared:0.999743  
	Validation = MSE:0.021242 , RMSE:0.145747 , MAE:0.114622 , MAPD:0.671443, R_squared:0.999618

2024-03-21 06:00:04,215 Epoch 269/300, Train Loss: 0.014620, Val Loss: 0.011238  
	Train = MSE:0.014620 , RMSE:0.120913 , MAE:0.090940 , MAPD:0.480902, R_squared:0.999747  
	Validation = MSE:0.011853 , RMSE:0.108869 , MAE:0.075389 , MAPD:0.410322, R_squared:0.999787

2024-03-21 06:00:06,496 Epoch 270/300, Train Loss: 0.012990, Val Loss: 0.033896  
	Train = MSE:0.012990 , RMSE:0.113974 , MAE:0.085304 , MAPD:0.458273, R_squared:0.999775  
	Validation = MSE:0.033460 , RMSE:0.182922 , MAE:0.138861 , MAPD:0.655198, R_squared:0.999398

2024-03-21 06:00:08,763 Epoch 271/300, Train Loss: 0.014499, Val Loss: 0.012556  
	Train = MSE:0.014500 , RMSE:0.120417 , MAE:0.091207 , MAPD:0.479673, R_squared:0.999749  
	Validation = MSE:0.013185 , RMSE:0.114825 , MAE:0.081932 , MAPD:0.452618, R_squared:0.999763

2024-03-21 06:00:13,458 Epoch 272/300, Train Loss: 0.012936, Val Loss: 0.013833  
	Train = MSE:0.012939 , RMSE:0.113748 , MAE:0.086114 , MAPD:0.455159, R_squared:0.999776  
	Validation = MSE:0.014585 , RMSE:0.120767 , MAE:0.085171 , MAPD:0.445968, R_squared:0.999738

2024-03-21 06:00:15,813 Epoch 273/300, Train Loss: 0.014841, Val Loss: 0.020644  
	Train = MSE:0.014840 , RMSE:0.121820 , MAE:0.093362 , MAPD:0.498739, R_squared:0.999743  
	Validation = MSE:0.020371 , RMSE:0.142726 , MAE:0.103064 , MAPD:0.518738, R_squared:0.999633

2024-03-21 06:00:18,465 Epoch 274/300, Train Loss: 0.017041, Val Loss: 0.017535  
	Train = MSE:0.017042 , RMSE:0.130545 , MAE:0.100908 , MAPD:0.536719, R_squared:0.999705  
	Validation = MSE:0.017918 , RMSE:0.133856 , MAE:0.107336 , MAPD:0.609392, R_squared:0.999678

2024-03-21 06:00:20,726 Epoch 275/300, Train Loss: 0.011797, Val Loss: 0.037062  
	Train = MSE:0.011797 , RMSE:0.108615 , MAE:0.081400 , MAPD:0.434309, R_squared:0.999796  
	Validation = MSE:0.037724 , RMSE:0.194227 , MAE:0.165793 , MAPD:0.955298, R_squared:0.999321

2024-03-21 06:00:23,463 Epoch 276/300, Train Loss: 0.012721, Val Loss: 0.013375  
	Train = MSE:0.012720 , RMSE:0.112783 , MAE:0.084591 , MAPD:0.453188, R_squared:0.999780  
	Validation = MSE:0.014076 , RMSE:0.118643 , MAE:0.080781 , MAPD:0.442324, R_squared:0.999747

2024-03-21 06:00:25,740 Epoch 277/300, Train Loss: 0.012138, Val Loss: 0.013035  
	Train = MSE:0.012138 , RMSE:0.110172 , MAE:0.082968 , MAPD:0.437775, R_squared:0.999790  
	Validation = MSE:0.013725 , RMSE:0.117155 , MAE:0.084248 , MAPD:0.456750, R_squared:0.999753

2024-03-21 06:00:28,038 Epoch 278/300, Train Loss: 0.014858, Val Loss: 0.017461  
	Train = MSE:0.014859 , RMSE:0.121898 , MAE:0.093309 , MAPD:0.500275, R_squared:0.999743  
	Validation = MSE:0.017919 , RMSE:0.133862 , MAE:0.096728 , MAPD:0.484352, R_squared:0.999678

2024-03-21 06:00:30,446 Epoch 279/300, Train Loss: 0.014369, Val Loss: 0.014233  
	Train = MSE:0.014366 , RMSE:0.119859 , MAE:0.090701 , MAPD:0.476909, R_squared:0.999751  
	Validation = MSE:0.014811 , RMSE:0.121701 , MAE:0.084489 , MAPD:0.431494, R_squared:0.999733

2024-03-21 06:00:32,956 Epoch 280/300, Train Loss: 0.014785, Val Loss: 0.011859  
	Train = MSE:0.014785 , RMSE:0.121593 , MAE:0.093351 , MAPD:0.495286, R_squared:0.999744  
	Validation = MSE:0.012622 , RMSE:0.112349 , MAE:0.076720 , MAPD:0.411879, R_squared:0.999773

2024-03-21 06:00:35,223 Epoch 281/300, Train Loss: 0.017379, Val Loss: 0.016976  
	Train = MSE:0.017382 , RMSE:0.131840 , MAE:0.102289 , MAPD:0.539922, R_squared:0.999699  
	Validation = MSE:0.017249 , RMSE:0.131336 , MAE:0.100137 , MAPD:0.535751, R_squared:0.999690

2024-03-21 06:00:38,937 Epoch 282/300, Train Loss: 0.013975, Val Loss: 0.015407  
	Train = MSE:0.013975 , RMSE:0.118216 , MAE:0.089772 , MAPD:0.474403, R_squared:0.999758  
	Validation = MSE:0.015833 , RMSE:0.125828 , MAE:0.089726 , MAPD:0.451692, R_squared:0.999715

2024-03-21 06:00:41,181 Epoch 283/300, Train Loss: 0.012436, Val Loss: 0.012728  
	Train = MSE:0.012436 , RMSE:0.111515 , MAE:0.082295 , MAPD:0.437118, R_squared:0.999785  
	Validation = MSE:0.013433 , RMSE:0.115899 , MAE:0.080776 , MAPD:0.434068, R_squared:0.999758

2024-03-21 06:00:43,427 Epoch 284/300, Train Loss: 0.017572, Val Loss: 0.013482  
	Train = MSE:0.017571 , RMSE:0.132555 , MAE:0.102203 , MAPD:0.547273, R_squared:0.999696  
	Validation = MSE:0.014017 , RMSE:0.118395 , MAE:0.083250 , MAPD:0.449108, R_squared:0.999748

2024-03-21 06:00:46,118 Epoch 285/300, Train Loss: 0.011335, Val Loss: 0.012118  
	Train = MSE:0.011334 , RMSE:0.106460 , MAE:0.079023 , MAPD:0.420568, R_squared:0.999804  
	Validation = MSE:0.012786 , RMSE:0.113074 , MAE:0.078429 , MAPD:0.421753, R_squared:0.999770

2024-03-21 06:00:48,386 Epoch 286/300, Train Loss: 0.015130, Val Loss: 0.013977  
	Train = MSE:0.015128 , RMSE:0.122997 , MAE:0.093442 , MAPD:0.490808, R_squared:0.999738  
	Validation = MSE:0.014788 , RMSE:0.121606 , MAE:0.087610 , MAPD:0.495652, R_squared:0.999734

2024-03-21 06:00:50,663 Epoch 287/300, Train Loss: 0.015053, Val Loss: 0.012786  
	Train = MSE:0.015054 , RMSE:0.122694 , MAE:0.092660 , MAPD:0.494018, R_squared:0.999739  
	Validation = MSE:0.013364 , RMSE:0.115602 , MAE:0.080977 , MAPD:0.439198, R_squared:0.999760

2024-03-21 06:00:52,929 Epoch 288/300, Train Loss: 0.012322, Val Loss: 0.015890  
	Train = MSE:0.012322 , RMSE:0.111003 , MAE:0.082570 , MAPD:0.437918, R_squared:0.999787  
	Validation = MSE:0.016287 , RMSE:0.127621 , MAE:0.096446 , MAPD:0.513127, R_squared:0.999707

2024-03-21 06:00:55,499 Epoch 289/300, Train Loss: 0.012779, Val Loss: 0.012953  
	Train = MSE:0.012779 , RMSE:0.113043 , MAE:0.085916 , MAPD:0.456810, R_squared:0.999779  
	Validation = MSE:0.013780 , RMSE:0.117388 , MAE:0.081156 , MAPD:0.440213, R_squared:0.999752

2024-03-21 06:00:58,023 Epoch 290/300, Train Loss: 0.014629, Val Loss: 0.011353  
	Train = MSE:0.014628 , RMSE:0.120945 , MAE:0.090055 , MAPD:0.473830, R_squared:0.999747  
	Validation = MSE:0.011991 , RMSE:0.109505 , MAE:0.074566 , MAPD:0.398909, R_squared:0.999784

2024-03-21 06:01:01,008 Epoch 291/300, Train Loss: 0.012166, Val Loss: 0.012323  
	Train = MSE:0.012166 , RMSE:0.110300 , MAE:0.082713 , MAPD:0.436949, R_squared:0.999789  
	Validation = MSE:0.012904 , RMSE:0.113597 , MAE:0.078962 , MAPD:0.414327, R_squared:0.999768

2024-03-21 06:01:05,467 Epoch 292/300, Train Loss: 0.011218, Val Loss: 0.013385  
	Train = MSE:0.011218 , RMSE:0.105914 , MAE:0.079145 , MAPD:0.416657, R_squared:0.999806  
	Validation = MSE:0.014112 , RMSE:0.118794 , MAE:0.081236 , MAPD:0.435945, R_squared:0.999746

2024-03-21 06:01:07,643 Epoch 293/300, Train Loss: 0.011763, Val Loss: 0.013772  
	Train = MSE:0.011764 , RMSE:0.108463 , MAE:0.080223 , MAPD:0.423950, R_squared:0.999796  
	Validation = MSE:0.014314 , RMSE:0.119640 , MAE:0.084189 , MAPD:0.430460, R_squared:0.999742

2024-03-21 06:01:10,204 Epoch 294/300, Train Loss: 0.010706, Val Loss: 0.014588  
	Train = MSE:0.010706 , RMSE:0.103468 , MAE:0.076612 , MAPD:0.406813, R_squared:0.999815  
	Validation = MSE:0.015319 , RMSE:0.123769 , MAE:0.087292 , MAPD:0.480879, R_squared:0.999724

2024-03-21 06:01:13,001 Epoch 295/300, Train Loss: 0.010841, Val Loss: 0.018008  
	Train = MSE:0.010841 , RMSE:0.104119 , MAE:0.077629 , MAPD:0.413370, R_squared:0.999812  
	Validation = MSE:0.018757 , RMSE:0.136957 , MAE:0.103315 , MAPD:0.531703, R_squared:0.999662

2024-03-21 06:01:15,637 Epoch 296/300, Train Loss: 0.013465, Val Loss: 0.011354  
	Train = MSE:0.013463 , RMSE:0.116029 , MAE:0.087726 , MAPD:0.469127, R_squared:0.999767  
	Validation = MSE:0.012061 , RMSE:0.109823 , MAE:0.074056 , MAPD:0.394258, R_squared:0.999783

2024-03-21 06:01:18,336 Epoch 297/300, Train Loss: 0.012945, Val Loss: 0.013784  
	Train = MSE:0.012943 , RMSE:0.113769 , MAE:0.085885 , MAPD:0.454766, R_squared:0.999776  
	Validation = MSE:0.014328 , RMSE:0.119699 , MAE:0.086150 , MAPD:0.442898, R_squared:0.999742

2024-03-21 06:01:21,127 Epoch 298/300, Train Loss: 0.016494, Val Loss: 0.023364  
	Train = MSE:0.016494 , RMSE:0.128428 , MAE:0.098559 , MAPD:0.527099, R_squared:0.999714  
	Validation = MSE:0.024135 , RMSE:0.155353 , MAE:0.120420 , MAPD:0.741700, R_squared:0.999566

2024-03-21 06:01:23,762 Epoch 299/300, Train Loss: 0.020689, Val Loss: 0.021278  
	Train = MSE:0.020691 , RMSE:0.143844 , MAE:0.115294 , MAPD:0.613670, R_squared:0.999642  
	Validation = MSE:0.022101 , RMSE:0.148664 , MAE:0.113547 , MAPD:0.572304, R_squared:0.999602

2024-03-21 06:01:26,052 Epoch 300/300, Train Loss: 0.013324, Val Loss: 0.012010  
	Train = MSE:0.013325 , RMSE:0.115435 , MAE:0.088018 , MAPD:0.464500, R_squared:0.999769  
	Validation = MSE:0.012815 , RMSE:0.113205 , MAE:0.075812 , MAPD:0.407608, R_squared:0.999769

2024-03-21 06:01:26,056 Time for training the model: 788.133000
2024-03-21 06:01:27,711 MSE for train: 0.009414
2024-03-21 06:01:27,711 RMSE for train: 0.097023
2024-03-21 06:01:27,711 MAE for train: 0.069563
2024-03-21 06:01:27,711 MAPD for train: 0.359794
2024-03-21 06:01:27,711 R^2 Score for train: 0.999837
2024-03-21 06:01:27,715 Inference time for train dataset: 0.760998

2024-03-21 06:01:27,838 MSE for val: 0.012815
2024-03-21 06:01:27,838 RMSE for val: 0.113205
2024-03-21 06:01:27,838 MAE for val: 0.075812
2024-03-21 06:01:27,838 MAPD for val: 0.407608
2024-03-21 06:01:27,838 R^2 Score for val: 0.999769
2024-03-21 06:01:27,841 Inference time for val dataset: 0.123000

2024-03-21 06:01:27,965 MSE for test: 0.013614
2024-03-21 06:01:27,965 RMSE for test: 0.116678
2024-03-21 06:01:27,965 MAE for test: 0.076002
2024-03-21 06:01:27,965 MAPD for test: 0.392891
2024-03-21 06:01:27,965 R^2 Score for test: 0.999775
2024-03-21 06:01:27,971 Inference time for test dataset: 0.122999

2024-03-21 06:01:31,186 Train label average: , [20.62097221]
2024-03-21 06:01:31,187 Test label average: , [21.41736175]
2024-03-21 06:01:31,187 validation label average: , [20.14607025]
2024-03-21 06:01:31,187 predicted (on validation dataset) values average: , 21.4003125
