2024-03-21 03:39:34,108 train batches in dataset: 13
2024-03-21 03:39:34,108 val batches in dataset: 2
2024-03-21 03:39:34,109 test batches in dataset: 2
2024-03-21 03:39:34,131 Trainable parameter: net_core.0.weight - size: torch.Size([256, 35])
2024-03-21 03:39:34,172 Trainable parameter: net_core.0.bias - size: torch.Size([256])
2024-03-21 03:39:34,245 Trainable parameter: net_core.1.weight - size: torch.Size([128, 256])
2024-03-21 03:39:34,315 Trainable parameter: net_core.1.bias - size: torch.Size([128])
2024-03-21 03:39:34,320 Trainable parameter: net_core.2.weight - size: torch.Size([64, 128])
2024-03-21 03:39:34,323 Trainable parameter: net_core.2.bias - size: torch.Size([64])
2024-03-21 03:39:34,329 Trainable parameter: net_core.3.weight - size: torch.Size([16, 64])
2024-03-21 03:39:34,334 Trainable parameter: net_core.3.bias - size: torch.Size([16])
2024-03-21 03:39:34,335 Trainable parameter: net_core.4.weight - size: torch.Size([1, 16])
2024-03-21 03:39:34,336 Trainable parameter: net_core.4.bias - size: torch.Size([1])
2024-03-21 03:39:34,344 Number of trainable parameters: 51425
2024-03-21 03:39:34,344 Number of non-trainable parameters: 0
2024-03-21 03:39:38,515 Epoch 1/300, Train Loss: 926467061.211787, Val Loss: 514.705490  
	Train = MSE:963826880.000000 , RMSE:31045.560547 , MAE:8698.139648 , MAPD:45928.407970, R_squared:-16684007.324055  
	Validation = MSE:510.948212 , RMSE:22.604164 , MAE:21.339502 , MAPD:106.719062, R_squared:-8.194023

2024-03-21 03:39:41,522 Epoch 2/300, Train Loss: 548.637841, Val Loss: 537.582489  
	Train = MSE:546.346130 , RMSE:23.374048 , MAE:22.103138 , MAPD:108.182907, R_squared:-8.457345  
	Validation = MSE:533.744324 , RMSE:23.102907 , MAE:21.867107 , MAPD:109.689515, R_squared:-8.604218

2024-03-21 03:39:43,766 Epoch 3/300, Train Loss: 562.426429, Val Loss: 544.170288  
	Train = MSE:560.629578 , RMSE:23.677618 , MAE:22.424238 , MAPD:109.949062, R_squared:-8.704593  
	Validation = MSE:540.309143 , RMSE:23.244551 , MAE:22.016705 , MAPD:110.531746, R_squared:-8.722346

2024-03-21 03:39:44,812 Epoch 4/300, Train Loss: 564.650733, Val Loss: 545.812134  
	Train = MSE:564.604187 , RMSE:23.761402 , MAE:22.512909 , MAPD:110.439507, R_squared:-8.773394  
	Validation = MSE:541.945312 , RMSE:23.279718 , MAE:22.053827 , MAPD:110.740765, R_squared:-8.751787

2024-03-21 03:39:45,871 Epoch 5/300, Train Loss: 563.699824, Val Loss: 545.937347  
	Train = MSE:565.436768 , RMSE:23.778913 , MAE:22.531475 , MAPD:110.542242, R_squared:-8.787806  
	Validation = MSE:542.070129 , RMSE:23.282400 , MAE:22.056660 , MAPD:110.756695, R_squared:-8.754032

2024-03-21 03:39:47,120 Epoch 6/300, Train Loss: 567.398658, Val Loss: 545.588043  
	Train = MSE:565.305237 , RMSE:23.776148 , MAE:22.528553 , MAPD:110.526142, R_squared:-8.785529  
	Validation = MSE:541.721985 , RMSE:23.274921 , MAE:22.048765 , MAPD:110.712258, R_squared:-8.747768

2024-03-21 03:39:48,347 Epoch 7/300, Train Loss: 564.033250, Val Loss: 545.071289  
	Train = MSE:564.860962 , RMSE:23.766804 , MAE:22.518688 , MAPD:110.471666, R_squared:-8.777839  
	Validation = MSE:541.206970 , RMSE:23.263855 , MAE:22.037085 , MAPD:110.646493, R_squared:-8.738502

2024-03-21 03:39:49,678 Epoch 8/300, Train Loss: 565.588449, Val Loss: 544.479523  
	Train = MSE:564.296570 , RMSE:23.754927 , MAE:22.506176 , MAPD:110.402853, R_squared:-8.768070  
	Validation = MSE:540.617310 , RMSE:23.251179 , MAE:22.023701 , MAPD:110.571141, R_squared:-8.727891

2024-03-21 03:39:50,771 Epoch 9/300, Train Loss: 564.057814, Val Loss: 543.835754  
	Train = MSE:563.671326 , RMSE:23.741764 , MAE:22.492226 , MAPD:110.325439, R_squared:-8.757246  
	Validation = MSE:539.975769 , RMSE:23.237379 , MAE:22.009130 , MAPD:110.489114, R_squared:-8.716347

2024-03-21 03:39:51,945 Epoch 10/300, Train Loss: 560.516825, Val Loss: 543.152527  
	Train = MSE:562.998352 , RMSE:23.727587 , MAE:22.477243 , MAPD:110.242682, R_squared:-8.745598  
	Validation = MSE:539.294922 , RMSE:23.222725 , MAE:21.993658 , MAPD:110.402003, R_squared:-8.704096

2024-03-21 03:39:53,212 Epoch 11/300, Train Loss: 563.238187, Val Loss: 542.434814  
	Train = MSE:562.286194 , RMSE:23.712574 , MAE:22.461424 , MAPD:110.155647, R_squared:-8.733269  
	Validation = MSE:538.579712 , RMSE:23.207321 , MAE:21.977392 , MAPD:110.310426, R_squared:-8.691226

2024-03-21 03:39:57,934 Epoch 12/300, Train Loss: 561.188059, Val Loss: 541.682495  
	Train = MSE:561.536865 , RMSE:23.696770 , MAE:22.444817 , MAPD:110.064430, R_squared:-8.720299  
	Validation = MSE:537.830078 , RMSE:23.191164 , MAE:21.960329 , MAPD:110.214366, R_squared:-8.677737

2024-03-21 03:39:59,209 Epoch 13/300, Train Loss: 560.712299, Val Loss: 540.894623  
	Train = MSE:560.755554 , RMSE:23.680277 , MAE:22.427380 , MAPD:109.967979, R_squared:-8.706774  
	Validation = MSE:537.044861 , RMSE:23.174229 , MAE:21.942446 , MAPD:110.113676, R_squared:-8.663608

2024-03-21 03:40:00,408 Epoch 14/300, Train Loss: 561.171819, Val Loss: 540.074371  
	Train = MSE:559.938782 , RMSE:23.663025 , MAE:22.409151 , MAPD:109.867352, R_squared:-8.692636  
	Validation = MSE:536.227478 , RMSE:23.156586 , MAE:21.923813 , MAPD:110.008767, R_squared:-8.648900

2024-03-21 03:40:01,583 Epoch 15/300, Train Loss: 557.669110, Val Loss: 539.221954  
	Train = MSE:559.089783 , RMSE:23.645079 , MAE:22.390188 , MAPD:109.762804, R_squared:-8.677939  
	Validation = MSE:535.378052 , RMSE:23.138237 , MAE:21.904430 , MAPD:109.899649, R_squared:-8.633615

2024-03-21 03:40:02,593 Epoch 16/300, Train Loss: 557.615023, Val Loss: 538.337708  
	Train = MSE:558.211853 , RMSE:23.626507 , MAE:22.370453 , MAPD:109.652951, R_squared:-8.662742  
	Validation = MSE:534.496887 , RMSE:23.119188 , MAE:21.884306 , MAPD:109.786357, R_squared:-8.617760

2024-03-21 03:40:03,654 Epoch 17/300, Train Loss: 558.418396, Val Loss: 537.429657  
	Train = MSE:557.297119 , RMSE:23.607141 , MAE:22.350115 , MAPD:109.541506, R_squared:-8.646908  
	Validation = MSE:533.592041 , RMSE:23.099611 , MAE:21.863625 , MAPD:109.669910, R_squared:-8.601478

2024-03-21 03:40:04,907 Epoch 18/300, Train Loss: 555.035292, Val Loss: 536.490936  
	Train = MSE:556.358215 , RMSE:23.587246 , MAE:22.329098 , MAPD:109.425453, R_squared:-8.630656  
	Validation = MSE:532.656555 , RMSE:23.079353 , MAE:21.842218 , MAPD:109.549403, R_squared:-8.584645

2024-03-21 03:40:06,416 Epoch 19/300, Train Loss: 556.593285, Val Loss: 535.524780  
	Train = MSE:555.390076 , RMSE:23.566715 , MAE:22.307415 , MAPD:109.305869, R_squared:-8.613896  
	Validation = MSE:531.693848 , RMSE:23.058487 , MAE:21.820171 , MAPD:109.425263, R_squared:-8.567321

2024-03-21 03:40:07,424 Epoch 20/300, Train Loss: 556.536257, Val Loss: 534.531219  
	Train = MSE:554.392212 , RMSE:23.545534 , MAE:22.285074 , MAPD:109.182631, R_squared:-8.596623  
	Validation = MSE:530.703735 , RMSE:23.037008 , MAE:21.797470 , MAPD:109.297463, R_squared:-8.549505

2024-03-21 03:40:08,791 Epoch 21/300, Train Loss: 551.596914, Val Loss: 533.508545  
	Train = MSE:553.368225 , RMSE:23.523781 , MAE:22.262064 , MAPD:109.055703, R_squared:-8.578899  
	Validation = MSE:529.684631 , RMSE:23.014879 , MAE:21.774082 , MAPD:109.165783, R_squared:-8.531167

2024-03-21 03:40:11,105 Epoch 22/300, Train Loss: 554.900015, Val Loss: 532.460693  
	Train = MSE:552.317932 , RMSE:23.501446 , MAE:22.238400 , MAPD:108.924930, R_squared:-8.560717  
	Validation = MSE:528.640442 , RMSE:22.992182 , MAE:21.750093 , MAPD:109.030714, R_squared:-8.512379

2024-03-21 03:40:12,651 Epoch 23/300, Train Loss: 550.448641, Val Loss: 531.389374  
	Train = MSE:551.237061 , RMSE:23.478437 , MAE:22.214169 , MAPD:108.791493, R_squared:-8.542008  
	Validation = MSE:527.572876 , RMSE:22.968954 , MAE:21.725536 , MAPD:108.892467, R_squared:-8.493169

2024-03-21 03:40:13,905 Epoch 24/300, Train Loss: 551.632160, Val Loss: 530.293030  
	Train = MSE:550.135071 , RMSE:23.454958 , MAE:22.189346 , MAPD:108.654665, R_squared:-8.522932  
	Validation = MSE:526.480469 , RMSE:22.945162 , MAE:21.700380 , MAPD:108.750835, R_squared:-8.473511

2024-03-21 03:40:15,079 Epoch 25/300, Train Loss: 549.181730, Val Loss: 529.170288  
	Train = MSE:549.007751 , RMSE:23.430914 , MAE:22.163900 , MAPD:108.514012, R_squared:-8.503417  
	Validation = MSE:525.361572 , RMSE:22.920767 , MAE:21.674585 , MAPD:108.605608, R_squared:-8.453379

2024-03-21 03:40:16,335 Epoch 26/300, Train Loss: 549.744986, Val Loss: 528.025726  
	Train = MSE:547.853149 , RMSE:23.406263 , MAE:22.137873 , MAPD:108.370553, R_squared:-8.483431  
	Validation = MSE:524.221069 , RMSE:22.895874 , MAE:21.648260 , MAPD:108.457394, R_squared:-8.432857

2024-03-21 03:40:17,454 Epoch 27/300, Train Loss: 546.161349, Val Loss: 526.853333  
	Train = MSE:546.678467 , RMSE:23.381157 , MAE:22.111238 , MAPD:108.223200, R_squared:-8.463098  
	Validation = MSE:523.052795 , RMSE:22.870348 , MAE:21.621260 , MAPD:108.305380, R_squared:-8.411834

2024-03-21 03:40:18,817 Epoch 28/300, Train Loss: 545.046377, Val Loss: 525.662872  
	Train = MSE:545.474670 , RMSE:23.355400 , MAE:22.084064 , MAPD:108.073539, R_squared:-8.442259  
	Validation = MSE:521.866577 , RMSE:22.844398 , MAE:21.593809 , MAPD:108.150844, R_squared:-8.390490

2024-03-21 03:40:19,859 Epoch 29/300, Train Loss: 543.377108, Val Loss: 524.448151  
	Train = MSE:544.253296 , RMSE:23.329237 , MAE:22.056341 , MAPD:107.920127, R_squared:-8.421117  
	Validation = MSE:520.656189 , RMSE:22.817892 , MAE:21.565767 , MAPD:107.992950, R_squared:-8.368710

2024-03-21 03:40:20,931 Epoch 30/300, Train Loss: 541.199869, Val Loss: 523.213638  
	Train = MSE:543.006348 , RMSE:23.302496 , MAE:22.028072 , MAPD:107.764343, R_squared:-8.399532  
	Validation = MSE:519.426025 , RMSE:22.790920 , MAE:21.537226 , MAPD:107.832269, R_squared:-8.346574

2024-03-21 03:40:22,135 Epoch 31/300, Train Loss: 541.608136, Val Loss: 521.958084  
	Train = MSE:541.739319 , RMSE:23.275293 , MAE:21.999302 , MAPD:107.605596, R_squared:-8.377599  
	Validation = MSE:518.174927 , RMSE:22.763456 , MAE:21.508162 , MAPD:107.668632, R_squared:-8.324062

2024-03-21 03:40:24,474 Epoch 32/300, Train Loss: 542.096034, Val Loss: 520.680740  
	Train = MSE:540.448792 , RMSE:23.247555 , MAE:21.969990 , MAPD:107.444110, R_squared:-8.355260  
	Validation = MSE:516.902100 , RMSE:22.735481 , MAE:21.478550 , MAPD:107.501930, R_squared:-8.301159

2024-03-21 03:40:26,567 Epoch 33/300, Train Loss: 540.191049, Val Loss: 519.378723  
	Train = MSE:539.137268 , RMSE:23.219330 , MAE:21.940115 , MAPD:107.279087, R_squared:-8.332558  
	Validation = MSE:515.604736 , RMSE:22.706932 , MAE:21.448330 , MAPD:107.331778, R_squared:-8.277814

2024-03-21 03:40:28,562 Epoch 34/300, Train Loss: 538.809575, Val Loss: 518.054718  
	Train = MSE:537.803284 , RMSE:23.190586 , MAE:21.909628 , MAPD:107.110520, R_squared:-8.309466  
	Validation = MSE:514.285461 , RMSE:22.677862 , MAE:21.417553 , MAPD:107.158498, R_squared:-8.254074

2024-03-21 03:40:30,018 Epoch 35/300, Train Loss: 536.092395, Val Loss: 516.711700  
	Train = MSE:536.446533 , RMSE:23.161316 , MAE:21.878639 , MAPD:106.939721, R_squared:-8.285980  
	Validation = MSE:512.947266 , RMSE:22.648338 , MAE:21.386286 , MAPD:106.982477, R_squared:-8.229994

2024-03-21 03:40:31,188 Epoch 36/300, Train Loss: 535.687077, Val Loss: 515.352173  
	Train = MSE:535.068542 , RMSE:23.131548 , MAE:21.847206 , MAPD:106.766552, R_squared:-8.262127  
	Validation = MSE:511.592590 , RMSE:22.618412 , MAE:21.354595 , MAPD:106.804033, R_squared:-8.205618

2024-03-21 03:40:32,354 Epoch 37/300, Train Loss: 533.488516, Val Loss: 513.971390  
	Train = MSE:533.673401 , RMSE:23.101372 , MAE:21.815269 , MAPD:106.590557, R_squared:-8.237977  
	Validation = MSE:510.216766 , RMSE:22.587978 , MAE:21.322353 , MAPD:106.622536, R_squared:-8.180862

2024-03-21 03:40:33,611 Epoch 38/300, Train Loss: 532.051295, Val Loss: 512.569580  
	Train = MSE:532.259094 , RMSE:23.070742 , MAE:21.782780 , MAPD:106.410922, R_squared:-8.213495  
	Validation = MSE:508.819946 , RMSE:22.557037 , MAE:21.289576 , MAPD:106.437985, R_squared:-8.155728

2024-03-21 03:40:34,680 Epoch 39/300, Train Loss: 530.412666, Val Loss: 511.150238  
	Train = MSE:530.822144 , RMSE:23.039577 , MAE:21.749805 , MAPD:106.229183, R_squared:-8.188621  
	Validation = MSE:507.405701 , RMSE:22.525667 , MAE:21.256336 , MAPD:106.250838, R_squared:-8.130280

2024-03-21 03:40:35,768 Epoch 40/300, Train Loss: 529.347522, Val Loss: 509.711990  
	Train = MSE:529.367126 , RMSE:23.007980 , MAE:21.716322 , MAPD:106.044334, R_squared:-8.163435  
	Validation = MSE:505.972656 , RMSE:22.493835 , MAE:21.222597 , MAPD:106.060903, R_squared:-8.104493

2024-03-21 03:40:37,179 Epoch 41/300, Train Loss: 528.045842, Val Loss: 508.253876  
	Train = MSE:527.893188 , RMSE:22.975925 , MAE:21.682381 , MAPD:105.856869, R_squared:-8.137921  
	Validation = MSE:504.519775 , RMSE:22.461517 , MAE:21.188343 , MAPD:105.868033, R_squared:-8.078350

2024-03-21 03:40:40,157 Epoch 42/300, Train Loss: 528.121962, Val Loss: 506.774124  
	Train = MSE:526.402649 , RMSE:22.943466 , MAE:21.647825 , MAPD:105.665818, R_squared:-8.112119  
	Validation = MSE:503.045380 , RMSE:22.428673 , MAE:21.153521 , MAPD:105.671990, R_squared:-8.051820

2024-03-21 03:40:41,509 Epoch 43/300, Train Loss: 525.906074, Val Loss: 505.281448  
	Train = MSE:524.883728 , RMSE:22.910341 , MAE:21.612877 , MAPD:105.473883, R_squared:-8.085827  
	Validation = MSE:501.558075 , RMSE:22.395493 , MAE:21.118336 , MAPD:105.473903, R_squared:-8.025058

2024-03-21 03:40:42,536 Epoch 44/300, Train Loss: 525.214891, Val Loss: 503.769638  
	Train = MSE:523.352783 , RMSE:22.876905 , MAE:21.577465 , MAPD:105.278366, R_squared:-8.059326  
	Validation = MSE:500.051727 , RMSE:22.361835 , MAE:21.082642 , MAPD:105.272939, R_squared:-7.997952

2024-03-21 03:40:43,622 Epoch 45/300, Train Loss: 522.415318, Val Loss: 502.236053  
	Train = MSE:521.805420 , RMSE:22.843061 , MAE:21.541519 , MAPD:105.079865, R_squared:-8.032540  
	Validation = MSE:498.523712 , RMSE:22.327644 , MAE:21.046371 , MAPD:105.068736, R_squared:-7.970457

2024-03-21 03:40:45,035 Epoch 46/300, Train Loss: 519.034806, Val Loss: 500.688263  
	Train = MSE:520.235718 , RMSE:22.808676 , MAE:21.505066 , MAPD:104.878707, R_squared:-8.005369  
	Validation = MSE:496.981567 , RMSE:22.293083 , MAE:21.009703 , MAPD:104.862286, R_squared:-7.942707

2024-03-21 03:40:46,261 Epoch 47/300, Train Loss: 517.853159, Val Loss: 499.127304  
	Train = MSE:518.650208 , RMSE:22.773893 , MAE:21.468266 , MAPD:104.676083, R_squared:-7.977923  
	Validation = MSE:495.426239 , RMSE:22.258173 , MAE:20.972656 , MAPD:104.653718, R_squared:-7.914721

2024-03-21 03:40:47,499 Epoch 48/300, Train Loss: 515.914316, Val Loss: 497.545181  
	Train = MSE:517.053284 , RMSE:22.738806 , MAE:21.430939 , MAPD:104.469651, R_squared:-7.950281  
	Validation = MSE:493.849884 , RMSE:22.222733 , MAE:20.935041 , MAPD:104.441945, R_squared:-7.886356

2024-03-21 03:40:48,566 Epoch 49/300, Train Loss: 515.449336, Val Loss: 495.949615  
	Train = MSE:515.434082 , RMSE:22.703173 , MAE:21.393169 , MAPD:104.261380, R_squared:-7.922252  
	Validation = MSE:492.260193 , RMSE:22.186937 , MAE:20.897039 , MAPD:104.227990, R_squared:-7.857751

2024-03-21 03:40:49,926 Epoch 50/300, Train Loss: 511.058742, Val Loss: 494.334076  
	Train = MSE:513.801636 , RMSE:22.667192 , MAE:21.354898 , MAPD:104.049974, R_squared:-7.893994  
	Validation = MSE:490.650543 , RMSE:22.150633 , MAE:20.858492 , MAPD:104.010957, R_squared:-7.828787

2024-03-21 03:40:51,469 Epoch 51/300, Train Loss: 510.710595, Val Loss: 492.706238  
	Train = MSE:512.150696 , RMSE:22.630747 , MAE:21.316202 , MAPD:103.836246, R_squared:-7.865416  
	Validation = MSE:489.028687 , RMSE:22.113993 , MAE:20.819574 , MAPD:103.791865, R_squared:-7.799603

2024-03-21 03:40:54,026 Epoch 52/300, Train Loss: 510.655241, Val Loss: 491.062683  
	Train = MSE:510.484070 , RMSE:22.593895 , MAE:21.277084 , MAPD:103.620386, R_squared:-7.836566  
	Validation = MSE:487.391174 , RMSE:22.076937 , MAE:20.780210 , MAPD:103.570251, R_squared:-7.770138

2024-03-21 03:40:55,129 Epoch 53/300, Train Loss: 508.345060, Val Loss: 489.401657  
	Train = MSE:508.801331 , RMSE:22.556625 , MAE:21.237505 , MAPD:103.402004, R_squared:-7.807437  
	Validation = MSE:485.736237 , RMSE:22.039425 , MAE:20.740356 , MAPD:103.345844, R_squared:-7.740358

2024-03-21 03:40:56,425 Epoch 54/300, Train Loss: 507.039109, Val Loss: 487.726196  
	Train = MSE:507.100372 , RMSE:22.518888 , MAE:21.197464 , MAPD:103.181375, R_squared:-7.777994  
	Validation = MSE:484.066956 , RMSE:22.001522 , MAE:20.700073 , MAPD:103.119060, R_squared:-7.710321

2024-03-21 03:40:57,445 Epoch 55/300, Train Loss: 505.685500, Val Loss: 486.029373  
	Train = MSE:505.389374 , RMSE:22.480867 , MAE:21.156874 , MAPD:102.956181, R_squared:-7.748376  
	Validation = MSE:482.376404 , RMSE:21.963070 , MAE:20.659199 , MAPD:102.888935, R_squared:-7.679902

2024-03-21 03:40:58,509 Epoch 56/300, Train Loss: 504.274426, Val Loss: 484.323685  
	Train = MSE:503.652161 , RMSE:22.442196 , MAE:21.115906 , MAPD:102.730858, R_squared:-7.718305  
	Validation = MSE:480.677032 , RMSE:21.924349 , MAE:20.618027 , MAPD:102.657144, R_squared:-7.649323

2024-03-21 03:40:59,610 Epoch 57/300, Train Loss: 503.895193, Val Loss: 482.601105  
	Train = MSE:501.906219 , RMSE:22.403263 , MAE:21.074520 , MAPD:102.502427, R_squared:-7.688082  
	Validation = MSE:478.960785 , RMSE:21.885172 , MAE:20.576366 , MAPD:102.422586, R_squared:-7.618441

2024-03-21 03:41:00,628 Epoch 58/300, Train Loss: 500.599530, Val Loss: 480.865936  
	Train = MSE:500.139191 , RMSE:22.363792 , MAE:21.032694 , MAPD:102.272721, R_squared:-7.657494  
	Validation = MSE:477.232117 , RMSE:21.845642 , MAE:20.534317 , MAPD:102.185845, R_squared:-7.587335

2024-03-21 03:41:01,680 Epoch 59/300, Train Loss: 497.457001, Val Loss: 479.110443  
	Train = MSE:498.366913 , RMSE:22.324133 , MAE:20.990360 , MAPD:102.038079, R_squared:-7.626816  
	Validation = MSE:475.483124 , RMSE:21.805576 , MAE:20.491684 , MAPD:101.945833, R_squared:-7.555864

2024-03-21 03:41:02,823 Epoch 60/300, Train Loss: 496.453984, Val Loss: 477.347870  
	Train = MSE:496.571533 , RMSE:22.283886 , MAE:20.947643 , MAPD:101.803121, R_squared:-7.595738  
	Validation = MSE:473.727173 , RMSE:21.765274 , MAE:20.448795 , MAPD:101.704354, R_squared:-7.524266

2024-03-21 03:41:04,149 Epoch 61/300, Train Loss: 496.112889, Val Loss: 475.568939  
	Train = MSE:494.767700 , RMSE:22.243374 , MAE:20.904510 , MAPD:101.564590, R_squared:-7.564513  
	Validation = MSE:471.954895 , RMSE:21.724524 , MAE:20.405415 , MAPD:101.460119, R_squared:-7.492376

2024-03-21 03:41:06,672 Epoch 62/300, Train Loss: 492.308702, Val Loss: 473.773727  
	Train = MSE:492.947571 , RMSE:22.202423 , MAE:20.860943 , MAPD:101.324430, R_squared:-7.533006  
	Validation = MSE:470.166412 , RMSE:21.683321 , MAE:20.361544 , MAPD:101.213121, R_squared:-7.460194

2024-03-21 03:41:08,660 Epoch 63/300, Train Loss: 489.514463, Val Loss: 471.966385  
	Train = MSE:491.113586 , RMSE:22.161083 , MAE:20.816887 , MAPD:101.081113, R_squared:-7.501260  
	Validation = MSE:468.365845 , RMSE:21.641762 , MAE:20.317284 , MAPD:100.963927, R_squared:-7.427795

2024-03-21 03:41:09,968 Epoch 64/300, Train Loss: 489.266611, Val Loss: 470.148941  
	Train = MSE:489.266357 , RMSE:22.119366 , MAE:20.772480 , MAPD:100.835635, R_squared:-7.469285  
	Validation = MSE:466.555237 , RMSE:21.599890 , MAE:20.272673 , MAPD:100.712784, R_squared:-7.395215

2024-03-21 03:41:11,757 Epoch 65/300, Train Loss: 487.505974, Val Loss: 468.319962  
	Train = MSE:487.404175 , RMSE:22.077232 , MAE:20.727703 , MAPD:100.589726, R_squared:-7.437050  
	Validation = MSE:464.733215 , RMSE:21.557673 , MAE:20.227684 , MAPD:100.459491, R_squared:-7.362428

2024-03-21 03:41:12,835 Epoch 66/300, Train Loss: 484.124232, Val Loss: 466.471436  
	Train = MSE:485.534698 , RMSE:22.034851 , MAE:20.682425 , MAPD:100.339166, R_squared:-7.404689  
	Validation = MSE:462.891632 , RMSE:21.514917 , MAE:20.182114 , MAPD:100.202924, R_squared:-7.329292

2024-03-21 03:41:14,608 Epoch 67/300, Train Loss: 484.965189, Val Loss: 464.616730  
	Train = MSE:483.643433 , RMSE:21.991894 , MAE:20.636755 , MAPD:100.087201, R_squared:-7.371951  
	Validation = MSE:461.043945 , RMSE:21.471933 , MAE:20.136286 , MAPD:99.944912, R_squared:-7.296044

2024-03-21 03:41:15,927 Epoch 68/300, Train Loss: 483.025081, Val Loss: 462.744308  
	Train = MSE:481.744415 , RMSE:21.948677 , MAE:20.590649 , MAPD:99.832787, R_squared:-7.339077  
	Validation = MSE:459.178680 , RMSE:21.428455 , MAE:20.089916 , MAPD:99.683848, R_squared:-7.262480

2024-03-21 03:41:17,019 Epoch 69/300, Train Loss: 478.955876, Val Loss: 460.860443  
	Train = MSE:479.828308 , RMSE:21.904984 , MAE:20.544151 , MAPD:99.576356, R_squared:-7.305910  
	Validation = MSE:457.301941 , RMSE:21.384619 , MAE:20.043154 , MAPD:99.420574, R_squared:-7.228711

2024-03-21 03:41:18,049 Epoch 70/300, Train Loss: 475.463846, Val Loss: 458.964493  
	Train = MSE:477.904114 , RMSE:21.861017 , MAE:20.497192 , MAPD:99.317163, R_squared:-7.272601  
	Validation = MSE:455.413208 , RMSE:21.340412 , MAE:19.995981 , MAPD:99.154993, R_squared:-7.194725

2024-03-21 03:41:19,095 Epoch 71/300, Train Loss: 477.149609, Val Loss: 457.061661  
	Train = MSE:475.966248 , RMSE:21.816650 , MAE:20.449924 , MAPD:99.056441, R_squared:-7.239057  
	Validation = MSE:453.517670 , RMSE:21.295954 , MAE:19.948528 , MAPD:98.887820, R_squared:-7.160616

2024-03-21 03:41:21,549 Epoch 72/300, Train Loss: 472.842783, Val Loss: 455.137665  
	Train = MSE:474.021973 , RMSE:21.772045 , MAE:20.402121 , MAPD:98.791497, R_squared:-7.205401  
	Validation = MSE:451.601105 , RMSE:21.250908 , MAE:19.900431 , MAPD:98.617034, R_squared:-7.126129

2024-03-21 03:41:23,111 Epoch 73/300, Train Loss: 472.451421, Val Loss: 453.213043  
	Train = MSE:472.053375 , RMSE:21.726789 , MAE:20.354044 , MAPD:98.527567, R_squared:-7.171324  
	Validation = MSE:449.683838 , RMSE:21.205750 , MAE:19.852201 , MAPD:98.345504, R_squared:-7.091630

2024-03-21 03:41:24,296 Epoch 74/300, Train Loss: 469.980821, Val Loss: 451.275192  
	Train = MSE:470.080383 , RMSE:21.681337 , MAE:20.305574 , MAPD:98.260230, R_squared:-7.137172  
	Validation = MSE:447.753448 , RMSE:21.160185 , MAE:19.803522 , MAPD:98.071440, R_squared:-7.056894

2024-03-21 03:41:25,349 Epoch 75/300, Train Loss: 467.553469, Val Loss: 449.318588  
	Train = MSE:468.102295 , RMSE:21.635672 , MAE:20.256618 , MAPD:97.989481, R_squared:-7.102931  
	Validation = MSE:445.804382 , RMSE:21.114080 , MAE:19.754251 , MAPD:97.794041, R_squared:-7.021823

2024-03-21 03:41:26,398 Epoch 76/300, Train Loss: 465.719041, Val Loss: 447.354752  
	Train = MSE:466.104950 , RMSE:21.589464 , MAE:20.207220 , MAPD:97.716453, R_squared:-7.068356  
	Validation = MSE:443.848175 , RMSE:21.067705 , MAE:19.704676 , MAPD:97.514925, R_squared:-6.986623

2024-03-21 03:41:27,693 Epoch 77/300, Train Loss: 464.392017, Val Loss: 445.380585  
	Train = MSE:464.098083 , RMSE:21.542936 , MAE:20.157471 , MAPD:97.441668, R_squared:-7.033617  
	Validation = MSE:441.881653 , RMSE:21.020981 , MAE:19.654713 , MAPD:97.233630, R_squared:-6.951237

2024-03-21 03:41:28,849 Epoch 78/300, Train Loss: 460.351753, Val Loss: 443.404327  
	Train = MSE:462.073151 , RMSE:21.495888 , MAE:20.107473 , MAPD:97.167543, R_squared:-6.998565  
	Validation = MSE:439.913055 , RMSE:20.974104 , MAE:19.604568 , MAPD:96.951323, R_squared:-6.915814

2024-03-21 03:41:30,009 Epoch 79/300, Train Loss: 460.817690, Val Loss: 441.408463  
	Train = MSE:460.055511 , RMSE:21.448904 , MAE:20.057003 , MAPD:96.887822, R_squared:-6.963639  
	Validation = MSE:437.924957 , RMSE:20.926657 , MAE:19.553799 , MAPD:96.665483, R_squared:-6.880041

2024-03-21 03:41:31,496 Epoch 80/300, Train Loss: 457.965215, Val Loss: 439.403839  
	Train = MSE:458.014526 , RMSE:21.401274 , MAE:20.006107 , MAPD:96.607129, R_squared:-6.928309  
	Validation = MSE:435.928253 , RMSE:20.878895 , MAE:19.502674 , MAPD:96.377653, R_squared:-6.844112

2024-03-21 03:41:32,577 Epoch 81/300, Train Loss: 454.477767, Val Loss: 437.387924  
	Train = MSE:455.967255 , RMSE:21.353390 , MAE:19.954779 , MAPD:96.323339, R_squared:-6.892871  
	Validation = MSE:433.920227 , RMSE:20.830751 , MAE:19.451126 , MAPD:96.087428, R_squared:-6.807979

2024-03-21 03:41:34,929 Epoch 82/300, Train Loss: 452.465245, Val Loss: 435.369095  
	Train = MSE:453.905518 , RMSE:21.305059 , MAE:19.903168 , MAPD:96.039211, R_squared:-6.857182  
	Validation = MSE:431.909302 , RMSE:20.782427 , MAE:19.399364 , MAPD:95.796011, R_squared:-6.771794

2024-03-21 03:41:36,451 Epoch 83/300, Train Loss: 453.654583, Val Loss: 433.341492  
	Train = MSE:451.838196 , RMSE:21.256487 , MAE:19.851240 , MAPD:95.753134, R_squared:-6.821396  
	Validation = MSE:429.889740 , RMSE:20.733782 , MAE:19.347242 , MAPD:95.502559, R_squared:-6.735454

2024-03-21 03:41:38,074 Epoch 84/300, Train Loss: 450.721060, Val Loss: 431.294724  
	Train = MSE:449.763062 , RMSE:21.207619 , MAE:19.798784 , MAPD:95.462750, R_squared:-6.785475  
	Validation = MSE:427.851013 , RMSE:20.684559 , MAE:19.294483 , MAPD:95.205524, R_squared:-6.698769

2024-03-21 03:41:39,635 Epoch 85/300, Train Loss: 448.739676, Val Loss: 429.242416  
	Train = MSE:447.669739 , RMSE:21.158207 , MAE:19.745932 , MAPD:95.171782, R_squared:-6.749239  
	Validation = MSE:425.806885 , RMSE:20.635088 , MAE:19.241438 , MAPD:94.906878, R_squared:-6.661987

2024-03-21 03:41:40,874 Epoch 86/300, Train Loss: 444.362762, Val Loss: 427.176285  
	Train = MSE:445.574799 , RMSE:21.108643 , MAE:19.692583 , MAPD:94.876162, R_squared:-6.712976  
	Validation = MSE:423.748932 , RMSE:20.585163 , MAE:19.187887 , MAPD:94.605382, R_squared:-6.624956

2024-03-21 03:41:41,980 Epoch 87/300, Train Loss: 444.411173, Val Loss: 425.110001  
	Train = MSE:443.464142 , RMSE:21.058588 , MAE:19.639017 , MAPD:94.581341, R_squared:-6.676439  
	Validation = MSE:421.690857 , RMSE:20.535112 , MAE:19.134180 , MAPD:94.303021, R_squared:-6.587923

2024-03-21 03:41:42,988 Epoch 88/300, Train Loss: 441.468940, Val Loss: 423.032516  
	Train = MSE:441.348663 , RMSE:21.008301 , MAE:19.585136 , MAPD:94.284200, R_squared:-6.639820  
	Validation = MSE:419.621704 , RMSE:20.484671 , MAE:19.080036 , MAPD:93.998178, R_squared:-6.550691

2024-03-21 03:41:44,013 Epoch 89/300, Train Loss: 439.884914, Val Loss: 420.947418  
	Train = MSE:439.224121 , RMSE:20.957674 , MAE:19.530821 , MAPD:93.984411, R_squared:-6.603044  
	Validation = MSE:417.544952 , RMSE:20.433916 , MAE:19.025536 , MAPD:93.691338, R_squared:-6.513322

2024-03-21 03:41:45,042 Epoch 90/300, Train Loss: 438.500430, Val Loss: 418.853317  
	Train = MSE:437.089996 , RMSE:20.906698 , MAE:19.476145 , MAPD:93.682391, R_squared:-6.566102  
	Validation = MSE:415.459290 , RMSE:20.382818 , MAE:18.970644 , MAPD:93.382301, R_squared:-6.475792

2024-03-21 03:41:46,064 Epoch 91/300, Train Loss: 435.587496, Val Loss: 416.746277  
	Train = MSE:434.950500 , RMSE:20.855467 , MAE:19.421001 , MAPD:93.377640, R_squared:-6.529067  
	Validation = MSE:413.360779 , RMSE:20.331276 , MAE:18.915253 , MAPD:93.070442, R_squared:-6.438031

2024-03-21 03:41:49,009 Epoch 92/300, Train Loss: 431.653485, Val Loss: 414.640686  
	Train = MSE:432.794189 , RMSE:20.803705 , MAE:19.365612 , MAPD:93.073120, R_squared:-6.491742  
	Validation = MSE:411.263672 , RMSE:20.279636 , MAE:18.859735 , MAPD:92.757890, R_squared:-6.400296

2024-03-21 03:41:50,773 Epoch 93/300, Train Loss: 428.019125, Val Loss: 412.522858  
	Train = MSE:430.645721 , RMSE:20.752005 , MAE:19.309834 , MAPD:92.764293, R_squared:-6.454550  
	Validation = MSE:409.154449 , RMSE:20.227566 , MAE:18.803734 , MAPD:92.442591, R_squared:-6.362342

2024-03-21 03:41:52,117 Epoch 94/300, Train Loss: 425.474957, Val Loss: 410.404572  
	Train = MSE:428.483307 , RMSE:20.699839 , MAE:19.253794 , MAPD:92.455327, R_squared:-6.417119  
	Validation = MSE:407.044769 , RMSE:20.175350 , MAE:18.747553 , MAPD:92.126293, R_squared:-6.324380

2024-03-21 03:41:53,277 Epoch 95/300, Train Loss: 424.661069, Val Loss: 408.278732  
	Train = MSE:426.319946 , RMSE:20.647516 , MAE:19.197409 , MAPD:92.143215, R_squared:-6.379671  
	Validation = MSE:404.927551 , RMSE:20.122812 , MAE:18.691004 , MAPD:91.807909, R_squared:-6.286284

2024-03-21 03:41:54,574 Epoch 96/300, Train Loss: 424.192540, Val Loss: 406.154907  
	Train = MSE:424.137787 , RMSE:20.594606 , MAE:19.140892 , MAPD:91.833586, R_squared:-6.341897  
	Validation = MSE:402.812408 , RMSE:20.070187 , MAE:18.634336 , MAPD:91.488869, R_squared:-6.248224

2024-03-21 03:41:55,860 Epoch 97/300, Train Loss: 419.905276, Val Loss: 404.010910  
	Train = MSE:421.963531 , RMSE:20.541752 , MAE:19.083811 , MAPD:91.517934, R_squared:-6.304261  
	Validation = MSE:400.677216 , RMSE:20.016924 , MAE:18.576956 , MAPD:91.165816, R_squared:-6.209803

2024-03-21 03:41:56,915 Epoch 98/300, Train Loss: 421.202364, Val Loss: 401.864029  
	Train = MSE:419.772705 , RMSE:20.488356 , MAE:19.026344 , MAPD:91.200364, R_squared:-6.266337  
	Validation = MSE:398.539215 , RMSE:19.963448 , MAE:18.519320 , MAPD:90.841329, R_squared:-6.171331

2024-03-21 03:41:58,128 Epoch 99/300, Train Loss: 415.888200, Val Loss: 399.706284  
	Train = MSE:417.574982 , RMSE:20.434652 , MAE:18.968540 , MAPD:90.882132, R_squared:-6.228294  
	Validation = MSE:396.390350 , RMSE:19.909554 , MAE:18.461214 , MAPD:90.514182, R_squared:-6.132665

2024-03-21 03:41:59,790 Epoch 100/300, Train Loss: 415.260129, Val Loss: 397.549957  
	Train = MSE:415.367920 , RMSE:20.380577 , MAE:18.910362 , MAPD:90.561010, R_squared:-6.190089  
	Validation = MSE:394.242981 , RMSE:19.855553 , MAE:18.402962 , MAPD:90.186222, R_squared:-6.094025

2024-03-21 03:42:01,137 Epoch 101/300, Train Loss: 412.760953, Val Loss: 395.377335  
	Train = MSE:413.166107 , RMSE:20.326488 , MAE:18.851795 , MAPD:90.236735, R_squared:-6.151975  
	Validation = MSE:392.079376 , RMSE:19.800995 , MAE:18.344084 , MAPD:89.854733, R_squared:-6.055092

2024-03-21 03:42:03,846 Epoch 102/300, Train Loss: 411.452672, Val Loss: 393.209167  
	Train = MSE:410.941803 , RMSE:20.271700 , MAE:18.792915 , MAPD:89.912702, R_squared:-6.113473  
	Validation = MSE:389.920227 , RMSE:19.746397 , MAE:18.285137 , MAPD:89.522869, R_squared:-6.016241

2024-03-21 03:42:04,890 Epoch 103/300, Train Loss: 407.212961, Val Loss: 391.024719  
	Train = MSE:408.726685 , RMSE:20.216990 , MAE:18.733646 , MAPD:89.584821, R_squared:-6.075128  
	Validation = MSE:387.744934 , RMSE:19.691240 , MAE:18.225557 , MAPD:89.187431, R_squared:-5.977099

2024-03-21 03:42:06,005 Epoch 104/300, Train Loss: 406.997345, Val Loss: 388.843842  
	Train = MSE:406.494293 , RMSE:20.161703 , MAE:18.674076 , MAPD:89.256569, R_squared:-6.036486  
	Validation = MSE:385.573151 , RMSE:19.636017 , MAE:18.165882 , MAPD:88.851449, R_squared:-5.938021

2024-03-21 03:42:07,084 Epoch 105/300, Train Loss: 403.309418, Val Loss: 386.658844  
	Train = MSE:404.258820 , RMSE:20.106188 , MAE:18.614311 , MAPD:88.927478, R_squared:-5.997789  
	Validation = MSE:383.397430 , RMSE:19.580538 , MAE:18.105896 , MAPD:88.513725, R_squared:-5.898869

2024-03-21 03:42:08,385 Epoch 106/300, Train Loss: 403.088635, Val Loss: 384.469406  
	Train = MSE:402.022278 , RMSE:20.050493 , MAE:18.554140 , MAPD:88.595090, R_squared:-5.959074  
	Validation = MSE:381.217255 , RMSE:19.524786 , MAE:18.045588 , MAPD:88.174195, R_squared:-5.859639

2024-03-21 03:42:09,516 Epoch 107/300, Train Loss: 399.179474, Val Loss: 382.263123  
	Train = MSE:399.786194 , RMSE:19.994654 , MAE:18.493509 , MAPD:88.259972, R_squared:-5.920367  
	Validation = MSE:379.020325 , RMSE:19.468445 , MAE:17.984613 , MAPD:87.830906, R_squared:-5.820107

2024-03-21 03:42:10,554 Epoch 108/300, Train Loss: 397.290389, Val Loss: 380.059830  
	Train = MSE:397.532379 , RMSE:19.938213 , MAE:18.432447 , MAPD:87.922864, R_squared:-5.881354  
	Validation = MSE:376.826355 , RMSE:19.412016 , MAE:17.923515 , MAPD:87.486918, R_squared:-5.780630

2024-03-21 03:42:11,858 Epoch 109/300, Train Loss: 394.954132, Val Loss: 377.856613  
	Train = MSE:395.275208 , RMSE:19.881529 , MAE:18.371292 , MAPD:87.585973, R_squared:-5.842281  
	Validation = MSE:374.632507 , RMSE:19.355425 , MAE:17.862211 , MAPD:87.141765, R_squared:-5.741153

2024-03-21 03:42:12,925 Epoch 110/300, Train Loss: 393.449390, Val Loss: 375.646042  
	Train = MSE:393.021179 , RMSE:19.824762 , MAE:18.309782 , MAPD:87.246510, R_squared:-5.803263  
	Validation = MSE:372.431396 , RMSE:19.298481 , MAE:17.800491 , MAPD:86.794282, R_squared:-5.701547

2024-03-21 03:42:13,948 Epoch 111/300, Train Loss: 390.656788, Val Loss: 373.432922  
	Train = MSE:390.756958 , RMSE:19.767574 , MAE:18.247967 , MAPD:86.905237, R_squared:-5.764069  
	Validation = MSE:370.227814 , RMSE:19.241304 , MAE:17.738485 , MAPD:86.445186, R_squared:-5.661895

2024-03-21 03:42:16,736 Epoch 112/300, Train Loss: 389.689512, Val Loss: 371.212891  
	Train = MSE:388.494537 , RMSE:19.710264 , MAE:18.185772 , MAPD:86.561931, R_squared:-5.724907  
	Validation = MSE:368.017334 , RMSE:19.183779 , MAE:17.676069 , MAPD:86.093781, R_squared:-5.622120

2024-03-21 03:42:17,859 Epoch 113/300, Train Loss: 386.159790, Val Loss: 368.993774  
	Train = MSE:386.217682 , RMSE:19.652422 , MAE:18.123341 , MAPD:86.218673, R_squared:-5.685494  
	Validation = MSE:365.807892 , RMSE:19.126104 , MAE:17.613459 , MAPD:85.741279, R_squared:-5.582362

2024-03-21 03:42:18,895 Epoch 114/300, Train Loss: 385.033372, Val Loss: 366.763184  
	Train = MSE:383.952179 , RMSE:19.594698 , MAE:18.060383 , MAPD:85.869900, R_squared:-5.646278  
	Validation = MSE:363.586945 , RMSE:19.067955 , MAE:17.550299 , MAPD:85.385687, R_squared:-5.542399

2024-03-21 03:42:20,217 Epoch 115/300, Train Loss: 379.665661, Val Loss: 364.534760  
	Train = MSE:381.668304 , RMSE:19.536333 , MAE:17.997206 , MAPD:85.521886, R_squared:-5.606743  
	Validation = MSE:361.368195 , RMSE:19.009687 , MAE:17.486975 , MAPD:85.029171, R_squared:-5.502475

2024-03-21 03:42:21,457 Epoch 116/300, Train Loss: 379.587710, Val Loss: 362.308975  
	Train = MSE:379.389496 , RMSE:19.477922 , MAE:17.933807 , MAPD:85.172610, R_squared:-5.567296  
	Validation = MSE:359.152191 , RMSE:18.951311 , MAE:17.423496 , MAPD:84.671785, R_squared:-5.462599

2024-03-21 03:42:22,835 Epoch 117/300, Train Loss: 376.835597, Val Loss: 360.076035  
	Train = MSE:377.109772 , RMSE:19.419315 , MAE:17.870152 , MAPD:84.821578, R_squared:-5.527834  
	Validation = MSE:356.929077 , RMSE:18.892567 , MAE:17.359583 , MAPD:84.311949, R_squared:-5.422597

2024-03-21 03:42:23,985 Epoch 118/300, Train Loss: 374.590684, Val Loss: 357.842316  
	Train = MSE:374.823303 , RMSE:19.360353 , MAE:17.806099 , MAPD:84.467875, R_squared:-5.488255  
	Validation = MSE:354.705170 , RMSE:18.833618 , MAE:17.295408 , MAPD:83.950652, R_squared:-5.382579

2024-03-21 03:42:25,437 Epoch 119/300, Train Loss: 373.759021, Val Loss: 355.601578  
	Train = MSE:372.538788 , RMSE:19.301264 , MAE:17.741697 , MAPD:84.111917, R_squared:-5.448710  
	Validation = MSE:352.474335 , RMSE:18.774300 , MAE:17.230797 , MAPD:83.586881, R_squared:-5.342438

2024-03-21 03:42:26,468 Epoch 120/300, Train Loss: 370.706395, Val Loss: 353.353882  
	Train = MSE:370.248169 , RMSE:19.241835 , MAE:17.676868 , MAPD:83.753356, R_squared:-5.409059  
	Validation = MSE:350.236603 , RMSE:18.714609 , MAE:17.165741 , MAPD:83.220611, R_squared:-5.302172

2024-03-21 03:42:27,770 Epoch 121/300, Train Loss: 369.048420, Val Loss: 351.108810  
	Train = MSE:367.950989 , RMSE:19.182049 , MAE:17.611727 , MAPD:83.393981, R_squared:-5.369294  
	Validation = MSE:348.001556 , RMSE:18.654800 , MAE:17.100515 , MAPD:82.853387, R_squared:-5.261955

2024-03-21 03:42:30,952 Epoch 122/300, Train Loss: 365.290882, Val Loss: 348.871643  
	Train = MSE:365.644806 , RMSE:19.121841 , MAE:17.546591 , MAPD:83.036652, R_squared:-5.329374  
	Validation = MSE:345.774384 , RMSE:18.595009 , MAE:17.035271 , MAPD:82.486054, R_squared:-5.221879

2024-03-21 03:42:32,480 Epoch 123/300, Train Loss: 364.480570, Val Loss: 346.631561  
	Train = MSE:363.349945 , RMSE:19.061741 , MAE:17.481197 , MAPD:82.676163, R_squared:-5.289650  
	Validation = MSE:343.544312 , RMSE:18.534948 , MAE:16.969690 , MAPD:82.116836, R_squared:-5.181751

2024-03-21 03:42:33,914 Epoch 124/300, Train Loss: 361.273409, Val Loss: 344.374588  
	Train = MSE:361.060669 , RMSE:19.001596 , MAE:17.415215 , MAPD:82.310162, R_squared:-5.250022  
	Validation = MSE:341.297546 , RMSE:18.474239 , MAE:16.903360 , MAPD:81.743396, R_squared:-5.141322

2024-03-21 03:42:36,006 Epoch 125/300, Train Loss: 358.350842, Val Loss: 342.125793  
	Train = MSE:358.754639 , RMSE:18.940819 , MAE:17.348877 , MAPD:81.944113, R_squared:-5.210104  
	Validation = MSE:339.058899 , RMSE:18.413551 , MAE:16.837011 , MAPD:81.369847, R_squared:-5.101040

2024-03-21 03:42:37,875 Epoch 126/300, Train Loss: 355.878643, Val Loss: 339.875351  
	Train = MSE:356.457245 , RMSE:18.880075 , MAE:17.282356 , MAPD:81.576489, R_squared:-5.170335  
	Validation = MSE:336.818665 , RMSE:18.352619 , MAE:16.770353 , MAPD:80.994563, R_squared:-5.060730

2024-03-21 03:42:39,505 Epoch 127/300, Train Loss: 352.718872, Val Loss: 337.631302  
	Train = MSE:354.152618 , RMSE:18.818943 , MAE:17.215746 , MAPD:81.210064, R_squared:-5.130442  
	Validation = MSE:334.584869 , RMSE:18.291660 , MAE:16.703621 , MAPD:80.618849, R_squared:-5.020534

2024-03-21 03:42:40,688 Epoch 128/300, Train Loss: 350.207294, Val Loss: 335.388763  
	Train = MSE:351.853790 , RMSE:18.757767 , MAE:17.148932 , MAPD:80.841151, R_squared:-5.090649  
	Validation = MSE:332.352661 , RMSE:18.230541 , MAE:16.636665 , MAPD:80.241897, R_squared:-4.980367

2024-03-21 03:42:41,706 Epoch 129/300, Train Loss: 348.781170, Val Loss: 333.142868  
	Train = MSE:349.559387 , RMSE:18.696507 , MAE:17.081779 , MAPD:80.470220, R_squared:-5.050933  
	Validation = MSE:330.117096 , RMSE:18.169125 , MAE:16.569344 , MAPD:79.862865, R_squared:-4.940141

2024-03-21 03:42:43,220 Epoch 130/300, Train Loss: 346.566120, Val Loss: 330.900482  
	Train = MSE:347.256317 , RMSE:18.634815 , MAE:17.014399 , MAPD:80.099407, R_squared:-5.011066  
	Validation = MSE:327.885010 , RMSE:18.107595 , MAE:16.501850 , MAPD:79.482874, R_squared:-4.899977

2024-03-21 03:42:45,040 Epoch 131/300, Train Loss: 345.209191, Val Loss: 328.648560  
	Train = MSE:344.963257 , RMSE:18.573187 , MAE:16.946611 , MAPD:79.724154, R_squared:-4.971373  
	Validation = MSE:325.643524 , RMSE:18.045595 , MAE:16.433792 , MAPD:79.099715, R_squared:-4.859643

2024-03-21 03:42:47,878 Epoch 132/300, Train Loss: 343.622063, Val Loss: 326.406219  
	Train = MSE:342.652710 , RMSE:18.510881 , MAE:16.878662 , MAPD:79.350635, R_squared:-4.931376  
	Validation = MSE:323.411591 , RMSE:17.983648 , MAE:16.365746 , MAPD:78.716605, R_squared:-4.819482

2024-03-21 03:42:49,593 Epoch 133/300, Train Loss: 340.070533, Val Loss: 324.152039  
	Train = MSE:340.356232 , RMSE:18.448746 , MAE:16.810228 , MAPD:78.972089, R_squared:-4.891624  
	Validation = MSE:321.167969 , RMSE:17.921160 , MAE:16.297056 , MAPD:78.329871, R_squared:-4.779110

2024-03-21 03:42:50,732 Epoch 134/300, Train Loss: 338.262618, Val Loss: 321.905441  
	Train = MSE:338.048370 , RMSE:18.386091 , MAE:16.741549 , MAPD:78.593093, R_squared:-4.851675  
	Validation = MSE:318.931946 , RMSE:17.858665 , MAE:16.228308 , MAPD:77.942822, R_squared:-4.738875

2024-03-21 03:42:51,782 Epoch 135/300, Train Loss: 337.116117, Val Loss: 319.657669  
	Train = MSE:335.747070 , RMSE:18.323402 , MAE:16.672606 , MAPD:78.212549, R_squared:-4.811839  
	Validation = MSE:316.694733 , RMSE:17.795919 , MAE:16.159231 , MAPD:77.553919, R_squared:-4.698618

2024-03-21 03:42:52,824 Epoch 136/300, Train Loss: 333.457320, Val Loss: 317.405182  
	Train = MSE:333.447235 , RMSE:18.260538 , MAE:16.603304 , MAPD:77.829189, R_squared:-4.772029  
	Validation = MSE:314.452881 , RMSE:17.732819 , MAE:16.089716 , MAPD:77.162539, R_squared:-4.658279

2024-03-21 03:42:53,911 Epoch 137/300, Train Loss: 330.959355, Val Loss: 315.165100  
	Train = MSE:331.137665 , RMSE:18.197187 , MAE:16.533873 , MAPD:77.447257, R_squared:-4.732049  
	Validation = MSE:312.223511 , RMSE:17.669847 , MAE:16.020287 , MAPD:76.771644, R_squared:-4.618163

2024-03-21 03:42:55,218 Epoch 138/300, Train Loss: 329.784419, Val Loss: 312.920731  
	Train = MSE:328.843414 , RMSE:18.134041 , MAE:16.464230 , MAPD:77.062612, R_squared:-4.692336  
	Validation = MSE:309.989807 , RMSE:17.606527 , MAE:15.950420 , MAPD:76.378294, R_squared:-4.577970

2024-03-21 03:42:56,259 Epoch 139/300, Train Loss: 326.225884, Val Loss: 310.678528  
	Train = MSE:326.543213 , RMSE:18.070507 , MAE:16.394304 , MAPD:76.676985, R_squared:-4.652519  
	Validation = MSE:307.758362 , RMSE:17.543043 , MAE:15.880316 , MAPD:75.983609, R_squared:-4.537817

2024-03-21 03:42:57,351 Epoch 140/300, Train Loss: 325.666208, Val Loss: 308.439301  
	Train = MSE:324.249054 , RMSE:18.006916 , MAE:16.324108 , MAPD:76.289765, R_squared:-4.612806  
	Validation = MSE:305.529907 , RMSE:17.479414 , MAE:15.809995 , MAPD:75.587703, R_squared:-4.497718

2024-03-21 03:42:58,466 Epoch 141/300, Train Loss: 322.530496, Val Loss: 306.202789  
	Train = MSE:321.950714 , RMSE:17.942986 , MAE:16.253708 , MAPD:75.901421, R_squared:-4.573022  
	Validation = MSE:303.304260 , RMSE:17.415632 , MAE:15.739450 , MAPD:75.190531, R_squared:-4.457669

2024-03-21 03:43:00,827 Epoch 142/300, Train Loss: 320.988910, Val Loss: 303.967468  
	Train = MSE:319.657837 , RMSE:17.878977 , MAE:16.182985 , MAPD:75.511205, R_squared:-4.533332  
	Validation = MSE:301.079742 , RMSE:17.351650 , MAE:15.668626 , MAPD:74.791780, R_squared:-4.417642

2024-03-21 03:43:02,170 Epoch 143/300, Train Loss: 319.082919, Val Loss: 301.733185  
	Train = MSE:317.364319 , RMSE:17.814722 , MAE:16.112043 , MAPD:75.119721, R_squared:-4.493630  
	Validation = MSE:298.856354 , RMSE:17.287462 , MAE:15.597515 , MAPD:74.391422, R_squared:-4.377634

2024-03-21 03:43:03,517 Epoch 144/300, Train Loss: 314.915206, Val Loss: 299.499435  
	Train = MSE:315.075073 , RMSE:17.750355 , MAE:16.040775 , MAPD:74.725955, R_squared:-4.454003  
	Validation = MSE:296.633575 , RMSE:17.223053 , MAE:15.526095 , MAPD:73.989331, R_squared:-4.337637

2024-03-21 03:43:04,833 Epoch 145/300, Train Loss: 312.055286, Val Loss: 297.271530  
	Train = MSE:312.791138 , RMSE:17.685902 , MAE:15.969302 , MAPD:74.331088, R_squared:-4.414468  
	Validation = MSE:294.416626 , RMSE:17.158573 , MAE:15.454537 , MAPD:73.586452, R_squared:-4.297746

2024-03-21 03:43:05,868 Epoch 146/300, Train Loss: 308.942953, Val Loss: 295.052704  
	Train = MSE:310.509186 , RMSE:17.621271 , MAE:15.897746 , MAPD:73.937000, R_squared:-4.374967  
	Validation = MSE:292.208801 , RMSE:17.094116 , MAE:15.382940 , MAPD:73.183361, R_squared:-4.258017

2024-03-21 03:43:06,941 Epoch 147/300, Train Loss: 307.042239, Val Loss: 292.832733  
	Train = MSE:308.240845 , RMSE:17.556789 , MAE:15.825988 , MAPD:73.540083, R_squared:-4.335701  
	Validation = MSE:289.999878 , RMSE:17.029383 , MAE:15.310974 , MAPD:72.778190, R_squared:-4.218270

2024-03-21 03:43:08,217 Epoch 148/300, Train Loss: 306.998620, Val Loss: 290.625885  
	Train = MSE:305.962372 , RMSE:17.491779 , MAE:15.754076 , MAPD:73.144011, R_squared:-4.296261  
	Validation = MSE:287.804047 , RMSE:16.964788 , MAE:15.239098 , MAPD:72.373520, R_squared:-4.178758

2024-03-21 03:43:09,264 Epoch 149/300, Train Loss: 303.983337, Val Loss: 288.409714  
	Train = MSE:303.698303 , RMSE:17.426943 , MAE:15.681861 , MAPD:72.744521, R_squared:-4.257069  
	Validation = MSE:285.598999 , RMSE:16.899675 , MAE:15.166576 , MAPD:71.965224, R_squared:-4.139080

2024-03-21 03:43:10,566 Epoch 150/300, Train Loss: 299.555989, Val Loss: 286.197159  
	Train = MSE:301.430756 , RMSE:17.361761 , MAE:15.609226 , MAPD:72.343728, R_squared:-4.217818  
	Validation = MSE:283.397583 , RMSE:16.834417 , MAE:15.093827 , MAPD:71.555646, R_squared:-4.099468

2024-03-21 03:43:12,023 Epoch 151/300, Train Loss: 297.774400, Val Loss: 284.003296  
	Train = MSE:299.161255 , RMSE:17.296278 , MAE:15.536647 , MAPD:71.943961, R_squared:-4.178532  
	Validation = MSE:281.214844 , RMSE:16.769463 , MAE:15.021348 , MAPD:71.147580, R_squared:-4.060192

2024-03-21 03:43:14,822 Epoch 152/300, Train Loss: 296.580426, Val Loss: 281.811493  
	Train = MSE:296.908295 , RMSE:17.231028 , MAE:15.464026 , MAPD:71.543563, R_squared:-4.139533  
	Validation = MSE:279.034210 , RMSE:16.704317 , MAE:14.948587 , MAPD:70.737936, R_squared:-4.020953

2024-03-21 03:43:16,096 Epoch 153/300, Train Loss: 292.182330, Val Loss: 279.619003  
	Train = MSE:294.659119 , RMSE:17.165638 , MAE:15.391108 , MAPD:71.141330, R_squared:-4.100599  
	Validation = MSE:276.852936 , RMSE:16.638899 , MAE:14.875449 , MAPD:70.326163, R_squared:-3.981703

2024-03-21 03:43:17,474 Epoch 154/300, Train Loss: 292.500535, Val Loss: 277.433136  
	Train = MSE:292.414886 , RMSE:17.100143 , MAE:15.317919 , MAPD:70.736659, R_squared:-4.061752  
	Validation = MSE:274.678284 , RMSE:16.573421 , MAE:14.802174 , MAPD:69.913620, R_squared:-3.942573

2024-03-21 03:43:18,950 Epoch 155/300, Train Loss: 292.193000, Val Loss: 275.253372  
	Train = MSE:290.166077 , RMSE:17.034262 , MAE:15.244557 , MAPD:70.332854, R_squared:-4.022824  
	Validation = MSE:272.509796 , RMSE:16.507872 , MAE:14.728743 , MAPD:69.500200, R_squared:-3.903553

2024-03-21 03:43:20,150 Epoch 156/300, Train Loss: 289.015010, Val Loss: 273.075150  
	Train = MSE:287.918243 , RMSE:16.968153 , MAE:15.171040 , MAPD:69.928319, R_squared:-3.983914  
	Validation = MSE:270.342896 , RMSE:16.442108 , MAE:14.654996 , MAPD:69.085007, R_squared:-3.864561

2024-03-21 03:43:21,798 Epoch 157/300, Train Loss: 286.408485, Val Loss: 270.893555  
	Train = MSE:285.683990 , RMSE:16.902189 , MAE:15.097022 , MAPD:69.520007, R_squared:-3.945238  
	Validation = MSE:268.172668 , RMSE:16.375978 , MAE:14.580766 , MAPD:68.667082, R_squared:-3.825510

2024-03-21 03:43:23,032 Epoch 158/300, Train Loss: 282.691723, Val Loss: 268.710266  
	Train = MSE:283.454681 , RMSE:16.836113 , MAE:15.022524 , MAPD:69.106463, R_squared:-3.906649  
	Validation = MSE:266.000824 , RMSE:16.309532 , MAE:14.506098 , MAPD:68.246697, R_squared:-3.786430

2024-03-21 03:43:24,092 Epoch 159/300, Train Loss: 280.964987, Val Loss: 266.551819  
	Train = MSE:281.215698 , RMSE:16.769487 , MAE:14.948207 , MAPD:68.697701, R_squared:-3.867892  
	Validation = MSE:263.853760 , RMSE:16.243576 , MAE:14.431901 , MAPD:67.828972, R_squared:-3.747795

2024-03-21 03:43:25,113 Epoch 160/300, Train Loss: 280.114223, Val Loss: 264.394722  
	Train = MSE:278.998474 , RMSE:16.703247 , MAE:14.873816 , MAPD:68.287209, R_squared:-3.829511  
	Validation = MSE:261.708099 , RMSE:16.177395 , MAE:14.357372 , MAPD:67.409368, R_squared:-3.709186

2024-03-21 03:43:26,164 Epoch 161/300, Train Loss: 276.498988, Val Loss: 262.238937  
	Train = MSE:276.782745 , RMSE:16.636789 , MAE:14.799157 , MAPD:67.875173, R_squared:-3.791156  
	Validation = MSE:259.563782 , RMSE:16.110983 , MAE:14.282501 , MAPD:66.987840, R_squared:-3.670602

2024-03-21 03:43:28,655 Epoch 162/300, Train Loss: 273.704312, Val Loss: 260.092995  
	Train = MSE:274.571228 , RMSE:16.570190 , MAE:14.724184 , MAPD:67.461047, R_squared:-3.752875  
	Validation = MSE:257.429321 , RMSE:16.044603 , MAE:14.207582 , MAPD:66.566038, R_squared:-3.632194

2024-03-21 03:43:30,660 Epoch 163/300, Train Loss: 272.135274, Val Loss: 257.951035  
	Train = MSE:272.373413 , RMSE:16.503740 , MAE:14.649181 , MAPD:67.047060, R_squared:-3.714830  
	Validation = MSE:255.298904 , RMSE:15.978076 , MAE:14.132408 , MAPD:66.142809, R_squared:-3.593859

2024-03-21 03:43:32,399 Epoch 164/300, Train Loss: 270.131413, Val Loss: 255.821480  
	Train = MSE:270.170410 , RMSE:16.436861 , MAE:14.574058 , MAPD:66.633212, R_squared:-3.676696  
	Validation = MSE:253.180862 , RMSE:15.911658 , MAE:14.057272 , MAPD:65.719788, R_squared:-3.555747

2024-03-21 03:43:33,853 Epoch 165/300, Train Loss: 268.029910, Val Loss: 253.696030  
	Train = MSE:267.981506 , RMSE:16.370140 , MAE:14.498786 , MAPD:66.217746, R_squared:-3.638806  
	Validation = MSE:251.066986 , RMSE:15.845094 , MAE:13.981882 , MAPD:65.295341, R_squared:-3.517710

2024-03-21 03:43:35,156 Epoch 166/300, Train Loss: 266.564189, Val Loss: 251.574356  
	Train = MSE:265.800812 , RMSE:16.303398 , MAE:14.423295 , MAPD:65.800640, R_squared:-3.601057  
	Validation = MSE:248.956879 , RMSE:15.778367 , MAE:13.906219 , MAPD:64.869356, R_squared:-3.479741

2024-03-21 03:43:36,427 Epoch 167/300, Train Loss: 262.738453, Val Loss: 249.460083  
	Train = MSE:263.619934 , RMSE:16.236378 , MAE:14.347569 , MAPD:65.382963, R_squared:-3.563306  
	Validation = MSE:246.854233 , RMSE:15.711596 , MAE:13.830413 , MAPD:64.442557, R_squared:-3.441906

2024-03-21 03:43:37,979 Epoch 168/300, Train Loss: 261.332082, Val Loss: 247.355713  
	Train = MSE:261.450562 , RMSE:16.169434 , MAE:14.271756 , MAPD:64.965073, R_squared:-3.525754  
	Validation = MSE:244.761520 , RMSE:15.644856 , MAE:13.754547 , MAPD:64.015435, R_squared:-3.404249

2024-03-21 03:43:39,102 Epoch 169/300, Train Loss: 258.740314, Val Loss: 245.260841  
	Train = MSE:259.285736 , RMSE:16.102352 , MAE:14.195944 , MAPD:64.547536, R_squared:-3.488280  
	Validation = MSE:242.678268 , RMSE:15.578135 , MAE:13.678608 , MAPD:63.587893, R_squared:-3.366763

2024-03-21 03:43:40,352 Epoch 170/300, Train Loss: 256.518543, Val Loss: 243.158806  
	Train = MSE:257.143768 , RMSE:16.035704 , MAE:14.119452 , MAPD:64.122748, R_squared:-3.451202  
	Validation = MSE:240.588013 , RMSE:15.510900 , MAE:13.601987 , MAPD:63.156517, R_squared:-3.329151

2024-03-21 03:43:41,511 Epoch 171/300, Train Loss: 254.661379, Val Loss: 241.085426  
	Train = MSE:254.978516 , RMSE:15.968047 , MAE:14.043292 , MAPD:63.704214, R_squared:-3.413721  
	Validation = MSE:238.526245 , RMSE:15.444295 , MAE:13.525987 , MAPD:62.728628, R_squared:-3.292052

2024-03-21 03:43:43,643 Epoch 172/300, Train Loss: 252.563467, Val Loss: 239.004265  
	Train = MSE:252.850739 , RMSE:15.901281 , MAE:13.966889 , MAPD:63.281457, R_squared:-3.376889  
	Validation = MSE:236.456879 , RMSE:15.377154 , MAE:13.449272 , MAPD:62.296723, R_squared:-3.254815

2024-03-21 03:43:44,886 Epoch 173/300, Train Loss: 250.053341, Val Loss: 236.936401  
	Train = MSE:250.712799 , RMSE:15.833913 , MAE:13.890251 , MAPD:62.859069, R_squared:-3.339881  
	Validation = MSE:234.400787 , RMSE:15.310153 , MAE:13.372615 , MAPD:61.865138, R_squared:-3.217817

2024-03-21 03:43:46,073 Epoch 174/300, Train Loss: 249.076380, Val Loss: 234.886536  
	Train = MSE:248.581116 , RMSE:15.766456 , MAE:13.813738 , MAPD:62.438488, R_squared:-3.302981  
	Validation = MSE:232.362610 , RMSE:15.243444 , MAE:13.296190 , MAPD:61.434862, R_squared:-3.181143

2024-03-21 03:43:47,136 Epoch 175/300, Train Loss: 247.000748, Val Loss: 232.829857  
	Train = MSE:246.473816 , RMSE:15.699485 , MAE:13.736971 , MAPD:62.013537, R_squared:-3.266503  
	Validation = MSE:230.317780 , RMSE:15.176224 , MAE:13.219071 , MAPD:61.000677, R_squared:-3.144348

2024-03-21 03:43:48,230 Epoch 176/300, Train Loss: 244.274090, Val Loss: 230.786346  
	Train = MSE:244.360382 , RMSE:15.632030 , MAE:13.659835 , MAPD:61.588351, R_squared:-3.229919  
	Validation = MSE:228.286057 , RMSE:15.109138 , MAE:13.141998 , MAPD:60.566755, R_squared:-3.107789

2024-03-21 03:43:49,539 Epoch 177/300, Train Loss: 241.959227, Val Loss: 228.751793  
	Train = MSE:242.259491 , RMSE:15.564688 , MAE:13.582747 , MAPD:61.162636, R_squared:-3.193553  
	Validation = MSE:226.263336 , RMSE:15.042052 , MAE:13.064816 , MAPD:60.132214, R_squared:-3.071392

2024-03-21 03:43:50,641 Epoch 178/300, Train Loss: 240.469700, Val Loss: 226.726357  
	Train = MSE:240.168945 , RMSE:15.497385 , MAE:13.505456 , MAPD:60.736092, R_squared:-3.157365  
	Validation = MSE:224.249771 , RMSE:14.974972 , MAE:12.987526 , MAPD:59.697071, R_squared:-3.035160

2024-03-21 03:43:51,683 Epoch 179/300, Train Loss: 238.982258, Val Loss: 224.710442  
	Train = MSE:238.084167 , RMSE:15.429976 , MAE:13.428167 , MAPD:60.309674, R_squared:-3.121277  
	Validation = MSE:222.245743 , RMSE:14.907908 , MAE:12.910143 , MAPD:59.261398, R_squared:-2.999099

2024-03-21 03:43:53,265 Epoch 180/300, Train Loss: 235.533082, Val Loss: 222.700439  
	Train = MSE:236.009247 , RMSE:15.362593 , MAE:13.350638 , MAPD:59.882528, R_squared:-3.085360  
	Validation = MSE:220.247620 , RMSE:14.840742 , MAE:12.832523 , MAPD:58.824404, R_squared:-2.963145

2024-03-21 03:43:54,572 Epoch 181/300, Train Loss: 234.526271, Val Loss: 220.707619  
	Train = MSE:233.937317 , RMSE:15.295010 , MAE:13.273153 , MAPD:59.455113, R_squared:-3.049495  
	Validation = MSE:218.266678 , RMSE:14.773851 , MAE:12.755106 , MAPD:58.388536, R_squared:-2.927500

2024-03-21 03:43:57,082 Epoch 182/300, Train Loss: 230.540808, Val Loss: 218.709732  
	Train = MSE:231.891678 , RMSE:15.227990 , MAE:13.195386 , MAPD:59.024561, R_squared:-3.014084  
	Validation = MSE:216.280762 , RMSE:14.706487 , MAE:12.677019 , MAPD:57.948904, R_squared:-2.891765

2024-03-21 03:43:58,798 Epoch 183/300, Train Loss: 230.007879, Val Loss: 216.734085  
	Train = MSE:229.840744 , RMSE:15.160500 , MAE:13.117526 , MAPD:58.595088, R_squared:-2.978582  
	Validation = MSE:214.317017 , RMSE:14.639570 , MAE:12.599327 , MAPD:57.511498, R_squared:-2.856429

2024-03-21 03:44:00,361 Epoch 184/300, Train Loss: 228.140106, Val Loss: 214.764801  
	Train = MSE:227.805649 , RMSE:15.093232 , MAE:13.039716 , MAPD:58.166106, R_squared:-2.943355  
	Validation = MSE:212.359665 , RMSE:14.572565 , MAE:12.521411 , MAPD:57.072821, R_squared:-2.821209

2024-03-21 03:44:01,713 Epoch 185/300, Train Loss: 226.398335, Val Loss: 212.803185  
	Train = MSE:225.779617 , RMSE:15.025965 , MAE:12.961707 , MAPD:57.735136, R_squared:-2.908284  
	Validation = MSE:210.410034 , RMSE:14.505517 , MAE:12.443316 , MAPD:56.633142, R_squared:-2.786127

2024-03-21 03:44:03,097 Epoch 186/300, Train Loss: 223.213004, Val Loss: 210.848892  
	Train = MSE:223.762833 , RMSE:14.958704 , MAE:12.883570 , MAPD:57.304281, R_squared:-2.873373  
	Validation = MSE:208.467728 , RMSE:14.438412 , MAE:12.365024 , MAPD:56.192353, R_squared:-2.751177

2024-03-21 03:44:04,166 Epoch 187/300, Train Loss: 221.547174, Val Loss: 208.916283  
	Train = MSE:221.747986 , RMSE:14.891205 , MAE:12.805492 , MAPD:56.873775, R_squared:-2.838496  
	Validation = MSE:206.547089 , RMSE:14.371746 , MAE:12.287113 , MAPD:55.753714, R_squared:-2.716617

2024-03-21 03:44:05,514 Epoch 188/300, Train Loss: 219.519935, Val Loss: 206.987312  
	Train = MSE:219.758438 , RMSE:14.824252 , MAE:12.727295 , MAPD:56.442446, R_squared:-2.804056  
	Validation = MSE:204.630112 , RMSE:14.304898 , MAE:12.208857 , MAPD:55.313125, R_squared:-2.682123

2024-03-21 03:44:06,635 Epoch 189/300, Train Loss: 218.054947, Val Loss: 205.069679  
	Train = MSE:217.770081 , RMSE:14.757035 , MAE:12.649088 , MAPD:56.010336, R_squared:-2.769638  
	Validation = MSE:202.724487 , RMSE:14.238135 , MAE:12.130563 , MAPD:54.872329, R_squared:-2.647833

2024-03-21 03:44:08,055 Epoch 190/300, Train Loss: 215.241610, Val Loss: 203.168076  
	Train = MSE:215.787750 , RMSE:14.689715 , MAE:12.570882 , MAPD:55.580314, R_squared:-2.735322  
	Validation = MSE:200.834885 , RMSE:14.171622 , MAE:12.052424 , MAPD:54.432406, R_squared:-2.613831

2024-03-21 03:44:09,080 Epoch 191/300, Train Loss: 214.303983, Val Loss: 201.266342  
	Train = MSE:213.832611 , RMSE:14.623016 , MAE:12.492454 , MAPD:55.146164, R_squared:-2.701479  
	Validation = MSE:198.945190 , RMSE:14.104794 , MAE:11.973774 , MAPD:53.989600, R_squared:-2.579828

2024-03-21 03:44:11,441 Epoch 192/300, Train Loss: 212.973673, Val Loss: 199.378517  
	Train = MSE:211.872894 , RMSE:14.555854 , MAE:12.413845 , MAPD:54.712882, R_squared:-2.667556  
	Validation = MSE:197.069412 , RMSE:14.038141 , MAE:11.895186 , MAPD:53.547154, R_squared:-2.546076

2024-03-21 03:44:12,466 Epoch 193/300, Train Loss: 209.073471, Val Loss: 197.490997  
	Train = MSE:209.932129 , RMSE:14.489035 , MAE:12.334970 , MAPD:54.276422, R_squared:-2.633961  
	Validation = MSE:195.194031 , RMSE:13.971186 , MAE:11.816093 , MAPD:53.101857, R_squared:-2.512330

2024-03-21 03:44:13,709 Epoch 194/300, Train Loss: 208.035338, Val Loss: 195.627022  
	Train = MSE:207.992691 , RMSE:14.421951 , MAE:12.256102 , MAPD:53.840527, R_squared:-2.600389  
	Validation = MSE:193.342102 , RMSE:13.904751 , MAE:11.737469 , MAPD:52.659191, R_squared:-2.479006

2024-03-21 03:44:15,023 Epoch 195/300, Train Loss: 205.519852, Val Loss: 193.774681  
	Train = MSE:206.069107 , RMSE:14.355107 , MAE:12.177542 , MAPD:53.407709, R_squared:-2.567091  
	Validation = MSE:191.501831 , RMSE:13.838419 , MAE:11.658811 , MAPD:52.216348, R_squared:-2.445892

2024-03-21 03:44:16,876 Epoch 196/300, Train Loss: 204.326620, Val Loss: 191.937790  
	Train = MSE:204.155853 , RMSE:14.288312 , MAE:12.098988 , MAPD:52.975752, R_squared:-2.533973  
	Validation = MSE:189.676987 , RMSE:13.772326 , MAE:11.580287 , MAPD:51.774250, R_squared:-2.413056

2024-03-21 03:44:18,222 Epoch 197/300, Train Loss: 201.712347, Val Loss: 190.107635  
	Train = MSE:202.258179 , RMSE:14.221750 , MAE:12.020280 , MAPD:52.540988, R_squared:-2.501124  
	Validation = MSE:187.858902 , RMSE:13.706162 , MAE:11.501520 , MAPD:51.330790, R_squared:-2.380341

2024-03-21 03:44:19,619 Epoch 198/300, Train Loss: 200.121060, Val Loss: 188.293030  
	Train = MSE:200.369400 , RMSE:14.155190 , MAE:11.941851 , MAPD:52.110346, R_squared:-2.468428  
	Validation = MSE:186.056351 , RMSE:13.640247 , MAE:11.422890 , MAPD:50.888097, R_squared:-2.347906

2024-03-21 03:44:20,945 Epoch 199/300, Train Loss: 199.398116, Val Loss: 186.487389  
	Train = MSE:198.494644 , RMSE:14.088813 , MAE:11.863531 , MAPD:51.680003, R_squared:-2.435976  
	Validation = MSE:184.262817 , RMSE:13.574344 , MAE:11.344846 , MAPD:50.452993, R_squared:-2.315633

2024-03-21 03:44:22,507 Epoch 200/300, Train Loss: 199.175326, Val Loss: 184.684662  
	Train = MSE:196.631882 , RMSE:14.022549 , MAE:11.785009 , MAPD:51.248928, R_squared:-2.403731  
	Validation = MSE:182.472229 , RMSE:13.508228 , MAE:11.266567 , MAPD:50.017622, R_squared:-2.283413

2024-03-21 03:44:23,718 Epoch 201/300, Train Loss: 192.132713, Val Loss: 182.884956  
	Train = MSE:194.775864 , RMSE:13.956212 , MAE:11.706369 , MAPD:50.819045, R_squared:-2.371603  
	Validation = MSE:180.684723 , RMSE:13.441902 , MAE:11.188142 , MAPD:49.582974, R_squared:-2.251249

2024-03-21 03:44:26,348 Epoch 202/300, Train Loss: 193.486981, Val Loss: 181.137001  
	Train = MSE:192.913055 , RMSE:13.889315 , MAE:11.628879 , MAPD:50.401158, R_squared:-2.339358  
	Validation = MSE:178.948715 , RMSE:13.377172 , MAE:11.111436 , MAPD:49.157857, R_squared:-2.220011

2024-03-21 03:44:27,712 Epoch 203/300, Train Loss: 189.617990, Val Loss: 179.363411  
	Train = MSE:191.111496 , RMSE:13.824308 , MAE:11.551157 , MAPD:49.976567, R_squared:-2.308173  
	Validation = MSE:177.187317 , RMSE:13.311172 , MAE:11.033056 , MAPD:48.723463, R_squared:-2.188316

2024-03-21 03:44:29,195 Epoch 204/300, Train Loss: 189.015525, Val Loss: 177.619202  
	Train = MSE:189.287292 , RMSE:13.758172 , MAE:11.473572 , MAPD:49.556778, R_squared:-2.276595  
	Validation = MSE:175.455200 , RMSE:13.245951 , MAE:10.955803 , MAPD:48.297382, R_squared:-2.157148

2024-03-21 03:44:30,750 Epoch 205/300, Train Loss: 186.830184, Val Loss: 175.886497  
	Train = MSE:187.484238 , RMSE:13.692489 , MAE:11.396604 , MAPD:49.142757, R_squared:-2.245384  
	Validation = MSE:173.734573 , RMSE:13.180841 , MAE:10.878762 , MAPD:47.873812, R_squared:-2.126187

2024-03-21 03:44:31,820 Epoch 206/300, Train Loss: 185.564043, Val Loss: 174.170288  
	Train = MSE:185.690765 , RMSE:13.626840 , MAE:11.319730 , MAPD:48.730480, R_squared:-2.214339  
	Validation = MSE:172.030426 , RMSE:13.116037 , MAE:10.802099 , MAPD:47.453377, R_squared:-2.095523

2024-03-21 03:44:32,843 Epoch 207/300, Train Loss: 184.808263, Val Loss: 172.463867  
	Train = MSE:183.910172 , RMSE:13.561349 , MAE:11.243059 , MAPD:48.319165, R_squared:-2.183516  
	Validation = MSE:170.336090 , RMSE:13.051287 , MAE:10.725672 , MAPD:47.036055, R_squared:-2.065035

2024-03-21 03:44:33,880 Epoch 208/300, Train Loss: 182.253508, Val Loss: 170.761383  
	Train = MSE:182.143280 , RMSE:13.496047 , MAE:11.166284 , MAPD:47.908361, R_squared:-2.152931  
	Validation = MSE:168.645767 , RMSE:12.986368 , MAE:10.648862 , MAPD:46.616643, R_squared:-2.034619

2024-03-21 03:44:34,882 Epoch 209/300, Train Loss: 179.370419, Val Loss: 169.070496  
	Train = MSE:180.387970 , RMSE:13.430859 , MAE:11.089612 , MAPD:47.498751, R_squared:-2.122546  
	Validation = MSE:166.967026 , RMSE:12.921572 , MAE:10.572007 , MAPD:46.196994, R_squared:-2.004412

2024-03-21 03:44:35,879 Epoch 210/300, Train Loss: 178.297427, Val Loss: 167.392189  
	Train = MSE:178.650665 , RMSE:13.366027 , MAE:11.013195 , MAPD:47.091600, R_squared:-2.092473  
	Validation = MSE:165.300858 , RMSE:12.856938 , MAE:10.495321 , MAPD:45.779082, R_squared:-1.974431

2024-03-21 03:44:37,149 Epoch 211/300, Train Loss: 176.661072, Val Loss: 165.736328  
	Train = MSE:176.913193 , RMSE:13.300872 , MAE:10.937396 , MAPD:46.691401, R_squared:-2.062397  
	Validation = MSE:163.657074 , RMSE:12.792852 , MAE:10.419320 , MAPD:45.366029, R_squared:-1.944852

2024-03-21 03:44:39,968 Epoch 212/300, Train Loss: 175.940877, Val Loss: 164.100082  
	Train = MSE:175.188614 , RMSE:13.235884 , MAE:10.862374 , MAPD:46.297621, R_squared:-2.032545  
	Validation = MSE:162.032852 , RMSE:12.729213 , MAE:10.343655 , MAPD:44.954805, R_squared:-1.915626

2024-03-21 03:44:40,970 Epoch 213/300, Train Loss: 173.884791, Val Loss: 162.454948  
	Train = MSE:173.497818 , RMSE:13.171857 , MAE:10.787052 , MAPD:45.899932, R_squared:-2.003277  
	Validation = MSE:160.399902 , RMSE:12.664908 , MAE:10.267477 , MAPD:44.543057, R_squared:-1.886243

2024-03-21 03:44:41,988 Epoch 214/300, Train Loss: 172.308635, Val Loss: 160.828026  
	Train = MSE:171.799118 , RMSE:13.107216 , MAE:10.711631 , MAPD:45.504386, R_squared:-1.973872  
	Validation = MSE:158.785110 , RMSE:12.600996 , MAE:10.192286 , MAPD:44.140043, R_squared:-1.857186

2024-03-21 03:44:43,639 Epoch 215/300, Train Loss: 169.768161, Val Loss: 159.219398  
	Train = MSE:170.112335 , RMSE:13.042712 , MAE:10.637229 , MAPD:45.118120, R_squared:-1.944674  
	Validation = MSE:157.188599 , RMSE:12.537488 , MAE:10.118174 , MAPD:43.746575, R_squared:-1.828458

2024-03-21 03:44:45,711 Epoch 216/300, Train Loss: 169.578928, Val Loss: 157.630493  
	Train = MSE:168.441727 , RMSE:12.978510 , MAE:10.563293 , MAPD:44.735327, R_squared:-1.915755  
	Validation = MSE:155.611725 , RMSE:12.474442 , MAE:10.044757 , MAPD:43.358456, R_squared:-1.800084

2024-03-21 03:44:47,232 Epoch 217/300, Train Loss: 165.666791, Val Loss: 156.040092  
	Train = MSE:166.797882 , RMSE:12.915026 , MAE:10.489354 , MAPD:44.351666, R_squared:-1.887300  
	Validation = MSE:154.033478 , RMSE:12.411022 , MAE:9.970695 , MAPD:42.966924, R_squared:-1.771685

2024-03-21 03:44:48,297 Epoch 218/300, Train Loss: 163.966566, Val Loss: 154.467140  
	Train = MSE:165.163330 , RMSE:12.851588 , MAE:10.415413 , MAPD:43.968995, R_squared:-1.859005  
	Validation = MSE:152.472626 , RMSE:12.347980 , MAE:9.896863 , MAPD:42.576613, R_squared:-1.743599

2024-03-21 03:44:49,684 Epoch 219/300, Train Loss: 163.260134, Val Loss: 152.926247  
	Train = MSE:163.528580 , RMSE:12.787829 , MAE:10.342319 , MAPD:43.594426, R_squared:-1.830708  
	Validation = MSE:150.943680 , RMSE:12.285913 , MAE:9.824222 , MAPD:42.193727, R_squared:-1.716087

2024-03-21 03:44:50,717 Epoch 220/300, Train Loss: 162.567572, Val Loss: 151.387833  
	Train = MSE:161.926086 , RMSE:12.725019 , MAE:10.269476 , MAPD:43.219793, R_squared:-1.802968  
	Validation = MSE:149.417313 , RMSE:12.223638 , MAE:9.751248 , MAPD:41.809684, R_squared:-1.688621

2024-03-21 03:44:51,744 Epoch 221/300, Train Loss: 159.454927, Val Loss: 149.851311  
	Train = MSE:160.334366 , RMSE:12.662321 , MAE:10.196547 , MAPD:42.844938, R_squared:-1.775415  
	Validation = MSE:147.892883 , RMSE:12.161121 , MAE:9.677966 , MAPD:41.424814, R_squared:-1.661191

2024-03-21 03:44:53,827 Epoch 222/300, Train Loss: 157.484591, Val Loss: 148.340263  
	Train = MSE:158.745560 , RMSE:12.599427 , MAE:10.124181 , MAPD:42.476717, R_squared:-1.747913  
	Validation = MSE:146.393845 , RMSE:12.099333 , MAE:9.605946 , MAPD:41.049270, R_squared:-1.634217

2024-03-21 03:44:54,875 Epoch 223/300, Train Loss: 156.067964, Val Loss: 146.848740  
	Train = MSE:157.176788 , RMSE:12.537017 , MAE:10.052707 , MAPD:42.114850, R_squared:-1.720757  
	Validation = MSE:144.914276 , RMSE:12.038034 , MAE:9.535104 , MAPD:40.683347, R_squared:-1.607594

2024-03-21 03:44:56,013 Epoch 224/300, Train Loss: 154.070736, Val Loss: 145.367455  
	Train = MSE:155.629944 , RMSE:12.475173 , MAE:9.981469 , MAPD:41.754461, R_squared:-1.693981  
	Validation = MSE:143.444977 , RMSE:11.976851 , MAE:9.464472 , MAPD:40.319778, R_squared:-1.581155

2024-03-21 03:44:57,595 Epoch 225/300, Train Loss: 153.953430, Val Loss: 143.895378  
	Train = MSE:154.097641 , RMSE:12.413607 , MAE:9.911572 , MAPD:41.405792, R_squared:-1.667456  
	Validation = MSE:141.984879 , RMSE:11.915741 , MAE:9.394234 , MAPD:39.960457, R_squared:-1.554882

2024-03-21 03:44:58,692 Epoch 226/300, Train Loss: 153.082915, Val Loss: 142.451553  
	Train = MSE:152.557831 , RMSE:12.351430 , MAE:9.841455 , MAPD:41.057108, R_squared:-1.640802  
	Validation = MSE:140.552917 , RMSE:11.855501 , MAE:9.325420 , MAPD:39.611100, R_squared:-1.529115

2024-03-21 03:44:59,923 Epoch 227/300, Train Loss: 151.560066, Val Loss: 141.005569  
	Train = MSE:151.051056 , RMSE:12.290283 , MAE:9.772513 , MAPD:40.716674, R_squared:-1.614719  
	Validation = MSE:139.118896 , RMSE:11.794868 , MAE:9.256292 , MAPD:39.261643, R_squared:-1.503311

2024-03-21 03:45:01,284 Epoch 228/300, Train Loss: 149.610208, Val Loss: 139.567375  
	Train = MSE:149.554291 , RMSE:12.229239 , MAE:9.703432 , MAPD:40.376519, R_squared:-1.588810  
	Validation = MSE:137.692734 , RMSE:11.734255 , MAE:9.186952 , MAPD:38.911111, R_squared:-1.477649

2024-03-21 03:45:02,357 Epoch 229/300, Train Loss: 148.446619, Val Loss: 138.147507  
	Train = MSE:148.063278 , RMSE:12.168125 , MAE:9.635159 , MAPD:40.043821, R_squared:-1.563001  
	Validation = MSE:136.284821 , RMSE:11.674109 , MAE:9.118227 , MAPD:38.564952, R_squared:-1.452315

2024-03-21 03:45:03,371 Epoch 230/300, Train Loss: 146.290135, Val Loss: 136.744690  
	Train = MSE:146.586258 , RMSE:12.107281 , MAE:9.567432 , MAPD:39.715435, R_squared:-1.537433  
	Validation = MSE:134.893951 , RMSE:11.614386 , MAE:9.050544 , MAPD:38.227203, R_squared:-1.427287

2024-03-21 03:45:04,392 Epoch 231/300, Train Loss: 144.677731, Val Loss: 135.350677  
	Train = MSE:145.135117 , RMSE:12.047204 , MAE:9.500278 , MAPD:39.390936, R_squared:-1.512314  
	Validation = MSE:133.511871 , RMSE:11.554733 , MAE:8.982743 , MAPD:37.889038, R_squared:-1.402418

2024-03-21 03:45:06,473 Epoch 232/300, Train Loss: 144.540237, Val Loss: 133.978539  
	Train = MSE:143.684937 , RMSE:11.986865 , MAE:9.433403 , MAPD:39.069505, R_squared:-1.487211  
	Validation = MSE:132.151596 , RMSE:11.495721 , MAE:8.916101 , MAPD:37.559244, R_squared:-1.377941

2024-03-21 03:45:07,833 Epoch 233/300, Train Loss: 141.948671, Val Loss: 132.616596  
	Train = MSE:142.252533 , RMSE:11.926967 , MAE:9.367791 , MAPD:38.758371, R_squared:-1.462416  
	Validation = MSE:130.801544 , RMSE:11.436851 , MAE:8.850067 , MAPD:37.235135, R_squared:-1.353648

2024-03-21 03:45:09,035 Epoch 234/300, Train Loss: 141.216293, Val Loss: 131.273857  
	Train = MSE:140.833984 , RMSE:11.867350 , MAE:9.302423 , MAPD:38.448776, R_squared:-1.437861  
	Validation = MSE:129.470612 , RMSE:11.378515 , MAE:8.785639 , MAPD:36.923672, R_squared:-1.329700

2024-03-21 03:45:10,793 Epoch 235/300, Train Loss: 139.248673, Val Loss: 129.941620  
	Train = MSE:139.432495 , RMSE:11.808154 , MAE:9.237823 , MAPD:38.145186, R_squared:-1.413600  
	Validation = MSE:128.150208 , RMSE:11.320345 , MAE:8.721409 , MAPD:36.614188, R_squared:-1.305940

2024-03-21 03:45:12,073 Epoch 236/300, Train Loss: 137.588012, Val Loss: 128.620514  
	Train = MSE:138.048492 , RMSE:11.749404 , MAE:9.173456 , MAPD:37.843078, R_squared:-1.389643  
	Validation = MSE:126.840950 , RMSE:11.262369 , MAE:8.657726 , MAPD:36.309550, R_squared:-1.282381

2024-03-21 03:45:13,089 Epoch 237/300, Train Loss: 136.753459, Val Loss: 127.314598  
	Train = MSE:136.676682 , RMSE:11.690880 , MAE:9.109114 , MAPD:37.541570, R_squared:-1.365897  
	Validation = MSE:125.546837 , RMSE:11.204768 , MAE:8.594341 , MAPD:36.006855, R_squared:-1.259095

2024-03-21 03:45:14,549 Epoch 238/300, Train Loss: 134.973035, Val Loss: 126.026299  
	Train = MSE:135.313492 , RMSE:11.632433 , MAE:9.045760 , MAPD:37.247954, R_squared:-1.342299  
	Validation = MSE:124.270271 , RMSE:11.147657 , MAE:8.531913 , MAPD:35.711225, R_squared:-1.236125

2024-03-21 03:45:16,547 Epoch 239/300, Train Loss: 133.103605, Val Loss: 124.750366  
	Train = MSE:133.972397 , RMSE:11.574645 , MAE:8.983217 , MAPD:36.959969, R_squared:-1.319085  
	Validation = MSE:123.006096 , RMSE:11.090812 , MAE:8.470118 , MAPD:35.420823, R_squared:-1.213377

2024-03-21 03:45:17,685 Epoch 240/300, Train Loss: 131.831770, Val Loss: 123.492310  
	Train = MSE:132.642166 , RMSE:11.517038 , MAE:8.920889 , MAPD:36.673009, R_squared:-1.296059  
	Validation = MSE:121.759727 , RMSE:11.034479 , MAE:8.408980 , MAPD:35.134826, R_squared:-1.190950

2024-03-21 03:45:19,570 Epoch 241/300, Train Loss: 131.696568, Val Loss: 122.253067  
	Train = MSE:131.325760 , RMSE:11.459745 , MAE:8.859428 , MAPD:36.393410, R_squared:-1.273271  
	Validation = MSE:120.532120 , RMSE:10.978712 , MAE:8.348339 , MAPD:34.851671, R_squared:-1.168860

2024-03-21 03:45:21,970 Epoch 242/300, Train Loss: 129.664180, Val Loss: 121.008751  
	Train = MSE:130.036697 , RMSE:11.403363 , MAE:8.798665 , MAPD:36.118126, R_squared:-1.250957  
	Validation = MSE:119.299591 , RMSE:10.922435 , MAE:8.287398 , MAPD:34.569001, R_squared:-1.146682

2024-03-21 03:45:23,500 Epoch 243/300, Train Loss: 128.888077, Val Loss: 119.789631  
	Train = MSE:128.741074 , RMSE:11.346413 , MAE:8.738002 , MAPD:35.845655, R_squared:-1.228530  
	Validation = MSE:118.092110 , RMSE:10.867020 , MAE:8.227817 , MAPD:34.295102, R_squared:-1.124955

2024-03-21 03:45:24,734 Epoch 244/300, Train Loss: 127.656783, Val Loss: 118.591175  
	Train = MSE:127.459694 , RMSE:11.289804 , MAE:8.678807 , MAPD:35.583769, R_squared:-1.206349  
	Validation = MSE:116.905212 , RMSE:10.812271 , MAE:8.169865 , MAPD:34.032919, R_squared:-1.103597

2024-03-21 03:45:26,040 Epoch 245/300, Train Loss: 126.231353, Val Loss: 117.392075  
	Train = MSE:126.213966 , RMSE:11.234499 , MAE:8.619781 , MAPD:35.320877, R_squared:-1.184785  
	Validation = MSE:115.717812 , RMSE:10.757221 , MAE:8.111586 , MAPD:33.770207, R_squared:-1.082231

2024-03-21 03:45:27,842 Epoch 246/300, Train Loss: 126.491274, Val Loss: 116.225239  
	Train = MSE:124.951057 , RMSE:11.178151 , MAE:8.560775 , MAPD:35.061339, R_squared:-1.162924  
	Validation = MSE:114.562439 , RMSE:10.703384 , MAE:8.054325 , MAPD:33.512087, R_squared:-1.061441

2024-03-21 03:45:29,365 Epoch 247/300, Train Loss: 124.301689, Val Loss: 115.057774  
	Train = MSE:123.723076 , RMSE:11.123088 , MAE:8.503433 , MAPD:34.811970, R_squared:-1.141667  
	Validation = MSE:113.406563 , RMSE:10.649252 , MAE:7.996716 , MAPD:33.253233, R_squared:-1.040643

2024-03-21 03:45:31,061 Epoch 248/300, Train Loss: 122.458154, Val Loss: 113.894512  
	Train = MSE:122.510902 , RMSE:11.068464 , MAE:8.445768 , MAPD:34.561015, R_squared:-1.120685  
	Validation = MSE:112.254982 , RMSE:10.595045 , MAE:7.939326 , MAPD:32.997387, R_squared:-1.019921

2024-03-21 03:45:32,378 Epoch 249/300, Train Loss: 122.028956, Val Loss: 112.761806  
	Train = MSE:121.293747 , RMSE:11.013344 , MAE:8.388529 , MAPD:34.313635, R_squared:-1.099615  
	Validation = MSE:111.133751 , RMSE:10.542000 , MAE:7.883826 , MAPD:32.753228, R_squared:-0.999745

2024-03-21 03:45:33,904 Epoch 250/300, Train Loss: 120.228594, Val Loss: 111.642780  
	Train = MSE:120.101250 , RMSE:10.959071 , MAE:8.332906 , MAPD:34.077188, R_squared:-1.078973  
	Validation = MSE:110.026169 , RMSE:10.489336 , MAE:7.828945 , MAPD:32.513511, R_squared:-0.979816

2024-03-21 03:45:35,625 Epoch 251/300, Train Loss: 119.224562, Val Loss: 110.533031  
	Train = MSE:118.931915 , RMSE:10.905591 , MAE:8.277312 , MAPD:33.840192, R_squared:-1.058732  
	Validation = MSE:108.927887 , RMSE:10.436852 , MAE:7.774525 , MAPD:32.277738, R_squared:-0.960053

2024-03-21 03:45:38,926 Epoch 252/300, Train Loss: 117.608604, Val Loss: 109.432720  
	Train = MSE:117.775787 , RMSE:10.852455 , MAE:8.222128 , MAPD:33.606043, R_squared:-1.038719  
	Validation = MSE:107.839081 , RMSE:10.384560 , MAE:7.720379 , MAPD:32.044394, R_squared:-0.940461

2024-03-21 03:45:39,992 Epoch 253/300, Train Loss: 115.627428, Val Loss: 108.355000  
	Train = MSE:116.629745 , RMSE:10.799525 , MAE:8.168726 , MAPD:33.385321, R_squared:-1.018881  
	Validation = MSE:106.772713 , RMSE:10.333088 , MAE:7.667663 , MAPD:31.820169, R_squared:-0.921273

2024-03-21 03:45:41,039 Epoch 254/300, Train Loss: 116.637600, Val Loss: 107.305943  
	Train = MSE:115.494041 , RMSE:10.746816 , MAE:8.115182 , MAPD:33.162694, R_squared:-0.999222  
	Validation = MSE:105.734840 , RMSE:10.282744 , MAE:7.616749 , MAPD:31.606792, R_squared:-0.902597

2024-03-21 03:45:42,203 Epoch 255/300, Train Loss: 113.885546, Val Loss: 106.246754  
	Train = MSE:114.392143 , RMSE:10.695426 , MAE:8.062968 , MAPD:32.948086, R_squared:-0.980148  
	Validation = MSE:104.687057 , RMSE:10.231669 , MAE:7.566179 , MAPD:31.399597, R_squared:-0.883743

2024-03-21 03:45:43,851 Epoch 256/300, Train Loss: 113.758375, Val Loss: 105.211071  
	Train = MSE:113.283676 , RMSE:10.643480 , MAE:8.010749 , MAPD:32.735639, R_squared:-0.960960  
	Validation = MSE:103.662636 , RMSE:10.181485 , MAE:7.516500 , MAPD:31.197064, R_squared:-0.865310

2024-03-21 03:45:44,889 Epoch 257/300, Train Loss: 111.782520, Val Loss: 104.186829  
	Train = MSE:112.193520 , RMSE:10.592144 , MAE:7.959652 , MAPD:32.530288, R_squared:-0.942089  
	Validation = MSE:102.649658 , RMSE:10.131617 , MAE:7.466949 , MAPD:30.995391, R_squared:-0.847082

2024-03-21 03:45:45,982 Epoch 258/300, Train Loss: 112.215517, Val Loss: 103.179302  
	Train = MSE:111.116089 , RMSE:10.541162 , MAE:7.909246 , MAPD:32.329792, R_squared:-0.923438  
	Validation = MSE:101.653320 , RMSE:10.082327 , MAE:7.418299 , MAPD:30.799489, R_squared:-0.829154

2024-03-21 03:45:47,014 Epoch 259/300, Train Loss: 110.525661, Val Loss: 102.180847  
	Train = MSE:110.054802 , RMSE:10.490701 , MAE:7.858944 , MAPD:32.129801, R_squared:-0.905067  
	Validation = MSE:100.666077 , RMSE:10.033249 , MAE:7.369806 , MAPD:30.605031, R_squared:-0.811390

2024-03-21 03:45:48,050 Epoch 260/300, Train Loss: 108.263876, Val Loss: 101.196198  
	Train = MSE:109.007561 , RMSE:10.440669 , MAE:7.809723 , MAPD:31.936777, R_squared:-0.886939  
	Validation = MSE:99.692604 , RMSE:9.984618 , MAE:7.322381 , MAPD:30.418000, R_squared:-0.793873

2024-03-21 03:45:49,371 Epoch 261/300, Train Loss: 107.209852, Val Loss: 100.235222  
	Train = MSE:107.972412 , RMSE:10.390978 , MAE:7.760616 , MAPD:31.743898, R_squared:-0.869021  
	Validation = MSE:98.742653 , RMSE:9.936934 , MAE:7.275648 , MAPD:30.233876, R_squared:-0.776779

2024-03-21 03:45:51,535 Epoch 262/300, Train Loss: 105.862045, Val Loss: 99.286537  
	Train = MSE:106.962898 , RMSE:10.342287 , MAE:7.712255 , MAPD:31.555055, R_squared:-0.851546  
	Validation = MSE:97.804977 , RMSE:9.889640 , MAE:7.229010 , MAPD:30.050132, R_squared:-0.759907

2024-03-21 03:45:52,836 Epoch 263/300, Train Loss: 106.575964, Val Loss: 98.358421  
	Train = MSE:105.959938 , RMSE:10.293684 , MAE:7.664803 , MAPD:31.372420, R_squared:-0.834185  
	Validation = MSE:96.887733 , RMSE:9.843157 , MAE:7.183282 , MAPD:29.871310, R_squared:-0.743402

2024-03-21 03:45:53,867 Epoch 264/300, Train Loss: 105.131568, Val Loss: 97.429119  
	Train = MSE:104.978989 , RMSE:10.245926 , MAE:7.618343 , MAPD:31.195937, R_squared:-0.817204  
	Validation = MSE:95.969452 , RMSE:9.796400 , MAE:7.138241 , MAPD:29.699395, R_squared:-0.726878

2024-03-21 03:45:55,013 Epoch 265/300, Train Loss: 103.640292, Val Loss: 96.518494  
	Train = MSE:103.998123 , RMSE:10.197947 , MAE:7.571910 , MAPD:31.020885, R_squared:-0.800225  
	Validation = MSE:95.069748 , RMSE:9.750372 , MAE:7.093894 , MAPD:29.531101, R_squared:-0.710689

2024-03-21 03:45:56,545 Epoch 266/300, Train Loss: 103.180200, Val Loss: 95.620441  
	Train = MSE:103.039116 , RMSE:10.150819 , MAE:7.526259 , MAPD:30.849583, R_squared:-0.783625  
	Validation = MSE:94.182571 , RMSE:9.704770 , MAE:7.051034 , MAPD:29.373120, R_squared:-0.694725

2024-03-21 03:45:57,962 Epoch 267/300, Train Loss: 102.707828, Val Loss: 94.734383  
	Train = MSE:102.087662 , RMSE:10.103844 , MAE:7.481813 , MAPD:30.687609, R_squared:-0.767155  
	Validation = MSE:93.307373 , RMSE:9.659575 , MAE:7.009582 , MAPD:29.224916, R_squared:-0.678977

2024-03-21 03:45:59,212 Epoch 268/300, Train Loss: 101.147504, Val Loss: 93.862793  
	Train = MSE:101.148331 , RMSE:10.057253 , MAE:7.437536 , MAPD:30.526545, R_squared:-0.750895  
	Validation = MSE:92.446579 , RMSE:9.614914 , MAE:6.969000 , MAPD:29.082180, R_squared:-0.663488

2024-03-21 03:46:00,237 Epoch 269/300, Train Loss: 100.493435, Val Loss: 93.004684  
	Train = MSE:100.225029 , RMSE:10.011245 , MAE:7.394498 , MAPD:30.372624, R_squared:-0.734912  
	Validation = MSE:91.599236 , RMSE:9.570749 , MAE:6.929021 , MAPD:28.943125, R_squared:-0.648241

2024-03-21 03:46:01,265 Epoch 270/300, Train Loss: 99.647467, Val Loss: 92.151501  
	Train = MSE:99.322578 , RMSE:9.966071 , MAE:7.351704 , MAPD:30.220515, R_squared:-0.719291  
	Validation = MSE:90.756874 , RMSE:9.526640 , MAE:6.889144 , MAPD:28.805630, R_squared:-0.633083

2024-03-21 03:46:02,555 Epoch 271/300, Train Loss: 98.157626, Val Loss: 91.317776  
	Train = MSE:98.421654 , RMSE:9.920769 , MAE:7.308928 , MAPD:30.068207, R_squared:-0.703696  
	Validation = MSE:89.933846 , RMSE:9.483346 , MAE:6.850407 , MAPD:28.674537, R_squared:-0.618274

2024-03-21 03:46:04,966 Epoch 272/300, Train Loss: 96.955270, Val Loss: 90.499695  
	Train = MSE:97.539925 , RMSE:9.876230 , MAE:7.266607 , MAPD:29.917170, R_squared:-0.688433  
	Validation = MSE:89.126404 , RMSE:9.440679 , MAE:6.812647 , MAPD:28.549273, R_squared:-0.603744

2024-03-21 03:46:06,007 Epoch 273/300, Train Loss: 96.592035, Val Loss: 89.700314  
	Train = MSE:96.671860 , RMSE:9.832185 , MAE:7.226277 , MAPD:29.780204, R_squared:-0.673406  
	Validation = MSE:88.337517 , RMSE:9.398804 , MAE:6.775315 , MAPD:28.425429, R_squared:-0.589549

2024-03-21 03:46:07,037 Epoch 274/300, Train Loss: 95.087294, Val Loss: 88.909969  
	Train = MSE:95.819672 , RMSE:9.788753 , MAE:7.186257 , MAPD:29.643715, R_squared:-0.658655  
	Validation = MSE:87.557678 , RMSE:9.357226 , MAE:6.738030 , MAPD:28.301970, R_squared:-0.575517

2024-03-21 03:46:08,396 Epoch 275/300, Train Loss: 95.250291, Val Loss: 88.131954  
	Train = MSE:94.983475 , RMSE:9.745947 , MAE:7.147197 , MAPD:29.513938, R_squared:-0.644180  
	Validation = MSE:86.790146 , RMSE:9.316123 , MAE:6.701280 , MAPD:28.181700, R_squared:-0.561705

2024-03-21 03:46:09,903 Epoch 276/300, Train Loss: 94.903460, Val Loss: 87.374928  
	Train = MSE:94.148125 , RMSE:9.702995 , MAE:7.108509 , MAPD:29.386063, R_squared:-0.629720  
	Validation = MSE:86.043427 , RMSE:9.275960 , MAE:6.665415 , MAPD:28.065487, R_squared:-0.548269

2024-03-21 03:46:12,183 Epoch 277/300, Train Loss: 94.034924, Val Loss: 86.609947  
	Train = MSE:93.345009 , RMSE:9.661522 , MAE:7.070631 , MAPD:29.263279, R_squared:-0.615818  
	Validation = MSE:85.288986 , RMSE:9.235204 , MAE:6.628969 , MAPD:27.948255, R_squared:-0.534694

2024-03-21 03:46:13,627 Epoch 278/300, Train Loss: 92.642085, Val Loss: 85.865887  
	Train = MSE:92.532982 , RMSE:9.619407 , MAE:7.033154 , MAPD:29.143872, R_squared:-0.601762  
	Validation = MSE:84.555313 , RMSE:9.195396 , MAE:6.593783 , MAPD:27.837598, R_squared:-0.521492

2024-03-21 03:46:14,648 Epoch 279/300, Train Loss: 90.960760, Val Loss: 85.129845  
	Train = MSE:91.746262 , RMSE:9.578427 , MAE:6.996756 , MAPD:29.029509, R_squared:-0.588143  
	Validation = MSE:83.829666 , RMSE:9.155854 , MAE:6.559226 , MAPD:27.731398, R_squared:-0.508435

2024-03-21 03:46:15,669 Epoch 280/300, Train Loss: 90.816295, Val Loss: 84.419594  
	Train = MSE:90.962570 , RMSE:9.537430 , MAE:6.960751 , MAPD:28.918777, R_squared:-0.574577  
	Validation = MSE:83.129593 , RMSE:9.117543 , MAE:6.526219 , MAPD:27.632745, R_squared:-0.495837

2024-03-21 03:46:16,945 Epoch 281/300, Train Loss: 90.269432, Val Loss: 83.710083  
	Train = MSE:90.209320 , RMSE:9.497859 , MAE:6.926239 , MAPD:28.815625, R_squared:-0.561539  
	Validation = MSE:82.430344 , RMSE:9.079116 , MAE:6.493039 , MAPD:27.534349, R_squared:-0.483255

2024-03-21 03:46:19,071 Epoch 282/300, Train Loss: 89.534502, Val Loss: 83.021103  
	Train = MSE:89.450256 , RMSE:9.457814 , MAE:6.891348 , MAPD:28.710619, R_squared:-0.548399  
	Validation = MSE:81.751472 , RMSE:9.041652 , MAE:6.460610 , MAPD:27.438928, R_squared:-0.471039

2024-03-21 03:46:20,215 Epoch 283/300, Train Loss: 89.315127, Val Loss: 82.344124  
	Train = MSE:88.709282 , RMSE:9.418560 , MAE:6.857939 , MAPD:28.614351, R_squared:-0.535573  
	Validation = MSE:81.084549 , RMSE:9.004696 , MAE:6.429076 , MAPD:27.348863, R_squared:-0.459039

2024-03-21 03:46:21,613 Epoch 284/300, Train Loss: 88.434904, Val Loss: 81.675732  
	Train = MSE:87.979759 , RMSE:9.379752 , MAE:6.824474 , MAPD:28.516248, R_squared:-0.522945  
	Validation = MSE:80.426224 , RMSE:8.968067 , MAE:6.398193 , MAPD:27.263121, R_squared:-0.447193

2024-03-21 03:46:22,936 Epoch 285/300, Train Loss: 87.184609, Val Loss: 81.016090  
	Train = MSE:87.265221 , RMSE:9.341585 , MAE:6.792087 , MAPD:28.425556, R_squared:-0.510576  
	Validation = MSE:79.776634 , RMSE:8.931777 , MAE:6.368027 , MAPD:27.182080, R_squared:-0.435504

2024-03-21 03:46:24,279 Epoch 286/300, Train Loss: 87.083736, Val Loss: 80.373650  
	Train = MSE:86.559158 , RMSE:9.303718 , MAE:6.760231 , MAPD:28.338210, R_squared:-0.498354  
	Validation = MSE:79.144112 , RMSE:8.896297 , MAE:6.339057 , MAPD:27.107340, R_squared:-0.424123

2024-03-21 03:46:25,986 Epoch 287/300, Train Loss: 85.397312, Val Loss: 79.739017  
	Train = MSE:85.871346 , RMSE:9.266680 , MAE:6.729497 , MAPD:28.256898, R_squared:-0.486448  
	Validation = MSE:78.519417 , RMSE:8.861118 , MAE:6.311006 , MAPD:27.038701, R_squared:-0.412882

2024-03-21 03:46:27,071 Epoch 288/300, Train Loss: 85.223039, Val Loss: 79.122849  
	Train = MSE:85.192299 , RMSE:9.229967 , MAE:6.699423 , MAPD:28.178734, R_squared:-0.474693  
	Validation = MSE:77.913017 , RMSE:8.826835 , MAE:6.285161 , MAPD:26.982580, R_squared:-0.401970

2024-03-21 03:46:28,089 Epoch 289/300, Train Loss: 84.576481, Val Loss: 78.514294  
	Train = MSE:84.528328 , RMSE:9.193929 , MAE:6.670233 , MAPD:28.105946, R_squared:-0.463200  
	Validation = MSE:77.314240 , RMSE:8.792851 , MAE:6.260684 , MAPD:26.935431, R_squared:-0.391196

2024-03-21 03:46:29,140 Epoch 290/300, Train Loss: 83.820055, Val Loss: 77.918697  
	Train = MSE:83.871521 , RMSE:9.158139 , MAE:6.642607 , MAPD:28.043062, R_squared:-0.451830  
	Validation = MSE:76.728340 , RMSE:8.759472 , MAE:6.237070 , MAPD:26.892970, R_squared:-0.380653

2024-03-21 03:46:30,173 Epoch 291/300, Train Loss: 82.629920, Val Loss: 77.326050  
	Train = MSE:83.236229 , RMSE:9.123389 , MAE:6.615056 , MAPD:27.979998, R_squared:-0.440833  
	Validation = MSE:76.145485 , RMSE:8.726138 , MAE:6.213564 , MAPD:26.852146, R_squared:-0.370165

2024-03-21 03:46:32,309 Epoch 292/300, Train Loss: 83.186187, Val Loss: 76.754490  
	Train = MSE:82.598907 , RMSE:9.088394 , MAE:6.587831 , MAPD:27.918700, R_squared:-0.429801  
	Validation = MSE:75.583481 , RMSE:8.693876 , MAE:6.191851 , MAPD:26.820352, R_squared:-0.360052

2024-03-21 03:46:33,630 Epoch 293/300, Train Loss: 82.129922, Val Loss: 76.191460  
	Train = MSE:81.978813 , RMSE:9.054215 , MAE:6.561815 , MAPD:27.863502, R_squared:-0.419067  
	Validation = MSE:75.030006 , RMSE:8.661986 , MAE:6.170469 , MAPD:26.790534, R_squared:-0.350093

2024-03-21 03:46:34,650 Epoch 294/300, Train Loss: 80.403538, Val Loss: 75.632996  
	Train = MSE:81.375984 , RMSE:9.020864 , MAE:6.536736 , MAPD:27.814938, R_squared:-0.408632  
	Validation = MSE:74.481155 , RMSE:8.630246 , MAE:6.149562 , MAPD:26.764350, R_squared:-0.340217

2024-03-21 03:46:35,721 Epoch 295/300, Train Loss: 80.737620, Val Loss: 75.100079  
	Train = MSE:80.775620 , RMSE:8.987526 , MAE:6.511636 , MAPD:27.764296, R_squared:-0.398240  
	Validation = MSE:73.957542 , RMSE:8.599857 , MAE:6.129837 , MAPD:26.742213, R_squared:-0.330795

2024-03-21 03:46:37,120 Epoch 296/300, Train Loss: 80.212875, Val Loss: 74.568985  
	Train = MSE:80.198395 , RMSE:8.955356 , MAE:6.487134 , MAPD:27.716265, R_squared:-0.388248  
	Validation = MSE:73.435837 , RMSE:8.569471 , MAE:6.110553 , MAPD:26.723939, R_squared:-0.321408

2024-03-21 03:46:38,486 Epoch 297/300, Train Loss: 79.403108, Val Loss: 74.052170  
	Train = MSE:79.619118 , RMSE:8.922955 , MAE:6.462851 , MAPD:27.669742, R_squared:-0.378220  
	Validation = MSE:72.928299 , RMSE:8.539806 , MAE:6.092145 , MAPD:26.709828, R_squared:-0.312275

2024-03-21 03:46:40,217 Epoch 298/300, Train Loss: 79.347101, Val Loss: 73.543510  
	Train = MSE:79.059250 , RMSE:8.891527 , MAE:6.439318 , MAPD:27.627446, R_squared:-0.368529  
	Validation = MSE:72.428902 , RMSE:8.510517 , MAE:6.074100 , MAPD:26.697824, R_squared:-0.303289

2024-03-21 03:46:41,637 Epoch 299/300, Train Loss: 78.743117, Val Loss: 73.043564  
	Train = MSE:78.507706 , RMSE:8.860457 , MAE:6.416795 , MAPD:27.590743, R_squared:-0.358982  
	Validation = MSE:71.938187 , RMSE:8.481638 , MAE:6.056628 , MAPD:26.689108, R_squared:-0.294459

2024-03-21 03:46:42,660 Epoch 300/300, Train Loss: 78.431225, Val Loss: 72.557793  
	Train = MSE:77.960693 , RMSE:8.829535 , MAE:6.394419 , MAPD:27.554331, R_squared:-0.349513  
	Validation = MSE:71.461502 , RMSE:8.453490 , MAE:6.039416 , MAPD:26.680589, R_squared:-0.285881

2024-03-21 03:46:42,664 Time for training the model: 425.410589
2024-03-21 03:46:44,224 MSE for train: 77.668442
2024-03-21 03:46:44,224 RMSE for train: 8.812970
2024-03-21 03:46:44,224 MAE for train: 6.382046
2024-03-21 03:46:44,224 MAPD for train: 27.533909
2024-03-21 03:46:44,224 R^2 Score for train: -0.344454
2024-03-21 03:46:44,234 Inference time for train dataset: 0.743999

2024-03-21 03:46:44,424 MSE for val: 71.461502
2024-03-21 03:46:44,424 RMSE for val: 8.453490
2024-03-21 03:46:44,424 MAE for val: 6.039416
2024-03-21 03:46:44,424 MAPD for val: 26.680589
2024-03-21 03:46:44,424 R^2 Score for val: -0.285881
2024-03-21 03:46:44,432 Inference time for val dataset: 0.189002

2024-03-21 03:46:44,543 MSE for test: 88.227493
2024-03-21 03:46:44,543 RMSE for test: 9.392949
2024-03-21 03:46:44,544 MAE for test: 6.923030
2024-03-21 03:46:44,544 MAPD for test: 28.550353
2024-03-21 03:46:44,544 R^2 Score for test: -0.456158
2024-03-21 03:46:44,552 Inference time for test dataset: 0.112000

2024-03-21 03:46:46,960 Train label average: , [20.62097221]
2024-03-21 03:46:46,960 Test label average: , [21.41736175]
2024-03-21 03:46:46,960 validation label average: , [20.14607025]
2024-03-21 03:46:46,960 predicted (on validation dataset) values average: , 16.160152587890625
