2024-03-21 04:46:09,294 train batches in dataset: 200
2024-03-21 04:46:09,295 val batches in dataset: 25
2024-03-21 04:46:09,295 test batches in dataset: 25
2024-03-21 04:46:09,313 Trainable parameter: net_core.0.weight - size: torch.Size([256, 35])
2024-03-21 04:46:09,319 Trainable parameter: net_core.0.bias - size: torch.Size([256])
2024-03-21 04:46:09,327 Trainable parameter: net_core.1.weight - size: torch.Size([128, 256])
2024-03-21 04:46:09,335 Trainable parameter: net_core.1.bias - size: torch.Size([128])
2024-03-21 04:46:09,342 Trainable parameter: net_core.2.weight - size: torch.Size([64, 128])
2024-03-21 04:46:09,352 Trainable parameter: net_core.2.bias - size: torch.Size([64])
2024-03-21 04:46:09,360 Trainable parameter: net_core.3.weight - size: torch.Size([16, 64])
2024-03-21 04:46:09,361 Trainable parameter: net_core.3.bias - size: torch.Size([16])
2024-03-21 04:46:09,361 Trainable parameter: net_core.4.weight - size: torch.Size([1, 16])
2024-03-21 04:46:09,361 Trainable parameter: net_core.4.bias - size: torch.Size([1])
2024-03-21 04:46:09,362 Number of trainable parameters: 51425
2024-03-21 04:46:09,362 Number of non-trainable parameters: 0
2024-03-21 04:46:27,003 Epoch 1/300, Train Loss: 21.518310, Val Loss: 0.588221  
	Train = MSE:21.524637 , RMSE:4.639465 , MAE:2.481223 , MAPD:13.524094, R_squared:0.627405  
	Validation = MSE:0.588221 , RMSE:0.766955 , MAE:0.630195 , MAPD:3.305324, R_squared:0.989416

2024-03-21 04:46:44,942 Epoch 2/300, Train Loss: 0.330913, Val Loss: 0.205322  
	Train = MSE:0.330955 , RMSE:0.575287 , MAE:0.432234 , MAPD:2.287363, R_squared:0.994271  
	Validation = MSE:0.205322 , RMSE:0.453125 , MAE:0.326124 , MAPD:1.734018, R_squared:0.996305

2024-03-21 04:47:00,717 Epoch 3/300, Train Loss: 0.182613, Val Loss: 0.155966  
	Train = MSE:0.182615 , RMSE:0.427335 , MAE:0.318681 , MAPD:1.671613, R_squared:0.996839  
	Validation = MSE:0.155966 , RMSE:0.394925 , MAE:0.297153 , MAPD:1.645049, R_squared:0.997194

2024-03-21 04:47:18,392 Epoch 4/300, Train Loss: 0.180745, Val Loss: 0.136478  
	Train = MSE:0.180768 , RMSE:0.425168 , MAE:0.318491 , MAPD:1.666394, R_squared:0.996871  
	Validation = MSE:0.136478 , RMSE:0.369429 , MAE:0.273985 , MAPD:1.489704, R_squared:0.997544

2024-03-21 04:47:35,389 Epoch 5/300, Train Loss: 0.153875, Val Loss: 0.145512  
	Train = MSE:0.153886 , RMSE:0.392282 , MAE:0.296327 , MAPD:1.550859, R_squared:0.997336  
	Validation = MSE:0.145512 , RMSE:0.381460 , MAE:0.283013 , MAPD:1.526636, R_squared:0.997382

2024-03-21 04:47:52,734 Epoch 6/300, Train Loss: 0.191197, Val Loss: 0.340681  
	Train = MSE:0.191120 , RMSE:0.437173 , MAE:0.333397 , MAPD:1.749123, R_squared:0.996692  
	Validation = MSE:0.340681 , RMSE:0.583679 , MAE:0.452906 , MAPD:2.197195, R_squared:0.993870

2024-03-21 04:48:09,751 Epoch 7/300, Train Loss: 0.178500, Val Loss: 0.097885  
	Train = MSE:0.178456 , RMSE:0.422441 , MAE:0.320075 , MAPD:1.664964, R_squared:0.996911  
	Validation = MSE:0.097885 , RMSE:0.312865 , MAE:0.228298 , MAPD:1.270472, R_squared:0.998239

2024-03-21 04:48:26,084 Epoch 8/300, Train Loss: 0.155302, Val Loss: 0.104670  
	Train = MSE:0.155330 , RMSE:0.394120 , MAE:0.303259 , MAPD:1.569912, R_squared:0.997311  
	Validation = MSE:0.104670 , RMSE:0.323528 , MAE:0.231631 , MAPD:1.234730, R_squared:0.998117

2024-03-21 04:48:45,167 Epoch 9/300, Train Loss: 0.159196, Val Loss: 0.183620  
	Train = MSE:0.159226 , RMSE:0.399031 , MAE:0.302760 , MAPD:1.575165, R_squared:0.997244  
	Validation = MSE:0.183620 , RMSE:0.428509 , MAE:0.375413 , MAPD:2.170462, R_squared:0.996696

2024-03-21 04:49:01,796 Epoch 10/300, Train Loss: 0.157602, Val Loss: 0.080728  
	Train = MSE:0.157613 , RMSE:0.397005 , MAE:0.304118 , MAPD:1.573349, R_squared:0.997272  
	Validation = MSE:0.080728 , RMSE:0.284127 , MAE:0.205496 , MAPD:1.126661, R_squared:0.998547

2024-03-21 04:49:18,374 Epoch 11/300, Train Loss: 0.157468, Val Loss: 0.089618  
	Train = MSE:0.157498 , RMSE:0.396860 , MAE:0.300622 , MAPD:1.555691, R_squared:0.997274  
	Validation = MSE:0.089618 , RMSE:0.299362 , MAE:0.221347 , MAPD:1.186425, R_squared:0.998387

2024-03-21 04:49:38,180 Epoch 12/300, Train Loss: 0.234170, Val Loss: 0.091692  
	Train = MSE:0.234213 , RMSE:0.483956 , MAE:0.370688 , MAPD:1.890501, R_squared:0.995946  
	Validation = MSE:0.091692 , RMSE:0.302807 , MAE:0.234238 , MAPD:1.321012, R_squared:0.998350

2024-03-21 04:49:53,956 Epoch 13/300, Train Loss: 0.123609, Val Loss: 0.195505  
	Train = MSE:0.123619 , RMSE:0.351595 , MAE:0.263371 , MAPD:1.362804, R_squared:0.997860  
	Validation = MSE:0.195505 , RMSE:0.442159 , MAE:0.372847 , MAPD:2.064494, R_squared:0.996482

2024-03-21 04:50:11,569 Epoch 14/300, Train Loss: 0.153772, Val Loss: 0.135315  
	Train = MSE:0.153805 , RMSE:0.392180 , MAE:0.307850 , MAPD:1.596401, R_squared:0.997338  
	Validation = MSE:0.135315 , RMSE:0.367852 , MAE:0.291256 , MAPD:1.537405, R_squared:0.997565

2024-03-21 04:50:28,872 Epoch 15/300, Train Loss: 0.134146, Val Loss: 0.092168  
	Train = MSE:0.134172 , RMSE:0.366296 , MAE:0.281191 , MAPD:1.446805, R_squared:0.997677  
	Validation = MSE:0.092168 , RMSE:0.303592 , MAE:0.252935 , MAPD:1.484032, R_squared:0.998342

2024-03-21 04:50:47,478 Epoch 16/300, Train Loss: 0.119839, Val Loss: 0.278383  
	Train = MSE:0.119860 , RMSE:0.346208 , MAE:0.268304 , MAPD:1.399243, R_squared:0.997925  
	Validation = MSE:0.278383 , RMSE:0.527620 , MAE:0.409031 , MAPD:1.877658, R_squared:0.994991

2024-03-21 04:51:04,517 Epoch 17/300, Train Loss: 0.172340, Val Loss: 0.220983  
	Train = MSE:0.172264 , RMSE:0.415047 , MAE:0.318157 , MAPD:1.642490, R_squared:0.997018  
	Validation = MSE:0.220983 , RMSE:0.470088 , MAE:0.372489 , MAPD:1.818900, R_squared:0.996024

2024-03-21 04:51:20,705 Epoch 18/300, Train Loss: 0.151744, Val Loss: 0.155504  
	Train = MSE:0.151780 , RMSE:0.389589 , MAE:0.286097 , MAPD:1.461194, R_squared:0.997373  
	Validation = MSE:0.155504 , RMSE:0.394340 , MAE:0.292529 , MAPD:1.380462, R_squared:0.997202

2024-03-21 04:51:37,070 Epoch 19/300, Train Loss: 0.110369, Val Loss: 0.074469  
	Train = MSE:0.110393 , RMSE:0.332255 , MAE:0.257676 , MAPD:1.314410, R_squared:0.998089  
	Validation = MSE:0.074469 , RMSE:0.272891 , MAE:0.214653 , MAPD:1.195887, R_squared:0.998660

2024-03-21 04:51:55,502 Epoch 20/300, Train Loss: 0.235131, Val Loss: 0.170396  
	Train = MSE:0.235173 , RMSE:0.484946 , MAE:0.374517 , MAPD:1.902324, R_squared:0.995929  
	Validation = MSE:0.170396 , RMSE:0.412790 , MAE:0.343934 , MAPD:1.772961, R_squared:0.996934

2024-03-21 04:52:11,705 Epoch 21/300, Train Loss: 0.151354, Val Loss: 0.195897  
	Train = MSE:0.151340 , RMSE:0.389025 , MAE:0.298564 , MAPD:1.524448, R_squared:0.997380  
	Validation = MSE:0.195897 , RMSE:0.442603 , MAE:0.403943 , MAPD:2.294771, R_squared:0.996475

2024-03-21 04:52:30,415 Epoch 22/300, Train Loss: 0.162525, Val Loss: 0.091281  
	Train = MSE:0.162352 , RMSE:0.402930 , MAE:0.297512 , MAPD:1.520655, R_squared:0.997190  
	Validation = MSE:0.091281 , RMSE:0.302127 , MAE:0.242357 , MAPD:1.332058, R_squared:0.998357

2024-03-21 04:52:46,198 Epoch 23/300, Train Loss: 0.127472, Val Loss: 0.053959  
	Train = MSE:0.127496 , RMSE:0.357066 , MAE:0.276101 , MAPD:1.419235, R_squared:0.997793  
	Validation = MSE:0.053959 , RMSE:0.232291 , MAE:0.171358 , MAPD:0.914419, R_squared:0.999029

2024-03-21 04:53:04,536 Epoch 24/300, Train Loss: 0.114731, Val Loss: 0.081118  
	Train = MSE:0.114584 , RMSE:0.338503 , MAE:0.253892 , MAPD:1.294250, R_squared:0.998017  
	Validation = MSE:0.081118 , RMSE:0.284813 , MAE:0.218640 , MAPD:1.206689, R_squared:0.998540

2024-03-21 04:53:22,268 Epoch 25/300, Train Loss: 0.111445, Val Loss: 0.050067  
	Train = MSE:0.111458 , RMSE:0.333854 , MAE:0.251975 , MAPD:1.305970, R_squared:0.998071  
	Validation = MSE:0.050067 , RMSE:0.223756 , MAE:0.170444 , MAPD:0.953056, R_squared:0.999099

2024-03-21 04:53:38,231 Epoch 26/300, Train Loss: 0.075695, Val Loss: 0.084268  
	Train = MSE:0.075654 , RMSE:0.275052 , MAE:0.208972 , MAPD:1.071182, R_squared:0.998690  
	Validation = MSE:0.084268 , RMSE:0.290290 , MAE:0.223672 , MAPD:1.145108, R_squared:0.998484

2024-03-21 04:53:56,586 Epoch 27/300, Train Loss: 0.091376, Val Loss: 0.057670  
	Train = MSE:0.091396 , RMSE:0.302317 , MAE:0.229831 , MAPD:1.188046, R_squared:0.998418  
	Validation = MSE:0.057670 , RMSE:0.240145 , MAE:0.177353 , MAPD:0.941754, R_squared:0.998962

2024-03-21 04:54:14,112 Epoch 28/300, Train Loss: 0.092756, Val Loss: 0.039422  
	Train = MSE:0.092776 , RMSE:0.304592 , MAE:0.233871 , MAPD:1.201551, R_squared:0.998394  
	Validation = MSE:0.039422 , RMSE:0.198550 , MAE:0.142284 , MAPD:0.770334, R_squared:0.999291

2024-03-21 04:54:30,899 Epoch 29/300, Train Loss: 0.085010, Val Loss: 0.173067  
	Train = MSE:0.085030 , RMSE:0.291599 , MAE:0.224741 , MAPD:1.161039, R_squared:0.998528  
	Validation = MSE:0.173067 , RMSE:0.416013 , MAE:0.356481 , MAPD:1.816255, R_squared:0.996886

2024-03-21 04:54:49,412 Epoch 30/300, Train Loss: 0.173904, Val Loss: 0.080144  
	Train = MSE:0.173899 , RMSE:0.417012 , MAE:0.326224 , MAPD:1.667353, R_squared:0.996990  
	Validation = MSE:0.080144 , RMSE:0.283097 , MAE:0.210683 , MAPD:1.129801, R_squared:0.998558

2024-03-21 04:55:06,881 Epoch 31/300, Train Loss: 0.075877, Val Loss: 0.046648  
	Train = MSE:0.075881 , RMSE:0.275465 , MAE:0.209904 , MAPD:1.075282, R_squared:0.998686  
	Validation = MSE:0.046648 , RMSE:0.215982 , MAE:0.164813 , MAPD:0.943675, R_squared:0.999161

2024-03-21 04:55:27,331 Epoch 32/300, Train Loss: 0.074650, Val Loss: 0.058402  
	Train = MSE:0.074627 , RMSE:0.273179 , MAE:0.208617 , MAPD:1.075600, R_squared:0.998708  
	Validation = MSE:0.058402 , RMSE:0.241666 , MAE:0.175010 , MAPD:0.891551, R_squared:0.998949

2024-03-21 04:55:43,102 Epoch 33/300, Train Loss: 0.062500, Val Loss: 0.039382  
	Train = MSE:0.062511 , RMSE:0.250023 , MAE:0.190622 , MAPD:0.988324, R_squared:0.998918  
	Validation = MSE:0.039382 , RMSE:0.198448 , MAE:0.142071 , MAPD:0.779066, R_squared:0.999291

2024-03-21 04:56:00,474 Epoch 34/300, Train Loss: 0.061145, Val Loss: 0.065073  
	Train = MSE:0.061143 , RMSE:0.247271 , MAE:0.188772 , MAPD:0.978045, R_squared:0.998942  
	Validation = MSE:0.065073 , RMSE:0.255094 , MAE:0.193098 , MAPD:0.987411, R_squared:0.998829

2024-03-21 04:56:18,295 Epoch 35/300, Train Loss: 0.142988, Val Loss: 0.050721  
	Train = MSE:0.142975 , RMSE:0.378121 , MAE:0.286691 , MAPD:1.463747, R_squared:0.997525  
	Validation = MSE:0.050721 , RMSE:0.225212 , MAE:0.163422 , MAPD:0.926361, R_squared:0.999087

2024-03-21 04:56:35,588 Epoch 36/300, Train Loss: 0.072975, Val Loss: 0.051749  
	Train = MSE:0.072992 , RMSE:0.270170 , MAE:0.210061 , MAPD:1.083790, R_squared:0.998736  
	Validation = MSE:0.051749 , RMSE:0.227485 , MAE:0.171199 , MAPD:0.947352, R_squared:0.999069

2024-03-21 04:56:52,349 Epoch 37/300, Train Loss: 0.051790, Val Loss: 0.034673  
	Train = MSE:0.051802 , RMSE:0.227600 , MAE:0.172733 , MAPD:0.886813, R_squared:0.999103  
	Validation = MSE:0.034673 , RMSE:0.186208 , MAE:0.130543 , MAPD:0.707261, R_squared:0.999376

2024-03-21 04:57:09,877 Epoch 38/300, Train Loss: 0.049815, Val Loss: 0.041319  
	Train = MSE:0.049824 , RMSE:0.223213 , MAE:0.169560 , MAPD:0.881419, R_squared:0.999138  
	Validation = MSE:0.041319 , RMSE:0.203271 , MAE:0.152752 , MAPD:0.855204, R_squared:0.999257

2024-03-21 04:57:26,638 Epoch 39/300, Train Loss: 0.071982, Val Loss: 0.051239  
	Train = MSE:0.071998 , RMSE:0.268325 , MAE:0.208229 , MAPD:1.079847, R_squared:0.998754  
	Validation = MSE:0.051239 , RMSE:0.226361 , MAE:0.191958 , MAPD:1.049663, R_squared:0.999078

2024-03-21 04:57:43,361 Epoch 40/300, Train Loss: 0.076632, Val Loss: 0.040980  
	Train = MSE:0.076639 , RMSE:0.276837 , MAE:0.205371 , MAPD:1.047379, R_squared:0.998673  
	Validation = MSE:0.040980 , RMSE:0.202435 , MAE:0.150589 , MAPD:0.848075, R_squared:0.999263

2024-03-21 04:58:00,000 Epoch 41/300, Train Loss: 0.077202, Val Loss: 0.215263  
	Train = MSE:0.077191 , RMSE:0.277833 , MAE:0.212975 , MAPD:1.102038, R_squared:0.998664  
	Validation = MSE:0.215263 , RMSE:0.463964 , MAE:0.394095 , MAPD:1.930897, R_squared:0.996127

2024-03-21 04:58:19,573 Epoch 42/300, Train Loss: 0.087001, Val Loss: 0.062619  
	Train = MSE:0.087017 , RMSE:0.294986 , MAE:0.224890 , MAPD:1.143592, R_squared:0.998494  
	Validation = MSE:0.062619 , RMSE:0.250238 , MAE:0.217015 , MAPD:1.292924, R_squared:0.998873

2024-03-21 04:58:35,422 Epoch 43/300, Train Loss: 0.062825, Val Loss: 0.028334  
	Train = MSE:0.062831 , RMSE:0.250661 , MAE:0.197658 , MAPD:1.021073, R_squared:0.998912  
	Validation = MSE:0.028334 , RMSE:0.168328 , MAE:0.127115 , MAPD:0.703267, R_squared:0.999490

2024-03-21 04:58:52,082 Epoch 44/300, Train Loss: 0.082961, Val Loss: 0.111608  
	Train = MSE:0.082941 , RMSE:0.287995 , MAE:0.222585 , MAPD:1.133181, R_squared:0.998564  
	Validation = MSE:0.111608 , RMSE:0.334078 , MAE:0.292949 , MAPD:1.645529, R_squared:0.997992

2024-03-21 04:59:11,638 Epoch 45/300, Train Loss: 0.072357, Val Loss: 0.128377  
	Train = MSE:0.072351 , RMSE:0.268981 , MAE:0.207404 , MAPD:1.065875, R_squared:0.998748  
	Validation = MSE:0.128377 , RMSE:0.358297 , MAE:0.272856 , MAPD:1.283939, R_squared:0.997690

2024-03-21 04:59:27,789 Epoch 46/300, Train Loss: 0.051420, Val Loss: 0.028208  
	Train = MSE:0.051429 , RMSE:0.226780 , MAE:0.174207 , MAPD:0.900605, R_squared:0.999110  
	Validation = MSE:0.028208 , RMSE:0.167952 , MAE:0.117195 , MAPD:0.623077, R_squared:0.999492

2024-03-21 04:59:44,556 Epoch 47/300, Train Loss: 0.100643, Val Loss: 0.050787  
	Train = MSE:0.100621 , RMSE:0.317209 , MAE:0.216823 , MAPD:1.111451, R_squared:0.998258  
	Validation = MSE:0.050787 , RMSE:0.225359 , MAE:0.161649 , MAPD:0.881151, R_squared:0.999086

2024-03-21 05:00:01,758 Epoch 48/300, Train Loss: 0.064071, Val Loss: 0.054049  
	Train = MSE:0.064062 , RMSE:0.253105 , MAE:0.194570 , MAPD:1.013924, R_squared:0.998891  
	Validation = MSE:0.054049 , RMSE:0.232484 , MAE:0.182143 , MAPD:0.979561, R_squared:0.999027

2024-03-21 05:00:18,012 Epoch 49/300, Train Loss: 0.074771, Val Loss: 0.040112  
	Train = MSE:0.074754 , RMSE:0.273412 , MAE:0.212727 , MAPD:1.089330, R_squared:0.998706  
	Validation = MSE:0.040112 , RMSE:0.200279 , MAE:0.152050 , MAPD:0.789780, R_squared:0.999278

2024-03-21 05:00:36,855 Epoch 50/300, Train Loss: 0.036498, Val Loss: 0.037202  
	Train = MSE:0.036504 , RMSE:0.191061 , MAE:0.145031 , MAPD:0.746966, R_squared:0.999368  
	Validation = MSE:0.037202 , RMSE:0.192877 , MAE:0.141229 , MAPD:0.758484, R_squared:0.999331

2024-03-21 05:00:53,829 Epoch 51/300, Train Loss: 0.077786, Val Loss: 0.074394  
	Train = MSE:0.077784 , RMSE:0.278899 , MAE:0.215806 , MAPD:1.113606, R_squared:0.998654  
	Validation = MSE:0.074394 , RMSE:0.272752 , MAE:0.227610 , MAPD:1.217764, R_squared:0.998661

2024-03-21 05:01:14,470 Epoch 52/300, Train Loss: 0.180699, Val Loss: 0.190006  
	Train = MSE:0.180719 , RMSE:0.425111 , MAE:0.308411 , MAPD:1.593473, R_squared:0.996872  
	Validation = MSE:0.190006 , RMSE:0.435897 , MAE:0.304130 , MAPD:1.336629, R_squared:0.996581

2024-03-21 05:01:31,827 Epoch 53/300, Train Loss: 0.059246, Val Loss: 0.056468  
	Train = MSE:0.059261 , RMSE:0.243435 , MAE:0.185038 , MAPD:0.966936, R_squared:0.998974  
	Validation = MSE:0.056468 , RMSE:0.237630 , MAE:0.193679 , MAPD:1.001977, R_squared:0.998984

2024-03-21 05:01:48,921 Epoch 54/300, Train Loss: 0.039291, Val Loss: 0.025481  
	Train = MSE:0.039290 , RMSE:0.198218 , MAE:0.150799 , MAPD:0.778807, R_squared:0.999320  
	Validation = MSE:0.025481 , RMSE:0.159628 , MAE:0.112778 , MAPD:0.613866, R_squared:0.999541

2024-03-21 05:02:07,294 Epoch 55/300, Train Loss: 0.069606, Val Loss: 0.032896  
	Train = MSE:0.069619 , RMSE:0.263855 , MAE:0.199028 , MAPD:1.027392, R_squared:0.998795  
	Validation = MSE:0.032896 , RMSE:0.181372 , MAE:0.132233 , MAPD:0.709250, R_squared:0.999408

2024-03-21 05:02:24,398 Epoch 56/300, Train Loss: 0.044182, Val Loss: 0.028705  
	Train = MSE:0.044191 , RMSE:0.210216 , MAE:0.160044 , MAPD:0.830246, R_squared:0.999235  
	Validation = MSE:0.028705 , RMSE:0.169427 , MAE:0.126455 , MAPD:0.687251, R_squared:0.999483

2024-03-21 05:02:41,274 Epoch 57/300, Train Loss: 0.049570, Val Loss: 0.032489  
	Train = MSE:0.049580 , RMSE:0.222665 , MAE:0.171408 , MAPD:0.884743, R_squared:0.999142  
	Validation = MSE:0.032489 , RMSE:0.180247 , MAE:0.133936 , MAPD:0.734528, R_squared:0.999415

2024-03-21 05:02:58,127 Epoch 58/300, Train Loss: 0.079296, Val Loss: 0.028703  
	Train = MSE:0.079316 , RMSE:0.281630 , MAE:0.212732 , MAPD:1.085556, R_squared:0.998627  
	Validation = MSE:0.028703 , RMSE:0.169419 , MAE:0.123432 , MAPD:0.657774, R_squared:0.999484

2024-03-21 05:03:14,241 Epoch 59/300, Train Loss: 0.060396, Val Loss: 0.043847  
	Train = MSE:0.060399 , RMSE:0.245761 , MAE:0.189725 , MAPD:0.975701, R_squared:0.998954  
	Validation = MSE:0.043847 , RMSE:0.209396 , MAE:0.162143 , MAPD:0.919407, R_squared:0.999211

2024-03-21 05:03:31,514 Epoch 60/300, Train Loss: 0.058709, Val Loss: 0.045472  
	Train = MSE:0.058716 , RMSE:0.242315 , MAE:0.179476 , MAPD:0.918975, R_squared:0.998984  
	Validation = MSE:0.045472 , RMSE:0.213242 , MAE:0.152720 , MAPD:0.746626, R_squared:0.999182

2024-03-21 05:03:49,144 Epoch 61/300, Train Loss: 0.047333, Val Loss: 0.061133  
	Train = MSE:0.047333 , RMSE:0.217563 , MAE:0.166735 , MAPD:0.858667, R_squared:0.999181  
	Validation = MSE:0.061133 , RMSE:0.247251 , MAE:0.209970 , MAPD:1.123236, R_squared:0.998900

2024-03-21 05:04:08,923 Epoch 62/300, Train Loss: 0.071142, Val Loss: 0.035025  
	Train = MSE:0.071145 , RMSE:0.266729 , MAE:0.197381 , MAPD:1.007922, R_squared:0.998768  
	Validation = MSE:0.035025 , RMSE:0.187150 , MAE:0.140700 , MAPD:0.797103, R_squared:0.999370

2024-03-21 05:04:24,912 Epoch 63/300, Train Loss: 0.042327, Val Loss: 0.034779  
	Train = MSE:0.042328 , RMSE:0.205737 , MAE:0.158107 , MAPD:0.826056, R_squared:0.999267  
	Validation = MSE:0.034779 , RMSE:0.186491 , MAE:0.148118 , MAPD:0.840357, R_squared:0.999374

2024-03-21 05:04:42,880 Epoch 64/300, Train Loss: 0.054402, Val Loss: 0.024245  
	Train = MSE:0.054415 , RMSE:0.233271 , MAE:0.174929 , MAPD:0.903120, R_squared:0.999058  
	Validation = MSE:0.024245 , RMSE:0.155707 , MAE:0.111187 , MAPD:0.588326, R_squared:0.999564

2024-03-21 05:05:01,262 Epoch 65/300, Train Loss: 0.035326, Val Loss: 0.080771  
	Train = MSE:0.035331 , RMSE:0.187966 , MAE:0.145104 , MAPD:0.754450, R_squared:0.999388  
	Validation = MSE:0.080771 , RMSE:0.284202 , MAE:0.228960 , MAPD:1.089710, R_squared:0.998547

2024-03-21 05:05:19,326 Epoch 66/300, Train Loss: 0.053309, Val Loss: 0.025056  
	Train = MSE:0.053315 , RMSE:0.230901 , MAE:0.174837 , MAPD:0.891716, R_squared:0.999077  
	Validation = MSE:0.025056 , RMSE:0.158292 , MAE:0.112968 , MAPD:0.619638, R_squared:0.999549

2024-03-21 05:05:37,018 Epoch 67/300, Train Loss: 0.046414, Val Loss: 0.023563  
	Train = MSE:0.046411 , RMSE:0.215432 , MAE:0.166710 , MAPD:0.864766, R_squared:0.999197  
	Validation = MSE:0.023563 , RMSE:0.153503 , MAE:0.106114 , MAPD:0.571703, R_squared:0.999576

2024-03-21 05:05:54,783 Epoch 68/300, Train Loss: 0.053169, Val Loss: 0.033717  
	Train = MSE:0.053183 , RMSE:0.230614 , MAE:0.171835 , MAPD:0.885100, R_squared:0.999079  
	Validation = MSE:0.033717 , RMSE:0.183622 , MAE:0.139467 , MAPD:0.747022, R_squared:0.999393

2024-03-21 05:06:13,362 Epoch 69/300, Train Loss: 0.043583, Val Loss: 0.111819  
	Train = MSE:0.043587 , RMSE:0.208776 , MAE:0.156657 , MAPD:0.805001, R_squared:0.999245  
	Validation = MSE:0.111819 , RMSE:0.334394 , MAE:0.297991 , MAPD:1.807990, R_squared:0.997988

2024-03-21 05:06:33,858 Epoch 70/300, Train Loss: 0.046135, Val Loss: 0.024643  
	Train = MSE:0.046140 , RMSE:0.214802 , MAE:0.164886 , MAPD:0.855805, R_squared:0.999201  
	Validation = MSE:0.024643 , RMSE:0.156982 , MAE:0.111401 , MAPD:0.589235, R_squared:0.999557

2024-03-21 05:06:54,386 Epoch 71/300, Train Loss: 0.083182, Val Loss: 0.057450  
	Train = MSE:0.083195 , RMSE:0.288435 , MAE:0.217172 , MAPD:1.122488, R_squared:0.998560  
	Validation = MSE:0.057450 , RMSE:0.239687 , MAE:0.182558 , MAPD:0.924010, R_squared:0.998966

2024-03-21 05:07:20,018 Epoch 72/300, Train Loss: 0.059365, Val Loss: 0.060373  
	Train = MSE:0.059362 , RMSE:0.243643 , MAE:0.189314 , MAPD:0.985879, R_squared:0.998972  
	Validation = MSE:0.060373 , RMSE:0.245709 , MAE:0.192834 , MAPD:1.080545, R_squared:0.998914

2024-03-21 05:07:38,624 Epoch 73/300, Train Loss: 0.047915, Val Loss: 0.034737  
	Train = MSE:0.047925 , RMSE:0.218919 , MAE:0.168924 , MAPD:0.878732, R_squared:0.999170  
	Validation = MSE:0.034737 , RMSE:0.186377 , MAE:0.144976 , MAPD:0.766098, R_squared:0.999375

2024-03-21 05:08:00,539 Epoch 74/300, Train Loss: 0.045248, Val Loss: 0.025138  
	Train = MSE:0.045253 , RMSE:0.212727 , MAE:0.160946 , MAPD:0.833957, R_squared:0.999217  
	Validation = MSE:0.025138 , RMSE:0.158550 , MAE:0.113346 , MAPD:0.630102, R_squared:0.999548

2024-03-21 05:08:22,881 Epoch 75/300, Train Loss: 0.041373, Val Loss: 0.040718  
	Train = MSE:0.041369 , RMSE:0.203394 , MAE:0.158684 , MAPD:0.820439, R_squared:0.999284  
	Validation = MSE:0.040718 , RMSE:0.201787 , MAE:0.154112 , MAPD:0.899278, R_squared:0.999267

2024-03-21 05:08:43,303 Epoch 76/300, Train Loss: 0.044704, Val Loss: 0.035032  
	Train = MSE:0.044708 , RMSE:0.211444 , MAE:0.165587 , MAPD:0.858771, R_squared:0.999226  
	Validation = MSE:0.035032 , RMSE:0.187168 , MAE:0.155482 , MAPD:0.872447, R_squared:0.999370

2024-03-21 05:09:01,994 Epoch 77/300, Train Loss: 0.056565, Val Loss: 0.028608  
	Train = MSE:0.056570 , RMSE:0.237845 , MAE:0.180335 , MAPD:0.935302, R_squared:0.999021  
	Validation = MSE:0.028608 , RMSE:0.169140 , MAE:0.126620 , MAPD:0.711944, R_squared:0.999485

2024-03-21 05:09:22,326 Epoch 78/300, Train Loss: 0.062929, Val Loss: 0.027772  
	Train = MSE:0.062943 , RMSE:0.250885 , MAE:0.192557 , MAPD:0.987841, R_squared:0.998910  
	Validation = MSE:0.027772 , RMSE:0.166651 , MAE:0.126166 , MAPD:0.681262, R_squared:0.999500

2024-03-21 05:09:41,823 Epoch 79/300, Train Loss: 0.042344, Val Loss: 0.079942  
	Train = MSE:0.042354 , RMSE:0.205800 , MAE:0.160543 , MAPD:0.830762, R_squared:0.999267  
	Validation = MSE:0.079942 , RMSE:0.282740 , MAE:0.233853 , MAPD:1.194751, R_squared:0.998562

2024-03-21 05:10:00,067 Epoch 80/300, Train Loss: 0.031468, Val Loss: 0.044759  
	Train = MSE:0.031466 , RMSE:0.177388 , MAE:0.136889 , MAPD:0.712054, R_squared:0.999455  
	Validation = MSE:0.044759 , RMSE:0.211563 , MAE:0.182357 , MAPD:1.005217, R_squared:0.999195

2024-03-21 05:10:20,789 Epoch 81/300, Train Loss: 0.042506, Val Loss: 0.031696  
	Train = MSE:0.042500 , RMSE:0.206154 , MAE:0.159846 , MAPD:0.825663, R_squared:0.999264  
	Validation = MSE:0.031696 , RMSE:0.178035 , MAE:0.128476 , MAPD:0.645596, R_squared:0.999430

2024-03-21 05:10:43,723 Epoch 82/300, Train Loss: 0.051835, Val Loss: 0.086341  
	Train = MSE:0.051831 , RMSE:0.227664 , MAE:0.175588 , MAPD:0.914770, R_squared:0.999103  
	Validation = MSE:0.086341 , RMSE:0.293838 , MAE:0.229114 , MAPD:1.141775, R_squared:0.998446

2024-03-21 05:11:03,260 Epoch 83/300, Train Loss: 0.044697, Val Loss: 0.156876  
	Train = MSE:0.044699 , RMSE:0.211422 , MAE:0.164111 , MAPD:0.841412, R_squared:0.999226  
	Validation = MSE:0.156877 , RMSE:0.396076 , MAE:0.347150 , MAPD:1.743568, R_squared:0.997177

2024-03-21 05:11:23,842 Epoch 84/300, Train Loss: 0.051692, Val Loss: 0.026302  
	Train = MSE:0.051702 , RMSE:0.227381 , MAE:0.176185 , MAPD:0.920794, R_squared:0.999105  
	Validation = MSE:0.026302 , RMSE:0.162178 , MAE:0.118638 , MAPD:0.643102, R_squared:0.999527

2024-03-21 05:11:45,607 Epoch 85/300, Train Loss: 0.037728, Val Loss: 0.028862  
	Train = MSE:0.037718 , RMSE:0.194212 , MAE:0.147939 , MAPD:0.765224, R_squared:0.999347  
	Validation = MSE:0.028862 , RMSE:0.169889 , MAE:0.124872 , MAPD:0.658085, R_squared:0.999481

2024-03-21 05:12:05,596 Epoch 86/300, Train Loss: 0.049444, Val Loss: 0.056672  
	Train = MSE:0.049455 , RMSE:0.222384 , MAE:0.172341 , MAPD:0.894242, R_squared:0.999144  
	Validation = MSE:0.056672 , RMSE:0.238059 , MAE:0.197451 , MAPD:1.023889, R_squared:0.998980

2024-03-21 05:12:24,379 Epoch 87/300, Train Loss: 0.068793, Val Loss: 0.034590  
	Train = MSE:0.068805 , RMSE:0.262307 , MAE:0.200922 , MAPD:1.034485, R_squared:0.998809  
	Validation = MSE:0.034590 , RMSE:0.185983 , MAE:0.144884 , MAPD:0.772236, R_squared:0.999378

2024-03-21 05:12:45,719 Epoch 88/300, Train Loss: 0.034800, Val Loss: 0.052900  
	Train = MSE:0.034792 , RMSE:0.186527 , MAE:0.144332 , MAPD:0.757050, R_squared:0.999398  
	Validation = MSE:0.052900 , RMSE:0.230001 , MAE:0.196508 , MAPD:1.129623, R_squared:0.999048

2024-03-21 05:13:04,958 Epoch 89/300, Train Loss: 0.033228, Val Loss: 0.110559  
	Train = MSE:0.033222 , RMSE:0.182270 , MAE:0.139078 , MAPD:0.715668, R_squared:0.999425  
	Validation = MSE:0.110559 , RMSE:0.332504 , MAE:0.290634 , MAPD:1.622739, R_squared:0.998011

2024-03-21 05:13:25,404 Epoch 90/300, Train Loss: 0.033367, Val Loss: 0.019466  
	Train = MSE:0.033362 , RMSE:0.182651 , MAE:0.141535 , MAPD:0.736606, R_squared:0.999423  
	Validation = MSE:0.019466 , RMSE:0.139519 , MAE:0.099963 , MAPD:0.539632, R_squared:0.999650

2024-03-21 05:13:42,255 Epoch 91/300, Train Loss: 0.051041, Val Loss: 0.022674  
	Train = MSE:0.051053 , RMSE:0.225950 , MAE:0.171723 , MAPD:0.883194, R_squared:0.999116  
	Validation = MSE:0.022674 , RMSE:0.150578 , MAE:0.114868 , MAPD:0.651960, R_squared:0.999592

2024-03-21 05:14:03,956 Epoch 92/300, Train Loss: 0.039585, Val Loss: 0.059456  
	Train = MSE:0.039588 , RMSE:0.198967 , MAE:0.154910 , MAPD:0.795756, R_squared:0.999315  
	Validation = MSE:0.059456 , RMSE:0.243837 , MAE:0.187259 , MAPD:0.941953, R_squared:0.998930

2024-03-21 05:14:19,890 Epoch 93/300, Train Loss: 0.035775, Val Loss: 0.022464  
	Train = MSE:0.035780 , RMSE:0.189156 , MAE:0.147368 , MAPD:0.758731, R_squared:0.999381  
	Validation = MSE:0.022464 , RMSE:0.149880 , MAE:0.115779 , MAPD:0.649271, R_squared:0.999596

2024-03-21 05:14:33,117 Epoch 94/300, Train Loss: 0.034227, Val Loss: 0.044063  
	Train = MSE:0.034229 , RMSE:0.185011 , MAE:0.142171 , MAPD:0.741823, R_squared:0.999407  
	Validation = MSE:0.044063 , RMSE:0.209911 , MAE:0.168271 , MAPD:0.960222, R_squared:0.999207

2024-03-21 05:14:46,861 Epoch 95/300, Train Loss: 0.033021, Val Loss: 0.018816  
	Train = MSE:0.033019 , RMSE:0.181712 , MAE:0.139108 , MAPD:0.718199, R_squared:0.999428  
	Validation = MSE:0.018816 , RMSE:0.137170 , MAE:0.096060 , MAPD:0.515369, R_squared:0.999661

2024-03-21 05:15:01,592 Epoch 96/300, Train Loss: 0.032233, Val Loss: 0.022042  
	Train = MSE:0.032241 , RMSE:0.179558 , MAE:0.137680 , MAPD:0.711814, R_squared:0.999442  
	Validation = MSE:0.022042 , RMSE:0.148465 , MAE:0.109718 , MAPD:0.614270, R_squared:0.999603

2024-03-21 05:15:15,919 Epoch 97/300, Train Loss: 0.031796, Val Loss: 0.039120  
	Train = MSE:0.031803 , RMSE:0.178333 , MAE:0.135076 , MAPD:0.710118, R_squared:0.999449  
	Validation = MSE:0.039120 , RMSE:0.197789 , MAE:0.158805 , MAPD:0.917639, R_squared:0.999296

2024-03-21 05:15:30,813 Epoch 98/300, Train Loss: 0.041935, Val Loss: 0.023089  
	Train = MSE:0.041932 , RMSE:0.204773 , MAE:0.158454 , MAPD:0.816926, R_squared:0.999274  
	Validation = MSE:0.023089 , RMSE:0.151949 , MAE:0.116075 , MAPD:0.628210, R_squared:0.999585

2024-03-21 05:15:46,440 Epoch 99/300, Train Loss: 0.050938, Val Loss: 0.028239  
	Train = MSE:0.050944 , RMSE:0.225708 , MAE:0.170436 , MAPD:0.876602, R_squared:0.999118  
	Validation = MSE:0.028239 , RMSE:0.168044 , MAE:0.131402 , MAPD:0.769828, R_squared:0.999492

2024-03-21 05:16:01,525 Epoch 100/300, Train Loss: 0.032155, Val Loss: 0.048344  
	Train = MSE:0.032162 , RMSE:0.179338 , MAE:0.139333 , MAPD:0.717749, R_squared:0.999443  
	Validation = MSE:0.048344 , RMSE:0.219873 , MAE:0.190361 , MAPD:1.028121, R_squared:0.999130

2024-03-21 05:16:13,845 Epoch 101/300, Train Loss: 0.045433, Val Loss: 0.027348  
	Train = MSE:0.045427 , RMSE:0.213136 , MAE:0.167090 , MAPD:0.869241, R_squared:0.999214  
	Validation = MSE:0.027348 , RMSE:0.165374 , MAE:0.123352 , MAPD:0.645060, R_squared:0.999508

2024-03-21 05:16:29,604 Epoch 102/300, Train Loss: 0.039929, Val Loss: 0.038104  
	Train = MSE:0.039923 , RMSE:0.199808 , MAE:0.153351 , MAPD:0.801957, R_squared:0.999309  
	Validation = MSE:0.038104 , RMSE:0.195203 , MAE:0.151588 , MAPD:0.792535, R_squared:0.999314

2024-03-21 05:16:43,894 Epoch 103/300, Train Loss: 0.049273, Val Loss: 0.047733  
	Train = MSE:0.049284 , RMSE:0.222000 , MAE:0.167246 , MAPD:0.862307, R_squared:0.999147  
	Validation = MSE:0.047733 , RMSE:0.218479 , MAE:0.188274 , MAPD:1.077147, R_squared:0.999141

2024-03-21 05:16:58,118 Epoch 104/300, Train Loss: 0.023553, Val Loss: 0.023561  
	Train = MSE:0.023550 , RMSE:0.153461 , MAE:0.117313 , MAPD:0.609171, R_squared:0.999592  
	Validation = MSE:0.023561 , RMSE:0.153496 , MAE:0.110825 , MAPD:0.568411, R_squared:0.999576

2024-03-21 05:17:12,557 Epoch 105/300, Train Loss: 0.044859, Val Loss: 0.034663  
	Train = MSE:0.044871 , RMSE:0.211827 , MAE:0.165186 , MAPD:0.855055, R_squared:0.999223  
	Validation = MSE:0.034663 , RMSE:0.186181 , MAE:0.136540 , MAPD:0.672298, R_squared:0.999376

2024-03-21 05:17:26,410 Epoch 106/300, Train Loss: 0.080897, Val Loss: 0.054580  
	Train = MSE:0.080865 , RMSE:0.284368 , MAE:0.216404 , MAPD:1.120554, R_squared:0.998600  
	Validation = MSE:0.054580 , RMSE:0.233623 , MAE:0.195029 , MAPD:1.072398, R_squared:0.999018

2024-03-21 05:17:38,636 Epoch 107/300, Train Loss: 0.053031, Val Loss: 0.021147  
	Train = MSE:0.053031 , RMSE:0.230285 , MAE:0.173318 , MAPD:0.897109, R_squared:0.999082  
	Validation = MSE:0.021147 , RMSE:0.145418 , MAE:0.106897 , MAPD:0.599702, R_squared:0.999619

2024-03-21 05:17:56,068 Epoch 108/300, Train Loss: 0.032226, Val Loss: 0.026947  
	Train = MSE:0.032218 , RMSE:0.179494 , MAE:0.139716 , MAPD:0.718569, R_squared:0.999442  
	Validation = MSE:0.026947 , RMSE:0.164155 , MAE:0.133081 , MAPD:0.768761, R_squared:0.999515

2024-03-21 05:18:08,431 Epoch 109/300, Train Loss: 0.025827, Val Loss: 0.026145  
	Train = MSE:0.025803 , RMSE:0.160632 , MAE:0.123977 , MAPD:0.647010, R_squared:0.999553  
	Validation = MSE:0.026145 , RMSE:0.161696 , MAE:0.119008 , MAPD:0.604750, R_squared:0.999530

2024-03-21 05:18:20,389 Epoch 110/300, Train Loss: 0.046547, Val Loss: 0.081544  
	Train = MSE:0.046540 , RMSE:0.215731 , MAE:0.167195 , MAPD:0.860146, R_squared:0.999194  
	Validation = MSE:0.081544 , RMSE:0.285559 , MAE:0.238730 , MAPD:1.196368, R_squared:0.998533

2024-03-21 05:18:32,331 Epoch 111/300, Train Loss: 0.039899, Val Loss: 0.023813  
	Train = MSE:0.039903 , RMSE:0.199758 , MAE:0.153989 , MAPD:0.794154, R_squared:0.999309  
	Validation = MSE:0.023813 , RMSE:0.154314 , MAE:0.113259 , MAPD:0.583856, R_squared:0.999572

2024-03-21 05:18:47,819 Epoch 112/300, Train Loss: 0.033159, Val Loss: 0.021223  
	Train = MSE:0.033165 , RMSE:0.182111 , MAE:0.141356 , MAPD:0.728259, R_squared:0.999426  
	Validation = MSE:0.021223 , RMSE:0.145680 , MAE:0.109115 , MAPD:0.585491, R_squared:0.999618

2024-03-21 05:19:00,265 Epoch 113/300, Train Loss: 0.029166, Val Loss: 0.019275  
	Train = MSE:0.029170 , RMSE:0.170792 , MAE:0.129574 , MAPD:0.669723, R_squared:0.999495  
	Validation = MSE:0.019275 , RMSE:0.138834 , MAE:0.101838 , MAPD:0.543064, R_squared:0.999653

2024-03-21 05:19:12,392 Epoch 114/300, Train Loss: 0.047055, Val Loss: 0.025731  
	Train = MSE:0.047033 , RMSE:0.216870 , MAE:0.163084 , MAPD:0.849526, R_squared:0.999186  
	Validation = MSE:0.025731 , RMSE:0.160407 , MAE:0.124617 , MAPD:0.713372, R_squared:0.999537

2024-03-21 05:19:27,454 Epoch 115/300, Train Loss: 0.042414, Val Loss: 0.030332  
	Train = MSE:0.042424 , RMSE:0.205970 , MAE:0.157916 , MAPD:0.810640, R_squared:0.999266  
	Validation = MSE:0.030332 , RMSE:0.174161 , MAE:0.131552 , MAPD:0.679881, R_squared:0.999454

2024-03-21 05:19:39,774 Epoch 116/300, Train Loss: 0.031586, Val Loss: 0.018909  
	Train = MSE:0.031592 , RMSE:0.177741 , MAE:0.137176 , MAPD:0.710483, R_squared:0.999453  
	Validation = MSE:0.018909 , RMSE:0.137512 , MAE:0.097722 , MAPD:0.550364, R_squared:0.999660

2024-03-21 05:19:53,879 Epoch 117/300, Train Loss: 0.034076, Val Loss: 0.033712  
	Train = MSE:0.034080 , RMSE:0.184608 , MAE:0.137706 , MAPD:0.712049, R_squared:0.999410  
	Validation = MSE:0.033712 , RMSE:0.183608 , MAE:0.147795 , MAPD:0.792246, R_squared:0.999393

2024-03-21 05:20:07,533 Epoch 118/300, Train Loss: 0.037813, Val Loss: 0.028956  
	Train = MSE:0.037801 , RMSE:0.194425 , MAE:0.150817 , MAPD:0.780648, R_squared:0.999346  
	Validation = MSE:0.028956 , RMSE:0.170165 , MAE:0.130778 , MAPD:0.697445, R_squared:0.999479

2024-03-21 05:20:18,979 Epoch 119/300, Train Loss: 0.049171, Val Loss: 0.093587  
	Train = MSE:0.049107 , RMSE:0.221602 , MAE:0.168893 , MAPD:0.864928, R_squared:0.999150  
	Validation = MSE:0.093587 , RMSE:0.305919 , MAE:0.274292 , MAPD:1.547242, R_squared:0.998316

2024-03-21 05:20:30,743 Epoch 120/300, Train Loss: 0.031303, Val Loss: 0.060726  
	Train = MSE:0.031308 , RMSE:0.176940 , MAE:0.135669 , MAPD:0.705033, R_squared:0.999458  
	Validation = MSE:0.060726 , RMSE:0.246427 , MAE:0.200592 , MAPD:1.003760, R_squared:0.998907

2024-03-21 05:20:42,036 Epoch 121/300, Train Loss: 0.030800, Val Loss: 0.020036  
	Train = MSE:0.030802 , RMSE:0.175505 , MAE:0.135011 , MAPD:0.700355, R_squared:0.999467  
	Validation = MSE:0.020036 , RMSE:0.141550 , MAE:0.106007 , MAPD:0.576827, R_squared:0.999639

2024-03-21 05:20:58,421 Epoch 122/300, Train Loss: 0.033331, Val Loss: 0.036100  
	Train = MSE:0.033339 , RMSE:0.182589 , MAE:0.141636 , MAPD:0.735178, R_squared:0.999423  
	Validation = MSE:0.036100 , RMSE:0.190000 , MAE:0.151139 , MAPD:0.888941, R_squared:0.999350

2024-03-21 05:21:10,622 Epoch 123/300, Train Loss: 0.027881, Val Loss: 0.024704  
	Train = MSE:0.027887 , RMSE:0.166994 , MAE:0.129730 , MAPD:0.676621, R_squared:0.999517  
	Validation = MSE:0.024704 , RMSE:0.157176 , MAE:0.118711 , MAPD:0.645608, R_squared:0.999555

2024-03-21 05:21:22,860 Epoch 124/300, Train Loss: 0.034448, Val Loss: 0.025024  
	Train = MSE:0.034449 , RMSE:0.185605 , MAE:0.142511 , MAPD:0.734416, R_squared:0.999404  
	Validation = MSE:0.025024 , RMSE:0.158190 , MAE:0.114738 , MAPD:0.593140, R_squared:0.999550

2024-03-21 05:21:35,256 Epoch 125/300, Train Loss: 0.029080, Val Loss: 0.155629  
	Train = MSE:0.029042 , RMSE:0.170418 , MAE:0.130211 , MAPD:0.676211, R_squared:0.999497  
	Validation = MSE:0.155629 , RMSE:0.394499 , MAE:0.367320 , MAPD:1.937940, R_squared:0.997200

2024-03-21 05:21:47,084 Epoch 126/300, Train Loss: 0.037020, Val Loss: 0.023858  
	Train = MSE:0.037012 , RMSE:0.192385 , MAE:0.145185 , MAPD:0.756552, R_squared:0.999359  
	Validation = MSE:0.023858 , RMSE:0.154460 , MAE:0.115097 , MAPD:0.637892, R_squared:0.999571

2024-03-21 05:21:58,282 Epoch 127/300, Train Loss: 0.032535, Val Loss: 0.017979  
	Train = MSE:0.032539 , RMSE:0.180386 , MAE:0.138934 , MAPD:0.717231, R_squared:0.999437  
	Validation = MSE:0.017979 , RMSE:0.134086 , MAE:0.096285 , MAPD:0.519676, R_squared:0.999676

2024-03-21 05:22:09,446 Epoch 128/300, Train Loss: 0.056382, Val Loss: 0.031685  
	Train = MSE:0.056396 , RMSE:0.237477 , MAE:0.173745 , MAPD:0.898465, R_squared:0.999024  
	Validation = MSE:0.031685 , RMSE:0.178003 , MAE:0.128836 , MAPD:0.628076, R_squared:0.999430

2024-03-21 05:22:22,176 Epoch 129/300, Train Loss: 0.018230, Val Loss: 0.022401  
	Train = MSE:0.018231 , RMSE:0.135021 , MAE:0.102867 , MAPD:0.540053, R_squared:0.999684  
	Validation = MSE:0.022401 , RMSE:0.149670 , MAE:0.117386 , MAPD:0.640437, R_squared:0.999597

2024-03-21 05:22:34,996 Epoch 130/300, Train Loss: 0.040753, Val Loss: 0.033724  
	Train = MSE:0.040759 , RMSE:0.201889 , MAE:0.157026 , MAPD:0.811911, R_squared:0.999294  
	Validation = MSE:0.033724 , RMSE:0.183641 , MAE:0.142364 , MAPD:0.768027, R_squared:0.999393

2024-03-21 05:22:47,989 Epoch 131/300, Train Loss: 0.034115, Val Loss: 0.024417  
	Train = MSE:0.034088 , RMSE:0.184630 , MAE:0.141462 , MAPD:0.730422, R_squared:0.999410  
	Validation = MSE:0.024417 , RMSE:0.156258 , MAE:0.122428 , MAPD:0.722396, R_squared:0.999561

2024-03-21 05:23:03,331 Epoch 132/300, Train Loss: 0.024689, Val Loss: 0.024737  
	Train = MSE:0.024680 , RMSE:0.157097 , MAE:0.121520 , MAPD:0.630103, R_squared:0.999573  
	Validation = MSE:0.024737 , RMSE:0.157280 , MAE:0.122665 , MAPD:0.646775, R_squared:0.999555

2024-03-21 05:23:14,084 Epoch 133/300, Train Loss: 0.039648, Val Loss: 0.024565  
	Train = MSE:0.039647 , RMSE:0.199115 , MAE:0.155216 , MAPD:0.797291, R_squared:0.999314  
	Validation = MSE:0.024565 , RMSE:0.156731 , MAE:0.121372 , MAPD:0.648276, R_squared:0.999558

2024-03-21 05:23:25,624 Epoch 134/300, Train Loss: 0.036865, Val Loss: 0.137865  
	Train = MSE:0.036865 , RMSE:0.192003 , MAE:0.149099 , MAPD:0.777874, R_squared:0.999362  
	Validation = MSE:0.137865 , RMSE:0.371301 , MAE:0.344561 , MAPD:1.948189, R_squared:0.997519

2024-03-21 05:23:37,517 Epoch 135/300, Train Loss: 0.029943, Val Loss: 0.017161  
	Train = MSE:0.029944 , RMSE:0.173045 , MAE:0.132526 , MAPD:0.687247, R_squared:0.999482  
	Validation = MSE:0.017161 , RMSE:0.130998 , MAE:0.094264 , MAPD:0.509001, R_squared:0.999691

2024-03-21 05:23:47,311 Epoch 136/300, Train Loss: 0.033871, Val Loss: 0.025859  
	Train = MSE:0.033868 , RMSE:0.184033 , MAE:0.142247 , MAPD:0.736269, R_squared:0.999414  
	Validation = MSE:0.025859 , RMSE:0.160806 , MAE:0.121093 , MAPD:0.698381, R_squared:0.999535

2024-03-21 05:23:57,253 Epoch 137/300, Train Loss: 0.026410, Val Loss: 0.015751  
	Train = MSE:0.026411 , RMSE:0.162516 , MAE:0.126495 , MAPD:0.656310, R_squared:0.999543  
	Validation = MSE:0.015751 , RMSE:0.125502 , MAE:0.089455 , MAPD:0.473841, R_squared:0.999717

2024-03-21 05:24:08,494 Epoch 138/300, Train Loss: 0.030348, Val Loss: 0.021893  
	Train = MSE:0.030348 , RMSE:0.174205 , MAE:0.134388 , MAPD:0.694716, R_squared:0.999475  
	Validation = MSE:0.021893 , RMSE:0.147964 , MAE:0.108686 , MAPD:0.579097, R_squared:0.999606

2024-03-21 05:24:20,158 Epoch 139/300, Train Loss: 0.038159, Val Loss: 0.152998  
	Train = MSE:0.038136 , RMSE:0.195284 , MAE:0.149232 , MAPD:0.783725, R_squared:0.999340  
	Validation = MSE:0.152998 , RMSE:0.391149 , MAE:0.291664 , MAPD:1.284099, R_squared:0.997247

2024-03-21 05:24:30,814 Epoch 140/300, Train Loss: 0.033062, Val Loss: 0.016958  
	Train = MSE:0.033049 , RMSE:0.181795 , MAE:0.136705 , MAPD:0.697389, R_squared:0.999428  
	Validation = MSE:0.016958 , RMSE:0.130222 , MAE:0.096745 , MAPD:0.507410, R_squared:0.999695

2024-03-21 05:24:41,451 Epoch 141/300, Train Loss: 0.033947, Val Loss: 0.021668  
	Train = MSE:0.033952 , RMSE:0.184260 , MAE:0.140089 , MAPD:0.723496, R_squared:0.999412  
	Validation = MSE:0.021668 , RMSE:0.147201 , MAE:0.112196 , MAPD:0.643826, R_squared:0.999610

2024-03-21 05:24:55,218 Epoch 142/300, Train Loss: 0.028198, Val Loss: 0.015112  
	Train = MSE:0.028203 , RMSE:0.167938 , MAE:0.129962 , MAPD:0.668132, R_squared:0.999512  
	Validation = MSE:0.015112 , RMSE:0.122932 , MAE:0.087815 , MAPD:0.480459, R_squared:0.999728

2024-03-21 05:25:05,202 Epoch 143/300, Train Loss: 0.020610, Val Loss: 0.019779  
	Train = MSE:0.020612 , RMSE:0.143569 , MAE:0.109342 , MAPD:0.565449, R_squared:0.999643  
	Validation = MSE:0.019779 , RMSE:0.140638 , MAE:0.104517 , MAPD:0.577627, R_squared:0.999644

2024-03-21 05:25:17,882 Epoch 144/300, Train Loss: 0.048514, Val Loss: 0.035624  
	Train = MSE:0.048518 , RMSE:0.220267 , MAE:0.170680 , MAPD:0.877985, R_squared:0.999160  
	Validation = MSE:0.035624 , RMSE:0.188743 , MAE:0.145182 , MAPD:0.787343, R_squared:0.999359

2024-03-21 05:25:29,506 Epoch 145/300, Train Loss: 0.037781, Val Loss: 0.037582  
	Train = MSE:0.037790 , RMSE:0.194396 , MAE:0.153720 , MAPD:0.800245, R_squared:0.999346  
	Validation = MSE:0.037582 , RMSE:0.193860 , MAE:0.161499 , MAPD:0.943643, R_squared:0.999324

2024-03-21 05:25:39,129 Epoch 146/300, Train Loss: 0.035429, Val Loss: 0.047396  
	Train = MSE:0.035423 , RMSE:0.188209 , MAE:0.142520 , MAPD:0.738622, R_squared:0.999387  
	Validation = MSE:0.047396 , RMSE:0.217706 , MAE:0.187720 , MAPD:1.135647, R_squared:0.999147

2024-03-21 05:25:49,856 Epoch 147/300, Train Loss: 0.032001, Val Loss: 0.017653  
	Train = MSE:0.032007 , RMSE:0.178904 , MAE:0.140835 , MAPD:0.732222, R_squared:0.999446  
	Validation = MSE:0.017653 , RMSE:0.132866 , MAE:0.096012 , MAPD:0.514529, R_squared:0.999682

2024-03-21 05:26:01,260 Epoch 148/300, Train Loss: 0.034606, Val Loss: 0.026099  
	Train = MSE:0.034544 , RMSE:0.185859 , MAE:0.136977 , MAPD:0.700254, R_squared:0.999402  
	Validation = MSE:0.026099 , RMSE:0.161551 , MAE:0.131675 , MAPD:0.729173, R_squared:0.999530

2024-03-21 05:26:11,367 Epoch 149/300, Train Loss: 0.054228, Val Loss: 0.017461  
	Train = MSE:0.054242 , RMSE:0.232899 , MAE:0.175287 , MAPD:0.897111, R_squared:0.999061  
	Validation = MSE:0.017461 , RMSE:0.132142 , MAE:0.098927 , MAPD:0.519602, R_squared:0.999686

2024-03-21 05:26:22,997 Epoch 150/300, Train Loss: 0.021147, Val Loss: 0.041496  
	Train = MSE:0.021147 , RMSE:0.145421 , MAE:0.110887 , MAPD:0.570481, R_squared:0.999634  
	Validation = MSE:0.041496 , RMSE:0.203707 , MAE:0.167869 , MAPD:1.041961, R_squared:0.999253

2024-03-21 05:26:32,995 Epoch 151/300, Train Loss: 0.030332, Val Loss: 0.015428  
	Train = MSE:0.030336 , RMSE:0.174173 , MAE:0.129922 , MAPD:0.672693, R_squared:0.999475  
	Validation = MSE:0.015428 , RMSE:0.124210 , MAE:0.090303 , MAPD:0.492671, R_squared:0.999722

2024-03-21 05:26:47,740 Epoch 152/300, Train Loss: 0.024181, Val Loss: 0.019012  
	Train = MSE:0.024185 , RMSE:0.155515 , MAE:0.119036 , MAPD:0.620372, R_squared:0.999581  
	Validation = MSE:0.019012 , RMSE:0.137884 , MAE:0.105450 , MAPD:0.563222, R_squared:0.999658

2024-03-21 05:26:59,167 Epoch 153/300, Train Loss: 0.029450, Val Loss: 0.022050  
	Train = MSE:0.029448 , RMSE:0.171606 , MAE:0.128623 , MAPD:0.662935, R_squared:0.999490  
	Validation = MSE:0.022050 , RMSE:0.148491 , MAE:0.112184 , MAPD:0.628034, R_squared:0.999603

2024-03-21 05:27:10,033 Epoch 154/300, Train Loss: 0.045648, Val Loss: 0.041068  
	Train = MSE:0.045632 , RMSE:0.213617 , MAE:0.159682 , MAPD:0.826863, R_squared:0.999210  
	Validation = MSE:0.041068 , RMSE:0.202651 , MAE:0.164841 , MAPD:0.978308, R_squared:0.999261

2024-03-21 05:27:21,753 Epoch 155/300, Train Loss: 0.035257, Val Loss: 0.151844  
	Train = MSE:0.035258 , RMSE:0.187772 , MAE:0.146375 , MAPD:0.759077, R_squared:0.999390  
	Validation = MSE:0.151844 , RMSE:0.389672 , MAE:0.367175 , MAPD:1.992913, R_squared:0.997268

2024-03-21 05:27:31,876 Epoch 156/300, Train Loss: 0.031367, Val Loss: 0.033995  
	Train = MSE:0.031372 , RMSE:0.177122 , MAE:0.136532 , MAPD:0.710574, R_squared:0.999457  
	Validation = MSE:0.033995 , RMSE:0.184378 , MAE:0.146127 , MAPD:0.779204, R_squared:0.999388

2024-03-21 05:27:42,504 Epoch 157/300, Train Loss: 0.024621, Val Loss: 0.017178  
	Train = MSE:0.024614 , RMSE:0.156889 , MAE:0.121287 , MAPD:0.627033, R_squared:0.999574  
	Validation = MSE:0.017178 , RMSE:0.131064 , MAE:0.094313 , MAPD:0.507399, R_squared:0.999691

2024-03-21 05:27:52,711 Epoch 158/300, Train Loss: 0.031601, Val Loss: 0.035191  
	Train = MSE:0.031603 , RMSE:0.177772 , MAE:0.141416 , MAPD:0.735094, R_squared:0.999453  
	Validation = MSE:0.035191 , RMSE:0.187594 , MAE:0.153636 , MAPD:0.788312, R_squared:0.999367

2024-03-21 05:28:03,388 Epoch 159/300, Train Loss: 0.039412, Val Loss: 0.023299  
	Train = MSE:0.039422 , RMSE:0.198549 , MAE:0.156461 , MAPD:0.799244, R_squared:0.999318  
	Validation = MSE:0.023299 , RMSE:0.152639 , MAE:0.119631 , MAPD:0.640045, R_squared:0.999581

2024-03-21 05:28:15,336 Epoch 160/300, Train Loss: 0.024035, Val Loss: 0.015171  
	Train = MSE:0.024032 , RMSE:0.155024 , MAE:0.119152 , MAPD:0.617789, R_squared:0.999584  
	Validation = MSE:0.015171 , RMSE:0.123169 , MAE:0.087278 , MAPD:0.471871, R_squared:0.999727

2024-03-21 05:28:26,241 Epoch 161/300, Train Loss: 0.029107, Val Loss: 0.024426  
	Train = MSE:0.029110 , RMSE:0.170616 , MAE:0.131917 , MAPD:0.686814, R_squared:0.999496  
	Validation = MSE:0.024426 , RMSE:0.156288 , MAE:0.116931 , MAPD:0.601627, R_squared:0.999560

2024-03-21 05:28:40,947 Epoch 162/300, Train Loss: 0.042592, Val Loss: 0.285548  
	Train = MSE:0.042535 , RMSE:0.206240 , MAE:0.148871 , MAPD:0.768690, R_squared:0.999264  
	Validation = MSE:0.285548 , RMSE:0.534367 , MAE:0.511793 , MAPD:2.856748, R_squared:0.994862

2024-03-21 05:28:52,385 Epoch 163/300, Train Loss: 0.052189, Val Loss: 0.016821  
	Train = MSE:0.052201 , RMSE:0.228474 , MAE:0.164812 , MAPD:0.857494, R_squared:0.999096  
	Validation = MSE:0.016821 , RMSE:0.129694 , MAE:0.093104 , MAPD:0.500063, R_squared:0.999697

2024-03-21 05:29:03,690 Epoch 164/300, Train Loss: 0.019280, Val Loss: 0.038335  
	Train = MSE:0.019280 , RMSE:0.138851 , MAE:0.106007 , MAPD:0.550133, R_squared:0.999666  
	Validation = MSE:0.038335 , RMSE:0.195794 , MAE:0.162879 , MAPD:0.855384, R_squared:0.999310

2024-03-21 05:29:15,152 Epoch 165/300, Train Loss: 0.020244, Val Loss: 0.017734  
	Train = MSE:0.020246 , RMSE:0.142289 , MAE:0.108765 , MAPD:0.559802, R_squared:0.999650  
	Validation = MSE:0.017734 , RMSE:0.133170 , MAE:0.095479 , MAPD:0.510246, R_squared:0.999681

2024-03-21 05:29:26,134 Epoch 166/300, Train Loss: 0.019435, Val Loss: 0.023425  
	Train = MSE:0.019437 , RMSE:0.139417 , MAE:0.105273 , MAPD:0.543200, R_squared:0.999664  
	Validation = MSE:0.023425 , RMSE:0.153053 , MAE:0.116700 , MAPD:0.618145, R_squared:0.999578

2024-03-21 05:29:36,611 Epoch 167/300, Train Loss: 0.032918, Val Loss: 0.017126  
	Train = MSE:0.032922 , RMSE:0.181445 , MAE:0.141978 , MAPD:0.729762, R_squared:0.999430  
	Validation = MSE:0.017126 , RMSE:0.130866 , MAE:0.092165 , MAPD:0.489527, R_squared:0.999692

2024-03-21 05:29:49,312 Epoch 168/300, Train Loss: 0.021547, Val Loss: 0.029931  
	Train = MSE:0.021540 , RMSE:0.146766 , MAE:0.111012 , MAPD:0.572787, R_squared:0.999627  
	Validation = MSE:0.029931 , RMSE:0.173006 , MAE:0.128345 , MAPD:0.654713, R_squared:0.999461

2024-03-21 05:30:03,270 Epoch 169/300, Train Loss: 0.020431, Val Loss: 0.024868  
	Train = MSE:0.020431 , RMSE:0.142939 , MAE:0.110188 , MAPD:0.573704, R_squared:0.999646  
	Validation = MSE:0.024868 , RMSE:0.157697 , MAE:0.112477 , MAPD:0.548333, R_squared:0.999553

2024-03-21 05:30:16,530 Epoch 170/300, Train Loss: 0.029077, Val Loss: 0.048488  
	Train = MSE:0.029073 , RMSE:0.170508 , MAE:0.133747 , MAPD:0.690332, R_squared:0.999497  
	Validation = MSE:0.048488 , RMSE:0.220199 , MAE:0.183749 , MAPD:0.960017, R_squared:0.999128

2024-03-21 05:30:28,845 Epoch 171/300, Train Loss: 0.029754, Val Loss: 0.023925  
	Train = MSE:0.029754 , RMSE:0.172492 , MAE:0.135415 , MAPD:0.695440, R_squared:0.999485  
	Validation = MSE:0.023925 , RMSE:0.154676 , MAE:0.112281 , MAPD:0.568034, R_squared:0.999569

2024-03-21 05:30:46,609 Epoch 172/300, Train Loss: 0.048825, Val Loss: 0.022947  
	Train = MSE:0.048805 , RMSE:0.220918 , MAE:0.170896 , MAPD:0.876408, R_squared:0.999155  
	Validation = MSE:0.022947 , RMSE:0.151482 , MAE:0.117999 , MAPD:0.637617, R_squared:0.999587

2024-03-21 05:30:58,254 Epoch 173/300, Train Loss: 0.020590, Val Loss: 0.016686  
	Train = MSE:0.020593 , RMSE:0.143502 , MAE:0.109405 , MAPD:0.568101, R_squared:0.999644  
	Validation = MSE:0.016686 , RMSE:0.129173 , MAE:0.092027 , MAPD:0.489345, R_squared:0.999700

2024-03-21 05:31:11,997 Epoch 174/300, Train Loss: 0.026408, Val Loss: 0.019708  
	Train = MSE:0.026413 , RMSE:0.162521 , MAE:0.124918 , MAPD:0.641876, R_squared:0.999543  
	Validation = MSE:0.019708 , RMSE:0.140386 , MAE:0.108950 , MAPD:0.624387, R_squared:0.999645

2024-03-21 05:31:26,740 Epoch 175/300, Train Loss: 0.025877, Val Loss: 0.017051  
	Train = MSE:0.025877 , RMSE:0.160862 , MAE:0.123114 , MAPD:0.637637, R_squared:0.999552  
	Validation = MSE:0.017051 , RMSE:0.130581 , MAE:0.092800 , MAPD:0.519928, R_squared:0.999693

2024-03-21 05:31:40,509 Epoch 176/300, Train Loss: 0.026703, Val Loss: 0.030299  
	Train = MSE:0.026687 , RMSE:0.163363 , MAE:0.124291 , MAPD:0.643418, R_squared:0.999538  
	Validation = MSE:0.030299 , RMSE:0.174066 , MAE:0.143157 , MAPD:0.792173, R_squared:0.999455

2024-03-21 05:31:53,770 Epoch 177/300, Train Loss: 0.031345, Val Loss: 0.021449  
	Train = MSE:0.031348 , RMSE:0.177053 , MAE:0.134316 , MAPD:0.691723, R_squared:0.999457  
	Validation = MSE:0.021449 , RMSE:0.146454 , MAE:0.111320 , MAPD:0.656427, R_squared:0.999614

2024-03-21 05:32:05,386 Epoch 178/300, Train Loss: 0.028985, Val Loss: 0.017081  
	Train = MSE:0.028990 , RMSE:0.170265 , MAE:0.126963 , MAPD:0.656649, R_squared:0.999498  
	Validation = MSE:0.017081 , RMSE:0.130695 , MAE:0.094091 , MAPD:0.493500, R_squared:0.999693

2024-03-21 05:32:18,787 Epoch 179/300, Train Loss: 0.020119, Val Loss: 0.019974  
	Train = MSE:0.020121 , RMSE:0.141849 , MAE:0.107539 , MAPD:0.558526, R_squared:0.999652  
	Validation = MSE:0.019974 , RMSE:0.141328 , MAE:0.107488 , MAPD:0.562254, R_squared:0.999641

2024-03-21 05:32:34,228 Epoch 180/300, Train Loss: 0.032895, Val Loss: 0.017260  
	Train = MSE:0.032899 , RMSE:0.181380 , MAE:0.138180 , MAPD:0.713333, R_squared:0.999431  
	Validation = MSE:0.017260 , RMSE:0.131378 , MAE:0.097704 , MAPD:0.526442, R_squared:0.999689

2024-03-21 05:32:45,595 Epoch 181/300, Train Loss: 0.024097, Val Loss: 0.017905  
	Train = MSE:0.024097 , RMSE:0.155234 , MAE:0.122184 , MAPD:0.632733, R_squared:0.999583  
	Validation = MSE:0.017905 , RMSE:0.133809 , MAE:0.097184 , MAPD:0.514427, R_squared:0.999678

2024-03-21 05:32:59,484 Epoch 182/300, Train Loss: 0.048760, Val Loss: 0.021694  
	Train = MSE:0.048769 , RMSE:0.220836 , MAE:0.164234 , MAPD:0.843371, R_squared:0.999156  
	Validation = MSE:0.021694 , RMSE:0.147289 , MAE:0.106728 , MAPD:0.546537, R_squared:0.999610

2024-03-21 05:33:10,135 Epoch 183/300, Train Loss: 0.016454, Val Loss: 0.016243  
	Train = MSE:0.016456 , RMSE:0.128280 , MAE:0.098325 , MAPD:0.511243, R_squared:0.999715  
	Validation = MSE:0.016243 , RMSE:0.127447 , MAE:0.095263 , MAPD:0.520668, R_squared:0.999708

2024-03-21 05:33:22,778 Epoch 184/300, Train Loss: 0.026321, Val Loss: 0.027596  
	Train = MSE:0.026327 , RMSE:0.162255 , MAE:0.125880 , MAPD:0.652736, R_squared:0.999544  
	Validation = MSE:0.027596 , RMSE:0.166121 , MAE:0.137448 , MAPD:0.768606, R_squared:0.999503

2024-03-21 05:33:33,799 Epoch 185/300, Train Loss: 0.040312, Val Loss: 0.014426  
	Train = MSE:0.040322 , RMSE:0.200803 , MAE:0.155362 , MAPD:0.804623, R_squared:0.999302  
	Validation = MSE:0.014426 , RMSE:0.120108 , MAE:0.085482 , MAPD:0.466281, R_squared:0.999740

2024-03-21 05:33:44,186 Epoch 186/300, Train Loss: 0.027210, Val Loss: 0.015814  
	Train = MSE:0.027212 , RMSE:0.164959 , MAE:0.127294 , MAPD:0.659559, R_squared:0.999529  
	Validation = MSE:0.015814 , RMSE:0.125754 , MAE:0.089060 , MAPD:0.487204, R_squared:0.999715

2024-03-21 05:33:55,204 Epoch 187/300, Train Loss: 0.027162, Val Loss: 0.015833  
	Train = MSE:0.027168 , RMSE:0.164827 , MAE:0.124398 , MAPD:0.636903, R_squared:0.999530  
	Validation = MSE:0.015833 , RMSE:0.125829 , MAE:0.092623 , MAPD:0.495973, R_squared:0.999715

2024-03-21 05:34:06,603 Epoch 188/300, Train Loss: 0.027819, Val Loss: 0.027690  
	Train = MSE:0.027823 , RMSE:0.166804 , MAE:0.128870 , MAPD:0.668730, R_squared:0.999518  
	Validation = MSE:0.027690 , RMSE:0.166404 , MAE:0.120347 , MAPD:0.588261, R_squared:0.999502

2024-03-21 05:34:19,510 Epoch 189/300, Train Loss: 0.013696, Val Loss: 0.018115  
	Train = MSE:0.013696 , RMSE:0.117032 , MAE:0.088769 , MAPD:0.459210, R_squared:0.999763  
	Validation = MSE:0.018115 , RMSE:0.134590 , MAE:0.098533 , MAPD:0.531626, R_squared:0.999674

2024-03-21 05:34:31,500 Epoch 190/300, Train Loss: 0.022254, Val Loss: 0.031643  
	Train = MSE:0.022249 , RMSE:0.149162 , MAE:0.115143 , MAPD:0.593009, R_squared:0.999615  
	Validation = MSE:0.031643 , RMSE:0.177884 , MAE:0.141153 , MAPD:0.758091, R_squared:0.999431

2024-03-21 05:34:41,884 Epoch 191/300, Train Loss: 0.021379, Val Loss: 0.044746  
	Train = MSE:0.021382 , RMSE:0.146226 , MAE:0.110627 , MAPD:0.566644, R_squared:0.999630  
	Validation = MSE:0.044746 , RMSE:0.211532 , MAE:0.172741 , MAPD:0.892900, R_squared:0.999195

2024-03-21 05:34:58,074 Epoch 192/300, Train Loss: 0.023435, Val Loss: 0.039280  
	Train = MSE:0.023433 , RMSE:0.153078 , MAE:0.117004 , MAPD:0.601652, R_squared:0.999594  
	Validation = MSE:0.039280 , RMSE:0.198191 , MAE:0.169288 , MAPD:0.934103, R_squared:0.999293

2024-03-21 05:35:08,957 Epoch 193/300, Train Loss: 0.028786, Val Loss: 0.020347  
	Train = MSE:0.028787 , RMSE:0.169666 , MAE:0.132667 , MAPD:0.685727, R_squared:0.999502  
	Validation = MSE:0.020347 , RMSE:0.142643 , MAE:0.106682 , MAPD:0.552768, R_squared:0.999634

2024-03-21 05:35:20,093 Epoch 194/300, Train Loss: 0.022872, Val Loss: 0.016280  
	Train = MSE:0.022876 , RMSE:0.151249 , MAE:0.115998 , MAPD:0.602584, R_squared:0.999604  
	Validation = MSE:0.016280 , RMSE:0.127593 , MAE:0.090380 , MAPD:0.478089, R_squared:0.999707

2024-03-21 05:35:33,462 Epoch 195/300, Train Loss: 0.021820, Val Loss: 0.024939  
	Train = MSE:0.021824 , RMSE:0.147730 , MAE:0.111366 , MAPD:0.574485, R_squared:0.999622  
	Validation = MSE:0.024939 , RMSE:0.157921 , MAE:0.120588 , MAPD:0.623287, R_squared:0.999551

2024-03-21 05:35:44,233 Epoch 196/300, Train Loss: 0.024391, Val Loss: 0.045184  
	Train = MSE:0.024389 , RMSE:0.156169 , MAE:0.119777 , MAPD:0.620911, R_squared:0.999578  
	Validation = MSE:0.045184 , RMSE:0.212565 , MAE:0.178107 , MAPD:1.096664, R_squared:0.999187

2024-03-21 05:35:55,348 Epoch 197/300, Train Loss: 0.032434, Val Loss: 0.020661  
	Train = MSE:0.032435 , RMSE:0.180098 , MAE:0.140213 , MAPD:0.718438, R_squared:0.999439  
	Validation = MSE:0.020661 , RMSE:0.143738 , MAE:0.105593 , MAPD:0.552930, R_squared:0.999628

2024-03-21 05:36:06,267 Epoch 198/300, Train Loss: 0.023704, Val Loss: 0.058699  
	Train = MSE:0.023703 , RMSE:0.153958 , MAE:0.117862 , MAPD:0.605925, R_squared:0.999590  
	Validation = MSE:0.058699 , RMSE:0.242278 , MAE:0.210253 , MAPD:1.256420, R_squared:0.998944

2024-03-21 05:36:17,987 Epoch 199/300, Train Loss: 0.030429, Val Loss: 0.024129  
	Train = MSE:0.030431 , RMSE:0.174446 , MAE:0.134839 , MAPD:0.695808, R_squared:0.999473  
	Validation = MSE:0.024129 , RMSE:0.155334 , MAE:0.116298 , MAPD:0.621914, R_squared:0.999566

2024-03-21 05:36:28,571 Epoch 200/300, Train Loss: 0.029328, Val Loss: 0.040073  
	Train = MSE:0.029333 , RMSE:0.171268 , MAE:0.131065 , MAPD:0.674440, R_squared:0.999492  
	Validation = MSE:0.040073 , RMSE:0.200183 , MAE:0.168734 , MAPD:0.913525, R_squared:0.999279

2024-03-21 05:36:39,737 Epoch 201/300, Train Loss: 0.021673, Val Loss: 0.027028  
	Train = MSE:0.021674 , RMSE:0.147222 , MAE:0.112581 , MAPD:0.584284, R_squared:0.999625  
	Validation = MSE:0.027028 , RMSE:0.164402 , MAE:0.127031 , MAPD:0.733462, R_squared:0.999514

2024-03-21 05:36:53,828 Epoch 202/300, Train Loss: 0.021318, Val Loss: 0.023092  
	Train = MSE:0.021316 , RMSE:0.146001 , MAE:0.109693 , MAPD:0.570133, R_squared:0.999631  
	Validation = MSE:0.023092 , RMSE:0.151960 , MAE:0.114946 , MAPD:0.607381, R_squared:0.999584

2024-03-21 05:37:07,046 Epoch 203/300, Train Loss: 0.034687, Val Loss: 0.041734  
	Train = MSE:0.034686 , RMSE:0.186241 , MAE:0.141303 , MAPD:0.724764, R_squared:0.999400  
	Validation = MSE:0.041734 , RMSE:0.204290 , MAE:0.163345 , MAPD:0.855377, R_squared:0.999249

2024-03-21 05:37:18,985 Epoch 204/300, Train Loss: 0.019622, Val Loss: 0.014742  
	Train = MSE:0.019620 , RMSE:0.140071 , MAE:0.107836 , MAPD:0.553843, R_squared:0.999660  
	Validation = MSE:0.014742 , RMSE:0.121417 , MAE:0.086935 , MAPD:0.477416, R_squared:0.999735

2024-03-21 05:37:30,053 Epoch 205/300, Train Loss: 0.026358, Val Loss: 0.045432  
	Train = MSE:0.026361 , RMSE:0.162361 , MAE:0.127130 , MAPD:0.664264, R_squared:0.999544  
	Validation = MSE:0.045432 , RMSE:0.213147 , MAE:0.178777 , MAPD:0.952846, R_squared:0.999182

2024-03-21 05:37:41,180 Epoch 206/300, Train Loss: 0.035277, Val Loss: 0.039981  
	Train = MSE:0.035267 , RMSE:0.187796 , MAE:0.141615 , MAPD:0.734919, R_squared:0.999390  
	Validation = MSE:0.039981 , RMSE:0.199953 , MAE:0.172187 , MAPD:0.927206, R_squared:0.999281

2024-03-21 05:37:52,229 Epoch 207/300, Train Loss: 0.017651, Val Loss: 0.027821  
	Train = MSE:0.017643 , RMSE:0.132827 , MAE:0.100356 , MAPD:0.515537, R_squared:0.999695  
	Validation = MSE:0.027821 , RMSE:0.166796 , MAE:0.123916 , MAPD:0.616386, R_squared:0.999499

2024-03-21 05:38:03,605 Epoch 208/300, Train Loss: 0.025836, Val Loss: 0.014386  
	Train = MSE:0.025835 , RMSE:0.160732 , MAE:0.123448 , MAPD:0.636230, R_squared:0.999553  
	Validation = MSE:0.014386 , RMSE:0.119942 , MAE:0.085207 , MAPD:0.462151, R_squared:0.999741

2024-03-21 05:38:15,679 Epoch 209/300, Train Loss: 0.026538, Val Loss: 0.013912  
	Train = MSE:0.026545 , RMSE:0.162927 , MAE:0.122908 , MAPD:0.633840, R_squared:0.999540  
	Validation = MSE:0.013912 , RMSE:0.117950 , MAE:0.083913 , MAPD:0.454223, R_squared:0.999750

2024-03-21 05:38:26,751 Epoch 210/300, Train Loss: 0.018644, Val Loss: 0.016186  
	Train = MSE:0.018641 , RMSE:0.136533 , MAE:0.103958 , MAPD:0.539072, R_squared:0.999677  
	Validation = MSE:0.016186 , RMSE:0.127224 , MAE:0.088344 , MAPD:0.472978, R_squared:0.999709

2024-03-21 05:38:38,277 Epoch 211/300, Train Loss: 0.020644, Val Loss: 0.031579  
	Train = MSE:0.020648 , RMSE:0.143693 , MAE:0.110554 , MAPD:0.570831, R_squared:0.999643  
	Validation = MSE:0.031579 , RMSE:0.177706 , MAE:0.140937 , MAPD:0.723855, R_squared:0.999432

2024-03-21 05:38:56,457 Epoch 212/300, Train Loss: 0.021494, Val Loss: 0.033161  
	Train = MSE:0.021497 , RMSE:0.146618 , MAE:0.112068 , MAPD:0.579434, R_squared:0.999628  
	Validation = MSE:0.033161 , RMSE:0.182101 , MAE:0.148320 , MAPD:0.739509, R_squared:0.999403

2024-03-21 05:39:08,136 Epoch 213/300, Train Loss: 0.028190, Val Loss: 0.028833  
	Train = MSE:0.028196 , RMSE:0.167917 , MAE:0.127620 , MAPD:0.659053, R_squared:0.999512  
	Validation = MSE:0.028833 , RMSE:0.169803 , MAE:0.121968 , MAPD:0.617776, R_squared:0.999481

2024-03-21 05:39:19,999 Epoch 214/300, Train Loss: 0.025275, Val Loss: 0.015698  
	Train = MSE:0.025278 , RMSE:0.158991 , MAE:0.122487 , MAPD:0.634772, R_squared:0.999562  
	Validation = MSE:0.015698 , RMSE:0.125290 , MAE:0.087694 , MAPD:0.463031, R_squared:0.999718

2024-03-21 05:39:33,776 Epoch 215/300, Train Loss: 0.017011, Val Loss: 0.026195  
	Train = MSE:0.017014 , RMSE:0.130439 , MAE:0.100595 , MAPD:0.520797, R_squared:0.999705  
	Validation = MSE:0.026195 , RMSE:0.161848 , MAE:0.120887 , MAPD:0.611985, R_squared:0.999529

2024-03-21 05:39:47,535 Epoch 216/300, Train Loss: 0.031360, Val Loss: 0.037724  
	Train = MSE:0.031354 , RMSE:0.177070 , MAE:0.135678 , MAPD:0.699714, R_squared:0.999457  
	Validation = MSE:0.037724 , RMSE:0.194228 , MAE:0.156964 , MAPD:0.837301, R_squared:0.999321

2024-03-21 05:39:58,241 Epoch 217/300, Train Loss: 0.018520, Val Loss: 0.015781  
	Train = MSE:0.018515 , RMSE:0.136069 , MAE:0.103464 , MAPD:0.537946, R_squared:0.999680  
	Validation = MSE:0.015781 , RMSE:0.125622 , MAE:0.088364 , MAPD:0.451052, R_squared:0.999716

2024-03-21 05:40:07,722 Epoch 218/300, Train Loss: 0.020772, Val Loss: 0.024413  
	Train = MSE:0.020760 , RMSE:0.144082 , MAE:0.110997 , MAPD:0.575539, R_squared:0.999641  
	Validation = MSE:0.024413 , RMSE:0.156246 , MAE:0.117648 , MAPD:0.602815, R_squared:0.999561

2024-03-21 05:40:19,418 Epoch 219/300, Train Loss: 0.026773, Val Loss: 0.036566  
	Train = MSE:0.026780 , RMSE:0.163645 , MAE:0.123096 , MAPD:0.637687, R_squared:0.999536  
	Validation = MSE:0.036566 , RMSE:0.191224 , MAE:0.157326 , MAPD:0.787082, R_squared:0.999342

2024-03-21 05:40:28,059 Epoch 220/300, Train Loss: 0.025591, Val Loss: 0.013883  
	Train = MSE:0.025594 , RMSE:0.159983 , MAE:0.120490 , MAPD:0.618599, R_squared:0.999557  
	Validation = MSE:0.013883 , RMSE:0.117824 , MAE:0.083366 , MAPD:0.462360, R_squared:0.999750

2024-03-21 05:40:39,278 Epoch 221/300, Train Loss: 0.020601, Val Loss: 0.027507  
	Train = MSE:0.020594 , RMSE:0.143505 , MAE:0.108973 , MAPD:0.556515, R_squared:0.999644  
	Validation = MSE:0.027507 , RMSE:0.165852 , MAE:0.129790 , MAPD:0.733373, R_squared:0.999505

2024-03-21 05:40:51,508 Epoch 222/300, Train Loss: 0.023917, Val Loss: 0.050301  
	Train = MSE:0.023917 , RMSE:0.154653 , MAE:0.119440 , MAPD:0.611959, R_squared:0.999586  
	Validation = MSE:0.050301 , RMSE:0.224278 , MAE:0.174393 , MAPD:0.853172, R_squared:0.999095

2024-03-21 05:41:01,750 Epoch 223/300, Train Loss: 0.026757, Val Loss: 0.037022  
	Train = MSE:0.026764 , RMSE:0.163597 , MAE:0.123948 , MAPD:0.644238, R_squared:0.999537  
	Validation = MSE:0.037022 , RMSE:0.192411 , MAE:0.166672 , MAPD:0.950247, R_squared:0.999334

2024-03-21 05:41:10,373 Epoch 224/300, Train Loss: 0.017487, Val Loss: 0.035701  
	Train = MSE:0.017470 , RMSE:0.132175 , MAE:0.101765 , MAPD:0.530829, R_squared:0.999698  
	Validation = MSE:0.035701 , RMSE:0.188946 , MAE:0.146171 , MAPD:0.735671, R_squared:0.999358

2024-03-21 05:41:19,231 Epoch 225/300, Train Loss: 0.026589, Val Loss: 0.016115  
	Train = MSE:0.026591 , RMSE:0.163069 , MAE:0.127293 , MAPD:0.657398, R_squared:0.999540  
	Validation = MSE:0.016115 , RMSE:0.126945 , MAE:0.092271 , MAPD:0.492621, R_squared:0.999710

2024-03-21 05:41:28,355 Epoch 226/300, Train Loss: 0.017111, Val Loss: 0.013186  
	Train = MSE:0.017110 , RMSE:0.130804 , MAE:0.099329 , MAPD:0.514526, R_squared:0.999704  
	Validation = MSE:0.013186 , RMSE:0.114831 , MAE:0.082189 , MAPD:0.448205, R_squared:0.999763

2024-03-21 05:41:36,701 Epoch 227/300, Train Loss: 0.029154, Val Loss: 0.031793  
	Train = MSE:0.029160 , RMSE:0.170763 , MAE:0.130958 , MAPD:0.675666, R_squared:0.999495  
	Validation = MSE:0.031793 , RMSE:0.178307 , MAE:0.141394 , MAPD:0.702300, R_squared:0.999428

2024-03-21 05:41:45,840 Epoch 228/300, Train Loss: 0.017684, Val Loss: 0.033313  
	Train = MSE:0.017684 , RMSE:0.132980 , MAE:0.101367 , MAPD:0.523457, R_squared:0.999694  
	Validation = MSE:0.033313 , RMSE:0.182520 , MAE:0.157564 , MAPD:0.834198, R_squared:0.999401

2024-03-21 05:41:54,864 Epoch 229/300, Train Loss: 0.024682, Val Loss: 0.030518  
	Train = MSE:0.024687 , RMSE:0.157120 , MAE:0.120355 , MAPD:0.620043, R_squared:0.999573  
	Validation = MSE:0.030518 , RMSE:0.174693 , MAE:0.129011 , MAPD:0.631005, R_squared:0.999451

2024-03-21 05:42:03,093 Epoch 230/300, Train Loss: 0.023772, Val Loss: 0.021838  
	Train = MSE:0.023776 , RMSE:0.154194 , MAE:0.119023 , MAPD:0.612840, R_squared:0.999588  
	Validation = MSE:0.021838 , RMSE:0.147777 , MAE:0.116452 , MAPD:0.600128, R_squared:0.999607

2024-03-21 05:42:11,875 Epoch 231/300, Train Loss: 0.019499, Val Loss: 0.026558  
	Train = MSE:0.019497 , RMSE:0.139633 , MAE:0.105879 , MAPD:0.536575, R_squared:0.999662  
	Validation = MSE:0.026558 , RMSE:0.162966 , MAE:0.133224 , MAPD:0.787916, R_squared:0.999522

2024-03-21 05:42:23,902 Epoch 232/300, Train Loss: 0.036798, Val Loss: 0.032316  
	Train = MSE:0.036803 , RMSE:0.191842 , MAE:0.151207 , MAPD:0.778931, R_squared:0.999363  
	Validation = MSE:0.032316 , RMSE:0.179766 , MAE:0.133244 , MAPD:0.646713, R_squared:0.999419

2024-03-21 05:42:33,178 Epoch 233/300, Train Loss: 0.020822, Val Loss: 0.023332  
	Train = MSE:0.020824 , RMSE:0.144307 , MAE:0.111989 , MAPD:0.580353, R_squared:0.999640  
	Validation = MSE:0.023332 , RMSE:0.152749 , MAE:0.122164 , MAPD:0.656673, R_squared:0.999580

2024-03-21 05:42:41,469 Epoch 234/300, Train Loss: 0.020944, Val Loss: 0.017344  
	Train = MSE:0.020946 , RMSE:0.144726 , MAE:0.112338 , MAPD:0.582493, R_squared:0.999637  
	Validation = MSE:0.017344 , RMSE:0.131697 , MAE:0.102647 , MAPD:0.580756, R_squared:0.999688

2024-03-21 05:42:50,749 Epoch 235/300, Train Loss: 0.016840, Val Loss: 0.050296  
	Train = MSE:0.016840 , RMSE:0.129770 , MAE:0.099497 , MAPD:0.520832, R_squared:0.999708  
	Validation = MSE:0.050296 , RMSE:0.224268 , MAE:0.176998 , MAPD:0.848331, R_squared:0.999095

2024-03-21 05:42:59,827 Epoch 236/300, Train Loss: 0.017286, Val Loss: 0.013148  
	Train = MSE:0.017283 , RMSE:0.131464 , MAE:0.100470 , MAPD:0.517656, R_squared:0.999701  
	Validation = MSE:0.013148 , RMSE:0.114666 , MAE:0.083307 , MAPD:0.459986, R_squared:0.999763

2024-03-21 05:43:08,275 Epoch 237/300, Train Loss: 0.016084, Val Loss: 0.037016  
	Train = MSE:0.016088 , RMSE:0.126838 , MAE:0.097313 , MAPD:0.503732, R_squared:0.999722  
	Validation = MSE:0.037016 , RMSE:0.192395 , MAE:0.168269 , MAPD:0.944488, R_squared:0.999334

2024-03-21 05:43:17,093 Epoch 238/300, Train Loss: 0.024755, Val Loss: 0.013705  
	Train = MSE:0.024757 , RMSE:0.157344 , MAE:0.118811 , MAPD:0.612069, R_squared:0.999571  
	Validation = MSE:0.013705 , RMSE:0.117070 , MAE:0.082677 , MAPD:0.441696, R_squared:0.999753

2024-03-21 05:43:26,401 Epoch 239/300, Train Loss: 0.020959, Val Loss: 0.048791  
	Train = MSE:0.020961 , RMSE:0.144780 , MAE:0.110903 , MAPD:0.567311, R_squared:0.999637  
	Validation = MSE:0.048791 , RMSE:0.220887 , MAE:0.194346 , MAPD:1.084547, R_squared:0.999122

2024-03-21 05:43:34,645 Epoch 240/300, Train Loss: 0.037547, Val Loss: 0.016256  
	Train = MSE:0.037555 , RMSE:0.193791 , MAE:0.144248 , MAPD:0.733536, R_squared:0.999350  
	Validation = MSE:0.016256 , RMSE:0.127500 , MAE:0.092355 , MAPD:0.494307, R_squared:0.999707

2024-03-21 05:43:45,110 Epoch 241/300, Train Loss: 0.025155, Val Loss: 0.025489  
	Train = MSE:0.025135 , RMSE:0.158542 , MAE:0.120364 , MAPD:0.617641, R_squared:0.999565  
	Validation = MSE:0.025489 , RMSE:0.159652 , MAE:0.124786 , MAPD:0.664494, R_squared:0.999541

2024-03-21 05:43:55,580 Epoch 242/300, Train Loss: 0.032470, Val Loss: 0.022230  
	Train = MSE:0.032474 , RMSE:0.180207 , MAE:0.138382 , MAPD:0.706391, R_squared:0.999438  
	Validation = MSE:0.022230 , RMSE:0.149096 , MAE:0.108366 , MAPD:0.534727, R_squared:0.999600

2024-03-21 05:44:05,352 Epoch 243/300, Train Loss: 0.013133, Val Loss: 0.020468  
	Train = MSE:0.013132 , RMSE:0.114594 , MAE:0.085976 , MAPD:0.446255, R_squared:0.999773  
	Validation = MSE:0.020468 , RMSE:0.143068 , MAE:0.104537 , MAPD:0.520270, R_squared:0.999632

2024-03-21 05:44:15,364 Epoch 244/300, Train Loss: 0.014637, Val Loss: 0.021326  
	Train = MSE:0.014634 , RMSE:0.120970 , MAE:0.092165 , MAPD:0.476662, R_squared:0.999747  
	Validation = MSE:0.021326 , RMSE:0.146036 , MAE:0.116311 , MAPD:0.644548, R_squared:0.999616

2024-03-21 05:44:23,734 Epoch 245/300, Train Loss: 0.021279, Val Loss: 0.014524  
	Train = MSE:0.021281 , RMSE:0.145880 , MAE:0.113774 , MAPD:0.587118, R_squared:0.999632  
	Validation = MSE:0.014524 , RMSE:0.120514 , MAE:0.089550 , MAPD:0.468817, R_squared:0.999739

2024-03-21 05:44:32,492 Epoch 246/300, Train Loss: 0.027466, Val Loss: 0.024066  
	Train = MSE:0.027471 , RMSE:0.165743 , MAE:0.127996 , MAPD:0.660326, R_squared:0.999524  
	Validation = MSE:0.024066 , RMSE:0.155131 , MAE:0.131093 , MAPD:0.727564, R_squared:0.999567

2024-03-21 05:44:41,950 Epoch 247/300, Train Loss: 0.019214, Val Loss: 0.014985  
	Train = MSE:0.019218 , RMSE:0.138629 , MAE:0.102361 , MAPD:0.524614, R_squared:0.999667  
	Validation = MSE:0.014985 , RMSE:0.122414 , MAE:0.087189 , MAPD:0.489660, R_squared:0.999730

2024-03-21 05:44:52,567 Epoch 248/300, Train Loss: 0.022136, Val Loss: 0.012965  
	Train = MSE:0.022140 , RMSE:0.148795 , MAE:0.114478 , MAPD:0.589188, R_squared:0.999617  
	Validation = MSE:0.012965 , RMSE:0.113866 , MAE:0.082266 , MAPD:0.455939, R_squared:0.999767

2024-03-21 05:45:02,067 Epoch 249/300, Train Loss: 0.024781, Val Loss: 0.034122  
	Train = MSE:0.024778 , RMSE:0.157411 , MAE:0.123538 , MAPD:0.639092, R_squared:0.999571  
	Validation = MSE:0.034122 , RMSE:0.184722 , MAE:0.146288 , MAPD:0.762614, R_squared:0.999386

2024-03-21 05:45:10,377 Epoch 250/300, Train Loss: 0.020167, Val Loss: 0.012190  
	Train = MSE:0.020166 , RMSE:0.142009 , MAE:0.109515 , MAPD:0.560774, R_squared:0.999651  
	Validation = MSE:0.012190 , RMSE:0.110407 , MAE:0.077483 , MAPD:0.420199, R_squared:0.999781

2024-03-21 05:45:19,284 Epoch 251/300, Train Loss: 0.024777, Val Loss: 0.022891  
	Train = MSE:0.024770 , RMSE:0.157384 , MAE:0.121205 , MAPD:0.627375, R_squared:0.999571  
	Validation = MSE:0.022891 , RMSE:0.151299 , MAE:0.118964 , MAPD:0.655608, R_squared:0.999588

2024-03-21 05:45:32,843 Epoch 252/300, Train Loss: 0.025101, Val Loss: 0.024518  
	Train = MSE:0.025107 , RMSE:0.158452 , MAE:0.120816 , MAPD:0.623224, R_squared:0.999565  
	Validation = MSE:0.024518 , RMSE:0.156582 , MAE:0.131931 , MAPD:0.749592, R_squared:0.999559

2024-03-21 05:45:42,557 Epoch 253/300, Train Loss: 0.020741, Val Loss: 0.015861  
	Train = MSE:0.020722 , RMSE:0.143953 , MAE:0.111535 , MAPD:0.578952, R_squared:0.999641  
	Validation = MSE:0.015861 , RMSE:0.125940 , MAE:0.096627 , MAPD:0.532640, R_squared:0.999715

2024-03-21 05:45:51,928 Epoch 254/300, Train Loss: 0.023174, Val Loss: 0.023669  
	Train = MSE:0.023158 , RMSE:0.152176 , MAE:0.114738 , MAPD:0.594010, R_squared:0.999599  
	Validation = MSE:0.023669 , RMSE:0.153849 , MAE:0.120998 , MAPD:0.652073, R_squared:0.999574

2024-03-21 05:46:01,306 Epoch 255/300, Train Loss: 0.030774, Val Loss: 0.020030  
	Train = MSE:0.030782 , RMSE:0.175447 , MAE:0.133913 , MAPD:0.688923, R_squared:0.999467  
	Validation = MSE:0.020030 , RMSE:0.141529 , MAE:0.100376 , MAPD:0.503477, R_squared:0.999640

2024-03-21 05:46:10,442 Epoch 256/300, Train Loss: 0.016857, Val Loss: 0.017110  
	Train = MSE:0.016860 , RMSE:0.129844 , MAE:0.100412 , MAPD:0.521936, R_squared:0.999708  
	Validation = MSE:0.017110 , RMSE:0.130806 , MAE:0.095437 , MAPD:0.504837, R_squared:0.999692

2024-03-21 05:46:19,495 Epoch 257/300, Train Loss: 0.020306, Val Loss: 0.014956  
	Train = MSE:0.020305 , RMSE:0.142497 , MAE:0.108481 , MAPD:0.556421, R_squared:0.999649  
	Validation = MSE:0.014956 , RMSE:0.122295 , MAE:0.092714 , MAPD:0.546139, R_squared:0.999731

2024-03-21 05:46:27,863 Epoch 258/300, Train Loss: 0.025807, Val Loss: 0.014500  
	Train = MSE:0.025804 , RMSE:0.160637 , MAE:0.125685 , MAPD:0.646534, R_squared:0.999553  
	Validation = MSE:0.014500 , RMSE:0.120415 , MAE:0.085138 , MAPD:0.472552, R_squared:0.999739

2024-03-21 05:46:37,529 Epoch 259/300, Train Loss: 0.018462, Val Loss: 0.019283  
	Train = MSE:0.018460 , RMSE:0.135869 , MAE:0.103959 , MAPD:0.537226, R_squared:0.999680  
	Validation = MSE:0.019283 , RMSE:0.138864 , MAE:0.108549 , MAPD:0.581629, R_squared:0.999653

2024-03-21 05:46:45,917 Epoch 260/300, Train Loss: 0.018007, Val Loss: 0.011551  
	Train = MSE:0.018009 , RMSE:0.134199 , MAE:0.102902 , MAPD:0.529822, R_squared:0.999688  
	Validation = MSE:0.011551 , RMSE:0.107476 , MAE:0.075967 , MAPD:0.408743, R_squared:0.999792

2024-03-21 05:46:55,172 Epoch 261/300, Train Loss: 0.023211, Val Loss: 0.026498  
	Train = MSE:0.023214 , RMSE:0.152362 , MAE:0.116667 , MAPD:0.597613, R_squared:0.999598  
	Validation = MSE:0.026498 , RMSE:0.162781 , MAE:0.134254 , MAPD:0.722932, R_squared:0.999523

2024-03-21 05:47:06,683 Epoch 262/300, Train Loss: 0.025025, Val Loss: 0.017079  
	Train = MSE:0.025021 , RMSE:0.158179 , MAE:0.123971 , MAPD:0.636894, R_squared:0.999567  
	Validation = MSE:0.017079 , RMSE:0.130688 , MAE:0.093759 , MAPD:0.470451, R_squared:0.999693

2024-03-21 05:47:16,096 Epoch 263/300, Train Loss: 0.036868, Val Loss: 0.018252  
	Train = MSE:0.036877 , RMSE:0.192033 , MAE:0.139176 , MAPD:0.718820, R_squared:0.999362  
	Validation = MSE:0.018252 , RMSE:0.135100 , MAE:0.105060 , MAPD:0.570226, R_squared:0.999672

2024-03-21 05:47:24,993 Epoch 264/300, Train Loss: 0.023762, Val Loss: 0.017450  
	Train = MSE:0.023760 , RMSE:0.154144 , MAE:0.118543 , MAPD:0.615551, R_squared:0.999589  
	Validation = MSE:0.017450 , RMSE:0.132099 , MAE:0.099055 , MAPD:0.544922, R_squared:0.999686

2024-03-21 05:47:34,613 Epoch 265/300, Train Loss: 0.018593, Val Loss: 0.013005  
	Train = MSE:0.018597 , RMSE:0.136370 , MAE:0.105183 , MAPD:0.541495, R_squared:0.999678  
	Validation = MSE:0.013005 , RMSE:0.114040 , MAE:0.081974 , MAPD:0.437388, R_squared:0.999766

2024-03-21 05:47:44,313 Epoch 266/300, Train Loss: 0.016954, Val Loss: 0.016149  
	Train = MSE:0.016952 , RMSE:0.130198 , MAE:0.100301 , MAPD:0.518285, R_squared:0.999707  
	Validation = MSE:0.016149 , RMSE:0.127078 , MAE:0.094511 , MAPD:0.484983, R_squared:0.999709

2024-03-21 05:47:53,391 Epoch 267/300, Train Loss: 0.025946, Val Loss: 0.023158  
	Train = MSE:0.025945 , RMSE:0.161073 , MAE:0.121875 , MAPD:0.629109, R_squared:0.999551  
	Validation = MSE:0.023158 , RMSE:0.152178 , MAE:0.121397 , MAPD:0.671847, R_squared:0.999583

2024-03-21 05:48:01,701 Epoch 268/300, Train Loss: 0.015972, Val Loss: 0.017001  
	Train = MSE:0.015971 , RMSE:0.126376 , MAE:0.096965 , MAPD:0.503384, R_squared:0.999724  
	Validation = MSE:0.017001 , RMSE:0.130387 , MAE:0.096280 , MAPD:0.506689, R_squared:0.999694

2024-03-21 05:48:12,948 Epoch 269/300, Train Loss: 0.020777, Val Loss: 0.012107  
	Train = MSE:0.020780 , RMSE:0.144153 , MAE:0.107421 , MAPD:0.553379, R_squared:0.999640  
	Validation = MSE:0.012107 , RMSE:0.110032 , MAE:0.079916 , MAPD:0.444563, R_squared:0.999782

2024-03-21 05:48:22,062 Epoch 270/300, Train Loss: 0.015928, Val Loss: 0.014076  
	Train = MSE:0.015921 , RMSE:0.126178 , MAE:0.095470 , MAPD:0.487732, R_squared:0.999724  
	Validation = MSE:0.014076 , RMSE:0.118644 , MAE:0.086873 , MAPD:0.499249, R_squared:0.999747

2024-03-21 05:48:30,489 Epoch 271/300, Train Loss: 0.018704, Val Loss: 0.014870  
	Train = MSE:0.018707 , RMSE:0.136775 , MAE:0.104860 , MAPD:0.539384, R_squared:0.999676  
	Validation = MSE:0.014870 , RMSE:0.121942 , MAE:0.089801 , MAPD:0.487121, R_squared:0.999732

2024-03-21 05:48:44,480 Epoch 272/300, Train Loss: 0.019807, Val Loss: 0.014210  
	Train = MSE:0.019808 , RMSE:0.140743 , MAE:0.107493 , MAPD:0.560498, R_squared:0.999657  
	Validation = MSE:0.014210 , RMSE:0.119205 , MAE:0.088724 , MAPD:0.480715, R_squared:0.999744

2024-03-21 05:48:53,641 Epoch 273/300, Train Loss: 0.022302, Val Loss: 0.021835  
	Train = MSE:0.022300 , RMSE:0.149333 , MAE:0.114645 , MAPD:0.592140, R_squared:0.999614  
	Validation = MSE:0.021835 , RMSE:0.147767 , MAE:0.111125 , MAPD:0.565797, R_squared:0.999607

2024-03-21 05:49:02,109 Epoch 274/300, Train Loss: 0.024712, Val Loss: 0.016225  
	Train = MSE:0.024711 , RMSE:0.157197 , MAE:0.119984 , MAPD:0.627062, R_squared:0.999572  
	Validation = MSE:0.016225 , RMSE:0.127377 , MAE:0.094409 , MAPD:0.518398, R_squared:0.999708

2024-03-21 05:49:11,583 Epoch 275/300, Train Loss: 0.016113, Val Loss: 0.017132  
	Train = MSE:0.016104 , RMSE:0.126902 , MAE:0.097007 , MAPD:0.506585, R_squared:0.999721  
	Validation = MSE:0.017132 , RMSE:0.130890 , MAE:0.095400 , MAPD:0.509213, R_squared:0.999692

2024-03-21 05:49:20,706 Epoch 276/300, Train Loss: 0.019223, Val Loss: 0.013167  
	Train = MSE:0.019225 , RMSE:0.138654 , MAE:0.106331 , MAPD:0.544994, R_squared:0.999667  
	Validation = MSE:0.013167 , RMSE:0.114748 , MAE:0.081112 , MAPD:0.432414, R_squared:0.999763

2024-03-21 05:49:29,950 Epoch 277/300, Train Loss: 0.022237, Val Loss: 0.026664  
	Train = MSE:0.022223 , RMSE:0.149073 , MAE:0.112045 , MAPD:0.577434, R_squared:0.999615  
	Validation = MSE:0.026664 , RMSE:0.163292 , MAE:0.128590 , MAPD:0.791260, R_squared:0.999520

2024-03-21 05:49:38,732 Epoch 278/300, Train Loss: 0.016623, Val Loss: 0.020336  
	Train = MSE:0.016618 , RMSE:0.128909 , MAE:0.098994 , MAPD:0.517193, R_squared:0.999712  
	Validation = MSE:0.020336 , RMSE:0.142605 , MAE:0.109162 , MAPD:0.573643, R_squared:0.999634

2024-03-21 05:49:47,684 Epoch 279/300, Train Loss: 0.019103, Val Loss: 0.040406  
	Train = MSE:0.019104 , RMSE:0.138216 , MAE:0.105490 , MAPD:0.543162, R_squared:0.999669  
	Validation = MSE:0.040406 , RMSE:0.201012 , MAE:0.173954 , MAPD:1.058376, R_squared:0.999273

2024-03-21 05:49:57,308 Epoch 280/300, Train Loss: 0.017046, Val Loss: 0.017530  
	Train = MSE:0.017048 , RMSE:0.130568 , MAE:0.099100 , MAPD:0.508132, R_squared:0.999705  
	Validation = MSE:0.017530 , RMSE:0.132399 , MAE:0.094722 , MAPD:0.485451, R_squared:0.999685

2024-03-21 05:50:06,517 Epoch 281/300, Train Loss: 0.021288, Val Loss: 0.051230  
	Train = MSE:0.021287 , RMSE:0.145901 , MAE:0.111553 , MAPD:0.572480, R_squared:0.999632  
	Validation = MSE:0.051230 , RMSE:0.226339 , MAE:0.190494 , MAPD:0.959293, R_squared:0.999078

2024-03-21 05:50:18,877 Epoch 282/300, Train Loss: 0.025378, Val Loss: 0.014269  
	Train = MSE:0.025375 , RMSE:0.159297 , MAE:0.122425 , MAPD:0.626574, R_squared:0.999561  
	Validation = MSE:0.014269 , RMSE:0.119452 , MAE:0.089579 , MAPD:0.480357, R_squared:0.999743

2024-03-21 05:50:28,821 Epoch 283/300, Train Loss: 0.019253, Val Loss: 0.017505  
	Train = MSE:0.019249 , RMSE:0.138740 , MAE:0.106875 , MAPD:0.547215, R_squared:0.999667  
	Validation = MSE:0.017505 , RMSE:0.132305 , MAE:0.095694 , MAPD:0.495165, R_squared:0.999685

2024-03-21 05:50:37,228 Epoch 284/300, Train Loss: 0.020487, Val Loss: 0.012156  
	Train = MSE:0.020485 , RMSE:0.143127 , MAE:0.111722 , MAPD:0.577852, R_squared:0.999645  
	Validation = MSE:0.012156 , RMSE:0.110252 , MAE:0.077844 , MAPD:0.420937, R_squared:0.999781

2024-03-21 05:50:47,021 Epoch 285/300, Train Loss: 0.019020, Val Loss: 0.011339  
	Train = MSE:0.019022 , RMSE:0.137920 , MAE:0.105064 , MAPD:0.539830, R_squared:0.999671  
	Validation = MSE:0.011339 , RMSE:0.106487 , MAE:0.076396 , MAPD:0.405843, R_squared:0.999796

2024-03-21 05:50:56,039 Epoch 286/300, Train Loss: 0.016169, Val Loss: 0.015223  
	Train = MSE:0.016156 , RMSE:0.127106 , MAE:0.096382 , MAPD:0.495735, R_squared:0.999720  
	Validation = MSE:0.015223 , RMSE:0.123380 , MAE:0.088316 , MAPD:0.491496, R_squared:0.999726

2024-03-21 05:51:05,269 Epoch 287/300, Train Loss: 0.019564, Val Loss: 0.021282  
	Train = MSE:0.019555 , RMSE:0.139840 , MAE:0.105327 , MAPD:0.543638, R_squared:0.999661  
	Validation = MSE:0.021283 , RMSE:0.145885 , MAE:0.111702 , MAPD:0.596368, R_squared:0.999617

2024-03-21 05:51:13,732 Epoch 288/300, Train Loss: 0.020810, Val Loss: 0.011477  
	Train = MSE:0.020812 , RMSE:0.144265 , MAE:0.108270 , MAPD:0.558927, R_squared:0.999640  
	Validation = MSE:0.011477 , RMSE:0.107128 , MAE:0.075587 , MAPD:0.405017, R_squared:0.999793

2024-03-21 05:51:23,802 Epoch 289/300, Train Loss: 0.029232, Val Loss: 0.014872  
	Train = MSE:0.029237 , RMSE:0.170987 , MAE:0.130841 , MAPD:0.675234, R_squared:0.999494  
	Validation = MSE:0.014872 , RMSE:0.121951 , MAE:0.091577 , MAPD:0.482645, R_squared:0.999732

2024-03-21 05:51:32,668 Epoch 290/300, Train Loss: 0.015978, Val Loss: 0.032146  
	Train = MSE:0.015979 , RMSE:0.126407 , MAE:0.097401 , MAPD:0.500943, R_squared:0.999723  
	Validation = MSE:0.032146 , RMSE:0.179294 , MAE:0.150939 , MAPD:0.832411, R_squared:0.999422

2024-03-21 05:51:41,292 Epoch 291/300, Train Loss: 0.018998, Val Loss: 0.014594  
	Train = MSE:0.019001 , RMSE:0.137845 , MAE:0.106620 , MAPD:0.549492, R_squared:0.999671  
	Validation = MSE:0.014594 , RMSE:0.120807 , MAE:0.087884 , MAPD:0.485307, R_squared:0.999737

2024-03-21 05:51:56,407 Epoch 292/300, Train Loss: 0.017511, Val Loss: 0.013787  
	Train = MSE:0.017512 , RMSE:0.132333 , MAE:0.102711 , MAPD:0.534463, R_squared:0.999697  
	Validation = MSE:0.013787 , RMSE:0.117418 , MAE:0.090864 , MAPD:0.501013, R_squared:0.999752

2024-03-21 05:52:04,914 Epoch 293/300, Train Loss: 0.014798, Val Loss: 0.051218  
	Train = MSE:0.014800 , RMSE:0.121656 , MAE:0.094389 , MAPD:0.486334, R_squared:0.999744  
	Validation = MSE:0.051218 , RMSE:0.226315 , MAE:0.202966 , MAPD:1.049201, R_squared:0.999078

2024-03-21 05:52:14,852 Epoch 294/300, Train Loss: 0.016198, Val Loss: 0.029897  
	Train = MSE:0.016201 , RMSE:0.127283 , MAE:0.098277 , MAPD:0.510802, R_squared:0.999720  
	Validation = MSE:0.029897 , RMSE:0.172906 , MAE:0.137024 , MAPD:0.697763, R_squared:0.999462

2024-03-21 05:52:24,646 Epoch 295/300, Train Loss: 0.016661, Val Loss: 0.021058  
	Train = MSE:0.016660 , RMSE:0.129074 , MAE:0.098929 , MAPD:0.509884, R_squared:0.999712  
	Validation = MSE:0.021058 , RMSE:0.145114 , MAE:0.116242 , MAPD:0.603631, R_squared:0.999621

2024-03-21 05:52:33,149 Epoch 296/300, Train Loss: 0.018392, Val Loss: 0.015161  
	Train = MSE:0.018394 , RMSE:0.135625 , MAE:0.103588 , MAPD:0.534068, R_squared:0.999682  
	Validation = MSE:0.015161 , RMSE:0.123129 , MAE:0.089692 , MAPD:0.463086, R_squared:0.999727

2024-03-21 05:52:42,481 Epoch 297/300, Train Loss: 0.013777, Val Loss: 0.017028  
	Train = MSE:0.013780 , RMSE:0.117387 , MAE:0.089444 , MAPD:0.460444, R_squared:0.999761  
	Validation = MSE:0.017028 , RMSE:0.130492 , MAE:0.097292 , MAPD:0.485560, R_squared:0.999694

2024-03-21 05:52:51,698 Epoch 298/300, Train Loss: 0.023442, Val Loss: 0.093154  
	Train = MSE:0.023420 , RMSE:0.153035 , MAE:0.114505 , MAPD:0.589049, R_squared:0.999595  
	Validation = MSE:0.093154 , RMSE:0.305211 , MAE:0.264449 , MAPD:1.344681, R_squared:0.998324

2024-03-21 05:53:01,302 Epoch 299/300, Train Loss: 0.025674, Val Loss: 0.013559  
	Train = MSE:0.025676 , RMSE:0.160239 , MAE:0.115044 , MAPD:0.594683, R_squared:0.999556  
	Validation = MSE:0.013559 , RMSE:0.116442 , MAE:0.086251 , MAPD:0.474942, R_squared:0.999756

2024-03-21 05:53:10,527 Epoch 300/300, Train Loss: 0.022023, Val Loss: 0.019398  
	Train = MSE:0.022024 , RMSE:0.148404 , MAE:0.113441 , MAPD:0.579408, R_squared:0.999619  
	Validation = MSE:0.019398 , RMSE:0.139277 , MAE:0.100671 , MAPD:0.515333, R_squared:0.999651

2024-03-21 05:53:10,531 Time for training the model: 4019.972002
2024-03-21 05:53:14,355 MSE for train: 0.015033
2024-03-21 05:53:14,356 RMSE for train: 0.122608
2024-03-21 05:53:14,356 MAE for train: 0.091107
2024-03-21 05:53:14,356 MAPD for train: 0.445819
2024-03-21 05:53:14,356 R^2 Score for train: 0.999740
2024-03-21 05:53:14,360 Inference time for train dataset: 2.795001

2024-03-21 05:53:14,725 MSE for val: 0.019398
2024-03-21 05:53:14,726 RMSE for val: 0.139277
2024-03-21 05:53:14,726 MAE for val: 0.100671
2024-03-21 05:53:14,726 MAPD for val: 0.515333
2024-03-21 05:53:14,726 R^2 Score for val: 0.999651
2024-03-21 05:53:14,731 Inference time for val dataset: 0.365000

2024-03-21 05:53:15,098 MSE for test: 0.018714
2024-03-21 05:53:15,098 RMSE for test: 0.136798
2024-03-21 05:53:15,098 MAE for test: 0.101839
2024-03-21 05:53:15,098 MAPD for test: 0.499687
2024-03-21 05:53:15,098 R^2 Score for test: 0.999691
2024-03-21 05:53:15,103 Inference time for test dataset: 0.367001

2024-03-21 05:53:17,867 Train label average: , [20.62097221]
2024-03-21 05:53:17,868 Test label average: , [21.41736175]
2024-03-21 05:53:17,868 validation label average: , [20.14607025]
2024-03-21 05:53:17,868 predicted (on validation dataset) values average: , 21.3550439453125
