2024-03-21 05:53:28,373 train batches in dataset: 25
2024-03-21 05:53:28,373 val batches in dataset: 4
2024-03-21 05:53:28,373 test batches in dataset: 4
2024-03-21 05:53:28,385 Trainable parameter: net_core.0.weight - size: torch.Size([256, 35])
2024-03-21 05:53:28,387 Trainable parameter: net_core.0.bias - size: torch.Size([256])
2024-03-21 05:53:28,392 Trainable parameter: net_core.1.weight - size: torch.Size([128, 256])
2024-03-21 05:53:28,398 Trainable parameter: net_core.1.bias - size: torch.Size([128])
2024-03-21 05:53:28,403 Trainable parameter: net_core.2.weight - size: torch.Size([64, 128])
2024-03-21 05:53:28,408 Trainable parameter: net_core.2.bias - size: torch.Size([64])
2024-03-21 05:53:28,411 Trainable parameter: net_core.3.weight - size: torch.Size([16, 64])
2024-03-21 05:53:28,412 Trainable parameter: net_core.3.bias - size: torch.Size([16])
2024-03-21 05:53:28,412 Trainable parameter: net_core.4.weight - size: torch.Size([1, 16])
2024-03-21 05:53:28,412 Trainable parameter: net_core.4.bias - size: torch.Size([1])
2024-03-21 05:53:28,413 Number of trainable parameters: 51425
2024-03-21 05:53:28,413 Number of non-trainable parameters: 0
2024-03-21 05:53:31,265 Epoch 1/300, Train Loss: 391.661804, Val Loss: 301.438309  
	Train = MSE:391.684357 , RMSE:19.791018 , MAE:18.243032 , MAPD:87.042189, R_squared:-5.780122  
	Validation = MSE:289.907349 , RMSE:17.026667 , MAE:15.336212 , MAPD:73.024318, R_squared:-4.216605

2024-03-21 05:53:33,849 Epoch 2/300, Train Loss: 214.528952, Val Loss: 108.215368  
	Train = MSE:214.552490 , RMSE:14.647611 , MAE:12.461216 , MAPD:55.441235, R_squared:-2.713940  
	Validation = MSE:100.706894 , RMSE:10.035282 , MAE:7.514429 , MAPD:31.237710, R_squared:-0.812124

2024-03-21 05:53:35,090 Epoch 3/300, Train Loss: 59.376304, Val Loss: 49.416387  
	Train = MSE:59.378105 , RMSE:7.705719 , MAE:6.039081 , MAPD:29.830803, R_squared:-0.027845  
	Validation = MSE:46.897549 , RMSE:6.848178 , MAE:6.075152 , MAPD:36.767608, R_squared:0.156124

2024-03-21 05:53:36,326 Epoch 4/300, Train Loss: 41.020562, Val Loss: 38.406517  
	Train = MSE:41.021755 , RMSE:6.404823 , MAE:5.428915 , MAPD:30.541155, R_squared:0.289906  
	Validation = MSE:35.649250 , RMSE:5.970699 , MAE:4.986465 , MAPD:27.921225, R_squared:0.358526

2024-03-21 05:53:37,562 Epoch 5/300, Train Loss: 33.176058, Val Loss: 30.939326  
	Train = MSE:33.177685 , RMSE:5.760007 , MAE:4.852655 , MAPD:27.042184, R_squared:0.425689  
	Validation = MSE:29.118349 , RMSE:5.396142 , MAE:4.628861 , MAPD:26.825634, R_squared:0.476043

2024-03-21 05:53:38,756 Epoch 6/300, Train Loss: 25.932892, Val Loss: 22.903705  
	Train = MSE:25.934174 , RMSE:5.092561 , MAE:4.320604 , MAPD:24.524142, R_squared:0.551075  
	Validation = MSE:21.758316 , RMSE:4.664581 , MAE:3.995408 , MAPD:23.362192, R_squared:0.608480

2024-03-21 05:53:39,974 Epoch 7/300, Train Loss: 18.431245, Val Loss: 15.040823  
	Train = MSE:18.432472 , RMSE:4.293305 , MAE:3.629885 , MAPD:20.947128, R_squared:0.680931  
	Validation = MSE:14.490371 , RMSE:3.806622 , MAE:3.239236 , MAPD:19.300664, R_squared:0.739260

2024-03-21 05:53:41,207 Epoch 8/300, Train Loss: 11.566198, Val Loss: 8.505885  
	Train = MSE:11.567609 , RMSE:3.401119 , MAE:2.825991 , MAPD:16.778667, R_squared:0.799763  
	Validation = MSE:8.349657 , RMSE:2.889577 , MAE:2.396996 , MAPD:14.684853, R_squared:0.849756

2024-03-21 05:53:42,426 Epoch 9/300, Train Loss: 6.341534, Val Loss: 4.536055  
	Train = MSE:6.342014 , RMSE:2.518336 , MAE:2.026810 , MAPD:12.431390, R_squared:0.890219  
	Validation = MSE:4.506698 , RMSE:2.122899 , MAE:1.683144 , MAPD:10.606597, R_squared:0.918906

2024-03-21 05:53:43,655 Epoch 10/300, Train Loss: 3.626246, Val Loss: 2.962458  
	Train = MSE:3.626374 , RMSE:1.904304 , MAE:1.498248 , MAPD:9.230414, R_squared:0.937227  
	Validation = MSE:2.900458 , RMSE:1.703073 , MAE:1.334114 , MAPD:8.165562, R_squared:0.947809

2024-03-21 05:53:44,889 Epoch 11/300, Train Loss: 2.554497, Val Loss: 2.175723  
	Train = MSE:2.554631 , RMSE:1.598321 , MAE:1.265721 , MAPD:7.608162, R_squared:0.955779  
	Validation = MSE:2.137723 , RMSE:1.462096 , MAE:1.140430 , MAPD:6.981600, R_squared:0.961534

2024-03-21 05:53:47,304 Epoch 12/300, Train Loss: 1.987486, Val Loss: 1.746360  
	Train = MSE:1.987579 , RMSE:1.409815 , MAE:1.122137 , MAPD:6.596829, R_squared:0.965595  
	Validation = MSE:1.717169 , RMSE:1.310408 , MAE:1.024664 , MAPD:6.140357, R_squared:0.969101

2024-03-21 05:53:48,508 Epoch 13/300, Train Loss: 1.642601, Val Loss: 1.440904  
	Train = MSE:1.642570 , RMSE:1.281628 , MAE:1.024065 , MAPD:5.915410, R_squared:0.971567  
	Validation = MSE:1.417991 , RMSE:1.190794 , MAE:0.936964 , MAPD:5.502079, R_squared:0.974485

2024-03-21 05:53:49,786 Epoch 14/300, Train Loss: 1.386409, Val Loss: 1.195147  
	Train = MSE:1.386395 , RMSE:1.177453 , MAE:0.935462 , MAPD:5.347122, R_squared:0.976001  
	Validation = MSE:1.181772 , RMSE:1.087093 , MAE:0.858925 , MAPD:4.964252, R_squared:0.978735

2024-03-21 05:53:51,027 Epoch 15/300, Train Loss: 1.153071, Val Loss: 1.010143  
	Train = MSE:1.153121 , RMSE:1.073835 , MAE:0.859536 , MAPD:4.833410, R_squared:0.980039  
	Validation = MSE:0.989432 , RMSE:0.994702 , MAE:0.778526 , MAPD:4.536556, R_squared:0.982196

2024-03-21 05:53:52,334 Epoch 16/300, Train Loss: 0.963101, Val Loss: 0.830448  
	Train = MSE:0.963124 , RMSE:0.981389 , MAE:0.781046 , MAPD:4.394671, R_squared:0.983328  
	Validation = MSE:0.842790 , RMSE:0.918036 , MAE:0.732093 , MAPD:4.066771, R_squared:0.984835

2024-03-21 05:53:53,882 Epoch 17/300, Train Loss: 0.787420, Val Loss: 0.640731  
	Train = MSE:0.787414 , RMSE:0.887364 , MAE:0.706140 , MAPD:3.895827, R_squared:0.986370  
	Validation = MSE:0.640920 , RMSE:0.800575 , MAE:0.632773 , MAPD:3.614371, R_squared:0.988467

2024-03-21 05:53:55,096 Epoch 18/300, Train Loss: 0.633269, Val Loss: 0.539548  
	Train = MSE:0.633305 , RMSE:0.795804 , MAE:0.629294 , MAPD:3.449596, R_squared:0.989037  
	Validation = MSE:0.529975 , RMSE:0.727994 , MAE:0.571331 , MAPD:3.176217, R_squared:0.990464

2024-03-21 05:53:56,314 Epoch 19/300, Train Loss: 0.542266, Val Loss: 0.474620  
	Train = MSE:0.542270 , RMSE:0.736390 , MAE:0.578875 , MAPD:3.127301, R_squared:0.990613  
	Validation = MSE:0.459411 , RMSE:0.677798 , MAE:0.528876 , MAPD:2.933284, R_squared:0.991733

2024-03-21 05:53:57,535 Epoch 20/300, Train Loss: 0.474782, Val Loss: 0.407276  
	Train = MSE:0.474768 , RMSE:0.689034 , MAE:0.540702 , MAPD:2.902076, R_squared:0.991782  
	Validation = MSE:0.403689 , RMSE:0.635366 , MAE:0.494111 , MAPD:2.725467, R_squared:0.992736

2024-03-21 05:53:58,763 Epoch 21/300, Train Loss: 0.421465, Val Loss: 0.374226  
	Train = MSE:0.421486 , RMSE:0.649220 , MAE:0.505749 , MAPD:2.704038, R_squared:0.992704  
	Validation = MSE:0.361506 , RMSE:0.601254 , MAE:0.462642 , MAPD:2.526704, R_squared:0.993495

2024-03-21 05:54:01,375 Epoch 22/300, Train Loss: 0.379122, Val Loss: 0.317383  
	Train = MSE:0.379112 , RMSE:0.615721 , MAE:0.477764 , MAPD:2.545065, R_squared:0.993437  
	Validation = MSE:0.328482 , RMSE:0.573133 , MAE:0.445515 , MAPD:2.430145, R_squared:0.994089

2024-03-21 05:54:02,581 Epoch 23/300, Train Loss: 0.347653, Val Loss: 0.290847  
	Train = MSE:0.347629 , RMSE:0.589601 , MAE:0.455380 , MAPD:2.417321, R_squared:0.993982  
	Validation = MSE:0.295147 , RMSE:0.543275 , MAE:0.419340 , MAPD:2.320213, R_squared:0.994689

2024-03-21 05:54:03,835 Epoch 24/300, Train Loss: 0.324093, Val Loss: 0.266940  
	Train = MSE:0.324105 , RMSE:0.569302 , MAE:0.440220 , MAPD:2.327284, R_squared:0.994390  
	Validation = MSE:0.267322 , RMSE:0.517032 , MAE:0.395618 , MAPD:2.182724, R_squared:0.995190

2024-03-21 05:54:05,059 Epoch 25/300, Train Loss: 0.295102, Val Loss: 0.250206  
	Train = MSE:0.295115 , RMSE:0.543245 , MAE:0.415275 , MAPD:2.195714, R_squared:0.994892  
	Validation = MSE:0.256369 , RMSE:0.506329 , MAE:0.390115 , MAPD:2.124998, R_squared:0.995387

2024-03-21 05:54:06,271 Epoch 26/300, Train Loss: 0.272998, Val Loss: 0.235865  
	Train = MSE:0.272991 , RMSE:0.522486 , MAE:0.400133 , MAPD:2.122621, R_squared:0.995274  
	Validation = MSE:0.238860 , RMSE:0.488734 , MAE:0.375116 , MAPD:2.051505, R_squared:0.995702

2024-03-21 05:54:07,474 Epoch 27/300, Train Loss: 0.255376, Val Loss: 0.206087  
	Train = MSE:0.255383 , RMSE:0.505355 , MAE:0.382367 , MAPD:2.007524, R_squared:0.995579  
	Validation = MSE:0.214212 , RMSE:0.462831 , MAE:0.353064 , MAPD:1.956994, R_squared:0.996145

2024-03-21 05:54:08,667 Epoch 28/300, Train Loss: 0.235028, Val Loss: 0.200390  
	Train = MSE:0.235019 , RMSE:0.484787 , MAE:0.366993 , MAPD:1.934230, R_squared:0.995932  
	Validation = MSE:0.206702 , RMSE:0.454645 , MAE:0.345174 , MAPD:1.893010, R_squared:0.996281

2024-03-21 05:54:09,913 Epoch 29/300, Train Loss: 0.226892, Val Loss: 0.183978  
	Train = MSE:0.226909 , RMSE:0.476349 , MAE:0.359982 , MAPD:1.889590, R_squared:0.996072  
	Validation = MSE:0.204409 , RMSE:0.452116 , MAE:0.344798 , MAPD:1.866714, R_squared:0.996322

2024-03-21 05:54:11,110 Epoch 30/300, Train Loss: 0.216399, Val Loss: 0.186864  
	Train = MSE:0.216417 , RMSE:0.465206 , MAE:0.349999 , MAPD:1.838955, R_squared:0.996254  
	Validation = MSE:0.184918 , RMSE:0.430021 , MAE:0.324021 , MAPD:1.781977, R_squared:0.996673

2024-03-21 05:54:12,386 Epoch 31/300, Train Loss: 0.201922, Val Loss: 0.169836  
	Train = MSE:0.201922 , RMSE:0.449357 , MAE:0.337211 , MAPD:1.766512, R_squared:0.996505  
	Validation = MSE:0.184472 , RMSE:0.429503 , MAE:0.325771 , MAPD:1.780660, R_squared:0.996681

2024-03-21 05:54:14,888 Epoch 32/300, Train Loss: 0.193953, Val Loss: 0.167347  
	Train = MSE:0.193938 , RMSE:0.440384 , MAE:0.330580 , MAPD:1.734040, R_squared:0.996643  
	Validation = MSE:0.171513 , RMSE:0.414141 , MAE:0.312312 , MAPD:1.720091, R_squared:0.996914

2024-03-21 05:54:16,124 Epoch 33/300, Train Loss: 0.184492, Val Loss: 0.149229  
	Train = MSE:0.184484 , RMSE:0.429516 , MAE:0.322278 , MAPD:1.686457, R_squared:0.996807  
	Validation = MSE:0.167417 , RMSE:0.409167 , MAE:0.308871 , MAPD:1.691610, R_squared:0.996987

2024-03-21 05:54:17,497 Epoch 34/300, Train Loss: 0.178029, Val Loss: 0.140121  
	Train = MSE:0.178048 , RMSE:0.421957 , MAE:0.314478 , MAPD:1.650084, R_squared:0.996918  
	Validation = MSE:0.152649 , RMSE:0.390704 , MAE:0.294544 , MAPD:1.637452, R_squared:0.997253

2024-03-21 05:54:19,381 Epoch 35/300, Train Loss: 0.169400, Val Loss: 0.143527  
	Train = MSE:0.169402 , RMSE:0.411584 , MAE:0.307093 , MAPD:1.616131, R_squared:0.997068  
	Validation = MSE:0.152194 , RMSE:0.390121 , MAE:0.293892 , MAPD:1.626612, R_squared:0.997261

2024-03-21 05:54:20,859 Epoch 36/300, Train Loss: 0.160669, Val Loss: 0.129484  
	Train = MSE:0.160668 , RMSE:0.400834 , MAE:0.299253 , MAPD:1.576826, R_squared:0.997219  
	Validation = MSE:0.142867 , RMSE:0.377978 , MAE:0.283502 , MAPD:1.577773, R_squared:0.997429

2024-03-21 05:54:22,064 Epoch 37/300, Train Loss: 0.155571, Val Loss: 0.130621  
	Train = MSE:0.155534 , RMSE:0.394378 , MAE:0.294783 , MAPD:1.554239, R_squared:0.997308  
	Validation = MSE:0.142842 , RMSE:0.377944 , MAE:0.283018 , MAPD:1.569205, R_squared:0.997430

2024-03-21 05:54:23,249 Epoch 38/300, Train Loss: 0.151532, Val Loss: 0.129817  
	Train = MSE:0.151537 , RMSE:0.389278 , MAE:0.290563 , MAPD:1.534207, R_squared:0.997377  
	Validation = MSE:0.146983 , RMSE:0.383384 , MAE:0.285719 , MAPD:1.565085, R_squared:0.997355

2024-03-21 05:54:24,467 Epoch 39/300, Train Loss: 0.147820, Val Loss: 0.121116  
	Train = MSE:0.147819 , RMSE:0.384472 , MAE:0.286896 , MAPD:1.517890, R_squared:0.997441  
	Validation = MSE:0.129812 , RMSE:0.360294 , MAE:0.271874 , MAPD:1.535744, R_squared:0.997664

2024-03-21 05:54:25,682 Epoch 40/300, Train Loss: 0.144954, Val Loss: 0.119254  
	Train = MSE:0.144945 , RMSE:0.380717 , MAE:0.285151 , MAPD:1.507096, R_squared:0.997491  
	Validation = MSE:0.132596 , RMSE:0.364137 , MAE:0.269853 , MAPD:1.494737, R_squared:0.997614

2024-03-21 05:54:26,882 Epoch 41/300, Train Loss: 0.138248, Val Loss: 0.113659  
	Train = MSE:0.138248 , RMSE:0.371818 , MAE:0.275798 , MAPD:1.462834, R_squared:0.997607  
	Validation = MSE:0.125471 , RMSE:0.354219 , MAE:0.263031 , MAPD:1.468592, R_squared:0.997742

2024-03-21 05:54:29,538 Epoch 42/300, Train Loss: 0.133718, Val Loss: 0.112279  
	Train = MSE:0.133722 , RMSE:0.365680 , MAE:0.270670 , MAPD:1.434934, R_squared:0.997685  
	Validation = MSE:0.124300 , RMSE:0.352563 , MAE:0.261160 , MAPD:1.458809, R_squared:0.997763

2024-03-21 05:54:30,753 Epoch 43/300, Train Loss: 0.131218, Val Loss: 0.120670  
	Train = MSE:0.131213 , RMSE:0.362233 , MAE:0.268031 , MAPD:1.428161, R_squared:0.997729  
	Validation = MSE:0.131781 , RMSE:0.363017 , MAE:0.266685 , MAPD:1.477140, R_squared:0.997629

2024-03-21 05:54:32,414 Epoch 44/300, Train Loss: 0.128951, Val Loss: 0.110593  
	Train = MSE:0.128949 , RMSE:0.359095 , MAE:0.264925 , MAPD:1.411394, R_squared:0.997768  
	Validation = MSE:0.123278 , RMSE:0.351110 , MAE:0.258144 , MAPD:1.427106, R_squared:0.997782

2024-03-21 05:54:33,635 Epoch 45/300, Train Loss: 0.125992, Val Loss: 0.106765  
	Train = MSE:0.125987 , RMSE:0.354947 , MAE:0.262266 , MAPD:1.397677, R_squared:0.997819  
	Validation = MSE:0.117476 , RMSE:0.342748 , MAE:0.251529 , MAPD:1.401013, R_squared:0.997886

2024-03-21 05:54:34,878 Epoch 46/300, Train Loss: 0.122336, Val Loss: 0.110626  
	Train = MSE:0.122343 , RMSE:0.349775 , MAE:0.257351 , MAPD:1.366941, R_squared:0.997882  
	Validation = MSE:0.122874 , RMSE:0.350534 , MAE:0.256462 , MAPD:1.413173, R_squared:0.997789

2024-03-21 05:54:36,113 Epoch 47/300, Train Loss: 0.120404, Val Loss: 0.103551  
	Train = MSE:0.120408 , RMSE:0.346998 , MAE:0.255762 , MAPD:1.362354, R_squared:0.997916  
	Validation = MSE:0.115146 , RMSE:0.339332 , MAE:0.249120 , MAPD:1.380132, R_squared:0.997928

2024-03-21 05:54:37,299 Epoch 48/300, Train Loss: 0.117102, Val Loss: 0.103701  
	Train = MSE:0.117110 , RMSE:0.342213 , MAE:0.251756 , MAPD:1.343968, R_squared:0.997973  
	Validation = MSE:0.116208 , RMSE:0.340893 , MAE:0.249998 , MAPD:1.377705, R_squared:0.997909

2024-03-21 05:54:38,486 Epoch 49/300, Train Loss: 0.116774, Val Loss: 0.102563  
	Train = MSE:0.116784 , RMSE:0.341736 , MAE:0.250898 , MAPD:1.339251, R_squared:0.997978  
	Validation = MSE:0.109993 , RMSE:0.331653 , MAE:0.246700 , MAPD:1.392146, R_squared:0.998021

2024-03-21 05:54:39,688 Epoch 50/300, Train Loss: 0.116739, Val Loss: 0.106608  
	Train = MSE:0.116740 , RMSE:0.341672 , MAE:0.251416 , MAPD:1.339681, R_squared:0.997979  
	Validation = MSE:0.115741 , RMSE:0.340207 , MAE:0.246887 , MAPD:1.374377, R_squared:0.997917

2024-03-21 05:54:40,911 Epoch 51/300, Train Loss: 0.110861, Val Loss: 0.098594  
	Train = MSE:0.110855 , RMSE:0.332949 , MAE:0.243421 , MAPD:1.303268, R_squared:0.998081  
	Validation = MSE:0.109278 , RMSE:0.330572 , MAE:0.244282 , MAPD:1.360912, R_squared:0.998034

2024-03-21 05:54:43,875 Epoch 52/300, Train Loss: 0.108424, Val Loss: 0.095709  
	Train = MSE:0.108430 , RMSE:0.329287 , MAE:0.240923 , MAPD:1.289521, R_squared:0.998123  
	Validation = MSE:0.102950 , RMSE:0.320858 , MAE:0.234230 , MAPD:1.310701, R_squared:0.998148

2024-03-21 05:54:45,403 Epoch 53/300, Train Loss: 0.106759, Val Loss: 0.094600  
	Train = MSE:0.106762 , RMSE:0.326744 , MAE:0.239442 , MAPD:1.280124, R_squared:0.998152  
	Validation = MSE:0.103604 , RMSE:0.321876 , MAE:0.233908 , MAPD:1.298152, R_squared:0.998136

2024-03-21 05:54:46,742 Epoch 54/300, Train Loss: 0.105549, Val Loss: 0.092288  
	Train = MSE:0.105542 , RMSE:0.324872 , MAE:0.238605 , MAPD:1.276070, R_squared:0.998173  
	Validation = MSE:0.101995 , RMSE:0.319367 , MAE:0.233500 , MAPD:1.295307, R_squared:0.998165

2024-03-21 05:54:47,984 Epoch 55/300, Train Loss: 0.104853, Val Loss: 0.090232  
	Train = MSE:0.104856 , RMSE:0.323815 , MAE:0.237377 , MAPD:1.274887, R_squared:0.998185  
	Validation = MSE:0.098020 , RMSE:0.313082 , MAE:0.227476 , MAPD:1.269200, R_squared:0.998236

2024-03-21 05:54:49,207 Epoch 56/300, Train Loss: 0.099694, Val Loss: 0.090095  
	Train = MSE:0.099673 , RMSE:0.315710 , MAE:0.230430 , MAPD:1.237202, R_squared:0.998275  
	Validation = MSE:0.099937 , RMSE:0.316128 , MAE:0.228480 , MAPD:1.266275, R_squared:0.998202

2024-03-21 05:54:50,418 Epoch 57/300, Train Loss: 0.098200, Val Loss: 0.089075  
	Train = MSE:0.098202 , RMSE:0.313371 , MAE:0.228672 , MAPD:1.232952, R_squared:0.998300  
	Validation = MSE:0.098969 , RMSE:0.314593 , MAE:0.233107 , MAPD:1.304160, R_squared:0.998219

2024-03-21 05:54:51,635 Epoch 58/300, Train Loss: 0.097742, Val Loss: 0.085216  
	Train = MSE:0.097756 , RMSE:0.312660 , MAE:0.228256 , MAPD:1.218910, R_squared:0.998308  
	Validation = MSE:0.095116 , RMSE:0.308409 , MAE:0.222828 , MAPD:1.235386, R_squared:0.998288

2024-03-21 05:54:52,856 Epoch 59/300, Train Loss: 0.095689, Val Loss: 0.084088  
	Train = MSE:0.095694 , RMSE:0.309344 , MAE:0.226147 , MAPD:1.218435, R_squared:0.998344  
	Validation = MSE:0.091711 , RMSE:0.302838 , MAE:0.218620 , MAPD:1.222324, R_squared:0.998350

2024-03-21 05:54:54,112 Epoch 60/300, Train Loss: 0.092801, Val Loss: 0.082890  
	Train = MSE:0.092807 , RMSE:0.304643 , MAE:0.220435 , MAPD:1.186097, R_squared:0.998393  
	Validation = MSE:0.092557 , RMSE:0.304232 , MAE:0.220452 , MAPD:1.224573, R_squared:0.998335

2024-03-21 05:54:55,334 Epoch 61/300, Train Loss: 0.089853, Val Loss: 0.081090  
	Train = MSE:0.089856 , RMSE:0.299761 , MAE:0.218425 , MAPD:1.174240, R_squared:0.998445  
	Validation = MSE:0.091894 , RMSE:0.303141 , MAE:0.218617 , MAPD:1.208925, R_squared:0.998346

2024-03-21 05:54:57,853 Epoch 62/300, Train Loss: 0.088775, Val Loss: 0.090185  
	Train = MSE:0.088774 , RMSE:0.297950 , MAE:0.215945 , MAPD:1.160822, R_squared:0.998463  
	Validation = MSE:0.102398 , RMSE:0.319996 , MAE:0.231166 , MAPD:1.263504, R_squared:0.998157

2024-03-21 05:54:59,117 Epoch 63/300, Train Loss: 0.089171, Val Loss: 0.079784  
	Train = MSE:0.089178 , RMSE:0.298626 , MAE:0.216401 , MAPD:1.171101, R_squared:0.998456  
	Validation = MSE:0.090583 , RMSE:0.300970 , MAE:0.217172 , MAPD:1.197999, R_squared:0.998370

2024-03-21 05:55:00,357 Epoch 64/300, Train Loss: 0.085052, Val Loss: 0.078222  
	Train = MSE:0.085052 , RMSE:0.291637 , MAE:0.210883 , MAPD:1.135371, R_squared:0.998528  
	Validation = MSE:0.086173 , RMSE:0.293552 , MAE:0.211060 , MAPD:1.179313, R_squared:0.998449

2024-03-21 05:55:01,604 Epoch 65/300, Train Loss: 0.091070, Val Loss: 0.081114  
	Train = MSE:0.091070 , RMSE:0.301777 , MAE:0.218046 , MAPD:1.162179, R_squared:0.998424  
	Validation = MSE:0.089037 , RMSE:0.298390 , MAE:0.211073 , MAPD:1.173979, R_squared:0.998398

2024-03-21 05:55:02,908 Epoch 66/300, Train Loss: 0.087942, Val Loss: 0.075433  
	Train = MSE:0.087942 , RMSE:0.296550 , MAE:0.217664 , MAPD:1.169134, R_squared:0.998478  
	Validation = MSE:0.084904 , RMSE:0.291383 , MAE:0.205637 , MAPD:1.147098, R_squared:0.998472

2024-03-21 05:55:04,460 Epoch 67/300, Train Loss: 0.080877, Val Loss: 0.078703  
	Train = MSE:0.080878 , RMSE:0.284391 , MAE:0.205892 , MAPD:1.111416, R_squared:0.998600  
	Validation = MSE:0.090089 , RMSE:0.300148 , MAE:0.214484 , MAPD:1.184506, R_squared:0.998379

2024-03-21 05:55:05,658 Epoch 68/300, Train Loss: 0.080427, Val Loss: 0.071627  
	Train = MSE:0.080430 , RMSE:0.283602 , MAE:0.206294 , MAPD:1.112664, R_squared:0.998608  
	Validation = MSE:0.081541 , RMSE:0.285554 , MAE:0.202489 , MAPD:1.130424, R_squared:0.998533

2024-03-21 05:55:06,837 Epoch 69/300, Train Loss: 0.077705, Val Loss: 0.073604  
	Train = MSE:0.077706 , RMSE:0.278759 , MAE:0.201621 , MAPD:1.088273, R_squared:0.998655  
	Validation = MSE:0.083631 , RMSE:0.289189 , MAE:0.210690 , MAPD:1.174059, R_squared:0.998495

2024-03-21 05:55:09,316 Epoch 70/300, Train Loss: 0.081306, Val Loss: 0.082725  
	Train = MSE:0.081311 , RMSE:0.285150 , MAE:0.207410 , MAPD:1.115232, R_squared:0.998592  
	Validation = MSE:0.090158 , RMSE:0.300264 , MAE:0.228177 , MAPD:1.298708, R_squared:0.998378

2024-03-21 05:55:11,529 Epoch 71/300, Train Loss: 0.077738, Val Loss: 0.069448  
	Train = MSE:0.077736 , RMSE:0.278812 , MAE:0.202320 , MAPD:1.093159, R_squared:0.998654  
	Validation = MSE:0.079026 , RMSE:0.281115 , MAE:0.201435 , MAPD:1.125059, R_squared:0.998578

2024-03-21 05:55:14,485 Epoch 72/300, Train Loss: 0.076222, Val Loss: 0.069123  
	Train = MSE:0.076222 , RMSE:0.276083 , MAE:0.199208 , MAPD:1.074624, R_squared:0.998681  
	Validation = MSE:0.079128 , RMSE:0.281296 , MAE:0.197368 , MAPD:1.100351, R_squared:0.998576

2024-03-21 05:55:16,086 Epoch 73/300, Train Loss: 0.076860, Val Loss: 0.066855  
	Train = MSE:0.076864 , RMSE:0.277243 , MAE:0.201476 , MAPD:1.091956, R_squared:0.998669  
	Validation = MSE:0.076694 , RMSE:0.276937 , MAE:0.196738 , MAPD:1.097714, R_squared:0.998620

2024-03-21 05:55:17,433 Epoch 74/300, Train Loss: 0.072913, Val Loss: 0.070834  
	Train = MSE:0.072920 , RMSE:0.270037 , MAE:0.194986 , MAPD:1.051855, R_squared:0.998738  
	Validation = MSE:0.081493 , RMSE:0.285469 , MAE:0.202112 , MAPD:1.115877, R_squared:0.998534

2024-03-21 05:55:18,684 Epoch 75/300, Train Loss: 0.071319, Val Loss: 0.067623  
	Train = MSE:0.071311 , RMSE:0.267042 , MAE:0.191946 , MAPD:1.039165, R_squared:0.998766  
	Validation = MSE:0.076664 , RMSE:0.276882 , MAE:0.200516 , MAPD:1.133254, R_squared:0.998621

2024-03-21 05:55:19,926 Epoch 76/300, Train Loss: 0.071033, Val Loss: 0.067795  
	Train = MSE:0.071029 , RMSE:0.266512 , MAE:0.191956 , MAPD:1.037555, R_squared:0.998770  
	Validation = MSE:0.077372 , RMSE:0.278159 , MAE:0.201162 , MAPD:1.126271, R_squared:0.998608

2024-03-21 05:55:21,156 Epoch 77/300, Train Loss: 0.070342, Val Loss: 0.074871  
	Train = MSE:0.070338 , RMSE:0.265213 , MAE:0.192163 , MAPD:1.032743, R_squared:0.998782  
	Validation = MSE:0.086401 , RMSE:0.293940 , MAE:0.208854 , MAPD:1.141294, R_squared:0.998445

2024-03-21 05:55:22,394 Epoch 78/300, Train Loss: 0.070127, Val Loss: 0.077398  
	Train = MSE:0.070125 , RMSE:0.264810 , MAE:0.191781 , MAPD:1.040282, R_squared:0.998786  
	Validation = MSE:0.088664 , RMSE:0.297765 , MAE:0.212389 , MAPD:1.158033, R_squared:0.998405

2024-03-21 05:55:23,630 Epoch 79/300, Train Loss: 0.069220, Val Loss: 0.062567  
	Train = MSE:0.069214 , RMSE:0.263086 , MAE:0.191124 , MAPD:1.029453, R_squared:0.998802  
	Validation = MSE:0.072165 , RMSE:0.268636 , MAE:0.188022 , MAPD:1.052460, R_squared:0.998701

2024-03-21 05:55:24,851 Epoch 80/300, Train Loss: 0.067102, Val Loss: 0.061759  
	Train = MSE:0.067102 , RMSE:0.259040 , MAE:0.187086 , MAPD:1.011030, R_squared:0.998838  
	Validation = MSE:0.071491 , RMSE:0.267377 , MAE:0.188858 , MAPD:1.055271, R_squared:0.998714

2024-03-21 05:55:26,047 Epoch 81/300, Train Loss: 0.066640, Val Loss: 0.063029  
	Train = MSE:0.066645 , RMSE:0.258157 , MAE:0.186251 , MAPD:1.009117, R_squared:0.998846  
	Validation = MSE:0.073266 , RMSE:0.270676 , MAE:0.189730 , MAPD:1.052977, R_squared:0.998682

2024-03-21 05:55:28,721 Epoch 82/300, Train Loss: 0.066952, Val Loss: 0.066685  
	Train = MSE:0.066953 , RMSE:0.258753 , MAE:0.187838 , MAPD:1.017490, R_squared:0.998841  
	Validation = MSE:0.077558 , RMSE:0.278493 , MAE:0.196204 , MAPD:1.088040, R_squared:0.998604

2024-03-21 05:55:29,959 Epoch 83/300, Train Loss: 0.065135, Val Loss: 0.061007  
	Train = MSE:0.065139 , RMSE:0.255223 , MAE:0.184047 , MAPD:0.991391, R_squared:0.998872  
	Validation = MSE:0.069910 , RMSE:0.264404 , MAE:0.190767 , MAPD:1.074416, R_squared:0.998742

2024-03-21 05:55:31,420 Epoch 84/300, Train Loss: 0.062884, Val Loss: 0.061368  
	Train = MSE:0.062880 , RMSE:0.250758 , MAE:0.179568 , MAPD:0.976305, R_squared:0.998912  
	Validation = MSE:0.070909 , RMSE:0.266287 , MAE:0.186429 , MAPD:1.033708, R_squared:0.998724

2024-03-21 05:55:33,065 Epoch 85/300, Train Loss: 0.062988, Val Loss: 0.063360  
	Train = MSE:0.062991 , RMSE:0.250980 , MAE:0.180598 , MAPD:0.975234, R_squared:0.998910  
	Validation = MSE:0.073989 , RMSE:0.272008 , MAE:0.189933 , MAPD:1.045394, R_squared:0.998669

2024-03-21 05:55:34,739 Epoch 86/300, Train Loss: 0.066494, Val Loss: 0.060113  
	Train = MSE:0.066489 , RMSE:0.257855 , MAE:0.186140 , MAPD:1.008513, R_squared:0.998849  
	Validation = MSE:0.069676 , RMSE:0.263963 , MAE:0.184457 , MAPD:1.023064, R_squared:0.998746

2024-03-21 05:55:36,419 Epoch 87/300, Train Loss: 0.061783, Val Loss: 0.059441  
	Train = MSE:0.061785 , RMSE:0.248565 , MAE:0.178165 , MAPD:0.964175, R_squared:0.998930  
	Validation = MSE:0.068581 , RMSE:0.261881 , MAE:0.182938 , MAPD:1.019753, R_squared:0.998766

2024-03-21 05:55:37,702 Epoch 88/300, Train Loss: 0.062949, Val Loss: 0.057802  
	Train = MSE:0.062940 , RMSE:0.250878 , MAE:0.181478 , MAPD:0.980746, R_squared:0.998910  
	Validation = MSE:0.067008 , RMSE:0.258859 , MAE:0.180884 , MAPD:1.012962, R_squared:0.998794

2024-03-21 05:55:39,270 Epoch 89/300, Train Loss: 0.062050, Val Loss: 0.061096  
	Train = MSE:0.062039 , RMSE:0.249076 , MAE:0.179450 , MAPD:0.966870, R_squared:0.998926  
	Validation = MSE:0.070499 , RMSE:0.265517 , MAE:0.184789 , MAPD:1.039945, R_squared:0.998731

2024-03-21 05:55:40,679 Epoch 90/300, Train Loss: 0.060843, Val Loss: 0.056026  
	Train = MSE:0.060847 , RMSE:0.246672 , MAE:0.176237 , MAPD:0.954714, R_squared:0.998947  
	Validation = MSE:0.064395 , RMSE:0.253761 , MAE:0.179990 , MAPD:1.017568, R_squared:0.998841

2024-03-21 05:55:41,913 Epoch 91/300, Train Loss: 0.061061, Val Loss: 0.057669  
	Train = MSE:0.061062 , RMSE:0.247107 , MAE:0.177409 , MAPD:0.960258, R_squared:0.998943  
	Validation = MSE:0.067005 , RMSE:0.258853 , MAE:0.179123 , MAPD:1.004117, R_squared:0.998794

2024-03-21 05:55:44,515 Epoch 92/300, Train Loss: 0.060431, Val Loss: 0.055144  
	Train = MSE:0.060432 , RMSE:0.245829 , MAE:0.177230 , MAPD:0.953543, R_squared:0.998954  
	Validation = MSE:0.062693 , RMSE:0.250386 , MAE:0.178222 , MAPD:1.001442, R_squared:0.998872

2024-03-21 05:55:45,753 Epoch 93/300, Train Loss: 0.059235, Val Loss: 0.053877  
	Train = MSE:0.059235 , RMSE:0.243383 , MAE:0.174652 , MAPD:0.945913, R_squared:0.998975  
	Validation = MSE:0.062034 , RMSE:0.249067 , MAE:0.175337 , MAPD:0.986118, R_squared:0.998884

2024-03-21 05:55:46,979 Epoch 94/300, Train Loss: 0.058326, Val Loss: 0.061902  
	Train = MSE:0.058333 , RMSE:0.241523 , MAE:0.173439 , MAPD:0.937500, R_squared:0.998990  
	Validation = MSE:0.071405 , RMSE:0.267217 , MAE:0.185308 , MAPD:1.011864, R_squared:0.998715

2024-03-21 05:55:48,217 Epoch 95/300, Train Loss: 0.060570, Val Loss: 0.054124  
	Train = MSE:0.060568 , RMSE:0.246105 , MAE:0.178582 , MAPD:0.964499, R_squared:0.998952  
	Validation = MSE:0.061668 , RMSE:0.248330 , MAE:0.172773 , MAPD:0.973850, R_squared:0.998890

2024-03-21 05:55:49,454 Epoch 96/300, Train Loss: 0.057829, Val Loss: 0.056750  
	Train = MSE:0.057829 , RMSE:0.240476 , MAE:0.172598 , MAPD:0.931483, R_squared:0.998999  
	Validation = MSE:0.064810 , RMSE:0.254579 , MAE:0.177176 , MAPD:0.994060, R_squared:0.998834

2024-03-21 05:55:50,669 Epoch 97/300, Train Loss: 0.058482, Val Loss: 0.053798  
	Train = MSE:0.058484 , RMSE:0.241835 , MAE:0.174158 , MAPD:0.946031, R_squared:0.998988  
	Validation = MSE:0.061060 , RMSE:0.247104 , MAE:0.177474 , MAPD:1.005166, R_squared:0.998901

2024-03-21 05:55:51,898 Epoch 98/300, Train Loss: 0.056320, Val Loss: 0.060178  
	Train = MSE:0.056321 , RMSE:0.237320 , MAE:0.170278 , MAPD:0.920759, R_squared:0.999025  
	Validation = MSE:0.069225 , RMSE:0.263107 , MAE:0.184026 , MAPD:1.002734, R_squared:0.998754

2024-03-21 05:55:53,584 Epoch 99/300, Train Loss: 0.054699, Val Loss: 0.051774  
	Train = MSE:0.054703 , RMSE:0.233886 , MAE:0.167373 , MAPD:0.906818, R_squared:0.999053  
	Validation = MSE:0.059913 , RMSE:0.244771 , MAE:0.170867 , MAPD:0.956493, R_squared:0.998922

2024-03-21 05:55:55,323 Epoch 100/300, Train Loss: 0.056970, Val Loss: 0.058520  
	Train = MSE:0.056972 , RMSE:0.238688 , MAE:0.172053 , MAPD:0.938409, R_squared:0.999014  
	Validation = MSE:0.066038 , RMSE:0.256979 , MAE:0.183429 , MAPD:1.011419, R_squared:0.998812

2024-03-21 05:55:56,951 Epoch 101/300, Train Loss: 0.056770, Val Loss: 0.051304  
	Train = MSE:0.056772 , RMSE:0.238270 , MAE:0.171277 , MAPD:0.922440, R_squared:0.999017  
	Validation = MSE:0.058782 , RMSE:0.242450 , MAE:0.169229 , MAPD:0.949914, R_squared:0.998942

2024-03-21 05:55:59,898 Epoch 102/300, Train Loss: 0.056073, Val Loss: 0.051734  
	Train = MSE:0.056072 , RMSE:0.236796 , MAE:0.170759 , MAPD:0.923873, R_squared:0.999029  
	Validation = MSE:0.058238 , RMSE:0.241326 , MAE:0.171795 , MAPD:0.966614, R_squared:0.998952

2024-03-21 05:56:01,116 Epoch 103/300, Train Loss: 0.052781, Val Loss: 0.051918  
	Train = MSE:0.052783 , RMSE:0.229746 , MAE:0.164252 , MAPD:0.891448, R_squared:0.999086  
	Validation = MSE:0.059622 , RMSE:0.244177 , MAE:0.171721 , MAPD:0.954861, R_squared:0.998927

2024-03-21 05:56:02,783 Epoch 104/300, Train Loss: 0.058167, Val Loss: 0.056941  
	Train = MSE:0.058159 , RMSE:0.241161 , MAE:0.175604 , MAPD:0.948702, R_squared:0.998993  
	Validation = MSE:0.062677 , RMSE:0.250353 , MAE:0.191081 , MAPD:1.087565, R_squared:0.998872

2024-03-21 05:56:04,067 Epoch 105/300, Train Loss: 0.054531, Val Loss: 0.048888  
	Train = MSE:0.054528 , RMSE:0.233513 , MAE:0.168247 , MAPD:0.912472, R_squared:0.999056  
	Validation = MSE:0.056077 , RMSE:0.236807 , MAE:0.165850 , MAPD:0.934090, R_squared:0.998991

2024-03-21 05:56:05,336 Epoch 106/300, Train Loss: 0.052367, Val Loss: 0.057488  
	Train = MSE:0.052363 , RMSE:0.228829 , MAE:0.164067 , MAPD:0.888023, R_squared:0.999094  
	Validation = MSE:0.062801 , RMSE:0.250601 , MAE:0.192242 , MAPD:1.100732, R_squared:0.998870

2024-03-21 05:56:07,327 Epoch 107/300, Train Loss: 0.055472, Val Loss: 0.052049  
	Train = MSE:0.055465 , RMSE:0.235509 , MAE:0.171258 , MAPD:0.931619, R_squared:0.999040  
	Validation = MSE:0.057632 , RMSE:0.240067 , MAE:0.174956 , MAPD:0.977166, R_squared:0.998963

2024-03-21 05:56:08,683 Epoch 108/300, Train Loss: 0.057748, Val Loss: 0.048271  
	Train = MSE:0.057746 , RMSE:0.240303 , MAE:0.175385 , MAPD:0.940159, R_squared:0.999000  
	Validation = MSE:0.054534 , RMSE:0.233526 , MAE:0.165284 , MAPD:0.933586, R_squared:0.999019

2024-03-21 05:56:09,914 Epoch 109/300, Train Loss: 0.056177, Val Loss: 0.056856  
	Train = MSE:0.056168 , RMSE:0.236998 , MAE:0.173782 , MAPD:0.937618, R_squared:0.999028  
	Validation = MSE:0.065948 , RMSE:0.256803 , MAE:0.178760 , MAPD:0.968811, R_squared:0.998813

2024-03-21 05:56:11,155 Epoch 110/300, Train Loss: 0.052282, Val Loss: 0.047805  
	Train = MSE:0.052280 , RMSE:0.228648 , MAE:0.163927 , MAPD:0.882145, R_squared:0.999095  
	Validation = MSE:0.054806 , RMSE:0.234107 , MAE:0.161229 , MAPD:0.905873, R_squared:0.999014

2024-03-21 05:56:12,426 Epoch 111/300, Train Loss: 0.051644, Val Loss: 0.047070  
	Train = MSE:0.051646 , RMSE:0.227258 , MAE:0.162864 , MAPD:0.886646, R_squared:0.999106  
	Validation = MSE:0.054112 , RMSE:0.232621 , MAE:0.160144 , MAPD:0.901472, R_squared:0.999026

2024-03-21 05:56:15,359 Epoch 112/300, Train Loss: 0.052539, Val Loss: 0.052338  
	Train = MSE:0.052540 , RMSE:0.229216 , MAE:0.164996 , MAPD:0.886458, R_squared:0.999091  
	Validation = MSE:0.059999 , RMSE:0.244946 , MAE:0.173644 , MAPD:0.959264, R_squared:0.998920

2024-03-21 05:56:16,560 Epoch 113/300, Train Loss: 0.049091, Val Loss: 0.045833  
	Train = MSE:0.049096 , RMSE:0.221576 , MAE:0.158390 , MAPD:0.852425, R_squared:0.999150  
	Validation = MSE:0.052398 , RMSE:0.228907 , MAE:0.158936 , MAPD:0.894839, R_squared:0.999057

2024-03-21 05:56:17,783 Epoch 114/300, Train Loss: 0.051061, Val Loss: 0.045867  
	Train = MSE:0.051062 , RMSE:0.225969 , MAE:0.163884 , MAPD:0.882028, R_squared:0.999116  
	Validation = MSE:0.052405 , RMSE:0.228922 , MAE:0.159782 , MAPD:0.896071, R_squared:0.999057

2024-03-21 05:56:19,006 Epoch 115/300, Train Loss: 0.049524, Val Loss: 0.047355  
	Train = MSE:0.049530 , RMSE:0.222554 , MAE:0.160107 , MAPD:0.863871, R_squared:0.999143  
	Validation = MSE:0.053820 , RMSE:0.231992 , MAE:0.167088 , MAPD:0.943158, R_squared:0.999032

2024-03-21 05:56:20,201 Epoch 116/300, Train Loss: 0.052162, Val Loss: 0.045579  
	Train = MSE:0.052161 , RMSE:0.228387 , MAE:0.166632 , MAPD:0.897553, R_squared:0.999097  
	Validation = MSE:0.051181 , RMSE:0.226232 , MAE:0.156318 , MAPD:0.879320, R_squared:0.999079

2024-03-21 05:56:21,818 Epoch 117/300, Train Loss: 0.049969, Val Loss: 0.050871  
	Train = MSE:0.049972 , RMSE:0.223544 , MAE:0.162269 , MAPD:0.873944, R_squared:0.999135  
	Validation = MSE:0.056603 , RMSE:0.237913 , MAE:0.180164 , MAPD:1.032429, R_squared:0.998981

2024-03-21 05:56:23,455 Epoch 118/300, Train Loss: 0.048771, Val Loss: 0.046037  
	Train = MSE:0.048771 , RMSE:0.220842 , MAE:0.159767 , MAPD:0.866180, R_squared:0.999156  
	Validation = MSE:0.052065 , RMSE:0.228177 , MAE:0.164124 , MAPD:0.926547, R_squared:0.999063

2024-03-21 05:56:24,754 Epoch 119/300, Train Loss: 0.045923, Val Loss: 0.045479  
	Train = MSE:0.045920 , RMSE:0.214289 , MAE:0.153128 , MAPD:0.829714, R_squared:0.999205  
	Validation = MSE:0.051240 , RMSE:0.226362 , MAE:0.157615 , MAPD:0.881293, R_squared:0.999078

2024-03-21 05:56:26,363 Epoch 120/300, Train Loss: 0.046785, Val Loss: 0.044129  
	Train = MSE:0.046780 , RMSE:0.216287 , MAE:0.154533 , MAPD:0.832346, R_squared:0.999190  
	Validation = MSE:0.050093 , RMSE:0.223815 , MAE:0.156565 , MAPD:0.879944, R_squared:0.999099

2024-03-21 05:56:27,592 Epoch 121/300, Train Loss: 0.048256, Val Loss: 0.049391  
	Train = MSE:0.048248 , RMSE:0.219654 , MAE:0.158288 , MAPD:0.852892, R_squared:0.999165  
	Validation = MSE:0.056761 , RMSE:0.238245 , MAE:0.165710 , MAPD:0.936488, R_squared:0.998979

2024-03-21 05:56:31,288 Epoch 122/300, Train Loss: 0.046275, Val Loss: 0.048689  
	Train = MSE:0.046277 , RMSE:0.215121 , MAE:0.154239 , MAPD:0.829800, R_squared:0.999199  
	Validation = MSE:0.055854 , RMSE:0.236334 , MAE:0.162371 , MAPD:0.884795, R_squared:0.998995

2024-03-21 05:56:32,846 Epoch 123/300, Train Loss: 0.047381, Val Loss: 0.043437  
	Train = MSE:0.047384 , RMSE:0.217680 , MAE:0.156133 , MAPD:0.840997, R_squared:0.999180  
	Validation = MSE:0.049315 , RMSE:0.222070 , MAE:0.153292 , MAPD:0.859175, R_squared:0.999113

2024-03-21 05:56:34,195 Epoch 124/300, Train Loss: 0.044605, Val Loss: 0.046995  
	Train = MSE:0.044602 , RMSE:0.211193 , MAE:0.150625 , MAPD:0.806758, R_squared:0.999228  
	Validation = MSE:0.052586 , RMSE:0.229316 , MAE:0.170185 , MAPD:0.974933, R_squared:0.999054

2024-03-21 05:56:35,669 Epoch 125/300, Train Loss: 0.046749, Val Loss: 0.043734  
	Train = MSE:0.046744 , RMSE:0.216203 , MAE:0.156244 , MAPD:0.839287, R_squared:0.999191  
	Validation = MSE:0.048642 , RMSE:0.220549 , MAE:0.156549 , MAPD:0.877161, R_squared:0.999125

2024-03-21 05:56:36,892 Epoch 126/300, Train Loss: 0.046632, Val Loss: 0.043448  
	Train = MSE:0.046625 , RMSE:0.215929 , MAE:0.156516 , MAPD:0.833848, R_squared:0.999193  
	Validation = MSE:0.048149 , RMSE:0.219430 , MAE:0.155854 , MAPD:0.870968, R_squared:0.999134

2024-03-21 05:56:38,109 Epoch 127/300, Train Loss: 0.046310, Val Loss: 0.046264  
	Train = MSE:0.046312 , RMSE:0.215203 , MAE:0.154822 , MAPD:0.834490, R_squared:0.999198  
	Validation = MSE:0.051217 , RMSE:0.226311 , MAE:0.166844 , MAPD:0.929420, R_squared:0.999078

2024-03-21 05:56:39,336 Epoch 128/300, Train Loss: 0.046683, Val Loss: 0.045327  
	Train = MSE:0.046680 , RMSE:0.216057 , MAE:0.156661 , MAPD:0.845438, R_squared:0.999192  
	Validation = MSE:0.051613 , RMSE:0.227185 , MAE:0.158144 , MAPD:0.871198, R_squared:0.999071

2024-03-21 05:56:40,545 Epoch 129/300, Train Loss: 0.045724, Val Loss: 0.042637  
	Train = MSE:0.045725 , RMSE:0.213834 , MAE:0.155601 , MAPD:0.838505, R_squared:0.999208  
	Validation = MSE:0.048263 , RMSE:0.219688 , MAE:0.154171 , MAPD:0.856755, R_squared:0.999132

2024-03-21 05:56:41,830 Epoch 130/300, Train Loss: 0.044372, Val Loss: 0.047126  
	Train = MSE:0.044375 , RMSE:0.210653 , MAE:0.150654 , MAPD:0.810431, R_squared:0.999232  
	Validation = MSE:0.050235 , RMSE:0.224132 , MAE:0.159476 , MAPD:0.871456, R_squared:0.999096

2024-03-21 05:56:43,571 Epoch 131/300, Train Loss: 0.045214, Val Loss: 0.048807  
	Train = MSE:0.045210 , RMSE:0.212627 , MAE:0.153506 , MAPD:0.817735, R_squared:0.999217  
	Validation = MSE:0.051943 , RMSE:0.227909 , MAE:0.175329 , MAPD:0.995540, R_squared:0.999065

2024-03-21 05:56:46,164 Epoch 132/300, Train Loss: 0.043952, Val Loss: 0.042021  
	Train = MSE:0.043952 , RMSE:0.209647 , MAE:0.150562 , MAPD:0.806951, R_squared:0.999239  
	Validation = MSE:0.048225 , RMSE:0.219602 , MAE:0.150169 , MAPD:0.834923, R_squared:0.999132

2024-03-21 05:56:47,366 Epoch 133/300, Train Loss: 0.042499, Val Loss: 0.046748  
	Train = MSE:0.042500 , RMSE:0.206156 , MAE:0.146619 , MAPD:0.786792, R_squared:0.999264  
	Validation = MSE:0.053671 , RMSE:0.231671 , MAE:0.160284 , MAPD:0.874909, R_squared:0.999034

2024-03-21 05:56:49,433 Epoch 134/300, Train Loss: 0.043245, Val Loss: 0.040272  
	Train = MSE:0.043241 , RMSE:0.207945 , MAE:0.148837 , MAPD:0.800341, R_squared:0.999251  
	Validation = MSE:0.045274 , RMSE:0.212778 , MAE:0.147606 , MAPD:0.823303, R_squared:0.999185

2024-03-21 05:56:51,369 Epoch 135/300, Train Loss: 0.046185, Val Loss: 0.040823  
	Train = MSE:0.046183 , RMSE:0.214903 , MAE:0.158629 , MAPD:0.851214, R_squared:0.999201  
	Validation = MSE:0.046541 , RMSE:0.215733 , MAE:0.146553 , MAPD:0.817822, R_squared:0.999163

2024-03-21 05:56:52,717 Epoch 136/300, Train Loss: 0.042776, Val Loss: 0.044262  
	Train = MSE:0.042781 , RMSE:0.206835 , MAE:0.149321 , MAPD:0.804600, R_squared:0.999259  
	Validation = MSE:0.050944 , RMSE:0.225707 , MAE:0.154678 , MAPD:0.854596, R_squared:0.999083

2024-03-21 05:56:53,942 Epoch 137/300, Train Loss: 0.041303, Val Loss: 0.041941  
	Train = MSE:0.041303 , RMSE:0.203232 , MAE:0.145172 , MAPD:0.779974, R_squared:0.999285  
	Validation = MSE:0.045583 , RMSE:0.213501 , MAE:0.152395 , MAPD:0.857248, R_squared:0.999180

2024-03-21 05:56:55,224 Epoch 138/300, Train Loss: 0.047698, Val Loss: 0.044360  
	Train = MSE:0.047699 , RMSE:0.218401 , MAE:0.161749 , MAPD:0.875249, R_squared:0.999174  
	Validation = MSE:0.047294 , RMSE:0.217472 , MAE:0.158295 , MAPD:0.877637, R_squared:0.999149

2024-03-21 05:56:56,682 Epoch 139/300, Train Loss: 0.042906, Val Loss: 0.048538  
	Train = MSE:0.042908 , RMSE:0.207143 , MAE:0.150425 , MAPD:0.807475, R_squared:0.999257  
	Validation = MSE:0.050214 , RMSE:0.224085 , MAE:0.171532 , MAPD:0.959391, R_squared:0.999096

2024-03-21 05:56:58,074 Epoch 140/300, Train Loss: 0.043236, Val Loss: 0.039529  
	Train = MSE:0.043234 , RMSE:0.207928 , MAE:0.150972 , MAPD:0.810290, R_squared:0.999252  
	Validation = MSE:0.045163 , RMSE:0.212515 , MAE:0.144317 , MAPD:0.801926, R_squared:0.999187

2024-03-21 05:56:59,295 Epoch 141/300, Train Loss: 0.040450, Val Loss: 0.040251  
	Train = MSE:0.040447 , RMSE:0.201114 , MAE:0.143556 , MAPD:0.763885, R_squared:0.999300  
	Validation = MSE:0.045388 , RMSE:0.213045 , MAE:0.146318 , MAPD:0.820592, R_squared:0.999183

2024-03-21 05:57:02,048 Epoch 142/300, Train Loss: 0.049998, Val Loss: 0.038917  
	Train = MSE:0.049994 , RMSE:0.223594 , MAE:0.164587 , MAPD:0.880233, R_squared:0.999135  
	Validation = MSE:0.043256 , RMSE:0.207982 , MAE:0.145755 , MAPD:0.813521, R_squared:0.999222

2024-03-21 05:57:03,463 Epoch 143/300, Train Loss: 0.040324, Val Loss: 0.040707  
	Train = MSE:0.040321 , RMSE:0.200800 , MAE:0.143829 , MAPD:0.768558, R_squared:0.999302  
	Validation = MSE:0.044331 , RMSE:0.210548 , MAE:0.146311 , MAPD:0.811456, R_squared:0.999202

2024-03-21 05:57:04,656 Epoch 144/300, Train Loss: 0.038463, Val Loss: 0.038346  
	Train = MSE:0.038461 , RMSE:0.196114 , MAE:0.139577 , MAPD:0.748358, R_squared:0.999334  
	Validation = MSE:0.042423 , RMSE:0.205969 , MAE:0.141320 , MAPD:0.788863, R_squared:0.999237

2024-03-21 05:57:05,854 Epoch 145/300, Train Loss: 0.038412, Val Loss: 0.038282  
	Train = MSE:0.038412 , RMSE:0.195991 , MAE:0.139943 , MAPD:0.748899, R_squared:0.999335  
	Validation = MSE:0.042437 , RMSE:0.206003 , MAE:0.144955 , MAPD:0.809971, R_squared:0.999236

2024-03-21 05:57:07,080 Epoch 146/300, Train Loss: 0.038730, Val Loss: 0.039235  
	Train = MSE:0.038734 , RMSE:0.196808 , MAE:0.140214 , MAPD:0.752691, R_squared:0.999330  
	Validation = MSE:0.044226 , RMSE:0.210301 , MAE:0.144128 , MAPD:0.809145, R_squared:0.999204

2024-03-21 05:57:08,303 Epoch 147/300, Train Loss: 0.040237, Val Loss: 0.041152  
	Train = MSE:0.040238 , RMSE:0.200593 , MAE:0.143497 , MAPD:0.768086, R_squared:0.999303  
	Validation = MSE:0.044542 , RMSE:0.211050 , MAE:0.155405 , MAPD:0.865189, R_squared:0.999199

2024-03-21 05:57:09,535 Epoch 148/300, Train Loss: 0.039071, Val Loss: 0.039343  
	Train = MSE:0.039073 , RMSE:0.197669 , MAE:0.141196 , MAPD:0.751122, R_squared:0.999324  
	Validation = MSE:0.042724 , RMSE:0.206698 , MAE:0.150763 , MAPD:0.843738, R_squared:0.999231

2024-03-21 05:57:10,748 Epoch 149/300, Train Loss: 0.039933, Val Loss: 0.040744  
	Train = MSE:0.039930 , RMSE:0.199825 , MAE:0.143535 , MAPD:0.763263, R_squared:0.999309  
	Validation = MSE:0.046099 , RMSE:0.214707 , MAE:0.148594 , MAPD:0.835331, R_squared:0.999170

2024-03-21 05:57:12,130 Epoch 150/300, Train Loss: 0.039732, Val Loss: 0.047158  
	Train = MSE:0.039731 , RMSE:0.199325 , MAE:0.143327 , MAPD:0.766635, R_squared:0.999312  
	Validation = MSE:0.048667 , RMSE:0.220606 , MAE:0.156682 , MAPD:0.851795, R_squared:0.999124

2024-03-21 05:57:13,502 Epoch 151/300, Train Loss: 0.043393, Val Loss: 0.043579  
	Train = MSE:0.043389 , RMSE:0.208300 , MAE:0.152996 , MAPD:0.820015, R_squared:0.999249  
	Validation = MSE:0.045135 , RMSE:0.212450 , MAE:0.149919 , MAPD:0.811155, R_squared:0.999188

2024-03-21 05:57:16,712 Epoch 152/300, Train Loss: 0.041410, Val Loss: 0.046110  
	Train = MSE:0.041406 , RMSE:0.203486 , MAE:0.148396 , MAPD:0.788466, R_squared:0.999283  
	Validation = MSE:0.046851 , RMSE:0.216450 , MAE:0.158660 , MAPD:0.852991, R_squared:0.999157

2024-03-21 05:57:17,956 Epoch 153/300, Train Loss: 0.040431, Val Loss: 0.038007  
	Train = MSE:0.040433 , RMSE:0.201080 , MAE:0.146353 , MAPD:0.784158, R_squared:0.999300  
	Validation = MSE:0.041138 , RMSE:0.202826 , MAE:0.141065 , MAPD:0.783100, R_squared:0.999260

2024-03-21 05:57:19,193 Epoch 154/300, Train Loss: 0.038374, Val Loss: 0.039622  
	Train = MSE:0.038367 , RMSE:0.195876 , MAE:0.141203 , MAPD:0.760551, R_squared:0.999336  
	Validation = MSE:0.043127 , RMSE:0.207670 , MAE:0.145402 , MAPD:0.811557, R_squared:0.999224

2024-03-21 05:57:20,424 Epoch 155/300, Train Loss: 0.038028, Val Loss: 0.036642  
	Train = MSE:0.038028 , RMSE:0.195008 , MAE:0.139630 , MAPD:0.741710, R_squared:0.999342  
	Validation = MSE:0.039803 , RMSE:0.199507 , MAE:0.139894 , MAPD:0.781976, R_squared:0.999284

2024-03-21 05:57:21,666 Epoch 156/300, Train Loss: 0.038243, Val Loss: 0.039219  
	Train = MSE:0.038244 , RMSE:0.195562 , MAE:0.140938 , MAPD:0.747834, R_squared:0.999338  
	Validation = MSE:0.041143 , RMSE:0.202839 , MAE:0.142852 , MAPD:0.783537, R_squared:0.999260

2024-03-21 05:57:22,884 Epoch 157/300, Train Loss: 0.037076, Val Loss: 0.039758  
	Train = MSE:0.037078 , RMSE:0.192557 , MAE:0.137953 , MAPD:0.732760, R_squared:0.999358  
	Validation = MSE:0.041667 , RMSE:0.204124 , MAE:0.151556 , MAPD:0.847546, R_squared:0.999250

2024-03-21 05:57:24,090 Epoch 158/300, Train Loss: 0.036301, Val Loss: 0.036634  
	Train = MSE:0.036304 , RMSE:0.190537 , MAE:0.136076 , MAPD:0.724076, R_squared:0.999372  
	Validation = MSE:0.040804 , RMSE:0.202001 , MAE:0.137497 , MAPD:0.769437, R_squared:0.999266

2024-03-21 05:57:25,321 Epoch 159/300, Train Loss: 0.036252, Val Loss: 0.040263  
	Train = MSE:0.036252 , RMSE:0.190400 , MAE:0.136809 , MAPD:0.734339, R_squared:0.999372  
	Validation = MSE:0.041949 , RMSE:0.204816 , MAE:0.149165 , MAPD:0.814581, R_squared:0.999245

2024-03-21 05:57:26,863 Epoch 160/300, Train Loss: 0.041068, Val Loss: 0.048454  
	Train = MSE:0.041068 , RMSE:0.202651 , MAE:0.147989 , MAPD:0.779859, R_squared:0.999289  
	Validation = MSE:0.054280 , RMSE:0.232980 , MAE:0.168802 , MAPD:0.975030, R_squared:0.999023

2024-03-21 05:57:29,279 Epoch 161/300, Train Loss: 0.037711, Val Loss: 0.036876  
	Train = MSE:0.037711 , RMSE:0.194194 , MAE:0.140436 , MAPD:0.749683, R_squared:0.999347  
	Validation = MSE:0.040699 , RMSE:0.201740 , MAE:0.137592 , MAPD:0.773068, R_squared:0.999268

2024-03-21 05:57:32,138 Epoch 162/300, Train Loss: 0.035179, Val Loss: 0.034659  
	Train = MSE:0.035180 , RMSE:0.187562 , MAE:0.133048 , MAPD:0.709911, R_squared:0.999391  
	Validation = MSE:0.037937 , RMSE:0.194775 , MAE:0.132951 , MAPD:0.739856, R_squared:0.999317

2024-03-21 05:57:33,378 Epoch 163/300, Train Loss: 0.034561, Val Loss: 0.039665  
	Train = MSE:0.034562 , RMSE:0.185908 , MAE:0.132135 , MAPD:0.706185, R_squared:0.999402  
	Validation = MSE:0.041442 , RMSE:0.203573 , MAE:0.152694 , MAPD:0.849222, R_squared:0.999254

2024-03-21 05:57:34,610 Epoch 164/300, Train Loss: 0.038565, Val Loss: 0.038042  
	Train = MSE:0.038567 , RMSE:0.196384 , MAE:0.143277 , MAPD:0.758944, R_squared:0.999332  
	Validation = MSE:0.039717 , RMSE:0.199292 , MAE:0.143746 , MAPD:0.785753, R_squared:0.999285

2024-03-21 05:57:35,927 Epoch 165/300, Train Loss: 0.033963, Val Loss: 0.038233  
	Train = MSE:0.033964 , RMSE:0.184293 , MAE:0.130878 , MAPD:0.693054, R_squared:0.999412  
	Validation = MSE:0.039797 , RMSE:0.199492 , MAE:0.144825 , MAPD:0.790372, R_squared:0.999284

2024-03-21 05:57:37,408 Epoch 166/300, Train Loss: 0.034492, Val Loss: 0.034955  
	Train = MSE:0.034490 , RMSE:0.185715 , MAE:0.133035 , MAPD:0.708226, R_squared:0.999403  
	Validation = MSE:0.037950 , RMSE:0.194808 , MAE:0.138872 , MAPD:0.779779, R_squared:0.999317

2024-03-21 05:57:38,597 Epoch 167/300, Train Loss: 0.035293, Val Loss: 0.035131  
	Train = MSE:0.035290 , RMSE:0.187857 , MAE:0.135467 , MAPD:0.720875, R_squared:0.999389  
	Validation = MSE:0.039107 , RMSE:0.197756 , MAE:0.134949 , MAPD:0.747590, R_squared:0.999296

2024-03-21 05:57:39,812 Epoch 168/300, Train Loss: 0.035426, Val Loss: 0.039642  
	Train = MSE:0.035427 , RMSE:0.188220 , MAE:0.135681 , MAPD:0.719191, R_squared:0.999387  
	Validation = MSE:0.043569 , RMSE:0.208731 , MAE:0.148625 , MAPD:0.814326, R_squared:0.999216

2024-03-21 05:57:41,002 Epoch 169/300, Train Loss: 0.036539, Val Loss: 0.037506  
	Train = MSE:0.036542 , RMSE:0.191159 , MAE:0.137993 , MAPD:0.734810, R_squared:0.999367  
	Validation = MSE:0.041681 , RMSE:0.204160 , MAE:0.139754 , MAPD:0.790325, R_squared:0.999250

2024-03-21 05:57:42,187 Epoch 170/300, Train Loss: 0.033285, Val Loss: 0.040540  
	Train = MSE:0.033284 , RMSE:0.182439 , MAE:0.130255 , MAPD:0.690929, R_squared:0.999424  
	Validation = MSE:0.045505 , RMSE:0.213319 , MAE:0.147095 , MAPD:0.807038, R_squared:0.999181

2024-03-21 05:57:43,395 Epoch 171/300, Train Loss: 0.033430, Val Loss: 0.036713  
	Train = MSE:0.033432 , RMSE:0.182844 , MAE:0.130789 , MAPD:0.694529, R_squared:0.999421  
	Validation = MSE:0.040287 , RMSE:0.200717 , MAE:0.137192 , MAPD:0.773491, R_squared:0.999275

2024-03-21 05:57:46,058 Epoch 172/300, Train Loss: 0.039087, Val Loss: 0.036095  
	Train = MSE:0.039090 , RMSE:0.197713 , MAE:0.144144 , MAPD:0.756939, R_squared:0.999323  
	Validation = MSE:0.037544 , RMSE:0.193763 , MAE:0.139852 , MAPD:0.769432, R_squared:0.999324

2024-03-21 05:57:47,634 Epoch 173/300, Train Loss: 0.036483, Val Loss: 0.036302  
	Train = MSE:0.036482 , RMSE:0.191004 , MAE:0.139147 , MAPD:0.743191, R_squared:0.999368  
	Validation = MSE:0.037808 , RMSE:0.194443 , MAE:0.136662 , MAPD:0.745377, R_squared:0.999320

2024-03-21 05:57:49,057 Epoch 174/300, Train Loss: 0.034237, Val Loss: 0.032672  
	Train = MSE:0.034238 , RMSE:0.185035 , MAE:0.133502 , MAPD:0.704365, R_squared:0.999407  
	Validation = MSE:0.035922 , RMSE:0.189531 , MAE:0.127890 , MAPD:0.710754, R_squared:0.999354

2024-03-21 05:57:50,341 Epoch 175/300, Train Loss: 0.037764, Val Loss: 0.035114  
	Train = MSE:0.037763 , RMSE:0.194328 , MAE:0.144355 , MAPD:0.768713, R_squared:0.999346  
	Validation = MSE:0.037155 , RMSE:0.192756 , MAE:0.138356 , MAPD:0.765663, R_squared:0.999331

2024-03-21 05:57:51,707 Epoch 176/300, Train Loss: 0.034448, Val Loss: 0.036089  
	Train = MSE:0.034449 , RMSE:0.185604 , MAE:0.133108 , MAPD:0.706273, R_squared:0.999404  
	Validation = MSE:0.037506 , RMSE:0.193664 , MAE:0.135083 , MAPD:0.736704, R_squared:0.999325

2024-03-21 05:57:52,947 Epoch 177/300, Train Loss: 0.033445, Val Loss: 0.032258  
	Train = MSE:0.033444 , RMSE:0.182878 , MAE:0.132110 , MAPD:0.700064, R_squared:0.999421  
	Validation = MSE:0.035628 , RMSE:0.188753 , MAE:0.129325 , MAPD:0.718421, R_squared:0.999359

2024-03-21 05:57:54,202 Epoch 178/300, Train Loss: 0.033159, Val Loss: 0.034143  
	Train = MSE:0.033160 , RMSE:0.182099 , MAE:0.131285 , MAPD:0.696558, R_squared:0.999426  
	Validation = MSE:0.037512 , RMSE:0.193681 , MAE:0.131273 , MAPD:0.716685, R_squared:0.999325

2024-03-21 05:57:55,822 Epoch 179/300, Train Loss: 0.034389, Val Loss: 0.036549  
	Train = MSE:0.034389 , RMSE:0.185444 , MAE:0.132439 , MAPD:0.700955, R_squared:0.999405  
	Validation = MSE:0.039761 , RMSE:0.199402 , MAE:0.136668 , MAPD:0.770976, R_squared:0.999285

2024-03-21 05:57:57,544 Epoch 180/300, Train Loss: 0.032800, Val Loss: 0.033270  
	Train = MSE:0.032800 , RMSE:0.181107 , MAE:0.129909 , MAPD:0.690160, R_squared:0.999432  
	Validation = MSE:0.037277 , RMSE:0.193074 , MAE:0.129679 , MAPD:0.714813, R_squared:0.999329

2024-03-21 05:57:58,982 Epoch 181/300, Train Loss: 0.031653, Val Loss: 0.033258  
	Train = MSE:0.031652 , RMSE:0.177910 , MAE:0.127419 , MAPD:0.674297, R_squared:0.999452  
	Validation = MSE:0.035486 , RMSE:0.188378 , MAE:0.128811 , MAPD:0.714588, R_squared:0.999361

2024-03-21 05:58:02,319 Epoch 182/300, Train Loss: 0.031661, Val Loss: 0.036727  
	Train = MSE:0.031662 , RMSE:0.177937 , MAE:0.128022 , MAPD:0.676106, R_squared:0.999452  
	Validation = MSE:0.037813 , RMSE:0.194455 , MAE:0.142297 , MAPD:0.776267, R_squared:0.999320

2024-03-21 05:58:03,541 Epoch 183/300, Train Loss: 0.032908, Val Loss: 0.033686  
	Train = MSE:0.032907 , RMSE:0.181403 , MAE:0.131093 , MAPD:0.689143, R_squared:0.999430  
	Validation = MSE:0.035233 , RMSE:0.187706 , MAE:0.133470 , MAPD:0.731119, R_squared:0.999366

2024-03-21 05:58:04,771 Epoch 184/300, Train Loss: 0.031855, Val Loss: 0.033148  
	Train = MSE:0.031852 , RMSE:0.178471 , MAE:0.128081 , MAPD:0.675269, R_squared:0.999449  
	Validation = MSE:0.035009 , RMSE:0.187107 , MAE:0.133393 , MAPD:0.737786, R_squared:0.999370

2024-03-21 05:58:06,038 Epoch 185/300, Train Loss: 0.033143, Val Loss: 0.036038  
	Train = MSE:0.033143 , RMSE:0.182052 , MAE:0.130521 , MAPD:0.694125, R_squared:0.999426  
	Validation = MSE:0.040566 , RMSE:0.201410 , MAE:0.137977 , MAPD:0.766689, R_squared:0.999270

2024-03-21 05:58:07,259 Epoch 186/300, Train Loss: 0.029777, Val Loss: 0.031589  
	Train = MSE:0.029780 , RMSE:0.172569 , MAE:0.123193 , MAPD:0.653849, R_squared:0.999485  
	Validation = MSE:0.034986 , RMSE:0.187045 , MAE:0.125429 , MAPD:0.694468, R_squared:0.999370

2024-03-21 05:58:08,502 Epoch 187/300, Train Loss: 0.030712, Val Loss: 0.032593  
	Train = MSE:0.030715 , RMSE:0.175256 , MAE:0.125032 , MAPD:0.660452, R_squared:0.999468  
	Validation = MSE:0.035510 , RMSE:0.188440 , MAE:0.126891 , MAPD:0.706467, R_squared:0.999361

2024-03-21 05:58:09,730 Epoch 188/300, Train Loss: 0.032096, Val Loss: 0.037912  
	Train = MSE:0.032094 , RMSE:0.179148 , MAE:0.128777 , MAPD:0.681664, R_squared:0.999444  
	Validation = MSE:0.037647 , RMSE:0.194029 , MAE:0.135885 , MAPD:0.733387, R_squared:0.999323

2024-03-21 05:58:10,987 Epoch 189/300, Train Loss: 0.032476, Val Loss: 0.030994  
	Train = MSE:0.032480 , RMSE:0.180221 , MAE:0.130306 , MAPD:0.685811, R_squared:0.999438  
	Validation = MSE:0.033747 , RMSE:0.183702 , MAE:0.124630 , MAPD:0.690659, R_squared:0.999393

2024-03-21 05:58:12,237 Epoch 190/300, Train Loss: 0.030759, Val Loss: 0.030401  
	Train = MSE:0.030761 , RMSE:0.175387 , MAE:0.126125 , MAPD:0.666514, R_squared:0.999468  
	Validation = MSE:0.032699 , RMSE:0.180828 , MAE:0.122981 , MAPD:0.679994, R_squared:0.999412

2024-03-21 05:58:13,433 Epoch 191/300, Train Loss: 0.031558, Val Loss: 0.030205  
	Train = MSE:0.031558 , RMSE:0.177646 , MAE:0.127440 , MAPD:0.668721, R_squared:0.999454  
	Validation = MSE:0.032221 , RMSE:0.179502 , MAE:0.123142 , MAPD:0.682038, R_squared:0.999420

2024-03-21 05:58:16,117 Epoch 192/300, Train Loss: 0.032950, Val Loss: 0.037634  
	Train = MSE:0.032951 , RMSE:0.181525 , MAE:0.133218 , MAPD:0.700796, R_squared:0.999430  
	Validation = MSE:0.037167 , RMSE:0.192787 , MAE:0.145672 , MAPD:0.801864, R_squared:0.999331

2024-03-21 05:58:17,384 Epoch 193/300, Train Loss: 0.032765, Val Loss: 0.040657  
	Train = MSE:0.032768 , RMSE:0.181020 , MAE:0.131850 , MAPD:0.697991, R_squared:0.999433  
	Validation = MSE:0.045902 , RMSE:0.214248 , MAE:0.149308 , MAPD:0.797273, R_squared:0.999174

2024-03-21 05:58:18,588 Epoch 194/300, Train Loss: 0.035052, Val Loss: 0.037700  
	Train = MSE:0.035048 , RMSE:0.187211 , MAE:0.137761 , MAPD:0.730959, R_squared:0.999393  
	Validation = MSE:0.039570 , RMSE:0.198922 , MAE:0.142199 , MAPD:0.805000, R_squared:0.999288

2024-03-21 05:58:19,837 Epoch 195/300, Train Loss: 0.032501, Val Loss: 0.029751  
	Train = MSE:0.032502 , RMSE:0.180282 , MAE:0.129757 , MAPD:0.675649, R_squared:0.999437  
	Validation = MSE:0.032286 , RMSE:0.179684 , MAE:0.123318 , MAPD:0.685023, R_squared:0.999419

2024-03-21 05:58:21,465 Epoch 196/300, Train Loss: 0.031391, Val Loss: 0.036773  
	Train = MSE:0.031391 , RMSE:0.177176 , MAE:0.127964 , MAPD:0.673379, R_squared:0.999457  
	Validation = MSE:0.037069 , RMSE:0.192532 , MAE:0.148405 , MAPD:0.831449, R_squared:0.999333

2024-03-21 05:58:22,703 Epoch 197/300, Train Loss: 0.030474, Val Loss: 0.031404  
	Train = MSE:0.030474 , RMSE:0.174567 , MAE:0.125669 , MAPD:0.661805, R_squared:0.999472  
	Validation = MSE:0.033793 , RMSE:0.183830 , MAE:0.125961 , MAPD:0.699094, R_squared:0.999392

2024-03-21 05:58:23,920 Epoch 198/300, Train Loss: 0.029863, Val Loss: 0.028980  
	Train = MSE:0.029864 , RMSE:0.172813 , MAE:0.123931 , MAPD:0.650328, R_squared:0.999483  
	Validation = MSE:0.031098 , RMSE:0.176345 , MAE:0.120576 , MAPD:0.662419, R_squared:0.999440

2024-03-21 05:58:25,175 Epoch 199/300, Train Loss: 0.031749, Val Loss: 0.032246  
	Train = MSE:0.031745 , RMSE:0.178172 , MAE:0.130619 , MAPD:0.689709, R_squared:0.999450  
	Validation = MSE:0.033965 , RMSE:0.184295 , MAE:0.128043 , MAPD:0.707380, R_squared:0.999389

2024-03-21 05:58:26,389 Epoch 200/300, Train Loss: 0.028446, Val Loss: 0.030832  
	Train = MSE:0.028447 , RMSE:0.168663 , MAE:0.120125 , MAPD:0.630553, R_squared:0.999508  
	Validation = MSE:0.034193 , RMSE:0.184913 , MAE:0.125039 , MAPD:0.688021, R_squared:0.999385

2024-03-21 05:58:27,782 Epoch 201/300, Train Loss: 0.028003, Val Loss: 0.030705  
	Train = MSE:0.028002 , RMSE:0.167339 , MAE:0.119391 , MAPD:0.630797, R_squared:0.999515  
	Validation = MSE:0.031853 , RMSE:0.178473 , MAE:0.124978 , MAPD:0.679747, R_squared:0.999427

2024-03-21 05:58:30,464 Epoch 202/300, Train Loss: 0.030316, Val Loss: 0.033377  
	Train = MSE:0.030317 , RMSE:0.174116 , MAE:0.124885 , MAPD:0.654866, R_squared:0.999475  
	Validation = MSE:0.033763 , RMSE:0.183748 , MAE:0.128569 , MAPD:0.688047, R_squared:0.999392

2024-03-21 05:58:31,683 Epoch 203/300, Train Loss: 0.032923, Val Loss: 0.033595  
	Train = MSE:0.032926 , RMSE:0.181456 , MAE:0.133944 , MAPD:0.699768, R_squared:0.999430  
	Validation = MSE:0.037631 , RMSE:0.193987 , MAE:0.132415 , MAPD:0.702083, R_squared:0.999323

2024-03-21 05:58:32,870 Epoch 204/300, Train Loss: 0.029381, Val Loss: 0.036091  
	Train = MSE:0.029381 , RMSE:0.171408 , MAE:0.121672 , MAPD:0.635110, R_squared:0.999491  
	Validation = MSE:0.035469 , RMSE:0.188333 , MAE:0.138621 , MAPD:0.732577, R_squared:0.999362

2024-03-21 05:58:34,215 Epoch 205/300, Train Loss: 0.031836, Val Loss: 0.032218  
	Train = MSE:0.031839 , RMSE:0.178436 , MAE:0.130995 , MAPD:0.702419, R_squared:0.999449  
	Validation = MSE:0.033916 , RMSE:0.184162 , MAE:0.138210 , MAPD:0.782214, R_squared:0.999390

2024-03-21 05:58:35,934 Epoch 206/300, Train Loss: 0.030052, Val Loss: 0.033908  
	Train = MSE:0.030054 , RMSE:0.173362 , MAE:0.126893 , MAPD:0.668059, R_squared:0.999480  
	Validation = MSE:0.038363 , RMSE:0.195865 , MAE:0.134884 , MAPD:0.740254, R_squared:0.999310

2024-03-21 05:58:37,650 Epoch 207/300, Train Loss: 0.026650, Val Loss: 0.029086  
	Train = MSE:0.026651 , RMSE:0.163250 , MAE:0.115970 , MAPD:0.609645, R_squared:0.999539  
	Validation = MSE:0.030504 , RMSE:0.174655 , MAE:0.120492 , MAPD:0.654447, R_squared:0.999451

2024-03-21 05:58:39,832 Epoch 208/300, Train Loss: 0.028896, Val Loss: 0.038745  
	Train = MSE:0.028897 , RMSE:0.169992 , MAE:0.122762 , MAPD:0.643990, R_squared:0.999500  
	Validation = MSE:0.043340 , RMSE:0.208182 , MAE:0.141889 , MAPD:0.730631, R_squared:0.999220

2024-03-21 05:58:41,566 Epoch 209/300, Train Loss: 0.029097, Val Loss: 0.038803  
	Train = MSE:0.029099 , RMSE:0.170585 , MAE:0.123993 , MAPD:0.648066, R_squared:0.999496  
	Validation = MSE:0.037741 , RMSE:0.194270 , MAE:0.146164 , MAPD:0.768843, R_squared:0.999321

2024-03-21 05:58:43,287 Epoch 210/300, Train Loss: 0.032878, Val Loss: 0.031904  
	Train = MSE:0.032878 , RMSE:0.181322 , MAE:0.134805 , MAPD:0.705852, R_squared:0.999431  
	Validation = MSE:0.035527 , RMSE:0.188485 , MAE:0.132262 , MAPD:0.713886, R_squared:0.999361

2024-03-21 05:58:44,683 Epoch 211/300, Train Loss: 0.027037, Val Loss: 0.028711  
	Train = MSE:0.027037 , RMSE:0.164429 , MAE:0.116879 , MAPD:0.611109, R_squared:0.999532  
	Validation = MSE:0.030187 , RMSE:0.173745 , MAE:0.122435 , MAPD:0.664587, R_squared:0.999457

2024-03-21 05:58:48,443 Epoch 212/300, Train Loss: 0.030845, Val Loss: 0.030073  
	Train = MSE:0.030847 , RMSE:0.175634 , MAE:0.127689 , MAPD:0.670619, R_squared:0.999466  
	Validation = MSE:0.032869 , RMSE:0.181298 , MAE:0.124479 , MAPD:0.694687, R_squared:0.999409

2024-03-21 05:58:49,872 Epoch 213/300, Train Loss: 0.026500, Val Loss: 0.026315  
	Train = MSE:0.026495 , RMSE:0.162773 , MAE:0.115540 , MAPD:0.602946, R_squared:0.999541  
	Validation = MSE:0.028943 , RMSE:0.170125 , MAE:0.115312 , MAPD:0.632579, R_squared:0.999479

2024-03-21 05:58:51,333 Epoch 214/300, Train Loss: 0.026096, Val Loss: 0.028354  
	Train = MSE:0.026096 , RMSE:0.161542 , MAE:0.115655 , MAPD:0.602714, R_squared:0.999548  
	Validation = MSE:0.030476 , RMSE:0.174573 , MAE:0.126114 , MAPD:0.703111, R_squared:0.999452

2024-03-21 05:58:52,573 Epoch 215/300, Train Loss: 0.026005, Val Loss: 0.027596  
	Train = MSE:0.026004 , RMSE:0.161258 , MAE:0.115666 , MAPD:0.605627, R_squared:0.999550  
	Validation = MSE:0.028949 , RMSE:0.170144 , MAE:0.118235 , MAPD:0.643120, R_squared:0.999479

2024-03-21 05:58:54,268 Epoch 216/300, Train Loss: 0.026578, Val Loss: 0.029038  
	Train = MSE:0.026577 , RMSE:0.163025 , MAE:0.117106 , MAPD:0.614483, R_squared:0.999540  
	Validation = MSE:0.032901 , RMSE:0.181387 , MAE:0.122725 , MAPD:0.654657, R_squared:0.999408

2024-03-21 05:58:55,872 Epoch 217/300, Train Loss: 0.028636, Val Loss: 0.035021  
	Train = MSE:0.028633 , RMSE:0.169212 , MAE:0.123428 , MAPD:0.641843, R_squared:0.999504  
	Validation = MSE:0.035469 , RMSE:0.188333 , MAE:0.132822 , MAPD:0.714080, R_squared:0.999362

2024-03-21 05:58:57,077 Epoch 218/300, Train Loss: 0.031864, Val Loss: 0.041248  
	Train = MSE:0.031863 , RMSE:0.178502 , MAE:0.131036 , MAPD:0.689733, R_squared:0.999448  
	Validation = MSE:0.041347 , RMSE:0.203340 , MAE:0.164345 , MAPD:0.972423, R_squared:0.999256

2024-03-21 05:58:58,466 Epoch 219/300, Train Loss: 0.028097, Val Loss: 0.030425  
	Train = MSE:0.028097 , RMSE:0.167622 , MAE:0.121876 , MAPD:0.635390, R_squared:0.999514  
	Validation = MSE:0.030892 , RMSE:0.175762 , MAE:0.123757 , MAPD:0.658616, R_squared:0.999444

2024-03-21 05:58:59,893 Epoch 220/300, Train Loss: 0.025919, Val Loss: 0.025787  
	Train = MSE:0.025919 , RMSE:0.160995 , MAE:0.115342 , MAPD:0.601963, R_squared:0.999551  
	Validation = MSE:0.028498 , RMSE:0.168814 , MAE:0.115783 , MAPD:0.632703, R_squared:0.999487

2024-03-21 05:59:01,361 Epoch 221/300, Train Loss: 0.029165, Val Loss: 0.028979  
	Train = MSE:0.029168 , RMSE:0.170785 , MAE:0.126011 , MAPD:0.662275, R_squared:0.999495  
	Validation = MSE:0.029812 , RMSE:0.172660 , MAE:0.121458 , MAPD:0.650058, R_squared:0.999464

2024-03-21 05:59:04,486 Epoch 222/300, Train Loss: 0.027674, Val Loss: 0.029066  
	Train = MSE:0.027672 , RMSE:0.166348 , MAE:0.120820 , MAPD:0.628378, R_squared:0.999521  
	Validation = MSE:0.029602 , RMSE:0.172052 , MAE:0.121566 , MAPD:0.649748, R_squared:0.999467

2024-03-21 05:59:05,722 Epoch 223/300, Train Loss: 0.027211, Val Loss: 0.032354  
	Train = MSE:0.027212 , RMSE:0.164962 , MAE:0.120332 , MAPD:0.624615, R_squared:0.999529  
	Validation = MSE:0.032678 , RMSE:0.180770 , MAE:0.138133 , MAPD:0.784584, R_squared:0.999412

2024-03-21 05:59:06,967 Epoch 224/300, Train Loss: 0.030554, Val Loss: 0.027636  
	Train = MSE:0.030558 , RMSE:0.174808 , MAE:0.130811 , MAPD:0.683791, R_squared:0.999471  
	Validation = MSE:0.030978 , RMSE:0.176005 , MAE:0.119812 , MAPD:0.656634, R_squared:0.999443

2024-03-21 05:59:08,196 Epoch 225/300, Train Loss: 0.025243, Val Loss: 0.028265  
	Train = MSE:0.025239 , RMSE:0.158868 , MAE:0.113614 , MAPD:0.595997, R_squared:0.999563  
	Validation = MSE:0.029921 , RMSE:0.172978 , MAE:0.128556 , MAPD:0.727391, R_squared:0.999462

2024-03-21 05:59:09,451 Epoch 226/300, Train Loss: 0.027599, Val Loss: 0.026541  
	Train = MSE:0.027599 , RMSE:0.166130 , MAE:0.120796 , MAPD:0.635890, R_squared:0.999522  
	Validation = MSE:0.028934 , RMSE:0.170099 , MAE:0.115925 , MAPD:0.637951, R_squared:0.999479

2024-03-21 05:59:10,679 Epoch 227/300, Train Loss: 0.025309, Val Loss: 0.025640  
	Train = MSE:0.025308 , RMSE:0.159085 , MAE:0.114908 , MAPD:0.603078, R_squared:0.999562  
	Validation = MSE:0.027622 , RMSE:0.166198 , MAE:0.114258 , MAPD:0.621196, R_squared:0.999503

2024-03-21 05:59:11,938 Epoch 228/300, Train Loss: 0.025683, Val Loss: 0.042583  
	Train = MSE:0.025685 , RMSE:0.160266 , MAE:0.116101 , MAPD:0.606088, R_squared:0.999555  
	Validation = MSE:0.047726 , RMSE:0.218463 , MAE:0.158751 , MAPD:0.830406, R_squared:0.999141

2024-03-21 05:59:13,142 Epoch 229/300, Train Loss: 0.027996, Val Loss: 0.028253  
	Train = MSE:0.027999 , RMSE:0.167328 , MAE:0.123094 , MAPD:0.646495, R_squared:0.999515  
	Validation = MSE:0.032387 , RMSE:0.179965 , MAE:0.121328 , MAPD:0.662301, R_squared:0.999417

2024-03-21 05:59:14,386 Epoch 230/300, Train Loss: 0.028441, Val Loss: 0.039503  
	Train = MSE:0.028442 , RMSE:0.168646 , MAE:0.121984 , MAPD:0.637206, R_squared:0.999508  
	Validation = MSE:0.044950 , RMSE:0.212015 , MAE:0.152369 , MAPD:0.792879, R_squared:0.999191

2024-03-21 05:59:15,619 Epoch 231/300, Train Loss: 0.027789, Val Loss: 0.026051  
	Train = MSE:0.027790 , RMSE:0.166704 , MAE:0.123116 , MAPD:0.652897, R_squared:0.999519  
	Validation = MSE:0.028518 , RMSE:0.168871 , MAE:0.115759 , MAPD:0.637817, R_squared:0.999487

2024-03-21 05:59:18,551 Epoch 232/300, Train Loss: 0.024787, Val Loss: 0.026033  
	Train = MSE:0.024787 , RMSE:0.157438 , MAE:0.112602 , MAPD:0.588393, R_squared:0.999571  
	Validation = MSE:0.028065 , RMSE:0.167525 , MAE:0.120986 , MAPD:0.673581, R_squared:0.999495

2024-03-21 05:59:19,767 Epoch 233/300, Train Loss: 0.026899, Val Loss: 0.030377  
	Train = MSE:0.026899 , RMSE:0.164010 , MAE:0.118219 , MAPD:0.612816, R_squared:0.999534  
	Validation = MSE:0.032587 , RMSE:0.180518 , MAE:0.128422 , MAPD:0.720967, R_squared:0.999414

2024-03-21 05:59:20,979 Epoch 234/300, Train Loss: 0.030372, Val Loss: 0.028520  
	Train = MSE:0.030376 , RMSE:0.174286 , MAE:0.128579 , MAPD:0.671017, R_squared:0.999474  
	Validation = MSE:0.029258 , RMSE:0.171051 , MAE:0.123318 , MAPD:0.662176, R_squared:0.999474

2024-03-21 05:59:22,194 Epoch 235/300, Train Loss: 0.023796, Val Loss: 0.026544  
	Train = MSE:0.023798 , RMSE:0.154268 , MAE:0.111526 , MAPD:0.582735, R_squared:0.999588  
	Validation = MSE:0.030083 , RMSE:0.173446 , MAE:0.117140 , MAPD:0.645318, R_squared:0.999459

2024-03-21 05:59:23,416 Epoch 236/300, Train Loss: 0.023777, Val Loss: 0.030951  
	Train = MSE:0.023778 , RMSE:0.154202 , MAE:0.109522 , MAPD:0.569630, R_squared:0.999588  
	Validation = MSE:0.030773 , RMSE:0.175422 , MAE:0.127173 , MAPD:0.665871, R_squared:0.999446

2024-03-21 05:59:24,640 Epoch 237/300, Train Loss: 0.025455, Val Loss: 0.027180  
	Train = MSE:0.025448 , RMSE:0.159526 , MAE:0.116943 , MAPD:0.605220, R_squared:0.999559  
	Validation = MSE:0.028800 , RMSE:0.169706 , MAE:0.125758 , MAPD:0.702893, R_squared:0.999482

2024-03-21 05:59:25,852 Epoch 238/300, Train Loss: 0.031368, Val Loss: 0.024612  
	Train = MSE:0.031370 , RMSE:0.177115 , MAE:0.131507 , MAPD:0.687640, R_squared:0.999457  
	Validation = MSE:0.026690 , RMSE:0.163370 , MAE:0.113911 , MAPD:0.623670, R_squared:0.999520

2024-03-21 05:59:27,064 Epoch 239/300, Train Loss: 0.025382, Val Loss: 0.024796  
	Train = MSE:0.025384 , RMSE:0.159324 , MAE:0.115009 , MAPD:0.596780, R_squared:0.999561  
	Validation = MSE:0.027963 , RMSE:0.167220 , MAE:0.115182 , MAPD:0.629316, R_squared:0.999497

2024-03-21 05:59:28,231 Epoch 240/300, Train Loss: 0.029507, Val Loss: 0.023281  
	Train = MSE:0.029502 , RMSE:0.171761 , MAE:0.128113 , MAPD:0.670847, R_squared:0.999489  
	Validation = MSE:0.026132 , RMSE:0.161654 , MAE:0.109484 , MAPD:0.596041, R_squared:0.999530

2024-03-21 05:59:29,439 Epoch 241/300, Train Loss: 0.028395, Val Loss: 0.023370  
	Train = MSE:0.028396 , RMSE:0.168512 , MAE:0.124639 , MAPD:0.659084, R_squared:0.999508  
	Validation = MSE:0.025789 , RMSE:0.160588 , MAE:0.110133 , MAPD:0.603850, R_squared:0.999536

2024-03-21 05:59:32,353 Epoch 242/300, Train Loss: 0.023425, Val Loss: 0.028479  
	Train = MSE:0.023426 , RMSE:0.153056 , MAE:0.109618 , MAPD:0.570203, R_squared:0.999594  
	Validation = MSE:0.032498 , RMSE:0.180273 , MAE:0.122377 , MAPD:0.636867, R_squared:0.999415

2024-03-21 05:59:33,573 Epoch 243/300, Train Loss: 0.022930, Val Loss: 0.023537  
	Train = MSE:0.022930 , RMSE:0.151427 , MAE:0.108544 , MAPD:0.564380, R_squared:0.999603  
	Validation = MSE:0.026264 , RMSE:0.162063 , MAE:0.110291 , MAPD:0.598233, R_squared:0.999527

2024-03-21 05:59:34,819 Epoch 244/300, Train Loss: 0.022968, Val Loss: 0.024730  
	Train = MSE:0.022968 , RMSE:0.151552 , MAE:0.108436 , MAPD:0.564128, R_squared:0.999602  
	Validation = MSE:0.026130 , RMSE:0.161648 , MAE:0.114246 , MAPD:0.617711, R_squared:0.999530

2024-03-21 05:59:36,073 Epoch 245/300, Train Loss: 0.022428, Val Loss: 0.028504  
	Train = MSE:0.022429 , RMSE:0.149763 , MAE:0.107783 , MAPD:0.556420, R_squared:0.999612  
	Validation = MSE:0.032962 , RMSE:0.181554 , MAE:0.123897 , MAPD:0.653055, R_squared:0.999407

2024-03-21 05:59:37,363 Epoch 246/300, Train Loss: 0.023963, Val Loss: 0.028514  
	Train = MSE:0.023961 , RMSE:0.154793 , MAE:0.112124 , MAPD:0.583110, R_squared:0.999585  
	Validation = MSE:0.032209 , RMSE:0.179468 , MAE:0.126655 , MAPD:0.714024, R_squared:0.999420

2024-03-21 05:59:39,052 Epoch 247/300, Train Loss: 0.023051, Val Loss: 0.022691  
	Train = MSE:0.023050 , RMSE:0.151823 , MAE:0.110610 , MAPD:0.583638, R_squared:0.999601  
	Validation = MSE:0.025235 , RMSE:0.158856 , MAE:0.108713 , MAPD:0.590593, R_squared:0.999546

2024-03-21 05:59:40,531 Epoch 248/300, Train Loss: 0.022186, Val Loss: 0.026745  
	Train = MSE:0.022182 , RMSE:0.148938 , MAE:0.106799 , MAPD:0.555400, R_squared:0.999616  
	Validation = MSE:0.029896 , RMSE:0.172906 , MAE:0.121500 , MAPD:0.681094, R_squared:0.999462

2024-03-21 05:59:41,767 Epoch 249/300, Train Loss: 0.026610, Val Loss: 0.026927  
	Train = MSE:0.026607 , RMSE:0.163115 , MAE:0.120100 , MAPD:0.626600, R_squared:0.999539  
	Validation = MSE:0.027779 , RMSE:0.166670 , MAE:0.116442 , MAPD:0.610315, R_squared:0.999500

2024-03-21 05:59:43,390 Epoch 250/300, Train Loss: 0.033846, Val Loss: 0.068054  
	Train = MSE:0.033846 , RMSE:0.183972 , MAE:0.139225 , MAPD:0.720217, R_squared:0.999414  
	Validation = MSE:0.064054 , RMSE:0.253090 , MAE:0.221596 , MAPD:1.198527, R_squared:0.998847

2024-03-21 05:59:44,949 Epoch 251/300, Train Loss: 0.029991, Val Loss: 0.022425  
	Train = MSE:0.029988 , RMSE:0.173170 , MAE:0.130808 , MAPD:0.689265, R_squared:0.999481  
	Validation = MSE:0.024841 , RMSE:0.157609 , MAE:0.107389 , MAPD:0.580647, R_squared:0.999553

2024-03-21 05:59:49,020 Epoch 252/300, Train Loss: 0.025372, Val Loss: 0.027362  
	Train = MSE:0.025374 , RMSE:0.159293 , MAE:0.117449 , MAPD:0.614994, R_squared:0.999561  
	Validation = MSE:0.031622 , RMSE:0.177826 , MAE:0.123849 , MAPD:0.667380, R_squared:0.999431

2024-03-21 05:59:50,255 Epoch 253/300, Train Loss: 0.024224, Val Loss: 0.025652  
	Train = MSE:0.024225 , RMSE:0.155644 , MAE:0.113799 , MAPD:0.587686, R_squared:0.999581  
	Validation = MSE:0.029205 , RMSE:0.170895 , MAE:0.118264 , MAPD:0.653024, R_squared:0.999474

2024-03-21 05:59:51,468 Epoch 254/300, Train Loss: 0.021666, Val Loss: 0.024275  
	Train = MSE:0.021659 , RMSE:0.147171 , MAE:0.104032 , MAPD:0.538891, R_squared:0.999625  
	Validation = MSE:0.025861 , RMSE:0.160814 , MAE:0.117470 , MAPD:0.650126, R_squared:0.999535

2024-03-21 05:59:52,695 Epoch 255/300, Train Loss: 0.022237, Val Loss: 0.026033  
	Train = MSE:0.022237 , RMSE:0.149122 , MAE:0.108487 , MAPD:0.556260, R_squared:0.999615  
	Validation = MSE:0.028351 , RMSE:0.168378 , MAE:0.120001 , MAPD:0.663318, R_squared:0.999490

2024-03-21 05:59:53,913 Epoch 256/300, Train Loss: 0.021975, Val Loss: 0.026456  
	Train = MSE:0.021977 , RMSE:0.148248 , MAE:0.106386 , MAPD:0.558359, R_squared:0.999620  
	Validation = MSE:0.030337 , RMSE:0.174176 , MAE:0.121312 , MAPD:0.640042, R_squared:0.999454

2024-03-21 05:59:55,145 Epoch 257/300, Train Loss: 0.023587, Val Loss: 0.023030  
	Train = MSE:0.023582 , RMSE:0.153565 , MAE:0.111688 , MAPD:0.585655, R_squared:0.999592  
	Validation = MSE:0.025508 , RMSE:0.159711 , MAE:0.109625 , MAPD:0.594686, R_squared:0.999541

2024-03-21 05:59:56,362 Epoch 258/300, Train Loss: 0.025748, Val Loss: 0.026085  
	Train = MSE:0.025749 , RMSE:0.160466 , MAE:0.118264 , MAPD:0.618057, R_squared:0.999554  
	Validation = MSE:0.029811 , RMSE:0.172660 , MAE:0.119837 , MAPD:0.649887, R_squared:0.999464

2024-03-21 05:59:57,572 Epoch 259/300, Train Loss: 0.029014, Val Loss: 0.031016  
	Train = MSE:0.029017 , RMSE:0.170343 , MAE:0.127900 , MAPD:0.677300, R_squared:0.999498  
	Validation = MSE:0.034966 , RMSE:0.186992 , MAE:0.139240 , MAPD:0.793504, R_squared:0.999371

2024-03-21 05:59:58,791 Epoch 260/300, Train Loss: 0.028290, Val Loss: 0.022136  
	Train = MSE:0.028292 , RMSE:0.168203 , MAE:0.126334 , MAPD:0.657561, R_squared:0.999510  
	Validation = MSE:0.024178 , RMSE:0.155494 , MAE:0.106190 , MAPD:0.569690, R_squared:0.999565

2024-03-21 06:00:00,032 Epoch 261/300, Train Loss: 0.024297, Val Loss: 0.024587  
	Train = MSE:0.024296 , RMSE:0.155873 , MAE:0.114192 , MAPD:0.596810, R_squared:0.999579  
	Validation = MSE:0.026655 , RMSE:0.163265 , MAE:0.115062 , MAPD:0.637310, R_squared:0.999520

2024-03-21 06:00:02,773 Epoch 262/300, Train Loss: 0.023392, Val Loss: 0.021761  
	Train = MSE:0.023393 , RMSE:0.152948 , MAE:0.112165 , MAPD:0.585699, R_squared:0.999595  
	Validation = MSE:0.024114 , RMSE:0.155286 , MAE:0.109532 , MAPD:0.599649, R_squared:0.999566

2024-03-21 06:00:04,011 Epoch 263/300, Train Loss: 0.021343, Val Loss: 0.022119  
	Train = MSE:0.021344 , RMSE:0.146097 , MAE:0.105360 , MAPD:0.553214, R_squared:0.999631  
	Validation = MSE:0.024502 , RMSE:0.156532 , MAE:0.107281 , MAPD:0.579129, R_squared:0.999559

2024-03-21 06:00:05,234 Epoch 264/300, Train Loss: 0.020305, Val Loss: 0.022043  
	Train = MSE:0.020305 , RMSE:0.142496 , MAE:0.101469 , MAPD:0.523465, R_squared:0.999649  
	Validation = MSE:0.025151 , RMSE:0.158591 , MAE:0.107514 , MAPD:0.586765, R_squared:0.999547

2024-03-21 06:00:06,460 Epoch 265/300, Train Loss: 0.023024, Val Loss: 0.023959  
	Train = MSE:0.023026 , RMSE:0.151743 , MAE:0.110229 , MAPD:0.571837, R_squared:0.999601  
	Validation = MSE:0.025602 , RMSE:0.160005 , MAE:0.119317 , MAPD:0.662344, R_squared:0.999539

2024-03-21 06:00:07,692 Epoch 266/300, Train Loss: 0.030535, Val Loss: 0.032074  
	Train = MSE:0.030532 , RMSE:0.174735 , MAE:0.131221 , MAPD:0.687647, R_squared:0.999471  
	Validation = MSE:0.033007 , RMSE:0.181677 , MAE:0.146835 , MAPD:0.850362, R_squared:0.999406

2024-03-21 06:00:08,970 Epoch 267/300, Train Loss: 0.023077, Val Loss: 0.022821  
	Train = MSE:0.023079 , RMSE:0.151919 , MAE:0.112146 , MAPD:0.591104, R_squared:0.999600  
	Validation = MSE:0.024882 , RMSE:0.157742 , MAE:0.114255 , MAPD:0.633985, R_squared:0.999552

2024-03-21 06:00:11,720 Epoch 268/300, Train Loss: 0.021542, Val Loss: 0.024693  
	Train = MSE:0.021542 , RMSE:0.146772 , MAE:0.105468 , MAPD:0.545299, R_squared:0.999627  
	Validation = MSE:0.025603 , RMSE:0.160009 , MAE:0.117665 , MAPD:0.631108, R_squared:0.999539

2024-03-21 06:00:13,144 Epoch 269/300, Train Loss: 0.020695, Val Loss: 0.020574  
	Train = MSE:0.020693 , RMSE:0.143849 , MAE:0.102359 , MAPD:0.529332, R_squared:0.999642  
	Validation = MSE:0.023119 , RMSE:0.152048 , MAE:0.102644 , MAPD:0.554735, R_squared:0.999584

2024-03-21 06:00:14,467 Epoch 270/300, Train Loss: 0.020296, Val Loss: 0.025647  
	Train = MSE:0.020296 , RMSE:0.142464 , MAE:0.102015 , MAPD:0.527345, R_squared:0.999649  
	Validation = MSE:0.026436 , RMSE:0.162592 , MAE:0.120215 , MAPD:0.640897, R_squared:0.999524

2024-03-21 06:00:15,678 Epoch 271/300, Train Loss: 0.024692, Val Loss: 0.029597  
	Train = MSE:0.024691 , RMSE:0.157134 , MAE:0.115658 , MAPD:0.599502, R_squared:0.999573  
	Validation = MSE:0.030157 , RMSE:0.173657 , MAE:0.135967 , MAPD:0.752147, R_squared:0.999457

2024-03-21 06:00:18,372 Epoch 272/300, Train Loss: 0.026229, Val Loss: 0.023554  
	Train = MSE:0.026230 , RMSE:0.161957 , MAE:0.121777 , MAPD:0.641743, R_squared:0.999546  
	Validation = MSE:0.027039 , RMSE:0.164436 , MAE:0.113821 , MAPD:0.620058, R_squared:0.999513

2024-03-21 06:00:19,578 Epoch 273/300, Train Loss: 0.029015, Val Loss: 0.026657  
	Train = MSE:0.029016 , RMSE:0.170340 , MAE:0.129017 , MAPD:0.669893, R_squared:0.999498  
	Validation = MSE:0.030876 , RMSE:0.175715 , MAE:0.126284 , MAPD:0.704000, R_squared:0.999444

2024-03-21 06:00:20,829 Epoch 274/300, Train Loss: 0.021510, Val Loss: 0.021880  
	Train = MSE:0.021509 , RMSE:0.146660 , MAE:0.106021 , MAPD:0.552994, R_squared:0.999628  
	Validation = MSE:0.024651 , RMSE:0.157005 , MAE:0.110008 , MAPD:0.590995, R_squared:0.999556

2024-03-21 06:00:22,194 Epoch 275/300, Train Loss: 0.031080, Val Loss: 0.033600  
	Train = MSE:0.031080 , RMSE:0.176295 , MAE:0.132324 , MAPD:0.698905, R_squared:0.999462  
	Validation = MSE:0.035195 , RMSE:0.187603 , MAE:0.148762 , MAPD:0.862805, R_squared:0.999367

2024-03-21 06:00:23,794 Epoch 276/300, Train Loss: 0.025728, Val Loss: 0.021570  
	Train = MSE:0.025730 , RMSE:0.160406 , MAE:0.119625 , MAPD:0.628663, R_squared:0.999555  
	Validation = MSE:0.023744 , RMSE:0.154092 , MAE:0.107153 , MAPD:0.575806, R_squared:0.999573

2024-03-21 06:00:25,025 Epoch 277/300, Train Loss: 0.021365, Val Loss: 0.021199  
	Train = MSE:0.021362 , RMSE:0.146158 , MAE:0.105939 , MAPD:0.548370, R_squared:0.999630  
	Validation = MSE:0.023730 , RMSE:0.154046 , MAE:0.105981 , MAPD:0.579514, R_squared:0.999573

2024-03-21 06:00:26,241 Epoch 278/300, Train Loss: 0.021162, Val Loss: 0.024155  
	Train = MSE:0.021161 , RMSE:0.145468 , MAE:0.106080 , MAPD:0.552956, R_squared:0.999634  
	Validation = MSE:0.027500 , RMSE:0.165831 , MAE:0.118204 , MAPD:0.657950, R_squared:0.999505

2024-03-21 06:00:27,460 Epoch 279/300, Train Loss: 0.020135, Val Loss: 0.021478  
	Train = MSE:0.020135 , RMSE:0.141899 , MAE:0.101370 , MAPD:0.526576, R_squared:0.999651  
	Validation = MSE:0.023884 , RMSE:0.154546 , MAE:0.110023 , MAPD:0.604638, R_squared:0.999570

2024-03-21 06:00:28,698 Epoch 280/300, Train Loss: 0.019525, Val Loss: 0.024085  
	Train = MSE:0.019526 , RMSE:0.139735 , MAE:0.100309 , MAPD:0.523116, R_squared:0.999662  
	Validation = MSE:0.027550 , RMSE:0.165981 , MAE:0.115475 , MAPD:0.605663, R_squared:0.999504

2024-03-21 06:00:29,918 Epoch 281/300, Train Loss: 0.020627, Val Loss: 0.024300  
	Train = MSE:0.020626 , RMSE:0.143618 , MAE:0.104238 , MAPD:0.551570, R_squared:0.999643  
	Validation = MSE:0.025871 , RMSE:0.160845 , MAE:0.115763 , MAPD:0.639974, R_squared:0.999534

2024-03-21 06:00:32,610 Epoch 282/300, Train Loss: 0.020873, Val Loss: 0.029484  
	Train = MSE:0.020874 , RMSE:0.144477 , MAE:0.104968 , MAPD:0.550651, R_squared:0.999639  
	Validation = MSE:0.030680 , RMSE:0.175157 , MAE:0.131134 , MAPD:0.729177, R_squared:0.999448

2024-03-21 06:00:33,820 Epoch 283/300, Train Loss: 0.021430, Val Loss: 0.022627  
	Train = MSE:0.021431 , RMSE:0.146394 , MAE:0.106120 , MAPD:0.555360, R_squared:0.999629  
	Validation = MSE:0.023570 , RMSE:0.153526 , MAE:0.109198 , MAPD:0.578210, R_squared:0.999576

2024-03-21 06:00:35,041 Epoch 284/300, Train Loss: 0.019882, Val Loss: 0.022397  
	Train = MSE:0.019883 , RMSE:0.141007 , MAE:0.101959 , MAPD:0.529358, R_squared:0.999656  
	Validation = MSE:0.025643 , RMSE:0.160134 , MAE:0.109892 , MAPD:0.575686, R_squared:0.999539

2024-03-21 06:00:36,683 Epoch 285/300, Train Loss: 0.020179, Val Loss: 0.020794  
	Train = MSE:0.020178 , RMSE:0.142049 , MAE:0.102082 , MAPD:0.528477, R_squared:0.999651  
	Validation = MSE:0.023201 , RMSE:0.152318 , MAE:0.108343 , MAPD:0.597782, R_squared:0.999583

2024-03-21 06:00:37,905 Epoch 286/300, Train Loss: 0.021620, Val Loss: 0.019862  
	Train = MSE:0.021622 , RMSE:0.147044 , MAE:0.106617 , MAPD:0.553476, R_squared:0.999626  
	Validation = MSE:0.022699 , RMSE:0.150663 , MAE:0.102797 , MAPD:0.554067, R_squared:0.999592

2024-03-21 06:00:39,146 Epoch 287/300, Train Loss: 0.020559, Val Loss: 0.020975  
	Train = MSE:0.020560 , RMSE:0.143388 , MAE:0.103505 , MAPD:0.535949, R_squared:0.999644  
	Validation = MSE:0.023424 , RMSE:0.153050 , MAE:0.109606 , MAPD:0.600911, R_squared:0.999578

2024-03-21 06:00:40,348 Epoch 288/300, Train Loss: 0.022408, Val Loss: 0.024439  
	Train = MSE:0.022409 , RMSE:0.149697 , MAE:0.109483 , MAPD:0.571803, R_squared:0.999612  
	Validation = MSE:0.028297 , RMSE:0.168218 , MAE:0.115823 , MAPD:0.606096, R_squared:0.999491

2024-03-21 06:00:41,566 Epoch 289/300, Train Loss: 0.020265, Val Loss: 0.021933  
	Train = MSE:0.020267 , RMSE:0.142363 , MAE:0.102298 , MAPD:0.532611, R_squared:0.999649  
	Validation = MSE:0.023126 , RMSE:0.152071 , MAE:0.108275 , MAPD:0.576890, R_squared:0.999584

2024-03-21 06:00:42,772 Epoch 290/300, Train Loss: 0.020595, Val Loss: 0.025741  
	Train = MSE:0.020594 , RMSE:0.143505 , MAE:0.105075 , MAPD:0.545555, R_squared:0.999644  
	Validation = MSE:0.028952 , RMSE:0.170153 , MAE:0.122183 , MAPD:0.669982, R_squared:0.999479

2024-03-21 06:00:43,992 Epoch 291/300, Train Loss: 0.023320, Val Loss: 0.021797  
	Train = MSE:0.023320 , RMSE:0.152708 , MAE:0.112068 , MAPD:0.580918, R_squared:0.999596  
	Validation = MSE:0.023251 , RMSE:0.152483 , MAE:0.111589 , MAPD:0.606113, R_squared:0.999582

2024-03-21 06:00:46,713 Epoch 292/300, Train Loss: 0.019910, Val Loss: 0.024808  
	Train = MSE:0.019911 , RMSE:0.141106 , MAE:0.103438 , MAPD:0.537667, R_squared:0.999655  
	Validation = MSE:0.025597 , RMSE:0.159992 , MAE:0.122295 , MAPD:0.693502, R_squared:0.999539

2024-03-21 06:00:47,934 Epoch 293/300, Train Loss: 0.023197, Val Loss: 0.023561  
	Train = MSE:0.023194 , RMSE:0.152297 , MAE:0.112641 , MAPD:0.585613, R_squared:0.999599  
	Validation = MSE:0.025184 , RMSE:0.158695 , MAE:0.119074 , MAPD:0.672291, R_squared:0.999547

2024-03-21 06:00:49,164 Epoch 294/300, Train Loss: 0.019697, Val Loss: 0.023360  
	Train = MSE:0.019697 , RMSE:0.140348 , MAE:0.102036 , MAPD:0.531726, R_squared:0.999659  
	Validation = MSE:0.025576 , RMSE:0.159926 , MAE:0.115461 , MAPD:0.646168, R_squared:0.999540

2024-03-21 06:00:50,386 Epoch 295/300, Train Loss: 0.021882, Val Loss: 0.019045  
	Train = MSE:0.021883 , RMSE:0.147930 , MAE:0.109466 , MAPD:0.576106, R_squared:0.999621  
	Validation = MSE:0.021144 , RMSE:0.145410 , MAE:0.100330 , MAPD:0.539617, R_squared:0.999620

2024-03-21 06:00:51,600 Epoch 296/300, Train Loss: 0.020526, Val Loss: 0.023896  
	Train = MSE:0.020520 , RMSE:0.143247 , MAE:0.104199 , MAPD:0.542591, R_squared:0.999645  
	Validation = MSE:0.027498 , RMSE:0.165825 , MAE:0.113418 , MAPD:0.585525, R_squared:0.999505

2024-03-21 06:00:52,821 Epoch 297/300, Train Loss: 0.026113, Val Loss: 0.028386  
	Train = MSE:0.026113 , RMSE:0.161596 , MAE:0.122448 , MAPD:0.638913, R_squared:0.999548  
	Validation = MSE:0.028511 , RMSE:0.168852 , MAE:0.129554 , MAPD:0.676064, R_squared:0.999487

2024-03-21 06:00:54,045 Epoch 298/300, Train Loss: 0.022343, Val Loss: 0.031680  
	Train = MSE:0.022341 , RMSE:0.149469 , MAE:0.110548 , MAPD:0.574792, R_squared:0.999613  
	Validation = MSE:0.031687 , RMSE:0.178009 , MAE:0.133927 , MAPD:0.711353, R_squared:0.999430

2024-03-21 06:00:55,592 Epoch 299/300, Train Loss: 0.021169, Val Loss: 0.031416  
	Train = MSE:0.021168 , RMSE:0.145492 , MAE:0.107140 , MAPD:0.560490, R_squared:0.999634  
	Validation = MSE:0.035345 , RMSE:0.188002 , MAE:0.141550 , MAPD:0.766003, R_squared:0.999364

2024-03-21 06:00:56,803 Epoch 300/300, Train Loss: 0.023886, Val Loss: 0.018917  
	Train = MSE:0.023887 , RMSE:0.154555 , MAE:0.114399 , MAPD:0.602488, R_squared:0.999587  
	Validation = MSE:0.021183 , RMSE:0.145544 , MAE:0.100555 , MAPD:0.541405, R_squared:0.999619

2024-03-21 06:00:56,807 Time for training the model: 447.178001
2024-03-21 06:00:58,145 MSE for train: 0.016511
2024-03-21 06:00:58,145 RMSE for train: 0.128496
2024-03-21 06:00:58,145 MAE for train: 0.090291
2024-03-21 06:00:58,145 MAPD for train: 0.469077
2024-03-21 06:00:58,145 R^2 Score for train: 0.999714
2024-03-21 06:00:58,149 Inference time for train dataset: 0.429000

2024-03-21 06:00:58,235 MSE for val: 0.021183
2024-03-21 06:00:58,235 RMSE for val: 0.145544
2024-03-21 06:00:58,235 MAE for val: 0.100555
2024-03-21 06:00:58,235 MAPD for val: 0.541405
2024-03-21 06:00:58,235 R^2 Score for val: 0.999619
2024-03-21 06:00:58,240 Inference time for val dataset: 0.085000

2024-03-21 06:00:58,325 MSE for test: 0.023833
2024-03-21 06:00:58,326 RMSE for test: 0.154379
2024-03-21 06:00:58,326 MAE for test: 0.098146
2024-03-21 06:00:58,326 MAPD for test: 0.497987
2024-03-21 06:00:58,326 R^2 Score for test: 0.999607
2024-03-21 06:00:58,329 Inference time for test dataset: 0.086000

2024-03-21 06:01:01,529 Train label average: , [20.62097221]
2024-03-21 06:01:01,529 Test label average: , [21.41736175]
2024-03-21 06:01:01,529 validation label average: , [20.14607025]
2024-03-21 06:01:01,530 predicted (on validation dataset) values average: , 21.4075146484375
