2024-03-21 03:39:33,828 train batches in dataset: 50
2024-03-21 03:39:33,828 val batches in dataset: 7
2024-03-21 03:39:33,828 test batches in dataset: 7
2024-03-21 03:39:33,868 Trainable parameter: net_core.0.weight - size: torch.Size([256, 35])
2024-03-21 03:39:33,895 Trainable parameter: net_core.0.bias - size: torch.Size([256])
2024-03-21 03:39:34,091 Trainable parameter: net_core.1.weight - size: torch.Size([128, 256])
2024-03-21 03:39:34,095 Trainable parameter: net_core.1.bias - size: torch.Size([128])
2024-03-21 03:39:34,099 Trainable parameter: net_core.2.weight - size: torch.Size([64, 128])
2024-03-21 03:39:34,101 Trainable parameter: net_core.2.bias - size: torch.Size([64])
2024-03-21 03:39:34,106 Trainable parameter: net_core.3.weight - size: torch.Size([16, 64])
2024-03-21 03:39:34,316 Trainable parameter: net_core.3.bias - size: torch.Size([16])
2024-03-21 03:39:34,322 Trainable parameter: net_core.4.weight - size: torch.Size([1, 16])
2024-03-21 03:39:34,325 Trainable parameter: net_core.4.bias - size: torch.Size([1])
2024-03-21 03:39:34,334 Number of trainable parameters: 51425
2024-03-21 03:39:34,335 Number of non-trainable parameters: 0
2024-03-21 03:39:42,198 Epoch 1/300, Train Loss: 720.099811, Val Loss: 2.194094  
	Train = MSE:720.323914 , RMSE:26.838850 , MAE:9.447561 , MAPD:49.850186, R_squared:-11.468930  
	Validation = MSE:2.048231 , RMSE:1.431164 , MAE:1.121211 , MAPD:6.347247, R_squared:0.963144

2024-03-21 03:39:47,061 Epoch 2/300, Train Loss: 1.899158, Val Loss: 1.002735  
	Train = MSE:1.899197 , RMSE:1.378114 , MAE:1.110382 , MAPD:6.087455, R_squared:0.967125  
	Validation = MSE:0.986203 , RMSE:0.993078 , MAE:0.808897 , MAPD:4.579122, R_squared:0.982254

2024-03-21 03:39:50,841 Epoch 3/300, Train Loss: 1.201108, Val Loss: 0.667653  
	Train = MSE:1.201208 , RMSE:1.095996 , MAE:0.871427 , MAPD:4.636323, R_squared:0.979207  
	Validation = MSE:0.650034 , RMSE:0.806247 , MAE:0.644719 , MAPD:3.426350, R_squared:0.988303

2024-03-21 03:39:57,392 Epoch 4/300, Train Loss: 0.648280, Val Loss: 0.529628  
	Train = MSE:0.648376 , RMSE:0.805218 , MAE:0.630020 , MAPD:3.335777, R_squared:0.988776  
	Validation = MSE:0.519681 , RMSE:0.720889 , MAE:0.557616 , MAPD:3.102270, R_squared:0.990649

2024-03-21 03:40:01,342 Epoch 5/300, Train Loss: 0.483166, Val Loss: 0.387368  
	Train = MSE:0.483180 , RMSE:0.695111 , MAE:0.535890 , MAPD:2.813272, R_squared:0.991636  
	Validation = MSE:0.379042 , RMSE:0.615664 , MAE:0.463068 , MAPD:2.606831, R_squared:0.993180

2024-03-21 03:40:04,772 Epoch 6/300, Train Loss: 0.440032, Val Loss: 1.715088  
	Train = MSE:0.439586 , RMSE:0.663012 , MAE:0.504075 , MAPD:2.656040, R_squared:0.992391  
	Validation = MSE:1.694672 , RMSE:1.301795 , MAE:1.173875 , MAPD:6.036897, R_squared:0.969506

2024-03-21 03:40:09,007 Epoch 7/300, Train Loss: 0.744766, Val Loss: 0.909489  
	Train = MSE:0.744909 , RMSE:0.863081 , MAE:0.669589 , MAPD:3.441646, R_squared:0.987105  
	Validation = MSE:0.903253 , RMSE:0.950396 , MAE:0.859495 , MAPD:4.813928, R_squared:0.983747

2024-03-21 03:40:13,409 Epoch 8/300, Train Loss: 0.380188, Val Loss: 0.195069  
	Train = MSE:0.380230 , RMSE:0.616628 , MAE:0.478325 , MAPD:2.531321, R_squared:0.993418  
	Validation = MSE:0.192059 , RMSE:0.438246 , MAE:0.319102 , MAPD:1.776929, R_squared:0.996544

2024-03-21 03:40:17,022 Epoch 9/300, Train Loss: 0.330668, Val Loss: 0.203785  
	Train = MSE:0.330694 , RMSE:0.575060 , MAE:0.449001 , MAPD:2.367195, R_squared:0.994276  
	Validation = MSE:0.190984 , RMSE:0.437018 , MAE:0.318349 , MAPD:1.810807, R_squared:0.996563

2024-03-21 03:40:20,680 Epoch 10/300, Train Loss: 0.274704, Val Loss: 0.472869  
	Train = MSE:0.274688 , RMSE:0.524107 , MAE:0.403159 , MAPD:2.137633, R_squared:0.995245  
	Validation = MSE:0.481973 , RMSE:0.694243 , MAE:0.593630 , MAPD:3.407308, R_squared:0.991327

2024-03-21 03:40:24,635 Epoch 11/300, Train Loss: 1.443939, Val Loss: 0.219252  
	Train = MSE:1.444088 , RMSE:1.201702 , MAE:0.934724 , MAPD:4.771198, R_squared:0.975003  
	Validation = MSE:0.221332 , RMSE:0.470459 , MAE:0.369262 , MAPD:2.113009, R_squared:0.996017

2024-03-21 03:40:30,846 Epoch 12/300, Train Loss: 0.308435, Val Loss: 0.925942  
	Train = MSE:0.308362 , RMSE:0.555303 , MAE:0.428789 , MAPD:2.244723, R_squared:0.994662  
	Validation = MSE:0.917764 , RMSE:0.958000 , MAE:0.807740 , MAPD:3.918890, R_squared:0.983486

2024-03-21 03:40:34,445 Epoch 13/300, Train Loss: 0.317544, Val Loss: 0.168110  
	Train = MSE:0.317612 , RMSE:0.563570 , MAE:0.436275 , MAPD:2.313966, R_squared:0.994502  
	Validation = MSE:0.162513 , RMSE:0.403129 , MAE:0.279468 , MAPD:1.638339, R_squared:0.997076

2024-03-21 03:40:38,644 Epoch 14/300, Train Loss: 0.204345, Val Loss: 0.158648  
	Train = MSE:0.204352 , RMSE:0.452053 , MAE:0.343009 , MAPD:1.852901, R_squared:0.996463  
	Validation = MSE:0.149440 , RMSE:0.386574 , MAE:0.293492 , MAPD:1.749550, R_squared:0.997311

2024-03-21 03:40:43,004 Epoch 15/300, Train Loss: 0.193852, Val Loss: 0.169332  
	Train = MSE:0.193896 , RMSE:0.440336 , MAE:0.332496 , MAPD:1.774065, R_squared:0.996644  
	Validation = MSE:0.157966 , RMSE:0.397450 , MAE:0.273581 , MAPD:1.586064, R_squared:0.997158

2024-03-21 03:40:47,019 Epoch 16/300, Train Loss: 2.803067, Val Loss: 1.390519  
	Train = MSE:2.802964 , RMSE:1.674205 , MAE:1.277569 , MAPD:6.529194, R_squared:0.951480  
	Validation = MSE:1.429240 , RMSE:1.195508 , MAE:1.018056 , MAPD:6.687419, R_squared:0.974282

2024-03-21 03:40:50,811 Epoch 17/300, Train Loss: 0.983283, Val Loss: 0.445959  
	Train = MSE:0.983494 , RMSE:0.991713 , MAE:0.694803 , MAPD:3.587252, R_squared:0.982976  
	Validation = MSE:0.443630 , RMSE:0.666056 , MAE:0.583666 , MAPD:3.259207, R_squared:0.992017

2024-03-21 03:40:55,410 Epoch 18/300, Train Loss: 0.363679, Val Loss: 0.143829  
	Train = MSE:0.363738 , RMSE:0.603107 , MAE:0.472350 , MAPD:2.466288, R_squared:0.993704  
	Validation = MSE:0.133911 , RMSE:0.365938 , MAE:0.242719 , MAPD:1.382829, R_squared:0.997590

2024-03-21 03:40:58,851 Epoch 19/300, Train Loss: 0.709951, Val Loss: 0.497449  
	Train = MSE:0.710104 , RMSE:0.842677 , MAE:0.646092 , MAPD:3.232271, R_squared:0.987708  
	Validation = MSE:0.491039 , RMSE:0.700742 , MAE:0.607264 , MAPD:3.242695, R_squared:0.991164

2024-03-21 03:41:02,098 Epoch 20/300, Train Loss: 0.234968, Val Loss: 0.150661  
	Train = MSE:0.234968 , RMSE:0.484735 , MAE:0.376292 , MAPD:1.958915, R_squared:0.995933  
	Validation = MSE:0.145393 , RMSE:0.381305 , MAE:0.287107 , MAPD:1.698118, R_squared:0.997384

2024-03-21 03:41:06,653 Epoch 21/300, Train Loss: 0.235972, Val Loss: 0.272394  
	Train = MSE:0.236021 , RMSE:0.485820 , MAE:0.377644 , MAPD:1.985287, R_squared:0.995914  
	Validation = MSE:0.265488 , RMSE:0.515255 , MAE:0.445171 , MAPD:2.628940, R_squared:0.995223

2024-03-21 03:41:12,561 Epoch 22/300, Train Loss: 0.274035, Val Loss: 0.164928  
	Train = MSE:0.274065 , RMSE:0.523513 , MAE:0.410494 , MAPD:2.136408, R_squared:0.995256  
	Validation = MSE:0.148367 , RMSE:0.385184 , MAE:0.260120 , MAPD:1.400324, R_squared:0.997330

2024-03-21 03:41:16,840 Epoch 23/300, Train Loss: 0.161030, Val Loss: 0.116282  
	Train = MSE:0.161022 , RMSE:0.401276 , MAE:0.293748 , MAPD:1.554762, R_squared:0.997213  
	Validation = MSE:0.111479 , RMSE:0.333884 , MAE:0.235802 , MAPD:1.365427, R_squared:0.997994

2024-03-21 03:41:20,741 Epoch 24/300, Train Loss: 0.266273, Val Loss: 0.539905  
	Train = MSE:0.266309 , RMSE:0.516052 , MAE:0.389653 , MAPD:2.016390, R_squared:0.995390  
	Validation = MSE:0.522084 , RMSE:0.722554 , MAE:0.647141 , MAPD:3.369889, R_squared:0.990606

2024-03-21 03:41:24,779 Epoch 25/300, Train Loss: 0.283589, Val Loss: 0.113908  
	Train = MSE:0.283588 , RMSE:0.532530 , MAE:0.407501 , MAPD:2.109761, R_squared:0.995091  
	Validation = MSE:0.105843 , RMSE:0.325335 , MAE:0.212131 , MAPD:1.191828, R_squared:0.998095

2024-03-21 03:41:28,092 Epoch 26/300, Train Loss: 0.659208, Val Loss: 0.338174  
	Train = MSE:0.658343 , RMSE:0.811383 , MAE:0.594206 , MAPD:3.016361, R_squared:0.988604  
	Validation = MSE:0.323144 , RMSE:0.568458 , MAE:0.459040 , MAPD:2.649282, R_squared:0.994185

2024-03-21 03:41:32,054 Epoch 27/300, Train Loss: 0.255142, Val Loss: 0.110421  
	Train = MSE:0.255188 , RMSE:0.505161 , MAE:0.371518 , MAPD:1.953553, R_squared:0.995583  
	Validation = MSE:0.106055 , RMSE:0.325662 , MAE:0.235159 , MAPD:1.376591, R_squared:0.998092

2024-03-21 03:41:36,375 Epoch 28/300, Train Loss: 0.588830, Val Loss: 2.745827  
	Train = MSE:0.588376 , RMSE:0.767057 , MAE:0.602966 , MAPD:3.062514, R_squared:0.989815  
	Validation = MSE:2.736381 , RMSE:1.654201 , MAE:1.581015 , MAPD:8.148645, R_squared:0.950761

2024-03-21 03:41:41,010 Epoch 29/300, Train Loss: 2.166141, Val Loss: 0.777316  
	Train = MSE:2.166702 , RMSE:1.471972 , MAE:1.186810 , MAPD:5.982648, R_squared:0.962494  
	Validation = MSE:0.763605 , RMSE:0.873845 , MAE:0.732281 , MAPD:3.682006, R_squared:0.986260

2024-03-21 03:41:44,285 Epoch 30/300, Train Loss: 0.220818, Val Loss: 0.134240  
	Train = MSE:0.220866 , RMSE:0.469964 , MAE:0.340917 , MAPD:1.823751, R_squared:0.996177  
	Validation = MSE:0.123223 , RMSE:0.351032 , MAE:0.255305 , MAPD:1.484615, R_squared:0.997783

2024-03-21 03:41:48,088 Epoch 31/300, Train Loss: 0.131658, Val Loss: 0.120176  
	Train = MSE:0.131656 , RMSE:0.362844 , MAE:0.263504 , MAPD:1.412403, R_squared:0.997721  
	Validation = MSE:0.113086 , RMSE:0.336283 , MAE:0.244500 , MAPD:1.427734, R_squared:0.997965

2024-03-21 03:41:53,667 Epoch 32/300, Train Loss: 0.282443, Val Loss: 1.332419  
	Train = MSE:0.282208 , RMSE:0.531233 , MAE:0.375428 , MAPD:1.948493, R_squared:0.995115  
	Validation = MSE:1.278515 , RMSE:1.130715 , MAE:0.961469 , MAPD:4.613545, R_squared:0.976994

2024-03-21 03:41:57,286 Epoch 33/300, Train Loss: 0.450100, Val Loss: 0.122838  
	Train = MSE:0.450197 , RMSE:0.670967 , MAE:0.517338 , MAPD:2.630020, R_squared:0.992207  
	Validation = MSE:0.111789 , RMSE:0.334349 , MAE:0.218930 , MAPD:1.225773, R_squared:0.997988

2024-03-21 03:42:01,776 Epoch 34/300, Train Loss: 0.190377, Val Loss: 0.237940  
	Train = MSE:0.190292 , RMSE:0.436225 , MAE:0.311509 , MAPD:1.619996, R_squared:0.996706  
	Validation = MSE:0.239357 , RMSE:0.489241 , MAE:0.399986 , MAPD:2.223068, R_squared:0.995693

2024-03-21 03:42:05,639 Epoch 35/300, Train Loss: 0.127197, Val Loss: 0.254311  
	Train = MSE:0.127195 , RMSE:0.356644 , MAE:0.262314 , MAPD:1.409321, R_squared:0.997798  
	Validation = MSE:0.241101 , RMSE:0.491020 , MAE:0.369282 , MAPD:1.811097, R_squared:0.995662

2024-03-21 03:42:09,246 Epoch 36/300, Train Loss: 0.159658, Val Loss: 0.463812  
	Train = MSE:0.159635 , RMSE:0.399543 , MAE:0.297630 , MAPD:1.552635, R_squared:0.997237  
	Validation = MSE:0.465133 , RMSE:0.682006 , MAE:0.617160 , MAPD:3.323444, R_squared:0.991630

2024-03-21 03:42:12,725 Epoch 37/300, Train Loss: 0.231141, Val Loss: 0.129132  
	Train = MSE:0.231027 , RMSE:0.480652 , MAE:0.373106 , MAPD:1.933991, R_squared:0.996001  
	Validation = MSE:0.126830 , RMSE:0.356132 , MAE:0.264933 , MAPD:1.526320, R_squared:0.997718

2024-03-21 03:42:16,985 Epoch 38/300, Train Loss: 20.414430, Val Loss: 24.083577  
	Train = MSE:20.411879 , RMSE:4.517951 , MAE:2.582576 , MAPD:12.874264, R_squared:0.646667  
	Validation = MSE:23.744228 , RMSE:4.872805 , MAE:3.991588 , MAPD:20.905737, R_squared:0.572745

2024-03-21 03:42:20,604 Epoch 39/300, Train Loss: 10.093389, Val Loss: 0.574831  
	Train = MSE:10.096338 , RMSE:3.177474 , MAE:1.827907 , MAPD:9.332887, R_squared:0.825231  
	Validation = MSE:0.593499 , RMSE:0.770389 , MAE:0.626222 , MAPD:3.488394, R_squared:0.989321

2024-03-21 03:42:24,559 Epoch 40/300, Train Loss: 0.590891, Val Loss: 0.380698  
	Train = MSE:0.590953 , RMSE:0.768735 , MAE:0.612613 , MAPD:3.367911, R_squared:0.989770  
	Validation = MSE:0.380954 , RMSE:0.617215 , MAE:0.498388 , MAPD:2.803669, R_squared:0.993145

2024-03-21 03:42:28,446 Epoch 41/300, Train Loss: 0.421540, Val Loss: 0.784100  
	Train = MSE:0.421571 , RMSE:0.649285 , MAE:0.512969 , MAPD:2.765286, R_squared:0.992703  
	Validation = MSE:0.780105 , RMSE:0.883236 , MAE:0.714220 , MAPD:3.471526, R_squared:0.985963

2024-03-21 03:42:35,574 Epoch 42/300, Train Loss: 0.502974, Val Loss: 0.266711  
	Train = MSE:0.503047 , RMSE:0.709258 , MAE:0.546518 , MAPD:2.836889, R_squared:0.991292  
	Validation = MSE:0.267188 , RMSE:0.516903 , MAE:0.398780 , MAPD:2.199292, R_squared:0.995192

2024-03-21 03:42:40,537 Epoch 43/300, Train Loss: 0.330099, Val Loss: 0.266766  
	Train = MSE:0.330129 , RMSE:0.574569 , MAE:0.440589 , MAPD:2.333357, R_squared:0.994285  
	Validation = MSE:0.268903 , RMSE:0.518559 , MAE:0.400934 , MAPD:2.289337, R_squared:0.995161

2024-03-21 03:42:45,029 Epoch 44/300, Train Loss: 0.299413, Val Loss: 0.239240  
	Train = MSE:0.299432 , RMSE:0.547203 , MAE:0.418773 , MAPD:2.229945, R_squared:0.994817  
	Validation = MSE:0.236775 , RMSE:0.486595 , MAE:0.366114 , MAPD:2.061756, R_squared:0.995739

2024-03-21 03:42:50,267 Epoch 45/300, Train Loss: 0.260514, Val Loss: 0.263813  
	Train = MSE:0.260494 , RMSE:0.510386 , MAE:0.385638 , MAPD:2.075912, R_squared:0.995491  
	Validation = MSE:0.261033 , RMSE:0.510914 , MAE:0.381370 , MAPD:2.051030, R_squared:0.995303

2024-03-21 03:42:53,526 Epoch 46/300, Train Loss: 0.307229, Val Loss: 0.768826  
	Train = MSE:0.307246 , RMSE:0.554298 , MAE:0.427511 , MAPD:2.256144, R_squared:0.994682  
	Validation = MSE:0.761605 , RMSE:0.872700 , MAE:0.720592 , MAPD:3.580711, R_squared:0.986296

2024-03-21 03:42:57,057 Epoch 47/300, Train Loss: 0.305735, Val Loss: 0.235761  
	Train = MSE:0.305741 , RMSE:0.552938 , MAE:0.417728 , MAPD:2.232660, R_squared:0.994708  
	Validation = MSE:0.231776 , RMSE:0.481431 , MAE:0.351555 , MAPD:1.926449, R_squared:0.995829

2024-03-21 03:43:01,015 Epoch 48/300, Train Loss: 0.208451, Val Loss: 0.378655  
	Train = MSE:0.208410 , RMSE:0.456520 , MAE:0.336786 , MAPD:1.827940, R_squared:0.996392  
	Validation = MSE:0.375763 , RMSE:0.612995 , MAE:0.504322 , MAPD:2.890967, R_squared:0.993239

2024-03-21 03:43:05,126 Epoch 49/300, Train Loss: 0.217324, Val Loss: 0.222777  
	Train = MSE:0.217346 , RMSE:0.466204 , MAE:0.344628 , MAPD:1.879657, R_squared:0.996238  
	Validation = MSE:0.221950 , RMSE:0.471116 , MAE:0.338107 , MAPD:1.855927, R_squared:0.996006

2024-03-21 03:43:08,643 Epoch 50/300, Train Loss: 0.224113, Val Loss: 0.222221  
	Train = MSE:0.224115 , RMSE:0.473408 , MAE:0.352743 , MAPD:1.915917, R_squared:0.996121  
	Validation = MSE:0.220098 , RMSE:0.469146 , MAE:0.336295 , MAPD:1.855720, R_squared:0.996040

2024-03-21 03:43:12,955 Epoch 51/300, Train Loss: 0.209588, Val Loss: 0.242335  
	Train = MSE:0.209583 , RMSE:0.457802 , MAE:0.337979 , MAPD:1.836066, R_squared:0.996372  
	Validation = MSE:0.238279 , RMSE:0.488138 , MAE:0.349886 , MAPD:1.877155, R_squared:0.995712

2024-03-21 03:43:19,018 Epoch 52/300, Train Loss: 0.231028, Val Loss: 0.216070  
	Train = MSE:0.231044 , RMSE:0.480671 , MAE:0.357301 , MAPD:1.926529, R_squared:0.996001  
	Validation = MSE:0.213285 , RMSE:0.461828 , MAE:0.346514 , MAPD:2.023157, R_squared:0.996162

2024-03-21 03:43:23,204 Epoch 53/300, Train Loss: 0.209994, Val Loss: 0.186182  
	Train = MSE:0.210006 , RMSE:0.458264 , MAE:0.338261 , MAPD:1.829040, R_squared:0.996365  
	Validation = MSE:0.183912 , RMSE:0.428849 , MAE:0.307899 , MAPD:1.787370, R_squared:0.996691

2024-03-21 03:43:26,488 Epoch 54/300, Train Loss: 0.270237, Val Loss: 0.277319  
	Train = MSE:0.270265 , RMSE:0.519871 , MAE:0.393743 , MAPD:2.078642, R_squared:0.995322  
	Validation = MSE:0.272292 , RMSE:0.521816 , MAE:0.426148 , MAPD:2.494879, R_squared:0.995100

2024-03-21 03:43:31,108 Epoch 55/300, Train Loss: 0.213093, Val Loss: 0.234468  
	Train = MSE:0.213107 , RMSE:0.461636 , MAE:0.347062 , MAPD:1.883118, R_squared:0.996311  
	Validation = MSE:0.231390 , RMSE:0.481030 , MAE:0.338248 , MAPD:1.793604, R_squared:0.995836

2024-03-21 03:43:35,703 Epoch 56/300, Train Loss: 0.196907, Val Loss: 0.195184  
	Train = MSE:0.196894 , RMSE:0.443727 , MAE:0.324514 , MAPD:1.762524, R_squared:0.996592  
	Validation = MSE:0.192272 , RMSE:0.438488 , MAE:0.302658 , MAPD:1.656497, R_squared:0.996540

2024-03-21 03:43:39,679 Epoch 57/300, Train Loss: 0.204035, Val Loss: 0.295967  
	Train = MSE:0.204046 , RMSE:0.451715 , MAE:0.337713 , MAPD:1.824879, R_squared:0.996468  
	Validation = MSE:0.290511 , RMSE:0.538991 , MAE:0.395047 , MAPD:2.006457, R_squared:0.994773

2024-03-21 03:43:43,493 Epoch 58/300, Train Loss: 0.169876, Val Loss: 0.259982  
	Train = MSE:0.169885 , RMSE:0.412171 , MAE:0.299712 , MAPD:1.634290, R_squared:0.997059  
	Validation = MSE:0.258645 , RMSE:0.508571 , MAE:0.369647 , MAPD:1.939940, R_squared:0.995346

2024-03-21 03:43:47,104 Epoch 59/300, Train Loss: 0.182990, Val Loss: 0.272381  
	Train = MSE:0.183013 , RMSE:0.427800 , MAE:0.308516 , MAPD:1.673846, R_squared:0.996832  
	Validation = MSE:0.272662 , RMSE:0.522171 , MAE:0.403444 , MAPD:2.223288, R_squared:0.995094

2024-03-21 03:43:50,723 Epoch 60/300, Train Loss: 0.199411, Val Loss: 0.192145  
	Train = MSE:0.199398 , RMSE:0.446541 , MAE:0.328854 , MAPD:1.762987, R_squared:0.996548  
	Validation = MSE:0.184156 , RMSE:0.429133 , MAE:0.293240 , MAPD:1.579708, R_squared:0.996686

2024-03-21 03:43:55,255 Epoch 61/300, Train Loss: 0.176117, Val Loss: 0.180158  
	Train = MSE:0.176130 , RMSE:0.419678 , MAE:0.306280 , MAPD:1.648370, R_squared:0.996951  
	Validation = MSE:0.171572 , RMSE:0.414213 , MAE:0.304001 , MAPD:1.736147, R_squared:0.996913

2024-03-21 03:44:01,525 Epoch 62/300, Train Loss: 0.224437, Val Loss: 0.347524  
	Train = MSE:0.224472 , RMSE:0.473785 , MAE:0.360079 , MAPD:1.896563, R_squared:0.996114  
	Validation = MSE:0.335325 , RMSE:0.579073 , MAE:0.498159 , MAPD:2.759894, R_squared:0.993966

2024-03-21 03:44:05,500 Epoch 63/300, Train Loss: 0.198830, Val Loss: 0.146769  
	Train = MSE:0.198873 , RMSE:0.445952 , MAE:0.328086 , MAPD:1.748065, R_squared:0.996557  
	Validation = MSE:0.142001 , RMSE:0.376830 , MAE:0.252845 , MAPD:1.411879, R_squared:0.997445

2024-03-21 03:44:09,224 Epoch 64/300, Train Loss: 0.517206, Val Loss: 0.369759  
	Train = MSE:0.517323 , RMSE:0.719252 , MAE:0.530912 , MAPD:2.710109, R_squared:0.991045  
	Validation = MSE:0.369052 , RMSE:0.607497 , MAE:0.499027 , MAPD:2.622427, R_squared:0.993359

2024-03-21 03:44:12,970 Epoch 65/300, Train Loss: 0.302612, Val Loss: 0.300203  
	Train = MSE:0.302626 , RMSE:0.550115 , MAE:0.427145 , MAPD:2.211165, R_squared:0.994761  
	Validation = MSE:0.293195 , RMSE:0.541475 , MAE:0.467933 , MAPD:2.682960, R_squared:0.994724

2024-03-21 03:44:17,648 Epoch 66/300, Train Loss: 0.173564, Val Loss: 0.241577  
	Train = MSE:0.173514 , RMSE:0.416550 , MAE:0.308667 , MAPD:1.633936, R_squared:0.996996  
	Validation = MSE:0.229624 , RMSE:0.479191 , MAE:0.392814 , MAPD:2.204252, R_squared:0.995868

2024-03-21 03:44:22,112 Epoch 67/300, Train Loss: 0.272363, Val Loss: 0.207182  
	Train = MSE:0.272396 , RMSE:0.521916 , MAE:0.400819 , MAPD:2.066521, R_squared:0.995285  
	Validation = MSE:0.201608 , RMSE:0.449008 , MAE:0.309051 , MAPD:1.611932, R_squared:0.996372

2024-03-21 03:44:25,949 Epoch 68/300, Train Loss: 0.142865, Val Loss: 0.132747  
	Train = MSE:0.142876 , RMSE:0.377989 , MAE:0.272236 , MAPD:1.461322, R_squared:0.997527  
	Validation = MSE:0.124815 , RMSE:0.353292 , MAE:0.241454 , MAPD:1.354007, R_squared:0.997754

2024-03-21 03:44:30,460 Epoch 69/300, Train Loss: 0.151242, Val Loss: 0.134321  
	Train = MSE:0.151255 , RMSE:0.388915 , MAE:0.284155 , MAPD:1.512272, R_squared:0.997382  
	Validation = MSE:0.127042 , RMSE:0.356430 , MAE:0.247746 , MAPD:1.374779, R_squared:0.997714

2024-03-21 03:44:33,786 Epoch 70/300, Train Loss: 0.363889, Val Loss: 0.128366  
	Train = MSE:0.363934 , RMSE:0.603269 , MAE:0.454752 , MAPD:2.305405, R_squared:0.993700  
	Validation = MSE:0.121936 , RMSE:0.349194 , MAE:0.234904 , MAPD:1.333303, R_squared:0.997806

2024-03-21 03:44:37,235 Epoch 71/300, Train Loss: 0.168921, Val Loss: 0.166050  
	Train = MSE:0.168945 , RMSE:0.411029 , MAE:0.304377 , MAPD:1.615318, R_squared:0.997076  
	Validation = MSE:0.153602 , RMSE:0.391920 , MAE:0.280046 , MAPD:1.530060, R_squared:0.997236

2024-03-21 03:44:42,624 Epoch 72/300, Train Loss: 0.212066, Val Loss: 0.185138  
	Train = MSE:0.212041 , RMSE:0.460479 , MAE:0.344657 , MAPD:1.786105, R_squared:0.996330  
	Validation = MSE:0.179129 , RMSE:0.423236 , MAE:0.297945 , MAPD:1.539067, R_squared:0.996777

2024-03-21 03:44:47,887 Epoch 73/300, Train Loss: 0.381439, Val Loss: 0.319221  
	Train = MSE:0.381193 , RMSE:0.617409 , MAE:0.480256 , MAPD:2.412990, R_squared:0.993401  
	Validation = MSE:0.300401 , RMSE:0.548088 , MAE:0.438429 , MAPD:2.275190, R_squared:0.994595

2024-03-21 03:44:51,443 Epoch 74/300, Train Loss: 0.382543, Val Loss: 0.150365  
	Train = MSE:0.382619 , RMSE:0.618562 , MAE:0.466091 , MAPD:2.386690, R_squared:0.993377  
	Validation = MSE:0.144157 , RMSE:0.379681 , MAE:0.258492 , MAPD:1.420930, R_squared:0.997406

2024-03-21 03:44:54,926 Epoch 75/300, Train Loss: 0.219850, Val Loss: 0.142646  
	Train = MSE:0.219871 , RMSE:0.468904 , MAE:0.360140 , MAPD:1.863808, R_squared:0.996194  
	Validation = MSE:0.138105 , RMSE:0.371624 , MAE:0.261402 , MAPD:1.401357, R_squared:0.997515

2024-03-21 03:44:58,861 Epoch 76/300, Train Loss: 0.203156, Val Loss: 0.130593  
	Train = MSE:0.203151 , RMSE:0.450723 , MAE:0.338967 , MAPD:1.758833, R_squared:0.996483  
	Validation = MSE:0.122118 , RMSE:0.349453 , MAE:0.230488 , MAPD:1.281591, R_squared:0.997803

2024-03-21 03:45:02,664 Epoch 77/300, Train Loss: 0.213412, Val Loss: 0.972595  
	Train = MSE:0.213451 , RMSE:0.462007 , MAE:0.333921 , MAPD:1.727908, R_squared:0.996305  
	Validation = MSE:0.951062 , RMSE:0.975224 , MAE:0.899323 , MAPD:4.656922, R_squared:0.982887

2024-03-21 03:45:06,112 Epoch 78/300, Train Loss: 0.271080, Val Loss: 0.182263  
	Train = MSE:0.271123 , RMSE:0.520695 , MAE:0.376343 , MAPD:1.933754, R_squared:0.995307  
	Validation = MSE:0.175352 , RMSE:0.418751 , MAE:0.339328 , MAPD:1.932399, R_squared:0.996845

2024-03-21 03:45:10,261 Epoch 79/300, Train Loss: 0.313784, Val Loss: 0.508247  
	Train = MSE:0.313812 , RMSE:0.560189 , MAE:0.427255 , MAPD:2.174658, R_squared:0.994568  
	Validation = MSE:0.504283 , RMSE:0.710129 , MAE:0.620030 , MAPD:3.202379, R_squared:0.990926

2024-03-21 03:45:14,216 Epoch 80/300, Train Loss: 0.231937, Val Loss: 0.131230  
	Train = MSE:0.231972 , RMSE:0.481634 , MAE:0.363526 , MAPD:1.873199, R_squared:0.995985  
	Validation = MSE:0.125398 , RMSE:0.354116 , MAE:0.240796 , MAPD:1.321107, R_squared:0.997744

2024-03-21 03:45:19,523 Epoch 81/300, Train Loss: 0.158122, Val Loss: 0.162643  
	Train = MSE:0.158146 , RMSE:0.397676 , MAE:0.295816 , MAPD:1.552876, R_squared:0.997262  
	Validation = MSE:0.158861 , RMSE:0.398574 , MAE:0.277261 , MAPD:1.461477, R_squared:0.997141

2024-03-21 03:45:25,523 Epoch 82/300, Train Loss: 0.301654, Val Loss: 0.151666  
	Train = MSE:0.301590 , RMSE:0.549172 , MAE:0.426046 , MAPD:2.177060, R_squared:0.994779  
	Validation = MSE:0.146215 , RMSE:0.382381 , MAE:0.305553 , MAPD:1.797474, R_squared:0.997369

2024-03-21 03:45:30,779 Epoch 83/300, Train Loss: 0.196035, Val Loss: 0.155880  
	Train = MSE:0.196013 , RMSE:0.442734 , MAE:0.330192 , MAPD:1.717180, R_squared:0.996607  
	Validation = MSE:0.154503 , RMSE:0.393069 , MAE:0.323656 , MAPD:1.904362, R_squared:0.997220

2024-03-21 03:45:35,550 Epoch 84/300, Train Loss: 0.530586, Val Loss: 0.165887  
	Train = MSE:0.530682 , RMSE:0.728479 , MAE:0.540572 , MAPD:2.729377, R_squared:0.990814  
	Validation = MSE:0.164963 , RMSE:0.406156 , MAE:0.294493 , MAPD:1.543980, R_squared:0.997032

2024-03-21 03:45:40,416 Epoch 85/300, Train Loss: 0.253473, Val Loss: 0.192219  
	Train = MSE:0.253529 , RMSE:0.503517 , MAE:0.379771 , MAPD:1.950219, R_squared:0.995611  
	Validation = MSE:0.185302 , RMSE:0.430467 , MAE:0.336588 , MAPD:1.848851, R_squared:0.996666

2024-03-21 03:45:44,371 Epoch 86/300, Train Loss: 0.235332, Val Loss: 0.156066  
	Train = MSE:0.235377 , RMSE:0.485156 , MAE:0.371924 , MAPD:1.909948, R_squared:0.995926  
	Validation = MSE:0.153475 , RMSE:0.391759 , MAE:0.280765 , MAPD:1.491186, R_squared:0.997238

2024-03-21 03:45:47,607 Epoch 87/300, Train Loss: 0.239184, Val Loss: 0.155319  
	Train = MSE:0.239212 , RMSE:0.489093 , MAE:0.370616 , MAPD:1.924053, R_squared:0.995859  
	Validation = MSE:0.150401 , RMSE:0.387815 , MAE:0.303068 , MAPD:1.766940, R_squared:0.997294

2024-03-21 03:45:51,485 Epoch 88/300, Train Loss: 0.158916, Val Loss: 0.121961  
	Train = MSE:0.158923 , RMSE:0.398651 , MAE:0.296114 , MAPD:1.542999, R_squared:0.997249  
	Validation = MSE:0.117986 , RMSE:0.343491 , MAE:0.258683 , MAPD:1.484321, R_squared:0.997877

2024-03-21 03:45:55,062 Epoch 89/300, Train Loss: 0.198616, Val Loss: 0.371476  
	Train = MSE:0.198644 , RMSE:0.445695 , MAE:0.340722 , MAPD:1.753000, R_squared:0.996561  
	Validation = MSE:0.364487 , RMSE:0.603728 , MAE:0.540484 , MAPD:3.022180, R_squared:0.993441

2024-03-21 03:45:59,400 Epoch 90/300, Train Loss: 0.287588, Val Loss: 0.126501  
	Train = MSE:0.287641 , RMSE:0.536322 , MAE:0.407409 , MAPD:2.103979, R_squared:0.995021  
	Validation = MSE:0.123546 , RMSE:0.351492 , MAE:0.247753 , MAPD:1.329913, R_squared:0.997777

2024-03-21 03:46:03,023 Epoch 91/300, Train Loss: 0.165117, Val Loss: 0.132877  
	Train = MSE:0.165078 , RMSE:0.406297 , MAE:0.299066 , MAPD:1.554244, R_squared:0.997142  
	Validation = MSE:0.130136 , RMSE:0.360744 , MAE:0.279496 , MAPD:1.629637, R_squared:0.997658

2024-03-21 03:46:08,017 Epoch 92/300, Train Loss: 0.273787, Val Loss: 1.158341  
	Train = MSE:0.273845 , RMSE:0.523302 , MAE:0.387339 , MAPD:1.966039, R_squared:0.995260  
	Validation = MSE:1.135259 , RMSE:1.065485 , MAE:0.992872 , MAPD:5.179842, R_squared:0.979572

2024-03-21 03:46:13,451 Epoch 93/300, Train Loss: 0.477074, Val Loss: 0.124241  
	Train = MSE:0.477189 , RMSE:0.690789 , MAE:0.479802 , MAPD:2.432598, R_squared:0.991740  
	Validation = MSE:0.118781 , RMSE:0.344646 , MAE:0.248112 , MAPD:1.415266, R_squared:0.997863

2024-03-21 03:46:16,889 Epoch 94/300, Train Loss: 0.195340, Val Loss: 1.005441  
	Train = MSE:0.195284 , RMSE:0.441910 , MAE:0.324303 , MAPD:1.672023, R_squared:0.996620  
	Validation = MSE:0.994666 , RMSE:0.997330 , MAE:0.945909 , MAPD:5.090478, R_squared:0.982102

2024-03-21 03:46:20,743 Epoch 95/300, Train Loss: 0.780373, Val Loss: 1.004433  
	Train = MSE:0.780591 , RMSE:0.883511 , MAE:0.720893 , MAPD:3.587733, R_squared:0.986488  
	Validation = MSE:0.984858 , RMSE:0.992400 , MAE:0.916259 , MAPD:4.846186, R_squared:0.982278

2024-03-21 03:46:25,138 Epoch 96/300, Train Loss: 0.562777, Val Loss: 0.187359  
	Train = MSE:0.562875 , RMSE:0.750250 , MAE:0.578712 , MAPD:2.903189, R_squared:0.990257  
	Validation = MSE:0.179670 , RMSE:0.423875 , MAE:0.297531 , MAPD:1.533086, R_squared:0.996767

2024-03-21 03:46:28,685 Epoch 97/300, Train Loss: 0.139946, Val Loss: 0.125415  
	Train = MSE:0.139961 , RMSE:0.374114 , MAE:0.274658 , MAPD:1.441934, R_squared:0.997577  
	Validation = MSE:0.122359 , RMSE:0.349798 , MAE:0.246172 , MAPD:1.321108, R_squared:0.997798

2024-03-21 03:46:32,163 Epoch 98/300, Train Loss: 0.251852, Val Loss: 0.475073  
	Train = MSE:0.251708 , RMSE:0.501705 , MAE:0.376494 , MAPD:1.923413, R_squared:0.995643  
	Validation = MSE:0.457549 , RMSE:0.676423 , MAE:0.476284 , MAPD:2.143541, R_squared:0.991767

2024-03-21 03:46:35,708 Epoch 99/300, Train Loss: 0.316113, Val Loss: 0.191793  
	Train = MSE:0.316073 , RMSE:0.562204 , MAE:0.435846 , MAPD:2.217821, R_squared:0.994529  
	Validation = MSE:0.181176 , RMSE:0.425647 , MAE:0.333705 , MAPD:1.856153, R_squared:0.996740

2024-03-21 03:46:40,396 Epoch 100/300, Train Loss: 0.140040, Val Loss: 0.116392  
	Train = MSE:0.140045 , RMSE:0.374226 , MAE:0.278472 , MAPD:1.466126, R_squared:0.997576  
	Validation = MSE:0.113722 , RMSE:0.337228 , MAE:0.239546 , MAPD:1.302771, R_squared:0.997954

2024-03-21 03:46:45,056 Epoch 101/300, Train Loss: 0.132780, Val Loss: 0.226634  
	Train = MSE:0.132793 , RMSE:0.364407 , MAE:0.267296 , MAPD:1.413436, R_squared:0.997701  
	Validation = MSE:0.218310 , RMSE:0.467236 , MAE:0.380025 , MAPD:2.067721, R_squared:0.996072

2024-03-21 03:46:50,866 Epoch 102/300, Train Loss: 0.301783, Val Loss: 0.125047  
	Train = MSE:0.301831 , RMSE:0.549392 , MAE:0.425935 , MAPD:2.168361, R_squared:0.994775  
	Validation = MSE:0.124062 , RMSE:0.352224 , MAE:0.256054 , MAPD:1.396182, R_squared:0.997768

2024-03-21 03:46:56,011 Epoch 103/300, Train Loss: 0.321467, Val Loss: 0.287217  
	Train = MSE:0.321528 , RMSE:0.567034 , MAE:0.412069 , MAPD:2.084354, R_squared:0.994434  
	Validation = MSE:0.281974 , RMSE:0.531012 , MAE:0.411217 , MAPD:2.124765, R_squared:0.994926

2024-03-21 03:47:01,184 Epoch 104/300, Train Loss: 0.340885, Val Loss: 0.558870  
	Train = MSE:0.340807 , RMSE:0.583787 , MAE:0.444948 , MAPD:2.253040, R_squared:0.994101  
	Validation = MSE:0.560678 , RMSE:0.748784 , MAE:0.654519 , MAPD:3.325019, R_squared:0.989911

2024-03-21 03:47:05,542 Epoch 105/300, Train Loss: 0.181996, Val Loss: 0.567545  
	Train = MSE:0.181951 , RMSE:0.426558 , MAE:0.321124 , MAPD:1.677547, R_squared:0.996850  
	Validation = MSE:0.554060 , RMSE:0.744352 , MAE:0.661880 , MAPD:3.427576, R_squared:0.990030

2024-03-21 03:47:09,816 Epoch 106/300, Train Loss: 0.199077, Val Loss: 0.113378  
	Train = MSE:0.199092 , RMSE:0.446198 , MAE:0.338943 , MAPD:1.751003, R_squared:0.996554  
	Validation = MSE:0.110661 , RMSE:0.332657 , MAE:0.241768 , MAPD:1.358196, R_squared:0.998009

2024-03-21 03:47:14,091 Epoch 107/300, Train Loss: 0.610051, Val Loss: 0.682859  
	Train = MSE:0.610168 , RMSE:0.781132 , MAE:0.530951 , MAPD:2.690769, R_squared:0.989438  
	Validation = MSE:0.672637 , RMSE:0.820144 , MAE:0.741465 , MAPD:4.062271, R_squared:0.987897

2024-03-21 03:47:17,967 Epoch 108/300, Train Loss: 0.318033, Val Loss: 0.134947  
	Train = MSE:0.318074 , RMSE:0.563980 , MAE:0.410766 , MAPD:2.132993, R_squared:0.994494  
	Validation = MSE:0.131664 , RMSE:0.362855 , MAE:0.266020 , MAPD:1.471975, R_squared:0.997631

2024-03-21 03:47:22,535 Epoch 109/300, Train Loss: 0.189070, Val Loss: 0.166823  
	Train = MSE:0.188954 , RMSE:0.434689 , MAE:0.317446 , MAPD:1.626962, R_squared:0.996729  
	Validation = MSE:0.162139 , RMSE:0.402665 , MAE:0.280738 , MAPD:1.461933, R_squared:0.997082

2024-03-21 03:47:27,184 Epoch 110/300, Train Loss: 0.412393, Val Loss: 0.712896  
	Train = MSE:0.412399 , RMSE:0.642183 , MAE:0.504750 , MAPD:2.524670, R_squared:0.992861  
	Validation = MSE:0.708615 , RMSE:0.841793 , MAE:0.721140 , MAPD:3.513359, R_squared:0.987249

2024-03-21 03:47:31,320 Epoch 111/300, Train Loss: 0.278169, Val Loss: 0.182653  
	Train = MSE:0.278218 , RMSE:0.527464 , MAE:0.407736 , MAPD:2.066663, R_squared:0.995184  
	Validation = MSE:0.181685 , RMSE:0.426245 , MAE:0.327913 , MAPD:1.806984, R_squared:0.996731

2024-03-21 03:47:38,162 Epoch 112/300, Train Loss: 0.141254, Val Loss: 0.243343  
	Train = MSE:0.141225 , RMSE:0.375799 , MAE:0.273479 , MAPD:1.425485, R_squared:0.997555  
	Validation = MSE:0.230101 , RMSE:0.479688 , MAE:0.379266 , MAPD:1.979792, R_squared:0.995860

2024-03-21 03:47:43,021 Epoch 113/300, Train Loss: 0.438190, Val Loss: 0.266608  
	Train = MSE:0.438293 , RMSE:0.662037 , MAE:0.514526 , MAPD:2.548385, R_squared:0.992413  
	Validation = MSE:0.259609 , RMSE:0.509519 , MAE:0.426386 , MAPD:2.351751, R_squared:0.995329

2024-03-21 03:47:47,397 Epoch 114/300, Train Loss: 0.597115, Val Loss: 0.149309  
	Train = MSE:0.597251 , RMSE:0.772820 , MAE:0.574302 , MAPD:2.874149, R_squared:0.989661  
	Validation = MSE:0.142860 , RMSE:0.377969 , MAE:0.275559 , MAPD:1.521685, R_squared:0.997429

2024-03-21 03:47:52,109 Epoch 115/300, Train Loss: 0.150353, Val Loss: 0.113310  
	Train = MSE:0.150366 , RMSE:0.387771 , MAE:0.284669 , MAPD:1.486767, R_squared:0.997397  
	Validation = MSE:0.110883 , RMSE:0.332991 , MAE:0.237899 , MAPD:1.309520, R_squared:0.998005

2024-03-21 03:47:56,768 Epoch 116/300, Train Loss: 0.127512, Val Loss: 0.246594  
	Train = MSE:0.127517 , RMSE:0.357095 , MAE:0.261646 , MAPD:1.377257, R_squared:0.997793  
	Validation = MSE:0.238696 , RMSE:0.488565 , MAE:0.408533 , MAPD:2.231858, R_squared:0.995705

2024-03-21 03:48:00,979 Epoch 117/300, Train Loss: 0.239631, Val Loss: 0.123462  
	Train = MSE:0.239659 , RMSE:0.489550 , MAE:0.374141 , MAPD:1.895794, R_squared:0.995851  
	Validation = MSE:0.120365 , RMSE:0.346937 , MAE:0.249730 , MAPD:1.373474, R_squared:0.997834

2024-03-21 03:48:05,677 Epoch 118/300, Train Loss: 0.166908, Val Loss: 0.232430  
	Train = MSE:0.166914 , RMSE:0.408551 , MAE:0.305660 , MAPD:1.574832, R_squared:0.997111  
	Validation = MSE:0.226230 , RMSE:0.475637 , MAE:0.343976 , MAPD:1.696113, R_squared:0.995929

2024-03-21 03:48:10,195 Epoch 119/300, Train Loss: 0.914707, Val Loss: 0.121270  
	Train = MSE:0.914912 , RMSE:0.956510 , MAE:0.686488 , MAPD:3.376588, R_squared:0.984163  
	Validation = MSE:0.120918 , RMSE:0.347732 , MAE:0.262824 , MAPD:1.557774, R_squared:0.997824

2024-03-21 03:48:17,327 Epoch 120/300, Train Loss: 0.130383, Val Loss: 0.115749  
	Train = MSE:0.130371 , RMSE:0.361070 , MAE:0.263648 , MAPD:1.409020, R_squared:0.997743  
	Validation = MSE:0.110602 , RMSE:0.332569 , MAE:0.226024 , MAPD:1.242564, R_squared:0.998010

2024-03-21 03:48:22,617 Epoch 121/300, Train Loss: 0.193368, Val Loss: 0.422250  
	Train = MSE:0.193370 , RMSE:0.439738 , MAE:0.327446 , MAPD:1.658981, R_squared:0.996653  
	Validation = MSE:0.421178 , RMSE:0.648982 , MAE:0.543074 , MAPD:2.690274, R_squared:0.992421

2024-03-21 03:48:28,328 Epoch 122/300, Train Loss: 0.251041, Val Loss: 0.145407  
	Train = MSE:0.251075 , RMSE:0.501074 , MAE:0.379999 , MAPD:1.915715, R_squared:0.995654  
	Validation = MSE:0.139106 , RMSE:0.372969 , MAE:0.283762 , MAPD:1.591068, R_squared:0.997497

2024-03-21 03:48:33,556 Epoch 123/300, Train Loss: 0.134762, Val Loss: 0.144851  
	Train = MSE:0.134767 , RMSE:0.367106 , MAE:0.269634 , MAPD:1.401564, R_squared:0.997667  
	Validation = MSE:0.140560 , RMSE:0.374914 , MAE:0.302647 , MAPD:1.749395, R_squared:0.997471

2024-03-21 03:48:38,974 Epoch 124/300, Train Loss: 2.722179, Val Loss: 0.668629  
	Train = MSE:2.722896 , RMSE:1.650120 , MAE:1.272813 , MAPD:6.234094, R_squared:0.952866  
	Validation = MSE:0.644450 , RMSE:0.802776 , MAE:0.564200 , MAPD:2.670024, R_squared:0.988404

2024-03-21 03:48:43,217 Epoch 125/300, Train Loss: 0.227427, Val Loss: 0.109396  
	Train = MSE:0.227458 , RMSE:0.476926 , MAE:0.349240 , MAPD:1.822291, R_squared:0.996063  
	Validation = MSE:0.101900 , RMSE:0.319218 , MAE:0.205615 , MAPD:1.149784, R_squared:0.998166

2024-03-21 03:48:47,315 Epoch 126/300, Train Loss: 0.126554, Val Loss: 0.180254  
	Train = MSE:0.126572 , RMSE:0.355770 , MAE:0.259824 , MAPD:1.362730, R_squared:0.997809  
	Validation = MSE:0.174667 , RMSE:0.417932 , MAE:0.313489 , MAPD:1.703310, R_squared:0.996857

2024-03-21 03:48:51,121 Epoch 127/300, Train Loss: 0.139488, Val Loss: 0.103801  
	Train = MSE:0.139515 , RMSE:0.373517 , MAE:0.272755 , MAPD:1.417291, R_squared:0.997585  
	Validation = MSE:0.096640 , RMSE:0.310869 , MAE:0.203485 , MAPD:1.141435, R_squared:0.998261

2024-03-21 03:48:55,246 Epoch 128/300, Train Loss: 0.139856, Val Loss: 0.201433  
	Train = MSE:0.139866 , RMSE:0.373987 , MAE:0.275792 , MAPD:1.419073, R_squared:0.997579  
	Validation = MSE:0.187060 , RMSE:0.432505 , MAE:0.336089 , MAPD:1.752429, R_squared:0.996634

2024-03-21 03:48:59,409 Epoch 129/300, Train Loss: 0.099675, Val Loss: 0.149301  
	Train = MSE:0.099681 , RMSE:0.315723 , MAE:0.223972 , MAPD:1.180544, R_squared:0.998275  
	Validation = MSE:0.144642 , RMSE:0.380319 , MAE:0.260502 , MAPD:1.359309, R_squared:0.997397

2024-03-21 03:49:03,559 Epoch 130/300, Train Loss: 0.093875, Val Loss: 0.100389  
	Train = MSE:0.093871 , RMSE:0.306384 , MAE:0.216105 , MAPD:1.132504, R_squared:0.998375  
	Validation = MSE:0.094448 , RMSE:0.307325 , MAE:0.194790 , MAPD:1.059638, R_squared:0.998300

2024-03-21 03:49:07,936 Epoch 131/300, Train Loss: 0.091530, Val Loss: 0.089462  
	Train = MSE:0.091528 , RMSE:0.302536 , MAE:0.212399 , MAPD:1.123215, R_squared:0.998416  
	Validation = MSE:0.086499 , RMSE:0.294108 , MAE:0.194683 , MAPD:1.072583, R_squared:0.998444

2024-03-21 03:49:14,243 Epoch 132/300, Train Loss: 0.105196, Val Loss: 0.185547  
	Train = MSE:0.105193 , RMSE:0.324335 , MAE:0.232878 , MAPD:1.214690, R_squared:0.998179  
	Validation = MSE:0.179604 , RMSE:0.423797 , MAE:0.359607 , MAPD:2.076367, R_squared:0.996768

2024-03-21 03:49:18,608 Epoch 133/300, Train Loss: 0.166484, Val Loss: 0.326202  
	Train = MSE:0.166462 , RMSE:0.407998 , MAE:0.304693 , MAPD:1.559910, R_squared:0.997119  
	Validation = MSE:0.309374 , RMSE:0.556214 , MAE:0.460633 , MAPD:2.342520, R_squared:0.994433

2024-03-21 03:49:23,967 Epoch 134/300, Train Loss: 0.143625, Val Loss: 0.673284  
	Train = MSE:0.143558 , RMSE:0.378890 , MAE:0.279720 , MAPD:1.430104, R_squared:0.997515  
	Validation = MSE:0.667318 , RMSE:0.816895 , MAE:0.735683 , MAPD:3.756341, R_squared:0.987992

2024-03-21 03:49:27,828 Epoch 135/300, Train Loss: 0.215654, Val Loss: 0.116349  
	Train = MSE:0.215690 , RMSE:0.464425 , MAE:0.350558 , MAPD:1.785775, R_squared:0.996266  
	Validation = MSE:0.110998 , RMSE:0.333164 , MAE:0.248821 , MAPD:1.373161, R_squared:0.998003

2024-03-21 03:49:32,705 Epoch 136/300, Train Loss: 0.110658, Val Loss: 0.119371  
	Train = MSE:0.110673 , RMSE:0.332676 , MAE:0.241374 , MAPD:1.246709, R_squared:0.998084  
	Validation = MSE:0.116011 , RMSE:0.340604 , MAE:0.222633 , MAPD:1.173254, R_squared:0.997912

2024-03-21 03:49:36,826 Epoch 137/300, Train Loss: 0.096973, Val Loss: 0.126002  
	Train = MSE:0.096966 , RMSE:0.311393 , MAE:0.221660 , MAPD:1.145355, R_squared:0.998322  
	Validation = MSE:0.119815 , RMSE:0.346143 , MAE:0.268248 , MAPD:1.492933, R_squared:0.997844

2024-03-21 03:49:40,471 Epoch 138/300, Train Loss: 0.113103, Val Loss: 0.147790  
	Train = MSE:0.113107 , RMSE:0.336315 , MAE:0.241795 , MAPD:1.249377, R_squared:0.998042  
	Validation = MSE:0.143995 , RMSE:0.379467 , MAE:0.249126 , MAPD:1.220993, R_squared:0.997409

2024-03-21 03:49:44,638 Epoch 139/300, Train Loss: 0.212542, Val Loss: 0.079253  
	Train = MSE:0.212586 , RMSE:0.461071 , MAE:0.343938 , MAPD:1.764553, R_squared:0.996320  
	Validation = MSE:0.078318 , RMSE:0.279854 , MAE:0.186726 , MAPD:1.041146, R_squared:0.998591

2024-03-21 03:49:49,681 Epoch 140/300, Train Loss: 0.171000, Val Loss: 0.211274  
	Train = MSE:0.171010 , RMSE:0.413534 , MAE:0.309299 , MAPD:1.574824, R_squared:0.997040  
	Validation = MSE:0.208841 , RMSE:0.456991 , MAE:0.329704 , MAPD:1.590937, R_squared:0.996242

2024-03-21 03:49:53,812 Epoch 141/300, Train Loss: 0.135535, Val Loss: 0.271042  
	Train = MSE:0.135469 , RMSE:0.368061 , MAE:0.271823 , MAPD:1.396166, R_squared:0.997655  
	Validation = MSE:0.269023 , RMSE:0.518674 , MAE:0.411493 , MAPD:2.029741, R_squared:0.995159

2024-03-21 03:49:59,094 Epoch 142/300, Train Loss: 0.125930, Val Loss: 0.260944  
	Train = MSE:0.125854 , RMSE:0.354759 , MAE:0.257084 , MAPD:1.304040, R_squared:0.997821  
	Validation = MSE:0.259003 , RMSE:0.508924 , MAE:0.405814 , MAPD:2.006886, R_squared:0.995339

2024-03-21 03:50:03,254 Epoch 143/300, Train Loss: 0.164547, Val Loss: 0.232986  
	Train = MSE:0.164551 , RMSE:0.405649 , MAE:0.303340 , MAPD:1.537382, R_squared:0.997152  
	Validation = MSE:0.232306 , RMSE:0.481982 , MAE:0.388951 , MAPD:1.991881, R_squared:0.995820

2024-03-21 03:50:08,244 Epoch 144/300, Train Loss: 0.374179, Val Loss: 0.761904  
	Train = MSE:0.374159 , RMSE:0.611685 , MAE:0.482030 , MAPD:2.401599, R_squared:0.993523  
	Validation = MSE:0.757066 , RMSE:0.870095 , MAE:0.775811 , MAPD:3.835439, R_squared:0.986377

2024-03-21 03:50:12,529 Epoch 145/300, Train Loss: 0.817987, Val Loss: 0.227961  
	Train = MSE:0.817964 , RMSE:0.904414 , MAE:0.702032 , MAPD:3.487895, R_squared:0.985841  
	Validation = MSE:0.221710 , RMSE:0.470861 , MAE:0.346376 , MAPD:1.733404, R_squared:0.996011

2024-03-21 03:50:16,629 Epoch 146/300, Train Loss: 0.505719, Val Loss: 0.146570  
	Train = MSE:0.505858 , RMSE:0.711237 , MAE:0.486106 , MAPD:2.425466, R_squared:0.991244  
	Validation = MSE:0.141843 , RMSE:0.376621 , MAE:0.300210 , MAPD:1.683653, R_squared:0.997448

2024-03-21 03:50:21,771 Epoch 147/300, Train Loss: 0.138529, Val Loss: 0.097963  
	Train = MSE:0.138539 , RMSE:0.372208 , MAE:0.278210 , MAPD:1.430875, R_squared:0.997602  
	Validation = MSE:0.095328 , RMSE:0.308752 , MAE:0.226003 , MAPD:1.272921, R_squared:0.998285

2024-03-21 03:50:25,841 Epoch 148/300, Train Loss: 0.106356, Val Loss: 0.123561  
	Train = MSE:0.106330 , RMSE:0.326082 , MAE:0.236573 , MAPD:1.224378, R_squared:0.998159  
	Validation = MSE:0.117622 , RMSE:0.342960 , MAE:0.225387 , MAPD:1.128455, R_squared:0.997884

2024-03-21 03:50:29,543 Epoch 149/300, Train Loss: 0.091503, Val Loss: 0.091066  
	Train = MSE:0.091480 , RMSE:0.302457 , MAE:0.216763 , MAPD:1.119722, R_squared:0.998416  
	Validation = MSE:0.093686 , RMSE:0.306082 , MAE:0.216344 , MAPD:1.173363, R_squared:0.998314

2024-03-21 03:50:34,141 Epoch 150/300, Train Loss: 0.199026, Val Loss: 0.127388  
	Train = MSE:0.199048 , RMSE:0.446148 , MAE:0.338808 , MAPD:1.706257, R_squared:0.996554  
	Validation = MSE:0.122069 , RMSE:0.349383 , MAE:0.258539 , MAPD:1.380068, R_squared:0.997803

2024-03-21 03:50:38,732 Epoch 151/300, Train Loss: 0.086043, Val Loss: 0.081064  
	Train = MSE:0.086052 , RMSE:0.293346 , MAE:0.209575 , MAPD:1.079977, R_squared:0.998510  
	Validation = MSE:0.079364 , RMSE:0.281715 , MAE:0.187722 , MAPD:1.026704, R_squared:0.998572

2024-03-21 03:50:44,462 Epoch 152/300, Train Loss: 0.095452, Val Loss: 0.105272  
	Train = MSE:0.095457 , RMSE:0.308962 , MAE:0.223792 , MAPD:1.153251, R_squared:0.998348  
	Validation = MSE:0.105436 , RMSE:0.324708 , MAE:0.235111 , MAPD:1.288022, R_squared:0.998103

2024-03-21 03:50:48,321 Epoch 153/300, Train Loss: 0.101621, Val Loss: 0.119484  
	Train = MSE:0.101631 , RMSE:0.318797 , MAE:0.231816 , MAPD:1.204496, R_squared:0.998241  
	Validation = MSE:0.120139 , RMSE:0.346611 , MAE:0.260572 , MAPD:1.431508, R_squared:0.997838

2024-03-21 03:50:53,260 Epoch 154/300, Train Loss: 0.279721, Val Loss: 0.101067  
	Train = MSE:0.279728 , RMSE:0.528893 , MAE:0.388294 , MAPD:1.945556, R_squared:0.995158  
	Validation = MSE:0.097324 , RMSE:0.311969 , MAE:0.216849 , MAPD:1.276912, R_squared:0.998249

2024-03-21 03:50:59,136 Epoch 155/300, Train Loss: 0.155715, Val Loss: 0.141589  
	Train = MSE:0.155243 , RMSE:0.394009 , MAE:0.271805 , MAPD:1.378792, R_squared:0.997313  
	Validation = MSE:0.136085 , RMSE:0.368896 , MAE:0.288253 , MAPD:1.530439, R_squared:0.997551

2024-03-21 03:51:04,253 Epoch 156/300, Train Loss: 0.678479, Val Loss: 0.682200  
	Train = MSE:0.678587 , RMSE:0.823764 , MAE:0.622112 , MAPD:3.061897, R_squared:0.988254  
	Validation = MSE:0.665481 , RMSE:0.815770 , MAE:0.701587 , MAPD:3.403864, R_squared:0.988025

2024-03-21 03:51:09,432 Epoch 157/300, Train Loss: 0.264906, Val Loss: 0.214105  
	Train = MSE:0.264976 , RMSE:0.514758 , MAE:0.393193 , MAPD:2.023111, R_squared:0.995413  
	Validation = MSE:0.206639 , RMSE:0.454575 , MAE:0.342929 , MAPD:1.679872, R_squared:0.996282

2024-03-21 03:51:14,782 Epoch 158/300, Train Loss: 0.115523, Val Loss: 0.068531  
	Train = MSE:0.115541 , RMSE:0.339914 , MAE:0.256358 , MAPD:1.342211, R_squared:0.998000  
	Validation = MSE:0.069033 , RMSE:0.262742 , MAE:0.168523 , MAPD:0.928248, R_squared:0.998758

2024-03-21 03:51:19,605 Epoch 159/300, Train Loss: 0.097591, Val Loss: 0.069980  
	Train = MSE:0.097600 , RMSE:0.312410 , MAE:0.226352 , MAPD:1.174656, R_squared:0.998311  
	Validation = MSE:0.068689 , RMSE:0.262085 , MAE:0.162043 , MAPD:0.874351, R_squared:0.998764

2024-03-21 03:51:23,629 Epoch 160/300, Train Loss: 0.102671, Val Loss: 0.125777  
	Train = MSE:0.102603 , RMSE:0.320318 , MAE:0.235375 , MAPD:1.211382, R_squared:0.998224  
	Validation = MSE:0.125941 , RMSE:0.354882 , MAE:0.238122 , MAPD:1.150271, R_squared:0.997734

2024-03-21 03:51:29,088 Epoch 161/300, Train Loss: 0.210770, Val Loss: 0.103135  
	Train = MSE:0.210801 , RMSE:0.459130 , MAE:0.345024 , MAPD:1.724418, R_squared:0.996351  
	Validation = MSE:0.102562 , RMSE:0.320253 , MAE:0.211203 , MAPD:1.051878, R_squared:0.998154

2024-03-21 03:51:35,869 Epoch 162/300, Train Loss: 0.107193, Val Loss: 0.401732  
	Train = MSE:0.107146 , RMSE:0.327331 , MAE:0.239920 , MAPD:1.238088, R_squared:0.998145  
	Validation = MSE:0.399623 , RMSE:0.632157 , MAE:0.584931 , MAPD:3.350445, R_squared:0.992809

2024-03-21 03:51:41,544 Epoch 163/300, Train Loss: 0.099099, Val Loss: 0.069769  
	Train = MSE:0.099073 , RMSE:0.314759 , MAE:0.228689 , MAPD:1.198467, R_squared:0.998285  
	Validation = MSE:0.068501 , RMSE:0.261727 , MAE:0.163294 , MAPD:0.881932, R_squared:0.998767

2024-03-21 03:51:46,385 Epoch 164/300, Train Loss: 0.164382, Val Loss: 0.136012  
	Train = MSE:0.164305 , RMSE:0.405346 , MAE:0.303470 , MAPD:1.540617, R_squared:0.997156  
	Validation = MSE:0.135934 , RMSE:0.368692 , MAE:0.288995 , MAPD:1.540773, R_squared:0.997554

2024-03-21 03:51:51,364 Epoch 165/300, Train Loss: 0.091512, Val Loss: 0.073648  
	Train = MSE:0.091522 , RMSE:0.302526 , MAE:0.215200 , MAPD:1.113263, R_squared:0.998416  
	Validation = MSE:0.072890 , RMSE:0.269981 , MAE:0.171848 , MAPD:0.916220, R_squared:0.998688

2024-03-21 03:51:55,980 Epoch 166/300, Train Loss: 0.127851, Val Loss: 0.248394  
	Train = MSE:0.127832 , RMSE:0.357536 , MAE:0.267507 , MAPD:1.382160, R_squared:0.997787  
	Validation = MSE:0.250180 , RMSE:0.500180 , MAE:0.438847 , MAPD:2.399121, R_squared:0.995498

2024-03-21 03:52:01,344 Epoch 167/300, Train Loss: 0.179123, Val Loss: 0.106420  
	Train = MSE:0.179093 , RMSE:0.423194 , MAE:0.327767 , MAPD:1.697499, R_squared:0.996900  
	Validation = MSE:0.107646 , RMSE:0.328095 , MAE:0.272589 , MAPD:1.618824, R_squared:0.998063

2024-03-21 03:52:06,433 Epoch 168/300, Train Loss: 0.437595, Val Loss: 0.076119  
	Train = MSE:0.437634 , RMSE:0.661539 , MAE:0.455554 , MAPD:2.343909, R_squared:0.992424  
	Validation = MSE:0.072281 , RMSE:0.268852 , MAE:0.180945 , MAPD:1.035674, R_squared:0.998699

2024-03-21 03:52:10,096 Epoch 169/300, Train Loss: 0.138659, Val Loss: 0.101313  
	Train = MSE:0.138673 , RMSE:0.372388 , MAE:0.274421 , MAPD:1.429454, R_squared:0.997600  
	Validation = MSE:0.095890 , RMSE:0.309661 , MAE:0.213956 , MAPD:1.291272, R_squared:0.998275

2024-03-21 03:52:14,370 Epoch 170/300, Train Loss: 0.148004, Val Loss: 0.374947  
	Train = MSE:0.148025 , RMSE:0.384741 , MAE:0.289310 , MAPD:1.510289, R_squared:0.997438  
	Validation = MSE:0.370578 , RMSE:0.608751 , MAE:0.503022 , MAPD:2.427689, R_squared:0.993332

2024-03-21 03:52:20,064 Epoch 171/300, Train Loss: 0.102639, Val Loss: 0.067042  
	Train = MSE:0.102655 , RMSE:0.320398 , MAE:0.236888 , MAPD:1.223395, R_squared:0.998223  
	Validation = MSE:0.068783 , RMSE:0.262265 , MAE:0.171771 , MAPD:0.921356, R_squared:0.998762

2024-03-21 03:52:25,186 Epoch 172/300, Train Loss: 0.139217, Val Loss: 0.157682  
	Train = MSE:0.139218 , RMSE:0.373120 , MAE:0.280642 , MAPD:1.434810, R_squared:0.997590  
	Validation = MSE:0.152615 , RMSE:0.390660 , MAE:0.291381 , MAPD:1.420849, R_squared:0.997254

2024-03-21 03:52:29,044 Epoch 173/300, Train Loss: 83.683811, Val Loss: 59.934903  
	Train = MSE:83.691338 , RMSE:9.148297 , MAE:7.113660 , MAPD:36.371679, R_squared:-0.448711  
	Validation = MSE:57.490772 , RMSE:7.582267 , MAE:6.456253 , MAPD:37.031819, R_squared:-0.034491

2024-03-21 03:52:32,733 Epoch 174/300, Train Loss: 58.573544, Val Loss: 58.898788  
	Train = MSE:58.571171 , RMSE:7.653181 , MAE:6.260299 , MAPD:33.633197, R_squared:-0.013877  
	Validation = MSE:56.356895 , RMSE:7.507123 , MAE:6.280962 , MAPD:35.358476, R_squared:-0.014088

2024-03-21 03:52:37,625 Epoch 175/300, Train Loss: 58.288272, Val Loss: 58.321638  
	Train = MSE:58.284805 , RMSE:7.634449 , MAE:6.246228 , MAPD:33.633283, R_squared:-0.008920  
	Validation = MSE:55.585541 , RMSE:7.455571 , MAE:5.997641 , MAPD:32.347766, R_squared:-0.000209

2024-03-21 03:52:41,093 Epoch 176/300, Train Loss: 58.406199, Val Loss: 59.598604  
	Train = MSE:58.407013 , RMSE:7.642448 , MAE:6.245725 , MAPD:33.571481, R_squared:-0.011035  
	Validation = MSE:57.127453 , RMSE:7.558270 , MAE:6.406743 , MAPD:36.564345, R_squared:-0.027954

2024-03-21 03:52:45,589 Epoch 177/300, Train Loss: 58.145511, Val Loss: 58.467786  
	Train = MSE:58.144020 , RMSE:7.625223 , MAE:6.232459 , MAPD:33.447691, R_squared:-0.006483  
	Validation = MSE:55.686974 , RMSE:7.462370 , MAE:5.947893 , MAPD:31.730619, R_squared:-0.002034

2024-03-21 03:52:50,053 Epoch 178/300, Train Loss: 58.013565, Val Loss: 58.817781  
	Train = MSE:58.010277 , RMSE:7.616448 , MAE:6.211284 , MAPD:33.286723, R_squared:-0.004168  
	Validation = MSE:56.265457 , RMSE:7.501030 , MAE:6.263118 , MAPD:35.184067, R_squared:-0.012443

2024-03-21 03:52:54,370 Epoch 179/300, Train Loss: 58.318183, Val Loss: 58.457990  
	Train = MSE:58.318359 , RMSE:7.636646 , MAE:6.258032 , MAPD:33.665565, R_squared:-0.009501  
	Validation = MSE:55.844784 , RMSE:7.472937 , MAE:6.162508 , MAPD:34.182697, R_squared:-0.004873

2024-03-21 03:52:57,849 Epoch 180/300, Train Loss: 58.139478, Val Loss: 58.351533  
	Train = MSE:58.142040 , RMSE:7.625093 , MAE:6.233206 , MAPD:33.431997, R_squared:-0.006449  
	Validation = MSE:55.708195 , RMSE:7.463792 , MAE:6.115921 , MAPD:33.702522, R_squared:-0.002416

2024-03-21 03:53:01,878 Epoch 181/300, Train Loss: 57.982588, Val Loss: 60.871819  
	Train = MSE:57.980637 , RMSE:7.614502 , MAE:6.206422 , MAPD:33.232449, R_squared:-0.003655  
	Validation = MSE:58.490978 , RMSE:7.647940 , MAE:6.574949 , MAPD:38.139332, R_squared:-0.052489

2024-03-21 03:53:07,322 Epoch 182/300, Train Loss: 58.280333, Val Loss: 58.279866  
	Train = MSE:58.286163 , RMSE:7.634538 , MAE:6.268009 , MAPD:33.825862, R_squared:-0.008943  
	Validation = MSE:55.588154 , RMSE:7.455746 , MAE:6.049255 , MAPD:32.971518, R_squared:-0.000256

2024-03-21 03:53:10,918 Epoch 183/300, Train Loss: 57.988112, Val Loss: 59.508919  
	Train = MSE:57.987926 , RMSE:7.614980 , MAE:6.195831 , MAPD:33.103530, R_squared:-0.003781  
	Validation = MSE:57.029991 , RMSE:7.551820 , MAE:6.392639 , MAPD:36.430514, R_squared:-0.026200

2024-03-21 03:53:14,564 Epoch 184/300, Train Loss: 58.264328, Val Loss: 59.202453  
	Train = MSE:58.261135 , RMSE:7.632898 , MAE:6.231885 , MAPD:33.403784, R_squared:-0.008510  
	Validation = MSE:56.694550 , RMSE:7.529578 , MAE:6.340801 , MAPD:35.935105, R_squared:-0.020164

2024-03-21 03:53:19,324 Epoch 185/300, Train Loss: 58.061185, Val Loss: 58.279738  
	Train = MSE:58.059189 , RMSE:7.619658 , MAE:6.242495 , MAPD:33.608944, R_squared:-0.005014  
	Validation = MSE:55.580292 , RMSE:7.455219 , MAE:6.039966 , MAPD:32.861374, R_squared:-0.000114

2024-03-21 03:53:22,994 Epoch 186/300, Train Loss: 57.883338, Val Loss: 59.252471  
	Train = MSE:57.885071 , RMSE:7.608224 , MAE:6.246171 , MAPD:33.617716, R_squared:-0.002000  
	Validation = MSE:56.363571 , RMSE:7.507567 , MAE:5.840321 , MAPD:30.303488, R_squared:-0.014208

2024-03-21 03:53:27,109 Epoch 187/300, Train Loss: 58.133128, Val Loss: 58.284465  
	Train = MSE:58.128166 , RMSE:7.624183 , MAE:6.219995 , MAPD:33.331031, R_squared:-0.006208  
	Validation = MSE:55.602489 , RMSE:7.456707 , MAE:6.061111 , MAPD:33.110960, R_squared:-0.000514

2024-03-21 03:53:30,629 Epoch 188/300, Train Loss: 58.716991, Val Loss: 60.364679  
	Train = MSE:58.719780 , RMSE:7.662883 , MAE:6.252506 , MAPD:33.473669, R_squared:-0.016449  
	Validation = MSE:57.951344 , RMSE:7.612578 , MAE:6.513217 , MAPD:37.567085, R_squared:-0.042779

2024-03-21 03:53:34,107 Epoch 189/300, Train Loss: 58.134512, Val Loss: 58.354196  
	Train = MSE:58.135960 , RMSE:7.624694 , MAE:6.247748 , MAPD:33.591217, R_squared:-0.006343  
	Validation = MSE:55.711823 , RMSE:7.464035 , MAE:6.117345 , MAPD:33.717535, R_squared:-0.002481

2024-03-21 03:53:37,628 Epoch 190/300, Train Loss: 58.147465, Val Loss: 61.370515  
	Train = MSE:58.146873 , RMSE:7.625410 , MAE:6.233787 , MAPD:33.446494, R_squared:-0.006532  
	Validation = MSE:59.018639 , RMSE:7.682359 , MAE:6.631274 , MAPD:38.655454, R_squared:-0.061984

2024-03-21 03:53:42,028 Epoch 191/300, Train Loss: 57.939998, Val Loss: 58.646163  
	Train = MSE:57.937210 , RMSE:7.611650 , MAE:6.217843 , MAPD:33.367733, R_squared:-0.002903  
	Validation = MSE:56.068771 , RMSE:7.487908 , MAE:6.220717 , MAPD:34.767036, R_squared:-0.008904

2024-03-21 03:53:48,040 Epoch 192/300, Train Loss: 58.422760, Val Loss: 58.732202  
	Train = MSE:58.418892 , RMSE:7.643225 , MAE:6.230987 , MAPD:33.370915, R_squared:-0.011241  
	Validation = MSE:56.167973 , RMSE:7.494530 , MAE:6.242925 , MAPD:34.985765, R_squared:-0.010689

2024-03-21 03:53:51,642 Epoch 193/300, Train Loss: 57.818805, Val Loss: 58.284789  
	Train = MSE:57.815830 , RMSE:7.603672 , MAE:6.234913 , MAPD:33.570794, R_squared:-0.000802  
	Validation = MSE:55.574551 , RMSE:7.454834 , MAE:6.027163 , MAPD:32.708417, R_squared:-0.000011

2024-03-21 03:53:56,567 Epoch 194/300, Train Loss: 58.169594, Val Loss: 58.287783  
	Train = MSE:58.168179 , RMSE:7.626807 , MAE:6.246425 , MAPD:33.623664, R_squared:-0.006901  
	Validation = MSE:55.573990 , RMSE:7.454796 , MAE:6.022984 , MAPD:32.658230, R_squared:-0.000001

2024-03-21 03:54:01,378 Epoch 195/300, Train Loss: 58.106912, Val Loss: 58.325479  
	Train = MSE:58.109966 , RMSE:7.622989 , MAE:6.223849 , MAPD:33.353534, R_squared:-0.005893  
	Validation = MSE:55.587597 , RMSE:7.455709 , MAE:5.995629 , MAPD:32.322976, R_squared:-0.000246

2024-03-21 03:54:05,818 Epoch 196/300, Train Loss: 58.660846, Val Loss: 58.617076  
	Train = MSE:58.661213 , RMSE:7.659061 , MAE:6.222800 , MAPD:33.272594, R_squared:-0.015436  
	Validation = MSE:56.034882 , RMSE:7.485645 , MAE:6.212628 , MAPD:34.687361, R_squared:-0.008294

2024-03-21 03:54:10,926 Epoch 197/300, Train Loss: 57.877771, Val Loss: 59.188568  
	Train = MSE:57.875233 , RMSE:7.607577 , MAE:6.232800 , MAPD:33.582614, R_squared:-0.001830  
	Validation = MSE:56.679249 , RMSE:7.528562 , MAE:6.338298 , MAPD:35.911017, R_squared:-0.019889

2024-03-21 03:54:14,874 Epoch 198/300, Train Loss: 58.012835, Val Loss: 58.390297  
	Train = MSE:58.013721 , RMSE:7.616674 , MAE:6.231609 , MAPD:33.486011, R_squared:-0.004227  
	Validation = MSE:55.759567 , RMSE:7.467233 , MAE:6.135184 , MAPD:33.902301, R_squared:-0.003340

2024-03-21 03:54:18,385 Epoch 199/300, Train Loss: 58.051680, Val Loss: 58.875723  
	Train = MSE:58.048180 , RMSE:7.618936 , MAE:6.220412 , MAPD:33.252866, R_squared:-0.004824  
	Validation = MSE:56.330933 , RMSE:7.505394 , MAE:6.276007 , MAPD:35.310040, R_squared:-0.013621

2024-03-21 03:54:22,227 Epoch 200/300, Train Loss: 58.258353, Val Loss: 58.857325  
	Train = MSE:58.252354 , RMSE:7.632323 , MAE:6.241191 , MAPD:33.521037, R_squared:-0.008358  
	Validation = MSE:56.310184 , RMSE:7.504011 , MAE:6.271986 , MAPD:35.270734, R_squared:-0.013248

2024-03-21 03:54:25,746 Epoch 201/300, Train Loss: 57.944286, Val Loss: 58.280989  
	Train = MSE:57.950344 , RMSE:7.612512 , MAE:6.245613 , MAPD:33.665864, R_squared:-0.003130  
	Validation = MSE:55.577324 , RMSE:7.455020 , MAE:6.034895 , MAPD:32.801239, R_squared:-0.000061

2024-03-21 03:54:31,696 Epoch 202/300, Train Loss: 57.928866, Val Loss: 58.908421  
	Train = MSE:57.924934 , RMSE:7.610843 , MAE:6.202620 , MAPD:33.171235, R_squared:-0.002690  
	Validation = MSE:56.367714 , RMSE:7.507843 , MAE:6.283005 , MAPD:35.378435, R_squared:-0.014283

2024-03-21 03:54:35,212 Epoch 203/300, Train Loss: 58.219475, Val Loss: 58.502793  
	Train = MSE:58.221889 , RMSE:7.630327 , MAE:6.261775 , MAPD:33.751513, R_squared:-0.007831  
	Validation = MSE:55.899380 , RMSE:7.476589 , MAE:6.178053 , MAPD:34.340693, R_squared:-0.005856

2024-03-21 03:54:38,946 Epoch 204/300, Train Loss: 58.220391, Val Loss: 58.406049  
	Train = MSE:58.221653 , RMSE:7.630311 , MAE:6.219412 , MAPD:33.311120, R_squared:-0.007827  
	Validation = MSE:55.640533 , RMSE:7.459258 , MAE:5.964696 , MAPD:31.940628, R_squared:-0.001198

2024-03-21 03:54:43,070 Epoch 205/300, Train Loss: 58.160237, Val Loss: 58.306806  
	Train = MSE:58.160400 , RMSE:7.626297 , MAE:6.250229 , MAPD:33.626672, R_squared:-0.006766  
	Validation = MSE:55.578529 , RMSE:7.455101 , MAE:6.006435 , MAPD:32.456183, R_squared:-0.000082

2024-03-21 03:54:47,282 Epoch 206/300, Train Loss: 58.381201, Val Loss: 58.329497  
	Train = MSE:58.382591 , RMSE:7.640850 , MAE:6.218040 , MAPD:33.242274, R_squared:-0.010613  
	Validation = MSE:55.677402 , RMSE:7.461729 , MAE:6.102942 , MAPD:33.565718, R_squared:-0.001862

2024-03-21 03:54:51,515 Epoch 207/300, Train Loss: 58.007300, Val Loss: 58.418428  
	Train = MSE:58.004280 , RMSE:7.616054 , MAE:6.228306 , MAPD:33.432407, R_squared:-0.004064  
	Validation = MSE:55.795498 , RMSE:7.469638 , MAE:6.147339 , MAPD:34.027032, R_squared:-0.003986

2024-03-21 03:54:55,693 Epoch 208/300, Train Loss: 58.269482, Val Loss: 58.652836  
	Train = MSE:58.269939 , RMSE:7.633475 , MAE:6.259599 , MAPD:33.700603, R_squared:-0.008662  
	Validation = MSE:56.076519 , RMSE:7.488426 , MAE:6.222527 , MAPD:34.784859, R_squared:-0.009043

2024-03-21 03:54:59,257 Epoch 209/300, Train Loss: 58.396759, Val Loss: 58.451088  
	Train = MSE:58.394009 , RMSE:7.641597 , MAE:6.253497 , MAPD:33.646277, R_squared:-0.010810  
	Validation = MSE:55.674129 , RMSE:7.461510 , MAE:5.952124 , MAPD:31.783506, R_squared:-0.001803

2024-03-21 03:55:03,573 Epoch 210/300, Train Loss: 58.178548, Val Loss: 58.290863  
	Train = MSE:58.178654 , RMSE:7.627493 , MAE:6.220024 , MAPD:33.318365, R_squared:-0.007082  
	Validation = MSE:55.615917 , RMSE:7.457608 , MAE:6.070314 , MAPD:33.214810, R_squared:-0.000755

2024-03-21 03:55:07,122 Epoch 211/300, Train Loss: 58.088292, Val Loss: 58.414040  
	Train = MSE:58.092915 , RMSE:7.621871 , MAE:6.207277 , MAPD:33.197388, R_squared:-0.005598  
	Validation = MSE:55.789948 , RMSE:7.469267 , MAE:6.145530 , MAPD:34.008478, R_squared:-0.003887

2024-03-21 03:55:12,384 Epoch 212/300, Train Loss: 57.852552, Val Loss: 59.226903  
	Train = MSE:57.848255 , RMSE:7.605804 , MAE:6.214896 , MAPD:33.350274, R_squared:-0.001363  
	Validation = MSE:56.721474 , RMSE:7.531366 , MAE:6.345162 , MAPD:35.977098, R_squared:-0.020649

2024-03-21 03:55:15,998 Epoch 213/300, Train Loss: 57.981993, Val Loss: 58.341294  
	Train = MSE:57.983253 , RMSE:7.614674 , MAE:6.239306 , MAPD:33.605767, R_squared:-0.003700  
	Validation = MSE:55.694080 , RMSE:7.462847 , MAE:6.110181 , MAPD:33.642020, R_squared:-0.002162

2024-03-21 03:55:20,304 Epoch 214/300, Train Loss: 57.944862, Val Loss: 58.281631  
	Train = MSE:57.941631 , RMSE:7.611940 , MAE:6.209239 , MAPD:33.234749, R_squared:-0.002980  
	Validation = MSE:55.594967 , RMSE:7.456203 , MAE:6.055314 , MAPD:33.043367, R_squared:-0.000378

2024-03-21 03:55:24,547 Epoch 215/300, Train Loss: 58.168189, Val Loss: 58.328127  
	Train = MSE:58.168518 , RMSE:7.626829 , MAE:6.260711 , MAPD:33.762706, R_squared:-0.006907  
	Validation = MSE:55.675430 , RMSE:7.461597 , MAE:6.102047 , MAPD:33.556284, R_squared:-0.001826

2024-03-21 03:55:29,190 Epoch 216/300, Train Loss: 57.820923, Val Loss: 59.926627  
	Train = MSE:57.817261 , RMSE:7.603766 , MAE:6.187852 , MAPD:33.060187, R_squared:-0.000827  
	Validation = MSE:57.481865 , RMSE:7.581679 , MAE:6.455094 , MAPD:37.020898, R_squared:-0.034331

2024-03-21 03:55:33,168 Epoch 217/300, Train Loss: 58.264371, Val Loss: 58.522512  
	Train = MSE:58.266392 , RMSE:7.633243 , MAE:6.262212 , MAPD:33.721411, R_squared:-0.008601  
	Validation = MSE:55.923100 , RMSE:7.478175 , MAE:6.184487 , MAPD:34.405597, R_squared:-0.006283

2024-03-21 03:55:37,385 Epoch 218/300, Train Loss: 58.078271, Val Loss: 58.996707  
	Train = MSE:58.081909 , RMSE:7.621149 , MAE:6.247014 , MAPD:33.670448, R_squared:-0.005408  
	Validation = MSE:56.135101 , RMSE:7.492336 , MAE:5.864491 , MAPD:30.648506, R_squared:-0.010097

2024-03-21 03:55:40,996 Epoch 219/300, Train Loss: 58.488336, Val Loss: 58.282792  
	Train = MSE:58.486305 , RMSE:7.647634 , MAE:6.226561 , MAPD:33.301204, R_squared:-0.012408  
	Validation = MSE:55.575523 , RMSE:7.454899 , MAE:6.030654 , MAPD:32.750344, R_squared:-0.000028

2024-03-21 03:55:44,897 Epoch 220/300, Train Loss: 58.228760, Val Loss: 59.109822  
	Train = MSE:58.228939 , RMSE:7.630789 , MAE:6.222122 , MAPD:33.309458, R_squared:-0.007953  
	Validation = MSE:56.592236 , RMSE:7.522781 , MAE:6.323730 , MAPD:35.770747, R_squared:-0.018323

2024-03-21 03:55:48,504 Epoch 221/300, Train Loss: 58.173814, Val Loss: 58.940787  
	Train = MSE:58.175709 , RMSE:7.627300 , MAE:6.241620 , MAPD:33.505012, R_squared:-0.007031  
	Validation = MSE:56.404022 , RMSE:7.510261 , MAE:6.289913 , MAPD:35.445160, R_squared:-0.014936

2024-03-21 03:55:55,965 Epoch 222/300, Train Loss: 58.013840, Val Loss: 58.539507  
	Train = MSE:58.016273 , RMSE:7.616841 , MAE:6.237184 , MAPD:33.564302, R_squared:-0.004272  
	Validation = MSE:55.743828 , RMSE:7.466179 , MAE:5.931558 , MAPD:31.526472, R_squared:-0.003057

2024-03-21 03:56:00,368 Epoch 223/300, Train Loss: 57.976764, Val Loss: 58.379470  
	Train = MSE:57.979816 , RMSE:7.614448 , MAE:6.228106 , MAPD:33.451813, R_squared:-0.003640  
	Validation = MSE:55.745472 , RMSE:7.466289 , MAE:6.130103 , MAPD:33.850135, R_squared:-0.003086

2024-03-21 03:56:04,285 Epoch 224/300, Train Loss: 57.970358, Val Loss: 58.366011  
	Train = MSE:57.972965 , RMSE:7.613998 , MAE:6.226117 , MAPD:33.434141, R_squared:-0.003522  
	Validation = MSE:55.727707 , RMSE:7.465099 , MAE:6.123491 , MAPD:33.781691, R_squared:-0.002767

2024-03-21 03:56:08,891 Epoch 225/300, Train Loss: 58.006485, Val Loss: 58.520599  
	Train = MSE:58.003838 , RMSE:7.616025 , MAE:6.221051 , MAPD:33.392848, R_squared:-0.004056  
	Validation = MSE:55.728619 , RMSE:7.465160 , MAE:5.935619 , MAPD:31.577222, R_squared:-0.002783

2024-03-21 03:56:13,712 Epoch 226/300, Train Loss: 57.884346, Val Loss: 59.320533  
	Train = MSE:57.881832 , RMSE:7.608011 , MAE:6.203444 , MAPD:33.180936, R_squared:-0.001944  
	Validation = MSE:56.824295 , RMSE:7.538189 , MAE:6.361376 , MAPD:36.133151, R_squared:-0.022499

2024-03-21 03:56:17,140 Epoch 227/300, Train Loss: 58.098860, Val Loss: 60.470994  
	Train = MSE:58.096954 , RMSE:7.622136 , MAE:6.220170 , MAPD:33.301968, R_squared:-0.005668  
	Validation = MSE:58.064770 , RMSE:7.620024 , MAE:6.526486 , MAPD:37.691238, R_squared:-0.044820

2024-03-21 03:56:20,963 Epoch 228/300, Train Loss: 58.190325, Val Loss: 58.391520  
	Train = MSE:58.189594 , RMSE:7.628211 , MAE:6.254602 , MAPD:33.797456, R_squared:-0.007272  
	Validation = MSE:55.630116 , RMSE:7.458560 , MAE:5.969220 , MAPD:31.997159, R_squared:-0.001011

2024-03-21 03:56:24,907 Epoch 229/300, Train Loss: 58.526764, Val Loss: 58.760096  
	Train = MSE:58.526558 , RMSE:7.650265 , MAE:6.237309 , MAPD:33.408973, R_squared:-0.013105  
	Validation = MSE:55.928551 , RMSE:7.478539 , MAE:5.893731 , MAPD:31.041954, R_squared:-0.006381

2024-03-21 03:56:28,859 Epoch 230/300, Train Loss: 58.121767, Val Loss: 58.902827  
	Train = MSE:58.119865 , RMSE:7.623639 , MAE:6.209146 , MAPD:33.207833, R_squared:-0.006065  
	Validation = MSE:56.361431 , RMSE:7.507425 , MAE:6.281821 , MAPD:35.366863, R_squared:-0.014170

2024-03-21 03:56:32,622 Epoch 231/300, Train Loss: 58.156111, Val Loss: 59.235080  
	Train = MSE:58.157726 , RMSE:7.626122 , MAE:6.239124 , MAPD:33.521294, R_squared:-0.006720  
	Validation = MSE:56.730473 , RMSE:7.531963 , MAE:6.346608 , MAPD:35.991023, R_squared:-0.020811

2024-03-21 03:56:38,442 Epoch 232/300, Train Loss: 57.942081, Val Loss: 58.926938  
	Train = MSE:57.938244 , RMSE:7.611718 , MAE:6.199523 , MAPD:33.166318, R_squared:-0.002921  
	Validation = MSE:56.388496 , RMSE:7.509227 , MAE:6.286961 , MAPD:35.416726, R_squared:-0.014657

2024-03-21 03:56:42,260 Epoch 233/300, Train Loss: 57.956594, Val Loss: 58.500918  
	Train = MSE:57.955402 , RMSE:7.612844 , MAE:6.266187 , MAPD:33.880346, R_squared:-0.003218  
	Validation = MSE:55.897118 , RMSE:7.476438 , MAE:6.177428 , MAPD:34.334382, R_squared:-0.005815

2024-03-21 03:56:46,195 Epoch 234/300, Train Loss: 58.265851, Val Loss: 58.303137  
	Train = MSE:58.264778 , RMSE:7.633137 , MAE:6.230987 , MAPD:33.400739, R_squared:-0.008573  
	Validation = MSE:55.637394 , RMSE:7.459048 , MAE:6.082974 , MAPD:33.353757, R_squared:-0.001142

2024-03-21 03:56:50,725 Epoch 235/300, Train Loss: 58.095581, Val Loss: 58.751011  
	Train = MSE:58.093819 , RMSE:7.621930 , MAE:6.215664 , MAPD:33.299998, R_squared:-0.005614  
	Validation = MSE:56.189491 , RMSE:7.495965 , MAE:6.247490 , MAPD:35.030736, R_squared:-0.011076

2024-03-21 03:56:56,061 Epoch 236/300, Train Loss: 58.019706, Val Loss: 58.712988  
	Train = MSE:58.025455 , RMSE:7.617444 , MAE:6.225018 , MAPD:33.414289, R_squared:-0.004431  
	Validation = MSE:56.145939 , RMSE:7.493059 , MAE:6.238162 , MAPD:34.938860, R_squared:-0.010292

2024-03-21 03:57:00,383 Epoch 237/300, Train Loss: 57.965409, Val Loss: 58.674185  
	Train = MSE:57.968163 , RMSE:7.613683 , MAE:6.231005 , MAPD:33.466333, R_squared:-0.003439  
	Validation = MSE:56.101242 , RMSE:7.490076 , MAE:6.228212 , MAPD:34.840853, R_squared:-0.009488

2024-03-21 03:57:04,211 Epoch 238/300, Train Loss: 57.945779, Val Loss: 58.366035  
	Train = MSE:57.946102 , RMSE:7.612234 , MAE:6.230268 , MAPD:33.488839, R_squared:-0.003057  
	Validation = MSE:55.727737 , RMSE:7.465101 , MAE:6.123504 , MAPD:33.781827, R_squared:-0.002767

2024-03-21 03:57:07,611 Epoch 239/300, Train Loss: 57.953484, Val Loss: 59.002752  
	Train = MSE:57.957127 , RMSE:7.612958 , MAE:6.220069 , MAPD:33.360574, R_squared:-0.003248  
	Validation = MSE:56.473282 , RMSE:7.514871 , MAE:6.302763 , MAPD:35.568875, R_squared:-0.016183

2024-03-21 03:57:11,378 Epoch 240/300, Train Loss: 58.139166, Val Loss: 58.364991  
	Train = MSE:58.141827 , RMSE:7.625079 , MAE:6.262813 , MAPD:33.767743, R_squared:-0.006445  
	Validation = MSE:55.726349 , RMSE:7.465008 , MAE:6.122969 , MAPD:33.776289, R_squared:-0.002742

2024-03-21 03:57:14,811 Epoch 241/300, Train Loss: 57.872795, Val Loss: 58.490519  
	Train = MSE:57.872421 , RMSE:7.607392 , MAE:6.189732 , MAPD:33.088826, R_squared:-0.001781  
	Validation = MSE:55.884533 , RMSE:7.475596 , MAE:6.173905 , MAPD:34.298842, R_squared:-0.005589

2024-03-21 03:57:20,002 Epoch 242/300, Train Loss: 57.836690, Val Loss: 58.603337  
	Train = MSE:57.837811 , RMSE:7.605117 , MAE:6.219971 , MAPD:33.443249, R_squared:-0.001182  
	Validation = MSE:55.796085 , RMSE:7.469678 , MAE:5.918894 , MAPD:31.367800, R_squared:-0.003997

2024-03-21 03:57:23,446 Epoch 243/300, Train Loss: 58.225367, Val Loss: 58.316805  
	Train = MSE:58.222736 , RMSE:7.630383 , MAE:6.248672 , MAPD:33.601756, R_squared:-0.007845  
	Validation = MSE:55.583076 , RMSE:7.455406 , MAE:6.000307 , MAPD:32.380636, R_squared:-0.000164

2024-03-21 03:57:26,840 Epoch 244/300, Train Loss: 58.155483, Val Loss: 58.376521  
	Train = MSE:58.151459 , RMSE:7.625710 , MAE:6.237011 , MAPD:33.507357, R_squared:-0.006612  
	Validation = MSE:55.741608 , RMSE:7.466030 , MAE:6.128693 , MAPD:33.835545, R_squared:-0.003017

2024-03-21 03:57:30,289 Epoch 245/300, Train Loss: 58.609307, Val Loss: 58.657742  
	Train = MSE:58.612713 , RMSE:7.655894 , MAE:6.228480 , MAPD:33.386874, R_squared:-0.014596  
	Validation = MSE:55.841503 , RMSE:7.472717 , MAE:5.909285 , MAPD:31.245715, R_squared:-0.004814

2024-03-21 03:57:34,734 Epoch 246/300, Train Loss: 57.817856, Val Loss: 60.555214  
	Train = MSE:57.814526 , RMSE:7.603586 , MAE:6.163127 , MAPD:32.773914, R_squared:-0.000779  
	Validation = MSE:58.154507 , RMSE:7.625910 , MAE:6.536817 , MAPD:37.787678, R_squared:-0.046435

2024-03-21 03:57:38,355 Epoch 247/300, Train Loss: 58.390575, Val Loss: 59.928948  
	Train = MSE:58.390766 , RMSE:7.641385 , MAE:6.261088 , MAPD:33.678521, R_squared:-0.010754  
	Validation = MSE:57.484364 , RMSE:7.581844 , MAE:6.455420 , MAPD:37.023964, R_squared:-0.034376

2024-03-21 03:57:42,131 Epoch 248/300, Train Loss: 58.158649, Val Loss: 58.522946  
	Train = MSE:58.161434 , RMSE:7.626364 , MAE:6.257400 , MAPD:33.701617, R_squared:-0.006784  
	Validation = MSE:55.923618 , RMSE:7.478209 , MAE:6.184625 , MAPD:34.406997, R_squared:-0.006292

2024-03-21 03:57:45,663 Epoch 249/300, Train Loss: 57.921700, Val Loss: 58.672627  
	Train = MSE:57.919651 , RMSE:7.610496 , MAE:6.196850 , MAPD:33.146646, R_squared:-0.002599  
	Validation = MSE:56.099434 , RMSE:7.489955 , MAE:6.227801 , MAPD:34.836817, R_squared:-0.009456

2024-03-21 03:57:49,579 Epoch 250/300, Train Loss: 58.002983, Val Loss: 59.179231  
	Train = MSE:58.001614 , RMSE:7.615879 , MAE:6.250980 , MAPD:33.685104, R_squared:-0.004018  
	Validation = MSE:56.668949 , RMSE:7.527878 , MAE:6.336605 , MAPD:35.894709, R_squared:-0.019703

2024-03-21 03:57:53,553 Epoch 251/300, Train Loss: 58.180269, Val Loss: 58.601814  
	Train = MSE:58.180202 , RMSE:7.627595 , MAE:6.212005 , MAPD:33.276343, R_squared:-0.007109  
	Validation = MSE:56.017025 , RMSE:7.484452 , MAE:6.208293 , MAPD:34.644427, R_squared:-0.007973

2024-03-21 03:57:58,669 Epoch 252/300, Train Loss: 58.164064, Val Loss: 58.526127  
	Train = MSE:58.161125 , RMSE:7.626344 , MAE:6.257038 , MAPD:33.734916, R_squared:-0.006779  
	Validation = MSE:55.927425 , RMSE:7.478464 , MAE:6.185637 , MAPD:34.417206, R_squared:-0.006361

2024-03-21 03:58:03,194 Epoch 253/300, Train Loss: 58.388167, Val Loss: 58.297246  
	Train = MSE:58.387451 , RMSE:7.641168 , MAE:6.225077 , MAPD:33.389539, R_squared:-0.010697  
	Validation = MSE:55.627491 , RMSE:7.458384 , MAE:6.077382 , MAPD:33.292843, R_squared:-0.000963

2024-03-21 03:58:06,600 Epoch 254/300, Train Loss: 58.083272, Val Loss: 58.865596  
	Train = MSE:58.083885 , RMSE:7.621278 , MAE:6.201793 , MAPD:33.131547, R_squared:-0.005442  
	Validation = MSE:56.319523 , RMSE:7.504633 , MAE:6.273801 , MAPD:35.288483, R_squared:-0.013416

2024-03-21 03:58:10,595 Epoch 255/300, Train Loss: 57.842979, Val Loss: 58.296983  
	Train = MSE:57.848587 , RMSE:7.605826 , MAE:6.235307 , MAPD:33.591757, R_squared:-0.001369  
	Validation = MSE:55.575157 , RMSE:7.454875 , MAE:6.013727 , MAPD:32.545790, R_squared:-0.000022

2024-03-21 03:58:14,353 Epoch 256/300, Train Loss: 57.974042, Val Loss: 58.464121  
	Train = MSE:57.976383 , RMSE:7.614223 , MAE:6.188549 , MAPD:33.061817, R_squared:-0.003581  
	Validation = MSE:55.852329 , RMSE:7.473442 , MAE:6.164702 , MAPD:34.205215, R_squared:-0.005009

2024-03-21 03:58:18,966 Epoch 257/300, Train Loss: 57.975065, Val Loss: 58.328015  
	Train = MSE:57.981186 , RMSE:7.614538 , MAE:6.240099 , MAPD:33.575638, R_squared:-0.003664  
	Validation = MSE:55.675262 , RMSE:7.461586 , MAE:6.101972 , MAPD:33.555491, R_squared:-0.001823

2024-03-21 03:58:22,722 Epoch 258/300, Train Loss: 58.316592, Val Loss: 58.293258  
	Train = MSE:58.312412 , RMSE:7.636256 , MAE:6.242037 , MAPD:33.445075, R_squared:-0.009398  
	Validation = MSE:55.574345 , RMSE:7.454820 , MAE:6.017072 , MAPD:32.586484, R_squared:-0.000007

2024-03-21 03:58:26,331 Epoch 259/300, Train Loss: 58.066778, Val Loss: 58.279544  
	Train = MSE:58.065937 , RMSE:7.620101 , MAE:6.226305 , MAPD:33.420316, R_squared:-0.005131  
	Validation = MSE:55.581367 , RMSE:7.455291 , MAE:6.041488 , MAPD:32.879413, R_squared:-0.000134

2024-03-21 03:58:30,003 Epoch 260/300, Train Loss: 57.790658, Val Loss: 58.553895  
	Train = MSE:57.791714 , RMSE:7.602086 , MAE:6.244284 , MAPD:33.698679, R_squared:-0.000384  
	Validation = MSE:55.755497 , RMSE:7.466960 , MAE:5.928566 , MAPD:31.489074, R_squared:-0.003267

2024-03-21 03:58:33,440 Epoch 261/300, Train Loss: 58.046043, Val Loss: 58.328807  
	Train = MSE:58.047447 , RMSE:7.618887 , MAE:6.217820 , MAPD:33.302428, R_squared:-0.004811  
	Validation = MSE:55.676407 , RMSE:7.461662 , MAE:6.102493 , MAPD:33.560983, R_squared:-0.001844

2024-03-21 03:58:39,808 Epoch 262/300, Train Loss: 57.959326, Val Loss: 58.454350  
	Train = MSE:57.961468 , RMSE:7.613243 , MAE:6.221590 , MAPD:33.395918, R_squared:-0.003323  
	Validation = MSE:55.840302 , RMSE:7.472637 , MAE:6.161187 , MAPD:34.169146, R_squared:-0.004793

2024-03-21 03:58:43,254 Epoch 263/300, Train Loss: 57.865564, Val Loss: 58.925800  
	Train = MSE:57.861328 , RMSE:7.606663 , MAE:6.192492 , MAPD:33.093293, R_squared:-0.001589  
	Validation = MSE:56.387222 , RMSE:7.509142 , MAE:6.286716 , MAPD:35.414375, R_squared:-0.014634

2024-03-21 03:58:46,705 Epoch 264/300, Train Loss: 57.902464, Val Loss: 58.329202  
	Train = MSE:57.903858 , RMSE:7.609458 , MAE:6.236646 , MAPD:33.559203, R_squared:-0.002326  
	Validation = MSE:55.676979 , RMSE:7.461701 , MAE:6.102749 , MAPD:33.563683, R_squared:-0.001854

2024-03-21 03:58:50,111 Epoch 265/300, Train Loss: 58.028431, Val Loss: 58.369541  
	Train = MSE:58.028671 , RMSE:7.617655 , MAE:6.237540 , MAPD:33.555822, R_squared:-0.004486  
	Validation = MSE:55.732399 , RMSE:7.465414 , MAE:6.125272 , MAPD:33.800124, R_squared:-0.002851

2024-03-21 03:58:53,993 Epoch 266/300, Train Loss: 57.975993, Val Loss: 58.305670  
	Train = MSE:57.978680 , RMSE:7.614373 , MAE:6.205455 , MAPD:33.223904, R_squared:-0.003621  
	Validation = MSE:55.578075 , RMSE:7.455070 , MAE:6.007197 , MAPD:32.465588, R_squared:-0.000074

2024-03-21 03:58:58,380 Epoch 267/300, Train Loss: 57.933169, Val Loss: 58.303978  
	Train = MSE:57.931572 , RMSE:7.611279 , MAE:6.218086 , MAPD:33.376213, R_squared:-0.002805  
	Validation = MSE:55.577415 , RMSE:7.455026 , MAE:6.008366 , MAPD:32.479995, R_squared:-0.000062

2024-03-21 03:59:02,284 Epoch 268/300, Train Loss: 57.845743, Val Loss: 58.703184  
	Train = MSE:57.846874 , RMSE:7.605713 , MAE:6.222178 , MAPD:33.420099, R_squared:-0.001339  
	Validation = MSE:56.134666 , RMSE:7.492307 , MAE:6.235692 , MAPD:34.914521, R_squared:-0.010090

2024-03-21 03:59:07,325 Epoch 269/300, Train Loss: 57.944645, Val Loss: 58.373082  
	Train = MSE:57.944046 , RMSE:7.612099 , MAE:6.236298 , MAPD:33.551330, R_squared:-0.003021  
	Validation = MSE:55.617310 , RMSE:7.457701 , MAE:5.975516 , MAPD:32.075021, R_squared:-0.000780

2024-03-21 03:59:11,513 Epoch 270/300, Train Loss: 58.241524, Val Loss: 58.448699  
	Train = MSE:58.241825 , RMSE:7.631633 , MAE:6.216510 , MAPD:33.300752, R_squared:-0.008176  
	Validation = MSE:55.833321 , RMSE:7.472170 , MAE:6.159110 , MAPD:34.147834, R_squared:-0.004667

2024-03-21 03:59:15,176 Epoch 271/300, Train Loss: 57.849108, Val Loss: 58.426983  
	Train = MSE:57.850124 , RMSE:7.605927 , MAE:6.208610 , MAPD:33.277903, R_squared:-0.001396  
	Validation = MSE:55.806259 , RMSE:7.470359 , MAE:6.150785 , MAPD:34.062396, R_squared:-0.004180

2024-03-21 03:59:20,573 Epoch 272/300, Train Loss: 57.985076, Val Loss: 58.316183  
	Train = MSE:57.984913 , RMSE:7.614782 , MAE:6.253314 , MAPD:33.777583, R_squared:-0.003729  
	Validation = MSE:55.582775 , RMSE:7.455386 , MAE:6.000661 , MAPD:32.385007, R_squared:-0.000159

2024-03-21 03:59:25,267 Epoch 273/300, Train Loss: 57.968506, Val Loss: 58.461311  
	Train = MSE:57.968330 , RMSE:7.613694 , MAE:6.188932 , MAPD:33.020633, R_squared:-0.003442  
	Validation = MSE:55.848877 , RMSE:7.473211 , MAE:6.163700 , MAPD:34.194935, R_squared:-0.004947

2024-03-21 03:59:29,228 Epoch 274/300, Train Loss: 57.962986, Val Loss: 58.592619  
	Train = MSE:57.961723 , RMSE:7.613260 , MAE:6.249663 , MAPD:33.687881, R_squared:-0.003327  
	Validation = MSE:56.006241 , RMSE:7.483732 , MAE:6.205643 , MAPD:34.618114, R_squared:-0.007779

2024-03-21 03:59:32,922 Epoch 275/300, Train Loss: 57.902432, Val Loss: 58.335478  
	Train = MSE:57.898510 , RMSE:7.609107 , MAE:6.216395 , MAPD:33.368212, R_squared:-0.002233  
	Validation = MSE:55.685925 , RMSE:7.462300 , MAE:6.106707 , MAPD:33.605405, R_squared:-0.002015

2024-03-21 03:59:36,312 Epoch 276/300, Train Loss: 57.785464, Val Loss: 59.024372  
	Train = MSE:57.783955 , RMSE:7.601576 , MAE:6.181029 , MAPD:33.015310, R_squared:-0.000250  
	Validation = MSE:56.497364 , RMSE:7.516473 , MAE:6.307116 , MAPD:35.610779, R_squared:-0.016616

2024-03-21 03:59:40,408 Epoch 277/300, Train Loss: 57.933041, Val Loss: 58.302650  
	Train = MSE:57.925163 , RMSE:7.610858 , MAE:6.222218 , MAPD:33.408243, R_squared:-0.002694  
	Validation = MSE:55.636593 , RMSE:7.458994 , MAE:6.082535 , MAPD:33.349000, R_squared:-0.001127

2024-03-21 03:59:44,121 Epoch 278/300, Train Loss: 57.954937, Val Loss: 58.736606  
	Train = MSE:57.954800 , RMSE:7.612805 , MAE:6.225245 , MAPD:33.458923, R_squared:-0.003207  
	Validation = MSE:56.173019 , RMSE:7.494866 , MAE:6.244003 , MAPD:34.996378, R_squared:-0.010780

2024-03-21 03:59:48,275 Epoch 279/300, Train Loss: 57.780376, Val Loss: 58.363070  
	Train = MSE:57.783936 , RMSE:7.601574 , MAE:6.236598 , MAPD:33.603775, R_squared:-0.000250  
	Validation = MSE:55.610584 , RMSE:7.457251 , MAE:5.979217 , MAPD:32.120642, R_squared:-0.000659

2024-03-21 03:59:51,704 Epoch 280/300, Train Loss: 57.909995, Val Loss: 58.370064  
	Train = MSE:57.911736 , RMSE:7.609976 , MAE:6.212090 , MAPD:33.285603, R_squared:-0.002462  
	Validation = MSE:55.733089 , RMSE:7.465460 , MAE:6.125532 , MAPD:33.802825, R_squared:-0.002864

2024-03-21 03:59:55,151 Epoch 281/300, Train Loss: 58.074204, Val Loss: 58.326389  
	Train = MSE:58.074497 , RMSE:7.620663 , MAE:6.233051 , MAPD:33.479235, R_squared:-0.005279  
	Validation = MSE:55.588089 , RMSE:7.455742 , MAE:5.995165 , MAPD:32.317250, R_squared:-0.000254

2024-03-21 04:00:00,302 Epoch 282/300, Train Loss: 57.957345, Val Loss: 58.341142  
	Train = MSE:57.959209 , RMSE:7.613095 , MAE:6.195244 , MAPD:33.125105, R_squared:-0.003284  
	Validation = MSE:55.693867 , RMSE:7.462832 , MAE:6.110092 , MAPD:33.641081, R_squared:-0.002158

2024-03-21 04:00:03,818 Epoch 283/300, Train Loss: 57.898272, Val Loss: 58.342017  
	Train = MSE:57.898991 , RMSE:7.609138 , MAE:6.215027 , MAPD:33.282951, R_squared:-0.002241  
	Validation = MSE:55.695087 , RMSE:7.462914 , MAE:6.110600 , MAPD:33.646433, R_squared:-0.002180

2024-03-21 04:00:07,249 Epoch 284/300, Train Loss: 57.871813, Val Loss: 59.102456  
	Train = MSE:57.871708 , RMSE:7.607346 , MAE:6.221589 , MAPD:33.461957, R_squared:-0.001769  
	Validation = MSE:56.584084 , RMSE:7.522239 , MAE:6.322332 , MAPD:35.757290, R_squared:-0.018176

2024-03-21 04:00:10,669 Epoch 285/300, Train Loss: 57.888333, Val Loss: 58.336878  
	Train = MSE:57.890980 , RMSE:7.608612 , MAE:6.241853 , MAPD:33.604741, R_squared:-0.002103  
	Validation = MSE:55.687897 , RMSE:7.462432 , MAE:6.107559 , MAPD:33.614384, R_squared:-0.002050

2024-03-21 04:00:14,071 Epoch 286/300, Train Loss: 58.077619, Val Loss: 58.451333  
	Train = MSE:58.070831 , RMSE:7.620422 , MAE:6.224256 , MAPD:33.345938, R_squared:-0.005216  
	Validation = MSE:55.836582 , RMSE:7.472388 , MAE:6.160083 , MAPD:34.157816, R_squared:-0.004726

2024-03-21 04:00:17,653 Epoch 287/300, Train Loss: 57.892507, Val Loss: 58.908805  
	Train = MSE:57.892426 , RMSE:7.608707 , MAE:6.234939 , MAPD:33.522161, R_squared:-0.002128  
	Validation = MSE:56.368145 , RMSE:7.507872 , MAE:6.283086 , MAPD:35.379229, R_squared:-0.014291

2024-03-21 04:00:22,901 Epoch 288/300, Train Loss: 57.859375, Val Loss: 58.725494  
	Train = MSE:57.862370 , RMSE:7.606732 , MAE:6.203583 , MAPD:33.228817, R_squared:-0.001607  
	Validation = MSE:56.160294 , RMSE:7.494017 , MAE:6.241274 , MAPD:34.969504, R_squared:-0.010551

2024-03-21 04:00:27,238 Epoch 289/300, Train Loss: 57.870809, Val Loss: 58.451308  
	Train = MSE:57.871815 , RMSE:7.607353 , MAE:6.225426 , MAPD:33.439124, R_squared:-0.001771  
	Validation = MSE:55.836544 , RMSE:7.472385 , MAE:6.160073 , MAPD:34.157714, R_squared:-0.004725

2024-03-21 04:00:30,667 Epoch 290/300, Train Loss: 57.866322, Val Loss: 58.967009  
	Train = MSE:57.866993 , RMSE:7.607036 , MAE:6.211519 , MAPD:33.287881, R_squared:-0.001688  
	Validation = MSE:56.433369 , RMSE:7.512215 , MAE:6.295421 , MAPD:35.498189, R_squared:-0.015464

2024-03-21 04:00:34,794 Epoch 291/300, Train Loss: 57.853561, Val Loss: 58.279521  
	Train = MSE:57.854805 , RMSE:7.606235 , MAE:6.247908 , MAPD:33.704699, R_squared:-0.001476  
	Validation = MSE:55.581566 , RMSE:7.455305 , MAE:6.041756 , MAPD:32.882592, R_squared:-0.000137

2024-03-21 04:00:40,204 Epoch 292/300, Train Loss: 57.893824, Val Loss: 58.284824  
	Train = MSE:57.891842 , RMSE:7.608669 , MAE:6.210533 , MAPD:33.287107, R_squared:-0.002118  
	Validation = MSE:55.603340 , RMSE:7.456765 , MAE:6.061725 , MAPD:33.118051, R_squared:-0.000529

2024-03-21 04:00:44,492 Epoch 293/300, Train Loss: 57.916898, Val Loss: 58.297608  
	Train = MSE:57.917274 , RMSE:7.610340 , MAE:6.203430 , MAPD:33.253205, R_squared:-0.002558  
	Validation = MSE:55.575321 , RMSE:7.454886 , MAE:6.013198 , MAPD:32.539358, R_squared:-0.000025

2024-03-21 04:00:50,181 Epoch 294/300, Train Loss: 57.907572, Val Loss: 58.339203  
	Train = MSE:57.908272 , RMSE:7.609748 , MAE:6.242696 , MAPD:33.612999, R_squared:-0.002402  
	Validation = MSE:55.691162 , RMSE:7.462651 , MAE:6.108952 , MAPD:33.629065, R_squared:-0.002109

2024-03-21 04:00:53,619 Epoch 295/300, Train Loss: 58.083740, Val Loss: 58.738118  
	Train = MSE:58.084290 , RMSE:7.621305 , MAE:6.197976 , MAPD:33.052801, R_squared:-0.005449  
	Validation = MSE:56.174747 , RMSE:7.494981 , MAE:6.244371 , MAPD:35.000011, R_squared:-0.010811

2024-03-21 04:00:57,042 Epoch 296/300, Train Loss: 57.835948, Val Loss: 58.283618  
	Train = MSE:57.837254 , RMSE:7.605081 , MAE:6.227572 , MAPD:33.492830, R_squared:-0.001173  
	Validation = MSE:55.575035 , RMSE:7.454866 , MAE:6.029111 , MAPD:32.731812, R_squared:-0.000020

2024-03-21 04:01:00,494 Epoch 297/300, Train Loss: 57.874498, Val Loss: 58.679771  
	Train = MSE:57.875465 , RMSE:7.607593 , MAE:6.220511 , MAPD:33.381259, R_squared:-0.001834  
	Validation = MSE:56.107697 , RMSE:7.490507 , MAE:6.229673 , MAPD:34.855248, R_squared:-0.009604

2024-03-21 04:01:04,868 Epoch 298/300, Train Loss: 57.972379, Val Loss: 58.335049  
	Train = MSE:57.970253 , RMSE:7.613820 , MAE:6.237594 , MAPD:33.569221, R_squared:-0.003475  
	Validation = MSE:55.685314 , RMSE:7.462259 , MAE:6.106442 , MAPD:33.602618, R_squared:-0.002004

2024-03-21 04:01:10,445 Epoch 299/300, Train Loss: 57.878649, Val Loss: 58.282938  
	Train = MSE:57.878048 , RMSE:7.607762 , MAE:6.212828 , MAPD:33.314382, R_squared:-0.001879  
	Validation = MSE:55.598671 , RMSE:7.456451 , MAE:6.058256 , MAPD:33.077836, R_squared:-0.000445

2024-03-21 04:01:14,240 Epoch 300/300, Train Loss: 57.816933, Val Loss: 58.451619  
	Train = MSE:57.812634 , RMSE:7.603462 , MAE:6.203949 , MAPD:33.248810, R_squared:-0.000747  
	Validation = MSE:55.836929 , RMSE:7.472411 , MAE:6.160188 , MAPD:34.158890, R_squared:-0.004732

2024-03-21 04:01:14,246 Time for training the model: 1297.081589
2024-03-21 04:01:16,444 MSE for train: 57.770943
2024-03-21 04:01:16,444 RMSE for train: 7.600720
2024-03-21 04:01:16,444 MAE for train: 6.228604
2024-03-21 04:01:16,444 MAPD for train: 33.517862
2024-03-21 04:01:16,444 R^2 Score for train: -0.000025
2024-03-21 04:01:16,448 Inference time for train dataset: 1.218998

2024-03-21 04:01:16,641 MSE for val: 55.836929
2024-03-21 04:01:16,641 RMSE for val: 7.472411
2024-03-21 04:01:16,641 MAE for val: 6.160188
2024-03-21 04:01:16,641 MAPD for val: 34.158890
2024-03-21 04:01:16,641 R^2 Score for val: -0.004732
2024-03-21 04:01:16,647 Inference time for val dataset: 0.192998

2024-03-21 04:01:16,837 MSE for test: 61.164505
2024-03-21 04:01:16,837 RMSE for test: 7.820774
2024-03-21 04:01:16,837 MAE for test: 6.390192
2024-03-21 04:01:16,837 MAPD for test: 32.493549
2024-03-21 04:01:16,837 R^2 Score for test: -0.009495
2024-03-21 04:01:16,842 Inference time for test dataset: 0.189001

2024-03-21 04:01:20,536 Train label average: , [20.62097221]
2024-03-21 04:01:20,536 Test label average: , [21.41736175]
2024-03-21 04:01:20,537 validation label average: , [20.14607025]
2024-03-21 04:01:20,537 predicted (on validation dataset) values average: , 20.65888916015625
