2024-03-21 03:39:34,578 train batches in dataset: 800
2024-03-21 03:39:34,578 val batches in dataset: 100
2024-03-21 03:39:34,578 test batches in dataset: 100
2024-03-21 03:39:34,587 Trainable parameter: net_core.0.weight - size: torch.Size([256, 35])
2024-03-21 03:39:34,590 Trainable parameter: net_core.0.bias - size: torch.Size([256])
2024-03-21 03:39:34,592 Trainable parameter: net_core.1.weight - size: torch.Size([128, 256])
2024-03-21 03:39:34,593 Trainable parameter: net_core.1.bias - size: torch.Size([128])
2024-03-21 03:39:34,593 Trainable parameter: net_core.2.weight - size: torch.Size([64, 128])
2024-03-21 03:39:34,595 Trainable parameter: net_core.2.bias - size: torch.Size([64])
2024-03-21 03:39:34,596 Trainable parameter: net_core.3.weight - size: torch.Size([16, 64])
2024-03-21 03:39:34,597 Trainable parameter: net_core.3.bias - size: torch.Size([16])
2024-03-21 03:39:34,598 Trainable parameter: net_core.4.weight - size: torch.Size([1, 16])
2024-03-21 03:39:34,598 Trainable parameter: net_core.4.bias - size: torch.Size([1])
2024-03-21 03:39:34,599 Number of trainable parameters: 51425
2024-03-21 03:39:34,599 Number of non-trainable parameters: 0
2024-03-21 03:40:39,101 Epoch 1/300, Train Loss: 40.767221, Val Loss: 2.118501  
	Train = MSE:40.779926 , RMSE:6.385916 , MAE:2.194165 , MAPD:11.153847, R_squared:0.294093  
	Validation = MSE:2.118501 , RMSE:1.455507 , MAE:1.154862 , MAPD:5.236335, R_squared:0.961880

2024-03-21 03:41:38,613 Epoch 2/300, Train Loss: 1.577736, Val Loss: 0.376476  
	Train = MSE:1.578010 , RMSE:1.256189 , MAE:0.898139 , MAPD:4.581857, R_squared:0.972684  
	Validation = MSE:0.376476 , RMSE:0.613577 , MAE:0.505534 , MAPD:2.809240, R_squared:0.993226

2024-03-21 03:42:37,566 Epoch 3/300, Train Loss: 3.656064, Val Loss: 28.558169  
	Train = MSE:3.560122 , RMSE:1.886829 , MAE:0.967892 , MAPD:4.816971, R_squared:0.938374  
	Validation = MSE:28.558168 , RMSE:5.343984 , MAE:4.450783 , MAPD:25.965317, R_squared:0.486123

2024-03-21 03:43:37,597 Epoch 4/300, Train Loss: 4.631513, Val Loss: 0.511445  
	Train = MSE:4.632659 , RMSE:2.152361 , MAE:1.348807 , MAPD:6.980162, R_squared:0.919808  
	Validation = MSE:0.511445 , RMSE:0.715154 , MAE:0.620932 , MAPD:3.440663, R_squared:0.990797

2024-03-21 03:44:35,289 Epoch 5/300, Train Loss: 1.456056, Val Loss: 0.918018  
	Train = MSE:1.456405 , RMSE:1.206816 , MAE:0.839696 , MAPD:4.421469, R_squared:0.974789  
	Validation = MSE:0.918018 , RMSE:0.958133 , MAE:0.840077 , MAPD:4.793576, R_squared:0.983481

2024-03-21 03:45:37,909 Epoch 6/300, Train Loss: 1.846684, Val Loss: 0.302546  
	Train = MSE:1.846934 , RMSE:1.359019 , MAE:0.923545 , MAPD:4.770398, R_squared:0.968029  
	Validation = MSE:0.302546 , RMSE:0.550042 , MAE:0.433902 , MAPD:2.501378, R_squared:0.994556

2024-03-21 03:46:33,485 Epoch 7/300, Train Loss: 0.847275, Val Loss: 0.463742  
	Train = MSE:0.847469 , RMSE:0.920581 , MAE:0.673108 , MAPD:3.492129, R_squared:0.985330  
	Validation = MSE:0.463742 , RMSE:0.680986 , MAE:0.526415 , MAPD:2.658199, R_squared:0.991655

2024-03-21 03:47:38,590 Epoch 8/300, Train Loss: 16.760674, Val Loss: 56.192215  
	Train = MSE:16.758192 , RMSE:4.093677 , MAE:2.103628 , MAPD:10.785540, R_squared:0.709913  
	Validation = MSE:56.192215 , RMSE:7.496147 , MAE:6.248062 , MAPD:35.036365, R_squared:-0.011125

2024-03-21 03:48:48,019 Epoch 9/300, Train Loss: 58.487280, Val Loss: 55.977737  
	Train = MSE:58.462177 , RMSE:7.646056 , MAE:6.230678 , MAPD:33.346179, R_squared:-0.011990  
	Validation = MSE:55.977734 , RMSE:7.481827 , MAE:6.198585 , MAPD:34.547505, R_squared:-0.007266

2024-03-21 03:49:50,044 Epoch 10/300, Train Loss: 57.931030, Val Loss: 55.581863  
	Train = MSE:57.946796 , RMSE:7.612279 , MAE:6.220830 , MAPD:33.431328, R_squared:-0.003069  
	Validation = MSE:55.581863 , RMSE:7.455325 , MAE:6.001755 , MAPD:32.398503, R_squared:-0.000142

2024-03-21 03:50:53,080 Epoch 11/300, Train Loss: 58.093492, Val Loss: 56.051694  
	Train = MSE:58.111156 , RMSE:7.623067 , MAE:6.223035 , MAPD:33.368250, R_squared:-0.005914  
	Validation = MSE:56.051689 , RMSE:7.486768 , MAE:6.216676 , MAPD:34.727236, R_squared:-0.008597

2024-03-21 03:52:07,193 Epoch 12/300, Train Loss: 58.044871, Val Loss: 55.866492  
	Train = MSE:58.007462 , RMSE:7.616263 , MAE:6.233140 , MAPD:33.492118, R_squared:-0.004119  
	Validation = MSE:55.866493 , RMSE:7.474389 , MAE:6.168786 , MAPD:34.246899, R_squared:-0.005264

2024-03-21 03:53:06,905 Epoch 13/300, Train Loss: 57.996617, Val Loss: 55.626139  
	Train = MSE:58.009655 , RMSE:7.616407 , MAE:6.236783 , MAPD:33.516784, R_squared:-0.004157  
	Validation = MSE:55.626137 , RMSE:7.458293 , MAE:6.076587 , MAPD:33.284135, R_squared:-0.000939

2024-03-21 03:54:04,448 Epoch 14/300, Train Loss: 57.965304, Val Loss: 56.743256  
	Train = MSE:57.961056 , RMSE:7.613216 , MAE:6.225999 , MAPD:33.404577, R_squared:-0.003316  
	Validation = MSE:56.743256 , RMSE:7.532812 , MAE:6.348654 , MAPD:36.010708, R_squared:-0.021041

2024-03-21 03:55:01,998 Epoch 15/300, Train Loss: 58.037637, Val Loss: 55.692998  
	Train = MSE:58.041477 , RMSE:7.618496 , MAE:6.239946 , MAPD:33.570972, R_squared:-0.004708  
	Validation = MSE:55.692997 , RMSE:7.462774 , MAE:6.109725 , MAPD:33.637221, R_squared:-0.002142

2024-03-21 03:56:01,128 Epoch 16/300, Train Loss: 57.792757, Val Loss: 55.574347  
	Train = MSE:57.790085 , RMSE:7.601979 , MAE:6.221018 , MAPD:33.425485, R_squared:-0.000356  
	Validation = MSE:55.574345 , RMSE:7.454820 , MAE:6.026117 , MAPD:32.695864, R_squared:-0.000007

2024-03-21 03:57:01,062 Epoch 17/300, Train Loss: 58.022399, Val Loss: 55.690158  
	Train = MSE:58.012356 , RMSE:7.616584 , MAE:6.225139 , MAPD:33.368179, R_squared:-0.004204  
	Validation = MSE:55.690155 , RMSE:7.462584 , MAE:6.108525 , MAPD:33.624570, R_squared:-0.002091

2024-03-21 03:57:54,433 Epoch 18/300, Train Loss: 58.000731, Val Loss: 55.791065  
	Train = MSE:57.984665 , RMSE:7.614766 , MAE:6.232827 , MAPD:33.517441, R_squared:-0.003724  
	Validation = MSE:55.791065 , RMSE:7.469342 , MAE:6.145896 , MAPD:34.012227, R_squared:-0.003907

2024-03-21 03:58:48,576 Epoch 19/300, Train Loss: 57.999405, Val Loss: 56.043713  
	Train = MSE:57.983624 , RMSE:7.614698 , MAE:6.223424 , MAPD:33.432343, R_squared:-0.003706  
	Validation = MSE:56.043713 , RMSE:7.486235 , MAE:6.214763 , MAPD:34.708389, R_squared:-0.008453

2024-03-21 03:59:46,662 Epoch 20/300, Train Loss: 58.014939, Val Loss: 56.802117  
	Train = MSE:58.016747 , RMSE:7.616872 , MAE:6.223289 , MAPD:33.400172, R_squared:-0.004280  
	Validation = MSE:56.802120 , RMSE:7.536718 , MAE:6.357927 , MAPD:36.100002, R_squared:-0.022100

2024-03-21 04:00:40,985 Epoch 21/300, Train Loss: 57.942076, Val Loss: 55.597773  
	Train = MSE:57.928249 , RMSE:7.611061 , MAE:6.231736 , MAPD:33.529215, R_squared:-0.002748  
	Validation = MSE:55.597775 , RMSE:7.456391 , MAE:6.057563 , MAPD:33.069718, R_squared:-0.000429

2024-03-21 04:01:43,805 Epoch 22/300, Train Loss: 58.018185, Val Loss: 56.094939  
	Train = MSE:58.024498 , RMSE:7.617381 , MAE:6.223963 , MAPD:33.380842, R_squared:-0.004414  
	Validation = MSE:56.094940 , RMSE:7.489655 , MAE:6.226776 , MAPD:34.826712, R_squared:-0.009375

2024-03-21 04:02:52,793 Epoch 23/300, Train Loss: 57.970085, Val Loss: 56.028197  
	Train = MSE:57.968563 , RMSE:7.613709 , MAE:6.237587 , MAPD:33.561359, R_squared:-0.003446  
	Validation = MSE:56.028194 , RMSE:7.485198 , MAE:6.211003 , MAPD:34.671324, R_squared:-0.008174

2024-03-21 04:03:57,566 Epoch 24/300, Train Loss: 57.979748, Val Loss: 56.293703  
	Train = MSE:57.973656 , RMSE:7.614043 , MAE:6.217790 , MAPD:33.350327, R_squared:-0.003534  
	Validation = MSE:56.293701 , RMSE:7.502913 , MAE:6.268750 , MAPD:35.239110, R_squared:-0.012951

2024-03-21 04:05:03,250 Epoch 25/300, Train Loss: 57.989334, Val Loss: 55.640829  
	Train = MSE:58.006516 , RMSE:7.616201 , MAE:6.240057 , MAPD:33.583367, R_squared:-0.004103  
	Validation = MSE:55.640831 , RMSE:7.459278 , MAE:6.084846 , MAPD:33.373944, R_squared:-0.001203

2024-03-21 04:06:10,666 Epoch 26/300, Train Loss: 57.923085, Val Loss: 56.704530  
	Train = MSE:57.913059 , RMSE:7.610063 , MAE:6.212283 , MAPD:33.309424, R_squared:-0.002485  
	Validation = MSE:56.704533 , RMSE:7.530241 , MAE:6.342423 , MAPD:35.950729, R_squared:-0.020344

2024-03-21 04:07:15,135 Epoch 27/300, Train Loss: 57.933455, Val Loss: 55.709272  
	Train = MSE:57.940346 , RMSE:7.611856 , MAE:6.242578 , MAPD:33.596764, R_squared:-0.002957  
	Validation = MSE:55.709274 , RMSE:7.463865 , MAE:6.116346 , MAPD:33.707005, R_squared:-0.002435

2024-03-21 04:08:27,913 Epoch 28/300, Train Loss: 58.000788, Val Loss: 55.675843  
	Train = MSE:58.002296 , RMSE:7.615924 , MAE:6.234551 , MAPD:33.488584, R_squared:-0.004030  
	Validation = MSE:55.675838 , RMSE:7.461625 , MAE:6.102236 , MAPD:33.558278, R_squared:-0.001833

2024-03-21 04:09:35,247 Epoch 29/300, Train Loss: 58.029414, Val Loss: 55.588702  
	Train = MSE:58.037189 , RMSE:7.618214 , MAE:6.241221 , MAPD:33.546623, R_squared:-0.004634  
	Validation = MSE:55.588699 , RMSE:7.455783 , MAE:6.049789 , MAPD:32.977853, R_squared:-0.000265

2024-03-21 04:10:47,761 Epoch 30/300, Train Loss: 58.029540, Val Loss: 55.658124  
	Train = MSE:58.015377 , RMSE:7.616783 , MAE:6.237137 , MAPD:33.516320, R_squared:-0.004256  
	Validation = MSE:55.658127 , RMSE:7.460437 , MAE:5.957797 , MAPD:31.854392, R_squared:-0.001515

2024-03-21 04:11:51,930 Epoch 31/300, Train Loss: 58.141401, Val Loss: 55.574722  
	Train = MSE:58.131817 , RMSE:7.624423 , MAE:6.227198 , MAPD:33.412212, R_squared:-0.006272  
	Validation = MSE:55.574726 , RMSE:7.454846 , MAE:6.015287 , MAPD:32.564766, R_squared:-0.000014

2024-03-21 04:12:59,552 Epoch 32/300, Train Loss: 58.016269, Val Loss: 56.095112  
	Train = MSE:57.999115 , RMSE:7.615715 , MAE:6.219643 , MAPD:33.390419, R_squared:-0.003975  
	Validation = MSE:56.095112 , RMSE:7.489667 , MAE:6.226816 , MAPD:34.827102, R_squared:-0.009378

2024-03-21 04:14:06,866 Epoch 33/300, Train Loss: 58.046413, Val Loss: 56.246665  
	Train = MSE:58.044762 , RMSE:7.618711 , MAE:6.237935 , MAPD:33.515456, R_squared:-0.004765  
	Validation = MSE:56.246666 , RMSE:7.499778 , MAE:6.259306 , MAPD:35.146809, R_squared:-0.012105

2024-03-21 04:15:12,606 Epoch 34/300, Train Loss: 58.055212, Val Loss: 55.773250  
	Train = MSE:58.020054 , RMSE:7.617090 , MAE:6.217357 , MAPD:33.403940, R_squared:-0.004337  
	Validation = MSE:55.773251 , RMSE:7.468149 , MAE:6.139940 , MAPD:33.951115, R_squared:-0.003586

2024-03-21 04:16:19,464 Epoch 35/300, Train Loss: 57.976645, Val Loss: 55.955004  
	Train = MSE:57.952721 , RMSE:7.612669 , MAE:6.234014 , MAPD:33.528009, R_squared:-0.003171  
	Validation = MSE:55.955006 , RMSE:7.480308 , MAE:6.192805 , MAPD:34.489524, R_squared:-0.006857

2024-03-21 04:17:23,250 Epoch 36/300, Train Loss: 58.005192, Val Loss: 56.181423  
	Train = MSE:58.006676 , RMSE:7.616211 , MAE:6.228389 , MAPD:33.464354, R_squared:-0.004105  
	Validation = MSE:56.181419 , RMSE:7.495427 , MAE:6.245787 , MAPD:35.013960, R_squared:-0.010931

2024-03-21 04:18:24,938 Epoch 37/300, Train Loss: 57.882177, Val Loss: 55.743206  
	Train = MSE:57.897274 , RMSE:7.609026 , MAE:6.220673 , MAPD:33.426501, R_squared:-0.002212  
	Validation = MSE:55.743202 , RMSE:7.466137 , MAE:6.129277 , MAPD:33.841593, R_squared:-0.003046

2024-03-21 04:19:26,884 Epoch 38/300, Train Loss: 57.961653, Val Loss: 55.843444  
	Train = MSE:57.961552 , RMSE:7.613248 , MAE:6.231232 , MAPD:33.461893, R_squared:-0.003324  
	Validation = MSE:55.843441 , RMSE:7.472847 , MAE:6.162114 , MAPD:34.178650, R_squared:-0.004849

2024-03-21 04:20:32,752 Epoch 39/300, Train Loss: 57.968752, Val Loss: 55.711449  
	Train = MSE:57.978886 , RMSE:7.614387 , MAE:6.229537 , MAPD:33.464259, R_squared:-0.003624  
	Validation = MSE:55.711449 , RMSE:7.464010 , MAE:6.117200 , MAPD:33.716013, R_squared:-0.002474

2024-03-21 04:21:32,794 Epoch 40/300, Train Loss: 57.922559, Val Loss: 56.416634  
	Train = MSE:57.935547 , RMSE:7.611540 , MAE:6.219616 , MAPD:33.376885, R_squared:-0.002874  
	Validation = MSE:56.416630 , RMSE:7.511100 , MAE:6.292291 , MAPD:35.468057, R_squared:-0.015163

2024-03-21 04:22:37,453 Epoch 41/300, Train Loss: 58.067227, Val Loss: 55.750532  
	Train = MSE:58.039070 , RMSE:7.618338 , MAE:6.234488 , MAPD:33.509266, R_squared:-0.004666  
	Validation = MSE:55.750534 , RMSE:7.466628 , MAE:6.131946 , MAPD:33.869074, R_squared:-0.003177

2024-03-21 04:23:46,085 Epoch 42/300, Train Loss: 57.898704, Val Loss: 56.156565  
	Train = MSE:57.915012 , RMSE:7.610191 , MAE:6.217472 , MAPD:33.374139, R_squared:-0.002519  
	Validation = MSE:56.156563 , RMSE:7.493768 , MAE:6.240470 , MAPD:34.961587, R_squared:-0.010484

2024-03-21 04:24:48,019 Epoch 43/300, Train Loss: 57.951703, Val Loss: 58.023506  
	Train = MSE:57.954762 , RMSE:7.612803 , MAE:6.228796 , MAPD:33.441526, R_squared:-0.003207  
	Validation = MSE:58.023502 , RMSE:7.617316 , MAE:6.521694 , MAPD:37.646404, R_squared:-0.044077

2024-03-21 04:25:51,672 Epoch 44/300, Train Loss: 58.032106, Val Loss: 56.452606  
	Train = MSE:58.002792 , RMSE:7.615956 , MAE:6.221623 , MAPD:33.412887, R_squared:-0.004038  
	Validation = MSE:56.452606 , RMSE:7.513495 , MAE:6.298980 , MAPD:35.532458, R_squared:-0.015811

2024-03-21 04:26:56,339 Epoch 45/300, Train Loss: 58.018264, Val Loss: 56.071782  
	Train = MSE:58.031548 , RMSE:7.617844 , MAE:6.243307 , MAPD:33.581579, R_squared:-0.004536  
	Validation = MSE:56.071777 , RMSE:7.488109 , MAE:6.221422 , MAPD:34.773979, R_squared:-0.008958

2024-03-21 04:27:58,472 Epoch 46/300, Train Loss: 58.033124, Val Loss: 55.892456  
	Train = MSE:58.044247 , RMSE:7.618678 , MAE:6.230713 , MAPD:33.492154, R_squared:-0.004756  
	Validation = MSE:55.892452 , RMSE:7.476126 , MAE:6.176130 , MAPD:34.321295, R_squared:-0.005731

2024-03-21 04:29:00,267 Epoch 47/300, Train Loss: 57.897427, Val Loss: 55.732023  
	Train = MSE:57.908165 , RMSE:7.609742 , MAE:6.222838 , MAPD:33.421243, R_squared:-0.002400  
	Validation = MSE:55.732021 , RMSE:7.465388 , MAE:6.125131 , MAPD:33.798667, R_squared:-0.002844

2024-03-21 04:30:03,932 Epoch 48/300, Train Loss: 58.016532, Val Loss: 55.603921  
	Train = MSE:58.013084 , RMSE:7.616632 , MAE:6.234375 , MAPD:33.521281, R_squared:-0.004216  
	Validation = MSE:55.603920 , RMSE:7.456804 , MAE:6.062137 , MAPD:33.122828, R_squared:-0.000539

2024-03-21 04:31:04,595 Epoch 49/300, Train Loss: 57.976678, Val Loss: 56.332914  
	Train = MSE:57.994320 , RMSE:7.615400 , MAE:6.219561 , MAPD:33.355960, R_squared:-0.003892  
	Validation = MSE:56.332916 , RMSE:7.505526 , MAE:6.276389 , MAPD:35.313768, R_squared:-0.013657

2024-03-21 04:32:09,691 Epoch 50/300, Train Loss: 58.114631, Val Loss: 55.854246  
	Train = MSE:58.102482 , RMSE:7.622499 , MAE:6.247734 , MAPD:33.591909, R_squared:-0.005764  
	Validation = MSE:55.854248 , RMSE:7.473570 , MAE:6.165255 , MAPD:34.210892, R_squared:-0.005044

2024-03-21 04:33:14,268 Epoch 51/300, Train Loss: 57.940988, Val Loss: 55.574782  
	Train = MSE:57.948078 , RMSE:7.612363 , MAE:6.227316 , MAPD:33.466284, R_squared:-0.003091  
	Validation = MSE:55.574783 , RMSE:7.454850 , MAE:6.015048 , MAPD:32.561869, R_squared:-0.000015

2024-03-21 04:34:19,821 Epoch 52/300, Train Loss: 58.007207, Val Loss: 55.637633  
	Train = MSE:58.013218 , RMSE:7.616641 , MAE:6.223987 , MAPD:33.401553, R_squared:-0.004219  
	Validation = MSE:55.637638 , RMSE:7.459064 , MAE:6.083106 , MAPD:33.355180, R_squared:-0.001146

2024-03-21 04:35:23,270 Epoch 53/300, Train Loss: 58.069673, Val Loss: 55.614489  
	Train = MSE:58.070930 , RMSE:7.620429 , MAE:6.235484 , MAPD:33.513781, R_squared:-0.005218  
	Validation = MSE:55.614487 , RMSE:7.457512 , MAE:6.069382 , MAPD:33.204495, R_squared:-0.000729

2024-03-21 04:36:26,541 Epoch 54/300, Train Loss: 58.060654, Val Loss: 56.255586  
	Train = MSE:58.077564 , RMSE:7.620864 , MAE:6.226068 , MAPD:33.404679, R_squared:-0.005333  
	Validation = MSE:56.255585 , RMSE:7.500372 , MAE:6.261121 , MAPD:35.164558, R_squared:-0.012265

2024-03-21 04:37:26,889 Epoch 55/300, Train Loss: 57.896720, Val Loss: 55.719140  
	Train = MSE:57.894115 , RMSE:7.608818 , MAE:6.230741 , MAPD:33.484585, R_squared:-0.002157  
	Validation = MSE:55.719139 , RMSE:7.464525 , MAE:6.120191 , MAPD:33.747396, R_squared:-0.002613

2024-03-21 04:38:32,205 Epoch 56/300, Train Loss: 58.020766, Val Loss: 55.993086  
	Train = MSE:58.018955 , RMSE:7.617017 , MAE:6.229136 , MAPD:33.461933, R_squared:-0.004318  
	Validation = MSE:55.993088 , RMSE:7.482853 , MAE:6.202414 , MAPD:34.585819, R_squared:-0.007542

2024-03-21 04:39:35,997 Epoch 57/300, Train Loss: 57.949288, Val Loss: 56.260692  
	Train = MSE:57.937271 , RMSE:7.611654 , MAE:6.223362 , MAPD:33.386905, R_squared:-0.002904  
	Validation = MSE:56.260693 , RMSE:7.500713 , MAE:6.262156 , MAPD:35.174662, R_squared:-0.012357

2024-03-21 04:40:37,705 Epoch 58/300, Train Loss: 58.059329, Val Loss: 56.053280  
	Train = MSE:58.049835 , RMSE:7.619044 , MAE:6.230056 , MAPD:33.468048, R_squared:-0.004853  
	Validation = MSE:56.053280 , RMSE:7.486874 , MAE:6.217054 , MAPD:34.730961, R_squared:-0.008625

2024-03-21 04:41:41,048 Epoch 59/300, Train Loss: 57.956092, Val Loss: 55.690241  
	Train = MSE:57.953838 , RMSE:7.612742 , MAE:6.231217 , MAPD:33.503923, R_squared:-0.003191  
	Validation = MSE:55.690239 , RMSE:7.462589 , MAE:6.108560 , MAPD:33.624937, R_squared:-0.002093

2024-03-21 04:42:43,604 Epoch 60/300, Train Loss: 58.041598, Val Loss: 55.682813  
	Train = MSE:58.042347 , RMSE:7.618553 , MAE:6.233782 , MAPD:33.470278, R_squared:-0.004723  
	Validation = MSE:55.682812 , RMSE:7.462091 , MAE:6.105350 , MAPD:33.591097, R_squared:-0.001959

2024-03-21 04:43:46,393 Epoch 61/300, Train Loss: 57.916161, Val Loss: 56.785470  
	Train = MSE:57.916527 , RMSE:7.610291 , MAE:6.222878 , MAPD:33.382548, R_squared:-0.002545  
	Validation = MSE:56.785469 , RMSE:7.535614 , MAE:6.355327 , MAPD:36.074970, R_squared:-0.021800

2024-03-21 04:44:56,232 Epoch 62/300, Train Loss: 57.957415, Val Loss: 55.574499  
	Train = MSE:57.971031 , RMSE:7.613871 , MAE:6.239218 , MAPD:33.571745, R_squared:-0.003488  
	Validation = MSE:55.574501 , RMSE:7.454831 , MAE:6.026927 , MAPD:32.705578, R_squared:-0.000010

2024-03-21 04:46:02,495 Epoch 63/300, Train Loss: 57.938095, Val Loss: 55.574577  
	Train = MSE:57.946976 , RMSE:7.612291 , MAE:6.229403 , MAPD:33.502083, R_squared:-0.003072  
	Validation = MSE:55.574574 , RMSE:7.454835 , MAE:6.015903 , MAPD:32.572263, R_squared:-0.000011

2024-03-21 04:47:04,177 Epoch 64/300, Train Loss: 57.908384, Val Loss: 55.957587  
	Train = MSE:57.914608 , RMSE:7.610165 , MAE:6.216938 , MAPD:33.327110, R_squared:-0.002512  
	Validation = MSE:55.957588 , RMSE:7.480481 , MAE:6.193462 , MAPD:34.496162, R_squared:-0.006903

2024-03-21 04:48:07,492 Epoch 65/300, Train Loss: 57.983919, Val Loss: 56.044981  
	Train = MSE:57.996273 , RMSE:7.615529 , MAE:6.220473 , MAPD:33.375167, R_squared:-0.003925  
	Validation = MSE:56.044979 , RMSE:7.486320 , MAE:6.215068 , MAPD:34.711396, R_squared:-0.008476

2024-03-21 04:49:10,529 Epoch 66/300, Train Loss: 57.994960, Val Loss: 55.652104  
	Train = MSE:57.998116 , RMSE:7.615649 , MAE:6.234226 , MAPD:33.552824, R_squared:-0.003957  
	Validation = MSE:55.652111 , RMSE:7.460034 , MAE:6.090761 , MAPD:33.437197, R_squared:-0.001406

2024-03-21 04:50:13,325 Epoch 67/300, Train Loss: 57.973286, Val Loss: 56.006689  
	Train = MSE:57.986881 , RMSE:7.614912 , MAE:6.214942 , MAPD:33.335481, R_squared:-0.003763  
	Validation = MSE:56.006691 , RMSE:7.483762 , MAE:6.205754 , MAPD:34.619221, R_squared:-0.007787

2024-03-21 04:51:16,634 Epoch 68/300, Train Loss: 57.901748, Val Loss: 56.556562  
	Train = MSE:57.904903 , RMSE:7.609527 , MAE:6.229983 , MAPD:33.457291, R_squared:-0.002344  
	Validation = MSE:56.556564 , RMSE:7.520410 , MAE:6.317576 , MAPD:35.711503, R_squared:-0.017681

2024-03-21 04:52:19,074 Epoch 69/300, Train Loss: 57.933255, Val Loss: 55.616030  
	Train = MSE:57.944225 , RMSE:7.612111 , MAE:6.234493 , MAPD:33.554969, R_squared:-0.003024  
	Validation = MSE:55.616024 , RMSE:7.457615 , MAE:6.070386 , MAPD:33.215616, R_squared:-0.000757

2024-03-21 04:53:22,226 Epoch 70/300, Train Loss: 58.143760, Val Loss: 55.573968  
	Train = MSE:58.153301 , RMSE:7.625831 , MAE:6.240228 , MAPD:33.533180, R_squared:-0.006644  
	Validation = MSE:55.573963 , RMSE:7.454794 , MAE:6.020567 , MAPD:32.629015, R_squared:-0.000000

2024-03-21 04:54:24,465 Epoch 71/300, Train Loss: 57.966010, Val Loss: 55.699594  
	Train = MSE:57.953373 , RMSE:7.612711 , MAE:6.218103 , MAPD:33.371957, R_squared:-0.003183  
	Validation = MSE:55.699589 , RMSE:7.463216 , MAE:6.112460 , MAPD:33.666047, R_squared:-0.002261

2024-03-21 04:55:32,659 Epoch 72/300, Train Loss: 57.906633, Val Loss: 55.575973  
	Train = MSE:57.912365 , RMSE:7.610017 , MAE:6.237877 , MAPD:33.546599, R_squared:-0.002473  
	Validation = MSE:55.575974 , RMSE:7.454929 , MAE:6.031880 , MAPD:32.765057, R_squared:-0.000036

2024-03-21 04:56:35,559 Epoch 73/300, Train Loss: 57.888159, Val Loss: 55.631096  
	Train = MSE:57.898338 , RMSE:7.609096 , MAE:6.215251 , MAPD:33.347532, R_squared:-0.002230  
	Validation = MSE:55.631092 , RMSE:7.458625 , MAE:6.079450 , MAPD:33.315507, R_squared:-0.001028

2024-03-21 04:57:37,932 Epoch 74/300, Train Loss: 57.951279, Val Loss: 56.711579  
	Train = MSE:57.949322 , RMSE:7.612445 , MAE:6.221210 , MAPD:33.402082, R_squared:-0.003113  
	Validation = MSE:56.711582 , RMSE:7.530709 , MAE:6.343565 , MAPD:35.961721, R_squared:-0.020471

2024-03-21 04:58:38,971 Epoch 75/300, Train Loss: 58.012154, Val Loss: 55.605372  
	Train = MSE:58.010056 , RMSE:7.616433 , MAE:6.237434 , MAPD:33.571762, R_squared:-0.004164  
	Validation = MSE:55.605370 , RMSE:7.456901 , MAE:5.982328 , MAPD:32.159000, R_squared:-0.000565

2024-03-21 04:59:42,079 Epoch 76/300, Train Loss: 57.991534, Val Loss: 55.596485  
	Train = MSE:57.983326 , RMSE:7.614678 , MAE:6.220986 , MAPD:33.382695, R_squared:-0.003701  
	Validation = MSE:55.596485 , RMSE:7.456305 , MAE:6.056547 , MAPD:33.057825, R_squared:-0.000406

2024-03-21 05:00:45,996 Epoch 77/300, Train Loss: 57.965018, Val Loss: 55.840790  
	Train = MSE:57.968529 , RMSE:7.613707 , MAE:6.226345 , MAPD:33.427500, R_squared:-0.003445  
	Validation = MSE:55.840790 , RMSE:7.472670 , MAE:6.161332 , MAPD:34.170627, R_squared:-0.004802

2024-03-21 05:01:50,974 Epoch 78/300, Train Loss: 57.940336, Val Loss: 55.659960  
	Train = MSE:57.932938 , RMSE:7.611369 , MAE:6.237621 , MAPD:33.532831, R_squared:-0.002829  
	Validation = MSE:55.659962 , RMSE:7.460560 , MAE:6.094716 , MAPD:33.479008, R_squared:-0.001548

2024-03-21 05:02:54,051 Epoch 79/300, Train Loss: 57.945373, Val Loss: 55.980222  
	Train = MSE:57.914318 , RMSE:7.610146 , MAE:6.219363 , MAPD:33.366962, R_squared:-0.002507  
	Validation = MSE:55.980225 , RMSE:7.481993 , MAE:6.199210 , MAPD:34.553760, R_squared:-0.007311

2024-03-21 05:03:56,027 Epoch 80/300, Train Loss: 58.001285, Val Loss: 55.577628  
	Train = MSE:58.014458 , RMSE:7.616722 , MAE:6.233176 , MAPD:33.536332, R_squared:-0.004240  
	Validation = MSE:55.577625 , RMSE:7.455040 , MAE:6.007983 , MAPD:32.475277, R_squared:-0.000066

2024-03-21 05:05:00,694 Epoch 81/300, Train Loss: 57.866548, Val Loss: 55.584949  
	Train = MSE:57.867226 , RMSE:7.607051 , MAE:6.223875 , MAPD:33.457511, R_squared:-0.001692  
	Validation = MSE:55.584946 , RMSE:7.455531 , MAE:5.998254 , MAPD:32.355329, R_squared:-0.000198

2024-03-21 05:06:07,071 Epoch 82/300, Train Loss: 57.866622, Val Loss: 55.630395  
	Train = MSE:57.877785 , RMSE:7.607745 , MAE:6.222809 , MAPD:33.440621, R_squared:-0.001874  
	Validation = MSE:55.630390 , RMSE:7.458578 , MAE:5.969094 , MAPD:31.995586, R_squared:-0.001016

2024-03-21 05:07:26,020 Epoch 83/300, Train Loss: 58.032706, Val Loss: 56.398229  
	Train = MSE:58.045609 , RMSE:7.618767 , MAE:6.211473 , MAPD:33.261411, R_squared:-0.004779  
	Validation = MSE:56.398228 , RMSE:7.509875 , MAE:6.288814 , MAPD:35.434573, R_squared:-0.014832

2024-03-21 05:08:42,239 Epoch 84/300, Train Loss: 58.021724, Val Loss: 55.957655  
	Train = MSE:58.037357 , RMSE:7.618226 , MAE:6.231228 , MAPD:33.479553, R_squared:-0.004637  
	Validation = MSE:55.957657 , RMSE:7.480485 , MAE:6.193480 , MAPD:34.496338, R_squared:-0.006904

2024-03-21 05:09:52,869 Epoch 85/300, Train Loss: 57.973885, Val Loss: 56.242395  
	Train = MSE:57.969746 , RMSE:7.613787 , MAE:6.227990 , MAPD:33.448536, R_squared:-0.003466  
	Validation = MSE:56.242393 , RMSE:7.499493 , MAE:6.258432 , MAPD:35.138273, R_squared:-0.012028

2024-03-21 05:11:07,906 Epoch 86/300, Train Loss: 57.803111, Val Loss: 55.649638  
	Train = MSE:57.817951 , RMSE:7.603812 , MAE:6.225263 , MAPD:33.485759, R_squared:-0.000839  
	Validation = MSE:55.649639 , RMSE:7.459868 , MAE:6.089494 , MAPD:33.423715, R_squared:-0.001362

2024-03-21 05:12:20,810 Epoch 87/300, Train Loss: 57.969501, Val Loss: 55.992929  
	Train = MSE:57.982925 , RMSE:7.614652 , MAE:6.228944 , MAPD:33.435904, R_squared:-0.003694  
	Validation = MSE:55.992931 , RMSE:7.482842 , MAE:6.202375 , MAPD:34.585428, R_squared:-0.007539

2024-03-21 05:13:33,167 Epoch 88/300, Train Loss: 57.999387, Val Loss: 55.748291  
	Train = MSE:58.011456 , RMSE:7.616525 , MAE:6.221777 , MAPD:33.434143, R_squared:-0.004188  
	Validation = MSE:55.748291 , RMSE:7.466478 , MAE:6.131130 , MAPD:33.860699, R_squared:-0.003137

2024-03-21 05:14:33,330 Epoch 89/300, Train Loss: 57.979110, Val Loss: 56.484838  
	Train = MSE:57.980526 , RMSE:7.614494 , MAE:6.218709 , MAPD:33.345976, R_squared:-0.003653  
	Validation = MSE:56.484840 , RMSE:7.515640 , MAE:6.304859 , MAPD:35.589054, R_squared:-0.016391

2024-03-21 05:15:26,199 Epoch 90/300, Train Loss: 58.071707, Val Loss: 56.486102  
	Train = MSE:58.045567 , RMSE:7.618764 , MAE:6.233656 , MAPD:33.487213, R_squared:-0.004779  
	Validation = MSE:56.486103 , RMSE:7.515724 , MAE:6.305087 , MAPD:35.591253, R_squared:-0.016413

2024-03-21 05:16:18,287 Epoch 91/300, Train Loss: 57.956768, Val Loss: 56.060869  
	Train = MSE:57.967693 , RMSE:7.613652 , MAE:6.238385 , MAPD:33.566051, R_squared:-0.003431  
	Validation = MSE:56.060867 , RMSE:7.487381 , MAE:6.218856 , MAPD:34.748704, R_squared:-0.008762

2024-03-21 05:17:12,351 Epoch 92/300, Train Loss: 58.009250, Val Loss: 55.871081  
	Train = MSE:57.998264 , RMSE:7.615659 , MAE:6.236535 , MAPD:33.509749, R_squared:-0.003960  
	Validation = MSE:55.871082 , RMSE:7.474696 , MAE:6.170095 , MAPD:34.260224, R_squared:-0.005347

2024-03-21 05:18:04,446 Epoch 93/300, Train Loss: 58.054014, Val Loss: 55.598456  
	Train = MSE:58.068096 , RMSE:7.620243 , MAE:6.240412 , MAPD:33.580117, R_squared:-0.005169  
	Validation = MSE:55.598457 , RMSE:7.456437 , MAE:5.986887 , MAPD:32.215196, R_squared:-0.000441

2024-03-21 05:18:49,864 Epoch 94/300, Train Loss: 57.976896, Val Loss: 55.919211  
	Train = MSE:57.968945 , RMSE:7.613734 , MAE:6.225601 , MAPD:33.463018, R_squared:-0.003452  
	Validation = MSE:55.919209 , RMSE:7.477915 , MAE:5.895270 , MAPD:31.062363, R_squared:-0.006213

2024-03-21 05:19:37,431 Epoch 95/300, Train Loss: 57.950296, Val Loss: 55.821503  
	Train = MSE:57.934856 , RMSE:7.611495 , MAE:6.220620 , MAPD:33.394170, R_squared:-0.002862  
	Validation = MSE:55.821503 , RMSE:7.471379 , MAE:5.913385 , MAPD:31.297980, R_squared:-0.004454

2024-03-21 05:20:24,454 Epoch 96/300, Train Loss: 58.015331, Val Loss: 56.032522  
	Train = MSE:58.007645 , RMSE:7.616275 , MAE:6.216900 , MAPD:33.329039, R_squared:-0.004122  
	Validation = MSE:56.032524 , RMSE:7.485487 , MAE:6.212053 , MAPD:34.681694, R_squared:-0.008252

2024-03-21 05:21:10,147 Epoch 97/300, Train Loss: 57.949354, Val Loss: 55.620265  
	Train = MSE:57.955044 , RMSE:7.612821 , MAE:6.233628 , MAPD:33.525717, R_squared:-0.003212  
	Validation = MSE:55.620262 , RMSE:7.457899 , MAE:6.073057 , MAPD:33.245177, R_squared:-0.000833

2024-03-21 05:21:53,959 Epoch 98/300, Train Loss: 57.932455, Val Loss: 56.411577  
	Train = MSE:57.947914 , RMSE:7.612353 , MAE:6.214442 , MAPD:33.333565, R_squared:-0.003088  
	Validation = MSE:56.411575 , RMSE:7.510764 , MAE:6.291340 , MAPD:35.458896, R_squared:-0.015072

2024-03-21 05:22:38,643 Epoch 99/300, Train Loss: 57.812256, Val Loss: 55.667648  
	Train = MSE:57.823616 , RMSE:7.604184 , MAE:6.233852 , MAPD:33.596379, R_squared:-0.000937  
	Validation = MSE:55.667648 , RMSE:7.461076 , MAE:5.954361 , MAPD:31.811469, R_squared:-0.001686

2024-03-21 05:23:23,431 Epoch 100/300, Train Loss: 57.998067, Val Loss: 56.003931  
	Train = MSE:57.990101 , RMSE:7.615123 , MAE:6.218522 , MAPD:33.320448, R_squared:-0.003819  
	Validation = MSE:56.003929 , RMSE:7.483577 , MAE:6.205077 , MAPD:34.612468, R_squared:-0.007737

2024-03-21 05:24:01,972 Epoch 101/300, Train Loss: 57.959337, Val Loss: 55.616980  
	Train = MSE:57.955418 , RMSE:7.612845 , MAE:6.225187 , MAPD:33.462571, R_squared:-0.003218  
	Validation = MSE:55.616982 , RMSE:7.457679 , MAE:5.975691 , MAPD:32.077173, R_squared:-0.000774

2024-03-21 05:24:44,516 Epoch 102/300, Train Loss: 57.925615, Val Loss: 56.498399  
	Train = MSE:57.919579 , RMSE:7.610491 , MAE:6.222789 , MAPD:33.387494, R_squared:-0.002598  
	Validation = MSE:56.498398 , RMSE:7.516541 , MAE:6.307301 , MAPD:35.612566, R_squared:-0.016635

2024-03-21 05:25:25,847 Epoch 103/300, Train Loss: 57.903426, Val Loss: 55.634053  
	Train = MSE:57.921463 , RMSE:7.610615 , MAE:6.240872 , MAPD:33.594390, R_squared:-0.002630  
	Validation = MSE:55.634052 , RMSE:7.458824 , MAE:5.967464 , MAPD:31.975223, R_squared:-0.001082

2024-03-21 05:26:04,480 Epoch 104/300, Train Loss: 57.985311, Val Loss: 55.942582  
	Train = MSE:57.991776 , RMSE:7.615233 , MAE:6.219690 , MAPD:33.342616, R_squared:-0.003848  
	Validation = MSE:55.942581 , RMSE:7.479477 , MAE:6.189609 , MAPD:34.457281, R_squared:-0.006633

2024-03-21 05:26:46,540 Epoch 105/300, Train Loss: 57.851386, Val Loss: 55.576960  
	Train = MSE:57.843380 , RMSE:7.605484 , MAE:6.228935 , MAPD:33.494370, R_squared:-0.001279  
	Validation = MSE:55.576958 , RMSE:7.454996 , MAE:6.009255 , MAPD:32.490946, R_squared:-0.000054

2024-03-21 05:27:27,614 Epoch 106/300, Train Loss: 58.060106, Val Loss: 56.313761  
	Train = MSE:58.040833 , RMSE:7.618454 , MAE:6.223907 , MAPD:33.376997, R_squared:-0.004697  
	Validation = MSE:56.313759 , RMSE:7.504250 , MAE:6.272683 , MAPD:35.277548, R_squared:-0.013312

2024-03-21 05:28:05,901 Epoch 107/300, Train Loss: 57.909443, Val Loss: 55.693196  
	Train = MSE:57.920776 , RMSE:7.610570 , MAE:6.236733 , MAPD:33.549215, R_squared:-0.002619  
	Validation = MSE:55.693192 , RMSE:7.462787 , MAE:5.945930 , MAPD:31.706084, R_squared:-0.002146

2024-03-21 05:28:48,263 Epoch 108/300, Train Loss: 57.949966, Val Loss: 55.730168  
	Train = MSE:57.960186 , RMSE:7.613159 , MAE:6.221273 , MAPD:33.397128, R_squared:-0.003301  
	Validation = MSE:55.730167 , RMSE:7.465264 , MAE:6.124429 , MAPD:33.791399, R_squared:-0.002811

2024-03-21 05:29:29,025 Epoch 109/300, Train Loss: 58.078644, Val Loss: 55.689962  
	Train = MSE:58.062309 , RMSE:7.619863 , MAE:6.235954 , MAPD:33.492792, R_squared:-0.005068  
	Validation = MSE:55.689960 , RMSE:7.462571 , MAE:6.108442 , MAPD:33.623689, R_squared:-0.002088

2024-03-21 05:30:15,911 Epoch 110/300, Train Loss: 58.072944, Val Loss: 55.655178  
	Train = MSE:58.059998 , RMSE:7.619711 , MAE:6.234377 , MAPD:33.480646, R_squared:-0.005028  
	Validation = MSE:55.655174 , RMSE:7.460239 , MAE:6.092317 , MAPD:33.453728, R_squared:-0.001462

2024-03-21 05:31:04,036 Epoch 111/300, Train Loss: 57.920751, Val Loss: 56.130184  
	Train = MSE:57.929440 , RMSE:7.611139 , MAE:6.227689 , MAPD:33.463202, R_squared:-0.002768  
	Validation = MSE:56.130184 , RMSE:7.492008 , MAE:6.234701 , MAPD:34.904769, R_squared:-0.010009

2024-03-21 05:31:57,056 Epoch 112/300, Train Loss: 57.911423, Val Loss: 55.983864  
	Train = MSE:57.914494 , RMSE:7.610157 , MAE:6.222560 , MAPD:33.385035, R_squared:-0.002510  
	Validation = MSE:55.983864 , RMSE:7.482236 , MAE:6.200122 , MAPD:34.562885, R_squared:-0.007376

2024-03-21 05:32:45,237 Epoch 113/300, Train Loss: 57.851579, Val Loss: 55.603541  
	Train = MSE:57.858788 , RMSE:7.606496 , MAE:6.225749 , MAPD:33.489926, R_squared:-0.001545  
	Validation = MSE:55.603539 , RMSE:7.456778 , MAE:6.061868 , MAPD:33.119712, R_squared:-0.000532

2024-03-21 05:33:27,862 Epoch 114/300, Train Loss: 58.032138, Val Loss: 56.070881  
	Train = MSE:58.023571 , RMSE:7.617321 , MAE:6.216030 , MAPD:33.336070, R_squared:-0.004398  
	Validation = MSE:56.070877 , RMSE:7.488049 , MAE:6.221212 , MAPD:34.771902, R_squared:-0.008942

2024-03-21 05:34:08,406 Epoch 115/300, Train Loss: 57.915121, Val Loss: 55.575911  
	Train = MSE:57.930241 , RMSE:7.611192 , MAE:6.235353 , MAPD:33.587300, R_squared:-0.002782  
	Validation = MSE:55.575912 , RMSE:7.454926 , MAE:6.011583 , MAPD:32.519657, R_squared:-0.000035

2024-03-21 05:34:54,160 Epoch 116/300, Train Loss: 58.084339, Val Loss: 55.879454  
	Train = MSE:58.086491 , RMSE:7.621449 , MAE:6.221585 , MAPD:33.356099, R_squared:-0.005487  
	Validation = MSE:55.879452 , RMSE:7.475256 , MAE:6.172464 , MAPD:34.284305, R_squared:-0.005497

2024-03-21 05:35:36,912 Epoch 117/300, Train Loss: 57.988846, Val Loss: 55.574548  
	Train = MSE:58.000191 , RMSE:7.615786 , MAE:6.237986 , MAPD:33.537164, R_squared:-0.003993  
	Validation = MSE:55.574547 , RMSE:7.454834 , MAE:6.027158 , MAPD:32.708359, R_squared:-0.000011

2024-03-21 05:36:17,724 Epoch 118/300, Train Loss: 58.033687, Val Loss: 56.674470  
	Train = MSE:58.026630 , RMSE:7.617521 , MAE:6.221133 , MAPD:33.369496, R_squared:-0.004451  
	Validation = MSE:56.674473 , RMSE:7.528245 , MAE:6.337514 , MAPD:35.903459, R_squared:-0.019803

2024-03-21 05:37:00,674 Epoch 119/300, Train Loss: 57.957388, Val Loss: 56.552177  
	Train = MSE:57.968849 , RMSE:7.613728 , MAE:6.222401 , MAPD:33.396808, R_squared:-0.003451  
	Validation = MSE:56.552177 , RMSE:7.520118 , MAE:6.316813 , MAPD:35.704147, R_squared:-0.017602

2024-03-21 05:37:43,554 Epoch 120/300, Train Loss: 58.000398, Val Loss: 55.722950  
	Train = MSE:57.986355 , RMSE:7.614877 , MAE:6.230683 , MAPD:33.502587, R_squared:-0.003754  
	Validation = MSE:55.722950 , RMSE:7.464781 , MAE:6.121656 , MAPD:33.762707, R_squared:-0.002681

2024-03-21 05:38:24,890 Epoch 121/300, Train Loss: 57.959497, Val Loss: 56.086324  
	Train = MSE:57.970348 , RMSE:7.613826 , MAE:6.226434 , MAPD:33.419403, R_squared:-0.003477  
	Validation = MSE:56.086327 , RMSE:7.489080 , MAE:6.224799 , MAPD:34.807233, R_squared:-0.009220

2024-03-21 05:39:14,550 Epoch 122/300, Train Loss: 57.944888, Val Loss: 55.891352  
	Train = MSE:57.942898 , RMSE:7.612023 , MAE:6.231682 , MAPD:33.496604, R_squared:-0.003001  
	Validation = MSE:55.891354 , RMSE:7.476052 , MAE:6.175823 , MAPD:34.318185, R_squared:-0.005711

2024-03-21 05:40:00,072 Epoch 123/300, Train Loss: 57.919115, Val Loss: 57.698597  
	Train = MSE:57.925564 , RMSE:7.610885 , MAE:6.211084 , MAPD:33.245142, R_squared:-0.002701  
	Validation = MSE:57.698597 , RMSE:7.595959 , MAE:6.482578 , MAPD:37.279855, R_squared:-0.038231

2024-03-21 05:40:38,080 Epoch 124/300, Train Loss: 58.100477, Val Loss: 55.819729  
	Train = MSE:58.075668 , RMSE:7.620739 , MAE:6.249104 , MAPD:33.694580, R_squared:-0.005300  
	Validation = MSE:55.819733 , RMSE:7.471261 , MAE:6.154986 , MAPD:34.105515, R_squared:-0.004423

2024-03-21 05:41:13,490 Epoch 125/300, Train Loss: 57.979208, Val Loss: 56.002448  
	Train = MSE:57.987804 , RMSE:7.614973 , MAE:6.227018 , MAPD:33.421425, R_squared:-0.003779  
	Validation = MSE:56.002453 , RMSE:7.483479 , MAE:6.204714 , MAPD:34.608846, R_squared:-0.007710

2024-03-21 05:41:46,113 Epoch 126/300, Train Loss: 58.016925, Val Loss: 55.693408  
	Train = MSE:58.019367 , RMSE:7.617044 , MAE:6.237361 , MAPD:33.527172, R_squared:-0.004325  
	Validation = MSE:55.693409 , RMSE:7.462801 , MAE:5.945864 , MAPD:31.705259, R_squared:-0.002150

2024-03-21 05:42:19,817 Epoch 127/300, Train Loss: 57.943161, Val Loss: 55.580436  
	Train = MSE:57.953541 , RMSE:7.612722 , MAE:6.230181 , MAPD:33.479766, R_squared:-0.003186  
	Validation = MSE:55.580441 , RMSE:7.455229 , MAE:6.003608 , MAPD:32.421337, R_squared:-0.000117

2024-03-21 05:42:52,526 Epoch 128/300, Train Loss: 58.063947, Val Loss: 55.669554  
	Train = MSE:58.053158 , RMSE:7.619262 , MAE:6.229149 , MAPD:33.475236, R_squared:-0.004910  
	Validation = MSE:55.669552 , RMSE:7.461203 , MAE:6.099333 , MAPD:33.527686, R_squared:-0.001720

2024-03-21 05:43:25,566 Epoch 129/300, Train Loss: 58.044667, Val Loss: 55.576892  
	Train = MSE:58.049416 , RMSE:7.619017 , MAE:6.226142 , MAPD:33.424332, R_squared:-0.004845  
	Validation = MSE:55.576893 , RMSE:7.454991 , MAE:6.034008 , MAPD:32.790617, R_squared:-0.000053

2024-03-21 05:44:00,058 Epoch 130/300, Train Loss: 57.967333, Val Loss: 56.310234  
	Train = MSE:57.953991 , RMSE:7.612752 , MAE:6.218129 , MAPD:33.360345, R_squared:-0.003193  
	Validation = MSE:56.310234 , RMSE:7.504014 , MAE:6.271995 , MAPD:35.270828, R_squared:-0.013249

2024-03-21 05:44:33,381 Epoch 131/300, Train Loss: 58.002343, Val Loss: 55.613273  
	Train = MSE:58.001190 , RMSE:7.615851 , MAE:6.236914 , MAPD:33.514518, R_squared:-0.004010  
	Validation = MSE:55.613270 , RMSE:7.457430 , MAE:6.068576 , MAPD:33.195563, R_squared:-0.000708

2024-03-21 05:45:10,444 Epoch 132/300, Train Loss: 57.959280, Val Loss: 56.009456  
	Train = MSE:57.933270 , RMSE:7.611391 , MAE:6.227078 , MAPD:33.410878, R_squared:-0.002835  
	Validation = MSE:56.009453 , RMSE:7.483946 , MAE:6.206437 , MAPD:34.625996, R_squared:-0.007837

2024-03-21 05:45:46,699 Epoch 133/300, Train Loss: 58.058319, Val Loss: 55.606563  
	Train = MSE:58.027596 , RMSE:7.617585 , MAE:6.240698 , MAPD:33.598857, R_squared:-0.004468  
	Validation = MSE:55.606564 , RMSE:7.456981 , MAE:6.064006 , MAPD:33.144213, R_squared:-0.000587

2024-03-21 05:46:20,512 Epoch 134/300, Train Loss: 58.009790, Val Loss: 56.009881  
	Train = MSE:58.009888 , RMSE:7.616422 , MAE:6.217616 , MAPD:33.352361, R_squared:-0.004161  
	Validation = MSE:56.009884 , RMSE:7.483975 , MAE:6.206542 , MAPD:34.627036, R_squared:-0.007844

2024-03-21 05:46:53,623 Epoch 135/300, Train Loss: 57.937281, Val Loss: 56.141160  
	Train = MSE:57.933826 , RMSE:7.611427 , MAE:6.220555 , MAPD:33.408844, R_squared:-0.002844  
	Validation = MSE:56.141159 , RMSE:7.492741 , MAE:6.237118 , MAPD:34.928569, R_squared:-0.010206

2024-03-21 05:47:28,097 Epoch 136/300, Train Loss: 57.956782, Val Loss: 55.580397  
	Train = MSE:57.962753 , RMSE:7.613328 , MAE:6.229852 , MAPD:33.498124, R_squared:-0.003345  
	Validation = MSE:55.580399 , RMSE:7.455226 , MAE:6.040115 , MAPD:32.863133, R_squared:-0.000116

2024-03-21 05:48:02,105 Epoch 137/300, Train Loss: 58.005290, Val Loss: 56.262527  
	Train = MSE:58.015831 , RMSE:7.616812 , MAE:6.227848 , MAPD:33.420457, R_squared:-0.004264  
	Validation = MSE:56.262527 , RMSE:7.500835 , MAE:6.262526 , MAPD:35.178284, R_squared:-0.012390

2024-03-21 05:48:38,679 Epoch 138/300, Train Loss: 58.113588, Val Loss: 55.684428  
	Train = MSE:58.096157 , RMSE:7.622084 , MAE:6.237824 , MAPD:33.504510, R_squared:-0.005654  
	Validation = MSE:55.684429 , RMSE:7.462200 , MAE:6.106057 , MAPD:33.598554, R_squared:-0.001988

2024-03-21 05:49:13,998 Epoch 139/300, Train Loss: 57.984060, Val Loss: 55.944265  
	Train = MSE:57.997246 , RMSE:7.615592 , MAE:6.234027 , MAPD:33.505419, R_squared:-0.003942  
	Validation = MSE:55.944263 , RMSE:7.479590 , MAE:6.190045 , MAPD:34.461682, R_squared:-0.006663

2024-03-21 05:49:47,115 Epoch 140/300, Train Loss: 57.990208, Val Loss: 55.655397  
	Train = MSE:58.005447 , RMSE:7.616131 , MAE:6.228365 , MAPD:33.457638, R_squared:-0.004084  
	Validation = MSE:55.655399 , RMSE:7.460255 , MAE:6.092429 , MAPD:33.454905, R_squared:-0.001466

2024-03-21 05:50:22,504 Epoch 141/300, Train Loss: 57.944375, Val Loss: 55.719953  
	Train = MSE:57.945148 , RMSE:7.612171 , MAE:6.219318 , MAPD:33.392736, R_squared:-0.003040  
	Validation = MSE:55.719952 , RMSE:7.464580 , MAE:6.120505 , MAPD:33.750682, R_squared:-0.002627

2024-03-21 05:50:58,069 Epoch 142/300, Train Loss: 58.030657, Val Loss: 55.801234  
	Train = MSE:58.001923 , RMSE:7.615900 , MAE:6.221790 , MAPD:33.405475, R_squared:-0.004023  
	Validation = MSE:55.801231 , RMSE:7.470022 , MAE:6.149186 , MAPD:34.045992, R_squared:-0.004090

2024-03-21 05:51:32,100 Epoch 143/300, Train Loss: 57.983608, Val Loss: 56.798032  
	Train = MSE:57.962074 , RMSE:7.613283 , MAE:6.220229 , MAPD:33.404585, R_squared:-0.003333  
	Validation = MSE:56.798027 , RMSE:7.536447 , MAE:6.357291 , MAPD:36.093875, R_squared:-0.022026

2024-03-21 05:52:07,602 Epoch 144/300, Train Loss: 57.988596, Val Loss: 55.684500  
	Train = MSE:57.984108 , RMSE:7.614730 , MAE:6.240725 , MAPD:33.589287, R_squared:-0.003715  
	Validation = MSE:55.684502 , RMSE:7.462205 , MAE:6.106088 , MAPD:33.598881, R_squared:-0.001989

2024-03-21 05:52:42,206 Epoch 145/300, Train Loss: 57.891519, Val Loss: 55.651752  
	Train = MSE:57.896229 , RMSE:7.608957 , MAE:6.227843 , MAPD:33.465926, R_squared:-0.002194  
	Validation = MSE:55.651752 , RMSE:7.460010 , MAE:6.090581 , MAPD:33.435283, R_squared:-0.001400

2024-03-21 05:53:16,881 Epoch 146/300, Train Loss: 58.012678, Val Loss: 55.574175  
	Train = MSE:58.021706 , RMSE:7.617198 , MAE:6.239110 , MAPD:33.535294, R_squared:-0.004366  
	Validation = MSE:55.574173 , RMSE:7.454809 , MAE:6.018158 , MAPD:32.599702, R_squared:-0.000004

2024-03-21 05:53:54,661 Epoch 147/300, Train Loss: 57.818883, Val Loss: 55.830015  
	Train = MSE:57.836014 , RMSE:7.604999 , MAE:6.228154 , MAPD:33.459451, R_squared:-0.001151  
	Validation = MSE:55.830013 , RMSE:7.471949 , MAE:5.911604 , MAPD:31.275404, R_squared:-0.004608

2024-03-21 05:54:29,402 Epoch 148/300, Train Loss: 58.062784, Val Loss: 56.262027  
	Train = MSE:58.059586 , RMSE:7.619684 , MAE:6.216175 , MAPD:33.294911, R_squared:-0.005021  
	Validation = MSE:56.262028 , RMSE:7.500802 , MAE:6.262425 , MAPD:35.177297, R_squared:-0.012381

2024-03-21 05:55:04,106 Epoch 149/300, Train Loss: 58.013098, Val Loss: 55.705940  
	Train = MSE:58.022720 , RMSE:7.617265 , MAE:6.236234 , MAPD:33.537061, R_squared:-0.004383  
	Validation = MSE:55.705936 , RMSE:7.463641 , MAE:6.115025 , MAPD:33.693071, R_squared:-0.002375

2024-03-21 05:55:43,492 Epoch 150/300, Train Loss: 57.855877, Val Loss: 55.673077  
	Train = MSE:57.861900 , RMSE:7.606701 , MAE:6.226537 , MAPD:33.475929, R_squared:-0.001599  
	Validation = MSE:55.673077 , RMSE:7.461439 , MAE:5.952482 , MAPD:31.787975, R_squared:-0.001784

2024-03-21 05:56:20,411 Epoch 151/300, Train Loss: 58.032078, Val Loss: 55.581835  
	Train = MSE:58.030682 , RMSE:7.617787 , MAE:6.230205 , MAPD:33.438469, R_squared:-0.004521  
	Validation = MSE:55.581837 , RMSE:7.455323 , MAE:6.001791 , MAPD:32.398933, R_squared:-0.000142

2024-03-21 05:57:01,153 Epoch 152/300, Train Loss: 58.015968, Val Loss: 56.147573  
	Train = MSE:58.010536 , RMSE:7.616465 , MAE:6.222670 , MAPD:33.375001, R_squared:-0.004172  
	Validation = MSE:56.147572 , RMSE:7.493168 , MAE:6.238519 , MAPD:34.942369, R_squared:-0.010322

2024-03-21 05:57:37,694 Epoch 153/300, Train Loss: 58.025725, Val Loss: 55.585068  
	Train = MSE:58.023895 , RMSE:7.617342 , MAE:6.234611 , MAPD:33.562212, R_squared:-0.004404  
	Validation = MSE:55.585068 , RMSE:7.455539 , MAE:5.998129 , MAPD:32.353787, R_squared:-0.000200

2024-03-21 05:58:13,073 Epoch 154/300, Train Loss: 58.049875, Val Loss: 55.616310  
	Train = MSE:58.023220 , RMSE:7.617298 , MAE:6.219666 , MAPD:33.389303, R_squared:-0.004392  
	Validation = MSE:55.616310 , RMSE:7.457634 , MAE:6.070568 , MAPD:33.217614, R_squared:-0.000762

2024-03-21 05:58:51,991 Epoch 155/300, Train Loss: 57.931709, Val Loss: 56.959153  
	Train = MSE:57.938034 , RMSE:7.611704 , MAE:6.217006 , MAPD:33.331186, R_squared:-0.002917  
	Validation = MSE:56.959152 , RMSE:7.547129 , MAE:6.382089 , MAPD:36.330395, R_squared:-0.024925

2024-03-21 05:59:27,972 Epoch 156/300, Train Loss: 57.969537, Val Loss: 56.369839  
	Train = MSE:57.977219 , RMSE:7.614277 , MAE:6.236940 , MAPD:33.525554, R_squared:-0.003596  
	Validation = MSE:56.369839 , RMSE:7.507985 , MAE:6.283408 , MAPD:35.382355, R_squared:-0.014321

2024-03-21 06:00:04,373 Epoch 157/300, Train Loss: 57.888913, Val Loss: 56.282922  
	Train = MSE:57.905136 , RMSE:7.609542 , MAE:6.232728 , MAPD:33.457465, R_squared:-0.002348  
	Validation = MSE:56.282921 , RMSE:7.502194 , MAE:6.266613 , MAPD:35.218227, R_squared:-0.012757

2024-03-21 06:00:40,414 Epoch 158/300, Train Loss: 57.912488, Val Loss: 55.601150  
	Train = MSE:57.912552 , RMSE:7.610030 , MAE:6.231192 , MAPD:33.530016, R_squared:-0.002476  
	Validation = MSE:55.601151 , RMSE:7.456618 , MAE:5.985044 , MAPD:32.192470, R_squared:-0.000489

2024-03-21 06:01:17,340 Epoch 159/300, Train Loss: 58.019201, Val Loss: 55.881778  
	Train = MSE:58.029224 , RMSE:7.617692 , MAE:6.226020 , MAPD:33.417645, R_squared:-0.004496  
	Validation = MSE:55.881779 , RMSE:7.475411 , MAE:6.173126 , MAPD:34.290973, R_squared:-0.005539

2024-03-21 06:01:57,506 Epoch 160/300, Train Loss: 58.064817, Val Loss: 56.169541  
	Train = MSE:58.078724 , RMSE:7.620940 , MAE:6.228651 , MAPD:33.432586, R_squared:-0.005353  
	Validation = MSE:56.169540 , RMSE:7.494634 , MAE:6.243259 , MAPD:34.989063, R_squared:-0.010717

2024-03-21 06:02:39,267 Epoch 161/300, Train Loss: 57.969133, Val Loss: 55.666985  
	Train = MSE:57.975060 , RMSE:7.614136 , MAE:6.237009 , MAPD:33.558784, R_squared:-0.003558  
	Validation = MSE:55.666981 , RMSE:7.461031 , MAE:6.098121 , MAPD:33.514900, R_squared:-0.001674

2024-03-21 06:03:23,928 Epoch 162/300, Train Loss: 57.957872, Val Loss: 55.806726  
	Train = MSE:57.957901 , RMSE:7.613008 , MAE:6.234475 , MAPD:33.461817, R_squared:-0.003261  
	Validation = MSE:55.806728 , RMSE:7.470390 , MAE:6.150933 , MAPD:34.063913, R_squared:-0.004189

2024-03-21 06:04:04,977 Epoch 163/300, Train Loss: 57.981446, Val Loss: 55.685437  
	Train = MSE:57.989624 , RMSE:7.615092 , MAE:6.228103 , MAPD:33.477346, R_squared:-0.003810  
	Validation = MSE:55.685440 , RMSE:7.462268 , MAE:6.106496 , MAPD:33.603184, R_squared:-0.002006

2024-03-21 06:04:49,548 Epoch 164/300, Train Loss: 57.933437, Val Loss: 55.741857  
	Train = MSE:57.937569 , RMSE:7.611673 , MAE:6.225053 , MAPD:33.430217, R_squared:-0.002909  
	Validation = MSE:55.741856 , RMSE:7.466047 , MAE:6.128785 , MAPD:33.836493, R_squared:-0.003021

2024-03-21 06:05:38,686 Epoch 165/300, Train Loss: 57.936071, Val Loss: 55.718508  
	Train = MSE:57.947834 , RMSE:7.612348 , MAE:6.229635 , MAPD:33.474706, R_squared:-0.003087  
	Validation = MSE:55.718506 , RMSE:7.464483 , MAE:6.119945 , MAPD:33.744840, R_squared:-0.002601

2024-03-21 06:06:28,681 Epoch 166/300, Train Loss: 57.920779, Val Loss: 56.069022  
	Train = MSE:57.917339 , RMSE:7.610344 , MAE:6.214145 , MAPD:33.338533, R_squared:-0.002559  
	Validation = MSE:56.069019 , RMSE:7.487925 , MAE:6.220776 , MAPD:34.767613, R_squared:-0.008908

2024-03-21 06:07:12,142 Epoch 167/300, Train Loss: 57.940335, Val Loss: 55.741084  
	Train = MSE:57.945080 , RMSE:7.612166 , MAE:6.232358 , MAPD:33.524789, R_squared:-0.003039  
	Validation = MSE:55.741085 , RMSE:7.465995 , MAE:6.128502 , MAPD:33.833561, R_squared:-0.003007

2024-03-21 06:07:52,979 Epoch 168/300, Train Loss: 58.025492, Val Loss: 55.741087  
	Train = MSE:58.039440 , RMSE:7.618362 , MAE:6.231453 , MAPD:33.476024, R_squared:-0.004673  
	Validation = MSE:55.741085 , RMSE:7.465995 , MAE:6.128503 , MAPD:33.833573, R_squared:-0.003007

2024-03-21 06:08:34,498 Epoch 169/300, Train Loss: 57.910501, Val Loss: 55.587385  
	Train = MSE:57.898041 , RMSE:7.609076 , MAE:6.224265 , MAPD:33.451744, R_squared:-0.002225  
	Validation = MSE:55.587383 , RMSE:7.455695 , MAE:5.995827 , MAPD:32.325408, R_squared:-0.000242

2024-03-21 06:09:12,486 Epoch 170/300, Train Loss: 57.932443, Val Loss: 55.579386  
	Train = MSE:57.934334 , RMSE:7.611461 , MAE:6.227420 , MAPD:33.447348, R_squared:-0.002853  
	Validation = MSE:55.579384 , RMSE:7.455158 , MAE:6.038573 , MAPD:32.844855, R_squared:-0.000098

2024-03-21 06:09:53,719 Epoch 171/300, Train Loss: 57.971726, Val Loss: 56.031422  
	Train = MSE:57.976280 , RMSE:7.614216 , MAE:6.226923 , MAPD:33.429989, R_squared:-0.003579  
	Validation = MSE:56.031422 , RMSE:7.485414 , MAE:6.211785 , MAPD:34.679053, R_squared:-0.008232

2024-03-21 06:10:38,649 Epoch 172/300, Train Loss: 57.936575, Val Loss: 55.580362  
	Train = MSE:57.941402 , RMSE:7.611925 , MAE:6.239552 , MAPD:33.545736, R_squared:-0.002976  
	Validation = MSE:55.580360 , RMSE:7.455224 , MAE:6.003708 , MAPD:32.422574, R_squared:-0.000115

2024-03-21 06:11:19,781 Epoch 173/300, Train Loss: 57.931570, Val Loss: 55.845035  
	Train = MSE:57.934048 , RMSE:7.611442 , MAE:6.216933 , MAPD:33.372349, R_squared:-0.002848  
	Validation = MSE:55.845036 , RMSE:7.472954 , MAE:6.162580 , MAPD:34.183438, R_squared:-0.004878

2024-03-21 06:11:59,657 Epoch 174/300, Train Loss: 57.983439, Val Loss: 56.970332  
	Train = MSE:57.985825 , RMSE:7.614842 , MAE:6.218069 , MAPD:33.327640, R_squared:-0.003744  
	Validation = MSE:56.970333 , RMSE:7.547869 , MAE:6.383771 , MAPD:36.346362, R_squared:-0.025127

2024-03-21 06:12:38,700 Epoch 175/300, Train Loss: 57.995392, Val Loss: 56.038066  
	Train = MSE:58.006741 , RMSE:7.616216 , MAE:6.230574 , MAPD:33.509315, R_squared:-0.004107  
	Validation = MSE:56.038067 , RMSE:7.485858 , MAE:6.213400 , MAPD:34.694961, R_squared:-0.008351

2024-03-21 06:13:22,182 Epoch 176/300, Train Loss: 57.945609, Val Loss: 55.652150  
	Train = MSE:57.958214 , RMSE:7.613029 , MAE:6.227516 , MAPD:33.474365, R_squared:-0.003267  
	Validation = MSE:55.652153 , RMSE:7.460037 , MAE:6.090784 , MAPD:33.437446, R_squared:-0.001407

2024-03-21 06:14:02,535 Epoch 177/300, Train Loss: 58.020847, Val Loss: 55.805158  
	Train = MSE:58.027813 , RMSE:7.617599 , MAE:6.229767 , MAPD:33.459600, R_squared:-0.004471  
	Validation = MSE:55.805157 , RMSE:7.470285 , MAE:6.150436 , MAPD:34.058814, R_squared:-0.004160

2024-03-21 06:14:45,425 Epoch 178/300, Train Loss: 58.068873, Val Loss: 55.832240  
	Train = MSE:58.054558 , RMSE:7.619354 , MAE:6.231354 , MAPD:33.447610, R_squared:-0.004934  
	Validation = MSE:55.832241 , RMSE:7.472097 , MAE:6.158787 , MAPD:34.144515, R_squared:-0.004648

2024-03-21 06:15:28,590 Epoch 179/300, Train Loss: 58.021507, Val Loss: 56.157812  
	Train = MSE:58.014168 , RMSE:7.616703 , MAE:6.228169 , MAPD:33.443288, R_squared:-0.004235  
	Validation = MSE:56.157814 , RMSE:7.493852 , MAE:6.240740 , MAPD:34.964240, R_squared:-0.010506

2024-03-21 06:16:07,956 Epoch 180/300, Train Loss: 58.071415, Val Loss: 55.581694  
	Train = MSE:58.053375 , RMSE:7.619277 , MAE:6.240529 , MAPD:33.550164, R_squared:-0.004914  
	Validation = MSE:55.581696 , RMSE:7.455313 , MAE:6.041927 , MAPD:32.884617, R_squared:-0.000139

2024-03-21 06:16:47,071 Epoch 181/300, Train Loss: 57.900625, Val Loss: 56.766195  
	Train = MSE:57.916584 , RMSE:7.610295 , MAE:6.223076 , MAPD:33.392624, R_squared:-0.002546  
	Validation = MSE:56.766190 , RMSE:7.534334 , MAE:6.352295 , MAPD:36.045769, R_squared:-0.021453

2024-03-21 06:17:30,794 Epoch 182/300, Train Loss: 58.026712, Val Loss: 55.574170  
	Train = MSE:58.037125 , RMSE:7.618210 , MAE:6.244567 , MAPD:33.649185, R_squared:-0.004633  
	Validation = MSE:55.574173 , RMSE:7.454809 , MAE:6.024951 , MAPD:32.681851, R_squared:-0.000004

2024-03-21 06:18:13,169 Epoch 183/300, Train Loss: 57.972417, Val Loss: 55.824285  
	Train = MSE:57.974365 , RMSE:7.614090 , MAE:6.215000 , MAPD:33.324987, R_squared:-0.003546  
	Validation = MSE:55.824287 , RMSE:7.471565 , MAE:6.156382 , MAPD:34.119831, R_squared:-0.004505

2024-03-21 06:18:52,623 Epoch 184/300, Train Loss: 57.934206, Val Loss: 55.991569  
	Train = MSE:57.919399 , RMSE:7.610479 , MAE:6.219276 , MAPD:33.391176, R_squared:-0.002595  
	Validation = MSE:55.991573 , RMSE:7.482752 , MAE:6.202039 , MAPD:34.582063, R_squared:-0.007515

2024-03-21 06:19:33,599 Epoch 185/300, Train Loss: 58.068823, Val Loss: 55.716556  
	Train = MSE:58.043736 , RMSE:7.618644 , MAE:6.236833 , MAPD:33.511487, R_squared:-0.004747  
	Validation = MSE:55.716553 , RMSE:7.464352 , MAE:6.119186 , MAPD:33.736900, R_squared:-0.002566

2024-03-21 06:20:13,982 Epoch 186/300, Train Loss: 57.872142, Val Loss: 55.599014  
	Train = MSE:57.881809 , RMSE:7.608009 , MAE:6.238640 , MAPD:33.582803, R_squared:-0.001944  
	Validation = MSE:55.599014 , RMSE:7.456475 , MAE:5.986498 , MAPD:32.210395, R_squared:-0.000451

2024-03-21 06:20:54,085 Epoch 187/300, Train Loss: 57.943328, Val Loss: 55.615999  
	Train = MSE:57.950630 , RMSE:7.612531 , MAE:6.221594 , MAPD:33.386912, R_squared:-0.003135  
	Validation = MSE:55.615997 , RMSE:7.457613 , MAE:6.070367 , MAPD:33.215398, R_squared:-0.000757

2024-03-21 06:21:33,163 Epoch 188/300, Train Loss: 57.938558, Val Loss: 55.909679  
	Train = MSE:57.950527 , RMSE:7.612525 , MAE:6.223746 , MAPD:33.421265, R_squared:-0.003133  
	Validation = MSE:55.909679 , RMSE:7.477278 , MAE:6.180875 , MAPD:34.369153, R_squared:-0.006041

2024-03-21 06:22:14,003 Epoch 189/300, Train Loss: 58.026357, Val Loss: 55.823429  
	Train = MSE:58.031639 , RMSE:7.617850 , MAE:6.230871 , MAPD:33.452788, R_squared:-0.004538  
	Validation = MSE:55.823429 , RMSE:7.471508 , MAE:6.156121 , MAPD:34.117150, R_squared:-0.004489

2024-03-21 06:22:55,207 Epoch 190/300, Train Loss: 57.947308, Val Loss: 55.830266  
	Train = MSE:57.957882 , RMSE:7.613008 , MAE:6.220999 , MAPD:33.400213, R_squared:-0.003261  
	Validation = MSE:55.830265 , RMSE:7.471965 , MAE:6.158194 , MAPD:34.138426, R_squared:-0.004612

2024-03-21 06:23:36,538 Epoch 191/300, Train Loss: 58.030160, Val Loss: 55.717585  
	Train = MSE:58.018738 , RMSE:7.617003 , MAE:6.227604 , MAPD:33.478234, R_squared:-0.004314  
	Validation = MSE:55.717583 , RMSE:7.464421 , MAE:6.119586 , MAPD:33.741091, R_squared:-0.002585

2024-03-21 06:24:20,078 Epoch 192/300, Train Loss: 58.010759, Val Loss: 56.511174  
	Train = MSE:57.996006 , RMSE:7.615511 , MAE:6.222368 , MAPD:33.354256, R_squared:-0.003921  
	Validation = MSE:56.511173 , RMSE:7.517391 , MAE:6.309585 , MAPD:35.634557, R_squared:-0.016864

2024-03-21 06:25:02,242 Epoch 193/300, Train Loss: 57.988134, Val Loss: 55.576264  
	Train = MSE:57.964287 , RMSE:7.613428 , MAE:6.242299 , MAPD:33.617644, R_squared:-0.003372  
	Validation = MSE:55.576260 , RMSE:7.454949 , MAE:6.032598 , MAPD:32.773681, R_squared:-0.000042

2024-03-21 06:25:43,188 Epoch 194/300, Train Loss: 57.971331, Val Loss: 55.580002  
	Train = MSE:57.955456 , RMSE:7.612848 , MAE:6.223610 , MAPD:33.424286, R_squared:-0.003219  
	Validation = MSE:55.580002 , RMSE:7.455200 , MAE:6.004211 , MAPD:32.428781, R_squared:-0.000109

2024-03-21 06:26:23,027 Epoch 195/300, Train Loss: 57.937704, Val Loss: 55.575052  
	Train = MSE:57.950718 , RMSE:7.612537 , MAE:6.224212 , MAPD:33.454503, R_squared:-0.003137  
	Validation = MSE:55.575054 , RMSE:7.454868 , MAE:6.029169 , MAPD:32.732502, R_squared:-0.000020

2024-03-21 06:27:05,188 Epoch 196/300, Train Loss: 57.932540, Val Loss: 55.919072  
	Train = MSE:57.930946 , RMSE:7.611238 , MAE:6.215109 , MAPD:33.361958, R_squared:-0.002795  
	Validation = MSE:55.919071 , RMSE:7.477906 , MAE:6.183410 , MAPD:34.394734, R_squared:-0.006210

2024-03-21 06:27:43,466 Epoch 197/300, Train Loss: 57.993903, Val Loss: 55.886652  
	Train = MSE:57.969482 , RMSE:7.613769 , MAE:6.226042 , MAPD:33.490685, R_squared:-0.003462  
	Validation = MSE:55.886650 , RMSE:7.475738 , MAE:6.174504 , MAPD:34.304879, R_squared:-0.005627

2024-03-21 06:28:17,193 Epoch 198/300, Train Loss: 57.975847, Val Loss: 56.489457  
	Train = MSE:57.978214 , RMSE:7.614343 , MAE:6.218955 , MAPD:33.380112, R_squared:-0.003613  
	Validation = MSE:56.489452 , RMSE:7.515946 , MAE:6.305692 , MAPD:35.597082, R_squared:-0.016474

2024-03-21 06:28:53,050 Epoch 199/300, Train Loss: 57.953173, Val Loss: 56.119677  
	Train = MSE:57.964428 , RMSE:7.613437 , MAE:6.225519 , MAPD:33.420855, R_squared:-0.003374  
	Validation = MSE:56.119678 , RMSE:7.491307 , MAE:6.232366 , MAPD:34.881763, R_squared:-0.009820

2024-03-21 06:29:27,127 Epoch 200/300, Train Loss: 58.015990, Val Loss: 57.221319  
	Train = MSE:57.983421 , RMSE:7.614685 , MAE:6.225718 , MAPD:33.400343, R_squared:-0.003703  
	Validation = MSE:57.221317 , RMSE:7.564477 , MAE:6.419915 , MAPD:36.689335, R_squared:-0.029643

2024-03-21 06:30:04,874 Epoch 201/300, Train Loss: 57.837050, Val Loss: 55.918496  
	Train = MSE:57.847725 , RMSE:7.605769 , MAE:6.250214 , MAPD:33.770592, R_squared:-0.001354  
	Validation = MSE:55.918495 , RMSE:7.477867 , MAE:5.895390 , MAPD:31.063936, R_squared:-0.006200

2024-03-21 06:30:44,065 Epoch 202/300, Train Loss: 57.906884, Val Loss: 56.732071  
	Train = MSE:57.903740 , RMSE:7.609451 , MAE:6.192276 , MAPD:33.109361, R_squared:-0.002324  
	Validation = MSE:56.732071 , RMSE:7.532070 , MAE:6.346864 , MAPD:35.993488, R_squared:-0.020839

2024-03-21 06:31:19,871 Epoch 203/300, Train Loss: 57.880195, Val Loss: 55.586760  
	Train = MSE:57.895294 , RMSE:7.608896 , MAE:6.244316 , MAPD:33.671550, R_squared:-0.002177  
	Validation = MSE:55.586761 , RMSE:7.455653 , MAE:5.996427 , MAPD:32.332811, R_squared:-0.000231

2024-03-21 06:31:58,653 Epoch 204/300, Train Loss: 57.975536, Val Loss: 55.588101  
	Train = MSE:57.983013 , RMSE:7.614658 , MAE:6.227665 , MAPD:33.424196, R_squared:-0.003696  
	Validation = MSE:55.588104 , RMSE:7.455743 , MAE:6.049201 , MAPD:32.970875, R_squared:-0.000255

2024-03-21 06:32:33,524 Epoch 205/300, Train Loss: 57.952130, Val Loss: 55.573955  
	Train = MSE:57.956169 , RMSE:7.612895 , MAE:6.228354 , MAPD:33.484125, R_squared:-0.003231  
	Validation = MSE:55.573956 , RMSE:7.454794 , MAE:6.022090 , MAPD:32.647500, R_squared:-0.000000

2024-03-21 06:33:11,314 Epoch 206/300, Train Loss: 57.961682, Val Loss: 56.471558  
	Train = MSE:57.969990 , RMSE:7.613802 , MAE:6.218861 , MAPD:33.311472, R_squared:-0.003470  
	Validation = MSE:56.471558 , RMSE:7.514756 , MAE:6.302450 , MAPD:35.565860, R_squared:-0.016152

2024-03-21 06:33:59,224 Epoch 207/300, Train Loss: 58.027459, Val Loss: 56.668923  
	Train = MSE:58.018127 , RMSE:7.616963 , MAE:6.232206 , MAPD:33.448560, R_squared:-0.004304  
	Validation = MSE:56.668922 , RMSE:7.527876 , MAE:6.336600 , MAPD:35.894665, R_squared:-0.019703

2024-03-21 06:34:45,712 Epoch 208/300, Train Loss: 57.988135, Val Loss: 55.609986  
	Train = MSE:57.969166 , RMSE:7.613749 , MAE:6.239713 , MAPD:33.557035, R_squared:-0.003456  
	Validation = MSE:55.609982 , RMSE:7.457210 , MAE:6.066366 , MAPD:33.170881, R_squared:-0.000648

2024-03-21 06:35:33,531 Epoch 209/300, Train Loss: 57.910059, Val Loss: 55.580331  
	Train = MSE:57.904579 , RMSE:7.609506 , MAE:6.232145 , MAPD:33.514017, R_squared:-0.002338  
	Validation = MSE:55.580334 , RMSE:7.455222 , MAE:6.040018 , MAPD:32.861985, R_squared:-0.000115

2024-03-21 06:36:14,709 Epoch 210/300, Train Loss: 57.986621, Val Loss: 55.598555  
	Train = MSE:57.985485 , RMSE:7.614820 , MAE:6.228333 , MAPD:33.446832, R_squared:-0.003739  
	Validation = MSE:55.598557 , RMSE:7.456444 , MAE:6.058165 , MAPD:33.076774, R_squared:-0.000443

2024-03-21 06:36:59,127 Epoch 211/300, Train Loss: 58.012526, Val Loss: 56.255152  
	Train = MSE:58.020714 , RMSE:7.617133 , MAE:6.224103 , MAPD:33.416117, R_squared:-0.004348  
	Validation = MSE:56.255150 , RMSE:7.500343 , MAE:6.261034 , MAPD:35.163696, R_squared:-0.012258

2024-03-21 06:37:44,696 Epoch 212/300, Train Loss: 57.975501, Val Loss: 56.484616  
	Train = MSE:57.972878 , RMSE:7.613992 , MAE:6.218398 , MAPD:33.342261, R_squared:-0.003520  
	Validation = MSE:56.484619 , RMSE:7.515625 , MAE:6.304819 , MAPD:35.588668, R_squared:-0.016387

2024-03-21 06:38:25,193 Epoch 213/300, Train Loss: 58.060182, Val Loss: 55.629618  
	Train = MSE:58.059574 , RMSE:7.619683 , MAE:6.241429 , MAPD:33.598807, R_squared:-0.005021  
	Validation = MSE:55.629620 , RMSE:7.458527 , MAE:6.078609 , MAPD:33.306297, R_squared:-0.001002

2024-03-21 06:39:07,244 Epoch 214/300, Train Loss: 58.033324, Val Loss: 55.882731  
	Train = MSE:58.043484 , RMSE:7.618628 , MAE:6.219741 , MAPD:33.358000, R_squared:-0.004743  
	Validation = MSE:55.882736 , RMSE:7.475476 , MAE:6.173396 , MAPD:34.293701, R_squared:-0.005556

2024-03-21 06:39:48,703 Epoch 215/300, Train Loss: 57.984127, Val Loss: 55.674483  
	Train = MSE:57.986889 , RMSE:7.614912 , MAE:6.232810 , MAPD:33.527506, R_squared:-0.003763  
	Validation = MSE:55.674484 , RMSE:7.461534 , MAE:6.101616 , MAPD:33.551742, R_squared:-0.001809

2024-03-21 06:40:30,567 Epoch 216/300, Train Loss: 57.937211, Val Loss: 57.212044  
	Train = MSE:57.949917 , RMSE:7.612484 , MAE:6.214007 , MAPD:33.328799, R_squared:-0.003123  
	Validation = MSE:57.212048 , RMSE:7.563865 , MAE:6.418630 , MAPD:36.677146, R_squared:-0.029476

2024-03-21 06:41:09,952 Epoch 217/300, Train Loss: 58.045346, Val Loss: 55.574614  
	Train = MSE:58.062176 , RMSE:7.619854 , MAE:6.249272 , MAPD:33.688592, R_squared:-0.005066  
	Validation = MSE:55.574608 , RMSE:7.454838 , MAE:6.015742 , MAPD:32.570305, R_squared:-0.000012

2024-03-21 06:41:47,555 Epoch 218/300, Train Loss: 57.928369, Val Loss: 55.944964  
	Train = MSE:57.919495 , RMSE:7.610486 , MAE:6.228498 , MAPD:33.470789, R_squared:-0.002596  
	Validation = MSE:55.944965 , RMSE:7.479637 , MAE:5.891074 , MAPD:31.006728, R_squared:-0.006676

2024-03-21 06:42:25,907 Epoch 219/300, Train Loss: 57.938923, Val Loss: 55.842910  
	Train = MSE:57.939682 , RMSE:7.611812 , MAE:6.214277 , MAPD:33.312432, R_squared:-0.002946  
	Validation = MSE:55.842911 , RMSE:7.472811 , MAE:6.161957 , MAPD:34.177038, R_squared:-0.004840

2024-03-21 06:43:00,718 Epoch 220/300, Train Loss: 57.877294, Val Loss: 56.158815  
	Train = MSE:57.866337 , RMSE:7.606993 , MAE:6.218287 , MAPD:33.381581, R_squared:-0.001676  
	Validation = MSE:56.158817 , RMSE:7.493919 , MAE:6.240956 , MAPD:34.966373, R_squared:-0.010524

2024-03-21 06:43:30,769 Epoch 221/300, Train Loss: 57.909606, Val Loss: 55.581280  
	Train = MSE:57.917549 , RMSE:7.610358 , MAE:6.238804 , MAPD:33.573193, R_squared:-0.002563  
	Validation = MSE:55.581280 , RMSE:7.455286 , MAE:6.002491 , MAPD:32.407567, R_squared:-0.000132

2024-03-21 06:44:05,699 Epoch 222/300, Train Loss: 57.927456, Val Loss: 55.576389  
	Train = MSE:57.938915 , RMSE:7.611762 , MAE:6.223646 , MAPD:33.437593, R_squared:-0.002933  
	Validation = MSE:55.576385 , RMSE:7.454957 , MAE:6.010461 , MAPD:32.505829, R_squared:-0.000044

2024-03-21 06:44:37,059 Epoch 223/300, Train Loss: 58.033310, Val Loss: 55.603090  
	Train = MSE:58.012825 , RMSE:7.616615 , MAE:6.235148 , MAPD:33.493086, R_squared:-0.004212  
	Validation = MSE:55.603092 , RMSE:7.456748 , MAE:5.983772 , MAPD:32.176791, R_squared:-0.000524

2024-03-21 06:45:09,436 Epoch 224/300, Train Loss: 58.063403, Val Loss: 55.574503  
	Train = MSE:58.072357 , RMSE:7.620522 , MAE:6.237449 , MAPD:33.490399, R_squared:-0.005242  
	Validation = MSE:55.574509 , RMSE:7.454831 , MAE:6.016245 , MAPD:32.576429, R_squared:-0.000010

2024-03-21 06:45:40,671 Epoch 225/300, Train Loss: 57.973541, Val Loss: 55.671180  
	Train = MSE:57.952648 , RMSE:7.612664 , MAE:6.219421 , MAPD:33.389386, R_squared:-0.003170  
	Validation = MSE:55.671181 , RMSE:7.461312 , MAE:5.953132 , MAPD:31.796108, R_squared:-0.001750

2024-03-21 06:46:12,725 Epoch 226/300, Train Loss: 57.960890, Val Loss: 56.815049  
	Train = MSE:57.962589 , RMSE:7.613317 , MAE:6.220756 , MAPD:33.333455, R_squared:-0.003342  
	Validation = MSE:56.815048 , RMSE:7.537576 , MAE:6.359935 , MAPD:36.119332, R_squared:-0.022332

2024-03-21 06:46:45,183 Epoch 227/300, Train Loss: 58.085804, Val Loss: 56.937673  
	Train = MSE:58.061188 , RMSE:7.619789 , MAE:6.230871 , MAPD:33.462564, R_squared:-0.005049  
	Validation = MSE:56.937675 , RMSE:7.545706 , MAE:6.378836 , MAPD:36.299535, R_squared:-0.024539

2024-03-21 06:47:16,666 Epoch 228/300, Train Loss: 57.955253, Val Loss: 55.890650  
	Train = MSE:57.952980 , RMSE:7.612686 , MAE:6.238420 , MAPD:33.575348, R_squared:-0.003176  
	Validation = MSE:55.890648 , RMSE:7.476005 , MAE:6.175626 , MAPD:34.316203, R_squared:-0.005699

2024-03-21 06:47:48,951 Epoch 229/300, Train Loss: 57.978180, Val Loss: 55.812940  
	Train = MSE:57.984528 , RMSE:7.614757 , MAE:6.234902 , MAPD:33.483449, R_squared:-0.003722  
	Validation = MSE:55.812939 , RMSE:7.470806 , MAE:6.152884 , MAPD:34.083935, R_squared:-0.004300

2024-03-21 06:48:19,570 Epoch 230/300, Train Loss: 57.974740, Val Loss: 55.878759  
	Train = MSE:57.967472 , RMSE:7.613637 , MAE:6.224899 , MAPD:33.438513, R_squared:-0.003427  
	Validation = MSE:55.878761 , RMSE:7.475210 , MAE:6.172266 , MAPD:34.282305, R_squared:-0.005485

2024-03-21 06:48:54,435 Epoch 231/300, Train Loss: 57.912330, Val Loss: 55.618770  
	Train = MSE:57.901215 , RMSE:7.609285 , MAE:6.227529 , MAPD:33.467349, R_squared:-0.002280  
	Validation = MSE:55.618771 , RMSE:7.457799 , MAE:6.072129 , MAPD:33.234908, R_squared:-0.000807

2024-03-21 06:49:29,133 Epoch 232/300, Train Loss: 57.981688, Val Loss: 56.481688  
	Train = MSE:57.988689 , RMSE:7.615030 , MAE:6.214321 , MAPD:33.312578, R_squared:-0.003794  
	Validation = MSE:56.481689 , RMSE:7.515430 , MAE:6.304288 , MAPD:35.583568, R_squared:-0.016334

2024-03-21 06:50:01,756 Epoch 233/300, Train Loss: 58.039896, Val Loss: 55.575082  
	Train = MSE:58.018208 , RMSE:7.616969 , MAE:6.242871 , MAPD:33.638210, R_squared:-0.004305  
	Validation = MSE:55.575085 , RMSE:7.454870 , MAE:6.029271 , MAPD:32.733734, R_squared:-0.000020

2024-03-21 06:50:34,216 Epoch 234/300, Train Loss: 58.036308, Val Loss: 55.676623  
	Train = MSE:58.044628 , RMSE:7.618702 , MAE:6.225770 , MAPD:33.396679, R_squared:-0.004762  
	Validation = MSE:55.676620 , RMSE:7.461677 , MAE:6.102590 , MAPD:33.562004, R_squared:-0.001848

2024-03-21 06:51:04,506 Epoch 235/300, Train Loss: 57.991684, Val Loss: 55.695191  
	Train = MSE:57.996326 , RMSE:7.615532 , MAE:6.228283 , MAPD:33.464235, R_squared:-0.003926  
	Validation = MSE:55.695187 , RMSE:7.462921 , MAE:6.110643 , MAPD:33.646894, R_squared:-0.002182

2024-03-21 06:51:38,482 Epoch 236/300, Train Loss: 58.019950, Val Loss: 55.791610  
	Train = MSE:58.033512 , RMSE:7.617973 , MAE:6.230771 , MAPD:33.487767, R_squared:-0.004570  
	Validation = MSE:55.791611 , RMSE:7.469378 , MAE:6.146074 , MAPD:34.014060, R_squared:-0.003917

2024-03-21 06:52:09,182 Epoch 237/300, Train Loss: 58.063814, Val Loss: 55.999920  
	Train = MSE:58.078804 , RMSE:7.620945 , MAE:6.237522 , MAPD:33.501375, R_squared:-0.005354  
	Validation = MSE:55.999924 , RMSE:7.483310 , MAE:6.204096 , MAPD:34.602652, R_squared:-0.007665

2024-03-21 06:52:42,725 Epoch 238/300, Train Loss: 58.040640, Val Loss: 55.687647  
	Train = MSE:58.034370 , RMSE:7.618029 , MAE:6.225448 , MAPD:33.436207, R_squared:-0.004585  
	Validation = MSE:55.687645 , RMSE:7.462416 , MAE:6.107451 , MAPD:33.613247, R_squared:-0.002046

2024-03-21 06:53:14,455 Epoch 239/300, Train Loss: 57.963878, Val Loss: 55.754735  
	Train = MSE:57.971115 , RMSE:7.613876 , MAE:6.228286 , MAPD:33.473477, R_squared:-0.003490  
	Validation = MSE:55.754730 , RMSE:7.466909 , MAE:6.133462 , MAPD:33.884631, R_squared:-0.003253

2024-03-21 06:53:46,129 Epoch 240/300, Train Loss: 57.975938, Val Loss: 55.626739  
	Train = MSE:57.988678 , RMSE:7.615030 , MAE:6.230946 , MAPD:33.499581, R_squared:-0.003794  
	Validation = MSE:55.626740 , RMSE:7.458333 , MAE:5.970780 , MAPD:32.016632, R_squared:-0.000950

2024-03-21 06:54:17,959 Epoch 241/300, Train Loss: 57.982736, Val Loss: 56.337046  
	Train = MSE:57.982689 , RMSE:7.614636 , MAE:6.211721 , MAPD:33.277502, R_squared:-0.003690  
	Validation = MSE:56.337051 , RMSE:7.505801 , MAE:6.277182 , MAPD:35.321525, R_squared:-0.013731

2024-03-21 06:54:52,478 Epoch 242/300, Train Loss: 57.936892, Val Loss: 55.574055  
	Train = MSE:57.924526 , RMSE:7.610816 , MAE:6.236588 , MAPD:33.563090, R_squared:-0.002683  
	Validation = MSE:55.574051 , RMSE:7.454801 , MAE:6.023897 , MAPD:32.669198, R_squared:-0.000002

2024-03-21 06:55:23,783 Epoch 243/300, Train Loss: 57.862560, Val Loss: 55.766834  
	Train = MSE:57.871609 , RMSE:7.607339 , MAE:6.215489 , MAPD:33.359903, R_squared:-0.001767  
	Validation = MSE:55.766830 , RMSE:7.467719 , MAE:6.137732 , MAPD:33.928443, R_squared:-0.003471

2024-03-21 06:55:57,525 Epoch 244/300, Train Loss: 57.931482, Val Loss: 55.591585  
	Train = MSE:57.914059 , RMSE:7.610129 , MAE:6.223461 , MAPD:33.453138, R_squared:-0.002502  
	Validation = MSE:55.591583 , RMSE:7.455976 , MAE:6.052453 , MAPD:33.009441, R_squared:-0.000317

2024-03-21 06:56:28,823 Epoch 245/300, Train Loss: 57.915693, Val Loss: 55.657129  
	Train = MSE:57.926434 , RMSE:7.610942 , MAE:6.224742 , MAPD:33.427664, R_squared:-0.002716  
	Validation = MSE:55.657127 , RMSE:7.460371 , MAE:6.093305 , MAPD:33.464129, R_squared:-0.001497

2024-03-21 06:57:02,139 Epoch 246/300, Train Loss: 57.813567, Val Loss: 59.006098  
	Train = MSE:57.831196 , RMSE:7.604682 , MAE:6.196762 , MAPD:33.163492, R_squared:-0.001068  
	Validation = MSE:59.006092 , RMSE:7.681542 , MAE:6.629973 , MAPD:38.643595, R_squared:-0.061758

2024-03-21 06:57:33,946 Epoch 247/300, Train Loss: 58.054531, Val Loss: 57.122994  
	Train = MSE:58.068077 , RMSE:7.620241 , MAE:6.249345 , MAPD:33.624996, R_squared:-0.005168  
	Validation = MSE:57.122993 , RMSE:7.557975 , MAE:6.406108 , MAPD:36.558318, R_squared:-0.027874

2024-03-21 06:58:04,734 Epoch 248/300, Train Loss: 57.930805, Val Loss: 55.629985  
	Train = MSE:57.935516 , RMSE:7.611538 , MAE:6.242799 , MAPD:33.603332, R_squared:-0.002874  
	Validation = MSE:55.629982 , RMSE:7.458551 , MAE:6.078820 , MAPD:33.308594, R_squared:-0.001008

2024-03-21 06:58:38,683 Epoch 249/300, Train Loss: 58.004235, Val Loss: 56.341863  
	Train = MSE:57.995674 , RMSE:7.615489 , MAE:6.216282 , MAPD:33.323867, R_squared:-0.003915  
	Validation = MSE:56.341866 , RMSE:7.506122 , MAE:6.278104 , MAPD:35.330536, R_squared:-0.013818

2024-03-21 06:59:11,775 Epoch 250/300, Train Loss: 57.947687, Val Loss: 56.003581  
	Train = MSE:57.929176 , RMSE:7.611122 , MAE:6.222622 , MAPD:33.463004, R_squared:-0.002764  
	Validation = MSE:56.003578 , RMSE:7.483554 , MAE:6.204991 , MAPD:34.611613, R_squared:-0.007731

2024-03-21 06:59:46,241 Epoch 251/300, Train Loss: 57.983819, Val Loss: 56.546413  
	Train = MSE:57.971973 , RMSE:7.613933 , MAE:6.230909 , MAPD:33.444052, R_squared:-0.003505  
	Validation = MSE:56.546417 , RMSE:7.519735 , MAE:6.315805 , MAPD:35.694453, R_squared:-0.017499

2024-03-21 07:00:19,390 Epoch 252/300, Train Loss: 57.973334, Val Loss: 55.657046  
	Train = MSE:57.961063 , RMSE:7.613216 , MAE:6.240953 , MAPD:33.601463, R_squared:-0.003316  
	Validation = MSE:55.657047 , RMSE:7.460365 , MAE:5.958197 , MAPD:31.859399, R_squared:-0.001495

2024-03-21 07:00:51,660 Epoch 253/300, Train Loss: 57.836576, Val Loss: 55.689767  
	Train = MSE:57.838715 , RMSE:7.605177 , MAE:6.226018 , MAPD:33.438324, R_squared:-0.001198  
	Validation = MSE:55.689766 , RMSE:7.462558 , MAE:5.947005 , MAPD:31.719523, R_squared:-0.002084

2024-03-21 07:01:25,118 Epoch 254/300, Train Loss: 57.935122, Val Loss: 56.956098  
	Train = MSE:57.932377 , RMSE:7.611332 , MAE:6.200691 , MAPD:33.185168, R_squared:-0.002819  
	Validation = MSE:56.956100 , RMSE:7.546926 , MAE:6.381627 , MAPD:36.326020, R_squared:-0.024870

2024-03-21 07:01:56,264 Epoch 255/300, Train Loss: 58.008621, Val Loss: 55.583584  
	Train = MSE:58.000225 , RMSE:7.615788 , MAE:6.239697 , MAPD:33.603984, R_squared:-0.003994  
	Validation = MSE:55.583584 , RMSE:7.455440 , MAE:5.999732 , MAPD:32.373554, R_squared:-0.000173

2024-03-21 07:02:29,326 Epoch 256/300, Train Loss: 57.925361, Val Loss: 56.318622  
	Train = MSE:57.931435 , RMSE:7.611270 , MAE:6.211598 , MAPD:33.307577, R_squared:-0.002803  
	Validation = MSE:56.318623 , RMSE:7.504573 , MAE:6.273628 , MAPD:35.286784, R_squared:-0.013400

2024-03-21 07:03:03,407 Epoch 257/300, Train Loss: 58.068989, Val Loss: 55.737537  
	Train = MSE:58.058220 , RMSE:7.619595 , MAE:6.234850 , MAPD:33.515658, R_squared:-0.004998  
	Validation = MSE:55.737534 , RMSE:7.465757 , MAE:6.127193 , MAPD:33.820014, R_squared:-0.002944

2024-03-21 07:03:38,462 Epoch 258/300, Train Loss: 57.981328, Val Loss: 56.159626  
	Train = MSE:57.930241 , RMSE:7.611192 , MAE:6.223575 , MAPD:33.375343, R_squared:-0.002782  
	Validation = MSE:56.159630 , RMSE:7.493973 , MAE:6.241130 , MAPD:34.968096, R_squared:-0.010539

2024-03-21 07:04:11,126 Epoch 259/300, Train Loss: 58.095519, Val Loss: 56.005543  
	Train = MSE:58.087860 , RMSE:7.621539 , MAE:6.242500 , MAPD:33.584016, R_squared:-0.005511  
	Validation = MSE:56.005543 , RMSE:7.483685 , MAE:6.205471 , MAPD:34.616409, R_squared:-0.007766

2024-03-21 07:04:45,269 Epoch 260/300, Train Loss: 57.926575, Val Loss: 55.890113  
	Train = MSE:57.915150 , RMSE:7.610200 , MAE:6.224588 , MAPD:33.484332, R_squared:-0.002521  
	Validation = MSE:55.890118 , RMSE:7.475969 , MAE:5.900205 , MAPD:31.127781, R_squared:-0.005689

2024-03-21 07:05:19,121 Epoch 261/300, Train Loss: 57.874854, Val Loss: 55.691917  
	Train = MSE:57.874935 , RMSE:7.607558 , MAE:6.223712 , MAPD:33.416310, R_squared:-0.001825  
	Validation = MSE:55.691914 , RMSE:7.462701 , MAE:5.946329 , MAPD:31.711076, R_squared:-0.002123

2024-03-21 07:05:52,698 Epoch 262/300, Train Loss: 57.975772, Val Loss: 55.692214  
	Train = MSE:57.992626 , RMSE:7.615289 , MAE:6.235109 , MAPD:33.513833, R_squared:-0.003862  
	Validation = MSE:55.692215 , RMSE:7.462722 , MAE:5.946236 , MAPD:31.709913, R_squared:-0.002128

2024-03-21 07:06:25,014 Epoch 263/300, Train Loss: 58.065090, Val Loss: 56.305704  
	Train = MSE:58.079044 , RMSE:7.620961 , MAE:6.215756 , MAPD:33.283028, R_squared:-0.005358  
	Validation = MSE:56.305702 , RMSE:7.503713 , MAE:6.271110 , MAPD:35.262173, R_squared:-0.013167

2024-03-21 07:06:59,492 Epoch 264/300, Train Loss: 58.059729, Val Loss: 55.873191  
	Train = MSE:58.033585 , RMSE:7.617978 , MAE:6.233723 , MAPD:33.511346, R_squared:-0.004571  
	Validation = MSE:55.873192 , RMSE:7.474837 , MAE:6.170694 , MAPD:34.266318, R_squared:-0.005385

2024-03-21 07:07:32,817 Epoch 265/300, Train Loss: 57.963913, Val Loss: 55.589229  
	Train = MSE:57.967449 , RMSE:7.613636 , MAE:6.235702 , MAPD:33.554536, R_squared:-0.003426  
	Validation = MSE:55.589230 , RMSE:7.455819 , MAE:6.050294 , MAPD:32.983838, R_squared:-0.000275

2024-03-21 07:08:07,137 Epoch 266/300, Train Loss: 57.937524, Val Loss: 55.806575  
	Train = MSE:57.953594 , RMSE:7.612726 , MAE:6.215445 , MAPD:33.341031, R_squared:-0.003187  
	Validation = MSE:55.806572 , RMSE:7.470380 , MAE:6.150885 , MAPD:34.063423, R_squared:-0.004186

2024-03-21 07:08:40,097 Epoch 267/300, Train Loss: 58.015207, Val Loss: 56.326579  
	Train = MSE:58.015289 , RMSE:7.616777 , MAE:6.222836 , MAPD:33.411931, R_squared:-0.004254  
	Validation = MSE:56.326584 , RMSE:7.505104 , MAE:6.275168 , MAPD:35.301840, R_squared:-0.013543

2024-03-21 07:09:12,417 Epoch 268/300, Train Loss: 58.048211, Val Loss: 56.136140  
	Train = MSE:58.057835 , RMSE:7.619569 , MAE:6.237286 , MAPD:33.521739, R_squared:-0.004991  
	Validation = MSE:56.136143 , RMSE:7.492406 , MAE:6.236016 , MAPD:34.917713, R_squared:-0.010116

2024-03-21 07:09:46,642 Epoch 269/300, Train Loss: 57.877915, Val Loss: 56.271412  
	Train = MSE:57.885708 , RMSE:7.608266 , MAE:6.222203 , MAPD:33.424502, R_squared:-0.002011  
	Validation = MSE:56.271412 , RMSE:7.501427 , MAE:6.264314 , MAPD:35.195757, R_squared:-0.012550

2024-03-21 07:10:19,650 Epoch 270/300, Train Loss: 57.916396, Val Loss: 55.816007  
	Train = MSE:57.920113 , RMSE:7.610527 , MAE:6.229791 , MAPD:33.500913, R_squared:-0.002607  
	Validation = MSE:55.816006 , RMSE:7.471011 , MAE:6.153837 , MAPD:34.093719, R_squared:-0.004356

2024-03-21 07:10:56,486 Epoch 271/300, Train Loss: 57.996534, Val Loss: 55.599900  
	Train = MSE:58.004181 , RMSE:7.616047 , MAE:6.225764 , MAPD:33.449005, R_squared:-0.004062  
	Validation = MSE:55.599903 , RMSE:7.456534 , MAE:6.059190 , MAPD:33.088718, R_squared:-0.000467

2024-03-21 07:11:28,180 Epoch 272/300, Train Loss: 58.003050, Val Loss: 55.630762  
	Train = MSE:57.981556 , RMSE:7.614562 , MAE:6.233685 , MAPD:33.556238, R_squared:-0.003671  
	Validation = MSE:55.630760 , RMSE:7.458603 , MAE:5.968927 , MAPD:31.993515, R_squared:-0.001022

2024-03-21 07:11:55,832 Epoch 273/300, Train Loss: 58.020698, Val Loss: 55.875891  
	Train = MSE:58.016861 , RMSE:7.616880 , MAE:6.221210 , MAPD:33.361001, R_squared:-0.004282  
	Validation = MSE:55.875889 , RMSE:7.475018 , MAE:6.171457 , MAPD:34.274084, R_squared:-0.005433

2024-03-21 07:12:26,218 Epoch 274/300, Train Loss: 58.041310, Val Loss: 55.574152  
	Train = MSE:58.047203 , RMSE:7.618872 , MAE:6.242496 , MAPD:33.596221, R_squared:-0.004807  
	Validation = MSE:55.574150 , RMSE:7.454807 , MAE:6.018339 , MAPD:32.601895, R_squared:-0.000004

2024-03-21 07:12:53,947 Epoch 275/300, Train Loss: 58.045318, Val Loss: 55.591423  
	Train = MSE:58.059990 , RMSE:7.619710 , MAE:6.221099 , MAPD:33.376909, R_squared:-0.005028  
	Validation = MSE:55.591419 , RMSE:7.455966 , MAE:6.052309 , MAPD:33.007734, R_squared:-0.000314

2024-03-21 07:13:25,444 Epoch 276/300, Train Loss: 57.873932, Val Loss: 56.685443  
	Train = MSE:57.889687 , RMSE:7.608527 , MAE:6.204847 , MAPD:33.283150, R_squared:-0.002080  
	Validation = MSE:56.685444 , RMSE:7.528974 , MAE:6.339314 , MAPD:35.920787, R_squared:-0.020000

2024-03-21 07:13:53,583 Epoch 277/300, Train Loss: 57.995722, Val Loss: 56.397553  
	Train = MSE:57.997715 , RMSE:7.615623 , MAE:6.235127 , MAPD:33.488768, R_squared:-0.003950  
	Validation = MSE:56.397552 , RMSE:7.509830 , MAE:6.288685 , MAPD:35.433338, R_squared:-0.014820

2024-03-21 07:14:21,631 Epoch 278/300, Train Loss: 58.017028, Val Loss: 55.977730  
	Train = MSE:58.026257 , RMSE:7.617497 , MAE:6.234679 , MAPD:33.523873, R_squared:-0.004444  
	Validation = MSE:55.977730 , RMSE:7.481827 , MAE:6.198583 , MAPD:34.547487, R_squared:-0.007266

2024-03-21 07:14:50,262 Epoch 279/300, Train Loss: 57.929773, Val Loss: 55.575463  
	Train = MSE:57.943790 , RMSE:7.612082 , MAE:6.237601 , MAPD:33.558739, R_squared:-0.003017  
	Validation = MSE:55.575459 , RMSE:7.454895 , MAE:6.030478 , MAPD:32.748237, R_squared:-0.000027

2024-03-21 07:15:19,222 Epoch 280/300, Train Loss: 58.082941, Val Loss: 55.749235  
	Train = MSE:58.085026 , RMSE:7.621353 , MAE:6.232814 , MAPD:33.455803, R_squared:-0.005462  
	Validation = MSE:55.749237 , RMSE:7.466541 , MAE:6.131474 , MAPD:33.864233, R_squared:-0.003154

2024-03-21 07:15:49,630 Epoch 281/300, Train Loss: 57.775982, Val Loss: 55.600027  
	Train = MSE:57.773533 , RMSE:7.600890 , MAE:6.209521 , MAPD:33.383933, R_squared:-0.000070  
	Validation = MSE:55.600025 , RMSE:7.456542 , MAE:6.059286 , MAPD:33.089827, R_squared:-0.000469

2024-03-21 07:16:21,341 Epoch 282/300, Train Loss: 57.948942, Val Loss: 55.962517  
	Train = MSE:57.948177 , RMSE:7.612370 , MAE:6.218247 , MAPD:33.386098, R_squared:-0.003093  
	Validation = MSE:55.962521 , RMSE:7.480810 , MAE:6.194715 , MAPD:34.508788, R_squared:-0.006992

2024-03-21 07:16:51,642 Epoch 283/300, Train Loss: 57.933347, Val Loss: 57.234004  
	Train = MSE:57.944221 , RMSE:7.612110 , MAE:6.218084 , MAPD:33.347074, R_squared:-0.003024  
	Validation = MSE:57.234005 , RMSE:7.565316 , MAE:6.421671 , MAPD:36.705977, R_squared:-0.029871

2024-03-21 07:17:24,678 Epoch 284/300, Train Loss: 57.938579, Val Loss: 56.210492  
	Train = MSE:57.948959 , RMSE:7.612422 , MAE:6.231945 , MAPD:33.507597, R_squared:-0.003106  
	Validation = MSE:56.210495 , RMSE:7.497366 , MAE:6.251870 , MAPD:35.073865, R_squared:-0.011454

2024-03-21 07:17:54,709 Epoch 285/300, Train Loss: 58.072481, Val Loss: 55.741696  
	Train = MSE:58.076145 , RMSE:7.620770 , MAE:6.243169 , MAPD:33.570721, R_squared:-0.005308  
	Validation = MSE:55.741699 , RMSE:7.466036 , MAE:6.128726 , MAPD:33.835883, R_squared:-0.003018

2024-03-21 07:18:26,912 Epoch 286/300, Train Loss: 57.949283, Val Loss: 56.033418  
	Train = MSE:57.940647 , RMSE:7.611876 , MAE:6.218216 , MAPD:33.358447, R_squared:-0.002962  
	Validation = MSE:56.033417 , RMSE:7.485547 , MAE:6.212271 , MAPD:34.683846, R_squared:-0.008268

2024-03-21 07:19:03,391 Epoch 287/300, Train Loss: 58.006485, Val Loss: 55.589023  
	Train = MSE:58.020706 , RMSE:7.617132 , MAE:6.246956 , MAPD:33.646408, R_squared:-0.004348  
	Validation = MSE:55.589024 , RMSE:7.455805 , MAE:5.994317 , MAPD:32.306790, R_squared:-0.000271

2024-03-21 07:19:42,302 Epoch 288/300, Train Loss: 57.989081, Val Loss: 55.830102  
	Train = MSE:58.002277 , RMSE:7.615922 , MAE:6.222610 , MAPD:33.358753, R_squared:-0.004029  
	Validation = MSE:55.830101 , RMSE:7.471954 , MAE:6.158144 , MAPD:34.137919, R_squared:-0.004609

2024-03-21 07:20:20,143 Epoch 289/300, Train Loss: 57.966699, Val Loss: 56.224782  
	Train = MSE:57.973152 , RMSE:7.614010 , MAE:6.221389 , MAPD:33.391784, R_squared:-0.003525  
	Validation = MSE:56.224785 , RMSE:7.498319 , MAE:6.254808 , MAPD:35.102810, R_squared:-0.011711

2024-03-21 07:20:53,963 Epoch 290/300, Train Loss: 57.970592, Val Loss: 55.898980  
	Train = MSE:57.973473 , RMSE:7.614031 , MAE:6.240211 , MAPD:33.536914, R_squared:-0.003531  
	Validation = MSE:55.898979 , RMSE:7.476562 , MAE:6.177942 , MAPD:34.339571, R_squared:-0.005849

2024-03-21 07:21:32,529 Epoch 291/300, Train Loss: 58.030684, Val Loss: 55.669115  
	Train = MSE:58.035137 , RMSE:7.618080 , MAE:6.237188 , MAPD:33.534486, R_squared:-0.004598  
	Validation = MSE:55.669113 , RMSE:7.461174 , MAE:6.099127 , MAPD:33.525511, R_squared:-0.001712

2024-03-21 07:22:10,611 Epoch 292/300, Train Loss: 57.999327, Val Loss: 55.889577  
	Train = MSE:58.006477 , RMSE:7.616199 , MAE:6.219664 , MAPD:33.358373, R_squared:-0.004102  
	Validation = MSE:55.889580 , RMSE:7.475934 , MAE:6.175326 , MAPD:34.313172, R_squared:-0.005679

2024-03-21 07:22:47,896 Epoch 293/300, Train Loss: 57.999930, Val Loss: 56.304534  
	Train = MSE:57.990364 , RMSE:7.615140 , MAE:6.221167 , MAPD:33.428199, R_squared:-0.003823  
	Validation = MSE:56.304531 , RMSE:7.503634 , MAE:6.270880 , MAPD:35.259931, R_squared:-0.013146

2024-03-21 07:23:21,403 Epoch 294/300, Train Loss: 57.931273, Val Loss: 55.748032  
	Train = MSE:57.945717 , RMSE:7.612208 , MAE:6.239538 , MAPD:33.610947, R_squared:-0.003050  
	Validation = MSE:55.748032 , RMSE:7.466460 , MAE:5.930469 , MAPD:31.512855, R_squared:-0.003132

2024-03-21 07:23:52,143 Epoch 295/300, Train Loss: 57.890819, Val Loss: 55.803215  
	Train = MSE:57.896618 , RMSE:7.608983 , MAE:6.205278 , MAPD:33.221348, R_squared:-0.002200  
	Validation = MSE:55.803211 , RMSE:7.470155 , MAE:6.149818 , MAPD:34.052481, R_squared:-0.004125

2024-03-21 07:24:25,762 Epoch 296/300, Train Loss: 58.000498, Val Loss: 56.546218  
	Train = MSE:58.003769 , RMSE:7.616021 , MAE:6.233514 , MAPD:33.483113, R_squared:-0.004055  
	Validation = MSE:56.546215 , RMSE:7.519722 , MAE:6.315772 , MAPD:35.694124, R_squared:-0.017495

2024-03-21 07:24:57,211 Epoch 297/300, Train Loss: 58.034903, Val Loss: 55.684292  
	Train = MSE:58.033039 , RMSE:7.617942 , MAE:6.234831 , MAPD:33.537751, R_squared:-0.004562  
	Validation = MSE:55.684292 , RMSE:7.462191 , MAE:6.105997 , MAPD:33.597925, R_squared:-0.001986

2024-03-21 07:25:28,518 Epoch 298/300, Train Loss: 57.938942, Val Loss: 55.793872  
	Train = MSE:57.953560 , RMSE:7.612723 , MAE:6.223943 , MAPD:33.425723, R_squared:-0.003186  
	Validation = MSE:55.793869 , RMSE:7.469529 , MAE:6.146811 , MAPD:34.021629, R_squared:-0.003957

2024-03-21 07:26:03,438 Epoch 299/300, Train Loss: 57.967542, Val Loss: 55.901765  
	Train = MSE:57.981743 , RMSE:7.614574 , MAE:6.225784 , MAPD:33.424816, R_squared:-0.003674  
	Validation = MSE:55.901764 , RMSE:7.476748 , MAE:6.178710 , MAPD:34.347318, R_squared:-0.005899

2024-03-21 07:26:34,235 Epoch 300/300, Train Loss: 57.910829, Val Loss: 55.993190  
	Train = MSE:57.924694 , RMSE:7.610827 , MAE:6.221008 , MAPD:33.402543, R_squared:-0.002686  
	Validation = MSE:55.993187 , RMSE:7.482860 , MAE:6.202439 , MAPD:34.586076, R_squared:-0.007544

2024-03-21 07:26:34,238 Time for training the model: 13616.877590
2024-03-21 07:26:45,426 MSE for train: 57.799294
2024-03-21 07:26:45,426 RMSE for train: 7.602585
2024-03-21 07:26:45,426 MAE for train: 6.265343
2024-03-21 07:26:45,426 MAPD for train: 33.914191
2024-03-21 07:26:45,426 R^2 Score for train: -0.000516
2024-03-21 07:26:45,430 Inference time for train dataset: 10.221999

2024-03-21 07:26:46,987 MSE for val: 55.993187
2024-03-21 07:26:46,987 RMSE for val: 7.482860
2024-03-21 07:26:46,987 MAE for val: 6.202439
2024-03-21 07:26:46,987 MAPD for val: 34.586076
2024-03-21 07:26:46,987 R^2 Score for val: -0.007544
2024-03-21 07:26:46,992 Inference time for val dataset: 1.557000

2024-03-21 07:26:48,954 MSE for test: 60.978355
2024-03-21 07:26:48,954 RMSE for test: 7.808864
2024-03-21 07:26:48,954 MAE for test: 6.413906
2024-03-21 07:26:48,954 MAPD for test: 32.820153
2024-03-21 07:26:48,954 R^2 Score for test: -0.006422
2024-03-21 07:26:48,959 Inference time for test dataset: 1.962002

2024-03-21 07:26:51,321 Train label average: , [20.62097221]
2024-03-21 07:26:51,321 Test label average: , [21.41736175]
2024-03-21 07:26:51,321 validation label average: , [20.14607025]
2024-03-21 07:26:51,321 predicted (on validation dataset) values average: , 20.7935595703125
