2024-03-21 06:01:09,400 train batches in dataset: 13
2024-03-21 06:01:09,401 val batches in dataset: 2
2024-03-21 06:01:09,401 test batches in dataset: 2
2024-03-21 06:01:09,418 Trainable parameter: net_core.0.weight - size: torch.Size([256, 35])
2024-03-21 06:01:09,425 Trainable parameter: net_core.0.bias - size: torch.Size([256])
2024-03-21 06:01:09,430 Trainable parameter: net_core.1.weight - size: torch.Size([128, 256])
2024-03-21 06:01:09,434 Trainable parameter: net_core.1.bias - size: torch.Size([128])
2024-03-21 06:01:09,437 Trainable parameter: net_core.2.weight - size: torch.Size([64, 128])
2024-03-21 06:01:09,440 Trainable parameter: net_core.2.bias - size: torch.Size([64])
2024-03-21 06:01:09,443 Trainable parameter: net_core.3.weight - size: torch.Size([16, 64])
2024-03-21 06:01:09,443 Trainable parameter: net_core.3.bias - size: torch.Size([16])
2024-03-21 06:01:09,444 Trainable parameter: net_core.4.weight - size: torch.Size([1, 16])
2024-03-21 06:01:09,444 Trainable parameter: net_core.4.bias - size: torch.Size([1])
2024-03-21 06:01:09,445 Number of trainable parameters: 51425
2024-03-21 06:01:09,445 Number of non-trainable parameters: 0
2024-03-21 06:01:11,330 Epoch 1/300, Train Loss: 436.466766, Val Loss: 358.642868  
	Train = MSE:438.391998 , RMSE:20.937813 , MAE:19.503084 , MAPD:93.959272, R_squared:-6.588640  
	Validation = MSE:355.517731 , RMSE:18.855177 , MAE:17.328760 , MAPD:84.181244, R_squared:-5.397202

2024-03-21 06:01:13,619 Epoch 2/300, Train Loss: 342.413659, Val Loss: 285.137589  
	Train = MSE:342.380981 , RMSE:18.503540 , MAE:16.880438 , MAPD:79.425010, R_squared:-4.926673  
	Validation = MSE:282.360840 , RMSE:16.803596 , MAE:15.091003 , MAPD:71.653852, R_squared:-4.080813

2024-03-21 06:01:14,545 Epoch 3/300, Train Loss: 254.870595, Val Loss: 188.081551  
	Train = MSE:255.653137 , RMSE:15.989157 , MAE:14.103345 , MAPD:64.264085, R_squared:-3.425399  
	Validation = MSE:185.914078 , RMSE:13.635032 , MAE:11.527147 , MAPD:51.778366, R_squared:-2.345346

2024-03-21 06:01:15,296 Epoch 4/300, Train Loss: 148.180854, Val Loss: 86.645844  
	Train = MSE:150.120209 , RMSE:12.252356 , MAE:9.875826 , MAPD:41.904190, R_squared:-1.598606  
	Validation = MSE:85.429642 , RMSE:9.242816 , MAE:6.741598 , MAPD:28.056597, R_squared:-0.537224

2024-03-21 06:01:16,035 Epoch 5/300, Train Loss: 62.625284, Val Loss: 43.889050  
	Train = MSE:63.542316 , RMSE:7.971344 , MAE:5.879703 , MAPD:26.486959, R_squared:-0.099928  
	Validation = MSE:43.709717 , RMSE:6.611332 , MAE:5.526332 , MAPD:30.876266, R_squared:0.213486

2024-03-21 06:01:16,863 Epoch 6/300, Train Loss: 45.432335, Val Loss: 45.101053  
	Train = MSE:45.563126 , RMSE:6.750046 , MAE:5.856847 , MAPD:33.888546, R_squared:0.211295  
	Validation = MSE:45.192795 , RMSE:6.722558 , MAE:5.947475 , MAPD:35.841487, R_squared:0.186799

2024-03-21 06:01:17,869 Epoch 7/300, Train Loss: 41.294156, Val Loss: 37.937073  
	Train = MSE:41.454311 , RMSE:6.438502 , MAE:5.544023 , MAPD:31.657847, R_squared:0.282419  
	Validation = MSE:37.832077 , RMSE:6.150779 , MAE:5.163233 , MAPD:29.032247, R_squared:0.319248

2024-03-21 06:01:18,693 Epoch 8/300, Train Loss: 37.321127, Val Loss: 34.597416  
	Train = MSE:37.509365 , RMSE:6.124489 , MAE:5.032741 , MAPD:27.165766, R_squared:0.350707  
	Validation = MSE:34.520164 , RMSE:5.875386 , MAE:4.924677 , MAPD:27.686341, R_squared:0.378843

2024-03-21 06:01:19,710 Epoch 9/300, Train Loss: 33.920257, Val Loss: 31.535400  
	Train = MSE:33.863400 , RMSE:5.819227 , MAE:4.912654 , MAPD:27.451234, R_squared:0.413819  
	Validation = MSE:31.561861 , RMSE:5.617994 , MAE:4.843462 , MAPD:28.208400, R_squared:0.432075

2024-03-21 06:01:20,589 Epoch 10/300, Train Loss: 30.019836, Val Loss: 27.653543  
	Train = MSE:30.172979 , RMSE:5.492994 , MAE:4.676262 , MAPD:26.457485, R_squared:0.477701  
	Validation = MSE:27.674049 , RMSE:5.260613 , MAE:4.486518 , MAPD:25.843522, R_squared:0.502032

2024-03-21 06:01:21,316 Epoch 11/300, Train Loss: 26.400623, Val Loss: 23.964271  
	Train = MSE:26.498327 , RMSE:5.147653 , MAE:4.326688 , MAPD:24.197101, R_squared:0.541309  
	Validation = MSE:24.009859 , RMSE:4.899986 , MAE:4.177732 , MAPD:24.175796, R_squared:0.567966

2024-03-21 06:01:23,375 Epoch 12/300, Train Loss: 22.540605, Val Loss: 20.354085  
	Train = MSE:22.682293 , RMSE:4.762593 , MAE:4.024056 , MAPD:22.826908, R_squared:0.607366  
	Validation = MSE:20.437445 , RMSE:4.520779 , MAE:3.889254 , MAPD:22.968852, R_squared:0.632248

2024-03-21 06:01:24,131 Epoch 13/300, Train Loss: 18.897179, Val Loss: 16.639511  
	Train = MSE:18.924921 , RMSE:4.350278 , MAE:3.693330 , MAPD:21.335254, R_squared:0.672406  
	Validation = MSE:16.733976 , RMSE:4.090718 , MAE:3.504457 , MAPD:20.859495, R_squared:0.698888

2024-03-21 06:01:24,901 Epoch 14/300, Train Loss: 15.186122, Val Loss: 13.076650  
	Train = MSE:15.238400 , RMSE:3.903639 , MAE:3.293679 , MAPD:19.210328, R_squared:0.736221  
	Validation = MSE:13.179585 , RMSE:3.630370 , MAE:3.086646 , MAPD:18.542199, R_squared:0.762846

2024-03-21 06:01:25,666 Epoch 15/300, Train Loss: 11.689545, Val Loss: 9.759665  
	Train = MSE:11.797033 , RMSE:3.434681 , MAE:2.871692 , MAPD:17.046394, R_squared:0.795791  
	Validation = MSE:9.867980 , RMSE:3.141334 , MAE:2.641953 , MAPD:16.248467, R_squared:0.822435

2024-03-21 06:01:26,561 Epoch 16/300, Train Loss: 8.680356, Val Loss: 7.030354  
	Train = MSE:8.654409 , RMSE:2.941838 , MAE:2.423094 , MAPD:14.766683, R_squared:0.850191  
	Validation = MSE:7.128386 , RMSE:2.669904 , MAE:2.183714 , MAPD:13.542517, R_squared:0.871732

2024-03-21 06:01:27,422 Epoch 17/300, Train Loss: 6.227602, Val Loss: 5.038765  
	Train = MSE:6.200701 , RMSE:2.490121 , MAE:1.998738 , MAPD:12.172751, R_squared:0.892665  
	Validation = MSE:5.118959 , RMSE:2.262512 , MAE:1.815622 , MAPD:11.658037, R_squared:0.907889

2024-03-21 06:01:28,251 Epoch 18/300, Train Loss: 4.433047, Val Loss: 3.652098  
	Train = MSE:4.451009 , RMSE:2.109741 , MAE:1.663778 , MAPD:10.399902, R_squared:0.922952  
	Validation = MSE:3.709793 , RMSE:1.926082 , MAE:1.517256 , MAPD:9.463862, R_squared:0.933246

2024-03-21 06:01:29,290 Epoch 19/300, Train Loss: 3.332130, Val Loss: 2.915241  
	Train = MSE:3.367083 , RMSE:1.834961 , MAE:1.444864 , MAPD:8.880288, R_squared:0.941715  
	Validation = MSE:2.950968 , RMSE:1.717838 , MAE:1.341921 , MAPD:8.328375, R_squared:0.946900

2024-03-21 06:01:30,321 Epoch 20/300, Train Loss: 2.766808, Val Loss: 2.498238  
	Train = MSE:2.768410 , RMSE:1.663854 , MAE:1.317764 , MAPD:7.939538, R_squared:0.952078  
	Validation = MSE:2.518660 , RMSE:1.587029 , MAE:1.244694 , MAPD:7.548119, R_squared:0.954679

2024-03-21 06:01:31,402 Epoch 21/300, Train Loss: 2.416420, Val Loss: 2.217738  
	Train = MSE:2.421716 , RMSE:1.556186 , MAE:1.241196 , MAPD:7.326697, R_squared:0.958080  
	Validation = MSE:2.227018 , RMSE:1.492320 , MAE:1.174283 , MAPD:7.001293, R_squared:0.959927

2024-03-21 06:01:33,740 Epoch 22/300, Train Loss: 2.185409, Val Loss: 2.005642  
	Train = MSE:2.174386 , RMSE:1.474580 , MAE:1.176818 , MAPD:6.872767, R_squared:0.962361  
	Validation = MSE:2.010556 , RMSE:1.417941 , MAE:1.124422 , MAPD:6.586453, R_squared:0.963822

2024-03-21 06:01:34,759 Epoch 23/300, Train Loss: 1.992046, Val Loss: 1.838928  
	Train = MSE:1.986615 , RMSE:1.409473 , MAE:1.128509 , MAPD:6.513201, R_squared:0.965611  
	Validation = MSE:1.839139 , RMSE:1.356149 , MAE:1.075043 , MAPD:6.275582, R_squared:0.966906

2024-03-21 06:01:35,462 Epoch 24/300, Train Loss: 1.832850, Val Loss: 1.717943  
	Train = MSE:1.829479 , RMSE:1.352582 , MAE:1.089123 , MAPD:6.216981, R_squared:0.968331  
	Validation = MSE:1.711216 , RMSE:1.308135 , MAE:1.028762 , MAPD:6.061600, R_squared:0.969208

2024-03-21 06:01:36,203 Epoch 25/300, Train Loss: 1.702015, Val Loss: 1.582687  
	Train = MSE:1.703724 , RMSE:1.305268 , MAE:1.047957 , MAPD:5.999800, R_squared:0.970508  
	Validation = MSE:1.577972 , RMSE:1.256173 , MAE:0.999064 , MAPD:5.802930, R_squared:0.971606

2024-03-21 06:01:36,906 Epoch 26/300, Train Loss: 1.589774, Val Loss: 1.479025  
	Train = MSE:1.586945 , RMSE:1.259740 , MAE:1.013915 , MAPD:5.781197, R_squared:0.972530  
	Validation = MSE:1.473598 , RMSE:1.213918 , MAE:0.968507 , MAPD:5.596892, R_squared:0.973484

2024-03-21 06:01:37,642 Epoch 27/300, Train Loss: 1.488345, Val Loss: 1.395041  
	Train = MSE:1.490552 , RMSE:1.220882 , MAE:0.982943 , MAPD:5.593325, R_squared:0.974198  
	Validation = MSE:1.393034 , RMSE:1.180269 , MAE:0.952659 , MAPD:5.429705, R_squared:0.974934

2024-03-21 06:01:38,441 Epoch 28/300, Train Loss: 1.390107, Val Loss: 1.298463  
	Train = MSE:1.392632 , RMSE:1.180098 , MAE:0.952893 , MAPD:5.408165, R_squared:0.975893  
	Validation = MSE:1.290456 , RMSE:1.135982 , MAE:0.905226 , MAPD:5.237584, R_squared:0.976779

2024-03-21 06:01:39,202 Epoch 29/300, Train Loss: 1.300687, Val Loss: 1.219212  
	Train = MSE:1.311848 , RMSE:1.145359 , MAE:0.925785 , MAPD:5.242611, R_squared:0.977292  
	Validation = MSE:1.210595 , RMSE:1.100270 , MAE:0.877667 , MAPD:5.064920, R_squared:0.978217

2024-03-21 06:01:40,049 Epoch 30/300, Train Loss: 1.228079, Val Loss: 1.145187  
	Train = MSE:1.231780 , RMSE:1.109856 , MAE:0.897712 , MAPD:5.053847, R_squared:0.978678  
	Validation = MSE:1.135387 , RMSE:1.065545 , MAE:0.851196 , MAPD:4.886739, R_squared:0.979570

2024-03-21 06:01:41,056 Epoch 31/300, Train Loss: 1.161221, Val Loss: 1.076329  
	Train = MSE:1.160333 , RMSE:1.077187 , MAE:0.869793 , MAPD:4.897495, R_squared:0.979914  
	Validation = MSE:1.067984 , RMSE:1.033433 , MAE:0.828633 , MAPD:4.730157, R_squared:0.980783

2024-03-21 06:01:43,196 Epoch 32/300, Train Loss: 1.090127, Val Loss: 1.011658  
	Train = MSE:1.093053 , RMSE:1.045492 , MAE:0.845515 , MAPD:4.748014, R_squared:0.981079  
	Validation = MSE:1.002194 , RMSE:1.001096 , MAE:0.801431 , MAPD:4.574069, R_squared:0.981966

2024-03-21 06:01:43,989 Epoch 33/300, Train Loss: 1.033139, Val Loss: 0.950573  
	Train = MSE:1.031064 , RMSE:1.015413 , MAE:0.821816 , MAPD:4.590811, R_squared:0.982152  
	Validation = MSE:0.940038 , RMSE:0.969556 , MAE:0.775058 , MAPD:4.415946, R_squared:0.983085

2024-03-21 06:01:44,777 Epoch 34/300, Train Loss: 0.963513, Val Loss: 0.887697  
	Train = MSE:0.966756 , RMSE:0.983237 , MAE:0.795933 , MAPD:4.427136, R_squared:0.983265  
	Validation = MSE:0.878639 , RMSE:0.937357 , MAE:0.749680 , MAPD:4.246847, R_squared:0.984190

2024-03-21 06:01:45,554 Epoch 35/300, Train Loss: 0.911113, Val Loss: 0.830197  
	Train = MSE:0.904701 , RMSE:0.951158 , MAE:0.768995 , MAPD:4.256770, R_squared:0.984339  
	Validation = MSE:0.820325 , RMSE:0.905718 , MAE:0.723884 , MAPD:4.085340, R_squared:0.985239

2024-03-21 06:01:46,356 Epoch 36/300, Train Loss: 0.856135, Val Loss: 0.783115  
	Train = MSE:0.855731 , RMSE:0.925057 , MAE:0.745569 , MAPD:4.129862, R_squared:0.985187  
	Validation = MSE:0.773184 , RMSE:0.879309 , MAE:0.702003 , MAPD:3.967924, R_squared:0.986087

2024-03-21 06:01:47,129 Epoch 37/300, Train Loss: 0.827100, Val Loss: 0.741042  
	Train = MSE:0.813479 , RMSE:0.901931 , MAE:0.726168 , MAPD:3.992470, R_squared:0.985919  
	Validation = MSE:0.730672 , RMSE:0.854794 , MAE:0.681646 , MAPD:3.849863, R_squared:0.986852

2024-03-21 06:01:47,973 Epoch 38/300, Train Loss: 0.763754, Val Loss: 0.701546  
	Train = MSE:0.766459 , RMSE:0.875476 , MAE:0.705349 , MAPD:3.874941, R_squared:0.986732  
	Validation = MSE:0.692865 , RMSE:0.832385 , MAE:0.663893 , MAPD:3.732595, R_squared:0.987533

2024-03-21 06:01:49,023 Epoch 39/300, Train Loss: 0.723543, Val Loss: 0.664479  
	Train = MSE:0.725636 , RMSE:0.851843 , MAE:0.685734 , MAPD:3.748334, R_squared:0.987439  
	Validation = MSE:0.655011 , RMSE:0.809328 , MAE:0.644551 , MAPD:3.618263, R_squared:0.988214

2024-03-21 06:01:49,806 Epoch 40/300, Train Loss: 0.688955, Val Loss: 0.634292  
	Train = MSE:0.691459 , RMSE:0.831540 , MAE:0.667880 , MAPD:3.650665, R_squared:0.988031  
	Validation = MSE:0.622219 , RMSE:0.788809 , MAE:0.629136 , MAPD:3.566340, R_squared:0.988804

2024-03-21 06:01:50,734 Epoch 41/300, Train Loss: 0.655226, Val Loss: 0.596185  
	Train = MSE:0.656656 , RMSE:0.810343 , MAE:0.648309 , MAPD:3.536393, R_squared:0.988633  
	Validation = MSE:0.589286 , RMSE:0.767650 , MAE:0.610808 , MAPD:3.397595, R_squared:0.989396

2024-03-21 06:01:53,249 Epoch 42/300, Train Loss: 0.574258, Val Loss: 0.498137  
	Train = MSE:0.575857 , RMSE:0.758852 , MAE:0.608590 , MAPD:3.395765, R_squared:0.990032  
	Validation = MSE:0.498554 , RMSE:0.706084 , MAE:0.570871 , MAPD:3.234229, R_squared:0.991029

2024-03-21 06:01:54,092 Epoch 43/300, Train Loss: 0.496149, Val Loss: 0.442185  
	Train = MSE:0.497684 , RMSE:0.705467 , MAE:0.559801 , MAPD:3.106384, R_squared:0.991385  
	Validation = MSE:0.435748 , RMSE:0.660112 , MAE:0.522465 , MAPD:2.942113, R_squared:0.992159

2024-03-21 06:01:54,870 Epoch 44/300, Train Loss: 0.460497, Val Loss: 0.418710  
	Train = MSE:0.461764 , RMSE:0.679532 , MAE:0.538115 , MAPD:2.948061, R_squared:0.992007  
	Validation = MSE:0.416874 , RMSE:0.645658 , MAE:0.511182 , MAPD:2.835609, R_squared:0.992499

2024-03-21 06:01:56,047 Epoch 45/300, Train Loss: 0.437073, Val Loss: 0.390696  
	Train = MSE:0.435588 , RMSE:0.659991 , MAE:0.518863 , MAPD:2.806044, R_squared:0.992460  
	Validation = MSE:0.386942 , RMSE:0.622046 , MAE:0.487805 , MAPD:2.678592, R_squared:0.993037

2024-03-21 06:01:57,245 Epoch 46/300, Train Loss: 0.401431, Val Loss: 0.353246  
	Train = MSE:0.402219 , RMSE:0.634208 , MAE:0.497287 , MAPD:2.659994, R_squared:0.993038  
	Validation = MSE:0.347799 , RMSE:0.589744 , MAE:0.457869 , MAPD:2.521068, R_squared:0.993742

2024-03-21 06:01:58,350 Epoch 47/300, Train Loss: 0.368229, Val Loss: 0.328357  
	Train = MSE:0.365707 , RMSE:0.604737 , MAE:0.468760 , MAPD:2.474004, R_squared:0.993670  
	Validation = MSE:0.323710 , RMSE:0.568955 , MAE:0.438252 , MAPD:2.396150, R_squared:0.994175

2024-03-21 06:01:59,259 Epoch 48/300, Train Loss: 0.344792, Val Loss: 0.315672  
	Train = MSE:0.345728 , RMSE:0.587986 , MAE:0.453968 , MAPD:2.396363, R_squared:0.994015  
	Validation = MSE:0.312414 , RMSE:0.558940 , MAE:0.432528 , MAPD:2.373188, R_squared:0.994378

2024-03-21 06:02:00,079 Epoch 49/300, Train Loss: 0.327183, Val Loss: 0.300742  
	Train = MSE:0.329976 , RMSE:0.574436 , MAE:0.443358 , MAPD:2.341082, R_squared:0.994288  
	Validation = MSE:0.298249 , RMSE:0.546122 , MAE:0.420168 , MAPD:2.298921, R_squared:0.994633

2024-03-21 06:02:00,847 Epoch 50/300, Train Loss: 0.313838, Val Loss: 0.282113  
	Train = MSE:0.314095 , RMSE:0.560442 , MAE:0.431360 , MAPD:2.278036, R_squared:0.994563  
	Validation = MSE:0.277940 , RMSE:0.527200 , MAE:0.405110 , MAPD:2.231550, R_squared:0.994999

2024-03-21 06:02:01,637 Epoch 51/300, Train Loss: 0.303002, Val Loss: 0.271318  
	Train = MSE:0.302597 , RMSE:0.550088 , MAE:0.420704 , MAPD:2.220692, R_squared:0.994762  
	Validation = MSE:0.268335 , RMSE:0.518011 , MAE:0.397886 , MAPD:2.184654, R_squared:0.995172

2024-03-21 06:02:04,171 Epoch 52/300, Train Loss: 0.287736, Val Loss: 0.264629  
	Train = MSE:0.289452 , RMSE:0.538008 , MAE:0.411986 , MAPD:2.175884, R_squared:0.994990  
	Validation = MSE:0.262485 , RMSE:0.512332 , MAE:0.393472 , MAPD:2.154714, R_squared:0.995277

2024-03-21 06:02:05,047 Epoch 53/300, Train Loss: 0.278597, Val Loss: 0.257952  
	Train = MSE:0.279443 , RMSE:0.528624 , MAE:0.403702 , MAPD:2.128107, R_squared:0.995163  
	Validation = MSE:0.256974 , RMSE:0.506926 , MAE:0.390130 , MAPD:2.128593, R_squared:0.995376

2024-03-21 06:02:05,835 Epoch 54/300, Train Loss: 0.272720, Val Loss: 0.253736  
	Train = MSE:0.272053 , RMSE:0.521587 , MAE:0.396072 , MAPD:2.083855, R_squared:0.995291  
	Validation = MSE:0.253354 , RMSE:0.503343 , MAE:0.388097 , MAPD:2.108779, R_squared:0.995441

2024-03-21 06:02:06,640 Epoch 55/300, Train Loss: 0.258987, Val Loss: 0.236918  
	Train = MSE:0.260245 , RMSE:0.510142 , MAE:0.390013 , MAPD:2.062385, R_squared:0.995495  
	Validation = MSE:0.232323 , RMSE:0.481999 , MAE:0.367825 , MAPD:2.023360, R_squared:0.995820

2024-03-21 06:02:07,515 Epoch 56/300, Train Loss: 0.258977, Val Loss: 0.225881  
	Train = MSE:0.255516 , RMSE:0.505486 , MAE:0.384742 , MAPD:2.018974, R_squared:0.995577  
	Validation = MSE:0.223547 , RMSE:0.472807 , MAE:0.361973 , MAPD:1.992734, R_squared:0.995977

2024-03-21 06:02:08,622 Epoch 57/300, Train Loss: 0.243029, Val Loss: 0.218844  
	Train = MSE:0.244679 , RMSE:0.494650 , MAE:0.374800 , MAPD:1.973953, R_squared:0.995765  
	Validation = MSE:0.216457 , RMSE:0.465249 , MAE:0.356078 , MAPD:1.965149, R_squared:0.996105

2024-03-21 06:02:10,607 Epoch 58/300, Train Loss: 0.232482, Val Loss: 0.209444  
	Train = MSE:0.235664 , RMSE:0.485452 , MAE:0.369893 , MAPD:1.951385, R_squared:0.995921  
	Validation = MSE:0.205348 , RMSE:0.453153 , MAE:0.344155 , MAPD:1.900414, R_squared:0.996305

2024-03-21 06:02:11,702 Epoch 59/300, Train Loss: 0.226873, Val Loss: 0.205827  
	Train = MSE:0.229161 , RMSE:0.478707 , MAE:0.361350 , MAPD:1.900935, R_squared:0.996033  
	Validation = MSE:0.203844 , RMSE:0.451491 , MAE:0.343931 , MAPD:1.891077, R_squared:0.996332

2024-03-21 06:02:12,702 Epoch 60/300, Train Loss: 0.219531, Val Loss: 0.198227  
	Train = MSE:0.221325 , RMSE:0.470452 , MAE:0.354289 , MAPD:1.864241, R_squared:0.996169  
	Validation = MSE:0.195509 , RMSE:0.442164 , MAE:0.335438 , MAPD:1.849468, R_squared:0.996482

2024-03-21 06:02:13,473 Epoch 61/300, Train Loss: 0.216109, Val Loss: 0.200631  
	Train = MSE:0.215850 , RMSE:0.464597 , MAE:0.350610 , MAPD:1.846548, R_squared:0.996264  
	Validation = MSE:0.198631 , RMSE:0.445681 , MAE:0.340566 , MAPD:1.870320, R_squared:0.996426

2024-03-21 06:02:15,493 Epoch 62/300, Train Loss: 0.211637, Val Loss: 0.193534  
	Train = MSE:0.211244 , RMSE:0.459613 , MAE:0.346479 , MAPD:1.823681, R_squared:0.996343  
	Validation = MSE:0.191933 , RMSE:0.438101 , MAE:0.333526 , MAPD:1.830609, R_squared:0.996546

2024-03-21 06:02:16,300 Epoch 63/300, Train Loss: 0.204321, Val Loss: 0.186904  
	Train = MSE:0.205565 , RMSE:0.453392 , MAE:0.339699 , MAPD:1.786561, R_squared:0.996442  
	Validation = MSE:0.185542 , RMSE:0.430746 , MAE:0.326675 , MAPD:1.792377, R_squared:0.996661

2024-03-21 06:02:17,373 Epoch 64/300, Train Loss: 0.197447, Val Loss: 0.183201  
	Train = MSE:0.198831 , RMSE:0.445905 , MAE:0.332105 , MAPD:1.743835, R_squared:0.996558  
	Validation = MSE:0.182494 , RMSE:0.427194 , MAE:0.322848 , MAPD:1.767427, R_squared:0.996716

2024-03-21 06:02:18,242 Epoch 65/300, Train Loss: 0.188649, Val Loss: 0.170750  
	Train = MSE:0.190323 , RMSE:0.436260 , MAE:0.326539 , MAPD:1.722371, R_squared:0.996705  
	Validation = MSE:0.168970 , RMSE:0.411059 , MAE:0.310279 , MAPD:1.715136, R_squared:0.996960

2024-03-21 06:02:19,015 Epoch 66/300, Train Loss: 0.182219, Val Loss: 0.166813  
	Train = MSE:0.181743 , RMSE:0.426313 , MAE:0.318801 , MAPD:1.681777, R_squared:0.996854  
	Validation = MSE:0.166038 , RMSE:0.407478 , MAE:0.308476 , MAPD:1.696555, R_squared:0.997012

2024-03-21 06:02:19,801 Epoch 67/300, Train Loss: 0.178709, Val Loss: 0.167938  
	Train = MSE:0.178077 , RMSE:0.421992 , MAE:0.316197 , MAPD:1.667020, R_squared:0.996917  
	Validation = MSE:0.167239 , RMSE:0.408949 , MAE:0.310185 , MAPD:1.703767, R_squared:0.996991

2024-03-21 06:02:20,597 Epoch 68/300, Train Loss: 0.171944, Val Loss: 0.158301  
	Train = MSE:0.173418 , RMSE:0.416435 , MAE:0.312283 , MAPD:1.649579, R_squared:0.996998  
	Validation = MSE:0.156944 , RMSE:0.396161 , MAE:0.299076 , MAPD:1.651873, R_squared:0.997176

2024-03-21 06:02:21,401 Epoch 69/300, Train Loss: 0.169906, Val Loss: 0.154584  
	Train = MSE:0.169013 , RMSE:0.411112 , MAE:0.306687 , MAPD:1.618912, R_squared:0.997074  
	Validation = MSE:0.153064 , RMSE:0.391234 , MAE:0.295277 , MAPD:1.630118, R_squared:0.997246

2024-03-21 06:02:22,204 Epoch 70/300, Train Loss: 0.164810, Val Loss: 0.152248  
	Train = MSE:0.165677 , RMSE:0.407035 , MAE:0.303706 , MAPD:1.608249, R_squared:0.997132  
	Validation = MSE:0.150008 , RMSE:0.387309 , MAE:0.291547 , MAPD:1.612753, R_squared:0.997301

2024-03-21 06:02:23,084 Epoch 71/300, Train Loss: 0.163810, Val Loss: 0.150725  
	Train = MSE:0.162940 , RMSE:0.403658 , MAE:0.301346 , MAPD:1.591983, R_squared:0.997179  
	Validation = MSE:0.148651 , RMSE:0.385553 , MAE:0.289973 , MAPD:1.602013, R_squared:0.997325

2024-03-21 06:02:25,436 Epoch 72/300, Train Loss: 0.160070, Val Loss: 0.151398  
	Train = MSE:0.160006 , RMSE:0.400008 , MAE:0.297983 , MAPD:1.574222, R_squared:0.997230  
	Validation = MSE:0.151311 , RMSE:0.388987 , MAE:0.293625 , MAPD:1.609491, R_squared:0.997277

2024-03-21 06:02:26,203 Epoch 73/300, Train Loss: 0.154855, Val Loss: 0.145458  
	Train = MSE:0.154555 , RMSE:0.393135 , MAE:0.293103 , MAPD:1.550599, R_squared:0.997325  
	Validation = MSE:0.144908 , RMSE:0.380668 , MAE:0.285912 , MAPD:1.575155, R_squared:0.997393

2024-03-21 06:02:27,003 Epoch 74/300, Train Loss: 0.150186, Val Loss: 0.144209  
	Train = MSE:0.151516 , RMSE:0.389251 , MAE:0.289708 , MAPD:1.532200, R_squared:0.997377  
	Validation = MSE:0.144179 , RMSE:0.379709 , MAE:0.284800 , MAPD:1.565456, R_squared:0.997406

2024-03-21 06:02:27,792 Epoch 75/300, Train Loss: 0.151102, Val Loss: 0.142065  
	Train = MSE:0.150024 , RMSE:0.387330 , MAE:0.287410 , MAPD:1.522532, R_squared:0.997403  
	Validation = MSE:0.141737 , RMSE:0.376480 , MAE:0.282649 , MAPD:1.558235, R_squared:0.997450

2024-03-21 06:02:28,754 Epoch 76/300, Train Loss: 0.148508, Val Loss: 0.136284  
	Train = MSE:0.146988 , RMSE:0.383390 , MAE:0.287178 , MAPD:1.526443, R_squared:0.997456  
	Validation = MSE:0.134856 , RMSE:0.367227 , MAE:0.275489 , MAPD:1.527331, R_squared:0.997573

2024-03-21 06:02:29,865 Epoch 77/300, Train Loss: 0.144247, Val Loss: 0.138142  
	Train = MSE:0.144301 , RMSE:0.379869 , MAE:0.283974 , MAPD:1.510124, R_squared:0.997502  
	Validation = MSE:0.136236 , RMSE:0.369101 , MAE:0.277261 , MAPD:1.537066, R_squared:0.997549

2024-03-21 06:02:31,298 Epoch 78/300, Train Loss: 0.142511, Val Loss: 0.132375  
	Train = MSE:0.142504 , RMSE:0.377497 , MAE:0.281101 , MAPD:1.495239, R_squared:0.997533  
	Validation = MSE:0.130626 , RMSE:0.361422 , MAE:0.270400 , MAPD:1.502676, R_squared:0.997650

2024-03-21 06:02:32,149 Epoch 79/300, Train Loss: 0.140333, Val Loss: 0.131218  
	Train = MSE:0.138255 , RMSE:0.371826 , MAE:0.277221 , MAPD:1.476854, R_squared:0.997607  
	Validation = MSE:0.129802 , RMSE:0.360280 , MAE:0.269389 , MAPD:1.494922, R_squared:0.997664

2024-03-21 06:02:32,925 Epoch 80/300, Train Loss: 0.136390, Val Loss: 0.127391  
	Train = MSE:0.136495 , RMSE:0.369453 , MAE:0.275283 , MAPD:1.464569, R_squared:0.997637  
	Validation = MSE:0.125221 , RMSE:0.353866 , MAE:0.265599 , MAPD:1.482003, R_squared:0.997747

2024-03-21 06:02:33,698 Epoch 81/300, Train Loss: 0.134470, Val Loss: 0.129047  
	Train = MSE:0.133855 , RMSE:0.365861 , MAE:0.272176 , MAPD:1.454854, R_squared:0.997683  
	Validation = MSE:0.127600 , RMSE:0.357211 , MAE:0.266366 , MAPD:1.478897, R_squared:0.997704

2024-03-21 06:02:35,759 Epoch 82/300, Train Loss: 0.131962, Val Loss: 0.126058  
	Train = MSE:0.131931 , RMSE:0.363223 , MAE:0.268843 , MAPD:1.437497, R_squared:0.997716  
	Validation = MSE:0.124524 , RMSE:0.352880 , MAE:0.262828 , MAPD:1.460304, R_squared:0.997759

2024-03-21 06:02:36,753 Epoch 83/300, Train Loss: 0.130853, Val Loss: 0.123090  
	Train = MSE:0.129948 , RMSE:0.360482 , MAE:0.267419 , MAPD:1.428010, R_squared:0.997751  
	Validation = MSE:0.120810 , RMSE:0.347578 , MAE:0.259657 , MAPD:1.450276, R_squared:0.997826

2024-03-21 06:02:37,990 Epoch 84/300, Train Loss: 0.131987, Val Loss: 0.126502  
	Train = MSE:0.130940 , RMSE:0.361856 , MAE:0.268196 , MAPD:1.435452, R_squared:0.997733  
	Validation = MSE:0.124613 , RMSE:0.353005 , MAE:0.261421 , MAPD:1.453641, R_squared:0.997758

2024-03-21 06:02:38,815 Epoch 85/300, Train Loss: 0.124149, Val Loss: 0.120902  
	Train = MSE:0.125660 , RMSE:0.354485 , MAE:0.262411 , MAPD:1.409518, R_squared:0.997825  
	Validation = MSE:0.119185 , RMSE:0.345232 , MAE:0.257382 , MAPD:1.430551, R_squared:0.997855

2024-03-21 06:02:39,717 Epoch 86/300, Train Loss: 0.123358, Val Loss: 0.118786  
	Train = MSE:0.123213 , RMSE:0.351017 , MAE:0.260177 , MAPD:1.396581, R_squared:0.997867  
	Validation = MSE:0.116861 , RMSE:0.341849 , MAE:0.254251 , MAPD:1.415782, R_squared:0.997897

2024-03-21 06:02:40,813 Epoch 87/300, Train Loss: 0.121456, Val Loss: 0.117162  
	Train = MSE:0.122045 , RMSE:0.349349 , MAE:0.257659 , MAPD:1.382961, R_squared:0.997887  
	Validation = MSE:0.114799 , RMSE:0.338820 , MAE:0.251996 , MAPD:1.409416, R_squared:0.997934

2024-03-21 06:02:42,228 Epoch 88/300, Train Loss: 0.122759, Val Loss: 0.116770  
	Train = MSE:0.120627 , RMSE:0.347313 , MAE:0.255891 , MAPD:1.375671, R_squared:0.997912  
	Validation = MSE:0.115128 , RMSE:0.339305 , MAE:0.253463 , MAPD:1.414779, R_squared:0.997928

2024-03-21 06:02:43,016 Epoch 89/300, Train Loss: 0.117928, Val Loss: 0.118109  
	Train = MSE:0.116462 , RMSE:0.341266 , MAE:0.252513 , MAPD:1.362130, R_squared:0.997984  
	Validation = MSE:0.116393 , RMSE:0.341164 , MAE:0.251717 , MAPD:1.398404, R_squared:0.997906

2024-03-21 06:02:43,804 Epoch 90/300, Train Loss: 0.115654, Val Loss: 0.111806  
	Train = MSE:0.116222 , RMSE:0.340914 , MAE:0.251688 , MAPD:1.355994, R_squared:0.997988  
	Validation = MSE:0.109657 , RMSE:0.331145 , MAE:0.246853 , MAPD:1.381744, R_squared:0.998027

2024-03-21 06:02:44,842 Epoch 91/300, Train Loss: 0.113550, Val Loss: 0.110873  
	Train = MSE:0.113330 , RMSE:0.336645 , MAE:0.247515 , MAPD:1.335422, R_squared:0.998038  
	Validation = MSE:0.108833 , RMSE:0.329898 , MAE:0.244304 , MAPD:1.365857, R_squared:0.998042

2024-03-21 06:02:47,406 Epoch 92/300, Train Loss: 0.111523, Val Loss: 0.111656  
	Train = MSE:0.111266 , RMSE:0.333565 , MAE:0.246208 , MAPD:1.330671, R_squared:0.998074  
	Validation = MSE:0.109733 , RMSE:0.331259 , MAE:0.242930 , MAPD:1.351907, R_squared:0.998025

2024-03-21 06:02:48,501 Epoch 93/300, Train Loss: 0.110175, Val Loss: 0.107372  
	Train = MSE:0.110329 , RMSE:0.332159 , MAE:0.244298 , MAPD:1.316757, R_squared:0.998090  
	Validation = MSE:0.105150 , RMSE:0.324268 , MAE:0.239995 , MAPD:1.344714, R_squared:0.998108

2024-03-21 06:02:49,354 Epoch 94/300, Train Loss: 0.107013, Val Loss: 0.108751  
	Train = MSE:0.107908 , RMSE:0.328494 , MAE:0.241974 , MAPD:1.306016, R_squared:0.998132  
	Validation = MSE:0.107099 , RMSE:0.327260 , MAE:0.239957 , MAPD:1.333331, R_squared:0.998073

2024-03-21 06:02:50,150 Epoch 95/300, Train Loss: 0.107226, Val Loss: 0.106006  
	Train = MSE:0.106893 , RMSE:0.326945 , MAE:0.239537 , MAPD:1.290570, R_squared:0.998150  
	Validation = MSE:0.103914 , RMSE:0.322356 , MAE:0.235928 , MAPD:1.316757, R_squared:0.998130

2024-03-21 06:02:50,999 Epoch 96/300, Train Loss: 0.105356, Val Loss: 0.106232  
	Train = MSE:0.105474 , RMSE:0.324768 , MAE:0.239795 , MAPD:1.291820, R_squared:0.998174  
	Validation = MSE:0.104158 , RMSE:0.322735 , MAE:0.235338 , MAPD:1.311564, R_squared:0.998126

2024-03-21 06:02:52,042 Epoch 97/300, Train Loss: 0.104346, Val Loss: 0.104934  
	Train = MSE:0.104577 , RMSE:0.323384 , MAE:0.236554 , MAPD:1.276158, R_squared:0.998190  
	Validation = MSE:0.101695 , RMSE:0.318896 , MAE:0.236832 , MAPD:1.326895, R_squared:0.998170

2024-03-21 06:02:52,846 Epoch 98/300, Train Loss: 0.103571, Val Loss: 0.101546  
	Train = MSE:0.103832 , RMSE:0.322230 , MAE:0.236646 , MAPD:1.271529, R_squared:0.998203  
	Validation = MSE:0.099565 , RMSE:0.315539 , MAE:0.231520 , MAPD:1.295054, R_squared:0.998208

2024-03-21 06:02:53,678 Epoch 99/300, Train Loss: 0.103494, Val Loss: 0.104900  
	Train = MSE:0.103487 , RMSE:0.321694 , MAE:0.236183 , MAPD:1.267040, R_squared:0.998209  
	Validation = MSE:0.102925 , RMSE:0.320820 , MAE:0.239441 , MAPD:1.345149, R_squared:0.998148

2024-03-21 06:02:54,456 Epoch 100/300, Train Loss: 0.100225, Val Loss: 0.103159  
	Train = MSE:0.099816 , RMSE:0.315936 , MAE:0.232262 , MAPD:1.254786, R_squared:0.998272  
	Validation = MSE:0.101338 , RMSE:0.318337 , MAE:0.233025 , MAPD:1.287392, R_squared:0.998177

2024-03-21 06:02:55,330 Epoch 101/300, Train Loss: 0.095994, Val Loss: 0.098567  
	Train = MSE:0.096560 , RMSE:0.310741 , MAE:0.230315 , MAPD:1.247340, R_squared:0.998329  
	Validation = MSE:0.096300 , RMSE:0.310323 , MAE:0.226256 , MAPD:1.264028, R_squared:0.998267

2024-03-21 06:02:57,392 Epoch 102/300, Train Loss: 0.095119, Val Loss: 0.095651  
	Train = MSE:0.094932 , RMSE:0.308110 , MAE:0.226319 , MAPD:1.225425, R_squared:0.998357  
	Validation = MSE:0.093188 , RMSE:0.305267 , MAE:0.224481 , MAPD:1.258095, R_squared:0.998323

2024-03-21 06:02:58,316 Epoch 103/300, Train Loss: 0.095026, Val Loss: 0.097694  
	Train = MSE:0.095060 , RMSE:0.308318 , MAE:0.225346 , MAPD:1.218474, R_squared:0.998354  
	Validation = MSE:0.094539 , RMSE:0.307472 , MAE:0.228013 , MAPD:1.282012, R_squared:0.998299

2024-03-21 06:02:59,231 Epoch 104/300, Train Loss: 0.094623, Val Loss: 0.094384  
	Train = MSE:0.092629 , RMSE:0.304351 , MAE:0.222066 , MAPD:1.199270, R_squared:0.998397  
	Validation = MSE:0.091669 , RMSE:0.302769 , MAE:0.224034 , MAPD:1.261933, R_squared:0.998351

2024-03-21 06:03:00,018 Epoch 105/300, Train Loss: 0.091559, Val Loss: 0.094327  
	Train = MSE:0.091719 , RMSE:0.302852 , MAE:0.222965 , MAPD:1.207116, R_squared:0.998412  
	Validation = MSE:0.092116 , RMSE:0.303506 , MAE:0.220977 , MAPD:1.231305, R_squared:0.998342

2024-03-21 06:03:01,012 Epoch 106/300, Train Loss: 0.089763, Val Loss: 0.093770  
	Train = MSE:0.089198 , RMSE:0.298660 , MAE:0.219254 , MAPD:1.186528, R_squared:0.998456  
	Validation = MSE:0.090682 , RMSE:0.301135 , MAE:0.218864 , MAPD:1.224439, R_squared:0.998368

2024-03-21 06:03:02,102 Epoch 107/300, Train Loss: 0.090597, Val Loss: 0.092275  
	Train = MSE:0.088695 , RMSE:0.297818 , MAE:0.219193 , MAPD:1.188246, R_squared:0.998465  
	Validation = MSE:0.089222 , RMSE:0.298701 , MAE:0.216459 , MAPD:1.215784, R_squared:0.998395

2024-03-21 06:03:02,906 Epoch 108/300, Train Loss: 0.088606, Val Loss: 0.090256  
	Train = MSE:0.088125 , RMSE:0.296859 , MAE:0.218790 , MAPD:1.182474, R_squared:0.998475  
	Validation = MSE:0.087749 , RMSE:0.296224 , MAE:0.214981 , MAPD:1.204593, R_squared:0.998421

2024-03-21 06:03:03,713 Epoch 109/300, Train Loss: 0.085137, Val Loss: 0.089058  
	Train = MSE:0.084795 , RMSE:0.291195 , MAE:0.213307 , MAPD:1.160777, R_squared:0.998532  
	Validation = MSE:0.086351 , RMSE:0.293856 , MAE:0.213385 , MAPD:1.198020, R_squared:0.998446

2024-03-21 06:03:04,779 Epoch 110/300, Train Loss: 0.085968, Val Loss: 0.099248  
	Train = MSE:0.085433 , RMSE:0.292290 , MAE:0.215035 , MAPD:1.170562, R_squared:0.998521  
	Validation = MSE:0.097334 , RMSE:0.311984 , MAE:0.225068 , MAPD:1.246854, R_squared:0.998249

2024-03-21 06:03:06,298 Epoch 111/300, Train Loss: 0.084666, Val Loss: 0.102830  
	Train = MSE:0.085713 , RMSE:0.292768 , MAE:0.213428 , MAPD:1.160334, R_squared:0.998516  
	Validation = MSE:0.101112 , RMSE:0.317981 , MAE:0.230307 , MAPD:1.279164, R_squared:0.998181

2024-03-21 06:03:09,066 Epoch 112/300, Train Loss: 0.088647, Val Loss: 0.087488  
	Train = MSE:0.088884 , RMSE:0.298135 , MAE:0.220375 , MAPD:1.199519, R_squared:0.998461  
	Validation = MSE:0.084844 , RMSE:0.291281 , MAE:0.210830 , MAPD:1.187382, R_squared:0.998473

2024-03-21 06:03:10,076 Epoch 113/300, Train Loss: 0.084655, Val Loss: 0.087053  
	Train = MSE:0.085012 , RMSE:0.291568 , MAE:0.212188 , MAPD:1.152462, R_squared:0.998528  
	Validation = MSE:0.084805 , RMSE:0.291213 , MAE:0.212150 , MAPD:1.183824, R_squared:0.998474

2024-03-21 06:03:10,861 Epoch 114/300, Train Loss: 0.084554, Val Loss: 0.091373  
	Train = MSE:0.085207 , RMSE:0.291902 , MAE:0.211320 , MAPD:1.141137, R_squared:0.998525  
	Validation = MSE:0.088922 , RMSE:0.298198 , MAE:0.224054 , MAPD:1.266117, R_squared:0.998400

2024-03-21 06:03:11,631 Epoch 115/300, Train Loss: 0.081029, Val Loss: 0.088301  
	Train = MSE:0.082118 , RMSE:0.286562 , MAE:0.209710 , MAPD:1.138662, R_squared:0.998579  
	Validation = MSE:0.086057 , RMSE:0.293355 , MAE:0.217818 , MAPD:1.226218, R_squared:0.998451

2024-03-21 06:03:12,437 Epoch 116/300, Train Loss: 0.080658, Val Loss: 0.090701  
	Train = MSE:0.080593 , RMSE:0.283889 , MAE:0.208185 , MAPD:1.134259, R_squared:0.998605  
	Validation = MSE:0.088611 , RMSE:0.297676 , MAE:0.213445 , MAPD:1.181723, R_squared:0.998406

2024-03-21 06:03:13,534 Epoch 117/300, Train Loss: 0.079037, Val Loss: 0.086751  
	Train = MSE:0.079482 , RMSE:0.281925 , MAE:0.206487 , MAPD:1.123802, R_squared:0.998624  
	Validation = MSE:0.084648 , RMSE:0.290944 , MAE:0.207484 , MAPD:1.158221, R_squared:0.998477

2024-03-21 06:03:14,822 Epoch 118/300, Train Loss: 0.076491, Val Loss: 0.085921  
	Train = MSE:0.076882 , RMSE:0.277276 , MAE:0.200548 , MAPD:1.092494, R_squared:0.998669  
	Validation = MSE:0.083855 , RMSE:0.289578 , MAE:0.207376 , MAPD:1.152942, R_squared:0.998491

2024-03-21 06:03:15,661 Epoch 119/300, Train Loss: 0.078199, Val Loss: 0.088033  
	Train = MSE:0.076846 , RMSE:0.277211 , MAE:0.201443 , MAPD:1.094949, R_squared:0.998670  
	Validation = MSE:0.084654 , RMSE:0.290954 , MAE:0.219321 , MAPD:1.250549, R_squared:0.998477

2024-03-21 06:03:16,446 Epoch 120/300, Train Loss: 0.080381, Val Loss: 0.082005  
	Train = MSE:0.079912 , RMSE:0.282687 , MAE:0.207520 , MAPD:1.124617, R_squared:0.998617  
	Validation = MSE:0.079281 , RMSE:0.281569 , MAE:0.206825 , MAPD:1.174312, R_squared:0.998573

2024-03-21 06:03:17,214 Epoch 121/300, Train Loss: 0.076798, Val Loss: 0.081230  
	Train = MSE:0.075650 , RMSE:0.275046 , MAE:0.200897 , MAPD:1.097168, R_squared:0.998690  
	Validation = MSE:0.078866 , RMSE:0.280831 , MAE:0.200304 , MAPD:1.123033, R_squared:0.998581

2024-03-21 06:03:19,310 Epoch 122/300, Train Loss: 0.074725, Val Loss: 0.080860  
	Train = MSE:0.074494 , RMSE:0.272937 , MAE:0.199289 , MAPD:1.085134, R_squared:0.998710  
	Validation = MSE:0.078530 , RMSE:0.280232 , MAE:0.200770 , MAPD:1.122955, R_squared:0.998587

2024-03-21 06:03:20,902 Epoch 123/300, Train Loss: 0.073265, Val Loss: 0.078885  
	Train = MSE:0.073610 , RMSE:0.271311 , MAE:0.196346 , MAPD:1.067455, R_squared:0.998726  
	Validation = MSE:0.076358 , RMSE:0.276329 , MAE:0.197948 , MAPD:1.112821, R_squared:0.998626

2024-03-21 06:03:21,691 Epoch 124/300, Train Loss: 0.073280, Val Loss: 0.080212  
	Train = MSE:0.073019 , RMSE:0.270221 , MAE:0.196973 , MAPD:1.073754, R_squared:0.998736  
	Validation = MSE:0.077808 , RMSE:0.278942 , MAE:0.197992 , MAPD:1.110933, R_squared:0.998600

2024-03-21 06:03:22,480 Epoch 125/300, Train Loss: 0.074429, Val Loss: 0.078494  
	Train = MSE:0.073458 , RMSE:0.271032 , MAE:0.196754 , MAPD:1.070866, R_squared:0.998728  
	Validation = MSE:0.076106 , RMSE:0.275874 , MAE:0.200150 , MAPD:1.125035, R_squared:0.998631

2024-03-21 06:03:23,311 Epoch 126/300, Train Loss: 0.072808, Val Loss: 0.077160  
	Train = MSE:0.071522 , RMSE:0.267436 , MAE:0.194069 , MAPD:1.056900, R_squared:0.998762  
	Validation = MSE:0.074429 , RMSE:0.272817 , MAE:0.194747 , MAPD:1.100017, R_squared:0.998661

2024-03-21 06:03:24,062 Epoch 127/300, Train Loss: 0.071743, Val Loss: 0.079758  
	Train = MSE:0.071974 , RMSE:0.268280 , MAE:0.195229 , MAPD:1.064335, R_squared:0.998754  
	Validation = MSE:0.077548 , RMSE:0.278474 , MAE:0.197037 , MAPD:1.106124, R_squared:0.998605

2024-03-21 06:03:24,847 Epoch 128/300, Train Loss: 0.070140, Val Loss: 0.076648  
	Train = MSE:0.070149 , RMSE:0.264857 , MAE:0.191346 , MAPD:1.043571, R_squared:0.998786  
	Validation = MSE:0.074333 , RMSE:0.272640 , MAE:0.195165 , MAPD:1.094569, R_squared:0.998662

2024-03-21 06:03:25,641 Epoch 129/300, Train Loss: 0.070523, Val Loss: 0.076212  
	Train = MSE:0.070713 , RMSE:0.265919 , MAE:0.192378 , MAPD:1.050563, R_squared:0.998776  
	Validation = MSE:0.073996 , RMSE:0.272023 , MAE:0.194923 , MAPD:1.090516, R_squared:0.998669

2024-03-21 06:03:26,636 Epoch 130/300, Train Loss: 0.070250, Val Loss: 0.076312  
	Train = MSE:0.070408 , RMSE:0.265344 , MAE:0.192595 , MAPD:1.047139, R_squared:0.998781  
	Validation = MSE:0.073936 , RMSE:0.271912 , MAE:0.191806 , MAPD:1.077536, R_squared:0.998670

2024-03-21 06:03:27,526 Epoch 131/300, Train Loss: 0.071519, Val Loss: 0.076564  
	Train = MSE:0.070719 , RMSE:0.265930 , MAE:0.192367 , MAPD:1.038637, R_squared:0.998776  
	Validation = MSE:0.074272 , RMSE:0.272529 , MAE:0.190620 , MAPD:1.073788, R_squared:0.998664

2024-03-21 06:03:29,693 Epoch 132/300, Train Loss: 0.068251, Val Loss: 0.073796  
	Train = MSE:0.068511 , RMSE:0.261745 , MAE:0.189905 , MAPD:1.037975, R_squared:0.998814  
	Validation = MSE:0.071555 , RMSE:0.267498 , MAE:0.190269 , MAPD:1.068435, R_squared:0.998712

2024-03-21 06:03:30,544 Epoch 133/300, Train Loss: 0.067467, Val Loss: 0.074126  
	Train = MSE:0.067586 , RMSE:0.259973 , MAE:0.188111 , MAPD:1.023656, R_squared:0.998830  
	Validation = MSE:0.071788 , RMSE:0.267932 , MAE:0.193441 , MAPD:1.087940, R_squared:0.998708

2024-03-21 06:03:31,311 Epoch 134/300, Train Loss: 0.066964, Val Loss: 0.073203  
	Train = MSE:0.066400 , RMSE:0.257683 , MAE:0.185858 , MAPD:1.015299, R_squared:0.998851  
	Validation = MSE:0.071011 , RMSE:0.266480 , MAE:0.191224 , MAPD:1.072980, R_squared:0.998722

2024-03-21 06:03:32,084 Epoch 135/300, Train Loss: 0.067188, Val Loss: 0.076006  
	Train = MSE:0.066834 , RMSE:0.258524 , MAE:0.186890 , MAPD:1.018918, R_squared:0.998843  
	Validation = MSE:0.074110 , RMSE:0.272231 , MAE:0.194278 , MAPD:1.076695, R_squared:0.998666

2024-03-21 06:03:32,876 Epoch 136/300, Train Loss: 0.066743, Val Loss: 0.074627  
	Train = MSE:0.067495 , RMSE:0.259799 , MAE:0.189088 , MAPD:1.030117, R_squared:0.998832  
	Validation = MSE:0.072574 , RMSE:0.269396 , MAE:0.190334 , MAPD:1.068965, R_squared:0.998694

2024-03-21 06:03:33,905 Epoch 137/300, Train Loss: 0.065527, Val Loss: 0.071799  
	Train = MSE:0.065270 , RMSE:0.255481 , MAE:0.183600 , MAPD:1.003199, R_squared:0.998870  
	Validation = MSE:0.069046 , RMSE:0.262766 , MAE:0.189087 , MAPD:1.072581, R_squared:0.998758

2024-03-21 06:03:34,725 Epoch 138/300, Train Loss: 0.067542, Val Loss: 0.073358  
	Train = MSE:0.067387 , RMSE:0.259590 , MAE:0.188480 , MAPD:1.031673, R_squared:0.998834  
	Validation = MSE:0.071119 , RMSE:0.266682 , MAE:0.197813 , MAPD:1.126551, R_squared:0.998720

2024-03-21 06:03:35,543 Epoch 139/300, Train Loss: 0.069861, Val Loss: 0.071385  
	Train = MSE:0.070225 , RMSE:0.264999 , MAE:0.193584 , MAPD:1.058807, R_squared:0.998784  
	Validation = MSE:0.069199 , RMSE:0.263058 , MAE:0.189526 , MAPD:1.063325, R_squared:0.998755

2024-03-21 06:03:36,324 Epoch 140/300, Train Loss: 0.065447, Val Loss: 0.069282  
	Train = MSE:0.065067 , RMSE:0.255082 , MAE:0.184486 , MAPD:1.007679, R_squared:0.998874  
	Validation = MSE:0.066989 , RMSE:0.258822 , MAE:0.183202 , MAPD:1.039549, R_squared:0.998795

2024-03-21 06:03:37,125 Epoch 141/300, Train Loss: 0.063749, Val Loss: 0.068725  
	Train = MSE:0.063490 , RMSE:0.251972 , MAE:0.182384 , MAPD:0.999453, R_squared:0.998901  
	Validation = MSE:0.066367 , RMSE:0.257618 , MAE:0.183898 , MAPD:1.042857, R_squared:0.998806

2024-03-21 06:03:39,783 Epoch 142/300, Train Loss: 0.063292, Val Loss: 0.070019  
	Train = MSE:0.062744 , RMSE:0.250488 , MAE:0.181635 , MAPD:0.993991, R_squared:0.998914  
	Validation = MSE:0.067327 , RMSE:0.259474 , MAE:0.185268 , MAPD:1.045105, R_squared:0.998789

2024-03-21 06:03:40,828 Epoch 143/300, Train Loss: 0.063619, Val Loss: 0.067879  
	Train = MSE:0.063260 , RMSE:0.251515 , MAE:0.181509 , MAPD:0.987756, R_squared:0.998905  
	Validation = MSE:0.065693 , RMSE:0.256306 , MAE:0.184409 , MAPD:1.046163, R_squared:0.998818

2024-03-21 06:03:41,593 Epoch 144/300, Train Loss: 0.066134, Val Loss: 0.071949  
	Train = MSE:0.065519 , RMSE:0.255967 , MAE:0.186282 , MAPD:1.008964, R_squared:0.998866  
	Validation = MSE:0.070350 , RMSE:0.265236 , MAE:0.186397 , MAPD:1.037846, R_squared:0.998734

2024-03-21 06:03:42,396 Epoch 145/300, Train Loss: 0.064450, Val Loss: 0.067098  
	Train = MSE:0.064284 , RMSE:0.253543 , MAE:0.183775 , MAPD:1.006908, R_squared:0.998887  
	Validation = MSE:0.064970 , RMSE:0.254892 , MAE:0.182051 , MAPD:1.032072, R_squared:0.998831

2024-03-21 06:03:43,151 Epoch 146/300, Train Loss: 0.062403, Val Loss: 0.071242  
	Train = MSE:0.062856 , RMSE:0.250710 , MAE:0.182507 , MAPD:1.002230, R_squared:0.998912  
	Validation = MSE:0.069460 , RMSE:0.263553 , MAE:0.184621 , MAPD:1.039385, R_squared:0.998750

2024-03-21 06:03:43,896 Epoch 147/300, Train Loss: 0.060774, Val Loss: 0.069642  
	Train = MSE:0.060943 , RMSE:0.246866 , MAE:0.178264 , MAPD:0.974120, R_squared:0.998945  
	Validation = MSE:0.067867 , RMSE:0.260514 , MAE:0.181983 , MAPD:1.022757, R_squared:0.998779

2024-03-21 06:03:44,644 Epoch 148/300, Train Loss: 0.059990, Val Loss: 0.071118  
	Train = MSE:0.060310 , RMSE:0.245581 , MAE:0.177225 , MAPD:0.967297, R_squared:0.998956  
	Validation = MSE:0.068507 , RMSE:0.261738 , MAE:0.195353 , MAPD:1.116578, R_squared:0.998767

2024-03-21 06:03:45,492 Epoch 149/300, Train Loss: 0.062613, Val Loss: 0.067189  
	Train = MSE:0.062801 , RMSE:0.250601 , MAE:0.181952 , MAPD:0.994023, R_squared:0.998913  
	Validation = MSE:0.064831 , RMSE:0.254618 , MAE:0.186247 , MAPD:1.062770, R_squared:0.998833

2024-03-21 06:03:47,520 Epoch 150/300, Train Loss: 0.060791, Val Loss: 0.068095  
	Train = MSE:0.060094 , RMSE:0.245140 , MAE:0.176276 , MAPD:0.964943, R_squared:0.998960  
	Validation = MSE:0.065652 , RMSE:0.256226 , MAE:0.188720 , MAPD:1.080754, R_squared:0.998819

2024-03-21 06:03:48,575 Epoch 151/300, Train Loss: 0.060024, Val Loss: 0.064289  
	Train = MSE:0.059603 , RMSE:0.244138 , MAE:0.176508 , MAPD:0.965456, R_squared:0.998968  
	Validation = MSE:0.062388 , RMSE:0.249776 , MAE:0.177222 , MAPD:1.006635, R_squared:0.998877

2024-03-21 06:03:50,719 Epoch 152/300, Train Loss: 0.058001, Val Loss: 0.065692  
	Train = MSE:0.058054 , RMSE:0.240945 , MAE:0.173219 , MAPD:0.949498, R_squared:0.998995  
	Validation = MSE:0.063536 , RMSE:0.252064 , MAE:0.175732 , MAPD:0.995636, R_squared:0.998857

2024-03-21 06:03:51,499 Epoch 153/300, Train Loss: 0.058157, Val Loss: 0.064420  
	Train = MSE:0.058346 , RMSE:0.241549 , MAE:0.174128 , MAPD:0.952278, R_squared:0.998990  
	Validation = MSE:0.062566 , RMSE:0.250132 , MAE:0.173958 , MAPD:0.987748, R_squared:0.998874

2024-03-21 06:03:52,297 Epoch 154/300, Train Loss: 0.058644, Val Loss: 0.063088  
	Train = MSE:0.057738 , RMSE:0.240286 , MAE:0.172554 , MAPD:0.944804, R_squared:0.999001  
	Validation = MSE:0.061105 , RMSE:0.247193 , MAE:0.174501 , MAPD:0.993694, R_squared:0.998900

2024-03-21 06:03:53,071 Epoch 155/300, Train Loss: 0.056809, Val Loss: 0.065003  
	Train = MSE:0.056645 , RMSE:0.238002 , MAE:0.170389 , MAPD:0.933360, R_squared:0.999019  
	Validation = MSE:0.063397 , RMSE:0.251788 , MAE:0.177808 , MAPD:0.995933, R_squared:0.998859

2024-03-21 06:03:54,010 Epoch 156/300, Train Loss: 0.057227, Val Loss: 0.065245  
	Train = MSE:0.057474 , RMSE:0.239737 , MAE:0.172858 , MAPD:0.943788, R_squared:0.999005  
	Validation = MSE:0.062952 , RMSE:0.250903 , MAE:0.178587 , MAPD:1.003717, R_squared:0.998867

2024-03-21 06:03:55,423 Epoch 157/300, Train Loss: 0.062072, Val Loss: 0.064608  
	Train = MSE:0.061879 , RMSE:0.248755 , MAE:0.179671 , MAPD:0.982709, R_squared:0.998929  
	Validation = MSE:0.062494 , RMSE:0.249988 , MAE:0.185435 , MAPD:1.065495, R_squared:0.998875

2024-03-21 06:03:56,470 Epoch 158/300, Train Loss: 0.056965, Val Loss: 0.061981  
	Train = MSE:0.057468 , RMSE:0.239726 , MAE:0.173772 , MAPD:0.949971, R_squared:0.999005  
	Validation = MSE:0.060270 , RMSE:0.245499 , MAE:0.174766 , MAPD:0.990142, R_squared:0.998916

2024-03-21 06:03:57,498 Epoch 159/300, Train Loss: 0.056333, Val Loss: 0.061193  
	Train = MSE:0.056860 , RMSE:0.238454 , MAE:0.171796 , MAPD:0.942252, R_squared:0.999016  
	Validation = MSE:0.059418 , RMSE:0.243758 , MAE:0.170893 , MAPD:0.970211, R_squared:0.998931

2024-03-21 06:03:58,573 Epoch 160/300, Train Loss: 0.055549, Val Loss: 0.061003  
	Train = MSE:0.054772 , RMSE:0.234034 , MAE:0.167993 , MAPD:0.919956, R_squared:0.999052  
	Validation = MSE:0.059233 , RMSE:0.243379 , MAE:0.173883 , MAPD:0.990306, R_squared:0.998934

2024-03-21 06:03:59,543 Epoch 161/300, Train Loss: 0.055164, Val Loss: 0.060392  
	Train = MSE:0.055005 , RMSE:0.234532 , MAE:0.168453 , MAPD:0.923008, R_squared:0.999048  
	Validation = MSE:0.058636 , RMSE:0.242148 , MAE:0.168734 , MAPD:0.959373, R_squared:0.998945

2024-03-21 06:04:01,784 Epoch 162/300, Train Loss: 0.054121, Val Loss: 0.062319  
	Train = MSE:0.054341 , RMSE:0.233112 , MAE:0.167251 , MAPD:0.916137, R_squared:0.999059  
	Validation = MSE:0.060950 , RMSE:0.246880 , MAE:0.175471 , MAPD:0.987320, R_squared:0.998903

2024-03-21 06:04:02,791 Epoch 163/300, Train Loss: 0.054018, Val Loss: 0.062296  
	Train = MSE:0.054191 , RMSE:0.232790 , MAE:0.167238 , MAPD:0.918157, R_squared:0.999062  
	Validation = MSE:0.060824 , RMSE:0.246626 , MAE:0.171437 , MAPD:0.965678, R_squared:0.998906

2024-03-21 06:04:03,568 Epoch 164/300, Train Loss: 0.054912, Val Loss: 0.062651  
	Train = MSE:0.054940 , RMSE:0.234393 , MAE:0.169257 , MAPD:0.923995, R_squared:0.999049  
	Validation = MSE:0.061212 , RMSE:0.247411 , MAE:0.170635 , MAPD:0.968347, R_squared:0.998899

2024-03-21 06:04:04,334 Epoch 165/300, Train Loss: 0.055526, Val Loss: 0.060610  
	Train = MSE:0.055378 , RMSE:0.235325 , MAE:0.169391 , MAPD:0.926382, R_squared:0.999041  
	Validation = MSE:0.058702 , RMSE:0.242284 , MAE:0.177453 , MAPD:1.017708, R_squared:0.998944

2024-03-21 06:04:05,111 Epoch 166/300, Train Loss: 0.056899, Val Loss: 0.062612  
	Train = MSE:0.057245 , RMSE:0.239259 , MAE:0.172792 , MAPD:0.950283, R_squared:0.999009  
	Validation = MSE:0.060550 , RMSE:0.246070 , MAE:0.184136 , MAPD:1.053700, R_squared:0.998910

2024-03-21 06:04:05,956 Epoch 167/300, Train Loss: 0.054232, Val Loss: 0.059615  
	Train = MSE:0.054269 , RMSE:0.232956 , MAE:0.168726 , MAPD:0.924648, R_squared:0.999061  
	Validation = MSE:0.057745 , RMSE:0.240302 , MAE:0.174626 , MAPD:1.000586, R_squared:0.998961

2024-03-21 06:04:07,047 Epoch 168/300, Train Loss: 0.053853, Val Loss: 0.059122  
	Train = MSE:0.053444 , RMSE:0.231179 , MAE:0.166139 , MAPD:0.908149, R_squared:0.999075  
	Validation = MSE:0.057589 , RMSE:0.239977 , MAE:0.172222 , MAPD:0.976892, R_squared:0.998964

2024-03-21 06:04:08,052 Epoch 169/300, Train Loss: 0.054442, Val Loss: 0.060362  
	Train = MSE:0.055016 , RMSE:0.234554 , MAE:0.170536 , MAPD:0.936956, R_squared:0.999048  
	Validation = MSE:0.059091 , RMSE:0.243086 , MAE:0.167327 , MAPD:0.947972, R_squared:0.998937

2024-03-21 06:04:09,036 Epoch 170/300, Train Loss: 0.054471, Val Loss: 0.058220  
	Train = MSE:0.054219 , RMSE:0.232849 , MAE:0.167039 , MAPD:0.911881, R_squared:0.999061  
	Validation = MSE:0.056787 , RMSE:0.238300 , MAE:0.167011 , MAPD:0.943579, R_squared:0.998978

2024-03-21 06:04:09,965 Epoch 171/300, Train Loss: 0.052273, Val Loss: 0.068254  
	Train = MSE:0.052530 , RMSE:0.229195 , MAE:0.165058 , MAPD:0.904107, R_squared:0.999091  
	Validation = MSE:0.067454 , RMSE:0.259718 , MAE:0.180895 , MAPD:1.008768, R_squared:0.998786

2024-03-21 06:04:12,700 Epoch 172/300, Train Loss: 0.052935, Val Loss: 0.061694  
	Train = MSE:0.053624 , RMSE:0.231569 , MAE:0.166500 , MAPD:0.906589, R_squared:0.999072  
	Validation = MSE:0.060569 , RMSE:0.246108 , MAE:0.170443 , MAPD:0.951905, R_squared:0.998910

2024-03-21 06:04:13,493 Epoch 173/300, Train Loss: 0.053194, Val Loss: 0.064010  
	Train = MSE:0.052733 , RMSE:0.229637 , MAE:0.165714 , MAPD:0.907662, R_squared:0.999087  
	Validation = MSE:0.063039 , RMSE:0.251076 , MAE:0.174227 , MAPD:0.976936, R_squared:0.998866

2024-03-21 06:04:14,269 Epoch 174/300, Train Loss: 0.053825, Val Loss: 0.056897  
	Train = MSE:0.054177 , RMSE:0.232760 , MAE:0.168234 , MAPD:0.916166, R_squared:0.999062  
	Validation = MSE:0.055063 , RMSE:0.234655 , MAE:0.170003 , MAPD:0.972199, R_squared:0.999009

2024-03-21 06:04:15,207 Epoch 175/300, Train Loss: 0.051471, Val Loss: 0.060357  
	Train = MSE:0.051656 , RMSE:0.227280 , MAE:0.163486 , MAPD:0.899143, R_squared:0.999106  
	Validation = MSE:0.058361 , RMSE:0.241580 , MAE:0.180196 , MAPD:1.019609, R_squared:0.998950

2024-03-21 06:04:16,242 Epoch 176/300, Train Loss: 0.052989, Val Loss: 0.055652  
	Train = MSE:0.053252 , RMSE:0.230764 , MAE:0.166975 , MAPD:0.912953, R_squared:0.999078  
	Validation = MSE:0.054361 , RMSE:0.233155 , MAE:0.163215 , MAPD:0.930526, R_squared:0.999022

2024-03-21 06:04:17,528 Epoch 177/300, Train Loss: 0.049361, Val Loss: 0.055723  
	Train = MSE:0.049346 , RMSE:0.222139 , MAE:0.158093 , MAPD:0.869188, R_squared:0.999146  
	Validation = MSE:0.054125 , RMSE:0.232647 , MAE:0.168484 , MAPD:0.960231, R_squared:0.999026

2024-03-21 06:04:18,467 Epoch 178/300, Train Loss: 0.050197, Val Loss: 0.055049  
	Train = MSE:0.050494 , RMSE:0.224708 , MAE:0.162671 , MAPD:0.893714, R_squared:0.999126  
	Validation = MSE:0.053571 , RMSE:0.231454 , MAE:0.165594 , MAPD:0.944165, R_squared:0.999036

2024-03-21 06:04:19,507 Epoch 179/300, Train Loss: 0.049177, Val Loss: 0.054994  
	Train = MSE:0.049037 , RMSE:0.221443 , MAE:0.158213 , MAPD:0.865993, R_squared:0.999151  
	Validation = MSE:0.053794 , RMSE:0.231935 , MAE:0.161091 , MAPD:0.917685, R_squared:0.999032

2024-03-21 06:04:20,260 Epoch 180/300, Train Loss: 0.050019, Val Loss: 0.055704  
	Train = MSE:0.050065 , RMSE:0.223753 , MAE:0.162111 , MAPD:0.888783, R_squared:0.999133  
	Validation = MSE:0.054405 , RMSE:0.233249 , MAE:0.168173 , MAPD:0.958600, R_squared:0.999021

2024-03-21 06:04:21,056 Epoch 181/300, Train Loss: 0.049488, Val Loss: 0.054449  
	Train = MSE:0.049556 , RMSE:0.222611 , MAE:0.159923 , MAPD:0.882792, R_squared:0.999142  
	Validation = MSE:0.053215 , RMSE:0.230685 , MAE:0.164186 , MAPD:0.937299, R_squared:0.999042

2024-03-21 06:04:23,177 Epoch 182/300, Train Loss: 0.048461, Val Loss: 0.053976  
	Train = MSE:0.048228 , RMSE:0.219609 , MAE:0.157349 , MAPD:0.863008, R_squared:0.999165  
	Validation = MSE:0.052627 , RMSE:0.229406 , MAE:0.157728 , MAPD:0.897994, R_squared:0.999053

2024-03-21 06:04:24,192 Epoch 183/300, Train Loss: 0.048545, Val Loss: 0.055152  
	Train = MSE:0.048314 , RMSE:0.219805 , MAE:0.156899 , MAPD:0.857248, R_squared:0.999164  
	Validation = MSE:0.054110 , RMSE:0.232615 , MAE:0.161607 , MAPD:0.910155, R_squared:0.999026

2024-03-21 06:04:25,044 Epoch 184/300, Train Loss: 0.048471, Val Loss: 0.053455  
	Train = MSE:0.048062 , RMSE:0.219231 , MAE:0.157644 , MAPD:0.867379, R_squared:0.999168  
	Validation = MSE:0.052223 , RMSE:0.228524 , MAE:0.156947 , MAPD:0.894319, R_squared:0.999060

2024-03-21 06:04:25,943 Epoch 185/300, Train Loss: 0.046954, Val Loss: 0.054344  
	Train = MSE:0.047101 , RMSE:0.217028 , MAE:0.155720 , MAPD:0.853612, R_squared:0.999185  
	Validation = MSE:0.053268 , RMSE:0.230799 , MAE:0.157563 , MAPD:0.894611, R_squared:0.999041

2024-03-21 06:04:26,952 Epoch 186/300, Train Loss: 0.047050, Val Loss: 0.056281  
	Train = MSE:0.047346 , RMSE:0.217592 , MAE:0.157207 , MAPD:0.869935, R_squared:0.999180  
	Validation = MSE:0.055413 , RMSE:0.235400 , MAE:0.160030 , MAPD:0.907016, R_squared:0.999003

2024-03-21 06:04:27,739 Epoch 187/300, Train Loss: 0.047589, Val Loss: 0.052542  
	Train = MSE:0.048274 , RMSE:0.219713 , MAE:0.158710 , MAPD:0.866921, R_squared:0.999164  
	Validation = MSE:0.051209 , RMSE:0.226295 , MAE:0.160731 , MAPD:0.914650, R_squared:0.999079

2024-03-21 06:04:28,502 Epoch 188/300, Train Loss: 0.050863, Val Loss: 0.053268  
	Train = MSE:0.050595 , RMSE:0.224933 , MAE:0.163318 , MAPD:0.899894, R_squared:0.999124  
	Validation = MSE:0.051836 , RMSE:0.227675 , MAE:0.165895 , MAPD:0.953320, R_squared:0.999067

2024-03-21 06:04:29,588 Epoch 189/300, Train Loss: 0.049357, Val Loss: 0.056038  
	Train = MSE:0.049596 , RMSE:0.222701 , MAE:0.161851 , MAPD:0.885663, R_squared:0.999141  
	Validation = MSE:0.055183 , RMSE:0.234911 , MAE:0.160795 , MAPD:0.911598, R_squared:0.999007

2024-03-21 06:04:30,979 Epoch 190/300, Train Loss: 0.047695, Val Loss: 0.053327  
	Train = MSE:0.047954 , RMSE:0.218983 , MAE:0.157024 , MAPD:0.860224, R_squared:0.999170  
	Validation = MSE:0.052359 , RMSE:0.228820 , MAE:0.156127 , MAPD:0.884854, R_squared:0.999058

2024-03-21 06:04:32,212 Epoch 191/300, Train Loss: 0.046046, Val Loss: 0.051310  
	Train = MSE:0.046434 , RMSE:0.215487 , MAE:0.154624 , MAPD:0.851452, R_squared:0.999196  
	Validation = MSE:0.050110 , RMSE:0.223852 , MAE:0.158142 , MAPD:0.901879, R_squared:0.999098

2024-03-21 06:04:34,362 Epoch 192/300, Train Loss: 0.047133, Val Loss: 0.053474  
	Train = MSE:0.047383 , RMSE:0.217677 , MAE:0.156849 , MAPD:0.854183, R_squared:0.999180  
	Validation = MSE:0.052264 , RMSE:0.228612 , MAE:0.156078 , MAPD:0.891212, R_squared:0.999060

2024-03-21 06:04:35,145 Epoch 193/300, Train Loss: 0.045842, Val Loss: 0.055043  
	Train = MSE:0.046373 , RMSE:0.215345 , MAE:0.154884 , MAPD:0.852198, R_squared:0.999197  
	Validation = MSE:0.054145 , RMSE:0.232690 , MAE:0.159171 , MAPD:0.898260, R_squared:0.999026

2024-03-21 06:04:36,013 Epoch 194/300, Train Loss: 0.047508, Val Loss: 0.051576  
	Train = MSE:0.046722 , RMSE:0.216154 , MAE:0.155034 , MAPD:0.845897, R_squared:0.999191  
	Validation = MSE:0.050634 , RMSE:0.225020 , MAE:0.153419 , MAPD:0.871712, R_squared:0.999089

2024-03-21 06:04:36,929 Epoch 195/300, Train Loss: 0.045950, Val Loss: 0.050752  
	Train = MSE:0.046470 , RMSE:0.215569 , MAE:0.155581 , MAPD:0.855691, R_squared:0.999196  
	Validation = MSE:0.049357 , RMSE:0.222164 , MAE:0.156339 , MAPD:0.884570, R_squared:0.999112

2024-03-21 06:04:38,637 Epoch 196/300, Train Loss: 0.044918, Val Loss: 0.051987  
	Train = MSE:0.044965 , RMSE:0.212050 , MAE:0.152285 , MAPD:0.834135, R_squared:0.999222  
	Validation = MSE:0.050693 , RMSE:0.225152 , MAE:0.166872 , MAPD:0.958215, R_squared:0.999088

2024-03-21 06:04:39,808 Epoch 197/300, Train Loss: 0.045435, Val Loss: 0.050716  
	Train = MSE:0.045409 , RMSE:0.213095 , MAE:0.153752 , MAPD:0.846085, R_squared:0.999214  
	Validation = MSE:0.049684 , RMSE:0.222899 , MAE:0.151858 , MAPD:0.865766, R_squared:0.999106

2024-03-21 06:04:40,745 Epoch 198/300, Train Loss: 0.044733, Val Loss: 0.052246  
	Train = MSE:0.044483 , RMSE:0.210910 , MAE:0.151463 , MAPD:0.829584, R_squared:0.999230  
	Validation = MSE:0.051461 , RMSE:0.226850 , MAE:0.155624 , MAPD:0.873211, R_squared:0.999074

2024-03-21 06:04:41,672 Epoch 199/300, Train Loss: 0.046163, Val Loss: 0.053286  
	Train = MSE:0.045917 , RMSE:0.214282 , MAE:0.154807 , MAPD:0.844060, R_squared:0.999205  
	Validation = MSE:0.051616 , RMSE:0.227191 , MAE:0.171193 , MAPD:0.967523, R_squared:0.999071

2024-03-21 06:04:42,601 Epoch 200/300, Train Loss: 0.045549, Val Loss: 0.048876  
	Train = MSE:0.045925 , RMSE:0.214302 , MAE:0.155497 , MAPD:0.847633, R_squared:0.999205  
	Validation = MSE:0.047699 , RMSE:0.218402 , MAE:0.154755 , MAPD:0.880243, R_squared:0.999142

2024-03-21 06:04:43,527 Epoch 201/300, Train Loss: 0.042872, Val Loss: 0.049746  
	Train = MSE:0.042600 , RMSE:0.206397 , MAE:0.147889 , MAPD:0.808951, R_squared:0.999263  
	Validation = MSE:0.048246 , RMSE:0.219651 , MAE:0.157113 , MAPD:0.887836, R_squared:0.999132

2024-03-21 06:04:46,899 Epoch 202/300, Train Loss: 0.042620, Val Loss: 0.048362  
	Train = MSE:0.042917 , RMSE:0.207163 , MAE:0.148128 , MAPD:0.809496, R_squared:0.999257  
	Validation = MSE:0.047173 , RMSE:0.217195 , MAE:0.152934 , MAPD:0.869887, R_squared:0.999151

2024-03-21 06:04:47,916 Epoch 203/300, Train Loss: 0.042373, Val Loss: 0.048088  
	Train = MSE:0.042735 , RMSE:0.206725 , MAE:0.149305 , MAPD:0.816503, R_squared:0.999260  
	Validation = MSE:0.046947 , RMSE:0.216672 , MAE:0.151372 , MAPD:0.860575, R_squared:0.999155

2024-03-21 06:04:48,823 Epoch 204/300, Train Loss: 0.044453, Val Loss: 0.051411  
	Train = MSE:0.043949 , RMSE:0.209640 , MAE:0.151482 , MAPD:0.825050, R_squared:0.999239  
	Validation = MSE:0.050581 , RMSE:0.224902 , MAE:0.151758 , MAPD:0.865693, R_squared:0.999090

2024-03-21 06:04:49,731 Epoch 205/300, Train Loss: 0.041703, Val Loss: 0.049052  
	Train = MSE:0.042025 , RMSE:0.205001 , MAE:0.146392 , MAPD:0.804152, R_squared:0.999273  
	Validation = MSE:0.048081 , RMSE:0.219274 , MAE:0.149523 , MAPD:0.851524, R_squared:0.999135

2024-03-21 06:04:50,672 Epoch 206/300, Train Loss: 0.043008, Val Loss: 0.048195  
	Train = MSE:0.043494 , RMSE:0.208553 , MAE:0.149501 , MAPD:0.816367, R_squared:0.999247  
	Validation = MSE:0.047317 , RMSE:0.217525 , MAE:0.148897 , MAPD:0.844034, R_squared:0.999149

2024-03-21 06:04:51,609 Epoch 207/300, Train Loss: 0.042723, Val Loss: 0.050150  
	Train = MSE:0.043093 , RMSE:0.207589 , MAE:0.150307 , MAPD:0.820537, R_squared:0.999254  
	Validation = MSE:0.048822 , RMSE:0.220956 , MAE:0.165258 , MAPD:0.944927, R_squared:0.999122

2024-03-21 06:04:52,615 Epoch 208/300, Train Loss: 0.042445, Val Loss: 0.050754  
	Train = MSE:0.042729 , RMSE:0.206711 , MAE:0.150081 , MAPD:0.820349, R_squared:0.999260  
	Validation = MSE:0.049819 , RMSE:0.223201 , MAE:0.152217 , MAPD:0.873294, R_squared:0.999104

2024-03-21 06:04:53,916 Epoch 209/300, Train Loss: 0.044328, Val Loss: 0.049285  
	Train = MSE:0.044255 , RMSE:0.210369 , MAE:0.151375 , MAPD:0.817936, R_squared:0.999234  
	Validation = MSE:0.048470 , RMSE:0.220159 , MAE:0.157868 , MAPD:0.896638, R_squared:0.999128

2024-03-21 06:04:55,038 Epoch 210/300, Train Loss: 0.041730, Val Loss: 0.047478  
	Train = MSE:0.041538 , RMSE:0.203810 , MAE:0.146816 , MAPD:0.803731, R_squared:0.999281  
	Validation = MSE:0.046281 , RMSE:0.215131 , MAE:0.149588 , MAPD:0.845762, R_squared:0.999167

2024-03-21 06:04:56,004 Epoch 211/300, Train Loss: 0.040229, Val Loss: 0.046635  
	Train = MSE:0.040537 , RMSE:0.201338 , MAE:0.143821 , MAPD:0.787497, R_squared:0.999298  
	Validation = MSE:0.045682 , RMSE:0.213734 , MAE:0.147490 , MAPD:0.837555, R_squared:0.999178

2024-03-21 06:04:58,366 Epoch 212/300, Train Loss: 0.040677, Val Loss: 0.050521  
	Train = MSE:0.040680 , RMSE:0.201693 , MAE:0.143652 , MAPD:0.785488, R_squared:0.999296  
	Validation = MSE:0.049894 , RMSE:0.223371 , MAE:0.151391 , MAPD:0.860917, R_squared:0.999102

2024-03-21 06:04:59,293 Epoch 213/300, Train Loss: 0.040960, Val Loss: 0.048970  
	Train = MSE:0.040674 , RMSE:0.201677 , MAE:0.145375 , MAPD:0.793309, R_squared:0.999296  
	Validation = MSE:0.047825 , RMSE:0.218688 , MAE:0.150691 , MAPD:0.856476, R_squared:0.999139

2024-03-21 06:05:00,238 Epoch 214/300, Train Loss: 0.040870, Val Loss: 0.046874  
	Train = MSE:0.040898 , RMSE:0.202233 , MAE:0.145366 , MAPD:0.798800, R_squared:0.999292  
	Validation = MSE:0.046147 , RMSE:0.214818 , MAE:0.148167 , MAPD:0.835258, R_squared:0.999170

2024-03-21 06:05:01,308 Epoch 215/300, Train Loss: 0.040418, Val Loss: 0.046924  
	Train = MSE:0.040563 , RMSE:0.201401 , MAE:0.143768 , MAPD:0.780672, R_squared:0.999298  
	Validation = MSE:0.046180 , RMSE:0.214896 , MAE:0.149709 , MAPD:0.840975, R_squared:0.999169

2024-03-21 06:05:02,461 Epoch 216/300, Train Loss: 0.041250, Val Loss: 0.046684  
	Train = MSE:0.041157 , RMSE:0.202872 , MAE:0.145628 , MAPD:0.795746, R_squared:0.999288  
	Validation = MSE:0.045704 , RMSE:0.213786 , MAE:0.146848 , MAPD:0.834443, R_squared:0.999178

2024-03-21 06:05:03,420 Epoch 217/300, Train Loss: 0.040600, Val Loss: 0.046160  
	Train = MSE:0.039888 , RMSE:0.199720 , MAE:0.143072 , MAPD:0.778206, R_squared:0.999310  
	Validation = MSE:0.045258 , RMSE:0.212739 , MAE:0.151691 , MAPD:0.868345, R_squared:0.999186

2024-03-21 06:05:04,341 Epoch 218/300, Train Loss: 0.042034, Val Loss: 0.045719  
	Train = MSE:0.041733 , RMSE:0.204286 , MAE:0.147691 , MAPD:0.807148, R_squared:0.999278  
	Validation = MSE:0.044987 , RMSE:0.212102 , MAE:0.144213 , MAPD:0.818520, R_squared:0.999190

2024-03-21 06:05:05,287 Epoch 219/300, Train Loss: 0.039124, Val Loss: 0.048300  
	Train = MSE:0.039372 , RMSE:0.198423 , MAE:0.142499 , MAPD:0.780497, R_squared:0.999318  
	Validation = MSE:0.047605 , RMSE:0.218186 , MAE:0.149311 , MAPD:0.844465, R_squared:0.999143

2024-03-21 06:05:06,216 Epoch 220/300, Train Loss: 0.039083, Val Loss: 0.047653  
	Train = MSE:0.039095 , RMSE:0.197726 , MAE:0.142393 , MAPD:0.779604, R_squared:0.999323  
	Validation = MSE:0.046960 , RMSE:0.216703 , MAE:0.145851 , MAPD:0.830659, R_squared:0.999155

2024-03-21 06:05:07,166 Epoch 221/300, Train Loss: 0.038029, Val Loss: 0.046205  
	Train = MSE:0.038384 , RMSE:0.195920 , MAE:0.140325 , MAPD:0.766955, R_squared:0.999336  
	Validation = MSE:0.045572 , RMSE:0.213476 , MAE:0.145271 , MAPD:0.819281, R_squared:0.999180

2024-03-21 06:05:10,100 Epoch 222/300, Train Loss: 0.039059, Val Loss: 0.044315  
	Train = MSE:0.038305 , RMSE:0.195717 , MAE:0.140082 , MAPD:0.766096, R_squared:0.999337  
	Validation = MSE:0.043265 , RMSE:0.208003 , MAE:0.144428 , MAPD:0.818373, R_squared:0.999221

2024-03-21 06:05:11,569 Epoch 223/300, Train Loss: 0.039159, Val Loss: 0.045871  
	Train = MSE:0.039251 , RMSE:0.198119 , MAE:0.142089 , MAPD:0.776371, R_squared:0.999321  
	Validation = MSE:0.045329 , RMSE:0.212905 , MAE:0.144676 , MAPD:0.815712, R_squared:0.999184

2024-03-21 06:05:12,636 Epoch 224/300, Train Loss: 0.037649, Val Loss: 0.044792  
	Train = MSE:0.038196 , RMSE:0.195437 , MAE:0.140320 , MAPD:0.764973, R_squared:0.999339  
	Validation = MSE:0.043717 , RMSE:0.209087 , MAE:0.146123 , MAPD:0.821813, R_squared:0.999213

2024-03-21 06:05:13,672 Epoch 225/300, Train Loss: 0.039560, Val Loss: 0.044451  
	Train = MSE:0.038624 , RMSE:0.196530 , MAE:0.140664 , MAPD:0.768219, R_squared:0.999331  
	Validation = MSE:0.043811 , RMSE:0.209311 , MAE:0.141425 , MAPD:0.803005, R_squared:0.999212

2024-03-21 06:05:14,960 Epoch 226/300, Train Loss: 0.037950, Val Loss: 0.045811  
	Train = MSE:0.037884 , RMSE:0.194637 , MAE:0.139753 , MAPD:0.763590, R_squared:0.999344  
	Validation = MSE:0.044890 , RMSE:0.211873 , MAE:0.145260 , MAPD:0.827588, R_squared:0.999192

2024-03-21 06:05:16,274 Epoch 227/300, Train Loss: 0.038956, Val Loss: 0.043155  
	Train = MSE:0.038493 , RMSE:0.196197 , MAE:0.141288 , MAPD:0.773024, R_squared:0.999334  
	Validation = MSE:0.042388 , RMSE:0.205883 , MAE:0.140897 , MAPD:0.800652, R_squared:0.999237

2024-03-21 06:05:17,201 Epoch 228/300, Train Loss: 0.036804, Val Loss: 0.044201  
	Train = MSE:0.037216 , RMSE:0.192915 , MAE:0.138173 , MAPD:0.756144, R_squared:0.999356  
	Validation = MSE:0.043338 , RMSE:0.208178 , MAE:0.143134 , MAPD:0.810367, R_squared:0.999220

2024-03-21 06:05:18,373 Epoch 229/300, Train Loss: 0.037548, Val Loss: 0.043061  
	Train = MSE:0.037763 , RMSE:0.194328 , MAE:0.138573 , MAPD:0.757265, R_squared:0.999346  
	Validation = MSE:0.042357 , RMSE:0.205808 , MAE:0.141703 , MAPD:0.804512, R_squared:0.999238

2024-03-21 06:05:19,606 Epoch 230/300, Train Loss: 0.036703, Val Loss: 0.043985  
	Train = MSE:0.036958 , RMSE:0.192246 , MAE:0.137978 , MAPD:0.751912, R_squared:0.999360  
	Validation = MSE:0.042900 , RMSE:0.207123 , MAE:0.150866 , MAPD:0.856979, R_squared:0.999228

2024-03-21 06:05:20,893 Epoch 231/300, Train Loss: 0.038345, Val Loss: 0.044346  
	Train = MSE:0.038321 , RMSE:0.195759 , MAE:0.141414 , MAPD:0.767295, R_squared:0.999337  
	Validation = MSE:0.043807 , RMSE:0.209302 , MAE:0.142238 , MAPD:0.807435, R_squared:0.999212

2024-03-21 06:05:24,430 Epoch 232/300, Train Loss: 0.036611, Val Loss: 0.042790  
	Train = MSE:0.036700 , RMSE:0.191573 , MAE:0.137358 , MAPD:0.749145, R_squared:0.999365  
	Validation = MSE:0.042081 , RMSE:0.205136 , MAE:0.142605 , MAPD:0.803386, R_squared:0.999243

2024-03-21 06:05:25,562 Epoch 233/300, Train Loss: 0.035511, Val Loss: 0.041996  
	Train = MSE:0.035996 , RMSE:0.189725 , MAE:0.135100 , MAPD:0.740322, R_squared:0.999377  
	Validation = MSE:0.041182 , RMSE:0.202933 , MAE:0.140698 , MAPD:0.796578, R_squared:0.999259

2024-03-21 06:05:26,565 Epoch 234/300, Train Loss: 0.036462, Val Loss: 0.045396  
	Train = MSE:0.036630 , RMSE:0.191390 , MAE:0.138006 , MAPD:0.750282, R_squared:0.999366  
	Validation = MSE:0.044898 , RMSE:0.211891 , MAE:0.143315 , MAPD:0.813098, R_squared:0.999192

2024-03-21 06:05:27,567 Epoch 235/300, Train Loss: 0.037329, Val Loss: 0.041697  
	Train = MSE:0.037747 , RMSE:0.194286 , MAE:0.139341 , MAPD:0.761048, R_squared:0.999347  
	Validation = MSE:0.041022 , RMSE:0.202539 , MAE:0.142128 , MAPD:0.805562, R_squared:0.999262

2024-03-21 06:05:28,783 Epoch 236/300, Train Loss: 0.036270, Val Loss: 0.043855  
	Train = MSE:0.036415 , RMSE:0.190827 , MAE:0.137127 , MAPD:0.746099, R_squared:0.999370  
	Validation = MSE:0.043353 , RMSE:0.208213 , MAE:0.140723 , MAPD:0.791028, R_squared:0.999220

2024-03-21 06:05:29,738 Epoch 237/300, Train Loss: 0.037853, Val Loss: 0.041661  
	Train = MSE:0.038044 , RMSE:0.195048 , MAE:0.141514 , MAPD:0.771400, R_squared:0.999341  
	Validation = MSE:0.040880 , RMSE:0.202187 , MAE:0.140754 , MAPD:0.792969, R_squared:0.999264

2024-03-21 06:05:30,685 Epoch 238/300, Train Loss: 0.036582, Val Loss: 0.041008  
	Train = MSE:0.036423 , RMSE:0.190847 , MAE:0.137243 , MAPD:0.745007, R_squared:0.999370  
	Validation = MSE:0.040268 , RMSE:0.200669 , MAE:0.138139 , MAPD:0.782702, R_squared:0.999275

2024-03-21 06:05:31,788 Epoch 239/300, Train Loss: 0.035525, Val Loss: 0.041497  
	Train = MSE:0.035958 , RMSE:0.189627 , MAE:0.137771 , MAPD:0.752412, R_squared:0.999378  
	Validation = MSE:0.040980 , RMSE:0.202434 , MAE:0.137750 , MAPD:0.777461, R_squared:0.999263

2024-03-21 06:05:32,848 Epoch 240/300, Train Loss: 0.035245, Val Loss: 0.040898  
	Train = MSE:0.035362 , RMSE:0.188047 , MAE:0.135657 , MAPD:0.739642, R_squared:0.999388  
	Validation = MSE:0.040381 , RMSE:0.200951 , MAE:0.137095 , MAPD:0.775163, R_squared:0.999273

2024-03-21 06:05:33,737 Epoch 241/300, Train Loss: 0.036306, Val Loss: 0.040284  
	Train = MSE:0.035797 , RMSE:0.189202 , MAE:0.135169 , MAPD:0.734789, R_squared:0.999380  
	Validation = MSE:0.039560 , RMSE:0.198896 , MAE:0.137861 , MAPD:0.780637, R_squared:0.999288

2024-03-21 06:05:36,118 Epoch 242/300, Train Loss: 0.036659, Val Loss: 0.041868  
	Train = MSE:0.036671 , RMSE:0.191498 , MAE:0.138998 , MAPD:0.756022, R_squared:0.999365  
	Validation = MSE:0.040974 , RMSE:0.202421 , MAE:0.144187 , MAPD:0.805081, R_squared:0.999263

2024-03-21 06:05:37,012 Epoch 243/300, Train Loss: 0.036072, Val Loss: 0.042804  
	Train = MSE:0.035999 , RMSE:0.189735 , MAE:0.137178 , MAPD:0.745369, R_squared:0.999377  
	Validation = MSE:0.042308 , RMSE:0.205690 , MAE:0.139108 , MAPD:0.795898, R_squared:0.999239

2024-03-21 06:05:37,906 Epoch 244/300, Train Loss: 0.036193, Val Loss: 0.047420  
	Train = MSE:0.036155 , RMSE:0.190144 , MAE:0.138354 , MAPD:0.752441, R_squared:0.999374  
	Validation = MSE:0.046322 , RMSE:0.215224 , MAE:0.166933 , MAPD:0.943167, R_squared:0.999166

2024-03-21 06:05:38,772 Epoch 245/300, Train Loss: 0.037103, Val Loss: 0.043672  
	Train = MSE:0.037105 , RMSE:0.192627 , MAE:0.140412 , MAPD:0.758794, R_squared:0.999358  
	Validation = MSE:0.043347 , RMSE:0.208199 , MAE:0.141648 , MAPD:0.785561, R_squared:0.999220

2024-03-21 06:05:39,719 Epoch 246/300, Train Loss: 0.036772, Val Loss: 0.041432  
	Train = MSE:0.036492 , RMSE:0.191028 , MAE:0.138098 , MAPD:0.751555, R_squared:0.999368  
	Validation = MSE:0.040532 , RMSE:0.201325 , MAE:0.142551 , MAPD:0.792158, R_squared:0.999271

2024-03-21 06:05:40,981 Epoch 247/300, Train Loss: 0.034700, Val Loss: 0.039587  
	Train = MSE:0.034414 , RMSE:0.185510 , MAE:0.134581 , MAPD:0.732216, R_squared:0.999404  
	Validation = MSE:0.039009 , RMSE:0.197506 , MAE:0.136513 , MAPD:0.775139, R_squared:0.999298

2024-03-21 06:05:42,169 Epoch 248/300, Train Loss: 0.035789, Val Loss: 0.042134  
	Train = MSE:0.035135 , RMSE:0.187444 , MAE:0.134309 , MAPD:0.727182, R_squared:0.999392  
	Validation = MSE:0.041612 , RMSE:0.203991 , MAE:0.148635 , MAPD:0.834401, R_squared:0.999251

2024-03-21 06:05:43,088 Epoch 249/300, Train Loss: 0.034663, Val Loss: 0.039039  
	Train = MSE:0.034380 , RMSE:0.185418 , MAE:0.133447 , MAPD:0.723382, R_squared:0.999405  
	Validation = MSE:0.038429 , RMSE:0.196034 , MAE:0.134804 , MAPD:0.761126, R_squared:0.999309

2024-03-21 06:05:43,999 Epoch 250/300, Train Loss: 0.034047, Val Loss: 0.041569  
	Train = MSE:0.033698 , RMSE:0.183571 , MAE:0.132485 , MAPD:0.720929, R_squared:0.999417  
	Validation = MSE:0.040759 , RMSE:0.201888 , MAE:0.150435 , MAPD:0.851981, R_squared:0.999267

2024-03-21 06:05:44,888 Epoch 251/300, Train Loss: 0.035516, Val Loss: 0.042900  
	Train = MSE:0.035549 , RMSE:0.188545 , MAE:0.137330 , MAPD:0.746676, R_squared:0.999385  
	Validation = MSE:0.042685 , RMSE:0.206603 , MAE:0.139529 , MAPD:0.777812, R_squared:0.999232

2024-03-21 06:05:47,320 Epoch 252/300, Train Loss: 0.033453, Val Loss: 0.038991  
	Train = MSE:0.033748 , RMSE:0.183706 , MAE:0.131867 , MAPD:0.716257, R_squared:0.999416  
	Validation = MSE:0.038363 , RMSE:0.195865 , MAE:0.136910 , MAPD:0.770356, R_squared:0.999310

2024-03-21 06:05:48,546 Epoch 253/300, Train Loss: 0.033018, Val Loss: 0.040044  
	Train = MSE:0.033129 , RMSE:0.182014 , MAE:0.131052 , MAPD:0.711818, R_squared:0.999427  
	Validation = MSE:0.039748 , RMSE:0.199368 , MAE:0.135002 , MAPD:0.756357, R_squared:0.999285

2024-03-21 06:05:49,504 Epoch 254/300, Train Loss: 0.034326, Val Loss: 0.039562  
	Train = MSE:0.033333 , RMSE:0.182573 , MAE:0.130597 , MAPD:0.706056, R_squared:0.999423  
	Validation = MSE:0.038912 , RMSE:0.197262 , MAE:0.141953 , MAPD:0.813048, R_squared:0.999300

2024-03-21 06:05:50,394 Epoch 255/300, Train Loss: 0.034623, Val Loss: 0.042460  
	Train = MSE:0.034819 , RMSE:0.186599 , MAE:0.135986 , MAPD:0.734499, R_squared:0.999397  
	Validation = MSE:0.042265 , RMSE:0.205583 , MAE:0.139583 , MAPD:0.791170, R_squared:0.999239

2024-03-21 06:05:51,301 Epoch 256/300, Train Loss: 0.034611, Val Loss: 0.038136  
	Train = MSE:0.034582 , RMSE:0.185964 , MAE:0.135610 , MAPD:0.734826, R_squared:0.999401  
	Validation = MSE:0.037683 , RMSE:0.194121 , MAE:0.133002 , MAPD:0.748928, R_squared:0.999322

2024-03-21 06:05:52,185 Epoch 257/300, Train Loss: 0.033520, Val Loss: 0.038558  
	Train = MSE:0.033476 , RMSE:0.182965 , MAE:0.132270 , MAPD:0.717754, R_squared:0.999421  
	Validation = MSE:0.037964 , RMSE:0.194844 , MAE:0.133907 , MAPD:0.752738, R_squared:0.999317

2024-03-21 06:05:53,228 Epoch 258/300, Train Loss: 0.032780, Val Loss: 0.038884  
	Train = MSE:0.032879 , RMSE:0.181326 , MAE:0.130960 , MAPD:0.711271, R_squared:0.999431  
	Validation = MSE:0.038644 , RMSE:0.196581 , MAE:0.132874 , MAPD:0.747087, R_squared:0.999305

2024-03-21 06:05:54,397 Epoch 259/300, Train Loss: 0.032797, Val Loss: 0.038233  
	Train = MSE:0.033072 , RMSE:0.181857 , MAE:0.131360 , MAPD:0.713538, R_squared:0.999428  
	Validation = MSE:0.037877 , RMSE:0.194621 , MAE:0.132674 , MAPD:0.744310, R_squared:0.999318

2024-03-21 06:05:55,294 Epoch 260/300, Train Loss: 0.032528, Val Loss: 0.041794  
	Train = MSE:0.032700 , RMSE:0.180831 , MAE:0.131225 , MAPD:0.710637, R_squared:0.999434  
	Validation = MSE:0.041270 , RMSE:0.203150 , MAE:0.140524 , MAPD:0.795154, R_squared:0.999257

2024-03-21 06:05:56,176 Epoch 261/300, Train Loss: 0.032872, Val Loss: 0.039442  
	Train = MSE:0.033358 , RMSE:0.182643 , MAE:0.131416 , MAPD:0.712366, R_squared:0.999423  
	Validation = MSE:0.039165 , RMSE:0.197902 , MAE:0.133760 , MAPD:0.759351, R_squared:0.999295

2024-03-21 06:05:58,882 Epoch 262/300, Train Loss: 0.032941, Val Loss: 0.042032  
	Train = MSE:0.032756 , RMSE:0.180986 , MAE:0.130796 , MAPD:0.704277, R_squared:0.999433  
	Validation = MSE:0.041141 , RMSE:0.202833 , MAE:0.154329 , MAPD:0.886808, R_squared:0.999260

2024-03-21 06:06:00,076 Epoch 263/300, Train Loss: 0.034047, Val Loss: 0.039413  
	Train = MSE:0.034320 , RMSE:0.185257 , MAE:0.135294 , MAPD:0.725645, R_squared:0.999406  
	Validation = MSE:0.039284 , RMSE:0.198202 , MAE:0.134593 , MAPD:0.744337, R_squared:0.999293

2024-03-21 06:06:01,318 Epoch 264/300, Train Loss: 0.032618, Val Loss: 0.038221  
	Train = MSE:0.032476 , RMSE:0.180210 , MAE:0.130322 , MAPD:0.708021, R_squared:0.999438  
	Validation = MSE:0.037679 , RMSE:0.194111 , MAE:0.133020 , MAPD:0.748342, R_squared:0.999322

2024-03-21 06:06:02,562 Epoch 265/300, Train Loss: 0.031719, Val Loss: 0.043807  
	Train = MSE:0.032153 , RMSE:0.179311 , MAE:0.129171 , MAPD:0.701275, R_squared:0.999443  
	Validation = MSE:0.043812 , RMSE:0.209312 , MAE:0.144302 , MAPD:0.817524, R_squared:0.999212

2024-03-21 06:06:03,810 Epoch 266/300, Train Loss: 0.032953, Val Loss: 0.038484  
	Train = MSE:0.032798 , RMSE:0.181102 , MAE:0.131271 , MAPD:0.709808, R_squared:0.999432  
	Validation = MSE:0.037659 , RMSE:0.194060 , MAE:0.141061 , MAPD:0.789808, R_squared:0.999322

2024-03-21 06:06:05,069 Epoch 267/300, Train Loss: 0.031924, Val Loss: 0.038070  
	Train = MSE:0.032146 , RMSE:0.179294 , MAE:0.129936 , MAPD:0.702372, R_squared:0.999444  
	Validation = MSE:0.037318 , RMSE:0.193179 , MAE:0.136123 , MAPD:0.755246, R_squared:0.999328

2024-03-21 06:06:06,403 Epoch 268/300, Train Loss: 0.031310, Val Loss: 0.036963  
	Train = MSE:0.031218 , RMSE:0.176685 , MAE:0.127709 , MAPD:0.688696, R_squared:0.999460  
	Validation = MSE:0.036374 , RMSE:0.190720 , MAE:0.134474 , MAPD:0.758318, R_squared:0.999345

2024-03-21 06:06:07,626 Epoch 269/300, Train Loss: 0.032208, Val Loss: 0.036309  
	Train = MSE:0.031659 , RMSE:0.177930 , MAE:0.128141 , MAPD:0.698124, R_squared:0.999452  
	Validation = MSE:0.035657 , RMSE:0.188832 , MAE:0.131431 , MAPD:0.738256, R_squared:0.999358

2024-03-21 06:06:08,841 Epoch 270/300, Train Loss: 0.030897, Val Loss: 0.036407  
	Train = MSE:0.030899 , RMSE:0.175781 , MAE:0.127423 , MAPD:0.685929, R_squared:0.999465  
	Validation = MSE:0.036102 , RMSE:0.190005 , MAE:0.129757 , MAPD:0.726097, R_squared:0.999350

2024-03-21 06:06:10,034 Epoch 271/300, Train Loss: 0.031278, Val Loss: 0.036439  
	Train = MSE:0.031203 , RMSE:0.176643 , MAE:0.126845 , MAPD:0.686066, R_squared:0.999460  
	Validation = MSE:0.036151 , RMSE:0.190135 , MAE:0.128740 , MAPD:0.720576, R_squared:0.999349

2024-03-21 06:06:13,885 Epoch 272/300, Train Loss: 0.033154, Val Loss: 0.061515  
	Train = MSE:0.033567 , RMSE:0.183212 , MAE:0.134721 , MAPD:0.732272, R_squared:0.999419  
	Validation = MSE:0.061888 , RMSE:0.248773 , MAE:0.187233 , MAPD:1.093522, R_squared:0.998886

2024-03-21 06:06:15,176 Epoch 273/300, Train Loss: 0.037443, Val Loss: 0.037215  
	Train = MSE:0.037276 , RMSE:0.193070 , MAE:0.142447 , MAPD:0.769575, R_squared:0.999355  
	Validation = MSE:0.036530 , RMSE:0.191128 , MAE:0.134306 , MAPD:0.742223, R_squared:0.999343

2024-03-21 06:06:16,422 Epoch 274/300, Train Loss: 0.032032, Val Loss: 0.037113  
	Train = MSE:0.032450 , RMSE:0.180140 , MAE:0.132146 , MAPD:0.716313, R_squared:0.999438  
	Validation = MSE:0.036409 , RMSE:0.190812 , MAE:0.134127 , MAPD:0.743465, R_squared:0.999345

2024-03-21 06:06:17,546 Epoch 275/300, Train Loss: 0.031467, Val Loss: 0.041016  
	Train = MSE:0.031115 , RMSE:0.176395 , MAE:0.128594 , MAPD:0.693323, R_squared:0.999461  
	Validation = MSE:0.041090 , RMSE:0.202707 , MAE:0.138300 , MAPD:0.779959, R_squared:0.999261

2024-03-21 06:06:18,421 Epoch 276/300, Train Loss: 0.030902, Val Loss: 0.038751  
	Train = MSE:0.030988 , RMSE:0.176035 , MAE:0.127647 , MAPD:0.690578, R_squared:0.999464  
	Validation = MSE:0.038320 , RMSE:0.195755 , MAE:0.133998 , MAPD:0.757194, R_squared:0.999310

2024-03-21 06:06:19,308 Epoch 277/300, Train Loss: 0.030977, Val Loss: 0.035421  
	Train = MSE:0.030932 , RMSE:0.175874 , MAE:0.127934 , MAPD:0.689443, R_squared:0.999465  
	Validation = MSE:0.035109 , RMSE:0.187373 , MAE:0.127769 , MAPD:0.716610, R_squared:0.999368

2024-03-21 06:06:20,248 Epoch 278/300, Train Loss: 0.030210, Val Loss: 0.036465  
	Train = MSE:0.030042 , RMSE:0.173325 , MAE:0.125383 , MAPD:0.679135, R_squared:0.999480  
	Validation = MSE:0.035834 , RMSE:0.189300 , MAE:0.132104 , MAPD:0.732848, R_squared:0.999355

2024-03-21 06:06:21,358 Epoch 279/300, Train Loss: 0.030059, Val Loss: 0.036670  
	Train = MSE:0.030148 , RMSE:0.173631 , MAE:0.124993 , MAPD:0.671683, R_squared:0.999478  
	Validation = MSE:0.036293 , RMSE:0.190507 , MAE:0.130279 , MAPD:0.734721, R_squared:0.999347

2024-03-21 06:06:22,657 Epoch 280/300, Train Loss: 0.029191, Val Loss: 0.034725  
	Train = MSE:0.029402 , RMSE:0.171470 , MAE:0.123665 , MAPD:0.667382, R_squared:0.999491  
	Validation = MSE:0.034419 , RMSE:0.185523 , MAE:0.125279 , MAPD:0.704598, R_squared:0.999381

2024-03-21 06:06:23,775 Epoch 281/300, Train Loss: 0.029041, Val Loss: 0.035240  
	Train = MSE:0.029054 , RMSE:0.170452 , MAE:0.123083 , MAPD:0.667084, R_squared:0.999497  
	Validation = MSE:0.034813 , RMSE:0.186583 , MAE:0.129134 , MAPD:0.718282, R_squared:0.999374

2024-03-21 06:06:26,238 Epoch 282/300, Train Loss: 0.030429, Val Loss: 0.041959  
	Train = MSE:0.030626 , RMSE:0.175004 , MAE:0.126620 , MAPD:0.683081, R_squared:0.999470  
	Validation = MSE:0.040796 , RMSE:0.201981 , MAE:0.153445 , MAPD:0.834382, R_squared:0.999266

2024-03-21 06:06:27,134 Epoch 283/300, Train Loss: 0.032657, Val Loss: 0.035042  
	Train = MSE:0.032771 , RMSE:0.181026 , MAE:0.132627 , MAPD:0.716302, R_squared:0.999433  
	Validation = MSE:0.034367 , RMSE:0.185383 , MAE:0.131213 , MAPD:0.728989, R_squared:0.999382

2024-03-21 06:06:28,004 Epoch 284/300, Train Loss: 0.030201, Val Loss: 0.039729  
	Train = MSE:0.030091 , RMSE:0.173467 , MAE:0.125405 , MAPD:0.675024, R_squared:0.999479  
	Validation = MSE:0.039923 , RMSE:0.199808 , MAE:0.136338 , MAPD:0.757928, R_squared:0.999282

2024-03-21 06:06:28,866 Epoch 285/300, Train Loss: 0.030141, Val Loss: 0.034401  
	Train = MSE:0.030016 , RMSE:0.173250 , MAE:0.125994 , MAPD:0.681406, R_squared:0.999480  
	Validation = MSE:0.034117 , RMSE:0.184707 , MAE:0.125530 , MAPD:0.703885, R_squared:0.999386

2024-03-21 06:06:29,737 Epoch 286/300, Train Loss: 0.028194, Val Loss: 0.036952  
	Train = MSE:0.028411 , RMSE:0.168556 , MAE:0.121574 , MAPD:0.655363, R_squared:0.999508  
	Validation = MSE:0.036872 , RMSE:0.192020 , MAE:0.128870 , MAPD:0.733637, R_squared:0.999337

2024-03-21 06:06:30,624 Epoch 287/300, Train Loss: 0.029747, Val Loss: 0.035849  
	Train = MSE:0.029984 , RMSE:0.173157 , MAE:0.125767 , MAPD:0.677458, R_squared:0.999481  
	Validation = MSE:0.035907 , RMSE:0.189492 , MAE:0.126639 , MAPD:0.706663, R_squared:0.999354

2024-03-21 06:06:31,501 Epoch 288/300, Train Loss: 0.030364, Val Loss: 0.036336  
	Train = MSE:0.030379 , RMSE:0.174296 , MAE:0.127417 , MAPD:0.685116, R_squared:0.999474  
	Validation = MSE:0.036374 , RMSE:0.190719 , MAE:0.127913 , MAPD:0.709822, R_squared:0.999345

2024-03-21 06:06:32,376 Epoch 289/300, Train Loss: 0.030079, Val Loss: 0.035229  
	Train = MSE:0.030273 , RMSE:0.173991 , MAE:0.126194 , MAPD:0.676771, R_squared:0.999476  
	Validation = MSE:0.034791 , RMSE:0.186524 , MAE:0.128681 , MAPD:0.712261, R_squared:0.999374

2024-03-21 06:06:33,263 Epoch 290/300, Train Loss: 0.029393, Val Loss: 0.034892  
	Train = MSE:0.029175 , RMSE:0.170807 , MAE:0.124452 , MAPD:0.673358, R_squared:0.999495  
	Validation = MSE:0.034420 , RMSE:0.185526 , MAE:0.134979 , MAPD:0.768623, R_squared:0.999381

2024-03-21 06:06:34,157 Epoch 291/300, Train Loss: 0.032454, Val Loss: 0.034390  
	Train = MSE:0.032067 , RMSE:0.179074 , MAE:0.132844 , MAPD:0.712362, R_squared:0.999445  
	Validation = MSE:0.033994 , RMSE:0.184374 , MAE:0.132167 , MAPD:0.749815, R_squared:0.999388

2024-03-21 06:06:36,606 Epoch 292/300, Train Loss: 0.029565, Val Loss: 0.037289  
	Train = MSE:0.029880 , RMSE:0.172860 , MAE:0.127019 , MAPD:0.685008, R_squared:0.999483  
	Validation = MSE:0.037341 , RMSE:0.193239 , MAE:0.131419 , MAPD:0.748951, R_squared:0.999328

2024-03-21 06:06:37,511 Epoch 293/300, Train Loss: 0.028543, Val Loss: 0.037245  
	Train = MSE:0.028424 , RMSE:0.168595 , MAE:0.121271 , MAPD:0.656671, R_squared:0.999508  
	Validation = MSE:0.036385 , RMSE:0.190747 , MAE:0.138477 , MAPD:0.748402, R_squared:0.999345

2024-03-21 06:06:38,732 Epoch 294/300, Train Loss: 0.031122, Val Loss: 0.045286  
	Train = MSE:0.031258 , RMSE:0.176798 , MAE:0.131045 , MAPD:0.708354, R_squared:0.999459  
	Validation = MSE:0.045631 , RMSE:0.213615 , MAE:0.152691 , MAPD:0.883619, R_squared:0.999179

2024-03-21 06:06:39,949 Epoch 295/300, Train Loss: 0.032347, Val Loss: 0.038298  
	Train = MSE:0.032232 , RMSE:0.179533 , MAE:0.131520 , MAPD:0.702063, R_squared:0.999442  
	Validation = MSE:0.038509 , RMSE:0.196237 , MAE:0.132898 , MAPD:0.735453, R_squared:0.999307

2024-03-21 06:06:41,165 Epoch 296/300, Train Loss: 0.031082, Val Loss: 0.034272  
	Train = MSE:0.030841 , RMSE:0.175615 , MAE:0.127899 , MAPD:0.681355, R_squared:0.999466  
	Validation = MSE:0.034110 , RMSE:0.184690 , MAE:0.133035 , MAPD:0.756361, R_squared:0.999386

2024-03-21 06:06:42,423 Epoch 297/300, Train Loss: 0.028634, Val Loss: 0.034028  
	Train = MSE:0.028842 , RMSE:0.169830 , MAE:0.123752 , MAPD:0.662914, R_squared:0.999501  
	Validation = MSE:0.033363 , RMSE:0.182655 , MAE:0.130247 , MAPD:0.719776, R_squared:0.999400

2024-03-21 06:06:43,699 Epoch 298/300, Train Loss: 0.031337, Val Loss: 0.034353  
	Train = MSE:0.031103 , RMSE:0.176362 , MAE:0.129901 , MAPD:0.698012, R_squared:0.999462  
	Validation = MSE:0.034078 , RMSE:0.184602 , MAE:0.126213 , MAPD:0.705681, R_squared:0.999387

2024-03-21 06:06:44,638 Epoch 299/300, Train Loss: 0.028645, Val Loss: 0.035848  
	Train = MSE:0.028598 , RMSE:0.169110 , MAE:0.123406 , MAPD:0.662134, R_squared:0.999505  
	Validation = MSE:0.035541 , RMSE:0.188524 , MAE:0.130222 , MAPD:0.735588, R_squared:0.999360

2024-03-21 06:06:45,512 Epoch 300/300, Train Loss: 0.028479, Val Loss: 0.036744  
	Train = MSE:0.028571 , RMSE:0.169029 , MAE:0.123842 , MAPD:0.665510, R_squared:0.999505  
	Validation = MSE:0.035931 , RMSE:0.189555 , MAE:0.139153 , MAPD:0.754217, R_squared:0.999353

2024-03-21 06:06:45,517 Time for training the model: 334.937998
2024-03-21 06:06:46,747 MSE for train: 0.031651
2024-03-21 06:06:46,747 RMSE for train: 0.177906
2024-03-21 06:06:46,747 MAE for train: 0.133782
2024-03-21 06:06:46,747 MAPD for train: 0.697281
2024-03-21 06:06:46,747 R^2 Score for train: 0.999452
2024-03-21 06:06:46,752 Inference time for train dataset: 0.311999

2024-03-21 06:06:46,819 MSE for val: 0.035931
2024-03-21 06:06:46,820 RMSE for val: 0.189555
2024-03-21 06:06:46,820 MAE for val: 0.139153
2024-03-21 06:06:46,820 MAPD for val: 0.754217
2024-03-21 06:06:46,820 R^2 Score for val: 0.999353
2024-03-21 06:06:46,825 Inference time for val dataset: 0.068000

2024-03-21 06:06:46,889 MSE for test: 0.038289
2024-03-21 06:06:46,889 RMSE for test: 0.195675
2024-03-21 06:06:46,889 MAE for test: 0.137289
2024-03-21 06:06:46,889 MAPD for test: 0.706838
2024-03-21 06:06:46,889 R^2 Score for test: 0.999368
2024-03-21 06:06:46,891 Inference time for test dataset: 0.062999

2024-03-21 06:06:48,991 Train label average: , [20.62097221]
2024-03-21 06:06:48,992 Test label average: , [21.41736175]
2024-03-21 06:06:48,992 validation label average: , [20.14607025]
2024-03-21 06:06:48,992 predicted (on validation dataset) values average: , 21.4717138671875
