2024-03-21 04:02:02,452 train batches in dataset: 13
2024-03-21 04:02:02,452 val batches in dataset: 2
2024-03-21 04:02:02,452 test batches in dataset: 2
2024-03-21 04:02:02,468 Trainable parameter: net_core.0.weight - size: torch.Size([256, 35])
2024-03-21 04:02:02,476 Trainable parameter: net_core.0.bias - size: torch.Size([256])
2024-03-21 04:02:02,482 Trainable parameter: net_core.1.weight - size: torch.Size([128, 256])
2024-03-21 04:02:02,490 Trainable parameter: net_core.1.bias - size: torch.Size([128])
2024-03-21 04:02:02,497 Trainable parameter: net_core.2.weight - size: torch.Size([64, 128])
2024-03-21 04:02:02,508 Trainable parameter: net_core.2.bias - size: torch.Size([64])
2024-03-21 04:02:02,517 Trainable parameter: net_core.3.weight - size: torch.Size([16, 64])
2024-03-21 04:02:02,518 Trainable parameter: net_core.3.bias - size: torch.Size([16])
2024-03-21 04:02:02,518 Trainable parameter: net_core.4.weight - size: torch.Size([1, 16])
2024-03-21 04:02:02,519 Trainable parameter: net_core.4.bias - size: torch.Size([1])
2024-03-21 04:02:02,519 Number of trainable parameters: 51425
2024-03-21 04:02:02,519 Number of non-trainable parameters: 0
2024-03-21 04:02:05,419 Epoch 1/300, Train Loss: 152.794500, Val Loss: 54.319967  
	Train = MSE:156.064194 , RMSE:12.492565 , MAE:9.865924 , MAPD:50.448231, R_squared:-1.701498  
	Validation = MSE:53.583965 , RMSE:7.320107 , MAE:5.350017 , MAPD:23.223799, R_squared:0.035808

2024-03-21 04:02:08,959 Epoch 2/300, Train Loss: 31.186617, Val Loss: 15.539647  
	Train = MSE:31.387840 , RMSE:5.602485 , MAE:4.510158 , MAPD:25.381416, R_squared:0.456671  
	Validation = MSE:15.428320 , RMSE:3.927890 , MAE:3.139301 , MAPD:15.568531, R_squared:0.722382

2024-03-21 04:02:10,865 Epoch 3/300, Train Loss: 8.638279, Val Loss: 4.257355  
	Train = MSE:8.743206 , RMSE:2.956891 , MAE:2.378837 , MAPD:13.948262, R_squared:0.848654  
	Validation = MSE:4.221541 , RMSE:2.054639 , MAE:1.699355 , MAPD:9.296147, R_squared:0.924037

2024-03-21 04:02:12,497 Epoch 4/300, Train Loss: 4.230743, Val Loss: 3.242187  
	Train = MSE:4.278447 , RMSE:2.068441 , MAE:1.649307 , MAPD:8.956570, R_squared:0.925939  
	Validation = MSE:3.180407 , RMSE:1.783369 , MAE:1.368786 , MAPD:7.608890, R_squared:0.942772

2024-03-21 04:02:13,627 Epoch 5/300, Train Loss: 2.980028, Val Loss: 2.848932  
	Train = MSE:2.990476 , RMSE:1.729299 , MAE:1.377550 , MAPD:7.673578, R_squared:0.948234  
	Validation = MSE:2.822131 , RMSE:1.679920 , MAE:1.305525 , MAPD:7.994223, R_squared:0.949218

2024-03-21 04:02:15,115 Epoch 6/300, Train Loss: 2.330603, Val Loss: 1.916063  
	Train = MSE:2.349167 , RMSE:1.532699 , MAE:1.240443 , MAPD:7.194644, R_squared:0.959336  
	Validation = MSE:1.924649 , RMSE:1.387317 , MAE:1.156437 , MAPD:6.650259, R_squared:0.965368

2024-03-21 04:02:16,757 Epoch 7/300, Train Loss: 1.791501, Val Loss: 1.504779  
	Train = MSE:1.806753 , RMSE:1.344155 , MAE:1.116004 , MAPD:6.371618, R_squared:0.968725  
	Validation = MSE:1.494185 , RMSE:1.222369 , MAE:1.013512 , MAPD:5.927036, R_squared:0.973114

2024-03-21 04:02:18,959 Epoch 8/300, Train Loss: 1.480518, Val Loss: 1.209302  
	Train = MSE:1.488366 , RMSE:1.219986 , MAE:1.011255 , MAPD:5.776874, R_squared:0.974236  
	Validation = MSE:1.210205 , RMSE:1.100093 , MAE:0.914199 , MAPD:5.319043, R_squared:0.978224

2024-03-21 04:02:20,127 Epoch 9/300, Train Loss: 1.194799, Val Loss: 0.953015  
	Train = MSE:1.196777 , RMSE:1.093973 , MAE:0.897903 , MAPD:5.113070, R_squared:0.979284  
	Validation = MSE:0.954597 , RMSE:0.977035 , MAE:0.811076 , MAPD:4.627508, R_squared:0.982823

2024-03-21 04:02:21,282 Epoch 10/300, Train Loss: 0.945064, Val Loss: 0.737237  
	Train = MSE:0.954197 , RMSE:0.976830 , MAE:0.798607 , MAPD:4.452964, R_squared:0.983483  
	Validation = MSE:0.731821 , RMSE:0.855465 , MAE:0.690862 , MAPD:3.992548, R_squared:0.986832

2024-03-21 04:02:22,391 Epoch 11/300, Train Loss: 0.729779, Val Loss: 0.604675  
	Train = MSE:0.731383 , RMSE:0.855209 , MAE:0.682220 , MAPD:3.778119, R_squared:0.987340  
	Validation = MSE:0.613348 , RMSE:0.783165 , MAE:0.643852 , MAPD:3.472687, R_squared:0.988963

2024-03-21 04:02:25,345 Epoch 12/300, Train Loss: 0.551962, Val Loss: 0.411897  
	Train = MSE:0.553303 , RMSE:0.743843 , MAE:0.581131 , MAPD:3.172099, R_squared:0.990422  
	Validation = MSE:0.409029 , RMSE:0.639553 , MAE:0.503493 , MAPD:2.774000, R_squared:0.992640

2024-03-21 04:02:26,767 Epoch 13/300, Train Loss: 0.411143, Val Loss: 0.322378  
	Train = MSE:0.412674 , RMSE:0.642397 , MAE:0.490133 , MAPD:2.621179, R_squared:0.992857  
	Validation = MSE:0.320604 , RMSE:0.566219 , MAE:0.433642 , MAPD:2.346345, R_squared:0.994231

2024-03-21 04:02:28,511 Epoch 14/300, Train Loss: 0.327456, Val Loss: 0.300718  
	Train = MSE:0.329128 , RMSE:0.573697 , MAE:0.429305 , MAPD:2.272700, R_squared:0.994303  
	Validation = MSE:0.308214 , RMSE:0.555170 , MAE:0.415947 , MAPD:2.179745, R_squared:0.994454

2024-03-21 04:02:30,138 Epoch 15/300, Train Loss: 0.262962, Val Loss: 0.232017  
	Train = MSE:0.265523 , RMSE:0.515289 , MAE:0.376497 , MAPD:1.978782, R_squared:0.995404  
	Validation = MSE:0.232959 , RMSE:0.482659 , MAE:0.352642 , MAPD:1.878772, R_squared:0.995808

2024-03-21 04:02:31,300 Epoch 16/300, Train Loss: 0.231538, Val Loss: 0.224008  
	Train = MSE:0.230746 , RMSE:0.480360 , MAE:0.347245 , MAPD:1.815747, R_squared:0.996006  
	Validation = MSE:0.227889 , RMSE:0.477377 , MAE:0.342096 , MAPD:1.821196, R_squared:0.995899

2024-03-21 04:02:32,441 Epoch 17/300, Train Loss: 0.210518, Val Loss: 0.207879  
	Train = MSE:0.210044 , RMSE:0.458305 , MAE:0.329291 , MAPD:1.726585, R_squared:0.996364  
	Validation = MSE:0.211436 , RMSE:0.459822 , MAE:0.330601 , MAPD:1.755014, R_squared:0.996195

2024-03-21 04:02:33,586 Epoch 18/300, Train Loss: 0.189571, Val Loss: 0.212103  
	Train = MSE:0.192614 , RMSE:0.438878 , MAE:0.316809 , MAPD:1.664020, R_squared:0.996666  
	Validation = MSE:0.217231 , RMSE:0.466081 , MAE:0.333356 , MAPD:1.757228, R_squared:0.996091

2024-03-21 04:02:34,821 Epoch 19/300, Train Loss: 0.184055, Val Loss: 0.209532  
	Train = MSE:0.183850 , RMSE:0.428777 , MAE:0.307505 , MAPD:1.614183, R_squared:0.996818  
	Validation = MSE:0.214722 , RMSE:0.463381 , MAE:0.332576 , MAPD:1.742326, R_squared:0.996136

2024-03-21 04:02:36,458 Epoch 20/300, Train Loss: 0.174240, Val Loss: 0.185697  
	Train = MSE:0.173576 , RMSE:0.416624 , MAE:0.300885 , MAPD:1.582491, R_squared:0.996995  
	Validation = MSE:0.188391 , RMSE:0.434040 , MAE:0.309457 , MAPD:1.648701, R_squared:0.996610

2024-03-21 04:02:37,916 Epoch 21/300, Train Loss: 0.163789, Val Loss: 0.174377  
	Train = MSE:0.165094 , RMSE:0.406318 , MAE:0.290364 , MAPD:1.527746, R_squared:0.997142  
	Validation = MSE:0.175718 , RMSE:0.419187 , MAE:0.298643 , MAPD:1.599994, R_squared:0.996838

2024-03-21 04:02:40,827 Epoch 22/300, Train Loss: 0.157681, Val Loss: 0.183042  
	Train = MSE:0.157720 , RMSE:0.397139 , MAE:0.284438 , MAPD:1.499330, R_squared:0.997270  
	Validation = MSE:0.186216 , RMSE:0.431527 , MAE:0.307785 , MAPD:1.621810, R_squared:0.996649

2024-03-21 04:02:41,999 Epoch 23/300, Train Loss: 0.152968, Val Loss: 0.163857  
	Train = MSE:0.152882 , RMSE:0.391001 , MAE:0.280996 , MAPD:1.484158, R_squared:0.997354  
	Validation = MSE:0.164828 , RMSE:0.405990 , MAE:0.290326 , MAPD:1.564629, R_squared:0.997034

2024-03-21 04:02:43,133 Epoch 24/300, Train Loss: 0.146273, Val Loss: 0.169698  
	Train = MSE:0.147134 , RMSE:0.383581 , MAE:0.275609 , MAPD:1.454937, R_squared:0.997453  
	Validation = MSE:0.172224 , RMSE:0.414999 , MAE:0.295102 , MAPD:1.567021, R_squared:0.996901

2024-03-21 04:02:44,244 Epoch 25/300, Train Loss: 0.142514, Val Loss: 0.154412  
	Train = MSE:0.142414 , RMSE:0.377378 , MAE:0.269986 , MAPD:1.429357, R_squared:0.997535  
	Validation = MSE:0.155017 , RMSE:0.393722 , MAE:0.280304 , MAPD:1.506386, R_squared:0.997211

2024-03-21 04:02:45,375 Epoch 26/300, Train Loss: 0.139980, Val Loss: 0.147615  
	Train = MSE:0.140269 , RMSE:0.374526 , MAE:0.269554 , MAPD:1.429130, R_squared:0.997572  
	Validation = MSE:0.146516 , RMSE:0.382774 , MAE:0.272187 , MAPD:1.472420, R_squared:0.997364

2024-03-21 04:02:46,631 Epoch 27/300, Train Loss: 0.133588, Val Loss: 0.144421  
	Train = MSE:0.134932 , RMSE:0.367330 , MAE:0.263112 , MAPD:1.395080, R_squared:0.997664  
	Validation = MSE:0.144450 , RMSE:0.380066 , MAE:0.269344 , MAPD:1.463333, R_squared:0.997401

2024-03-21 04:02:48,194 Epoch 28/300, Train Loss: 0.132209, Val Loss: 0.141875  
	Train = MSE:0.132081 , RMSE:0.363430 , MAE:0.259660 , MAPD:1.376676, R_squared:0.997714  
	Validation = MSE:0.141879 , RMSE:0.376668 , MAE:0.265951 , MAPD:1.440939, R_squared:0.997447

2024-03-21 04:02:49,370 Epoch 29/300, Train Loss: 0.127691, Val Loss: 0.138156  
	Train = MSE:0.128244 , RMSE:0.358111 , MAE:0.257443 , MAPD:1.366281, R_squared:0.997780  
	Validation = MSE:0.135563 , RMSE:0.368189 , MAE:0.268051 , MAPD:1.496122, R_squared:0.997561

2024-03-21 04:02:50,533 Epoch 30/300, Train Loss: 0.122995, Val Loss: 0.177546  
	Train = MSE:0.124576 , RMSE:0.352954 , MAE:0.253861 , MAPD:1.358445, R_squared:0.997844  
	Validation = MSE:0.181960 , RMSE:0.426567 , MAE:0.308866 , MAPD:1.619912, R_squared:0.996726

2024-03-21 04:02:51,693 Epoch 31/300, Train Loss: 0.126668, Val Loss: 0.129212  
	Train = MSE:0.126450 , RMSE:0.355598 , MAE:0.256062 , MAPD:1.363726, R_squared:0.997811  
	Validation = MSE:0.128583 , RMSE:0.358585 , MAE:0.251250 , MAPD:1.373965, R_squared:0.997686

2024-03-21 04:02:54,998 Epoch 32/300, Train Loss: 0.120328, Val Loss: 0.161861  
	Train = MSE:0.116504 , RMSE:0.341326 , MAE:0.243342 , MAPD:1.295498, R_squared:0.997983  
	Validation = MSE:0.165559 , RMSE:0.406889 , MAE:0.293656 , MAPD:1.569533, R_squared:0.997021

2024-03-21 04:02:56,165 Epoch 33/300, Train Loss: 0.118173, Val Loss: 0.126973  
	Train = MSE:0.118969 , RMSE:0.344919 , MAE:0.248535 , MAPD:1.324487, R_squared:0.997941  
	Validation = MSE:0.123653 , RMSE:0.351644 , MAE:0.255478 , MAPD:1.432890, R_squared:0.997775

2024-03-21 04:02:57,600 Epoch 34/300, Train Loss: 0.112789, Val Loss: 0.148819  
	Train = MSE:0.114855 , RMSE:0.338903 , MAE:0.244150 , MAPD:1.310181, R_squared:0.998012  
	Validation = MSE:0.151931 , RMSE:0.389784 , MAE:0.278205 , MAPD:1.470345, R_squared:0.997266

2024-03-21 04:02:59,538 Epoch 35/300, Train Loss: 0.119868, Val Loss: 0.121687  
	Train = MSE:0.120628 , RMSE:0.347316 , MAE:0.253817 , MAPD:1.355418, R_squared:0.997912  
	Validation = MSE:0.118679 , RMSE:0.344498 , MAE:0.247188 , MAPD:1.375431, R_squared:0.997864

2024-03-21 04:03:00,700 Epoch 36/300, Train Loss: 0.117738, Val Loss: 0.121225  
	Train = MSE:0.118101 , RMSE:0.343658 , MAE:0.250739 , MAPD:1.339860, R_squared:0.997956  
	Validation = MSE:0.119042 , RMSE:0.345024 , MAE:0.241495 , MAPD:1.316008, R_squared:0.997858

2024-03-21 04:03:01,939 Epoch 37/300, Train Loss: 0.118130, Val Loss: 0.125429  
	Train = MSE:0.113090 , RMSE:0.336289 , MAE:0.243924 , MAPD:1.295654, R_squared:0.998042  
	Validation = MSE:0.126955 , RMSE:0.356307 , MAE:0.251639 , MAPD:1.375140, R_squared:0.997716

2024-03-21 04:03:03,092 Epoch 38/300, Train Loss: 0.108919, Val Loss: 0.132442  
	Train = MSE:0.109406 , RMSE:0.330766 , MAE:0.235689 , MAPD:1.257095, R_squared:0.998106  
	Validation = MSE:0.135558 , RMSE:0.368182 , MAE:0.260980 , MAPD:1.388740, R_squared:0.997561

2024-03-21 04:03:04,219 Epoch 39/300, Train Loss: 0.110845, Val Loss: 0.139718  
	Train = MSE:0.112244 , RMSE:0.335028 , MAE:0.244806 , MAPD:1.308485, R_squared:0.998057  
	Validation = MSE:0.143232 , RMSE:0.378460 , MAE:0.268652 , MAPD:1.415120, R_squared:0.997423

2024-03-21 04:03:05,346 Epoch 40/300, Train Loss: 0.102889, Val Loss: 0.109912  
	Train = MSE:0.102507 , RMSE:0.320167 , MAE:0.230036 , MAPD:1.224348, R_squared:0.998226  
	Validation = MSE:0.108082 , RMSE:0.328758 , MAE:0.235875 , MAPD:1.324839, R_squared:0.998055

2024-03-21 04:03:06,601 Epoch 41/300, Train Loss: 0.099279, Val Loss: 0.103615  
	Train = MSE:0.099346 , RMSE:0.315191 , MAE:0.225746 , MAPD:1.208774, R_squared:0.998280  
	Validation = MSE:0.103334 , RMSE:0.321456 , MAE:0.224936 , MAPD:1.242441, R_squared:0.998141

2024-03-21 04:03:09,927 Epoch 42/300, Train Loss: 0.094350, Val Loss: 0.104986  
	Train = MSE:0.094725 , RMSE:0.307775 , MAE:0.218312 , MAPD:1.166397, R_squared:0.998360  
	Validation = MSE:0.105876 , RMSE:0.325387 , MAE:0.226304 , MAPD:1.242860, R_squared:0.998095

2024-03-21 04:03:11,060 Epoch 43/300, Train Loss: 0.096764, Val Loss: 0.102324  
	Train = MSE:0.096106 , RMSE:0.310010 , MAE:0.220540 , MAPD:1.179813, R_squared:0.998336  
	Validation = MSE:0.102520 , RMSE:0.320188 , MAE:0.220883 , MAPD:1.222282, R_squared:0.998155

2024-03-21 04:03:12,193 Epoch 44/300, Train Loss: 0.095074, Val Loss: 0.100090  
	Train = MSE:0.094899 , RMSE:0.308057 , MAE:0.220710 , MAPD:1.180028, R_squared:0.998357  
	Validation = MSE:0.099193 , RMSE:0.314950 , MAE:0.223294 , MAPD:1.253436, R_squared:0.998215

2024-03-21 04:03:13,325 Epoch 45/300, Train Loss: 0.091910, Val Loss: 0.101462  
	Train = MSE:0.091884 , RMSE:0.303125 , MAE:0.215790 , MAPD:1.155528, R_squared:0.998409  
	Validation = MSE:0.102890 , RMSE:0.320765 , MAE:0.222055 , MAPD:1.215629, R_squared:0.998149

2024-03-21 04:03:14,450 Epoch 46/300, Train Loss: 0.091794, Val Loss: 0.107428  
	Train = MSE:0.091470 , RMSE:0.302440 , MAE:0.215129 , MAPD:1.149518, R_squared:0.998417  
	Validation = MSE:0.109639 , RMSE:0.331117 , MAE:0.233167 , MAPD:1.279743, R_squared:0.998027

2024-03-21 04:03:15,546 Epoch 47/300, Train Loss: 0.088387, Val Loss: 0.094700  
	Train = MSE:0.089220 , RMSE:0.298697 , MAE:0.213681 , MAPD:1.143989, R_squared:0.998456  
	Validation = MSE:0.095464 , RMSE:0.308973 , MAE:0.214221 , MAPD:1.186031, R_squared:0.998282

2024-03-21 04:03:17,540 Epoch 48/300, Train Loss: 0.086358, Val Loss: 0.118553  
	Train = MSE:0.086516 , RMSE:0.294137 , MAE:0.209191 , MAPD:1.125574, R_squared:0.998502  
	Validation = MSE:0.121775 , RMSE:0.348963 , MAE:0.244715 , MAPD:1.290440, R_squared:0.997809

2024-03-21 04:03:19,259 Epoch 49/300, Train Loss: 0.089653, Val Loss: 0.091823  
	Train = MSE:0.090786 , RMSE:0.301308 , MAE:0.216473 , MAPD:1.151835, R_squared:0.998428  
	Validation = MSE:0.092436 , RMSE:0.304033 , MAE:0.208494 , MAPD:1.151335, R_squared:0.998337

2024-03-21 04:03:20,374 Epoch 50/300, Train Loss: 0.082443, Val Loss: 0.107938  
	Train = MSE:0.082941 , RMSE:0.287995 , MAE:0.205092 , MAPD:1.105552, R_squared:0.998564  
	Validation = MSE:0.105099 , RMSE:0.324189 , MAE:0.228106 , MAPD:1.218652, R_squared:0.998109

2024-03-21 04:03:21,524 Epoch 51/300, Train Loss: 0.093671, Val Loss: 0.099919  
	Train = MSE:0.094374 , RMSE:0.307203 , MAE:0.221441 , MAPD:1.167683, R_squared:0.998366  
	Validation = MSE:0.102346 , RMSE:0.319915 , MAE:0.222852 , MAPD:1.205952, R_squared:0.998158

2024-03-21 04:03:24,940 Epoch 52/300, Train Loss: 0.082228, Val Loss: 0.090615  
	Train = MSE:0.083057 , RMSE:0.288196 , MAE:0.204731 , MAPD:1.092470, R_squared:0.998562  
	Validation = MSE:0.091703 , RMSE:0.302825 , MAE:0.208019 , MAPD:1.145841, R_squared:0.998350

2024-03-21 04:03:26,124 Epoch 53/300, Train Loss: 0.078951, Val Loss: 0.086149  
	Train = MSE:0.079248 , RMSE:0.281510 , MAE:0.198323 , MAPD:1.062375, R_squared:0.998628  
	Validation = MSE:0.086922 , RMSE:0.294825 , MAE:0.200483 , MAPD:1.110074, R_squared:0.998436

2024-03-21 04:03:27,777 Epoch 54/300, Train Loss: 0.081840, Val Loss: 0.115344  
	Train = MSE:0.081663 , RMSE:0.285767 , MAE:0.204730 , MAPD:1.091869, R_squared:0.998586  
	Validation = MSE:0.119211 , RMSE:0.345269 , MAE:0.244288 , MAPD:1.289840, R_squared:0.997855

2024-03-21 04:03:29,690 Epoch 55/300, Train Loss: 0.089457, Val Loss: 0.084038  
	Train = MSE:0.089618 , RMSE:0.299362 , MAE:0.215661 , MAPD:1.131933, R_squared:0.998449  
	Validation = MSE:0.085025 , RMSE:0.291590 , MAE:0.200080 , MAPD:1.103956, R_squared:0.998470

2024-03-21 04:03:31,402 Epoch 56/300, Train Loss: 0.080875, Val Loss: 0.080458  
	Train = MSE:0.079461 , RMSE:0.281889 , MAE:0.202272 , MAPD:1.082824, R_squared:0.998625  
	Validation = MSE:0.080391 , RMSE:0.283532 , MAE:0.193004 , MAPD:1.078125, R_squared:0.998553

2024-03-21 04:03:32,966 Epoch 57/300, Train Loss: 0.089361, Val Loss: 0.115708  
	Train = MSE:0.089014 , RMSE:0.298351 , MAE:0.219348 , MAPD:1.162742, R_squared:0.998459  
	Validation = MSE:0.119114 , RMSE:0.345128 , MAE:0.243539 , MAPD:1.257829, R_squared:0.997857

2024-03-21 04:03:34,113 Epoch 58/300, Train Loss: 0.087301, Val Loss: 0.084267  
	Train = MSE:0.088709 , RMSE:0.297840 , MAE:0.216781 , MAPD:1.146275, R_squared:0.998464  
	Validation = MSE:0.082517 , RMSE:0.287258 , MAE:0.200694 , MAPD:1.107607, R_squared:0.998515

2024-03-21 04:03:35,234 Epoch 59/300, Train Loss: 0.085989, Val Loss: 0.110779  
	Train = MSE:0.086960 , RMSE:0.294891 , MAE:0.215718 , MAPD:1.142455, R_squared:0.998495  
	Validation = MSE:0.113737 , RMSE:0.337249 , MAE:0.247220 , MAPD:1.366185, R_squared:0.997953

2024-03-21 04:03:36,374 Epoch 60/300, Train Loss: 0.084616, Val Loss: 0.080690  
	Train = MSE:0.086007 , RMSE:0.293269 , MAE:0.215263 , MAPD:1.146055, R_squared:0.998511  
	Validation = MSE:0.079846 , RMSE:0.282570 , MAE:0.204938 , MAPD:1.179597, R_squared:0.998563

2024-03-21 04:03:37,550 Epoch 61/300, Train Loss: 0.075150, Val Loss: 0.082482  
	Train = MSE:0.075988 , RMSE:0.275660 , MAE:0.199556 , MAPD:1.070187, R_squared:0.998685  
	Validation = MSE:0.083430 , RMSE:0.288843 , MAE:0.199942 , MAPD:1.090205, R_squared:0.998499

2024-03-21 04:03:41,341 Epoch 62/300, Train Loss: 0.068290, Val Loss: 0.075369  
	Train = MSE:0.069182 , RMSE:0.263025 , MAE:0.187045 , MAPD:1.002895, R_squared:0.998802  
	Validation = MSE:0.073959 , RMSE:0.271954 , MAE:0.187805 , MAPD:1.045657, R_squared:0.998669

2024-03-21 04:03:42,487 Epoch 63/300, Train Loss: 0.067592, Val Loss: 0.086039  
	Train = MSE:0.068433 , RMSE:0.261597 , MAE:0.186981 , MAPD:1.002951, R_squared:0.998815  
	Validation = MSE:0.087691 , RMSE:0.296126 , MAE:0.204209 , MAPD:1.102758, R_squared:0.998422

2024-03-21 04:03:44,074 Epoch 64/300, Train Loss: 0.072509, Val Loss: 0.090464  
	Train = MSE:0.071869 , RMSE:0.268084 , MAE:0.192785 , MAPD:1.032579, R_squared:0.998756  
	Validation = MSE:0.092007 , RMSE:0.303326 , MAE:0.213373 , MAPD:1.164042, R_squared:0.998344

2024-03-21 04:03:45,638 Epoch 65/300, Train Loss: 0.076257, Val Loss: 0.073312  
	Train = MSE:0.076469 , RMSE:0.276530 , MAE:0.204593 , MAPD:1.083010, R_squared:0.998676  
	Validation = MSE:0.072378 , RMSE:0.269031 , MAE:0.185343 , MAPD:1.027539, R_squared:0.998698

2024-03-21 04:03:47,208 Epoch 66/300, Train Loss: 0.068201, Val Loss: 0.072036  
	Train = MSE:0.067400 , RMSE:0.259615 , MAE:0.185534 , MAPD:0.993679, R_squared:0.998833  
	Validation = MSE:0.070432 , RMSE:0.265390 , MAE:0.188644 , MAPD:1.062576, R_squared:0.998733

2024-03-21 04:03:48,652 Epoch 67/300, Train Loss: 0.070387, Val Loss: 0.074760  
	Train = MSE:0.070986 , RMSE:0.266432 , MAE:0.193013 , MAPD:1.031244, R_squared:0.998771  
	Validation = MSE:0.073138 , RMSE:0.270441 , MAE:0.189173 , MAPD:1.030898, R_squared:0.998684

2024-03-21 04:03:50,259 Epoch 68/300, Train Loss: 0.062221, Val Loss: 0.067622  
	Train = MSE:0.062377 , RMSE:0.249753 , MAE:0.177581 , MAPD:0.953688, R_squared:0.998920  
	Validation = MSE:0.067244 , RMSE:0.259314 , MAE:0.177599 , MAPD:0.984506, R_squared:0.998790

2024-03-21 04:03:52,000 Epoch 69/300, Train Loss: 0.060787, Val Loss: 0.068286  
	Train = MSE:0.061190 , RMSE:0.247366 , MAE:0.175517 , MAPD:0.939391, R_squared:0.998941  
	Validation = MSE:0.066465 , RMSE:0.257808 , MAE:0.185153 , MAPD:1.040313, R_squared:0.998804

2024-03-21 04:03:53,262 Epoch 70/300, Train Loss: 0.064731, Val Loss: 0.065545  
	Train = MSE:0.065698 , RMSE:0.256316 , MAE:0.187108 , MAPD:0.997491, R_squared:0.998863  
	Validation = MSE:0.065631 , RMSE:0.256185 , MAE:0.173936 , MAPD:0.964973, R_squared:0.998819

2024-03-21 04:03:54,411 Epoch 71/300, Train Loss: 0.059984, Val Loss: 0.064789  
	Train = MSE:0.060163 , RMSE:0.245281 , MAE:0.176257 , MAPD:0.940677, R_squared:0.998959  
	Validation = MSE:0.063831 , RMSE:0.252649 , MAE:0.173250 , MAPD:0.960962, R_squared:0.998851

2024-03-21 04:03:58,375 Epoch 72/300, Train Loss: 0.058583, Val Loss: 0.072817  
	Train = MSE:0.058770 , RMSE:0.242425 , MAE:0.174738 , MAPD:0.934131, R_squared:0.998983  
	Validation = MSE:0.073705 , RMSE:0.271487 , MAE:0.186283 , MAPD:1.002186, R_squared:0.998674

2024-03-21 04:03:59,716 Epoch 73/300, Train Loss: 0.059866, Val Loss: 0.085868  
	Train = MSE:0.059856 , RMSE:0.244656 , MAE:0.175922 , MAPD:0.937049, R_squared:0.998964  
	Validation = MSE:0.087001 , RMSE:0.294960 , MAE:0.213177 , MAPD:1.149956, R_squared:0.998434

2024-03-21 04:04:01,133 Epoch 74/300, Train Loss: 0.070630, Val Loss: 0.060996  
	Train = MSE:0.070558 , RMSE:0.265628 , MAE:0.194885 , MAPD:1.020774, R_squared:0.998779  
	Validation = MSE:0.060248 , RMSE:0.245454 , MAE:0.169985 , MAPD:0.941500, R_squared:0.998916

2024-03-21 04:04:02,722 Epoch 75/300, Train Loss: 0.069869, Val Loss: 0.067802  
	Train = MSE:0.069728 , RMSE:0.264060 , MAE:0.195327 , MAPD:1.029981, R_squared:0.998793  
	Validation = MSE:0.065469 , RMSE:0.255870 , MAE:0.185372 , MAPD:1.017965, R_squared:0.998822

2024-03-21 04:04:03,948 Epoch 76/300, Train Loss: 0.056331, Val Loss: 0.060646  
	Train = MSE:0.055932 , RMSE:0.236499 , MAE:0.168456 , MAPD:0.898349, R_squared:0.999032  
	Validation = MSE:0.059993 , RMSE:0.244935 , MAE:0.167123 , MAPD:0.929618, R_squared:0.998920

2024-03-21 04:04:05,157 Epoch 77/300, Train Loss: 0.060734, Val Loss: 0.061889  
	Train = MSE:0.060781 , RMSE:0.246538 , MAE:0.179880 , MAPD:0.954442, R_squared:0.998948  
	Validation = MSE:0.059898 , RMSE:0.244740 , MAE:0.172724 , MAPD:0.947832, R_squared:0.998922

2024-03-21 04:04:06,327 Epoch 78/300, Train Loss: 0.061256, Val Loss: 0.062310  
	Train = MSE:0.061329 , RMSE:0.247647 , MAE:0.182254 , MAPD:0.960950, R_squared:0.998938  
	Validation = MSE:0.060232 , RMSE:0.245421 , MAE:0.172972 , MAPD:0.942362, R_squared:0.998916

2024-03-21 04:04:07,480 Epoch 79/300, Train Loss: 0.059756, Val Loss: 0.067770  
	Train = MSE:0.059277 , RMSE:0.243469 , MAE:0.176746 , MAPD:0.930576, R_squared:0.998974  
	Validation = MSE:0.068271 , RMSE:0.261287 , MAE:0.178124 , MAPD:0.947814, R_squared:0.998772

2024-03-21 04:04:08,601 Epoch 80/300, Train Loss: 0.054487, Val Loss: 0.065703  
	Train = MSE:0.054471 , RMSE:0.233390 , MAE:0.167254 , MAPD:0.884231, R_squared:0.999057  
	Validation = MSE:0.063269 , RMSE:0.251532 , MAE:0.183601 , MAPD:1.002847, R_squared:0.998862

2024-03-21 04:04:10,251 Epoch 81/300, Train Loss: 0.071744, Val Loss: 0.064217  
	Train = MSE:0.072737 , RMSE:0.269698 , MAE:0.203459 , MAPD:1.063354, R_squared:0.998741  
	Validation = MSE:0.061824 , RMSE:0.248645 , MAE:0.178241 , MAPD:0.961429, R_squared:0.998888

2024-03-21 04:04:14,625 Epoch 82/300, Train Loss: 0.062740, Val Loss: 0.116850  
	Train = MSE:0.062506 , RMSE:0.250012 , MAE:0.184685 , MAPD:0.975487, R_squared:0.998918  
	Validation = MSE:0.118750 , RMSE:0.344602 , MAE:0.260612 , MAPD:1.317814, R_squared:0.997863

2024-03-21 04:04:15,776 Epoch 83/300, Train Loss: 0.083928, Val Loss: 0.074730  
	Train = MSE:0.083033 , RMSE:0.288155 , MAE:0.218674 , MAPD:1.121698, R_squared:0.998563  
	Validation = MSE:0.071674 , RMSE:0.267721 , MAE:0.205864 , MAPD:1.134963, R_squared:0.998710

2024-03-21 04:04:16,927 Epoch 84/300, Train Loss: 0.066702, Val Loss: 0.078829  
	Train = MSE:0.067067 , RMSE:0.258972 , MAE:0.194654 , MAPD:1.019283, R_squared:0.998839  
	Validation = MSE:0.075166 , RMSE:0.274164 , MAE:0.214258 , MAPD:1.168090, R_squared:0.998647

2024-03-21 04:04:18,028 Epoch 85/300, Train Loss: 0.071679, Val Loss: 0.081798  
	Train = MSE:0.072320 , RMSE:0.268924 , MAE:0.202996 , MAPD:1.054508, R_squared:0.998748  
	Validation = MSE:0.082718 , RMSE:0.287607 , MAE:0.208472 , MAPD:1.094767, R_squared:0.998512

2024-03-21 04:04:19,212 Epoch 86/300, Train Loss: 0.072146, Val Loss: 0.105392  
	Train = MSE:0.072560 , RMSE:0.269370 , MAE:0.201418 , MAPD:1.043595, R_squared:0.998744  
	Validation = MSE:0.100191 , RMSE:0.316530 , MAE:0.258265 , MAPD:1.358138, R_squared:0.998197

2024-03-21 04:04:20,691 Epoch 87/300, Train Loss: 0.092134, Val Loss: 0.068128  
	Train = MSE:0.093367 , RMSE:0.305561 , MAE:0.233417 , MAPD:1.185362, R_squared:0.998384  
	Validation = MSE:0.068995 , RMSE:0.262669 , MAE:0.183348 , MAPD:0.970395, R_squared:0.998759

2024-03-21 04:04:22,192 Epoch 88/300, Train Loss: 0.059002, Val Loss: 0.082284  
	Train = MSE:0.056629 , RMSE:0.237968 , MAE:0.174598 , MAPD:0.925083, R_squared:0.999020  
	Validation = MSE:0.077859 , RMSE:0.279032 , MAE:0.215478 , MAPD:1.119759, R_squared:0.998599

2024-03-21 04:04:23,790 Epoch 89/300, Train Loss: 0.072127, Val Loss: 0.081914  
	Train = MSE:0.072150 , RMSE:0.268607 , MAE:0.201497 , MAPD:1.047181, R_squared:0.998751  
	Validation = MSE:0.083052 , RMSE:0.288187 , MAE:0.205949 , MAPD:1.058438, R_squared:0.998506

2024-03-21 04:04:25,250 Epoch 90/300, Train Loss: 0.062264, Val Loss: 0.088046  
	Train = MSE:0.062726 , RMSE:0.250451 , MAE:0.187841 , MAPD:0.983393, R_squared:0.998914  
	Validation = MSE:0.083498 , RMSE:0.288961 , MAE:0.222766 , MAPD:1.141382, R_squared:0.998498

2024-03-21 04:04:26,796 Epoch 91/300, Train Loss: 0.086647, Val Loss: 0.159474  
	Train = MSE:0.083062 , RMSE:0.288205 , MAE:0.221657 , MAPD:1.133431, R_squared:0.998562  
	Validation = MSE:0.161544 , RMSE:0.401926 , MAE:0.309880 , MAPD:1.508094, R_squared:0.997093

2024-03-21 04:04:30,885 Epoch 92/300, Train Loss: 0.102810, Val Loss: 0.062716  
	Train = MSE:0.103667 , RMSE:0.321974 , MAE:0.249779 , MAPD:1.271453, R_squared:0.998205  
	Validation = MSE:0.060317 , RMSE:0.245596 , MAE:0.176507 , MAPD:0.943175, R_squared:0.998915

2024-03-21 04:04:32,049 Epoch 93/300, Train Loss: 0.059641, Val Loss: 0.055953  
	Train = MSE:0.059762 , RMSE:0.244462 , MAE:0.183495 , MAPD:0.959864, R_squared:0.998966  
	Validation = MSE:0.053882 , RMSE:0.232125 , MAE:0.167450 , MAPD:0.926537, R_squared:0.999030

2024-03-21 04:04:33,217 Epoch 94/300, Train Loss: 0.061040, Val Loss: 0.052853  
	Train = MSE:0.061477 , RMSE:0.247945 , MAE:0.185247 , MAPD:0.972857, R_squared:0.998936  
	Validation = MSE:0.051862 , RMSE:0.227733 , MAE:0.156827 , MAPD:0.868809, R_squared:0.999067

2024-03-21 04:04:34,619 Epoch 95/300, Train Loss: 0.051788, Val Loss: 0.063025  
	Train = MSE:0.051956 , RMSE:0.227938 , MAE:0.167589 , MAPD:0.885431, R_squared:0.999101  
	Validation = MSE:0.060653 , RMSE:0.246278 , MAE:0.181534 , MAPD:0.988307, R_squared:0.998909

2024-03-21 04:04:36,335 Epoch 96/300, Train Loss: 0.065688, Val Loss: 0.064457  
	Train = MSE:0.063913 , RMSE:0.252810 , MAE:0.189863 , MAPD:0.985658, R_squared:0.998894  
	Validation = MSE:0.061236 , RMSE:0.247460 , MAE:0.185823 , MAPD:0.993386, R_squared:0.998898

2024-03-21 04:04:38,203 Epoch 97/300, Train Loss: 0.098269, Val Loss: 0.110762  
	Train = MSE:0.094243 , RMSE:0.306991 , MAE:0.240134 , MAPD:1.220331, R_squared:0.998369  
	Validation = MSE:0.112804 , RMSE:0.335864 , MAE:0.267576 , MAPD:1.428030, R_squared:0.997970

2024-03-21 04:04:39,617 Epoch 98/300, Train Loss: 0.063332, Val Loss: 0.057828  
	Train = MSE:0.064102 , RMSE:0.253184 , MAE:0.188468 , MAPD:0.977341, R_squared:0.998890  
	Validation = MSE:0.057674 , RMSE:0.240154 , MAE:0.166867 , MAPD:0.899300, R_squared:0.998962

2024-03-21 04:04:40,917 Epoch 99/300, Train Loss: 0.049935, Val Loss: 0.052943  
	Train = MSE:0.049407 , RMSE:0.222277 , MAE:0.162200 , MAPD:0.862424, R_squared:0.999145  
	Validation = MSE:0.052286 , RMSE:0.228661 , MAE:0.156728 , MAPD:0.865897, R_squared:0.999059

2024-03-21 04:04:42,195 Epoch 100/300, Train Loss: 0.053861, Val Loss: 0.075871  
	Train = MSE:0.053739 , RMSE:0.231816 , MAE:0.170086 , MAPD:0.896390, R_squared:0.999070  
	Validation = MSE:0.072380 , RMSE:0.269035 , MAE:0.212053 , MAPD:1.133808, R_squared:0.998698

2024-03-21 04:04:43,392 Epoch 101/300, Train Loss: 0.056294, Val Loss: 0.110906  
	Train = MSE:0.057314 , RMSE:0.239403 , MAE:0.178656 , MAPD:0.933673, R_squared:0.999008  
	Validation = MSE:0.112441 , RMSE:0.335322 , MAE:0.269974 , MAPD:1.458313, R_squared:0.997977

2024-03-21 04:04:47,227 Epoch 102/300, Train Loss: 0.065287, Val Loss: 0.088071  
	Train = MSE:0.065427 , RMSE:0.255787 , MAE:0.191842 , MAPD:0.992160, R_squared:0.998867  
	Validation = MSE:0.089805 , RMSE:0.299675 , MAE:0.226571 , MAPD:1.188464, R_squared:0.998384

2024-03-21 04:04:49,096 Epoch 103/300, Train Loss: 0.059730, Val Loss: 0.055399  
	Train = MSE:0.060618 , RMSE:0.246206 , MAE:0.183531 , MAPD:0.952603, R_squared:0.998951  
	Validation = MSE:0.054990 , RMSE:0.234499 , MAE:0.161742 , MAPD:0.884255, R_squared:0.999011

2024-03-21 04:04:50,760 Epoch 104/300, Train Loss: 0.062393, Val Loss: 0.069436  
	Train = MSE:0.061072 , RMSE:0.247128 , MAE:0.186365 , MAPD:0.970760, R_squared:0.998943  
	Validation = MSE:0.066150 , RMSE:0.257197 , MAE:0.198154 , MAPD:1.057909, R_squared:0.998810

2024-03-21 04:04:51,932 Epoch 105/300, Train Loss: 0.056982, Val Loss: 0.098084  
	Train = MSE:0.054655 , RMSE:0.233784 , MAE:0.172301 , MAPD:0.900847, R_squared:0.999054  
	Validation = MSE:0.099683 , RMSE:0.315725 , MAE:0.250229 , MAPD:1.360240, R_squared:0.998206

2024-03-21 04:04:53,044 Epoch 106/300, Train Loss: 0.095939, Val Loss: 0.053029  
	Train = MSE:0.097093 , RMSE:0.311598 , MAE:0.242723 , MAPD:1.232566, R_squared:0.998319  
	Validation = MSE:0.051130 , RMSE:0.226120 , MAE:0.164171 , MAPD:0.920029, R_squared:0.999080

2024-03-21 04:04:54,188 Epoch 107/300, Train Loss: 0.046900, Val Loss: 0.050150  
	Train = MSE:0.046209 , RMSE:0.214963 , MAE:0.155379 , MAPD:0.825291, R_squared:0.999200  
	Validation = MSE:0.049278 , RMSE:0.221987 , MAE:0.151062 , MAPD:0.828114, R_squared:0.999113

2024-03-21 04:04:55,326 Epoch 108/300, Train Loss: 0.047152, Val Loss: 0.049830  
	Train = MSE:0.046469 , RMSE:0.215566 , MAE:0.158718 , MAPD:0.842268, R_squared:0.999196  
	Validation = MSE:0.048867 , RMSE:0.221059 , MAE:0.152139 , MAPD:0.844817, R_squared:0.999121

2024-03-21 04:04:56,707 Epoch 109/300, Train Loss: 0.049515, Val Loss: 0.098952  
	Train = MSE:0.049723 , RMSE:0.222986 , MAE:0.164336 , MAPD:0.862669, R_squared:0.999139  
	Validation = MSE:0.094608 , RMSE:0.307584 , MAE:0.261686 , MAPD:1.423773, R_squared:0.998298

2024-03-21 04:04:58,252 Epoch 110/300, Train Loss: 0.100961, Val Loss: 0.074413  
	Train = MSE:0.100559 , RMSE:0.317111 , MAE:0.249156 , MAPD:1.268956, R_squared:0.998259  
	Validation = MSE:0.074753 , RMSE:0.273409 , MAE:0.205418 , MAPD:1.128036, R_squared:0.998655

2024-03-21 04:04:59,821 Epoch 111/300, Train Loss: 0.049209, Val Loss: 0.058445  
	Train = MSE:0.049742 , RMSE:0.223028 , MAE:0.164781 , MAPD:0.877839, R_squared:0.999139  
	Validation = MSE:0.058495 , RMSE:0.241858 , MAE:0.170175 , MAPD:0.912353, R_squared:0.998947

2024-03-21 04:05:04,282 Epoch 112/300, Train Loss: 0.066471, Val Loss: 0.077518  
	Train = MSE:0.066142 , RMSE:0.257180 , MAE:0.194470 , MAPD:1.008509, R_squared:0.998855  
	Validation = MSE:0.078992 , RMSE:0.281055 , MAE:0.208147 , MAPD:1.081435, R_squared:0.998579

2024-03-21 04:05:05,907 Epoch 113/300, Train Loss: 0.048978, Val Loss: 0.058692  
	Train = MSE:0.049745 , RMSE:0.223035 , MAE:0.164995 , MAPD:0.870798, R_squared:0.999139  
	Validation = MSE:0.058638 , RMSE:0.242152 , MAE:0.168291 , MAPD:0.888121, R_squared:0.998945

2024-03-21 04:05:07,559 Epoch 114/300, Train Loss: 0.043641, Val Loss: 0.048956  
	Train = MSE:0.044158 , RMSE:0.210139 , MAE:0.152636 , MAPD:0.806231, R_squared:0.999236  
	Validation = MSE:0.047438 , RMSE:0.217804 , MAE:0.149370 , MAPD:0.817836, R_squared:0.999146

2024-03-21 04:05:09,201 Epoch 115/300, Train Loss: 0.046721, Val Loss: 0.058364  
	Train = MSE:0.047660 , RMSE:0.218311 , MAE:0.159678 , MAPD:0.838813, R_squared:0.999175  
	Validation = MSE:0.058661 , RMSE:0.242200 , MAE:0.168145 , MAPD:0.877821, R_squared:0.998944

2024-03-21 04:05:11,338 Epoch 116/300, Train Loss: 0.068787, Val Loss: 0.127002  
	Train = MSE:0.069628 , RMSE:0.263871 , MAE:0.202222 , MAPD:1.037624, R_squared:0.998795  
	Validation = MSE:0.128790 , RMSE:0.358874 , MAE:0.297117 , MAPD:1.586320, R_squared:0.997683

2024-03-21 04:05:12,814 Epoch 117/300, Train Loss: 0.118604, Val Loss: 0.050320  
	Train = MSE:0.120486 , RMSE:0.347111 , MAE:0.275858 , MAPD:1.378029, R_squared:0.997914  
	Validation = MSE:0.049713 , RMSE:0.222965 , MAE:0.155308 , MAPD:0.870575, R_squared:0.999105

2024-03-21 04:05:14,130 Epoch 118/300, Train Loss: 0.080858, Val Loss: 0.055406  
	Train = MSE:0.082378 , RMSE:0.287016 , MAE:0.222635 , MAPD:1.137270, R_squared:0.998574  
	Validation = MSE:0.055756 , RMSE:0.236127 , MAE:0.164910 , MAPD:0.882171, R_squared:0.998997

2024-03-21 04:05:15,251 Epoch 119/300, Train Loss: 0.084362, Val Loss: 0.073254  
	Train = MSE:0.083099 , RMSE:0.288269 , MAE:0.225116 , MAPD:1.156972, R_squared:0.998562  
	Validation = MSE:0.069872 , RMSE:0.264334 , MAE:0.210979 , MAPD:1.127854, R_squared:0.998743

2024-03-21 04:05:16,376 Epoch 120/300, Train Loss: 0.071243, Val Loss: 0.148340  
	Train = MSE:0.070663 , RMSE:0.265824 , MAE:0.203917 , MAPD:1.053976, R_squared:0.998777  
	Validation = MSE:0.141455 , RMSE:0.376105 , MAE:0.322015 , MAPD:1.644294, R_squared:0.997455

2024-03-21 04:05:17,539 Epoch 121/300, Train Loss: 0.161063, Val Loss: 0.163499  
	Train = MSE:0.163967 , RMSE:0.404928 , MAE:0.325123 , MAPD:1.626381, R_squared:0.997162  
	Validation = MSE:0.155963 , RMSE:0.394922 , MAE:0.320917 , MAPD:1.554448, R_squared:0.997194

2024-03-21 04:05:21,689 Epoch 122/300, Train Loss: 0.089559, Val Loss: 0.066898  
	Train = MSE:0.089045 , RMSE:0.298404 , MAE:0.234816 , MAPD:1.194526, R_squared:0.998459  
	Validation = MSE:0.064621 , RMSE:0.254206 , MAE:0.202386 , MAPD:1.166141, R_squared:0.998837

2024-03-21 04:05:23,640 Epoch 123/300, Train Loss: 0.098727, Val Loss: 0.073184  
	Train = MSE:0.097372 , RMSE:0.312045 , MAE:0.246567 , MAPD:1.261780, R_squared:0.998314  
	Validation = MSE:0.069617 , RMSE:0.263851 , MAE:0.202274 , MAPD:1.036391, R_squared:0.998747

2024-03-21 04:05:25,565 Epoch 124/300, Train Loss: 0.086008, Val Loss: 0.054321  
	Train = MSE:0.087592 , RMSE:0.295959 , MAE:0.229934 , MAPD:1.168904, R_squared:0.998484  
	Validation = MSE:0.054300 , RMSE:0.233023 , MAE:0.163282 , MAPD:0.890919, R_squared:0.999023

2024-03-21 04:05:26,748 Epoch 125/300, Train Loss: 0.091148, Val Loss: 0.049652  
	Train = MSE:0.092643 , RMSE:0.304372 , MAE:0.235240 , MAPD:1.199753, R_squared:0.998396  
	Validation = MSE:0.049483 , RMSE:0.222447 , MAE:0.154557 , MAPD:0.856331, R_squared:0.999110

2024-03-21 04:05:27,934 Epoch 126/300, Train Loss: 0.058154, Val Loss: 0.092214  
	Train = MSE:0.056328 , RMSE:0.237334 , MAE:0.178010 , MAPD:0.927767, R_squared:0.999025  
	Validation = MSE:0.087768 , RMSE:0.296257 , MAE:0.239836 , MAPD:1.234969, R_squared:0.998421

2024-03-21 04:05:29,155 Epoch 127/300, Train Loss: 0.063631, Val Loss: 0.047324  
	Train = MSE:0.064070 , RMSE:0.253121 , MAE:0.193439 , MAPD:1.000850, R_squared:0.998891  
	Validation = MSE:0.046030 , RMSE:0.214547 , MAE:0.154420 , MAPD:0.859349, R_squared:0.999172

2024-03-21 04:05:30,307 Epoch 128/300, Train Loss: 0.106518, Val Loss: 0.073692  
	Train = MSE:0.106647 , RMSE:0.326568 , MAE:0.256668 , MAPD:1.299682, R_squared:0.998154  
	Validation = MSE:0.074994 , RMSE:0.273851 , MAE:0.198514 , MAPD:1.002706, R_squared:0.998651

2024-03-21 04:05:31,662 Epoch 129/300, Train Loss: 0.246502, Val Loss: 0.361710  
	Train = MSE:0.249658 , RMSE:0.499658 , MAE:0.411838 , MAPD:2.080995, R_squared:0.995678  
	Validation = MSE:0.364532 , RMSE:0.603765 , MAE:0.499979 , MAPD:2.347413, R_squared:0.993441

2024-03-21 04:05:33,233 Epoch 130/300, Train Loss: 0.166167, Val Loss: 0.063429  
	Train = MSE:0.163474 , RMSE:0.404319 , MAE:0.324591 , MAPD:1.623348, R_squared:0.997170  
	Validation = MSE:0.063544 , RMSE:0.252080 , MAE:0.191535 , MAPD:1.098228, R_squared:0.998857

2024-03-21 04:05:35,082 Epoch 131/300, Train Loss: 0.081795, Val Loss: 0.079263  
	Train = MSE:0.082820 , RMSE:0.287785 , MAE:0.219072 , MAPD:1.145066, R_squared:0.998566  
	Validation = MSE:0.074994 , RMSE:0.273851 , MAE:0.216272 , MAPD:1.120045, R_squared:0.998651

2024-03-21 04:05:39,403 Epoch 132/300, Train Loss: 0.062173, Val Loss: 0.054699  
	Train = MSE:0.062212 , RMSE:0.249423 , MAE:0.189328 , MAPD:0.993384, R_squared:0.998923  
	Validation = MSE:0.055479 , RMSE:0.235541 , MAE:0.167011 , MAPD:0.897968, R_squared:0.999002

2024-03-21 04:05:40,584 Epoch 133/300, Train Loss: 0.090430, Val Loss: 0.098849  
	Train = MSE:0.092457 , RMSE:0.304068 , MAE:0.239767 , MAPD:1.222301, R_squared:0.998400  
	Validation = MSE:0.100675 , RMSE:0.317294 , MAE:0.249335 , MAPD:1.312146, R_squared:0.998188

2024-03-21 04:05:41,719 Epoch 134/300, Train Loss: 0.080354, Val Loss: 0.048765  
	Train = MSE:0.080896 , RMSE:0.284423 , MAE:0.219329 , MAPD:1.122090, R_squared:0.998600  
	Validation = MSE:0.048099 , RMSE:0.219315 , MAE:0.152387 , MAPD:0.846134, R_squared:0.999135

2024-03-21 04:05:42,867 Epoch 135/300, Train Loss: 0.105386, Val Loss: 0.114513  
	Train = MSE:0.105650 , RMSE:0.325038 , MAE:0.256877 , MAPD:1.302033, R_squared:0.998171  
	Validation = MSE:0.116306 , RMSE:0.341037 , MAE:0.257960 , MAPD:1.263996, R_squared:0.997907

2024-03-21 04:05:43,988 Epoch 136/300, Train Loss: 0.097095, Val Loss: 0.071997  
	Train = MSE:0.098326 , RMSE:0.313569 , MAE:0.243526 , MAPD:1.241767, R_squared:0.998298  
	Validation = MSE:0.072672 , RMSE:0.269577 , MAE:0.204635 , MAPD:1.107302, R_squared:0.998692

2024-03-21 04:05:45,602 Epoch 137/300, Train Loss: 0.058158, Val Loss: 0.049908  
	Train = MSE:0.058593 , RMSE:0.242061 , MAE:0.182859 , MAPD:0.950706, R_squared:0.998986  
	Validation = MSE:0.048411 , RMSE:0.220025 , MAE:0.156704 , MAPD:0.858427, R_squared:0.999129

2024-03-21 04:05:47,136 Epoch 138/300, Train Loss: 0.057304, Val Loss: 0.098805  
	Train = MSE:0.055646 , RMSE:0.235895 , MAE:0.177791 , MAPD:0.920063, R_squared:0.999037  
	Validation = MSE:0.100344 , RMSE:0.316771 , MAE:0.238578 , MAPD:1.183342, R_squared:0.998194

2024-03-21 04:05:48,620 Epoch 139/300, Train Loss: 0.104774, Val Loss: 0.234228  
	Train = MSE:0.101780 , RMSE:0.319031 , MAE:0.251788 , MAPD:1.281743, R_squared:0.998238  
	Validation = MSE:0.236665 , RMSE:0.486482 , MAE:0.417092 , MAPD:2.097556, R_squared:0.995741

2024-03-21 04:05:49,763 Epoch 140/300, Train Loss: 0.069478, Val Loss: 0.046575  
	Train = MSE:0.070656 , RMSE:0.265811 , MAE:0.197098 , MAPD:1.011102, R_squared:0.998777  
	Validation = MSE:0.045299 , RMSE:0.212837 , MAE:0.145073 , MAPD:0.794148, R_squared:0.999185

2024-03-21 04:05:50,867 Epoch 141/300, Train Loss: 0.052459, Val Loss: 0.048990  
	Train = MSE:0.052500 , RMSE:0.229128 , MAE:0.171723 , MAPD:0.898701, R_squared:0.999091  
	Validation = MSE:0.047627 , RMSE:0.218236 , MAE:0.153243 , MAPD:0.834354, R_squared:0.999143

2024-03-21 04:05:54,306 Epoch 142/300, Train Loss: 0.044621, Val Loss: 0.047311  
	Train = MSE:0.044096 , RMSE:0.209990 , MAE:0.154997 , MAPD:0.814771, R_squared:0.999237  
	Validation = MSE:0.046726 , RMSE:0.216161 , MAE:0.148418 , MAPD:0.805454, R_squared:0.999159

2024-03-21 04:05:55,476 Epoch 143/300, Train Loss: 0.063675, Val Loss: 0.123159  
	Train = MSE:0.062948 , RMSE:0.250894 , MAE:0.191887 , MAPD:0.994201, R_squared:0.998910  
	Validation = MSE:0.124552 , RMSE:0.352920 , MAE:0.277748 , MAPD:1.387582, R_squared:0.997759

2024-03-21 04:05:57,262 Epoch 144/300, Train Loss: 0.059447, Val Loss: 0.046615  
	Train = MSE:0.059520 , RMSE:0.243967 , MAE:0.181507 , MAPD:0.931013, R_squared:0.998970  
	Validation = MSE:0.045431 , RMSE:0.213146 , MAE:0.147736 , MAPD:0.807360, R_squared:0.999183

2024-03-21 04:05:59,650 Epoch 145/300, Train Loss: 0.089007, Val Loss: 0.202945  
	Train = MSE:0.082031 , RMSE:0.286411 , MAE:0.220133 , MAPD:1.125551, R_squared:0.998580  
	Validation = MSE:0.195999 , RMSE:0.442718 , MAE:0.399607 , MAPD:2.114503, R_squared:0.996473

2024-03-21 04:06:01,263 Epoch 146/300, Train Loss: 0.075053, Val Loss: 0.044111  
	Train = MSE:0.076802 , RMSE:0.277133 , MAE:0.212052 , MAPD:1.083616, R_squared:0.998671  
	Validation = MSE:0.042657 , RMSE:0.206535 , MAE:0.143150 , MAPD:0.783369, R_squared:0.999232

2024-03-21 04:06:02,558 Epoch 147/300, Train Loss: 0.106588, Val Loss: 0.284159  
	Train = MSE:0.104758 , RMSE:0.323663 , MAE:0.253789 , MAPD:1.275044, R_squared:0.998187  
	Validation = MSE:0.287897 , RMSE:0.536560 , MAE:0.477368 , MAPD:2.437084, R_squared:0.994820

2024-03-21 04:06:03,700 Epoch 148/300, Train Loss: 0.137508, Val Loss: 0.203903  
	Train = MSE:0.138499 , RMSE:0.372154 , MAE:0.296771 , MAPD:1.498220, R_squared:0.997603  
	Validation = MSE:0.206822 , RMSE:0.454777 , MAE:0.394278 , MAPD:2.018462, R_squared:0.996278

2024-03-21 04:06:04,882 Epoch 149/300, Train Loss: 0.104094, Val Loss: 0.043344  
	Train = MSE:0.105687 , RMSE:0.325096 , MAE:0.257526 , MAPD:1.310013, R_squared:0.998171  
	Validation = MSE:0.042385 , RMSE:0.205877 , MAE:0.143371 , MAPD:0.792515, R_squared:0.999237

2024-03-21 04:06:06,001 Epoch 150/300, Train Loss: 0.083357, Val Loss: 0.049303  
	Train = MSE:0.084486 , RMSE:0.290665 , MAE:0.226864 , MAPD:1.154112, R_squared:0.998538  
	Validation = MSE:0.047386 , RMSE:0.217684 , MAE:0.158886 , MAPD:0.872829, R_squared:0.999147

2024-03-21 04:06:07,115 Epoch 151/300, Train Loss: 0.039554, Val Loss: 0.047769  
	Train = MSE:0.039204 , RMSE:0.198000 , MAE:0.144012 , MAPD:0.765451, R_squared:0.999321  
	Validation = MSE:0.045702 , RMSE:0.213781 , MAE:0.155517 , MAPD:0.852945, R_squared:0.999178

2024-03-21 04:06:11,688 Epoch 152/300, Train Loss: 0.062405, Val Loss: 0.236052  
	Train = MSE:0.057152 , RMSE:0.239065 , MAE:0.180310 , MAPD:0.933034, R_squared:0.999011  
	Validation = MSE:0.239287 , RMSE:0.489170 , MAE:0.437381 , MAPD:2.294767, R_squared:0.995694

2024-03-21 04:06:12,794 Epoch 153/300, Train Loss: 0.098257, Val Loss: 0.068498  
	Train = MSE:0.100946 , RMSE:0.317719 , MAE:0.244951 , MAPD:1.239517, R_squared:0.998253  
	Validation = MSE:0.069264 , RMSE:0.263180 , MAE:0.197236 , MAPD:1.055466, R_squared:0.998754

2024-03-21 04:06:13,948 Epoch 154/300, Train Loss: 0.112636, Val Loss: 0.165260  
	Train = MSE:0.106864 , RMSE:0.326901 , MAE:0.255335 , MAPD:1.293047, R_squared:0.998150  
	Validation = MSE:0.158264 , RMSE:0.397824 , MAE:0.344798 , MAPD:1.764619, R_squared:0.997152

2024-03-21 04:06:15,101 Epoch 155/300, Train Loss: 0.124359, Val Loss: 0.049585  
	Train = MSE:0.127606 , RMSE:0.357219 , MAE:0.286610 , MAPD:1.441911, R_squared:0.997791  
	Validation = MSE:0.047563 , RMSE:0.218090 , MAE:0.158436 , MAPD:0.847325, R_squared:0.999144

2024-03-21 04:06:16,225 Epoch 156/300, Train Loss: 0.099158, Val Loss: 0.505284  
	Train = MSE:0.087713 , RMSE:0.296164 , MAE:0.222748 , MAPD:1.128490, R_squared:0.998482  
	Validation = MSE:0.508595 , RMSE:0.713158 , MAE:0.647056 , MAPD:3.244016, R_squared:0.990848

2024-03-21 04:06:17,410 Epoch 157/300, Train Loss: 0.177317, Val Loss: 0.171987  
	Train = MSE:0.182541 , RMSE:0.427248 , MAE:0.344318 , MAPD:1.715365, R_squared:0.996840  
	Validation = MSE:0.174404 , RMSE:0.417618 , MAE:0.342550 , MAPD:1.683447, R_squared:0.996862

2024-03-21 04:06:18,863 Epoch 158/300, Train Loss: 0.197495, Val Loss: 0.086680  
	Train = MSE:0.202196 , RMSE:0.449662 , MAE:0.368651 , MAPD:1.826747, R_squared:0.996500  
	Validation = MSE:0.088225 , RMSE:0.297027 , MAE:0.237790 , MAPD:1.290273, R_squared:0.998412

2024-03-21 04:06:20,400 Epoch 159/300, Train Loss: 0.131495, Val Loss: 0.051215  
	Train = MSE:0.132103 , RMSE:0.363460 , MAE:0.294265 , MAPD:1.474158, R_squared:0.997713  
	Validation = MSE:0.049450 , RMSE:0.222373 , MAE:0.163381 , MAPD:0.896535, R_squared:0.999110

2024-03-21 04:06:21,977 Epoch 160/300, Train Loss: 0.134313, Val Loss: 0.060253  
	Train = MSE:0.132666 , RMSE:0.364233 , MAE:0.290305 , MAPD:1.467469, R_squared:0.997704  
	Validation = MSE:0.057328 , RMSE:0.239432 , MAE:0.180523 , MAPD:0.955126, R_squared:0.998968

2024-03-21 04:06:23,258 Epoch 161/300, Train Loss: 0.160766, Val Loss: 0.103169  
	Train = MSE:0.164255 , RMSE:0.405284 , MAE:0.321461 , MAPD:1.613169, R_squared:0.997157  
	Validation = MSE:0.105897 , RMSE:0.325418 , MAE:0.267088 , MAPD:1.434769, R_squared:0.998094

2024-03-21 04:06:27,194 Epoch 162/300, Train Loss: 0.194094, Val Loss: 0.096768  
	Train = MSE:0.194972 , RMSE:0.441556 , MAE:0.361724 , MAPD:1.838640, R_squared:0.996625  
	Validation = MSE:0.099347 , RMSE:0.315194 , MAE:0.257508 , MAPD:1.424658, R_squared:0.998212

2024-03-21 04:06:28,334 Epoch 163/300, Train Loss: 0.086802, Val Loss: 0.134480  
	Train = MSE:0.088107 , RMSE:0.296828 , MAE:0.235350 , MAPD:1.228605, R_squared:0.998475  
	Validation = MSE:0.128133 , RMSE:0.357956 , MAE:0.306446 , MAPD:1.577353, R_squared:0.997694

2024-03-21 04:06:29,454 Epoch 164/300, Train Loss: 0.098872, Val Loss: 0.116117  
	Train = MSE:0.100706 , RMSE:0.317343 , MAE:0.254195 , MAPD:1.296769, R_squared:0.998257  
	Validation = MSE:0.111143 , RMSE:0.333381 , MAE:0.291830 , MAPD:1.588860, R_squared:0.998000

2024-03-21 04:06:30,577 Epoch 165/300, Train Loss: 0.092096, Val Loss: 0.060056  
	Train = MSE:0.094204 , RMSE:0.306926 , MAE:0.244827 , MAPD:1.248340, R_squared:0.998369  
	Validation = MSE:0.057334 , RMSE:0.239445 , MAE:0.184579 , MAPD:0.993312, R_squared:0.998968

2024-03-21 04:06:32,058 Epoch 166/300, Train Loss: 0.068123, Val Loss: 0.071689  
	Train = MSE:0.068825 , RMSE:0.262346 , MAE:0.200158 , MAPD:1.027806, R_squared:0.998809  
	Validation = MSE:0.068487 , RMSE:0.261700 , MAE:0.205589 , MAPD:1.069998, R_squared:0.998768

2024-03-21 04:06:34,102 Epoch 167/300, Train Loss: 0.066279, Val Loss: 0.117458  
	Train = MSE:0.066530 , RMSE:0.257934 , MAE:0.199200 , MAPD:1.019804, R_squared:0.998848  
	Validation = MSE:0.112059 , RMSE:0.334753 , MAE:0.284260 , MAPD:1.467665, R_squared:0.997984

2024-03-21 04:06:35,571 Epoch 168/300, Train Loss: 0.079421, Val Loss: 0.129475  
	Train = MSE:0.078510 , RMSE:0.280196 , MAE:0.221138 , MAPD:1.133924, R_squared:0.998641  
	Validation = MSE:0.124346 , RMSE:0.352628 , MAE:0.309695 , MAPD:1.645763, R_squared:0.997763

2024-03-21 04:06:36,936 Epoch 169/300, Train Loss: 0.058733, Val Loss: 0.060465  
	Train = MSE:0.059437 , RMSE:0.243798 , MAE:0.185243 , MAPD:0.959571, R_squared:0.998971  
	Validation = MSE:0.057566 , RMSE:0.239929 , MAE:0.190684 , MAPD:1.043764, R_squared:0.998964

2024-03-21 04:06:38,146 Epoch 170/300, Train Loss: 0.059032, Val Loss: 0.049634  
	Train = MSE:0.059838 , RMSE:0.244618 , MAE:0.188262 , MAPD:0.973832, R_squared:0.998964  
	Validation = MSE:0.047667 , RMSE:0.218328 , MAE:0.164814 , MAPD:0.924137, R_squared:0.999142

2024-03-21 04:06:39,280 Epoch 171/300, Train Loss: 0.110860, Val Loss: 0.099926  
	Train = MSE:0.106351 , RMSE:0.326115 , MAE:0.250937 , MAPD:1.268109, R_squared:0.998159  
	Validation = MSE:0.101523 , RMSE:0.318627 , MAE:0.255782 , MAPD:1.330852, R_squared:0.998173

2024-03-21 04:06:44,182 Epoch 172/300, Train Loss: 0.052040, Val Loss: 0.056799  
	Train = MSE:0.052476 , RMSE:0.229077 , MAE:0.172547 , MAPD:0.892227, R_squared:0.999092  
	Validation = MSE:0.054047 , RMSE:0.232481 , MAE:0.177967 , MAPD:0.946297, R_squared:0.999027

2024-03-21 04:06:45,586 Epoch 173/300, Train Loss: 0.058199, Val Loss: 0.042604  
	Train = MSE:0.058457 , RMSE:0.241779 , MAE:0.187524 , MAPD:0.963498, R_squared:0.998988  
	Validation = MSE:0.041391 , RMSE:0.203447 , MAE:0.141735 , MAPD:0.787278, R_squared:0.999255

2024-03-21 04:06:46,716 Epoch 174/300, Train Loss: 0.053602, Val Loss: 0.052035  
	Train = MSE:0.054419 , RMSE:0.233279 , MAE:0.177091 , MAPD:0.919920, R_squared:0.999058  
	Validation = MSE:0.051957 , RMSE:0.227942 , MAE:0.164891 , MAPD:0.896219, R_squared:0.999065

2024-03-21 04:06:47,815 Epoch 175/300, Train Loss: 0.037381, Val Loss: 0.042512  
	Train = MSE:0.037579 , RMSE:0.193854 , MAE:0.141997 , MAPD:0.749731, R_squared:0.999349  
	Validation = MSE:0.041595 , RMSE:0.203948 , MAE:0.140457 , MAPD:0.770554, R_squared:0.999252

2024-03-21 04:06:48,920 Epoch 176/300, Train Loss: 0.038561, Val Loss: 0.062328  
	Train = MSE:0.038076 , RMSE:0.195132 , MAE:0.141869 , MAPD:0.746399, R_squared:0.999341  
	Validation = MSE:0.059287 , RMSE:0.243490 , MAE:0.192168 , MAPD:1.012850, R_squared:0.998933

2024-03-21 04:06:50,164 Epoch 177/300, Train Loss: 0.082303, Val Loss: 0.064604  
	Train = MSE:0.082931 , RMSE:0.287978 , MAE:0.223504 , MAPD:1.140244, R_squared:0.998564  
	Validation = MSE:0.065410 , RMSE:0.255755 , MAE:0.191096 , MAPD:1.004237, R_squared:0.998823

2024-03-21 04:06:52,339 Epoch 178/300, Train Loss: 0.048723, Val Loss: 0.074986  
	Train = MSE:0.047602 , RMSE:0.218180 , MAE:0.164099 , MAPD:0.851047, R_squared:0.999176  
	Validation = MSE:0.071633 , RMSE:0.267643 , MAE:0.215224 , MAPD:1.118504, R_squared:0.998711

2024-03-21 04:06:53,996 Epoch 179/300, Train Loss: 0.066646, Val Loss: 0.049643  
	Train = MSE:0.066554 , RMSE:0.257981 , MAE:0.198444 , MAPD:1.014794, R_squared:0.998848  
	Validation = MSE:0.049574 , RMSE:0.222652 , MAE:0.155658 , MAPD:0.812755, R_squared:0.999108

2024-03-21 04:06:55,538 Epoch 180/300, Train Loss: 0.036328, Val Loss: 0.041976  
	Train = MSE:0.036519 , RMSE:0.191099 , MAE:0.140372 , MAPD:0.743767, R_squared:0.999368  
	Validation = MSE:0.041120 , RMSE:0.202781 , MAE:0.143812 , MAPD:0.798359, R_squared:0.999260

2024-03-21 04:06:57,127 Epoch 181/300, Train Loss: 0.046727, Val Loss: 0.231655  
	Train = MSE:0.043296 , RMSE:0.208076 , MAE:0.152631 , MAPD:0.800469, R_squared:0.999251  
	Validation = MSE:0.234213 , RMSE:0.483956 , MAE:0.427323 , MAPD:2.189425, R_squared:0.995786

2024-03-21 04:07:00,755 Epoch 182/300, Train Loss: 0.223754, Val Loss: 0.095611  
	Train = MSE:0.221255 , RMSE:0.470378 , MAE:0.397066 , MAPD:1.970285, R_squared:0.996170  
	Validation = MSE:0.097261 , RMSE:0.311867 , MAE:0.253061 , MAPD:1.348701, R_squared:0.998250

2024-03-21 04:07:02,165 Epoch 183/300, Train Loss: 0.086043, Val Loss: 0.055206  
	Train = MSE:0.087685 , RMSE:0.296116 , MAE:0.230270 , MAPD:1.187952, R_squared:0.998482  
	Validation = MSE:0.055483 , RMSE:0.235549 , MAE:0.175401 , MAPD:0.985148, R_squared:0.999002

2024-03-21 04:07:03,439 Epoch 184/300, Train Loss: 0.063724, Val Loss: 0.150093  
	Train = MSE:0.060914 , RMSE:0.246808 , MAE:0.189453 , MAPD:0.973421, R_squared:0.998946  
	Validation = MSE:0.152449 , RMSE:0.390447 , MAE:0.327807 , MAPD:1.667163, R_squared:0.997257

2024-03-21 04:07:04,594 Epoch 185/300, Train Loss: 0.063222, Val Loss: 0.050965  
	Train = MSE:0.064305 , RMSE:0.253585 , MAE:0.195000 , MAPD:1.009019, R_squared:0.998887  
	Validation = MSE:0.051370 , RMSE:0.226651 , MAE:0.165981 , MAPD:0.917749, R_squared:0.999076

2024-03-21 04:07:05,741 Epoch 186/300, Train Loss: 0.071371, Val Loss: 0.062450  
	Train = MSE:0.073109 , RMSE:0.270386 , MAE:0.212495 , MAPD:1.084111, R_squared:0.998734  
	Validation = MSE:0.059754 , RMSE:0.244446 , MAE:0.194926 , MAPD:1.043079, R_squared:0.998925

2024-03-21 04:07:06,892 Epoch 187/300, Train Loss: 0.055835, Val Loss: 0.041338  
	Train = MSE:0.056962 , RMSE:0.238668 , MAE:0.182386 , MAPD:0.942228, R_squared:0.999014  
	Validation = MSE:0.040639 , RMSE:0.201590 , MAE:0.138334 , MAPD:0.759734, R_squared:0.999269

2024-03-21 04:07:08,485 Epoch 188/300, Train Loss: 0.066640, Val Loss: 0.104811  
	Train = MSE:0.064101 , RMSE:0.253182 , MAE:0.194632 , MAPD:1.005042, R_squared:0.998890  
	Validation = MSE:0.099988 , RMSE:0.316209 , MAE:0.252754 , MAPD:1.245794, R_squared:0.998201

2024-03-21 04:07:10,002 Epoch 189/300, Train Loss: 0.060890, Val Loss: 0.117301  
	Train = MSE:0.058373 , RMSE:0.241605 , MAE:0.182694 , MAPD:0.940141, R_squared:0.998990  
	Validation = MSE:0.119122 , RMSE:0.345141 , MAE:0.272800 , MAPD:1.353654, R_squared:0.997857

2024-03-21 04:07:11,310 Epoch 190/300, Train Loss: 0.049148, Val Loss: 0.060565  
	Train = MSE:0.048832 , RMSE:0.220979 , MAE:0.164290 , MAPD:0.857035, R_squared:0.999155  
	Validation = MSE:0.057815 , RMSE:0.240447 , MAE:0.186127 , MAPD:0.973800, R_squared:0.998960

2024-03-21 04:07:12,666 Epoch 191/300, Train Loss: 0.059253, Val Loss: 0.143905  
	Train = MSE:0.057996 , RMSE:0.240824 , MAE:0.186267 , MAPD:0.964541, R_squared:0.998996  
	Validation = MSE:0.138094 , RMSE:0.371611 , MAE:0.317935 , MAPD:1.612196, R_squared:0.997515

2024-03-21 04:07:16,187 Epoch 192/300, Train Loss: 0.062655, Val Loss: 0.057395  
	Train = MSE:0.063609 , RMSE:0.252208 , MAE:0.195056 , MAPD:1.007430, R_squared:0.998899  
	Validation = MSE:0.057777 , RMSE:0.240368 , MAE:0.173056 , MAPD:0.895145, R_squared:0.998960

2024-03-21 04:07:17,718 Epoch 193/300, Train Loss: 0.231822, Val Loss: 0.238676  
	Train = MSE:0.232942 , RMSE:0.482640 , MAE:0.387653 , MAPD:1.918036, R_squared:0.995968  
	Validation = MSE:0.242851 , RMSE:0.492799 , MAE:0.440909 , MAPD:2.296367, R_squared:0.995630

2024-03-21 04:07:19,931 Epoch 194/300, Train Loss: 0.125607, Val Loss: 0.160786  
	Train = MSE:0.125083 , RMSE:0.353671 , MAE:0.281025 , MAPD:1.417099, R_squared:0.997835  
	Validation = MSE:0.154002 , RMSE:0.392431 , MAE:0.339163 , MAPD:1.743058, R_squared:0.997229

2024-03-21 04:07:21,996 Epoch 195/300, Train Loss: 0.062756, Val Loss: 0.046610  
	Train = MSE:0.063744 , RMSE:0.252476 , MAE:0.195284 , MAPD:1.018237, R_squared:0.998897  
	Validation = MSE:0.044709 , RMSE:0.211444 , MAE:0.155891 , MAPD:0.843205, R_squared:0.999196

2024-03-21 04:07:23,211 Epoch 196/300, Train Loss: 0.048076, Val Loss: 0.139308  
	Train = MSE:0.046089 , RMSE:0.214684 , MAE:0.161759 , MAPD:0.850731, R_squared:0.999202  
	Validation = MSE:0.141179 , RMSE:0.375737 , MAE:0.314017 , MAPD:1.606728, R_squared:0.997460

2024-03-21 04:07:24,391 Epoch 197/300, Train Loss: 0.093169, Val Loss: 0.048182  
	Train = MSE:0.095406 , RMSE:0.308878 , MAE:0.241348 , MAPD:1.223470, R_squared:0.998349  
	Validation = MSE:0.046854 , RMSE:0.216457 , MAE:0.158298 , MAPD:0.841545, R_squared:0.999157

2024-03-21 04:07:25,544 Epoch 198/300, Train Loss: 0.151264, Val Loss: 0.102249  
	Train = MSE:0.150109 , RMSE:0.387439 , MAE:0.316006 , MAPD:1.582149, R_squared:0.997402  
	Validation = MSE:0.098126 , RMSE:0.313251 , MAE:0.270765 , MAPD:1.457773, R_squared:0.998234

2024-03-21 04:07:27,090 Epoch 199/300, Train Loss: 0.129575, Val Loss: 0.154219  
	Train = MSE:0.129791 , RMSE:0.360265 , MAE:0.283795 , MAPD:1.439973, R_squared:0.997753  
	Validation = MSE:0.156714 , RMSE:0.395871 , MAE:0.331491 , MAPD:1.679169, R_squared:0.997180

2024-03-21 04:07:28,688 Epoch 200/300, Train Loss: 0.132306, Val Loss: 0.197363  
	Train = MSE:0.132947 , RMSE:0.364619 , MAE:0.294599 , MAPD:1.490194, R_squared:0.997699  
	Validation = MSE:0.189695 , RMSE:0.435539 , MAE:0.341958 , MAPD:1.588095, R_squared:0.996587

2024-03-21 04:07:29,831 Epoch 201/300, Train Loss: 0.106584, Val Loss: 0.041328  
	Train = MSE:0.109296 , RMSE:0.330600 , MAE:0.253607 , MAPD:1.290451, R_squared:0.998108  
	Validation = MSE:0.040365 , RMSE:0.200910 , MAE:0.140631 , MAPD:0.768208, R_squared:0.999274

2024-03-21 04:07:35,232 Epoch 202/300, Train Loss: 0.074774, Val Loss: 0.042798  
	Train = MSE:0.075921 , RMSE:0.275538 , MAE:0.214085 , MAPD:1.100005, R_squared:0.998686  
	Validation = MSE:0.042584 , RMSE:0.206360 , MAE:0.147992 , MAPD:0.811458, R_squared:0.999234

2024-03-21 04:07:36,471 Epoch 203/300, Train Loss: 0.329584, Val Loss: 0.046496  
	Train = MSE:0.334906 , RMSE:0.578711 , MAE:0.473963 , MAPD:2.362865, R_squared:0.994203  
	Validation = MSE:0.044692 , RMSE:0.211406 , MAE:0.157331 , MAPD:0.873124, R_squared:0.999196

2024-03-21 04:07:37,612 Epoch 204/300, Train Loss: 0.539331, Val Loss: 0.211504  
	Train = MSE:0.537346 , RMSE:0.733039 , MAE:0.605224 , MAPD:2.992540, R_squared:0.990698  
	Validation = MSE:0.214570 , RMSE:0.463217 , MAE:0.415827 , MAPD:2.245261, R_squared:0.996139

2024-03-21 04:07:38,782 Epoch 205/300, Train Loss: 0.636624, Val Loss: 0.329841  
	Train = MSE:0.487048 , RMSE:0.697888 , MAE:0.491397 , MAPD:2.479720, R_squared:0.991569  
	Validation = MSE:0.319215 , RMSE:0.564991 , MAE:0.486778 , MAPD:2.411114, R_squared:0.994256

2024-03-21 04:07:39,963 Epoch 206/300, Train Loss: 1.329202, Val Loss: 1.033824  
	Train = MSE:1.379625 , RMSE:1.174574 , MAE:0.970562 , MAPD:4.786094, R_squared:0.976118  
	Validation = MSE:1.011917 , RMSE:1.005941 , MAE:0.897463 , MAPD:4.524429, R_squared:0.981792

2024-03-21 04:07:41,392 Epoch 207/300, Train Loss: 0.834480, Val Loss: 0.091894  
	Train = MSE:0.840849 , RMSE:0.916978 , MAE:0.790191 , MAPD:3.929304, R_squared:0.985445  
	Validation = MSE:0.092616 , RMSE:0.304328 , MAE:0.241548 , MAPD:1.337960, R_squared:0.998333

2024-03-21 04:07:42,826 Epoch 208/300, Train Loss: 0.151087, Val Loss: 0.065233  
	Train = MSE:0.155318 , RMSE:0.394104 , MAE:0.303257 , MAPD:1.605067, R_squared:0.997311  
	Validation = MSE:0.066396 , RMSE:0.257673 , MAE:0.197355 , MAPD:1.100238, R_squared:0.998805

2024-03-21 04:07:44,213 Epoch 209/300, Train Loss: 0.125087, Val Loss: 0.430750  
	Train = MSE:0.121920 , RMSE:0.349170 , MAE:0.255987 , MAPD:1.351583, R_squared:0.997890  
	Validation = MSE:0.417719 , RMSE:0.646312 , MAE:0.569607 , MAPD:2.873644, R_squared:0.992484

2024-03-21 04:07:45,884 Epoch 210/300, Train Loss: 0.194494, Val Loss: 0.165311  
	Train = MSE:0.198793 , RMSE:0.445862 , MAE:0.359276 , MAPD:1.803053, R_squared:0.996559  
	Validation = MSE:0.159654 , RMSE:0.399568 , MAE:0.338824 , MAPD:1.754933, R_squared:0.997127

2024-03-21 04:07:48,237 Epoch 211/300, Train Loss: 0.093431, Val Loss: 0.078400  
	Train = MSE:0.095843 , RMSE:0.309585 , MAE:0.240918 , MAPD:1.231617, R_squared:0.998341  
	Validation = MSE:0.076195 , RMSE:0.276035 , MAE:0.219837 , MAPD:1.194986, R_squared:0.998629

2024-03-21 04:07:52,751 Epoch 212/300, Train Loss: 0.048450, Val Loss: 0.068406  
	Train = MSE:0.048822 , RMSE:0.220957 , MAE:0.163520 , MAPD:0.864867, R_squared:0.999155  
	Validation = MSE:0.066281 , RMSE:0.257450 , MAE:0.202932 , MAPD:1.116672, R_squared:0.998807

2024-03-21 04:07:54,551 Epoch 213/300, Train Loss: 0.071450, Val Loss: 0.070962  
	Train = MSE:0.070785 , RMSE:0.266054 , MAE:0.202707 , MAPD:1.050944, R_squared:0.998775  
	Validation = MSE:0.072627 , RMSE:0.269494 , MAE:0.203333 , MAPD:1.106382, R_squared:0.998693

2024-03-21 04:07:55,651 Epoch 214/300, Train Loss: 0.062389, Val Loss: 0.062445  
	Train = MSE:0.063015 , RMSE:0.251029 , MAE:0.190407 , MAPD:0.986450, R_squared:0.998909  
	Validation = MSE:0.063816 , RMSE:0.252618 , MAE:0.183531 , MAPD:0.984386, R_squared:0.998852

2024-03-21 04:07:56,732 Epoch 215/300, Train Loss: 0.043056, Val Loss: 0.049009  
	Train = MSE:0.043258 , RMSE:0.207985 , MAE:0.153780 , MAPD:0.812350, R_squared:0.999251  
	Validation = MSE:0.049440 , RMSE:0.222350 , MAE:0.153831 , MAPD:0.828579, R_squared:0.999110

2024-03-21 04:07:57,880 Epoch 216/300, Train Loss: 0.043191, Val Loss: 0.050821  
	Train = MSE:0.043344 , RMSE:0.208193 , MAE:0.152981 , MAPD:0.810357, R_squared:0.999250  
	Validation = MSE:0.051523 , RMSE:0.226988 , MAE:0.158403 , MAPD:0.844374, R_squared:0.999073

2024-03-21 04:07:58,994 Epoch 217/300, Train Loss: 0.044604, Val Loss: 0.076258  
	Train = MSE:0.044615 , RMSE:0.211222 , MAE:0.155219 , MAPD:0.817060, R_squared:0.999228  
	Validation = MSE:0.073243 , RMSE:0.270635 , MAE:0.223255 , MAPD:1.212490, R_squared:0.998682

2024-03-21 04:08:00,381 Epoch 218/300, Train Loss: 0.045838, Val Loss: 0.048293  
	Train = MSE:0.046075 , RMSE:0.214652 , MAE:0.158454 , MAPD:0.827673, R_squared:0.999202  
	Validation = MSE:0.046840 , RMSE:0.216425 , MAE:0.159335 , MAPD:0.882378, R_squared:0.999157

2024-03-21 04:08:02,082 Epoch 219/300, Train Loss: 0.038080, Val Loss: 0.047450  
	Train = MSE:0.037842 , RMSE:0.194529 , MAE:0.140790 , MAPD:0.748784, R_squared:0.999345  
	Validation = MSE:0.047832 , RMSE:0.218706 , MAE:0.152343 , MAPD:0.826779, R_squared:0.999139

2024-03-21 04:08:03,462 Epoch 220/300, Train Loss: 0.036522, Val Loss: 0.042678  
	Train = MSE:0.036401 , RMSE:0.190790 , MAE:0.136793 , MAPD:0.726351, R_squared:0.999370  
	Validation = MSE:0.042412 , RMSE:0.205941 , MAE:0.141168 , MAPD:0.774335, R_squared:0.999237

2024-03-21 04:08:04,713 Epoch 221/300, Train Loss: 0.038828, Val Loss: 0.054997  
	Train = MSE:0.039090 , RMSE:0.197711 , MAE:0.143241 , MAPD:0.758342, R_squared:0.999323  
	Validation = MSE:0.055823 , RMSE:0.236270 , MAE:0.170662 , MAPD:0.929481, R_squared:0.998996

2024-03-21 04:08:08,387 Epoch 222/300, Train Loss: 0.059667, Val Loss: 0.055416  
	Train = MSE:0.059900 , RMSE:0.244745 , MAE:0.184332 , MAPD:0.945289, R_squared:0.998963  
	Validation = MSE:0.053240 , RMSE:0.230737 , MAE:0.174836 , MAPD:0.932588, R_squared:0.999042

2024-03-21 04:08:09,659 Epoch 223/300, Train Loss: 0.049220, Val Loss: 0.045327  
	Train = MSE:0.049887 , RMSE:0.223355 , MAE:0.166514 , MAPD:0.864322, R_squared:0.999136  
	Validation = MSE:0.045926 , RMSE:0.214303 , MAE:0.149340 , MAPD:0.811727, R_squared:0.999174

2024-03-21 04:08:10,939 Epoch 224/300, Train Loss: 0.053427, Val Loss: 0.064445  
	Train = MSE:0.054594 , RMSE:0.233653 , MAE:0.179144 , MAPD:0.935095, R_squared:0.999055  
	Validation = MSE:0.061740 , RMSE:0.248476 , MAE:0.197653 , MAPD:1.054508, R_squared:0.998889

2024-03-21 04:08:12,813 Epoch 225/300, Train Loss: 0.066945, Val Loss: 0.084137  
	Train = MSE:0.067347 , RMSE:0.259513 , MAE:0.204384 , MAPD:1.048984, R_squared:0.998834  
	Validation = MSE:0.085732 , RMSE:0.292801 , MAE:0.229447 , MAPD:1.204911, R_squared:0.998457

2024-03-21 04:08:14,647 Epoch 226/300, Train Loss: 0.048212, Val Loss: 0.057984  
	Train = MSE:0.048360 , RMSE:0.219908 , MAE:0.165648 , MAPD:0.863691, R_squared:0.999163  
	Validation = MSE:0.055421 , RMSE:0.235417 , MAE:0.181298 , MAPD:0.960220, R_squared:0.999003

2024-03-21 04:08:17,346 Epoch 227/300, Train Loss: 0.043327, Val Loss: 0.055233  
	Train = MSE:0.042437 , RMSE:0.206003 , MAE:0.152340 , MAPD:0.799928, R_squared:0.999265  
	Validation = MSE:0.056166 , RMSE:0.236993 , MAE:0.172069 , MAPD:0.922666, R_squared:0.998989

2024-03-21 04:08:19,015 Epoch 228/300, Train Loss: 0.034845, Val Loss: 0.062389  
	Train = MSE:0.035373 , RMSE:0.188078 , MAE:0.137133 , MAPD:0.729609, R_squared:0.999388  
	Validation = MSE:0.063392 , RMSE:0.251777 , MAE:0.187951 , MAPD:1.006262, R_squared:0.998859

2024-03-21 04:08:21,128 Epoch 229/300, Train Loss: 0.038636, Val Loss: 0.043916  
	Train = MSE:0.038639 , RMSE:0.196568 , MAE:0.144350 , MAPD:0.760234, R_squared:0.999331  
	Validation = MSE:0.042592 , RMSE:0.206379 , MAE:0.145931 , MAPD:0.796086, R_squared:0.999234

2024-03-21 04:08:22,951 Epoch 230/300, Train Loss: 0.036839, Val Loss: 0.040596  
	Train = MSE:0.037383 , RMSE:0.193347 , MAE:0.142504 , MAPD:0.760319, R_squared:0.999353  
	Validation = MSE:0.039873 , RMSE:0.199681 , MAE:0.136561 , MAPD:0.747028, R_squared:0.999283

2024-03-21 04:08:24,227 Epoch 231/300, Train Loss: 0.037375, Val Loss: 0.062044  
	Train = MSE:0.037469 , RMSE:0.193570 , MAE:0.143134 , MAPD:0.755077, R_squared:0.999351  
	Validation = MSE:0.059545 , RMSE:0.244018 , MAE:0.187561 , MAPD:0.977246, R_squared:0.998929

2024-03-21 04:08:27,879 Epoch 232/300, Train Loss: 0.069869, Val Loss: 0.060416  
	Train = MSE:0.069034 , RMSE:0.262744 , MAE:0.205634 , MAPD:1.050491, R_squared:0.998805  
	Validation = MSE:0.057793 , RMSE:0.240401 , MAE:0.182110 , MAPD:0.936681, R_squared:0.998960

2024-03-21 04:08:29,162 Epoch 233/300, Train Loss: 0.053843, Val Loss: 0.066364  
	Train = MSE:0.053738 , RMSE:0.231816 , MAE:0.178184 , MAPD:0.923268, R_squared:0.999070  
	Validation = MSE:0.067512 , RMSE:0.259831 , MAE:0.199441 , MAPD:1.086988, R_squared:0.998785

2024-03-21 04:08:30,840 Epoch 234/300, Train Loss: 0.041473, Val Loss: 0.071541  
	Train = MSE:0.041051 , RMSE:0.202611 , MAE:0.152559 , MAPD:0.803019, R_squared:0.999289  
	Validation = MSE:0.068531 , RMSE:0.261785 , MAE:0.211109 , MAPD:1.106627, R_squared:0.998767

2024-03-21 04:08:32,563 Epoch 235/300, Train Loss: 0.076529, Val Loss: 0.075702  
	Train = MSE:0.078166 , RMSE:0.279582 , MAE:0.220877 , MAPD:1.127911, R_squared:0.998647  
	Validation = MSE:0.077484 , RMSE:0.278359 , MAE:0.215047 , MAPD:1.129742, R_squared:0.998606

2024-03-21 04:08:33,845 Epoch 236/300, Train Loss: 0.090217, Val Loss: 0.070628  
	Train = MSE:0.087162 , RMSE:0.295232 , MAE:0.236823 , MAPD:1.204590, R_squared:0.998491  
	Validation = MSE:0.072106 , RMSE:0.268526 , MAE:0.209887 , MAPD:1.143732, R_squared:0.998703

2024-03-21 04:08:35,172 Epoch 237/300, Train Loss: 0.065772, Val Loss: 0.069831  
	Train = MSE:0.063938 , RMSE:0.252859 , MAE:0.198445 , MAPD:1.024391, R_squared:0.998893  
	Validation = MSE:0.066861 , RMSE:0.258574 , MAE:0.200202 , MAPD:1.011386, R_squared:0.998797

2024-03-21 04:08:36,485 Epoch 238/300, Train Loss: 0.066827, Val Loss: 0.045032  
	Train = MSE:0.066304 , RMSE:0.257497 , MAE:0.196135 , MAPD:1.002088, R_squared:0.998852  
	Validation = MSE:0.045646 , RMSE:0.213649 , MAE:0.149024 , MAPD:0.811584, R_squared:0.999179

2024-03-21 04:08:37,769 Epoch 239/300, Train Loss: 0.076943, Val Loss: 0.051879  
	Train = MSE:0.078762 , RMSE:0.280645 , MAE:0.216344 , MAPD:1.103991, R_squared:0.998637  
	Validation = MSE:0.052499 , RMSE:0.229127 , MAE:0.164558 , MAPD:0.894954, R_squared:0.999055

2024-03-21 04:08:39,087 Epoch 240/300, Train Loss: 0.037842, Val Loss: 0.048442  
	Train = MSE:0.037504 , RMSE:0.193659 , MAE:0.141445 , MAPD:0.746485, R_squared:0.999351  
	Validation = MSE:0.048495 , RMSE:0.220216 , MAE:0.157305 , MAPD:0.862530, R_squared:0.999127

2024-03-21 04:08:40,384 Epoch 241/300, Train Loss: 0.046532, Val Loss: 0.141332  
	Train = MSE:0.044324 , RMSE:0.210533 , MAE:0.158595 , MAPD:0.831982, R_squared:0.999233  
	Validation = MSE:0.135810 , RMSE:0.368524 , MAE:0.318039 , MAPD:1.623102, R_squared:0.997556

2024-03-21 04:08:46,404 Epoch 242/300, Train Loss: 0.070405, Val Loss: 0.086276  
	Train = MSE:0.071142 , RMSE:0.266725 , MAE:0.207761 , MAPD:1.054596, R_squared:0.998769  
	Validation = MSE:0.082667 , RMSE:0.287519 , MAE:0.239112 , MAPD:1.249313, R_squared:0.998512

2024-03-21 04:08:48,174 Epoch 243/300, Train Loss: 0.045315, Val Loss: 0.040390  
	Train = MSE:0.045668 , RMSE:0.213700 , MAE:0.160722 , MAPD:0.839653, R_squared:0.999209  
	Validation = MSE:0.039534 , RMSE:0.198830 , MAE:0.136580 , MAPD:0.743914, R_squared:0.999289

2024-03-21 04:08:49,954 Epoch 244/300, Train Loss: 0.033548, Val Loss: 0.040473  
	Train = MSE:0.033469 , RMSE:0.182946 , MAE:0.133692 , MAPD:0.705913, R_squared:0.999421  
	Validation = MSE:0.039645 , RMSE:0.199112 , MAE:0.137699 , MAPD:0.748809, R_squared:0.999287

2024-03-21 04:08:51,242 Epoch 245/300, Train Loss: 0.039782, Val Loss: 0.048261  
	Train = MSE:0.039438 , RMSE:0.198589 , MAE:0.147007 , MAPD:0.768150, R_squared:0.999317  
	Validation = MSE:0.046192 , RMSE:0.214924 , MAE:0.159634 , MAPD:0.847587, R_squared:0.999169

2024-03-21 04:08:52,538 Epoch 246/300, Train Loss: 0.034915, Val Loss: 0.044402  
	Train = MSE:0.034709 , RMSE:0.186303 , MAE:0.136777 , MAPD:0.722000, R_squared:0.999399  
	Validation = MSE:0.044521 , RMSE:0.210999 , MAE:0.147398 , MAPD:0.792339, R_squared:0.999199

2024-03-21 04:08:53,844 Epoch 247/300, Train Loss: 0.042647, Val Loss: 0.052272  
	Train = MSE:0.043157 , RMSE:0.207744 , MAE:0.155649 , MAPD:0.809728, R_squared:0.999253  
	Validation = MSE:0.052896 , RMSE:0.229991 , MAE:0.165397 , MAPD:0.868736, R_squared:0.999048

2024-03-21 04:08:55,176 Epoch 248/300, Train Loss: 0.061615, Val Loss: 0.062836  
	Train = MSE:0.062326 , RMSE:0.249652 , MAE:0.195623 , MAPD:0.997328, R_squared:0.998921  
	Validation = MSE:0.063790 , RMSE:0.252567 , MAE:0.191598 , MAPD:1.015121, R_squared:0.998852

2024-03-21 04:08:56,408 Epoch 249/300, Train Loss: 0.091584, Val Loss: 0.130396  
	Train = MSE:0.088158 , RMSE:0.296914 , MAE:0.235098 , MAPD:1.185497, R_squared:0.998474  
	Validation = MSE:0.125532 , RMSE:0.354305 , MAE:0.313090 , MAPD:1.656980, R_squared:0.997741

2024-03-21 04:08:57,730 Epoch 250/300, Train Loss: 0.070616, Val Loss: 0.150131  
	Train = MSE:0.070204 , RMSE:0.264961 , MAE:0.208793 , MAPD:1.076447, R_squared:0.998785  
	Validation = MSE:0.144370 , RMSE:0.379960 , MAE:0.328315 , MAPD:1.671834, R_squared:0.997402

2024-03-21 04:08:59,007 Epoch 251/300, Train Loss: 0.139790, Val Loss: 0.428145  
	Train = MSE:0.133858 , RMSE:0.365867 , MAE:0.294027 , MAPD:1.477644, R_squared:0.997683  
	Validation = MSE:0.416467 , RMSE:0.645343 , MAE:0.579051 , MAPD:2.895884, R_squared:0.992506

2024-03-21 04:09:02,744 Epoch 252/300, Train Loss: 0.136239, Val Loss: 0.044335  
	Train = MSE:0.140465 , RMSE:0.374786 , MAE:0.291876 , MAPD:1.473427, R_squared:0.997569  
	Validation = MSE:0.043029 , RMSE:0.207435 , MAE:0.149252 , MAPD:0.817816, R_squared:0.999226

2024-03-21 04:09:04,065 Epoch 253/300, Train Loss: 0.039338, Val Loss: 0.043685  
	Train = MSE:0.038441 , RMSE:0.196064 , MAE:0.145320 , MAPD:0.772314, R_squared:0.999335  
	Validation = MSE:0.043574 , RMSE:0.208744 , MAE:0.147277 , MAPD:0.816420, R_squared:0.999216

2024-03-21 04:09:05,907 Epoch 254/300, Train Loss: 0.061481, Val Loss: 0.058346  
	Train = MSE:0.061801 , RMSE:0.248597 , MAE:0.195259 , MAPD:1.009708, R_squared:0.998930  
	Validation = MSE:0.055983 , RMSE:0.236607 , MAE:0.180109 , MAPD:0.932201, R_squared:0.998993

2024-03-21 04:09:07,501 Epoch 255/300, Train Loss: 0.133540, Val Loss: 0.040095  
	Train = MSE:0.133021 , RMSE:0.364720 , MAE:0.297074 , MAPD:1.484147, R_squared:0.997697  
	Validation = MSE:0.039439 , RMSE:0.198592 , MAE:0.135702 , MAPD:0.736807, R_squared:0.999290

2024-03-21 04:09:08,788 Epoch 256/300, Train Loss: 0.136286, Val Loss: 0.092911  
	Train = MSE:0.136722 , RMSE:0.369759 , MAE:0.299742 , MAPD:1.505840, R_squared:0.997633  
	Validation = MSE:0.094999 , RMSE:0.308219 , MAE:0.241606 , MAPD:1.212304, R_squared:0.998291

2024-03-21 04:09:10,098 Epoch 257/300, Train Loss: 0.049498, Val Loss: 0.076470  
	Train = MSE:0.048133 , RMSE:0.219391 , MAE:0.163975 , MAPD:0.855209, R_squared:0.999167  
	Validation = MSE:0.077865 , RMSE:0.279044 , MAE:0.215932 , MAPD:1.120939, R_squared:0.998599

2024-03-21 04:09:11,396 Epoch 258/300, Train Loss: 0.043941, Val Loss: 0.085281  
	Train = MSE:0.043718 , RMSE:0.209088 , MAE:0.155045 , MAPD:0.805664, R_squared:0.999243  
	Validation = MSE:0.081668 , RMSE:0.285776 , MAE:0.240309 , MAPD:1.265284, R_squared:0.998530

2024-03-21 04:09:12,760 Epoch 259/300, Train Loss: 0.124483, Val Loss: 0.132108  
	Train = MSE:0.122517 , RMSE:0.350024 , MAE:0.285242 , MAPD:1.428693, R_squared:0.997879  
	Validation = MSE:0.133741 , RMSE:0.365706 , MAE:0.309436 , MAPD:1.598006, R_squared:0.997593

2024-03-21 04:09:14,325 Epoch 260/300, Train Loss: 0.075061, Val Loss: 0.096552  
	Train = MSE:0.076967 , RMSE:0.277429 , MAE:0.220551 , MAPD:1.130425, R_squared:0.998668  
	Validation = MSE:0.098399 , RMSE:0.313686 , MAE:0.257234 , MAPD:1.350140, R_squared:0.998229

2024-03-21 04:09:16,178 Epoch 261/300, Train Loss: 0.103239, Val Loss: 0.072767  
	Train = MSE:0.106255 , RMSE:0.325968 , MAE:0.264728 , MAPD:1.341308, R_squared:0.998161  
	Validation = MSE:0.074357 , RMSE:0.272684 , MAE:0.216159 , MAPD:1.145082, R_squared:0.998662

2024-03-21 04:09:19,864 Epoch 262/300, Train Loss: 0.120219, Val Loss: 0.056122  
	Train = MSE:0.120718 , RMSE:0.347444 , MAE:0.283569 , MAPD:1.433263, R_squared:0.997910  
	Validation = MSE:0.057156 , RMSE:0.239073 , MAE:0.181248 , MAPD:1.013708, R_squared:0.998972

2024-03-21 04:09:21,130 Epoch 263/300, Train Loss: 0.077645, Val Loss: 0.048160  
	Train = MSE:0.077278 , RMSE:0.277990 , MAE:0.216607 , MAPD:1.115013, R_squared:0.998662  
	Validation = MSE:0.046216 , RMSE:0.214978 , MAE:0.157910 , MAPD:0.840409, R_squared:0.999168

2024-03-21 04:09:22,474 Epoch 264/300, Train Loss: 0.066711, Val Loss: 0.039131  
	Train = MSE:0.067896 , RMSE:0.260569 , MAE:0.203734 , MAPD:1.049007, R_squared:0.998825  
	Validation = MSE:0.038378 , RMSE:0.195904 , MAE:0.136461 , MAPD:0.743435, R_squared:0.999309

2024-03-21 04:09:23,754 Epoch 265/300, Train Loss: 0.057138, Val Loss: 0.065875  
	Train = MSE:0.058011 , RMSE:0.240854 , MAE:0.183612 , MAPD:0.944516, R_squared:0.998996  
	Validation = MSE:0.063054 , RMSE:0.251106 , MAE:0.202425 , MAPD:1.065229, R_squared:0.998865

2024-03-21 04:09:25,050 Epoch 266/300, Train Loss: 0.104517, Val Loss: 0.041517  
	Train = MSE:0.105919 , RMSE:0.325452 , MAE:0.257198 , MAPD:1.293129, R_squared:0.998167  
	Validation = MSE:0.040560 , RMSE:0.201394 , MAE:0.149379 , MAPD:0.842070, R_squared:0.999270

2024-03-21 04:09:26,348 Epoch 267/300, Train Loss: 0.082220, Val Loss: 0.049774  
	Train = MSE:0.083103 , RMSE:0.288276 , MAE:0.228993 , MAPD:1.166413, R_squared:0.998561  
	Validation = MSE:0.050109 , RMSE:0.223850 , MAE:0.163934 , MAPD:0.883675, R_squared:0.999098

2024-03-21 04:09:27,636 Epoch 268/300, Train Loss: 0.032574, Val Loss: 0.050384  
	Train = MSE:0.032582 , RMSE:0.180504 , MAE:0.132549 , MAPD:0.701947, R_squared:0.999436  
	Validation = MSE:0.051003 , RMSE:0.225838 , MAE:0.165651 , MAPD:0.896792, R_squared:0.999082

2024-03-21 04:09:28,927 Epoch 269/300, Train Loss: 0.060154, Val Loss: 0.090161  
	Train = MSE:0.061062 , RMSE:0.247107 , MAE:0.189139 , MAPD:0.971769, R_squared:0.998943  
	Validation = MSE:0.091620 , RMSE:0.302688 , MAE:0.245622 , MAPD:1.295833, R_squared:0.998351

2024-03-21 04:09:30,201 Epoch 270/300, Train Loss: 0.119396, Val Loss: 0.197457  
	Train = MSE:0.115192 , RMSE:0.339400 , MAE:0.278265 , MAPD:1.399161, R_squared:0.998006  
	Validation = MSE:0.190380 , RMSE:0.436325 , MAE:0.379062 , MAPD:1.903133, R_squared:0.996574

2024-03-21 04:09:31,560 Epoch 271/300, Train Loss: 0.064548, Val Loss: 0.043585  
	Train = MSE:0.065548 , RMSE:0.256024 , MAE:0.193960 , MAPD:0.991396, R_squared:0.998865  
	Validation = MSE:0.042557 , RMSE:0.206295 , MAE:0.150028 , MAPD:0.816523, R_squared:0.999234

2024-03-21 04:09:37,348 Epoch 272/300, Train Loss: 0.032156, Val Loss: 0.070780  
	Train = MSE:0.032207 , RMSE:0.179464 , MAE:0.132555 , MAPD:0.706915, R_squared:0.999442  
	Validation = MSE:0.072123 , RMSE:0.268557 , MAE:0.203550 , MAPD:1.044589, R_squared:0.998702

2024-03-21 04:09:38,648 Epoch 273/300, Train Loss: 0.076366, Val Loss: 0.042089  
	Train = MSE:0.077702 , RMSE:0.278751 , MAE:0.221865 , MAPD:1.130101, R_squared:0.998655  
	Validation = MSE:0.042210 , RMSE:0.205452 , MAE:0.143792 , MAPD:0.785437, R_squared:0.999240

2024-03-21 04:09:40,291 Epoch 274/300, Train Loss: 0.043293, Val Loss: 0.054259  
	Train = MSE:0.043645 , RMSE:0.208913 , MAE:0.157749 , MAPD:0.824429, R_squared:0.999245  
	Validation = MSE:0.052062 , RMSE:0.228172 , MAE:0.173392 , MAPD:0.898915, R_squared:0.999063

2024-03-21 04:09:42,295 Epoch 275/300, Train Loss: 0.059540, Val Loss: 0.169684  
	Train = MSE:0.058848 , RMSE:0.242586 , MAE:0.188005 , MAPD:0.960156, R_squared:0.998981  
	Validation = MSE:0.172371 , RMSE:0.415176 , MAE:0.350087 , MAPD:1.747953, R_squared:0.996898

2024-03-21 04:09:44,111 Epoch 276/300, Train Loss: 0.256670, Val Loss: 0.189795  
	Train = MSE:0.256069 , RMSE:0.506033 , MAE:0.424099 , MAPD:2.102619, R_squared:0.995567  
	Validation = MSE:0.183127 , RMSE:0.427933 , MAE:0.378158 , MAPD:1.949407, R_squared:0.996705

2024-03-21 04:09:46,347 Epoch 277/300, Train Loss: 0.088446, Val Loss: 0.064622  
	Train = MSE:0.090690 , RMSE:0.301148 , MAE:0.240444 , MAPD:1.232968, R_squared:0.998430  
	Validation = MSE:0.062326 , RMSE:0.249652 , MAE:0.183565 , MAPD:0.909267, R_squared:0.998878

2024-03-21 04:09:47,745 Epoch 278/300, Train Loss: 0.101567, Val Loss: 0.103757  
	Train = MSE:0.097545 , RMSE:0.312322 , MAE:0.248874 , MAPD:1.257831, R_squared:0.998311  
	Validation = MSE:0.105751 , RMSE:0.325194 , MAE:0.261963 , MAPD:1.331973, R_squared:0.998097

2024-03-21 04:09:49,050 Epoch 279/300, Train Loss: 0.162131, Val Loss: 0.195663  
	Train = MSE:0.165974 , RMSE:0.407399 , MAE:0.328209 , MAPD:1.644465, R_squared:0.997127  
	Validation = MSE:0.197650 , RMSE:0.444578 , MAE:0.370277 , MAPD:1.804425, R_squared:0.996443

2024-03-21 04:09:50,365 Epoch 280/300, Train Loss: 0.123233, Val Loss: 0.063638  
	Train = MSE:0.126760 , RMSE:0.356034 , MAE:0.286571 , MAPD:1.442325, R_squared:0.997806  
	Validation = MSE:0.065187 , RMSE:0.255317 , MAE:0.199282 , MAPD:1.145084, R_squared:0.998827

2024-03-21 04:09:51,722 Epoch 281/300, Train Loss: 0.162519, Val Loss: 0.061880  
	Train = MSE:0.166123 , RMSE:0.407582 , MAE:0.335467 , MAPD:1.695047, R_squared:0.997124  
	Validation = MSE:0.063372 , RMSE:0.251737 , MAE:0.194851 , MAPD:1.111776, R_squared:0.998860

2024-03-21 04:09:55,470 Epoch 282/300, Train Loss: 0.059026, Val Loss: 0.042825  
	Train = MSE:0.060073 , RMSE:0.245097 , MAE:0.189298 , MAPD:0.981443, R_squared:0.998960  
	Validation = MSE:0.041524 , RMSE:0.203775 , MAE:0.147610 , MAPD:0.795771, R_squared:0.999253

2024-03-21 04:09:56,767 Epoch 283/300, Train Loss: 0.047019, Val Loss: 0.038524  
	Train = MSE:0.047612 , RMSE:0.218202 , MAE:0.165088 , MAPD:0.858534, R_squared:0.999176  
	Validation = MSE:0.037933 , RMSE:0.194764 , MAE:0.138442 , MAPD:0.770905, R_squared:0.999317

2024-03-21 04:09:58,066 Epoch 284/300, Train Loss: 0.046297, Val Loss: 0.066892  
	Train = MSE:0.046357 , RMSE:0.215308 , MAE:0.164541 , MAPD:0.862989, R_squared:0.999198  
	Validation = MSE:0.064121 , RMSE:0.253220 , MAE:0.202590 , MAPD:1.060716, R_squared:0.998846

2024-03-21 04:09:59,340 Epoch 285/300, Train Loss: 0.039310, Val Loss: 0.040416  
	Train = MSE:0.039615 , RMSE:0.199036 , MAE:0.150268 , MAPD:0.788498, R_squared:0.999314  
	Validation = MSE:0.040095 , RMSE:0.200238 , MAE:0.137967 , MAPD:0.751528, R_squared:0.999279

2024-03-21 04:10:00,650 Epoch 286/300, Train Loss: 0.042816, Val Loss: 0.112799  
	Train = MSE:0.042184 , RMSE:0.205388 , MAE:0.155190 , MAPD:0.812500, R_squared:0.999270  
	Validation = MSE:0.114790 , RMSE:0.338807 , MAE:0.281596 , MAPD:1.453926, R_squared:0.997934

2024-03-21 04:10:02,004 Epoch 287/300, Train Loss: 0.046543, Val Loss: 0.044242  
	Train = MSE:0.047032 , RMSE:0.216870 , MAE:0.159979 , MAPD:0.827746, R_squared:0.999186  
	Validation = MSE:0.043024 , RMSE:0.207422 , MAE:0.155438 , MAPD:0.861295, R_squared:0.999226

2024-03-21 04:10:03,335 Epoch 288/300, Train Loss: 0.040307, Val Loss: 0.037473  
	Train = MSE:0.040494 , RMSE:0.201231 , MAE:0.153324 , MAPD:0.806730, R_squared:0.999299  
	Validation = MSE:0.037252 , RMSE:0.193008 , MAE:0.132338 , MAPD:0.721090, R_squared:0.999330

2024-03-21 04:10:04,620 Epoch 289/300, Train Loss: 0.051929, Val Loss: 0.093615  
	Train = MSE:0.050299 , RMSE:0.224274 , MAE:0.173449 , MAPD:0.893353, R_squared:0.999129  
	Validation = MSE:0.089763 , RMSE:0.299605 , MAE:0.251978 , MAPD:1.307034, R_squared:0.998385

2024-03-21 04:10:06,269 Epoch 290/300, Train Loss: 0.075925, Val Loss: 0.105487  
	Train = MSE:0.072797 , RMSE:0.269810 , MAE:0.210469 , MAPD:1.074659, R_squared:0.998740  
	Validation = MSE:0.107071 , RMSE:0.327216 , MAE:0.271075 , MAPD:1.413499, R_squared:0.998073

2024-03-21 04:10:07,785 Epoch 291/300, Train Loss: 0.070364, Val Loss: 0.102336  
	Train = MSE:0.068697 , RMSE:0.262100 , MAE:0.205688 , MAPD:1.049219, R_squared:0.998811  
	Validation = MSE:0.098562 , RMSE:0.313946 , MAE:0.263278 , MAPD:1.350796, R_squared:0.998226

2024-03-21 04:10:12,010 Epoch 292/300, Train Loss: 0.117843, Val Loss: 0.092531  
	Train = MSE:0.120897 , RMSE:0.347702 , MAE:0.276784 , MAPD:1.387042, R_squared:0.997907  
	Validation = MSE:0.094174 , RMSE:0.306877 , MAE:0.245290 , MAPD:1.247819, R_squared:0.998305

2024-03-21 04:10:13,723 Epoch 293/300, Train Loss: 0.067271, Val Loss: 0.193410  
	Train = MSE:0.065051 , RMSE:0.255052 , MAE:0.199714 , MAPD:1.022605, R_squared:0.998874  
	Validation = MSE:0.186899 , RMSE:0.432318 , MAE:0.379678 , MAPD:1.934925, R_squared:0.996637

2024-03-21 04:10:15,012 Epoch 294/300, Train Loss: 0.056580, Val Loss: 0.042605  
	Train = MSE:0.057762 , RMSE:0.240338 , MAE:0.180003 , MAPD:0.932182, R_squared:0.999000  
	Validation = MSE:0.041366 , RMSE:0.203387 , MAE:0.142969 , MAPD:0.754039, R_squared:0.999256

2024-03-21 04:10:16,293 Epoch 295/300, Train Loss: 0.072697, Val Loss: 0.129857  
	Train = MSE:0.073664 , RMSE:0.271411 , MAE:0.207118 , MAPD:1.059307, R_squared:0.998725  
	Validation = MSE:0.131105 , RMSE:0.362084 , MAE:0.301875 , MAPD:1.534346, R_squared:0.997641

2024-03-21 04:10:17,582 Epoch 296/300, Train Loss: 0.262217, Val Loss: 0.430551  
	Train = MSE:0.252633 , RMSE:0.502626 , MAE:0.425635 , MAPD:2.122827, R_squared:0.995627  
	Validation = MSE:0.417374 , RMSE:0.646045 , MAE:0.558059 , MAPD:2.691216, R_squared:0.992490

2024-03-21 04:10:18,874 Epoch 297/300, Train Loss: 0.161122, Val Loss: 0.195388  
	Train = MSE:0.165723 , RMSE:0.407090 , MAE:0.331908 , MAPD:1.674070, R_squared:0.997131  
	Validation = MSE:0.188797 , RMSE:0.434508 , MAE:0.372307 , MAPD:1.874292, R_squared:0.996603

2024-03-21 04:10:20,182 Epoch 298/300, Train Loss: 0.159720, Val Loss: 0.153873  
	Train = MSE:0.163966 , RMSE:0.404928 , MAE:0.329773 , MAPD:1.681874, R_squared:0.997162  
	Validation = MSE:0.148928 , RMSE:0.385912 , MAE:0.347896 , MAPD:1.869925, R_squared:0.997320

2024-03-21 04:10:21,654 Epoch 299/300, Train Loss: 0.118771, Val Loss: 0.044192  
	Train = MSE:0.122067 , RMSE:0.349380 , MAE:0.286180 , MAPD:1.447441, R_squared:0.997887  
	Validation = MSE:0.042806 , RMSE:0.206897 , MAE:0.151608 , MAPD:0.809445, R_squared:0.999230

2024-03-21 04:10:23,128 Epoch 300/300, Train Loss: 0.040813, Val Loss: 0.039360  
	Train = MSE:0.041281 , RMSE:0.203176 , MAE:0.152235 , MAPD:0.797199, R_squared:0.999285  
	Validation = MSE:0.039408 , RMSE:0.198515 , MAE:0.136958 , MAPD:0.740088, R_squared:0.999291

2024-03-21 04:10:23,137 Time for training the model: 499.399000
2024-03-21 04:10:24,876 MSE for train: 0.031824
2024-03-21 04:10:24,876 RMSE for train: 0.178394
2024-03-21 04:10:24,876 MAE for train: 0.129231
2024-03-21 04:10:24,876 MAPD for train: 0.678914
2024-03-21 04:10:24,876 R^2 Score for train: 0.999449
2024-03-21 04:10:24,886 Inference time for train dataset: 0.644001

2024-03-21 04:10:25,026 MSE for val: 0.039408
2024-03-21 04:10:25,026 RMSE for val: 0.198515
2024-03-21 04:10:25,026 MAE for val: 0.136958
2024-03-21 04:10:25,027 MAPD for val: 0.740088
2024-03-21 04:10:25,027 R^2 Score for val: 0.999291
2024-03-21 04:10:25,037 Inference time for val dataset: 0.141000

2024-03-21 04:10:25,210 MSE for test: 0.042042
2024-03-21 04:10:25,210 RMSE for test: 0.205040
2024-03-21 04:10:25,210 MAE for test: 0.140692
2024-03-21 04:10:25,211 MAPD for test: 0.703138
2024-03-21 04:10:25,211 R^2 Score for test: 0.999306
2024-03-21 04:10:25,224 Inference time for test dataset: 0.173000

2024-03-21 04:10:28,216 Train label average: , [20.62097221]
2024-03-21 04:10:28,216 Test label average: , [21.41736175]
2024-03-21 04:10:28,216 validation label average: , [20.14607025]
2024-03-21 04:10:28,217 predicted (on validation dataset) values average: , 21.36874267578125
