2024-03-21 03:39:34,088 train batches in dataset: 7
2024-03-21 03:39:34,088 val batches in dataset: 1
2024-03-21 03:39:34,088 test batches in dataset: 1
2024-03-21 03:39:34,097 Trainable parameter: net_core.0.weight - size: torch.Size([256, 35])
2024-03-21 03:39:34,101 Trainable parameter: net_core.0.bias - size: torch.Size([256])
2024-03-21 03:39:34,111 Trainable parameter: net_core.1.weight - size: torch.Size([128, 256])
2024-03-21 03:39:34,112 Trainable parameter: net_core.1.bias - size: torch.Size([128])
2024-03-21 03:39:34,320 Trainable parameter: net_core.2.weight - size: torch.Size([64, 128])
2024-03-21 03:39:34,322 Trainable parameter: net_core.2.bias - size: torch.Size([64])
2024-03-21 03:39:34,325 Trainable parameter: net_core.3.weight - size: torch.Size([16, 64])
2024-03-21 03:39:34,331 Trainable parameter: net_core.3.bias - size: torch.Size([16])
2024-03-21 03:39:34,341 Trainable parameter: net_core.4.weight - size: torch.Size([1, 16])
2024-03-21 03:39:34,345 Trainable parameter: net_core.4.bias - size: torch.Size([1])
2024-03-21 03:39:34,363 Number of trainable parameters: 51425
2024-03-21 03:39:34,363 Number of non-trainable parameters: 0
2024-03-21 03:39:37,910 Epoch 1/300, Train Loss: 4810.666914, Val Loss: 569.180115  
	Train = MSE:5380.591309 , RMSE:73.352516 , MAE:44.476627 , MAPD:234.708940, R_squared:-92.138957  
	Validation = MSE:569.180054 , RMSE:23.857494 , MAE:23.419960 , MAPD:136.769165, R_squared:-9.241851

2024-03-21 03:39:40,389 Epoch 2/300, Train Loss: 229.465918, Val Loss: 162.653137  
	Train = MSE:226.421890 , RMSE:15.047321 , MAE:12.554828 , MAPD:62.180201, R_squared:-2.919401  
	Validation = MSE:162.653137 , RMSE:12.753554 , MAE:10.542588 , MAPD:46.455999, R_squared:-1.926788

2024-03-21 03:39:41,429 Epoch 3/300, Train Loss: 97.880947, Val Loss: 35.583252  
	Train = MSE:102.169373 , RMSE:10.107886 , MAE:8.358677 , MAPD:45.188564, R_squared:-0.768569  
	Validation = MSE:35.583252 , RMSE:5.965170 , MAE:4.961749 , MAPD:27.796700, R_squared:0.359713

2024-03-21 03:39:42,170 Epoch 4/300, Train Loss: 52.675924, Val Loss: 28.346664  
	Train = MSE:56.379650 , RMSE:7.508638 , MAE:5.773500 , MAPD:25.511681, R_squared:0.024059  
	Validation = MSE:28.346664 , RMSE:5.324159 , MAE:4.714694 , MAPD:30.674589, R_squared:0.489929

2024-03-21 03:39:43,915 Epoch 5/300, Train Loss: 22.704611, Val Loss: 16.984886  
	Train = MSE:23.134573 , RMSE:4.809841 , MAE:4.046085 , MAPD:24.763875, R_squared:0.599537  
	Validation = MSE:16.984886 , RMSE:4.121273 , MAE:3.573150 , MAPD:18.258654, R_squared:0.694373

2024-03-21 03:39:44,556 Epoch 6/300, Train Loss: 14.077903, Val Loss: 9.093912  
	Train = MSE:14.394961 , RMSE:3.794069 , MAE:3.093338 , MAPD:16.919908, R_squared:0.750821  
	Validation = MSE:9.093914 , RMSE:3.015612 , MAE:2.531070 , MAPD:14.601719, R_squared:0.836364

2024-03-21 03:39:45,227 Epoch 7/300, Train Loss: 9.519950, Val Loss: 7.576116  
	Train = MSE:9.994317 , RMSE:3.161379 , MAE:2.661801 , MAPD:14.921542, R_squared:0.826997  
	Validation = MSE:7.576116 , RMSE:2.752475 , MAE:2.098199 , MAPD:13.195295, R_squared:0.863675

2024-03-21 03:39:45,880 Epoch 8/300, Train Loss: 5.497354, Val Loss: 3.168877  
	Train = MSE:5.558454 , RMSE:2.357637 , MAE:1.772581 , MAPD:10.556281, R_squared:0.903782  
	Validation = MSE:3.168877 , RMSE:1.780134 , MAE:1.319307 , MAPD:7.409774, R_squared:0.942979

2024-03-21 03:39:46,567 Epoch 9/300, Train Loss: 2.994583, Val Loss: 2.397050  
	Train = MSE:3.128683 , RMSE:1.768808 , MAE:1.425602 , MAPD:8.638806, R_squared:0.945842  
	Validation = MSE:2.397050 , RMSE:1.548241 , MAE:1.344508 , MAPD:7.119652, R_squared:0.956867

2024-03-21 03:39:47,477 Epoch 10/300, Train Loss: 4.695953, Val Loss: 5.484495  
	Train = MSE:4.960012 , RMSE:2.227108 , MAE:1.776003 , MAPD:8.965581, R_squared:0.914141  
	Validation = MSE:5.484495 , RMSE:2.341900 , MAE:2.197102 , MAPD:11.835592, R_squared:0.901312

2024-03-21 03:39:48,175 Epoch 11/300, Train Loss: 2.647086, Val Loss: 1.143252  
	Train = MSE:2.859961 , RMSE:1.691142 , MAE:1.439307 , MAPD:7.659390, R_squared:0.950494  
	Validation = MSE:1.143252 , RMSE:1.069229 , MAE:0.830602 , MAPD:4.002145, R_squared:0.979428

2024-03-21 03:39:50,172 Epoch 12/300, Train Loss: 1.728320, Val Loss: 0.460498  
	Train = MSE:1.707126 , RMSE:1.306570 , MAE:1.043405 , MAPD:5.232389, R_squared:0.970449  
	Validation = MSE:0.460498 , RMSE:0.678600 , MAE:0.525177 , MAPD:2.968648, R_squared:0.991714

2024-03-21 03:39:50,855 Epoch 13/300, Train Loss: 0.975275, Val Loss: 0.637146  
	Train = MSE:0.977531 , RMSE:0.988702 , MAE:0.782673 , MAPD:4.013134, R_squared:0.983079  
	Validation = MSE:0.637146 , RMSE:0.798214 , MAE:0.597282 , MAPD:3.169246, R_squared:0.988535

2024-03-21 03:39:51,515 Epoch 14/300, Train Loss: 0.682342, Val Loss: 0.521948  
	Train = MSE:0.665840 , RMSE:0.815990 , MAE:0.630925 , MAPD:3.298551, R_squared:0.988474  
	Validation = MSE:0.521948 , RMSE:0.722459 , MAE:0.575937 , MAPD:3.297426, R_squared:0.990608

2024-03-21 03:39:52,384 Epoch 15/300, Train Loss: 0.490566, Val Loss: 0.423990  
	Train = MSE:0.499358 , RMSE:0.706653 , MAE:0.540847 , MAPD:2.867851, R_squared:0.991356  
	Validation = MSE:0.423990 , RMSE:0.651145 , MAE:0.512594 , MAPD:2.927610, R_squared:0.992371

2024-03-21 03:39:53,138 Epoch 16/300, Train Loss: 0.407358, Val Loss: 0.356097  
	Train = MSE:0.418053 , RMSE:0.646570 , MAE:0.493626 , MAPD:2.651166, R_squared:0.992763  
	Validation = MSE:0.356097 , RMSE:0.596738 , MAE:0.456271 , MAPD:2.549200, R_squared:0.993592

2024-03-21 03:39:54,166 Epoch 17/300, Train Loss: 0.405109, Val Loss: 0.311884  
	Train = MSE:0.390818 , RMSE:0.625154 , MAE:0.471277 , MAPD:2.527061, R_squared:0.993235  
	Validation = MSE:0.311884 , RMSE:0.558466 , MAE:0.434152 , MAPD:2.500770, R_squared:0.994388

2024-03-21 03:39:57,425 Epoch 18/300, Train Loss: 0.336834, Val Loss: 0.268877  
	Train = MSE:0.341842 , RMSE:0.584672 , MAE:0.444349 , MAPD:2.396693, R_squared:0.994083  
	Validation = MSE:0.268877 , RMSE:0.518534 , MAE:0.399408 , MAPD:2.303235, R_squared:0.995162

2024-03-21 03:39:58,184 Epoch 19/300, Train Loss: 0.312062, Val Loss: 0.226986  
	Train = MSE:0.300690 , RMSE:0.548352 , MAE:0.412401 , MAPD:2.248979, R_squared:0.994795  
	Validation = MSE:0.226986 , RMSE:0.476430 , MAE:0.360559 , MAPD:2.067620, R_squared:0.995916

2024-03-21 03:39:59,025 Epoch 20/300, Train Loss: 0.279304, Val Loss: 0.208851  
	Train = MSE:0.273816 , RMSE:0.523274 , MAE:0.393777 , MAPD:2.134742, R_squared:0.995260  
	Validation = MSE:0.208851 , RMSE:0.457003 , MAE:0.353679 , MAPD:2.034824, R_squared:0.996242

2024-03-21 03:39:59,748 Epoch 21/300, Train Loss: 0.247666, Val Loss: 0.191908  
	Train = MSE:0.248509 , RMSE:0.498507 , MAE:0.373912 , MAPD:2.026821, R_squared:0.995698  
	Validation = MSE:0.191908 , RMSE:0.438073 , MAE:0.327920 , MAPD:1.874373, R_squared:0.996547

2024-03-21 03:40:01,597 Epoch 22/300, Train Loss: 0.234872, Val Loss: 0.216768  
	Train = MSE:0.231647 , RMSE:0.481297 , MAE:0.360525 , MAPD:1.960433, R_squared:0.995990  
	Validation = MSE:0.216768 , RMSE:0.465584 , MAE:0.354957 , MAPD:1.965862, R_squared:0.996099

2024-03-21 03:40:02,238 Epoch 23/300, Train Loss: 0.226255, Val Loss: 0.206407  
	Train = MSE:0.225233 , RMSE:0.474587 , MAE:0.355396 , MAPD:1.928747, R_squared:0.996101  
	Validation = MSE:0.206407 , RMSE:0.454321 , MAE:0.345089 , MAPD:1.893467, R_squared:0.996286

2024-03-21 03:40:02,921 Epoch 24/300, Train Loss: 0.197659, Val Loss: 0.170795  
	Train = MSE:0.201474 , RMSE:0.448858 , MAE:0.333302 , MAPD:1.797386, R_squared:0.996512  
	Validation = MSE:0.170795 , RMSE:0.413274 , MAE:0.308826 , MAPD:1.747425, R_squared:0.996927

2024-03-21 03:40:03,744 Epoch 25/300, Train Loss: 0.176230, Val Loss: 0.151895  
	Train = MSE:0.178415 , RMSE:0.422392 , MAE:0.311212 , MAPD:1.691788, R_squared:0.996912  
	Validation = MSE:0.151895 , RMSE:0.389737 , MAE:0.288787 , MAPD:1.638994, R_squared:0.997267

2024-03-21 03:40:04,384 Epoch 26/300, Train Loss: 0.173592, Val Loss: 0.145430  
	Train = MSE:0.172063 , RMSE:0.414804 , MAE:0.306255 , MAPD:1.656020, R_squared:0.997022  
	Validation = MSE:0.145430 , RMSE:0.381353 , MAE:0.286588 , MAPD:1.657248, R_squared:0.997383

2024-03-21 03:40:05,614 Epoch 27/300, Train Loss: 0.167121, Val Loss: 0.133927  
	Train = MSE:0.170301 , RMSE:0.412676 , MAE:0.305184 , MAPD:1.649075, R_squared:0.997052  
	Validation = MSE:0.133927 , RMSE:0.365961 , MAE:0.270813 , MAPD:1.564693, R_squared:0.997590

2024-03-21 03:40:06,364 Epoch 28/300, Train Loss: 0.156041, Val Loss: 0.131723  
	Train = MSE:0.154245 , RMSE:0.392740 , MAE:0.289258 , MAPD:1.552538, R_squared:0.997330  
	Validation = MSE:0.131723 , RMSE:0.362937 , MAE:0.262754 , MAPD:1.486656, R_squared:0.997630

2024-03-21 03:40:07,019 Epoch 29/300, Train Loss: 0.148789, Val Loss: 0.140083  
	Train = MSE:0.150688 , RMSE:0.388185 , MAE:0.282363 , MAPD:1.511526, R_squared:0.997392  
	Validation = MSE:0.140083 , RMSE:0.374277 , MAE:0.274760 , MAPD:1.530711, R_squared:0.997479

2024-03-21 03:40:07,664 Epoch 30/300, Train Loss: 0.135290, Val Loss: 0.115167  
	Train = MSE:0.138492 , RMSE:0.372146 , MAE:0.270624 , MAPD:1.445619, R_squared:0.997603  
	Validation = MSE:0.115167 , RMSE:0.339363 , MAE:0.243568 , MAPD:1.388720, R_squared:0.997928

2024-03-21 03:40:08,448 Epoch 31/300, Train Loss: 0.130538, Val Loss: 0.110019  
	Train = MSE:0.128562 , RMSE:0.358556 , MAE:0.259228 , MAPD:1.384272, R_squared:0.997775  
	Validation = MSE:0.110019 , RMSE:0.331691 , MAE:0.236737 , MAPD:1.347315, R_squared:0.998020

2024-03-21 03:40:10,450 Epoch 32/300, Train Loss: 0.125379, Val Loss: 0.110732  
	Train = MSE:0.122304 , RMSE:0.349719 , MAE:0.251940 , MAPD:1.336525, R_squared:0.997883  
	Validation = MSE:0.110732 , RMSE:0.332763 , MAE:0.238122 , MAPD:1.335029, R_squared:0.998007

2024-03-21 03:40:11,097 Epoch 33/300, Train Loss: 0.121135, Val Loss: 0.132369  
	Train = MSE:0.122466 , RMSE:0.349951 , MAE:0.253801 , MAPD:1.344389, R_squared:0.997880  
	Validation = MSE:0.132369 , RMSE:0.363825 , MAE:0.266764 , MAPD:1.469327, R_squared:0.997618

2024-03-21 03:40:11,778 Epoch 34/300, Train Loss: 0.117936, Val Loss: 0.103252  
	Train = MSE:0.121765 , RMSE:0.348948 , MAE:0.252623 , MAPD:1.331220, R_squared:0.997892  
	Validation = MSE:0.103252 , RMSE:0.321328 , MAE:0.228381 , MAPD:1.279984, R_squared:0.998142

2024-03-21 03:40:12,992 Epoch 35/300, Train Loss: 0.113657, Val Loss: 0.099405  
	Train = MSE:0.114820 , RMSE:0.338851 , MAE:0.244444 , MAPD:1.288923, R_squared:0.998012  
	Validation = MSE:0.099405 , RMSE:0.315286 , MAE:0.227857 , MAPD:1.296641, R_squared:0.998211

2024-03-21 03:40:13,637 Epoch 36/300, Train Loss: 0.107988, Val Loss: 0.094297  
	Train = MSE:0.109467 , RMSE:0.330858 , MAE:0.236012 , MAPD:1.252625, R_squared:0.998105  
	Validation = MSE:0.094297 , RMSE:0.307078 , MAE:0.216816 , MAPD:1.225105, R_squared:0.998303

2024-03-21 03:40:14,298 Epoch 37/300, Train Loss: 0.111703, Val Loss: 0.104156  
	Train = MSE:0.103352 , RMSE:0.321484 , MAE:0.229198 , MAPD:1.208309, R_squared:0.998211  
	Validation = MSE:0.104156 , RMSE:0.322732 , MAE:0.229213 , MAPD:1.265312, R_squared:0.998126

2024-03-21 03:40:15,013 Epoch 38/300, Train Loss: 0.099761, Val Loss: 0.097280  
	Train = MSE:0.101151 , RMSE:0.318042 , MAE:0.227157 , MAPD:1.195325, R_squared:0.998249  
	Validation = MSE:0.097280 , RMSE:0.311897 , MAE:0.219227 , MAPD:1.225725, R_squared:0.998250

2024-03-21 03:40:15,852 Epoch 39/300, Train Loss: 0.098619, Val Loss: 0.089382  
	Train = MSE:0.100345 , RMSE:0.316772 , MAE:0.225609 , MAPD:1.187838, R_squared:0.998263  
	Validation = MSE:0.089382 , RMSE:0.298969 , MAE:0.212598 , MAPD:1.204978, R_squared:0.998392

2024-03-21 03:40:16,484 Epoch 40/300, Train Loss: 0.100864, Val Loss: 0.098168  
	Train = MSE:0.099840 , RMSE:0.315975 , MAE:0.228025 , MAPD:1.201080, R_squared:0.998272  
	Validation = MSE:0.098168 , RMSE:0.313318 , MAE:0.220981 , MAPD:1.237584, R_squared:0.998234

2024-03-21 03:40:17,133 Epoch 41/300, Train Loss: 0.097186, Val Loss: 0.091096  
	Train = MSE:0.097215 , RMSE:0.311794 , MAE:0.221158 , MAPD:1.166927, R_squared:0.998317  
	Validation = MSE:0.091096 , RMSE:0.301822 , MAE:0.211162 , MAPD:1.166664, R_squared:0.998361

2024-03-21 03:40:19,224 Epoch 42/300, Train Loss: 0.090967, Val Loss: 0.083671  
	Train = MSE:0.093509 , RMSE:0.305792 , MAE:0.219494 , MAPD:1.158155, R_squared:0.998381  
	Validation = MSE:0.083671 , RMSE:0.289259 , MAE:0.201166 , MAPD:1.138648, R_squared:0.998494

2024-03-21 03:40:19,875 Epoch 43/300, Train Loss: 0.091768, Val Loss: 0.090330  
	Train = MSE:0.091661 , RMSE:0.302755 , MAE:0.215001 , MAPD:1.136661, R_squared:0.998413  
	Validation = MSE:0.090330 , RMSE:0.300550 , MAE:0.208407 , MAPD:1.147030, R_squared:0.998375

2024-03-21 03:40:20,515 Epoch 44/300, Train Loss: 0.090893, Val Loss: 0.093571  
	Train = MSE:0.089520 , RMSE:0.299199 , MAE:0.212929 , MAPD:1.118387, R_squared:0.998450  
	Validation = MSE:0.093571 , RMSE:0.305893 , MAE:0.213834 , MAPD:1.178719, R_squared:0.998316

2024-03-21 03:40:21,165 Epoch 45/300, Train Loss: 0.089192, Val Loss: 0.081951  
	Train = MSE:0.088689 , RMSE:0.297807 , MAE:0.212320 , MAPD:1.117512, R_squared:0.998465  
	Validation = MSE:0.081951 , RMSE:0.286271 , MAE:0.198836 , MAPD:1.112986, R_squared:0.998525

2024-03-21 03:40:21,842 Epoch 46/300, Train Loss: 0.086815, Val Loss: 0.085760  
	Train = MSE:0.084574 , RMSE:0.290817 , MAE:0.207595 , MAPD:1.092250, R_squared:0.998536  
	Validation = MSE:0.085760 , RMSE:0.292848 , MAE:0.201616 , MAPD:1.122846, R_squared:0.998457

2024-03-21 03:40:22,973 Epoch 47/300, Train Loss: 0.081895, Val Loss: 0.078907  
	Train = MSE:0.082737 , RMSE:0.287640 , MAE:0.203372 , MAPD:1.074647, R_squared:0.998568  
	Validation = MSE:0.078907 , RMSE:0.280904 , MAE:0.192659 , MAPD:1.078939, R_squared:0.998580

2024-03-21 03:40:23,715 Epoch 48/300, Train Loss: 0.080285, Val Loss: 0.080897  
	Train = MSE:0.081460 , RMSE:0.285412 , MAE:0.201861 , MAPD:1.066730, R_squared:0.998590  
	Validation = MSE:0.080897 , RMSE:0.284424 , MAE:0.195108 , MAPD:1.079936, R_squared:0.998544

2024-03-21 03:40:24,347 Epoch 49/300, Train Loss: 0.077183, Val Loss: 0.077295  
	Train = MSE:0.079771 , RMSE:0.282438 , MAE:0.200180 , MAPD:1.053122, R_squared:0.998619  
	Validation = MSE:0.077295 , RMSE:0.278020 , MAE:0.187734 , MAPD:1.054239, R_squared:0.998609

2024-03-21 03:40:25,672 Epoch 50/300, Train Loss: 0.078420, Val Loss: 0.078794  
	Train = MSE:0.079682 , RMSE:0.282281 , MAE:0.198796 , MAPD:1.047919, R_squared:0.998621  
	Validation = MSE:0.078794 , RMSE:0.280703 , MAE:0.191820 , MAPD:1.060266, R_squared:0.998582

2024-03-21 03:40:26,661 Epoch 51/300, Train Loss: 0.077046, Val Loss: 0.082318  
	Train = MSE:0.077534 , RMSE:0.278450 , MAE:0.196310 , MAPD:1.029808, R_squared:0.998658  
	Validation = MSE:0.082318 , RMSE:0.286911 , MAE:0.195351 , MAPD:1.079944, R_squared:0.998519

2024-03-21 03:40:29,059 Epoch 52/300, Train Loss: 0.075398, Val Loss: 0.073827  
	Train = MSE:0.076998 , RMSE:0.277486 , MAE:0.196488 , MAPD:1.033668, R_squared:0.998667  
	Validation = MSE:0.073827 , RMSE:0.271712 , MAE:0.182997 , MAPD:1.026285, R_squared:0.998672

2024-03-21 03:40:29,863 Epoch 53/300, Train Loss: 0.073707, Val Loss: 0.080271  
	Train = MSE:0.075525 , RMSE:0.274819 , MAE:0.192583 , MAPD:1.015454, R_squared:0.998693  
	Validation = MSE:0.080271 , RMSE:0.283322 , MAE:0.192000 , MAPD:1.047337, R_squared:0.998556

2024-03-21 03:40:30,517 Epoch 54/300, Train Loss: 0.075721, Val Loss: 0.074908  
	Train = MSE:0.074788 , RMSE:0.273474 , MAE:0.192934 , MAPD:1.010444, R_squared:0.998705  
	Validation = MSE:0.074908 , RMSE:0.273694 , MAE:0.183168 , MAPD:1.013409, R_squared:0.998652

2024-03-21 03:40:31,447 Epoch 55/300, Train Loss: 0.072088, Val Loss: 0.075630  
	Train = MSE:0.073235 , RMSE:0.270620 , MAE:0.190421 , MAPD:0.999558, R_squared:0.998732  
	Validation = MSE:0.075630 , RMSE:0.275009 , MAE:0.184033 , MAPD:1.014221, R_squared:0.998639

2024-03-21 03:40:32,138 Epoch 56/300, Train Loss: 0.075448, Val Loss: 0.073371  
	Train = MSE:0.071843 , RMSE:0.268036 , MAE:0.188975 , MAPD:0.991907, R_squared:0.998756  
	Validation = MSE:0.073371 , RMSE:0.270872 , MAE:0.186294 , MAPD:1.056868, R_squared:0.998680

2024-03-21 03:40:32,957 Epoch 57/300, Train Loss: 0.073796, Val Loss: 0.079593  
	Train = MSE:0.073953 , RMSE:0.271943 , MAE:0.193190 , MAPD:1.016195, R_squared:0.998720  
	Validation = MSE:0.079593 , RMSE:0.282122 , MAE:0.190240 , MAPD:1.037631, R_squared:0.998568

2024-03-21 03:40:33,665 Epoch 58/300, Train Loss: 0.067381, Val Loss: 0.071825  
	Train = MSE:0.070280 , RMSE:0.265103 , MAE:0.187174 , MAPD:0.983224, R_squared:0.998783  
	Validation = MSE:0.071825 , RMSE:0.268002 , MAE:0.183025 , MAPD:1.029029, R_squared:0.998708

2024-03-21 03:40:34,304 Epoch 59/300, Train Loss: 0.068799, Val Loss: 0.072911  
	Train = MSE:0.070352 , RMSE:0.265239 , MAE:0.186182 , MAPD:0.975967, R_squared:0.998782  
	Validation = MSE:0.072911 , RMSE:0.270020 , MAE:0.180077 , MAPD:0.990439, R_squared:0.998688

2024-03-21 03:40:34,954 Epoch 60/300, Train Loss: 0.065681, Val Loss: 0.070276  
	Train = MSE:0.067887 , RMSE:0.260552 , MAE:0.182630 , MAPD:0.957255, R_squared:0.998825  
	Validation = MSE:0.070276 , RMSE:0.265096 , MAE:0.174030 , MAPD:0.966195, R_squared:0.998735

2024-03-21 03:40:35,591 Epoch 61/300, Train Loss: 0.067345, Val Loss: 0.070273  
	Train = MSE:0.067161 , RMSE:0.259154 , MAE:0.181657 , MAPD:0.953711, R_squared:0.998837  
	Validation = MSE:0.070273 , RMSE:0.265090 , MAE:0.174955 , MAPD:0.971788, R_squared:0.998736

2024-03-21 03:40:37,843 Epoch 62/300, Train Loss: 0.065145, Val Loss: 0.068652  
	Train = MSE:0.065909 , RMSE:0.256727 , MAE:0.180020 , MAPD:0.943808, R_squared:0.998859  
	Validation = MSE:0.068652 , RMSE:0.262015 , MAE:0.173770 , MAPD:0.966958, R_squared:0.998765

2024-03-21 03:40:38,682 Epoch 63/300, Train Loss: 0.064166, Val Loss: 0.077584  
	Train = MSE:0.066809 , RMSE:0.258475 , MAE:0.181598 , MAPD:0.951992, R_squared:0.998844  
	Validation = MSE:0.077584 , RMSE:0.278539 , MAE:0.185606 , MAPD:1.010199, R_squared:0.998604

2024-03-21 03:40:40,129 Epoch 64/300, Train Loss: 0.067625, Val Loss: 0.075012  
	Train = MSE:0.068025 , RMSE:0.260816 , MAE:0.183245 , MAPD:0.958033, R_squared:0.998822  
	Validation = MSE:0.075012 , RMSE:0.273883 , MAE:0.196018 , MAPD:1.122881, R_squared:0.998650

2024-03-21 03:40:41,081 Epoch 65/300, Train Loss: 0.065177, Val Loss: 0.077468  
	Train = MSE:0.067622 , RMSE:0.260042 , MAE:0.185023 , MAPD:0.972911, R_squared:0.998829  
	Validation = MSE:0.077468 , RMSE:0.278330 , MAE:0.186133 , MAPD:1.019443, R_squared:0.998606

2024-03-21 03:40:41,739 Epoch 66/300, Train Loss: 0.065684, Val Loss: 0.068687  
	Train = MSE:0.065906 , RMSE:0.256721 , MAE:0.181927 , MAPD:0.952151, R_squared:0.998859  
	Validation = MSE:0.068687 , RMSE:0.262081 , MAE:0.179173 , MAPD:1.011237, R_squared:0.998764

2024-03-21 03:40:42,371 Epoch 67/300, Train Loss: 0.065332, Val Loss: 0.066879  
	Train = MSE:0.066164 , RMSE:0.257224 , MAE:0.181575 , MAPD:0.950239, R_squared:0.998855  
	Validation = MSE:0.066879 , RMSE:0.258609 , MAE:0.172369 , MAPD:0.961870, R_squared:0.998797

2024-03-21 03:40:43,027 Epoch 68/300, Train Loss: 0.063158, Val Loss: 0.078621  
	Train = MSE:0.064634 , RMSE:0.254232 , MAE:0.179629 , MAPD:0.942278, R_squared:0.998881  
	Validation = MSE:0.078621 , RMSE:0.280395 , MAE:0.190330 , MAPD:1.053514, R_squared:0.998585

2024-03-21 03:40:43,770 Epoch 69/300, Train Loss: 0.063380, Val Loss: 0.068235  
	Train = MSE:0.064864 , RMSE:0.254683 , MAE:0.178217 , MAPD:0.929851, R_squared:0.998877  
	Validation = MSE:0.068235 , RMSE:0.261219 , MAE:0.175149 , MAPD:0.968061, R_squared:0.998772

2024-03-21 03:40:44,693 Epoch 70/300, Train Loss: 0.061004, Val Loss: 0.066207  
	Train = MSE:0.063422 , RMSE:0.251836 , MAE:0.176819 , MAPD:0.927506, R_squared:0.998902  
	Validation = MSE:0.066207 , RMSE:0.257308 , MAE:0.167860 , MAPD:0.937055, R_squared:0.998809

2024-03-21 03:40:45,386 Epoch 71/300, Train Loss: 0.063301, Val Loss: 0.072151  
	Train = MSE:0.062726 , RMSE:0.250452 , MAE:0.175922 , MAPD:0.923175, R_squared:0.998914  
	Validation = MSE:0.072151 , RMSE:0.268610 , MAE:0.177520 , MAPD:0.961616, R_squared:0.998702

2024-03-21 03:40:47,534 Epoch 72/300, Train Loss: 0.062164, Val Loss: 0.064332  
	Train = MSE:0.062396 , RMSE:0.249792 , MAE:0.174938 , MAPD:0.912126, R_squared:0.998920  
	Validation = MSE:0.064332 , RMSE:0.253637 , MAE:0.168565 , MAPD:0.938206, R_squared:0.998842

2024-03-21 03:40:48,164 Epoch 73/300, Train Loss: 0.060198, Val Loss: 0.065368  
	Train = MSE:0.061777 , RMSE:0.248549 , MAE:0.175070 , MAPD:0.913443, R_squared:0.998931  
	Validation = MSE:0.065368 , RMSE:0.255672 , MAE:0.165252 , MAPD:0.922086, R_squared:0.998824

2024-03-21 03:40:48,890 Epoch 74/300, Train Loss: 0.058571, Val Loss: 0.081248  
	Train = MSE:0.060847 , RMSE:0.246672 , MAE:0.172391 , MAPD:0.901047, R_squared:0.998947  
	Validation = MSE:0.081248 , RMSE:0.285040 , MAE:0.189805 , MAPD:0.996322, R_squared:0.998538

2024-03-21 03:40:49,711 Epoch 75/300, Train Loss: 0.061089, Val Loss: 0.062039  
	Train = MSE:0.061732 , RMSE:0.248459 , MAE:0.175677 , MAPD:0.915337, R_squared:0.998931  
	Validation = MSE:0.062039 , RMSE:0.249076 , MAE:0.162020 , MAPD:0.904170, R_squared:0.998884

2024-03-21 03:40:50,481 Epoch 76/300, Train Loss: 0.059114, Val Loss: 0.064019  
	Train = MSE:0.059052 , RMSE:0.243005 , MAE:0.170269 , MAPD:0.894351, R_squared:0.998978  
	Validation = MSE:0.064019 , RMSE:0.253019 , MAE:0.166329 , MAPD:0.916009, R_squared:0.998848

2024-03-21 03:40:51,527 Epoch 77/300, Train Loss: 0.059018, Val Loss: 0.072208  
	Train = MSE:0.058108 , RMSE:0.241056 , MAE:0.167448 , MAPD:0.873386, R_squared:0.998994  
	Validation = MSE:0.072208 , RMSE:0.268716 , MAE:0.178202 , MAPD:0.957333, R_squared:0.998701

2024-03-21 03:40:52,889 Epoch 78/300, Train Loss: 0.058675, Val Loss: 0.065413  
	Train = MSE:0.059001 , RMSE:0.242901 , MAE:0.170331 , MAPD:0.888363, R_squared:0.998979  
	Validation = MSE:0.065413 , RMSE:0.255759 , MAE:0.167021 , MAPD:0.924054, R_squared:0.998823

2024-03-21 03:40:53,636 Epoch 79/300, Train Loss: 0.059390, Val Loss: 0.060247  
	Train = MSE:0.058539 , RMSE:0.241948 , MAE:0.169440 , MAPD:0.885584, R_squared:0.998987  
	Validation = MSE:0.060247 , RMSE:0.245453 , MAE:0.163438 , MAPD:0.908403, R_squared:0.998916

2024-03-21 03:40:54,282 Epoch 80/300, Train Loss: 0.055059, Val Loss: 0.059171  
	Train = MSE:0.056146 , RMSE:0.236951 , MAE:0.164503 , MAPD:0.855044, R_squared:0.999028  
	Validation = MSE:0.059171 , RMSE:0.243252 , MAE:0.159617 , MAPD:0.887042, R_squared:0.998935

2024-03-21 03:40:54,899 Epoch 81/300, Train Loss: 0.056104, Val Loss: 0.071778  
	Train = MSE:0.057580 , RMSE:0.239957 , MAE:0.168197 , MAPD:0.878489, R_squared:0.999003  
	Validation = MSE:0.071778 , RMSE:0.267914 , MAE:0.180514 , MAPD:0.989218, R_squared:0.998708

2024-03-21 03:40:56,762 Epoch 82/300, Train Loss: 0.058204, Val Loss: 0.067871  
	Train = MSE:0.057887 , RMSE:0.240598 , MAE:0.167139 , MAPD:0.868312, R_squared:0.998998  
	Validation = MSE:0.067871 , RMSE:0.260521 , MAE:0.172173 , MAPD:0.925339, R_squared:0.998779

2024-03-21 03:40:57,386 Epoch 83/300, Train Loss: 0.054315, Val Loss: 0.061614  
	Train = MSE:0.056347 , RMSE:0.237375 , MAE:0.164797 , MAPD:0.853816, R_squared:0.999025  
	Validation = MSE:0.061614 , RMSE:0.248222 , MAE:0.172447 , MAPD:0.975042, R_squared:0.998891

2024-03-21 03:40:58,024 Epoch 84/300, Train Loss: 0.060765, Val Loss: 0.059077  
	Train = MSE:0.060629 , RMSE:0.246229 , MAE:0.175446 , MAPD:0.918061, R_squared:0.998951  
	Validation = MSE:0.059077 , RMSE:0.243058 , MAE:0.161375 , MAPD:0.897863, R_squared:0.998937

2024-03-21 03:40:58,688 Epoch 85/300, Train Loss: 0.055816, Val Loss: 0.070652  
	Train = MSE:0.056218 , RMSE:0.237104 , MAE:0.168051 , MAPD:0.876683, R_squared:0.999027  
	Validation = MSE:0.070652 , RMSE:0.265805 , MAE:0.177844 , MAPD:0.944331, R_squared:0.998729

2024-03-21 03:40:59,334 Epoch 86/300, Train Loss: 0.064003, Val Loss: 0.062122  
	Train = MSE:0.064020 , RMSE:0.253022 , MAE:0.181802 , MAPD:0.946928, R_squared:0.998892  
	Validation = MSE:0.062122 , RMSE:0.249242 , MAE:0.164972 , MAPD:0.897059, R_squared:0.998882

2024-03-21 03:40:59,971 Epoch 87/300, Train Loss: 0.052859, Val Loss: 0.060359  
	Train = MSE:0.053901 , RMSE:0.232166 , MAE:0.161266 , MAPD:0.835609, R_squared:0.999067  
	Validation = MSE:0.060359 , RMSE:0.245680 , MAE:0.160484 , MAPD:0.888107, R_squared:0.998914

2024-03-21 03:41:00,607 Epoch 88/300, Train Loss: 0.056533, Val Loss: 0.059695  
	Train = MSE:0.053022 , RMSE:0.230265 , MAE:0.159077 , MAPD:0.822111, R_squared:0.999082  
	Validation = MSE:0.059695 , RMSE:0.244326 , MAE:0.172147 , MAPD:0.974242, R_squared:0.998926

2024-03-21 03:41:01,264 Epoch 89/300, Train Loss: 0.058746, Val Loss: 0.054819  
	Train = MSE:0.056254 , RMSE:0.237180 , MAE:0.165951 , MAPD:0.861171, R_squared:0.999026  
	Validation = MSE:0.054819 , RMSE:0.234135 , MAE:0.154579 , MAPD:0.856354, R_squared:0.999014

2024-03-21 03:41:01,885 Epoch 90/300, Train Loss: 0.051005, Val Loss: 0.056278  
	Train = MSE:0.052006 , RMSE:0.228049 , MAE:0.158218 , MAPD:0.817348, R_squared:0.999100  
	Validation = MSE:0.056278 , RMSE:0.237229 , MAE:0.157642 , MAPD:0.862493, R_squared:0.998987

2024-03-21 03:41:02,560 Epoch 91/300, Train Loss: 0.051488, Val Loss: 0.053747  
	Train = MSE:0.051555 , RMSE:0.227057 , MAE:0.156298 , MAPD:0.808612, R_squared:0.999108  
	Validation = MSE:0.053747 , RMSE:0.231835 , MAE:0.155538 , MAPD:0.868208, R_squared:0.999033

2024-03-21 03:41:04,500 Epoch 92/300, Train Loss: 0.052132, Val Loss: 0.052979  
	Train = MSE:0.053009 , RMSE:0.230237 , MAE:0.160650 , MAPD:0.830782, R_squared:0.999082  
	Validation = MSE:0.052979 , RMSE:0.230172 , MAE:0.152585 , MAPD:0.845005, R_squared:0.999047

2024-03-21 03:41:06,145 Epoch 93/300, Train Loss: 0.050796, Val Loss: 0.055537  
	Train = MSE:0.050945 , RMSE:0.225710 , MAE:0.155126 , MAPD:0.801320, R_squared:0.999118  
	Validation = MSE:0.055537 , RMSE:0.235664 , MAE:0.157672 , MAPD:0.859019, R_squared:0.999001

2024-03-21 03:41:06,819 Epoch 94/300, Train Loss: 0.048862, Val Loss: 0.054428  
	Train = MSE:0.050987 , RMSE:0.225804 , MAE:0.156171 , MAPD:0.805341, R_squared:0.999117  
	Validation = MSE:0.054428 , RMSE:0.233298 , MAE:0.154971 , MAPD:0.843115, R_squared:0.999021

2024-03-21 03:41:08,220 Epoch 95/300, Train Loss: 0.051873, Val Loss: 0.051845  
	Train = MSE:0.051780 , RMSE:0.227553 , MAE:0.158970 , MAPD:0.819204, R_squared:0.999104  
	Validation = MSE:0.051845 , RMSE:0.227695 , MAE:0.151046 , MAPD:0.829866, R_squared:0.999067

2024-03-21 03:41:09,147 Epoch 96/300, Train Loss: 0.050074, Val Loss: 0.055188  
	Train = MSE:0.051209 , RMSE:0.226294 , MAE:0.156134 , MAPD:0.801645, R_squared:0.999114  
	Validation = MSE:0.055188 , RMSE:0.234922 , MAE:0.165167 , MAPD:0.932288, R_squared:0.999007

2024-03-21 03:41:09,848 Epoch 97/300, Train Loss: 0.048249, Val Loss: 0.053158  
	Train = MSE:0.049896 , RMSE:0.223374 , MAE:0.156116 , MAPD:0.804130, R_squared:0.999136  
	Validation = MSE:0.053158 , RMSE:0.230561 , MAE:0.152626 , MAPD:0.832302, R_squared:0.999043

2024-03-21 03:41:10,830 Epoch 98/300, Train Loss: 0.051178, Val Loss: 0.077581  
	Train = MSE:0.050552 , RMSE:0.224837 , MAE:0.154849 , MAPD:0.792908, R_squared:0.999125  
	Validation = MSE:0.077581 , RMSE:0.278534 , MAE:0.196648 , MAPD:1.051436, R_squared:0.998604

2024-03-21 03:41:11,876 Epoch 99/300, Train Loss: 0.057429, Val Loss: 0.053906  
	Train = MSE:0.053740 , RMSE:0.231819 , MAE:0.165170 , MAPD:0.854434, R_squared:0.999070  
	Validation = MSE:0.053906 , RMSE:0.232177 , MAE:0.153143 , MAPD:0.835973, R_squared:0.999030

2024-03-21 03:41:12,533 Epoch 100/300, Train Loss: 0.049805, Val Loss: 0.049285  
	Train = MSE:0.049733 , RMSE:0.223009 , MAE:0.155058 , MAPD:0.797967, R_squared:0.999139  
	Validation = MSE:0.049285 , RMSE:0.222003 , MAE:0.149736 , MAPD:0.825445, R_squared:0.999113

2024-03-21 03:41:13,191 Epoch 101/300, Train Loss: 0.047981, Val Loss: 0.052970  
	Train = MSE:0.048920 , RMSE:0.221180 , MAE:0.152909 , MAPD:0.787833, R_squared:0.999153  
	Validation = MSE:0.052970 , RMSE:0.230151 , MAE:0.155808 , MAPD:0.853172, R_squared:0.999047

2024-03-21 03:41:15,325 Epoch 102/300, Train Loss: 0.051992, Val Loss: 0.068234  
	Train = MSE:0.051010 , RMSE:0.225854 , MAE:0.157896 , MAPD:0.815676, R_squared:0.999117  
	Validation = MSE:0.068234 , RMSE:0.261216 , MAE:0.179000 , MAPD:0.934681, R_squared:0.998772

2024-03-21 03:41:16,056 Epoch 103/300, Train Loss: 0.052571, Val Loss: 0.085358  
	Train = MSE:0.055082 , RMSE:0.234696 , MAE:0.166551 , MAPD:0.858277, R_squared:0.999047  
	Validation = MSE:0.085358 , RMSE:0.292161 , MAE:0.212200 , MAPD:1.116606, R_squared:0.998464

2024-03-21 03:41:16,716 Epoch 104/300, Train Loss: 0.060406, Val Loss: 0.062458  
	Train = MSE:0.058999 , RMSE:0.242897 , MAE:0.176739 , MAPD:0.915227, R_squared:0.998979  
	Validation = MSE:0.062458 , RMSE:0.249915 , MAE:0.172790 , MAPD:0.935545, R_squared:0.998876

2024-03-21 03:41:17,373 Epoch 105/300, Train Loss: 0.052181, Val Loss: 0.074885  
	Train = MSE:0.051992 , RMSE:0.228017 , MAE:0.160719 , MAPD:0.830855, R_squared:0.999100  
	Validation = MSE:0.074885 , RMSE:0.273651 , MAE:0.196921 , MAPD:1.042078, R_squared:0.998653

2024-03-21 03:41:18,016 Epoch 106/300, Train Loss: 0.056660, Val Loss: 0.055276  
	Train = MSE:0.056448 , RMSE:0.237587 , MAE:0.171732 , MAPD:0.885186, R_squared:0.999023  
	Validation = MSE:0.055276 , RMSE:0.235108 , MAE:0.159648 , MAPD:0.878791, R_squared:0.999005

2024-03-21 03:41:18,646 Epoch 107/300, Train Loss: 0.057602, Val Loss: 0.049170  
	Train = MSE:0.053639 , RMSE:0.231601 , MAE:0.165007 , MAPD:0.849447, R_squared:0.999071  
	Validation = MSE:0.049170 , RMSE:0.221744 , MAE:0.151857 , MAPD:0.833185, R_squared:0.999115

2024-03-21 03:41:19,366 Epoch 108/300, Train Loss: 0.054130, Val Loss: 0.061138  
	Train = MSE:0.049478 , RMSE:0.222436 , MAE:0.158107 , MAPD:0.812803, R_squared:0.999144  
	Validation = MSE:0.061138 , RMSE:0.247260 , MAE:0.186717 , MAPD:1.042887, R_squared:0.998900

2024-03-21 03:41:20,441 Epoch 109/300, Train Loss: 0.056857, Val Loss: 0.058882  
	Train = MSE:0.057956 , RMSE:0.240740 , MAE:0.177909 , MAPD:0.926834, R_squared:0.998997  
	Validation = MSE:0.058882 , RMSE:0.242656 , MAE:0.179192 , MAPD:0.996012, R_squared:0.998940

2024-03-21 03:41:21,307 Epoch 110/300, Train Loss: 0.054174, Val Loss: 0.046889  
	Train = MSE:0.052551 , RMSE:0.229241 , MAE:0.165379 , MAPD:0.852737, R_squared:0.999090  
	Validation = MSE:0.046889 , RMSE:0.216538 , MAE:0.145728 , MAPD:0.784738, R_squared:0.999156

2024-03-21 03:41:21,956 Epoch 111/300, Train Loss: 0.044419, Val Loss: 0.061129  
	Train = MSE:0.045697 , RMSE:0.213767 , MAE:0.148087 , MAPD:0.752061, R_squared:0.999209  
	Validation = MSE:0.061129 , RMSE:0.247243 , MAE:0.171832 , MAPD:0.928871, R_squared:0.998900

2024-03-21 03:41:23,923 Epoch 112/300, Train Loss: 0.050049, Val Loss: 0.053024  
	Train = MSE:0.050869 , RMSE:0.225542 , MAE:0.160883 , MAPD:0.821729, R_squared:0.999119  
	Validation = MSE:0.053024 , RMSE:0.230269 , MAE:0.156091 , MAPD:0.843640, R_squared:0.999046

2024-03-21 03:41:24,570 Epoch 113/300, Train Loss: 0.054951, Val Loss: 0.059117  
	Train = MSE:0.054841 , RMSE:0.234182 , MAE:0.171516 , MAPD:0.885389, R_squared:0.999051  
	Validation = MSE:0.059117 , RMSE:0.243140 , MAE:0.164958 , MAPD:0.860658, R_squared:0.998936

2024-03-21 03:41:25,246 Epoch 114/300, Train Loss: 0.058294, Val Loss: 0.054419  
	Train = MSE:0.061638 , RMSE:0.248271 , MAE:0.180175 , MAPD:0.927711, R_squared:0.998933  
	Validation = MSE:0.054419 , RMSE:0.233279 , MAE:0.171247 , MAPD:0.953726, R_squared:0.999021

2024-03-21 03:41:25,885 Epoch 115/300, Train Loss: 0.047330, Val Loss: 0.047529  
	Train = MSE:0.049945 , RMSE:0.223484 , MAE:0.159105 , MAPD:0.817940, R_squared:0.999135  
	Validation = MSE:0.047529 , RMSE:0.218012 , MAE:0.148948 , MAPD:0.810818, R_squared:0.999145

2024-03-21 03:41:26,529 Epoch 116/300, Train Loss: 0.047543, Val Loss: 0.046111  
	Train = MSE:0.048477 , RMSE:0.220174 , MAE:0.153928 , MAPD:0.783784, R_squared:0.999161  
	Validation = MSE:0.046111 , RMSE:0.214736 , MAE:0.142580 , MAPD:0.768392, R_squared:0.999170

2024-03-21 03:41:27,180 Epoch 117/300, Train Loss: 0.042855, Val Loss: 0.044582  
	Train = MSE:0.043757 , RMSE:0.209181 , MAE:0.143179 , MAPD:0.724575, R_squared:0.999243  
	Validation = MSE:0.044582 , RMSE:0.211143 , MAE:0.143553 , MAPD:0.781291, R_squared:0.999198

2024-03-21 03:41:27,895 Epoch 118/300, Train Loss: 0.043877, Val Loss: 0.055984  
	Train = MSE:0.043592 , RMSE:0.208788 , MAE:0.142605 , MAPD:0.720373, R_squared:0.999245  
	Validation = MSE:0.055984 , RMSE:0.236609 , MAE:0.159739 , MAPD:0.837585, R_squared:0.998993

2024-03-21 03:41:28,536 Epoch 119/300, Train Loss: 0.050890, Val Loss: 0.046604  
	Train = MSE:0.049267 , RMSE:0.221962 , MAE:0.157099 , MAPD:0.798808, R_squared:0.999147  
	Validation = MSE:0.046604 , RMSE:0.215878 , MAE:0.151317 , MAPD:0.829856, R_squared:0.999161

2024-03-21 03:41:29,382 Epoch 120/300, Train Loss: 0.047077, Val Loss: 0.044974  
	Train = MSE:0.046163 , RMSE:0.214855 , MAE:0.152152 , MAPD:0.769771, R_squared:0.999201  
	Validation = MSE:0.044974 , RMSE:0.212072 , MAE:0.141219 , MAPD:0.756960, R_squared:0.999191

2024-03-21 03:41:30,035 Epoch 121/300, Train Loss: 0.045187, Val Loss: 0.052904  
	Train = MSE:0.043145 , RMSE:0.207713 , MAE:0.143467 , MAPD:0.722813, R_squared:0.999253  
	Validation = MSE:0.052904 , RMSE:0.230010 , MAE:0.157295 , MAPD:0.842735, R_squared:0.999048

2024-03-21 03:41:32,297 Epoch 122/300, Train Loss: 0.045221, Val Loss: 0.071661  
	Train = MSE:0.045308 , RMSE:0.212858 , MAE:0.149332 , MAPD:0.759258, R_squared:0.999216  
	Validation = MSE:0.071661 , RMSE:0.267695 , MAE:0.189516 , MAPD:0.965650, R_squared:0.998711

2024-03-21 03:41:33,046 Epoch 123/300, Train Loss: 0.059533, Val Loss: 0.067154  
	Train = MSE:0.060417 , RMSE:0.245799 , MAE:0.180541 , MAPD:0.931833, R_squared:0.998954  
	Validation = MSE:0.067154 , RMSE:0.259141 , MAE:0.205674 , MAPD:1.159761, R_squared:0.998792

2024-03-21 03:41:34,087 Epoch 124/300, Train Loss: 0.049956, Val Loss: 0.047446  
	Train = MSE:0.049740 , RMSE:0.223025 , MAE:0.157127 , MAPD:0.797314, R_squared:0.999139  
	Validation = MSE:0.047446 , RMSE:0.217822 , MAE:0.145187 , MAPD:0.766775, R_squared:0.999146

2024-03-21 03:41:34,772 Epoch 125/300, Train Loss: 0.051839, Val Loss: 0.044890  
	Train = MSE:0.048833 , RMSE:0.220982 , MAE:0.156812 , MAPD:0.794466, R_squared:0.999155  
	Validation = MSE:0.044890 , RMSE:0.211872 , MAE:0.141922 , MAPD:0.751559, R_squared:0.999192

2024-03-21 03:41:35,562 Epoch 126/300, Train Loss: 0.050247, Val Loss: 0.059222  
	Train = MSE:0.050416 , RMSE:0.224535 , MAE:0.163086 , MAPD:0.837513, R_squared:0.999127  
	Validation = MSE:0.059222 , RMSE:0.243356 , MAE:0.185687 , MAPD:1.026475, R_squared:0.998934

2024-03-21 03:41:36,521 Epoch 127/300, Train Loss: 0.055613, Val Loss: 0.063174  
	Train = MSE:0.057196 , RMSE:0.239156 , MAE:0.177560 , MAPD:0.923615, R_squared:0.999010  
	Validation = MSE:0.063174 , RMSE:0.251344 , MAE:0.180128 , MAPD:0.976834, R_squared:0.998863

2024-03-21 03:41:37,444 Epoch 128/300, Train Loss: 0.051038, Val Loss: 0.056940  
	Train = MSE:0.052234 , RMSE:0.228548 , MAE:0.165802 , MAPD:0.851327, R_squared:0.999096  
	Validation = MSE:0.056940 , RMSE:0.238620 , MAE:0.164166 , MAPD:0.856127, R_squared:0.998975

2024-03-21 03:41:38,406 Epoch 129/300, Train Loss: 0.061652, Val Loss: 0.070659  
	Train = MSE:0.065112 , RMSE:0.255171 , MAE:0.192263 , MAPD:0.995808, R_squared:0.998873  
	Validation = MSE:0.070659 , RMSE:0.265818 , MAE:0.214032 , MAPD:1.212365, R_squared:0.998729

2024-03-21 03:41:39,397 Epoch 130/300, Train Loss: 0.053446, Val Loss: 0.043634  
	Train = MSE:0.054221 , RMSE:0.232855 , MAE:0.172700 , MAPD:0.893364, R_squared:0.999061  
	Validation = MSE:0.043634 , RMSE:0.208889 , MAE:0.139511 , MAPD:0.742643, R_squared:0.999215

2024-03-21 03:41:40,128 Epoch 131/300, Train Loss: 0.056996, Val Loss: 0.043113  
	Train = MSE:0.053788 , RMSE:0.231923 , MAE:0.168683 , MAPD:0.867786, R_squared:0.999069  
	Validation = MSE:0.043113 , RMSE:0.207637 , MAE:0.141008 , MAPD:0.759120, R_squared:0.999224

2024-03-21 03:41:41,969 Epoch 132/300, Train Loss: 0.046654, Val Loss: 0.042528  
	Train = MSE:0.046555 , RMSE:0.215767 , MAE:0.150562 , MAPD:0.761870, R_squared:0.999194  
	Validation = MSE:0.042528 , RMSE:0.206223 , MAE:0.140752 , MAPD:0.750525, R_squared:0.999235

2024-03-21 03:41:42,612 Epoch 133/300, Train Loss: 0.043844, Val Loss: 0.065277  
	Train = MSE:0.043751 , RMSE:0.209168 , MAE:0.148410 , MAPD:0.754074, R_squared:0.999243  
	Validation = MSE:0.065277 , RMSE:0.255494 , MAE:0.175956 , MAPD:0.881423, R_squared:0.998825

2024-03-21 03:41:43,259 Epoch 134/300, Train Loss: 0.047171, Val Loss: 0.044861  
	Train = MSE:0.045602 , RMSE:0.213547 , MAE:0.149003 , MAPD:0.743025, R_squared:0.999211  
	Validation = MSE:0.044861 , RMSE:0.211803 , MAE:0.155475 , MAPD:0.858612, R_squared:0.999193

2024-03-21 03:41:43,905 Epoch 135/300, Train Loss: 0.055065, Val Loss: 0.041010  
	Train = MSE:0.052630 , RMSE:0.229412 , MAE:0.169531 , MAPD:0.872575, R_squared:0.999089  
	Validation = MSE:0.041010 , RMSE:0.202509 , MAE:0.138451 , MAPD:0.739144, R_squared:0.999262

2024-03-21 03:41:44,571 Epoch 136/300, Train Loss: 0.048134, Val Loss: 0.068811  
	Train = MSE:0.048476 , RMSE:0.220173 , MAE:0.158715 , MAPD:0.813189, R_squared:0.999161  
	Validation = MSE:0.068811 , RMSE:0.262318 , MAE:0.191613 , MAPD:0.985759, R_squared:0.998762

2024-03-21 03:41:45,226 Epoch 137/300, Train Loss: 0.057120, Val Loss: 0.062192  
	Train = MSE:0.059311 , RMSE:0.243538 , MAE:0.183368 , MAPD:0.950796, R_squared:0.998973  
	Validation = MSE:0.062192 , RMSE:0.249384 , MAE:0.196612 , MAPD:1.093738, R_squared:0.998881

2024-03-21 03:41:45,868 Epoch 138/300, Train Loss: 0.049999, Val Loss: 0.044753  
	Train = MSE:0.050993 , RMSE:0.225817 , MAE:0.164824 , MAPD:0.839571, R_squared:0.999117  
	Validation = MSE:0.044753 , RMSE:0.211549 , MAE:0.141406 , MAPD:0.737871, R_squared:0.999195

2024-03-21 03:41:46,685 Epoch 139/300, Train Loss: 0.039037, Val Loss: 0.039612  
	Train = MSE:0.040867 , RMSE:0.202155 , MAE:0.140606 , MAPD:0.705971, R_squared:0.999293  
	Validation = MSE:0.039612 , RMSE:0.199028 , MAE:0.134046 , MAPD:0.708985, R_squared:0.999287

2024-03-21 03:41:47,623 Epoch 140/300, Train Loss: 0.040681, Val Loss: 0.039468  
	Train = MSE:0.040117 , RMSE:0.200292 , MAE:0.138568 , MAPD:0.696727, R_squared:0.999306  
	Validation = MSE:0.039468 , RMSE:0.198666 , MAE:0.134383 , MAPD:0.715924, R_squared:0.999290

2024-03-21 03:41:48,855 Epoch 141/300, Train Loss: 0.041717, Val Loss: 0.047114  
	Train = MSE:0.040594 , RMSE:0.201480 , MAE:0.138373 , MAPD:0.691960, R_squared:0.999297  
	Validation = MSE:0.047114 , RMSE:0.217057 , MAE:0.148591 , MAPD:0.785869, R_squared:0.999152

2024-03-21 03:41:51,033 Epoch 142/300, Train Loss: 0.047460, Val Loss: 0.040418  
	Train = MSE:0.046287 , RMSE:0.215143 , MAE:0.152702 , MAPD:0.772207, R_squared:0.999199  
	Validation = MSE:0.040418 , RMSE:0.201042 , MAE:0.136792 , MAPD:0.729433, R_squared:0.999273

2024-03-21 03:41:51,903 Epoch 143/300, Train Loss: 0.051312, Val Loss: 0.046745  
	Train = MSE:0.049674 , RMSE:0.222876 , MAE:0.160525 , MAPD:0.816337, R_squared:0.999140  
	Validation = MSE:0.046745 , RMSE:0.216205 , MAE:0.164415 , MAPD:0.917059, R_squared:0.999159

2024-03-21 03:41:52,566 Epoch 144/300, Train Loss: 0.047551, Val Loss: 0.044077  
	Train = MSE:0.046699 , RMSE:0.216100 , MAE:0.156674 , MAPD:0.806101, R_squared:0.999192  
	Validation = MSE:0.044077 , RMSE:0.209945 , MAE:0.141205 , MAPD:0.741028, R_squared:0.999207

2024-03-21 03:41:53,373 Epoch 145/300, Train Loss: 0.041354, Val Loss: 0.039739  
	Train = MSE:0.042819 , RMSE:0.206928 , MAE:0.145424 , MAPD:0.733839, R_squared:0.999259  
	Validation = MSE:0.039739 , RMSE:0.199345 , MAE:0.138245 , MAPD:0.739358, R_squared:0.999285

2024-03-21 03:41:54,254 Epoch 146/300, Train Loss: 0.040140, Val Loss: 0.046389  
	Train = MSE:0.040391 , RMSE:0.200974 , MAE:0.139916 , MAPD:0.701515, R_squared:0.999301  
	Validation = MSE:0.046389 , RMSE:0.215381 , MAE:0.163939 , MAPD:0.920263, R_squared:0.999165

2024-03-21 03:41:54,913 Epoch 147/300, Train Loss: 0.050707, Val Loss: 0.041514  
	Train = MSE:0.050910 , RMSE:0.225632 , MAE:0.165436 , MAPD:0.853531, R_squared:0.999119  
	Validation = MSE:0.041515 , RMSE:0.203751 , MAE:0.144724 , MAPD:0.783498, R_squared:0.999253

2024-03-21 03:41:55,776 Epoch 148/300, Train Loss: 0.063704, Val Loss: 0.080673  
	Train = MSE:0.062545 , RMSE:0.250090 , MAE:0.190295 , MAPD:0.997882, R_squared:0.998917  
	Validation = MSE:0.080673 , RMSE:0.284030 , MAE:0.222879 , MAPD:1.191170, R_squared:0.998548

2024-03-21 03:41:56,468 Epoch 149/300, Train Loss: 0.056735, Val Loss: 0.049589  
	Train = MSE:0.059949 , RMSE:0.244845 , MAE:0.185370 , MAPD:0.961105, R_squared:0.998962  
	Validation = MSE:0.049589 , RMSE:0.222685 , MAE:0.168161 , MAPD:0.927761, R_squared:0.999108

2024-03-21 03:41:57,098 Epoch 150/300, Train Loss: 0.060619, Val Loss: 0.052701  
	Train = MSE:0.059829 , RMSE:0.244600 , MAE:0.183141 , MAPD:0.938375, R_squared:0.998964  
	Validation = MSE:0.052701 , RMSE:0.229567 , MAE:0.174912 , MAPD:0.955176, R_squared:0.999052

2024-03-21 03:41:57,762 Epoch 151/300, Train Loss: 0.045480, Val Loss: 0.042304  
	Train = MSE:0.045013 , RMSE:0.212162 , MAE:0.150984 , MAPD:0.760661, R_squared:0.999221  
	Validation = MSE:0.042304 , RMSE:0.205680 , MAE:0.144163 , MAPD:0.766756, R_squared:0.999239

2024-03-21 03:42:00,295 Epoch 152/300, Train Loss: 0.048602, Val Loss: 0.042787  
	Train = MSE:0.048723 , RMSE:0.220734 , MAE:0.161827 , MAPD:0.823710, R_squared:0.999157  
	Validation = MSE:0.042787 , RMSE:0.206851 , MAE:0.141552 , MAPD:0.760377, R_squared:0.999230

2024-03-21 03:42:01,079 Epoch 153/300, Train Loss: 0.053592, Val Loss: 0.072031  
	Train = MSE:0.052497 , RMSE:0.229123 , MAE:0.173518 , MAPD:0.901441, R_squared:0.999091  
	Validation = MSE:0.072031 , RMSE:0.268385 , MAE:0.211131 , MAPD:1.225881, R_squared:0.998704

2024-03-21 03:42:01,912 Epoch 154/300, Train Loss: 0.054727, Val Loss: 0.043959  
	Train = MSE:0.053037 , RMSE:0.230298 , MAE:0.168679 , MAPD:0.865961, R_squared:0.999082  
	Validation = MSE:0.043959 , RMSE:0.209665 , MAE:0.152820 , MAPD:0.823959, R_squared:0.999209

2024-03-21 03:42:02,843 Epoch 155/300, Train Loss: 0.083397, Val Loss: 0.104682  
	Train = MSE:0.074955 , RMSE:0.273779 , MAE:0.213473 , MAPD:1.130086, R_squared:0.998703  
	Validation = MSE:0.104682 , RMSE:0.323546 , MAE:0.277343 , MAPD:1.498646, R_squared:0.998116

2024-03-21 03:42:03,669 Epoch 156/300, Train Loss: 0.067766, Val Loss: 0.069926  
	Train = MSE:0.069563 , RMSE:0.263747 , MAE:0.205503 , MAPD:1.076754, R_squared:0.998796  
	Validation = MSE:0.069926 , RMSE:0.264436 , MAE:0.195561 , MAPD:1.007652, R_squared:0.998742

2024-03-21 03:42:04,319 Epoch 157/300, Train Loss: 0.046318, Val Loss: 0.045802  
	Train = MSE:0.047565 , RMSE:0.218094 , MAE:0.155481 , MAPD:0.782889, R_squared:0.999177  
	Validation = MSE:0.045802 , RMSE:0.214014 , MAE:0.144523 , MAPD:0.744537, R_squared:0.999176

2024-03-21 03:42:04,950 Epoch 158/300, Train Loss: 0.048597, Val Loss: 0.073311  
	Train = MSE:0.049342 , RMSE:0.222130 , MAE:0.160786 , MAPD:0.820281, R_squared:0.999146  
	Validation = MSE:0.073311 , RMSE:0.270759 , MAE:0.200532 , MAPD:1.017464, R_squared:0.998681

2024-03-21 03:42:05,646 Epoch 159/300, Train Loss: 0.066043, Val Loss: 0.049408  
	Train = MSE:0.064821 , RMSE:0.254599 , MAE:0.194124 , MAPD:0.995018, R_squared:0.998878  
	Validation = MSE:0.049408 , RMSE:0.222280 , MAE:0.149576 , MAPD:0.750901, R_squared:0.999111

2024-03-21 03:42:06,274 Epoch 160/300, Train Loss: 0.070509, Val Loss: 0.068281  
	Train = MSE:0.071116 , RMSE:0.266676 , MAE:0.205839 , MAPD:1.053237, R_squared:0.998769  
	Validation = MSE:0.068281 , RMSE:0.261307 , MAE:0.216919 , MAPD:1.256228, R_squared:0.998771

2024-03-21 03:42:06,911 Epoch 161/300, Train Loss: 0.062700, Val Loss: 0.047526  
	Train = MSE:0.062122 , RMSE:0.249243 , MAE:0.193755 , MAPD:1.020362, R_squared:0.998925  
	Validation = MSE:0.047526 , RMSE:0.218004 , MAE:0.170598 , MAPD:0.968981, R_squared:0.999145

2024-03-21 03:42:08,816 Epoch 162/300, Train Loss: 0.043648, Val Loss: 0.039539  
	Train = MSE:0.044256 , RMSE:0.210371 , MAE:0.153296 , MAPD:0.794348, R_squared:0.999234  
	Validation = MSE:0.039539 , RMSE:0.198844 , MAE:0.132790 , MAPD:0.685259, R_squared:0.999289

2024-03-21 03:42:09,506 Epoch 163/300, Train Loss: 0.057708, Val Loss: 0.041135  
	Train = MSE:0.059599 , RMSE:0.244129 , MAE:0.185196 , MAPD:0.953484, R_squared:0.998968  
	Validation = MSE:0.041135 , RMSE:0.202817 , MAE:0.141843 , MAPD:0.751087, R_squared:0.999260

2024-03-21 03:42:10,140 Epoch 164/300, Train Loss: 0.052934, Val Loss: 0.039711  
	Train = MSE:0.054562 , RMSE:0.233586 , MAE:0.174365 , MAPD:0.892669, R_squared:0.999056  
	Validation = MSE:0.039711 , RMSE:0.199275 , MAE:0.145364 , MAPD:0.793117, R_squared:0.999285

2024-03-21 03:42:10,787 Epoch 165/300, Train Loss: 0.038392, Val Loss: 0.043611  
	Train = MSE:0.039606 , RMSE:0.199014 , MAE:0.140799 , MAPD:0.713747, R_squared:0.999314  
	Validation = MSE:0.043611 , RMSE:0.208833 , MAE:0.156352 , MAPD:0.860455, R_squared:0.999215

2024-03-21 03:42:11,610 Epoch 166/300, Train Loss: 0.043299, Val Loss: 0.069505  
	Train = MSE:0.042972 , RMSE:0.207297 , MAE:0.149803 , MAPD:0.760131, R_squared:0.999256  
	Validation = MSE:0.069505 , RMSE:0.263638 , MAE:0.217828 , MAPD:1.208182, R_squared:0.998749

2024-03-21 03:42:12,297 Epoch 167/300, Train Loss: 0.071413, Val Loss: 0.056765  
	Train = MSE:0.075024 , RMSE:0.273905 , MAE:0.218085 , MAPD:1.152214, R_squared:0.998701  
	Validation = MSE:0.056765 , RMSE:0.238253 , MAE:0.192102 , MAPD:1.082263, R_squared:0.998979

2024-03-21 03:42:12,960 Epoch 168/300, Train Loss: 0.053373, Val Loss: 0.045972  
	Train = MSE:0.052886 , RMSE:0.229970 , MAE:0.172530 , MAPD:0.889935, R_squared:0.999085  
	Validation = MSE:0.045972 , RMSE:0.214411 , MAE:0.168006 , MAPD:0.952107, R_squared:0.999173

2024-03-21 03:42:13,580 Epoch 169/300, Train Loss: 0.038506, Val Loss: 0.037519  
	Train = MSE:0.039551 , RMSE:0.198873 , MAE:0.139504 , MAPD:0.704660, R_squared:0.999315  
	Validation = MSE:0.037519 , RMSE:0.193700 , MAE:0.129578 , MAPD:0.672627, R_squared:0.999325

2024-03-21 03:42:14,291 Epoch 170/300, Train Loss: 0.036637, Val Loss: 0.043853  
	Train = MSE:0.037336 , RMSE:0.193225 , MAE:0.131897 , MAPD:0.653136, R_squared:0.999354  
	Validation = MSE:0.043853 , RMSE:0.209411 , MAE:0.138697 , MAPD:0.701795, R_squared:0.999211

2024-03-21 03:42:15,138 Epoch 171/300, Train Loss: 0.036402, Val Loss: 0.049830  
	Train = MSE:0.037385 , RMSE:0.193353 , MAE:0.132255 , MAPD:0.657480, R_squared:0.999353  
	Validation = MSE:0.049830 , RMSE:0.223227 , MAE:0.150037 , MAPD:0.746974, R_squared:0.999103

2024-03-21 03:42:17,164 Epoch 172/300, Train Loss: 0.079150, Val Loss: 0.044386  
	Train = MSE:0.082281 , RMSE:0.286846 , MAE:0.230395 , MAPD:1.215389, R_squared:0.998576  
	Validation = MSE:0.044386 , RMSE:0.210680 , MAE:0.163129 , MAPD:0.909471, R_squared:0.999201

2024-03-21 03:42:17,798 Epoch 173/300, Train Loss: 0.055088, Val Loss: 0.047613  
	Train = MSE:0.055761 , RMSE:0.236138 , MAE:0.181863 , MAPD:0.950394, R_squared:0.999035  
	Validation = MSE:0.047613 , RMSE:0.218204 , MAE:0.152249 , MAPD:0.797708, R_squared:0.999143

2024-03-21 03:42:18,437 Epoch 174/300, Train Loss: 0.058157, Val Loss: 0.210519  
	Train = MSE:0.050774 , RMSE:0.225332 , MAE:0.166566 , MAPD:0.855873, R_squared:0.999121  
	Validation = MSE:0.210519 , RMSE:0.458824 , MAE:0.421751 , MAPD:2.346626, R_squared:0.996212

2024-03-21 03:42:19,092 Epoch 175/300, Train Loss: 0.150905, Val Loss: 0.036226  
	Train = MSE:0.163447 , RMSE:0.404285 , MAE:0.357088 , MAPD:1.917509, R_squared:0.997171  
	Validation = MSE:0.036226 , RMSE:0.190331 , MAE:0.132135 , MAPD:0.708475, R_squared:0.999348

2024-03-21 03:42:19,883 Epoch 176/300, Train Loss: 0.048334, Val Loss: 0.054446  
	Train = MSE:0.044487 , RMSE:0.210920 , MAE:0.150659 , MAPD:0.762935, R_squared:0.999230  
	Validation = MSE:0.054446 , RMSE:0.233336 , MAE:0.184994 , MAPD:1.027565, R_squared:0.999020

2024-03-21 03:42:20,700 Epoch 177/300, Train Loss: 0.046774, Val Loss: 0.078727  
	Train = MSE:0.046584 , RMSE:0.215832 , MAE:0.158613 , MAPD:0.814021, R_squared:0.999194  
	Validation = MSE:0.078727 , RMSE:0.280584 , MAE:0.236398 , MAPD:1.307470, R_squared:0.998583

2024-03-21 03:42:21,438 Epoch 178/300, Train Loss: 0.083366, Val Loss: 0.066977  
	Train = MSE:0.087072 , RMSE:0.295080 , MAE:0.244772 , MAPD:1.301141, R_squared:0.998493  
	Validation = MSE:0.066977 , RMSE:0.258799 , MAE:0.199915 , MAPD:1.073769, R_squared:0.998795

2024-03-21 03:42:22,271 Epoch 179/300, Train Loss: 0.067215, Val Loss: 0.037760  
	Train = MSE:0.071887 , RMSE:0.268118 , MAE:0.214847 , MAPD:1.125300, R_squared:0.998756  
	Validation = MSE:0.037760 , RMSE:0.194320 , MAE:0.127689 , MAPD:0.659385, R_squared:0.999321

2024-03-21 03:42:23,049 Epoch 180/300, Train Loss: 0.060671, Val Loss: 0.059950  
	Train = MSE:0.059262 , RMSE:0.243439 , MAE:0.186764 , MAPD:0.971850, R_squared:0.998974  
	Validation = MSE:0.059950 , RMSE:0.244848 , MAE:0.200367 , MAPD:1.136120, R_squared:0.998921

2024-03-21 03:42:23,669 Epoch 181/300, Train Loss: 0.040865, Val Loss: 0.050708  
	Train = MSE:0.041808 , RMSE:0.204471 , MAE:0.145808 , MAPD:0.742610, R_squared:0.999276  
	Validation = MSE:0.050708 , RMSE:0.225184 , MAE:0.149315 , MAPD:0.734379, R_squared:0.999088

2024-03-21 03:42:26,076 Epoch 182/300, Train Loss: 0.078489, Val Loss: 0.186730  
	Train = MSE:0.071626 , RMSE:0.267630 , MAE:0.210331 , MAPD:1.095539, R_squared:0.998760  
	Validation = MSE:0.186730 , RMSE:0.432122 , MAE:0.393476 , MAPD:2.369934, R_squared:0.996640

2024-03-21 03:42:26,721 Epoch 183/300, Train Loss: 0.304241, Val Loss: 0.531974  
	Train = MSE:0.293427 , RMSE:0.541689 , MAE:0.497722 , MAPD:2.688721, R_squared:0.994921  
	Validation = MSE:0.531974 , RMSE:0.729365 , MAE:0.693331 , MAPD:3.684490, R_squared:0.990428

2024-03-21 03:42:27,526 Epoch 184/300, Train Loss: 0.296234, Val Loss: 0.040867  
	Train = MSE:0.321658 , RMSE:0.567149 , MAE:0.503210 , MAPD:2.681336, R_squared:0.994432  
	Validation = MSE:0.040867 , RMSE:0.202156 , MAE:0.141906 , MAPD:0.785855, R_squared:0.999265

2024-03-21 03:42:28,366 Epoch 185/300, Train Loss: 0.065823, Val Loss: 0.091862  
	Train = MSE:0.060634 , RMSE:0.246239 , MAE:0.186603 , MAPD:0.970333, R_squared:0.998950  
	Validation = MSE:0.091862 , RMSE:0.303087 , MAE:0.263295 , MAPD:1.478603, R_squared:0.998347

2024-03-21 03:42:29,609 Epoch 186/300, Train Loss: 0.155524, Val Loss: 0.213811  
	Train = MSE:0.151512 , RMSE:0.389245 , MAE:0.344536 , MAPD:1.845422, R_squared:0.997377  
	Validation = MSE:0.213811 , RMSE:0.462397 , MAE:0.419605 , MAPD:2.256278, R_squared:0.996153

2024-03-21 03:42:30,811 Epoch 187/300, Train Loss: 0.092887, Val Loss: 0.097292  
	Train = MSE:0.098805 , RMSE:0.314333 , MAE:0.250740 , MAPD:1.326890, R_squared:0.998290  
	Validation = MSE:0.097292 , RMSE:0.311917 , MAE:0.257289 , MAPD:1.404328, R_squared:0.998249

2024-03-21 03:42:31,765 Epoch 188/300, Train Loss: 0.527656, Val Loss: 0.555446  
	Train = MSE:0.485845 , RMSE:0.697026 , MAE:0.615998 , MAPD:3.309510, R_squared:0.991590  
	Validation = MSE:0.555446 , RMSE:0.745283 , MAE:0.719482 , MAPD:4.165008, R_squared:0.990005

2024-03-21 03:42:32,681 Epoch 189/300, Train Loss: 0.208579, Val Loss: 0.392556  
	Train = MSE:0.204100 , RMSE:0.451774 , MAE:0.361435 , MAPD:1.921554, R_squared:0.996467  
	Validation = MSE:0.392556 , RMSE:0.626543 , MAE:0.602644 , MAPD:3.364728, R_squared:0.992936

2024-03-21 03:42:33,504 Epoch 190/300, Train Loss: 0.584216, Val Loss: 0.644979  
	Train = MSE:0.585749 , RMSE:0.765342 , MAE:0.730940 , MAPD:3.892275, R_squared:0.989861  
	Validation = MSE:0.644979 , RMSE:0.803106 , MAE:0.777891 , MAPD:4.335380, R_squared:0.988394

2024-03-21 03:42:34,386 Epoch 191/300, Train Loss: 0.300015, Val Loss: 0.659651  
	Train = MSE:0.289604 , RMSE:0.538148 , MAE:0.459069 , MAPD:2.464574, R_squared:0.994987  
	Validation = MSE:0.659651 , RMSE:0.812189 , MAE:0.782588 , MAPD:4.226603, R_squared:0.988130

2024-03-21 03:42:36,431 Epoch 192/300, Train Loss: 0.332689, Val Loss: 0.128609  
	Train = MSE:0.367990 , RMSE:0.606622 , MAE:0.512578 , MAPD:2.694726, R_squared:0.993630  
	Validation = MSE:0.128609 , RMSE:0.358620 , MAE:0.306607 , MAPD:1.808758, R_squared:0.997686

2024-03-21 03:42:37,906 Epoch 193/300, Train Loss: 0.187947, Val Loss: 0.067779  
	Train = MSE:0.194677 , RMSE:0.441222 , MAE:0.387815 , MAPD:2.062597, R_squared:0.996630  
	Validation = MSE:0.067779 , RMSE:0.260343 , MAE:0.200539 , MAPD:1.046966, R_squared:0.998780

2024-03-21 03:42:38,954 Epoch 194/300, Train Loss: 0.055628, Val Loss: 0.071389  
	Train = MSE:0.052392 , RMSE:0.228892 , MAE:0.168640 , MAPD:0.879397, R_squared:0.999093  
	Validation = MSE:0.071389 , RMSE:0.267188 , MAE:0.212266 , MAPD:1.123870, R_squared:0.998715

2024-03-21 03:42:39,805 Epoch 195/300, Train Loss: 0.072170, Val Loss: 0.042270  
	Train = MSE:0.077301 , RMSE:0.278031 , MAE:0.218064 , MAPD:1.118656, R_squared:0.998662  
	Validation = MSE:0.042270 , RMSE:0.205597 , MAE:0.139183 , MAPD:0.733190, R_squared:0.999239

2024-03-21 03:42:40,479 Epoch 196/300, Train Loss: 0.224003, Val Loss: 0.116531  
	Train = MSE:0.222385 , RMSE:0.471577 , MAE:0.406543 , MAPD:2.133529, R_squared:0.996150  
	Validation = MSE:0.116531 , RMSE:0.341366 , MAE:0.280733 , MAPD:1.468870, R_squared:0.997903

2024-03-21 03:42:41,103 Epoch 197/300, Train Loss: 0.167538, Val Loss: 0.459150  
	Train = MSE:0.144188 , RMSE:0.379721 , MAE:0.302763 , MAPD:1.571358, R_squared:0.997504  
	Validation = MSE:0.459150 , RMSE:0.677606 , MAE:0.646926 , MAPD:3.560108, R_squared:0.991738

2024-03-21 03:42:41,724 Epoch 198/300, Train Loss: 0.239025, Val Loss: 0.056384  
	Train = MSE:0.263298 , RMSE:0.513126 , MAE:0.443044 , MAPD:2.339965, R_squared:0.995442  
	Validation = MSE:0.056384 , RMSE:0.237453 , MAE:0.173644 , MAPD:0.954788, R_squared:0.998985

2024-03-21 03:42:42,487 Epoch 199/300, Train Loss: 0.190410, Val Loss: 0.137054  
	Train = MSE:0.190977 , RMSE:0.437009 , MAE:0.378545 , MAPD:2.005975, R_squared:0.996694  
	Validation = MSE:0.137054 , RMSE:0.370208 , MAE:0.329017 , MAPD:1.757961, R_squared:0.997534

2024-03-21 03:42:43,678 Epoch 200/300, Train Loss: 0.160647, Val Loss: 0.063001  
	Train = MSE:0.175135 , RMSE:0.418491 , MAE:0.362283 , MAPD:1.903211, R_squared:0.996968  
	Validation = MSE:0.063001 , RMSE:0.250999 , MAE:0.195920 , MAPD:1.043514, R_squared:0.998866

2024-03-21 03:42:44,677 Epoch 201/300, Train Loss: 0.241879, Val Loss: 0.060049  
	Train = MSE:0.252790 , RMSE:0.502782 , MAE:0.442441 , MAPD:2.324897, R_squared:0.995624  
	Validation = MSE:0.060049 , RMSE:0.245048 , MAE:0.169886 , MAPD:0.925822, R_squared:0.998919

2024-03-21 03:42:46,844 Epoch 202/300, Train Loss: 0.553036, Val Loss: 0.471947  
	Train = MSE:0.537525 , RMSE:0.733161 , MAE:0.632130 , MAPD:3.309326, R_squared:0.990695  
	Validation = MSE:0.471947 , RMSE:0.686984 , MAE:0.648069 , MAPD:3.436682, R_squared:0.991508

2024-03-21 03:42:47,768 Epoch 203/300, Train Loss: 0.198158, Val Loss: 0.187494  
	Train = MSE:0.190493 , RMSE:0.436455 , MAE:0.357659 , MAPD:1.866688, R_squared:0.996703  
	Validation = MSE:0.187494 , RMSE:0.433006 , MAE:0.392371 , MAPD:2.231575, R_squared:0.996626

2024-03-21 03:42:48,930 Epoch 204/300, Train Loss: 0.181180, Val Loss: 0.057762  
	Train = MSE:0.177911 , RMSE:0.421795 , MAE:0.347652 , MAPD:1.816022, R_squared:0.996920  
	Validation = MSE:0.057762 , RMSE:0.240338 , MAE:0.170613 , MAPD:0.924352, R_squared:0.998961

2024-03-21 03:42:49,801 Epoch 205/300, Train Loss: 0.468489, Val Loss: 0.146362  
	Train = MSE:0.471596 , RMSE:0.686728 , MAE:0.584660 , MAPD:3.060630, R_squared:0.991837  
	Validation = MSE:0.146362 , RMSE:0.382573 , MAE:0.318489 , MAPD:1.635887, R_squared:0.997366

2024-03-21 03:42:50,482 Epoch 206/300, Train Loss: 0.334104, Val Loss: 0.290088  
	Train = MSE:0.317892 , RMSE:0.563819 , MAE:0.468962 , MAPD:2.430166, R_squared:0.994497  
	Validation = MSE:0.290088 , RMSE:0.538598 , MAE:0.471928 , MAPD:2.350558, R_squared:0.994780

2024-03-21 03:42:51,144 Epoch 207/300, Train Loss: 0.149322, Val Loss: 0.107270  
	Train = MSE:0.146057 , RMSE:0.382174 , MAE:0.307618 , MAPD:1.570716, R_squared:0.997472  
	Validation = MSE:0.107270 , RMSE:0.327521 , MAE:0.240169 , MAPD:1.129943, R_squared:0.998070

2024-03-21 03:42:51,807 Epoch 208/300, Train Loss: 0.196982, Val Loss: 0.136695  
	Train = MSE:0.194427 , RMSE:0.440939 , MAE:0.363234 , MAPD:1.876798, R_squared:0.996634  
	Validation = MSE:0.136695 , RMSE:0.369722 , MAE:0.301794 , MAPD:1.531975, R_squared:0.997540

2024-03-21 03:42:52,432 Epoch 209/300, Train Loss: 0.216527, Val Loss: 0.207482  
	Train = MSE:0.194423 , RMSE:0.440935 , MAE:0.355826 , MAPD:1.858481, R_squared:0.996634  
	Validation = MSE:0.207482 , RMSE:0.455502 , MAE:0.404989 , MAPD:2.155476, R_squared:0.996267

2024-03-21 03:42:53,107 Epoch 210/300, Train Loss: 0.272213, Val Loss: 0.050964  
	Train = MSE:0.275821 , RMSE:0.525187 , MAE:0.439071 , MAPD:2.272391, R_squared:0.995225  
	Validation = MSE:0.050964 , RMSE:0.225752 , MAE:0.150145 , MAPD:0.770702, R_squared:0.999083

2024-03-21 03:42:53,752 Epoch 211/300, Train Loss: 0.280830, Val Loss: 0.104669  
	Train = MSE:0.284670 , RMSE:0.533545 , MAE:0.451435 , MAPD:2.353692, R_squared:0.995072  
	Validation = MSE:0.104669 , RMSE:0.323526 , MAE:0.252561 , MAPD:1.279425, R_squared:0.998117

2024-03-21 03:42:55,619 Epoch 212/300, Train Loss: 0.156114, Val Loss: 0.073155  
	Train = MSE:0.159544 , RMSE:0.399430 , MAE:0.329793 , MAPD:1.694755, R_squared:0.997238  
	Validation = MSE:0.073155 , RMSE:0.270472 , MAE:0.188490 , MAPD:0.931085, R_squared:0.998684

2024-03-21 03:42:56,243 Epoch 213/300, Train Loss: 0.070976, Val Loss: 0.089745  
	Train = MSE:0.069727 , RMSE:0.264058 , MAE:0.196745 , MAPD:1.002839, R_squared:0.998793  
	Validation = MSE:0.089745 , RMSE:0.299575 , MAE:0.230679 , MAPD:1.192771, R_squared:0.998385

2024-03-21 03:42:56,873 Epoch 214/300, Train Loss: 0.048925, Val Loss: 0.043114  
	Train = MSE:0.050083 , RMSE:0.223792 , MAE:0.161577 , MAPD:0.817417, R_squared:0.999133  
	Validation = MSE:0.043114 , RMSE:0.207639 , MAE:0.137759 , MAPD:0.721487, R_squared:0.999224

2024-03-21 03:42:58,156 Epoch 215/300, Train Loss: 0.100213, Val Loss: 0.156272  
	Train = MSE:0.094076 , RMSE:0.306718 , MAE:0.238640 , MAPD:1.226474, R_squared:0.998372  
	Validation = MSE:0.156272 , RMSE:0.395312 , MAE:0.337490 , MAPD:1.745859, R_squared:0.997188

2024-03-21 03:42:58,900 Epoch 216/300, Train Loss: 0.124241, Val Loss: 0.750591  
	Train = MSE:0.101892 , RMSE:0.319205 , MAE:0.254469 , MAPD:1.306255, R_squared:0.998236  
	Validation = MSE:0.750591 , RMSE:0.866366 , MAE:0.812039 , MAPD:4.179687, R_squared:0.986494

2024-03-21 03:42:59,687 Epoch 217/300, Train Loss: 0.590463, Val Loss: 0.055649  
	Train = MSE:0.655190 , RMSE:0.809438 , MAE:0.731122 , MAPD:3.831364, R_squared:0.988659  
	Validation = MSE:0.055649 , RMSE:0.235900 , MAE:0.161652 , MAPD:0.846533, R_squared:0.998999

2024-03-21 03:43:00,475 Epoch 218/300, Train Loss: 0.246645, Val Loss: 0.128014  
	Train = MSE:0.233931 , RMSE:0.483664 , MAE:0.411864 , MAPD:2.146100, R_squared:0.995951  
	Validation = MSE:0.128014 , RMSE:0.357790 , MAE:0.318847 , MAPD:1.795015, R_squared:0.997697

2024-03-21 03:43:01,369 Epoch 219/300, Train Loss: 0.184090, Val Loss: 0.226926  
	Train = MSE:0.163120 , RMSE:0.403881 , MAE:0.329178 , MAPD:1.715118, R_squared:0.997176  
	Validation = MSE:0.226927 , RMSE:0.476368 , MAE:0.443584 , MAPD:2.461944, R_squared:0.995917

2024-03-21 03:43:02,141 Epoch 220/300, Train Loss: 0.184614, Val Loss: 0.629278  
	Train = MSE:0.153261 , RMSE:0.391485 , MAE:0.314149 , MAPD:1.608527, R_squared:0.997347  
	Validation = MSE:0.629278 , RMSE:0.793270 , MAE:0.763845 , MAPD:4.116693, R_squared:0.988677

2024-03-21 03:43:02,763 Epoch 221/300, Train Loss: 0.590239, Val Loss: 0.071585  
	Train = MSE:0.643839 , RMSE:0.802396 , MAE:0.750089 , MAPD:3.902421, R_squared:0.988855  
	Validation = MSE:0.071585 , RMSE:0.267553 , MAE:0.205445 , MAPD:1.197733, R_squared:0.998712

2024-03-21 03:43:04,682 Epoch 222/300, Train Loss: 0.097833, Val Loss: 0.044999  
	Train = MSE:0.097986 , RMSE:0.313028 , MAE:0.249295 , MAPD:1.299392, R_squared:0.998304  
	Validation = MSE:0.044999 , RMSE:0.212131 , MAE:0.134673 , MAPD:0.720872, R_squared:0.999190

2024-03-21 03:43:05,333 Epoch 223/300, Train Loss: 0.183284, Val Loss: 0.087696  
	Train = MSE:0.186494 , RMSE:0.431850 , MAE:0.363171 , MAPD:1.889977, R_squared:0.996772  
	Validation = MSE:0.087696 , RMSE:0.296134 , MAE:0.240335 , MAPD:1.412522, R_squared:0.998422

2024-03-21 03:43:05,971 Epoch 224/300, Train Loss: 0.434130, Val Loss: 0.535328  
	Train = MSE:0.397140 , RMSE:0.630191 , MAE:0.527480 , MAPD:2.747140, R_squared:0.993125  
	Validation = MSE:0.535328 , RMSE:0.731661 , MAE:0.699937 , MAPD:4.053035, R_squared:0.990367

2024-03-21 03:43:06,597 Epoch 225/300, Train Loss: 0.657965, Val Loss: 0.218051  
	Train = MSE:0.645517 , RMSE:0.803441 , MAE:0.671305 , MAPD:3.483423, R_squared:0.988826  
	Validation = MSE:0.218051 , RMSE:0.466959 , MAE:0.426079 , MAPD:2.328996, R_squared:0.996076

2024-03-21 03:43:07,408 Epoch 226/300, Train Loss: 0.930415, Val Loss: 0.727553  
	Train = MSE:0.888026 , RMSE:0.942351 , MAE:0.794069 , MAPD:4.081829, R_squared:0.984628  
	Validation = MSE:0.727553 , RMSE:0.852967 , MAE:0.782058 , MAPD:3.962308, R_squared:0.986908

2024-03-21 03:43:08,159 Epoch 227/300, Train Loss: 1.991668, Val Loss: 19.146587  
	Train = MSE:1.348016 , RMSE:1.161041 , MAE:0.906954 , MAPD:4.494134, R_squared:0.976666  
	Validation = MSE:19.146587 , RMSE:4.375681 , MAE:4.273154 , MAPD:22.452196, R_squared:0.655475

2024-03-21 03:43:08,789 Epoch 228/300, Train Loss: 6.706982, Val Loss: 1.875239  
	Train = MSE:6.835688 , RMSE:2.614515 , MAE:2.229312 , MAPD:11.606694, R_squared:0.881673  
	Validation = MSE:1.875239 , RMSE:1.369394 , MAE:1.253005 , MAPD:6.456943, R_squared:0.966257

2024-03-21 03:43:09,449 Epoch 229/300, Train Loss: 1.086714, Val Loss: 0.205679  
	Train = MSE:1.139329 , RMSE:1.067394 , MAE:0.871940 , MAPD:4.595324, R_squared:0.980278  
	Validation = MSE:0.205679 , RMSE:0.453518 , MAE:0.303530 , MAPD:1.890552, R_squared:0.996299

2024-03-21 03:43:10,271 Epoch 230/300, Train Loss: 0.339852, Val Loss: 0.174822  
	Train = MSE:0.331952 , RMSE:0.576152 , MAE:0.444805 , MAPD:2.522220, R_squared:0.994254  
	Validation = MSE:0.174822 , RMSE:0.418117 , MAE:0.296989 , MAPD:1.585731, R_squared:0.996854

2024-03-21 03:43:11,101 Epoch 231/300, Train Loss: 0.371323, Val Loss: 0.141326  
	Train = MSE:0.390881 , RMSE:0.625205 , MAE:0.514626 , MAPD:2.738961, R_squared:0.993234  
	Validation = MSE:0.141326 , RMSE:0.375934 , MAE:0.321524 , MAPD:1.859694, R_squared:0.997457

2024-03-21 03:43:13,504 Epoch 232/300, Train Loss: 0.358521, Val Loss: 0.089610  
	Train = MSE:0.373906 , RMSE:0.611479 , MAE:0.490863 , MAPD:2.497967, R_squared:0.993528  
	Validation = MSE:0.089610 , RMSE:0.299350 , MAE:0.195861 , MAPD:1.071480, R_squared:0.998388

2024-03-21 03:43:14,567 Epoch 233/300, Train Loss: 0.174629, Val Loss: 0.137512  
	Train = MSE:0.175714 , RMSE:0.419183 , MAE:0.323883 , MAPD:1.655988, R_squared:0.996958  
	Validation = MSE:0.137512 , RMSE:0.370826 , MAE:0.296885 , MAPD:1.679580, R_squared:0.997526

2024-03-21 03:43:15,313 Epoch 234/300, Train Loss: 0.082837, Val Loss: 0.064983  
	Train = MSE:0.085637 , RMSE:0.292638 , MAE:0.213744 , MAPD:1.104220, R_squared:0.998518  
	Validation = MSE:0.064983 , RMSE:0.254917 , MAE:0.169307 , MAPD:0.891870, R_squared:0.998831

2024-03-21 03:43:16,169 Epoch 235/300, Train Loss: 0.060866, Val Loss: 0.059949  
	Train = MSE:0.060695 , RMSE:0.246364 , MAE:0.170324 , MAPD:0.861141, R_squared:0.998949  
	Validation = MSE:0.059949 , RMSE:0.244845 , MAE:0.165631 , MAPD:0.869605, R_squared:0.998921

2024-03-21 03:43:16,943 Epoch 236/300, Train Loss: 0.063297, Val Loss: 0.068600  
	Train = MSE:0.065665 , RMSE:0.256253 , MAE:0.184167 , MAPD:0.930046, R_squared:0.998863  
	Validation = MSE:0.068600 , RMSE:0.261917 , MAE:0.178151 , MAPD:0.919270, R_squared:0.998766

2024-03-21 03:43:17,849 Epoch 237/300, Train Loss: 0.067091, Val Loss: 0.084316  
	Train = MSE:0.067605 , RMSE:0.260011 , MAE:0.188331 , MAPD:0.949781, R_squared:0.998830  
	Validation = MSE:0.084316 , RMSE:0.290373 , MAE:0.231783 , MAPD:1.259914, R_squared:0.998483

2024-03-21 03:43:18,707 Epoch 238/300, Train Loss: 0.080373, Val Loss: 0.060197  
	Train = MSE:0.084488 , RMSE:0.290668 , MAE:0.218977 , MAPD:1.102492, R_squared:0.998538  
	Validation = MSE:0.060197 , RMSE:0.245352 , MAE:0.161851 , MAPD:0.828442, R_squared:0.998917

2024-03-21 03:43:19,500 Epoch 239/300, Train Loss: 0.073600, Val Loss: 0.049029  
	Train = MSE:0.077343 , RMSE:0.278106 , MAE:0.207057 , MAPD:1.050576, R_squared:0.998661  
	Validation = MSE:0.049029 , RMSE:0.221425 , MAE:0.141754 , MAPD:0.754026, R_squared:0.999118

2024-03-21 03:43:20,246 Epoch 240/300, Train Loss: 0.054926, Val Loss: 0.054070  
	Train = MSE:0.055502 , RMSE:0.235589 , MAE:0.169731 , MAPD:0.869446, R_squared:0.999039  
	Validation = MSE:0.054070 , RMSE:0.232529 , MAE:0.153873 , MAPD:0.796505, R_squared:0.999027

2024-03-21 03:43:21,131 Epoch 241/300, Train Loss: 0.055992, Val Loss: 0.069102  
	Train = MSE:0.056162 , RMSE:0.236986 , MAE:0.167396 , MAPD:0.838313, R_squared:0.999028  
	Validation = MSE:0.069102 , RMSE:0.262873 , MAE:0.179440 , MAPD:0.907282, R_squared:0.998757

2024-03-21 03:43:23,102 Epoch 242/300, Train Loss: 0.059103, Val Loss: 0.048797  
	Train = MSE:0.059962 , RMSE:0.244872 , MAE:0.180132 , MAPD:0.908903, R_squared:0.998962  
	Validation = MSE:0.048797 , RMSE:0.220901 , MAE:0.155610 , MAPD:0.842079, R_squared:0.999122

2024-03-21 03:43:23,729 Epoch 243/300, Train Loss: 0.078258, Val Loss: 0.115954  
	Train = MSE:0.073092 , RMSE:0.270356 , MAE:0.206340 , MAPD:1.053203, R_squared:0.998735  
	Validation = MSE:0.115954 , RMSE:0.340521 , MAE:0.297375 , MAPD:1.648796, R_squared:0.997914

2024-03-21 03:43:24,373 Epoch 244/300, Train Loss: 0.069475, Val Loss: 0.052366  
	Train = MSE:0.071620 , RMSE:0.267618 , MAE:0.202336 , MAPD:1.038034, R_squared:0.998760  
	Validation = MSE:0.052366 , RMSE:0.228835 , MAE:0.166645 , MAPD:0.898840, R_squared:0.999058

2024-03-21 03:43:24,981 Epoch 245/300, Train Loss: 0.048247, Val Loss: 0.051585  
	Train = MSE:0.048595 , RMSE:0.220442 , MAE:0.154418 , MAPD:0.773067, R_squared:0.999159  
	Validation = MSE:0.051585 , RMSE:0.227123 , MAE:0.170736 , MAPD:0.957629, R_squared:0.999072

2024-03-21 03:43:25,611 Epoch 246/300, Train Loss: 0.069028, Val Loss: 0.158580  
	Train = MSE:0.060280 , RMSE:0.245521 , MAE:0.180343 , MAPD:0.918379, R_squared:0.998957  
	Validation = MSE:0.158580 , RMSE:0.398222 , MAE:0.357998 , MAPD:1.949775, R_squared:0.997146

2024-03-21 03:43:26,263 Epoch 247/300, Train Loss: 0.092426, Val Loss: 0.065641  
	Train = MSE:0.097182 , RMSE:0.311741 , MAE:0.251740 , MAPD:1.314582, R_squared:0.998318  
	Validation = MSE:0.065641 , RMSE:0.256205 , MAE:0.173143 , MAPD:0.859434, R_squared:0.998819

2024-03-21 03:43:27,097 Epoch 248/300, Train Loss: 0.091340, Val Loss: 0.134505  
	Train = MSE:0.086388 , RMSE:0.293919 , MAE:0.227493 , MAPD:1.157097, R_squared:0.998505  
	Validation = MSE:0.134505 , RMSE:0.366750 , MAE:0.291043 , MAPD:1.439871, R_squared:0.997580

2024-03-21 03:43:27,780 Epoch 249/300, Train Loss: 0.065749, Val Loss: 0.042309  
	Train = MSE:0.066556 , RMSE:0.257985 , MAE:0.192448 , MAPD:0.975341, R_squared:0.998848  
	Validation = MSE:0.042309 , RMSE:0.205691 , MAE:0.136619 , MAPD:0.722788, R_squared:0.999239

2024-03-21 03:43:28,452 Epoch 250/300, Train Loss: 0.053034, Val Loss: 0.049425  
	Train = MSE:0.052951 , RMSE:0.230110 , MAE:0.167380 , MAPD:0.835244, R_squared:0.999083  
	Validation = MSE:0.049425 , RMSE:0.222318 , MAE:0.168377 , MAPD:0.935378, R_squared:0.999111

2024-03-21 03:43:29,153 Epoch 251/300, Train Loss: 0.093265, Val Loss: 0.048219  
	Train = MSE:0.098054 , RMSE:0.313135 , MAE:0.249037 , MAPD:1.271817, R_squared:0.998303  
	Validation = MSE:0.048219 , RMSE:0.219587 , MAE:0.144411 , MAPD:0.729036, R_squared:0.999132

2024-03-21 03:43:32,452 Epoch 252/300, Train Loss: 0.051233, Val Loss: 0.132918  
	Train = MSE:0.047085 , RMSE:0.216990 , MAE:0.153524 , MAPD:0.773366, R_squared:0.999185  
	Validation = MSE:0.132918 , RMSE:0.364579 , MAE:0.297228 , MAPD:1.512089, R_squared:0.997608

2024-03-21 03:43:33,417 Epoch 253/300, Train Loss: 0.083079, Val Loss: 0.052221  
	Train = MSE:0.086215 , RMSE:0.293624 , MAE:0.225690 , MAPD:1.137772, R_squared:0.998508  
	Validation = MSE:0.052221 , RMSE:0.228520 , MAE:0.154794 , MAPD:0.803663, R_squared:0.999060

2024-03-21 03:43:34,126 Epoch 254/300, Train Loss: 0.054705, Val Loss: 0.100157  
	Train = MSE:0.053414 , RMSE:0.231114 , MAE:0.169226 , MAPD:0.850013, R_squared:0.999075  
	Validation = MSE:0.100157 , RMSE:0.316476 , MAE:0.261965 , MAPD:1.366338, R_squared:0.998198

2024-03-21 03:43:34,936 Epoch 255/300, Train Loss: 0.150522, Val Loss: 0.183790  
	Train = MSE:0.149633 , RMSE:0.386825 , MAE:0.323681 , MAPD:1.672066, R_squared:0.997410  
	Validation = MSE:0.183790 , RMSE:0.428708 , MAE:0.384682 , MAPD:2.031911, R_squared:0.996693

2024-03-21 03:43:35,787 Epoch 256/300, Train Loss: 0.107395, Val Loss: 0.045181  
	Train = MSE:0.111753 , RMSE:0.334294 , MAE:0.265964 , MAPD:1.359699, R_squared:0.998066  
	Validation = MSE:0.045181 , RMSE:0.212559 , MAE:0.155673 , MAPD:0.846288, R_squared:0.999187

2024-03-21 03:43:36,483 Epoch 257/300, Train Loss: 0.056034, Val Loss: 0.046760  
	Train = MSE:0.055705 , RMSE:0.236019 , MAE:0.175315 , MAPD:0.888954, R_squared:0.999036  
	Validation = MSE:0.046760 , RMSE:0.216241 , MAE:0.138595 , MAPD:0.709588, R_squared:0.999159

2024-03-21 03:43:37,487 Epoch 258/300, Train Loss: 0.118221, Val Loss: 0.051631  
	Train = MSE:0.127877 , RMSE:0.357599 , MAE:0.292476 , MAPD:1.507357, R_squared:0.997786  
	Validation = MSE:0.051631 , RMSE:0.227225 , MAE:0.154714 , MAPD:0.802421, R_squared:0.999071

2024-03-21 03:43:38,316 Epoch 259/300, Train Loss: 0.099635, Val Loss: 0.052717  
	Train = MSE:0.101873 , RMSE:0.319175 , MAE:0.260283 , MAPD:1.329932, R_squared:0.998237  
	Validation = MSE:0.052717 , RMSE:0.229601 , MAE:0.167221 , MAPD:0.879039, R_squared:0.999051

2024-03-21 03:43:38,947 Epoch 260/300, Train Loss: 0.083377, Val Loss: 0.038832  
	Train = MSE:0.084624 , RMSE:0.290902 , MAE:0.226795 , MAPD:1.164486, R_squared:0.998535  
	Validation = MSE:0.038832 , RMSE:0.197060 , MAE:0.127603 , MAPD:0.671087, R_squared:0.999301

2024-03-21 03:43:39,592 Epoch 261/300, Train Loss: 0.312853, Val Loss: 0.119803  
	Train = MSE:0.291655 , RMSE:0.540051 , MAE:0.447607 , MAPD:2.290924, R_squared:0.994951  
	Validation = MSE:0.119803 , RMSE:0.346125 , MAE:0.305198 , MAPD:1.677663, R_squared:0.997844

2024-03-21 03:43:41,527 Epoch 262/300, Train Loss: 0.287483, Val Loss: 0.065013  
	Train = MSE:0.284763 , RMSE:0.533632 , MAE:0.456610 , MAPD:2.371386, R_squared:0.995071  
	Validation = MSE:0.065013 , RMSE:0.254976 , MAE:0.209120 , MAPD:1.254289, R_squared:0.998830

2024-03-21 03:43:42,363 Epoch 263/300, Train Loss: 0.330124, Val Loss: 0.047494  
	Train = MSE:0.356019 , RMSE:0.596673 , MAE:0.513134 , MAPD:2.688737, R_squared:0.993837  
	Validation = MSE:0.047494 , RMSE:0.217932 , MAE:0.159457 , MAPD:0.879545, R_squared:0.999145

2024-03-21 03:43:43,083 Epoch 264/300, Train Loss: 0.174825, Val Loss: 0.053821  
	Train = MSE:0.188329 , RMSE:0.433969 , MAE:0.367248 , MAPD:1.903822, R_squared:0.996740  
	Validation = MSE:0.053821 , RMSE:0.231994 , MAE:0.152528 , MAPD:0.776858, R_squared:0.999032

2024-03-21 03:43:43,724 Epoch 265/300, Train Loss: 0.197495, Val Loss: 0.085057  
	Train = MSE:0.215584 , RMSE:0.464310 , MAE:0.393397 , MAPD:2.031068, R_squared:0.996268  
	Validation = MSE:0.085057 , RMSE:0.291645 , MAE:0.203517 , MAPD:0.962628, R_squared:0.998469

2024-03-21 03:43:44,498 Epoch 266/300, Train Loss: 0.323150, Val Loss: 0.064850  
	Train = MSE:0.344238 , RMSE:0.586718 , MAE:0.515145 , MAPD:2.659675, R_squared:0.994041  
	Validation = MSE:0.064850 , RMSE:0.254656 , MAE:0.209879 , MAPD:1.220306, R_squared:0.998833

2024-03-21 03:43:45,337 Epoch 267/300, Train Loss: 0.077100, Val Loss: 0.054791  
	Train = MSE:0.078806 , RMSE:0.280723 , MAE:0.220486 , MAPD:1.138660, R_squared:0.998636  
	Validation = MSE:0.054791 , RMSE:0.234074 , MAE:0.182120 , MAPD:0.998223, R_squared:0.999014

2024-03-21 03:43:45,996 Epoch 268/300, Train Loss: 0.051598, Val Loss: 0.038601  
	Train = MSE:0.051918 , RMSE:0.227856 , MAE:0.167280 , MAPD:0.853794, R_squared:0.999101  
	Validation = MSE:0.038601 , RMSE:0.196472 , MAE:0.128740 , MAPD:0.674961, R_squared:0.999305

2024-03-21 03:43:46,662 Epoch 269/300, Train Loss: 0.103800, Val Loss: 0.267363  
	Train = MSE:0.088800 , RMSE:0.297993 , MAE:0.225055 , MAPD:1.147562, R_squared:0.998463  
	Validation = MSE:0.267363 , RMSE:0.517072 , MAE:0.467686 , MAPD:2.416043, R_squared:0.995189

2024-03-21 03:43:47,307 Epoch 270/300, Train Loss: 0.441609, Val Loss: 0.092837  
	Train = MSE:0.491952 , RMSE:0.701393 , MAE:0.628753 , MAPD:3.225169, R_squared:0.991484  
	Validation = MSE:0.092837 , RMSE:0.304692 , MAE:0.254165 , MAPD:1.364816, R_squared:0.998329

2024-03-21 03:43:47,940 Epoch 271/300, Train Loss: 0.595044, Val Loss: 0.060710  
	Train = MSE:0.630618 , RMSE:0.794115 , MAE:0.712444 , MAPD:3.668504, R_squared:0.989084  
	Validation = MSE:0.060710 , RMSE:0.246395 , MAE:0.182612 , MAPD:1.044668, R_squared:0.998908

2024-03-21 03:43:49,895 Epoch 272/300, Train Loss: 0.321506, Val Loss: 0.043227  
	Train = MSE:0.346918 , RMSE:0.588997 , MAE:0.508336 , MAPD:2.638838, R_squared:0.993995  
	Validation = MSE:0.043227 , RMSE:0.207911 , MAE:0.130793 , MAPD:0.691920, R_squared:0.999222

2024-03-21 03:43:50,564 Epoch 273/300, Train Loss: 0.248773, Val Loss: 0.051374  
	Train = MSE:0.262905 , RMSE:0.512743 , MAE:0.434899 , MAPD:2.240443, R_squared:0.995449  
	Validation = MSE:0.051374 , RMSE:0.226658 , MAE:0.157364 , MAPD:0.852187, R_squared:0.999076

2024-03-21 03:43:51,202 Epoch 274/300, Train Loss: 0.128719, Val Loss: 0.083116  
	Train = MSE:0.128656 , RMSE:0.358686 , MAE:0.292004 , MAPD:1.491564, R_squared:0.997773  
	Validation = MSE:0.083116 , RMSE:0.288299 , MAE:0.223370 , MAPD:1.160090, R_squared:0.998504

2024-03-21 03:43:51,843 Epoch 275/300, Train Loss: 0.058852, Val Loss: 0.061940  
	Train = MSE:0.057335 , RMSE:0.239446 , MAE:0.171848 , MAPD:0.870020, R_squared:0.999008  
	Validation = MSE:0.061940 , RMSE:0.248877 , MAE:0.166707 , MAPD:0.818955, R_squared:0.998885

2024-03-21 03:43:52,879 Epoch 276/300, Train Loss: 0.050224, Val Loss: 0.043295  
	Train = MSE:0.050996 , RMSE:0.225824 , MAE:0.162976 , MAPD:0.824891, R_squared:0.999117  
	Validation = MSE:0.043295 , RMSE:0.208075 , MAE:0.154105 , MAPD:0.841231, R_squared:0.999221

2024-03-21 03:43:53,608 Epoch 277/300, Train Loss: 0.054872, Val Loss: 0.244683  
	Train = MSE:0.047908 , RMSE:0.218880 , MAE:0.154754 , MAPD:0.778671, R_squared:0.999171  
	Validation = MSE:0.244683 , RMSE:0.494655 , MAE:0.426108 , MAPD:2.115137, R_squared:0.995597

2024-03-21 03:43:54,407 Epoch 278/300, Train Loss: 0.239145, Val Loss: 0.075091  
	Train = MSE:0.262182 , RMSE:0.512037 , MAE:0.447018 , MAPD:2.303754, R_squared:0.995462  
	Validation = MSE:0.075091 , RMSE:0.274027 , MAE:0.203795 , MAPD:1.051741, R_squared:0.998649

2024-03-21 03:43:56,036 Epoch 279/300, Train Loss: 0.336114, Val Loss: 0.039680  
	Train = MSE:0.346177 , RMSE:0.588368 , MAE:0.510050 , MAPD:2.616782, R_squared:0.994008  
	Validation = MSE:0.039680 , RMSE:0.199200 , MAE:0.130394 , MAPD:0.680632, R_squared:0.999286

2024-03-21 03:43:56,856 Epoch 280/300, Train Loss: 0.734538, Val Loss: 0.239430  
	Train = MSE:0.730699 , RMSE:0.854809 , MAE:0.735114 , MAPD:3.784117, R_squared:0.987351  
	Validation = MSE:0.239430 , RMSE:0.489316 , MAE:0.447309 , MAPD:2.360179, R_squared:0.995692

2024-03-21 03:43:57,474 Epoch 281/300, Train Loss: 0.295767, Val Loss: 0.162420  
	Train = MSE:0.282552 , RMSE:0.531556 , MAE:0.444040 , MAPD:2.293472, R_squared:0.995109  
	Validation = MSE:0.162420 , RMSE:0.403014 , MAE:0.349541 , MAPD:1.807295, R_squared:0.997077

2024-03-21 03:43:59,813 Epoch 282/300, Train Loss: 0.108485, Val Loss: 0.150542  
	Train = MSE:0.105339 , RMSE:0.324560 , MAE:0.258514 , MAPD:1.321569, R_squared:0.998177  
	Validation = MSE:0.150542 , RMSE:0.387997 , MAE:0.323081 , MAPD:1.614959, R_squared:0.997291

2024-03-21 03:44:00,637 Epoch 283/300, Train Loss: 0.185820, Val Loss: 0.062317  
	Train = MSE:0.202745 , RMSE:0.450272 , MAE:0.382484 , MAPD:1.967338, R_squared:0.996490  
	Validation = MSE:0.062317 , RMSE:0.249633 , MAE:0.176402 , MAPD:0.894523, R_squared:0.998879

2024-03-21 03:44:01,477 Epoch 284/300, Train Loss: 0.079968, Val Loss: 0.039028  
	Train = MSE:0.084946 , RMSE:0.291456 , MAE:0.229888 , MAPD:1.181999, R_squared:0.998530  
	Validation = MSE:0.039028 , RMSE:0.197554 , MAE:0.124681 , MAPD:0.660667, R_squared:0.999298

2024-03-21 03:44:02,302 Epoch 285/300, Train Loss: 0.071649, Val Loss: 0.063468  
	Train = MSE:0.071279 , RMSE:0.266981 , MAE:0.200930 , MAPD:1.021676, R_squared:0.998766  
	Validation = MSE:0.063468 , RMSE:0.251928 , MAE:0.190958 , MAPD:1.040107, R_squared:0.998858

2024-03-21 03:44:03,148 Epoch 286/300, Train Loss: 0.042601, Val Loss: 0.070336  
	Train = MSE:0.043589 , RMSE:0.208781 , MAE:0.145866 , MAPD:0.733936, R_squared:0.999245  
	Validation = MSE:0.070336 , RMSE:0.265209 , MAE:0.201634 , MAPD:1.083051, R_squared:0.998734

2024-03-21 03:44:03,765 Epoch 287/300, Train Loss: 0.179489, Val Loss: 0.233823  
	Train = MSE:0.161352 , RMSE:0.401687 , MAE:0.337253 , MAPD:1.724344, R_squared:0.997207  
	Validation = MSE:0.233823 , RMSE:0.483552 , MAE:0.453762 , MAPD:2.538062, R_squared:0.995793

2024-03-21 03:44:04,439 Epoch 288/300, Train Loss: 0.116422, Val Loss: 0.261323  
	Train = MSE:0.111994 , RMSE:0.334655 , MAE:0.255824 , MAPD:1.308285, R_squared:0.998061  
	Validation = MSE:0.261323 , RMSE:0.511198 , MAE:0.479828 , MAPD:2.624006, R_squared:0.995298

2024-03-21 03:44:05,233 Epoch 289/300, Train Loss: 0.420141, Val Loss: 0.495454  
	Train = MSE:0.422542 , RMSE:0.650032 , MAE:0.601041 , MAPD:3.095732, R_squared:0.992686  
	Validation = MSE:0.495454 , RMSE:0.703885 , MAE:0.653540 , MAPD:3.378465, R_squared:0.991085

2024-03-21 03:44:06,023 Epoch 290/300, Train Loss: 0.226117, Val Loss: 0.055975  
	Train = MSE:0.242096 , RMSE:0.492033 , MAE:0.414824 , MAPD:2.126432, R_squared:0.995809  
	Validation = MSE:0.055975 , RMSE:0.236589 , MAE:0.188531 , MAPD:1.066133, R_squared:0.998993

2024-03-21 03:44:06,674 Epoch 291/300, Train Loss: 0.125479, Val Loss: 0.187573  
	Train = MSE:0.108973 , RMSE:0.330110 , MAE:0.258013 , MAPD:1.329332, R_squared:0.998114  
	Validation = MSE:0.187573 , RMSE:0.433097 , MAE:0.393991 , MAPD:2.096659, R_squared:0.996625

2024-03-21 03:44:08,627 Epoch 292/300, Train Loss: 0.133843, Val Loss: 0.080136  
	Train = MSE:0.140753 , RMSE:0.375171 , MAE:0.298789 , MAPD:1.529123, R_squared:0.997564  
	Validation = MSE:0.080136 , RMSE:0.283083 , MAE:0.209461 , MAPD:1.010894, R_squared:0.998558

2024-03-21 03:44:09,348 Epoch 293/300, Train Loss: 0.305625, Val Loss: 0.554608  
	Train = MSE:0.276621 , RMSE:0.525948 , MAE:0.440501 , MAPD:2.238800, R_squared:0.995212  
	Validation = MSE:0.554608 , RMSE:0.744720 , MAE:0.701701 , MAPD:3.652220, R_squared:0.990020

2024-03-21 03:44:10,212 Epoch 294/300, Train Loss: 0.345385, Val Loss: 0.069689  
	Train = MSE:0.355105 , RMSE:0.595907 , MAE:0.542304 , MAPD:2.776267, R_squared:0.993853  
	Validation = MSE:0.069689 , RMSE:0.263987 , MAE:0.221411 , MAPD:1.282967, R_squared:0.998746

2024-03-21 03:44:11,028 Epoch 295/300, Train Loss: 0.164804, Val Loss: 0.108790  
	Train = MSE:0.158929 , RMSE:0.398660 , MAE:0.336501 , MAPD:1.744919, R_squared:0.997249  
	Validation = MSE:0.108790 , RMSE:0.329834 , MAE:0.292245 , MAPD:1.667526, R_squared:0.998042

2024-03-21 03:44:11,693 Epoch 296/300, Train Loss: 0.097638, Val Loss: 0.173821  
	Train = MSE:0.089770 , RMSE:0.299617 , MAE:0.238574 , MAPD:1.234035, R_squared:0.998446  
	Validation = MSE:0.173821 , RMSE:0.416918 , MAE:0.379853 , MAPD:2.064683, R_squared:0.996872

2024-03-21 03:44:12,348 Epoch 297/300, Train Loss: 0.251123, Val Loss: 0.372970  
	Train = MSE:0.245824 , RMSE:0.495806 , MAE:0.446629 , MAPD:2.300357, R_squared:0.995745  
	Validation = MSE:0.372970 , RMSE:0.610713 , MAE:0.566391 , MAPD:2.961213, R_squared:0.993289

2024-03-21 03:44:12,997 Epoch 298/300, Train Loss: 0.516061, Val Loss: 1.137694  
	Train = MSE:0.454161 , RMSE:0.673915 , MAE:0.611928 , MAPD:3.121201, R_squared:0.992138  
	Validation = MSE:1.137694 , RMSE:1.066628 , MAE:1.012515 , MAPD:5.249867, R_squared:0.979528

2024-03-21 03:44:13,838 Epoch 299/300, Train Loss: 1.123865, Val Loss: 0.104974  
	Train = MSE:1.228555 , RMSE:1.108402 , MAE:1.032764 , MAPD:5.291170, R_squared:0.978734  
	Validation = MSE:0.104974 , RMSE:0.323997 , MAE:0.269918 , MAPD:1.568588, R_squared:0.998111

2024-03-21 03:44:14,594 Epoch 300/300, Train Loss: 0.303712, Val Loss: 0.318059  
	Train = MSE:0.292936 , RMSE:0.541236 , MAE:0.450461 , MAPD:2.345796, R_squared:0.994929  
	Validation = MSE:0.318059 , RMSE:0.563968 , MAE:0.515195 , MAPD:2.718048, R_squared:0.994277

2024-03-21 03:44:14,600 Time for training the model: 277.400591
2024-03-21 03:44:16,784 MSE for train: 0.294054
2024-03-21 03:44:16,785 RMSE for train: 0.542267
2024-03-21 03:44:16,785 MAE for train: 0.496841
2024-03-21 03:44:16,785 MAPD for train: 2.561425
2024-03-21 03:44:16,785 R^2 Score for train: 0.994910
2024-03-21 03:44:16,790 Inference time for train dataset: 0.324000

2024-03-21 03:44:16,860 MSE for val: 0.318059
2024-03-21 03:44:16,860 RMSE for val: 0.563968
2024-03-21 03:44:16,860 MAE for val: 0.515195
2024-03-21 03:44:16,860 MAPD for val: 2.718048
2024-03-21 03:44:16,860 R^2 Score for val: 0.994277
2024-03-21 03:44:16,868 Inference time for val dataset: 0.070000

2024-03-21 03:44:16,928 MSE for test: 0.315752
2024-03-21 03:44:16,928 RMSE for test: 0.561918
2024-03-21 03:44:16,928 MAE for test: 0.514062
2024-03-21 03:44:16,928 MAPD for test: 2.543736
2024-03-21 03:44:16,928 R^2 Score for test: 0.994789
2024-03-21 03:44:16,933 Inference time for test dataset: 0.059998

2024-03-21 03:44:18,752 Train label average: , [20.62097221]
2024-03-21 03:44:18,752 Test label average: , [21.41736175]
2024-03-21 03:44:18,752 validation label average: , [20.14607025]
2024-03-21 03:44:18,753 predicted (on validation dataset) values average: , 20.91657470703125
