2024-03-21 05:14:11,257 train batches in dataset: 800
2024-03-21 05:14:11,257 val batches in dataset: 100
2024-03-21 05:14:11,257 test batches in dataset: 100
2024-03-21 05:14:11,269 Trainable parameter: net_core.0.weight - size: torch.Size([256, 35])
2024-03-21 05:14:11,275 Trainable parameter: net_core.0.bias - size: torch.Size([256])
2024-03-21 05:14:11,286 Trainable parameter: net_core.1.weight - size: torch.Size([128, 256])
2024-03-21 05:14:11,290 Trainable parameter: net_core.1.bias - size: torch.Size([128])
2024-03-21 05:14:11,295 Trainable parameter: net_core.2.weight - size: torch.Size([64, 128])
2024-03-21 05:14:11,301 Trainable parameter: net_core.2.bias - size: torch.Size([64])
2024-03-21 05:14:11,307 Trainable parameter: net_core.3.weight - size: torch.Size([16, 64])
2024-03-21 05:14:11,307 Trainable parameter: net_core.3.bias - size: torch.Size([16])
2024-03-21 05:14:11,308 Trainable parameter: net_core.4.weight - size: torch.Size([1, 16])
2024-03-21 05:14:11,308 Trainable parameter: net_core.4.bias - size: torch.Size([1])
2024-03-21 05:14:11,308 Number of trainable parameters: 51425
2024-03-21 05:14:11,309 Number of non-trainable parameters: 0
2024-03-21 05:15:04,165 Epoch 1/300, Train Loss: 18.138600, Val Loss: 0.652930  
	Train = MSE:18.144014 , RMSE:4.259579 , MAE:2.124744 , MAPD:11.429918, R_squared:0.685924  
	Validation = MSE:0.652930 , RMSE:0.808041 , MAE:0.670017 , MAPD:3.450974, R_squared:0.988251

2024-03-21 05:16:00,244 Epoch 2/300, Train Loss: 0.251139, Val Loss: 0.212804  
	Train = MSE:0.251181 , RMSE:0.501179 , MAE:0.377060 , MAPD:1.994110, R_squared:0.995652  
	Validation = MSE:0.212804 , RMSE:0.461307 , MAE:0.382109 , MAPD:2.232865, R_squared:0.996171

2024-03-21 05:16:49,324 Epoch 3/300, Train Loss: 0.190549, Val Loss: 0.130521  
	Train = MSE:0.190590 , RMSE:0.436566 , MAE:0.331208 , MAPD:1.751534, R_squared:0.996701  
	Validation = MSE:0.130521 , RMSE:0.361277 , MAE:0.256218 , MAPD:1.395286, R_squared:0.997651

2024-03-21 05:17:39,259 Epoch 4/300, Train Loss: 0.163971, Val Loss: 0.158071  
	Train = MSE:0.163717 , RMSE:0.404619 , MAE:0.305139 , MAPD:1.614585, R_squared:0.997166  
	Validation = MSE:0.158071 , RMSE:0.397582 , MAE:0.298379 , MAPD:1.551321, R_squared:0.997156

2024-03-21 05:18:29,044 Epoch 5/300, Train Loss: 0.148315, Val Loss: 0.370944  
	Train = MSE:0.148096 , RMSE:0.384833 , MAE:0.292539 , MAPD:1.567496, R_squared:0.997436  
	Validation = MSE:0.370944 , RMSE:0.609052 , MAE:0.463408 , MAPD:2.213843, R_squared:0.993325

2024-03-21 05:19:14,530 Epoch 6/300, Train Loss: 0.135854, Val Loss: 0.085918  
	Train = MSE:0.135879 , RMSE:0.368618 , MAE:0.282067 , MAPD:1.504416, R_squared:0.997648  
	Validation = MSE:0.085918 , RMSE:0.293117 , MAE:0.216117 , MAPD:1.216629, R_squared:0.998454

2024-03-21 05:20:05,672 Epoch 7/300, Train Loss: 0.160175, Val Loss: 0.101478  
	Train = MSE:0.160200 , RMSE:0.400249 , MAE:0.308864 , MAPD:1.632037, R_squared:0.997227  
	Validation = MSE:0.101478 , RMSE:0.318556 , MAE:0.239464 , MAPD:1.302649, R_squared:0.998174

2024-03-21 05:20:48,635 Epoch 8/300, Train Loss: 0.116632, Val Loss: 0.086047  
	Train = MSE:0.116657 , RMSE:0.341551 , MAE:0.262308 , MAPD:1.384958, R_squared:0.997981  
	Validation = MSE:0.086047 , RMSE:0.293338 , MAE:0.221801 , MAPD:1.250996, R_squared:0.998452

2024-03-21 05:21:35,071 Epoch 9/300, Train Loss: 0.105232, Val Loss: 0.085988  
	Train = MSE:0.105238 , RMSE:0.324405 , MAE:0.249231 , MAPD:1.318819, R_squared:0.998178  
	Validation = MSE:0.085988 , RMSE:0.293237 , MAE:0.240493 , MAPD:1.381264, R_squared:0.998453

2024-03-21 05:22:16,853 Epoch 10/300, Train Loss: 0.098258, Val Loss: 0.092465  
	Train = MSE:0.098271 , RMSE:0.313482 , MAE:0.238202 , MAPD:1.267777, R_squared:0.998299  
	Validation = MSE:0.092465 , RMSE:0.304081 , MAE:0.234401 , MAPD:1.260753, R_squared:0.998336

2024-03-21 05:23:05,154 Epoch 11/300, Train Loss: 0.138222, Val Loss: 0.482166  
	Train = MSE:0.138252 , RMSE:0.371823 , MAE:0.270553 , MAPD:1.416700, R_squared:0.997607  
	Validation = MSE:0.482166 , RMSE:0.694382 , MAE:0.645387 , MAPD:3.786830, R_squared:0.991324

2024-03-21 05:23:45,992 Epoch 12/300, Train Loss: 0.106755, Val Loss: 0.083007  
	Train = MSE:0.106752 , RMSE:0.326730 , MAE:0.244963 , MAPD:1.304094, R_squared:0.998152  
	Validation = MSE:0.083007 , RMSE:0.288109 , MAE:0.218258 , MAPD:1.203636, R_squared:0.998506

2024-03-21 05:24:26,111 Epoch 13/300, Train Loss: 0.103044, Val Loss: 0.045453  
	Train = MSE:0.103062 , RMSE:0.321032 , MAE:0.248539 , MAPD:1.299801, R_squared:0.998216  
	Validation = MSE:0.045453 , RMSE:0.213198 , MAE:0.153765 , MAPD:0.825965, R_squared:0.999182

2024-03-21 05:25:04,787 Epoch 14/300, Train Loss: 0.081637, Val Loss: 0.052852  
	Train = MSE:0.081660 , RMSE:0.285763 , MAE:0.218565 , MAPD:1.144844, R_squared:0.998586  
	Validation = MSE:0.052852 , RMSE:0.229895 , MAE:0.159519 , MAPD:0.827973, R_squared:0.999049

2024-03-21 05:25:45,351 Epoch 15/300, Train Loss: 0.087425, Val Loss: 0.067806  
	Train = MSE:0.087430 , RMSE:0.295686 , MAE:0.221409 , MAPD:1.155674, R_squared:0.998487  
	Validation = MSE:0.067806 , RMSE:0.260395 , MAE:0.198260 , MAPD:1.171178, R_squared:0.998780

2024-03-21 05:26:25,111 Epoch 16/300, Train Loss: 0.113772, Val Loss: 0.137856  
	Train = MSE:0.113753 , RMSE:0.337273 , MAE:0.256687 , MAPD:1.332783, R_squared:0.998031  
	Validation = MSE:0.137856 , RMSE:0.371290 , MAE:0.313068 , MAPD:1.847327, R_squared:0.997519

2024-03-21 05:27:06,724 Epoch 17/300, Train Loss: 0.081237, Val Loss: 0.147459  
	Train = MSE:0.081235 , RMSE:0.285018 , MAE:0.221641 , MAPD:1.165573, R_squared:0.998594  
	Validation = MSE:0.147459 , RMSE:0.384004 , MAE:0.309010 , MAPD:1.543863, R_squared:0.997347

2024-03-21 05:27:46,541 Epoch 18/300, Train Loss: 0.072659, Val Loss: 0.073050  
	Train = MSE:0.072672 , RMSE:0.269577 , MAE:0.202377 , MAPD:1.053584, R_squared:0.998742  
	Validation = MSE:0.073050 , RMSE:0.270278 , MAE:0.229710 , MAPD:1.266839, R_squared:0.998686

2024-03-21 05:28:26,481 Epoch 19/300, Train Loss: 0.086860, Val Loss: 0.069290  
	Train = MSE:0.086864 , RMSE:0.294727 , MAE:0.221456 , MAPD:1.153761, R_squared:0.998496  
	Validation = MSE:0.069290 , RMSE:0.263230 , MAE:0.222072 , MAPD:1.171972, R_squared:0.998753

2024-03-21 05:29:09,807 Epoch 20/300, Train Loss: 0.083648, Val Loss: 0.071483  
	Train = MSE:0.083666 , RMSE:0.289251 , MAE:0.222610 , MAPD:1.166306, R_squared:0.998552  
	Validation = MSE:0.071483 , RMSE:0.267363 , MAE:0.190336 , MAPD:0.915030, R_squared:0.998714

2024-03-21 05:29:50,472 Epoch 21/300, Train Loss: 0.082232, Val Loss: 0.036855  
	Train = MSE:0.082254 , RMSE:0.286800 , MAE:0.215221 , MAPD:1.114953, R_squared:0.998576  
	Validation = MSE:0.036855 , RMSE:0.191977 , MAE:0.130629 , MAPD:0.718208, R_squared:0.999337

2024-03-21 05:30:41,783 Epoch 22/300, Train Loss: 0.071881, Val Loss: 0.301219  
	Train = MSE:0.071880 , RMSE:0.268105 , MAE:0.206248 , MAPD:1.065654, R_squared:0.998756  
	Validation = MSE:0.301219 , RMSE:0.548834 , MAE:0.522388 , MAPD:2.809102, R_squared:0.994580

2024-03-21 05:31:32,234 Epoch 23/300, Train Loss: 0.071171, Val Loss: 0.046549  
	Train = MSE:0.071187 , RMSE:0.266809 , MAE:0.203380 , MAPD:1.069097, R_squared:0.998768  
	Validation = MSE:0.046549 , RMSE:0.215753 , MAE:0.161374 , MAPD:0.892094, R_squared:0.999162

2024-03-21 05:32:18,844 Epoch 24/300, Train Loss: 0.070321, Val Loss: 0.039214  
	Train = MSE:0.070299 , RMSE:0.265139 , MAE:0.199376 , MAPD:1.038672, R_squared:0.998783  
	Validation = MSE:0.039214 , RMSE:0.198025 , MAE:0.157256 , MAPD:0.835009, R_squared:0.999294

2024-03-21 05:33:05,022 Epoch 25/300, Train Loss: 0.072131, Val Loss: 0.112117  
	Train = MSE:0.072111 , RMSE:0.268536 , MAE:0.201004 , MAPD:1.041839, R_squared:0.998752  
	Validation = MSE:0.112117 , RMSE:0.334839 , MAE:0.279730 , MAPD:1.484246, R_squared:0.997983

2024-03-21 05:33:45,746 Epoch 26/300, Train Loss: 0.066426, Val Loss: 0.045109  
	Train = MSE:0.066434 , RMSE:0.257748 , MAE:0.198891 , MAPD:1.038048, R_squared:0.998850  
	Validation = MSE:0.045109 , RMSE:0.212389 , MAE:0.156038 , MAPD:0.779279, R_squared:0.999188

2024-03-21 05:34:28,862 Epoch 27/300, Train Loss: 0.050982, Val Loss: 0.071494  
	Train = MSE:0.050997 , RMSE:0.225825 , MAE:0.171782 , MAPD:0.897478, R_squared:0.999117  
	Validation = MSE:0.071494 , RMSE:0.267383 , MAE:0.197983 , MAPD:0.945373, R_squared:0.998714

2024-03-21 05:35:11,414 Epoch 28/300, Train Loss: 0.066024, Val Loss: 0.084596  
	Train = MSE:0.066031 , RMSE:0.256965 , MAE:0.196661 , MAPD:1.032601, R_squared:0.998857  
	Validation = MSE:0.084596 , RMSE:0.290854 , MAE:0.255324 , MAPD:1.466369, R_squared:0.998478

2024-03-21 05:35:54,096 Epoch 29/300, Train Loss: 0.058144, Val Loss: 0.034355  
	Train = MSE:0.058157 , RMSE:0.241158 , MAE:0.182513 , MAPD:0.945762, R_squared:0.998993  
	Validation = MSE:0.034355 , RMSE:0.185352 , MAE:0.135091 , MAPD:0.724530, R_squared:0.999382

2024-03-21 05:36:34,802 Epoch 30/300, Train Loss: 0.050288, Val Loss: 0.129291  
	Train = MSE:0.050286 , RMSE:0.224244 , MAE:0.172789 , MAPD:0.901736, R_squared:0.999130  
	Validation = MSE:0.129291 , RMSE:0.359571 , MAE:0.316789 , MAPD:1.931195, R_squared:0.997674

2024-03-21 05:37:19,353 Epoch 31/300, Train Loss: 0.058568, Val Loss: 0.056719  
	Train = MSE:0.058567 , RMSE:0.242007 , MAE:0.183353 , MAPD:0.959081, R_squared:0.998986  
	Validation = MSE:0.056719 , RMSE:0.238158 , MAE:0.187813 , MAPD:1.047113, R_squared:0.998979

2024-03-21 05:38:01,342 Epoch 32/300, Train Loss: 0.054134, Val Loss: 0.028281  
	Train = MSE:0.054145 , RMSE:0.232691 , MAE:0.176833 , MAPD:0.920673, R_squared:0.999063  
	Validation = MSE:0.028281 , RMSE:0.168169 , MAE:0.125808 , MAPD:0.676988, R_squared:0.999491

2024-03-21 05:38:45,683 Epoch 33/300, Train Loss: 0.059818, Val Loss: 0.074104  
	Train = MSE:0.059835 , RMSE:0.244612 , MAE:0.183844 , MAPD:0.946977, R_squared:0.998964  
	Validation = MSE:0.074104 , RMSE:0.272221 , MAE:0.229112 , MAPD:1.152473, R_squared:0.998667

2024-03-21 05:39:33,286 Epoch 34/300, Train Loss: 0.047512, Val Loss: 0.033579  
	Train = MSE:0.047522 , RMSE:0.217994 , MAE:0.165554 , MAPD:0.870896, R_squared:0.999177  
	Validation = MSE:0.033579 , RMSE:0.183245 , MAE:0.143754 , MAPD:0.870964, R_squared:0.999396

2024-03-21 05:40:15,639 Epoch 35/300, Train Loss: 0.046768, Val Loss: 0.073107  
	Train = MSE:0.046780 , RMSE:0.216288 , MAE:0.167457 , MAPD:0.885085, R_squared:0.999190  
	Validation = MSE:0.073107 , RMSE:0.270383 , MAE:0.242054 , MAPD:1.325674, R_squared:0.998685

2024-03-21 05:40:51,692 Epoch 36/300, Train Loss: 0.050749, Val Loss: 0.029072  
	Train = MSE:0.050759 , RMSE:0.225298 , MAE:0.172093 , MAPD:0.904709, R_squared:0.999121  
	Validation = MSE:0.029072 , RMSE:0.170505 , MAE:0.127874 , MAPD:0.695009, R_squared:0.999477

2024-03-21 05:41:25,317 Epoch 37/300, Train Loss: 0.044343, Val Loss: 0.026744  
	Train = MSE:0.044342 , RMSE:0.210574 , MAE:0.160685 , MAPD:0.840454, R_squared:0.999232  
	Validation = MSE:0.026744 , RMSE:0.163536 , MAE:0.116907 , MAPD:0.604604, R_squared:0.999519

2024-03-21 05:41:57,382 Epoch 38/300, Train Loss: 0.054542, Val Loss: 0.028471  
	Train = MSE:0.054548 , RMSE:0.233556 , MAE:0.179273 , MAPD:0.937508, R_squared:0.999056  
	Validation = MSE:0.028471 , RMSE:0.168735 , MAE:0.118494 , MAPD:0.635154, R_squared:0.999488

2024-03-21 05:42:31,238 Epoch 39/300, Train Loss: 0.042195, Val Loss: 0.033903  
	Train = MSE:0.042202 , RMSE:0.205432 , MAE:0.154981 , MAPD:0.805651, R_squared:0.999269  
	Validation = MSE:0.033903 , RMSE:0.184128 , MAE:0.139482 , MAPD:0.777702, R_squared:0.999390

2024-03-21 05:43:03,459 Epoch 40/300, Train Loss: 0.044410, Val Loss: 0.026064  
	Train = MSE:0.044410 , RMSE:0.210738 , MAE:0.158342 , MAPD:0.820160, R_squared:0.999231  
	Validation = MSE:0.026064 , RMSE:0.161443 , MAE:0.117447 , MAPD:0.637956, R_squared:0.999531

2024-03-21 05:43:35,184 Epoch 41/300, Train Loss: 0.043416, Val Loss: 0.051872  
	Train = MSE:0.043422 , RMSE:0.208380 , MAE:0.159274 , MAPD:0.830833, R_squared:0.999248  
	Validation = MSE:0.051872 , RMSE:0.227753 , MAE:0.188674 , MAPD:0.987032, R_squared:0.999067

2024-03-21 05:44:11,761 Epoch 42/300, Train Loss: 0.046847, Val Loss: 0.025775  
	Train = MSE:0.046857 , RMSE:0.216464 , MAE:0.161278 , MAPD:0.833043, R_squared:0.999189  
	Validation = MSE:0.025775 , RMSE:0.160546 , MAE:0.116184 , MAPD:0.653436, R_squared:0.999536

2024-03-21 05:44:45,075 Epoch 43/300, Train Loss: 0.038479, Val Loss: 0.020367  
	Train = MSE:0.038482 , RMSE:0.196169 , MAE:0.152040 , MAPD:0.788989, R_squared:0.999334  
	Validation = MSE:0.020367 , RMSE:0.142711 , MAE:0.101142 , MAPD:0.542329, R_squared:0.999634

2024-03-21 05:45:18,894 Epoch 44/300, Train Loss: 0.059445, Val Loss: 0.080607  
	Train = MSE:0.059458 , RMSE:0.243839 , MAE:0.181493 , MAPD:0.946298, R_squared:0.998971  
	Validation = MSE:0.080607 , RMSE:0.283913 , MAE:0.232213 , MAPD:1.164515, R_squared:0.998550

2024-03-21 05:45:55,918 Epoch 45/300, Train Loss: 0.039456, Val Loss: 0.051113  
	Train = MSE:0.039388 , RMSE:0.198463 , MAE:0.150210 , MAPD:0.779319, R_squared:0.999318  
	Validation = MSE:0.051113 , RMSE:0.226082 , MAE:0.157228 , MAPD:0.738518, R_squared:0.999080

2024-03-21 05:46:27,712 Epoch 46/300, Train Loss: 0.044247, Val Loss: 0.024790  
	Train = MSE:0.044260 , RMSE:0.210380 , MAE:0.160575 , MAPD:0.841131, R_squared:0.999234  
	Validation = MSE:0.024790 , RMSE:0.157447 , MAE:0.112763 , MAPD:0.635913, R_squared:0.999554

2024-03-21 05:47:02,079 Epoch 47/300, Train Loss: 0.042532, Val Loss: 0.019297  
	Train = MSE:0.042544 , RMSE:0.206261 , MAE:0.158056 , MAPD:0.819005, R_squared:0.999264  
	Validation = MSE:0.019297 , RMSE:0.138913 , MAE:0.095154 , MAPD:0.506022, R_squared:0.999653

2024-03-21 05:47:36,471 Epoch 48/300, Train Loss: 0.044052, Val Loss: 0.044763  
	Train = MSE:0.044061 , RMSE:0.209906 , MAE:0.159071 , MAPD:0.823860, R_squared:0.999237  
	Validation = MSE:0.044763 , RMSE:0.211573 , MAE:0.172050 , MAPD:0.904647, R_squared:0.999195

2024-03-21 05:48:10,922 Epoch 49/300, Train Loss: 0.039538, Val Loss: 0.024277  
	Train = MSE:0.039549 , RMSE:0.198869 , MAE:0.152248 , MAPD:0.790132, R_squared:0.999315  
	Validation = MSE:0.024277 , RMSE:0.155811 , MAE:0.124210 , MAPD:0.736733, R_squared:0.999563

2024-03-21 05:48:47,221 Epoch 50/300, Train Loss: 0.059351, Val Loss: 0.020834  
	Train = MSE:0.059367 , RMSE:0.243654 , MAE:0.184503 , MAPD:0.961052, R_squared:0.998972  
	Validation = MSE:0.020834 , RMSE:0.144339 , MAE:0.109657 , MAPD:0.588459, R_squared:0.999625

2024-03-21 05:49:19,906 Epoch 51/300, Train Loss: 0.035779, Val Loss: 0.021568  
	Train = MSE:0.035779 , RMSE:0.189152 , MAE:0.144138 , MAPD:0.747581, R_squared:0.999381  
	Validation = MSE:0.021568 , RMSE:0.146859 , MAE:0.102699 , MAPD:0.560772, R_squared:0.999612

2024-03-21 05:49:54,678 Epoch 52/300, Train Loss: 0.042395, Val Loss: 0.033637  
	Train = MSE:0.042406 , RMSE:0.205927 , MAE:0.157871 , MAPD:0.818200, R_squared:0.999266  
	Validation = MSE:0.033637 , RMSE:0.183405 , MAE:0.135585 , MAPD:0.709301, R_squared:0.999395

2024-03-21 05:50:30,355 Epoch 53/300, Train Loss: 0.037745, Val Loss: 0.020393  
	Train = MSE:0.037756 , RMSE:0.194309 , MAE:0.146446 , MAPD:0.760802, R_squared:0.999346  
	Validation = MSE:0.020393 , RMSE:0.142803 , MAE:0.101185 , MAPD:0.540230, R_squared:0.999633

2024-03-21 05:51:03,827 Epoch 54/300, Train Loss: 0.043672, Val Loss: 0.200981  
	Train = MSE:0.043660 , RMSE:0.208949 , MAE:0.159829 , MAPD:0.831893, R_squared:0.999244  
	Validation = MSE:0.200981 , RMSE:0.448309 , MAE:0.419640 , MAPD:2.194058, R_squared:0.996384

2024-03-21 05:51:36,754 Epoch 55/300, Train Loss: 0.033810, Val Loss: 0.108738  
	Train = MSE:0.033818 , RMSE:0.183897 , MAE:0.139796 , MAPD:0.726355, R_squared:0.999415  
	Validation = MSE:0.108738 , RMSE:0.329755 , MAE:0.290749 , MAPD:1.525340, R_squared:0.998043

2024-03-21 05:52:12,632 Epoch 56/300, Train Loss: 0.050864, Val Loss: 0.035019  
	Train = MSE:0.050879 , RMSE:0.225564 , MAE:0.175287 , MAPD:0.910388, R_squared:0.999119  
	Validation = MSE:0.035019 , RMSE:0.187135 , MAE:0.141556 , MAPD:0.706238, R_squared:0.999370

2024-03-21 05:52:46,868 Epoch 57/300, Train Loss: 0.041810, Val Loss: 0.018091  
	Train = MSE:0.041780 , RMSE:0.204402 , MAE:0.151406 , MAPD:0.785768, R_squared:0.999277  
	Validation = MSE:0.018091 , RMSE:0.134503 , MAE:0.092534 , MAPD:0.490792, R_squared:0.999674

2024-03-21 05:53:22,144 Epoch 58/300, Train Loss: 0.043435, Val Loss: 0.025556  
	Train = MSE:0.043446 , RMSE:0.208436 , MAE:0.159379 , MAPD:0.826230, R_squared:0.999248  
	Validation = MSE:0.025556 , RMSE:0.159861 , MAE:0.120347 , MAPD:0.622313, R_squared:0.999540

2024-03-21 05:53:58,188 Epoch 59/300, Train Loss: 0.033719, Val Loss: 0.079804  
	Train = MSE:0.033702 , RMSE:0.183582 , MAE:0.140411 , MAPD:0.727668, R_squared:0.999417  
	Validation = MSE:0.079804 , RMSE:0.282496 , MAE:0.252350 , MAPD:1.444915, R_squared:0.998564

2024-03-21 05:54:33,109 Epoch 60/300, Train Loss: 0.037234, Val Loss: 0.040382  
	Train = MSE:0.037163 , RMSE:0.192778 , MAE:0.145717 , MAPD:0.759008, R_squared:0.999357  
	Validation = MSE:0.040382 , RMSE:0.200954 , MAE:0.144776 , MAPD:0.689190, R_squared:0.999273

2024-03-21 05:55:06,903 Epoch 61/300, Train Loss: 0.040048, Val Loss: 0.042724  
	Train = MSE:0.040058 , RMSE:0.200144 , MAE:0.154354 , MAPD:0.802995, R_squared:0.999307  
	Validation = MSE:0.042724 , RMSE:0.206698 , MAE:0.175727 , MAPD:0.911997, R_squared:0.999231

2024-03-21 05:55:46,928 Epoch 62/300, Train Loss: 0.032430, Val Loss: 0.018292  
	Train = MSE:0.032440 , RMSE:0.180112 , MAE:0.137194 , MAPD:0.700477, R_squared:0.999438  
	Validation = MSE:0.018292 , RMSE:0.135247 , MAE:0.097383 , MAPD:0.544212, R_squared:0.999671

2024-03-21 05:56:24,440 Epoch 63/300, Train Loss: 0.032803, Val Loss: 0.034382  
	Train = MSE:0.032807 , RMSE:0.181127 , MAE:0.139030 , MAPD:0.718216, R_squared:0.999432  
	Validation = MSE:0.034382 , RMSE:0.185423 , MAE:0.150009 , MAPD:0.832281, R_squared:0.999381

2024-03-21 05:57:03,153 Epoch 64/300, Train Loss: 0.035053, Val Loss: 0.024680  
	Train = MSE:0.035060 , RMSE:0.187244 , MAE:0.141538 , MAPD:0.733310, R_squared:0.999393  
	Validation = MSE:0.024680 , RMSE:0.157098 , MAE:0.114580 , MAPD:0.624516, R_squared:0.999556

2024-03-21 05:57:39,029 Epoch 65/300, Train Loss: 0.029018, Val Loss: 0.022033  
	Train = MSE:0.029025 , RMSE:0.170366 , MAE:0.130609 , MAPD:0.677313, R_squared:0.999498  
	Validation = MSE:0.022033 , RMSE:0.148436 , MAE:0.110044 , MAPD:0.576787, R_squared:0.999604

2024-03-21 05:58:14,426 Epoch 66/300, Train Loss: 0.038072, Val Loss: 0.042619  
	Train = MSE:0.038079 , RMSE:0.195140 , MAE:0.149161 , MAPD:0.772425, R_squared:0.999341  
	Validation = MSE:0.042619 , RMSE:0.206443 , MAE:0.159243 , MAPD:0.751690, R_squared:0.999233

2024-03-21 05:58:52,843 Epoch 67/300, Train Loss: 0.034079, Val Loss: 0.086200  
	Train = MSE:0.034088 , RMSE:0.184628 , MAE:0.141505 , MAPD:0.731396, R_squared:0.999410  
	Validation = MSE:0.086200 , RMSE:0.293599 , MAE:0.267338 , MAPD:1.416994, R_squared:0.998449

2024-03-21 05:59:28,340 Epoch 68/300, Train Loss: 0.042274, Val Loss: 0.018060  
	Train = MSE:0.042266 , RMSE:0.205586 , MAE:0.155380 , MAPD:0.809485, R_squared:0.999268  
	Validation = MSE:0.018060 , RMSE:0.134389 , MAE:0.095306 , MAPD:0.510380, R_squared:0.999675

2024-03-21 06:00:04,384 Epoch 69/300, Train Loss: 0.036461, Val Loss: 0.077082  
	Train = MSE:0.036443 , RMSE:0.190900 , MAE:0.144623 , MAPD:0.752781, R_squared:0.999369  
	Validation = MSE:0.077082 , RMSE:0.277636 , MAE:0.252438 , MAPD:1.470892, R_squared:0.998613

2024-03-21 06:00:40,154 Epoch 70/300, Train Loss: 0.035048, Val Loss: 0.079380  
	Train = MSE:0.035053 , RMSE:0.187225 , MAE:0.142085 , MAPD:0.738047, R_squared:0.999393  
	Validation = MSE:0.079380 , RMSE:0.281745 , MAE:0.255956 , MAPD:1.381842, R_squared:0.998572

2024-03-21 06:01:16,502 Epoch 71/300, Train Loss: 0.027499, Val Loss: 0.018166  
	Train = MSE:0.027504 , RMSE:0.165843 , MAE:0.127447 , MAPD:0.658747, R_squared:0.999524  
	Validation = MSE:0.018166 , RMSE:0.134781 , MAE:0.096665 , MAPD:0.531212, R_squared:0.999673

2024-03-21 06:01:57,861 Epoch 72/300, Train Loss: 0.035236, Val Loss: 0.071734  
	Train = MSE:0.035242 , RMSE:0.187728 , MAE:0.139898 , MAPD:0.734534, R_squared:0.999390  
	Validation = MSE:0.071734 , RMSE:0.267832 , MAE:0.231178 , MAPD:1.177558, R_squared:0.998709

2024-03-21 06:02:39,257 Epoch 73/300, Train Loss: 0.033847, Val Loss: 0.025011  
	Train = MSE:0.033857 , RMSE:0.184004 , MAE:0.140151 , MAPD:0.725037, R_squared:0.999414  
	Validation = MSE:0.025011 , RMSE:0.158150 , MAE:0.114659 , MAPD:0.574710, R_squared:0.999550

2024-03-21 06:03:21,983 Epoch 74/300, Train Loss: 0.035900, Val Loss: 0.035605  
	Train = MSE:0.035910 , RMSE:0.189499 , MAE:0.143983 , MAPD:0.746947, R_squared:0.999378  
	Validation = MSE:0.035605 , RMSE:0.188693 , MAE:0.140854 , MAPD:0.656824, R_squared:0.999359

2024-03-21 06:04:02,673 Epoch 75/300, Train Loss: 0.034466, Val Loss: 0.119811  
	Train = MSE:0.034466 , RMSE:0.185650 , MAE:0.141890 , MAPD:0.736797, R_squared:0.999403  
	Validation = MSE:0.119811 , RMSE:0.346137 , MAE:0.309088 , MAPD:1.578979, R_squared:0.997844

2024-03-21 06:04:46,112 Epoch 76/300, Train Loss: 0.031807, Val Loss: 0.016132  
	Train = MSE:0.031798 , RMSE:0.178321 , MAE:0.137259 , MAPD:0.718383, R_squared:0.999450  
	Validation = MSE:0.016132 , RMSE:0.127012 , MAE:0.088726 , MAPD:0.473195, R_squared:0.999710

2024-03-21 06:05:35,417 Epoch 77/300, Train Loss: 0.030753, Val Loss: 0.029190  
	Train = MSE:0.030709 , RMSE:0.175239 , MAE:0.136842 , MAPD:0.714540, R_squared:0.999468  
	Validation = MSE:0.029190 , RMSE:0.170850 , MAE:0.125745 , MAPD:0.626963, R_squared:0.999475

2024-03-21 06:06:25,116 Epoch 78/300, Train Loss: 0.043795, Val Loss: 0.081759  
	Train = MSE:0.043798 , RMSE:0.209279 , MAE:0.153361 , MAPD:0.779146, R_squared:0.999242  
	Validation = MSE:0.081759 , RMSE:0.285936 , MAE:0.250717 , MAPD:1.384005, R_squared:0.998529

2024-03-21 06:07:08,484 Epoch 79/300, Train Loss: 0.035661, Val Loss: 0.023112  
	Train = MSE:0.035670 , RMSE:0.188866 , MAE:0.139822 , MAPD:0.718139, R_squared:0.999383  
	Validation = MSE:0.023112 , RMSE:0.152025 , MAE:0.112242 , MAPD:0.599097, R_squared:0.999584

2024-03-21 06:07:48,894 Epoch 80/300, Train Loss: 0.030573, Val Loss: 0.017877  
	Train = MSE:0.030580 , RMSE:0.174870 , MAE:0.132176 , MAPD:0.687219, R_squared:0.999471  
	Validation = MSE:0.017877 , RMSE:0.133704 , MAE:0.092055 , MAPD:0.488028, R_squared:0.999678

2024-03-21 06:08:29,164 Epoch 81/300, Train Loss: 0.024367, Val Loss: 0.023335  
	Train = MSE:0.024372 , RMSE:0.156115 , MAE:0.118657 , MAPD:0.615759, R_squared:0.999578  
	Validation = MSE:0.023335 , RMSE:0.152756 , MAE:0.107241 , MAPD:0.534466, R_squared:0.999580

2024-03-21 06:09:09,089 Epoch 82/300, Train Loss: 0.034139, Val Loss: 0.020770  
	Train = MSE:0.034144 , RMSE:0.184780 , MAE:0.136993 , MAPD:0.717311, R_squared:0.999409  
	Validation = MSE:0.020770 , RMSE:0.144119 , MAE:0.111692 , MAPD:0.590441, R_squared:0.999626

2024-03-21 06:09:49,837 Epoch 83/300, Train Loss: 0.033055, Val Loss: 0.043066  
	Train = MSE:0.033048 , RMSE:0.181790 , MAE:0.140111 , MAPD:0.727495, R_squared:0.999428  
	Validation = MSE:0.043066 , RMSE:0.207523 , MAE:0.163601 , MAPD:0.830773, R_squared:0.999225

2024-03-21 06:10:33,609 Epoch 84/300, Train Loss: 0.029369, Val Loss: 0.056722  
	Train = MSE:0.029375 , RMSE:0.171392 , MAE:0.132405 , MAPD:0.684947, R_squared:0.999492  
	Validation = MSE:0.056722 , RMSE:0.238165 , MAE:0.203426 , MAPD:1.079917, R_squared:0.998979

2024-03-21 06:11:14,041 Epoch 85/300, Train Loss: 0.029077, Val Loss: 0.016283  
	Train = MSE:0.029070 , RMSE:0.170498 , MAE:0.125101 , MAPD:0.649303, R_squared:0.999497  
	Validation = MSE:0.016283 , RMSE:0.127605 , MAE:0.092061 , MAPD:0.491192, R_squared:0.999707

2024-03-21 06:11:54,066 Epoch 86/300, Train Loss: 0.032256, Val Loss: 0.115270  
	Train = MSE:0.032255 , RMSE:0.179596 , MAE:0.137042 , MAPD:0.720101, R_squared:0.999442  
	Validation = MSE:0.115270 , RMSE:0.339514 , MAE:0.317565 , MAPD:1.746177, R_squared:0.997926

2024-03-21 06:12:32,989 Epoch 87/300, Train Loss: 0.026964, Val Loss: 0.037336  
	Train = MSE:0.026968 , RMSE:0.164220 , MAE:0.123761 , MAPD:0.634366, R_squared:0.999533  
	Validation = MSE:0.037336 , RMSE:0.193225 , MAE:0.159920 , MAPD:0.915672, R_squared:0.999328

2024-03-21 06:13:15,474 Epoch 88/300, Train Loss: 0.029357, Val Loss: 0.175413  
	Train = MSE:0.029331 , RMSE:0.171263 , MAE:0.131584 , MAPD:0.686381, R_squared:0.999492  
	Validation = MSE:0.175413 , RMSE:0.418823 , MAE:0.399762 , MAPD:2.151197, R_squared:0.996844

2024-03-21 06:13:55,287 Epoch 89/300, Train Loss: 0.029350, Val Loss: 0.019112  
	Train = MSE:0.029358 , RMSE:0.171342 , MAE:0.131100 , MAPD:0.679418, R_squared:0.999492  
	Validation = MSE:0.019112 , RMSE:0.138247 , MAE:0.101749 , MAPD:0.582510, R_squared:0.999656

2024-03-21 06:14:38,779 Epoch 90/300, Train Loss: 0.029545, Val Loss: 0.014734  
	Train = MSE:0.029540 , RMSE:0.171873 , MAE:0.131658 , MAPD:0.688492, R_squared:0.999489  
	Validation = MSE:0.014734 , RMSE:0.121383 , MAE:0.084887 , MAPD:0.459611, R_squared:0.999735

2024-03-21 06:15:20,868 Epoch 91/300, Train Loss: 0.027546, Val Loss: 0.016156  
	Train = MSE:0.027552 , RMSE:0.165987 , MAE:0.127259 , MAPD:0.653441, R_squared:0.999523  
	Validation = MSE:0.016156 , RMSE:0.127105 , MAE:0.091261 , MAPD:0.489969, R_squared:0.999709

2024-03-21 06:16:01,696 Epoch 92/300, Train Loss: 0.035258, Val Loss: 0.020795  
	Train = MSE:0.035263 , RMSE:0.187785 , MAE:0.144060 , MAPD:0.738055, R_squared:0.999390  
	Validation = MSE:0.020795 , RMSE:0.144206 , MAE:0.105579 , MAPD:0.583538, R_squared:0.999626

2024-03-21 06:16:40,738 Epoch 93/300, Train Loss: 0.027167, Val Loss: 0.035822  
	Train = MSE:0.027173 , RMSE:0.164842 , MAE:0.125476 , MAPD:0.653988, R_squared:0.999530  
	Validation = MSE:0.035822 , RMSE:0.189267 , MAE:0.156016 , MAPD:0.849675, R_squared:0.999355

2024-03-21 06:17:22,778 Epoch 94/300, Train Loss: 0.029447, Val Loss: 0.046451  
	Train = MSE:0.029447 , RMSE:0.171601 , MAE:0.129282 , MAPD:0.666539, R_squared:0.999490  
	Validation = MSE:0.046451 , RMSE:0.215526 , MAE:0.188170 , MAPD:1.108064, R_squared:0.999164

2024-03-21 06:18:02,630 Epoch 95/300, Train Loss: 0.025591, Val Loss: 0.066014  
	Train = MSE:0.025565 , RMSE:0.159892 , MAE:0.122292 , MAPD:0.638877, R_squared:0.999557  
	Validation = MSE:0.066014 , RMSE:0.256932 , MAE:0.231876 , MAPD:1.298698, R_squared:0.998812

2024-03-21 06:18:44,324 Epoch 96/300, Train Loss: 0.028697, Val Loss: 0.018086  
	Train = MSE:0.028699 , RMSE:0.169408 , MAE:0.127951 , MAPD:0.662129, R_squared:0.999503  
	Validation = MSE:0.018086 , RMSE:0.134484 , MAE:0.101118 , MAPD:0.543290, R_squared:0.999675

2024-03-21 06:19:25,049 Epoch 97/300, Train Loss: 0.030150, Val Loss: 0.021643  
	Train = MSE:0.030156 , RMSE:0.173654 , MAE:0.130728 , MAPD:0.675131, R_squared:0.999478  
	Validation = MSE:0.021643 , RMSE:0.147114 , MAE:0.105973 , MAPD:0.546796, R_squared:0.999611

2024-03-21 06:20:04,647 Epoch 98/300, Train Loss: 0.035314, Val Loss: 0.013941  
	Train = MSE:0.035314 , RMSE:0.187921 , MAE:0.143135 , MAPD:0.738659, R_squared:0.999389  
	Validation = MSE:0.013941 , RMSE:0.118071 , MAE:0.082547 , MAPD:0.440491, R_squared:0.999749

2024-03-21 06:20:44,645 Epoch 99/300, Train Loss: 0.024663, Val Loss: 0.024462  
	Train = MSE:0.024666 , RMSE:0.157055 , MAE:0.117628 , MAPD:0.610680, R_squared:0.999573  
	Validation = MSE:0.024462 , RMSE:0.156405 , MAE:0.116392 , MAPD:0.602489, R_squared:0.999560

2024-03-21 06:21:23,588 Epoch 100/300, Train Loss: 0.030069, Val Loss: 0.017409  
	Train = MSE:0.030077 , RMSE:0.173428 , MAE:0.132271 , MAPD:0.682978, R_squared:0.999479  
	Validation = MSE:0.017409 , RMSE:0.131944 , MAE:0.094902 , MAPD:0.508324, R_squared:0.999687

2024-03-21 06:22:02,679 Epoch 101/300, Train Loss: 0.026287, Val Loss: 0.049048  
	Train = MSE:0.026285 , RMSE:0.162126 , MAE:0.122775 , MAPD:0.644771, R_squared:0.999545  
	Validation = MSE:0.049048 , RMSE:0.221468 , MAE:0.178950 , MAPD:0.882496, R_squared:0.999117

2024-03-21 06:22:45,866 Epoch 102/300, Train Loss: 0.026983, Val Loss: 0.019913  
	Train = MSE:0.026986 , RMSE:0.164274 , MAE:0.125994 , MAPD:0.653401, R_squared:0.999533  
	Validation = MSE:0.019913 , RMSE:0.141114 , MAE:0.095723 , MAPD:0.473368, R_squared:0.999642

2024-03-21 06:23:27,680 Epoch 103/300, Train Loss: 0.029812, Val Loss: 0.051728  
	Train = MSE:0.029811 , RMSE:0.172659 , MAE:0.130928 , MAPD:0.682222, R_squared:0.999484  
	Validation = MSE:0.051728 , RMSE:0.227437 , MAE:0.196541 , MAPD:1.005034, R_squared:0.999069

2024-03-21 06:24:09,031 Epoch 104/300, Train Loss: 0.028136, Val Loss: 0.053471  
	Train = MSE:0.028106 , RMSE:0.167650 , MAE:0.127885 , MAPD:0.658235, R_squared:0.999513  
	Validation = MSE:0.053471 , RMSE:0.231238 , MAE:0.194463 , MAPD:1.243227, R_squared:0.999038

2024-03-21 06:24:49,216 Epoch 105/300, Train Loss: 0.035863, Val Loss: 0.050899  
	Train = MSE:0.035872 , RMSE:0.189398 , MAE:0.143933 , MAPD:0.743206, R_squared:0.999379  
	Validation = MSE:0.050899 , RMSE:0.225609 , MAE:0.202216 , MAPD:1.172111, R_squared:0.999084

2024-03-21 06:25:31,114 Epoch 106/300, Train Loss: 0.024712, Val Loss: 0.025816  
	Train = MSE:0.024712 , RMSE:0.157202 , MAE:0.119506 , MAPD:0.615734, R_squared:0.999572  
	Validation = MSE:0.025816 , RMSE:0.160673 , MAE:0.116014 , MAPD:0.566039, R_squared:0.999535

2024-03-21 06:26:11,032 Epoch 107/300, Train Loss: 0.024205, Val Loss: 0.031817  
	Train = MSE:0.024208 , RMSE:0.155590 , MAE:0.119917 , MAPD:0.621012, R_squared:0.999581  
	Validation = MSE:0.031817 , RMSE:0.178372 , MAE:0.148064 , MAPD:0.778920, R_squared:0.999427

2024-03-21 06:26:52,304 Epoch 108/300, Train Loss: 0.032234, Val Loss: 0.024950  
	Train = MSE:0.032241 , RMSE:0.179557 , MAE:0.138323 , MAPD:0.720509, R_squared:0.999442  
	Validation = MSE:0.024950 , RMSE:0.157956 , MAE:0.120795 , MAPD:0.599047, R_squared:0.999551

2024-03-21 06:27:32,688 Epoch 109/300, Train Loss: 0.028354, Val Loss: 0.019167  
	Train = MSE:0.028355 , RMSE:0.168390 , MAE:0.129132 , MAPD:0.674979, R_squared:0.999509  
	Validation = MSE:0.019167 , RMSE:0.138443 , MAE:0.106950 , MAPD:0.584723, R_squared:0.999655

2024-03-21 06:28:05,863 Epoch 110/300, Train Loss: 0.024747, Val Loss: 0.015142  
	Train = MSE:0.024748 , RMSE:0.157315 , MAE:0.119997 , MAPD:0.615094, R_squared:0.999572  
	Validation = MSE:0.015142 , RMSE:0.123052 , MAE:0.088242 , MAPD:0.465395, R_squared:0.999728

2024-03-21 06:28:39,832 Epoch 111/300, Train Loss: 0.022666, Val Loss: 0.094908  
	Train = MSE:0.022673 , RMSE:0.150576 , MAE:0.116128 , MAPD:0.602472, R_squared:0.999608  
	Validation = MSE:0.094908 , RMSE:0.308071 , MAE:0.244655 , MAPD:1.120068, R_squared:0.998292

2024-03-21 06:29:15,696 Epoch 112/300, Train Loss: 0.037177, Val Loss: 0.018385  
	Train = MSE:0.037184 , RMSE:0.192830 , MAE:0.134854 , MAPD:0.694177, R_squared:0.999356  
	Validation = MSE:0.018385 , RMSE:0.135593 , MAE:0.094338 , MAPD:0.465854, R_squared:0.999669

2024-03-21 06:29:51,590 Epoch 113/300, Train Loss: 0.026240, Val Loss: 0.044975  
	Train = MSE:0.026232 , RMSE:0.161964 , MAE:0.122590 , MAPD:0.629353, R_squared:0.999546  
	Validation = MSE:0.044975 , RMSE:0.212074 , MAE:0.162915 , MAPD:0.768837, R_squared:0.999191

2024-03-21 06:30:29,745 Epoch 114/300, Train Loss: 0.023856, Val Loss: 0.064779  
	Train = MSE:0.023860 , RMSE:0.154468 , MAE:0.117049 , MAPD:0.606977, R_squared:0.999587  
	Validation = MSE:0.064779 , RMSE:0.254517 , MAE:0.228541 , MAPD:1.281852, R_squared:0.998834

2024-03-21 06:31:05,707 Epoch 115/300, Train Loss: 0.030337, Val Loss: 0.025773  
	Train = MSE:0.030343 , RMSE:0.174194 , MAE:0.132351 , MAPD:0.689982, R_squared:0.999475  
	Validation = MSE:0.025773 , RMSE:0.160539 , MAE:0.126148 , MAPD:0.684936, R_squared:0.999536

2024-03-21 06:31:44,073 Epoch 116/300, Train Loss: 0.020168, Val Loss: 0.029529  
	Train = MSE:0.020166 , RMSE:0.142008 , MAE:0.108631 , MAPD:0.557712, R_squared:0.999651  
	Validation = MSE:0.029529 , RMSE:0.171840 , MAE:0.129920 , MAPD:0.662230, R_squared:0.999469

2024-03-21 06:32:19,118 Epoch 117/300, Train Loss: 0.026774, Val Loss: 0.018277  
	Train = MSE:0.026781 , RMSE:0.163649 , MAE:0.127910 , MAPD:0.664467, R_squared:0.999536  
	Validation = MSE:0.018277 , RMSE:0.135193 , MAE:0.099970 , MAPD:0.540793, R_squared:0.999671

2024-03-21 06:32:55,473 Epoch 118/300, Train Loss: 0.035724, Val Loss: 0.035665  
	Train = MSE:0.035730 , RMSE:0.189024 , MAE:0.140981 , MAPD:0.727890, R_squared:0.999382  
	Validation = MSE:0.035665 , RMSE:0.188853 , MAE:0.156591 , MAPD:0.841686, R_squared:0.999358

2024-03-21 06:33:39,971 Epoch 119/300, Train Loss: 0.020601, Val Loss: 0.036486  
	Train = MSE:0.020607 , RMSE:0.143552 , MAE:0.109256 , MAPD:0.561348, R_squared:0.999643  
	Validation = MSE:0.036486 , RMSE:0.191012 , MAE:0.143279 , MAPD:0.699116, R_squared:0.999343

2024-03-21 06:34:25,472 Epoch 120/300, Train Loss: 0.027408, Val Loss: 0.018095  
	Train = MSE:0.027413 , RMSE:0.165569 , MAE:0.128359 , MAPD:0.666874, R_squared:0.999525  
	Validation = MSE:0.018095 , RMSE:0.134517 , MAE:0.094588 , MAPD:0.507994, R_squared:0.999674

2024-03-21 06:35:12,470 Epoch 121/300, Train Loss: 0.024056, Val Loss: 0.021536  
	Train = MSE:0.024059 , RMSE:0.155109 , MAE:0.119543 , MAPD:0.622512, R_squared:0.999584  
	Validation = MSE:0.021536 , RMSE:0.146753 , MAE:0.105893 , MAPD:0.566151, R_squared:0.999612

2024-03-21 06:35:57,609 Epoch 122/300, Train Loss: 0.026091, Val Loss: 0.014649  
	Train = MSE:0.026096 , RMSE:0.161544 , MAE:0.122946 , MAPD:0.631711, R_squared:0.999548  
	Validation = MSE:0.014649 , RMSE:0.121032 , MAE:0.088925 , MAPD:0.496572, R_squared:0.999736

2024-03-21 06:36:41,340 Epoch 123/300, Train Loss: 0.022862, Val Loss: 0.023251  
	Train = MSE:0.022862 , RMSE:0.151202 , MAE:0.116333 , MAPD:0.600736, R_squared:0.999604  
	Validation = MSE:0.023251 , RMSE:0.152481 , MAE:0.115884 , MAPD:0.571350, R_squared:0.999582

2024-03-21 06:37:24,066 Epoch 124/300, Train Loss: 0.026788, Val Loss: 0.028958  
	Train = MSE:0.026791 , RMSE:0.163679 , MAE:0.120737 , MAPD:0.618166, R_squared:0.999536  
	Validation = MSE:0.028958 , RMSE:0.170171 , MAE:0.141903 , MAPD:0.768125, R_squared:0.999479

2024-03-21 06:38:06,924 Epoch 125/300, Train Loss: 0.026594, Val Loss: 0.029983  
	Train = MSE:0.026593 , RMSE:0.163073 , MAE:0.124203 , MAPD:0.644833, R_squared:0.999540  
	Validation = MSE:0.029983 , RMSE:0.173157 , MAE:0.139536 , MAPD:0.700608, R_squared:0.999460

2024-03-21 06:38:48,494 Epoch 126/300, Train Loss: 0.023879, Val Loss: 0.024429  
	Train = MSE:0.023872 , RMSE:0.154505 , MAE:0.117758 , MAPD:0.609328, R_squared:0.999587  
	Validation = MSE:0.024429 , RMSE:0.156297 , MAE:0.129424 , MAPD:0.768492, R_squared:0.999560

2024-03-21 06:39:29,772 Epoch 127/300, Train Loss: 0.021535, Val Loss: 0.017575  
	Train = MSE:0.021541 , RMSE:0.146769 , MAE:0.112410 , MAPD:0.576981, R_squared:0.999627  
	Validation = MSE:0.017575 , RMSE:0.132572 , MAE:0.099171 , MAPD:0.533719, R_squared:0.999684

2024-03-21 06:40:11,570 Epoch 128/300, Train Loss: 0.028157, Val Loss: 0.016502  
	Train = MSE:0.028163 , RMSE:0.167820 , MAE:0.125335 , MAPD:0.644664, R_squared:0.999512  
	Validation = MSE:0.016502 , RMSE:0.128459 , MAE:0.095810 , MAPD:0.517086, R_squared:0.999703

2024-03-21 06:40:50,932 Epoch 129/300, Train Loss: 0.025176, Val Loss: 0.014823  
	Train = MSE:0.025177 , RMSE:0.158672 , MAE:0.119999 , MAPD:0.624697, R_squared:0.999564  
	Validation = MSE:0.014823 , RMSE:0.121749 , MAE:0.088012 , MAPD:0.478669, R_squared:0.999733

2024-03-21 06:41:29,211 Epoch 130/300, Train Loss: 0.024622, Val Loss: 0.013461  
	Train = MSE:0.024627 , RMSE:0.156931 , MAE:0.120716 , MAPD:0.626901, R_squared:0.999574  
	Validation = MSE:0.013461 , RMSE:0.116024 , MAE:0.082543 , MAPD:0.436466, R_squared:0.999758

2024-03-21 06:42:06,557 Epoch 131/300, Train Loss: 0.023700, Val Loss: 0.017083  
	Train = MSE:0.023697 , RMSE:0.153938 , MAE:0.115041 , MAPD:0.596621, R_squared:0.999590  
	Validation = MSE:0.017083 , RMSE:0.130703 , MAE:0.095360 , MAPD:0.470102, R_squared:0.999693

2024-03-21 06:42:44,794 Epoch 132/300, Train Loss: 0.036057, Val Loss: 0.021744  
	Train = MSE:0.036062 , RMSE:0.189899 , MAE:0.144831 , MAPD:0.735733, R_squared:0.999376  
	Validation = MSE:0.021744 , RMSE:0.147459 , MAE:0.113438 , MAPD:0.581547, R_squared:0.999609

2024-03-21 06:43:16,366 Epoch 133/300, Train Loss: 0.021639, Val Loss: 0.017883  
	Train = MSE:0.021644 , RMSE:0.147120 , MAE:0.111920 , MAPD:0.576126, R_squared:0.999625  
	Validation = MSE:0.017883 , RMSE:0.133726 , MAE:0.098501 , MAPD:0.501292, R_squared:0.999678

2024-03-21 06:43:48,571 Epoch 134/300, Train Loss: 0.020143, Val Loss: 0.018978  
	Train = MSE:0.020149 , RMSE:0.141947 , MAE:0.107897 , MAPD:0.553373, R_squared:0.999651  
	Validation = MSE:0.018978 , RMSE:0.137761 , MAE:0.094046 , MAPD:0.465361, R_squared:0.999659

2024-03-21 06:44:21,131 Epoch 135/300, Train Loss: 0.023866, Val Loss: 0.013265  
	Train = MSE:0.023872 , RMSE:0.154505 , MAE:0.117607 , MAPD:0.602620, R_squared:0.999587  
	Validation = MSE:0.013265 , RMSE:0.115174 , MAE:0.081995 , MAPD:0.430221, R_squared:0.999761

2024-03-21 06:44:53,184 Epoch 136/300, Train Loss: 0.023449, Val Loss: 0.041629  
	Train = MSE:0.023455 , RMSE:0.153150 , MAE:0.117840 , MAPD:0.617450, R_squared:0.999594  
	Validation = MSE:0.041629 , RMSE:0.204031 , MAE:0.175533 , MAPD:0.943371, R_squared:0.999251

2024-03-21 06:45:23,249 Epoch 137/300, Train Loss: 0.033885, Val Loss: 0.031842  
	Train = MSE:0.033894 , RMSE:0.184103 , MAE:0.140018 , MAPD:0.722800, R_squared:0.999413  
	Validation = MSE:0.031842 , RMSE:0.178442 , MAE:0.146955 , MAPD:0.811599, R_squared:0.999427

2024-03-21 06:45:55,955 Epoch 138/300, Train Loss: 0.023743, Val Loss: 0.022065  
	Train = MSE:0.023732 , RMSE:0.154053 , MAE:0.116935 , MAPD:0.602004, R_squared:0.999589  
	Validation = MSE:0.022065 , RMSE:0.148543 , MAE:0.113479 , MAPD:0.588890, R_squared:0.999603

2024-03-21 06:46:26,880 Epoch 139/300, Train Loss: 0.024674, Val Loss: 0.061292  
	Train = MSE:0.024680 , RMSE:0.157099 , MAE:0.120754 , MAPD:0.623801, R_squared:0.999573  
	Validation = MSE:0.061292 , RMSE:0.247571 , MAE:0.217016 , MAPD:1.149671, R_squared:0.998897

2024-03-21 06:46:58,609 Epoch 140/300, Train Loss: 0.026790, Val Loss: 0.018383  
	Train = MSE:0.026793 , RMSE:0.163686 , MAE:0.124680 , MAPD:0.644803, R_squared:0.999536  
	Validation = MSE:0.018383 , RMSE:0.135583 , MAE:0.097620 , MAPD:0.530508, R_squared:0.999669

2024-03-21 06:47:30,428 Epoch 141/300, Train Loss: 0.025940, Val Loss: 0.026082  
	Train = MSE:0.025945 , RMSE:0.161075 , MAE:0.122195 , MAPD:0.632134, R_squared:0.999551  
	Validation = MSE:0.026082 , RMSE:0.161499 , MAE:0.120650 , MAPD:0.645527, R_squared:0.999531

2024-03-21 06:48:03,568 Epoch 142/300, Train Loss: 0.022214, Val Loss: 0.018556  
	Train = MSE:0.022218 , RMSE:0.149057 , MAE:0.113902 , MAPD:0.586841, R_squared:0.999615  
	Validation = MSE:0.018556 , RMSE:0.136219 , MAE:0.104775 , MAPD:0.560701, R_squared:0.999666

2024-03-21 06:48:36,542 Epoch 143/300, Train Loss: 0.028411, Val Loss: 0.019385  
	Train = MSE:0.028418 , RMSE:0.168576 , MAE:0.128390 , MAPD:0.664144, R_squared:0.999508  
	Validation = MSE:0.019385 , RMSE:0.139231 , MAE:0.108380 , MAPD:0.619601, R_squared:0.999651

2024-03-21 06:49:09,935 Epoch 144/300, Train Loss: 0.025397, Val Loss: 0.014649  
	Train = MSE:0.025402 , RMSE:0.159382 , MAE:0.122629 , MAPD:0.639540, R_squared:0.999560  
	Validation = MSE:0.014649 , RMSE:0.121031 , MAE:0.083683 , MAPD:0.446864, R_squared:0.999736

2024-03-21 06:49:42,743 Epoch 145/300, Train Loss: 0.022255, Val Loss: 0.043635  
	Train = MSE:0.022261 , RMSE:0.149200 , MAE:0.112856 , MAPD:0.587628, R_squared:0.999615  
	Validation = MSE:0.043635 , RMSE:0.208889 , MAE:0.157175 , MAPD:0.740816, R_squared:0.999215

2024-03-21 06:50:15,538 Epoch 146/300, Train Loss: 0.025096, Val Loss: 0.017136  
	Train = MSE:0.025103 , RMSE:0.158439 , MAE:0.118194 , MAPD:0.609174, R_squared:0.999565  
	Validation = MSE:0.017136 , RMSE:0.130906 , MAE:0.091282 , MAPD:0.477305, R_squared:0.999692

2024-03-21 06:50:45,411 Epoch 147/300, Train Loss: 0.022350, Val Loss: 0.020066  
	Train = MSE:0.022352 , RMSE:0.149505 , MAE:0.114580 , MAPD:0.590746, R_squared:0.999613  
	Validation = MSE:0.020066 , RMSE:0.141656 , MAE:0.106778 , MAPD:0.557067, R_squared:0.999639

2024-03-21 06:51:18,146 Epoch 148/300, Train Loss: 0.020026, Val Loss: 0.020140  
	Train = MSE:0.020025 , RMSE:0.141509 , MAE:0.106763 , MAPD:0.550268, R_squared:0.999653  
	Validation = MSE:0.020140 , RMSE:0.141915 , MAE:0.103160 , MAPD:0.520282, R_squared:0.999638

2024-03-21 06:51:49,707 Epoch 149/300, Train Loss: 0.024786, Val Loss: 0.018580  
	Train = MSE:0.024787 , RMSE:0.157440 , MAE:0.118137 , MAPD:0.609875, R_squared:0.999571  
	Validation = MSE:0.018580 , RMSE:0.136308 , MAE:0.105622 , MAPD:0.570934, R_squared:0.999666

2024-03-21 06:52:20,738 Epoch 150/300, Train Loss: 0.020809, Val Loss: 0.012975  
	Train = MSE:0.020813 , RMSE:0.144267 , MAE:0.111095 , MAPD:0.572450, R_squared:0.999640  
	Validation = MSE:0.012975 , RMSE:0.113906 , MAE:0.081896 , MAPD:0.450603, R_squared:0.999767

2024-03-21 06:52:53,389 Epoch 151/300, Train Loss: 0.026559, Val Loss: 0.019731  
	Train = MSE:0.026565 , RMSE:0.162988 , MAE:0.125031 , MAPD:0.650606, R_squared:0.999540  
	Validation = MSE:0.019731 , RMSE:0.140468 , MAE:0.105995 , MAPD:0.552655, R_squared:0.999645

2024-03-21 06:53:26,838 Epoch 152/300, Train Loss: 0.020595, Val Loss: 0.039333  
	Train = MSE:0.020595 , RMSE:0.143509 , MAE:0.109654 , MAPD:0.560327, R_squared:0.999644  
	Validation = MSE:0.039333 , RMSE:0.198325 , MAE:0.171909 , MAPD:0.946710, R_squared:0.999292

2024-03-21 06:53:57,827 Epoch 153/300, Train Loss: 0.020428, Val Loss: 0.016457  
	Train = MSE:0.020429 , RMSE:0.142932 , MAE:0.109454 , MAPD:0.568746, R_squared:0.999646  
	Validation = MSE:0.016457 , RMSE:0.128284 , MAE:0.092991 , MAPD:0.477691, R_squared:0.999704

2024-03-21 06:54:30,433 Epoch 154/300, Train Loss: 0.022305, Val Loss: 0.014114  
	Train = MSE:0.022311 , RMSE:0.149368 , MAE:0.113417 , MAPD:0.584775, R_squared:0.999614  
	Validation = MSE:0.014114 , RMSE:0.118804 , MAE:0.086818 , MAPD:0.451160, R_squared:0.999746

2024-03-21 06:55:02,393 Epoch 155/300, Train Loss: 0.025797, Val Loss: 0.013806  
	Train = MSE:0.025805 , RMSE:0.160640 , MAE:0.122565 , MAPD:0.636170, R_squared:0.999553  
	Validation = MSE:0.013806 , RMSE:0.117500 , MAE:0.081619 , MAPD:0.422350, R_squared:0.999752

2024-03-21 06:55:35,554 Epoch 156/300, Train Loss: 0.023938, Val Loss: 0.017192  
	Train = MSE:0.023941 , RMSE:0.154728 , MAE:0.115951 , MAPD:0.599634, R_squared:0.999586  
	Validation = MSE:0.017192 , RMSE:0.131118 , MAE:0.100019 , MAPD:0.568697, R_squared:0.999691

2024-03-21 06:56:07,913 Epoch 157/300, Train Loss: 0.019278, Val Loss: 0.015807  
	Train = MSE:0.019283 , RMSE:0.138864 , MAE:0.106914 , MAPD:0.558766, R_squared:0.999666  
	Validation = MSE:0.015807 , RMSE:0.125725 , MAE:0.095139 , MAPD:0.543801, R_squared:0.999716

2024-03-21 06:56:39,268 Epoch 158/300, Train Loss: 0.024176, Val Loss: 0.037060  
	Train = MSE:0.024181 , RMSE:0.155503 , MAE:0.117739 , MAPD:0.612267, R_squared:0.999581  
	Validation = MSE:0.037060 , RMSE:0.192511 , MAE:0.163356 , MAPD:0.910895, R_squared:0.999333

2024-03-21 06:57:11,495 Epoch 159/300, Train Loss: 0.020961, Val Loss: 0.015155  
	Train = MSE:0.020963 , RMSE:0.144786 , MAE:0.110567 , MAPD:0.569022, R_squared:0.999637  
	Validation = MSE:0.015155 , RMSE:0.123107 , MAE:0.092102 , MAPD:0.490588, R_squared:0.999727

2024-03-21 06:57:42,706 Epoch 160/300, Train Loss: 0.030760, Val Loss: 0.032785  
	Train = MSE:0.030766 , RMSE:0.175403 , MAE:0.129079 , MAPD:0.671333, R_squared:0.999467  
	Validation = MSE:0.032785 , RMSE:0.181065 , MAE:0.142614 , MAPD:0.716320, R_squared:0.999410

2024-03-21 06:58:14,698 Epoch 161/300, Train Loss: 0.019025, Val Loss: 0.016315  
	Train = MSE:0.019008 , RMSE:0.137870 , MAE:0.105609 , MAPD:0.549301, R_squared:0.999671  
	Validation = MSE:0.016315 , RMSE:0.127731 , MAE:0.096188 , MAPD:0.526370, R_squared:0.999706

2024-03-21 06:58:49,029 Epoch 162/300, Train Loss: 0.023788, Val Loss: 0.020315  
	Train = MSE:0.023792 , RMSE:0.154245 , MAE:0.117391 , MAPD:0.603990, R_squared:0.999588  
	Validation = MSE:0.020315 , RMSE:0.142531 , MAE:0.109111 , MAPD:0.542371, R_squared:0.999634

2024-03-21 06:59:23,847 Epoch 163/300, Train Loss: 0.019874, Val Loss: 0.013481  
	Train = MSE:0.019880 , RMSE:0.140995 , MAE:0.106240 , MAPD:0.548700, R_squared:0.999656  
	Validation = MSE:0.013481 , RMSE:0.116106 , MAE:0.083799 , MAPD:0.445249, R_squared:0.999757

2024-03-21 06:59:56,728 Epoch 164/300, Train Loss: 0.029759, Val Loss: 0.019701  
	Train = MSE:0.029766 , RMSE:0.172530 , MAE:0.129389 , MAPD:0.668233, R_squared:0.999485  
	Validation = MSE:0.019701 , RMSE:0.140361 , MAE:0.108911 , MAPD:0.594888, R_squared:0.999645

2024-03-21 07:00:28,855 Epoch 165/300, Train Loss: 0.023372, Val Loss: 0.017740  
	Train = MSE:0.023367 , RMSE:0.152861 , MAE:0.116235 , MAPD:0.602671, R_squared:0.999596  
	Validation = MSE:0.017740 , RMSE:0.133193 , MAE:0.098439 , MAPD:0.565375, R_squared:0.999681

2024-03-21 07:00:59,805 Epoch 166/300, Train Loss: 0.019371, Val Loss: 0.020247  
	Train = MSE:0.019376 , RMSE:0.139198 , MAE:0.107868 , MAPD:0.562360, R_squared:0.999665  
	Validation = MSE:0.020247 , RMSE:0.142293 , MAE:0.107733 , MAPD:0.538364, R_squared:0.999636

2024-03-21 07:01:33,533 Epoch 167/300, Train Loss: 0.020677, Val Loss: 0.019816  
	Train = MSE:0.020682 , RMSE:0.143812 , MAE:0.109459 , MAPD:0.565501, R_squared:0.999642  
	Validation = MSE:0.019816 , RMSE:0.140770 , MAE:0.109638 , MAPD:0.565889, R_squared:0.999643

2024-03-21 07:02:05,725 Epoch 168/300, Train Loss: 0.020884, Val Loss: 0.134386  
	Train = MSE:0.020878 , RMSE:0.144492 , MAE:0.108922 , MAPD:0.561706, R_squared:0.999639  
	Validation = MSE:0.134386 , RMSE:0.366587 , MAE:0.330786 , MAPD:1.651496, R_squared:0.997582

2024-03-21 07:02:39,002 Epoch 169/300, Train Loss: 0.020881, Val Loss: 0.012938  
	Train = MSE:0.020885 , RMSE:0.144518 , MAE:0.110317 , MAPD:0.568059, R_squared:0.999638  
	Validation = MSE:0.012938 , RMSE:0.113747 , MAE:0.079811 , MAPD:0.416972, R_squared:0.999767

2024-03-21 07:03:11,023 Epoch 170/300, Train Loss: 0.021810, Val Loss: 0.028680  
	Train = MSE:0.021811 , RMSE:0.147687 , MAE:0.109997 , MAPD:0.570197, R_squared:0.999622  
	Validation = MSE:0.028680 , RMSE:0.169353 , MAE:0.138084 , MAPD:0.785308, R_squared:0.999484

2024-03-21 07:03:45,833 Epoch 171/300, Train Loss: 0.022419, Val Loss: 0.015944  
	Train = MSE:0.022422 , RMSE:0.149739 , MAE:0.112920 , MAPD:0.574495, R_squared:0.999612  
	Validation = MSE:0.015944 , RMSE:0.126271 , MAE:0.091890 , MAPD:0.477398, R_squared:0.999713

2024-03-21 07:04:20,738 Epoch 172/300, Train Loss: 0.023255, Val Loss: 0.022146  
	Train = MSE:0.023258 , RMSE:0.152507 , MAE:0.115742 , MAPD:0.595841, R_squared:0.999597  
	Validation = MSE:0.022146 , RMSE:0.148817 , MAE:0.117059 , MAPD:0.655828, R_squared:0.999601

2024-03-21 07:04:54,807 Epoch 173/300, Train Loss: 0.019761, Val Loss: 0.023307  
	Train = MSE:0.019764 , RMSE:0.140586 , MAE:0.107539 , MAPD:0.555338, R_squared:0.999658  
	Validation = MSE:0.023307 , RMSE:0.152666 , MAE:0.118463 , MAPD:0.604516, R_squared:0.999581

2024-03-21 07:05:28,334 Epoch 174/300, Train Loss: 0.026458, Val Loss: 0.032737  
	Train = MSE:0.026465 , RMSE:0.162680 , MAE:0.121161 , MAPD:0.625137, R_squared:0.999542  
	Validation = MSE:0.032737 , RMSE:0.180933 , MAE:0.152159 , MAPD:0.929070, R_squared:0.999411

2024-03-21 07:06:00,493 Epoch 175/300, Train Loss: 0.023901, Val Loss: 0.015955  
	Train = MSE:0.023906 , RMSE:0.154617 , MAE:0.119330 , MAPD:0.614458, R_squared:0.999586  
	Validation = MSE:0.015955 , RMSE:0.126311 , MAE:0.092328 , MAPD:0.476027, R_squared:0.999713

2024-03-21 07:06:31,886 Epoch 176/300, Train Loss: 0.023139, Val Loss: 0.092778  
	Train = MSE:0.023102 , RMSE:0.151994 , MAE:0.114629 , MAPD:0.586068, R_squared:0.999600  
	Validation = MSE:0.092778 , RMSE:0.304595 , MAE:0.276486 , MAPD:1.649614, R_squared:0.998331

2024-03-21 07:07:05,908 Epoch 177/300, Train Loss: 0.021442, Val Loss: 0.013975  
	Train = MSE:0.021447 , RMSE:0.146449 , MAE:0.111480 , MAPD:0.579281, R_squared:0.999629  
	Validation = MSE:0.013975 , RMSE:0.118215 , MAE:0.089623 , MAPD:0.506493, R_squared:0.999749

2024-03-21 07:07:39,549 Epoch 178/300, Train Loss: 0.017674, Val Loss: 0.022557  
	Train = MSE:0.017678 , RMSE:0.132960 , MAE:0.102110 , MAPD:0.526858, R_squared:0.999694  
	Validation = MSE:0.022557 , RMSE:0.150190 , MAE:0.119307 , MAPD:0.607376, R_squared:0.999594

2024-03-21 07:08:13,696 Epoch 179/300, Train Loss: 0.021439, Val Loss: 0.012258  
	Train = MSE:0.021445 , RMSE:0.146441 , MAE:0.112287 , MAPD:0.579534, R_squared:0.999629  
	Validation = MSE:0.012258 , RMSE:0.110715 , MAE:0.078292 , MAPD:0.422285, R_squared:0.999779

2024-03-21 07:08:46,185 Epoch 180/300, Train Loss: 0.022834, Val Loss: 0.023840  
	Train = MSE:0.022829 , RMSE:0.151094 , MAE:0.115780 , MAPD:0.597916, R_squared:0.999605  
	Validation = MSE:0.023840 , RMSE:0.154402 , MAE:0.121497 , MAPD:0.671656, R_squared:0.999571

2024-03-21 07:09:19,417 Epoch 181/300, Train Loss: 0.018972, Val Loss: 0.022496  
	Train = MSE:0.018975 , RMSE:0.137750 , MAE:0.104217 , MAPD:0.536488, R_squared:0.999672  
	Validation = MSE:0.022496 , RMSE:0.149986 , MAE:0.114643 , MAPD:0.581571, R_squared:0.999595

2024-03-21 07:09:54,555 Epoch 182/300, Train Loss: 0.018442, Val Loss: 0.024048  
	Train = MSE:0.018444 , RMSE:0.135810 , MAE:0.102679 , MAPD:0.524269, R_squared:0.999681  
	Validation = MSE:0.024048 , RMSE:0.155074 , MAE:0.119810 , MAPD:0.654049, R_squared:0.999567

2024-03-21 07:10:27,671 Epoch 183/300, Train Loss: 0.022351, Val Loss: 0.048873  
	Train = MSE:0.022355 , RMSE:0.149516 , MAE:0.114983 , MAPD:0.595284, R_squared:0.999613  
	Validation = MSE:0.048873 , RMSE:0.221071 , MAE:0.198628 , MAPD:1.141095, R_squared:0.999121

2024-03-21 07:11:04,710 Epoch 184/300, Train Loss: 0.023326, Val Loss: 0.014881  
	Train = MSE:0.023332 , RMSE:0.152748 , MAE:0.117179 , MAPD:0.612681, R_squared:0.999596  
	Validation = MSE:0.014881 , RMSE:0.121987 , MAE:0.090004 , MAPD:0.478615, R_squared:0.999732

2024-03-21 07:11:32,302 Epoch 185/300, Train Loss: 0.020468, Val Loss: 0.013010  
	Train = MSE:0.020472 , RMSE:0.143081 , MAE:0.108559 , MAPD:0.564542, R_squared:0.999646  
	Validation = MSE:0.013010 , RMSE:0.114061 , MAE:0.081884 , MAPD:0.445872, R_squared:0.999766

2024-03-21 07:11:59,914 Epoch 186/300, Train Loss: 0.021193, Val Loss: 0.038714  
	Train = MSE:0.021196 , RMSE:0.145587 , MAE:0.110980 , MAPD:0.574285, R_squared:0.999633  
	Validation = MSE:0.038714 , RMSE:0.196759 , MAE:0.165451 , MAPD:0.871930, R_squared:0.999303

2024-03-21 07:12:29,905 Epoch 187/300, Train Loss: 0.022136, Val Loss: 0.075689  
	Train = MSE:0.022141 , RMSE:0.148798 , MAE:0.112433 , MAPD:0.583522, R_squared:0.999617  
	Validation = MSE:0.075689 , RMSE:0.275115 , MAE:0.215442 , MAPD:0.966399, R_squared:0.998638

2024-03-21 07:12:57,792 Epoch 188/300, Train Loss: 0.022037, Val Loss: 0.023660  
	Train = MSE:0.022041 , RMSE:0.148462 , MAE:0.111462 , MAPD:0.578598, R_squared:0.999618  
	Validation = MSE:0.023660 , RMSE:0.153819 , MAE:0.124193 , MAPD:0.677891, R_squared:0.999574

2024-03-21 07:13:29,047 Epoch 189/300, Train Loss: 0.017795, Val Loss: 0.019169  
	Train = MSE:0.017800 , RMSE:0.133418 , MAE:0.101300 , MAPD:0.521683, R_squared:0.999692  
	Validation = MSE:0.019169 , RMSE:0.138451 , MAE:0.104219 , MAPD:0.520658, R_squared:0.999655

2024-03-21 07:13:56,740 Epoch 190/300, Train Loss: 0.020871, Val Loss: 0.028592  
	Train = MSE:0.020875 , RMSE:0.144481 , MAE:0.109583 , MAPD:0.566939, R_squared:0.999639  
	Validation = MSE:0.028592 , RMSE:0.169092 , MAE:0.134228 , MAPD:0.656739, R_squared:0.999486

2024-03-21 07:14:24,734 Epoch 191/300, Train Loss: 0.021600, Val Loss: 0.012601  
	Train = MSE:0.021605 , RMSE:0.146985 , MAE:0.110531 , MAPD:0.570244, R_squared:0.999626  
	Validation = MSE:0.012601 , RMSE:0.112255 , MAE:0.081782 , MAPD:0.450273, R_squared:0.999773

2024-03-21 07:14:54,822 Epoch 192/300, Train Loss: 0.020802, Val Loss: 0.016108  
	Train = MSE:0.020792 , RMSE:0.144195 , MAE:0.109067 , MAPD:0.566380, R_squared:0.999640  
	Validation = MSE:0.016108 , RMSE:0.126916 , MAE:0.088512 , MAPD:0.461335, R_squared:0.999710

2024-03-21 07:15:23,515 Epoch 193/300, Train Loss: 0.020202, Val Loss: 0.016149  
	Train = MSE:0.020207 , RMSE:0.142151 , MAE:0.109091 , MAPD:0.561783, R_squared:0.999650  
	Validation = MSE:0.016149 , RMSE:0.127077 , MAE:0.097487 , MAPD:0.555744, R_squared:0.999709

2024-03-21 07:15:55,848 Epoch 194/300, Train Loss: 0.015995, Val Loss: 0.016309  
	Train = MSE:0.015999 , RMSE:0.126488 , MAE:0.097338 , MAPD:0.500877, R_squared:0.999723  
	Validation = MSE:0.016309 , RMSE:0.127706 , MAE:0.093484 , MAPD:0.504299, R_squared:0.999707

2024-03-21 07:16:24,724 Epoch 195/300, Train Loss: 0.020164, Val Loss: 0.039871  
	Train = MSE:0.020170 , RMSE:0.142020 , MAE:0.107518 , MAPD:0.557953, R_squared:0.999651  
	Validation = MSE:0.039871 , RMSE:0.199678 , MAE:0.167488 , MAPD:0.862814, R_squared:0.999283

2024-03-21 07:16:54,860 Epoch 196/300, Train Loss: 0.020470, Val Loss: 0.023708  
	Train = MSE:0.020448 , RMSE:0.142995 , MAE:0.109765 , MAPD:0.565653, R_squared:0.999646  
	Validation = MSE:0.023708 , RMSE:0.153975 , MAE:0.117420 , MAPD:0.619230, R_squared:0.999573

2024-03-21 07:17:27,457 Epoch 197/300, Train Loss: 0.021927, Val Loss: 0.018223  
	Train = MSE:0.021913 , RMSE:0.148032 , MAE:0.112870 , MAPD:0.578420, R_squared:0.999621  
	Validation = MSE:0.018223 , RMSE:0.134991 , MAE:0.107517 , MAPD:0.620676, R_squared:0.999672

2024-03-21 07:17:57,904 Epoch 198/300, Train Loss: 0.016984, Val Loss: 0.042316  
	Train = MSE:0.016983 , RMSE:0.130320 , MAE:0.099647 , MAPD:0.510460, R_squared:0.999706  
	Validation = MSE:0.042316 , RMSE:0.205708 , MAE:0.171760 , MAPD:0.866830, R_squared:0.999239

2024-03-21 07:18:30,243 Epoch 199/300, Train Loss: 0.023243, Val Loss: 0.017926  
	Train = MSE:0.023244 , RMSE:0.152459 , MAE:0.114918 , MAPD:0.595244, R_squared:0.999598  
	Validation = MSE:0.017926 , RMSE:0.133887 , MAE:0.104237 , MAPD:0.550584, R_squared:0.999677

2024-03-21 07:19:06,517 Epoch 200/300, Train Loss: 0.019640, Val Loss: 0.020635  
	Train = MSE:0.019607 , RMSE:0.140023 , MAE:0.107160 , MAPD:0.555347, R_squared:0.999661  
	Validation = MSE:0.020635 , RMSE:0.143649 , MAE:0.115286 , MAPD:0.658447, R_squared:0.999629

2024-03-21 07:19:45,626 Epoch 201/300, Train Loss: 0.015786, Val Loss: 0.011462  
	Train = MSE:0.015790 , RMSE:0.125658 , MAE:0.096362 , MAPD:0.498341, R_squared:0.999727  
	Validation = MSE:0.011462 , RMSE:0.107059 , MAE:0.077296 , MAPD:0.410845, R_squared:0.999794

2024-03-21 07:20:23,448 Epoch 202/300, Train Loss: 0.023631, Val Loss: 0.031513  
	Train = MSE:0.023630 , RMSE:0.153720 , MAE:0.118817 , MAPD:0.615838, R_squared:0.999591  
	Validation = MSE:0.031513 , RMSE:0.177520 , MAE:0.128802 , MAPD:0.617739, R_squared:0.999433

2024-03-21 07:20:57,060 Epoch 203/300, Train Loss: 0.019442, Val Loss: 0.065408  
	Train = MSE:0.019444 , RMSE:0.139442 , MAE:0.105890 , MAPD:0.550157, R_squared:0.999663  
	Validation = MSE:0.065408 , RMSE:0.255751 , MAE:0.211512 , MAPD:1.001769, R_squared:0.998823

2024-03-21 07:21:36,671 Epoch 204/300, Train Loss: 0.020542, Val Loss: 0.049829  
	Train = MSE:0.020532 , RMSE:0.143291 , MAE:0.109597 , MAPD:0.564450, R_squared:0.999645  
	Validation = MSE:0.049829 , RMSE:0.223224 , MAE:0.195818 , MAPD:1.071649, R_squared:0.999103

2024-03-21 07:22:12,454 Epoch 205/300, Train Loss: 0.019607, Val Loss: 0.014669  
	Train = MSE:0.019610 , RMSE:0.140037 , MAE:0.108464 , MAPD:0.567535, R_squared:0.999661  
	Validation = MSE:0.014669 , RMSE:0.121117 , MAE:0.086670 , MAPD:0.470133, R_squared:0.999736

2024-03-21 07:22:49,806 Epoch 206/300, Train Loss: 0.018533, Val Loss: 0.013143  
	Train = MSE:0.018536 , RMSE:0.136146 , MAE:0.103348 , MAPD:0.533047, R_squared:0.999679  
	Validation = MSE:0.013143 , RMSE:0.114642 , MAE:0.083644 , MAPD:0.464455, R_squared:0.999764

2024-03-21 07:23:22,889 Epoch 207/300, Train Loss: 0.017616, Val Loss: 0.052090  
	Train = MSE:0.017616 , RMSE:0.132725 , MAE:0.100721 , MAPD:0.517953, R_squared:0.999695  
	Validation = MSE:0.052090 , RMSE:0.228232 , MAE:0.193040 , MAPD:1.012231, R_squared:0.999063

2024-03-21 07:23:53,460 Epoch 208/300, Train Loss: 0.020382, Val Loss: 0.033127  
	Train = MSE:0.020359 , RMSE:0.142686 , MAE:0.108121 , MAPD:0.565075, R_squared:0.999648  
	Validation = MSE:0.033127 , RMSE:0.182007 , MAE:0.149589 , MAPD:0.837894, R_squared:0.999404

2024-03-21 07:24:26,888 Epoch 209/300, Train Loss: 0.018907, Val Loss: 0.014120  
	Train = MSE:0.018910 , RMSE:0.137514 , MAE:0.105066 , MAPD:0.544404, R_squared:0.999673  
	Validation = MSE:0.014120 , RMSE:0.118828 , MAE:0.086136 , MAPD:0.448530, R_squared:0.999746

2024-03-21 07:24:58,150 Epoch 210/300, Train Loss: 0.018339, Val Loss: 0.019455  
	Train = MSE:0.018343 , RMSE:0.135437 , MAE:0.100939 , MAPD:0.518593, R_squared:0.999682  
	Validation = MSE:0.019455 , RMSE:0.139479 , MAE:0.109175 , MAPD:0.648093, R_squared:0.999650

2024-03-21 07:25:29,283 Epoch 211/300, Train Loss: 0.015677, Val Loss: 0.010978  
	Train = MSE:0.015679 , RMSE:0.125217 , MAE:0.094732 , MAPD:0.483868, R_squared:0.999729  
	Validation = MSE:0.010978 , RMSE:0.104774 , MAE:0.074859 , MAPD:0.401389, R_squared:0.999802

2024-03-21 07:26:06,835 Epoch 212/300, Train Loss: 0.019825, Val Loss: 0.013911  
	Train = MSE:0.019825 , RMSE:0.140802 , MAE:0.106047 , MAPD:0.542748, R_squared:0.999657  
	Validation = MSE:0.013911 , RMSE:0.117946 , MAE:0.086287 , MAPD:0.458326, R_squared:0.999750

2024-03-21 07:26:37,347 Epoch 213/300, Train Loss: 0.017786, Val Loss: 0.032775  
	Train = MSE:0.017787 , RMSE:0.133367 , MAE:0.101840 , MAPD:0.526904, R_squared:0.999692  
	Validation = MSE:0.032775 , RMSE:0.181039 , MAE:0.144481 , MAPD:0.760284, R_squared:0.999410

2024-03-21 07:27:13,180 Epoch 214/300, Train Loss: 0.019252, Val Loss: 0.030056  
	Train = MSE:0.019257 , RMSE:0.138769 , MAE:0.105258 , MAPD:0.538844, R_squared:0.999667  
	Validation = MSE:0.030056 , RMSE:0.173367 , MAE:0.142444 , MAPD:0.759647, R_squared:0.999459

2024-03-21 07:27:49,746 Epoch 215/300, Train Loss: 0.018489, Val Loss: 0.014630  
	Train = MSE:0.018494 , RMSE:0.135993 , MAE:0.104569 , MAPD:0.539768, R_squared:0.999680  
	Validation = MSE:0.014630 , RMSE:0.120956 , MAE:0.084980 , MAPD:0.440478, R_squared:0.999737

2024-03-21 07:28:23,899 Epoch 216/300, Train Loss: 0.024785, Val Loss: 0.012267  
	Train = MSE:0.024791 , RMSE:0.157452 , MAE:0.114407 , MAPD:0.597462, R_squared:0.999571  
	Validation = MSE:0.012267 , RMSE:0.110759 , MAE:0.079459 , MAPD:0.442021, R_squared:0.999779

2024-03-21 07:29:00,209 Epoch 217/300, Train Loss: 0.019237, Val Loss: 0.017745  
	Train = MSE:0.019242 , RMSE:0.138716 , MAE:0.105993 , MAPD:0.551556, R_squared:0.999667  
	Validation = MSE:0.017745 , RMSE:0.133211 , MAE:0.100023 , MAPD:0.498080, R_squared:0.999681

2024-03-21 07:29:32,962 Epoch 218/300, Train Loss: 0.018803, Val Loss: 0.048283  
	Train = MSE:0.018800 , RMSE:0.137114 , MAE:0.103219 , MAPD:0.531469, R_squared:0.999675  
	Validation = MSE:0.048283 , RMSE:0.219733 , MAE:0.192639 , MAPD:1.029288, R_squared:0.999131

2024-03-21 07:30:07,158 Epoch 219/300, Train Loss: 0.019694, Val Loss: 0.018093  
	Train = MSE:0.019699 , RMSE:0.140352 , MAE:0.105098 , MAPD:0.542337, R_squared:0.999659  
	Validation = MSE:0.018093 , RMSE:0.134509 , MAE:0.103911 , MAPD:0.558255, R_squared:0.999674

2024-03-21 07:30:39,938 Epoch 220/300, Train Loss: 0.017032, Val Loss: 0.016916  
	Train = MSE:0.017028 , RMSE:0.130491 , MAE:0.098424 , MAPD:0.509393, R_squared:0.999705  
	Validation = MSE:0.016916 , RMSE:0.130062 , MAE:0.101245 , MAPD:0.597990, R_squared:0.999696

2024-03-21 07:31:13,924 Epoch 221/300, Train Loss: 0.016745, Val Loss: 0.018570  
	Train = MSE:0.016748 , RMSE:0.129413 , MAE:0.100214 , MAPD:0.516874, R_squared:0.999710  
	Validation = MSE:0.018570 , RMSE:0.136273 , MAE:0.107862 , MAPD:0.590713, R_squared:0.999666

2024-03-21 07:31:50,878 Epoch 222/300, Train Loss: 0.021507, Val Loss: 0.037238  
	Train = MSE:0.021513 , RMSE:0.146675 , MAE:0.112919 , MAPD:0.585130, R_squared:0.999628  
	Validation = MSE:0.037238 , RMSE:0.192971 , MAE:0.162719 , MAPD:0.839515, R_squared:0.999330

2024-03-21 07:32:24,274 Epoch 223/300, Train Loss: 0.021550, Val Loss: 0.014016  
	Train = MSE:0.021554 , RMSE:0.146811 , MAE:0.112575 , MAPD:0.584981, R_squared:0.999627  
	Validation = MSE:0.014016 , RMSE:0.118391 , MAE:0.081475 , MAPD:0.411937, R_squared:0.999748

2024-03-21 07:33:00,123 Epoch 224/300, Train Loss: 0.019918, Val Loss: 0.011995  
	Train = MSE:0.019922 , RMSE:0.141147 , MAE:0.108374 , MAPD:0.563281, R_squared:0.999655  
	Validation = MSE:0.011995 , RMSE:0.109521 , MAE:0.077397 , MAPD:0.427817, R_squared:0.999784

2024-03-21 07:33:33,610 Epoch 225/300, Train Loss: 0.018673, Val Loss: 0.013017  
	Train = MSE:0.018676 , RMSE:0.136662 , MAE:0.104040 , MAPD:0.539784, R_squared:0.999677  
	Validation = MSE:0.013017 , RMSE:0.114091 , MAE:0.082100 , MAPD:0.428440, R_squared:0.999766

2024-03-21 07:34:07,302 Epoch 226/300, Train Loss: 0.016759, Val Loss: 0.014055  
	Train = MSE:0.016760 , RMSE:0.129459 , MAE:0.097017 , MAPD:0.493557, R_squared:0.999710  
	Validation = MSE:0.014055 , RMSE:0.118556 , MAE:0.086464 , MAPD:0.482511, R_squared:0.999747

2024-03-21 07:34:46,384 Epoch 227/300, Train Loss: 0.018362, Val Loss: 0.015387  
	Train = MSE:0.018364 , RMSE:0.135514 , MAE:0.103179 , MAPD:0.533131, R_squared:0.999682  
	Validation = MSE:0.015387 , RMSE:0.124043 , MAE:0.096890 , MAPD:0.530147, R_squared:0.999723

2024-03-21 07:35:25,664 Epoch 228/300, Train Loss: 0.019419, Val Loss: 0.011890  
	Train = MSE:0.019425 , RMSE:0.139373 , MAE:0.106020 , MAPD:0.550427, R_squared:0.999664  
	Validation = MSE:0.011890 , RMSE:0.109043 , MAE:0.076886 , MAPD:0.417671, R_squared:0.999786

2024-03-21 07:36:04,516 Epoch 229/300, Train Loss: 0.019070, Val Loss: 0.037933  
	Train = MSE:0.019075 , RMSE:0.138112 , MAE:0.106687 , MAPD:0.549927, R_squared:0.999670  
	Validation = MSE:0.037933 , RMSE:0.194763 , MAE:0.147077 , MAPD:0.746195, R_squared:0.999317

2024-03-21 07:36:41,639 Epoch 230/300, Train Loss: 0.019946, Val Loss: 0.013962  
	Train = MSE:0.019950 , RMSE:0.141246 , MAE:0.107843 , MAPD:0.554134, R_squared:0.999655  
	Validation = MSE:0.013962 , RMSE:0.118161 , MAE:0.091243 , MAPD:0.500903, R_squared:0.999749

2024-03-21 07:37:11,714 Epoch 231/300, Train Loss: 0.018861, Val Loss: 0.014245  
	Train = MSE:0.018863 , RMSE:0.137341 , MAE:0.105956 , MAPD:0.547845, R_squared:0.999673  
	Validation = MSE:0.014245 , RMSE:0.119354 , MAE:0.091543 , MAPD:0.541894, R_squared:0.999744

2024-03-21 07:37:46,460 Epoch 232/300, Train Loss: 0.019824, Val Loss: 0.026553  
	Train = MSE:0.019825 , RMSE:0.140802 , MAE:0.107322 , MAPD:0.555936, R_squared:0.999657  
	Validation = MSE:0.026553 , RMSE:0.162952 , MAE:0.117470 , MAPD:0.545846, R_squared:0.999522

2024-03-21 07:38:15,910 Epoch 233/300, Train Loss: 0.017228, Val Loss: 0.013967  
	Train = MSE:0.017232 , RMSE:0.131271 , MAE:0.100072 , MAPD:0.511213, R_squared:0.999702  
	Validation = MSE:0.013967 , RMSE:0.118183 , MAE:0.089046 , MAPD:0.492273, R_squared:0.999749

2024-03-21 07:38:41,912 Epoch 234/300, Train Loss: 0.016385, Val Loss: 0.014218  
	Train = MSE:0.016387 , RMSE:0.128010 , MAE:0.098633 , MAPD:0.511591, R_squared:0.999716  
	Validation = MSE:0.014218 , RMSE:0.119237 , MAE:0.085428 , MAPD:0.456544, R_squared:0.999744

2024-03-21 07:39:07,268 Epoch 235/300, Train Loss: 0.017179, Val Loss: 0.015692  
	Train = MSE:0.017183 , RMSE:0.131084 , MAE:0.100973 , MAPD:0.525512, R_squared:0.999703  
	Validation = MSE:0.015692 , RMSE:0.125267 , MAE:0.093971 , MAPD:0.515898, R_squared:0.999718

2024-03-21 07:39:28,750 Epoch 236/300, Train Loss: 0.017006, Val Loss: 0.014101  
	Train = MSE:0.017005 , RMSE:0.130403 , MAE:0.099153 , MAPD:0.512880, R_squared:0.999706  
	Validation = MSE:0.014101 , RMSE:0.118746 , MAE:0.082708 , MAPD:0.418921, R_squared:0.999746

2024-03-21 07:39:51,700 Epoch 237/300, Train Loss: 0.022011, Val Loss: 0.015466  
	Train = MSE:0.022016 , RMSE:0.148379 , MAE:0.112986 , MAPD:0.582635, R_squared:0.999619  
	Validation = MSE:0.015466 , RMSE:0.124363 , MAE:0.094007 , MAPD:0.536203, R_squared:0.999722

2024-03-21 07:40:10,934 Epoch 238/300, Train Loss: 0.020086, Val Loss: 0.011505  
	Train = MSE:0.020084 , RMSE:0.141717 , MAE:0.107734 , MAPD:0.560208, R_squared:0.999652  
	Validation = MSE:0.011505 , RMSE:0.107261 , MAE:0.074119 , MAPD:0.394490, R_squared:0.999793

2024-03-21 07:40:32,459 Epoch 239/300, Train Loss: 0.017902, Val Loss: 0.020877  
	Train = MSE:0.017907 , RMSE:0.133816 , MAE:0.101539 , MAPD:0.519045, R_squared:0.999690  
	Validation = MSE:0.020877 , RMSE:0.144487 , MAE:0.112359 , MAPD:0.623151, R_squared:0.999624

2024-03-21 07:40:51,382 Epoch 240/300, Train Loss: 0.021767, Val Loss: 0.027249  
	Train = MSE:0.021757 , RMSE:0.147503 , MAE:0.113723 , MAPD:0.591645, R_squared:0.999623  
	Validation = MSE:0.027249 , RMSE:0.165073 , MAE:0.132921 , MAPD:0.765560, R_squared:0.999510

2024-03-21 07:41:11,184 Epoch 241/300, Train Loss: 0.018153, Val Loss: 0.024351  
	Train = MSE:0.018157 , RMSE:0.134749 , MAE:0.103456 , MAPD:0.532129, R_squared:0.999686  
	Validation = MSE:0.024351 , RMSE:0.156050 , MAE:0.125895 , MAPD:0.661464, R_squared:0.999562

2024-03-21 07:41:36,784 Epoch 242/300, Train Loss: 0.018690, Val Loss: 0.027209  
	Train = MSE:0.018687 , RMSE:0.136700 , MAE:0.105218 , MAPD:0.541169, R_squared:0.999677  
	Validation = MSE:0.027209 , RMSE:0.164950 , MAE:0.132173 , MAPD:0.774619, R_squared:0.999510

2024-03-21 07:41:55,843 Epoch 243/300, Train Loss: 0.019395, Val Loss: 0.027108  
	Train = MSE:0.019397 , RMSE:0.139272 , MAE:0.107023 , MAPD:0.550820, R_squared:0.999664  
	Validation = MSE:0.027108 , RMSE:0.164645 , MAE:0.127999 , MAPD:0.740916, R_squared:0.999512

2024-03-21 07:42:16,610 Epoch 244/300, Train Loss: 0.015703, Val Loss: 0.015533  
	Train = MSE:0.015699 , RMSE:0.125297 , MAE:0.095947 , MAPD:0.497229, R_squared:0.999728  
	Validation = MSE:0.015533 , RMSE:0.124630 , MAE:0.087903 , MAPD:0.459892, R_squared:0.999721

2024-03-21 07:42:35,108 Epoch 245/300, Train Loss: 0.020439, Val Loss: 0.014971  
	Train = MSE:0.020444 , RMSE:0.142984 , MAE:0.110986 , MAPD:0.576846, R_squared:0.999646  
	Validation = MSE:0.014971 , RMSE:0.122356 , MAE:0.089406 , MAPD:0.484594, R_squared:0.999731

2024-03-21 07:42:53,434 Epoch 246/300, Train Loss: 0.016784, Val Loss: 0.013955  
	Train = MSE:0.016786 , RMSE:0.129562 , MAE:0.099554 , MAPD:0.515516, R_squared:0.999709  
	Validation = MSE:0.013955 , RMSE:0.118132 , MAE:0.088261 , MAPD:0.516750, R_squared:0.999749

2024-03-21 07:43:12,652 Epoch 247/300, Train Loss: 0.017641, Val Loss: 0.015244  
	Train = MSE:0.017646 , RMSE:0.132838 , MAE:0.102208 , MAPD:0.528661, R_squared:0.999695  
	Validation = MSE:0.015244 , RMSE:0.123465 , MAE:0.085177 , MAPD:0.420735, R_squared:0.999726

2024-03-21 07:43:31,818 Epoch 248/300, Train Loss: 0.017986, Val Loss: 0.013096  
	Train = MSE:0.017991 , RMSE:0.134130 , MAE:0.102527 , MAPD:0.528853, R_squared:0.999689  
	Validation = MSE:0.013096 , RMSE:0.114440 , MAE:0.085117 , MAPD:0.462468, R_squared:0.999764

2024-03-21 07:43:52,307 Epoch 249/300, Train Loss: 0.020625, Val Loss: 0.030250  
	Train = MSE:0.020630 , RMSE:0.143631 , MAE:0.108333 , MAPD:0.557465, R_squared:0.999643  
	Validation = MSE:0.030250 , RMSE:0.173925 , MAE:0.123320 , MAPD:0.586690, R_squared:0.999456

2024-03-21 07:44:10,351 Epoch 250/300, Train Loss: 0.018760, Val Loss: 0.024676  
	Train = MSE:0.018759 , RMSE:0.136963 , MAE:0.104763 , MAPD:0.544641, R_squared:0.999675  
	Validation = MSE:0.024676 , RMSE:0.157085 , MAE:0.130718 , MAPD:0.761261, R_squared:0.999556

2024-03-21 07:44:27,756 Epoch 251/300, Train Loss: 0.020530, Val Loss: 0.014009  
	Train = MSE:0.020530 , RMSE:0.143282 , MAE:0.108713 , MAPD:0.561410, R_squared:0.999645  
	Validation = MSE:0.014009 , RMSE:0.118361 , MAE:0.084894 , MAPD:0.453872, R_squared:0.999748

2024-03-21 07:44:47,760 Epoch 252/300, Train Loss: 0.014841, Val Loss: 0.012217  
	Train = MSE:0.014844 , RMSE:0.121838 , MAE:0.093625 , MAPD:0.480269, R_squared:0.999743  
	Validation = MSE:0.012217 , RMSE:0.110529 , MAE:0.078795 , MAPD:0.434548, R_squared:0.999780

2024-03-21 07:45:05,347 Epoch 253/300, Train Loss: 0.019269, Val Loss: 0.012529  
	Train = MSE:0.019273 , RMSE:0.138827 , MAE:0.105867 , MAPD:0.548866, R_squared:0.999666  
	Validation = MSE:0.012529 , RMSE:0.111934 , MAE:0.077928 , MAPD:0.399074, R_squared:0.999775

2024-03-21 07:45:22,972 Epoch 254/300, Train Loss: 0.018053, Val Loss: 0.017088  
	Train = MSE:0.018053 , RMSE:0.134361 , MAE:0.103058 , MAPD:0.534478, R_squared:0.999688  
	Validation = MSE:0.017088 , RMSE:0.130723 , MAE:0.102574 , MAPD:0.539453, R_squared:0.999693

2024-03-21 07:45:40,489 Epoch 255/300, Train Loss: 0.017342, Val Loss: 0.020323  
	Train = MSE:0.017346 , RMSE:0.131703 , MAE:0.100013 , MAPD:0.515792, R_squared:0.999700  
	Validation = MSE:0.020323 , RMSE:0.142560 , MAE:0.112118 , MAPD:0.643239, R_squared:0.999634

2024-03-21 07:45:58,051 Epoch 256/300, Train Loss: 0.014983, Val Loss: 0.043591  
	Train = MSE:0.014983 , RMSE:0.122407 , MAE:0.093353 , MAPD:0.486108, R_squared:0.999741  
	Validation = MSE:0.043591 , RMSE:0.208784 , MAE:0.168059 , MAPD:0.808259, R_squared:0.999216

2024-03-21 07:46:15,487 Epoch 257/300, Train Loss: 0.021143, Val Loss: 0.015608  
	Train = MSE:0.021147 , RMSE:0.145420 , MAE:0.110509 , MAPD:0.574664, R_squared:0.999634  
	Validation = MSE:0.015608 , RMSE:0.124931 , MAE:0.094605 , MAPD:0.536544, R_squared:0.999719

2024-03-21 07:46:33,250 Epoch 258/300, Train Loss: 0.015293, Val Loss: 0.011997  
	Train = MSE:0.015295 , RMSE:0.123672 , MAE:0.095787 , MAPD:0.493291, R_squared:0.999735  
	Validation = MSE:0.011997 , RMSE:0.109532 , MAE:0.077280 , MAPD:0.415006, R_squared:0.999784

2024-03-21 07:46:51,083 Epoch 259/300, Train Loss: 0.017900, Val Loss: 0.010273  
	Train = MSE:0.017903 , RMSE:0.133803 , MAE:0.100069 , MAPD:0.515592, R_squared:0.999690  
	Validation = MSE:0.010273 , RMSE:0.101356 , MAE:0.072136 , MAPD:0.390759, R_squared:0.999815

2024-03-21 07:47:08,529 Epoch 260/300, Train Loss: 0.015911, Val Loss: 0.011426  
	Train = MSE:0.015914 , RMSE:0.126149 , MAE:0.097050 , MAPD:0.506085, R_squared:0.999725  
	Validation = MSE:0.011426 , RMSE:0.106892 , MAE:0.076987 , MAPD:0.418648, R_squared:0.999794

2024-03-21 07:47:27,850 Epoch 261/300, Train Loss: 0.018456, Val Loss: 0.013860  
	Train = MSE:0.018447 , RMSE:0.135819 , MAE:0.103242 , MAPD:0.534996, R_squared:0.999681  
	Validation = MSE:0.013860 , RMSE:0.117730 , MAE:0.085404 , MAPD:0.459071, R_squared:0.999751

2024-03-21 07:47:47,884 Epoch 262/300, Train Loss: 0.016218, Val Loss: 0.017384  
	Train = MSE:0.016212 , RMSE:0.127326 , MAE:0.097149 , MAPD:0.506107, R_squared:0.999719  
	Validation = MSE:0.017384 , RMSE:0.131850 , MAE:0.098594 , MAPD:0.580309, R_squared:0.999687

2024-03-21 07:48:05,807 Epoch 263/300, Train Loss: 0.017331, Val Loss: 0.032081  
	Train = MSE:0.017333 , RMSE:0.131654 , MAE:0.099356 , MAPD:0.513629, R_squared:0.999700  
	Validation = MSE:0.032081 , RMSE:0.179113 , MAE:0.145608 , MAPD:0.726949, R_squared:0.999423

2024-03-21 07:48:27,379 Epoch 264/300, Train Loss: 0.017450, Val Loss: 0.017820  
	Train = MSE:0.017451 , RMSE:0.132102 , MAE:0.100985 , MAPD:0.527380, R_squared:0.999698  
	Validation = MSE:0.017820 , RMSE:0.133493 , MAE:0.102755 , MAPD:0.556591, R_squared:0.999679

2024-03-21 07:48:45,213 Epoch 265/300, Train Loss: 0.016184, Val Loss: 0.016580  
	Train = MSE:0.016189 , RMSE:0.127234 , MAE:0.096734 , MAPD:0.500737, R_squared:0.999720  
	Validation = MSE:0.016580 , RMSE:0.128765 , MAE:0.100078 , MAPD:0.547037, R_squared:0.999702

2024-03-21 07:49:04,088 Epoch 266/300, Train Loss: 0.017752, Val Loss: 0.018929  
	Train = MSE:0.017755 , RMSE:0.133249 , MAE:0.099533 , MAPD:0.510343, R_squared:0.999693  
	Validation = MSE:0.018929 , RMSE:0.137583 , MAE:0.107635 , MAPD:0.587076, R_squared:0.999659

2024-03-21 07:49:21,702 Epoch 267/300, Train Loss: 0.016546, Val Loss: 0.016023  
	Train = MSE:0.016547 , RMSE:0.128635 , MAE:0.096283 , MAPD:0.495224, R_squared:0.999714  
	Validation = MSE:0.016023 , RMSE:0.126581 , MAE:0.091700 , MAPD:0.450304, R_squared:0.999712

2024-03-21 07:49:40,392 Epoch 268/300, Train Loss: 0.022749, Val Loss: 0.025952  
	Train = MSE:0.022754 , RMSE:0.150845 , MAE:0.115554 , MAPD:0.597522, R_squared:0.999606  
	Validation = MSE:0.025952 , RMSE:0.161095 , MAE:0.128437 , MAPD:0.697888, R_squared:0.999533

2024-03-21 07:49:58,942 Epoch 269/300, Train Loss: 0.017561, Val Loss: 0.017267  
	Train = MSE:0.017565 , RMSE:0.132533 , MAE:0.101305 , MAPD:0.526492, R_squared:0.999696  
	Validation = MSE:0.017267 , RMSE:0.131403 , MAE:0.101274 , MAPD:0.541506, R_squared:0.999689

2024-03-21 07:50:16,277 Epoch 270/300, Train Loss: 0.016073, Val Loss: 0.011355  
	Train = MSE:0.016074 , RMSE:0.126783 , MAE:0.095529 , MAPD:0.490558, R_squared:0.999722  
	Validation = MSE:0.011355 , RMSE:0.106561 , MAE:0.077015 , MAPD:0.426130, R_squared:0.999796

2024-03-21 07:50:33,978 Epoch 271/300, Train Loss: 0.014802, Val Loss: 0.020836  
	Train = MSE:0.014803 , RMSE:0.121669 , MAE:0.091802 , MAPD:0.474915, R_squared:0.999744  
	Validation = MSE:0.020836 , RMSE:0.144348 , MAE:0.113298 , MAPD:0.660527, R_squared:0.999625

2024-03-21 07:50:56,138 Epoch 272/300, Train Loss: 0.018943, Val Loss: 0.010217  
	Train = MSE:0.018948 , RMSE:0.137652 , MAE:0.105300 , MAPD:0.550304, R_squared:0.999672  
	Validation = MSE:0.010217 , RMSE:0.101079 , MAE:0.071104 , MAPD:0.384347, R_squared:0.999816

2024-03-21 07:51:13,876 Epoch 273/300, Train Loss: 0.019461, Val Loss: 0.013663  
	Train = MSE:0.019459 , RMSE:0.139495 , MAE:0.105690 , MAPD:0.545407, R_squared:0.999663  
	Validation = MSE:0.013663 , RMSE:0.116888 , MAE:0.088125 , MAPD:0.496097, R_squared:0.999754

2024-03-21 07:51:32,952 Epoch 274/300, Train Loss: 0.022309, Val Loss: 0.014829  
	Train = MSE:0.022313 , RMSE:0.149377 , MAE:0.114402 , MAPD:0.591944, R_squared:0.999614  
	Validation = MSE:0.014829 , RMSE:0.121776 , MAE:0.089447 , MAPD:0.475220, R_squared:0.999733

2024-03-21 07:51:50,653 Epoch 275/300, Train Loss: 0.015687, Val Loss: 0.018858  
	Train = MSE:0.015687 , RMSE:0.125246 , MAE:0.096202 , MAPD:0.491798, R_squared:0.999728  
	Validation = MSE:0.018858 , RMSE:0.137325 , MAE:0.108594 , MAPD:0.629611, R_squared:0.999661

2024-03-21 07:52:08,059 Epoch 276/300, Train Loss: 0.017243, Val Loss: 0.035828  
	Train = MSE:0.017248 , RMSE:0.131332 , MAE:0.101094 , MAPD:0.522592, R_squared:0.999701  
	Validation = MSE:0.035828 , RMSE:0.189283 , MAE:0.151409 , MAPD:0.776507, R_squared:0.999355

2024-03-21 07:52:26,302 Epoch 277/300, Train Loss: 0.017759, Val Loss: 0.010848  
	Train = MSE:0.017763 , RMSE:0.133276 , MAE:0.101462 , MAPD:0.531036, R_squared:0.999693  
	Validation = MSE:0.010848 , RMSE:0.104152 , MAE:0.072700 , MAPD:0.389741, R_squared:0.999805

2024-03-21 07:52:44,917 Epoch 278/300, Train Loss: 0.015979, Val Loss: 0.024614  
	Train = MSE:0.015982 , RMSE:0.126418 , MAE:0.096863 , MAPD:0.500245, R_squared:0.999723  
	Validation = MSE:0.024614 , RMSE:0.156889 , MAE:0.130710 , MAPD:0.766043, R_squared:0.999557

2024-03-21 07:53:02,728 Epoch 279/300, Train Loss: 0.019059, Val Loss: 0.018040  
	Train = MSE:0.019064 , RMSE:0.138072 , MAE:0.102005 , MAPD:0.528377, R_squared:0.999670  
	Validation = MSE:0.018040 , RMSE:0.134311 , MAE:0.101626 , MAPD:0.508642, R_squared:0.999675

2024-03-21 07:53:20,789 Epoch 280/300, Train Loss: 0.017871, Val Loss: 0.027896  
	Train = MSE:0.017869 , RMSE:0.133676 , MAE:0.101499 , MAPD:0.524529, R_squared:0.999691  
	Validation = MSE:0.027896 , RMSE:0.167021 , MAE:0.126720 , MAPD:0.632094, R_squared:0.999498

2024-03-21 07:53:39,300 Epoch 281/300, Train Loss: 0.017322, Val Loss: 0.018181  
	Train = MSE:0.017324 , RMSE:0.131621 , MAE:0.100263 , MAPD:0.519804, R_squared:0.999700  
	Validation = MSE:0.018181 , RMSE:0.134837 , MAE:0.106046 , MAPD:0.587979, R_squared:0.999673

2024-03-21 07:54:00,190 Epoch 282/300, Train Loss: 0.017142, Val Loss: 0.017064  
	Train = MSE:0.017143 , RMSE:0.130933 , MAE:0.099494 , MAPD:0.517353, R_squared:0.999703  
	Validation = MSE:0.017064 , RMSE:0.130630 , MAE:0.102596 , MAPD:0.593795, R_squared:0.999693

2024-03-21 07:54:18,084 Epoch 283/300, Train Loss: 0.016542, Val Loss: 0.022461  
	Train = MSE:0.016546 , RMSE:0.128629 , MAE:0.099112 , MAPD:0.512517, R_squared:0.999714  
	Validation = MSE:0.022461 , RMSE:0.149869 , MAE:0.120293 , MAPD:0.625496, R_squared:0.999596

2024-03-21 07:54:38,651 Epoch 284/300, Train Loss: 0.018281, Val Loss: 0.012117  
	Train = MSE:0.018286 , RMSE:0.135224 , MAE:0.100742 , MAPD:0.520801, R_squared:0.999683  
	Validation = MSE:0.012117 , RMSE:0.110079 , MAE:0.082618 , MAPD:0.451258, R_squared:0.999782

2024-03-21 07:54:56,928 Epoch 285/300, Train Loss: 0.016807, Val Loss: 0.029020  
	Train = MSE:0.016804 , RMSE:0.129632 , MAE:0.099330 , MAPD:0.512938, R_squared:0.999709  
	Validation = MSE:0.029020 , RMSE:0.170354 , MAE:0.135275 , MAPD:0.676649, R_squared:0.999478

2024-03-21 07:55:14,265 Epoch 286/300, Train Loss: 0.023163, Val Loss: 0.012060  
	Train = MSE:0.023164 , RMSE:0.152196 , MAE:0.112217 , MAPD:0.579267, R_squared:0.999599  
	Validation = MSE:0.012060 , RMSE:0.109817 , MAE:0.080420 , MAPD:0.430758, R_squared:0.999783

2024-03-21 07:55:32,526 Epoch 287/300, Train Loss: 0.016574, Val Loss: 0.025723  
	Train = MSE:0.016574 , RMSE:0.128741 , MAE:0.098272 , MAPD:0.508160, R_squared:0.999713  
	Validation = MSE:0.025723 , RMSE:0.160384 , MAE:0.133104 , MAPD:0.755580, R_squared:0.999537

2024-03-21 07:55:51,570 Epoch 288/300, Train Loss: 0.015341, Val Loss: 0.035335  
	Train = MSE:0.015342 , RMSE:0.123864 , MAE:0.094703 , MAPD:0.486834, R_squared:0.999734  
	Validation = MSE:0.035335 , RMSE:0.187976 , MAE:0.160583 , MAPD:0.864940, R_squared:0.999364

2024-03-21 07:56:08,844 Epoch 289/300, Train Loss: 0.017611, Val Loss: 0.019357  
	Train = MSE:0.017615 , RMSE:0.132723 , MAE:0.100776 , MAPD:0.520201, R_squared:0.999695  
	Validation = MSE:0.019357 , RMSE:0.139128 , MAE:0.108021 , MAPD:0.572298, R_squared:0.999652

2024-03-21 07:56:26,760 Epoch 290/300, Train Loss: 0.015588, Val Loss: 0.034035  
	Train = MSE:0.015592 , RMSE:0.124868 , MAE:0.093796 , MAPD:0.483571, R_squared:0.999730  
	Validation = MSE:0.034035 , RMSE:0.184487 , MAE:0.160351 , MAPD:0.902248, R_squared:0.999388

2024-03-21 07:56:45,538 Epoch 291/300, Train Loss: 0.017574, Val Loss: 0.060731  
	Train = MSE:0.017577 , RMSE:0.132578 , MAE:0.099574 , MAPD:0.516074, R_squared:0.999696  
	Validation = MSE:0.060731 , RMSE:0.246436 , MAE:0.220339 , MAPD:1.165009, R_squared:0.998907

2024-03-21 07:57:05,492 Epoch 292/300, Train Loss: 0.016270, Val Loss: 0.013275  
	Train = MSE:0.016266 , RMSE:0.127537 , MAE:0.096638 , MAPD:0.500335, R_squared:0.999718  
	Validation = MSE:0.013275 , RMSE:0.115216 , MAE:0.086970 , MAPD:0.454860, R_squared:0.999761

2024-03-21 07:57:21,188 Epoch 293/300, Train Loss: 0.018004, Val Loss: 0.022597  
	Train = MSE:0.018007 , RMSE:0.134189 , MAE:0.103038 , MAPD:0.533320, R_squared:0.999688  
	Validation = MSE:0.022597 , RMSE:0.150323 , MAE:0.123290 , MAPD:0.657225, R_squared:0.999593

2024-03-21 07:57:37,036 Epoch 294/300, Train Loss: 0.017412, Val Loss: 0.011195  
	Train = MSE:0.017416 , RMSE:0.131969 , MAE:0.099845 , MAPD:0.517707, R_squared:0.999699  
	Validation = MSE:0.011195 , RMSE:0.105806 , MAE:0.077114 , MAPD:0.413599, R_squared:0.999799

2024-03-21 07:57:52,170 Epoch 295/300, Train Loss: 0.015035, Val Loss: 0.013112  
	Train = MSE:0.015037 , RMSE:0.122624 , MAE:0.092740 , MAPD:0.479672, R_squared:0.999740  
	Validation = MSE:0.013112 , RMSE:0.114506 , MAE:0.086028 , MAPD:0.499445, R_squared:0.999764

2024-03-21 07:58:08,555 Epoch 296/300, Train Loss: 0.013100, Val Loss: 0.033990  
	Train = MSE:0.013100 , RMSE:0.114457 , MAE:0.087046 , MAPD:0.447810, R_squared:0.999773  
	Validation = MSE:0.033990 , RMSE:0.184362 , MAE:0.146160 , MAPD:0.737974, R_squared:0.999388

2024-03-21 07:58:23,550 Epoch 297/300, Train Loss: 0.018902, Val Loss: 0.020208  
	Train = MSE:0.018906 , RMSE:0.137500 , MAE:0.104688 , MAPD:0.545947, R_squared:0.999673  
	Validation = MSE:0.020208 , RMSE:0.142153 , MAE:0.108976 , MAPD:0.556774, R_squared:0.999636

2024-03-21 07:58:38,426 Epoch 298/300, Train Loss: 0.016887, Val Loss: 0.016486  
	Train = MSE:0.016883 , RMSE:0.129935 , MAE:0.099054 , MAPD:0.515844, R_squared:0.999708  
	Validation = MSE:0.016486 , RMSE:0.128398 , MAE:0.101270 , MAPD:0.546703, R_squared:0.999703

2024-03-21 07:58:52,579 Epoch 299/300, Train Loss: 0.016850, Val Loss: 0.028890  
	Train = MSE:0.016854 , RMSE:0.129823 , MAE:0.098471 , MAPD:0.506814, R_squared:0.999708  
	Validation = MSE:0.028890 , RMSE:0.169970 , MAE:0.137718 , MAPD:0.746086, R_squared:0.999480

2024-03-21 07:59:06,993 Epoch 300/300, Train Loss: 0.013692, Val Loss: 0.012234  
	Train = MSE:0.013695 , RMSE:0.117026 , MAE:0.088559 , MAPD:0.458601, R_squared:0.999763  
	Validation = MSE:0.012234 , RMSE:0.110609 , MAE:0.076797 , MAPD:0.418971, R_squared:0.999780

2024-03-21 07:59:06,996 Time for training the model: 9894.524999
2024-03-21 07:59:13,217 MSE for train: 0.008380
2024-03-21 07:59:13,217 RMSE for train: 0.091545
2024-03-21 07:59:13,217 MAE for train: 0.067544
2024-03-21 07:59:13,217 MAPD for train: 0.355686
2024-03-21 07:59:13,217 R^2 Score for train: 0.999855
2024-03-21 07:59:13,219 Inference time for train dataset: 5.163000

2024-03-21 07:59:13,821 MSE for val: 0.012234
2024-03-21 07:59:13,822 RMSE for val: 0.110609
2024-03-21 07:59:13,822 MAE for val: 0.076797
2024-03-21 07:59:13,822 MAPD for val: 0.418971
2024-03-21 07:59:13,822 R^2 Score for val: 0.999780
2024-03-21 07:59:13,824 Inference time for val dataset: 0.603000

2024-03-21 07:59:14,416 MSE for test: 0.011162
2024-03-21 07:59:14,416 RMSE for test: 0.105652
2024-03-21 07:59:14,416 MAE for test: 0.072355
2024-03-21 07:59:14,416 MAPD for test: 0.377510
2024-03-21 07:59:14,416 R^2 Score for test: 0.999816
2024-03-21 07:59:14,418 Inference time for test dataset: 0.591999

2024-03-21 07:59:17,251 Train label average: , [20.62097221]
2024-03-21 07:59:17,251 Test label average: , [21.41736175]
2024-03-21 07:59:17,251 validation label average: , [20.14607025]
2024-03-21 07:59:17,251 predicted (on validation dataset) values average: , 21.400732421875
