2024-03-21 07:19:53,974 train batches in dataset: 1600
2024-03-21 07:19:53,975 val batches in dataset: 200
2024-03-21 07:19:53,975 test batches in dataset: 200
2024-03-21 07:19:53,987 Trainable parameter: net_core.0.weight - size: torch.Size([256, 35])
2024-03-21 07:19:53,990 Trainable parameter: net_core.0.bias - size: torch.Size([256])
2024-03-21 07:19:53,993 Trainable parameter: net_core.1.weight - size: torch.Size([128, 256])
2024-03-21 07:19:53,998 Trainable parameter: net_core.1.bias - size: torch.Size([128])
2024-03-21 07:19:54,005 Trainable parameter: net_core.2.weight - size: torch.Size([64, 128])
2024-03-21 07:19:54,009 Trainable parameter: net_core.2.bias - size: torch.Size([64])
2024-03-21 07:19:54,013 Trainable parameter: net_core.3.weight - size: torch.Size([16, 64])
2024-03-21 07:19:54,014 Trainable parameter: net_core.3.bias - size: torch.Size([16])
2024-03-21 07:19:54,015 Trainable parameter: net_core.4.weight - size: torch.Size([1, 16])
2024-03-21 07:19:54,015 Trainable parameter: net_core.4.bias - size: torch.Size([1])
2024-03-21 07:19:54,015 Number of trainable parameters: 51425
2024-03-21 07:19:54,015 Number of non-trainable parameters: 0
2024-03-21 07:21:05,535 Epoch 1/300, Train Loss: 349.959824, Val Loss: 205.344474  
	Train = MSE:349.921722 , RMSE:18.706194 , MAE:16.999086 , MAPD:80.267757, R_squared:-5.057205  
	Validation = MSE:205.344467 , RMSE:14.329845 , MAE:12.304273 , MAPD:56.053175, R_squared:-2.694977

2024-03-21 07:22:18,705 Epoch 2/300, Train Loss: 111.186983, Val Loss: 48.935985  
	Train = MSE:111.201668 , RMSE:10.545220 , MAE:8.043588 , MAPD:34.690599, R_squared:-0.924920  
	Validation = MSE:48.935986 , RMSE:6.995426 , MAE:5.362065 , MAPD:27.272045, R_squared:0.119444

2024-03-21 07:23:27,973 Epoch 3/300, Train Loss: 46.426194, Val Loss: 42.435105  
	Train = MSE:46.420689 , RMSE:6.813273 , MAE:5.511076 , MAPD:29.093305, R_squared:0.196450  
	Validation = MSE:42.435104 , RMSE:6.514223 , MAE:5.505737 , MAPD:31.082881, R_squared:0.236421

2024-03-21 07:24:31,101 Epoch 4/300, Train Loss: 40.147627, Val Loss: 36.180957  
	Train = MSE:40.147190 , RMSE:6.336181 , MAE:5.267029 , MAPD:28.686471, R_squared:0.305045  
	Validation = MSE:36.180958 , RMSE:6.015061 , MAE:5.094679 , MAPD:28.865786, R_squared:0.348958

2024-03-21 07:25:34,295 Epoch 5/300, Train Loss: 33.391743, Val Loss: 29.291750  
	Train = MSE:33.397121 , RMSE:5.779024 , MAE:4.819943 , MAPD:26.456173, R_squared:0.421890  
	Validation = MSE:29.291750 , RMSE:5.412185 , MAE:4.597590 , MAPD:26.228941, R_squared:0.472923

2024-03-21 07:26:38,055 Epoch 6/300, Train Loss: 25.980281, Val Loss: 21.742103  
	Train = MSE:25.964174 , RMSE:5.095505 , MAE:4.257997 , MAPD:23.558381, R_squared:0.550556  
	Validation = MSE:21.742104 , RMSE:4.662843 , MAE:3.969633 , MAPD:22.860583, R_squared:0.608772

2024-03-21 07:27:49,953 Epoch 7/300, Train Loss: 17.633521, Val Loss: 13.345641  
	Train = MSE:17.638996 , RMSE:4.199881 , MAE:3.501337 , MAPD:19.590002, R_squared:0.694666  
	Validation = MSE:13.345641 , RMSE:3.653169 , MAE:3.086704 , MAPD:17.914723, R_squared:0.759858

2024-03-21 07:28:59,743 Epoch 8/300, Train Loss: 9.862736, Val Loss: 6.365733  
	Train = MSE:9.863961 , RMSE:3.140694 , MAE:2.580349 , MAPD:14.720930, R_squared:0.829253  
	Validation = MSE:6.365733 , RMSE:2.523041 , MAE:2.093631 , MAPD:12.637095, R_squared:0.885455

2024-03-21 07:30:06,176 Epoch 9/300, Train Loss: 4.164267, Val Loss: 2.623831  
	Train = MSE:4.164247 , RMSE:2.040649 , MAE:1.635670 , MAPD:9.619817, R_squared:0.927916  
	Validation = MSE:2.623831 , RMSE:1.619824 , MAE:1.267673 , MAPD:7.665830, R_squared:0.952787

2024-03-21 07:31:12,147 Epoch 10/300, Train Loss: 2.034000, Val Loss: 1.523125  
	Train = MSE:2.034508 , RMSE:1.426362 , MAE:1.131876 , MAPD:6.653783, R_squared:0.964782  
	Validation = MSE:1.523125 , RMSE:1.234150 , MAE:0.971419 , MAPD:5.742772, R_squared:0.972593

2024-03-21 07:32:19,631 Epoch 11/300, Train Loss: 1.348612, Val Loss: 1.030032  
	Train = MSE:1.349006 , RMSE:1.161467 , MAE:0.924295 , MAPD:5.297728, R_squared:0.976648  
	Validation = MSE:1.030032 , RMSE:1.014905 , MAE:0.807267 , MAPD:4.653979, R_squared:0.981466

2024-03-21 07:33:29,406 Epoch 12/300, Train Loss: 0.986177, Val Loss: 0.759118  
	Train = MSE:0.986473 , RMSE:0.993213 , MAE:0.789482 , MAPD:4.412832, R_squared:0.982924  
	Validation = MSE:0.759118 , RMSE:0.871274 , MAE:0.692704 , MAPD:3.936342, R_squared:0.986340

2024-03-21 07:34:39,874 Epoch 13/300, Train Loss: 0.768539, Val Loss: 0.601652  
	Train = MSE:0.768643 , RMSE:0.876723 , MAE:0.692927 , MAPD:3.808785, R_squared:0.986695  
	Validation = MSE:0.601652 , RMSE:0.775662 , MAE:0.613083 , MAPD:3.393053, R_squared:0.989174

2024-03-21 07:35:58,821 Epoch 14/300, Train Loss: 0.614269, Val Loss: 0.468825  
	Train = MSE:0.614307 , RMSE:0.783777 , MAE:0.616020 , MAPD:3.344749, R_squared:0.989366  
	Validation = MSE:0.468825 , RMSE:0.684708 , MAE:0.544185 , MAPD:3.033248, R_squared:0.991564

2024-03-21 07:37:06,980 Epoch 15/300, Train Loss: 0.493393, Val Loss: 0.384980  
	Train = MSE:0.493534 , RMSE:0.702520 , MAE:0.547317 , MAPD:2.950040, R_squared:0.991457  
	Validation = MSE:0.384980 , RMSE:0.620468 , MAE:0.488823 , MAPD:2.704059, R_squared:0.993073

2024-03-21 07:38:08,032 Epoch 16/300, Train Loss: 0.405234, Val Loss: 0.316125  
	Train = MSE:0.405054 , RMSE:0.636439 , MAE:0.490910 , MAPD:2.636486, R_squared:0.992988  
	Validation = MSE:0.316125 , RMSE:0.562250 , MAE:0.436754 , MAPD:2.378277, R_squared:0.994312

2024-03-21 07:38:59,311 Epoch 17/300, Train Loss: 0.339988, Val Loss: 0.278656  
	Train = MSE:0.339548 , RMSE:0.582707 , MAE:0.446042 , MAPD:2.387782, R_squared:0.994122  
	Validation = MSE:0.278656 , RMSE:0.527879 , MAE:0.410139 , MAPD:2.274697, R_squared:0.994986

2024-03-21 07:39:45,355 Epoch 18/300, Train Loss: 0.288705, Val Loss: 0.238356  
	Train = MSE:0.288783 , RMSE:0.537385 , MAE:0.408386 , MAPD:2.189137, R_squared:0.995001  
	Validation = MSE:0.238356 , RMSE:0.488217 , MAE:0.377255 , MAPD:2.091205, R_squared:0.995711

2024-03-21 07:40:25,798 Epoch 19/300, Train Loss: 0.253161, Val Loss: 0.214524  
	Train = MSE:0.253239 , RMSE:0.503229 , MAE:0.379747 , MAPD:2.029855, R_squared:0.995616  
	Validation = MSE:0.214524 , RMSE:0.463167 , MAE:0.357721 , MAPD:1.993017, R_squared:0.996140

2024-03-21 07:41:04,052 Epoch 20/300, Train Loss: 0.225349, Val Loss: 0.190224  
	Train = MSE:0.225314 , RMSE:0.474673 , MAE:0.356936 , MAPD:1.906475, R_squared:0.996100  
	Validation = MSE:0.190224 , RMSE:0.436147 , MAE:0.333367 , MAPD:1.848078, R_squared:0.996577

2024-03-21 07:41:45,316 Epoch 21/300, Train Loss: 0.203035, Val Loss: 0.185346  
	Train = MSE:0.203028 , RMSE:0.450587 , MAE:0.338623 , MAPD:1.808554, R_squared:0.996486  
	Validation = MSE:0.185346 , RMSE:0.430518 , MAE:0.332327 , MAPD:1.874090, R_squared:0.996665

2024-03-21 07:42:25,671 Epoch 22/300, Train Loss: 0.188785, Val Loss: 0.174549  
	Train = MSE:0.188824 , RMSE:0.434539 , MAE:0.325704 , MAPD:1.741279, R_squared:0.996731  
	Validation = MSE:0.174549 , RMSE:0.417791 , MAE:0.310772 , MAPD:1.702398, R_squared:0.996859

2024-03-21 07:43:01,653 Epoch 23/300, Train Loss: 0.174185, Val Loss: 0.161923  
	Train = MSE:0.174237 , RMSE:0.417416 , MAE:0.313787 , MAPD:1.678982, R_squared:0.996984  
	Validation = MSE:0.161923 , RMSE:0.402397 , MAE:0.298126 , MAPD:1.637215, R_squared:0.997086

2024-03-21 07:43:42,102 Epoch 24/300, Train Loss: 0.165820, Val Loss: 0.149236  
	Train = MSE:0.165848 , RMSE:0.407244 , MAE:0.305979 , MAPD:1.642224, R_squared:0.997129  
	Validation = MSE:0.149236 , RMSE:0.386311 , MAE:0.285931 , MAPD:1.581769, R_squared:0.997315

2024-03-21 07:44:16,268 Epoch 25/300, Train Loss: 0.156101, Val Loss: 0.154190  
	Train = MSE:0.156120 , RMSE:0.395120 , MAE:0.294483 , MAPD:1.580692, R_squared:0.997298  
	Validation = MSE:0.154190 , RMSE:0.392670 , MAE:0.302286 , MAPD:1.720950, R_squared:0.997226

2024-03-21 07:44:51,429 Epoch 26/300, Train Loss: 0.148253, Val Loss: 0.136353  
	Train = MSE:0.148233 , RMSE:0.385011 , MAE:0.286363 , MAPD:1.540586, R_squared:0.997434  
	Validation = MSE:0.136353 , RMSE:0.369260 , MAE:0.275099 , MAPD:1.542042, R_squared:0.997546

2024-03-21 07:45:25,691 Epoch 27/300, Train Loss: 0.142001, Val Loss: 0.131252  
	Train = MSE:0.142044 , RMSE:0.376888 , MAE:0.279798 , MAPD:1.503974, R_squared:0.997541  
	Validation = MSE:0.131252 , RMSE:0.362288 , MAE:0.267711 , MAPD:1.500554, R_squared:0.997638

2024-03-21 07:46:00,008 Epoch 28/300, Train Loss: 0.135273, Val Loss: 0.128077  
	Train = MSE:0.135297 , RMSE:0.367828 , MAE:0.272540 , MAPD:1.466760, R_squared:0.997658  
	Validation = MSE:0.128077 , RMSE:0.357878 , MAE:0.265112 , MAPD:1.502421, R_squared:0.997695

2024-03-21 07:46:34,565 Epoch 29/300, Train Loss: 0.131438, Val Loss: 0.126756  
	Train = MSE:0.131429 , RMSE:0.362532 , MAE:0.270720 , MAPD:1.462925, R_squared:0.997725  
	Validation = MSE:0.126756 , RMSE:0.356028 , MAE:0.262702 , MAPD:1.465892, R_squared:0.997719

2024-03-21 07:47:08,927 Epoch 30/300, Train Loss: 0.127327, Val Loss: 0.123985  
	Train = MSE:0.127345 , RMSE:0.356854 , MAE:0.263261 , MAPD:1.422067, R_squared:0.997796  
	Validation = MSE:0.123985 , RMSE:0.352114 , MAE:0.257893 , MAPD:1.440012, R_squared:0.997769

2024-03-21 07:47:45,845 Epoch 31/300, Train Loss: 0.123377, Val Loss: 0.116642  
	Train = MSE:0.123407 , RMSE:0.351294 , MAE:0.258566 , MAPD:1.392961, R_squared:0.997864  
	Validation = MSE:0.116642 , RMSE:0.341530 , MAE:0.248648 , MAPD:1.391855, R_squared:0.997901

2024-03-21 07:48:25,789 Epoch 32/300, Train Loss: 0.118534, Val Loss: 0.125338  
	Train = MSE:0.118535 , RMSE:0.344289 , MAE:0.253604 , MAPD:1.372144, R_squared:0.997948  
	Validation = MSE:0.125338 , RMSE:0.354031 , MAE:0.265349 , MAPD:1.521674, R_squared:0.997745

2024-03-21 07:49:01,483 Epoch 33/300, Train Loss: 0.114895, Val Loss: 0.113748  
	Train = MSE:0.114930 , RMSE:0.339013 , MAE:0.247432 , MAPD:1.342780, R_squared:0.998011  
	Validation = MSE:0.113748 , RMSE:0.337265 , MAE:0.246286 , MAPD:1.398143, R_squared:0.997953

2024-03-21 07:49:36,698 Epoch 34/300, Train Loss: 0.113988, Val Loss: 0.114681  
	Train = MSE:0.113977 , RMSE:0.337605 , MAE:0.246722 , MAPD:1.338759, R_squared:0.998027  
	Validation = MSE:0.114681 , RMSE:0.338646 , MAE:0.245444 , MAPD:1.360326, R_squared:0.997936

2024-03-21 07:50:12,485 Epoch 35/300, Train Loss: 0.108634, Val Loss: 0.107635  
	Train = MSE:0.108642 , RMSE:0.329609 , MAE:0.241942 , MAPD:1.310391, R_squared:0.998119  
	Validation = MSE:0.107635 , RMSE:0.328077 , MAE:0.235112 , MAPD:1.317870, R_squared:0.998063

2024-03-21 07:50:49,113 Epoch 36/300, Train Loss: 0.107633, Val Loss: 0.107411  
	Train = MSE:0.107643 , RMSE:0.328090 , MAE:0.239305 , MAPD:1.295698, R_squared:0.998137  
	Validation = MSE:0.107411 , RMSE:0.327736 , MAE:0.236461 , MAPD:1.316902, R_squared:0.998067

2024-03-21 07:51:23,403 Epoch 37/300, Train Loss: 0.106044, Val Loss: 0.124676  
	Train = MSE:0.106075 , RMSE:0.325691 , MAE:0.237284 , MAPD:1.287685, R_squared:0.998164  
	Validation = MSE:0.124676 , RMSE:0.353095 , MAE:0.269822 , MAPD:1.589902, R_squared:0.997757

2024-03-21 07:51:59,520 Epoch 38/300, Train Loss: 0.103964, Val Loss: 0.126226  
	Train = MSE:0.103894 , RMSE:0.322326 , MAE:0.235267 , MAPD:1.277960, R_squared:0.998202  
	Validation = MSE:0.126226 , RMSE:0.355283 , MAE:0.263077 , MAPD:1.459109, R_squared:0.997729

2024-03-21 07:52:35,737 Epoch 39/300, Train Loss: 0.101364, Val Loss: 0.100261  
	Train = MSE:0.101294 , RMSE:0.318267 , MAE:0.231073 , MAPD:1.259923, R_squared:0.998247  
	Validation = MSE:0.100261 , RMSE:0.316641 , MAE:0.224960 , MAPD:1.258824, R_squared:0.998196

2024-03-21 07:53:10,448 Epoch 40/300, Train Loss: 0.099046, Val Loss: 0.098614  
	Train = MSE:0.099076 , RMSE:0.314764 , MAE:0.227892 , MAPD:1.242386, R_squared:0.998285  
	Validation = MSE:0.098614 , RMSE:0.314029 , MAE:0.223408 , MAPD:1.257699, R_squared:0.998226

2024-03-21 07:53:46,594 Epoch 41/300, Train Loss: 0.096361, Val Loss: 0.097820  
	Train = MSE:0.096349 , RMSE:0.310401 , MAE:0.224504 , MAPD:1.222246, R_squared:0.998332  
	Validation = MSE:0.097820 , RMSE:0.312762 , MAE:0.223486 , MAPD:1.262793, R_squared:0.998240

2024-03-21 07:54:23,715 Epoch 42/300, Train Loss: 0.095872, Val Loss: 0.097566  
	Train = MSE:0.095877 , RMSE:0.309640 , MAE:0.224095 , MAPD:1.224494, R_squared:0.998340  
	Validation = MSE:0.097566 , RMSE:0.312355 , MAE:0.220354 , MAPD:1.231444, R_squared:0.998244

2024-03-21 07:55:01,336 Epoch 43/300, Train Loss: 0.093215, Val Loss: 0.098236  
	Train = MSE:0.093244 , RMSE:0.305359 , MAE:0.219848 , MAPD:1.198229, R_squared:0.998386  
	Validation = MSE:0.098236 , RMSE:0.313427 , MAE:0.225661 , MAPD:1.284589, R_squared:0.998232

2024-03-21 07:55:37,106 Epoch 44/300, Train Loss: 0.092127, Val Loss: 0.115085  
	Train = MSE:0.092154 , RMSE:0.303569 , MAE:0.218320 , MAPD:1.192633, R_squared:0.998405  
	Validation = MSE:0.115085 , RMSE:0.339241 , MAE:0.247015 , MAPD:1.382584, R_squared:0.997929

2024-03-21 07:56:12,149 Epoch 45/300, Train Loss: 0.090143, Val Loss: 0.097613  
	Train = MSE:0.090162 , RMSE:0.300269 , MAE:0.214853 , MAPD:1.168630, R_squared:0.998439  
	Validation = MSE:0.097613 , RMSE:0.312430 , MAE:0.220093 , MAPD:1.214784, R_squared:0.998244

2024-03-21 07:56:48,368 Epoch 46/300, Train Loss: 0.088461, Val Loss: 0.089454  
	Train = MSE:0.088489 , RMSE:0.297470 , MAE:0.212663 , MAPD:1.156588, R_squared:0.998468  
	Validation = MSE:0.089454 , RMSE:0.299089 , MAE:0.208335 , MAPD:1.169638, R_squared:0.998390

2024-03-21 07:57:20,971 Epoch 47/300, Train Loss: 0.086628, Val Loss: 0.099594  
	Train = MSE:0.086646 , RMSE:0.294356 , MAE:0.210379 , MAPD:1.148898, R_squared:0.998500  
	Validation = MSE:0.099594 , RMSE:0.315584 , MAE:0.222941 , MAPD:1.238608, R_squared:0.998208

2024-03-21 07:57:51,336 Epoch 48/300, Train Loss: 0.085500, Val Loss: 0.096359  
	Train = MSE:0.085515 , RMSE:0.292430 , MAE:0.209730 , MAPD:1.142481, R_squared:0.998520  
	Validation = MSE:0.096359 , RMSE:0.310417 , MAE:0.226799 , MAPD:1.304252, R_squared:0.998266

2024-03-21 07:58:22,199 Epoch 49/300, Train Loss: 0.084383, Val Loss: 0.087937  
	Train = MSE:0.084408 , RMSE:0.290530 , MAE:0.206891 , MAPD:1.128504, R_squared:0.998539  
	Validation = MSE:0.087937 , RMSE:0.296543 , MAE:0.205784 , MAPD:1.152282, R_squared:0.998418

2024-03-21 07:58:50,745 Epoch 50/300, Train Loss: 0.083223, Val Loss: 0.085563  
	Train = MSE:0.083241 , RMSE:0.288515 , MAE:0.205843 , MAPD:1.123076, R_squared:0.998559  
	Validation = MSE:0.085563 , RMSE:0.292512 , MAE:0.203960 , MAPD:1.153330, R_squared:0.998460

2024-03-21 07:59:21,710 Epoch 51/300, Train Loss: 0.081837, Val Loss: 0.093269  
	Train = MSE:0.081737 , RMSE:0.285896 , MAE:0.205305 , MAPD:1.124496, R_squared:0.998585  
	Validation = MSE:0.093269 , RMSE:0.305399 , MAE:0.214739 , MAPD:1.178080, R_squared:0.998322

2024-03-21 07:59:49,244 Epoch 52/300, Train Loss: 0.081973, Val Loss: 0.087983  
	Train = MSE:0.081998 , RMSE:0.286353 , MAE:0.205014 , MAPD:1.120063, R_squared:0.998581  
	Validation = MSE:0.087983 , RMSE:0.296619 , MAE:0.205819 , MAPD:1.155927, R_squared:0.998417

2024-03-21 08:00:20,532 Epoch 53/300, Train Loss: 0.079463, Val Loss: 0.081845  
	Train = MSE:0.079482 , RMSE:0.281926 , MAE:0.200552 , MAPD:1.098675, R_squared:0.998624  
	Validation = MSE:0.081845 , RMSE:0.286086 , MAE:0.196053 , MAPD:1.096558, R_squared:0.998527

2024-03-21 08:00:46,928 Epoch 54/300, Train Loss: 0.078981, Val Loss: 0.083025  
	Train = MSE:0.078990 , RMSE:0.281051 , MAE:0.200250 , MAPD:1.094341, R_squared:0.998633  
	Validation = MSE:0.083025 , RMSE:0.288140 , MAE:0.203013 , MAPD:1.143673, R_squared:0.998506

2024-03-21 08:01:13,132 Epoch 55/300, Train Loss: 0.077778, Val Loss: 0.082207  
	Train = MSE:0.077803 , RMSE:0.278931 , MAE:0.198282 , MAPD:1.085417, R_squared:0.998653  
	Validation = MSE:0.082207 , RMSE:0.286717 , MAE:0.201531 , MAPD:1.132532, R_squared:0.998521

2024-03-21 08:01:40,039 Epoch 56/300, Train Loss: 0.076394, Val Loss: 0.078998  
	Train = MSE:0.076415 , RMSE:0.276433 , MAE:0.195303 , MAPD:1.068425, R_squared:0.998677  
	Validation = MSE:0.078998 , RMSE:0.281066 , MAE:0.194334 , MAPD:1.089942, R_squared:0.998579

2024-03-21 08:02:05,720 Epoch 57/300, Train Loss: 0.074775, Val Loss: 0.085262  
	Train = MSE:0.074798 , RMSE:0.273493 , MAE:0.194929 , MAPD:1.066957, R_squared:0.998705  
	Validation = MSE:0.085262 , RMSE:0.291997 , MAE:0.203644 , MAPD:1.129781, R_squared:0.998466

2024-03-21 08:02:32,166 Epoch 58/300, Train Loss: 0.073530, Val Loss: 0.079631  
	Train = MSE:0.073553 , RMSE:0.271206 , MAE:0.192942 , MAPD:1.053415, R_squared:0.998727  
	Validation = MSE:0.079631 , RMSE:0.282189 , MAE:0.192896 , MAPD:1.075808, R_squared:0.998567

2024-03-21 08:02:57,905 Epoch 59/300, Train Loss: 0.072133, Val Loss: 0.075309  
	Train = MSE:0.072156 , RMSE:0.268619 , MAE:0.191550 , MAPD:1.048587, R_squared:0.998751  
	Validation = MSE:0.075309 , RMSE:0.274425 , MAE:0.187514 , MAPD:1.049599, R_squared:0.998645

2024-03-21 08:03:25,826 Epoch 60/300, Train Loss: 0.071925, Val Loss: 0.076431  
	Train = MSE:0.071940 , RMSE:0.268216 , MAE:0.190471 , MAPD:1.044674, R_squared:0.998755  
	Validation = MSE:0.076431 , RMSE:0.276461 , MAE:0.193727 , MAPD:1.089765, R_squared:0.998625

2024-03-21 08:03:51,747 Epoch 61/300, Train Loss: 0.071557, Val Loss: 0.074070  
	Train = MSE:0.071272 , RMSE:0.266968 , MAE:0.188920 , MAPD:1.032012, R_squared:0.998766  
	Validation = MSE:0.074070 , RMSE:0.272158 , MAE:0.188897 , MAPD:1.058812, R_squared:0.998667

2024-03-21 08:04:17,859 Epoch 62/300, Train Loss: 0.070115, Val Loss: 0.074129  
	Train = MSE:0.070127 , RMSE:0.264816 , MAE:0.187999 , MAPD:1.029056, R_squared:0.998786  
	Validation = MSE:0.074129 , RMSE:0.272266 , MAE:0.185701 , MAPD:1.039200, R_squared:0.998666

2024-03-21 08:04:45,097 Epoch 63/300, Train Loss: 0.069299, Val Loss: 0.072921  
	Train = MSE:0.069320 , RMSE:0.263287 , MAE:0.187456 , MAPD:1.028012, R_squared:0.998800  
	Validation = MSE:0.072921 , RMSE:0.270038 , MAE:0.182910 , MAPD:1.022081, R_squared:0.998688

2024-03-21 08:05:09,486 Epoch 64/300, Train Loss: 0.068669, Val Loss: 0.075439  
	Train = MSE:0.068689 , RMSE:0.262086 , MAE:0.184327 , MAPD:1.008639, R_squared:0.998811  
	Validation = MSE:0.075439 , RMSE:0.274661 , MAE:0.188642 , MAPD:1.040602, R_squared:0.998643

2024-03-21 08:05:33,943 Epoch 65/300, Train Loss: 0.066775, Val Loss: 0.069924  
	Train = MSE:0.066789 , RMSE:0.258435 , MAE:0.182650 , MAPD:0.999124, R_squared:0.998844  
	Validation = MSE:0.069924 , RMSE:0.264431 , MAE:0.183077 , MAPD:1.026279, R_squared:0.998742

2024-03-21 08:05:58,666 Epoch 66/300, Train Loss: 0.067036, Val Loss: 0.070007  
	Train = MSE:0.067056 , RMSE:0.258951 , MAE:0.184725 , MAPD:1.008173, R_squared:0.998839  
	Validation = MSE:0.070007 , RMSE:0.264588 , MAE:0.186989 , MAPD:1.071632, R_squared:0.998740

2024-03-21 08:06:23,396 Epoch 67/300, Train Loss: 0.066412, Val Loss: 0.068611  
	Train = MSE:0.066430 , RMSE:0.257741 , MAE:0.183380 , MAPD:1.001268, R_squared:0.998850  
	Validation = MSE:0.068611 , RMSE:0.261938 , MAE:0.181310 , MAPD:1.020333, R_squared:0.998765

2024-03-21 08:06:48,393 Epoch 68/300, Train Loss: 0.065154, Val Loss: 0.074054  
	Train = MSE:0.065172 , RMSE:0.255289 , MAE:0.180759 , MAPD:0.988285, R_squared:0.998872  
	Validation = MSE:0.074054 , RMSE:0.272129 , MAE:0.188522 , MAPD:1.062732, R_squared:0.998667

2024-03-21 08:07:12,973 Epoch 69/300, Train Loss: 0.064901, Val Loss: 0.069983  
	Train = MSE:0.064907 , RMSE:0.254769 , MAE:0.180636 , MAPD:0.986262, R_squared:0.998876  
	Validation = MSE:0.069983 , RMSE:0.264544 , MAE:0.186298 , MAPD:1.054318, R_squared:0.998741

2024-03-21 08:07:37,492 Epoch 70/300, Train Loss: 0.063742, Val Loss: 0.066992  
	Train = MSE:0.063729 , RMSE:0.252447 , MAE:0.177851 , MAPD:0.973365, R_squared:0.998897  
	Validation = MSE:0.066992 , RMSE:0.258829 , MAE:0.179206 , MAPD:1.007491, R_squared:0.998795

2024-03-21 08:08:03,066 Epoch 71/300, Train Loss: 0.063329, Val Loss: 0.074516  
	Train = MSE:0.063347 , RMSE:0.251689 , MAE:0.177904 , MAPD:0.971331, R_squared:0.998903  
	Validation = MSE:0.074516 , RMSE:0.272975 , MAE:0.187910 , MAPD:1.053614, R_squared:0.998659

2024-03-21 08:08:30,086 Epoch 72/300, Train Loss: 0.062988, Val Loss: 0.089580  
	Train = MSE:0.062992 , RMSE:0.250982 , MAE:0.178436 , MAPD:0.973816, R_squared:0.998910  
	Validation = MSE:0.089580 , RMSE:0.299300 , MAE:0.215828 , MAPD:1.185764, R_squared:0.998388

2024-03-21 08:08:55,143 Epoch 73/300, Train Loss: 0.062281, Val Loss: 0.063945  
	Train = MSE:0.062301 , RMSE:0.249601 , MAE:0.177779 , MAPD:0.970765, R_squared:0.998922  
	Validation = MSE:0.063945 , RMSE:0.252874 , MAE:0.176112 , MAPD:0.988623, R_squared:0.998849

2024-03-21 08:09:23,261 Epoch 74/300, Train Loss: 0.060424, Val Loss: 0.065432  
	Train = MSE:0.060439 , RMSE:0.245844 , MAE:0.175172 , MAPD:0.955784, R_squared:0.998954  
	Validation = MSE:0.065432 , RMSE:0.255797 , MAE:0.173369 , MAPD:0.966192, R_squared:0.998823

2024-03-21 08:09:48,478 Epoch 75/300, Train Loss: 0.060476, Val Loss: 0.065408  
	Train = MSE:0.060495 , RMSE:0.245956 , MAE:0.173971 , MAPD:0.951011, R_squared:0.998953  
	Validation = MSE:0.065408 , RMSE:0.255749 , MAE:0.175142 , MAPD:0.973893, R_squared:0.998823

2024-03-21 08:10:12,988 Epoch 76/300, Train Loss: 0.060458, Val Loss: 0.075820  
	Train = MSE:0.060353 , RMSE:0.245669 , MAE:0.174822 , MAPD:0.954215, R_squared:0.998955  
	Validation = MSE:0.075820 , RMSE:0.275354 , MAE:0.212592 , MAPD:1.237283, R_squared:0.998636

2024-03-21 08:10:37,226 Epoch 77/300, Train Loss: 0.058533, Val Loss: 0.061646  
	Train = MSE:0.058550 , RMSE:0.241971 , MAE:0.171225 , MAPD:0.933839, R_squared:0.998986  
	Validation = MSE:0.061646 , RMSE:0.248286 , MAE:0.168275 , MAPD:0.936594, R_squared:0.998891

2024-03-21 08:11:01,812 Epoch 78/300, Train Loss: 0.058503, Val Loss: 0.061605  
	Train = MSE:0.058519 , RMSE:0.241908 , MAE:0.171250 , MAPD:0.934333, R_squared:0.998987  
	Validation = MSE:0.061605 , RMSE:0.248204 , MAE:0.173149 , MAPD:0.970755, R_squared:0.998891

2024-03-21 08:11:26,822 Epoch 79/300, Train Loss: 0.058284, Val Loss: 0.060876  
	Train = MSE:0.058299 , RMSE:0.241453 , MAE:0.170491 , MAPD:0.927681, R_squared:0.998991  
	Validation = MSE:0.060876 , RMSE:0.246732 , MAE:0.168553 , MAPD:0.943565, R_squared:0.998905

2024-03-21 08:11:47,731 Epoch 80/300, Train Loss: 0.057048, Val Loss: 0.066545  
	Train = MSE:0.057062 , RMSE:0.238876 , MAE:0.169214 , MAPD:0.920345, R_squared:0.999012  
	Validation = MSE:0.066545 , RMSE:0.257964 , MAE:0.191889 , MAPD:1.095261, R_squared:0.998803

2024-03-21 08:12:06,642 Epoch 81/300, Train Loss: 0.056590, Val Loss: 0.062086  
	Train = MSE:0.056607 , RMSE:0.237922 , MAE:0.167876 , MAPD:0.914105, R_squared:0.999020  
	Validation = MSE:0.062086 , RMSE:0.249171 , MAE:0.169142 , MAPD:0.944309, R_squared:0.998883

2024-03-21 08:12:27,508 Epoch 82/300, Train Loss: 0.056489, Val Loss: 0.059945  
	Train = MSE:0.056499 , RMSE:0.237696 , MAE:0.168089 , MAPD:0.920185, R_squared:0.999022  
	Validation = MSE:0.059945 , RMSE:0.244837 , MAE:0.169162 , MAPD:0.947525, R_squared:0.998921

2024-03-21 08:12:46,178 Epoch 83/300, Train Loss: 0.055943, Val Loss: 0.073371  
	Train = MSE:0.055959 , RMSE:0.236557 , MAE:0.168202 , MAPD:0.918384, R_squared:0.999031  
	Validation = MSE:0.073371 , RMSE:0.270870 , MAE:0.208878 , MAPD:1.220773, R_squared:0.998680

2024-03-21 08:13:06,612 Epoch 84/300, Train Loss: 0.055146, Val Loss: 0.077842  
	Train = MSE:0.055152 , RMSE:0.234844 , MAE:0.165505 , MAPD:0.900919, R_squared:0.999045  
	Validation = MSE:0.077842 , RMSE:0.279003 , MAE:0.199913 , MAPD:1.135572, R_squared:0.998599

2024-03-21 08:13:25,321 Epoch 85/300, Train Loss: 0.055321, Val Loss: 0.057370  
	Train = MSE:0.055339 , RMSE:0.235242 , MAE:0.167635 , MAPD:0.909962, R_squared:0.999042  
	Validation = MSE:0.057370 , RMSE:0.239521 , MAE:0.164024 , MAPD:0.915336, R_squared:0.998968

2024-03-21 08:13:44,022 Epoch 86/300, Train Loss: 0.054529, Val Loss: 0.057436  
	Train = MSE:0.054546 , RMSE:0.233552 , MAE:0.164255 , MAPD:0.890174, R_squared:0.999056  
	Validation = MSE:0.057436 , RMSE:0.239658 , MAE:0.162481 , MAPD:0.906419, R_squared:0.998966

2024-03-21 08:14:03,180 Epoch 87/300, Train Loss: 0.054512, Val Loss: 0.057334  
	Train = MSE:0.054529 , RMSE:0.233514 , MAE:0.165535 , MAPD:0.901481, R_squared:0.999056  
	Validation = MSE:0.057334 , RMSE:0.239445 , MAE:0.167794 , MAPD:0.947225, R_squared:0.998968

2024-03-21 08:14:21,634 Epoch 88/300, Train Loss: 0.054368, Val Loss: 0.067717  
	Train = MSE:0.054384 , RMSE:0.233204 , MAE:0.164864 , MAPD:0.898925, R_squared:0.999059  
	Validation = MSE:0.067717 , RMSE:0.260225 , MAE:0.200832 , MAPD:1.168507, R_squared:0.998781

2024-03-21 08:14:40,617 Epoch 89/300, Train Loss: 0.053825, Val Loss: 0.055617  
	Train = MSE:0.053840 , RMSE:0.232034 , MAE:0.164179 , MAPD:0.895642, R_squared:0.999068  
	Validation = MSE:0.055617 , RMSE:0.235833 , MAE:0.163857 , MAPD:0.918916, R_squared:0.998999

2024-03-21 08:14:58,279 Epoch 90/300, Train Loss: 0.052546, Val Loss: 0.055849  
	Train = MSE:0.052560 , RMSE:0.229260 , MAE:0.163532 , MAPD:0.890064, R_squared:0.999090  
	Validation = MSE:0.055849 , RMSE:0.236324 , MAE:0.159010 , MAPD:0.886826, R_squared:0.998995

2024-03-21 08:15:15,472 Epoch 91/300, Train Loss: 0.052544, Val Loss: 0.067361  
	Train = MSE:0.052558 , RMSE:0.229255 , MAE:0.163530 , MAPD:0.889624, R_squared:0.999090  
	Validation = MSE:0.067361 , RMSE:0.259541 , MAE:0.199751 , MAPD:1.162911, R_squared:0.998788

2024-03-21 08:15:33,082 Epoch 92/300, Train Loss: 0.052094, Val Loss: 0.054939  
	Train = MSE:0.052108 , RMSE:0.228272 , MAE:0.161762 , MAPD:0.876759, R_squared:0.999098  
	Validation = MSE:0.054939 , RMSE:0.234392 , MAE:0.161521 , MAPD:0.900306, R_squared:0.999011

2024-03-21 08:15:49,127 Epoch 93/300, Train Loss: 0.051627, Val Loss: 0.062384  
	Train = MSE:0.051636 , RMSE:0.227234 , MAE:0.160608 , MAPD:0.870682, R_squared:0.999106  
	Validation = MSE:0.062384 , RMSE:0.249768 , MAE:0.188607 , MAPD:1.070264, R_squared:0.998877

2024-03-21 08:16:05,598 Epoch 94/300, Train Loss: 0.051315, Val Loss: 0.056044  
	Train = MSE:0.051310 , RMSE:0.226517 , MAE:0.161375 , MAPD:0.878963, R_squared:0.999112  
	Validation = MSE:0.056044 , RMSE:0.236736 , MAE:0.163568 , MAPD:0.918133, R_squared:0.998992

2024-03-21 08:16:22,917 Epoch 95/300, Train Loss: 0.050937, Val Loss: 0.053382  
	Train = MSE:0.050952 , RMSE:0.225725 , MAE:0.160065 , MAPD:0.870566, R_squared:0.999118  
	Validation = MSE:0.053382 , RMSE:0.231046 , MAE:0.157976 , MAPD:0.877976, R_squared:0.999039

2024-03-21 08:16:38,738 Epoch 96/300, Train Loss: 0.050195, Val Loss: 0.054595  
	Train = MSE:0.050208 , RMSE:0.224072 , MAE:0.158569 , MAPD:0.861047, R_squared:0.999131  
	Validation = MSE:0.054595 , RMSE:0.233655 , MAE:0.158083 , MAPD:0.879399, R_squared:0.999018

2024-03-21 08:16:54,762 Epoch 97/300, Train Loss: 0.050319, Val Loss: 0.052423  
	Train = MSE:0.050334 , RMSE:0.224352 , MAE:0.159569 , MAPD:0.868893, R_squared:0.999129  
	Validation = MSE:0.052423 , RMSE:0.228961 , MAE:0.154902 , MAPD:0.866345, R_squared:0.999057

2024-03-21 08:17:10,561 Epoch 98/300, Train Loss: 0.050114, Val Loss: 0.051629  
	Train = MSE:0.050127 , RMSE:0.223890 , MAE:0.158036 , MAPD:0.857502, R_squared:0.999132  
	Validation = MSE:0.051629 , RMSE:0.227219 , MAE:0.153238 , MAPD:0.854769, R_squared:0.999071

2024-03-21 08:17:26,699 Epoch 99/300, Train Loss: 0.049365, Val Loss: 0.053824  
	Train = MSE:0.049375 , RMSE:0.222204 , MAE:0.157577 , MAPD:0.853584, R_squared:0.999145  
	Validation = MSE:0.053824 , RMSE:0.232000 , MAE:0.165359 , MAPD:0.936337, R_squared:0.999031

2024-03-21 08:17:42,701 Epoch 100/300, Train Loss: 0.047983, Val Loss: 0.051299  
	Train = MSE:0.047998 , RMSE:0.219084 , MAE:0.154749 , MAPD:0.838513, R_squared:0.999169  
	Validation = MSE:0.051299 , RMSE:0.226493 , MAE:0.155996 , MAPD:0.870181, R_squared:0.999077

2024-03-21 08:17:59,010 Epoch 101/300, Train Loss: 0.048171, Val Loss: 0.054949  
	Train = MSE:0.048186 , RMSE:0.219513 , MAE:0.156376 , MAPD:0.847578, R_squared:0.999166  
	Validation = MSE:0.054949 , RMSE:0.234412 , MAE:0.170575 , MAPD:0.956835, R_squared:0.999011

2024-03-21 08:18:16,115 Epoch 102/300, Train Loss: 0.048932, Val Loss: 0.062420  
	Train = MSE:0.048947 , RMSE:0.221240 , MAE:0.157879 , MAPD:0.856752, R_squared:0.999153  
	Validation = MSE:0.062420 , RMSE:0.249839 , MAE:0.174658 , MAPD:0.993512, R_squared:0.998877

2024-03-21 08:18:32,266 Epoch 103/300, Train Loss: 0.048373, Val Loss: 0.049931  
	Train = MSE:0.048365 , RMSE:0.219921 , MAE:0.156353 , MAPD:0.848126, R_squared:0.999163  
	Validation = MSE:0.049931 , RMSE:0.223452 , MAE:0.153267 , MAPD:0.858574, R_squared:0.999102

2024-03-21 08:18:47,966 Epoch 104/300, Train Loss: 0.047637, Val Loss: 0.049899  
	Train = MSE:0.047650 , RMSE:0.218289 , MAE:0.154346 , MAPD:0.835707, R_squared:0.999175  
	Validation = MSE:0.049899 , RMSE:0.223382 , MAE:0.151085 , MAPD:0.839785, R_squared:0.999102

2024-03-21 08:19:05,219 Epoch 105/300, Train Loss: 0.047344, Val Loss: 0.051512  
	Train = MSE:0.047346 , RMSE:0.217592 , MAE:0.154760 , MAPD:0.834578, R_squared:0.999180  
	Validation = MSE:0.051512 , RMSE:0.226963 , MAE:0.160241 , MAPD:0.903336, R_squared:0.999073

2024-03-21 08:19:22,537 Epoch 106/300, Train Loss: 0.047111, Val Loss: 0.049396  
	Train = MSE:0.047123 , RMSE:0.217078 , MAE:0.154808 , MAPD:0.835916, R_squared:0.999184  
	Validation = MSE:0.049396 , RMSE:0.222252 , MAE:0.154688 , MAPD:0.860145, R_squared:0.999111

2024-03-21 08:19:38,972 Epoch 107/300, Train Loss: 0.046341, Val Loss: 0.048675  
	Train = MSE:0.046356 , RMSE:0.215304 , MAE:0.152419 , MAPD:0.825661, R_squared:0.999198  
	Validation = MSE:0.048675 , RMSE:0.220624 , MAE:0.151829 , MAPD:0.849814, R_squared:0.999124

2024-03-21 08:19:54,954 Epoch 108/300, Train Loss: 0.046462, Val Loss: 0.048405  
	Train = MSE:0.046476 , RMSE:0.215583 , MAE:0.154230 , MAPD:0.834642, R_squared:0.999195  
	Validation = MSE:0.048405 , RMSE:0.220012 , MAE:0.153087 , MAPD:0.847927, R_squared:0.999129

2024-03-21 08:20:11,420 Epoch 109/300, Train Loss: 0.045824, Val Loss: 0.048175  
	Train = MSE:0.045820 , RMSE:0.214056 , MAE:0.152162 , MAPD:0.824984, R_squared:0.999207  
	Validation = MSE:0.048175 , RMSE:0.219488 , MAE:0.152813 , MAPD:0.845270, R_squared:0.999133

2024-03-21 08:20:27,809 Epoch 110/300, Train Loss: 0.045614, Val Loss: 0.048284  
	Train = MSE:0.045600 , RMSE:0.213542 , MAE:0.152588 , MAPD:0.823667, R_squared:0.999211  
	Validation = MSE:0.048284 , RMSE:0.219736 , MAE:0.149013 , MAPD:0.828990, R_squared:0.999131

2024-03-21 08:20:44,292 Epoch 111/300, Train Loss: 0.044397, Val Loss: 0.047560  
	Train = MSE:0.044410 , RMSE:0.210738 , MAE:0.149488 , MAPD:0.807687, R_squared:0.999231  
	Validation = MSE:0.047560 , RMSE:0.218083 , MAE:0.146778 , MAPD:0.818283, R_squared:0.999144

2024-03-21 08:21:01,036 Epoch 112/300, Train Loss: 0.044869, Val Loss: 0.050954  
	Train = MSE:0.044879 , RMSE:0.211847 , MAE:0.150104 , MAPD:0.812039, R_squared:0.999223  
	Validation = MSE:0.050954 , RMSE:0.225730 , MAE:0.153288 , MAPD:0.855155, R_squared:0.999083

2024-03-21 08:21:16,026 Epoch 113/300, Train Loss: 0.044483, Val Loss: 0.047450  
	Train = MSE:0.044474 , RMSE:0.210889 , MAE:0.149937 , MAPD:0.810062, R_squared:0.999230  
	Validation = MSE:0.047450 , RMSE:0.217830 , MAE:0.147074 , MAPD:0.816800, R_squared:0.999146

2024-03-21 08:21:30,443 Epoch 114/300, Train Loss: 0.045000, Val Loss: 0.046348  
	Train = MSE:0.045013 , RMSE:0.212163 , MAE:0.151445 , MAPD:0.818728, R_squared:0.999221  
	Validation = MSE:0.046348 , RMSE:0.215286 , MAE:0.146313 , MAPD:0.815348, R_squared:0.999166

2024-03-21 08:21:45,217 Epoch 115/300, Train Loss: 0.044482, Val Loss: 0.050093  
	Train = MSE:0.044469 , RMSE:0.210877 , MAE:0.149447 , MAPD:0.803713, R_squared:0.999230  
	Validation = MSE:0.050093 , RMSE:0.223814 , MAE:0.152511 , MAPD:0.846160, R_squared:0.999099

2024-03-21 08:22:01,260 Epoch 116/300, Train Loss: 0.043950, Val Loss: 0.047793  
	Train = MSE:0.043964 , RMSE:0.209675 , MAE:0.148698 , MAPD:0.803974, R_squared:0.999239  
	Validation = MSE:0.047793 , RMSE:0.218615 , MAE:0.153923 , MAPD:0.843308, R_squared:0.999140

2024-03-21 08:22:16,260 Epoch 117/300, Train Loss: 0.043323, Val Loss: 0.045017  
	Train = MSE:0.043336 , RMSE:0.208174 , MAE:0.147668 , MAPD:0.798109, R_squared:0.999250  
	Validation = MSE:0.045017 , RMSE:0.212172 , MAE:0.145764 , MAPD:0.809764, R_squared:0.999190

2024-03-21 08:22:30,785 Epoch 118/300, Train Loss: 0.043182, Val Loss: 0.052372  
	Train = MSE:0.043194 , RMSE:0.207832 , MAE:0.147414 , MAPD:0.794481, R_squared:0.999252  
	Validation = MSE:0.052372 , RMSE:0.228849 , MAE:0.155778 , MAPD:0.850713, R_squared:0.999058

2024-03-21 08:22:45,702 Epoch 119/300, Train Loss: 0.043294, Val Loss: 0.048964  
	Train = MSE:0.043290 , RMSE:0.208063 , MAE:0.147868 , MAPD:0.795280, R_squared:0.999251  
	Validation = MSE:0.048964 , RMSE:0.221278 , MAE:0.153410 , MAPD:0.859591, R_squared:0.999119

2024-03-21 08:23:00,479 Epoch 120/300, Train Loss: 0.042135, Val Loss: 0.047895  
	Train = MSE:0.042147 , RMSE:0.205297 , MAE:0.145595 , MAPD:0.785241, R_squared:0.999270  
	Validation = MSE:0.047895 , RMSE:0.218850 , MAE:0.158357 , MAPD:0.887413, R_squared:0.999138

2024-03-21 08:23:15,438 Epoch 121/300, Train Loss: 0.042776, Val Loss: 0.048726  
	Train = MSE:0.042677 , RMSE:0.206585 , MAE:0.147105 , MAPD:0.793027, R_squared:0.999261  
	Validation = MSE:0.048726 , RMSE:0.220739 , MAE:0.149511 , MAPD:0.822126, R_squared:0.999123

2024-03-21 08:23:31,199 Epoch 122/300, Train Loss: 0.042112, Val Loss: 0.045505  
	Train = MSE:0.042102 , RMSE:0.205187 , MAE:0.144866 , MAPD:0.780024, R_squared:0.999271  
	Validation = MSE:0.045505 , RMSE:0.213319 , MAE:0.144321 , MAPD:0.794141, R_squared:0.999181

2024-03-21 08:23:45,974 Epoch 123/300, Train Loss: 0.042622, Val Loss: 0.062926  
	Train = MSE:0.042603 , RMSE:0.206406 , MAE:0.146797 , MAPD:0.791840, R_squared:0.999263  
	Validation = MSE:0.062926 , RMSE:0.250851 , MAE:0.183258 , MAPD:1.043389, R_squared:0.998868

2024-03-21 08:24:00,945 Epoch 124/300, Train Loss: 0.041292, Val Loss: 0.045188  
	Train = MSE:0.041286 , RMSE:0.203191 , MAE:0.143624 , MAPD:0.771241, R_squared:0.999285  
	Validation = MSE:0.045188 , RMSE:0.212575 , MAE:0.148854 , MAPD:0.836037, R_squared:0.999187

2024-03-21 08:24:15,591 Epoch 125/300, Train Loss: 0.041325, Val Loss: 0.044719  
	Train = MSE:0.041334 , RMSE:0.203308 , MAE:0.145201 , MAPD:0.782823, R_squared:0.999284  
	Validation = MSE:0.044719 , RMSE:0.211469 , MAE:0.146556 , MAPD:0.815062, R_squared:0.999195

2024-03-21 08:24:31,584 Epoch 126/300, Train Loss: 0.041395, Val Loss: 0.067402  
	Train = MSE:0.041376 , RMSE:0.203412 , MAE:0.144999 , MAPD:0.780543, R_squared:0.999284  
	Validation = MSE:0.067402 , RMSE:0.259620 , MAE:0.215109 , MAPD:1.260707, R_squared:0.998787

2024-03-21 08:24:48,419 Epoch 127/300, Train Loss: 0.040868, Val Loss: 0.042358  
	Train = MSE:0.040880 , RMSE:0.202188 , MAE:0.144415 , MAPD:0.776321, R_squared:0.999292  
	Validation = MSE:0.042358 , RMSE:0.205810 , MAE:0.140681 , MAPD:0.781484, R_squared:0.999238

2024-03-21 08:25:04,263 Epoch 128/300, Train Loss: 0.041095, Val Loss: 0.046347  
	Train = MSE:0.041107 , RMSE:0.202748 , MAE:0.144423 , MAPD:0.778775, R_squared:0.999288  
	Validation = MSE:0.046347 , RMSE:0.215283 , MAE:0.154097 , MAPD:0.858813, R_squared:0.999166

2024-03-21 08:25:18,744 Epoch 129/300, Train Loss: 0.040071, Val Loss: 0.054545  
	Train = MSE:0.040083 , RMSE:0.200207 , MAE:0.142392 , MAPD:0.767121, R_squared:0.999306  
	Validation = MSE:0.054545 , RMSE:0.233549 , MAE:0.183831 , MAPD:1.050259, R_squared:0.999019

2024-03-21 08:25:33,191 Epoch 130/300, Train Loss: 0.040094, Val Loss: 0.043092  
	Train = MSE:0.040107 , RMSE:0.200267 , MAE:0.142423 , MAPD:0.768141, R_squared:0.999306  
	Validation = MSE:0.043092 , RMSE:0.207587 , MAE:0.142735 , MAPD:0.781606, R_squared:0.999225

2024-03-21 08:25:48,310 Epoch 131/300, Train Loss: 0.039677, Val Loss: 0.047293  
	Train = MSE:0.039672 , RMSE:0.199179 , MAE:0.141089 , MAPD:0.758774, R_squared:0.999313  
	Validation = MSE:0.047293 , RMSE:0.217470 , MAE:0.156029 , MAPD:0.835022, R_squared:0.999149

2024-03-21 08:26:03,879 Epoch 132/300, Train Loss: 0.039486, Val Loss: 0.041191  
	Train = MSE:0.039498 , RMSE:0.198740 , MAE:0.141117 , MAPD:0.760261, R_squared:0.999316  
	Validation = MSE:0.041191 , RMSE:0.202956 , MAE:0.140586 , MAPD:0.780438, R_squared:0.999259

2024-03-21 08:26:18,285 Epoch 133/300, Train Loss: 0.039623, Val Loss: 0.041946  
	Train = MSE:0.039635 , RMSE:0.199086 , MAE:0.140888 , MAPD:0.755797, R_squared:0.999314  
	Validation = MSE:0.041946 , RMSE:0.204807 , MAE:0.141611 , MAPD:0.791778, R_squared:0.999245

2024-03-21 08:26:33,565 Epoch 134/300, Train Loss: 0.039608, Val Loss: 0.041398  
	Train = MSE:0.039620 , RMSE:0.199048 , MAE:0.141190 , MAPD:0.758302, R_squared:0.999314  
	Validation = MSE:0.041398 , RMSE:0.203465 , MAE:0.138638 , MAPD:0.766063, R_squared:0.999255

2024-03-21 08:26:48,012 Epoch 135/300, Train Loss: 0.038961, Val Loss: 0.040680  
	Train = MSE:0.038967 , RMSE:0.197400 , MAE:0.139964 , MAPD:0.752380, R_squared:0.999325  
	Validation = MSE:0.040680 , RMSE:0.201692 , MAE:0.137330 , MAPD:0.765950, R_squared:0.999268

2024-03-21 08:27:02,506 Epoch 136/300, Train Loss: 0.038973, Val Loss: 0.041972  
	Train = MSE:0.038976 , RMSE:0.197423 , MAE:0.139020 , MAPD:0.745409, R_squared:0.999325  
	Validation = MSE:0.041972 , RMSE:0.204870 , MAE:0.138775 , MAPD:0.774807, R_squared:0.999245

2024-03-21 08:27:17,997 Epoch 137/300, Train Loss: 0.038815, Val Loss: 0.041454  
	Train = MSE:0.038824 , RMSE:0.197038 , MAE:0.140120 , MAPD:0.753730, R_squared:0.999328  
	Validation = MSE:0.041454 , RMSE:0.203604 , MAE:0.142562 , MAPD:0.785935, R_squared:0.999254

2024-03-21 08:27:33,725 Epoch 138/300, Train Loss: 0.038330, Val Loss: 0.042702  
	Train = MSE:0.038341 , RMSE:0.195810 , MAE:0.139888 , MAPD:0.749142, R_squared:0.999336  
	Validation = MSE:0.042702 , RMSE:0.206645 , MAE:0.148693 , MAPD:0.844286, R_squared:0.999232

2024-03-21 08:27:48,183 Epoch 139/300, Train Loss: 0.038500, Val Loss: 0.039654  
	Train = MSE:0.038510 , RMSE:0.196239 , MAE:0.138901 , MAPD:0.743966, R_squared:0.999333  
	Validation = MSE:0.039654 , RMSE:0.199133 , MAE:0.133702 , MAPD:0.742561, R_squared:0.999286

2024-03-21 08:28:02,715 Epoch 140/300, Train Loss: 0.038251, Val Loss: 0.038427  
	Train = MSE:0.038262 , RMSE:0.195608 , MAE:0.138430 , MAPD:0.746119, R_squared:0.999338  
	Validation = MSE:0.038427 , RMSE:0.196027 , MAE:0.132047 , MAPD:0.734386, R_squared:0.999309

2024-03-21 08:28:17,696 Epoch 141/300, Train Loss: 0.037756, Val Loss: 0.038585  
	Train = MSE:0.037756 , RMSE:0.194308 , MAE:0.137611 , MAPD:0.738557, R_squared:0.999346  
	Validation = MSE:0.038585 , RMSE:0.196430 , MAE:0.133631 , MAPD:0.741272, R_squared:0.999306

2024-03-21 08:28:33,902 Epoch 142/300, Train Loss: 0.037843, Val Loss: 0.038848  
	Train = MSE:0.037855 , RMSE:0.194564 , MAE:0.138552 , MAPD:0.744929, R_squared:0.999345  
	Validation = MSE:0.038848 , RMSE:0.197099 , MAE:0.135428 , MAPD:0.750846, R_squared:0.999301

2024-03-21 08:28:48,601 Epoch 143/300, Train Loss: 0.037182, Val Loss: 0.039135  
	Train = MSE:0.037141 , RMSE:0.192721 , MAE:0.137245 , MAPD:0.737393, R_squared:0.999357  
	Validation = MSE:0.039135 , RMSE:0.197825 , MAE:0.136879 , MAPD:0.758179, R_squared:0.999296

2024-03-21 08:29:03,281 Epoch 144/300, Train Loss: 0.036609, Val Loss: 0.047142  
	Train = MSE:0.036621 , RMSE:0.191366 , MAE:0.136114 , MAPD:0.728650, R_squared:0.999366  
	Validation = MSE:0.047142 , RMSE:0.217122 , MAE:0.169122 , MAPD:0.988196, R_squared:0.999152

2024-03-21 08:29:19,077 Epoch 145/300, Train Loss: 0.036979, Val Loss: 0.039888  
	Train = MSE:0.036990 , RMSE:0.192328 , MAE:0.137306 , MAPD:0.735115, R_squared:0.999360  
	Validation = MSE:0.039888 , RMSE:0.199719 , MAE:0.137405 , MAPD:0.750708, R_squared:0.999282

2024-03-21 08:29:33,970 Epoch 146/300, Train Loss: 0.036824, Val Loss: 0.039646  
	Train = MSE:0.036808 , RMSE:0.191855 , MAE:0.137328 , MAPD:0.733499, R_squared:0.999363  
	Validation = MSE:0.039646 , RMSE:0.199114 , MAE:0.141162 , MAPD:0.794453, R_squared:0.999287

2024-03-21 08:29:49,290 Epoch 147/300, Train Loss: 0.036145, Val Loss: 0.044207  
	Train = MSE:0.036152 , RMSE:0.190136 , MAE:0.134369 , MAPD:0.718897, R_squared:0.999374  
	Validation = MSE:0.044207 , RMSE:0.210256 , MAE:0.147664 , MAPD:0.832110, R_squared:0.999205

2024-03-21 08:30:04,232 Epoch 148/300, Train Loss: 0.036200, Val Loss: 0.043586  
	Train = MSE:0.036180 , RMSE:0.190211 , MAE:0.135067 , MAPD:0.722396, R_squared:0.999374  
	Validation = MSE:0.043586 , RMSE:0.208773 , MAE:0.157955 , MAPD:0.910748, R_squared:0.999216

2024-03-21 08:30:19,918 Epoch 149/300, Train Loss: 0.036080, Val Loss: 0.048481  
	Train = MSE:0.036090 , RMSE:0.189974 , MAE:0.136107 , MAPD:0.729854, R_squared:0.999375  
	Validation = MSE:0.048480 , RMSE:0.220183 , MAE:0.156731 , MAPD:0.879466, R_squared:0.999128

2024-03-21 08:30:34,438 Epoch 150/300, Train Loss: 0.036327, Val Loss: 0.038609  
	Train = MSE:0.036338 , RMSE:0.190624 , MAE:0.136374 , MAPD:0.732304, R_squared:0.999371  
	Validation = MSE:0.038609 , RMSE:0.196491 , MAE:0.137665 , MAPD:0.753484, R_squared:0.999305

2024-03-21 08:30:49,312 Epoch 151/300, Train Loss: 0.036012, Val Loss: 0.037753  
	Train = MSE:0.036007 , RMSE:0.189755 , MAE:0.134257 , MAPD:0.718292, R_squared:0.999377  
	Validation = MSE:0.037753 , RMSE:0.194301 , MAE:0.135876 , MAPD:0.743204, R_squared:0.999321

2024-03-21 08:31:05,288 Epoch 152/300, Train Loss: 0.035704, Val Loss: 0.038479  
	Train = MSE:0.035711 , RMSE:0.188973 , MAE:0.135596 , MAPD:0.727216, R_squared:0.999382  
	Validation = MSE:0.038479 , RMSE:0.196162 , MAE:0.134322 , MAPD:0.739008, R_squared:0.999308

2024-03-21 08:31:19,798 Epoch 153/300, Train Loss: 0.035021, Val Loss: 0.041029  
	Train = MSE:0.035028 , RMSE:0.187157 , MAE:0.131922 , MAPD:0.703542, R_squared:0.999394  
	Validation = MSE:0.041029 , RMSE:0.202556 , MAE:0.147970 , MAPD:0.805208, R_squared:0.999262

2024-03-21 08:31:34,532 Epoch 154/300, Train Loss: 0.035401, Val Loss: 0.040367  
	Train = MSE:0.035411 , RMSE:0.188179 , MAE:0.133869 , MAPD:0.715609, R_squared:0.999387  
	Validation = MSE:0.040367 , RMSE:0.200915 , MAE:0.141852 , MAPD:0.770502, R_squared:0.999274

2024-03-21 08:31:49,533 Epoch 155/300, Train Loss: 0.034866, Val Loss: 0.036152  
	Train = MSE:0.034873 , RMSE:0.186743 , MAE:0.134183 , MAPD:0.719076, R_squared:0.999396  
	Validation = MSE:0.036152 , RMSE:0.190137 , MAE:0.129555 , MAPD:0.718817, R_squared:0.999349

2024-03-21 08:32:04,066 Epoch 156/300, Train Loss: 0.034869, Val Loss: 0.036024  
	Train = MSE:0.034778 , RMSE:0.186490 , MAE:0.133342 , MAPD:0.712165, R_squared:0.999398  
	Validation = MSE:0.036024 , RMSE:0.189801 , MAE:0.132160 , MAPD:0.730951, R_squared:0.999352

2024-03-21 08:32:18,558 Epoch 157/300, Train Loss: 0.034517, Val Loss: 0.041600  
	Train = MSE:0.034528 , RMSE:0.185816 , MAE:0.132574 , MAPD:0.709964, R_squared:0.999402  
	Validation = MSE:0.041600 , RMSE:0.203962 , MAE:0.141667 , MAPD:0.795207, R_squared:0.999251

2024-03-21 08:32:33,808 Epoch 158/300, Train Loss: 0.034784, Val Loss: 0.035579  
	Train = MSE:0.034791 , RMSE:0.186523 , MAE:0.133285 , MAPD:0.712723, R_squared:0.999398  
	Validation = MSE:0.035579 , RMSE:0.188625 , MAE:0.128670 , MAPD:0.706007, R_squared:0.999360

2024-03-21 08:32:48,694 Epoch 159/300, Train Loss: 0.034316, Val Loss: 0.038191  
	Train = MSE:0.034327 , RMSE:0.185274 , MAE:0.132127 , MAPD:0.704542, R_squared:0.999406  
	Validation = MSE:0.038191 , RMSE:0.195426 , MAE:0.141777 , MAPD:0.799795, R_squared:0.999313

2024-03-21 08:33:05,698 Epoch 160/300, Train Loss: 0.034153, Val Loss: 0.040014  
	Train = MSE:0.034161 , RMSE:0.184827 , MAE:0.131840 , MAPD:0.702715, R_squared:0.999409  
	Validation = MSE:0.040014 , RMSE:0.200035 , MAE:0.138296 , MAPD:0.771095, R_squared:0.999280

2024-03-21 08:33:20,550 Epoch 161/300, Train Loss: 0.033695, Val Loss: 0.053299  
	Train = MSE:0.033704 , RMSE:0.183587 , MAE:0.130457 , MAPD:0.700231, R_squared:0.999417  
	Validation = MSE:0.053299 , RMSE:0.230866 , MAE:0.168833 , MAPD:0.945320, R_squared:0.999041

2024-03-21 08:33:36,796 Epoch 162/300, Train Loss: 0.033886, Val Loss: 0.036776  
	Train = MSE:0.033895 , RMSE:0.184105 , MAE:0.131260 , MAPD:0.702411, R_squared:0.999413  
	Validation = MSE:0.036776 , RMSE:0.191771 , MAE:0.129549 , MAPD:0.722261, R_squared:0.999338

2024-03-21 08:33:51,287 Epoch 163/300, Train Loss: 0.033478, Val Loss: 0.035140  
	Train = MSE:0.033457 , RMSE:0.182914 , MAE:0.129620 , MAPD:0.694205, R_squared:0.999421  
	Validation = MSE:0.035140 , RMSE:0.187456 , MAE:0.128101 , MAPD:0.703987, R_squared:0.999368

2024-03-21 08:34:04,475 Epoch 164/300, Train Loss: 0.033833, Val Loss: 0.045799  
	Train = MSE:0.033844 , RMSE:0.183966 , MAE:0.130669 , MAPD:0.696510, R_squared:0.999414  
	Validation = MSE:0.045799 , RMSE:0.214007 , MAE:0.152535 , MAPD:0.868215, R_squared:0.999176

2024-03-21 08:34:17,633 Epoch 165/300, Train Loss: 0.033121, Val Loss: 0.044208  
	Train = MSE:0.033101 , RMSE:0.181938 , MAE:0.128582 , MAPD:0.684139, R_squared:0.999427  
	Validation = MSE:0.044208 , RMSE:0.210257 , MAE:0.165062 , MAPD:0.917251, R_squared:0.999205

2024-03-21 08:34:31,141 Epoch 166/300, Train Loss: 0.032960, Val Loss: 0.035310  
	Train = MSE:0.032954 , RMSE:0.181531 , MAE:0.128503 , MAPD:0.684204, R_squared:0.999430  
	Validation = MSE:0.035310 , RMSE:0.187909 , MAE:0.133711 , MAPD:0.731868, R_squared:0.999365

2024-03-21 08:34:44,222 Epoch 167/300, Train Loss: 0.032509, Val Loss: 0.035716  
	Train = MSE:0.032514 , RMSE:0.180317 , MAE:0.128276 , MAPD:0.684095, R_squared:0.999437  
	Validation = MSE:0.035716 , RMSE:0.188987 , MAE:0.136229 , MAPD:0.753173, R_squared:0.999357

2024-03-21 08:34:57,566 Epoch 168/300, Train Loss: 0.032145, Val Loss: 0.033835  
	Train = MSE:0.032151 , RMSE:0.179307 , MAE:0.127641 , MAPD:0.679740, R_squared:0.999443  
	Validation = MSE:0.033835 , RMSE:0.183943 , MAE:0.124396 , MAPD:0.687075, R_squared:0.999391

2024-03-21 08:35:11,555 Epoch 169/300, Train Loss: 0.032538, Val Loss: 0.034054  
	Train = MSE:0.032508 , RMSE:0.180300 , MAE:0.128268 , MAPD:0.683088, R_squared:0.999437  
	Validation = MSE:0.034054 , RMSE:0.184537 , MAE:0.123045 , MAPD:0.677032, R_squared:0.999387

2024-03-21 08:35:25,320 Epoch 170/300, Train Loss: 0.032642, Val Loss: 0.033781  
	Train = MSE:0.032642 , RMSE:0.180671 , MAE:0.128596 , MAPD:0.685158, R_squared:0.999435  
	Validation = MSE:0.033781 , RMSE:0.183796 , MAE:0.128166 , MAPD:0.720214, R_squared:0.999392

2024-03-21 08:35:41,217 Epoch 171/300, Train Loss: 0.032523, Val Loss: 0.033923  
	Train = MSE:0.032530 , RMSE:0.180360 , MAE:0.128299 , MAPD:0.685329, R_squared:0.999437  
	Validation = MSE:0.033923 , RMSE:0.184182 , MAE:0.131137 , MAPD:0.732649, R_squared:0.999390

2024-03-21 08:35:55,122 Epoch 172/300, Train Loss: 0.032304, Val Loss: 0.032328  
	Train = MSE:0.032311 , RMSE:0.179752 , MAE:0.128039 , MAPD:0.680428, R_squared:0.999441  
	Validation = MSE:0.032328 , RMSE:0.179800 , MAE:0.122973 , MAPD:0.678458, R_squared:0.999418

2024-03-21 08:36:06,847 Epoch 173/300, Train Loss: 0.031575, Val Loss: 0.038048  
	Train = MSE:0.031562 , RMSE:0.177657 , MAE:0.126007 , MAPD:0.669580, R_squared:0.999454  
	Validation = MSE:0.038048 , RMSE:0.195059 , MAE:0.148488 , MAPD:0.854292, R_squared:0.999315

2024-03-21 08:36:18,497 Epoch 174/300, Train Loss: 0.032024, Val Loss: 0.035106  
	Train = MSE:0.032030 , RMSE:0.178969 , MAE:0.126914 , MAPD:0.675747, R_squared:0.999446  
	Validation = MSE:0.035106 , RMSE:0.187365 , MAE:0.128283 , MAPD:0.712615, R_squared:0.999368

2024-03-21 08:36:30,272 Epoch 175/300, Train Loss: 0.031654, Val Loss: 0.033233  
	Train = MSE:0.031664 , RMSE:0.177944 , MAE:0.126626 , MAPD:0.674395, R_squared:0.999452  
	Validation = MSE:0.033233 , RMSE:0.182300 , MAE:0.123019 , MAPD:0.677269, R_squared:0.999402

2024-03-21 08:36:42,837 Epoch 176/300, Train Loss: 0.031208, Val Loss: 0.036952  
	Train = MSE:0.031210 , RMSE:0.176663 , MAE:0.125265 , MAPD:0.664920, R_squared:0.999460  
	Validation = MSE:0.036952 , RMSE:0.192230 , MAE:0.145814 , MAPD:0.833874, R_squared:0.999335

2024-03-21 08:36:54,580 Epoch 177/300, Train Loss: 0.031801, Val Loss: 0.034249  
	Train = MSE:0.031810 , RMSE:0.178355 , MAE:0.127457 , MAPD:0.679485, R_squared:0.999449  
	Validation = MSE:0.034249 , RMSE:0.185064 , MAE:0.134710 , MAPD:0.747360, R_squared:0.999384

2024-03-21 08:37:06,690 Epoch 178/300, Train Loss: 0.030836, Val Loss: 0.033370  
	Train = MSE:0.030845 , RMSE:0.175627 , MAE:0.125330 , MAPD:0.666876, R_squared:0.999466  
	Validation = MSE:0.033370 , RMSE:0.182674 , MAE:0.124297 , MAPD:0.689783, R_squared:0.999400

2024-03-21 08:37:20,008 Epoch 179/300, Train Loss: 0.031406, Val Loss: 0.033731  
	Train = MSE:0.031414 , RMSE:0.177241 , MAE:0.126167 , MAPD:0.670769, R_squared:0.999456  
	Validation = MSE:0.033731 , RMSE:0.183661 , MAE:0.133432 , MAPD:0.732132, R_squared:0.999393

2024-03-21 08:37:31,383 Epoch 180/300, Train Loss: 0.031123, Val Loss: 0.035290  
	Train = MSE:0.031132 , RMSE:0.176443 , MAE:0.126551 , MAPD:0.674055, R_squared:0.999461  
	Validation = MSE:0.035290 , RMSE:0.187855 , MAE:0.127308 , MAPD:0.696506, R_squared:0.999365

2024-03-21 08:37:42,765 Epoch 181/300, Train Loss: 0.030585, Val Loss: 0.031638  
	Train = MSE:0.030594 , RMSE:0.174912 , MAE:0.123830 , MAPD:0.658664, R_squared:0.999470  
	Validation = MSE:0.031638 , RMSE:0.177871 , MAE:0.119307 , MAPD:0.653882, R_squared:0.999431

2024-03-21 08:37:53,858 Epoch 182/300, Train Loss: 0.030014, Val Loss: 0.032985  
	Train = MSE:0.029992 , RMSE:0.173183 , MAE:0.123248 , MAPD:0.651165, R_squared:0.999481  
	Validation = MSE:0.032985 , RMSE:0.181617 , MAE:0.123413 , MAPD:0.678357, R_squared:0.999406

2024-03-21 08:38:04,306 Epoch 183/300, Train Loss: 0.030838, Val Loss: 0.035636  
	Train = MSE:0.030809 , RMSE:0.175525 , MAE:0.124086 , MAPD:0.658931, R_squared:0.999467  
	Validation = MSE:0.035636 , RMSE:0.188776 , MAE:0.141832 , MAPD:0.790381, R_squared:0.999359

2024-03-21 08:38:14,789 Epoch 184/300, Train Loss: 0.029902, Val Loss: 0.031172  
	Train = MSE:0.029887 , RMSE:0.172877 , MAE:0.122900 , MAPD:0.651165, R_squared:0.999483  
	Validation = MSE:0.031172 , RMSE:0.176556 , MAE:0.120533 , MAPD:0.661487, R_squared:0.999439

2024-03-21 08:38:25,286 Epoch 185/300, Train Loss: 0.030664, Val Loss: 0.030706  
	Train = MSE:0.030653 , RMSE:0.175081 , MAE:0.125475 , MAPD:0.669891, R_squared:0.999469  
	Validation = MSE:0.030706 , RMSE:0.175231 , MAE:0.117441 , MAPD:0.647423, R_squared:0.999447

2024-03-21 08:38:36,084 Epoch 186/300, Train Loss: 0.029775, Val Loss: 0.039693  
	Train = MSE:0.029782 , RMSE:0.172575 , MAE:0.122482 , MAPD:0.649574, R_squared:0.999484  
	Validation = MSE:0.039693 , RMSE:0.199232 , MAE:0.139969 , MAPD:0.767508, R_squared:0.999286

2024-03-21 08:38:47,029 Epoch 187/300, Train Loss: 0.029662, Val Loss: 0.030067  
	Train = MSE:0.029668 , RMSE:0.172245 , MAE:0.122012 , MAPD:0.646128, R_squared:0.999486  
	Validation = MSE:0.030067 , RMSE:0.173399 , MAE:0.117129 , MAPD:0.644932, R_squared:0.999459

2024-03-21 08:38:57,618 Epoch 188/300, Train Loss: 0.030069, Val Loss: 0.034352  
	Train = MSE:0.030076 , RMSE:0.173425 , MAE:0.124179 , MAPD:0.658559, R_squared:0.999479  
	Validation = MSE:0.034352 , RMSE:0.185344 , MAE:0.125356 , MAPD:0.692811, R_squared:0.999382

2024-03-21 08:39:08,211 Epoch 189/300, Train Loss: 0.029989, Val Loss: 0.030076  
	Train = MSE:0.029991 , RMSE:0.173178 , MAE:0.123714 , MAPD:0.660233, R_squared:0.999481  
	Validation = MSE:0.030076 , RMSE:0.173425 , MAE:0.118738 , MAPD:0.650965, R_squared:0.999459

2024-03-21 08:39:18,975 Epoch 190/300, Train Loss: 0.029486, Val Loss: 0.029617  
	Train = MSE:0.029486 , RMSE:0.171715 , MAE:0.122480 , MAPD:0.650278, R_squared:0.999490  
	Validation = MSE:0.029617 , RMSE:0.172095 , MAE:0.116310 , MAPD:0.641709, R_squared:0.999467

2024-03-21 08:39:29,795 Epoch 191/300, Train Loss: 0.029715, Val Loss: 0.032518  
	Train = MSE:0.029724 , RMSE:0.172406 , MAE:0.123564 , MAPD:0.654731, R_squared:0.999485  
	Validation = MSE:0.032518 , RMSE:0.180328 , MAE:0.120368 , MAPD:0.664029, R_squared:0.999415

2024-03-21 08:39:41,497 Epoch 192/300, Train Loss: 0.029568, Val Loss: 0.030482  
	Train = MSE:0.029576 , RMSE:0.171977 , MAE:0.122515 , MAPD:0.650570, R_squared:0.999488  
	Validation = MSE:0.030482 , RMSE:0.174592 , MAE:0.126424 , MAPD:0.707530, R_squared:0.999451

2024-03-21 08:39:52,284 Epoch 193/300, Train Loss: 0.028987, Val Loss: 0.035219  
	Train = MSE:0.028992 , RMSE:0.170272 , MAE:0.121253 , MAPD:0.645105, R_squared:0.999498  
	Validation = MSE:0.035219 , RMSE:0.187668 , MAE:0.131691 , MAPD:0.737960, R_squared:0.999366

2024-03-21 08:40:03,191 Epoch 194/300, Train Loss: 0.028913, Val Loss: 0.031219  
	Train = MSE:0.028921 , RMSE:0.170063 , MAE:0.121145 , MAPD:0.642149, R_squared:0.999499  
	Validation = MSE:0.031219 , RMSE:0.176688 , MAE:0.122900 , MAPD:0.672478, R_squared:0.999438

2024-03-21 08:40:13,813 Epoch 195/300, Train Loss: 0.028958, Val Loss: 0.030817  
	Train = MSE:0.028966 , RMSE:0.170194 , MAE:0.121767 , MAPD:0.646721, R_squared:0.999499  
	Validation = MSE:0.030817 , RMSE:0.175548 , MAE:0.121434 , MAPD:0.668557, R_squared:0.999445

2024-03-21 08:40:24,434 Epoch 196/300, Train Loss: 0.028872, Val Loss: 0.033478  
	Train = MSE:0.028880 , RMSE:0.169941 , MAE:0.121777 , MAPD:0.647793, R_squared:0.999500  
	Validation = MSE:0.033478 , RMSE:0.182970 , MAE:0.136821 , MAPD:0.742682, R_squared:0.999398

2024-03-21 08:40:35,378 Epoch 197/300, Train Loss: 0.028681, Val Loss: 0.031353  
	Train = MSE:0.028679 , RMSE:0.169350 , MAE:0.120358 , MAPD:0.637952, R_squared:0.999504  
	Validation = MSE:0.031353 , RMSE:0.177068 , MAE:0.129071 , MAPD:0.712168, R_squared:0.999436

2024-03-21 08:40:46,822 Epoch 198/300, Train Loss: 0.028430, Val Loss: 0.033359  
	Train = MSE:0.028438 , RMSE:0.168636 , MAE:0.121332 , MAPD:0.641922, R_squared:0.999508  
	Validation = MSE:0.033359 , RMSE:0.182645 , MAE:0.137182 , MAPD:0.751468, R_squared:0.999400

2024-03-21 08:40:56,880 Epoch 199/300, Train Loss: 0.028028, Val Loss: 0.028665  
	Train = MSE:0.028017 , RMSE:0.167383 , MAE:0.118084 , MAPD:0.625302, R_squared:0.999515  
	Validation = MSE:0.028665 , RMSE:0.169307 , MAE:0.113889 , MAPD:0.625983, R_squared:0.999484

2024-03-21 08:41:06,194 Epoch 200/300, Train Loss: 0.028069, Val Loss: 0.029251  
	Train = MSE:0.028068 , RMSE:0.167534 , MAE:0.118998 , MAPD:0.628626, R_squared:0.999514  
	Validation = MSE:0.029251 , RMSE:0.171030 , MAE:0.121027 , MAPD:0.660840, R_squared:0.999474

2024-03-21 08:41:15,856 Epoch 201/300, Train Loss: 0.027916, Val Loss: 0.035996  
	Train = MSE:0.027915 , RMSE:0.167079 , MAE:0.118902 , MAPD:0.627795, R_squared:0.999517  
	Validation = MSE:0.035996 , RMSE:0.189727 , MAE:0.137168 , MAPD:0.771455, R_squared:0.999352

2024-03-21 08:41:26,337 Epoch 202/300, Train Loss: 0.028384, Val Loss: 0.029085  
	Train = MSE:0.028388 , RMSE:0.168487 , MAE:0.120454 , MAPD:0.637710, R_squared:0.999509  
	Validation = MSE:0.029085 , RMSE:0.170544 , MAE:0.120939 , MAPD:0.658648, R_squared:0.999477

2024-03-21 08:41:36,265 Epoch 203/300, Train Loss: 0.027781, Val Loss: 0.027508  
	Train = MSE:0.027786 , RMSE:0.166692 , MAE:0.117934 , MAPD:0.621135, R_squared:0.999519  
	Validation = MSE:0.027508 , RMSE:0.165856 , MAE:0.112021 , MAPD:0.613333, R_squared:0.999505

2024-03-21 08:41:45,701 Epoch 204/300, Train Loss: 0.027499, Val Loss: 0.028537  
	Train = MSE:0.027495 , RMSE:0.165815 , MAE:0.117715 , MAPD:0.620262, R_squared:0.999524  
	Validation = MSE:0.028537 , RMSE:0.168928 , MAE:0.117962 , MAPD:0.638274, R_squared:0.999487

2024-03-21 08:41:55,124 Epoch 205/300, Train Loss: 0.027562, Val Loss: 0.027739  
	Train = MSE:0.027571 , RMSE:0.166044 , MAE:0.118133 , MAPD:0.623493, R_squared:0.999523  
	Validation = MSE:0.027739 , RMSE:0.166551 , MAE:0.113434 , MAPD:0.621012, R_squared:0.999501

2024-03-21 08:42:04,587 Epoch 206/300, Train Loss: 0.027550, Val Loss: 0.035062  
	Train = MSE:0.027552 , RMSE:0.165989 , MAE:0.118692 , MAPD:0.631172, R_squared:0.999523  
	Validation = MSE:0.035062 , RMSE:0.187247 , MAE:0.133037 , MAPD:0.749953, R_squared:0.999369

2024-03-21 08:42:13,992 Epoch 207/300, Train Loss: 0.027073, Val Loss: 0.027650  
	Train = MSE:0.027081 , RMSE:0.164564 , MAE:0.117277 , MAPD:0.621884, R_squared:0.999531  
	Validation = MSE:0.027650 , RMSE:0.166283 , MAE:0.114518 , MAPD:0.623932, R_squared:0.999502

2024-03-21 08:42:23,861 Epoch 208/300, Train Loss: 0.027426, Val Loss: 0.027370  
	Train = MSE:0.027434 , RMSE:0.165633 , MAE:0.118091 , MAPD:0.618976, R_squared:0.999525  
	Validation = MSE:0.027370 , RMSE:0.165438 , MAE:0.110620 , MAPD:0.604839, R_squared:0.999508

2024-03-21 08:42:33,055 Epoch 209/300, Train Loss: 0.026735, Val Loss: 0.027424  
	Train = MSE:0.026741 , RMSE:0.163528 , MAE:0.116990 , MAPD:0.614923, R_squared:0.999537  
	Validation = MSE:0.027424 , RMSE:0.165603 , MAE:0.112162 , MAPD:0.611468, R_squared:0.999507

2024-03-21 08:42:41,316 Epoch 210/300, Train Loss: 0.026668, Val Loss: 0.029743  
	Train = MSE:0.026672 , RMSE:0.163315 , MAE:0.115297 , MAPD:0.606950, R_squared:0.999538  
	Validation = MSE:0.029743 , RMSE:0.172461 , MAE:0.121274 , MAPD:0.648114, R_squared:0.999465

2024-03-21 08:42:49,460 Epoch 211/300, Train Loss: 0.027132, Val Loss: 0.029427  
	Train = MSE:0.027140 , RMSE:0.164743 , MAE:0.117419 , MAPD:0.617911, R_squared:0.999530  
	Validation = MSE:0.029427 , RMSE:0.171542 , MAE:0.117297 , MAPD:0.646674, R_squared:0.999470

2024-03-21 08:42:58,616 Epoch 212/300, Train Loss: 0.026605, Val Loss: 0.028940  
	Train = MSE:0.026613 , RMSE:0.163134 , MAE:0.116480 , MAPD:0.614232, R_squared:0.999539  
	Validation = MSE:0.028940 , RMSE:0.170118 , MAE:0.122253 , MAPD:0.686152, R_squared:0.999479

2024-03-21 08:43:06,920 Epoch 213/300, Train Loss: 0.027240, Val Loss: 0.030759  
	Train = MSE:0.027249 , RMSE:0.165071 , MAE:0.117559 , MAPD:0.622279, R_squared:0.999528  
	Validation = MSE:0.030759 , RMSE:0.175383 , MAE:0.123875 , MAPD:0.679517, R_squared:0.999447

2024-03-21 08:43:15,085 Epoch 214/300, Train Loss: 0.026689, Val Loss: 0.027373  
	Train = MSE:0.026695 , RMSE:0.163386 , MAE:0.116261 , MAPD:0.613847, R_squared:0.999538  
	Validation = MSE:0.027373 , RMSE:0.165448 , MAE:0.114131 , MAPD:0.622117, R_squared:0.999507

2024-03-21 08:43:23,138 Epoch 215/300, Train Loss: 0.026866, Val Loss: 0.027187  
	Train = MSE:0.026872 , RMSE:0.163927 , MAE:0.117279 , MAPD:0.619254, R_squared:0.999535  
	Validation = MSE:0.027187 , RMSE:0.164883 , MAE:0.115274 , MAPD:0.645043, R_squared:0.999511

2024-03-21 08:43:31,538 Epoch 216/300, Train Loss: 0.026325, Val Loss: 0.026932  
	Train = MSE:0.026327 , RMSE:0.162257 , MAE:0.115865 , MAPD:0.608778, R_squared:0.999544  
	Validation = MSE:0.026932 , RMSE:0.164109 , MAE:0.113532 , MAPD:0.619002, R_squared:0.999515

2024-03-21 08:43:39,605 Epoch 217/300, Train Loss: 0.026538, Val Loss: 0.026689  
	Train = MSE:0.026536 , RMSE:0.162898 , MAE:0.116188 , MAPD:0.611492, R_squared:0.999541  
	Validation = MSE:0.026689 , RMSE:0.163366 , MAE:0.115046 , MAPD:0.637183, R_squared:0.999520

2024-03-21 08:43:47,687 Epoch 218/300, Train Loss: 0.026548, Val Loss: 0.026557  
	Train = MSE:0.026555 , RMSE:0.162957 , MAE:0.115444 , MAPD:0.610992, R_squared:0.999540  
	Validation = MSE:0.026557 , RMSE:0.162962 , MAE:0.112411 , MAPD:0.612598, R_squared:0.999522

2024-03-21 08:43:55,934 Epoch 219/300, Train Loss: 0.026267, Val Loss: 0.026745  
	Train = MSE:0.026275 , RMSE:0.162095 , MAE:0.115197 , MAPD:0.608718, R_squared:0.999545  
	Validation = MSE:0.026745 , RMSE:0.163540 , MAE:0.111615 , MAPD:0.612635, R_squared:0.999519

2024-03-21 08:44:04,008 Epoch 220/300, Train Loss: 0.026163, Val Loss: 0.026955  
	Train = MSE:0.026170 , RMSE:0.161773 , MAE:0.115348 , MAPD:0.611679, R_squared:0.999547  
	Validation = MSE:0.026955 , RMSE:0.164180 , MAE:0.110914 , MAPD:0.610428, R_squared:0.999515

2024-03-21 08:44:12,103 Epoch 221/300, Train Loss: 0.025594, Val Loss: 0.025899  
	Train = MSE:0.025596 , RMSE:0.159987 , MAE:0.114270 , MAPD:0.599886, R_squared:0.999557  
	Validation = MSE:0.025899 , RMSE:0.160933 , MAE:0.107238 , MAPD:0.588191, R_squared:0.999534

2024-03-21 08:44:21,745 Epoch 222/300, Train Loss: 0.025574, Val Loss: 0.026905  
	Train = MSE:0.025580 , RMSE:0.159937 , MAE:0.113734 , MAPD:0.597738, R_squared:0.999557  
	Validation = MSE:0.026905 , RMSE:0.164028 , MAE:0.113342 , MAPD:0.637227, R_squared:0.999516

2024-03-21 08:44:29,861 Epoch 223/300, Train Loss: 0.025694, Val Loss: 0.028424  
	Train = MSE:0.025702 , RMSE:0.160318 , MAE:0.113509 , MAPD:0.599279, R_squared:0.999555  
	Validation = MSE:0.028424 , RMSE:0.168595 , MAE:0.119604 , MAPD:0.663920, R_squared:0.999489

2024-03-21 08:44:37,961 Epoch 224/300, Train Loss: 0.025405, Val Loss: 0.026893  
	Train = MSE:0.025399 , RMSE:0.159371 , MAE:0.113349 , MAPD:0.597069, R_squared:0.999560  
	Validation = MSE:0.026893 , RMSE:0.163992 , MAE:0.117419 , MAPD:0.642999, R_squared:0.999516

2024-03-21 08:44:46,034 Epoch 225/300, Train Loss: 0.025435, Val Loss: 0.027243  
	Train = MSE:0.025443 , RMSE:0.159509 , MAE:0.114512 , MAPD:0.605595, R_squared:0.999560  
	Validation = MSE:0.027243 , RMSE:0.165053 , MAE:0.113484 , MAPD:0.622583, R_squared:0.999510

2024-03-21 08:44:54,184 Epoch 226/300, Train Loss: 0.025952, Val Loss: 0.026416  
	Train = MSE:0.025960 , RMSE:0.161120 , MAE:0.115420 , MAPD:0.609475, R_squared:0.999551  
	Validation = MSE:0.026416 , RMSE:0.162531 , MAE:0.106675 , MAPD:0.579910, R_squared:0.999525

2024-03-21 08:45:02,638 Epoch 227/300, Train Loss: 0.025382, Val Loss: 0.029463  
	Train = MSE:0.025378 , RMSE:0.159304 , MAE:0.113636 , MAPD:0.598496, R_squared:0.999561  
	Validation = MSE:0.029463 , RMSE:0.171647 , MAE:0.130426 , MAPD:0.732164, R_squared:0.999470

2024-03-21 08:45:10,807 Epoch 228/300, Train Loss: 0.024829, Val Loss: 0.026320  
	Train = MSE:0.024835 , RMSE:0.157593 , MAE:0.113360 , MAPD:0.597724, R_squared:0.999570  
	Validation = MSE:0.026320 , RMSE:0.162234 , MAE:0.108052 , MAPD:0.593787, R_squared:0.999526

2024-03-21 08:45:19,137 Epoch 229/300, Train Loss: 0.024992, Val Loss: 0.031843  
	Train = MSE:0.024999 , RMSE:0.158112 , MAE:0.112281 , MAPD:0.592286, R_squared:0.999567  
	Validation = MSE:0.031843 , RMSE:0.178446 , MAE:0.123410 , MAPD:0.681109, R_squared:0.999427

2024-03-21 08:45:27,339 Epoch 230/300, Train Loss: 0.025079, Val Loss: 0.027389  
	Train = MSE:0.025086 , RMSE:0.158387 , MAE:0.113044 , MAPD:0.597664, R_squared:0.999566  
	Validation = MSE:0.027389 , RMSE:0.165496 , MAE:0.110633 , MAPD:0.603196, R_squared:0.999507

2024-03-21 08:45:35,642 Epoch 231/300, Train Loss: 0.025133, Val Loss: 0.025548  
	Train = MSE:0.025133 , RMSE:0.158533 , MAE:0.112999 , MAPD:0.595039, R_squared:0.999565  
	Validation = MSE:0.025548 , RMSE:0.159839 , MAE:0.107524 , MAPD:0.586001, R_squared:0.999540

2024-03-21 08:45:44,845 Epoch 232/300, Train Loss: 0.025099, Val Loss: 0.024720  
	Train = MSE:0.025106 , RMSE:0.158450 , MAE:0.113776 , MAPD:0.600842, R_squared:0.999565  
	Validation = MSE:0.024720 , RMSE:0.157225 , MAE:0.107403 , MAPD:0.584081, R_squared:0.999555

2024-03-21 08:45:53,328 Epoch 233/300, Train Loss: 0.024661, Val Loss: 0.025266  
	Train = MSE:0.024666 , RMSE:0.157056 , MAE:0.111895 , MAPD:0.588146, R_squared:0.999573  
	Validation = MSE:0.025266 , RMSE:0.158954 , MAE:0.106251 , MAPD:0.580588, R_squared:0.999545

2024-03-21 08:46:01,390 Epoch 234/300, Train Loss: 0.024728, Val Loss: 0.025232  
	Train = MSE:0.024727 , RMSE:0.157249 , MAE:0.112697 , MAPD:0.593704, R_squared:0.999572  
	Validation = MSE:0.025232 , RMSE:0.158845 , MAE:0.105762 , MAPD:0.579847, R_squared:0.999546

2024-03-21 08:46:09,620 Epoch 235/300, Train Loss: 0.024510, Val Loss: 0.039235  
	Train = MSE:0.024518 , RMSE:0.156581 , MAE:0.112284 , MAPD:0.591454, R_squared:0.999576  
	Validation = MSE:0.039235 , RMSE:0.198078 , MAE:0.147082 , MAPD:0.831796, R_squared:0.999294

2024-03-21 08:46:17,825 Epoch 236/300, Train Loss: 0.024470, Val Loss: 0.027508  
	Train = MSE:0.024469 , RMSE:0.156426 , MAE:0.110957 , MAPD:0.582672, R_squared:0.999576  
	Validation = MSE:0.027508 , RMSE:0.165855 , MAE:0.112643 , MAPD:0.630265, R_squared:0.999505

2024-03-21 08:46:25,972 Epoch 237/300, Train Loss: 0.024492, Val Loss: 0.024325  
	Train = MSE:0.024500 , RMSE:0.156525 , MAE:0.110930 , MAPD:0.583745, R_squared:0.999576  
	Validation = MSE:0.024325 , RMSE:0.155965 , MAE:0.106162 , MAPD:0.577886, R_squared:0.999562

2024-03-21 08:46:34,106 Epoch 238/300, Train Loss: 0.024193, Val Loss: 0.031392  
	Train = MSE:0.024166 , RMSE:0.155454 , MAE:0.110415 , MAPD:0.581276, R_squared:0.999582  
	Validation = MSE:0.031392 , RMSE:0.177177 , MAE:0.139800 , MAPD:0.798999, R_squared:0.999435

2024-03-21 08:46:42,229 Epoch 239/300, Train Loss: 0.024107, Val Loss: 0.024812  
	Train = MSE:0.024109 , RMSE:0.155271 , MAE:0.110240 , MAPD:0.577348, R_squared:0.999583  
	Validation = MSE:0.024812 , RMSE:0.157519 , MAE:0.106905 , MAPD:0.585778, R_squared:0.999554

2024-03-21 08:46:50,422 Epoch 240/300, Train Loss: 0.023982, Val Loss: 0.024610  
	Train = MSE:0.023987 , RMSE:0.154878 , MAE:0.109636 , MAPD:0.575446, R_squared:0.999585  
	Validation = MSE:0.024610 , RMSE:0.156876 , MAE:0.105984 , MAPD:0.579878, R_squared:0.999557

2024-03-21 08:46:58,616 Epoch 241/300, Train Loss: 0.024094, Val Loss: 0.026694  
	Train = MSE:0.024101 , RMSE:0.155245 , MAE:0.110316 , MAPD:0.579810, R_squared:0.999583  
	Validation = MSE:0.026694 , RMSE:0.163383 , MAE:0.110269 , MAPD:0.594623, R_squared:0.999520

2024-03-21 08:47:07,871 Epoch 242/300, Train Loss: 0.023929, Val Loss: 0.025666  
	Train = MSE:0.023936 , RMSE:0.154713 , MAE:0.110581 , MAPD:0.582825, R_squared:0.999586  
	Validation = MSE:0.025666 , RMSE:0.160207 , MAE:0.106482 , MAPD:0.581713, R_squared:0.999538

2024-03-21 08:47:16,356 Epoch 243/300, Train Loss: 0.024101, Val Loss: 0.024376  
	Train = MSE:0.024107 , RMSE:0.155263 , MAE:0.110112 , MAPD:0.580737, R_squared:0.999583  
	Validation = MSE:0.024376 , RMSE:0.156130 , MAE:0.105480 , MAPD:0.577155, R_squared:0.999561

2024-03-21 08:47:24,510 Epoch 244/300, Train Loss: 0.023726, Val Loss: 0.025617  
	Train = MSE:0.023646 , RMSE:0.153773 , MAE:0.108994 , MAPD:0.574893, R_squared:0.999591  
	Validation = MSE:0.025617 , RMSE:0.160054 , MAE:0.111641 , MAPD:0.600230, R_squared:0.999539

2024-03-21 08:47:32,744 Epoch 245/300, Train Loss: 0.024007, Val Loss: 0.023751  
	Train = MSE:0.024014 , RMSE:0.154963 , MAE:0.111151 , MAPD:0.587624, R_squared:0.999584  
	Validation = MSE:0.023751 , RMSE:0.154114 , MAE:0.106016 , MAPD:0.590518, R_squared:0.999573

2024-03-21 08:47:40,895 Epoch 246/300, Train Loss: 0.023930, Val Loss: 0.024881  
	Train = MSE:0.023929 , RMSE:0.154689 , MAE:0.110015 , MAPD:0.577702, R_squared:0.999586  
	Validation = MSE:0.024881 , RMSE:0.157736 , MAE:0.105928 , MAPD:0.579988, R_squared:0.999552

2024-03-21 08:47:49,116 Epoch 247/300, Train Loss: 0.023325, Val Loss: 0.025606  
	Train = MSE:0.023332 , RMSE:0.152747 , MAE:0.109801 , MAPD:0.574187, R_squared:0.999596  
	Validation = MSE:0.025606 , RMSE:0.160018 , MAE:0.111350 , MAPD:0.595663, R_squared:0.999539

2024-03-21 08:47:57,187 Epoch 248/300, Train Loss: 0.023614, Val Loss: 0.026834  
	Train = MSE:0.023619 , RMSE:0.153684 , MAE:0.110109 , MAPD:0.577870, R_squared:0.999591  
	Validation = MSE:0.026834 , RMSE:0.163810 , MAE:0.123066 , MAPD:0.681960, R_squared:0.999517

2024-03-21 08:48:05,466 Epoch 249/300, Train Loss: 0.023254, Val Loss: 0.026199  
	Train = MSE:0.023262 , RMSE:0.152518 , MAE:0.108771 , MAPD:0.571220, R_squared:0.999597  
	Validation = MSE:0.026199 , RMSE:0.161860 , MAE:0.115387 , MAPD:0.608469, R_squared:0.999529

2024-03-21 08:48:13,750 Epoch 250/300, Train Loss: 0.023704, Val Loss: 0.025585  
	Train = MSE:0.023708 , RMSE:0.153973 , MAE:0.110183 , MAPD:0.579190, R_squared:0.999590  
	Validation = MSE:0.025585 , RMSE:0.159952 , MAE:0.112297 , MAPD:0.595136, R_squared:0.999540

2024-03-21 08:48:22,037 Epoch 251/300, Train Loss: 0.023785, Val Loss: 0.023633  
	Train = MSE:0.023789 , RMSE:0.154238 , MAE:0.110669 , MAPD:0.585545, R_squared:0.999588  
	Validation = MSE:0.023633 , RMSE:0.153731 , MAE:0.107083 , MAPD:0.588857, R_squared:0.999575

2024-03-21 08:48:31,263 Epoch 252/300, Train Loss: 0.023220, Val Loss: 0.023242  
	Train = MSE:0.023226 , RMSE:0.152399 , MAE:0.109205 , MAPD:0.574517, R_squared:0.999598  
	Validation = MSE:0.023242 , RMSE:0.152452 , MAE:0.101998 , MAPD:0.556138, R_squared:0.999582

2024-03-21 08:48:39,324 Epoch 253/300, Train Loss: 0.023176, Val Loss: 0.023708  
	Train = MSE:0.023176 , RMSE:0.152237 , MAE:0.108299 , MAPD:0.568639, R_squared:0.999599  
	Validation = MSE:0.023708 , RMSE:0.153974 , MAE:0.107303 , MAPD:0.581447, R_squared:0.999573

2024-03-21 08:48:47,438 Epoch 254/300, Train Loss: 0.023180, Val Loss: 0.022990  
	Train = MSE:0.023186 , RMSE:0.152269 , MAE:0.108441 , MAPD:0.571865, R_squared:0.999599  
	Validation = MSE:0.022990 , RMSE:0.151624 , MAE:0.102924 , MAPD:0.561301, R_squared:0.999586

2024-03-21 08:48:55,531 Epoch 255/300, Train Loss: 0.022911, Val Loss: 0.024166  
	Train = MSE:0.022918 , RMSE:0.151386 , MAE:0.108178 , MAPD:0.568575, R_squared:0.999603  
	Validation = MSE:0.024166 , RMSE:0.155455 , MAE:0.104256 , MAPD:0.572354, R_squared:0.999565

2024-03-21 08:49:03,619 Epoch 256/300, Train Loss: 0.022827, Val Loss: 0.023249  
	Train = MSE:0.022834 , RMSE:0.151109 , MAE:0.107360 , MAPD:0.566202, R_squared:0.999605  
	Validation = MSE:0.023249 , RMSE:0.152475 , MAE:0.101374 , MAPD:0.552821, R_squared:0.999582

2024-03-21 08:49:11,781 Epoch 257/300, Train Loss: 0.022968, Val Loss: 0.023690  
	Train = MSE:0.022973 , RMSE:0.151567 , MAE:0.108426 , MAPD:0.569887, R_squared:0.999602  
	Validation = MSE:0.023690 , RMSE:0.153916 , MAE:0.107039 , MAPD:0.597722, R_squared:0.999574

2024-03-21 08:49:19,851 Epoch 258/300, Train Loss: 0.022751, Val Loss: 0.025324  
	Train = MSE:0.022746 , RMSE:0.150816 , MAE:0.108563 , MAPD:0.571940, R_squared:0.999606  
	Validation = MSE:0.025324 , RMSE:0.159136 , MAE:0.106010 , MAPD:0.570075, R_squared:0.999544

2024-03-21 08:49:28,182 Epoch 259/300, Train Loss: 0.022575, Val Loss: 0.024213  
	Train = MSE:0.022582 , RMSE:0.150272 , MAE:0.107102 , MAPD:0.560676, R_squared:0.999609  
	Validation = MSE:0.024213 , RMSE:0.155607 , MAE:0.109023 , MAPD:0.576376, R_squared:0.999564

2024-03-21 08:49:36,433 Epoch 260/300, Train Loss: 0.022847, Val Loss: 0.024354  
	Train = MSE:0.022852 , RMSE:0.151169 , MAE:0.107542 , MAPD:0.564632, R_squared:0.999604  
	Validation = MSE:0.024354 , RMSE:0.156058 , MAE:0.105495 , MAPD:0.582478, R_squared:0.999562

2024-03-21 08:49:43,706 Epoch 261/300, Train Loss: 0.022491, Val Loss: 0.022748  
	Train = MSE:0.022482 , RMSE:0.149941 , MAE:0.106224 , MAPD:0.558577, R_squared:0.999611  
	Validation = MSE:0.022748 , RMSE:0.150824 , MAE:0.105280 , MAPD:0.578095, R_squared:0.999591

2024-03-21 08:49:51,404 Epoch 262/300, Train Loss: 0.022830, Val Loss: 0.022552  
	Train = MSE:0.022829 , RMSE:0.151093 , MAE:0.107421 , MAPD:0.563698, R_squared:0.999605  
	Validation = MSE:0.022552 , RMSE:0.150173 , MAE:0.099831 , MAPD:0.542877, R_squared:0.999594

2024-03-21 08:49:58,120 Epoch 263/300, Train Loss: 0.022560, Val Loss: 0.025484  
	Train = MSE:0.022565 , RMSE:0.150216 , MAE:0.106732 , MAPD:0.562279, R_squared:0.999609  
	Validation = MSE:0.025484 , RMSE:0.159637 , MAE:0.106351 , MAPD:0.569012, R_squared:0.999541

2024-03-21 08:50:04,668 Epoch 264/300, Train Loss: 0.022356, Val Loss: 0.034382  
	Train = MSE:0.022363 , RMSE:0.149542 , MAE:0.105812 , MAPD:0.555629, R_squared:0.999613  
	Validation = MSE:0.034382 , RMSE:0.185423 , MAE:0.151068 , MAPD:0.886058, R_squared:0.999381

2024-03-21 08:50:11,096 Epoch 265/300, Train Loss: 0.022379, Val Loss: 0.028354  
	Train = MSE:0.022367 , RMSE:0.149557 , MAE:0.106563 , MAPD:0.556458, R_squared:0.999613  
	Validation = MSE:0.028354 , RMSE:0.168387 , MAE:0.117468 , MAPD:0.648466, R_squared:0.999490

2024-03-21 08:50:17,385 Epoch 266/300, Train Loss: 0.022450, Val Loss: 0.026600  
	Train = MSE:0.022448 , RMSE:0.149826 , MAE:0.106746 , MAPD:0.560013, R_squared:0.999611  
	Validation = MSE:0.026600 , RMSE:0.163097 , MAE:0.113032 , MAPD:0.630032, R_squared:0.999521

2024-03-21 08:50:22,399 Epoch 267/300, Train Loss: 0.022293, Val Loss: 0.023098  
	Train = MSE:0.022300 , RMSE:0.149330 , MAE:0.106153 , MAPD:0.557913, R_squared:0.999614  
	Validation = MSE:0.023098 , RMSE:0.151980 , MAE:0.103511 , MAPD:0.566434, R_squared:0.999584

2024-03-21 08:50:27,848 Epoch 268/300, Train Loss: 0.022376, Val Loss: 0.025155  
	Train = MSE:0.022380 , RMSE:0.149599 , MAE:0.106665 , MAPD:0.561491, R_squared:0.999613  
	Validation = MSE:0.025155 , RMSE:0.158604 , MAE:0.109151 , MAPD:0.601678, R_squared:0.999547

2024-03-21 08:50:33,344 Epoch 269/300, Train Loss: 0.022093, Val Loss: 0.026630  
	Train = MSE:0.022099 , RMSE:0.148657 , MAE:0.105347 , MAPD:0.549980, R_squared:0.999617  
	Validation = MSE:0.026630 , RMSE:0.163187 , MAE:0.125955 , MAPD:0.721451, R_squared:0.999521

2024-03-21 08:50:38,545 Epoch 270/300, Train Loss: 0.022119, Val Loss: 0.022121  
	Train = MSE:0.022123 , RMSE:0.148740 , MAE:0.105542 , MAPD:0.552825, R_squared:0.999617  
	Validation = MSE:0.022121 , RMSE:0.148732 , MAE:0.101016 , MAPD:0.550135, R_squared:0.999602

2024-03-21 08:50:43,840 Epoch 271/300, Train Loss: 0.022101, Val Loss: 0.025897  
	Train = MSE:0.022108 , RMSE:0.148686 , MAE:0.105851 , MAPD:0.555307, R_squared:0.999617  
	Validation = MSE:0.025897 , RMSE:0.160924 , MAE:0.118901 , MAPD:0.635251, R_squared:0.999534

2024-03-21 08:50:51,146 Epoch 272/300, Train Loss: 0.021825, Val Loss: 0.023081  
	Train = MSE:0.021831 , RMSE:0.147753 , MAE:0.105822 , MAPD:0.554095, R_squared:0.999622  
	Validation = MSE:0.023081 , RMSE:0.151924 , MAE:0.100109 , MAPD:0.542623, R_squared:0.999585

2024-03-21 08:50:56,792 Epoch 273/300, Train Loss: 0.021842, Val Loss: 0.024306  
	Train = MSE:0.021836 , RMSE:0.147769 , MAE:0.105029 , MAPD:0.548805, R_squared:0.999622  
	Validation = MSE:0.024306 , RMSE:0.155905 , MAE:0.107659 , MAPD:0.592318, R_squared:0.999563

2024-03-21 08:51:02,529 Epoch 274/300, Train Loss: 0.021593, Val Loss: 0.028142  
	Train = MSE:0.021593 , RMSE:0.146944 , MAE:0.103839 , MAPD:0.543952, R_squared:0.999626  
	Validation = MSE:0.028142 , RMSE:0.167756 , MAE:0.131349 , MAPD:0.727009, R_squared:0.999494

2024-03-21 08:51:07,700 Epoch 275/300, Train Loss: 0.021499, Val Loss: 0.021917  
	Train = MSE:0.021495 , RMSE:0.146613 , MAE:0.104870 , MAPD:0.548531, R_squared:0.999628  
	Validation = MSE:0.021917 , RMSE:0.148043 , MAE:0.098635 , MAPD:0.537555, R_squared:0.999606

2024-03-21 08:51:13,129 Epoch 276/300, Train Loss: 0.021838, Val Loss: 0.022282  
	Train = MSE:0.021841 , RMSE:0.147787 , MAE:0.105295 , MAPD:0.552688, R_squared:0.999622  
	Validation = MSE:0.022282 , RMSE:0.149271 , MAE:0.101275 , MAPD:0.554067, R_squared:0.999599

2024-03-21 08:51:18,663 Epoch 277/300, Train Loss: 0.021189, Val Loss: 0.024619  
	Train = MSE:0.021193 , RMSE:0.145578 , MAE:0.103180 , MAPD:0.540365, R_squared:0.999633  
	Validation = MSE:0.024619 , RMSE:0.156904 , MAE:0.106475 , MAPD:0.583820, R_squared:0.999557

2024-03-21 08:51:24,372 Epoch 278/300, Train Loss: 0.021518, Val Loss: 0.023384  
	Train = MSE:0.021513 , RMSE:0.146674 , MAE:0.105330 , MAPD:0.554043, R_squared:0.999628  
	Validation = MSE:0.023384 , RMSE:0.152918 , MAE:0.110992 , MAPD:0.602267, R_squared:0.999579

2024-03-21 08:51:29,527 Epoch 279/300, Train Loss: 0.021329, Val Loss: 0.022323  
	Train = MSE:0.021331 , RMSE:0.146052 , MAE:0.103943 , MAPD:0.545576, R_squared:0.999631  
	Validation = MSE:0.022323 , RMSE:0.149408 , MAE:0.101466 , MAPD:0.552439, R_squared:0.999598

2024-03-21 08:51:35,111 Epoch 280/300, Train Loss: 0.021390, Val Loss: 0.022955  
	Train = MSE:0.021397 , RMSE:0.146276 , MAE:0.104491 , MAPD:0.545648, R_squared:0.999630  
	Validation = MSE:0.022955 , RMSE:0.151508 , MAE:0.101103 , MAPD:0.549219, R_squared:0.999587

2024-03-21 08:51:40,496 Epoch 281/300, Train Loss: 0.021650, Val Loss: 0.022000  
	Train = MSE:0.021656 , RMSE:0.147160 , MAE:0.106077 , MAPD:0.558757, R_squared:0.999625  
	Validation = MSE:0.022000 , RMSE:0.148324 , MAE:0.099024 , MAPD:0.537033, R_squared:0.999604

2024-03-21 08:51:47,001 Epoch 282/300, Train Loss: 0.021601, Val Loss: 0.032984  
	Train = MSE:0.021604 , RMSE:0.146984 , MAE:0.105093 , MAPD:0.553488, R_squared:0.999626  
	Validation = MSE:0.032984 , RMSE:0.181616 , MAE:0.145137 , MAPD:0.777913, R_squared:0.999406

2024-03-21 08:51:52,678 Epoch 283/300, Train Loss: 0.021578, Val Loss: 0.023119  
	Train = MSE:0.021578 , RMSE:0.146895 , MAE:0.105350 , MAPD:0.552507, R_squared:0.999626  
	Validation = MSE:0.023119 , RMSE:0.152051 , MAE:0.110541 , MAPD:0.619701, R_squared:0.999584

2024-03-21 08:51:57,257 Epoch 284/300, Train Loss: 0.020884, Val Loss: 0.021551  
	Train = MSE:0.020890 , RMSE:0.144534 , MAE:0.102839 , MAPD:0.538194, R_squared:0.999638  
	Validation = MSE:0.021551 , RMSE:0.146802 , MAE:0.102112 , MAPD:0.566994, R_squared:0.999612

2024-03-21 08:52:02,820 Epoch 285/300, Train Loss: 0.021756, Val Loss: 0.027778  
	Train = MSE:0.021761 , RMSE:0.147518 , MAE:0.105627 , MAPD:0.558671, R_squared:0.999623  
	Validation = MSE:0.027778 , RMSE:0.166667 , MAE:0.131828 , MAPD:0.740846, R_squared:0.999500

2024-03-21 08:52:08,454 Epoch 286/300, Train Loss: 0.020900, Val Loss: 0.021209  
	Train = MSE:0.020906 , RMSE:0.144589 , MAE:0.103624 , MAPD:0.546023, R_squared:0.999638  
	Validation = MSE:0.021209 , RMSE:0.145633 , MAE:0.099962 , MAPD:0.542848, R_squared:0.999618

2024-03-21 08:52:13,830 Epoch 287/300, Train Loss: 0.021079, Val Loss: 0.023440  
	Train = MSE:0.021085 , RMSE:0.145207 , MAE:0.103688 , MAPD:0.543157, R_squared:0.999635  
	Validation = MSE:0.023440 , RMSE:0.153103 , MAE:0.102873 , MAPD:0.565729, R_squared:0.999578

2024-03-21 08:52:19,568 Epoch 288/300, Train Loss: 0.021049, Val Loss: 0.021655  
	Train = MSE:0.021054 , RMSE:0.145100 , MAE:0.104440 , MAPD:0.549635, R_squared:0.999636  
	Validation = MSE:0.021655 , RMSE:0.147155 , MAE:0.098780 , MAPD:0.540383, R_squared:0.999610

2024-03-21 08:52:24,953 Epoch 289/300, Train Loss: 0.020611, Val Loss: 0.024255  
	Train = MSE:0.020617 , RMSE:0.143585 , MAE:0.102427 , MAPD:0.535068, R_squared:0.999643  
	Validation = MSE:0.024255 , RMSE:0.155741 , MAE:0.109947 , MAPD:0.609614, R_squared:0.999564

2024-03-21 08:52:30,508 Epoch 290/300, Train Loss: 0.020881, Val Loss: 0.021281  
	Train = MSE:0.020887 , RMSE:0.144524 , MAE:0.103690 , MAPD:0.544204, R_squared:0.999638  
	Validation = MSE:0.021281 , RMSE:0.145879 , MAE:0.101717 , MAPD:0.546211, R_squared:0.999617

2024-03-21 08:52:36,195 Epoch 291/300, Train Loss: 0.020549, Val Loss: 0.028301  
	Train = MSE:0.020553 , RMSE:0.143363 , MAE:0.102974 , MAPD:0.539034, R_squared:0.999644  
	Validation = MSE:0.028301 , RMSE:0.168229 , MAE:0.121827 , MAPD:0.681592, R_squared:0.999491

2024-03-21 08:52:42,407 Epoch 292/300, Train Loss: 0.020521, Val Loss: 0.020913  
	Train = MSE:0.020526 , RMSE:0.143270 , MAE:0.101792 , MAPD:0.533050, R_squared:0.999645  
	Validation = MSE:0.020913 , RMSE:0.144614 , MAE:0.098433 , MAPD:0.540058, R_squared:0.999624

2024-03-21 08:52:47,527 Epoch 293/300, Train Loss: 0.020757, Val Loss: 0.025403  
	Train = MSE:0.020760 , RMSE:0.144082 , MAE:0.102413 , MAPD:0.534249, R_squared:0.999641  
	Validation = MSE:0.025403 , RMSE:0.159383 , MAE:0.118257 , MAPD:0.624059, R_squared:0.999543

2024-03-21 08:52:53,285 Epoch 294/300, Train Loss: 0.020934, Val Loss: 0.021332  
	Train = MSE:0.020941 , RMSE:0.144709 , MAE:0.104479 , MAPD:0.548839, R_squared:0.999638  
	Validation = MSE:0.021332 , RMSE:0.146055 , MAE:0.100947 , MAPD:0.542694, R_squared:0.999616

2024-03-21 08:52:58,618 Epoch 295/300, Train Loss: 0.020992, Val Loss: 0.023253  
	Train = MSE:0.020995 , RMSE:0.144896 , MAE:0.104774 , MAPD:0.550768, R_squared:0.999637  
	Validation = MSE:0.023253 , RMSE:0.152490 , MAE:0.103691 , MAPD:0.573504, R_squared:0.999582

2024-03-21 08:53:04,043 Epoch 296/300, Train Loss: 0.020474, Val Loss: 0.020475  
	Train = MSE:0.020481 , RMSE:0.143111 , MAE:0.102938 , MAPD:0.538349, R_squared:0.999645  
	Validation = MSE:0.020475 , RMSE:0.143091 , MAE:0.097242 , MAPD:0.530961, R_squared:0.999632

2024-03-21 08:53:09,249 Epoch 297/300, Train Loss: 0.020767, Val Loss: 0.024713  
	Train = MSE:0.020759 , RMSE:0.144079 , MAE:0.103413 , MAPD:0.543996, R_squared:0.999641  
	Validation = MSE:0.024713 , RMSE:0.157204 , MAE:0.110697 , MAPD:0.614525, R_squared:0.999555

2024-03-21 08:53:14,932 Epoch 298/300, Train Loss: 0.020529, Val Loss: 0.021102  
	Train = MSE:0.020535 , RMSE:0.143300 , MAE:0.102047 , MAPD:0.534464, R_squared:0.999645  
	Validation = MSE:0.021102 , RMSE:0.145266 , MAE:0.100114 , MAPD:0.534900, R_squared:0.999620

2024-03-21 08:53:20,386 Epoch 299/300, Train Loss: 0.020362, Val Loss: 0.022733  
	Train = MSE:0.020364 , RMSE:0.142702 , MAE:0.102467 , MAPD:0.535893, R_squared:0.999647  
	Validation = MSE:0.022733 , RMSE:0.150776 , MAE:0.101714 , MAPD:0.544342, R_squared:0.999591

2024-03-21 08:53:25,960 Epoch 300/300, Train Loss: 0.019830, Val Loss: 0.027589  
	Train = MSE:0.019832 , RMSE:0.140826 , MAE:0.099766 , MAPD:0.520421, R_squared:0.999657  
	Validation = MSE:0.027589 , RMSE:0.166100 , MAE:0.119782 , MAPD:0.666360, R_squared:0.999504

2024-03-21 08:53:25,961 Time for training the model: 5610.806999
2024-03-21 08:53:27,771 MSE for train: 0.023316
2024-03-21 08:53:27,771 RMSE for train: 0.152697
2024-03-21 08:53:27,771 MAE for train: 0.113117
2024-03-21 08:53:27,772 MAPD for train: 0.600026
2024-03-21 08:53:27,772 R^2 Score for train: 0.999596
2024-03-21 08:53:27,772 Inference time for train dataset: 1.087998

2024-03-21 08:53:27,889 MSE for val: 0.027589
2024-03-21 08:53:27,889 RMSE for val: 0.166100
2024-03-21 08:53:27,889 MAE for val: 0.119782
2024-03-21 08:53:27,889 MAPD for val: 0.666360
2024-03-21 08:53:27,889 R^2 Score for val: 0.999504
2024-03-21 08:53:27,890 Inference time for val dataset: 0.117000

2024-03-21 08:53:27,991 MSE for test: 0.032014
2024-03-21 08:53:27,991 RMSE for test: 0.178923
2024-03-21 08:53:27,991 MAE for test: 0.117761
2024-03-21 08:53:27,991 MAPD for test: 0.609262
2024-03-21 08:53:27,991 R^2 Score for test: 0.999472
2024-03-21 08:53:27,991 Inference time for test dataset: 0.101001

2024-03-21 08:53:29,403 Train label average: , [20.62097221]
2024-03-21 08:53:29,403 Test label average: , [21.41736175]
2024-03-21 08:53:29,403 validation label average: , [20.14607025]
2024-03-21 08:53:29,403 predicted (on validation dataset) values average: , 21.3513525390625
