2024-03-21 04:01:29,876 train batches in dataset: 25
2024-03-21 04:01:29,876 val batches in dataset: 4
2024-03-21 04:01:29,876 test batches in dataset: 4
2024-03-21 04:01:29,892 Trainable parameter: net_core.0.weight - size: torch.Size([256, 35])
2024-03-21 04:01:29,896 Trainable parameter: net_core.0.bias - size: torch.Size([256])
2024-03-21 04:01:29,905 Trainable parameter: net_core.1.weight - size: torch.Size([128, 256])
2024-03-21 04:01:29,911 Trainable parameter: net_core.1.bias - size: torch.Size([128])
2024-03-21 04:01:29,919 Trainable parameter: net_core.2.weight - size: torch.Size([64, 128])
2024-03-21 04:01:29,926 Trainable parameter: net_core.2.bias - size: torch.Size([64])
2024-03-21 04:01:29,933 Trainable parameter: net_core.3.weight - size: torch.Size([16, 64])
2024-03-21 04:01:29,934 Trainable parameter: net_core.3.bias - size: torch.Size([16])
2024-03-21 04:01:29,934 Trainable parameter: net_core.4.weight - size: torch.Size([1, 16])
2024-03-21 04:01:29,935 Trainable parameter: net_core.4.bias - size: torch.Size([1])
2024-03-21 04:01:29,935 Number of trainable parameters: 51425
2024-03-21 04:01:29,935 Number of non-trainable parameters: 0
2024-03-21 04:01:32,938 Epoch 1/300, Train Loss: 95.804753, Val Loss: 21.436212  
	Train = MSE:95.827164 , RMSE:9.789135 , MAE:7.307311 , MAPD:38.174576, R_squared:-0.658785  
	Validation = MSE:20.531555 , RMSE:4.531176 , MAE:3.555522 , MAPD:16.779413, R_squared:0.630554

2024-03-21 04:01:36,142 Epoch 2/300, Train Loss: 7.477689, Val Loss: 3.676902  
	Train = MSE:7.478424 , RMSE:2.734671 , MAE:2.142736 , MAPD:11.960919, R_squared:0.870547  
	Validation = MSE:3.603187 , RMSE:1.898206 , MAE:1.600953 , MAPD:8.463745, R_squared:0.935164

2024-03-21 04:01:37,974 Epoch 3/300, Train Loss: 2.821712, Val Loss: 2.348829  
	Train = MSE:2.821855 , RMSE:1.679838 , MAE:1.352594 , MAPD:7.643128, R_squared:0.951153  
	Validation = MSE:2.210448 , RMSE:1.486758 , MAE:1.180508 , MAPD:7.268634, R_squared:0.960225

2024-03-21 04:01:39,900 Epoch 4/300, Train Loss: 1.905839, Val Loss: 1.565978  
	Train = MSE:1.905929 , RMSE:1.380554 , MAE:1.134677 , MAPD:6.530675, R_squared:0.967008  
	Validation = MSE:1.504248 , RMSE:1.226478 , MAE:1.003497 , MAPD:5.963092, R_squared:0.972932

2024-03-21 04:01:42,576 Epoch 5/300, Train Loss: 1.448676, Val Loss: 1.078571  
	Train = MSE:1.448710 , RMSE:1.203624 , MAE:0.984069 , MAPD:5.589517, R_squared:0.974923  
	Validation = MSE:1.069091 , RMSE:1.033968 , MAE:0.851355 , MAPD:4.926979, R_squared:0.980763

2024-03-21 04:01:44,399 Epoch 6/300, Train Loss: 0.995319, Val Loss: 0.696237  
	Train = MSE:0.995432 , RMSE:0.997714 , MAE:0.809538 , MAPD:4.519126, R_squared:0.982769  
	Validation = MSE:0.688052 , RMSE:0.829489 , MAE:0.672318 , MAPD:3.742178, R_squared:0.987619

2024-03-21 04:01:47,098 Epoch 7/300, Train Loss: 0.616294, Val Loss: 0.496603  
	Train = MSE:0.616309 , RMSE:0.785054 , MAE:0.611599 , MAPD:3.298735, R_squared:0.989332  
	Validation = MSE:0.470216 , RMSE:0.685723 , MAE:0.529882 , MAPD:2.776821, R_squared:0.991539

2024-03-21 04:01:50,027 Epoch 8/300, Train Loss: 0.301332, Val Loss: 0.270889  
	Train = MSE:0.301334 , RMSE:0.548939 , MAE:0.410719 , MAPD:2.170360, R_squared:0.994784  
	Validation = MSE:0.248325 , RMSE:0.498322 , MAE:0.362007 , MAPD:1.954611, R_squared:0.995532

2024-03-21 04:01:52,984 Epoch 9/300, Train Loss: 0.213865, Val Loss: 0.219302  
	Train = MSE:0.213870 , RMSE:0.462461 , MAE:0.334787 , MAPD:1.759256, R_squared:0.996298  
	Validation = MSE:0.209177 , RMSE:0.457359 , MAE:0.325294 , MAPD:1.757560, R_squared:0.996236

2024-03-21 04:01:57,087 Epoch 10/300, Train Loss: 0.180763, Val Loss: 0.189715  
	Train = MSE:0.180776 , RMSE:0.425178 , MAE:0.307561 , MAPD:1.626032, R_squared:0.996871  
	Validation = MSE:0.184991 , RMSE:0.430105 , MAE:0.313780 , MAPD:1.719532, R_squared:0.996671

2024-03-21 04:01:59,426 Epoch 11/300, Train Loss: 0.151228, Val Loss: 0.166835  
	Train = MSE:0.151216 , RMSE:0.388864 , MAE:0.277227 , MAPD:1.479425, R_squared:0.997382  
	Validation = MSE:0.168351 , RMSE:0.410307 , MAE:0.304220 , MAPD:1.725796, R_squared:0.996971

2024-03-21 04:02:03,121 Epoch 12/300, Train Loss: 0.149332, Val Loss: 0.159679  
	Train = MSE:0.149317 , RMSE:0.386416 , MAE:0.279600 , MAPD:1.498822, R_squared:0.997415  
	Validation = MSE:0.157041 , RMSE:0.396283 , MAE:0.273853 , MAPD:1.505491, R_squared:0.997174

2024-03-21 04:02:06,734 Epoch 13/300, Train Loss: 0.161221, Val Loss: 0.156133  
	Train = MSE:0.161220 , RMSE:0.401522 , MAE:0.300439 , MAPD:1.595119, R_squared:0.997209  
	Validation = MSE:0.158702 , RMSE:0.398374 , MAE:0.304051 , MAPD:1.763480, R_squared:0.997144

2024-03-21 04:02:10,233 Epoch 14/300, Train Loss: 0.151724, Val Loss: 0.155952  
	Train = MSE:0.151740 , RMSE:0.389538 , MAE:0.288704 , MAPD:1.528519, R_squared:0.997373  
	Validation = MSE:0.157442 , RMSE:0.396790 , MAE:0.277217 , MAPD:1.481061, R_squared:0.997167

2024-03-21 04:02:12,909 Epoch 15/300, Train Loss: 0.130484, Val Loss: 0.120206  
	Train = MSE:0.130493 , RMSE:0.361239 , MAE:0.263664 , MAPD:1.399719, R_squared:0.997741  
	Validation = MSE:0.121995 , RMSE:0.349278 , MAE:0.252996 , MAPD:1.450083, R_squared:0.997805

2024-03-21 04:02:15,205 Epoch 16/300, Train Loss: 0.118710, Val Loss: 0.130696  
	Train = MSE:0.118705 , RMSE:0.344536 , MAE:0.251749 , MAPD:1.340117, R_squared:0.997945  
	Validation = MSE:0.132139 , RMSE:0.363510 , MAE:0.257031 , MAPD:1.397625, R_squared:0.997622

2024-03-21 04:02:18,528 Epoch 17/300, Train Loss: 0.108127, Val Loss: 0.101942  
	Train = MSE:0.108127 , RMSE:0.328827 , MAE:0.239278 , MAPD:1.281181, R_squared:0.998128  
	Validation = MSE:0.103153 , RMSE:0.321174 , MAE:0.218207 , MAPD:1.229221, R_squared:0.998144

2024-03-21 04:02:20,696 Epoch 18/300, Train Loss: 0.091458, Val Loss: 0.103002  
	Train = MSE:0.091469 , RMSE:0.302438 , MAE:0.216082 , MAPD:1.165281, R_squared:0.998417  
	Validation = MSE:0.106232 , RMSE:0.325933 , MAE:0.227873 , MAPD:1.246907, R_squared:0.998088

2024-03-21 04:02:22,690 Epoch 19/300, Train Loss: 0.088608, Val Loss: 0.105490  
	Train = MSE:0.088614 , RMSE:0.297680 , MAE:0.215982 , MAPD:1.157580, R_squared:0.998466  
	Validation = MSE:0.107926 , RMSE:0.328521 , MAE:0.228895 , MAPD:1.251240, R_squared:0.998058

2024-03-21 04:02:25,291 Epoch 20/300, Train Loss: 0.079519, Val Loss: 0.088377  
	Train = MSE:0.079510 , RMSE:0.281976 , MAE:0.201311 , MAPD:1.084187, R_squared:0.998624  
	Validation = MSE:0.090395 , RMSE:0.300658 , MAE:0.207389 , MAPD:1.159218, R_squared:0.998373

2024-03-21 04:02:27,712 Epoch 21/300, Train Loss: 0.087825, Val Loss: 0.081265  
	Train = MSE:0.087836 , RMSE:0.296371 , MAE:0.217150 , MAPD:1.164925, R_squared:0.998480  
	Validation = MSE:0.085578 , RMSE:0.292538 , MAE:0.201871 , MAPD:1.120260, R_squared:0.998460

2024-03-21 04:02:31,996 Epoch 22/300, Train Loss: 0.074387, Val Loss: 0.077040  
	Train = MSE:0.074392 , RMSE:0.272749 , MAE:0.197078 , MAPD:1.063659, R_squared:0.998712  
	Validation = MSE:0.078352 , RMSE:0.279915 , MAE:0.194343 , MAPD:1.096790, R_squared:0.998590

2024-03-21 04:02:33,906 Epoch 23/300, Train Loss: 0.076274, Val Loss: 0.068488  
	Train = MSE:0.076282 , RMSE:0.276192 , MAE:0.202288 , MAPD:1.087109, R_squared:0.998680  
	Validation = MSE:0.071330 , RMSE:0.267077 , MAE:0.190318 , MAPD:1.067902, R_squared:0.998716

2024-03-21 04:02:36,421 Epoch 24/300, Train Loss: 0.070231, Val Loss: 0.106508  
	Train = MSE:0.070229 , RMSE:0.265007 , MAE:0.193250 , MAPD:1.038516, R_squared:0.998784  
	Validation = MSE:0.107313 , RMSE:0.327587 , MAE:0.268136 , MAPD:1.484234, R_squared:0.998069

2024-03-21 04:02:39,238 Epoch 25/300, Train Loss: 0.080208, Val Loss: 0.057275  
	Train = MSE:0.080214 , RMSE:0.283222 , MAE:0.213110 , MAPD:1.135951, R_squared:0.998611  
	Validation = MSE:0.063657 , RMSE:0.252304 , MAE:0.183967 , MAPD:1.052931, R_squared:0.998855

2024-03-21 04:02:41,295 Epoch 26/300, Train Loss: 0.063839, Val Loss: 0.067710  
	Train = MSE:0.063835 , RMSE:0.252656 , MAE:0.185878 , MAPD:1.001989, R_squared:0.998895  
	Validation = MSE:0.069991 , RMSE:0.264558 , MAE:0.183699 , MAPD:1.038279, R_squared:0.998741

2024-03-21 04:02:43,252 Epoch 27/300, Train Loss: 0.097281, Val Loss: 0.059141  
	Train = MSE:0.097261 , RMSE:0.311867 , MAE:0.238744 , MAPD:1.262986, R_squared:0.998316  
	Validation = MSE:0.066039 , RMSE:0.256981 , MAE:0.180003 , MAPD:0.992138, R_squared:0.998812

2024-03-21 04:02:45,182 Epoch 28/300, Train Loss: 0.067473, Val Loss: 0.069784  
	Train = MSE:0.067471 , RMSE:0.259752 , MAE:0.193461 , MAPD:1.027897, R_squared:0.998832  
	Validation = MSE:0.077672 , RMSE:0.278696 , MAE:0.198788 , MAPD:1.142256, R_squared:0.998602

2024-03-21 04:02:47,454 Epoch 29/300, Train Loss: 0.064084, Val Loss: 0.049496  
	Train = MSE:0.064076 , RMSE:0.253132 , MAE:0.190279 , MAPD:1.026360, R_squared:0.998891  
	Validation = MSE:0.056022 , RMSE:0.236690 , MAE:0.169322 , MAPD:0.951788, R_squared:0.998992

2024-03-21 04:02:49,609 Epoch 30/300, Train Loss: 0.057970, Val Loss: 0.057238  
	Train = MSE:0.057974 , RMSE:0.240779 , MAE:0.178317 , MAPD:0.955513, R_squared:0.998996  
	Validation = MSE:0.065180 , RMSE:0.255304 , MAE:0.178636 , MAPD:0.978328, R_squared:0.998827

2024-03-21 04:02:51,532 Epoch 31/300, Train Loss: 0.063243, Val Loss: 0.107840  
	Train = MSE:0.063223 , RMSE:0.251441 , MAE:0.189888 , MAPD:1.013648, R_squared:0.998906  
	Validation = MSE:0.117510 , RMSE:0.342797 , MAE:0.275234 , MAPD:1.515200, R_squared:0.997886

2024-03-21 04:02:56,077 Epoch 32/300, Train Loss: 0.061754, Val Loss: 0.069150  
	Train = MSE:0.061755 , RMSE:0.248506 , MAE:0.186524 , MAPD:0.988926, R_squared:0.998931  
	Validation = MSE:0.071784 , RMSE:0.267926 , MAE:0.221463 , MAPD:1.259160, R_squared:0.998708

2024-03-21 04:02:58,997 Epoch 33/300, Train Loss: 0.053083, Val Loss: 0.056628  
	Train = MSE:0.053086 , RMSE:0.230403 , MAE:0.172897 , MAPD:0.920391, R_squared:0.999081  
	Validation = MSE:0.061051 , RMSE:0.247085 , MAE:0.193644 , MAPD:1.072686, R_squared:0.998901

2024-03-21 04:03:01,104 Epoch 34/300, Train Loss: 0.079196, Val Loss: 0.053888  
	Train = MSE:0.079194 , RMSE:0.281414 , MAE:0.216925 , MAPD:1.139493, R_squared:0.998629  
	Validation = MSE:0.058635 , RMSE:0.242146 , MAE:0.171464 , MAPD:0.939631, R_squared:0.998945

2024-03-21 04:03:03,101 Epoch 35/300, Train Loss: 0.062437, Val Loss: 0.043856  
	Train = MSE:0.062435 , RMSE:0.249871 , MAE:0.188797 , MAPD:1.000959, R_squared:0.998919  
	Validation = MSE:0.050204 , RMSE:0.224063 , MAE:0.162608 , MAPD:0.902170, R_squared:0.999097

2024-03-21 04:03:04,993 Epoch 36/300, Train Loss: 0.057908, Val Loss: 0.103774  
	Train = MSE:0.057909 , RMSE:0.240642 , MAE:0.182005 , MAPD:0.958204, R_squared:0.998998  
	Validation = MSE:0.106162 , RMSE:0.325825 , MAE:0.285741 , MAPD:1.590712, R_squared:0.998090

2024-03-21 04:03:07,563 Epoch 37/300, Train Loss: 0.063255, Val Loss: 0.051203  
	Train = MSE:0.063256 , RMSE:0.251507 , MAE:0.193259 , MAPD:1.019755, R_squared:0.998905  
	Validation = MSE:0.053691 , RMSE:0.231713 , MAE:0.177945 , MAPD:0.971585, R_squared:0.999034

2024-03-21 04:03:10,135 Epoch 38/300, Train Loss: 0.062768, Val Loss: 0.042935  
	Train = MSE:0.062753 , RMSE:0.250506 , MAE:0.190934 , MAPD:1.010174, R_squared:0.998914  
	Validation = MSE:0.048797 , RMSE:0.220900 , MAE:0.158490 , MAPD:0.873448, R_squared:0.999122

2024-03-21 04:03:12,051 Epoch 39/300, Train Loss: 0.073165, Val Loss: 0.061356  
	Train = MSE:0.073169 , RMSE:0.270497 , MAE:0.211987 , MAPD:1.111406, R_squared:0.998733  
	Validation = MSE:0.070011 , RMSE:0.264596 , MAE:0.191017 , MAPD:1.036252, R_squared:0.998740

2024-03-21 04:03:13,962 Epoch 40/300, Train Loss: 0.057829, Val Loss: 0.051596  
	Train = MSE:0.057830 , RMSE:0.240480 , MAE:0.181940 , MAPD:0.951202, R_squared:0.998999  
	Validation = MSE:0.058534 , RMSE:0.241937 , MAE:0.169770 , MAPD:0.916686, R_squared:0.998947

2024-03-21 04:03:15,873 Epoch 41/300, Train Loss: 0.055551, Val Loss: 0.058914  
	Train = MSE:0.055551 , RMSE:0.235694 , MAE:0.181045 , MAPD:0.961255, R_squared:0.999038  
	Validation = MSE:0.063200 , RMSE:0.251396 , MAE:0.205851 , MAPD:1.127999, R_squared:0.998863

2024-03-21 04:03:20,611 Epoch 42/300, Train Loss: 0.075481, Val Loss: 0.074299  
	Train = MSE:0.075490 , RMSE:0.274754 , MAE:0.214175 , MAPD:1.112041, R_squared:0.998693  
	Validation = MSE:0.077527 , RMSE:0.278438 , MAE:0.237231 , MAPD:1.322563, R_squared:0.998605

2024-03-21 04:03:22,920 Epoch 43/300, Train Loss: 0.065179, Val Loss: 0.098729  
	Train = MSE:0.065173 , RMSE:0.255291 , MAE:0.199598 , MAPD:1.044431, R_squared:0.998872  
	Validation = MSE:0.099876 , RMSE:0.316031 , MAE:0.274618 , MAPD:1.474707, R_squared:0.998203

2024-03-21 04:03:25,103 Epoch 44/300, Train Loss: 0.088228, Val Loss: 0.232426  
	Train = MSE:0.088181 , RMSE:0.296953 , MAE:0.231617 , MAPD:1.209139, R_squared:0.998474  
	Validation = MSE:0.215604 , RMSE:0.464331 , MAE:0.381409 , MAPD:1.898949, R_squared:0.996120

2024-03-21 04:03:27,459 Epoch 45/300, Train Loss: 0.106107, Val Loss: 0.058355  
	Train = MSE:0.106127 , RMSE:0.325771 , MAE:0.255132 , MAPD:1.313025, R_squared:0.998163  
	Validation = MSE:0.064487 , RMSE:0.253944 , MAE:0.189187 , MAPD:1.075378, R_squared:0.998840

2024-03-21 04:03:30,645 Epoch 46/300, Train Loss: 0.069403, Val Loss: 0.058053  
	Train = MSE:0.069410 , RMSE:0.263458 , MAE:0.206292 , MAPD:1.076285, R_squared:0.998798  
	Validation = MSE:0.065092 , RMSE:0.255131 , MAE:0.184162 , MAPD:0.992123, R_squared:0.998829

2024-03-21 04:03:33,278 Epoch 47/300, Train Loss: 0.071638, Val Loss: 0.052089  
	Train = MSE:0.071644 , RMSE:0.267663 , MAE:0.204421 , MAPD:1.071593, R_squared:0.998760  
	Validation = MSE:0.058778 , RMSE:0.242442 , MAE:0.173316 , MAPD:0.960918, R_squared:0.998942

2024-03-21 04:03:35,163 Epoch 48/300, Train Loss: 0.044705, Val Loss: 0.039986  
	Train = MSE:0.044706 , RMSE:0.211439 , MAE:0.159319 , MAPD:0.846432, R_squared:0.999226  
	Validation = MSE:0.045573 , RMSE:0.213479 , MAE:0.155660 , MAPD:0.838270, R_squared:0.999180

2024-03-21 04:03:37,084 Epoch 49/300, Train Loss: 0.041182, Val Loss: 0.072473  
	Train = MSE:0.041179 , RMSE:0.202925 , MAE:0.152517 , MAPD:0.811509, R_squared:0.999287  
	Validation = MSE:0.080647 , RMSE:0.283983 , MAE:0.223767 , MAPD:1.206420, R_squared:0.998549

2024-03-21 04:03:40,470 Epoch 50/300, Train Loss: 0.038953, Val Loss: 0.037884  
	Train = MSE:0.038955 , RMSE:0.197370 , MAE:0.147941 , MAPD:0.784435, R_squared:0.999326  
	Validation = MSE:0.042393 , RMSE:0.205896 , MAE:0.153181 , MAPD:0.858409, R_squared:0.999237

2024-03-21 04:03:42,394 Epoch 51/300, Train Loss: 0.040324, Val Loss: 0.037089  
	Train = MSE:0.040324 , RMSE:0.200808 , MAE:0.151168 , MAPD:0.799116, R_squared:0.999302  
	Validation = MSE:0.042649 , RMSE:0.206516 , MAE:0.147200 , MAPD:0.819110, R_squared:0.999233

2024-03-21 04:03:47,986 Epoch 52/300, Train Loss: 0.074627, Val Loss: 0.250835  
	Train = MSE:0.074629 , RMSE:0.273184 , MAE:0.215015 , MAPD:1.118465, R_squared:0.998708  
	Validation = MSE:0.260183 , RMSE:0.510082 , MAE:0.455670 , MAPD:2.354177, R_squared:0.995318

2024-03-21 04:03:50,565 Epoch 53/300, Train Loss: 0.099505, Val Loss: 0.103661  
	Train = MSE:0.099522 , RMSE:0.315472 , MAE:0.247944 , MAPD:1.259211, R_squared:0.998277  
	Validation = MSE:0.102528 , RMSE:0.320199 , MAE:0.279572 , MAPD:1.590219, R_squared:0.998155

2024-03-21 04:03:53,084 Epoch 54/300, Train Loss: 0.082899, Val Loss: 0.033868  
	Train = MSE:0.082913 , RMSE:0.287945 , MAE:0.221912 , MAPD:1.157559, R_squared:0.998565  
	Validation = MSE:0.039109 , RMSE:0.197759 , MAE:0.140090 , MAPD:0.772248, R_squared:0.999296

2024-03-21 04:03:55,224 Epoch 55/300, Train Loss: 0.039001, Val Loss: 0.037805  
	Train = MSE:0.039003 , RMSE:0.197491 , MAE:0.146883 , MAPD:0.777669, R_squared:0.999325  
	Validation = MSE:0.043859 , RMSE:0.209426 , MAE:0.145830 , MAPD:0.798543, R_squared:0.999211

2024-03-21 04:03:57,885 Epoch 56/300, Train Loss: 0.040430, Val Loss: 0.037291  
	Train = MSE:0.040428 , RMSE:0.201066 , MAE:0.149665 , MAPD:0.785156, R_squared:0.999300  
	Validation = MSE:0.041452 , RMSE:0.203599 , MAE:0.150837 , MAPD:0.828650, R_squared:0.999254

2024-03-21 04:04:00,124 Epoch 57/300, Train Loss: 0.066707, Val Loss: 0.075381  
	Train = MSE:0.066701 , RMSE:0.258265 , MAE:0.201615 , MAPD:1.034168, R_squared:0.998845  
	Validation = MSE:0.079722 , RMSE:0.282352 , MAE:0.209686 , MAPD:1.036262, R_squared:0.998565

2024-03-21 04:04:02,738 Epoch 58/300, Train Loss: 0.055073, Val Loss: 0.040884  
	Train = MSE:0.055081 , RMSE:0.234693 , MAE:0.179368 , MAPD:0.933643, R_squared:0.999047  
	Validation = MSE:0.046381 , RMSE:0.215363 , MAE:0.148901 , MAPD:0.790708, R_squared:0.999165

2024-03-21 04:04:04,781 Epoch 59/300, Train Loss: 0.053086, Val Loss: 0.040923  
	Train = MSE:0.053092 , RMSE:0.230417 , MAE:0.177779 , MAPD:0.924520, R_squared:0.999081  
	Validation = MSE:0.043602 , RMSE:0.208812 , MAE:0.160286 , MAPD:0.861277, R_squared:0.999215

2024-03-21 04:04:06,765 Epoch 60/300, Train Loss: 0.041322, Val Loss: 0.034538  
	Train = MSE:0.041323 , RMSE:0.203281 , MAE:0.153655 , MAPD:0.807932, R_squared:0.999285  
	Validation = MSE:0.039093 , RMSE:0.197720 , MAE:0.139034 , MAPD:0.754446, R_squared:0.999297

2024-03-21 04:04:08,671 Epoch 61/300, Train Loss: 0.038992, Val Loss: 0.080273  
	Train = MSE:0.038986 , RMSE:0.197448 , MAE:0.148096 , MAPD:0.773341, R_squared:0.999325  
	Validation = MSE:0.086937 , RMSE:0.294851 , MAE:0.235801 , MAPD:1.265586, R_squared:0.998436

2024-03-21 04:04:14,769 Epoch 62/300, Train Loss: 0.071116, Val Loss: 0.098481  
	Train = MSE:0.071130 , RMSE:0.266703 , MAE:0.207594 , MAPD:1.061230, R_squared:0.998769  
	Validation = MSE:0.107080 , RMSE:0.327231 , MAE:0.275687 , MAPD:1.513086, R_squared:0.998073

2024-03-21 04:04:16,730 Epoch 63/300, Train Loss: 0.085398, Val Loss: 0.037609  
	Train = MSE:0.085412 , RMSE:0.292253 , MAE:0.228493 , MAPD:1.170324, R_squared:0.998522  
	Validation = MSE:0.043252 , RMSE:0.207970 , MAE:0.143862 , MAPD:0.791821, R_squared:0.999222

2024-03-21 04:04:18,667 Epoch 64/300, Train Loss: 0.043808, Val Loss: 0.045132  
	Train = MSE:0.043812 , RMSE:0.209314 , MAE:0.157012 , MAPD:0.820970, R_squared:0.999242  
	Validation = MSE:0.051274 , RMSE:0.226438 , MAE:0.162292 , MAPD:0.889549, R_squared:0.999077

2024-03-21 04:04:21,130 Epoch 65/300, Train Loss: 0.049158, Val Loss: 0.035757  
	Train = MSE:0.049162 , RMSE:0.221724 , MAE:0.171556 , MAPD:0.897157, R_squared:0.999149  
	Validation = MSE:0.038820 , RMSE:0.197027 , MAE:0.146830 , MAPD:0.798279, R_squared:0.999301

2024-03-21 04:04:23,710 Epoch 66/300, Train Loss: 0.043879, Val Loss: 0.046689  
	Train = MSE:0.043884 , RMSE:0.209484 , MAE:0.160283 , MAPD:0.835767, R_squared:0.999240  
	Validation = MSE:0.048517 , RMSE:0.220266 , MAE:0.177186 , MAPD:0.951933, R_squared:0.999127

2024-03-21 04:04:26,300 Epoch 67/300, Train Loss: 0.056129, Val Loss: 0.047527  
	Train = MSE:0.056135 , RMSE:0.236927 , MAE:0.180111 , MAPD:0.929472, R_squared:0.999028  
	Validation = MSE:0.050254 , RMSE:0.224174 , MAE:0.183061 , MAPD:1.001051, R_squared:0.999096

2024-03-21 04:04:29,286 Epoch 68/300, Train Loss: 0.063880, Val Loss: 0.040824  
	Train = MSE:0.063885 , RMSE:0.252754 , MAE:0.196722 , MAPD:1.015451, R_squared:0.998894  
	Validation = MSE:0.044506 , RMSE:0.210965 , MAE:0.155514 , MAPD:0.847662, R_squared:0.999199

2024-03-21 04:04:31,401 Epoch 69/300, Train Loss: 0.059380, Val Loss: 0.035905  
	Train = MSE:0.059387 , RMSE:0.243694 , MAE:0.188258 , MAPD:0.965622, R_squared:0.998972  
	Validation = MSE:0.040752 , RMSE:0.201871 , MAE:0.141104 , MAPD:0.755868, R_squared:0.999267

2024-03-21 04:04:33,362 Epoch 70/300, Train Loss: 0.067265, Val Loss: 0.034954  
	Train = MSE:0.067247 , RMSE:0.259320 , MAE:0.203400 , MAPD:1.066183, R_squared:0.998836  
	Validation = MSE:0.038099 , RMSE:0.195189 , MAE:0.134952 , MAPD:0.737325, R_squared:0.999314

2024-03-21 04:04:35,889 Epoch 71/300, Train Loss: 0.053290, Val Loss: 0.065327  
	Train = MSE:0.053293 , RMSE:0.230852 , MAE:0.177548 , MAPD:0.915725, R_squared:0.999077  
	Validation = MSE:0.072661 , RMSE:0.269557 , MAE:0.210739 , MAPD:1.104837, R_squared:0.998693

2024-03-21 04:04:41,319 Epoch 72/300, Train Loss: 0.047050, Val Loss: 0.049443  
	Train = MSE:0.047055 , RMSE:0.216923 , MAE:0.167833 , MAPD:0.871254, R_squared:0.999185  
	Validation = MSE:0.052666 , RMSE:0.229491 , MAE:0.192715 , MAPD:1.091530, R_squared:0.999052

2024-03-21 04:04:43,382 Epoch 73/300, Train Loss: 0.121437, Val Loss: 0.043966  
	Train = MSE:0.121460 , RMSE:0.348511 , MAE:0.266747 , MAPD:1.359682, R_squared:0.997898  
	Validation = MSE:0.048591 , RMSE:0.220434 , MAE:0.169783 , MAPD:0.917173, R_squared:0.999126

2024-03-21 04:04:46,010 Epoch 74/300, Train Loss: 0.122014, Val Loss: 0.140153  
	Train = MSE:0.121892 , RMSE:0.349130 , MAE:0.259631 , MAPD:1.329994, R_squared:0.997890  
	Validation = MSE:0.130291 , RMSE:0.360958 , MAE:0.289357 , MAPD:1.441239, R_squared:0.997656

2024-03-21 04:04:48,956 Epoch 75/300, Train Loss: 0.210060, Val Loss: 0.199719  
	Train = MSE:0.210027 , RMSE:0.458287 , MAE:0.370447 , MAPD:1.876466, R_squared:0.996364  
	Validation = MSE:0.200273 , RMSE:0.447518 , MAE:0.412415 , MAPD:2.269170, R_squared:0.996396

2024-03-21 04:04:51,472 Epoch 76/300, Train Loss: 0.126877, Val Loss: 0.108234  
	Train = MSE:0.126890 , RMSE:0.356217 , MAE:0.289413 , MAPD:1.483104, R_squared:0.997804  
	Validation = MSE:0.100643 , RMSE:0.317243 , MAE:0.269376 , MAPD:1.451817, R_squared:0.998189

2024-03-21 04:04:53,397 Epoch 77/300, Train Loss: 0.121247, Val Loss: 0.183323  
	Train = MSE:0.121220 , RMSE:0.348167 , MAE:0.281796 , MAPD:1.437471, R_squared:0.997902  
	Validation = MSE:0.177971 , RMSE:0.421866 , MAE:0.374710 , MAPD:1.968524, R_squared:0.996798

2024-03-21 04:04:55,317 Epoch 78/300, Train Loss: 0.099079, Val Loss: 0.065140  
	Train = MSE:0.099097 , RMSE:0.314798 , MAE:0.251162 , MAPD:1.291761, R_squared:0.998285  
	Validation = MSE:0.072534 , RMSE:0.269321 , MAE:0.208997 , MAPD:1.095058, R_squared:0.998695

2024-03-21 04:04:57,767 Epoch 79/300, Train Loss: 0.271517, Val Loss: 0.059146  
	Train = MSE:0.271584 , RMSE:0.521137 , MAE:0.385561 , MAPD:1.954692, R_squared:0.995299  
	Validation = MSE:0.065794 , RMSE:0.256503 , MAE:0.201388 , MAPD:1.154780, R_squared:0.998816

2024-03-21 04:05:00,473 Epoch 80/300, Train Loss: 0.175820, Val Loss: 0.352217  
	Train = MSE:0.175813 , RMSE:0.419300 , MAE:0.331903 , MAPD:1.688604, R_squared:0.996957  
	Validation = MSE:0.343823 , RMSE:0.586364 , MAE:0.524988 , MAPD:2.655239, R_squared:0.993813

2024-03-21 04:05:03,153 Epoch 81/300, Train Loss: 0.194650, Val Loss: 0.094294  
	Train = MSE:0.194699 , RMSE:0.441247 , MAE:0.356530 , MAPD:1.800556, R_squared:0.996630  
	Validation = MSE:0.099149 , RMSE:0.314879 , MAE:0.244270 , MAPD:1.223682, R_squared:0.998216

2024-03-21 04:05:08,534 Epoch 82/300, Train Loss: 0.054252, Val Loss: 0.034961  
	Train = MSE:0.054258 , RMSE:0.232933 , MAE:0.177831 , MAPD:0.933016, R_squared:0.999061  
	Validation = MSE:0.038524 , RMSE:0.196276 , MAE:0.142576 , MAPD:0.762396, R_squared:0.999307

2024-03-21 04:05:11,834 Epoch 83/300, Train Loss: 0.038473, Val Loss: 0.114683  
	Train = MSE:0.038465 , RMSE:0.196126 , MAE:0.148137 , MAPD:0.776558, R_squared:0.999334  
	Validation = MSE:0.120468 , RMSE:0.347086 , MAE:0.286354 , MAPD:1.454006, R_squared:0.997832

2024-03-21 04:05:14,143 Epoch 84/300, Train Loss: 0.047218, Val Loss: 0.054071  
	Train = MSE:0.047219 , RMSE:0.217299 , MAE:0.161630 , MAPD:0.837129, R_squared:0.999183  
	Validation = MSE:0.060146 , RMSE:0.245248 , MAE:0.184833 , MAPD:0.971572, R_squared:0.998918

2024-03-21 04:05:16,038 Epoch 85/300, Train Loss: 0.063001, Val Loss: 0.040730  
	Train = MSE:0.063013 , RMSE:0.251023 , MAE:0.195006 , MAPD:0.997079, R_squared:0.998909  
	Validation = MSE:0.042437 , RMSE:0.206003 , MAE:0.159027 , MAPD:0.845658, R_squared:0.999236

2024-03-21 04:05:18,163 Epoch 86/300, Train Loss: 0.038790, Val Loss: 0.029253  
	Train = MSE:0.038789 , RMSE:0.196950 , MAE:0.147435 , MAPD:0.773670, R_squared:0.999329  
	Validation = MSE:0.034345 , RMSE:0.185324 , MAE:0.134340 , MAPD:0.742515, R_squared:0.999382

2024-03-21 04:05:21,152 Epoch 87/300, Train Loss: 0.044014, Val Loss: 0.056762  
	Train = MSE:0.044017 , RMSE:0.209801 , MAE:0.161371 , MAPD:0.833539, R_squared:0.999238  
	Validation = MSE:0.061779 , RMSE:0.248553 , MAE:0.189153 , MAPD:0.983985, R_squared:0.998888

2024-03-21 04:05:24,591 Epoch 88/300, Train Loss: 0.044813, Val Loss: 0.038010  
	Train = MSE:0.044815 , RMSE:0.211696 , MAE:0.161827 , MAPD:0.845741, R_squared:0.999224  
	Validation = MSE:0.040027 , RMSE:0.200067 , MAE:0.149123 , MAPD:0.779661, R_squared:0.999280

2024-03-21 04:05:26,945 Epoch 89/300, Train Loss: 0.039349, Val Loss: 0.084570  
	Train = MSE:0.039334 , RMSE:0.198328 , MAE:0.150441 , MAPD:0.783384, R_squared:0.999319  
	Validation = MSE:0.091138 , RMSE:0.301891 , MAE:0.245863 , MAPD:1.270940, R_squared:0.998360

2024-03-21 04:05:28,975 Epoch 90/300, Train Loss: 0.065206, Val Loss: 0.087798  
	Train = MSE:0.065185 , RMSE:0.255314 , MAE:0.200163 , MAPD:1.023759, R_squared:0.998872  
	Validation = MSE:0.087286 , RMSE:0.295442 , MAE:0.256479 , MAPD:1.354062, R_squared:0.998429

2024-03-21 04:05:30,922 Epoch 91/300, Train Loss: 0.055186, Val Loss: 0.031998  
	Train = MSE:0.055193 , RMSE:0.234933 , MAE:0.179810 , MAPD:0.914721, R_squared:0.999045  
	Validation = MSE:0.035169 , RMSE:0.187534 , MAE:0.136493 , MAPD:0.732059, R_squared:0.999367

2024-03-21 04:05:37,476 Epoch 92/300, Train Loss: 0.044673, Val Loss: 0.031329  
	Train = MSE:0.044668 , RMSE:0.211347 , MAE:0.160540 , MAPD:0.824638, R_squared:0.999227  
	Validation = MSE:0.035500 , RMSE:0.188414 , MAE:0.134722 , MAPD:0.732876, R_squared:0.999361

2024-03-21 04:05:39,630 Epoch 93/300, Train Loss: 0.103991, Val Loss: 0.264396  
	Train = MSE:0.103980 , RMSE:0.322459 , MAE:0.252734 , MAPD:1.297086, R_squared:0.998200  
	Validation = MSE:0.266511 , RMSE:0.516247 , MAE:0.471814 , MAPD:2.462368, R_squared:0.995204

2024-03-21 04:05:41,585 Epoch 94/300, Train Loss: 0.132947, Val Loss: 0.039123  
	Train = MSE:0.132945 , RMSE:0.364616 , MAE:0.296347 , MAPD:1.499184, R_squared:0.997699  
	Validation = MSE:0.043929 , RMSE:0.209592 , MAE:0.166330 , MAPD:0.948918, R_squared:0.999210

2024-03-21 04:05:43,518 Epoch 95/300, Train Loss: 0.164054, Val Loss: 0.327804  
	Train = MSE:0.164090 , RMSE:0.405081 , MAE:0.327333 , MAPD:1.660213, R_squared:0.997160  
	Validation = MSE:0.321038 , RMSE:0.566602 , MAE:0.517472 , MAPD:2.724646, R_squared:0.994223

2024-03-21 04:05:46,033 Epoch 96/300, Train Loss: 0.357765, Val Loss: 0.178632  
	Train = MSE:0.357848 , RMSE:0.598204 , MAE:0.490270 , MAPD:2.460738, R_squared:0.993806  
	Validation = MSE:0.170946 , RMSE:0.413457 , MAE:0.356217 , MAPD:1.835053, R_squared:0.996924

2024-03-21 04:05:48,595 Epoch 97/300, Train Loss: 0.091512, Val Loss: 0.036947  
	Train = MSE:0.091527 , RMSE:0.302534 , MAE:0.238846 , MAPD:1.214478, R_squared:0.998416  
	Validation = MSE:0.042687 , RMSE:0.206607 , MAE:0.149411 , MAPD:0.828707, R_squared:0.999232

2024-03-21 04:05:50,518 Epoch 98/300, Train Loss: 0.043937, Val Loss: 0.106401  
	Train = MSE:0.043920 , RMSE:0.209571 , MAE:0.158552 , MAPD:0.822662, R_squared:0.999240  
	Validation = MSE:0.105767 , RMSE:0.325218 , MAE:0.291405 , MAPD:1.588127, R_squared:0.998097

2024-03-21 04:05:53,090 Epoch 99/300, Train Loss: 0.049395, Val Loss: 0.029120  
	Train = MSE:0.049403 , RMSE:0.222269 , MAE:0.170231 , MAPD:0.873290, R_squared:0.999145  
	Validation = MSE:0.033459 , RMSE:0.182918 , MAE:0.127253 , MAPD:0.701803, R_squared:0.999398

2024-03-21 04:05:55,058 Epoch 100/300, Train Loss: 0.031954, Val Loss: 0.034203  
	Train = MSE:0.031955 , RMSE:0.178759 , MAE:0.132618 , MAPD:0.694605, R_squared:0.999447  
	Validation = MSE:0.038666 , RMSE:0.196636 , MAE:0.151504 , MAPD:0.835399, R_squared:0.999304

2024-03-21 04:05:58,125 Epoch 101/300, Train Loss: 0.068855, Val Loss: 0.058671  
	Train = MSE:0.068870 , RMSE:0.262431 , MAE:0.204696 , MAPD:1.039462, R_squared:0.998808  
	Validation = MSE:0.064882 , RMSE:0.254719 , MAE:0.205455 , MAPD:1.121667, R_squared:0.998833

2024-03-21 04:06:03,676 Epoch 102/300, Train Loss: 0.067053, Val Loss: 0.047242  
	Train = MSE:0.067059 , RMSE:0.258957 , MAE:0.201484 , MAPD:1.023004, R_squared:0.998839  
	Validation = MSE:0.050471 , RMSE:0.224658 , MAE:0.186509 , MAPD:1.069444, R_squared:0.999092

2024-03-21 04:06:05,627 Epoch 103/300, Train Loss: 0.048419, Val Loss: 0.027921  
	Train = MSE:0.048417 , RMSE:0.220039 , MAE:0.168150 , MAPD:0.872563, R_squared:0.999162  
	Validation = MSE:0.031791 , RMSE:0.178300 , MAE:0.127386 , MAPD:0.689842, R_squared:0.999428

2024-03-21 04:06:07,834 Epoch 104/300, Train Loss: 0.050006, Val Loss: 0.038931  
	Train = MSE:0.050004 , RMSE:0.223615 , MAE:0.172132 , MAPD:0.891967, R_squared:0.999134  
	Validation = MSE:0.043906 , RMSE:0.209537 , MAE:0.151047 , MAPD:0.791552, R_squared:0.999210

2024-03-21 04:06:11,109 Epoch 105/300, Train Loss: 0.066006, Val Loss: 0.031738  
	Train = MSE:0.066018 , RMSE:0.256940 , MAE:0.197769 , MAPD:1.011736, R_squared:0.998857  
	Validation = MSE:0.036580 , RMSE:0.191259 , MAE:0.137036 , MAPD:0.754134, R_squared:0.999342

2024-03-21 04:06:13,043 Epoch 106/300, Train Loss: 0.034249, Val Loss: 0.031854  
	Train = MSE:0.034251 , RMSE:0.185070 , MAE:0.138007 , MAPD:0.719974, R_squared:0.999407  
	Validation = MSE:0.035958 , RMSE:0.189626 , MAE:0.142441 , MAPD:0.797471, R_squared:0.999353

2024-03-21 04:06:14,996 Epoch 107/300, Train Loss: 0.059934, Val Loss: 0.091992  
	Train = MSE:0.059942 , RMSE:0.244831 , MAE:0.189985 , MAPD:0.972523, R_squared:0.998962  
	Validation = MSE:0.091537 , RMSE:0.302552 , MAE:0.265212 , MAPD:1.406592, R_squared:0.998353

2024-03-21 04:06:16,938 Epoch 108/300, Train Loss: 0.101292, Val Loss: 0.128652  
	Train = MSE:0.101305 , RMSE:0.318284 , MAE:0.255447 , MAPD:1.286750, R_squared:0.998246  
	Validation = MSE:0.125596 , RMSE:0.354396 , MAE:0.313598 , MAPD:1.632065, R_squared:0.997740

2024-03-21 04:06:19,275 Epoch 109/300, Train Loss: 0.119867, Val Loss: 0.403245  
	Train = MSE:0.119833 , RMSE:0.346169 , MAE:0.273433 , MAPD:1.375734, R_squared:0.997926  
	Validation = MSE:0.382352 , RMSE:0.618346 , MAE:0.569004 , MAPD:2.941314, R_squared:0.993120

2024-03-21 04:06:21,923 Epoch 110/300, Train Loss: 0.078780, Val Loss: 0.038840  
	Train = MSE:0.078792 , RMSE:0.280699 , MAE:0.208476 , MAPD:1.066289, R_squared:0.998636  
	Validation = MSE:0.040808 , RMSE:0.202011 , MAE:0.152562 , MAPD:0.798282, R_squared:0.999266

2024-03-21 04:06:24,358 Epoch 111/300, Train Loss: 0.046800, Val Loss: 0.030174  
	Train = MSE:0.046807 , RMSE:0.216350 , MAE:0.167198 , MAPD:0.866183, R_squared:0.999190  
	Validation = MSE:0.034286 , RMSE:0.185165 , MAE:0.132993 , MAPD:0.736484, R_squared:0.999383

2024-03-21 04:06:29,056 Epoch 112/300, Train Loss: 0.040533, Val Loss: 0.028533  
	Train = MSE:0.040536 , RMSE:0.201337 , MAE:0.151835 , MAPD:0.783394, R_squared:0.999298  
	Validation = MSE:0.032728 , RMSE:0.180909 , MAE:0.125102 , MAPD:0.680795, R_squared:0.999411

2024-03-21 04:06:30,986 Epoch 113/300, Train Loss: 0.090131, Val Loss: 0.031417  
	Train = MSE:0.090149 , RMSE:0.300248 , MAE:0.209256 , MAPD:1.053457, R_squared:0.998440  
	Validation = MSE:0.036258 , RMSE:0.190416 , MAE:0.134555 , MAPD:0.753124, R_squared:0.999348

2024-03-21 04:06:34,137 Epoch 114/300, Train Loss: 0.077896, Val Loss: 0.068939  
	Train = MSE:0.077894 , RMSE:0.279095 , MAE:0.219902 , MAPD:1.126448, R_squared:0.998652  
	Validation = MSE:0.065785 , RMSE:0.256486 , MAE:0.208386 , MAPD:1.062950, R_squared:0.998816

2024-03-21 04:06:36,552 Epoch 115/300, Train Loss: 0.045047, Val Loss: 0.032249  
	Train = MSE:0.045038 , RMSE:0.212221 , MAE:0.163460 , MAPD:0.837717, R_squared:0.999220  
	Validation = MSE:0.034814 , RMSE:0.186585 , MAE:0.141454 , MAPD:0.784808, R_squared:0.999374

2024-03-21 04:06:38,634 Epoch 116/300, Train Loss: 0.103653, Val Loss: 0.112870  
	Train = MSE:0.103673 , RMSE:0.321983 , MAE:0.256041 , MAPD:1.307275, R_squared:0.998205  
	Validation = MSE:0.118863 , RMSE:0.344766 , MAE:0.295497 , MAPD:1.532714, R_squared:0.997861

2024-03-21 04:06:41,085 Epoch 117/300, Train Loss: 0.169219, Val Loss: 0.165144  
	Train = MSE:0.169249 , RMSE:0.411399 , MAE:0.322158 , MAPD:1.637184, R_squared:0.997070  
	Validation = MSE:0.174725 , RMSE:0.418001 , MAE:0.364730 , MAPD:1.867345, R_squared:0.996856

2024-03-21 04:06:43,947 Epoch 118/300, Train Loss: 0.269467, Val Loss: 0.132683  
	Train = MSE:0.269518 , RMSE:0.519151 , MAE:0.409140 , MAPD:2.057198, R_squared:0.995335  
	Validation = MSE:0.143739 , RMSE:0.379129 , MAE:0.315083 , MAPD:1.555320, R_squared:0.997414

2024-03-21 04:06:46,227 Epoch 119/300, Train Loss: 0.063195, Val Loss: 0.095406  
	Train = MSE:0.063190 , RMSE:0.251376 , MAE:0.194202 , MAPD:1.004170, R_squared:0.998906  
	Validation = MSE:0.102159 , RMSE:0.319624 , MAE:0.270817 , MAPD:1.439751, R_squared:0.998162

2024-03-21 04:06:48,116 Epoch 120/300, Train Loss: 0.051140, Val Loss: 0.066760  
	Train = MSE:0.051146 , RMSE:0.226154 , MAE:0.175668 , MAPD:0.896797, R_squared:0.999115  
	Validation = MSE:0.071422 , RMSE:0.267250 , MAE:0.215594 , MAPD:1.180908, R_squared:0.998715

2024-03-21 04:06:50,078 Epoch 121/300, Train Loss: 0.075913, Val Loss: 0.051612  
	Train = MSE:0.075921 , RMSE:0.275537 , MAE:0.210835 , MAPD:1.064705, R_squared:0.998686  
	Validation = MSE:0.057850 , RMSE:0.240520 , MAE:0.187036 , MAPD:0.995822, R_squared:0.998959

2024-03-21 04:06:56,626 Epoch 122/300, Train Loss: 0.039217, Val Loss: 0.103197  
	Train = MSE:0.039206 , RMSE:0.198006 , MAE:0.150560 , MAPD:0.779730, R_squared:0.999321  
	Validation = MSE:0.109138 , RMSE:0.330360 , MAE:0.274188 , MAPD:1.383524, R_squared:0.998036

2024-03-21 04:06:59,887 Epoch 123/300, Train Loss: 0.071791, Val Loss: 0.055111  
	Train = MSE:0.071793 , RMSE:0.267943 , MAE:0.211303 , MAPD:1.074790, R_squared:0.998757  
	Validation = MSE:0.060922 , RMSE:0.246823 , MAE:0.197102 , MAPD:1.118799, R_squared:0.998904

2024-03-21 04:07:02,057 Epoch 124/300, Train Loss: 0.070889, Val Loss: 0.050367  
	Train = MSE:0.070881 , RMSE:0.266236 , MAE:0.203943 , MAPD:1.044913, R_squared:0.998773  
	Validation = MSE:0.055275 , RMSE:0.235106 , MAE:0.169184 , MAPD:0.838956, R_squared:0.999005

2024-03-21 04:07:04,158 Epoch 125/300, Train Loss: 0.094819, Val Loss: 0.194502  
	Train = MSE:0.094702 , RMSE:0.307737 , MAE:0.232773 , MAPD:1.174125, R_squared:0.998361  
	Validation = MSE:0.187385 , RMSE:0.432880 , MAE:0.389684 , MAPD:2.042489, R_squared:0.996628

2024-03-21 04:07:06,091 Epoch 126/300, Train Loss: 0.075426, Val Loss: 0.128888  
	Train = MSE:0.075424 , RMSE:0.274635 , MAE:0.214027 , MAPD:1.088020, R_squared:0.998694  
	Validation = MSE:0.136397 , RMSE:0.369319 , MAE:0.328082 , MAPD:1.748633, R_squared:0.997546

2024-03-21 04:07:08,496 Epoch 127/300, Train Loss: 0.086192, Val Loss: 0.071288  
	Train = MSE:0.086178 , RMSE:0.293560 , MAE:0.235083 , MAPD:1.206561, R_squared:0.998508  
	Validation = MSE:0.078981 , RMSE:0.281036 , MAE:0.217079 , MAPD:1.053850, R_squared:0.998579

2024-03-21 04:07:10,949 Epoch 128/300, Train Loss: 0.171700, Val Loss: 0.076158  
	Train = MSE:0.171667 , RMSE:0.414327 , MAE:0.332516 , MAPD:1.667462, R_squared:0.997028  
	Validation = MSE:0.082314 , RMSE:0.286904 , MAE:0.234891 , MAPD:1.370273, R_squared:0.998519

2024-03-21 04:07:13,424 Epoch 129/300, Train Loss: 0.182138, Val Loss: 0.307378  
	Train = MSE:0.182090 , RMSE:0.426721 , MAE:0.353519 , MAPD:1.785422, R_squared:0.996848  
	Validation = MSE:0.296117 , RMSE:0.544166 , MAE:0.495218 , MAPD:2.568365, R_squared:0.994672

2024-03-21 04:07:15,825 Epoch 130/300, Train Loss: 0.206108, Val Loss: 0.042158  
	Train = MSE:0.206151 , RMSE:0.454039 , MAE:0.355190 , MAPD:1.786763, R_squared:0.996431  
	Validation = MSE:0.048213 , RMSE:0.219576 , MAE:0.165141 , MAPD:0.931807, R_squared:0.999132

2024-03-21 04:07:18,331 Epoch 131/300, Train Loss: 0.134195, Val Loss: 0.098272  
	Train = MSE:0.134218 , RMSE:0.366358 , MAE:0.295780 , MAPD:1.505777, R_squared:0.997677  
	Validation = MSE:0.104473 , RMSE:0.323223 , MAE:0.253754 , MAPD:1.219164, R_squared:0.998120

2024-03-21 04:07:23,537 Epoch 132/300, Train Loss: 0.071555, Val Loss: 0.039457  
	Train = MSE:0.071566 , RMSE:0.267519 , MAE:0.206941 , MAPD:1.065574, R_squared:0.998761  
	Validation = MSE:0.044555 , RMSE:0.211080 , MAE:0.157327 , MAPD:0.905817, R_squared:0.999198

2024-03-21 04:07:25,451 Epoch 133/300, Train Loss: 0.030062, Val Loss: 0.034200  
	Train = MSE:0.030063 , RMSE:0.173387 , MAE:0.127816 , MAPD:0.665801, R_squared:0.999480  
	Validation = MSE:0.036197 , RMSE:0.190254 , MAE:0.144081 , MAPD:0.773328, R_squared:0.999349

2024-03-21 04:07:28,120 Epoch 134/300, Train Loss: 0.048426, Val Loss: 0.025998  
	Train = MSE:0.048424 , RMSE:0.220055 , MAE:0.169893 , MAPD:0.871822, R_squared:0.999162  
	Validation = MSE:0.030169 , RMSE:0.173692 , MAE:0.122964 , MAPD:0.678193, R_squared:0.999457

2024-03-21 04:07:30,471 Epoch 135/300, Train Loss: 0.042078, Val Loss: 0.054164  
	Train = MSE:0.042081 , RMSE:0.205137 , MAE:0.157814 , MAPD:0.814159, R_squared:0.999272  
	Validation = MSE:0.059273 , RMSE:0.243460 , MAE:0.191196 , MAPD:1.048190, R_squared:0.998933

2024-03-21 04:07:34,175 Epoch 136/300, Train Loss: 0.043556, Val Loss: 0.030941  
	Train = MSE:0.043561 , RMSE:0.208712 , MAE:0.160296 , MAPD:0.827179, R_squared:0.999246  
	Validation = MSE:0.035670 , RMSE:0.188866 , MAE:0.134339 , MAPD:0.730187, R_squared:0.999358

2024-03-21 04:07:36,529 Epoch 137/300, Train Loss: 0.080034, Val Loss: 0.079385  
	Train = MSE:0.080015 , RMSE:0.282869 , MAE:0.219392 , MAPD:1.111167, R_squared:0.998615  
	Validation = MSE:0.078424 , RMSE:0.280043 , MAE:0.243563 , MAPD:1.302124, R_squared:0.998589

2024-03-21 04:07:38,477 Epoch 138/300, Train Loss: 0.081073, Val Loss: 0.128065  
	Train = MSE:0.081068 , RMSE:0.284725 , MAE:0.227572 , MAPD:1.153067, R_squared:0.998597  
	Validation = MSE:0.132269 , RMSE:0.363688 , MAE:0.309931 , MAPD:1.571934, R_squared:0.997620

2024-03-21 04:07:40,474 Epoch 139/300, Train Loss: 0.086914, Val Loss: 0.100546  
	Train = MSE:0.086897 , RMSE:0.294783 , MAE:0.234983 , MAPD:1.178953, R_squared:0.998496  
	Validation = MSE:0.104863 , RMSE:0.323825 , MAE:0.276792 , MAPD:1.464286, R_squared:0.998113

2024-03-21 04:07:43,014 Epoch 140/300, Train Loss: 0.118798, Val Loss: 0.076721  
	Train = MSE:0.118813 , RMSE:0.344693 , MAE:0.269187 , MAPD:1.364415, R_squared:0.997943  
	Validation = MSE:0.073686 , RMSE:0.271453 , MAE:0.222245 , MAPD:1.114961, R_squared:0.998674

2024-03-21 04:07:45,470 Epoch 141/300, Train Loss: 0.046850, Val Loss: 0.048735  
	Train = MSE:0.046845 , RMSE:0.216437 , MAE:0.165402 , MAPD:0.851044, R_squared:0.999189  
	Validation = MSE:0.049104 , RMSE:0.221593 , MAE:0.180715 , MAPD:0.947750, R_squared:0.999116

2024-03-21 04:07:53,637 Epoch 142/300, Train Loss: 0.132449, Val Loss: 0.104628  
	Train = MSE:0.132480 , RMSE:0.363978 , MAE:0.290957 , MAPD:1.457924, R_squared:0.997707  
	Validation = MSE:0.112479 , RMSE:0.335379 , MAE:0.288451 , MAPD:1.516074, R_squared:0.997976

2024-03-21 04:07:55,773 Epoch 143/300, Train Loss: 0.055860, Val Loss: 0.215320  
	Train = MSE:0.055823 , RMSE:0.236270 , MAE:0.181349 , MAPD:0.927071, R_squared:0.999034  
	Validation = MSE:0.202636 , RMSE:0.450151 , MAE:0.403309 , MAPD:2.053326, R_squared:0.996354

2024-03-21 04:07:57,678 Epoch 144/300, Train Loss: 0.055822, Val Loss: 0.025182  
	Train = MSE:0.055832 , RMSE:0.236288 , MAE:0.178106 , MAPD:0.905616, R_squared:0.999034  
	Validation = MSE:0.029424 , RMSE:0.171535 , MAE:0.120383 , MAPD:0.646040, R_squared:0.999471

2024-03-21 04:07:59,647 Epoch 145/300, Train Loss: 0.061519, Val Loss: 0.068846  
	Train = MSE:0.061508 , RMSE:0.248008 , MAE:0.187144 , MAPD:0.951524, R_squared:0.998935  
	Validation = MSE:0.066107 , RMSE:0.257112 , MAE:0.205444 , MAPD:1.008023, R_squared:0.998810

2024-03-21 04:08:02,491 Epoch 146/300, Train Loss: 0.042913, Val Loss: 0.042302  
	Train = MSE:0.042919 , RMSE:0.207170 , MAE:0.156452 , MAPD:0.796657, R_squared:0.999257  
	Validation = MSE:0.045623 , RMSE:0.213595 , MAE:0.175220 , MAPD:1.004086, R_squared:0.999179

2024-03-21 04:08:04,665 Epoch 147/300, Train Loss: 0.050149, Val Loss: 0.107149  
	Train = MSE:0.050142 , RMSE:0.223924 , MAE:0.174518 , MAPD:0.888146, R_squared:0.999132  
	Validation = MSE:0.105943 , RMSE:0.325489 , MAE:0.287101 , MAPD:1.489555, R_squared:0.998094

2024-03-21 04:08:07,497 Epoch 148/300, Train Loss: 0.090800, Val Loss: 0.192973  
	Train = MSE:0.090817 , RMSE:0.301359 , MAE:0.238693 , MAPD:1.219824, R_squared:0.998428  
	Validation = MSE:0.195970 , RMSE:0.442685 , MAE:0.367037 , MAPD:1.745609, R_squared:0.996474

2024-03-21 04:08:09,676 Epoch 149/300, Train Loss: 0.100115, Val Loss: 0.142722  
	Train = MSE:0.100094 , RMSE:0.316376 , MAE:0.248194 , MAPD:1.246866, R_squared:0.998267  
	Validation = MSE:0.152097 , RMSE:0.389997 , MAE:0.334240 , MAPD:1.643505, R_squared:0.997263

2024-03-21 04:08:12,130 Epoch 150/300, Train Loss: 0.098083, Val Loss: 0.069476  
	Train = MSE:0.098102 , RMSE:0.313212 , MAE:0.246211 , MAPD:1.237435, R_squared:0.998302  
	Validation = MSE:0.069971 , RMSE:0.264521 , MAE:0.224594 , MAPD:1.150424, R_squared:0.998741

2024-03-21 04:08:15,513 Epoch 151/300, Train Loss: 0.230471, Val Loss: 0.179408  
	Train = MSE:0.230468 , RMSE:0.480071 , MAE:0.397673 , MAPD:2.000540, R_squared:0.996011  
	Validation = MSE:0.166661 , RMSE:0.408241 , MAE:0.354670 , MAPD:1.780381, R_squared:0.997001

2024-03-21 04:08:22,062 Epoch 152/300, Train Loss: 0.088567, Val Loss: 0.138995  
	Train = MSE:0.088574 , RMSE:0.297614 , MAE:0.238816 , MAPD:1.214575, R_squared:0.998467  
	Validation = MSE:0.139742 , RMSE:0.373821 , MAE:0.313982 , MAPD:1.600196, R_squared:0.997485

2024-03-21 04:08:24,543 Epoch 153/300, Train Loss: 0.070207, Val Loss: 0.027363  
	Train = MSE:0.070217 , RMSE:0.264984 , MAE:0.205883 , MAPD:1.041856, R_squared:0.998785  
	Validation = MSE:0.031894 , RMSE:0.178590 , MAE:0.130691 , MAPD:0.743889, R_squared:0.999426

2024-03-21 04:08:27,289 Epoch 154/300, Train Loss: 0.042638, Val Loss: 0.065873  
	Train = MSE:0.042613 , RMSE:0.206429 , MAE:0.157279 , MAPD:0.808286, R_squared:0.999262  
	Validation = MSE:0.073568 , RMSE:0.271234 , MAE:0.226369 , MAPD:1.270947, R_squared:0.998676

2024-03-21 04:08:29,430 Epoch 155/300, Train Loss: 0.056920, Val Loss: 0.057739  
	Train = MSE:0.056921 , RMSE:0.238582 , MAE:0.182553 , MAPD:0.940171, R_squared:0.999015  
	Validation = MSE:0.061429 , RMSE:0.247849 , MAE:0.177565 , MAPD:0.837154, R_squared:0.998895

2024-03-21 04:08:32,431 Epoch 156/300, Train Loss: 0.062967, Val Loss: 0.063154  
	Train = MSE:0.062977 , RMSE:0.250952 , MAE:0.194726 , MAPD:0.987798, R_squared:0.998910  
	Validation = MSE:0.062378 , RMSE:0.249755 , MAE:0.200598 , MAPD:0.996189, R_squared:0.998878

2024-03-21 04:08:34,641 Epoch 157/300, Train Loss: 0.041349, Val Loss: 0.024725  
	Train = MSE:0.041355 , RMSE:0.203358 , MAE:0.153518 , MAPD:0.782332, R_squared:0.999284  
	Validation = MSE:0.029242 , RMSE:0.171004 , MAE:0.121443 , MAPD:0.677075, R_squared:0.999474

2024-03-21 04:08:36,832 Epoch 158/300, Train Loss: 0.027659, Val Loss: 0.030264  
	Train = MSE:0.027660 , RMSE:0.166313 , MAE:0.121606 , MAPD:0.627729, R_squared:0.999521  
	Validation = MSE:0.032609 , RMSE:0.180581 , MAE:0.130937 , MAPD:0.674432, R_squared:0.999413

2024-03-21 04:08:39,019 Epoch 159/300, Train Loss: 0.039000, Val Loss: 0.031180  
	Train = MSE:0.039004 , RMSE:0.197493 , MAE:0.147715 , MAPD:0.751918, R_squared:0.999325  
	Validation = MSE:0.035751 , RMSE:0.189079 , MAE:0.140102 , MAPD:0.818719, R_squared:0.999357

2024-03-21 04:08:41,680 Epoch 160/300, Train Loss: 0.071916, Val Loss: 0.052191  
	Train = MSE:0.071913 , RMSE:0.268167 , MAE:0.209541 , MAPD:1.063072, R_squared:0.998755  
	Validation = MSE:0.056755 , RMSE:0.238234 , MAE:0.175892 , MAPD:0.855889, R_squared:0.998979

2024-03-21 04:08:45,259 Epoch 161/300, Train Loss: 0.096759, Val Loss: 0.033376  
	Train = MSE:0.096753 , RMSE:0.311051 , MAE:0.251610 , MAPD:1.266759, R_squared:0.998325  
	Validation = MSE:0.035483 , RMSE:0.188369 , MAE:0.143619 , MAPD:0.772224, R_squared:0.999362

2024-03-21 04:08:52,097 Epoch 162/300, Train Loss: 0.072247, Val Loss: 0.052987  
	Train = MSE:0.072261 , RMSE:0.268814 , MAE:0.212747 , MAPD:1.083320, R_squared:0.998749  
	Validation = MSE:0.052326 , RMSE:0.228749 , MAE:0.181417 , MAPD:0.912340, R_squared:0.999058

2024-03-21 04:08:54,334 Epoch 163/300, Train Loss: 0.099878, Val Loss: 0.034753  
	Train = MSE:0.099900 , RMSE:0.316070 , MAE:0.255111 , MAPD:1.278760, R_squared:0.998271  
	Validation = MSE:0.039634 , RMSE:0.199083 , MAE:0.148708 , MAPD:0.848603, R_squared:0.999287

2024-03-21 04:08:56,550 Epoch 164/300, Train Loss: 0.051964, Val Loss: 0.050908  
	Train = MSE:0.051962 , RMSE:0.227952 , MAE:0.180688 , MAPD:0.922227, R_squared:0.999101  
	Validation = MSE:0.052341 , RMSE:0.228781 , MAE:0.186923 , MAPD:0.951318, R_squared:0.999058

2024-03-21 04:08:58,753 Epoch 165/300, Train Loss: 0.077792, Val Loss: 0.091786  
	Train = MSE:0.077806 , RMSE:0.278937 , MAE:0.216247 , MAPD:1.092008, R_squared:0.998653  
	Validation = MSE:0.095422 , RMSE:0.308905 , MAE:0.258811 , MAPD:1.322860, R_squared:0.998283

2024-03-21 04:09:01,662 Epoch 166/300, Train Loss: 0.080664, Val Loss: 0.082108  
	Train = MSE:0.080674 , RMSE:0.284031 , MAE:0.222407 , MAPD:1.112878, R_squared:0.998604  
	Validation = MSE:0.081358 , RMSE:0.285234 , MAE:0.244138 , MAPD:1.244017, R_squared:0.998536

2024-03-21 04:09:03,850 Epoch 167/300, Train Loss: 0.078577, Val Loss: 0.025256  
	Train = MSE:0.078581 , RMSE:0.280323 , MAE:0.227460 , MAPD:1.146573, R_squared:0.998640  
	Validation = MSE:0.028644 , RMSE:0.169245 , MAE:0.122474 , MAPD:0.664888, R_squared:0.999485

2024-03-21 04:09:06,908 Epoch 168/300, Train Loss: 0.088970, Val Loss: 0.128013  
	Train = MSE:0.088915 , RMSE:0.298187 , MAE:0.234363 , MAPD:1.187322, R_squared:0.998461  
	Validation = MSE:0.130415 , RMSE:0.361130 , MAE:0.295240 , MAPD:1.425099, R_squared:0.997653

2024-03-21 04:09:09,084 Epoch 169/300, Train Loss: 0.135376, Val Loss: 0.075742  
	Train = MSE:0.135409 , RMSE:0.367979 , MAE:0.284723 , MAPD:1.448876, R_squared:0.997656  
	Validation = MSE:0.075098 , RMSE:0.274039 , MAE:0.237507 , MAPD:1.254728, R_squared:0.998649

2024-03-21 04:09:11,248 Epoch 170/300, Train Loss: 0.366525, Val Loss: 0.224920  
	Train = MSE:0.366605 , RMSE:0.605479 , MAE:0.486987 , MAPD:2.447820, R_squared:0.993654  
	Validation = MSE:0.228861 , RMSE:0.478394 , MAE:0.443898 , MAPD:2.597985, R_squared:0.995882

2024-03-21 04:09:13,494 Epoch 171/300, Train Loss: 0.350954, Val Loss: 0.149709  
	Train = MSE:0.351040 , RMSE:0.592486 , MAE:0.484317 , MAPD:2.433006, R_squared:0.993923  
	Validation = MSE:0.161045 , RMSE:0.401304 , MAE:0.345399 , MAPD:1.700963, R_squared:0.997102

2024-03-21 04:09:19,406 Epoch 172/300, Train Loss: 0.071071, Val Loss: 0.076671  
	Train = MSE:0.071087 , RMSE:0.266621 , MAE:0.212367 , MAPD:1.089319, R_squared:0.998769  
	Validation = MSE:0.074852 , RMSE:0.273591 , MAE:0.237858 , MAPD:1.273673, R_squared:0.998653

2024-03-21 04:09:21,559 Epoch 173/300, Train Loss: 0.042073, Val Loss: 0.033696  
	Train = MSE:0.042077 , RMSE:0.205126 , MAE:0.157137 , MAPD:0.804625, R_squared:0.999272  
	Validation = MSE:0.036234 , RMSE:0.190351 , MAE:0.143626 , MAPD:0.763606, R_squared:0.999348

2024-03-21 04:09:23,743 Epoch 174/300, Train Loss: 0.036710, Val Loss: 0.044648  
	Train = MSE:0.036691 , RMSE:0.191549 , MAE:0.143519 , MAPD:0.728025, R_squared:0.999365  
	Validation = MSE:0.046236 , RMSE:0.215025 , MAE:0.174459 , MAPD:0.929909, R_squared:0.999168

2024-03-21 04:09:25,904 Epoch 175/300, Train Loss: 0.046774, Val Loss: 0.034749  
	Train = MSE:0.046781 , RMSE:0.216290 , MAE:0.168372 , MAPD:0.859865, R_squared:0.999190  
	Validation = MSE:0.040962 , RMSE:0.202391 , MAE:0.145483 , MAPD:0.751518, R_squared:0.999263

2024-03-21 04:09:28,087 Epoch 176/300, Train Loss: 0.036527, Val Loss: 0.023076  
	Train = MSE:0.036530 , RMSE:0.191129 , MAE:0.143519 , MAPD:0.731382, R_squared:0.999368  
	Validation = MSE:0.026696 , RMSE:0.163389 , MAE:0.111962 , MAPD:0.610124, R_squared:0.999520

2024-03-21 04:09:30,252 Epoch 177/300, Train Loss: 0.067934, Val Loss: 0.036188  
	Train = MSE:0.067904 , RMSE:0.260584 , MAE:0.199749 , MAPD:1.013103, R_squared:0.998825  
	Validation = MSE:0.038790 , RMSE:0.196952 , MAE:0.160107 , MAPD:0.917197, R_squared:0.999302

2024-03-21 04:09:32,919 Epoch 178/300, Train Loss: 0.046572, Val Loss: 0.022297  
	Train = MSE:0.046573 , RMSE:0.215808 , MAE:0.167412 , MAPD:0.861478, R_squared:0.999194  
	Validation = MSE:0.026189 , RMSE:0.161831 , MAE:0.111793 , MAPD:0.605552, R_squared:0.999529

2024-03-21 04:09:35,798 Epoch 179/300, Train Loss: 0.033601, Val Loss: 0.024967  
	Train = MSE:0.033605 , RMSE:0.183316 , MAE:0.138467 , MAPD:0.711862, R_squared:0.999418  
	Validation = MSE:0.029069 , RMSE:0.170497 , MAE:0.121056 , MAPD:0.675671, R_squared:0.999477

2024-03-21 04:09:38,082 Epoch 180/300, Train Loss: 0.042153, Val Loss: 0.024865  
	Train = MSE:0.042157 , RMSE:0.205322 , MAE:0.154705 , MAPD:0.790703, R_squared:0.999270  
	Validation = MSE:0.027787 , RMSE:0.166693 , MAE:0.113183 , MAPD:0.624624, R_squared:0.999500

2024-03-21 04:09:40,738 Epoch 181/300, Train Loss: 0.028008, Val Loss: 0.030469  
	Train = MSE:0.028010 , RMSE:0.167363 , MAE:0.123770 , MAPD:0.633133, R_squared:0.999515  
	Validation = MSE:0.035063 , RMSE:0.187250 , MAE:0.135543 , MAPD:0.749878, R_squared:0.999369

2024-03-21 04:09:48,197 Epoch 182/300, Train Loss: 0.038231, Val Loss: 0.030767  
	Train = MSE:0.038233 , RMSE:0.195533 , MAE:0.150463 , MAPD:0.776304, R_squared:0.999338  
	Validation = MSE:0.036037 , RMSE:0.189833 , MAE:0.138427 , MAPD:0.736889, R_squared:0.999352

2024-03-21 04:09:50,406 Epoch 183/300, Train Loss: 0.029547, Val Loss: 0.022160  
	Train = MSE:0.029548 , RMSE:0.171896 , MAE:0.128844 , MAPD:0.665741, R_squared:0.999489  
	Validation = MSE:0.026382 , RMSE:0.162424 , MAE:0.110957 , MAPD:0.600247, R_squared:0.999525

2024-03-21 04:09:53,487 Epoch 184/300, Train Loss: 0.046434, Val Loss: 0.028246  
	Train = MSE:0.046427 , RMSE:0.215469 , MAE:0.167943 , MAPD:0.852900, R_squared:0.999196  
	Validation = MSE:0.029895 , RMSE:0.172902 , MAE:0.128932 , MAPD:0.699362, R_squared:0.999462

2024-03-21 04:09:55,881 Epoch 185/300, Train Loss: 0.036605, Val Loss: 0.121817  
	Train = MSE:0.036594 , RMSE:0.191296 , MAE:0.146138 , MAPD:0.755913, R_squared:0.999367  
	Validation = MSE:0.117228 , RMSE:0.342386 , MAE:0.295761 , MAPD:1.492156, R_squared:0.997891

2024-03-21 04:09:58,051 Epoch 186/300, Train Loss: 0.056449, Val Loss: 0.023427  
	Train = MSE:0.056460 , RMSE:0.237614 , MAE:0.185239 , MAPD:0.937635, R_squared:0.999023  
	Validation = MSE:0.025798 , RMSE:0.160619 , MAE:0.115048 , MAPD:0.627693, R_squared:0.999536

2024-03-21 04:10:00,183 Epoch 187/300, Train Loss: 0.043266, Val Loss: 0.114998  
	Train = MSE:0.043257 , RMSE:0.207984 , MAE:0.155763 , MAPD:0.787361, R_squared:0.999251  
	Validation = MSE:0.122016 , RMSE:0.349308 , MAE:0.311655 , MAPD:1.661467, R_squared:0.997804

2024-03-21 04:10:02,412 Epoch 188/300, Train Loss: 0.147138, Val Loss: 0.200724  
	Train = MSE:0.147172 , RMSE:0.383630 , MAE:0.303729 , MAPD:1.545302, R_squared:0.997452  
	Validation = MSE:0.183427 , RMSE:0.428284 , MAE:0.347331 , MAPD:1.640396, R_squared:0.996699

2024-03-21 04:10:04,588 Epoch 189/300, Train Loss: 0.072355, Val Loss: 0.026274  
	Train = MSE:0.072372 , RMSE:0.269020 , MAE:0.189759 , MAPD:0.954362, R_squared:0.998747  
	Validation = MSE:0.031130 , RMSE:0.176438 , MAE:0.124821 , MAPD:0.664783, R_squared:0.999440

2024-03-21 04:10:07,360 Epoch 190/300, Train Loss: 0.033097, Val Loss: 0.031708  
	Train = MSE:0.033098 , RMSE:0.181929 , MAE:0.137750 , MAPD:0.706837, R_squared:0.999427  
	Validation = MSE:0.033018 , RMSE:0.181708 , MAE:0.138958 , MAPD:0.739264, R_squared:0.999406

2024-03-21 04:10:10,228 Epoch 191/300, Train Loss: 0.110289, Val Loss: 0.100191  
	Train = MSE:0.110314 , RMSE:0.332136 , MAE:0.257372 , MAPD:1.289447, R_squared:0.998090  
	Validation = MSE:0.105947 , RMSE:0.325495 , MAE:0.284527 , MAPD:1.556358, R_squared:0.998094

2024-03-21 04:10:15,583 Epoch 192/300, Train Loss: 0.130436, Val Loss: 0.201967  
	Train = MSE:0.130443 , RMSE:0.361170 , MAE:0.294149 , MAPD:1.489206, R_squared:0.997742  
	Validation = MSE:0.194139 , RMSE:0.440612 , MAE:0.405726 , MAPD:2.118733, R_squared:0.996507

2024-03-21 04:10:17,764 Epoch 193/300, Train Loss: 0.112006, Val Loss: 0.137450  
	Train = MSE:0.112036 , RMSE:0.334718 , MAE:0.272896 , MAPD:1.381979, R_squared:0.998061  
	Validation = MSE:0.146809 , RMSE:0.383157 , MAE:0.327710 , MAPD:1.609647, R_squared:0.997358

2024-03-21 04:10:19,919 Epoch 194/300, Train Loss: 0.179695, Val Loss: 0.092837  
	Train = MSE:0.179670 , RMSE:0.423876 , MAE:0.354538 , MAPD:1.788508, R_squared:0.996890  
	Validation = MSE:0.082434 , RMSE:0.287113 , MAE:0.229321 , MAPD:1.108196, R_squared:0.998517

2024-03-21 04:10:22,442 Epoch 195/300, Train Loss: 0.074014, Val Loss: 0.092971  
	Train = MSE:0.073989 , RMSE:0.272009 , MAE:0.211535 , MAPD:1.056511, R_squared:0.998719  
	Validation = MSE:0.087836 , RMSE:0.296372 , MAE:0.260325 , MAPD:1.352249, R_squared:0.998419

2024-03-21 04:10:25,468 Epoch 196/300, Train Loss: 0.063379, Val Loss: 0.039009  
	Train = MSE:0.063383 , RMSE:0.251760 , MAE:0.185304 , MAPD:0.940417, R_squared:0.998903  
	Validation = MSE:0.045483 , RMSE:0.213266 , MAE:0.167153 , MAPD:0.913901, R_squared:0.999182

2024-03-21 04:10:28,914 Epoch 197/300, Train Loss: 0.090827, Val Loss: 0.085431  
	Train = MSE:0.090786 , RMSE:0.301307 , MAE:0.245402 , MAPD:1.243027, R_squared:0.998428  
	Validation = MSE:0.092751 , RMSE:0.304551 , MAE:0.265842 , MAPD:1.551436, R_squared:0.998331

2024-03-21 04:10:32,156 Epoch 198/300, Train Loss: 0.104997, Val Loss: 0.097585  
	Train = MSE:0.105013 , RMSE:0.324057 , MAE:0.261351 , MAPD:1.337880, R_squared:0.998182  
	Validation = MSE:0.087810 , RMSE:0.296327 , MAE:0.229514 , MAPD:1.075584, R_squared:0.998420

2024-03-21 04:10:35,342 Epoch 199/300, Train Loss: 0.072177, Val Loss: 0.051893  
	Train = MSE:0.072191 , RMSE:0.268685 , MAE:0.210901 , MAPD:1.068869, R_squared:0.998750  
	Validation = MSE:0.051146 , RMSE:0.226154 , MAE:0.188436 , MAPD:0.991457, R_squared:0.999080

2024-03-21 04:10:37,546 Epoch 200/300, Train Loss: 0.070274, Val Loss: 0.163260  
	Train = MSE:0.070277 , RMSE:0.265098 , MAE:0.210350 , MAPD:1.071452, R_squared:0.998783  
	Validation = MSE:0.148438 , RMSE:0.385276 , MAE:0.329581 , MAPD:1.630582, R_squared:0.997329

2024-03-21 04:10:40,061 Epoch 201/300, Train Loss: 0.078422, Val Loss: 0.072778  
	Train = MSE:0.078439 , RMSE:0.280069 , MAE:0.224775 , MAPD:1.137801, R_squared:0.998642  
	Validation = MSE:0.071301 , RMSE:0.267023 , MAE:0.232663 , MAPD:1.259979, R_squared:0.998717

2024-03-21 04:10:47,823 Epoch 202/300, Train Loss: 0.051286, Val Loss: 0.029345  
	Train = MSE:0.051271 , RMSE:0.226432 , MAE:0.178929 , MAPD:0.919756, R_squared:0.999112  
	Validation = MSE:0.031346 , RMSE:0.177049 , MAE:0.134653 , MAPD:0.732435, R_squared:0.999436

2024-03-21 04:10:49,955 Epoch 203/300, Train Loss: 0.040071, Val Loss: 0.024756  
	Train = MSE:0.040078 , RMSE:0.200195 , MAE:0.153716 , MAPD:0.788814, R_squared:0.999306  
	Validation = MSE:0.026976 , RMSE:0.164245 , MAE:0.116246 , MAPD:0.619343, R_squared:0.999515

2024-03-21 04:10:52,107 Epoch 204/300, Train Loss: 0.064566, Val Loss: 0.035993  
	Train = MSE:0.064560 , RMSE:0.254087 , MAE:0.199583 , MAPD:1.006330, R_squared:0.998882  
	Validation = MSE:0.040980 , RMSE:0.202434 , MAE:0.154593 , MAPD:0.894648, R_squared:0.999263

2024-03-21 04:10:54,583 Epoch 205/300, Train Loss: 0.070893, Val Loss: 0.064198  
	Train = MSE:0.070904 , RMSE:0.266278 , MAE:0.213603 , MAPD:1.088909, R_squared:0.998773  
	Validation = MSE:0.071271 , RMSE:0.266966 , MAE:0.216251 , MAPD:1.091674, R_squared:0.998718

2024-03-21 04:10:56,724 Epoch 206/300, Train Loss: 0.053311, Val Loss: 0.028468  
	Train = MSE:0.053323 , RMSE:0.230917 , MAE:0.176896 , MAPD:0.889094, R_squared:0.999077  
	Validation = MSE:0.032466 , RMSE:0.180182 , MAE:0.128443 , MAPD:0.702466, R_squared:0.999416

2024-03-21 04:10:58,832 Epoch 207/300, Train Loss: 0.030590, Val Loss: 0.025802  
	Train = MSE:0.030586 , RMSE:0.174889 , MAE:0.132316 , MAPD:0.681586, R_squared:0.999471  
	Validation = MSE:0.030368 , RMSE:0.174265 , MAE:0.121890 , MAPD:0.665917, R_squared:0.999454

2024-03-21 04:11:00,965 Epoch 208/300, Train Loss: 0.059433, Val Loss: 0.063176  
	Train = MSE:0.059444 , RMSE:0.243812 , MAE:0.189601 , MAPD:0.959601, R_squared:0.998971  
	Validation = MSE:0.070676 , RMSE:0.265850 , MAE:0.225436 , MAPD:1.205268, R_squared:0.998728

2024-03-21 04:11:03,904 Epoch 209/300, Train Loss: 0.049794, Val Loss: 0.035817  
	Train = MSE:0.049802 , RMSE:0.223164 , MAE:0.173825 , MAPD:0.877078, R_squared:0.999138  
	Validation = MSE:0.036583 , RMSE:0.191268 , MAE:0.150437 , MAPD:0.795118, R_squared:0.999342

2024-03-21 04:11:06,031 Epoch 210/300, Train Loss: 0.049068, Val Loss: 0.027948  
	Train = MSE:0.049072 , RMSE:0.221522 , MAE:0.168520 , MAPD:0.855700, R_squared:0.999151  
	Validation = MSE:0.030584 , RMSE:0.174884 , MAE:0.130538 , MAPD:0.693874, R_squared:0.999450

2024-03-21 04:11:08,180 Epoch 211/300, Train Loss: 0.082572, Val Loss: 0.124700  
	Train = MSE:0.082586 , RMSE:0.287378 , MAE:0.228581 , MAPD:1.153718, R_squared:0.998570  
	Validation = MSE:0.132803 , RMSE:0.364422 , MAE:0.322468 , MAPD:1.731085, R_squared:0.997610

2024-03-21 04:11:13,903 Epoch 212/300, Train Loss: 0.090455, Val Loss: 0.024182  
	Train = MSE:0.090460 , RMSE:0.300766 , MAE:0.238205 , MAPD:1.209452, R_squared:0.998434  
	Validation = MSE:0.028764 , RMSE:0.169598 , MAE:0.115883 , MAPD:0.639155, R_squared:0.999482

2024-03-21 04:11:16,020 Epoch 213/300, Train Loss: 0.092391, Val Loss: 0.031413  
	Train = MSE:0.092411 , RMSE:0.303992 , MAE:0.248135 , MAPD:1.250069, R_squared:0.998400  
	Validation = MSE:0.032929 , RMSE:0.181464 , MAE:0.134826 , MAPD:0.696966, R_squared:0.999407

2024-03-21 04:11:18,137 Epoch 214/300, Train Loss: 0.036105, Val Loss: 0.162532  
	Train = MSE:0.036079 , RMSE:0.189944 , MAE:0.143093 , MAPD:0.726104, R_squared:0.999375  
	Validation = MSE:0.166582 , RMSE:0.408144 , MAE:0.364031 , MAPD:1.870614, R_squared:0.997003

2024-03-21 04:11:20,602 Epoch 215/300, Train Loss: 0.080186, Val Loss: 0.092738  
	Train = MSE:0.080197 , RMSE:0.283191 , MAE:0.223458 , MAPD:1.142039, R_squared:0.998612  
	Validation = MSE:0.099866 , RMSE:0.316016 , MAE:0.270881 , MAPD:1.378377, R_squared:0.998203

2024-03-21 04:11:22,879 Epoch 216/300, Train Loss: 0.111837, Val Loss: 0.024607  
	Train = MSE:0.111854 , RMSE:0.334446 , MAE:0.269818 , MAPD:1.362686, R_squared:0.998064  
	Validation = MSE:0.028207 , RMSE:0.167949 , MAE:0.124395 , MAPD:0.712494, R_squared:0.999492

2024-03-21 04:11:25,273 Epoch 217/300, Train Loss: 0.031195, Val Loss: 0.023341  
	Train = MSE:0.031196 , RMSE:0.176624 , MAE:0.132432 , MAPD:0.685905, R_squared:0.999460  
	Validation = MSE:0.025768 , RMSE:0.160524 , MAE:0.112638 , MAPD:0.600880, R_squared:0.999536

2024-03-21 04:11:28,877 Epoch 218/300, Train Loss: 0.023418, Val Loss: 0.021432  
	Train = MSE:0.023419 , RMSE:0.153033 , MAE:0.112666 , MAPD:0.579332, R_squared:0.999595  
	Validation = MSE:0.025360 , RMSE:0.159247 , MAE:0.109622 , MAPD:0.591816, R_squared:0.999544

2024-03-21 04:11:31,504 Epoch 219/300, Train Loss: 0.033798, Val Loss: 0.074596  
	Train = MSE:0.033801 , RMSE:0.183851 , MAE:0.140686 , MAPD:0.719006, R_squared:0.999415  
	Validation = MSE:0.080032 , RMSE:0.282899 , MAE:0.243101 , MAPD:1.293400, R_squared:0.998560

2024-03-21 04:11:33,614 Epoch 220/300, Train Loss: 0.055962, Val Loss: 0.120913  
	Train = MSE:0.055964 , RMSE:0.236567 , MAE:0.187934 , MAPD:0.949362, R_squared:0.999031  
	Validation = MSE:0.116649 , RMSE:0.341538 , MAE:0.307533 , MAPD:1.632521, R_squared:0.997901

2024-03-21 04:11:35,762 Epoch 221/300, Train Loss: 0.062919, Val Loss: 0.036306  
	Train = MSE:0.062920 , RMSE:0.250838 , MAE:0.197079 , MAPD:1.000983, R_squared:0.998911  
	Validation = MSE:0.042002 , RMSE:0.204943 , MAE:0.155445 , MAPD:0.820669, R_squared:0.999244

2024-03-21 04:11:41,198 Epoch 222/300, Train Loss: 0.101830, Val Loss: 0.090387  
	Train = MSE:0.101812 , RMSE:0.319080 , MAE:0.265029 , MAPD:1.345842, R_squared:0.998238  
	Validation = MSE:0.082720 , RMSE:0.287611 , MAE:0.241280 , MAPD:1.250595, R_squared:0.998512

2024-03-21 04:11:43,964 Epoch 223/300, Train Loss: 0.042949, Val Loss: 0.023426  
	Train = MSE:0.042950 , RMSE:0.207244 , MAE:0.160599 , MAPD:0.836455, R_squared:0.999257  
	Validation = MSE:0.026234 , RMSE:0.161968 , MAE:0.116782 , MAPD:0.639222, R_squared:0.999528

2024-03-21 04:11:46,055 Epoch 224/300, Train Loss: 0.043056, Val Loss: 0.043972  
	Train = MSE:0.043060 , RMSE:0.207509 , MAE:0.156250 , MAPD:0.792377, R_squared:0.999255  
	Validation = MSE:0.048960 , RMSE:0.221269 , MAE:0.179814 , MAPD:1.034728, R_squared:0.999119

2024-03-21 04:11:48,186 Epoch 225/300, Train Loss: 0.050326, Val Loss: 0.224895  
	Train = MSE:0.050288 , RMSE:0.224249 , MAE:0.172742 , MAPD:0.881251, R_squared:0.999130  
	Validation = MSE:0.211926 , RMSE:0.460354 , MAE:0.415121 , MAPD:2.110334, R_squared:0.996187

2024-03-21 04:11:50,377 Epoch 226/300, Train Loss: 0.057339, Val Loss: 0.115331  
	Train = MSE:0.057340 , RMSE:0.239458 , MAE:0.189086 , MAPD:0.965961, R_squared:0.999007  
	Validation = MSE:0.122187 , RMSE:0.349553 , MAE:0.306763 , MAPD:1.570712, R_squared:0.997801

2024-03-21 04:11:52,785 Epoch 227/300, Train Loss: 0.105402, Val Loss: 0.257408  
	Train = MSE:0.105279 , RMSE:0.324468 , MAE:0.252310 , MAPD:1.270590, R_squared:0.998178  
	Validation = MSE:0.244064 , RMSE:0.494028 , MAE:0.458586 , MAPD:2.419085, R_squared:0.995608

2024-03-21 04:11:55,300 Epoch 228/300, Train Loss: 0.118633, Val Loss: 0.034925  
	Train = MSE:0.118664 , RMSE:0.344476 , MAE:0.275788 , MAPD:1.387859, R_squared:0.997946  
	Validation = MSE:0.034879 , RMSE:0.186758 , MAE:0.138596 , MAPD:0.705409, R_squared:0.999372

2024-03-21 04:11:57,824 Epoch 229/300, Train Loss: 0.047596, Val Loss: 0.023759  
	Train = MSE:0.047607 , RMSE:0.218190 , MAE:0.169271 , MAPD:0.861225, R_squared:0.999176  
	Validation = MSE:0.028085 , RMSE:0.167586 , MAE:0.117743 , MAPD:0.622068, R_squared:0.999495

2024-03-21 04:12:00,788 Epoch 230/300, Train Loss: 0.031055, Val Loss: 0.035292  
	Train = MSE:0.031058 , RMSE:0.176233 , MAE:0.131329 , MAPD:0.674707, R_squared:0.999462  
	Validation = MSE:0.040550 , RMSE:0.201371 , MAE:0.155697 , MAPD:0.834244, R_squared:0.999270

2024-03-21 04:12:03,446 Epoch 231/300, Train Loss: 0.035084, Val Loss: 0.033241  
	Train = MSE:0.035088 , RMSE:0.187318 , MAE:0.142350 , MAPD:0.720100, R_squared:0.999393  
	Validation = MSE:0.034128 , RMSE:0.184738 , MAE:0.145981 , MAPD:0.783829, R_squared:0.999386

2024-03-21 04:12:09,070 Epoch 232/300, Train Loss: 0.032001, Val Loss: 0.195376  
	Train = MSE:0.031972 , RMSE:0.178807 , MAE:0.135619 , MAPD:0.696050, R_squared:0.999447  
	Validation = MSE:0.200148 , RMSE:0.447379 , MAE:0.395542 , MAPD:1.957358, R_squared:0.996399

2024-03-21 04:12:11,185 Epoch 233/300, Train Loss: 0.045592, Val Loss: 0.022374  
	Train = MSE:0.045596 , RMSE:0.213531 , MAE:0.165769 , MAPD:0.856570, R_squared:0.999211  
	Validation = MSE:0.024059 , RMSE:0.155109 , MAE:0.112639 , MAPD:0.625800, R_squared:0.999567

2024-03-21 04:12:14,215 Epoch 234/300, Train Loss: 0.028694, Val Loss: 0.134203  
	Train = MSE:0.028689 , RMSE:0.169377 , MAE:0.128814 , MAPD:0.661292, R_squared:0.999503  
	Validation = MSE:0.142604 , RMSE:0.377630 , MAE:0.342114 , MAPD:1.797621, R_squared:0.997434

2024-03-21 04:12:16,513 Epoch 235/300, Train Loss: 0.075721, Val Loss: 0.024510  
	Train = MSE:0.075720 , RMSE:0.275173 , MAE:0.219817 , MAPD:1.124747, R_squared:0.998689  
	Validation = MSE:0.025205 , RMSE:0.158761 , MAE:0.109946 , MAPD:0.620720, R_squared:0.999546

2024-03-21 04:12:18,600 Epoch 236/300, Train Loss: 0.070477, Val Loss: 0.116733  
	Train = MSE:0.070485 , RMSE:0.265490 , MAE:0.206794 , MAPD:1.066178, R_squared:0.998780  
	Validation = MSE:0.112057 , RMSE:0.334750 , MAE:0.302559 , MAPD:1.725842, R_squared:0.997984

2024-03-21 04:12:20,823 Epoch 237/300, Train Loss: 0.042840, Val Loss: 0.019423  
	Train = MSE:0.042849 , RMSE:0.207000 , MAE:0.159785 , MAPD:0.824047, R_squared:0.999258  
	Validation = MSE:0.023465 , RMSE:0.153183 , MAE:0.106448 , MAPD:0.592993, R_squared:0.999578

2024-03-21 04:12:22,992 Epoch 238/300, Train Loss: 0.032465, Val Loss: 0.075556  
	Train = MSE:0.032471 , RMSE:0.180197 , MAE:0.136118 , MAPD:0.701465, R_squared:0.999438  
	Validation = MSE:0.081974 , RMSE:0.286312 , MAE:0.246766 , MAPD:1.286543, R_squared:0.998525

2024-03-21 04:12:25,114 Epoch 239/300, Train Loss: 0.078542, Val Loss: 0.052600  
	Train = MSE:0.078561 , RMSE:0.280287 , MAE:0.226643 , MAPD:1.158137, R_squared:0.998640  
	Validation = MSE:0.049471 , RMSE:0.222422 , MAE:0.174740 , MAPD:0.922229, R_squared:0.999110

2024-03-21 04:12:27,296 Epoch 240/300, Train Loss: 0.042746, Val Loss: 0.028440  
	Train = MSE:0.042754 , RMSE:0.206770 , MAE:0.163635 , MAPD:0.832326, R_squared:0.999260  
	Validation = MSE:0.032740 , RMSE:0.180942 , MAE:0.133217 , MAPD:0.748299, R_squared:0.999411

2024-03-21 04:12:29,429 Epoch 241/300, Train Loss: 0.030541, Val Loss: 0.076559  
	Train = MSE:0.030523 , RMSE:0.174709 , MAE:0.132466 , MAPD:0.677458, R_squared:0.999472  
	Validation = MSE:0.081904 , RMSE:0.286189 , MAE:0.237575 , MAPD:1.182962, R_squared:0.998526

2024-03-21 04:12:37,345 Epoch 242/300, Train Loss: 0.080167, Val Loss: 0.056692  
	Train = MSE:0.080184 , RMSE:0.283168 , MAE:0.217433 , MAPD:1.083935, R_squared:0.998612  
	Validation = MSE:0.056988 , RMSE:0.238721 , MAE:0.195873 , MAPD:1.014169, R_squared:0.998975

2024-03-21 04:12:39,495 Epoch 243/300, Train Loss: 0.033723, Val Loss: 0.041852  
	Train = MSE:0.033724 , RMSE:0.183641 , MAE:0.141773 , MAPD:0.728894, R_squared:0.999416  
	Validation = MSE:0.048015 , RMSE:0.219124 , MAE:0.176507 , MAPD:0.952686, R_squared:0.999136

2024-03-21 04:12:41,600 Epoch 244/300, Train Loss: 0.074750, Val Loss: 0.041069  
	Train = MSE:0.074757 , RMSE:0.273417 , MAE:0.214566 , MAPD:1.086238, R_squared:0.998706  
	Validation = MSE:0.040860 , RMSE:0.202139 , MAE:0.164724 , MAPD:0.886230, R_squared:0.999265

2024-03-21 04:12:43,766 Epoch 245/300, Train Loss: 0.032708, Val Loss: 0.032999  
	Train = MSE:0.032710 , RMSE:0.180860 , MAE:0.138292 , MAPD:0.712115, R_squared:0.999434  
	Validation = MSE:0.032845 , RMSE:0.181231 , MAE:0.137391 , MAPD:0.723150, R_squared:0.999409

2024-03-21 04:12:45,957 Epoch 246/300, Train Loss: 0.051186, Val Loss: 0.022221  
	Train = MSE:0.051193 , RMSE:0.226260 , MAE:0.176792 , MAPD:0.900837, R_squared:0.999114  
	Validation = MSE:0.024952 , RMSE:0.157961 , MAE:0.110802 , MAPD:0.600889, R_squared:0.999551

2024-03-21 04:12:48,149 Epoch 247/300, Train Loss: 0.033362, Val Loss: 0.129341  
	Train = MSE:0.033350 , RMSE:0.182619 , MAE:0.140741 , MAPD:0.721437, R_squared:0.999423  
	Validation = MSE:0.135422 , RMSE:0.367997 , MAE:0.327829 , MAPD:1.690110, R_squared:0.997563

2024-03-21 04:12:50,609 Epoch 248/300, Train Loss: 0.035089, Val Loss: 0.023301  
	Train = MSE:0.035091 , RMSE:0.187325 , MAE:0.144418 , MAPD:0.742513, R_squared:0.999393  
	Validation = MSE:0.025453 , RMSE:0.159541 , MAE:0.118125 , MAPD:0.661101, R_squared:0.999542

2024-03-21 04:12:53,507 Epoch 249/300, Train Loss: 0.024377, Val Loss: 0.021286  
	Train = MSE:0.024379 , RMSE:0.156139 , MAE:0.119248 , MAPD:0.617424, R_squared:0.999578  
	Validation = MSE:0.023346 , RMSE:0.152793 , MAE:0.106214 , MAPD:0.600564, R_squared:0.999580

2024-03-21 04:12:55,639 Epoch 250/300, Train Loss: 0.028795, Val Loss: 0.029310  
	Train = MSE:0.028786 , RMSE:0.169664 , MAE:0.131397 , MAPD:0.670908, R_squared:0.999502  
	Validation = MSE:0.034407 , RMSE:0.185491 , MAE:0.135430 , MAPD:0.717826, R_squared:0.999381

2024-03-21 04:12:57,811 Epoch 251/300, Train Loss: 0.149976, Val Loss: 0.609512  
	Train = MSE:0.149881 , RMSE:0.387145 , MAE:0.307983 , MAPD:1.542052, R_squared:0.997406  
	Validation = MSE:0.615311 , RMSE:0.784418 , MAE:0.746225 , MAPD:3.870880, R_squared:0.988928

2024-03-21 04:13:03,438 Epoch 252/300, Train Loss: 0.353164, Val Loss: 0.136037  
	Train = MSE:0.353264 , RMSE:0.594360 , MAE:0.478567 , MAPD:2.430339, R_squared:0.993885  
	Validation = MSE:0.142187 , RMSE:0.377077 , MAE:0.327496 , MAPD:1.671277, R_squared:0.997441

2024-03-21 04:13:05,951 Epoch 253/300, Train Loss: 0.044013, Val Loss: 0.026374  
	Train = MSE:0.044016 , RMSE:0.209800 , MAE:0.158361 , MAPD:0.813937, R_squared:0.999238  
	Validation = MSE:0.026608 , RMSE:0.163119 , MAE:0.112875 , MAPD:0.603408, R_squared:0.999521

2024-03-21 04:13:08,107 Epoch 254/300, Train Loss: 0.024295, Val Loss: 0.023409  
	Train = MSE:0.024295 , RMSE:0.155869 , MAE:0.115688 , MAPD:0.607367, R_squared:0.999579  
	Validation = MSE:0.027274 , RMSE:0.165147 , MAE:0.115338 , MAPD:0.630759, R_squared:0.999509

2024-03-21 04:13:10,259 Epoch 255/300, Train Loss: 0.054078, Val Loss: 0.036045  
	Train = MSE:0.054072 , RMSE:0.232533 , MAE:0.180249 , MAPD:0.926857, R_squared:0.999064  
	Validation = MSE:0.037019 , RMSE:0.192402 , MAE:0.152045 , MAPD:0.813012, R_squared:0.999334

2024-03-21 04:13:12,385 Epoch 256/300, Train Loss: 0.028847, Val Loss: 0.027772  
	Train = MSE:0.028848 , RMSE:0.169848 , MAE:0.131739 , MAPD:0.692442, R_squared:0.999501  
	Validation = MSE:0.030864 , RMSE:0.175682 , MAE:0.130566 , MAPD:0.760082, R_squared:0.999445

2024-03-21 04:13:15,355 Epoch 257/300, Train Loss: 0.039241, Val Loss: 0.019864  
	Train = MSE:0.039240 , RMSE:0.198092 , MAE:0.156936 , MAPD:0.801939, R_squared:0.999321  
	Validation = MSE:0.021287 , RMSE:0.145901 , MAE:0.099565 , MAPD:0.551134, R_squared:0.999617

2024-03-21 04:13:17,583 Epoch 258/300, Train Loss: 0.023500, Val Loss: 0.018703  
	Train = MSE:0.023496 , RMSE:0.153284 , MAE:0.116329 , MAPD:0.603719, R_squared:0.999593  
	Validation = MSE:0.021834 , RMSE:0.147764 , MAE:0.103377 , MAPD:0.577918, R_squared:0.999607

2024-03-21 04:13:19,719 Epoch 259/300, Train Loss: 0.053785, Val Loss: 0.019491  
	Train = MSE:0.053784 , RMSE:0.231914 , MAE:0.184766 , MAPD:0.946998, R_squared:0.999069  
	Validation = MSE:0.022632 , RMSE:0.150441 , MAE:0.103885 , MAPD:0.570292, R_squared:0.999593

2024-03-21 04:13:21,912 Epoch 260/300, Train Loss: 0.045314, Val Loss: 0.075052  
	Train = MSE:0.045308 , RMSE:0.212858 , MAE:0.167912 , MAPD:0.849489, R_squared:0.999216  
	Validation = MSE:0.078290 , RMSE:0.279803 , MAE:0.238477 , MAPD:1.238859, R_squared:0.998591

2024-03-21 04:13:24,815 Epoch 261/300, Train Loss: 0.057155, Val Loss: 0.024250  
	Train = MSE:0.057151 , RMSE:0.239062 , MAE:0.192662 , MAPD:0.976337, R_squared:0.999011  
	Validation = MSE:0.028459 , RMSE:0.168698 , MAE:0.116548 , MAPD:0.611770, R_squared:0.999488

2024-03-21 04:13:30,275 Epoch 262/300, Train Loss: 0.081268, Val Loss: 0.023096  
	Train = MSE:0.081287 , RMSE:0.285109 , MAE:0.221087 , MAPD:1.131422, R_squared:0.998593  
	Validation = MSE:0.026820 , RMSE:0.163768 , MAE:0.114174 , MAPD:0.607564, R_squared:0.999517

2024-03-21 04:13:32,417 Epoch 263/300, Train Loss: 0.035493, Val Loss: 0.022852  
	Train = MSE:0.035495 , RMSE:0.188402 , MAE:0.147145 , MAPD:0.757809, R_squared:0.999386  
	Validation = MSE:0.027609 , RMSE:0.166160 , MAE:0.117747 , MAPD:0.641926, R_squared:0.999503

2024-03-21 04:13:34,551 Epoch 264/300, Train Loss: 0.028405, Val Loss: 0.032267  
	Train = MSE:0.028406 , RMSE:0.168542 , MAE:0.130581 , MAPD:0.666680, R_squared:0.999508  
	Validation = MSE:0.034021 , RMSE:0.184448 , MAE:0.147677 , MAPD:0.823527, R_squared:0.999388

2024-03-21 04:13:37,045 Epoch 265/300, Train Loss: 0.074723, Val Loss: 0.021982  
	Train = MSE:0.074727 , RMSE:0.273363 , MAE:0.223669 , MAPD:1.131254, R_squared:0.998706  
	Validation = MSE:0.024387 , RMSE:0.156163 , MAE:0.112176 , MAPD:0.635522, R_squared:0.999561

2024-03-21 04:13:39,246 Epoch 266/300, Train Loss: 0.030258, Val Loss: 0.019565  
	Train = MSE:0.030262 , RMSE:0.173959 , MAE:0.135062 , MAPD:0.692635, R_squared:0.999476  
	Validation = MSE:0.022165 , RMSE:0.148878 , MAE:0.105815 , MAPD:0.585659, R_squared:0.999601

2024-03-21 04:13:42,334 Epoch 267/300, Train Loss: 0.037841, Val Loss: 0.021651  
	Train = MSE:0.037844 , RMSE:0.194536 , MAE:0.151901 , MAPD:0.774306, R_squared:0.999345  
	Validation = MSE:0.022577 , RMSE:0.150257 , MAE:0.104512 , MAPD:0.574492, R_squared:0.999594

2024-03-21 04:13:44,640 Epoch 268/300, Train Loss: 0.024718, Val Loss: 0.020696  
	Train = MSE:0.024721 , RMSE:0.157230 , MAE:0.119239 , MAPD:0.616644, R_squared:0.999572  
	Validation = MSE:0.024868 , RMSE:0.157696 , MAE:0.110017 , MAPD:0.615147, R_squared:0.999553

2024-03-21 04:13:47,548 Epoch 269/300, Train Loss: 0.023953, Val Loss: 0.021633  
	Train = MSE:0.023953 , RMSE:0.154769 , MAE:0.119773 , MAPD:0.624697, R_squared:0.999585  
	Validation = MSE:0.024883 , RMSE:0.157743 , MAE:0.112589 , MAPD:0.640603, R_squared:0.999552

2024-03-21 04:13:50,069 Epoch 270/300, Train Loss: 0.023454, Val Loss: 0.019717  
	Train = MSE:0.023456 , RMSE:0.153154 , MAE:0.117328 , MAPD:0.614953, R_squared:0.999594  
	Validation = MSE:0.022234 , RMSE:0.149110 , MAE:0.102842 , MAPD:0.573065, R_squared:0.999600

2024-03-21 04:13:52,435 Epoch 271/300, Train Loss: 0.032480, Val Loss: 0.096837  
	Train = MSE:0.032475 , RMSE:0.180208 , MAE:0.142408 , MAPD:0.734196, R_squared:0.999438  
	Validation = MSE:0.100482 , RMSE:0.316988 , MAE:0.269739 , MAPD:1.360027, R_squared:0.998192

2024-03-21 04:14:01,014 Epoch 272/300, Train Loss: 0.122775, Val Loss: 0.041018  
	Train = MSE:0.122807 , RMSE:0.350439 , MAE:0.280519 , MAPD:1.418881, R_squared:0.997874  
	Validation = MSE:0.039680 , RMSE:0.199199 , MAE:0.158449 , MAPD:0.847718, R_squared:0.999286

2024-03-21 04:14:03,654 Epoch 273/300, Train Loss: 0.041922, Val Loss: 0.026038  
	Train = MSE:0.041919 , RMSE:0.204742 , MAE:0.159699 , MAPD:0.817096, R_squared:0.999274  
	Validation = MSE:0.026865 , RMSE:0.163904 , MAE:0.120869 , MAPD:0.643858, R_squared:0.999517

2024-03-21 04:14:06,292 Epoch 274/300, Train Loss: 0.018793, Val Loss: 0.017466  
	Train = MSE:0.018795 , RMSE:0.137094 , MAE:0.102460 , MAPD:0.535074, R_squared:0.999675  
	Validation = MSE:0.020096 , RMSE:0.141759 , MAE:0.095229 , MAPD:0.527844, R_squared:0.999638

2024-03-21 04:14:08,390 Epoch 275/300, Train Loss: 0.033166, Val Loss: 0.077424  
	Train = MSE:0.033150 , RMSE:0.182071 , MAE:0.141581 , MAPD:0.732477, R_squared:0.999426  
	Validation = MSE:0.079675 , RMSE:0.282267 , MAE:0.230762 , MAPD:1.125536, R_squared:0.998566

2024-03-21 04:14:10,556 Epoch 276/300, Train Loss: 0.077684, Val Loss: 0.026982  
	Train = MSE:0.077698 , RMSE:0.278744 , MAE:0.224947 , MAPD:1.138041, R_squared:0.998655  
	Validation = MSE:0.028498 , RMSE:0.168813 , MAE:0.129262 , MAPD:0.763103, R_squared:0.999487

2024-03-21 04:14:12,680 Epoch 277/300, Train Loss: 0.034633, Val Loss: 0.023994  
	Train = MSE:0.034637 , RMSE:0.186109 , MAE:0.143973 , MAPD:0.736294, R_squared:0.999400  
	Validation = MSE:0.024144 , RMSE:0.155384 , MAE:0.110853 , MAPD:0.585405, R_squared:0.999566

2024-03-21 04:14:15,435 Epoch 278/300, Train Loss: 0.082641, Val Loss: 0.194487  
	Train = MSE:0.082654 , RMSE:0.287496 , MAE:0.221801 , MAPD:1.120133, R_squared:0.998569  
	Validation = MSE:0.197738 , RMSE:0.444678 , MAE:0.402867 , MAPD:2.047479, R_squared:0.996442

2024-03-21 04:14:17,788 Epoch 279/300, Train Loss: 0.047256, Val Loss: 0.031639  
	Train = MSE:0.047257 , RMSE:0.217387 , MAE:0.172738 , MAPD:0.871676, R_squared:0.999182  
	Validation = MSE:0.031446 , RMSE:0.177329 , MAE:0.140322 , MAPD:0.766081, R_squared:0.999434

2024-03-21 04:14:19,952 Epoch 280/300, Train Loss: 0.040289, Val Loss: 0.019435  
	Train = MSE:0.040295 , RMSE:0.200735 , MAE:0.159630 , MAPD:0.819403, R_squared:0.999302  
	Validation = MSE:0.021461 , RMSE:0.146497 , MAE:0.099818 , MAPD:0.543166, R_squared:0.999614

2024-03-21 04:14:22,263 Epoch 281/300, Train Loss: 0.017553, Val Loss: 0.017382  
	Train = MSE:0.017553 , RMSE:0.132488 , MAE:0.099959 , MAPD:0.521912, R_squared:0.999696  
	Validation = MSE:0.018937 , RMSE:0.137614 , MAE:0.092324 , MAPD:0.515886, R_squared:0.999659

2024-03-21 04:14:28,570 Epoch 282/300, Train Loss: 0.028436, Val Loss: 0.083569  
	Train = MSE:0.028438 , RMSE:0.168637 , MAE:0.131425 , MAPD:0.679419, R_squared:0.999508  
	Validation = MSE:0.087541 , RMSE:0.295873 , MAE:0.262789 , MAPD:1.409069, R_squared:0.998425

2024-03-21 04:14:33,048 Epoch 283/300, Train Loss: 0.070756, Val Loss: 0.052989  
	Train = MSE:0.070749 , RMSE:0.265987 , MAE:0.218544 , MAPD:1.111421, R_squared:0.998775  
	Validation = MSE:0.058150 , RMSE:0.241142 , MAE:0.203765 , MAPD:1.191238, R_squared:0.998954

2024-03-21 04:14:36,026 Epoch 284/300, Train Loss: 0.024680, Val Loss: 0.020854  
	Train = MSE:0.024681 , RMSE:0.157102 , MAE:0.119939 , MAPD:0.631504, R_squared:0.999573  
	Validation = MSE:0.023157 , RMSE:0.152173 , MAE:0.112093 , MAPD:0.627354, R_squared:0.999583

2024-03-21 04:14:38,214 Epoch 285/300, Train Loss: 0.015851, Val Loss: 0.020232  
	Train = MSE:0.015850 , RMSE:0.125898 , MAE:0.092862 , MAPD:0.491642, R_squared:0.999726  
	Validation = MSE:0.020914 , RMSE:0.144618 , MAE:0.103704 , MAPD:0.581520, R_squared:0.999624

2024-03-21 04:14:40,381 Epoch 286/300, Train Loss: 0.043446, Val Loss: 0.022196  
	Train = MSE:0.043456 , RMSE:0.208462 , MAE:0.164659 , MAPD:0.843190, R_squared:0.999248  
	Validation = MSE:0.023225 , RMSE:0.152398 , MAE:0.108047 , MAPD:0.575990, R_squared:0.999582

2024-03-21 04:14:42,596 Epoch 287/300, Train Loss: 0.019640, Val Loss: 0.020771  
	Train = MSE:0.019642 , RMSE:0.140150 , MAE:0.106040 , MAPD:0.554730, R_squared:0.999660  
	Validation = MSE:0.022613 , RMSE:0.150376 , MAE:0.103744 , MAPD:0.563687, R_squared:0.999593

2024-03-21 04:14:44,707 Epoch 288/300, Train Loss: 0.048159, Val Loss: 0.019553  
	Train = MSE:0.048157 , RMSE:0.219446 , MAE:0.165941 , MAPD:0.837535, R_squared:0.999166  
	Validation = MSE:0.022136 , RMSE:0.148782 , MAE:0.106338 , MAPD:0.593436, R_squared:0.999602

2024-03-21 04:14:46,809 Epoch 289/300, Train Loss: 0.062425, Val Loss: 0.023560  
	Train = MSE:0.062424 , RMSE:0.249848 , MAE:0.205840 , MAPD:1.045581, R_squared:0.998919  
	Validation = MSE:0.024194 , RMSE:0.155545 , MAE:0.112511 , MAPD:0.596779, R_squared:0.999565

2024-03-21 04:14:49,226 Epoch 290/300, Train Loss: 0.031234, Val Loss: 0.025870  
	Train = MSE:0.031234 , RMSE:0.176731 , MAE:0.138168 , MAPD:0.708689, R_squared:0.999459  
	Validation = MSE:0.025524 , RMSE:0.159763 , MAE:0.120772 , MAPD:0.669730, R_squared:0.999541

2024-03-21 04:14:51,871 Epoch 291/300, Train Loss: 0.029854, Val Loss: 0.069076  
	Train = MSE:0.029838 , RMSE:0.172738 , MAE:0.134467 , MAPD:0.698460, R_squared:0.999483  
	Validation = MSE:0.074898 , RMSE:0.273675 , MAE:0.242969 , MAPD:1.307387, R_squared:0.998652

2024-03-21 04:14:57,506 Epoch 292/300, Train Loss: 0.044820, Val Loss: 0.101578  
	Train = MSE:0.044826 , RMSE:0.211722 , MAE:0.165429 , MAPD:0.846290, R_squared:0.999224  
	Validation = MSE:0.106688 , RMSE:0.326632 , MAE:0.292515 , MAPD:1.513073, R_squared:0.998080

2024-03-21 04:14:59,628 Epoch 293/300, Train Loss: 0.094815, Val Loss: 0.030122  
	Train = MSE:0.094835 , RMSE:0.307953 , MAE:0.252678 , MAPD:1.276168, R_squared:0.998358  
	Validation = MSE:0.032306 , RMSE:0.179738 , MAE:0.134798 , MAPD:0.802138, R_squared:0.999419

2024-03-21 04:15:01,814 Epoch 294/300, Train Loss: 0.109495, Val Loss: 0.044748  
	Train = MSE:0.109498 , RMSE:0.330905 , MAE:0.267274 , MAPD:1.366427, R_squared:0.998105  
	Validation = MSE:0.048389 , RMSE:0.219975 , MAE:0.176343 , MAPD:1.056274, R_squared:0.999129

2024-03-21 04:15:03,948 Epoch 295/300, Train Loss: 0.078915, Val Loss: 0.024517  
	Train = MSE:0.078933 , RMSE:0.280951 , MAE:0.210700 , MAPD:1.089249, R_squared:0.998634  
	Validation = MSE:0.028164 , RMSE:0.167822 , MAE:0.120654 , MAPD:0.638513, R_squared:0.999493

2024-03-21 04:15:06,071 Epoch 296/300, Train Loss: 0.025230, Val Loss: 0.019078  
	Train = MSE:0.025224 , RMSE:0.158820 , MAE:0.122564 , MAPD:0.639068, R_squared:0.999563  
	Validation = MSE:0.020776 , RMSE:0.144138 , MAE:0.103728 , MAPD:0.590477, R_squared:0.999626

2024-03-21 04:15:08,201 Epoch 297/300, Train Loss: 0.018511, Val Loss: 0.018675  
	Train = MSE:0.018511 , RMSE:0.136057 , MAE:0.102748 , MAPD:0.537931, R_squared:0.999680  
	Validation = MSE:0.020022 , RMSE:0.141498 , MAE:0.099472 , MAPD:0.545940, R_squared:0.999640

2024-03-21 04:15:10,366 Epoch 298/300, Train Loss: 0.045799, Val Loss: 0.067782  
	Train = MSE:0.045780 , RMSE:0.213963 , MAE:0.163008 , MAPD:0.834324, R_squared:0.999208  
	Validation = MSE:0.070863 , RMSE:0.266201 , MAE:0.216163 , MAPD:1.104333, R_squared:0.998725

2024-03-21 04:15:12,577 Epoch 299/300, Train Loss: 0.098807, Val Loss: 0.100901  
	Train = MSE:0.098779 , RMSE:0.314292 , MAE:0.252984 , MAPD:1.273194, R_squared:0.998290  
	Validation = MSE:0.095197 , RMSE:0.308540 , MAE:0.268418 , MAPD:1.351608, R_squared:0.998287

2024-03-21 04:15:15,630 Epoch 300/300, Train Loss: 0.039693, Val Loss: 0.042404  
	Train = MSE:0.039696 , RMSE:0.199238 , MAE:0.153502 , MAPD:0.793376, R_squared:0.999313  
	Validation = MSE:0.040472 , RMSE:0.201176 , MAE:0.169461 , MAPD:0.955087, R_squared:0.999272

2024-03-21 04:15:15,639 Time for training the model: 824.530000
2024-03-21 04:15:17,731 MSE for train: 0.037280
2024-03-21 04:15:17,731 RMSE for train: 0.193081
2024-03-21 04:15:17,731 MAE for train: 0.166336
2024-03-21 04:15:17,731 MAPD for train: 0.910817
2024-03-21 04:15:17,731 R^2 Score for train: 0.999355
2024-03-21 04:15:17,736 Inference time for train dataset: 0.744000

2024-03-21 04:15:17,883 MSE for val: 0.040472
2024-03-21 04:15:17,884 RMSE for val: 0.201176
2024-03-21 04:15:17,884 MAE for val: 0.169461
2024-03-21 04:15:17,884 MAPD for val: 0.955087
2024-03-21 04:15:17,884 R^2 Score for val: 0.999272
2024-03-21 04:15:17,891 Inference time for val dataset: 0.146998

2024-03-21 04:15:18,027 MSE for test: 0.044630
2024-03-21 04:15:18,027 RMSE for test: 0.211259
2024-03-21 04:15:18,027 MAE for test: 0.170844
2024-03-21 04:15:18,027 MAPD for test: 0.909667
2024-03-21 04:15:18,027 R^2 Score for test: 0.999263
2024-03-21 04:15:18,034 Inference time for test dataset: 0.135998

2024-03-21 04:15:25,545 Train label average: , [20.62097221]
2024-03-21 04:15:25,545 Test label average: , [21.41736175]
2024-03-21 04:15:25,545 validation label average: , [20.14607025]
2024-03-21 04:15:25,546 predicted (on validation dataset) values average: , 21.5732177734375
