2024-03-21 03:39:33,771 train batches in dataset: 800
2024-03-21 03:39:33,772 val batches in dataset: 100
2024-03-21 03:39:33,772 test batches in dataset: 100
2024-03-21 03:39:33,805 Trainable parameter: net_core.0.weight - size: torch.Size([256, 35])
2024-03-21 03:39:33,807 Trainable parameter: net_core.0.bias - size: torch.Size([256])
2024-03-21 03:39:33,808 Trainable parameter: net_core.1.weight - size: torch.Size([128, 256])
2024-03-21 03:39:33,814 Trainable parameter: net_core.1.bias - size: torch.Size([128])
2024-03-21 03:39:33,860 Trainable parameter: net_core.2.weight - size: torch.Size([64, 128])
2024-03-21 03:39:33,868 Trainable parameter: net_core.2.bias - size: torch.Size([64])
2024-03-21 03:39:33,893 Trainable parameter: net_core.3.weight - size: torch.Size([16, 64])
2024-03-21 03:39:33,899 Trainable parameter: net_core.3.bias - size: torch.Size([16])
2024-03-21 03:39:33,911 Trainable parameter: net_core.4.weight - size: torch.Size([1, 16])
2024-03-21 03:39:33,918 Trainable parameter: net_core.4.bias - size: torch.Size([1])
2024-03-21 03:39:33,933 Number of trainable parameters: 51425
2024-03-21 03:39:33,933 Number of non-trainable parameters: 0
2024-03-21 03:40:38,967 Epoch 1/300, Train Loss: 10293092.992279, Val Loss: 457.583165  
	Train = MSE:10296310.000000 , RMSE:3208.786377 , MAE:135.061920 , MAPD:668.125957, R_squared:-178229.879210  
	Validation = MSE:457.583160 , RMSE:21.391193 , MAE:20.050165 , MAPD:99.460063, R_squared:-7.233771

2024-03-21 03:41:38,441 Epoch 2/300, Train Loss: 407.416058, Val Loss: 314.161002  
	Train = MSE:407.368011 , RMSE:20.183359 , MAE:18.665335 , MAPD:89.190177, R_squared:-6.051610  
	Validation = MSE:314.161011 , RMSE:17.724588 , MAE:16.080643 , MAPD:77.111456, R_squared:-4.653026

2024-03-21 03:42:38,035 Epoch 3/300, Train Loss: 258.959149, Val Loss: 178.700719  
	Train = MSE:258.988739 , RMSE:16.093126 , MAE:14.126369 , MAPD:64.209465, R_squared:-3.483139  
	Validation = MSE:178.700699 , RMSE:13.367898 , MAE:11.100436 , MAPD:49.096888, R_squared:-2.215548

2024-03-21 03:43:37,962 Epoch 4/300, Train Loss: 141.614309, Val Loss: 93.155560  
	Train = MSE:141.581451 , RMSE:11.898801 , MAE:9.333730 , MAPD:38.928497, R_squared:-1.450799  
	Validation = MSE:93.155556 , RMSE:9.651712 , MAE:7.002408 , MAPD:29.199499, R_squared:-0.676245

2024-03-21 03:44:35,685 Epoch 5/300, Train Loss: 79.972696, Val Loss: 60.938396  
	Train = MSE:79.962952 , RMSE:8.942201 , MAE:6.491396 , MAPD:27.978798, R_squared:-0.384172  
	Validation = MSE:60.938400 , RMSE:7.806305 , MAE:5.757739 , MAPD:27.647847, R_squared:-0.096528

2024-03-21 03:45:38,703 Epoch 6/300, Train Loss: 60.856684, Val Loss: 55.675585  
	Train = MSE:60.850166 , RMSE:7.800652 , MAE:5.985509 , MAPD:29.643014, R_squared:-0.053327  
	Validation = MSE:55.675587 , RMSE:7.461607 , MAE:5.951631 , MAPD:31.777340, R_squared:-0.001829

2024-03-21 03:46:34,233 Epoch 7/300, Train Loss: 57.959308, Val Loss: 55.689123  
	Train = MSE:57.973526 , RMSE:7.614035 , MAE:6.132456 , MAPD:32.408344, R_squared:-0.003532  
	Validation = MSE:55.689121 , RMSE:7.462514 , MAE:6.108084 , MAPD:33.619917, R_squared:-0.002072

2024-03-21 03:47:40,149 Epoch 8/300, Train Loss: 57.794716, Val Loss: 55.869087  
	Train = MSE:57.806297 , RMSE:7.603045 , MAE:6.204410 , MAPD:33.246692, R_squared:-0.000637  
	Validation = MSE:55.869087 , RMSE:7.474563 , MAE:6.169528 , MAPD:34.254449, R_squared:-0.005311

2024-03-21 03:48:49,287 Epoch 9/300, Train Loss: 57.844424, Val Loss: 55.640417  
	Train = MSE:57.818607 , RMSE:7.603855 , MAE:6.236128 , MAPD:33.569102, R_squared:-0.000850  
	Validation = MSE:55.640419 , RMSE:7.459250 , MAE:6.084623 , MAPD:33.371546, R_squared:-0.001196

2024-03-21 03:49:51,764 Epoch 10/300, Train Loss: 57.787385, Val Loss: 55.617351  
	Train = MSE:57.802746 , RMSE:7.602812 , MAE:6.220951 , MAPD:33.429188, R_squared:-0.000575  
	Validation = MSE:55.617348 , RMSE:7.457704 , MAE:6.071233 , MAPD:33.224990, R_squared:-0.000781

2024-03-21 03:50:55,652 Epoch 11/300, Train Loss: 57.900862, Val Loss: 55.840787  
	Train = MSE:57.918385 , RMSE:7.610413 , MAE:6.213250 , MAPD:33.304598, R_squared:-0.002577  
	Validation = MSE:55.840790 , RMSE:7.472670 , MAE:6.161332 , MAPD:34.170621, R_squared:-0.004801

2024-03-21 03:52:08,504 Epoch 12/300, Train Loss: 57.948124, Val Loss: 55.929881  
	Train = MSE:57.911087 , RMSE:7.609933 , MAE:6.226830 , MAPD:33.446755, R_squared:-0.002451  
	Validation = MSE:55.929878 , RMSE:7.478628 , MAE:6.186285 , MAPD:34.423747, R_squared:-0.006405

2024-03-21 03:53:08,638 Epoch 13/300, Train Loss: 57.984670, Val Loss: 55.624430  
	Train = MSE:57.997696 , RMSE:7.615622 , MAE:6.235830 , MAPD:33.512901, R_squared:-0.003950  
	Validation = MSE:55.624428 , RMSE:7.458179 , MAE:6.075569 , MAPD:33.272973, R_squared:-0.000908

2024-03-21 03:54:06,634 Epoch 14/300, Train Loss: 58.022654, Val Loss: 57.034685  
	Train = MSE:58.018501 , RMSE:7.616988 , MAE:6.232657 , MAPD:33.456835, R_squared:-0.004310  
	Validation = MSE:57.034687 , RMSE:7.552131 , MAE:6.393328 , MAPD:36.437055, R_squared:-0.026285

2024-03-21 03:55:04,480 Epoch 15/300, Train Loss: 58.278252, Val Loss: 55.574016  
	Train = MSE:58.282310 , RMSE:7.634285 , MAE:6.251067 , MAPD:33.616452, R_squared:-0.008877  
	Validation = MSE:55.574013 , RMSE:7.454798 , MAE:6.023420 , MAPD:32.663477, R_squared:-0.000001

2024-03-21 03:56:03,365 Epoch 16/300, Train Loss: 58.064495, Val Loss: 55.606014  
	Train = MSE:58.061073 , RMSE:7.619781 , MAE:6.224107 , MAPD:33.417954, R_squared:-0.005047  
	Validation = MSE:55.606014 , RMSE:7.456944 , MAE:6.063620 , MAPD:33.139814, R_squared:-0.000577

2024-03-21 03:57:03,553 Epoch 17/300, Train Loss: 58.525730, Val Loss: 57.140377  
	Train = MSE:58.517902 , RMSE:7.649700 , MAE:6.253408 , MAPD:33.501143, R_squared:-0.012955  
	Validation = MSE:57.140377 , RMSE:7.559125 , MAE:6.408579 , MAPD:36.581777, R_squared:-0.028186

2024-03-21 03:57:56,842 Epoch 18/300, Train Loss: 58.459860, Val Loss: 57.506307  
	Train = MSE:58.432373 , RMSE:7.644107 , MAE:6.256646 , MAPD:33.666079, R_squared:-0.011474  
	Validation = MSE:57.506310 , RMSE:7.583292 , MAE:5.776450 , MAPD:29.183463, R_squared:-0.034771

2024-03-21 03:58:51,007 Epoch 19/300, Train Loss: 58.556789, Val Loss: 59.179362  
	Train = MSE:58.542606 , RMSE:7.651314 , MAE:6.261599 , MAPD:33.602978, R_squared:-0.013382  
	Validation = MSE:59.179367 , RMSE:7.692813 , MAE:6.647755 , MAPD:38.805559, R_squared:-0.064876

2024-03-21 03:59:49,204 Epoch 20/300, Train Loss: 58.751770, Val Loss: 61.305903  
	Train = MSE:58.746738 , RMSE:7.664642 , MAE:6.262370 , MAPD:33.606256, R_squared:-0.016916  
	Validation = MSE:61.305904 , RMSE:7.829809 , MAE:6.845476 , MAPD:40.574250, R_squared:-0.103141

2024-03-21 04:00:44,357 Epoch 21/300, Train Loss: 58.255856, Val Loss: 55.740707  
	Train = MSE:58.240768 , RMSE:7.631564 , MAE:6.224052 , MAPD:33.431824, R_squared:-0.008158  
	Validation = MSE:55.740704 , RMSE:7.465970 , MAE:5.932377 , MAPD:31.536697, R_squared:-0.003001

2024-03-21 04:01:46,581 Epoch 22/300, Train Loss: 58.854768, Val Loss: 61.038345  
	Train = MSE:58.859692 , RMSE:7.672007 , MAE:6.273757 , MAPD:33.654689, R_squared:-0.018871  
	Validation = MSE:61.038349 , RMSE:7.812705 , MAE:6.822292 , MAPD:40.369610, R_squared:-0.098327

2024-03-21 04:02:55,764 Epoch 23/300, Train Loss: 58.788468, Val Loss: 55.769023  
	Train = MSE:58.788303 , RMSE:7.667353 , MAE:6.273361 , MAPD:33.737108, R_squared:-0.017635  
	Validation = MSE:55.769024 , RMSE:7.467866 , MAE:5.925215 , MAPD:31.447186, R_squared:-0.003510

2024-03-21 04:04:00,401 Epoch 24/300, Train Loss: 58.847324, Val Loss: 61.551199  
	Train = MSE:58.839558 , RMSE:7.670695 , MAE:6.263822 , MAPD:33.578752, R_squared:-0.018523  
	Validation = MSE:61.551201 , RMSE:7.845458 , MAE:6.866284 , MAPD:40.757814, R_squared:-0.107555

2024-03-21 04:05:06,833 Epoch 25/300, Train Loss: 58.911305, Val Loss: 56.343057  
	Train = MSE:58.928513 , RMSE:7.676491 , MAE:6.280306 , MAPD:33.797337, R_squared:-0.020063  
	Validation = MSE:56.343056 , RMSE:7.506201 , MAE:6.278333 , MAPD:35.332766, R_squared:-0.013839

2024-03-21 04:06:13,328 Epoch 26/300, Train Loss: 58.554454, Val Loss: 57.976087  
	Train = MSE:58.545376 , RMSE:7.651495 , MAE:6.229556 , MAPD:33.455914, R_squared:-0.013430  
	Validation = MSE:57.976086 , RMSE:7.614203 , MAE:6.516138 , MAPD:37.594417, R_squared:-0.043224

2024-03-21 04:07:18,926 Epoch 27/300, Train Loss: 58.511613, Val Loss: 55.576618  
	Train = MSE:58.518898 , RMSE:7.649765 , MAE:6.263236 , MAPD:33.673354, R_squared:-0.012972  
	Validation = MSE:55.576622 , RMSE:7.454973 , MAE:6.009962 , MAPD:32.499673, R_squared:-0.000048

2024-03-21 04:08:32,154 Epoch 28/300, Train Loss: 58.957984, Val Loss: 57.536086  
	Train = MSE:58.959198 , RMSE:7.678489 , MAE:6.274628 , MAPD:33.659299, R_squared:-0.020594  
	Validation = MSE:57.536083 , RMSE:7.585254 , MAE:6.462111 , MAPD:37.087005, R_squared:-0.035307

2024-03-21 04:09:39,187 Epoch 29/300, Train Loss: 58.951372, Val Loss: 56.609328  
	Train = MSE:58.955616 , RMSE:7.678256 , MAE:6.283835 , MAPD:33.795673, R_squared:-0.020532  
	Validation = MSE:56.609325 , RMSE:7.523917 , MAE:5.820528 , MAPD:29.997843, R_squared:-0.018631

2024-03-21 04:10:51,346 Epoch 30/300, Train Loss: 58.746700, Val Loss: 55.832917  
	Train = MSE:58.731243 , RMSE:7.663631 , MAE:6.262615 , MAPD:33.598201, R_squared:-0.016648  
	Validation = MSE:55.832920 , RMSE:7.472143 , MAE:5.911004 , MAPD:31.267794, R_squared:-0.004660

2024-03-21 04:11:56,409 Epoch 31/300, Train Loss: 58.694513, Val Loss: 56.504888  
	Train = MSE:58.688107 , RMSE:7.660816 , MAE:6.249971 , MAPD:33.556991, R_squared:-0.015901  
	Validation = MSE:56.504887 , RMSE:7.516973 , MAE:6.308463 , MAPD:35.623754, R_squared:-0.016751

2024-03-21 04:13:03,478 Epoch 32/300, Train Loss: 58.989359, Val Loss: 55.925689  
	Train = MSE:58.972515 , RMSE:7.679357 , MAE:6.282307 , MAPD:33.781354, R_squared:-0.020824  
	Validation = MSE:55.925690 , RMSE:7.478348 , MAE:6.185176 , MAPD:34.412550, R_squared:-0.006329

2024-03-21 04:14:10,345 Epoch 33/300, Train Loss: 58.942778, Val Loss: 56.600100  
	Train = MSE:58.940147 , RMSE:7.677248 , MAE:6.278566 , MAPD:33.659544, R_squared:-0.020264  
	Validation = MSE:56.600098 , RMSE:7.523304 , MAE:6.325071 , MAPD:35.783659, R_squared:-0.018465

2024-03-21 04:15:17,745 Epoch 34/300, Train Loss: 58.561277, Val Loss: 56.568312  
	Train = MSE:58.529091 , RMSE:7.650431 , MAE:6.232014 , MAPD:33.406421, R_squared:-0.013149  
	Validation = MSE:56.568310 , RMSE:7.521191 , MAE:6.319615 , MAPD:35.731130, R_squared:-0.017893

2024-03-21 04:16:24,585 Epoch 35/300, Train Loss: 58.887962, Val Loss: 56.037598  
	Train = MSE:58.857635 , RMSE:7.671873 , MAE:6.271922 , MAPD:33.763285, R_squared:-0.018836  
	Validation = MSE:56.037598 , RMSE:7.485826 , MAE:5.877100 , MAPD:30.821236, R_squared:-0.008343

2024-03-21 04:17:27,130 Epoch 36/300, Train Loss: 58.724590, Val Loss: 55.574554  
	Train = MSE:58.729267 , RMSE:7.663502 , MAE:6.261799 , MAPD:33.645888, R_squared:-0.016614  
	Validation = MSE:55.574551 , RMSE:7.454834 , MAE:6.016008 , MAPD:32.573547, R_squared:-0.000011

2024-03-21 04:18:28,889 Epoch 37/300, Train Loss: 58.562871, Val Loss: 55.685697  
	Train = MSE:58.579018 , RMSE:7.653693 , MAE:6.242619 , MAPD:33.519206, R_squared:-0.014013  
	Validation = MSE:55.685692 , RMSE:7.462285 , MAE:5.948302 , MAPD:31.735734, R_squared:-0.002011

2024-03-21 04:19:31,075 Epoch 38/300, Train Loss: 58.694932, Val Loss: 55.612826  
	Train = MSE:58.694916 , RMSE:7.661261 , MAE:6.262781 , MAPD:33.629605, R_squared:-0.016019  
	Validation = MSE:55.612827 , RMSE:7.457401 , MAE:6.068276 , MAPD:33.192244, R_squared:-0.000700

2024-03-21 04:20:37,194 Epoch 39/300, Train Loss: 58.556069, Val Loss: 55.708572  
	Train = MSE:58.566486 , RMSE:7.652874 , MAE:6.246782 , MAPD:33.505401, R_squared:-0.013796  
	Validation = MSE:55.708572 , RMSE:7.463818 , MAE:6.116069 , MAPD:33.704090, R_squared:-0.002422

2024-03-21 04:21:37,935 Epoch 40/300, Train Loss: 58.718011, Val Loss: 55.578807  
	Train = MSE:58.731773 , RMSE:7.663666 , MAE:6.246784 , MAPD:33.567256, R_squared:-0.016657  
	Validation = MSE:55.578808 , RMSE:7.455120 , MAE:6.005994 , MAPD:32.450746, R_squared:-0.000087

2024-03-21 04:22:42,666 Epoch 41/300, Train Loss: 58.960417, Val Loss: 55.589572  
	Train = MSE:58.930798 , RMSE:7.676640 , MAE:6.272930 , MAPD:33.659130, R_squared:-0.020102  
	Validation = MSE:55.589577 , RMSE:7.455842 , MAE:6.050618 , MAPD:32.987681, R_squared:-0.000281

2024-03-21 04:23:50,468 Epoch 42/300, Train Loss: 58.724377, Val Loss: 59.340617  
	Train = MSE:58.739880 , RMSE:7.664195 , MAE:6.263222 , MAPD:33.608095, R_squared:-0.016797  
	Validation = MSE:59.340614 , RMSE:7.703286 , MAE:6.664083 , MAPD:38.953559, R_squared:-0.067778

2024-03-21 04:24:51,881 Epoch 43/300, Train Loss: 58.515180, Val Loss: 55.899759  
	Train = MSE:58.521595 , RMSE:7.649941 , MAE:6.254385 , MAPD:33.611820, R_squared:-0.013019  
	Validation = MSE:55.899761 , RMSE:7.476614 , MAE:6.178157 , MAPD:34.341742, R_squared:-0.005863

2024-03-21 04:25:56,211 Epoch 44/300, Train Loss: 58.795461, Val Loss: 56.283189  
	Train = MSE:58.764565 , RMSE:7.665805 , MAE:6.242888 , MAPD:33.470687, R_squared:-0.017225  
	Validation = MSE:56.283188 , RMSE:7.502212 , MAE:6.266666 , MAPD:35.218745, R_squared:-0.012762

2024-03-21 04:27:01,743 Epoch 45/300, Train Loss: 58.671911, Val Loss: 55.736974  
	Train = MSE:58.685047 , RMSE:7.660616 , MAE:6.260343 , MAPD:33.631627, R_squared:-0.015848  
	Validation = MSE:55.736973 , RMSE:7.465720 , MAE:6.126984 , MAPD:33.817852, R_squared:-0.002933

2024-03-21 04:28:02,625 Epoch 46/300, Train Loss: 58.549697, Val Loss: 55.622879  
	Train = MSE:58.563076 , RMSE:7.652652 , MAE:6.240643 , MAPD:33.494293, R_squared:-0.013737  
	Validation = MSE:55.622875 , RMSE:7.458075 , MAE:5.972663 , MAPD:32.039844, R_squared:-0.000880

2024-03-21 04:29:04,574 Epoch 47/300, Train Loss: 58.599831, Val Loss: 55.668793  
	Train = MSE:58.611374 , RMSE:7.655807 , MAE:6.243505 , MAPD:33.514154, R_squared:-0.014573  
	Validation = MSE:55.668793 , RMSE:7.461152 , MAE:5.953960 , MAPD:31.806456, R_squared:-0.001707

2024-03-21 04:30:08,349 Epoch 48/300, Train Loss: 58.881283, Val Loss: 55.584384  
	Train = MSE:58.879299 , RMSE:7.673285 , MAE:6.282350 , MAPD:33.752474, R_squared:-0.019211  
	Validation = MSE:55.584385 , RMSE:7.455493 , MAE:5.998854 , MAPD:32.362732, R_squared:-0.000188

2024-03-21 04:31:09,303 Epoch 49/300, Train Loss: 58.515908, Val Loss: 55.672038  
	Train = MSE:58.533955 , RMSE:7.650749 , MAE:6.250574 , MAPD:33.562910, R_squared:-0.013233  
	Validation = MSE:55.672043 , RMSE:7.461370 , MAE:6.100491 , MAPD:33.539883, R_squared:-0.001765

2024-03-21 04:32:15,007 Epoch 50/300, Train Loss: 58.975670, Val Loss: 59.067621  
	Train = MSE:58.955524 , RMSE:7.678250 , MAE:6.275731 , MAPD:33.738347, R_squared:-0.020530  
	Validation = MSE:59.067623 , RMSE:7.685546 , MAE:5.753039 , MAPD:28.313986, R_squared:-0.062865

2024-03-21 04:33:19,464 Epoch 51/300, Train Loss: 58.644700, Val Loss: 55.592223  
	Train = MSE:58.652702 , RMSE:7.658505 , MAE:6.253726 , MAPD:33.551766, R_squared:-0.015288  
	Validation = MSE:55.592220 , RMSE:7.456019 , MAE:5.991588 , MAPD:32.273149, R_squared:-0.000329

2024-03-21 04:34:24,046 Epoch 52/300, Train Loss: 58.779135, Val Loss: 55.796588  
	Train = MSE:58.784931 , RMSE:7.667133 , MAE:6.264828 , MAPD:33.658289, R_squared:-0.017577  
	Validation = MSE:55.796585 , RMSE:7.469711 , MAE:6.147692 , MAPD:34.030661, R_squared:-0.004006

2024-03-21 04:35:27,670 Epoch 53/300, Train Loss: 58.811097, Val Loss: 56.380972  
	Train = MSE:58.811142 , RMSE:7.668842 , MAE:6.259954 , MAPD:33.644849, R_squared:-0.018031  
	Validation = MSE:56.380970 , RMSE:7.508726 , MAE:6.285522 , MAPD:35.402862, R_squared:-0.014522

2024-03-21 04:36:30,872 Epoch 54/300, Train Loss: 58.789046, Val Loss: 55.648618  
	Train = MSE:58.806660 , RMSE:7.668550 , MAE:6.272275 , MAPD:33.671926, R_squared:-0.017953  
	Validation = MSE:55.648617 , RMSE:7.459800 , MAE:6.088964 , MAPD:33.418076, R_squared:-0.001344

2024-03-21 04:37:32,022 Epoch 55/300, Train Loss: 58.750223, Val Loss: 56.797048  
	Train = MSE:58.744019 , RMSE:7.664464 , MAE:6.262594 , MAPD:33.607946, R_squared:-0.016869  
	Validation = MSE:56.797050 , RMSE:7.536382 , MAE:6.357138 , MAPD:36.092399, R_squared:-0.022008

2024-03-21 04:38:37,930 Epoch 56/300, Train Loss: 58.773214, Val Loss: 56.561587  
	Train = MSE:58.769718 , RMSE:7.666141 , MAE:6.252658 , MAPD:33.597257, R_squared:-0.017314  
	Validation = MSE:56.561588 , RMSE:7.520744 , MAE:6.318449 , MAPD:35.719910, R_squared:-0.017772

2024-03-21 04:39:40,577 Epoch 57/300, Train Loss: 58.563965, Val Loss: 56.777305  
	Train = MSE:58.552826 , RMSE:7.651982 , MAE:6.250224 , MAPD:33.538478, R_squared:-0.013559  
	Validation = MSE:56.777306 , RMSE:7.535072 , MAE:6.354045 , MAPD:36.062628, R_squared:-0.021653

2024-03-21 04:40:42,242 Epoch 58/300, Train Loss: 58.718819, Val Loss: 56.873731  
	Train = MSE:58.709553 , RMSE:7.662216 , MAE:6.247180 , MAPD:33.529379, R_squared:-0.016272  
	Validation = MSE:56.873730 , RMSE:7.541467 , MAE:6.369038 , MAPD:36.206379, R_squared:-0.023388

2024-03-21 04:41:46,344 Epoch 59/300, Train Loss: 58.797771, Val Loss: 55.987677  
	Train = MSE:58.795952 , RMSE:7.667852 , MAE:6.276906 , MAPD:33.685778, R_squared:-0.017768  
	Validation = MSE:55.987675 , RMSE:7.482491 , MAE:6.201073 , MAPD:34.572401, R_squared:-0.007445

2024-03-21 04:42:48,464 Epoch 60/300, Train Loss: 58.660414, Val Loss: 56.386086  
	Train = MSE:58.663563 , RMSE:7.659214 , MAE:6.255552 , MAPD:33.569057, R_squared:-0.015476  
	Validation = MSE:56.386086 , RMSE:7.509067 , MAE:6.286498 , MAPD:35.412278, R_squared:-0.014614

2024-03-21 04:43:52,085 Epoch 61/300, Train Loss: 58.757698, Val Loss: 56.198392  
	Train = MSE:58.758656 , RMSE:7.665420 , MAE:6.269787 , MAPD:33.683436, R_squared:-0.017122  
	Validation = MSE:56.198395 , RMSE:7.496559 , MAE:6.249355 , MAPD:35.049098, R_squared:-0.011236

2024-03-21 04:45:00,386 Epoch 62/300, Train Loss: 58.518455, Val Loss: 55.622208  
	Train = MSE:58.531841 , RMSE:7.650610 , MAE:6.241254 , MAPD:33.503386, R_squared:-0.013196  
	Validation = MSE:55.622208 , RMSE:7.458030 , MAE:5.972998 , MAPD:32.043972, R_squared:-0.000868

2024-03-21 04:46:08,051 Epoch 63/300, Train Loss: 58.687689, Val Loss: 56.054426  
	Train = MSE:58.697788 , RMSE:7.661448 , MAE:6.263994 , MAPD:33.673437, R_squared:-0.016069  
	Validation = MSE:56.054428 , RMSE:7.486950 , MAE:5.874773 , MAPD:30.789890, R_squared:-0.008646

2024-03-21 04:47:09,964 Epoch 64/300, Train Loss: 58.501366, Val Loss: 56.345863  
	Train = MSE:58.506771 , RMSE:7.648972 , MAE:6.240277 , MAPD:33.483092, R_squared:-0.012762  
	Validation = MSE:56.345863 , RMSE:7.506388 , MAE:6.278868 , MAPD:35.337999, R_squared:-0.013890

2024-03-21 04:48:11,736 Epoch 65/300, Train Loss: 58.351399, Val Loss: 57.725040  
	Train = MSE:58.362759 , RMSE:7.639552 , MAE:6.231621 , MAPD:33.400567, R_squared:-0.010269  
	Validation = MSE:57.725040 , RMSE:7.597700 , MAE:6.485834 , MAPD:37.310529, R_squared:-0.038707

2024-03-21 04:49:15,105 Epoch 66/300, Train Loss: 58.719162, Val Loss: 55.656538  
	Train = MSE:58.724499 , RMSE:7.663191 , MAE:6.256141 , MAPD:33.654910, R_squared:-0.016531  
	Validation = MSE:55.656544 , RMSE:7.460331 , MAE:5.958387 , MAPD:31.861772, R_squared:-0.001486

2024-03-21 04:50:17,811 Epoch 67/300, Train Loss: 58.698803, Val Loss: 62.009316  
	Train = MSE:58.708061 , RMSE:7.662118 , MAE:6.249939 , MAPD:33.509003, R_squared:-0.016247  
	Validation = MSE:62.009315 , RMSE:7.874599 , MAE:6.904448 , MAPD:41.092661, R_squared:-0.115798

2024-03-21 04:51:21,538 Epoch 68/300, Train Loss: 58.758801, Val Loss: 56.903323  
	Train = MSE:58.762398 , RMSE:7.665664 , MAE:6.286331 , MAPD:33.764036, R_squared:-0.017187  
	Validation = MSE:56.903320 , RMSE:7.543429 , MAE:6.373581 , MAPD:36.249675, R_squared:-0.023921

2024-03-21 04:52:23,559 Epoch 69/300, Train Loss: 58.684363, Val Loss: 56.773558  
	Train = MSE:58.693077 , RMSE:7.661141 , MAE:6.255649 , MAPD:33.592848, R_squared:-0.015987  
	Validation = MSE:56.773560 , RMSE:7.534823 , MAE:6.353456 , MAPD:36.056951, R_squared:-0.021586

2024-03-21 04:53:27,101 Epoch 70/300, Train Loss: 59.001813, Val Loss: 55.775529  
	Train = MSE:59.013344 , RMSE:7.682014 , MAE:6.286676 , MAPD:33.773384, R_squared:-0.021531  
	Validation = MSE:55.775528 , RMSE:7.468302 , MAE:5.923644 , MAPD:31.427556, R_squared:-0.003627

2024-03-21 04:54:29,938 Epoch 71/300, Train Loss: 58.934628, Val Loss: 56.499580  
	Train = MSE:58.924088 , RMSE:7.676203 , MAE:6.273727 , MAPD:33.698979, R_squared:-0.019986  
	Validation = MSE:56.499580 , RMSE:7.516620 , MAE:6.307512 , MAPD:35.614606, R_squared:-0.016656

2024-03-21 04:55:36,495 Epoch 72/300, Train Loss: 58.415366, Val Loss: 55.597856  
	Train = MSE:58.421696 , RMSE:7.643409 , MAE:6.254529 , MAPD:33.613720, R_squared:-0.011289  
	Validation = MSE:55.597855 , RMSE:7.456397 , MAE:5.987311 , MAPD:32.220431, R_squared:-0.000430

2024-03-21 04:56:39,478 Epoch 73/300, Train Loss: 58.515013, Val Loss: 57.351022  
	Train = MSE:58.524578 , RMSE:7.650136 , MAE:6.251332 , MAPD:33.518884, R_squared:-0.013070  
	Validation = MSE:57.351025 , RMSE:7.573046 , MAE:6.437740 , MAPD:36.857388, R_squared:-0.031977

2024-03-21 04:57:41,980 Epoch 74/300, Train Loss: 58.543260, Val Loss: 55.986211  
	Train = MSE:58.543079 , RMSE:7.651345 , MAE:6.251404 , MAPD:33.658282, R_squared:-0.013391  
	Validation = MSE:55.986210 , RMSE:7.482393 , MAE:6.200708 , MAPD:34.568748, R_squared:-0.007418

2024-03-21 04:58:43,080 Epoch 75/300, Train Loss: 58.891513, Val Loss: 55.575047  
	Train = MSE:58.889946 , RMSE:7.673978 , MAE:6.268312 , MAPD:33.660226, R_squared:-0.019395  
	Validation = MSE:55.575050 , RMSE:7.454867 , MAE:6.029151 , MAPD:32.732296, R_squared:-0.000020

2024-03-21 04:59:46,865 Epoch 76/300, Train Loss: 58.700488, Val Loss: 56.212079  
	Train = MSE:58.693741 , RMSE:7.661184 , MAE:6.264795 , MAPD:33.620119, R_squared:-0.015999  
	Validation = MSE:56.212082 , RMSE:7.497472 , MAE:6.252197 , MAPD:35.077095, R_squared:-0.011483

2024-03-21 05:00:50,304 Epoch 77/300, Train Loss: 58.618018, Val Loss: 55.861468  
	Train = MSE:58.621605 , RMSE:7.656475 , MAE:6.256014 , MAPD:33.618769, R_squared:-0.014750  
	Validation = MSE:55.861465 , RMSE:7.474053 , MAE:6.167339 , MAPD:34.232184, R_squared:-0.005174

2024-03-21 05:01:57,478 Epoch 78/300, Train Loss: 58.363630, Val Loss: 56.859452  
	Train = MSE:58.351730 , RMSE:7.638831 , MAE:6.254601 , MAPD:33.634843, R_squared:-0.010078  
	Validation = MSE:56.859451 , RMSE:7.540521 , MAE:5.805030 , MAPD:29.734503, R_squared:-0.023131

2024-03-21 05:02:58,832 Epoch 79/300, Train Loss: 58.330633, Val Loss: 56.362417  
	Train = MSE:58.300396 , RMSE:7.635469 , MAE:6.240215 , MAPD:33.470141, R_squared:-0.009190  
	Validation = MSE:56.362415 , RMSE:7.507491 , MAE:6.282007 , MAPD:35.368680, R_squared:-0.014188

2024-03-21 05:04:01,277 Epoch 80/300, Train Loss: 58.613985, Val Loss: 56.887558  
	Train = MSE:58.624531 , RMSE:7.656666 , MAE:6.236483 , MAPD:33.507055, R_squared:-0.014801  
	Validation = MSE:56.887558 , RMSE:7.542384 , MAE:6.371155 , MAPD:36.226612, R_squared:-0.023637

2024-03-21 05:05:06,229 Epoch 81/300, Train Loss: 58.581453, Val Loss: 56.001871  
	Train = MSE:58.582916 , RMSE:7.653948 , MAE:6.248320 , MAPD:33.627310, R_squared:-0.014080  
	Validation = MSE:56.001877 , RMSE:7.483440 , MAE:5.882290 , MAPD:30.890271, R_squared:-0.007700

2024-03-21 05:06:13,269 Epoch 82/300, Train Loss: 58.653256, Val Loss: 55.594723  
	Train = MSE:58.664215 , RMSE:7.659257 , MAE:6.260403 , MAPD:33.632804, R_squared:-0.015488  
	Validation = MSE:55.594727 , RMSE:7.456187 , MAE:5.989619 , MAPD:32.248877, R_squared:-0.000374

2024-03-21 05:07:30,831 Epoch 83/300, Train Loss: 58.812043, Val Loss: 56.733743  
	Train = MSE:58.825424 , RMSE:7.669774 , MAE:6.262657 , MAPD:33.589855, R_squared:-0.018278  
	Validation = MSE:56.733742 , RMSE:7.532180 , MAE:6.347132 , MAPD:35.996066, R_squared:-0.020869

2024-03-21 05:08:48,159 Epoch 84/300, Train Loss: 58.858846, Val Loss: 59.667462  
	Train = MSE:58.871609 , RMSE:7.672784 , MAE:6.269640 , MAPD:33.621938, R_squared:-0.019078  
	Validation = MSE:59.667461 , RMSE:7.724472 , MAE:6.696417 , MAPD:39.245368, R_squared:-0.073659

2024-03-21 05:09:58,558 Epoch 85/300, Train Loss: 58.372900, Val Loss: 57.812269  
	Train = MSE:58.369968 , RMSE:7.640024 , MAE:6.255942 , MAPD:33.600454, R_squared:-0.010394  
	Validation = MSE:57.812267 , RMSE:7.603438 , MAE:6.496508 , MAPD:37.410746, R_squared:-0.040276

2024-03-21 05:11:14,096 Epoch 86/300, Train Loss: 58.455698, Val Loss: 55.603261  
	Train = MSE:58.471107 , RMSE:7.646640 , MAE:6.257776 , MAPD:33.590475, R_squared:-0.012145  
	Validation = MSE:55.603260 , RMSE:7.456759 , MAE:6.061668 , MAPD:33.117402, R_squared:-0.000527

2024-03-21 05:12:27,810 Epoch 87/300, Train Loss: 58.815045, Val Loss: 56.418764  
	Train = MSE:58.827782 , RMSE:7.669927 , MAE:6.274748 , MAPD:33.696281, R_squared:-0.018319  
	Validation = MSE:56.418766 , RMSE:7.511243 , MAE:6.292692 , MAPD:35.471909, R_squared:-0.015202

2024-03-21 05:13:38,396 Epoch 88/300, Train Loss: 58.756536, Val Loss: 56.075889  
	Train = MSE:58.768173 , RMSE:7.666040 , MAE:6.245182 , MAPD:33.508792, R_squared:-0.017287  
	Validation = MSE:56.075890 , RMSE:7.488384 , MAE:6.222381 , MAPD:34.783421, R_squared:-0.009032

2024-03-21 05:14:37,841 Epoch 89/300, Train Loss: 58.747536, Val Loss: 55.802932  
	Train = MSE:58.749794 , RMSE:7.664842 , MAE:6.262893 , MAPD:33.597901, R_squared:-0.016969  
	Validation = MSE:55.802933 , RMSE:7.470136 , MAE:6.149728 , MAPD:34.051555, R_squared:-0.004120

2024-03-21 05:15:31,194 Epoch 90/300, Train Loss: 58.706656, Val Loss: 57.001842  
	Train = MSE:58.682362 , RMSE:7.660441 , MAE:6.266041 , MAPD:33.613250, R_squared:-0.015802  
	Validation = MSE:57.001846 , RMSE:7.549957 , MAE:6.388478 , MAPD:36.391024, R_squared:-0.025694

2024-03-21 05:16:23,349 Epoch 91/300, Train Loss: 58.514325, Val Loss: 55.577558  
	Train = MSE:58.527050 , RMSE:7.650297 , MAE:6.253518 , MAPD:33.656183, R_squared:-0.013113  
	Validation = MSE:55.577560 , RMSE:7.455036 , MAE:6.008111 , MAPD:32.476839, R_squared:-0.000065

2024-03-21 05:17:16,980 Epoch 92/300, Train Loss: 58.538927, Val Loss: 56.682837  
	Train = MSE:58.523670 , RMSE:7.650076 , MAE:6.252940 , MAPD:33.545067, R_squared:-0.013055  
	Validation = MSE:56.682838 , RMSE:7.528800 , MAE:5.815558 , MAPD:29.916186, R_squared:-0.019953

2024-03-21 05:18:07,687 Epoch 93/300, Train Loss: 59.112045, Val Loss: 58.578070  
	Train = MSE:59.125546 , RMSE:7.689314 , MAE:6.273764 , MAPD:33.656190, R_squared:-0.023473  
	Validation = MSE:58.578072 , RMSE:7.653631 , MAE:5.756981 , MAPD:28.546069, R_squared:-0.054056

2024-03-21 05:18:54,661 Epoch 94/300, Train Loss: 58.613376, Val Loss: 56.690563  
	Train = MSE:58.604038 , RMSE:7.655327 , MAE:6.249469 , MAPD:33.551386, R_squared:-0.014446  
	Validation = MSE:56.690563 , RMSE:7.529314 , MAE:5.815059 , MAPD:29.907837, R_squared:-0.020092

2024-03-21 05:19:41,202 Epoch 95/300, Train Loss: 58.591611, Val Loss: 56.419742  
	Train = MSE:58.573540 , RMSE:7.653335 , MAE:6.248012 , MAPD:33.535360, R_squared:-0.013918  
	Validation = MSE:56.419743 , RMSE:7.511308 , MAE:5.835196 , MAPD:30.227992, R_squared:-0.015219

2024-03-21 05:20:28,575 Epoch 96/300, Train Loss: 58.804354, Val Loss: 56.216811  
	Train = MSE:58.797100 , RMSE:7.667927 , MAE:6.271614 , MAPD:33.673659, R_squared:-0.017788  
	Validation = MSE:56.216812 , RMSE:7.497787 , MAE:6.253172 , MAPD:35.086704, R_squared:-0.011568

2024-03-21 05:21:14,444 Epoch 97/300, Train Loss: 58.572911, Val Loss: 57.222032  
	Train = MSE:58.575405 , RMSE:7.653457 , MAE:6.244258 , MAPD:33.571746, R_squared:-0.013950  
	Validation = MSE:57.222031 , RMSE:7.564525 , MAE:5.787195 , MAPD:29.406154, R_squared:-0.029656

2024-03-21 05:21:57,838 Epoch 98/300, Train Loss: 58.445551, Val Loss: 57.997175  
	Train = MSE:58.460754 , RMSE:7.645963 , MAE:6.251212 , MAPD:33.539398, R_squared:-0.011966  
	Validation = MSE:57.997173 , RMSE:7.615588 , MAE:6.518616 , MAPD:37.617600, R_squared:-0.043604

2024-03-21 05:22:43,406 Epoch 99/300, Train Loss: 58.448401, Val Loss: 56.986144  
	Train = MSE:58.459366 , RMSE:7.645873 , MAE:6.253172 , MAPD:33.637349, R_squared:-0.011942  
	Validation = MSE:56.986141 , RMSE:7.548916 , MAE:5.798211 , MAPD:29.613306, R_squared:-0.025411

2024-03-21 05:23:27,791 Epoch 100/300, Train Loss: 58.833313, Val Loss: 56.346401  
	Train = MSE:58.821743 , RMSE:7.669533 , MAE:6.265723 , MAPD:33.586865, R_squared:-0.018214  
	Validation = MSE:56.346397 , RMSE:7.506424 , MAE:5.841925 , MAPD:30.327097, R_squared:-0.013900

2024-03-21 05:24:06,451 Epoch 101/300, Train Loss: 58.712167, Val Loss: 55.574699  
	Train = MSE:58.708694 , RMSE:7.662160 , MAE:6.246131 , MAPD:33.502694, R_squared:-0.016257  
	Validation = MSE:55.574696 , RMSE:7.454844 , MAE:6.027830 , MAPD:32.716419, R_squared:-0.000013

2024-03-21 05:24:48,080 Epoch 102/300, Train Loss: 58.789530, Val Loss: 56.400450  
	Train = MSE:58.783867 , RMSE:7.667064 , MAE:6.269039 , MAPD:33.727838, R_squared:-0.017559  
	Validation = MSE:56.400448 , RMSE:7.510023 , MAE:6.289236 , MAPD:35.438635, R_squared:-0.014872

2024-03-21 05:25:30,038 Epoch 103/300, Train Loss: 58.666263, Val Loss: 55.911290  
	Train = MSE:58.684452 , RMSE:7.660578 , MAE:6.257895 , MAPD:33.606083, R_squared:-0.015838  
	Validation = MSE:55.911289 , RMSE:7.477385 , MAE:5.896593 , MAPD:31.079887, R_squared:-0.006070

2024-03-21 05:26:08,178 Epoch 104/300, Train Loss: 58.815806, Val Loss: 57.993246  
	Train = MSE:58.819252 , RMSE:7.669371 , MAE:6.260157 , MAPD:33.604101, R_squared:-0.018171  
	Validation = MSE:57.993248 , RMSE:7.615330 , MAE:6.518155 , MAPD:37.613287, R_squared:-0.043533

2024-03-21 05:26:50,591 Epoch 105/300, Train Loss: 58.482887, Val Loss: 55.604443  
	Train = MSE:58.474747 , RMSE:7.646878 , MAE:6.244298 , MAPD:33.531104, R_squared:-0.012208  
	Validation = MSE:55.604443 , RMSE:7.456839 , MAE:5.982910 , MAPD:32.166165, R_squared:-0.000549

2024-03-21 05:27:31,250 Epoch 106/300, Train Loss: 59.164298, Val Loss: 55.963586  
	Train = MSE:59.145329 , RMSE:7.690600 , MAE:6.287329 , MAPD:33.758083, R_squared:-0.023816  
	Validation = MSE:55.963585 , RMSE:7.480881 , MAE:6.194990 , MAPD:34.511530, R_squared:-0.007011

2024-03-21 05:28:10,645 Epoch 107/300, Train Loss: 58.800219, Val Loss: 55.586159  
	Train = MSE:58.811981 , RMSE:7.668897 , MAE:6.249669 , MAPD:33.531709, R_squared:-0.018045  
	Validation = MSE:55.586163 , RMSE:7.455613 , MAE:5.997018 , MAPD:32.340089, R_squared:-0.000220

2024-03-21 05:28:53,015 Epoch 108/300, Train Loss: 58.819061, Val Loss: 55.986290  
	Train = MSE:58.829430 , RMSE:7.670034 , MAE:6.273530 , MAPD:33.720419, R_squared:-0.018347  
	Validation = MSE:55.986290 , RMSE:7.482399 , MAE:6.200727 , MAPD:34.568944, R_squared:-0.007420

2024-03-21 05:29:33,771 Epoch 109/300, Train Loss: 58.929919, Val Loss: 55.714349  
	Train = MSE:58.913841 , RMSE:7.675535 , MAE:6.276482 , MAPD:33.694943, R_squared:-0.019809  
	Validation = MSE:55.714352 , RMSE:7.464205 , MAE:6.118328 , MAPD:33.727901, R_squared:-0.002526

2024-03-21 05:30:21,908 Epoch 110/300, Train Loss: 58.669934, Val Loss: 56.611404  
	Train = MSE:58.659435 , RMSE:7.658945 , MAE:6.255280 , MAPD:33.577690, R_squared:-0.015405  
	Validation = MSE:56.611404 , RMSE:7.524055 , MAE:6.326990 , MAPD:35.802140, R_squared:-0.018668

2024-03-21 05:31:11,374 Epoch 111/300, Train Loss: 58.358494, Val Loss: 55.622606  
	Train = MSE:58.370251 , RMSE:7.640043 , MAE:6.259948 , MAPD:33.637776, R_squared:-0.010399  
	Validation = MSE:55.622608 , RMSE:7.458056 , MAE:5.972799 , MAPD:32.041520, R_squared:-0.000876

2024-03-21 05:32:02,208 Epoch 112/300, Train Loss: 58.402942, Val Loss: 58.917993  
	Train = MSE:58.406727 , RMSE:7.642429 , MAE:6.238329 , MAPD:33.443284, R_squared:-0.011030  
	Validation = MSE:58.917992 , RMSE:7.675806 , MAE:6.620831 , MAPD:38.560000, R_squared:-0.060173

2024-03-21 05:32:50,482 Epoch 113/300, Train Loss: 58.741798, Val Loss: 56.407500  
	Train = MSE:58.747459 , RMSE:7.664689 , MAE:6.272380 , MAPD:33.727797, R_squared:-0.016929  
	Validation = MSE:56.407501 , RMSE:7.510493 , MAE:5.836299 , MAPD:30.244226, R_squared:-0.014999

2024-03-21 05:33:33,016 Epoch 114/300, Train Loss: 59.020837, Val Loss: 56.708558  
	Train = MSE:59.012581 , RMSE:7.681965 , MAE:6.273405 , MAPD:33.634702, R_squared:-0.021518  
	Validation = MSE:56.708553 , RMSE:7.530508 , MAE:6.343076 , MAPD:35.957014, R_squared:-0.020416

2024-03-21 05:34:14,062 Epoch 115/300, Train Loss: 58.610160, Val Loss: 55.922412  
	Train = MSE:58.624847 , RMSE:7.656686 , MAE:6.258679 , MAPD:33.643567, R_squared:-0.014806  
	Validation = MSE:55.922413 , RMSE:7.478129 , MAE:5.894741 , MAPD:31.055337, R_squared:-0.006270

2024-03-21 05:34:58,881 Epoch 116/300, Train Loss: 58.820220, Val Loss: 57.703454  
	Train = MSE:58.819344 , RMSE:7.669377 , MAE:6.264935 , MAPD:33.603183, R_squared:-0.018173  
	Validation = MSE:57.703457 , RMSE:7.596279 , MAE:6.483178 , MAPD:37.285504, R_squared:-0.038318

2024-03-21 05:35:41,270 Epoch 117/300, Train Loss: 58.636706, Val Loss: 56.007834  
	Train = MSE:58.646439 , RMSE:7.658096 , MAE:6.263456 , MAPD:33.651334, R_squared:-0.015180  
	Validation = MSE:56.007832 , RMSE:7.483838 , MAE:6.206038 , MAPD:34.622027, R_squared:-0.007807

2024-03-21 05:36:22,163 Epoch 118/300, Train Loss: 58.618745, Val Loss: 55.799866  
	Train = MSE:58.614429 , RMSE:7.656006 , MAE:6.256735 , MAPD:33.579050, R_squared:-0.014626  
	Validation = MSE:55.799870 , RMSE:7.469931 , MAE:6.148747 , MAPD:34.041496, R_squared:-0.004065

2024-03-21 05:37:05,756 Epoch 119/300, Train Loss: 58.570120, Val Loss: 59.167840  
	Train = MSE:58.578789 , RMSE:7.653678 , MAE:6.244345 , MAPD:33.476542, R_squared:-0.014009  
	Validation = MSE:59.167835 , RMSE:7.692063 , MAE:6.646585 , MAPD:38.794910, R_squared:-0.064669

2024-03-21 05:37:47,940 Epoch 120/300, Train Loss: 58.770470, Val Loss: 57.309206  
	Train = MSE:58.757126 , RMSE:7.665320 , MAE:6.254394 , MAPD:33.566979, R_squared:-0.017096  
	Validation = MSE:57.309208 , RMSE:7.570284 , MAE:6.432061 , MAPD:36.803870, R_squared:-0.031224

2024-03-21 05:38:29,874 Epoch 121/300, Train Loss: 58.713032, Val Loss: 58.391061  
	Train = MSE:58.721085 , RMSE:7.662968 , MAE:6.262979 , MAPD:33.611882, R_squared:-0.016472  
	Validation = MSE:58.391060 , RMSE:7.641404 , MAE:6.563782 , MAPD:38.036739, R_squared:-0.050691

2024-03-21 05:39:18,481 Epoch 122/300, Train Loss: 58.610629, Val Loss: 55.616432  
	Train = MSE:58.610279 , RMSE:7.655735 , MAE:6.267139 , MAPD:33.671105, R_squared:-0.014554  
	Validation = MSE:55.616432 , RMSE:7.457643 , MAE:6.070645 , MAPD:33.218481, R_squared:-0.000764

2024-03-21 05:40:03,114 Epoch 123/300, Train Loss: 58.913859, Val Loss: 56.703188  
	Train = MSE:58.919212 , RMSE:7.675885 , MAE:6.255775 , MAPD:33.531792, R_squared:-0.019902  
	Validation = MSE:56.703190 , RMSE:7.530152 , MAE:6.342206 , MAPD:35.948632, R_squared:-0.020320

2024-03-21 05:40:42,813 Epoch 124/300, Train Loss: 59.056836, Val Loss: 55.597889  
	Train = MSE:59.030174 , RMSE:7.683110 , MAE:6.281605 , MAPD:33.822139, R_squared:-0.021822  
	Validation = MSE:55.597889 , RMSE:7.456399 , MAE:5.987288 , MAPD:32.220136, R_squared:-0.000431

2024-03-21 05:41:16,094 Epoch 125/300, Train Loss: 58.888255, Val Loss: 55.657031  
	Train = MSE:58.899921 , RMSE:7.674628 , MAE:6.270346 , MAPD:33.612679, R_squared:-0.019568  
	Validation = MSE:55.657032 , RMSE:7.460364 , MAE:5.958202 , MAPD:31.859471, R_squared:-0.001495

2024-03-21 05:41:48,812 Epoch 126/300, Train Loss: 58.607021, Val Loss: 56.067104  
	Train = MSE:58.607944 , RMSE:7.655582 , MAE:6.242190 , MAPD:33.465439, R_squared:-0.014513  
	Validation = MSE:56.067104 , RMSE:7.487797 , MAE:6.220326 , MAPD:34.763180, R_squared:-0.008874

2024-03-21 05:42:22,640 Epoch 127/300, Train Loss: 58.581539, Val Loss: 55.907787  
	Train = MSE:58.592934 , RMSE:7.654602 , MAE:6.272115 , MAPD:33.729341, R_squared:-0.014254  
	Validation = MSE:55.907787 , RMSE:7.477151 , MAE:5.897182 , MAPD:31.087703, R_squared:-0.006007

2024-03-21 05:42:55,538 Epoch 128/300, Train Loss: 58.993306, Val Loss: 60.024175  
	Train = MSE:58.979671 , RMSE:7.679822 , MAE:6.281674 , MAPD:33.798546, R_squared:-0.020948  
	Validation = MSE:60.024181 , RMSE:7.747528 , MAE:5.752239 , MAPD:27.937233, R_squared:-0.080078

2024-03-21 05:43:28,049 Epoch 129/300, Train Loss: 58.757994, Val Loss: 55.766042  
	Train = MSE:58.762878 , RMSE:7.665695 , MAE:6.259477 , MAPD:33.527409, R_squared:-0.017195  
	Validation = MSE:55.766045 , RMSE:7.467667 , MAE:5.925942 , MAPD:31.456288, R_squared:-0.003457

2024-03-21 05:44:02,851 Epoch 130/300, Train Loss: 58.730792, Val Loss: 56.596150  
	Train = MSE:58.711227 , RMSE:7.662325 , MAE:6.249214 , MAPD:33.577694, R_squared:-0.016301  
	Validation = MSE:56.596153 , RMSE:7.523042 , MAE:5.821437 , MAPD:30.012786, R_squared:-0.018394

2024-03-21 05:44:36,507 Epoch 131/300, Train Loss: 58.783983, Val Loss: 55.588237  
	Train = MSE:58.781376 , RMSE:7.666901 , MAE:6.260899 , MAPD:33.574159, R_squared:-0.017516  
	Validation = MSE:55.588238 , RMSE:7.455752 , MAE:5.995030 , MAPD:32.315589, R_squared:-0.000257

2024-03-21 05:45:11,573 Epoch 132/300, Train Loss: 58.697501, Val Loss: 58.172455  
	Train = MSE:58.678104 , RMSE:7.660163 , MAE:6.268476 , MAPD:33.608483, R_squared:-0.015728  
	Validation = MSE:58.172451 , RMSE:7.627087 , MAE:6.538881 , MAPD:37.806853, R_squared:-0.046758

2024-03-21 05:45:47,744 Epoch 133/300, Train Loss: 58.753032, Val Loss: 56.391537  
	Train = MSE:58.721886 , RMSE:7.663021 , MAE:6.274791 , MAPD:33.699074, R_squared:-0.016486  
	Validation = MSE:56.391533 , RMSE:7.509429 , MAE:6.287539 , MAPD:35.422308, R_squared:-0.014712

2024-03-21 05:46:21,588 Epoch 134/300, Train Loss: 58.682581, Val Loss: 56.386767  
	Train = MSE:58.681419 , RMSE:7.660380 , MAE:6.245865 , MAPD:33.548747, R_squared:-0.015785  
	Validation = MSE:56.386768 , RMSE:7.509112 , MAE:6.286628 , MAPD:35.413533, R_squared:-0.014626

2024-03-21 05:46:54,534 Epoch 135/300, Train Loss: 58.460120, Val Loss: 56.983915  
	Train = MSE:58.457882 , RMSE:7.645775 , MAE:6.243608 , MAPD:33.522634, R_squared:-0.011916  
	Validation = MSE:56.983917 , RMSE:7.548769 , MAE:6.385806 , MAPD:36.365676, R_squared:-0.025371

2024-03-21 05:47:29,042 Epoch 136/300, Train Loss: 58.491004, Val Loss: 57.283818  
	Train = MSE:58.498573 , RMSE:7.648436 , MAE:6.254477 , MAPD:33.544669, R_squared:-0.012620  
	Validation = MSE:57.283817 , RMSE:7.568607 , MAE:6.428578 , MAPD:36.771062, R_squared:-0.030767

2024-03-21 05:48:03,047 Epoch 137/300, Train Loss: 58.762942, Val Loss: 56.665999  
	Train = MSE:58.772907 , RMSE:7.666349 , MAE:6.273057 , MAPD:33.705257, R_squared:-0.017369  
	Validation = MSE:56.666000 , RMSE:7.527682 , MAE:6.336118 , MAPD:35.890021, R_squared:-0.019650

2024-03-21 05:48:39,942 Epoch 138/300, Train Loss: 59.200550, Val Loss: 59.271822  
	Train = MSE:59.185410 , RMSE:7.693205 , MAE:6.262203 , MAPD:33.620213, R_squared:-0.024509  
	Validation = MSE:59.271828 , RMSE:7.698820 , MAE:6.657139 , MAPD:38.890717, R_squared:-0.066540

2024-03-21 05:49:14,864 Epoch 139/300, Train Loss: 58.646711, Val Loss: 55.576748  
	Train = MSE:58.661514 , RMSE:7.659081 , MAE:6.260882 , MAPD:33.711947, R_squared:-0.015441  
	Validation = MSE:55.576748 , RMSE:7.454981 , MAE:6.033699 , MAPD:32.786903, R_squared:-0.000050

2024-03-21 05:49:47,879 Epoch 140/300, Train Loss: 58.772039, Val Loss: 58.290070  
	Train = MSE:58.785149 , RMSE:7.667147 , MAE:6.261499 , MAPD:33.607819, R_squared:-0.017581  
	Validation = MSE:58.290070 , RMSE:7.634793 , MAE:6.552396 , MAPD:37.931663, R_squared:-0.048874

2024-03-21 05:50:23,722 Epoch 141/300, Train Loss: 58.506922, Val Loss: 60.603810  
	Train = MSE:58.499115 , RMSE:7.648471 , MAE:6.233554 , MAPD:33.454500, R_squared:-0.012630  
	Validation = MSE:60.603809 , RMSE:7.784845 , MAE:6.783746 , MAPD:40.027832, R_squared:-0.090508

2024-03-21 05:50:58,696 Epoch 142/300, Train Loss: 58.537321, Val Loss: 60.078743  
	Train = MSE:58.513790 , RMSE:7.649431 , MAE:6.255489 , MAPD:33.568147, R_squared:-0.012884  
	Validation = MSE:60.078739 , RMSE:7.751048 , MAE:6.735604 , MAPD:39.597751, R_squared:-0.081059

2024-03-21 05:51:32,732 Epoch 143/300, Train Loss: 59.036543, Val Loss: 57.185238  
	Train = MSE:59.015385 , RMSE:7.682147 , MAE:6.278743 , MAPD:33.739642, R_squared:-0.021566  
	Validation = MSE:57.185234 , RMSE:7.562092 , MAE:6.414897 , MAPD:36.641724, R_squared:-0.028994

2024-03-21 05:52:08,872 Epoch 144/300, Train Loss: 58.757255, Val Loss: 56.105402  
	Train = MSE:58.752472 , RMSE:7.665016 , MAE:6.280645 , MAPD:33.716530, R_squared:-0.017015  
	Validation = MSE:56.105400 , RMSE:7.490354 , MAE:6.229156 , MAPD:34.850152, R_squared:-0.009563

2024-03-21 05:52:42,998 Epoch 145/300, Train Loss: 58.493319, Val Loss: 55.727538  
	Train = MSE:58.497860 , RMSE:7.648389 , MAE:6.246880 , MAPD:33.531023, R_squared:-0.012608  
	Validation = MSE:55.727539 , RMSE:7.465088 , MAE:6.123426 , MAPD:33.781021, R_squared:-0.002764

2024-03-21 05:53:18,021 Epoch 146/300, Train Loss: 58.839412, Val Loss: 56.298056  
	Train = MSE:58.850113 , RMSE:7.671383 , MAE:6.280176 , MAPD:33.715826, R_squared:-0.018706  
	Validation = MSE:56.298058 , RMSE:7.503203 , MAE:5.846536 , MAPD:30.395023, R_squared:-0.013030

2024-03-21 05:53:55,540 Epoch 147/300, Train Loss: 58.316849, Val Loss: 55.732351  
	Train = MSE:58.334347 , RMSE:7.637692 , MAE:6.246582 , MAPD:33.530654, R_squared:-0.009777  
	Validation = MSE:55.732353 , RMSE:7.465410 , MAE:6.125255 , MAPD:33.799946, R_squared:-0.002850

2024-03-21 05:54:30,386 Epoch 148/300, Train Loss: 58.970870, Val Loss: 56.885898  
	Train = MSE:58.965721 , RMSE:7.678914 , MAE:6.269108 , MAPD:33.668582, R_squared:-0.020707  
	Validation = MSE:56.885899 , RMSE:7.542274 , MAE:6.370902 , MAPD:36.224187, R_squared:-0.023607

2024-03-21 05:55:05,183 Epoch 149/300, Train Loss: 58.806799, Val Loss: 55.602042  
	Train = MSE:58.816643 , RMSE:7.669201 , MAE:6.264615 , MAPD:33.656609, R_squared:-0.018126  
	Validation = MSE:55.602039 , RMSE:7.456677 , MAE:6.060786 , MAPD:33.107196, R_squared:-0.000505

2024-03-21 05:55:44,642 Epoch 150/300, Train Loss: 58.638249, Val Loss: 55.574682  
	Train = MSE:58.644165 , RMSE:7.657948 , MAE:6.254181 , MAPD:33.547615, R_squared:-0.015141  
	Validation = MSE:55.574677 , RMSE:7.454843 , MAE:6.015449 , MAPD:32.566734, R_squared:-0.000013

2024-03-21 05:56:22,173 Epoch 151/300, Train Loss: 58.732135, Val Loss: 55.578199  
	Train = MSE:58.731358 , RMSE:7.663639 , MAE:6.258802 , MAPD:33.581693, R_squared:-0.016650  
	Validation = MSE:55.578197 , RMSE:7.455079 , MAE:6.006986 , MAPD:32.462975, R_squared:-0.000076

2024-03-21 05:57:02,091 Epoch 152/300, Train Loss: 58.709925, Val Loss: 55.606966  
	Train = MSE:58.705437 , RMSE:7.661947 , MAE:6.265102 , MAPD:33.651958, R_squared:-0.016201  
	Validation = MSE:55.606964 , RMSE:7.457008 , MAE:5.981352 , MAPD:32.146968, R_squared:-0.000594

2024-03-21 05:57:38,465 Epoch 153/300, Train Loss: 58.689718, Val Loss: 57.111818  
	Train = MSE:58.685966 , RMSE:7.660676 , MAE:6.255707 , MAPD:33.609373, R_squared:-0.015864  
	Validation = MSE:57.111816 , RMSE:7.557236 , MAE:5.792114 , MAPD:29.500313, R_squared:-0.027672

2024-03-21 05:58:14,054 Epoch 154/300, Train Loss: 58.603943, Val Loss: 55.649332  
	Train = MSE:58.577553 , RMSE:7.653597 , MAE:6.229929 , MAPD:33.447672, R_squared:-0.013987  
	Validation = MSE:55.649330 , RMSE:7.459848 , MAE:6.089336 , MAPD:33.422026, R_squared:-0.001356

2024-03-21 05:58:53,035 Epoch 155/300, Train Loss: 58.514025, Val Loss: 60.811933  
	Train = MSE:58.518894 , RMSE:7.649765 , MAE:6.242357 , MAPD:33.545921, R_squared:-0.012972  
	Validation = MSE:60.811935 , RMSE:7.798201 , MAE:6.802347 , MAPD:40.193029, R_squared:-0.094252

2024-03-21 05:59:28,798 Epoch 156/300, Train Loss: 58.504581, Val Loss: 57.652806  
	Train = MSE:58.510208 , RMSE:7.649197 , MAE:6.253609 , MAPD:33.585048, R_squared:-0.012822  
	Validation = MSE:57.652809 , RMSE:7.592945 , MAE:6.476892 , MAPD:37.226286, R_squared:-0.037407

2024-03-21 06:00:05,290 Epoch 157/300, Train Loss: 58.553427, Val Loss: 56.625529  
	Train = MSE:58.569729 , RMSE:7.653086 , MAE:6.267792 , MAPD:33.612805, R_squared:-0.013852  
	Validation = MSE:56.625526 , RMSE:7.524993 , MAE:6.329374 , MAPD:35.825094, R_squared:-0.018922

2024-03-21 06:00:41,379 Epoch 158/300, Train Loss: 58.667154, Val Loss: 55.643517  
	Train = MSE:58.668137 , RMSE:7.659513 , MAE:6.256555 , MAPD:33.579368, R_squared:-0.015555  
	Validation = MSE:55.643517 , RMSE:7.459458 , MAE:6.086287 , MAPD:33.389422, R_squared:-0.001252

2024-03-21 06:01:18,569 Epoch 159/300, Train Loss: 58.476732, Val Loss: 55.971611  
	Train = MSE:58.486938 , RMSE:7.647676 , MAE:6.262288 , MAPD:33.623850, R_squared:-0.012419  
	Validation = MSE:55.971611 , RMSE:7.481418 , MAE:6.197037 , MAPD:34.532010, R_squared:-0.007156

2024-03-21 06:01:59,054 Epoch 160/300, Train Loss: 58.923524, Val Loss: 57.013091  
	Train = MSE:58.937531 , RMSE:7.677078 , MAE:6.265091 , MAPD:33.622231, R_squared:-0.020219  
	Validation = MSE:57.013096 , RMSE:7.550702 , MAE:6.390145 , MAPD:36.406849, R_squared:-0.025896

2024-03-21 06:02:41,101 Epoch 161/300, Train Loss: 58.979579, Val Loss: 55.622793  
	Train = MSE:58.984730 , RMSE:7.680151 , MAE:6.281673 , MAPD:33.768184, R_squared:-0.021036  
	Validation = MSE:55.622791 , RMSE:7.458069 , MAE:5.972706 , MAPD:32.040372, R_squared:-0.000879

2024-03-21 06:03:24,190 Epoch 162/300, Train Loss: 58.535304, Val Loss: 55.887690  
	Train = MSE:58.535519 , RMSE:7.650851 , MAE:6.279098 , MAPD:33.665165, R_squared:-0.013260  
	Validation = MSE:55.887691 , RMSE:7.475807 , MAE:6.174796 , MAPD:34.307825, R_squared:-0.005645

2024-03-21 06:04:05,308 Epoch 163/300, Train Loss: 58.862149, Val Loss: 56.711506  
	Train = MSE:58.868649 , RMSE:7.672591 , MAE:6.268882 , MAPD:33.686681, R_squared:-0.019026  
	Validation = MSE:56.711502 , RMSE:7.530704 , MAE:6.343554 , MAPD:35.961607, R_squared:-0.020469

2024-03-21 06:04:50,029 Epoch 164/300, Train Loss: 58.528894, Val Loss: 56.100610  
	Train = MSE:58.533230 , RMSE:7.650701 , MAE:6.256839 , MAPD:33.585216, R_squared:-0.013220  
	Validation = MSE:56.100609 , RMSE:7.490034 , MAE:6.228069 , MAPD:34.839446, R_squared:-0.009477

2024-03-21 06:05:39,286 Epoch 165/300, Train Loss: 58.511809, Val Loss: 56.433833  
	Train = MSE:58.525505 , RMSE:7.650197 , MAE:6.248556 , MAPD:33.581549, R_squared:-0.013086  
	Validation = MSE:56.433834 , RMSE:7.512246 , MAE:5.833943 , MAPD:30.209481, R_squared:-0.015473

2024-03-21 06:06:29,300 Epoch 166/300, Train Loss: 58.529663, Val Loss: 55.635403  
	Train = MSE:58.525654 , RMSE:7.650206 , MAE:6.242888 , MAPD:33.513703, R_squared:-0.013089  
	Validation = MSE:55.635399 , RMSE:7.458914 , MAE:6.081880 , MAPD:33.341881, R_squared:-0.001106

2024-03-21 06:07:12,812 Epoch 167/300, Train Loss: 58.583052, Val Loss: 55.790150  
	Train = MSE:58.591045 , RMSE:7.654479 , MAE:6.256077 , MAPD:33.615029, R_squared:-0.014221  
	Validation = MSE:55.790146 , RMSE:7.469280 , MAE:5.920226 , MAPD:31.384681, R_squared:-0.003890

2024-03-21 06:07:53,682 Epoch 168/300, Train Loss: 58.675512, Val Loss: 55.708685  
	Train = MSE:58.689667 , RMSE:7.660918 , MAE:6.270182 , MAPD:33.657876, R_squared:-0.015928  
	Validation = MSE:55.708683 , RMSE:7.463825 , MAE:6.116114 , MAPD:33.704562, R_squared:-0.002424

2024-03-21 06:08:35,365 Epoch 169/300, Train Loss: 58.625789, Val Loss: 55.711562  
	Train = MSE:58.614098 , RMSE:7.655984 , MAE:6.250187 , MAPD:33.556115, R_squared:-0.014620  
	Validation = MSE:55.711563 , RMSE:7.464018 , MAE:6.117245 , MAPD:33.716480, R_squared:-0.002476

2024-03-21 06:09:13,254 Epoch 170/300, Train Loss: 58.947742, Val Loss: 55.626561  
	Train = MSE:58.949936 , RMSE:7.677886 , MAE:6.273405 , MAPD:33.718156, R_squared:-0.020433  
	Validation = MSE:55.626564 , RMSE:7.458322 , MAE:6.076836 , MAPD:33.286861, R_squared:-0.000947

2024-03-21 06:09:54,772 Epoch 171/300, Train Loss: 58.921469, Val Loss: 55.603077  
	Train = MSE:58.928726 , RMSE:7.676505 , MAE:6.275898 , MAPD:33.729217, R_squared:-0.020066  
	Validation = MSE:55.603077 , RMSE:7.456747 , MAE:5.983780 , MAPD:32.176899, R_squared:-0.000524

2024-03-21 06:10:38,791 Epoch 172/300, Train Loss: 58.805912, Val Loss: 55.596213  
	Train = MSE:58.811474 , RMSE:7.668864 , MAE:6.265000 , MAPD:33.606454, R_squared:-0.018037  
	Validation = MSE:55.596214 , RMSE:7.456287 , MAE:6.056329 , MAPD:33.055272, R_squared:-0.000401

2024-03-21 06:11:20,009 Epoch 173/300, Train Loss: 58.535371, Val Loss: 56.197930  
	Train = MSE:58.539013 , RMSE:7.651079 , MAE:6.253190 , MAPD:33.587080, R_squared:-0.013320  
	Validation = MSE:56.197929 , RMSE:7.496528 , MAE:5.857144 , MAPD:30.546120, R_squared:-0.011228

2024-03-21 06:11:59,905 Epoch 174/300, Train Loss: 58.725613, Val Loss: 56.679619  
	Train = MSE:58.727669 , RMSE:7.663398 , MAE:6.247141 , MAPD:33.525468, R_squared:-0.016586  
	Validation = MSE:56.679619 , RMSE:7.528587 , MAE:6.338359 , MAPD:35.911600, R_squared:-0.019895

2024-03-21 06:12:39,070 Epoch 175/300, Train Loss: 58.713769, Val Loss: 57.209716  
	Train = MSE:58.724144 , RMSE:7.663168 , MAE:6.263062 , MAPD:33.605463, R_squared:-0.016525  
	Validation = MSE:57.209717 , RMSE:7.563711 , MAE:6.418307 , MAPD:36.674082, R_squared:-0.029434

2024-03-21 06:13:22,819 Epoch 176/300, Train Loss: 58.732360, Val Loss: 56.692266  
	Train = MSE:58.745663 , RMSE:7.664572 , MAE:6.255738 , MAPD:33.581375, R_squared:-0.016897  
	Validation = MSE:56.692265 , RMSE:7.529427 , MAE:6.340428 , MAPD:35.931519, R_squared:-0.020123

2024-03-21 06:14:03,603 Epoch 177/300, Train Loss: 58.810888, Val Loss: 55.666082  
	Train = MSE:58.818878 , RMSE:7.669347 , MAE:6.256351 , MAPD:33.603642, R_squared:-0.018165  
	Validation = MSE:55.666084 , RMSE:7.460971 , MAE:5.954915 , MAPD:31.818372, R_squared:-0.001658

2024-03-21 06:14:46,207 Epoch 178/300, Train Loss: 58.920878, Val Loss: 57.199909  
	Train = MSE:58.907959 , RMSE:7.675152 , MAE:6.282804 , MAPD:33.687415, R_squared:-0.019707  
	Validation = MSE:57.199913 , RMSE:7.563062 , MAE:6.416945 , MAPD:36.661148, R_squared:-0.029258

2024-03-21 06:15:29,659 Epoch 179/300, Train Loss: 58.760856, Val Loss: 56.979824  
	Train = MSE:58.754406 , RMSE:7.665142 , MAE:6.270762 , MAPD:33.700352, R_squared:-0.017049  
	Validation = MSE:56.979824 , RMSE:7.548498 , MAE:6.385194 , MAPD:36.359868, R_squared:-0.025297

2024-03-21 06:16:08,490 Epoch 180/300, Train Loss: 58.807459, Val Loss: 57.586376  
	Train = MSE:58.794369 , RMSE:7.667748 , MAE:6.250363 , MAPD:33.519093, R_squared:-0.017741  
	Validation = MSE:57.586376 , RMSE:7.588569 , MAE:6.468532 , MAPD:37.147510, R_squared:-0.036212

2024-03-21 06:16:47,910 Epoch 181/300, Train Loss: 58.500611, Val Loss: 55.682124  
	Train = MSE:58.517593 , RMSE:7.649679 , MAE:6.263538 , MAPD:33.646863, R_squared:-0.012949  
	Validation = MSE:55.682117 , RMSE:7.462045 , MAE:6.105046 , MAPD:33.587902, R_squared:-0.001946

2024-03-21 06:17:31,299 Epoch 182/300, Train Loss: 58.848611, Val Loss: 59.137788  
	Train = MSE:58.862835 , RMSE:7.672212 , MAE:6.261096 , MAPD:33.663428, R_squared:-0.018926  
	Validation = MSE:59.137783 , RMSE:7.690109 , MAE:5.752670 , MAPD:28.283032, R_squared:-0.064128

2024-03-21 06:18:13,727 Epoch 183/300, Train Loss: 58.887666, Val Loss: 55.704745  
	Train = MSE:58.889984 , RMSE:7.673981 , MAE:6.260626 , MAPD:33.570116, R_squared:-0.019396  
	Validation = MSE:55.704746 , RMSE:7.463561 , MAE:6.114546 , MAPD:33.688033, R_squared:-0.002354

2024-03-21 06:18:53,171 Epoch 184/300, Train Loss: 58.553761, Val Loss: 55.574113  
	Train = MSE:58.536217 , RMSE:7.650897 , MAE:6.246693 , MAPD:33.519331, R_squared:-0.013272  
	Validation = MSE:55.574112 , RMSE:7.454804 , MAE:6.018660 , MAPD:32.605810, R_squared:-0.000003

2024-03-21 06:19:34,181 Epoch 185/300, Train Loss: 58.951466, Val Loss: 57.546354  
	Train = MSE:58.926609 , RMSE:7.676367 , MAE:6.272667 , MAPD:33.683592, R_squared:-0.020030  
	Validation = MSE:57.546356 , RMSE:7.585931 , MAE:6.463428 , MAPD:37.099421, R_squared:-0.035492

2024-03-21 06:20:14,727 Epoch 186/300, Train Loss: 58.474280, Val Loss: 55.640296  
	Train = MSE:58.483177 , RMSE:7.647429 , MAE:6.256589 , MAPD:33.634963, R_squared:-0.012354  
	Validation = MSE:55.640293 , RMSE:7.459242 , MAE:6.084557 , MAPD:33.370834, R_squared:-0.001194

2024-03-21 06:20:54,877 Epoch 187/300, Train Loss: 58.508699, Val Loss: 56.255379  
	Train = MSE:58.514133 , RMSE:7.649453 , MAE:6.253031 , MAPD:33.578158, R_squared:-0.012890  
	Validation = MSE:56.255383 , RMSE:7.500359 , MAE:6.261079 , MAPD:35.164145, R_squared:-0.012262

2024-03-21 06:21:34,321 Epoch 188/300, Train Loss: 58.691287, Val Loss: 55.574282  
	Train = MSE:58.704784 , RMSE:7.661905 , MAE:6.263290 , MAPD:33.683804, R_squared:-0.016190  
	Validation = MSE:55.574284 , RMSE:7.454816 , MAE:6.017437 , MAPD:32.590916, R_squared:-0.000006

2024-03-21 06:22:15,158 Epoch 189/300, Train Loss: 59.052297, Val Loss: 55.577873  
	Train = MSE:59.056419 , RMSE:7.684817 , MAE:6.279751 , MAPD:33.705336, R_squared:-0.022277  
	Validation = MSE:55.577869 , RMSE:7.455057 , MAE:6.035965 , MAPD:32.813932, R_squared:-0.000071

2024-03-21 06:22:56,686 Epoch 190/300, Train Loss: 58.653493, Val Loss: 55.583554  
	Train = MSE:58.664837 , RMSE:7.659297 , MAE:6.243057 , MAPD:33.537061, R_squared:-0.015498  
	Validation = MSE:55.583553 , RMSE:7.455438 , MAE:6.044276 , MAPD:32.912473, R_squared:-0.000173

2024-03-21 06:23:37,971 Epoch 191/300, Train Loss: 58.730972, Val Loss: 56.233046  
	Train = MSE:58.720909 , RMSE:7.662957 , MAE:6.257428 , MAPD:33.615724, R_squared:-0.016469  
	Validation = MSE:56.233047 , RMSE:7.498870 , MAE:6.256510 , MAPD:35.119488, R_squared:-0.011860

2024-03-21 06:24:19,863 Epoch 192/300, Train Loss: 58.439384, Val Loss: 58.602293  
	Train = MSE:58.427315 , RMSE:7.643776 , MAE:6.253546 , MAPD:33.527868, R_squared:-0.011387  
	Validation = MSE:58.602291 , RMSE:7.655213 , MAE:6.587217 , MAPD:38.251809, R_squared:-0.054492

2024-03-21 06:25:02,058 Epoch 193/300, Train Loss: 58.715196, Val Loss: 55.982233  
	Train = MSE:58.689255 , RMSE:7.660891 , MAE:6.269579 , MAPD:33.658095, R_squared:-0.015921  
	Validation = MSE:55.982231 , RMSE:7.482128 , MAE:5.885251 , MAPD:30.929531, R_squared:-0.007347

2024-03-21 06:25:43,021 Epoch 194/300, Train Loss: 58.783073, Val Loss: 57.728947  
	Train = MSE:58.770435 , RMSE:7.666188 , MAE:6.252755 , MAPD:33.532843, R_squared:-0.017326  
	Validation = MSE:57.728947 , RMSE:7.597957 , MAE:6.486312 , MAPD:37.315044, R_squared:-0.038777

2024-03-21 06:26:22,923 Epoch 195/300, Train Loss: 58.790241, Val Loss: 56.039254  
	Train = MSE:58.803360 , RMSE:7.668335 , MAE:6.269472 , MAPD:33.701967, R_squared:-0.017896  
	Validation = MSE:56.039253 , RMSE:7.485937 , MAE:5.876869 , MAPD:30.818127, R_squared:-0.008373

2024-03-21 06:27:05,087 Epoch 196/300, Train Loss: 58.694960, Val Loss: 55.712576  
	Train = MSE:58.693050 , RMSE:7.661139 , MAE:6.252234 , MAPD:33.564460, R_squared:-0.015987  
	Validation = MSE:55.712578 , RMSE:7.464086 , MAE:6.117640 , MAPD:33.720648, R_squared:-0.002494

2024-03-21 06:27:43,452 Epoch 197/300, Train Loss: 58.503418, Val Loss: 55.736116  
	Train = MSE:58.475288 , RMSE:7.646914 , MAE:6.230591 , MAPD:33.498119, R_squared:-0.012217  
	Validation = MSE:55.736115 , RMSE:7.465662 , MAE:5.933594 , MAPD:31.551903, R_squared:-0.002918

2024-03-21 06:28:17,179 Epoch 198/300, Train Loss: 58.629753, Val Loss: 55.838645  
	Train = MSE:58.632580 , RMSE:7.657191 , MAE:6.256374 , MAPD:33.637077, R_squared:-0.014940  
	Validation = MSE:55.838646 , RMSE:7.472526 , MAE:6.160697 , MAPD:34.164120, R_squared:-0.004763

2024-03-21 06:28:53,043 Epoch 199/300, Train Loss: 58.610866, Val Loss: 58.900868  
	Train = MSE:58.621361 , RMSE:7.656459 , MAE:6.241069 , MAPD:33.491096, R_squared:-0.014746  
	Validation = MSE:58.900867 , RMSE:7.674690 , MAE:6.619051 , MAPD:38.543666, R_squared:-0.059865

2024-03-21 06:29:27,170 Epoch 200/300, Train Loss: 58.732660, Val Loss: 62.950211  
	Train = MSE:58.705788 , RMSE:7.661970 , MAE:6.277235 , MAPD:33.682212, R_squared:-0.016207  
	Validation = MSE:62.950214 , RMSE:7.934117 , MAE:6.980463 , MAPD:41.752276, R_squared:-0.132729

2024-03-21 06:30:04,906 Epoch 201/300, Train Loss: 58.360721, Val Loss: 61.024780  
	Train = MSE:58.375900 , RMSE:7.640412 , MAE:6.252099 , MAPD:33.665686, R_squared:-0.010497  
	Validation = MSE:61.024780 , RMSE:7.811836 , MAE:5.758506 , MAPD:27.623349, R_squared:-0.098082

2024-03-21 06:30:43,295 Epoch 202/300, Train Loss: 58.615291, Val Loss: 60.604717  
	Train = MSE:58.613052 , RMSE:7.655916 , MAE:6.226787 , MAPD:33.345508, R_squared:-0.014602  
	Validation = MSE:60.604717 , RMSE:7.784903 , MAE:6.783828 , MAPD:40.028559, R_squared:-0.090524

2024-03-21 06:31:19,279 Epoch 203/300, Train Loss: 58.449484, Val Loss: 55.957835  
	Train = MSE:58.465477 , RMSE:7.646272 , MAE:6.248271 , MAPD:33.622819, R_squared:-0.012047  
	Validation = MSE:55.957832 , RMSE:7.480497 , MAE:5.889031 , MAPD:30.979648, R_squared:-0.006908

2024-03-21 06:31:58,098 Epoch 204/300, Train Loss: 58.322086, Val Loss: 55.607602  
	Train = MSE:58.329601 , RMSE:7.637382 , MAE:6.237010 , MAPD:33.449380, R_squared:-0.009695  
	Validation = MSE:55.607601 , RMSE:7.457050 , MAE:6.064734 , MAPD:33.152445, R_squared:-0.000606

2024-03-21 06:32:33,176 Epoch 205/300, Train Loss: 58.346074, Val Loss: 55.758781  
	Train = MSE:58.351540 , RMSE:7.638818 , MAE:6.232161 , MAPD:33.522566, R_squared:-0.010075  
	Validation = MSE:55.758778 , RMSE:7.467180 , MAE:5.927741 , MAPD:31.478762, R_squared:-0.003326

2024-03-21 06:33:10,998 Epoch 206/300, Train Loss: 58.595829, Val Loss: 56.989792  
	Train = MSE:58.604465 , RMSE:7.655355 , MAE:6.253131 , MAPD:33.505949, R_squared:-0.014453  
	Validation = MSE:56.989796 , RMSE:7.549159 , MAE:6.386683 , MAPD:36.374003, R_squared:-0.025477

2024-03-21 06:33:58,903 Epoch 207/300, Train Loss: 58.935117, Val Loss: 57.653010  
	Train = MSE:58.927036 , RMSE:7.676395 , MAE:6.269229 , MAPD:33.649982, R_squared:-0.020037  
	Validation = MSE:57.653008 , RMSE:7.592958 , MAE:6.476918 , MAPD:37.226525, R_squared:-0.037411

2024-03-21 06:34:45,432 Epoch 208/300, Train Loss: 58.451463, Val Loss: 55.693028  
	Train = MSE:58.432323 , RMSE:7.644104 , MAE:6.248291 , MAPD:33.542449, R_squared:-0.011473  
	Validation = MSE:55.693027 , RMSE:7.462776 , MAE:6.109738 , MAPD:33.637356, R_squared:-0.002143

2024-03-21 06:35:33,201 Epoch 209/300, Train Loss: 58.556382, Val Loss: 55.771682  
	Train = MSE:58.553650 , RMSE:7.652036 , MAE:6.261358 , MAPD:33.647147, R_squared:-0.013574  
	Validation = MSE:55.771679 , RMSE:7.468044 , MAE:5.924570 , MAPD:31.439124, R_squared:-0.003558

2024-03-21 06:36:14,366 Epoch 210/300, Train Loss: 58.996396, Val Loss: 55.647959  
	Train = MSE:58.995872 , RMSE:7.680877 , MAE:6.273387 , MAPD:33.696574, R_squared:-0.021229  
	Validation = MSE:55.647961 , RMSE:7.459756 , MAE:5.961684 , MAPD:31.902979, R_squared:-0.001332

2024-03-21 06:36:58,599 Epoch 211/300, Train Loss: 58.804264, Val Loss: 55.614359  
	Train = MSE:58.813820 , RMSE:7.669017 , MAE:6.262512 , MAPD:33.643711, R_squared:-0.018077  
	Validation = MSE:55.614361 , RMSE:7.457504 , MAE:6.069297 , MAPD:33.203544, R_squared:-0.000727

2024-03-21 06:37:44,198 Epoch 212/300, Train Loss: 58.761071, Val Loss: 57.678267  
	Train = MSE:58.760197 , RMSE:7.665520 , MAE:6.254358 , MAPD:33.466691, R_squared:-0.017149  
	Validation = MSE:57.678261 , RMSE:7.594621 , MAE:6.480061 , MAPD:37.256144, R_squared:-0.037865

2024-03-21 06:38:24,748 Epoch 213/300, Train Loss: 58.692610, Val Loss: 58.197031  
	Train = MSE:58.684273 , RMSE:7.660566 , MAE:6.257931 , MAPD:33.619031, R_squared:-0.015835  
	Validation = MSE:58.197033 , RMSE:7.628698 , MAE:6.541720 , MAPD:37.833115, R_squared:-0.047200

2024-03-21 06:39:06,816 Epoch 214/300, Train Loss: 58.852263, Val Loss: 61.303648  
	Train = MSE:58.858727 , RMSE:7.671944 , MAE:6.249212 , MAPD:33.485598, R_squared:-0.018855  
	Validation = MSE:61.303646 , RMSE:7.829665 , MAE:6.845283 , MAPD:40.572545, R_squared:-0.103100

2024-03-21 06:39:48,379 Epoch 215/300, Train Loss: 58.684927, Val Loss: 56.287509  
	Train = MSE:58.687698 , RMSE:7.660789 , MAE:6.255335 , MAPD:33.653295, R_squared:-0.015894  
	Validation = MSE:56.287510 , RMSE:7.502500 , MAE:6.267524 , MAPD:35.227132, R_squared:-0.012840

2024-03-21 06:40:30,231 Epoch 216/300, Train Loss: 58.687399, Val Loss: 59.245088  
	Train = MSE:58.699497 , RMSE:7.661560 , MAE:6.252546 , MAPD:33.606035, R_squared:-0.016098  
	Validation = MSE:59.245087 , RMSE:7.697083 , MAE:6.654424 , MAPD:38.866140, R_squared:-0.066059

2024-03-21 06:41:09,607 Epoch 217/300, Train Loss: 58.814220, Val Loss: 57.389093  
	Train = MSE:58.831001 , RMSE:7.670137 , MAE:6.267822 , MAPD:33.716729, R_squared:-0.018375  
	Validation = MSE:57.389091 , RMSE:7.575559 , MAE:5.780408 , MAPD:29.271190, R_squared:-0.032662

2024-03-21 06:41:47,316 Epoch 218/300, Train Loss: 58.804345, Val Loss: 55.784385  
	Train = MSE:58.795696 , RMSE:7.667835 , MAE:6.273919 , MAPD:33.649526, R_squared:-0.017763  
	Validation = MSE:55.784386 , RMSE:7.468894 , MAE:5.921546 , MAPD:31.401341, R_squared:-0.003787

2024-03-21 06:42:25,717 Epoch 219/300, Train Loss: 58.710120, Val Loss: 56.977572  
	Train = MSE:58.709587 , RMSE:7.662218 , MAE:6.259954 , MAPD:33.601674, R_squared:-0.016273  
	Validation = MSE:56.977573 , RMSE:7.548349 , MAE:6.384857 , MAPD:36.356668, R_squared:-0.025257

2024-03-21 06:43:00,594 Epoch 220/300, Train Loss: 58.625701, Val Loss: 58.687618  
	Train = MSE:58.614689 , RMSE:7.656023 , MAE:6.247877 , MAPD:33.559706, R_squared:-0.014630  
	Validation = MSE:58.687618 , RMSE:7.660784 , MAE:6.596468 , MAPD:38.336628, R_squared:-0.056027

2024-03-21 06:43:30,639 Epoch 221/300, Train Loss: 58.599943, Val Loss: 56.128677  
	Train = MSE:58.606956 , RMSE:7.655518 , MAE:6.254080 , MAPD:33.598122, R_squared:-0.014497  
	Validation = MSE:56.128677 , RMSE:7.491908 , MAE:5.865266 , MAPD:30.659293, R_squared:-0.009982

2024-03-21 06:44:05,061 Epoch 222/300, Train Loss: 58.620714, Val Loss: 56.016457  
	Train = MSE:58.634003 , RMSE:7.657284 , MAE:6.258618 , MAPD:33.615822, R_squared:-0.014965  
	Validation = MSE:56.016457 , RMSE:7.484414 , MAE:5.880134 , MAPD:30.861692, R_squared:-0.007962

2024-03-21 06:44:36,492 Epoch 223/300, Train Loss: 58.596042, Val Loss: 56.941604  
	Train = MSE:58.575073 , RMSE:7.653435 , MAE:6.241627 , MAPD:33.525716, R_squared:-0.013945  
	Validation = MSE:56.941605 , RMSE:7.545966 , MAE:5.800572 , MAPD:29.655270, R_squared:-0.024610

2024-03-21 06:45:08,848 Epoch 224/300, Train Loss: 58.870046, Val Loss: 55.574630  
	Train = MSE:58.879040 , RMSE:7.673268 , MAE:6.270391 , MAPD:33.654348, R_squared:-0.019206  
	Validation = MSE:55.574631 , RMSE:7.454839 , MAE:6.027533 , MAPD:32.712863, R_squared:-0.000012

2024-03-21 06:45:40,101 Epoch 225/300, Train Loss: 58.384915, Val Loss: 55.591506  
	Train = MSE:58.364204 , RMSE:7.639647 , MAE:6.235306 , MAPD:33.428516, R_squared:-0.010294  
	Validation = MSE:55.591503 , RMSE:7.455971 , MAE:5.992177 , MAPD:32.280412, R_squared:-0.000316

2024-03-21 06:46:12,264 Epoch 226/300, Train Loss: 58.829797, Val Loss: 56.609939  
	Train = MSE:58.831802 , RMSE:7.670189 , MAE:6.277357 , MAPD:33.739734, R_squared:-0.018389  
	Validation = MSE:56.609940 , RMSE:7.523958 , MAE:6.326742 , MAPD:35.799751, R_squared:-0.018642

2024-03-21 06:46:44,553 Epoch 227/300, Train Loss: 58.870230, Val Loss: 55.638313  
	Train = MSE:58.842518 , RMSE:7.670887 , MAE:6.260638 , MAPD:33.581509, R_squared:-0.018574  
	Validation = MSE:55.638309 , RMSE:7.459109 , MAE:6.083475 , MAPD:33.359185, R_squared:-0.001158

2024-03-21 06:47:16,245 Epoch 228/300, Train Loss: 58.521276, Val Loss: 55.587148  
	Train = MSE:58.521805 , RMSE:7.649955 , MAE:6.268708 , MAPD:33.695363, R_squared:-0.013022  
	Validation = MSE:55.587147 , RMSE:7.455679 , MAE:5.996052 , MAPD:32.328191, R_squared:-0.000237

2024-03-21 06:47:48,598 Epoch 229/300, Train Loss: 58.700990, Val Loss: 55.593356  
	Train = MSE:58.708561 , RMSE:7.662151 , MAE:6.264812 , MAPD:33.647217, R_squared:-0.016255  
	Validation = MSE:55.593361 , RMSE:7.456096 , MAE:6.053982 , MAPD:33.027570, R_squared:-0.000349

2024-03-21 06:48:19,192 Epoch 230/300, Train Loss: 58.673432, Val Loss: 55.875415  
	Train = MSE:58.662785 , RMSE:7.659163 , MAE:6.254585 , MAPD:33.575387, R_squared:-0.015463  
	Validation = MSE:55.875416 , RMSE:7.474986 , MAE:5.902827 , MAPD:31.162194, R_squared:-0.005425

2024-03-21 06:48:54,009 Epoch 231/300, Train Loss: 58.564277, Val Loss: 55.956763  
	Train = MSE:58.554157 , RMSE:7.652069 , MAE:6.241216 , MAPD:33.537091, R_squared:-0.013582  
	Validation = MSE:55.956764 , RMSE:7.480425 , MAE:6.193253 , MAPD:34.494046, R_squared:-0.006888

2024-03-21 06:49:27,502 Epoch 232/300, Train Loss: 58.569758, Val Loss: 57.860138  
	Train = MSE:58.575371 , RMSE:7.653455 , MAE:6.241665 , MAPD:33.492617, R_squared:-0.013950  
	Validation = MSE:57.860138 , RMSE:7.606585 , MAE:6.502316 , MAPD:37.465091, R_squared:-0.041138

2024-03-21 06:50:00,334 Epoch 233/300, Train Loss: 58.750360, Val Loss: 55.590941  
	Train = MSE:58.728817 , RMSE:7.663473 , MAE:6.258168 , MAPD:33.657073, R_squared:-0.016606  
	Validation = MSE:55.590939 , RMSE:7.455933 , MAE:5.992650 , MAPD:32.286237, R_squared:-0.000306

2024-03-21 06:50:32,771 Epoch 234/300, Train Loss: 58.726793, Val Loss: 59.112946  
	Train = MSE:58.728802 , RMSE:7.663472 , MAE:6.245749 , MAPD:33.468136, R_squared:-0.016606  
	Validation = MSE:59.112946 , RMSE:7.688494 , MAE:6.640990 , MAPD:38.743943, R_squared:-0.063681

2024-03-21 06:51:03,125 Epoch 235/300, Train Loss: 58.836788, Val Loss: 55.698960  
	Train = MSE:58.841671 , RMSE:7.670833 , MAE:6.275760 , MAPD:33.679074, R_squared:-0.018559  
	Validation = MSE:55.698956 , RMSE:7.463173 , MAE:6.112201 , MAPD:33.663312, R_squared:-0.002249

2024-03-21 06:51:36,588 Epoch 236/300, Train Loss: 58.914728, Val Loss: 55.678812  
	Train = MSE:58.929539 , RMSE:7.676558 , MAE:6.273831 , MAPD:33.715086, R_squared:-0.020080  
	Validation = MSE:55.678810 , RMSE:7.461823 , MAE:5.950551 , MAPD:31.763845, R_squared:-0.001887

2024-03-21 06:52:07,851 Epoch 237/300, Train Loss: 58.822436, Val Loss: 55.768035  
	Train = MSE:58.838745 , RMSE:7.670642 , MAE:6.283884 , MAPD:33.782175, R_squared:-0.018509  
	Validation = MSE:55.768036 , RMSE:7.467800 , MAE:5.925455 , MAPD:31.450194, R_squared:-0.003492

2024-03-21 06:52:41,495 Epoch 238/300, Train Loss: 58.686638, Val Loss: 56.305795  
	Train = MSE:58.676773 , RMSE:7.660077 , MAE:6.237361 , MAPD:33.466607, R_squared:-0.015705  
	Validation = MSE:56.305798 , RMSE:7.503719 , MAE:5.845788 , MAPD:30.383999, R_squared:-0.013169

2024-03-21 06:53:13,188 Epoch 239/300, Train Loss: 58.688546, Val Loss: 55.626003  
	Train = MSE:58.697468 , RMSE:7.661427 , MAE:6.257238 , MAPD:33.635837, R_squared:-0.016063  
	Validation = MSE:55.626007 , RMSE:7.458284 , MAE:5.971133 , MAPD:32.020988, R_squared:-0.000937

2024-03-21 06:53:44,806 Epoch 240/300, Train Loss: 58.934433, Val Loss: 56.243636  
	Train = MSE:58.947414 , RMSE:7.677722 , MAE:6.268857 , MAPD:33.629007, R_squared:-0.020390  
	Validation = MSE:56.243633 , RMSE:7.499576 , MAE:5.852058 , MAPD:30.474997, R_squared:-0.012050

2024-03-21 06:54:16,458 Epoch 241/300, Train Loss: 58.777629, Val Loss: 56.374320  
	Train = MSE:58.777813 , RMSE:7.666669 , MAE:6.258993 , MAPD:33.615852, R_squared:-0.017454  
	Validation = MSE:56.374317 , RMSE:7.508283 , MAE:6.284262 , MAPD:35.390627, R_squared:-0.014402

2024-03-21 06:54:50,130 Epoch 242/300, Train Loss: 58.691775, Val Loss: 55.844776  
	Train = MSE:58.677731 , RMSE:7.660139 , MAE:6.264002 , MAPD:33.661970, R_squared:-0.015722  
	Validation = MSE:55.844776 , RMSE:7.472936 , MAE:5.908638 , MAPD:31.237399, R_squared:-0.004873

2024-03-21 06:55:22,068 Epoch 243/300, Train Loss: 58.458327, Val Loss: 59.505308  
	Train = MSE:58.461483 , RMSE:7.646011 , MAE:6.249165 , MAPD:33.531748, R_squared:-0.011978  
	Validation = MSE:59.505306 , RMSE:7.713968 , MAE:6.680454 , MAPD:39.101706, R_squared:-0.070741

2024-03-21 06:55:55,816 Epoch 244/300, Train Loss: 58.748028, Val Loss: 55.677166  
	Train = MSE:58.731941 , RMSE:7.663677 , MAE:6.252410 , MAPD:33.575852, R_squared:-0.016660  
	Validation = MSE:55.677170 , RMSE:7.461714 , MAE:6.102835 , MAPD:33.564592, R_squared:-0.001857

2024-03-21 06:56:27,101 Epoch 245/300, Train Loss: 58.661782, Val Loss: 55.670140  
	Train = MSE:58.672924 , RMSE:7.659825 , MAE:6.250719 , MAPD:33.551399, R_squared:-0.015638  
	Validation = MSE:55.670135 , RMSE:7.461242 , MAE:6.099608 , MAPD:33.530578, R_squared:-0.001731

2024-03-21 06:57:00,456 Epoch 246/300, Train Loss: 58.712992, Val Loss: 59.300368  
	Train = MSE:58.730873 , RMSE:7.663607 , MAE:6.254789 , MAPD:33.554767, R_squared:-0.016641  
	Validation = MSE:59.300369 , RMSE:7.700673 , MAE:6.660028 , MAPD:38.916864, R_squared:-0.067053

2024-03-21 06:57:32,191 Epoch 247/300, Train Loss: 58.787073, Val Loss: 59.693343  
	Train = MSE:58.799068 , RMSE:7.668055 , MAE:6.278274 , MAPD:33.719947, R_squared:-0.017822  
	Validation = MSE:59.693344 , RMSE:7.726147 , MAE:6.698940 , MAPD:39.268051, R_squared:-0.074125

2024-03-21 06:58:03,043 Epoch 248/300, Train Loss: 58.730858, Val Loss: 55.642340  
	Train = MSE:58.735065 , RMSE:7.663880 , MAE:6.260530 , MAPD:33.624311, R_squared:-0.016714  
	Validation = MSE:55.642338 , RMSE:7.459379 , MAE:6.085659 , MAPD:33.382681, R_squared:-0.001231

2024-03-21 06:58:37,033 Epoch 249/300, Train Loss: 58.887492, Val Loss: 57.994546  
	Train = MSE:58.875225 , RMSE:7.673019 , MAE:6.259351 , MAPD:33.559498, R_squared:-0.019140  
	Validation = MSE:57.994541 , RMSE:7.615415 , MAE:6.518308 , MAPD:37.614714, R_squared:-0.043556

2024-03-21 06:59:10,130 Epoch 250/300, Train Loss: 58.634015, Val Loss: 55.867322  
	Train = MSE:58.609531 , RMSE:7.655686 , MAE:6.252852 , MAPD:33.594698, R_squared:-0.014541  
	Validation = MSE:55.867325 , RMSE:7.474445 , MAE:5.904312 , MAPD:31.181564, R_squared:-0.005279

2024-03-21 06:59:43,773 Epoch 251/300, Train Loss: 58.738214, Val Loss: 55.809086  
	Train = MSE:58.724239 , RMSE:7.663174 , MAE:6.263355 , MAPD:33.631358, R_squared:-0.016527  
	Validation = MSE:55.809082 , RMSE:7.470548 , MAE:6.151677 , MAPD:34.071548, R_squared:-0.004231

2024-03-21 07:00:16,666 Epoch 252/300, Train Loss: 58.817634, Val Loss: 55.678450  
	Train = MSE:58.805286 , RMSE:7.668460 , MAE:6.268356 , MAPD:33.666149, R_squared:-0.017930  
	Validation = MSE:55.678448 , RMSE:7.461799 , MAE:5.950672 , MAPD:31.765352, R_squared:-0.001880

2024-03-21 07:00:49,401 Epoch 253/300, Train Loss: 58.684297, Val Loss: 58.202740  
	Train = MSE:58.691017 , RMSE:7.661006 , MAE:6.267944 , MAPD:33.645943, R_squared:-0.015951  
	Validation = MSE:58.202744 , RMSE:7.629072 , MAE:5.761456 , MAPD:28.743834, R_squared:-0.047303

2024-03-21 07:01:22,800 Epoch 254/300, Train Loss: 58.637910, Val Loss: 57.387964  
	Train = MSE:58.636204 , RMSE:7.657428 , MAE:6.247169 , MAPD:33.523068, R_squared:-0.015003  
	Validation = MSE:57.387959 , RMSE:7.575484 , MAE:6.442703 , MAPD:36.904145, R_squared:-0.032641

2024-03-21 07:01:53,929 Epoch 255/300, Train Loss: 58.665047, Val Loss: 55.579865  
	Train = MSE:58.656425 , RMSE:7.658748 , MAE:6.250830 , MAPD:33.598490, R_squared:-0.015353  
	Validation = MSE:55.579865 , RMSE:7.455191 , MAE:6.004405 , MAPD:32.431171, R_squared:-0.000106

2024-03-21 07:02:26,990 Epoch 256/300, Train Loss: 58.578603, Val Loss: 57.841925  
	Train = MSE:58.581989 , RMSE:7.653887 , MAE:6.244869 , MAPD:33.530552, R_squared:-0.014064  
	Validation = MSE:57.841923 , RMSE:7.605388 , MAE:6.500113 , MAPD:37.444481, R_squared:-0.040810

2024-03-21 07:03:01,077 Epoch 257/300, Train Loss: 58.933912, Val Loss: 55.682408  
	Train = MSE:58.923325 , RMSE:7.676153 , MAE:6.255069 , MAPD:33.572569, R_squared:-0.019973  
	Validation = MSE:55.682407 , RMSE:7.462065 , MAE:6.105172 , MAPD:33.589220, R_squared:-0.001952

2024-03-21 07:03:35,767 Epoch 258/300, Train Loss: 58.883776, Val Loss: 62.979632  
	Train = MSE:58.840202 , RMSE:7.670737 , MAE:6.272802 , MAPD:33.633981, R_squared:-0.018534  
	Validation = MSE:62.979633 , RMSE:7.935971 , MAE:6.982790 , MAPD:41.772336, R_squared:-0.133258

2024-03-21 07:04:08,458 Epoch 259/300, Train Loss: 59.301079, Val Loss: 55.722698  
	Train = MSE:59.293812 , RMSE:7.700247 , MAE:6.289313 , MAPD:33.838839, R_squared:-0.026386  
	Validation = MSE:55.722702 , RMSE:7.464764 , MAE:6.121560 , MAPD:33.761695, R_squared:-0.002677

2024-03-21 07:04:43,084 Epoch 260/300, Train Loss: 58.677064, Val Loss: 55.697667  
	Train = MSE:58.667339 , RMSE:7.659461 , MAE:6.240621 , MAPD:33.482896, R_squared:-0.015542  
	Validation = MSE:55.697666 , RMSE:7.463087 , MAE:6.111669 , MAPD:33.657704, R_squared:-0.002226

2024-03-21 07:05:16,729 Epoch 261/300, Train Loss: 58.601274, Val Loss: 55.642231  
	Train = MSE:58.600910 , RMSE:7.655123 , MAE:6.254394 , MAPD:33.584179, R_squared:-0.014392  
	Validation = MSE:55.642231 , RMSE:7.459372 , MAE:5.963992 , MAPD:31.931834, R_squared:-0.001229

2024-03-21 07:05:50,855 Epoch 262/300, Train Loss: 58.579765, Val Loss: 58.850296  
	Train = MSE:58.597893 , RMSE:7.654926 , MAE:6.273564 , MAPD:33.687350, R_squared:-0.014340  
	Validation = MSE:58.850292 , RMSE:7.671394 , MAE:5.754490 , MAPD:28.413428, R_squared:-0.058955

2024-03-21 07:06:24,430 Epoch 263/300, Train Loss: 58.899671, Val Loss: 60.011368  
	Train = MSE:58.910744 , RMSE:7.675333 , MAE:6.253109 , MAPD:33.546908, R_squared:-0.019755  
	Validation = MSE:60.011368 , RMSE:7.746700 , MAE:6.729311 , MAPD:39.541161, R_squared:-0.079847

2024-03-21 07:06:59,124 Epoch 264/300, Train Loss: 58.841949, Val Loss: 56.223702  
	Train = MSE:58.808395 , RMSE:7.668663 , MAE:6.264367 , MAPD:33.692664, R_squared:-0.017983  
	Validation = MSE:56.223701 , RMSE:7.498247 , MAE:5.854237 , MAPD:30.505621, R_squared:-0.011692

2024-03-21 07:07:32,204 Epoch 265/300, Train Loss: 58.603078, Val Loss: 56.262606  
	Train = MSE:58.605461 , RMSE:7.655420 , MAE:6.249540 , MAPD:33.591024, R_squared:-0.014471  
	Validation = MSE:56.262604 , RMSE:7.500840 , MAE:5.850048 , MAPD:30.446450, R_squared:-0.012392

2024-03-21 07:08:06,422 Epoch 266/300, Train Loss: 58.578614, Val Loss: 59.533806  
	Train = MSE:58.592987 , RMSE:7.654605 , MAE:6.251394 , MAPD:33.515691, R_squared:-0.014255  
	Validation = MSE:59.533810 , RMSE:7.715816 , MAE:6.683262 , MAPD:39.127072, R_squared:-0.071254

2024-03-21 07:08:39,779 Epoch 267/300, Train Loss: 58.891288, Val Loss: 56.459868  
	Train = MSE:58.891254 , RMSE:7.674064 , MAE:6.268785 , MAPD:33.665543, R_squared:-0.019418  
	Validation = MSE:56.459869 , RMSE:7.513978 , MAE:6.300314 , MAPD:35.545301, R_squared:-0.015941

2024-03-21 07:09:12,122 Epoch 268/300, Train Loss: 58.807869, Val Loss: 55.715148  
	Train = MSE:58.818634 , RMSE:7.669331 , MAE:6.265429 , MAPD:33.652330, R_squared:-0.018161  
	Validation = MSE:55.715145 , RMSE:7.464258 , MAE:6.118638 , MAPD:33.731161, R_squared:-0.002541

2024-03-21 07:09:46,249 Epoch 269/300, Train Loss: 58.545903, Val Loss: 56.681432  
	Train = MSE:58.554119 , RMSE:7.652066 , MAE:6.252429 , MAPD:33.567392, R_squared:-0.013582  
	Validation = MSE:56.681435 , RMSE:7.528708 , MAE:6.338656 , MAPD:35.914464, R_squared:-0.019928

2024-03-21 07:10:19,289 Epoch 270/300, Train Loss: 58.781768, Val Loss: 55.574848  
	Train = MSE:58.787037 , RMSE:7.667271 , MAE:6.268068 , MAPD:33.680501, R_squared:-0.017614  
	Validation = MSE:55.574848 , RMSE:7.454854 , MAE:6.028427 , MAPD:32.723599, R_squared:-0.000016

2024-03-21 07:10:56,046 Epoch 271/300, Train Loss: 58.962520, Val Loss: 55.986974  
	Train = MSE:58.969311 , RMSE:7.679148 , MAE:6.261737 , MAPD:33.561886, R_squared:-0.020769  
	Validation = MSE:55.986973 , RMSE:7.482444 , MAE:6.200897 , MAPD:34.570648, R_squared:-0.007432

2024-03-21 07:11:26,421 Epoch 272/300, Train Loss: 58.756849, Val Loss: 55.837604  
	Train = MSE:58.734875 , RMSE:7.663868 , MAE:6.272088 , MAPD:33.739776, R_squared:-0.016711  
	Validation = MSE:55.837601 , RMSE:7.472456 , MAE:5.910060 , MAPD:31.255686, R_squared:-0.004744

2024-03-21 07:11:54,062 Epoch 273/300, Train Loss: 58.541973, Val Loss: 55.589536  
	Train = MSE:58.537594 , RMSE:7.650987 , MAE:6.253432 , MAPD:33.565549, R_squared:-0.013296  
	Validation = MSE:55.589531 , RMSE:7.455839 , MAE:6.050583 , MAPD:32.987272, R_squared:-0.000280

2024-03-21 07:12:23,820 Epoch 274/300, Train Loss: 58.686196, Val Loss: 55.629530  
	Train = MSE:58.692772 , RMSE:7.661121 , MAE:6.270258 , MAPD:33.640834, R_squared:-0.015982  
	Validation = MSE:55.629532 , RMSE:7.458521 , MAE:5.969486 , MAPD:32.000496, R_squared:-0.001000

2024-03-21 07:12:52,192 Epoch 275/300, Train Loss: 58.882987, Val Loss: 56.065476  
	Train = MSE:58.897652 , RMSE:7.674480 , MAE:6.258473 , MAPD:33.546710, R_squared:-0.019528  
	Validation = MSE:56.065479 , RMSE:7.487689 , MAE:6.219944 , MAPD:34.759411, R_squared:-0.008845

2024-03-21 07:13:23,427 Epoch 276/300, Train Loss: 58.565241, Val Loss: 61.148434  
	Train = MSE:58.578716 , RMSE:7.653673 , MAE:6.241517 , MAPD:33.525039, R_squared:-0.014007  
	Validation = MSE:61.148438 , RMSE:7.819746 , MAE:6.831898 , MAPD:40.454404, R_squared:-0.100308

2024-03-21 07:13:51,897 Epoch 277/300, Train Loss: 58.943819, Val Loss: 58.260965  
	Train = MSE:58.944729 , RMSE:7.677547 , MAE:6.287304 , MAPD:33.736912, R_squared:-0.020343  
	Validation = MSE:58.260967 , RMSE:7.632887 , MAE:6.549077 , MAPD:37.901018, R_squared:-0.048350

2024-03-21 07:14:19,839 Epoch 278/300, Train Loss: 58.698537, Val Loss: 56.859622  
	Train = MSE:58.706745 , RMSE:7.662033 , MAE:6.265155 , MAPD:33.660040, R_squared:-0.016224  
	Validation = MSE:56.859619 , RMSE:7.540532 , MAE:6.366867 , MAPD:36.185624, R_squared:-0.023134

2024-03-21 07:14:48,180 Epoch 279/300, Train Loss: 58.555569, Val Loss: 55.723672  
	Train = MSE:58.569717 , RMSE:7.653086 , MAE:6.255942 , MAPD:33.625696, R_squared:-0.013852  
	Validation = MSE:55.723671 , RMSE:7.464829 , MAE:5.936982 , MAPD:31.594253, R_squared:-0.002694

2024-03-21 07:15:17,012 Epoch 280/300, Train Loss: 58.951368, Val Loss: 55.982955  
	Train = MSE:58.952953 , RMSE:7.678082 , MAE:6.270796 , MAPD:33.649142, R_squared:-0.020486  
	Validation = MSE:55.982956 , RMSE:7.482176 , MAE:6.199895 , MAPD:34.560613, R_squared:-0.007360

2024-03-21 07:15:47,405 Epoch 281/300, Train Loss: 58.429332, Val Loss: 56.302917  
	Train = MSE:58.429771 , RMSE:7.643937 , MAE:6.237530 , MAPD:33.517270, R_squared:-0.011429  
	Validation = MSE:56.302914 , RMSE:7.503527 , MAE:6.270563 , MAPD:35.256833, R_squared:-0.013117

2024-03-21 07:16:19,634 Epoch 282/300, Train Loss: 58.573024, Val Loss: 55.667705  
	Train = MSE:58.571785 , RMSE:7.653221 , MAE:6.247064 , MAPD:33.567774, R_squared:-0.013888  
	Validation = MSE:55.667706 , RMSE:7.461080 , MAE:6.098463 , MAPD:33.518503, R_squared:-0.001687

2024-03-21 07:16:50,033 Epoch 283/300, Train Loss: 58.761349, Val Loss: 58.410911  
	Train = MSE:58.771149 , RMSE:7.666234 , MAE:6.256585 , MAPD:33.583193, R_squared:-0.017339  
	Validation = MSE:58.410912 , RMSE:7.642703 , MAE:6.565995 , MAPD:38.057171, R_squared:-0.051048

2024-03-21 07:17:22,891 Epoch 284/300, Train Loss: 58.609526, Val Loss: 57.467408  
	Train = MSE:58.618366 , RMSE:7.656263 , MAE:6.258827 , MAPD:33.626089, R_squared:-0.014694  
	Validation = MSE:57.467407 , RMSE:7.580726 , MAE:6.453207 , MAPD:37.003112, R_squared:-0.034071

2024-03-21 07:17:52,721 Epoch 285/300, Train Loss: 58.850410, Val Loss: 55.598164  
	Train = MSE:58.855320 , RMSE:7.671722 , MAE:6.273433 , MAPD:33.704455, R_squared:-0.018796  
	Validation = MSE:55.598164 , RMSE:7.456418 , MAE:5.987092 , MAPD:32.217730, R_squared:-0.000436

2024-03-21 07:18:25,144 Epoch 286/300, Train Loss: 58.777388, Val Loss: 57.975762  
	Train = MSE:58.772072 , RMSE:7.666295 , MAE:6.259197 , MAPD:33.563891, R_squared:-0.017355  
	Validation = MSE:57.975761 , RMSE:7.614182 , MAE:6.516100 , MAPD:37.594059, R_squared:-0.043218

2024-03-21 07:19:01,419 Epoch 287/300, Train Loss: 58.757410, Val Loss: 55.833217  
	Train = MSE:58.771671 , RMSE:7.666268 , MAE:6.260469 , MAPD:33.647192, R_squared:-0.017348  
	Validation = MSE:55.833214 , RMSE:7.472163 , MAE:5.910943 , MAPD:31.267007, R_squared:-0.004665

2024-03-21 07:19:40,178 Epoch 288/300, Train Loss: 58.655230, Val Loss: 57.006710  
	Train = MSE:58.666714 , RMSE:7.659420 , MAE:6.252923 , MAPD:33.553320, R_squared:-0.015531  
	Validation = MSE:57.006710 , RMSE:7.550279 , MAE:6.389199 , MAPD:36.397880, R_squared:-0.025781

2024-03-21 07:20:17,341 Epoch 289/300, Train Loss: 58.471422, Val Loss: 57.488669  
	Train = MSE:58.476269 , RMSE:7.646978 , MAE:6.241523 , MAPD:33.510434, R_squared:-0.012234  
	Validation = MSE:57.488667 , RMSE:7.582128 , MAE:6.455980 , MAPD:37.029244, R_squared:-0.034454

2024-03-21 07:20:51,951 Epoch 290/300, Train Loss: 58.688236, Val Loss: 56.144778  
	Train = MSE:58.691067 , RMSE:7.661009 , MAE:6.273028 , MAPD:33.677415, R_squared:-0.015952  
	Validation = MSE:56.144775 , RMSE:7.492982 , MAE:6.237909 , MAPD:34.936361, R_squared:-0.010271

2024-03-21 07:21:30,050 Epoch 291/300, Train Loss: 58.950166, Val Loss: 55.652187  
	Train = MSE:58.954517 , RMSE:7.678185 , MAE:6.277081 , MAPD:33.715951, R_squared:-0.020513  
	Validation = MSE:55.652187 , RMSE:7.460039 , MAE:6.090803 , MAPD:33.437648, R_squared:-0.001408

2024-03-21 07:22:08,410 Epoch 292/300, Train Loss: 58.883329, Val Loss: 56.921590  
	Train = MSE:58.891323 , RMSE:7.674068 , MAE:6.260817 , MAPD:33.549326, R_squared:-0.019419  
	Validation = MSE:56.921593 , RMSE:7.544640 , MAE:6.376384 , MAPD:36.276269, R_squared:-0.024250

2024-03-21 07:22:45,431 Epoch 293/300, Train Loss: 58.497686, Val Loss: 56.849387  
	Train = MSE:58.486118 , RMSE:7.647622 , MAE:6.244648 , MAPD:33.520906, R_squared:-0.012405  
	Validation = MSE:56.849384 , RMSE:7.539853 , MAE:6.365283 , MAPD:36.170495, R_squared:-0.022950

2024-03-21 07:23:19,520 Epoch 294/300, Train Loss: 58.432737, Val Loss: 57.215668  
	Train = MSE:58.448990 , RMSE:7.645194 , MAE:6.241898 , MAPD:33.552927, R_squared:-0.011762  
	Validation = MSE:57.215668 , RMSE:7.564104 , MAE:5.787467 , MAPD:29.411469, R_squared:-0.029541

2024-03-21 07:23:50,117 Epoch 295/300, Train Loss: 58.462804, Val Loss: 56.463315  
	Train = MSE:58.470043 , RMSE:7.646571 , MAE:6.239071 , MAPD:33.462679, R_squared:-0.012126  
	Validation = MSE:56.463314 , RMSE:7.514207 , MAE:6.300945 , MAPD:35.551377, R_squared:-0.016003

2024-03-21 07:24:23,533 Epoch 296/300, Train Loss: 58.874178, Val Loss: 56.162617  
	Train = MSE:58.878044 , RMSE:7.673203 , MAE:6.274920 , MAPD:33.764450, R_squared:-0.019189  
	Validation = MSE:56.162617 , RMSE:7.494172 , MAE:6.241775 , MAPD:34.974438, R_squared:-0.010592

2024-03-21 07:24:55,340 Epoch 297/300, Train Loss: 59.061003, Val Loss: 56.728190  
	Train = MSE:59.053829 , RMSE:7.684649 , MAE:6.282163 , MAPD:33.703055, R_squared:-0.022232  
	Validation = MSE:56.728188 , RMSE:7.531812 , MAE:5.812741 , MAPD:29.868030, R_squared:-0.020769

2024-03-21 07:25:26,060 Epoch 298/300, Train Loss: 58.281825, Val Loss: 56.164193  
	Train = MSE:58.295971 , RMSE:7.635180 , MAE:6.232981 , MAPD:33.506402, R_squared:-0.009113  
	Validation = MSE:56.164188 , RMSE:7.494277 , MAE:6.242113 , MAPD:34.977774, R_squared:-0.010621

2024-03-21 07:26:01,598 Epoch 299/300, Train Loss: 58.878045, Val Loss: 57.772225  
	Train = MSE:58.890614 , RMSE:7.674022 , MAE:6.269477 , MAPD:33.614586, R_squared:-0.019407  
	Validation = MSE:57.772228 , RMSE:7.600804 , MAE:6.491601 , MAPD:37.364837, R_squared:-0.039556

2024-03-21 07:26:32,201 Epoch 300/300, Train Loss: 58.524607, Val Loss: 59.256601  
	Train = MSE:58.537155 , RMSE:7.650958 , MAE:6.249458 , MAPD:33.535781, R_squared:-0.013288  
	Validation = MSE:59.256603 , RMSE:7.697831 , MAE:6.655594 , MAPD:38.876736, R_squared:-0.066266

2024-03-21 07:26:32,204 Time for training the model: 13616.319589
2024-03-21 07:26:43,566 MSE for train: 59.854992
2024-03-21 07:26:43,566 RMSE for train: 7.736601
2024-03-21 07:26:43,566 MAE for train: 6.650782
2024-03-21 07:26:43,566 MAPD for train: 37.838691
2024-03-21 07:26:43,566 R^2 Score for train: -0.036100
2024-03-21 07:26:43,570 Inference time for train dataset: 10.518001

2024-03-21 07:26:44,884 MSE for val: 59.256603
2024-03-21 07:26:44,884 RMSE for val: 7.697831
2024-03-21 07:26:44,884 MAE for val: 6.655594
2024-03-21 07:26:44,884 MAPD for val: 38.876736
2024-03-21 07:26:44,884 R^2 Score for val: -0.066266
2024-03-21 07:26:44,887 Inference time for val dataset: 1.315000

2024-03-21 07:26:46,204 MSE for test: 61.008778
2024-03-21 07:26:46,204 RMSE for test: 7.810812
2024-03-21 07:26:46,204 MAE for test: 6.690961
2024-03-21 07:26:46,204 MAPD for test: 36.155643
2024-03-21 07:26:46,204 R^2 Score for test: -0.006925
2024-03-21 07:26:46,209 Inference time for test dataset: 1.317000

2024-03-21 07:26:47,790 Train label average: , [20.62097221]
2024-03-21 07:26:47,790 Test label average: , [21.41736175]
2024-03-21 07:26:47,790 validation label average: , [20.14607025]
2024-03-21 07:26:47,791 predicted (on validation dataset) values average: , 22.0650927734375
