2024-03-21 03:39:34,333 train batches in dataset: 3199
2024-03-21 03:39:34,333 val batches in dataset: 400
2024-03-21 03:39:34,333 test batches in dataset: 400
2024-03-21 03:39:34,355 Trainable parameter: net_core.0.weight - size: torch.Size([256, 35])
2024-03-21 03:39:34,360 Trainable parameter: net_core.0.bias - size: torch.Size([256])
2024-03-21 03:39:34,364 Trainable parameter: net_core.1.weight - size: torch.Size([128, 256])
2024-03-21 03:39:34,373 Trainable parameter: net_core.1.bias - size: torch.Size([128])
2024-03-21 03:39:34,571 Trainable parameter: net_core.2.weight - size: torch.Size([64, 128])
2024-03-21 03:39:34,573 Trainable parameter: net_core.2.bias - size: torch.Size([64])
2024-03-21 03:39:34,574 Trainable parameter: net_core.3.weight - size: torch.Size([16, 64])
2024-03-21 03:39:34,577 Trainable parameter: net_core.3.bias - size: torch.Size([16])
2024-03-21 03:39:34,579 Trainable parameter: net_core.4.weight - size: torch.Size([1, 16])
2024-03-21 03:39:34,580 Trainable parameter: net_core.4.bias - size: torch.Size([1])
2024-03-21 03:39:34,586 Number of trainable parameters: 51425
2024-03-21 03:39:34,586 Number of non-trainable parameters: 0
2024-03-21 03:39:56,397 Epoch 1/300, Train Loss: 2319385.342708, Val Loss: 86.879074  
	Train = MSE:2319385.750000 , RMSE:1522.953003 , MAE:42.672695 , MAPD:196.328132, R_squared:-40147.954936  
	Validation = MSE:86.879074 , RMSE:9.320894 , MAE:6.705534 , MAPD:28.195530, R_squared:-0.563306

2024-03-21 03:40:14,289 Epoch 2/300, Train Loss: 63.023797, Val Loss: 56.275323  
	Train = MSE:63.023796 , RMSE:7.938753 , MAE:6.200410 , MAPD:31.139625, R_squared:-0.090953  
	Validation = MSE:56.275322 , RMSE:7.501688 , MAE:6.265097 , MAPD:35.203414, R_squared:-0.012621

2024-03-21 03:40:31,264 Epoch 3/300, Train Loss: 58.202627, Val Loss: 57.351968  
	Train = MSE:58.202625 , RMSE:7.629065 , MAE:6.237712 , MAPD:33.570155, R_squared:-0.007497  
	Validation = MSE:57.351974 , RMSE:7.573109 , MAE:6.437868 , MAPD:36.858591, R_squared:-0.031994

2024-03-21 03:40:47,595 Epoch 4/300, Train Loss: 59.070265, Val Loss: 55.582623  
	Train = MSE:59.070267 , RMSE:7.685719 , MAE:6.285534 , MAPD:33.762038, R_squared:-0.022516  
	Validation = MSE:55.582623 , RMSE:7.455375 , MAE:6.000837 , MAPD:32.387180, R_squared:-0.000156

2024-03-21 03:41:03,257 Epoch 5/300, Train Loss: 59.563471, Val Loss: 56.388486  
	Train = MSE:59.563469 , RMSE:7.717737 , MAE:6.297515 , MAPD:33.780839, R_squared:-0.031054  
	Validation = MSE:56.388485 , RMSE:7.509227 , MAE:5.838026 , MAPD:30.269680, R_squared:-0.014657

2024-03-21 03:41:20,710 Epoch 6/300, Train Loss: 60.073057, Val Loss: 61.337977  
	Train = MSE:60.073059 , RMSE:7.750681 , MAE:6.309885 , MAPD:33.828052, R_squared:-0.039875  
	Validation = MSE:61.337978 , RMSE:7.831857 , MAE:6.848218 , MAPD:40.598458, R_squared:-0.103718

2024-03-21 03:41:36,614 Epoch 7/300, Train Loss: 59.713847, Val Loss: 59.786251  
	Train = MSE:59.713844 , RMSE:7.727473 , MAE:6.316263 , MAPD:33.919287, R_squared:-0.033657  
	Validation = MSE:59.786251 , RMSE:7.732157 , MAE:6.707930 , MAPD:39.348896, R_squared:-0.075796

2024-03-21 03:41:53,131 Epoch 8/300, Train Loss: 59.004162, Val Loss: 55.579279  
	Train = MSE:59.004166 , RMSE:7.681417 , MAE:6.288856 , MAPD:33.810624, R_squared:-0.021372  
	Validation = MSE:55.579277 , RMSE:7.455151 , MAE:6.038402 , MAPD:32.842824, R_squared:-0.000096

2024-03-21 03:42:08,918 Epoch 9/300, Train Loss: 59.728065, Val Loss: 58.819965  
	Train = MSE:59.728065 , RMSE:7.728394 , MAE:6.298419 , MAPD:33.807775, R_squared:-0.033903  
	Validation = MSE:58.819965 , RMSE:7.669417 , MAE:6.610570 , MAPD:38.465924, R_squared:-0.058409

2024-03-21 03:42:24,366 Epoch 10/300, Train Loss: 59.627691, Val Loss: 55.577817  
	Train = MSE:59.627693 , RMSE:7.721897 , MAE:6.316012 , MAPD:33.928199, R_squared:-0.032165  
	Validation = MSE:55.577816 , RMSE:7.455053 , MAE:6.007645 , MAPD:32.471102, R_squared:-0.000070

2024-03-21 03:42:42,363 Epoch 11/300, Train Loss: 59.544478, Val Loss: 57.084611  
	Train = MSE:59.544476 , RMSE:7.716506 , MAE:6.277818 , MAPD:33.669978, R_squared:-0.030725  
	Validation = MSE:57.084610 , RMSE:7.555436 , MAE:6.400599 , MAPD:36.506049, R_squared:-0.027183

2024-03-21 03:43:00,392 Epoch 12/300, Train Loss: 59.656823, Val Loss: 55.904679  
	Train = MSE:59.656826 , RMSE:7.723783 , MAE:6.302868 , MAPD:33.818423, R_squared:-0.032670  
	Validation = MSE:55.904678 , RMSE:7.476943 , MAE:6.179510 , MAPD:34.355387, R_squared:-0.005951

2024-03-21 03:43:16,871 Epoch 13/300, Train Loss: 59.111626, Val Loss: 56.242124  
	Train = MSE:59.111622 , RMSE:7.688408 , MAE:6.266482 , MAPD:33.647795, R_squared:-0.023232  
	Validation = MSE:56.242119 , RMSE:7.499475 , MAE:6.258377 , MAPD:35.137729, R_squared:-0.012023

2024-03-21 03:43:33,597 Epoch 14/300, Train Loss: 59.949764, Val Loss: 55.574407  
	Train = MSE:59.949760 , RMSE:7.742723 , MAE:6.315685 , MAPD:33.891463, R_squared:-0.037741  
	Validation = MSE:55.574406 , RMSE:7.454824 , MAE:6.026450 , MAPD:32.699852, R_squared:-0.000008

2024-03-21 03:43:49,271 Epoch 15/300, Train Loss: 59.669739, Val Loss: 55.597963  
	Train = MSE:59.669735 , RMSE:7.724619 , MAE:6.279573 , MAPD:33.717914, R_squared:-0.032893  
	Validation = MSE:55.597969 , RMSE:7.456405 , MAE:6.057710 , MAPD:33.071444, R_squared:-0.000432

2024-03-21 03:44:06,423 Epoch 16/300, Train Loss: 59.465078, Val Loss: 55.939277  
	Train = MSE:59.465076 , RMSE:7.711360 , MAE:6.280698 , MAPD:33.699281, R_squared:-0.029351  
	Validation = MSE:55.939278 , RMSE:7.479257 , MAE:6.188750 , MAPD:34.448612, R_squared:-0.006574

2024-03-21 03:44:22,889 Epoch 17/300, Train Loss: 59.744612, Val Loss: 61.861945  
	Train = MSE:59.744614 , RMSE:7.729464 , MAE:6.329120 , MAPD:33.888243, R_squared:-0.034189  
	Validation = MSE:61.861942 , RMSE:7.865236 , MAE:6.892323 , MAPD:40.986285, R_squared:-0.113146

2024-03-21 03:44:38,976 Epoch 18/300, Train Loss: 59.972570, Val Loss: 56.179497  
	Train = MSE:59.972569 , RMSE:7.744196 , MAE:6.316169 , MAPD:33.913626, R_squared:-0.038135  
	Validation = MSE:56.179497 , RMSE:7.495298 , MAE:5.859260 , MAPD:30.575602, R_squared:-0.010896

2024-03-21 03:44:55,123 Epoch 19/300, Train Loss: 59.596068, Val Loss: 55.597689  
	Train = MSE:59.596069 , RMSE:7.719849 , MAE:6.322746 , MAPD:33.905232, R_squared:-0.031618  
	Validation = MSE:55.597691 , RMSE:7.456386 , MAE:5.987430 , MAPD:32.221889, R_squared:-0.000427

2024-03-21 03:45:10,982 Epoch 20/300, Train Loss: 59.604944, Val Loss: 55.700215  
	Train = MSE:59.604946 , RMSE:7.720424 , MAE:6.289558 , MAPD:33.732197, R_squared:-0.031772  
	Validation = MSE:55.700214 , RMSE:7.463258 , MAE:6.112714 , MAPD:33.668723, R_squared:-0.002272

2024-03-21 03:45:28,900 Epoch 21/300, Train Loss: 59.544454, Val Loss: 55.797954  
	Train = MSE:59.544453 , RMSE:7.716505 , MAE:6.298199 , MAPD:33.804561, R_squared:-0.030725  
	Validation = MSE:55.797958 , RMSE:7.469803 , MAE:6.148134 , MAPD:34.035187, R_squared:-0.004031

2024-03-21 03:45:47,341 Epoch 22/300, Train Loss: 59.377523, Val Loss: 62.048753  
	Train = MSE:59.377522 , RMSE:7.705681 , MAE:6.315760 , MAPD:33.868221, R_squared:-0.027835  
	Validation = MSE:62.048756 , RMSE:7.877103 , MAE:6.907669 , MAPD:41.120921, R_squared:-0.116508

2024-03-21 03:46:03,033 Epoch 23/300, Train Loss: 60.247145, Val Loss: 55.829351  
	Train = MSE:60.247147 , RMSE:7.761904 , MAE:6.328229 , MAPD:33.962088, R_squared:-0.042888  
	Validation = MSE:55.829350 , RMSE:7.471904 , MAE:5.911742 , MAPD:31.277150, R_squared:-0.004596

2024-03-21 03:46:19,752 Epoch 24/300, Train Loss: 60.281439, Val Loss: 58.618871  
	Train = MSE:60.281441 , RMSE:7.764112 , MAE:6.352468 , MAPD:34.055421, R_squared:-0.043482  
	Validation = MSE:58.618874 , RMSE:7.656296 , MAE:6.589025 , MAPD:38.268382, R_squared:-0.054790

2024-03-21 03:46:35,464 Epoch 25/300, Train Loss: 59.806017, Val Loss: 59.128226  
	Train = MSE:59.806015 , RMSE:7.733435 , MAE:6.317513 , MAPD:33.951586, R_squared:-0.035252  
	Validation = MSE:59.128227 , RMSE:7.689488 , MAE:6.642551 , MAPD:38.758170, R_squared:-0.063956

2024-03-21 03:46:53,662 Epoch 26/300, Train Loss: 59.349803, Val Loss: 58.562402  
	Train = MSE:59.349808 , RMSE:7.703883 , MAE:6.271892 , MAPD:33.679024, R_squared:-0.027355  
	Validation = MSE:58.562401 , RMSE:7.652607 , MAE:6.582848 , MAPD:38.211745, R_squared:-0.053774

2024-03-21 03:47:12,401 Epoch 27/300, Train Loss: 59.623660, Val Loss: 55.715247  
	Train = MSE:59.623661 , RMSE:7.721636 , MAE:6.301907 , MAPD:33.828503, R_squared:-0.032096  
	Validation = MSE:55.715244 , RMSE:7.464264 , MAE:5.939356 , MAPD:31.623928, R_squared:-0.002543

2024-03-21 03:47:29,800 Epoch 28/300, Train Loss: 59.723770, Val Loss: 57.467581  
	Train = MSE:59.723770 , RMSE:7.728116 , MAE:6.312356 , MAPD:33.877606, R_squared:-0.033829  
	Validation = MSE:57.467583 , RMSE:7.580738 , MAE:5.777711 , MAPD:29.211964, R_squared:-0.034074

2024-03-21 03:47:48,615 Epoch 29/300, Train Loss: 60.053213, Val Loss: 56.811934  
	Train = MSE:60.053215 , RMSE:7.749401 , MAE:6.343215 , MAPD:34.032225, R_squared:-0.039531  
	Validation = MSE:56.811935 , RMSE:7.537369 , MAE:5.807764 , MAPD:29.781961, R_squared:-0.022276

2024-03-21 03:48:06,889 Epoch 30/300, Train Loss: 59.360690, Val Loss: 56.188089  
	Train = MSE:59.360695 , RMSE:7.704589 , MAE:6.286045 , MAPD:33.730440, R_squared:-0.027544  
	Validation = MSE:56.188091 , RMSE:7.495872 , MAE:6.247195 , MAPD:35.027822, R_squared:-0.011051

2024-03-21 03:48:27,581 Epoch 31/300, Train Loss: 59.573265, Val Loss: 61.378998  
	Train = MSE:59.573265 , RMSE:7.718372 , MAE:6.285624 , MAPD:33.766901, R_squared:-0.031223  
	Validation = MSE:61.378998 , RMSE:7.834475 , MAE:6.851715 , MAPD:40.629320, R_squared:-0.104456

2024-03-21 03:48:48,179 Epoch 32/300, Train Loss: 59.494199, Val Loss: 59.621446  
	Train = MSE:59.494198 , RMSE:7.713248 , MAE:6.270310 , MAPD:33.695264, R_squared:-0.029855  
	Validation = MSE:59.621445 , RMSE:7.721492 , MAE:6.691912 , MAPD:39.204861, R_squared:-0.072831

2024-03-21 03:49:05,278 Epoch 33/300, Train Loss: 59.758387, Val Loss: 55.806391  
	Train = MSE:59.758381 , RMSE:7.730354 , MAE:6.306573 , MAPD:33.864872, R_squared:-0.034428  
	Validation = MSE:55.806393 , RMSE:7.470367 , MAE:5.916625 , MAPD:31.339035, R_squared:-0.004183

2024-03-21 03:49:23,946 Epoch 34/300, Train Loss: 59.270261, Val Loss: 60.653364  
	Train = MSE:59.270260 , RMSE:7.698718 , MAE:6.273679 , MAPD:33.583224, R_squared:-0.025978  
	Validation = MSE:60.653366 , RMSE:7.788027 , MAE:6.788210 , MAPD:40.067471, R_squared:-0.091399

2024-03-21 03:49:41,447 Epoch 35/300, Train Loss: 59.487054, Val Loss: 55.707367  
	Train = MSE:59.487057 , RMSE:7.712785 , MAE:6.287946 , MAPD:33.779766, R_squared:-0.029731  
	Validation = MSE:55.707363 , RMSE:7.463737 , MAE:5.941642 , MAPD:31.652496, R_squared:-0.002401

2024-03-21 03:50:00,024 Epoch 36/300, Train Loss: 59.936452, Val Loss: 55.710923  
	Train = MSE:59.936455 , RMSE:7.741864 , MAE:6.319106 , MAPD:33.936197, R_squared:-0.037510  
	Validation = MSE:55.710922 , RMSE:7.463975 , MAE:5.940602 , MAPD:31.639503, R_squared:-0.002465

2024-03-21 03:50:18,688 Epoch 37/300, Train Loss: 59.767425, Val Loss: 57.472987  
	Train = MSE:59.767426 , RMSE:7.730939 , MAE:6.295708 , MAPD:33.793475, R_squared:-0.034584  
	Validation = MSE:57.472988 , RMSE:7.581094 , MAE:6.453936 , MAPD:37.009983, R_squared:-0.034171

2024-03-21 03:50:37,156 Epoch 38/300, Train Loss: 59.536357, Val Loss: 56.437623  
	Train = MSE:59.536358 , RMSE:7.715981 , MAE:6.285034 , MAPD:33.731249, R_squared:-0.030584  
	Validation = MSE:56.437622 , RMSE:7.512498 , MAE:6.296211 , MAPD:35.505798, R_squared:-0.015541

2024-03-21 03:50:56,137 Epoch 39/300, Train Loss: 59.428685, Val Loss: 56.581111  
	Train = MSE:59.428688 , RMSE:7.709001 , MAE:6.300412 , MAPD:33.797378, R_squared:-0.028721  
	Validation = MSE:56.581112 , RMSE:7.522042 , MAE:6.321823 , MAPD:35.752380, R_squared:-0.018123

2024-03-21 03:51:16,675 Epoch 40/300, Train Loss: 59.533471, Val Loss: 55.915391  
	Train = MSE:59.533474 , RMSE:7.715794 , MAE:6.292366 , MAPD:33.760341, R_squared:-0.030535  
	Validation = MSE:55.915390 , RMSE:7.477659 , MAE:6.182421 , MAPD:34.384751, R_squared:-0.006144

2024-03-21 03:51:35,962 Epoch 41/300, Train Loss: 59.901418, Val Loss: 57.350341  
	Train = MSE:59.901421 , RMSE:7.739601 , MAE:6.311141 , MAPD:33.843513, R_squared:-0.036904  
	Validation = MSE:57.350342 , RMSE:7.573001 , MAE:6.437648 , MAPD:36.856521, R_squared:-0.031964

2024-03-21 03:51:57,339 Epoch 42/300, Train Loss: 59.509789, Val Loss: 60.033944  
	Train = MSE:59.509789 , RMSE:7.714259 , MAE:6.291139 , MAPD:33.759858, R_squared:-0.030125  
	Validation = MSE:60.033947 , RMSE:7.748158 , MAE:6.731424 , MAPD:39.560171, R_squared:-0.080253

2024-03-21 03:52:16,713 Epoch 43/300, Train Loss: 59.394293, Val Loss: 56.011449  
	Train = MSE:59.394295 , RMSE:7.706769 , MAE:6.293981 , MAPD:33.808635, R_squared:-0.028125  
	Validation = MSE:56.011452 , RMSE:7.484080 , MAE:5.880870 , MAPD:30.871450, R_squared:-0.007872

2024-03-21 03:52:35,024 Epoch 44/300, Train Loss: 59.394439, Val Loss: 58.339614  
	Train = MSE:59.394440 , RMSE:7.706779 , MAE:6.263414 , MAPD:33.554128, R_squared:-0.028128  
	Validation = MSE:58.339611 , RMSE:7.638037 , MAE:6.558008 , MAPD:37.983451, R_squared:-0.049765

2024-03-21 03:52:53,112 Epoch 45/300, Train Loss: 59.432082, Val Loss: 56.527370  
	Train = MSE:59.432087 , RMSE:7.709221 , MAE:6.283504 , MAPD:33.733356, R_squared:-0.028779  
	Validation = MSE:56.527374 , RMSE:7.518469 , MAE:5.826427 , MAPD:30.093143, R_squared:-0.017156

2024-03-21 03:53:10,042 Epoch 46/300, Train Loss: 59.575778, Val Loss: 55.840392  
	Train = MSE:59.575779 , RMSE:7.718535 , MAE:6.283772 , MAPD:33.722576, R_squared:-0.031267  
	Validation = MSE:55.840389 , RMSE:7.472643 , MAE:6.161215 , MAPD:34.169421, R_squared:-0.004794

2024-03-21 03:53:27,442 Epoch 47/300, Train Loss: 59.915665, Val Loss: 56.349762  
	Train = MSE:59.915668 , RMSE:7.740521 , MAE:6.308418 , MAPD:33.825400, R_squared:-0.037150  
	Validation = MSE:56.349766 , RMSE:7.506648 , MAE:6.279610 , MAPD:35.345255, R_squared:-0.013960

2024-03-21 03:53:44,539 Epoch 48/300, Train Loss: 59.723759, Val Loss: 55.750013  
	Train = MSE:59.723763 , RMSE:7.728115 , MAE:6.331576 , MAPD:33.993590, R_squared:-0.033828  
	Validation = MSE:55.750011 , RMSE:7.466593 , MAE:6.131757 , MAPD:33.867140, R_squared:-0.003168

2024-03-21 03:54:02,590 Epoch 49/300, Train Loss: 59.502587, Val Loss: 56.254223  
	Train = MSE:59.502590 , RMSE:7.713792 , MAE:6.294338 , MAPD:33.784283, R_squared:-0.030000  
	Validation = MSE:56.254223 , RMSE:7.500281 , MAE:5.850931 , MAPD:30.459004, R_squared:-0.012241

2024-03-21 03:54:20,549 Epoch 50/300, Train Loss: 59.646976, Val Loss: 57.468951  
	Train = MSE:59.646980 , RMSE:7.723146 , MAE:6.282566 , MAPD:33.755608, R_squared:-0.032499  
	Validation = MSE:57.468948 , RMSE:7.580828 , MAE:5.777666 , MAPD:29.210951, R_squared:-0.034099

2024-03-21 03:54:37,601 Epoch 51/300, Train Loss: 59.678645, Val Loss: 56.175609  
	Train = MSE:59.678646 , RMSE:7.725195 , MAE:6.306531 , MAPD:33.872822, R_squared:-0.033047  
	Validation = MSE:56.175606 , RMSE:7.495039 , MAE:6.244554 , MAPD:35.001809, R_squared:-0.010826

2024-03-21 03:54:57,002 Epoch 52/300, Train Loss: 59.783824, Val Loss: 62.485911  
	Train = MSE:59.783825 , RMSE:7.732000 , MAE:6.319095 , MAPD:33.939096, R_squared:-0.034868  
	Validation = MSE:62.485909 , RMSE:7.904803 , MAE:6.943425 , MAPD:41.431630, R_squared:-0.124374

2024-03-21 03:55:13,934 Epoch 53/300, Train Loss: 59.527222, Val Loss: 56.246862  
	Train = MSE:59.527225 , RMSE:7.715389 , MAE:6.315672 , MAPD:33.855925, R_squared:-0.030426  
	Validation = MSE:56.246861 , RMSE:7.499791 , MAE:6.259346 , MAPD:35.147203, R_squared:-0.012108

2024-03-21 03:55:31,525 Epoch 54/300, Train Loss: 59.545482, Val Loss: 55.608912  
	Train = MSE:59.545479 , RMSE:7.716572 , MAE:6.305963 , MAPD:33.891286, R_squared:-0.030742  
	Validation = MSE:55.608917 , RMSE:7.457139 , MAE:6.065637 , MAPD:33.162647, R_squared:-0.000629

2024-03-21 03:55:48,305 Epoch 55/300, Train Loss: 59.922069, Val Loss: 56.177632  
	Train = MSE:59.922066 , RMSE:7.740934 , MAE:6.330559 , MAPD:33.906816, R_squared:-0.037261  
	Validation = MSE:56.177631 , RMSE:7.495174 , MAE:6.244984 , MAPD:35.006043, R_squared:-0.010863

2024-03-21 03:56:06,313 Epoch 56/300, Train Loss: 59.879265, Val Loss: 55.653014  
	Train = MSE:59.879269 , RMSE:7.738170 , MAE:6.303228 , MAPD:33.846954, R_squared:-0.036520  
	Validation = MSE:55.653011 , RMSE:7.460094 , MAE:6.091224 , MAPD:33.442119, R_squared:-0.001423

2024-03-21 03:56:23,733 Epoch 57/300, Train Loss: 59.873487, Val Loss: 56.948126  
	Train = MSE:59.873486 , RMSE:7.737796 , MAE:6.305984 , MAPD:33.780999, R_squared:-0.036420  
	Validation = MSE:56.948124 , RMSE:7.546398 , MAE:6.380423 , MAPD:36.314583, R_squared:-0.024727

2024-03-21 03:56:40,922 Epoch 58/300, Train Loss: 59.214526, Val Loss: 57.862774  
	Train = MSE:59.214531 , RMSE:7.695098 , MAE:6.264841 , MAPD:33.651152, R_squared:-0.025014  
	Validation = MSE:57.862774 , RMSE:7.606759 , MAE:6.502634 , MAPD:37.468068, R_squared:-0.041185

2024-03-21 03:56:59,493 Epoch 59/300, Train Loss: 60.352773, Val Loss: 55.656442  
	Train = MSE:60.352776 , RMSE:7.768705 , MAE:6.346594 , MAPD:34.017057, R_squared:-0.044717  
	Validation = MSE:55.656445 , RMSE:7.460325 , MAE:6.092958 , MAPD:33.460485, R_squared:-0.001484

2024-03-21 03:57:15,875 Epoch 60/300, Train Loss: 59.393405, Val Loss: 55.641171  
	Train = MSE:59.393406 , RMSE:7.706712 , MAE:6.283344 , MAPD:33.665554, R_squared:-0.028110  
	Validation = MSE:55.641171 , RMSE:7.459301 , MAE:6.085031 , MAPD:33.375929, R_squared:-0.001210

2024-03-21 03:57:31,717 Epoch 61/300, Train Loss: 59.610132, Val Loss: 55.891987  
	Train = MSE:59.610130 , RMSE:7.720760 , MAE:6.299320 , MAPD:33.802868, R_squared:-0.031862  
	Validation = MSE:55.891983 , RMSE:7.476094 , MAE:6.176000 , MAPD:34.319973, R_squared:-0.005723

2024-03-21 03:57:49,953 Epoch 62/300, Train Loss: 59.476995, Val Loss: 61.373604  
	Train = MSE:59.476994 , RMSE:7.712133 , MAE:6.282041 , MAPD:33.722154, R_squared:-0.029557  
	Validation = MSE:61.373604 , RMSE:7.834131 , MAE:6.851256 , MAPD:40.625268, R_squared:-0.104359

2024-03-21 03:58:06,970 Epoch 63/300, Train Loss: 59.813305, Val Loss: 59.752160  
	Train = MSE:59.813305 , RMSE:7.733906 , MAE:6.327679 , MAPD:34.014671, R_squared:-0.035378  
	Validation = MSE:59.752159 , RMSE:7.729952 , MAE:5.751975 , MAPD:28.037200, R_squared:-0.075183

2024-03-21 03:58:24,046 Epoch 64/300, Train Loss: 59.671846, Val Loss: 56.994729  
	Train = MSE:59.671844 , RMSE:7.724755 , MAE:6.313242 , MAPD:33.872615, R_squared:-0.032930  
	Validation = MSE:56.994728 , RMSE:7.549485 , MAE:5.797760 , MAPD:29.605294, R_squared:-0.025566

2024-03-21 03:58:40,409 Epoch 65/300, Train Loss: 59.471916, Val Loss: 61.637197  
	Train = MSE:59.471916 , RMSE:7.711804 , MAE:6.288445 , MAPD:33.703360, R_squared:-0.029469  
	Validation = MSE:61.637196 , RMSE:7.850936 , MAE:6.873557 , MAPD:40.821625, R_squared:-0.109102

2024-03-21 03:58:56,751 Epoch 66/300, Train Loss: 59.699682, Val Loss: 55.601617  
	Train = MSE:59.699680 , RMSE:7.726557 , MAE:6.303435 , MAPD:33.831126, R_squared:-0.033412  
	Validation = MSE:55.601616 , RMSE:7.456649 , MAE:6.060475 , MAPD:33.103593, R_squared:-0.000498

2024-03-21 03:59:14,479 Epoch 67/300, Train Loss: 59.899941, Val Loss: 60.243209  
	Train = MSE:59.899940 , RMSE:7.739505 , MAE:6.311395 , MAPD:33.854894, R_squared:-0.036878  
	Validation = MSE:60.243214 , RMSE:7.761650 , MAE:6.750957 , MAPD:39.734972, R_squared:-0.084019

2024-03-21 03:59:32,048 Epoch 68/300, Train Loss: 59.698749, Val Loss: 57.670737  
	Train = MSE:59.698742 , RMSE:7.726496 , MAE:6.311162 , MAPD:33.835509, R_squared:-0.033396  
	Validation = MSE:57.670738 , RMSE:7.594125 , MAE:6.479126 , MAPD:37.247332, R_squared:-0.037730

2024-03-21 03:59:48,676 Epoch 69/300, Train Loss: 59.790535, Val Loss: 55.963071  
	Train = MSE:59.790535 , RMSE:7.732434 , MAE:6.314396 , MAPD:33.926319, R_squared:-0.034984  
	Validation = MSE:55.963070 , RMSE:7.480847 , MAE:6.194859 , MAPD:34.510211, R_squared:-0.007002

2024-03-21 04:00:04,732 Epoch 70/300, Train Loss: 59.228600, Val Loss: 59.902532  
	Train = MSE:59.228596 , RMSE:7.696012 , MAE:6.272368 , MAPD:33.649964, R_squared:-0.025257  
	Validation = MSE:59.902531 , RMSE:7.739673 , MAE:6.719044 , MAPD:39.448832, R_squared:-0.077889

2024-03-21 04:00:21,044 Epoch 71/300, Train Loss: 59.624498, Val Loss: 64.514004  
	Train = MSE:59.624500 , RMSE:7.721690 , MAE:6.305167 , MAPD:33.846832, R_squared:-0.032110  
	Validation = MSE:64.514008 , RMSE:8.032062 , MAE:7.100188 , MAPD:42.776463, R_squared:-0.160868

2024-03-21 04:00:40,168 Epoch 72/300, Train Loss: 59.400789, Val Loss: 55.802516  
	Train = MSE:59.400791 , RMSE:7.707191 , MAE:6.294850 , MAPD:33.810952, R_squared:-0.028238  
	Validation = MSE:55.802521 , RMSE:7.470109 , MAE:5.917472 , MAPD:31.349778, R_squared:-0.004113

2024-03-21 04:00:57,884 Epoch 73/300, Train Loss: 59.682640, Val Loss: 61.214141  
	Train = MSE:59.682640 , RMSE:7.725454 , MAE:6.301627 , MAPD:33.785349, R_squared:-0.033117  
	Validation = MSE:61.214142 , RMSE:7.823946 , MAE:6.837587 , MAPD:40.504615, R_squared:-0.101490

2024-03-21 04:01:16,147 Epoch 74/300, Train Loss: 59.406538, Val Loss: 55.577270  
	Train = MSE:59.406540 , RMSE:7.707564 , MAE:6.277396 , MAPD:33.735688, R_squared:-0.028337  
	Validation = MSE:55.577271 , RMSE:7.455017 , MAE:6.034788 , MAPD:32.799964, R_squared:-0.000060

2024-03-21 04:01:34,453 Epoch 75/300, Train Loss: 59.993936, Val Loss: 55.741331  
	Train = MSE:59.993935 , RMSE:7.745575 , MAE:6.310334 , MAPD:33.820925, R_squared:-0.038505  
	Validation = MSE:55.741329 , RMSE:7.466012 , MAE:6.128592 , MAPD:33.834497, R_squared:-0.003012

2024-03-21 04:01:52,499 Epoch 76/300, Train Loss: 60.174482, Val Loss: 58.409948  
	Train = MSE:60.174477 , RMSE:7.757221 , MAE:6.341100 , MAPD:34.019283, R_squared:-0.041631  
	Validation = MSE:58.409950 , RMSE:7.642640 , MAE:6.565887 , MAPD:38.056181, R_squared:-0.051031

2024-03-21 04:02:14,062 Epoch 77/300, Train Loss: 59.932832, Val Loss: 58.873691  
	Train = MSE:59.932831 , RMSE:7.741630 , MAE:6.306875 , MAPD:33.895371, R_squared:-0.037448  
	Validation = MSE:58.873692 , RMSE:7.672919 , MAE:6.616213 , MAPD:38.517657, R_squared:-0.059376

2024-03-21 04:02:32,932 Epoch 78/300, Train Loss: 59.351656, Val Loss: 56.033633  
	Train = MSE:59.351654 , RMSE:7.704002 , MAE:6.293756 , MAPD:33.793659, R_squared:-0.027387  
	Validation = MSE:56.033634 , RMSE:7.485562 , MAE:6.212323 , MAPD:34.684360, R_squared:-0.008272

2024-03-21 04:02:50,540 Epoch 79/300, Train Loss: 59.581590, Val Loss: 59.597698  
	Train = MSE:59.581589 , RMSE:7.718911 , MAE:6.299348 , MAPD:33.830205, R_squared:-0.031367  
	Validation = MSE:59.597694 , RMSE:7.719954 , MAE:6.689578 , MAPD:39.183866, R_squared:-0.072403

2024-03-21 04:03:09,279 Epoch 80/300, Train Loss: 59.375426, Val Loss: 56.708456  
	Train = MSE:59.375431 , RMSE:7.705545 , MAE:6.279882 , MAPD:33.714970, R_squared:-0.027799  
	Validation = MSE:56.708458 , RMSE:7.530502 , MAE:6.343060 , MAPD:35.956855, R_squared:-0.020414

2024-03-21 04:03:26,958 Epoch 81/300, Train Loss: 59.736909, Val Loss: 55.606638  
	Train = MSE:59.736912 , RMSE:7.728966 , MAE:6.299967 , MAPD:33.843514, R_squared:-0.034056  
	Validation = MSE:55.606640 , RMSE:7.456986 , MAE:6.064059 , MAPD:33.144807, R_squared:-0.000588

2024-03-21 04:03:47,575 Epoch 82/300, Train Loss: 59.416539, Val Loss: 56.324214  
	Train = MSE:59.416538 , RMSE:7.708212 , MAE:6.268201 , MAPD:33.710156, R_squared:-0.028510  
	Validation = MSE:56.324215 , RMSE:7.504946 , MAE:5.844022 , MAPD:30.357998, R_squared:-0.013500

2024-03-21 04:04:05,836 Epoch 83/300, Train Loss: 59.736393, Val Loss: 57.968820  
	Train = MSE:59.736393 , RMSE:7.728932 , MAE:6.312624 , MAPD:33.860596, R_squared:-0.034047  
	Validation = MSE:57.968822 , RMSE:7.613726 , MAE:6.515282 , MAPD:37.586405, R_squared:-0.043093

2024-03-21 04:04:24,734 Epoch 84/300, Train Loss: 59.757594, Val Loss: 59.325898  
	Train = MSE:59.757595 , RMSE:7.730304 , MAE:6.302648 , MAPD:33.840547, R_squared:-0.034414  
	Validation = MSE:59.325897 , RMSE:7.702331 , MAE:6.662603 , MAPD:38.940163, R_squared:-0.067513

2024-03-21 04:04:43,300 Epoch 85/300, Train Loss: 59.374231, Val Loss: 57.377810  
	Train = MSE:59.374229 , RMSE:7.705468 , MAE:6.312367 , MAPD:33.888526, R_squared:-0.027778  
	Validation = MSE:57.377811 , RMSE:7.574814 , MAE:6.441344 , MAPD:36.891341, R_squared:-0.032459

2024-03-21 04:05:02,110 Epoch 86/300, Train Loss: 59.822949, Val Loss: 57.591612  
	Train = MSE:59.822952 , RMSE:7.734530 , MAE:6.332687 , MAPD:33.928146, R_squared:-0.035545  
	Validation = MSE:57.591610 , RMSE:7.588913 , MAE:6.469195 , MAPD:37.153767, R_squared:-0.036306

2024-03-21 04:05:21,342 Epoch 87/300, Train Loss: 59.880049, Val Loss: 55.586375  
	Train = MSE:59.880051 , RMSE:7.738220 , MAE:6.310636 , MAPD:33.883440, R_squared:-0.036534  
	Validation = MSE:55.586376 , RMSE:7.455627 , MAE:6.047441 , MAPD:32.950008, R_squared:-0.000224

2024-03-21 04:05:40,326 Epoch 88/300, Train Loss: 59.639384, Val Loss: 55.588362  
	Train = MSE:59.639385 , RMSE:7.722654 , MAE:6.273574 , MAPD:33.635612, R_squared:-0.032368  
	Validation = MSE:55.588360 , RMSE:7.455760 , MAE:5.994916 , MAPD:32.314172, R_squared:-0.000259

2024-03-21 04:05:58,535 Epoch 89/300, Train Loss: 59.672690, Val Loss: 59.810502  
	Train = MSE:59.672691 , RMSE:7.724810 , MAE:6.300047 , MAPD:33.786022, R_squared:-0.032944  
	Validation = MSE:59.810497 , RMSE:7.733725 , MAE:6.710260 , MAPD:39.369850, R_squared:-0.076233

2024-03-21 04:06:16,570 Epoch 90/300, Train Loss: 59.510585, Val Loss: 55.581486  
	Train = MSE:59.510586 , RMSE:7.714311 , MAE:6.313289 , MAPD:33.811945, R_squared:-0.030138  
	Validation = MSE:55.581486 , RMSE:7.455299 , MAE:6.002228 , MAPD:32.404328, R_squared:-0.000136

2024-03-21 04:06:35,444 Epoch 91/300, Train Loss: 59.643546, Val Loss: 57.122869  
	Train = MSE:59.643547 , RMSE:7.722923 , MAE:6.316302 , MAPD:33.931525, R_squared:-0.032440  
	Validation = MSE:57.122871 , RMSE:7.557967 , MAE:5.791602 , MAPD:29.490667, R_squared:-0.027871

2024-03-21 04:06:56,094 Epoch 92/300, Train Loss: 59.402188, Val Loss: 57.012921  
	Train = MSE:59.402187 , RMSE:7.707282 , MAE:6.285155 , MAPD:33.664960, R_squared:-0.028262  
	Validation = MSE:57.012920 , RMSE:7.550690 , MAE:5.796823 , MAPD:29.588471, R_squared:-0.025893

2024-03-21 04:07:14,485 Epoch 93/300, Train Loss: 59.646289, Val Loss: 56.245657  
	Train = MSE:59.646286 , RMSE:7.723101 , MAE:6.292357 , MAPD:33.786205, R_squared:-0.032487  
	Validation = MSE:56.245659 , RMSE:7.499711 , MAE:5.851842 , MAPD:30.471934, R_squared:-0.012087

2024-03-21 04:07:34,518 Epoch 94/300, Train Loss: 59.468676, Val Loss: 55.862876  
	Train = MSE:59.468678 , RMSE:7.711594 , MAE:6.293168 , MAPD:33.811855, R_squared:-0.029413  
	Validation = MSE:55.862877 , RMSE:7.474147 , MAE:5.905136 , MAPD:31.192320, R_squared:-0.005199

2024-03-21 04:07:54,944 Epoch 95/300, Train Loss: 59.653377, Val Loss: 58.999204  
	Train = MSE:59.653378 , RMSE:7.723560 , MAE:6.305755 , MAPD:33.784617, R_squared:-0.032610  
	Validation = MSE:58.999203 , RMSE:7.681094 , MAE:6.629256 , MAPD:38.637067, R_squared:-0.061634

2024-03-21 04:08:13,434 Epoch 96/300, Train Loss: 59.651882, Val Loss: 55.826234  
	Train = MSE:59.651882 , RMSE:7.723463 , MAE:6.314239 , MAPD:33.887002, R_squared:-0.032584  
	Validation = MSE:55.826237 , RMSE:7.471696 , MAE:6.156974 , MAPD:34.125914, R_squared:-0.004540

2024-03-21 04:08:34,439 Epoch 97/300, Train Loss: 59.403944, Val Loss: 57.178041  
	Train = MSE:59.403946 , RMSE:7.707396 , MAE:6.278219 , MAPD:33.693461, R_squared:-0.028292  
	Validation = MSE:57.178036 , RMSE:7.561616 , MAE:6.413889 , MAPD:36.632163, R_squared:-0.028864

2024-03-21 04:08:54,123 Epoch 98/300, Train Loss: 59.592605, Val Loss: 56.501281  
	Train = MSE:59.592606 , RMSE:7.719625 , MAE:6.298611 , MAPD:33.802390, R_squared:-0.031558  
	Validation = MSE:56.501278 , RMSE:7.516733 , MAE:6.307817 , MAPD:35.617539, R_squared:-0.016686

2024-03-21 04:09:12,720 Epoch 99/300, Train Loss: 59.656113, Val Loss: 61.102287  
	Train = MSE:59.656113 , RMSE:7.723737 , MAE:6.307483 , MAPD:33.922258, R_squared:-0.032657  
	Validation = MSE:61.102283 , RMSE:7.816795 , MAE:5.759251 , MAPD:27.601875, R_squared:-0.099477

2024-03-21 04:09:31,349 Epoch 100/300, Train Loss: 59.342933, Val Loss: 55.816870  
	Train = MSE:59.342930 , RMSE:7.703436 , MAE:6.283620 , MAPD:33.663967, R_squared:-0.027236  
	Validation = MSE:55.816872 , RMSE:7.471069 , MAE:6.154105 , MAPD:34.096465, R_squared:-0.004371

2024-03-21 04:09:51,504 Epoch 101/300, Train Loss: 59.640400, Val Loss: 60.387244  
	Train = MSE:59.640400 , RMSE:7.722720 , MAE:6.302536 , MAPD:33.847378, R_squared:-0.032385  
	Validation = MSE:60.387241 , RMSE:7.770923 , MAE:6.764187 , MAPD:39.853198, R_squared:-0.086611

2024-03-21 04:10:12,276 Epoch 102/300, Train Loss: 59.800301, Val Loss: 60.696009  
	Train = MSE:59.800301 , RMSE:7.733066 , MAE:6.318626 , MAPD:33.968792, R_squared:-0.035153  
	Validation = MSE:60.696007 , RMSE:7.790764 , MAE:5.755701 , MAPD:27.718491, R_squared:-0.092167

2024-03-21 04:10:32,388 Epoch 103/300, Train Loss: 59.530576, Val Loss: 55.832703  
	Train = MSE:59.530575 , RMSE:7.715606 , MAE:6.298580 , MAPD:33.792082, R_squared:-0.030484  
	Validation = MSE:55.832706 , RMSE:7.472129 , MAE:5.911048 , MAPD:31.268352, R_squared:-0.004656

2024-03-21 04:10:52,376 Epoch 104/300, Train Loss: 59.651128, Val Loss: 55.882765  
	Train = MSE:59.651131 , RMSE:7.723414 , MAE:6.319592 , MAPD:33.957034, R_squared:-0.032571  
	Validation = MSE:55.882763 , RMSE:7.475477 , MAE:6.173406 , MAPD:34.293798, R_squared:-0.005557

2024-03-21 04:11:10,980 Epoch 105/300, Train Loss: 59.789348, Val Loss: 57.405272  
	Train = MSE:59.789349 , RMSE:7.732357 , MAE:6.312754 , MAPD:33.844170, R_squared:-0.034964  
	Validation = MSE:57.405270 , RMSE:7.576626 , MAE:5.779812 , MAPD:29.258685, R_squared:-0.032953

2024-03-21 04:11:30,362 Epoch 106/300, Train Loss: 59.863618, Val Loss: 55.801063  
	Train = MSE:59.863621 , RMSE:7.737158 , MAE:6.309272 , MAPD:33.862699, R_squared:-0.036249  
	Validation = MSE:55.801064 , RMSE:7.470011 , MAE:5.917792 , MAPD:31.353829, R_squared:-0.004087

2024-03-21 04:11:48,755 Epoch 107/300, Train Loss: 59.500850, Val Loss: 58.467053  
	Train = MSE:59.500851 , RMSE:7.713679 , MAE:6.254148 , MAPD:33.583504, R_squared:-0.029970  
	Validation = MSE:58.467052 , RMSE:7.646375 , MAE:6.572283 , MAPD:38.114884, R_squared:-0.052059

2024-03-21 04:12:08,682 Epoch 108/300, Train Loss: 59.773565, Val Loss: 55.624278  
	Train = MSE:59.773567 , RMSE:7.731337 , MAE:6.322153 , MAPD:33.930048, R_squared:-0.034691  
	Validation = MSE:55.624279 , RMSE:7.458169 , MAE:5.971972 , MAPD:32.031329, R_squared:-0.000906

2024-03-21 04:12:26,824 Epoch 109/300, Train Loss: 59.559866, Val Loss: 56.800903  
	Train = MSE:59.559868 , RMSE:7.717504 , MAE:6.294499 , MAPD:33.740392, R_squared:-0.030991  
	Validation = MSE:56.800907 , RMSE:7.536638 , MAE:6.357738 , MAPD:36.098183, R_squared:-0.022078

2024-03-21 04:12:45,260 Epoch 110/300, Train Loss: 59.659736, Val Loss: 59.534831  
	Train = MSE:59.659737 , RMSE:7.723971 , MAE:6.298062 , MAPD:33.808974, R_squared:-0.032720  
	Validation = MSE:59.534836 , RMSE:7.715882 , MAE:6.683363 , MAPD:39.127986, R_squared:-0.071272

2024-03-21 04:13:04,029 Epoch 111/300, Train Loss: 59.281873, Val Loss: 56.052164  
	Train = MSE:59.281876 , RMSE:7.699472 , MAE:6.284282 , MAPD:33.725961, R_squared:-0.026179  
	Validation = MSE:56.052158 , RMSE:7.486799 , MAE:6.216788 , MAPD:34.728339, R_squared:-0.008605

2024-03-21 04:13:24,440 Epoch 112/300, Train Loss: 59.591439, Val Loss: 61.709854  
	Train = MSE:59.591434 , RMSE:7.719549 , MAE:6.287023 , MAPD:33.747273, R_squared:-0.031538  
	Validation = MSE:61.709854 , RMSE:7.855562 , MAE:6.879661 , MAPD:40.875185, R_squared:-0.110410

2024-03-21 04:13:43,451 Epoch 113/300, Train Loss: 59.684595, Val Loss: 56.389011  
	Train = MSE:59.684597 , RMSE:7.725581 , MAE:6.318086 , MAPD:33.876296, R_squared:-0.033150  
	Validation = MSE:56.389015 , RMSE:7.509262 , MAE:6.287057 , MAPD:35.417664, R_squared:-0.014666

2024-03-21 04:14:03,065 Epoch 114/300, Train Loss: 59.570432, Val Loss: 66.920780  
	Train = MSE:59.570431 , RMSE:7.718188 , MAE:6.292648 , MAPD:33.729339, R_squared:-0.031174  
	Validation = MSE:66.920784 , RMSE:8.180512 , MAE:7.268987 , MAPD:44.205815, R_squared:-0.204175

2024-03-21 04:14:21,275 Epoch 115/300, Train Loss: 59.998583, Val Loss: 56.678647  
	Train = MSE:59.998585 , RMSE:7.745875 , MAE:6.319392 , MAPD:33.973596, R_squared:-0.038586  
	Validation = MSE:56.678654 , RMSE:7.528522 , MAE:5.815836 , MAPD:29.920766, R_squared:-0.019878

2024-03-21 04:14:42,234 Epoch 116/300, Train Loss: 59.561970, Val Loss: 61.400727  
	Train = MSE:59.561966 , RMSE:7.717640 , MAE:6.280364 , MAPD:33.651287, R_squared:-0.031028  
	Validation = MSE:61.400723 , RMSE:7.835861 , MAE:6.853562 , MAPD:40.645625, R_squared:-0.104847

2024-03-21 04:15:00,775 Epoch 117/300, Train Loss: 59.786273, Val Loss: 56.045199  
	Train = MSE:59.786270 , RMSE:7.732158 , MAE:6.318697 , MAPD:33.890402, R_squared:-0.034911  
	Validation = MSE:56.045197 , RMSE:7.486334 , MAE:6.215120 , MAPD:34.711911, R_squared:-0.008480

2024-03-21 04:15:19,390 Epoch 118/300, Train Loss: 59.202903, Val Loss: 55.900926  
	Train = MSE:59.202900 , RMSE:7.694342 , MAE:6.293771 , MAPD:33.752643, R_squared:-0.024812  
	Validation = MSE:55.900928 , RMSE:7.476692 , MAE:5.898345 , MAPD:31.103132, R_squared:-0.005884

2024-03-21 04:15:40,035 Epoch 119/300, Train Loss: 59.912430, Val Loss: 56.655464  
	Train = MSE:59.912430 , RMSE:7.740312 , MAE:6.317094 , MAPD:33.863074, R_squared:-0.037094  
	Validation = MSE:56.655460 , RMSE:7.526982 , MAE:6.334375 , MAPD:35.873238, R_squared:-0.019461

2024-03-21 04:15:58,123 Epoch 120/300, Train Loss: 60.094790, Val Loss: 56.220100  
	Train = MSE:60.094784 , RMSE:7.752082 , MAE:6.319781 , MAPD:33.873211, R_squared:-0.040251  
	Validation = MSE:56.220097 , RMSE:7.498006 , MAE:6.253849 , MAPD:35.093362, R_squared:-0.011627

2024-03-21 04:16:15,590 Epoch 121/300, Train Loss: 59.822692, Val Loss: 56.185339  
	Train = MSE:59.822693 , RMSE:7.734513 , MAE:6.292352 , MAPD:33.789092, R_squared:-0.035541  
	Validation = MSE:56.185341 , RMSE:7.495688 , MAE:6.246615 , MAPD:35.022112, R_squared:-0.011001

2024-03-21 04:16:35,445 Epoch 122/300, Train Loss: 59.358028, Val Loss: 55.646867  
	Train = MSE:59.358032 , RMSE:7.704416 , MAE:6.297650 , MAPD:33.832864, R_squared:-0.027498  
	Validation = MSE:55.646866 , RMSE:7.459682 , MAE:6.088046 , MAPD:33.408302, R_squared:-0.001312

2024-03-21 04:16:54,000 Epoch 123/300, Train Loss: 59.403460, Val Loss: 61.527376  
	Train = MSE:59.403458 , RMSE:7.707364 , MAE:6.253192 , MAPD:33.508220, R_squared:-0.028284  
	Validation = MSE:61.527374 , RMSE:7.843939 , MAE:6.864260 , MAPD:40.740056, R_squared:-0.107126

2024-03-21 04:17:12,252 Epoch 124/300, Train Loss: 59.916543, Val Loss: 71.171195  
	Train = MSE:59.916542 , RMSE:7.740578 , MAE:6.323725 , MAPD:33.956200, R_squared:-0.037166  
	Validation = MSE:71.171196 , RMSE:8.436302 , MAE:6.028807 , MAPD:26.675338, R_squared:-0.280658

2024-03-21 04:17:30,443 Epoch 125/300, Train Loss: 59.094411, Val Loss: 55.653763  
	Train = MSE:59.094414 , RMSE:7.687289 , MAE:6.269052 , MAPD:33.593606, R_squared:-0.022934  
	Validation = MSE:55.653759 , RMSE:7.460145 , MAE:6.091601 , MAPD:33.446144, R_squared:-0.001436

2024-03-21 04:17:48,535 Epoch 126/300, Train Loss: 59.428383, Val Loss: 62.107027  
	Train = MSE:59.428379 , RMSE:7.708981 , MAE:6.264021 , MAPD:33.601312, R_squared:-0.028715  
	Validation = MSE:62.107025 , RMSE:7.880801 , MAE:6.912438 , MAPD:41.162648, R_squared:-0.117556

2024-03-21 04:18:06,159 Epoch 127/300, Train Loss: 59.786331, Val Loss: 55.817700  
	Train = MSE:59.786331 , RMSE:7.732162 , MAE:6.328668 , MAPD:33.969289, R_squared:-0.034912  
	Validation = MSE:55.817699 , RMSE:7.471124 , MAE:5.914191 , MAPD:31.308189, R_squared:-0.004386

2024-03-21 04:18:24,157 Epoch 128/300, Train Loss: 59.958179, Val Loss: 64.500205  
	Train = MSE:59.958179 , RMSE:7.743267 , MAE:6.309931 , MAPD:33.879047, R_squared:-0.037886  
	Validation = MSE:64.500206 , RMSE:8.031202 , MAE:5.814202 , MAPD:26.925981, R_squared:-0.160619

2024-03-21 04:18:41,916 Epoch 129/300, Train Loss: 60.035895, Val Loss: 58.006888  
	Train = MSE:60.035896 , RMSE:7.748283 , MAE:6.316061 , MAPD:33.867019, R_squared:-0.039232  
	Validation = MSE:58.006886 , RMSE:7.616225 , MAE:6.519753 , MAPD:37.628243, R_squared:-0.043778

2024-03-21 04:18:59,634 Epoch 130/300, Train Loss: 59.580061, Val Loss: 55.905444  
	Train = MSE:59.580063 , RMSE:7.718812 , MAE:6.269645 , MAPD:33.654811, R_squared:-0.031341  
	Validation = MSE:55.905445 , RMSE:7.476995 , MAE:5.897578 , MAPD:31.092954, R_squared:-0.005965

2024-03-21 04:19:18,080 Epoch 131/300, Train Loss: 59.792170, Val Loss: 57.524230  
	Train = MSE:59.792171 , RMSE:7.732540 , MAE:6.293509 , MAPD:33.731450, R_squared:-0.035013  
	Validation = MSE:57.524227 , RMSE:7.584473 , MAE:6.460585 , MAPD:37.072630, R_squared:-0.035093

2024-03-21 04:19:37,356 Epoch 132/300, Train Loss: 59.572146, Val Loss: 57.574035  
	Train = MSE:59.572151 , RMSE:7.718300 , MAE:6.296289 , MAPD:33.753214, R_squared:-0.031204  
	Validation = MSE:57.574032 , RMSE:7.587755 , MAE:6.466963 , MAPD:37.132734, R_squared:-0.035990

2024-03-21 04:19:55,989 Epoch 133/300, Train Loss: 59.728730, Val Loss: 55.962272  
	Train = MSE:59.728729 , RMSE:7.728436 , MAE:6.307966 , MAPD:33.847824, R_squared:-0.033914  
	Validation = MSE:55.962269 , RMSE:7.480793 , MAE:5.888335 , MAPD:30.970418, R_squared:-0.006987

2024-03-21 04:20:14,000 Epoch 134/300, Train Loss: 59.703751, Val Loss: 55.693147  
	Train = MSE:59.703751 , RMSE:7.726820 , MAE:6.318109 , MAPD:33.939150, R_squared:-0.033482  
	Validation = MSE:55.693150 , RMSE:7.462784 , MAE:6.109787 , MAPD:33.637880, R_squared:-0.002145

2024-03-21 04:20:33,847 Epoch 135/300, Train Loss: 59.641524, Val Loss: 56.723536  
	Train = MSE:59.641525 , RMSE:7.722793 , MAE:6.310573 , MAPD:33.837112, R_squared:-0.032405  
	Validation = MSE:56.723534 , RMSE:7.531503 , MAE:6.345494 , MAPD:35.980291, R_squared:-0.020686

2024-03-21 04:20:51,866 Epoch 136/300, Train Loss: 59.822069, Val Loss: 59.671291  
	Train = MSE:59.822067 , RMSE:7.734473 , MAE:6.319306 , MAPD:33.914247, R_squared:-0.035530  
	Validation = MSE:59.671295 , RMSE:7.724720 , MAE:6.696791 , MAPD:39.248729, R_squared:-0.073728

2024-03-21 04:21:09,769 Epoch 137/300, Train Loss: 59.421724, Val Loss: 55.647001  
	Train = MSE:59.421722 , RMSE:7.708549 , MAE:6.299232 , MAPD:33.831602, R_squared:-0.028600  
	Validation = MSE:55.647003 , RMSE:7.459692 , MAE:6.088117 , MAPD:33.409054, R_squared:-0.001314

2024-03-21 04:21:26,943 Epoch 138/300, Train Loss: 59.734406, Val Loss: 72.407235  
	Train = MSE:59.734409 , RMSE:7.728804 , MAE:6.294242 , MAPD:33.799847, R_squared:-0.034013  
	Validation = MSE:72.407234 , RMSE:8.509244 , MAE:7.617963 , MAPD:47.069852, R_squared:-0.302899

2024-03-21 04:21:45,757 Epoch 139/300, Train Loss: 60.010264, Val Loss: 61.421806  
	Train = MSE:60.010265 , RMSE:7.746629 , MAE:6.335692 , MAPD:34.064106, R_squared:-0.038788  
	Validation = MSE:61.421806 , RMSE:7.837206 , MAE:6.855350 , MAPD:40.661411, R_squared:-0.105227

2024-03-21 04:22:03,975 Epoch 140/300, Train Loss: 59.895448, Val Loss: 58.735776  
	Train = MSE:59.895451 , RMSE:7.739215 , MAE:6.308380 , MAPD:33.867058, R_squared:-0.036800  
	Validation = MSE:58.735775 , RMSE:7.663927 , MAE:6.601635 , MAPD:38.383988, R_squared:-0.056894

2024-03-21 04:22:21,546 Epoch 141/300, Train Loss: 59.579387, Val Loss: 61.510876  
	Train = MSE:59.579384 , RMSE:7.718768 , MAE:6.291129 , MAPD:33.796204, R_squared:-0.031329  
	Validation = MSE:61.510876 , RMSE:7.842887 , MAE:6.862872 , MAPD:40.727809, R_squared:-0.106829

2024-03-21 04:22:42,558 Epoch 142/300, Train Loss: 59.628731, Val Loss: 72.408002  
	Train = MSE:59.628731 , RMSE:7.721964 , MAE:6.299888 , MAPD:33.803823, R_squared:-0.032183  
	Validation = MSE:72.407997 , RMSE:8.509289 , MAE:7.618008 , MAPD:47.070221, R_squared:-0.302913

2024-03-21 04:23:01,253 Epoch 143/300, Train Loss: 59.817543, Val Loss: 64.970997  
	Train = MSE:59.817547 , RMSE:7.734180 , MAE:6.309882 , MAPD:33.885210, R_squared:-0.035452  
	Validation = MSE:64.970993 , RMSE:8.060458 , MAE:7.133394 , MAPD:43.059521, R_squared:-0.169091

2024-03-21 04:23:19,594 Epoch 144/300, Train Loss: 59.610766, Val Loss: 57.034486  
	Train = MSE:59.610767 , RMSE:7.720801 , MAE:6.299505 , MAPD:33.862651, R_squared:-0.031873  
	Validation = MSE:57.034481 , RMSE:7.552118 , MAE:6.393300 , MAPD:36.436778, R_squared:-0.026281

2024-03-21 04:23:38,243 Epoch 145/300, Train Loss: 59.810404, Val Loss: 55.625174  
	Train = MSE:59.810406 , RMSE:7.733719 , MAE:6.310372 , MAPD:33.836615, R_squared:-0.035328  
	Validation = MSE:55.625175 , RMSE:7.458229 , MAE:6.076015 , MAPD:33.277860, R_squared:-0.000922

2024-03-21 04:23:57,511 Epoch 146/300, Train Loss: 59.644213, Val Loss: 58.454698  
	Train = MSE:59.644215 , RMSE:7.722967 , MAE:6.294805 , MAPD:33.787578, R_squared:-0.032451  
	Validation = MSE:58.454697 , RMSE:7.645567 , MAE:5.758420 , MAPD:28.609636, R_squared:-0.051836

2024-03-21 04:24:15,337 Epoch 147/300, Train Loss: 59.906259, Val Loss: 55.639749  
	Train = MSE:59.906261 , RMSE:7.739913 , MAE:6.320189 , MAPD:33.926840, R_squared:-0.036988  
	Validation = MSE:55.639748 , RMSE:7.459206 , MAE:6.084259 , MAPD:33.367633, R_squared:-0.001184

2024-03-21 04:24:33,316 Epoch 148/300, Train Loss: 59.718011, Val Loss: 55.789682  
	Train = MSE:59.718006 , RMSE:7.727743 , MAE:6.311692 , MAPD:33.889011, R_squared:-0.033729  
	Validation = MSE:55.789684 , RMSE:7.469249 , MAE:6.145443 , MAPD:34.007577, R_squared:-0.003882

2024-03-21 04:24:51,144 Epoch 149/300, Train Loss: 59.690442, Val Loss: 57.537527  
	Train = MSE:59.690441 , RMSE:7.725959 , MAE:6.298834 , MAPD:33.806867, R_squared:-0.033252  
	Validation = MSE:57.537529 , RMSE:7.585350 , MAE:5.775445 , MAPD:29.160693, R_squared:-0.035333

2024-03-21 04:25:10,425 Epoch 150/300, Train Loss: 59.533313, Val Loss: 55.725626  
	Train = MSE:59.533310 , RMSE:7.715783 , MAE:6.274737 , MAPD:33.704294, R_squared:-0.030532  
	Validation = MSE:55.725624 , RMSE:7.464960 , MAE:5.936440 , MAPD:31.587488, R_squared:-0.002729

2024-03-21 04:25:27,617 Epoch 151/300, Train Loss: 60.085024, Val Loss: 56.669606  
	Train = MSE:60.085022 , RMSE:7.751453 , MAE:6.326982 , MAPD:33.938975, R_squared:-0.040082  
	Validation = MSE:56.669605 , RMSE:7.527922 , MAE:6.336713 , MAPD:35.895748, R_squared:-0.019715

2024-03-21 04:25:47,725 Epoch 152/300, Train Loss: 59.740804, Val Loss: 55.704485  
	Train = MSE:59.740803 , RMSE:7.729218 , MAE:6.297590 , MAPD:33.854549, R_squared:-0.034123  
	Validation = MSE:55.704483 , RMSE:7.463543 , MAE:6.114442 , MAPD:33.686937, R_squared:-0.002349

2024-03-21 04:26:05,954 Epoch 153/300, Train Loss: 59.742055, Val Loss: 57.878325  
	Train = MSE:59.742058 , RMSE:7.729299 , MAE:6.299654 , MAPD:33.815346, R_squared:-0.034145  
	Validation = MSE:57.878330 , RMSE:7.607781 , MAE:6.504507 , MAPD:37.485590, R_squared:-0.041465

2024-03-21 04:26:25,335 Epoch 154/300, Train Loss: 59.437316, Val Loss: 55.587717  
	Train = MSE:59.437313 , RMSE:7.709560 , MAE:6.276758 , MAPD:33.659332, R_squared:-0.028870  
	Validation = MSE:55.587715 , RMSE:7.455717 , MAE:6.048819 , MAPD:32.966346, R_squared:-0.000248

2024-03-21 04:26:43,796 Epoch 155/300, Train Loss: 59.516960, Val Loss: 55.579510  
	Train = MSE:59.516960 , RMSE:7.714724 , MAE:6.296268 , MAPD:33.810884, R_squared:-0.030249  
	Validation = MSE:55.579514 , RMSE:7.455167 , MAE:6.038769 , MAPD:32.847177, R_squared:-0.000100

2024-03-21 04:27:01,936 Epoch 156/300, Train Loss: 59.821309, Val Loss: 56.321293  
	Train = MSE:59.821312 , RMSE:7.734424 , MAE:6.318210 , MAPD:33.931270, R_squared:-0.035517  
	Validation = MSE:56.321293 , RMSE:7.504751 , MAE:6.274146 , MAPD:35.291849, R_squared:-0.013448

2024-03-21 04:27:19,451 Epoch 157/300, Train Loss: 59.970899, Val Loss: 56.061697  
	Train = MSE:59.970898 , RMSE:7.744088 , MAE:6.320487 , MAPD:33.861823, R_squared:-0.038106  
	Validation = MSE:56.061699 , RMSE:7.487436 , MAE:6.219051 , MAPD:34.750632, R_squared:-0.008777

2024-03-21 04:27:37,486 Epoch 158/300, Train Loss: 59.704362, Val Loss: 56.271097  
	Train = MSE:59.704361 , RMSE:7.726860 , MAE:6.306365 , MAPD:33.831657, R_squared:-0.033493  
	Validation = MSE:56.271095 , RMSE:7.501406 , MAE:6.264250 , MAPD:35.195139, R_squared:-0.012544

2024-03-21 04:27:55,519 Epoch 159/300, Train Loss: 59.589253, Val Loss: 56.261957  
	Train = MSE:59.589256 , RMSE:7.719408 , MAE:6.323750 , MAPD:33.965111, R_squared:-0.031500  
	Validation = MSE:56.261959 , RMSE:7.500797 , MAE:6.262411 , MAPD:35.177160, R_squared:-0.012380

2024-03-21 04:28:13,423 Epoch 160/300, Train Loss: 59.634344, Val Loss: 57.422965  
	Train = MSE:59.634342 , RMSE:7.722328 , MAE:6.297513 , MAPD:33.760408, R_squared:-0.032281  
	Validation = MSE:57.422970 , RMSE:7.577795 , MAE:6.447359 , MAPD:36.948010, R_squared:-0.033271

2024-03-21 04:28:31,491 Epoch 161/300, Train Loss: 59.943985, Val Loss: 55.835052  
	Train = MSE:59.943985 , RMSE:7.742350 , MAE:6.317584 , MAPD:33.890192, R_squared:-0.037641  
	Validation = MSE:55.835052 , RMSE:7.472286 , MAE:5.910571 , MAPD:31.262253, R_squared:-0.004698

2024-03-21 04:28:51,091 Epoch 162/300, Train Loss: 59.888209, Val Loss: 57.555504  
	Train = MSE:59.888206 , RMSE:7.738747 , MAE:6.317640 , MAPD:33.927009, R_squared:-0.036675  
	Validation = MSE:57.555508 , RMSE:7.586535 , MAE:6.464600 , MAPD:37.110458, R_squared:-0.035656

2024-03-21 04:29:08,889 Epoch 163/300, Train Loss: 60.127327, Val Loss: 56.115570  
	Train = MSE:60.127323 , RMSE:7.754181 , MAE:6.313019 , MAPD:33.932036, R_squared:-0.040814  
	Validation = MSE:56.115570 , RMSE:7.491033 , MAE:6.231447 , MAPD:34.872712, R_squared:-0.009746

2024-03-21 04:29:27,251 Epoch 164/300, Train Loss: 59.812284, Val Loss: 56.000408  
	Train = MSE:59.812286 , RMSE:7.733840 , MAE:6.325517 , MAPD:33.942374, R_squared:-0.035361  
	Validation = MSE:56.000412 , RMSE:7.483342 , MAE:6.204216 , MAPD:34.603850, R_squared:-0.007674

2024-03-21 04:29:45,923 Epoch 165/300, Train Loss: 59.667796, Val Loss: 55.589709  
	Train = MSE:59.667797 , RMSE:7.724494 , MAE:6.299751 , MAPD:33.811076, R_squared:-0.032860  
	Validation = MSE:55.589706 , RMSE:7.455851 , MAE:5.993709 , MAPD:32.299299, R_squared:-0.000284

2024-03-21 04:30:04,868 Epoch 166/300, Train Loss: 59.791570, Val Loss: 57.301240  
	Train = MSE:59.791569 , RMSE:7.732501 , MAE:6.306471 , MAPD:33.846712, R_squared:-0.035002  
	Validation = MSE:57.301239 , RMSE:7.569758 , MAE:6.430971 , MAPD:36.793603, R_squared:-0.031081

2024-03-21 04:30:23,200 Epoch 167/300, Train Loss: 59.785408, Val Loss: 56.033575  
	Train = MSE:59.785412 , RMSE:7.732103 , MAE:6.306106 , MAPD:33.882925, R_squared:-0.034896  
	Validation = MSE:56.033573 , RMSE:7.485558 , MAE:5.877662 , MAPD:30.828813, R_squared:-0.008271

2024-03-21 04:30:42,349 Epoch 168/300, Train Loss: 59.549883, Val Loss: 55.586256  
	Train = MSE:59.549877 , RMSE:7.716856 , MAE:6.313854 , MAPD:33.916622, R_squared:-0.030819  
	Validation = MSE:55.586254 , RMSE:7.455619 , MAE:5.996922 , MAPD:32.338899, R_squared:-0.000221

2024-03-21 04:31:00,279 Epoch 169/300, Train Loss: 59.541570, Val Loss: 57.991596  
	Train = MSE:59.541565 , RMSE:7.716318 , MAE:6.277978 , MAPD:33.693388, R_squared:-0.030675  
	Validation = MSE:57.991596 , RMSE:7.615222 , MAE:6.517962 , MAPD:37.611477, R_squared:-0.043503

2024-03-21 04:31:19,516 Epoch 170/300, Train Loss: 59.584863, Val Loss: 57.290643  
	Train = MSE:59.584862 , RMSE:7.719123 , MAE:6.292420 , MAPD:33.771434, R_squared:-0.031424  
	Validation = MSE:57.290646 , RMSE:7.569058 , MAE:6.429518 , MAPD:36.779906, R_squared:-0.030890

2024-03-21 04:31:38,586 Epoch 171/300, Train Loss: 59.658497, Val Loss: 55.792284  
	Train = MSE:59.658497 , RMSE:7.723891 , MAE:6.304417 , MAPD:33.836512, R_squared:-0.032699  
	Validation = MSE:55.792286 , RMSE:7.469423 , MAE:6.146295 , MAPD:34.016316, R_squared:-0.003929

2024-03-21 04:31:59,139 Epoch 172/300, Train Loss: 59.935065, Val Loss: 55.576139  
	Train = MSE:59.935066 , RMSE:7.741774 , MAE:6.329998 , MAPD:33.933858, R_squared:-0.037486  
	Validation = MSE:55.576138 , RMSE:7.454940 , MAE:6.011033 , MAPD:32.512865, R_squared:-0.000039

2024-03-21 04:32:18,347 Epoch 173/300, Train Loss: 59.728397, Val Loss: 55.594172  
	Train = MSE:59.728397 , RMSE:7.728415 , MAE:6.305974 , MAPD:33.859480, R_squared:-0.033909  
	Validation = MSE:55.594170 , RMSE:7.456150 , MAE:5.990042 , MAPD:32.254087, R_squared:-0.000364

2024-03-21 04:32:35,944 Epoch 174/300, Train Loss: 59.640233, Val Loss: 56.594274  
	Train = MSE:59.640236 , RMSE:7.722709 , MAE:6.286321 , MAPD:33.714733, R_squared:-0.032383  
	Validation = MSE:56.594273 , RMSE:7.522916 , MAE:6.324077 , MAPD:35.774092, R_squared:-0.018360

2024-03-21 04:32:55,037 Epoch 175/300, Train Loss: 59.889151, Val Loss: 56.184175  
	Train = MSE:59.889156 , RMSE:7.738809 , MAE:6.333036 , MAPD:33.963761, R_squared:-0.036691  
	Validation = MSE:56.184170 , RMSE:7.495610 , MAE:5.858719 , MAPD:30.568077, R_squared:-0.010980

2024-03-21 04:33:12,928 Epoch 176/300, Train Loss: 59.629122, Val Loss: 55.907057  
	Train = MSE:59.629124 , RMSE:7.721990 , MAE:6.265755 , MAPD:33.600455, R_squared:-0.032190  
	Validation = MSE:55.907055 , RMSE:7.477102 , MAE:6.180160 , MAPD:34.361946, R_squared:-0.005994

2024-03-21 04:33:32,850 Epoch 177/300, Train Loss: 59.679289, Val Loss: 55.639010  
	Train = MSE:59.679291 , RMSE:7.725237 , MAE:6.278969 , MAPD:33.705259, R_squared:-0.033059  
	Validation = MSE:55.639015 , RMSE:7.459157 , MAE:6.083854 , MAPD:33.363290, R_squared:-0.001171

2024-03-21 04:33:50,076 Epoch 178/300, Train Loss: 59.798755, Val Loss: 55.828046  
	Train = MSE:59.798756 , RMSE:7.732965 , MAE:6.308000 , MAPD:33.852466, R_squared:-0.035127  
	Validation = MSE:55.828049 , RMSE:7.471817 , MAE:6.157523 , MAPD:34.131549, R_squared:-0.004572

2024-03-21 04:34:07,561 Epoch 179/300, Train Loss: 59.318983, Val Loss: 57.439763  
	Train = MSE:59.318985 , RMSE:7.701882 , MAE:6.276229 , MAPD:33.685201, R_squared:-0.026822  
	Validation = MSE:57.439766 , RMSE:7.578903 , MAE:6.449576 , MAPD:36.968913, R_squared:-0.033574

2024-03-21 04:34:26,693 Epoch 180/300, Train Loss: 59.645114, Val Loss: 56.652748  
	Train = MSE:59.645115 , RMSE:7.723025 , MAE:6.304222 , MAPD:33.807523, R_squared:-0.032467  
	Validation = MSE:56.652748 , RMSE:7.526802 , MAE:6.333924 , MAPD:35.868898, R_squared:-0.019412

2024-03-21 04:34:44,707 Epoch 181/300, Train Loss: 59.504817, Val Loss: 55.715738  
	Train = MSE:59.504814 , RMSE:7.713936 , MAE:6.293167 , MAPD:33.750706, R_squared:-0.030039  
	Validation = MSE:55.715736 , RMSE:7.464297 , MAE:5.939216 , MAPD:31.622175, R_squared:-0.002551

2024-03-21 04:35:03,904 Epoch 182/300, Train Loss: 59.804344, Val Loss: 56.169166  
	Train = MSE:59.804344 , RMSE:7.733327 , MAE:6.297724 , MAPD:33.784462, R_squared:-0.035223  
	Validation = MSE:56.169170 , RMSE:7.494609 , MAE:5.860460 , MAPD:30.592321, R_squared:-0.010710

2024-03-21 04:35:22,647 Epoch 183/300, Train Loss: 59.682940, Val Loss: 56.792795  
	Train = MSE:59.682938 , RMSE:7.725473 , MAE:6.309274 , MAPD:33.848431, R_squared:-0.033122  
	Validation = MSE:56.792793 , RMSE:7.536099 , MAE:6.356473 , MAPD:36.086007, R_squared:-0.021932

2024-03-21 04:35:40,177 Epoch 184/300, Train Loss: 59.981199, Val Loss: 57.497801  
	Train = MSE:59.981194 , RMSE:7.744753 , MAE:6.312785 , MAPD:33.845777, R_squared:-0.038285  
	Validation = MSE:57.497803 , RMSE:7.582731 , MAE:6.457167 , MAPD:37.040423, R_squared:-0.034618

2024-03-21 04:35:58,231 Epoch 185/300, Train Loss: 59.662279, Val Loss: 59.395252  
	Train = MSE:59.662277 , RMSE:7.724136 , MAE:6.299372 , MAPD:33.721866, R_squared:-0.032764  
	Validation = MSE:59.395248 , RMSE:7.706831 , MAE:6.669553 , MAPD:39.003058, R_squared:-0.068761

2024-03-21 04:36:17,093 Epoch 186/300, Train Loss: 59.878905, Val Loss: 55.695078  
	Train = MSE:59.878906 , RMSE:7.738146 , MAE:6.321229 , MAPD:33.946719, R_squared:-0.036514  
	Validation = MSE:55.695080 , RMSE:7.462914 , MAE:6.110596 , MAPD:33.646398, R_squared:-0.002180

2024-03-21 04:36:34,726 Epoch 187/300, Train Loss: 59.852569, Val Loss: 62.144815  
	Train = MSE:59.852570 , RMSE:7.736444 , MAE:6.336232 , MAPD:34.000611, R_squared:-0.036058  
	Validation = MSE:62.144814 , RMSE:7.883198 , MAE:6.915540 , MAPD:41.189688, R_squared:-0.118236

2024-03-21 04:36:51,906 Epoch 188/300, Train Loss: 59.476773, Val Loss: 55.702492  
	Train = MSE:59.476768 , RMSE:7.712118 , MAE:6.290089 , MAPD:33.780213, R_squared:-0.029553  
	Validation = MSE:55.702492 , RMSE:7.463410 , MAE:5.943091 , MAPD:31.670598, R_squared:-0.002313

2024-03-21 04:37:09,894 Epoch 189/300, Train Loss: 60.185991, Val Loss: 55.644648  
	Train = MSE:60.185989 , RMSE:7.757963 , MAE:6.319927 , MAPD:33.930830, R_squared:-0.041830  
	Validation = MSE:55.644650 , RMSE:7.459534 , MAE:5.963007 , MAPD:31.919518, R_squared:-0.001272

2024-03-21 04:37:28,049 Epoch 190/300, Train Loss: 59.537353, Val Loss: 60.772710  
	Train = MSE:59.537350 , RMSE:7.716045 , MAE:6.290312 , MAPD:33.749288, R_squared:-0.030602  
	Validation = MSE:60.772709 , RMSE:7.795685 , MAE:6.798871 , MAPD:40.162150, R_squared:-0.093547

2024-03-21 04:37:46,660 Epoch 191/300, Train Loss: 59.893444, Val Loss: 55.582072  
	Train = MSE:59.893444 , RMSE:7.739086 , MAE:6.310021 , MAPD:33.897049, R_squared:-0.036766  
	Validation = MSE:55.582069 , RMSE:7.455338 , MAE:6.001499 , MAPD:32.395332, R_squared:-0.000146

2024-03-21 04:38:06,860 Epoch 192/300, Train Loss: 59.521720, Val Loss: 56.662585  
	Train = MSE:59.521721 , RMSE:7.715032 , MAE:6.300367 , MAPD:33.749208, R_squared:-0.030331  
	Validation = MSE:56.662586 , RMSE:7.527455 , MAE:6.335554 , MAPD:35.884591, R_squared:-0.019589

2024-03-21 04:38:25,396 Epoch 193/300, Train Loss: 59.651931, Val Loss: 55.584958  
	Train = MSE:59.651932 , RMSE:7.723466 , MAE:6.301436 , MAPD:33.832955, R_squared:-0.032585  
	Validation = MSE:55.584961 , RMSE:7.455532 , MAE:6.045902 , MAPD:32.931761, R_squared:-0.000198

2024-03-21 04:38:43,437 Epoch 194/300, Train Loss: 59.675442, Val Loss: 57.320924  
	Train = MSE:59.675446 , RMSE:7.724988 , MAE:6.295303 , MAPD:33.715204, R_squared:-0.032992  
	Validation = MSE:57.320923 , RMSE:7.571058 , MAE:6.433659 , MAPD:36.818932, R_squared:-0.031435

2024-03-21 04:39:01,714 Epoch 195/300, Train Loss: 59.856852, Val Loss: 57.000666  
	Train = MSE:59.856850 , RMSE:7.736721 , MAE:6.330812 , MAPD:33.977813, R_squared:-0.036132  
	Validation = MSE:57.000664 , RMSE:7.549879 , MAE:6.388303 , MAPD:36.389366, R_squared:-0.025672

2024-03-21 04:39:20,664 Epoch 196/300, Train Loss: 59.491585, Val Loss: 55.872565  
	Train = MSE:59.491589 , RMSE:7.713079 , MAE:6.287586 , MAPD:33.723749, R_squared:-0.029809  
	Validation = MSE:55.872570 , RMSE:7.474796 , MAE:6.170517 , MAPD:34.264513, R_squared:-0.005373

2024-03-21 04:39:37,841 Epoch 197/300, Train Loss: 59.746594, Val Loss: 55.625201  
	Train = MSE:59.746597 , RMSE:7.729592 , MAE:6.283696 , MAPD:33.722063, R_squared:-0.034224  
	Validation = MSE:55.625195 , RMSE:7.458230 , MAE:5.971521 , MAPD:32.025773, R_squared:-0.000922

2024-03-21 04:39:55,347 Epoch 198/300, Train Loss: 60.112310, Val Loss: 55.727158  
	Train = MSE:60.112312 , RMSE:7.753213 , MAE:6.317298 , MAPD:33.975939, R_squared:-0.040554  
	Validation = MSE:55.727158 , RMSE:7.465063 , MAE:5.936019 , MAPD:31.582219, R_squared:-0.002757

2024-03-21 04:40:14,196 Epoch 199/300, Train Loss: 59.574087, Val Loss: 62.674808  
	Train = MSE:59.574085 , RMSE:7.718425 , MAE:6.292801 , MAPD:33.740167, R_squared:-0.031238  
	Validation = MSE:62.674805 , RMSE:7.916742 , MAE:6.958590 , MAPD:41.563129, R_squared:-0.127773

2024-03-21 04:40:31,871 Epoch 200/300, Train Loss: 59.374263, Val Loss: 56.467266  
	Train = MSE:59.374268 , RMSE:7.705470 , MAE:6.291266 , MAPD:33.773850, R_squared:-0.027779  
	Validation = MSE:56.467266 , RMSE:7.514471 , MAE:6.301668 , MAPD:35.558327, R_squared:-0.016074

2024-03-21 04:40:49,640 Epoch 201/300, Train Loss: 59.697465, Val Loss: 61.996305  
	Train = MSE:59.697464 , RMSE:7.726413 , MAE:6.321058 , MAPD:33.946143, R_squared:-0.033373  
	Validation = MSE:61.996304 , RMSE:7.873773 , MAE:5.768270 , MAPD:27.368727, R_squared:-0.115564

2024-03-21 04:41:11,066 Epoch 202/300, Train Loss: 59.598063, Val Loss: 60.359899  
	Train = MSE:59.598064 , RMSE:7.719978 , MAE:6.290012 , MAPD:33.698741, R_squared:-0.031653  
	Validation = MSE:60.359901 , RMSE:7.769164 , MAE:6.761691 , MAPD:39.830891, R_squared:-0.086119

2024-03-21 04:41:28,247 Epoch 203/300, Train Loss: 60.034002, Val Loss: 60.495657  
	Train = MSE:60.034004 , RMSE:7.748161 , MAE:6.304376 , MAPD:33.918881, R_squared:-0.039199  
	Validation = MSE:60.495655 , RMSE:7.777895 , MAE:5.754214 , MAPD:27.779463, R_squared:-0.088561

2024-03-21 04:41:46,795 Epoch 204/300, Train Loss: 59.512281, Val Loss: 56.039406  
	Train = MSE:59.512280 , RMSE:7.714420 , MAE:6.273382 , MAPD:33.686393, R_squared:-0.030168  
	Validation = MSE:56.039406 , RMSE:7.485947 , MAE:6.213724 , MAPD:34.698154, R_squared:-0.008375

2024-03-21 04:42:05,030 Epoch 205/300, Train Loss: 59.795824, Val Loss: 55.642700  
	Train = MSE:59.795826 , RMSE:7.732776 , MAE:6.307997 , MAPD:33.886858, R_squared:-0.035076  
	Validation = MSE:55.642700 , RMSE:7.459404 , MAE:5.963800 , MAPD:31.929430, R_squared:-0.001237

2024-03-21 04:42:23,468 Epoch 206/300, Train Loss: 59.435256, Val Loss: 55.574789  
	Train = MSE:59.435253 , RMSE:7.709426 , MAE:6.282175 , MAPD:33.682179, R_squared:-0.028834  
	Validation = MSE:55.574791 , RMSE:7.454850 , MAE:6.015018 , MAPD:32.561498, R_squared:-0.000015

2024-03-21 04:42:40,913 Epoch 207/300, Train Loss: 59.501544, Val Loss: 58.768624  
	Train = MSE:59.501545 , RMSE:7.713725 , MAE:6.295869 , MAPD:33.773266, R_squared:-0.029982  
	Validation = MSE:58.768623 , RMSE:7.666070 , MAE:6.605134 , MAPD:38.416085, R_squared:-0.057485

2024-03-21 04:42:58,801 Epoch 208/300, Train Loss: 59.919642, Val Loss: 61.356291  
	Train = MSE:59.919640 , RMSE:7.740777 , MAE:6.314563 , MAPD:33.885112, R_squared:-0.037219  
	Validation = MSE:61.356289 , RMSE:7.833025 , MAE:6.849781 , MAPD:40.612250, R_squared:-0.104048

2024-03-21 04:43:16,989 Epoch 209/300, Train Loss: 59.797735, Val Loss: 55.709419  
	Train = MSE:59.797741 , RMSE:7.732900 , MAE:6.324048 , MAPD:33.996170, R_squared:-0.035109  
	Validation = MSE:55.709423 , RMSE:7.463874 , MAE:5.941040 , MAPD:31.644977, R_squared:-0.002438

2024-03-21 04:43:34,911 Epoch 210/300, Train Loss: 59.428245, Val Loss: 55.664134  
	Train = MSE:59.428246 , RMSE:7.708972 , MAE:6.299323 , MAPD:33.777839, R_squared:-0.028713  
	Validation = MSE:55.664131 , RMSE:7.460840 , MAE:5.955607 , MAPD:31.827039, R_squared:-0.001623

2024-03-21 04:43:53,686 Epoch 211/300, Train Loss: 59.429563, Val Loss: 60.439624  
	Train = MSE:59.429562 , RMSE:7.709057 , MAE:6.262288 , MAPD:33.685327, R_squared:-0.028736  
	Validation = MSE:60.439629 , RMSE:7.774293 , MAE:5.753834 , MAPD:27.796968, R_squared:-0.087553

2024-03-21 04:44:15,668 Epoch 212/300, Train Loss: 60.023012, Val Loss: 58.801408  
	Train = MSE:60.023014 , RMSE:7.747452 , MAE:6.320208 , MAPD:33.851475, R_squared:-0.039009  
	Validation = MSE:58.801407 , RMSE:7.668208 , MAE:6.608611 , MAPD:38.447955, R_squared:-0.058075

2024-03-21 04:44:33,665 Epoch 213/300, Train Loss: 59.934231, Val Loss: 55.607485  
	Train = MSE:59.934231 , RMSE:7.741720 , MAE:6.305312 , MAPD:33.817576, R_squared:-0.037472  
	Validation = MSE:55.607487 , RMSE:7.457043 , MAE:6.064653 , MAPD:33.151526, R_squared:-0.000603

2024-03-21 04:44:52,727 Epoch 214/300, Train Loss: 59.727784, Val Loss: 65.489948  
	Train = MSE:59.727779 , RMSE:7.728375 , MAE:6.307783 , MAPD:33.802326, R_squared:-0.033898  
	Validation = MSE:65.489952 , RMSE:8.092587 , MAE:7.170375 , MAPD:43.373755, R_squared:-0.178429

2024-03-21 04:45:10,809 Epoch 215/300, Train Loss: 59.703184, Val Loss: 56.560685  
	Train = MSE:59.703190 , RMSE:7.726784 , MAE:6.289022 , MAPD:33.760324, R_squared:-0.033472  
	Validation = MSE:56.560684 , RMSE:7.520684 , MAE:6.318294 , MAPD:35.718402, R_squared:-0.017755

2024-03-21 04:45:28,601 Epoch 216/300, Train Loss: 59.487299, Val Loss: 59.637756  
	Train = MSE:59.487301 , RMSE:7.712801 , MAE:6.286529 , MAPD:33.814622, R_squared:-0.029735  
	Validation = MSE:59.637753 , RMSE:7.722548 , MAE:6.693512 , MAPD:39.219244, R_squared:-0.073124

2024-03-21 04:45:47,563 Epoch 217/300, Train Loss: 59.494589, Val Loss: 56.106041  
	Train = MSE:59.494587 , RMSE:7.713274 , MAE:6.282600 , MAPD:33.760765, R_squared:-0.029861  
	Validation = MSE:56.106041 , RMSE:7.490396 , MAE:5.868031 , MAPD:30.697802, R_squared:-0.009574

2024-03-21 04:46:07,828 Epoch 218/300, Train Loss: 59.495524, Val Loss: 56.083518  
	Train = MSE:59.495525 , RMSE:7.713334 , MAE:6.302348 , MAPD:33.834330, R_squared:-0.029878  
	Validation = MSE:56.083515 , RMSE:7.488893 , MAE:6.224150 , MAPD:34.800854, R_squared:-0.009169

2024-03-21 04:46:25,759 Epoch 219/300, Train Loss: 59.585142, Val Loss: 55.880292  
	Train = MSE:59.585140 , RMSE:7.719141 , MAE:6.296455 , MAPD:33.795438, R_squared:-0.031429  
	Validation = MSE:55.880295 , RMSE:7.475312 , MAE:6.172704 , MAPD:34.286712, R_squared:-0.005512

2024-03-21 04:46:43,728 Epoch 220/300, Train Loss: 59.515820, Val Loss: 57.320395  
	Train = MSE:59.515820 , RMSE:7.714650 , MAE:6.297063 , MAPD:33.831662, R_squared:-0.030229  
	Validation = MSE:57.320389 , RMSE:7.571023 , MAE:6.433587 , MAPD:36.818253, R_squared:-0.031426

2024-03-21 04:47:01,054 Epoch 221/300, Train Loss: 59.538225, Val Loss: 55.783859  
	Train = MSE:59.538223 , RMSE:7.716102 , MAE:6.286491 , MAPD:33.749171, R_squared:-0.030617  
	Validation = MSE:55.783859 , RMSE:7.468859 , MAE:6.143518 , MAPD:33.987823, R_squared:-0.003777

2024-03-21 04:47:20,942 Epoch 222/300, Train Loss: 59.815982, Val Loss: 55.608916  
	Train = MSE:59.815979 , RMSE:7.734079 , MAE:6.313627 , MAPD:33.859159, R_squared:-0.035425  
	Validation = MSE:55.608917 , RMSE:7.457139 , MAE:6.065639 , MAPD:33.162680, R_squared:-0.000629

2024-03-21 04:47:40,043 Epoch 223/300, Train Loss: 59.713164, Val Loss: 56.081260  
	Train = MSE:59.713169 , RMSE:7.727430 , MAE:6.294886 , MAPD:33.810362, R_squared:-0.033645  
	Validation = MSE:56.081261 , RMSE:7.488742 , MAE:6.223629 , MAPD:34.795708, R_squared:-0.009129

2024-03-21 04:47:57,525 Epoch 224/300, Train Loss: 59.874965, Val Loss: 56.805538  
	Train = MSE:59.874966 , RMSE:7.737892 , MAE:6.308987 , MAPD:33.941890, R_squared:-0.036446  
	Validation = MSE:56.805538 , RMSE:7.536945 , MAE:5.808137 , MAPD:29.788430, R_squared:-0.022161

2024-03-21 04:48:15,378 Epoch 225/300, Train Loss: 59.591681, Val Loss: 59.583561  
	Train = MSE:59.591679 , RMSE:7.719564 , MAE:6.289371 , MAPD:33.636580, R_squared:-0.031542  
	Validation = MSE:59.583565 , RMSE:7.719039 , MAE:6.688185 , MAPD:39.171339, R_squared:-0.072149

2024-03-21 04:48:33,564 Epoch 226/300, Train Loss: 59.935639, Val Loss: 55.657091  
	Train = MSE:59.935638 , RMSE:7.741811 , MAE:6.320339 , MAPD:33.956440, R_squared:-0.037496  
	Validation = MSE:55.657089 , RMSE:7.460368 , MAE:5.958180 , MAPD:31.859189, R_squared:-0.001496

2024-03-21 04:48:52,118 Epoch 227/300, Train Loss: 59.474853, Val Loss: 56.568582  
	Train = MSE:59.474850 , RMSE:7.711994 , MAE:6.284977 , MAPD:33.717855, R_squared:-0.029520  
	Validation = MSE:56.568584 , RMSE:7.521209 , MAE:6.319662 , MAPD:35.731580, R_squared:-0.017897

2024-03-21 04:49:10,210 Epoch 228/300, Train Loss: 59.959780, Val Loss: 55.744392  
	Train = MSE:59.959782 , RMSE:7.743370 , MAE:6.312528 , MAPD:33.915083, R_squared:-0.037914  
	Validation = MSE:55.744396 , RMSE:7.466217 , MAE:6.129709 , MAPD:33.846065, R_squared:-0.003067

2024-03-21 04:49:28,275 Epoch 229/300, Train Loss: 59.567822, Val Loss: 55.809477  
	Train = MSE:59.567825 , RMSE:7.718019 , MAE:6.280653 , MAPD:33.700815, R_squared:-0.031129  
	Validation = MSE:55.809479 , RMSE:7.470574 , MAE:6.151799 , MAPD:34.072807, R_squared:-0.004238

2024-03-21 04:49:46,922 Epoch 230/300, Train Loss: 60.011917, Val Loss: 55.633949  
	Train = MSE:60.011917 , RMSE:7.746736 , MAE:6.329375 , MAPD:33.949230, R_squared:-0.038817  
	Validation = MSE:55.633945 , RMSE:7.458817 , MAE:5.967510 , MAPD:31.975792, R_squared:-0.001080

2024-03-21 04:50:05,179 Epoch 231/300, Train Loss: 59.714775, Val Loss: 55.936474  
	Train = MSE:59.714775 , RMSE:7.727533 , MAE:6.295937 , MAPD:33.780229, R_squared:-0.033673  
	Validation = MSE:55.936474 , RMSE:7.479069 , MAE:5.892441 , MAPD:31.024849, R_squared:-0.006523

2024-03-21 04:50:23,986 Epoch 232/300, Train Loss: 59.862239, Val Loss: 64.399742  
	Train = MSE:59.862236 , RMSE:7.737069 , MAE:6.310102 , MAPD:33.846309, R_squared:-0.036226  
	Validation = MSE:64.399750 , RMSE:8.024945 , MAE:7.091754 , MAPD:42.704566, R_squared:-0.158812

2024-03-21 04:50:43,584 Epoch 233/300, Train Loss: 59.763575, Val Loss: 56.420619  
	Train = MSE:59.763573 , RMSE:7.730690 , MAE:6.308241 , MAPD:33.852774, R_squared:-0.034518  
	Validation = MSE:56.420620 , RMSE:7.511366 , MAE:5.835117 , MAPD:30.226833, R_squared:-0.015235

2024-03-21 04:51:01,687 Epoch 234/300, Train Loss: 59.339085, Val Loss: 57.504225  
	Train = MSE:59.339085 , RMSE:7.703187 , MAE:6.278680 , MAPD:33.702532, R_squared:-0.027170  
	Validation = MSE:57.504227 , RMSE:7.583154 , MAE:6.457999 , MAPD:37.048271, R_squared:-0.034733

2024-03-21 04:51:19,136 Epoch 235/300, Train Loss: 59.696768, Val Loss: 56.183652  
	Train = MSE:59.696766 , RMSE:7.726368 , MAE:6.309701 , MAPD:33.826966, R_squared:-0.033361  
	Validation = MSE:56.183651 , RMSE:7.495575 , MAE:6.246259 , MAPD:35.018603, R_squared:-0.010971

2024-03-21 04:51:36,888 Epoch 236/300, Train Loss: 59.742552, Val Loss: 56.344676  
	Train = MSE:59.742558 , RMSE:7.729331 , MAE:6.314959 , MAPD:33.913090, R_squared:-0.034154  
	Validation = MSE:56.344673 , RMSE:7.506309 , MAE:5.842086 , MAPD:30.329484, R_squared:-0.013868

2024-03-21 04:51:55,921 Epoch 237/300, Train Loss: 59.485176, Val Loss: 63.053759  
	Train = MSE:59.485172 , RMSE:7.712663 , MAE:6.296736 , MAPD:33.872083, R_squared:-0.029699  
	Validation = MSE:63.053761 , RMSE:7.940640 , MAE:5.783237 , MAPD:27.141961, R_squared:-0.134592

2024-03-21 04:52:13,755 Epoch 238/300, Train Loss: 59.790315, Val Loss: 56.028801  
	Train = MSE:59.790314 , RMSE:7.732419 , MAE:6.291316 , MAPD:33.749566, R_squared:-0.034981  
	Validation = MSE:56.028805 , RMSE:7.485239 , MAE:5.878337 , MAPD:30.837871, R_squared:-0.008185

2024-03-21 04:52:31,544 Epoch 239/300, Train Loss: 59.854700, Val Loss: 56.780649  
	Train = MSE:59.854702 , RMSE:7.736582 , MAE:6.314717 , MAPD:33.908219, R_squared:-0.036095  
	Validation = MSE:56.780655 , RMSE:7.535294 , MAE:5.809603 , MAPD:29.813763, R_squared:-0.021713

2024-03-21 04:52:48,763 Epoch 240/300, Train Loss: 59.783374, Val Loss: 55.766427  
	Train = MSE:59.783375 , RMSE:7.731971 , MAE:6.294491 , MAPD:33.752183, R_squared:-0.034860  
	Validation = MSE:55.766430 , RMSE:7.467692 , MAE:6.137589 , MAPD:33.926992, R_squared:-0.003463

2024-03-21 04:53:07,612 Epoch 241/300, Train Loss: 59.807470, Val Loss: 55.917670  
	Train = MSE:59.807468 , RMSE:7.733529 , MAE:6.320493 , MAPD:33.939554, R_squared:-0.035277  
	Validation = MSE:55.917671 , RMSE:7.477812 , MAE:6.183033 , MAPD:34.390940, R_squared:-0.006185

2024-03-21 04:53:27,564 Epoch 242/300, Train Loss: 59.757515, Val Loss: 56.909862  
	Train = MSE:59.757511 , RMSE:7.730298 , MAE:6.309783 , MAPD:33.867638, R_squared:-0.034413  
	Validation = MSE:56.909863 , RMSE:7.543862 , MAE:5.802278 , MAPD:29.685595, R_squared:-0.024038

2024-03-21 04:53:44,775 Epoch 243/300, Train Loss: 59.750299, Val Loss: 55.900591  
	Train = MSE:59.750301 , RMSE:7.729832 , MAE:6.312317 , MAPD:33.889159, R_squared:-0.034288  
	Validation = MSE:55.900589 , RMSE:7.476670 , MAE:6.178388 , MAPD:34.344057, R_squared:-0.005878

2024-03-21 04:54:04,228 Epoch 244/300, Train Loss: 59.991937, Val Loss: 56.961420  
	Train = MSE:59.991940 , RMSE:7.745446 , MAE:6.310099 , MAPD:33.844630, R_squared:-0.038471  
	Validation = MSE:56.961426 , RMSE:7.547279 , MAE:5.799516 , MAPD:29.636517, R_squared:-0.024966

2024-03-21 04:54:21,883 Epoch 245/300, Train Loss: 59.491424, Val Loss: 55.726300  
	Train = MSE:59.491425 , RMSE:7.713068 , MAE:6.287961 , MAPD:33.743721, R_squared:-0.029807  
	Validation = MSE:55.726299 , RMSE:7.465005 , MAE:5.936255 , MAPD:31.585166, R_squared:-0.002741

2024-03-21 04:54:41,137 Epoch 246/300, Train Loss: 59.716818, Val Loss: 61.532143  
	Train = MSE:59.716820 , RMSE:7.727666 , MAE:6.309547 , MAPD:33.812497, R_squared:-0.033708  
	Validation = MSE:61.532139 , RMSE:7.844243 , MAE:6.864666 , MAPD:40.743612, R_squared:-0.107212

2024-03-21 04:54:59,740 Epoch 247/300, Train Loss: 59.570133, Val Loss: 55.580795  
	Train = MSE:59.570133 , RMSE:7.718169 , MAE:6.315498 , MAPD:33.937908, R_squared:-0.031169  
	Validation = MSE:55.580791 , RMSE:7.455253 , MAE:6.003125 , MAPD:32.415383, R_squared:-0.000123

2024-03-21 04:55:18,074 Epoch 248/300, Train Loss: 59.681916, Val Loss: 56.568885  
	Train = MSE:59.681919 , RMSE:7.725408 , MAE:6.309670 , MAPD:33.854541, R_squared:-0.033104  
	Validation = MSE:56.568886 , RMSE:7.521229 , MAE:5.823346 , MAPD:30.044051, R_squared:-0.017903

2024-03-21 04:55:36,375 Epoch 249/300, Train Loss: 59.649664, Val Loss: 59.924163  
	Train = MSE:59.649666 , RMSE:7.723320 , MAE:6.308583 , MAPD:33.757945, R_squared:-0.032546  
	Validation = MSE:59.924160 , RMSE:7.741070 , MAE:6.721094 , MAPD:39.467273, R_squared:-0.078278

2024-03-21 04:55:53,606 Epoch 250/300, Train Loss: 59.526234, Val Loss: 55.750501  
	Train = MSE:59.526234 , RMSE:7.715324 , MAE:6.285951 , MAPD:33.709342, R_squared:-0.030409  
	Validation = MSE:55.750504 , RMSE:7.466626 , MAE:6.131935 , MAPD:33.868961, R_squared:-0.003177

2024-03-21 04:56:12,500 Epoch 251/300, Train Loss: 59.944195, Val Loss: 57.660095  
	Train = MSE:59.944191 , RMSE:7.742363 , MAE:6.325644 , MAPD:33.953687, R_squared:-0.037644  
	Validation = MSE:57.660099 , RMSE:7.593425 , MAE:6.477801 , MAPD:37.234852, R_squared:-0.037538

2024-03-21 04:56:33,809 Epoch 252/300, Train Loss: 59.796453, Val Loss: 55.610609  
	Train = MSE:59.796452 , RMSE:7.732817 , MAE:6.313397 , MAPD:33.867078, R_squared:-0.035087  
	Validation = MSE:55.610611 , RMSE:7.457252 , MAE:5.979204 , MAPD:32.120482, R_squared:-0.000660

2024-03-21 04:56:51,675 Epoch 253/300, Train Loss: 59.601480, Val Loss: 55.780514  
	Train = MSE:59.601479 , RMSE:7.720200 , MAE:6.291497 , MAPD:33.813577, R_squared:-0.031712  
	Validation = MSE:55.780514 , RMSE:7.468636 , MAE:5.922457 , MAPD:31.412729, R_squared:-0.003717

2024-03-21 04:57:09,924 Epoch 254/300, Train Loss: 59.905609, Val Loss: 55.715873  
	Train = MSE:59.905609 , RMSE:7.739872 , MAE:6.315048 , MAPD:33.889829, R_squared:-0.036976  
	Validation = MSE:55.715874 , RMSE:7.464307 , MAE:5.939177 , MAPD:31.621693, R_squared:-0.002554

2024-03-21 04:57:27,675 Epoch 255/300, Train Loss: 59.591377, Val Loss: 56.761954  
	Train = MSE:59.591377 , RMSE:7.719545 , MAE:6.304595 , MAPD:33.817524, R_squared:-0.031537  
	Validation = MSE:56.761951 , RMSE:7.534053 , MAE:6.351624 , MAPD:36.039313, R_squared:-0.021377

2024-03-21 04:57:45,496 Epoch 256/300, Train Loss: 59.170471, Val Loss: 55.575142  
	Train = MSE:59.170475 , RMSE:7.692235 , MAE:6.266724 , MAPD:33.647737, R_squared:-0.024251  
	Validation = MSE:55.575146 , RMSE:7.454874 , MAE:6.013768 , MAPD:32.546291, R_squared:-0.000021

2024-03-21 04:58:03,543 Epoch 257/300, Train Loss: 60.036548, Val Loss: 57.225165  
	Train = MSE:60.036545 , RMSE:7.748325 , MAE:6.302495 , MAPD:33.799752, R_squared:-0.039243  
	Validation = MSE:57.225166 , RMSE:7.564732 , MAE:6.420446 , MAPD:36.694379, R_squared:-0.029712

2024-03-21 04:58:21,749 Epoch 258/300, Train Loss: 59.644479, Val Loss: 55.629267  
	Train = MSE:59.644478 , RMSE:7.722984 , MAE:6.309474 , MAPD:33.833516, R_squared:-0.032456  
	Validation = MSE:55.629269 , RMSE:7.458503 , MAE:5.969607 , MAPD:32.001997, R_squared:-0.000995

2024-03-21 04:58:38,937 Epoch 259/300, Train Loss: 59.440343, Val Loss: 59.122509  
	Train = MSE:59.440342 , RMSE:7.709756 , MAE:6.292777 , MAPD:33.761633, R_squared:-0.028922  
	Validation = MSE:59.122509 , RMSE:7.689116 , MAE:5.752746 , MAPD:28.289728, R_squared:-0.063853

2024-03-21 04:58:58,123 Epoch 260/300, Train Loss: 59.583307, Val Loss: 57.120716  
	Train = MSE:59.583309 , RMSE:7.719023 , MAE:6.278085 , MAPD:33.694127, R_squared:-0.031397  
	Validation = MSE:57.120712 , RMSE:7.557825 , MAE:6.405783 , MAPD:36.555234, R_squared:-0.027833

2024-03-21 04:59:16,353 Epoch 261/300, Train Loss: 59.809899, Val Loss: 56.033995  
	Train = MSE:59.809902 , RMSE:7.733686 , MAE:6.312247 , MAPD:33.860667, R_squared:-0.035320  
	Validation = MSE:56.033993 , RMSE:7.485586 , MAE:6.212411 , MAPD:34.685228, R_squared:-0.008278

2024-03-21 04:59:35,285 Epoch 262/300, Train Loss: 59.763908, Val Loss: 55.638445  
	Train = MSE:59.763905 , RMSE:7.730712 , MAE:6.300100 , MAPD:33.825648, R_squared:-0.034523  
	Validation = MSE:55.638443 , RMSE:7.459118 , MAE:6.083547 , MAPD:33.359965, R_squared:-0.001161

2024-03-21 04:59:53,454 Epoch 263/300, Train Loss: 59.989103, Val Loss: 58.372127  
	Train = MSE:59.989101 , RMSE:7.745263 , MAE:6.305331 , MAPD:33.896850, R_squared:-0.038422  
	Validation = MSE:58.372128 , RMSE:7.640165 , MAE:6.561663 , MAPD:38.017185, R_squared:-0.050351

2024-03-21 05:00:11,446 Epoch 264/300, Train Loss: 59.473331, Val Loss: 55.905238  
	Train = MSE:59.473331 , RMSE:7.711895 , MAE:6.295383 , MAPD:33.780442, R_squared:-0.029493  
	Validation = MSE:55.905239 , RMSE:7.476981 , MAE:5.897613 , MAPD:31.093418, R_squared:-0.005961

2024-03-21 05:00:30,629 Epoch 265/300, Train Loss: 59.678354, Val Loss: 60.459655  
	Train = MSE:59.678352 , RMSE:7.725176 , MAE:6.298454 , MAPD:33.788502, R_squared:-0.033042  
	Validation = MSE:60.459660 , RMSE:7.775581 , MAE:5.753970 , MAPD:27.790699, R_squared:-0.087914

2024-03-21 05:00:48,532 Epoch 266/300, Train Loss: 59.399210, Val Loss: 56.647138  
	Train = MSE:59.399212 , RMSE:7.707088 , MAE:6.303653 , MAPD:33.792668, R_squared:-0.028210  
	Validation = MSE:56.647141 , RMSE:7.526430 , MAE:6.332991 , MAPD:35.859914, R_squared:-0.019311

2024-03-21 05:01:07,523 Epoch 267/300, Train Loss: 59.673674, Val Loss: 56.143639  
	Train = MSE:59.673672 , RMSE:7.724874 , MAE:6.304444 , MAPD:33.806881, R_squared:-0.032961  
	Validation = MSE:56.143639 , RMSE:7.492906 , MAE:6.237660 , MAPD:34.933913, R_squared:-0.010251

2024-03-21 05:01:26,163 Epoch 268/300, Train Loss: 60.307002, Val Loss: 55.574023  
	Train = MSE:60.306999 , RMSE:7.765758 , MAE:6.331922 , MAPD:33.960091, R_squared:-0.043924  
	Validation = MSE:55.574024 , RMSE:7.454799 , MAE:6.023513 , MAPD:32.664594, R_squared:-0.000001

2024-03-21 05:01:43,630 Epoch 269/300, Train Loss: 59.619203, Val Loss: 55.602457  
	Train = MSE:59.619202 , RMSE:7.721347 , MAE:6.311920 , MAPD:33.862936, R_squared:-0.032019  
	Validation = MSE:55.602463 , RMSE:7.456706 , MAE:5.984181 , MAPD:32.181845, R_squared:-0.000513

2024-03-21 05:02:03,242 Epoch 270/300, Train Loss: 59.911443, Val Loss: 55.609678  
	Train = MSE:59.911442 , RMSE:7.740248 , MAE:6.334587 , MAPD:33.961523, R_squared:-0.037077  
	Validation = MSE:55.609676 , RMSE:7.457190 , MAE:6.066156 , MAPD:33.168525, R_squared:-0.000643

2024-03-21 05:02:21,299 Epoch 271/300, Train Loss: 59.615336, Val Loss: 69.750292  
	Train = MSE:59.615337 , RMSE:7.721097 , MAE:6.292144 , MAPD:33.747441, R_squared:-0.031952  
	Validation = MSE:69.750290 , RMSE:8.351664 , MAE:7.454183 , MAPD:45.738946, R_squared:-0.255090

2024-03-21 05:02:40,656 Epoch 272/300, Train Loss: 59.696387, Val Loss: 58.892258  
	Train = MSE:59.696388 , RMSE:7.726344 , MAE:6.307192 , MAPD:33.846758, R_squared:-0.033355  
	Validation = MSE:58.892258 , RMSE:7.674129 , MAE:5.754182 , MAPD:28.393849, R_squared:-0.059710

2024-03-21 05:02:58,747 Epoch 273/300, Train Loss: 59.995698, Val Loss: 55.611328  
	Train = MSE:59.995701 , RMSE:7.745689 , MAE:6.316389 , MAPD:33.854463, R_squared:-0.038536  
	Validation = MSE:55.611328 , RMSE:7.457300 , MAE:6.067276 , MAPD:33.181070, R_squared:-0.000673

2024-03-21 05:03:16,216 Epoch 274/300, Train Loss: 59.129839, Val Loss: 56.196286  
	Train = MSE:59.129837 , RMSE:7.689593 , MAE:6.271749 , MAPD:33.670908, R_squared:-0.023548  
	Validation = MSE:56.196278 , RMSE:7.496418 , MAE:5.857332 , MAPD:30.548732, R_squared:-0.011198

2024-03-21 05:03:34,813 Epoch 275/300, Train Loss: 59.432947, Val Loss: 58.142008  
	Train = MSE:59.432949 , RMSE:7.709277 , MAE:6.281304 , MAPD:33.650615, R_squared:-0.028794  
	Validation = MSE:58.142006 , RMSE:7.625091 , MAE:6.535376 , MAPD:37.774288, R_squared:-0.046210

2024-03-21 05:03:53,242 Epoch 276/300, Train Loss: 59.750970, Val Loss: 64.457429  
	Train = MSE:59.750969 , RMSE:7.729875 , MAE:6.289475 , MAPD:33.738524, R_squared:-0.034299  
	Validation = MSE:64.457428 , RMSE:8.028539 , MAE:7.096019 , MAPD:42.740922, R_squared:-0.159850

2024-03-21 05:04:11,859 Epoch 277/300, Train Loss: 59.392681, Val Loss: 64.226932  
	Train = MSE:59.392681 , RMSE:7.706665 , MAE:6.293097 , MAPD:33.768223, R_squared:-0.028097  
	Validation = MSE:64.226936 , RMSE:8.014171 , MAE:7.078894 , MAPD:42.594940, R_squared:-0.155702

2024-03-21 05:04:29,479 Epoch 278/300, Train Loss: 59.449770, Val Loss: 56.999709  
	Train = MSE:59.449768 , RMSE:7.710368 , MAE:6.287832 , MAPD:33.798300, R_squared:-0.029086  
	Validation = MSE:56.999706 , RMSE:7.549815 , MAE:6.388160 , MAPD:36.388017, R_squared:-0.025655

2024-03-21 05:04:47,906 Epoch 279/300, Train Loss: 59.820466, Val Loss: 56.018904  
	Train = MSE:59.820465 , RMSE:7.734369 , MAE:6.298440 , MAPD:33.843231, R_squared:-0.035502  
	Validation = MSE:56.018906 , RMSE:7.484578 , MAE:5.879776 , MAPD:30.856944, R_squared:-0.008007

2024-03-21 05:05:07,264 Epoch 280/300, Train Loss: 59.533818, Val Loss: 55.580959  
	Train = MSE:59.533817 , RMSE:7.715816 , MAE:6.303990 , MAPD:33.798242, R_squared:-0.030541  
	Validation = MSE:55.580956 , RMSE:7.455264 , MAE:6.002908 , MAPD:32.412709, R_squared:-0.000126

2024-03-21 05:05:25,647 Epoch 281/300, Train Loss: 59.326363, Val Loss: 56.573537  
	Train = MSE:59.326363 , RMSE:7.702361 , MAE:6.283769 , MAPD:33.752679, R_squared:-0.026949  
	Validation = MSE:56.573536 , RMSE:7.521538 , MAE:5.823012 , MAPD:30.038652, R_squared:-0.017987

2024-03-21 05:05:46,337 Epoch 282/300, Train Loss: 59.818524, Val Loss: 55.690825  
	Train = MSE:59.818523 , RMSE:7.734243 , MAE:6.310225 , MAPD:33.886037, R_squared:-0.035469  
	Validation = MSE:55.690819 , RMSE:7.462628 , MAE:5.946672 , MAPD:31.715356, R_squared:-0.002103

2024-03-21 05:06:04,692 Epoch 283/300, Train Loss: 59.499864, Val Loss: 57.606595  
	Train = MSE:59.499863 , RMSE:7.713615 , MAE:6.296989 , MAPD:33.801100, R_squared:-0.029953  
	Validation = MSE:57.606598 , RMSE:7.589901 , MAE:6.471091 , MAPD:37.171623, R_squared:-0.036576

2024-03-21 05:06:24,765 Epoch 284/300, Train Loss: 59.777302, Val Loss: 61.267755  
	Train = MSE:59.777302 , RMSE:7.731578 , MAE:6.307520 , MAPD:33.895595, R_squared:-0.034755  
	Validation = MSE:61.267754 , RMSE:7.827372 , MAE:6.842204 , MAPD:40.545369, R_squared:-0.102455

2024-03-21 05:06:44,990 Epoch 285/300, Train Loss: 59.754984, Val Loss: 55.873600  
	Train = MSE:59.754982 , RMSE:7.730134 , MAE:6.326394 , MAPD:33.914453, R_squared:-0.034369  
	Validation = MSE:55.873600 , RMSE:7.474864 , MAE:6.170810 , MAPD:34.267497, R_squared:-0.005392

2024-03-21 05:07:06,374 Epoch 286/300, Train Loss: 59.615355, Val Loss: 56.662581  
	Train = MSE:59.615353 , RMSE:7.721098 , MAE:6.285488 , MAPD:33.725764, R_squared:-0.031952  
	Validation = MSE:56.662579 , RMSE:7.527455 , MAE:6.335554 , MAPD:35.884585, R_squared:-0.019589

2024-03-21 05:07:27,770 Epoch 287/300, Train Loss: 59.757612, Val Loss: 56.306344  
	Train = MSE:59.757610 , RMSE:7.730305 , MAE:6.301903 , MAPD:33.819577, R_squared:-0.034414  
	Validation = MSE:56.306343 , RMSE:7.503755 , MAE:5.845735 , MAPD:30.383221, R_squared:-0.013179

2024-03-21 05:07:47,339 Epoch 288/300, Train Loss: 59.639614, Val Loss: 55.832269  
	Train = MSE:59.639614 , RMSE:7.722669 , MAE:6.299756 , MAPD:33.781333, R_squared:-0.032372  
	Validation = MSE:55.832264 , RMSE:7.472099 , MAE:6.158796 , MAPD:34.144605, R_squared:-0.004648

2024-03-21 05:08:09,083 Epoch 289/300, Train Loss: 59.457373, Val Loss: 58.867478  
	Train = MSE:59.457375 , RMSE:7.710861 , MAE:6.296031 , MAPD:33.822092, R_squared:-0.029217  
	Validation = MSE:58.867477 , RMSE:7.672514 , MAE:6.615563 , MAPD:38.511696, R_squared:-0.059264

2024-03-21 05:08:30,809 Epoch 290/300, Train Loss: 60.191741, Val Loss: 56.393473  
	Train = MSE:60.191738 , RMSE:7.758334 , MAE:6.337105 , MAPD:33.991847, R_squared:-0.041929  
	Validation = MSE:56.393471 , RMSE:7.509559 , MAE:6.287909 , MAPD:35.425862, R_squared:-0.014747

2024-03-21 05:08:50,426 Epoch 291/300, Train Loss: 59.306867, Val Loss: 58.243944  
	Train = MSE:59.306870 , RMSE:7.701096 , MAE:6.284386 , MAPD:33.729044, R_squared:-0.026612  
	Validation = MSE:58.243946 , RMSE:7.631772 , MAE:5.760951 , MAPD:28.721462, R_squared:-0.048044

2024-03-21 05:09:11,776 Epoch 292/300, Train Loss: 59.627604, Val Loss: 56.540385  
	Train = MSE:59.627602 , RMSE:7.721891 , MAE:6.311370 , MAPD:33.781514, R_squared:-0.032164  
	Validation = MSE:56.540382 , RMSE:7.519334 , MAE:6.314750 , MAPD:35.684285, R_squared:-0.017390

2024-03-21 05:09:31,223 Epoch 293/300, Train Loss: 59.838627, Val Loss: 56.146565  
	Train = MSE:59.838631 , RMSE:7.735543 , MAE:6.313242 , MAPD:33.922768, R_squared:-0.035817  
	Validation = MSE:56.146568 , RMSE:7.493102 , MAE:6.238299 , MAPD:34.940205, R_squared:-0.010304

2024-03-21 05:09:50,749 Epoch 294/300, Train Loss: 59.697235, Val Loss: 55.869224  
	Train = MSE:59.697231 , RMSE:7.726398 , MAE:6.306178 , MAPD:33.836859, R_squared:-0.033369  
	Validation = MSE:55.869228 , RMSE:7.474572 , MAE:6.169567 , MAPD:34.254846, R_squared:-0.005313

2024-03-21 05:10:10,765 Epoch 295/300, Train Loss: 59.486536, Val Loss: 56.225779  
	Train = MSE:59.486534 , RMSE:7.712751 , MAE:6.283216 , MAPD:33.740890, R_squared:-0.029722  
	Validation = MSE:56.225777 , RMSE:7.498385 , MAE:6.255012 , MAPD:35.104819, R_squared:-0.011729

2024-03-21 05:10:30,718 Epoch 296/300, Train Loss: 60.000820, Val Loss: 55.794890  
	Train = MSE:60.000820 , RMSE:7.746020 , MAE:6.292531 , MAPD:33.814863, R_squared:-0.038624  
	Validation = MSE:55.794888 , RMSE:7.469597 , MAE:5.919161 , MAPD:31.371187, R_squared:-0.003976

2024-03-21 05:10:51,663 Epoch 297/300, Train Loss: 59.575313, Val Loss: 56.912894  
	Train = MSE:59.575317 , RMSE:7.718505 , MAE:6.287405 , MAPD:33.694378, R_squared:-0.031259  
	Validation = MSE:56.912895 , RMSE:7.544064 , MAE:6.375052 , MAPD:36.263631, R_squared:-0.024093

2024-03-21 05:11:12,154 Epoch 298/300, Train Loss: 59.613211, Val Loss: 55.612565  
	Train = MSE:59.613209 , RMSE:7.720959 , MAE:6.315677 , MAPD:33.903611, R_squared:-0.031915  
	Validation = MSE:55.612564 , RMSE:7.457383 , MAE:5.978096 , MAPD:32.106815, R_squared:-0.000695

2024-03-21 05:11:32,086 Epoch 299/300, Train Loss: 59.474870, Val Loss: 56.120127  
	Train = MSE:59.474869 , RMSE:7.711995 , MAE:6.310917 , MAPD:33.863163, R_squared:-0.029520  
	Validation = MSE:56.120129 , RMSE:7.491337 , MAE:6.232466 , MAPD:34.882755, R_squared:-0.009828

2024-03-21 05:11:52,378 Epoch 300/300, Train Loss: 59.952671, Val Loss: 65.041256  
	Train = MSE:59.952671 , RMSE:7.742911 , MAE:6.316796 , MAPD:33.877891, R_squared:-0.037791  
	Validation = MSE:65.041252 , RMSE:8.064816 , MAE:7.138426 , MAPD:43.102423, R_squared:-0.170355

2024-03-21 05:11:52,384 Time for training the model: 5535.088589
2024-03-21 05:11:55,866 MSE for train: 64.539894
2024-03-21 05:11:55,866 RMSE for train: 8.033672
2024-03-21 05:11:55,866 MAE for train: 7.069574
2024-03-21 05:11:55,866 MAPD for train: 41.719359
2024-03-21 05:11:55,866 R^2 Score for train: -0.117197
2024-03-21 05:11:55,875 Inference time for train dataset: 1.033000

2024-03-21 05:11:56,046 MSE for val: 65.041252
2024-03-21 05:11:56,046 RMSE for val: 8.064816
2024-03-21 05:11:56,046 MAE for val: 7.138426
2024-03-21 05:11:56,046 MAPD for val: 43.102423
2024-03-21 05:11:56,046 R^2 Score for val: -0.170355
2024-03-21 05:11:56,056 Inference time for val dataset: 0.171000

2024-03-21 05:11:56,227 MSE for test: 63.849438
2024-03-21 05:11:56,227 RMSE for test: 7.990584
2024-03-21 05:11:56,227 MAE for test: 6.988299
2024-03-21 05:11:56,227 MAPD for test: 39.398916
2024-03-21 05:11:56,227 R^2 Score for test: -0.053809
2024-03-21 05:11:56,235 Inference time for test dataset: 0.171000

2024-03-21 05:11:58,346 Train label average: , [20.62097221]
2024-03-21 05:11:58,346 Test label average: , [21.41736175]
2024-03-21 05:11:58,346 validation label average: , [20.14607025]
2024-03-21 05:11:58,347 predicted (on validation dataset) values average: , 23.22296630859375
