2024-03-21 06:13:05,587 train batches in dataset: 200
2024-03-21 06:13:05,588 val batches in dataset: 25
2024-03-21 06:13:05,588 test batches in dataset: 25
2024-03-21 06:13:05,601 Trainable parameter: net_core.0.weight - size: torch.Size([256, 35])
2024-03-21 06:13:05,610 Trainable parameter: net_core.0.bias - size: torch.Size([256])
2024-03-21 06:13:05,615 Trainable parameter: net_core.1.weight - size: torch.Size([128, 256])
2024-03-21 06:13:05,619 Trainable parameter: net_core.1.bias - size: torch.Size([128])
2024-03-21 06:13:05,623 Trainable parameter: net_core.2.weight - size: torch.Size([64, 128])
2024-03-21 06:13:05,627 Trainable parameter: net_core.2.bias - size: torch.Size([64])
2024-03-21 06:13:05,631 Trainable parameter: net_core.3.weight - size: torch.Size([16, 64])
2024-03-21 06:13:05,632 Trainable parameter: net_core.3.bias - size: torch.Size([16])
2024-03-21 06:13:05,632 Trainable parameter: net_core.4.weight - size: torch.Size([1, 16])
2024-03-21 06:13:05,633 Trainable parameter: net_core.4.bias - size: torch.Size([1])
2024-03-21 06:13:05,633 Number of trainable parameters: 51425
2024-03-21 06:13:05,633 Number of non-trainable parameters: 0
2024-03-21 06:13:17,256 Epoch 1/300, Train Loss: 315.667445, Val Loss: 127.976387  
	Train = MSE:315.706543 , RMSE:17.768133 , MAE:15.849761 , MAPD:74.085975, R_squared:-4.464934  
	Validation = MSE:127.976387 , RMSE:11.312665 , MAE:8.860693 , MAPD:37.537517, R_squared:-1.302812

2024-03-21 06:13:29,185 Epoch 2/300, Train Loss: 58.675102, Val Loss: 38.240488  
	Train = MSE:58.679543 , RMSE:7.660257 , MAE:5.936318 , MAPD:29.011786, R_squared:-0.015753  
	Validation = MSE:38.240490 , RMSE:6.183889 , MAE:5.267598 , MAPD:30.065910, R_squared:0.311899

2024-03-21 06:13:39,886 Epoch 3/300, Train Loss: 31.407465, Val Loss: 23.503567  
	Train = MSE:31.407146 , RMSE:5.604208 , MAE:4.679822 , MAPD:25.871304, R_squared:0.456337  
	Validation = MSE:23.503565 , RMSE:4.848048 , MAE:4.172368 , MAPD:24.337391, R_squared:0.577076

2024-03-21 06:13:50,448 Epoch 4/300, Train Loss: 15.360532, Val Loss: 8.107008  
	Train = MSE:15.361644 , RMSE:3.919393 , MAE:3.233555 , MAPD:18.331170, R_squared:0.734087  
	Validation = MSE:8.107008 , RMSE:2.847281 , MAE:2.389024 , MAPD:14.460281, R_squared:0.854122

2024-03-21 06:14:02,095 Epoch 5/300, Train Loss: 4.317865, Val Loss: 2.184161  
	Train = MSE:4.318424 , RMSE:2.078082 , MAE:1.645927 , MAPD:9.827908, R_squared:0.925247  
	Validation = MSE:2.184161 , RMSE:1.477891 , MAE:1.151421 , MAPD:7.112834, R_squared:0.960698

2024-03-21 06:14:16,346 Epoch 6/300, Train Loss: 1.555851, Val Loss: 1.011512  
	Train = MSE:1.556121 , RMSE:1.247446 , MAE:0.993506 , MAPD:5.781808, R_squared:0.973063  
	Validation = MSE:1.011512 , RMSE:1.005739 , MAE:0.808458 , MAPD:4.630714, R_squared:0.981799

2024-03-21 06:14:27,312 Epoch 7/300, Train Loss: 0.932025, Val Loss: 0.669876  
	Train = MSE:0.932119 , RMSE:0.965463 , MAE:0.765750 , MAPD:4.273703, R_squared:0.983865  
	Validation = MSE:0.669876 , RMSE:0.818460 , MAE:0.651259 , MAPD:3.645109, R_squared:0.987946

2024-03-21 06:14:38,164 Epoch 8/300, Train Loss: 0.669131, Val Loss: 0.514455  
	Train = MSE:0.669254 , RMSE:0.818079 , MAE:0.637819 , MAPD:3.456776, R_squared:0.988415  
	Validation = MSE:0.514455 , RMSE:0.717255 , MAE:0.572150 , MAPD:3.242735, R_squared:0.990743

2024-03-21 06:14:48,791 Epoch 9/300, Train Loss: 0.517112, Val Loss: 0.387607  
	Train = MSE:0.517124 , RMSE:0.719113 , MAE:0.554791 , MAPD:2.958406, R_squared:0.991049  
	Validation = MSE:0.387607 , RMSE:0.622581 , MAE:0.486426 , MAPD:2.633189, R_squared:0.993025

2024-03-21 06:15:00,369 Epoch 10/300, Train Loss: 0.414490, Val Loss: 0.305957  
	Train = MSE:0.414577 , RMSE:0.643876 , MAE:0.494137 , MAPD:2.621890, R_squared:0.992824  
	Validation = MSE:0.305957 , RMSE:0.553134 , MAE:0.430929 , MAPD:2.374073, R_squared:0.994495

2024-03-21 06:15:12,317 Epoch 11/300, Train Loss: 0.336131, Val Loss: 0.265257  
	Train = MSE:0.336102 , RMSE:0.579743 , MAE:0.440406 , MAPD:2.333412, R_squared:0.994182  
	Validation = MSE:0.265257 , RMSE:0.515031 , MAE:0.401715 , MAPD:2.253639, R_squared:0.995227

2024-03-21 06:15:24,959 Epoch 12/300, Train Loss: 0.281938, Val Loss: 0.213038  
	Train = MSE:0.281951 , RMSE:0.530991 , MAE:0.399554 , MAPD:2.113473, R_squared:0.995119  
	Validation = MSE:0.213038 , RMSE:0.461561 , MAE:0.353255 , MAPD:1.947225, R_squared:0.996167

2024-03-21 06:15:36,518 Epoch 13/300, Train Loss: 0.237506, Val Loss: 0.185062  
	Train = MSE:0.237529 , RMSE:0.487369 , MAE:0.366301 , MAPD:1.942257, R_squared:0.995888  
	Validation = MSE:0.185062 , RMSE:0.430188 , MAE:0.327942 , MAPD:1.816195, R_squared:0.996670

2024-03-21 06:15:47,067 Epoch 14/300, Train Loss: 0.210046, Val Loss: 0.178284  
	Train = MSE:0.210056 , RMSE:0.458319 , MAE:0.343210 , MAPD:1.818603, R_squared:0.996364  
	Validation = MSE:0.178284 , RMSE:0.422237 , MAE:0.322054 , MAPD:1.767965, R_squared:0.996792

2024-03-21 06:15:57,327 Epoch 15/300, Train Loss: 0.191933, Val Loss: 0.169673  
	Train = MSE:0.191944 , RMSE:0.438114 , MAE:0.329719 , MAPD:1.750149, R_squared:0.996677  
	Validation = MSE:0.169673 , RMSE:0.411914 , MAE:0.318870 , MAPD:1.806311, R_squared:0.996947

2024-03-21 06:16:07,709 Epoch 16/300, Train Loss: 0.178499, Val Loss: 0.143374  
	Train = MSE:0.178515 , RMSE:0.422511 , MAE:0.318223 , MAPD:1.689210, R_squared:0.996910  
	Validation = MSE:0.143374 , RMSE:0.378648 , MAE:0.287056 , MAPD:1.598976, R_squared:0.997420

2024-03-21 06:16:18,719 Epoch 17/300, Train Loss: 0.164273, Val Loss: 0.148513  
	Train = MSE:0.164265 , RMSE:0.405297 , MAE:0.305147 , MAPD:1.621187, R_squared:0.997157  
	Validation = MSE:0.148513 , RMSE:0.385374 , MAE:0.289680 , MAPD:1.605881, R_squared:0.997328

2024-03-21 06:16:29,239 Epoch 18/300, Train Loss: 0.153226, Val Loss: 0.141354  
	Train = MSE:0.153253 , RMSE:0.391476 , MAE:0.294863 , MAPD:1.571237, R_squared:0.997347  
	Validation = MSE:0.141354 , RMSE:0.375970 , MAE:0.289272 , MAPD:1.655576, R_squared:0.997456

2024-03-21 06:16:39,699 Epoch 19/300, Train Loss: 0.150191, Val Loss: 0.127978  
	Train = MSE:0.150173 , RMSE:0.387522 , MAE:0.292823 , MAPD:1.563654, R_squared:0.997400  
	Validation = MSE:0.127978 , RMSE:0.357740 , MAE:0.272413 , MAPD:1.560657, R_squared:0.997697

2024-03-21 06:16:51,116 Epoch 20/300, Train Loss: 0.137786, Val Loss: 0.120892  
	Train = MSE:0.137798 , RMSE:0.371212 , MAE:0.279458 , MAPD:1.486479, R_squared:0.997615  
	Validation = MSE:0.120892 , RMSE:0.347696 , MAE:0.258353 , MAPD:1.443114, R_squared:0.997825

2024-03-21 06:17:01,398 Epoch 21/300, Train Loss: 0.130788, Val Loss: 0.114787  
	Train = MSE:0.130788 , RMSE:0.361647 , MAE:0.271235 , MAPD:1.450885, R_squared:0.997736  
	Validation = MSE:0.114787 , RMSE:0.338803 , MAE:0.254728 , MAPD:1.456377, R_squared:0.997935

2024-03-21 06:17:13,985 Epoch 22/300, Train Loss: 0.121006, Val Loss: 0.119023  
	Train = MSE:0.121011 , RMSE:0.347866 , MAE:0.258981 , MAPD:1.383300, R_squared:0.997905  
	Validation = MSE:0.119023 , RMSE:0.344996 , MAE:0.253217 , MAPD:1.415474, R_squared:0.997858

2024-03-21 06:17:26,425 Epoch 23/300, Train Loss: 0.123239, Val Loss: 0.121269  
	Train = MSE:0.123253 , RMSE:0.351073 , MAE:0.263512 , MAPD:1.419778, R_squared:0.997866  
	Validation = MSE:0.121269 , RMSE:0.348238 , MAE:0.253217 , MAPD:1.396983, R_squared:0.997818

2024-03-21 06:17:36,981 Epoch 24/300, Train Loss: 0.115098, Val Loss: 0.101982  
	Train = MSE:0.115115 , RMSE:0.339286 , MAE:0.251479 , MAPD:1.347768, R_squared:0.998007  
	Validation = MSE:0.101982 , RMSE:0.319346 , MAE:0.232947 , MAPD:1.314231, R_squared:0.998165

2024-03-21 06:17:48,608 Epoch 25/300, Train Loss: 0.108513, Val Loss: 0.106996  
	Train = MSE:0.108531 , RMSE:0.329440 , MAE:0.245510 , MAPD:1.319078, R_squared:0.998121  
	Validation = MSE:0.106996 , RMSE:0.327102 , MAE:0.248409 , MAPD:1.429761, R_squared:0.998075

2024-03-21 06:17:59,325 Epoch 26/300, Train Loss: 0.106688, Val Loss: 0.109024  
	Train = MSE:0.106696 , RMSE:0.326643 , MAE:0.242739 , MAPD:1.310136, R_squared:0.998153  
	Validation = MSE:0.109024 , RMSE:0.330188 , MAE:0.251029 , MAPD:1.427141, R_squared:0.998038

2024-03-21 06:18:12,393 Epoch 27/300, Train Loss: 0.102134, Val Loss: 0.097153  
	Train = MSE:0.102147 , RMSE:0.319605 , MAE:0.236527 , MAPD:1.277393, R_squared:0.998232  
	Validation = MSE:0.097153 , RMSE:0.311693 , MAE:0.224575 , MAPD:1.246414, R_squared:0.998252

2024-03-21 06:18:22,817 Epoch 28/300, Train Loss: 0.099215, Val Loss: 0.095648  
	Train = MSE:0.099213 , RMSE:0.314980 , MAE:0.232626 , MAPD:1.256583, R_squared:0.998283  
	Validation = MSE:0.095648 , RMSE:0.309270 , MAE:0.230253 , MAPD:1.336396, R_squared:0.998279

2024-03-21 06:18:33,571 Epoch 29/300, Train Loss: 0.094911, Val Loss: 0.094671  
	Train = MSE:0.094928 , RMSE:0.308103 , MAE:0.227733 , MAPD:1.226754, R_squared:0.998357  
	Validation = MSE:0.094671 , RMSE:0.307687 , MAE:0.219394 , MAPD:1.234037, R_squared:0.998296

2024-03-21 06:18:44,703 Epoch 30/300, Train Loss: 0.092753, Val Loss: 0.089061  
	Train = MSE:0.092762 , RMSE:0.304569 , MAE:0.222472 , MAPD:1.204038, R_squared:0.998394  
	Validation = MSE:0.089061 , RMSE:0.298431 , MAE:0.207621 , MAPD:1.170217, R_squared:0.998397

2024-03-21 06:18:55,003 Epoch 31/300, Train Loss: 0.088993, Val Loss: 0.082736  
	Train = MSE:0.088994 , RMSE:0.298318 , MAE:0.217158 , MAPD:1.178530, R_squared:0.998460  
	Validation = MSE:0.082736 , RMSE:0.287639 , MAE:0.205539 , MAPD:1.180073, R_squared:0.998511

2024-03-21 06:19:06,681 Epoch 32/300, Train Loss: 0.086059, Val Loss: 0.080888  
	Train = MSE:0.086012 , RMSE:0.293278 , MAE:0.212472 , MAPD:1.155913, R_squared:0.998511  
	Validation = MSE:0.080888 , RMSE:0.284408 , MAE:0.201013 , MAPD:1.142352, R_squared:0.998544

2024-03-21 06:19:19,527 Epoch 33/300, Train Loss: 0.082829, Val Loss: 0.092908  
	Train = MSE:0.082810 , RMSE:0.287768 , MAE:0.207883 , MAPD:1.131268, R_squared:0.998567  
	Validation = MSE:0.092908 , RMSE:0.304808 , MAE:0.236727 , MAPD:1.370898, R_squared:0.998328

2024-03-21 06:19:29,817 Epoch 34/300, Train Loss: 0.082754, Val Loss: 0.083771  
	Train = MSE:0.082755 , RMSE:0.287671 , MAE:0.209415 , MAPD:1.141716, R_squared:0.998568  
	Validation = MSE:0.083771 , RMSE:0.289433 , MAE:0.204083 , MAPD:1.157163, R_squared:0.998493

2024-03-21 06:19:41,295 Epoch 35/300, Train Loss: 0.078471, Val Loss: 0.083623  
	Train = MSE:0.078480 , RMSE:0.280142 , MAE:0.203689 , MAPD:1.107961, R_squared:0.998642  
	Validation = MSE:0.083623 , RMSE:0.289176 , MAE:0.219242 , MAPD:1.246235, R_squared:0.998495

2024-03-21 06:19:51,603 Epoch 36/300, Train Loss: 0.079873, Val Loss: 0.075832  
	Train = MSE:0.079880 , RMSE:0.282630 , MAE:0.205217 , MAPD:1.113642, R_squared:0.998617  
	Validation = MSE:0.075832 , RMSE:0.275377 , MAE:0.195956 , MAPD:1.091421, R_squared:0.998635

2024-03-21 06:20:02,631 Epoch 37/300, Train Loss: 0.074800, Val Loss: 0.074463  
	Train = MSE:0.074802 , RMSE:0.273500 , MAE:0.198581 , MAPD:1.084533, R_squared:0.998705  
	Validation = MSE:0.074463 , RMSE:0.272880 , MAE:0.192769 , MAPD:1.085657, R_squared:0.998660

2024-03-21 06:20:13,447 Epoch 38/300, Train Loss: 0.075813, Val Loss: 0.074887  
	Train = MSE:0.075815 , RMSE:0.275345 , MAE:0.199412 , MAPD:1.084035, R_squared:0.998688  
	Validation = MSE:0.074887 , RMSE:0.273655 , MAE:0.195376 , MAPD:1.083367, R_squared:0.998652

2024-03-21 06:20:23,970 Epoch 39/300, Train Loss: 0.070582, Val Loss: 0.071144  
	Train = MSE:0.070594 , RMSE:0.265696 , MAE:0.190286 , MAPD:1.037992, R_squared:0.998778  
	Validation = MSE:0.071144 , RMSE:0.266727 , MAE:0.184983 , MAPD:1.046598, R_squared:0.998720

2024-03-21 06:20:34,288 Epoch 40/300, Train Loss: 0.071119, Val Loss: 0.071204  
	Train = MSE:0.071130 , RMSE:0.266702 , MAE:0.191231 , MAPD:1.042450, R_squared:0.998769  
	Validation = MSE:0.071204 , RMSE:0.266842 , MAE:0.188978 , MAPD:1.045631, R_squared:0.998719

2024-03-21 06:20:46,248 Epoch 41/300, Train Loss: 0.067676, Val Loss: 0.064704  
	Train = MSE:0.067680 , RMSE:0.260153 , MAE:0.187967 , MAPD:1.024208, R_squared:0.998828  
	Validation = MSE:0.064704 , RMSE:0.254370 , MAE:0.175152 , MAPD:0.991210, R_squared:0.998836

2024-03-21 06:20:57,879 Epoch 42/300, Train Loss: 0.069899, Val Loss: 0.065751  
	Train = MSE:0.069907 , RMSE:0.264399 , MAE:0.192895 , MAPD:1.054655, R_squared:0.998790  
	Validation = MSE:0.065751 , RMSE:0.256419 , MAE:0.182759 , MAPD:1.024164, R_squared:0.998817

2024-03-21 06:21:09,114 Epoch 43/300, Train Loss: 0.064929, Val Loss: 0.085372  
	Train = MSE:0.064934 , RMSE:0.254821 , MAE:0.184353 , MAPD:1.007740, R_squared:0.998876  
	Validation = MSE:0.085372 , RMSE:0.292185 , MAE:0.210603 , MAPD:1.123930, R_squared:0.998464

2024-03-21 06:21:19,420 Epoch 44/300, Train Loss: 0.066392, Val Loss: 0.070540  
	Train = MSE:0.066398 , RMSE:0.257677 , MAE:0.186994 , MAPD:1.019490, R_squared:0.998851  
	Validation = MSE:0.070540 , RMSE:0.265594 , MAE:0.184590 , MAPD:1.050835, R_squared:0.998731

2024-03-21 06:21:29,717 Epoch 45/300, Train Loss: 0.063534, Val Loss: 0.059687  
	Train = MSE:0.063545 , RMSE:0.252081 , MAE:0.181657 , MAPD:0.987792, R_squared:0.998900  
	Validation = MSE:0.059687 , RMSE:0.244309 , MAE:0.170732 , MAPD:0.972399, R_squared:0.998926

2024-03-21 06:21:40,892 Epoch 46/300, Train Loss: 0.068888, Val Loss: 0.058389  
	Train = MSE:0.068899 , RMSE:0.262486 , MAE:0.195045 , MAPD:1.065867, R_squared:0.998807  
	Validation = MSE:0.058389 , RMSE:0.241638 , MAE:0.166176 , MAPD:0.943683, R_squared:0.998949

2024-03-21 06:21:51,231 Epoch 47/300, Train Loss: 0.063687, Val Loss: 0.071845  
	Train = MSE:0.063687 , RMSE:0.252364 , MAE:0.184947 , MAPD:1.006790, R_squared:0.998898  
	Validation = MSE:0.071845 , RMSE:0.268039 , MAE:0.207686 , MAPD:1.211318, R_squared:0.998707

2024-03-21 06:22:01,727 Epoch 48/300, Train Loss: 0.061772, Val Loss: 0.058592  
	Train = MSE:0.061763 , RMSE:0.248521 , MAE:0.179750 , MAPD:0.977653, R_squared:0.998931  
	Validation = MSE:0.058592 , RMSE:0.242057 , MAE:0.171603 , MAPD:0.990884, R_squared:0.998946

2024-03-21 06:22:13,935 Epoch 49/300, Train Loss: 0.062559, Val Loss: 0.069854  
	Train = MSE:0.062543 , RMSE:0.250087 , MAE:0.182271 , MAPD:0.996374, R_squared:0.998917  
	Validation = MSE:0.069854 , RMSE:0.264299 , MAE:0.208222 , MAPD:1.204843, R_squared:0.998743

2024-03-21 06:22:24,825 Epoch 50/300, Train Loss: 0.058910, Val Loss: 0.055641  
	Train = MSE:0.058913 , RMSE:0.242720 , MAE:0.176024 , MAPD:0.958750, R_squared:0.998980  
	Validation = MSE:0.055641 , RMSE:0.235883 , MAE:0.165939 , MAPD:0.938034, R_squared:0.998999

2024-03-21 06:22:35,997 Epoch 51/300, Train Loss: 0.060949, Val Loss: 0.054497  
	Train = MSE:0.060947 , RMSE:0.246875 , MAE:0.180204 , MAPD:0.984685, R_squared:0.998945  
	Validation = MSE:0.054497 , RMSE:0.233446 , MAE:0.161906 , MAPD:0.912088, R_squared:0.999019

2024-03-21 06:22:47,938 Epoch 52/300, Train Loss: 0.056744, Val Loss: 0.057455  
	Train = MSE:0.056741 , RMSE:0.238203 , MAE:0.172994 , MAPD:0.940494, R_squared:0.999018  
	Validation = MSE:0.057455 , RMSE:0.239697 , MAE:0.172768 , MAPD:0.956701, R_squared:0.998966

2024-03-21 06:22:59,886 Epoch 53/300, Train Loss: 0.056502, Val Loss: 0.055372  
	Train = MSE:0.056512 , RMSE:0.237722 , MAE:0.172011 , MAPD:0.938038, R_squared:0.999022  
	Validation = MSE:0.055372 , RMSE:0.235313 , MAE:0.164859 , MAPD:0.927897, R_squared:0.999004

2024-03-21 06:23:12,134 Epoch 54/300, Train Loss: 0.057580, Val Loss: 0.060941  
	Train = MSE:0.057577 , RMSE:0.239951 , MAE:0.175486 , MAPD:0.950550, R_squared:0.999003  
	Validation = MSE:0.060941 , RMSE:0.246862 , MAE:0.168790 , MAPD:0.923261, R_squared:0.998903

2024-03-21 06:23:22,522 Epoch 55/300, Train Loss: 0.055068, Val Loss: 0.055560  
	Train = MSE:0.055069 , RMSE:0.234668 , MAE:0.169443 , MAPD:0.916736, R_squared:0.999047  
	Validation = MSE:0.055560 , RMSE:0.235713 , MAE:0.169383 , MAPD:0.964447, R_squared:0.999000

2024-03-21 06:23:33,572 Epoch 56/300, Train Loss: 0.055506, Val Loss: 0.053921  
	Train = MSE:0.055500 , RMSE:0.235584 , MAE:0.172387 , MAPD:0.937546, R_squared:0.999039  
	Validation = MSE:0.053921 , RMSE:0.232210 , MAE:0.158167 , MAPD:0.895613, R_squared:0.999030

2024-03-21 06:23:46,144 Epoch 57/300, Train Loss: 0.054896, Val Loss: 0.067194  
	Train = MSE:0.054877 , RMSE:0.234258 , MAE:0.172329 , MAPD:0.937948, R_squared:0.999050  
	Validation = MSE:0.067194 , RMSE:0.259219 , MAE:0.202570 , MAPD:1.190346, R_squared:0.998791

2024-03-21 06:23:56,493 Epoch 58/300, Train Loss: 0.054912, Val Loss: 0.067327  
	Train = MSE:0.054922 , RMSE:0.234354 , MAE:0.170289 , MAPD:0.928569, R_squared:0.999049  
	Validation = MSE:0.067327 , RMSE:0.259474 , MAE:0.183708 , MAPD:1.041755, R_squared:0.998789

2024-03-21 06:24:07,269 Epoch 59/300, Train Loss: 0.050844, Val Loss: 0.048220  
	Train = MSE:0.050850 , RMSE:0.225499 , MAE:0.163555 , MAPD:0.889244, R_squared:0.999120  
	Validation = MSE:0.048220 , RMSE:0.219590 , MAE:0.149479 , MAPD:0.847143, R_squared:0.999132

2024-03-21 06:24:18,547 Epoch 60/300, Train Loss: 0.051764, Val Loss: 0.055193  
	Train = MSE:0.051751 , RMSE:0.227488 , MAE:0.166506 , MAPD:0.905468, R_squared:0.999104  
	Validation = MSE:0.055193 , RMSE:0.234932 , MAE:0.160221 , MAPD:0.882741, R_squared:0.999007

2024-03-21 06:24:28,853 Epoch 61/300, Train Loss: 0.051320, Val Loss: 0.092573  
	Train = MSE:0.051306 , RMSE:0.226508 , MAE:0.166043 , MAPD:0.907812, R_squared:0.999112  
	Validation = MSE:0.092573 , RMSE:0.304258 , MAE:0.261830 , MAPD:1.514935, R_squared:0.998334

2024-03-21 06:24:41,224 Epoch 62/300, Train Loss: 0.051714, Val Loss: 0.047558  
	Train = MSE:0.051724 , RMSE:0.227430 , MAE:0.166852 , MAPD:0.908708, R_squared:0.999105  
	Validation = MSE:0.047558 , RMSE:0.218079 , MAE:0.148840 , MAPD:0.831085, R_squared:0.999144

2024-03-21 06:24:52,499 Epoch 63/300, Train Loss: 0.046450, Val Loss: 0.045850  
	Train = MSE:0.046462 , RMSE:0.215551 , MAE:0.155348 , MAPD:0.842552, R_squared:0.999196  
	Validation = MSE:0.045850 , RMSE:0.214125 , MAE:0.147855 , MAPD:0.826472, R_squared:0.999175

2024-03-21 06:25:05,776 Epoch 64/300, Train Loss: 0.046945, Val Loss: 0.060860  
	Train = MSE:0.046951 , RMSE:0.216682 , MAE:0.155954 , MAPD:0.848714, R_squared:0.999187  
	Validation = MSE:0.060860 , RMSE:0.246699 , MAE:0.172490 , MAPD:0.906433, R_squared:0.998905

2024-03-21 06:25:16,851 Epoch 65/300, Train Loss: 0.045201, Val Loss: 0.046295  
	Train = MSE:0.045206 , RMSE:0.212616 , MAE:0.154297 , MAPD:0.840033, R_squared:0.999217  
	Validation = MSE:0.046295 , RMSE:0.215162 , MAE:0.145355 , MAPD:0.809673, R_squared:0.999167

2024-03-21 06:25:27,553 Epoch 66/300, Train Loss: 0.045574, Val Loss: 0.052894  
	Train = MSE:0.045575 , RMSE:0.213484 , MAE:0.154427 , MAPD:0.832942, R_squared:0.999211  
	Validation = MSE:0.052894 , RMSE:0.229988 , MAE:0.175274 , MAPD:1.024696, R_squared:0.999048

2024-03-21 06:25:38,809 Epoch 67/300, Train Loss: 0.046003, Val Loss: 0.045005  
	Train = MSE:0.046000 , RMSE:0.214477 , MAE:0.156822 , MAPD:0.850466, R_squared:0.999204  
	Validation = MSE:0.045005 , RMSE:0.212144 , MAE:0.140995 , MAPD:0.797951, R_squared:0.999190

2024-03-21 06:25:49,193 Epoch 68/300, Train Loss: 0.046631, Val Loss: 0.060687  
	Train = MSE:0.046633 , RMSE:0.215948 , MAE:0.158206 , MAPD:0.858934, R_squared:0.999193  
	Validation = MSE:0.060687 , RMSE:0.246347 , MAE:0.198532 , MAPD:1.106022, R_squared:0.998908

2024-03-21 06:26:00,338 Epoch 69/300, Train Loss: 0.045270, Val Loss: 0.048394  
	Train = MSE:0.045268 , RMSE:0.212763 , MAE:0.154588 , MAPD:0.836384, R_squared:0.999216  
	Validation = MSE:0.048394 , RMSE:0.219986 , MAE:0.159475 , MAPD:0.910532, R_squared:0.999129

2024-03-21 06:26:11,043 Epoch 70/300, Train Loss: 0.041782, Val Loss: 0.042225  
	Train = MSE:0.041788 , RMSE:0.204420 , MAE:0.147907 , MAPD:0.800279, R_squared:0.999277  
	Validation = MSE:0.042225 , RMSE:0.205486 , MAE:0.138536 , MAPD:0.781289, R_squared:0.999240

2024-03-21 06:26:21,409 Epoch 71/300, Train Loss: 0.045307, Val Loss: 0.043991  
	Train = MSE:0.045317 , RMSE:0.212878 , MAE:0.156374 , MAPD:0.850725, R_squared:0.999216  
	Validation = MSE:0.043991 , RMSE:0.209739 , MAE:0.139775 , MAPD:0.783440, R_squared:0.999208

2024-03-21 06:26:34,648 Epoch 72/300, Train Loss: 0.046250, Val Loss: 0.101561  
	Train = MSE:0.046254 , RMSE:0.215067 , MAE:0.155895 , MAPD:0.843578, R_squared:0.999199  
	Validation = MSE:0.101561 , RMSE:0.318686 , MAE:0.258003 , MAPD:1.429695, R_squared:0.998173

2024-03-21 06:26:46,467 Epoch 73/300, Train Loss: 0.043332, Val Loss: 0.040668  
	Train = MSE:0.043337 , RMSE:0.208174 , MAE:0.151079 , MAPD:0.814562, R_squared:0.999250  
	Validation = MSE:0.040668 , RMSE:0.201663 , MAE:0.136938 , MAPD:0.771534, R_squared:0.999268

2024-03-21 06:26:56,853 Epoch 74/300, Train Loss: 0.043097, Val Loss: 0.046325  
	Train = MSE:0.043106 , RMSE:0.207619 , MAE:0.152028 , MAPD:0.820786, R_squared:0.999254  
	Validation = MSE:0.046325 , RMSE:0.215232 , MAE:0.145719 , MAPD:0.802719, R_squared:0.999166

2024-03-21 06:27:08,021 Epoch 75/300, Train Loss: 0.040618, Val Loss: 0.048635  
	Train = MSE:0.040610 , RMSE:0.201520 , MAE:0.145412 , MAPD:0.788841, R_squared:0.999297  
	Validation = MSE:0.048635 , RMSE:0.220533 , MAE:0.152875 , MAPD:0.872483, R_squared:0.999125

2024-03-21 06:27:18,692 Epoch 76/300, Train Loss: 0.042352, Val Loss: 0.042193  
	Train = MSE:0.042336 , RMSE:0.205757 , MAE:0.149662 , MAPD:0.804619, R_squared:0.999267  
	Validation = MSE:0.042193 , RMSE:0.205409 , MAE:0.149690 , MAPD:0.838186, R_squared:0.999241

2024-03-21 06:27:29,676 Epoch 77/300, Train Loss: 0.042451, Val Loss: 0.085124  
	Train = MSE:0.042450 , RMSE:0.206033 , MAE:0.150351 , MAPD:0.814186, R_squared:0.999265  
	Validation = MSE:0.085124 , RMSE:0.291760 , MAE:0.230060 , MAPD:1.300247, R_squared:0.998468

2024-03-21 06:27:39,794 Epoch 78/300, Train Loss: 0.040728, Val Loss: 0.040006  
	Train = MSE:0.040726 , RMSE:0.201808 , MAE:0.146834 , MAPD:0.797765, R_squared:0.999295  
	Validation = MSE:0.040006 , RMSE:0.200014 , MAE:0.133245 , MAPD:0.737371, R_squared:0.999280

2024-03-21 06:27:49,095 Epoch 79/300, Train Loss: 0.038743, Val Loss: 0.040975  
	Train = MSE:0.038745 , RMSE:0.196837 , MAE:0.140736 , MAPD:0.754511, R_squared:0.999329  
	Validation = MSE:0.040975 , RMSE:0.202424 , MAE:0.139252 , MAPD:0.772297, R_squared:0.999263

2024-03-21 06:27:58,162 Epoch 80/300, Train Loss: 0.039602, Val Loss: 0.037940  
	Train = MSE:0.039601 , RMSE:0.199001 , MAE:0.143524 , MAPD:0.772531, R_squared:0.999314  
	Validation = MSE:0.037940 , RMSE:0.194781 , MAE:0.132700 , MAPD:0.728875, R_squared:0.999317

2024-03-21 06:28:07,020 Epoch 81/300, Train Loss: 0.040002, Val Loss: 0.043561  
	Train = MSE:0.040009 , RMSE:0.200023 , MAE:0.144752 , MAPD:0.781032, R_squared:0.999307  
	Validation = MSE:0.043561 , RMSE:0.208713 , MAE:0.145980 , MAPD:0.779000, R_squared:0.999216

2024-03-21 06:28:17,453 Epoch 82/300, Train Loss: 0.037161, Val Loss: 0.046833  
	Train = MSE:0.037166 , RMSE:0.192786 , MAE:0.139039 , MAPD:0.747756, R_squared:0.999357  
	Validation = MSE:0.046833 , RMSE:0.216410 , MAE:0.147978 , MAPD:0.776448, R_squared:0.999157

2024-03-21 06:28:26,812 Epoch 83/300, Train Loss: 0.039415, Val Loss: 0.068731  
	Train = MSE:0.039415 , RMSE:0.198533 , MAE:0.145552 , MAPD:0.783648, R_squared:0.999318  
	Validation = MSE:0.068731 , RMSE:0.262167 , MAE:0.227433 , MAPD:1.289164, R_squared:0.998763

2024-03-21 06:28:36,111 Epoch 84/300, Train Loss: 0.036499, Val Loss: 0.066168  
	Train = MSE:0.036495 , RMSE:0.191036 , MAE:0.138542 , MAPD:0.743224, R_squared:0.999368  
	Validation = MSE:0.066168 , RMSE:0.257231 , MAE:0.194718 , MAPD:1.164480, R_squared:0.998809

2024-03-21 06:28:47,259 Epoch 85/300, Train Loss: 0.037999, Val Loss: 0.040918  
	Train = MSE:0.038000 , RMSE:0.194936 , MAE:0.143526 , MAPD:0.765634, R_squared:0.999342  
	Validation = MSE:0.040918 , RMSE:0.202282 , MAE:0.153033 , MAPD:0.846242, R_squared:0.999264

2024-03-21 06:28:55,921 Epoch 86/300, Train Loss: 0.035227, Val Loss: 0.042502  
	Train = MSE:0.035225 , RMSE:0.187682 , MAE:0.134371 , MAPD:0.721962, R_squared:0.999390  
	Validation = MSE:0.042502 , RMSE:0.206160 , MAE:0.158072 , MAPD:0.890322, R_squared:0.999235

2024-03-21 06:29:04,845 Epoch 87/300, Train Loss: 0.038073, Val Loss: 0.034881  
	Train = MSE:0.038081 , RMSE:0.195144 , MAE:0.141376 , MAPD:0.761058, R_squared:0.999341  
	Validation = MSE:0.034881 , RMSE:0.186765 , MAE:0.127201 , MAPD:0.700208, R_squared:0.999372

2024-03-21 06:29:14,081 Epoch 88/300, Train Loss: 0.034626, Val Loss: 0.040578  
	Train = MSE:0.034600 , RMSE:0.186011 , MAE:0.133688 , MAPD:0.721375, R_squared:0.999401  
	Validation = MSE:0.040578 , RMSE:0.201439 , MAE:0.156604 , MAPD:0.893428, R_squared:0.999270

2024-03-21 06:29:23,677 Epoch 89/300, Train Loss: 0.037214, Val Loss: 0.039209  
	Train = MSE:0.037184 , RMSE:0.192832 , MAE:0.140577 , MAPD:0.758624, R_squared:0.999356  
	Validation = MSE:0.039209 , RMSE:0.198012 , MAE:0.150774 , MAPD:0.860211, R_squared:0.999294

2024-03-21 06:29:32,781 Epoch 90/300, Train Loss: 0.038220, Val Loss: 0.035568  
	Train = MSE:0.038226 , RMSE:0.195515 , MAE:0.142153 , MAPD:0.757184, R_squared:0.999338  
	Validation = MSE:0.035568 , RMSE:0.188595 , MAE:0.136309 , MAPD:0.768236, R_squared:0.999360

2024-03-21 06:29:43,545 Epoch 91/300, Train Loss: 0.036109, Val Loss: 0.038194  
	Train = MSE:0.036116 , RMSE:0.190043 , MAE:0.139256 , MAPD:0.741986, R_squared:0.999375  
	Validation = MSE:0.038194 , RMSE:0.195433 , MAE:0.139210 , MAPD:0.757189, R_squared:0.999313

2024-03-21 06:29:54,189 Epoch 92/300, Train Loss: 0.036150, Val Loss: 0.060094  
	Train = MSE:0.036151 , RMSE:0.190134 , MAE:0.138999 , MAPD:0.750567, R_squared:0.999374  
	Validation = MSE:0.060094 , RMSE:0.245140 , MAE:0.189893 , MAPD:1.141623, R_squared:0.998919

2024-03-21 06:30:06,102 Epoch 93/300, Train Loss: 0.036680, Val Loss: 0.040546  
	Train = MSE:0.036687 , RMSE:0.191538 , MAE:0.138485 , MAPD:0.743940, R_squared:0.999365  
	Validation = MSE:0.040546 , RMSE:0.201360 , MAE:0.159454 , MAPD:0.914967, R_squared:0.999270

2024-03-21 06:30:16,159 Epoch 94/300, Train Loss: 0.034041, Val Loss: 0.046094  
	Train = MSE:0.034041 , RMSE:0.184503 , MAE:0.133336 , MAPD:0.714864, R_squared:0.999411  
	Validation = MSE:0.046094 , RMSE:0.214696 , MAE:0.161548 , MAPD:0.926733, R_squared:0.999171

2024-03-21 06:30:25,878 Epoch 95/300, Train Loss: 0.034029, Val Loss: 0.033811  
	Train = MSE:0.034006 , RMSE:0.184408 , MAE:0.133513 , MAPD:0.716312, R_squared:0.999411  
	Validation = MSE:0.033811 , RMSE:0.183878 , MAE:0.124711 , MAPD:0.686904, R_squared:0.999392

2024-03-21 06:30:36,213 Epoch 96/300, Train Loss: 0.032873, Val Loss: 0.050563  
	Train = MSE:0.032880 , RMSE:0.181328 , MAE:0.131349 , MAPD:0.703033, R_squared:0.999431  
	Validation = MSE:0.050563 , RMSE:0.224863 , MAE:0.165918 , MAPD:0.977296, R_squared:0.999090

2024-03-21 06:30:46,399 Epoch 97/300, Train Loss: 0.032692, Val Loss: 0.032005  
	Train = MSE:0.032692 , RMSE:0.180809 , MAE:0.131920 , MAPD:0.703160, R_squared:0.999434  
	Validation = MSE:0.032005 , RMSE:0.178900 , MAE:0.115996 , MAPD:0.641068, R_squared:0.999424

2024-03-21 06:30:56,148 Epoch 98/300, Train Loss: 0.031392, Val Loss: 0.032210  
	Train = MSE:0.031397 , RMSE:0.177192 , MAE:0.126862 , MAPD:0.675858, R_squared:0.999457  
	Validation = MSE:0.032210 , RMSE:0.179471 , MAE:0.120294 , MAPD:0.659352, R_squared:0.999420

2024-03-21 06:31:05,554 Epoch 99/300, Train Loss: 0.031701, Val Loss: 0.031825  
	Train = MSE:0.031700 , RMSE:0.178044 , MAE:0.130518 , MAPD:0.699138, R_squared:0.999451  
	Validation = MSE:0.031825 , RMSE:0.178397 , MAE:0.120131 , MAPD:0.672151, R_squared:0.999427

2024-03-21 06:31:15,026 Epoch 100/300, Train Loss: 0.032102, Val Loss: 0.040639  
	Train = MSE:0.032103 , RMSE:0.179174 , MAE:0.131654 , MAPD:0.706034, R_squared:0.999444  
	Validation = MSE:0.040639 , RMSE:0.201590 , MAE:0.160169 , MAPD:0.895464, R_squared:0.999269

2024-03-21 06:31:26,130 Epoch 101/300, Train Loss: 0.031684, Val Loss: 0.031860  
	Train = MSE:0.031687 , RMSE:0.178009 , MAE:0.129383 , MAPD:0.683550, R_squared:0.999451  
	Validation = MSE:0.031860 , RMSE:0.178494 , MAE:0.122178 , MAPD:0.680285, R_squared:0.999427

2024-03-21 06:31:36,998 Epoch 102/300, Train Loss: 0.029740, Val Loss: 0.031981  
	Train = MSE:0.029732 , RMSE:0.172431 , MAE:0.124140 , MAPD:0.658265, R_squared:0.999485  
	Validation = MSE:0.031981 , RMSE:0.178833 , MAE:0.118980 , MAPD:0.653174, R_squared:0.999425

2024-03-21 06:31:48,687 Epoch 103/300, Train Loss: 0.030429, Val Loss: 0.034787  
	Train = MSE:0.030435 , RMSE:0.174455 , MAE:0.127414 , MAPD:0.678666, R_squared:0.999473  
	Validation = MSE:0.034787 , RMSE:0.186513 , MAE:0.141494 , MAPD:0.793284, R_squared:0.999374

2024-03-21 06:31:58,383 Epoch 104/300, Train Loss: 0.029484, Val Loss: 0.031578  
	Train = MSE:0.029477 , RMSE:0.171688 , MAE:0.123999 , MAPD:0.657607, R_squared:0.999490  
	Validation = MSE:0.031578 , RMSE:0.177701 , MAE:0.121590 , MAPD:0.654013, R_squared:0.999432

2024-03-21 06:32:07,593 Epoch 105/300, Train Loss: 0.030151, Val Loss: 0.034347  
	Train = MSE:0.030157 , RMSE:0.173658 , MAE:0.126374 , MAPD:0.668758, R_squared:0.999478  
	Validation = MSE:0.034347 , RMSE:0.185328 , MAE:0.125262 , MAPD:0.663146, R_squared:0.999382

2024-03-21 06:32:17,264 Epoch 106/300, Train Loss: 0.030532, Val Loss: 0.030074  
	Train = MSE:0.030533 , RMSE:0.174737 , MAE:0.126733 , MAPD:0.678135, R_squared:0.999471  
	Validation = MSE:0.030074 , RMSE:0.173418 , MAE:0.118535 , MAPD:0.636937, R_squared:0.999459

2024-03-21 06:32:26,575 Epoch 107/300, Train Loss: 0.030945, Val Loss: 0.029884  
	Train = MSE:0.030946 , RMSE:0.175914 , MAE:0.128435 , MAPD:0.686173, R_squared:0.999464  
	Validation = MSE:0.029884 , RMSE:0.172870 , MAE:0.117043 , MAPD:0.641240, R_squared:0.999462

2024-03-21 06:32:36,405 Epoch 108/300, Train Loss: 0.028657, Val Loss: 0.038621  
	Train = MSE:0.028642 , RMSE:0.169239 , MAE:0.122836 , MAPD:0.651338, R_squared:0.999504  
	Validation = MSE:0.038621 , RMSE:0.196522 , MAE:0.147086 , MAPD:0.762119, R_squared:0.999305

2024-03-21 06:32:47,529 Epoch 109/300, Train Loss: 0.031015, Val Loss: 0.028825  
	Train = MSE:0.031021 , RMSE:0.176127 , MAE:0.129246 , MAPD:0.687800, R_squared:0.999463  
	Validation = MSE:0.028825 , RMSE:0.169778 , MAE:0.117822 , MAPD:0.635098, R_squared:0.999481

2024-03-21 06:32:56,704 Epoch 110/300, Train Loss: 0.032795, Val Loss: 0.038539  
	Train = MSE:0.032801 , RMSE:0.181110 , MAE:0.134652 , MAPD:0.724514, R_squared:0.999432  
	Validation = MSE:0.038539 , RMSE:0.196314 , MAE:0.136119 , MAPD:0.733384, R_squared:0.999307

2024-03-21 06:33:07,396 Epoch 111/300, Train Loss: 0.028726, Val Loss: 0.030288  
	Train = MSE:0.028731 , RMSE:0.169503 , MAE:0.123203 , MAPD:0.653835, R_squared:0.999503  
	Validation = MSE:0.030288 , RMSE:0.174034 , MAE:0.116422 , MAPD:0.640136, R_squared:0.999455

2024-03-21 06:33:19,473 Epoch 112/300, Train Loss: 0.029310, Val Loss: 0.029199  
	Train = MSE:0.029300 , RMSE:0.171173 , MAE:0.124019 , MAPD:0.659798, R_squared:0.999493  
	Validation = MSE:0.029199 , RMSE:0.170876 , MAE:0.113496 , MAPD:0.618629, R_squared:0.999475

2024-03-21 06:33:33,566 Epoch 113/300, Train Loss: 0.028093, Val Loss: 0.034368  
	Train = MSE:0.028098 , RMSE:0.167625 , MAE:0.121285 , MAPD:0.642703, R_squared:0.999514  
	Validation = MSE:0.034368 , RMSE:0.185386 , MAE:0.127051 , MAPD:0.732205, R_squared:0.999382

2024-03-21 06:33:46,674 Epoch 114/300, Train Loss: 0.027687, Val Loss: 0.034020  
	Train = MSE:0.027689 , RMSE:0.166402 , MAE:0.120153 , MAPD:0.636382, R_squared:0.999521  
	Validation = MSE:0.034020 , RMSE:0.184444 , MAE:0.147089 , MAPD:0.850142, R_squared:0.999388

2024-03-21 06:33:59,295 Epoch 115/300, Train Loss: 0.026874, Val Loss: 0.027803  
	Train = MSE:0.026878 , RMSE:0.163945 , MAE:0.118496 , MAPD:0.621773, R_squared:0.999535  
	Validation = MSE:0.027803 , RMSE:0.166742 , MAE:0.115463 , MAPD:0.639848, R_squared:0.999500

2024-03-21 06:34:11,844 Epoch 116/300, Train Loss: 0.028329, Val Loss: 0.042321  
	Train = MSE:0.028330 , RMSE:0.168316 , MAE:0.123098 , MAPD:0.653091, R_squared:0.999510  
	Validation = MSE:0.042321 , RMSE:0.205720 , MAE:0.168608 , MAPD:0.956090, R_squared:0.999238

2024-03-21 06:34:24,383 Epoch 117/300, Train Loss: 0.029246, Val Loss: 0.037965  
	Train = MSE:0.029243 , RMSE:0.171006 , MAE:0.125519 , MAPD:0.665208, R_squared:0.999494  
	Validation = MSE:0.037965 , RMSE:0.194847 , MAE:0.141432 , MAPD:0.814554, R_squared:0.999317

2024-03-21 06:34:37,303 Epoch 118/300, Train Loss: 0.027225, Val Loss: 0.026980  
	Train = MSE:0.027227 , RMSE:0.165006 , MAE:0.119387 , MAPD:0.632028, R_squared:0.999529  
	Validation = MSE:0.026980 , RMSE:0.164256 , MAE:0.111933 , MAPD:0.613629, R_squared:0.999515

2024-03-21 06:34:49,908 Epoch 119/300, Train Loss: 0.027308, Val Loss: 0.026371  
	Train = MSE:0.027309 , RMSE:0.165253 , MAE:0.120309 , MAPD:0.640238, R_squared:0.999527  
	Validation = MSE:0.026371 , RMSE:0.162392 , MAE:0.110519 , MAPD:0.615221, R_squared:0.999525

2024-03-21 06:35:02,941 Epoch 120/300, Train Loss: 0.025516, Val Loss: 0.026798  
	Train = MSE:0.025519 , RMSE:0.159747 , MAE:0.116605 , MAPD:0.619493, R_squared:0.999558  
	Validation = MSE:0.026798 , RMSE:0.163702 , MAE:0.110927 , MAPD:0.609522, R_squared:0.999518

2024-03-21 06:35:16,148 Epoch 121/300, Train Loss: 0.026391, Val Loss: 0.027617  
	Train = MSE:0.026386 , RMSE:0.162438 , MAE:0.118870 , MAPD:0.631382, R_squared:0.999543  
	Validation = MSE:0.027617 , RMSE:0.166183 , MAE:0.114899 , MAPD:0.642924, R_squared:0.999503

2024-03-21 06:35:30,115 Epoch 122/300, Train Loss: 0.028193, Val Loss: 0.030467  
	Train = MSE:0.028189 , RMSE:0.167897 , MAE:0.124013 , MAPD:0.658480, R_squared:0.999512  
	Validation = MSE:0.030467 , RMSE:0.174547 , MAE:0.117510 , MAPD:0.614073, R_squared:0.999452

2024-03-21 06:35:41,898 Epoch 123/300, Train Loss: 0.026643, Val Loss: 0.024856  
	Train = MSE:0.026644 , RMSE:0.163229 , MAE:0.118083 , MAPD:0.620471, R_squared:0.999539  
	Validation = MSE:0.024856 , RMSE:0.157656 , MAE:0.107236 , MAPD:0.594324, R_squared:0.999553

2024-03-21 06:35:52,747 Epoch 124/300, Train Loss: 0.025713, Val Loss: 0.031810  
	Train = MSE:0.025712 , RMSE:0.160350 , MAE:0.117874 , MAPD:0.620744, R_squared:0.999555  
	Validation = MSE:0.031810 , RMSE:0.178353 , MAE:0.120824 , MAPD:0.638523, R_squared:0.999428

2024-03-21 06:36:03,766 Epoch 125/300, Train Loss: 0.027972, Val Loss: 0.029685  
	Train = MSE:0.027975 , RMSE:0.167258 , MAE:0.124170 , MAPD:0.661760, R_squared:0.999516  
	Validation = MSE:0.029685 , RMSE:0.172293 , MAE:0.119148 , MAPD:0.670694, R_squared:0.999466

2024-03-21 06:36:15,131 Epoch 126/300, Train Loss: 0.025481, Val Loss: 0.024692  
	Train = MSE:0.025452 , RMSE:0.159538 , MAE:0.115775 , MAPD:0.607961, R_squared:0.999559  
	Validation = MSE:0.024692 , RMSE:0.157138 , MAE:0.106821 , MAPD:0.591111, R_squared:0.999556

2024-03-21 06:36:28,079 Epoch 127/300, Train Loss: 0.027536, Val Loss: 0.026615  
	Train = MSE:0.027540 , RMSE:0.165953 , MAE:0.123651 , MAPD:0.657278, R_squared:0.999523  
	Validation = MSE:0.026615 , RMSE:0.163142 , MAE:0.120152 , MAPD:0.655404, R_squared:0.999521

2024-03-21 06:36:40,154 Epoch 128/300, Train Loss: 0.025393, Val Loss: 0.032449  
	Train = MSE:0.025397 , RMSE:0.159363 , MAE:0.116393 , MAPD:0.611387, R_squared:0.999560  
	Validation = MSE:0.032449 , RMSE:0.180137 , MAE:0.136508 , MAPD:0.746626, R_squared:0.999416

2024-03-21 06:36:51,590 Epoch 129/300, Train Loss: 0.025795, Val Loss: 0.027889  
	Train = MSE:0.025793 , RMSE:0.160601 , MAE:0.117798 , MAPD:0.620764, R_squared:0.999554  
	Validation = MSE:0.027889 , RMSE:0.167001 , MAE:0.112796 , MAPD:0.632410, R_squared:0.999498

2024-03-21 06:37:04,285 Epoch 130/300, Train Loss: 0.025739, Val Loss: 0.033782  
	Train = MSE:0.025739 , RMSE:0.160434 , MAE:0.116441 , MAPD:0.609862, R_squared:0.999554  
	Validation = MSE:0.033782 , RMSE:0.183799 , MAE:0.134277 , MAPD:0.770111, R_squared:0.999392

2024-03-21 06:37:14,932 Epoch 131/300, Train Loss: 0.024524, Val Loss: 0.039113  
	Train = MSE:0.024518 , RMSE:0.156582 , MAE:0.113142 , MAPD:0.600674, R_squared:0.999576  
	Validation = MSE:0.039113 , RMSE:0.197769 , MAE:0.160393 , MAPD:0.849564, R_squared:0.999296

2024-03-21 06:37:27,454 Epoch 132/300, Train Loss: 0.025418, Val Loss: 0.032993  
	Train = MSE:0.025423 , RMSE:0.159447 , MAE:0.119607 , MAPD:0.636406, R_squared:0.999560  
	Validation = MSE:0.032993 , RMSE:0.181639 , MAE:0.130441 , MAPD:0.730629, R_squared:0.999406

2024-03-21 06:37:40,312 Epoch 133/300, Train Loss: 0.026014, Val Loss: 0.026899  
	Train = MSE:0.026018 , RMSE:0.161302 , MAE:0.118262 , MAPD:0.632025, R_squared:0.999550  
	Validation = MSE:0.026899 , RMSE:0.164010 , MAE:0.111959 , MAPD:0.633775, R_squared:0.999516

2024-03-21 06:37:51,821 Epoch 134/300, Train Loss: 0.023888, Val Loss: 0.059560  
	Train = MSE:0.023885 , RMSE:0.154549 , MAE:0.111098 , MAPD:0.584467, R_squared:0.999587  
	Validation = MSE:0.059560 , RMSE:0.244050 , MAE:0.195164 , MAPD:1.018407, R_squared:0.998928

2024-03-21 06:38:02,989 Epoch 135/300, Train Loss: 0.025906, Val Loss: 0.023333  
	Train = MSE:0.025911 , RMSE:0.160968 , MAE:0.118949 , MAPD:0.630934, R_squared:0.999551  
	Validation = MSE:0.023333 , RMSE:0.152753 , MAE:0.102860 , MAPD:0.559542, R_squared:0.999580

2024-03-21 06:38:13,838 Epoch 136/300, Train Loss: 0.025415, Val Loss: 0.026477  
	Train = MSE:0.025411 , RMSE:0.159408 , MAE:0.115837 , MAPD:0.613434, R_squared:0.999560  
	Validation = MSE:0.026477 , RMSE:0.162718 , MAE:0.121036 , MAPD:0.659373, R_squared:0.999524

2024-03-21 06:38:24,877 Epoch 137/300, Train Loss: 0.026958, Val Loss: 0.027197  
	Train = MSE:0.026962 , RMSE:0.164203 , MAE:0.121681 , MAPD:0.648739, R_squared:0.999533  
	Validation = MSE:0.027197 , RMSE:0.164914 , MAE:0.125484 , MAPD:0.710629, R_squared:0.999511

2024-03-21 06:38:37,147 Epoch 138/300, Train Loss: 0.025293, Val Loss: 0.027793  
	Train = MSE:0.025283 , RMSE:0.159008 , MAE:0.116517 , MAPD:0.617842, R_squared:0.999562  
	Validation = MSE:0.027793 , RMSE:0.166713 , MAE:0.114452 , MAPD:0.643301, R_squared:0.999500

2024-03-21 06:38:48,456 Epoch 139/300, Train Loss: 0.022583, Val Loss: 0.027338  
	Train = MSE:0.022583 , RMSE:0.150277 , MAE:0.109307 , MAPD:0.573502, R_squared:0.999609  
	Validation = MSE:0.027338 , RMSE:0.165343 , MAE:0.111695 , MAPD:0.602854, R_squared:0.999508

2024-03-21 06:38:59,368 Epoch 140/300, Train Loss: 0.024677, Val Loss: 0.040740  
	Train = MSE:0.024681 , RMSE:0.157101 , MAE:0.116049 , MAPD:0.618104, R_squared:0.999573  
	Validation = MSE:0.040740 , RMSE:0.201843 , MAE:0.154413 , MAPD:0.908594, R_squared:0.999267

2024-03-21 06:39:10,178 Epoch 141/300, Train Loss: 0.022683, Val Loss: 0.034426  
	Train = MSE:0.022687 , RMSE:0.150623 , MAE:0.109830 , MAPD:0.577122, R_squared:0.999607  
	Validation = MSE:0.034426 , RMSE:0.185542 , MAE:0.133228 , MAPD:0.704769, R_squared:0.999381

2024-03-21 06:39:23,121 Epoch 142/300, Train Loss: 0.024164, Val Loss: 0.025184  
	Train = MSE:0.024163 , RMSE:0.155444 , MAE:0.114016 , MAPD:0.601213, R_squared:0.999582  
	Validation = MSE:0.025184 , RMSE:0.158696 , MAE:0.110922 , MAPD:0.608615, R_squared:0.999547

2024-03-21 06:39:34,219 Epoch 143/300, Train Loss: 0.023744, Val Loss: 0.023285  
	Train = MSE:0.023745 , RMSE:0.154095 , MAE:0.112500 , MAPD:0.597173, R_squared:0.999589  
	Validation = MSE:0.023285 , RMSE:0.152595 , MAE:0.104079 , MAPD:0.579641, R_squared:0.999581

2024-03-21 06:39:45,445 Epoch 144/300, Train Loss: 0.024145, Val Loss: 0.023408  
	Train = MSE:0.024136 , RMSE:0.155357 , MAE:0.116336 , MAPD:0.617958, R_squared:0.999582  
	Validation = MSE:0.023408 , RMSE:0.152997 , MAE:0.107521 , MAPD:0.574182, R_squared:0.999579

2024-03-21 06:39:58,583 Epoch 145/300, Train Loss: 0.024181, Val Loss: 0.022804  
	Train = MSE:0.024184 , RMSE:0.155514 , MAE:0.116148 , MAPD:0.617678, R_squared:0.999581  
	Validation = MSE:0.022804 , RMSE:0.151011 , MAE:0.106403 , MAPD:0.582186, R_squared:0.999590

2024-03-21 06:40:09,174 Epoch 146/300, Train Loss: 0.022939, Val Loss: 0.030553  
	Train = MSE:0.022938 , RMSE:0.151452 , MAE:0.111932 , MAPD:0.591028, R_squared:0.999603  
	Validation = MSE:0.030553 , RMSE:0.174794 , MAE:0.126115 , MAPD:0.697467, R_squared:0.999450

2024-03-21 06:40:19,625 Epoch 147/300, Train Loss: 0.025281, Val Loss: 0.035899  
	Train = MSE:0.025282 , RMSE:0.159004 , MAE:0.118984 , MAPD:0.638491, R_squared:0.999562  
	Validation = MSE:0.035899 , RMSE:0.189470 , MAE:0.143568 , MAPD:0.818659, R_squared:0.999354

2024-03-21 06:40:30,550 Epoch 148/300, Train Loss: 0.023362, Val Loss: 0.026654  
	Train = MSE:0.023366 , RMSE:0.152860 , MAE:0.113248 , MAPD:0.597001, R_squared:0.999596  
	Validation = MSE:0.026654 , RMSE:0.163262 , MAE:0.115963 , MAPD:0.636865, R_squared:0.999520

2024-03-21 06:40:41,499 Epoch 149/300, Train Loss: 0.022471, Val Loss: 0.026171  
	Train = MSE:0.022475 , RMSE:0.149915 , MAE:0.109810 , MAPD:0.572556, R_squared:0.999611  
	Validation = MSE:0.026171 , RMSE:0.161775 , MAE:0.112157 , MAPD:0.619353, R_squared:0.999529

2024-03-21 06:40:52,041 Epoch 150/300, Train Loss: 0.021994, Val Loss: 0.026336  
	Train = MSE:0.021999 , RMSE:0.148321 , MAE:0.108956 , MAPD:0.578314, R_squared:0.999619  
	Validation = MSE:0.026336 , RMSE:0.162283 , MAE:0.115488 , MAPD:0.633866, R_squared:0.999526

2024-03-21 06:41:02,215 Epoch 151/300, Train Loss: 0.022959, Val Loss: 0.024568  
	Train = MSE:0.022961 , RMSE:0.151528 , MAE:0.111747 , MAPD:0.591710, R_squared:0.999603  
	Validation = MSE:0.024568 , RMSE:0.156743 , MAE:0.108738 , MAPD:0.598765, R_squared:0.999558

2024-03-21 06:41:14,163 Epoch 152/300, Train Loss: 0.022001, Val Loss: 0.028270  
	Train = MSE:0.021999 , RMSE:0.148319 , MAE:0.109718 , MAPD:0.580343, R_squared:0.999619  
	Validation = MSE:0.028270 , RMSE:0.168135 , MAE:0.126647 , MAPD:0.697039, R_squared:0.999491

2024-03-21 06:41:24,259 Epoch 153/300, Train Loss: 0.023165, Val Loss: 0.023613  
	Train = MSE:0.023170 , RMSE:0.152216 , MAE:0.111987 , MAPD:0.592924, R_squared:0.999599  
	Validation = MSE:0.023613 , RMSE:0.153667 , MAE:0.111333 , MAPD:0.603646, R_squared:0.999575

2024-03-21 06:41:34,436 Epoch 154/300, Train Loss: 0.021892, Val Loss: 0.024399  
	Train = MSE:0.021893 , RMSE:0.147964 , MAE:0.108085 , MAPD:0.570168, R_squared:0.999621  
	Validation = MSE:0.024399 , RMSE:0.156202 , MAE:0.110701 , MAPD:0.604430, R_squared:0.999561

2024-03-21 06:41:44,543 Epoch 155/300, Train Loss: 0.023533, Val Loss: 0.024638  
	Train = MSE:0.023528 , RMSE:0.153389 , MAE:0.113831 , MAPD:0.604640, R_squared:0.999593  
	Validation = MSE:0.024638 , RMSE:0.156966 , MAE:0.112152 , MAPD:0.579523, R_squared:0.999557

2024-03-21 06:41:54,565 Epoch 156/300, Train Loss: 0.023400, Val Loss: 0.025099  
	Train = MSE:0.023397 , RMSE:0.152960 , MAE:0.114731 , MAPD:0.609063, R_squared:0.999595  
	Validation = MSE:0.025099 , RMSE:0.158425 , MAE:0.118540 , MAPD:0.653160, R_squared:0.999548

2024-03-21 06:42:05,152 Epoch 157/300, Train Loss: 0.020996, Val Loss: 0.036297  
	Train = MSE:0.020994 , RMSE:0.144892 , MAE:0.105822 , MAPD:0.550886, R_squared:0.999637  
	Validation = MSE:0.036297 , RMSE:0.190518 , MAE:0.158654 , MAPD:0.959317, R_squared:0.999347

2024-03-21 06:42:15,837 Epoch 158/300, Train Loss: 0.022492, Val Loss: 0.020729  
	Train = MSE:0.022488 , RMSE:0.149959 , MAE:0.111387 , MAPD:0.595453, R_squared:0.999611  
	Validation = MSE:0.020729 , RMSE:0.143975 , MAE:0.096419 , MAPD:0.531007, R_squared:0.999627

2024-03-21 06:42:26,029 Epoch 159/300, Train Loss: 0.022564, Val Loss: 0.021191  
	Train = MSE:0.022568 , RMSE:0.150228 , MAE:0.111328 , MAPD:0.588371, R_squared:0.999609  
	Validation = MSE:0.021191 , RMSE:0.145572 , MAE:0.100588 , MAPD:0.561678, R_squared:0.999619

2024-03-21 06:42:36,801 Epoch 160/300, Train Loss: 0.022450, Val Loss: 0.025709  
	Train = MSE:0.022453 , RMSE:0.149844 , MAE:0.112686 , MAPD:0.594669, R_squared:0.999611  
	Validation = MSE:0.025709 , RMSE:0.160339 , MAE:0.114507 , MAPD:0.654617, R_squared:0.999537

2024-03-21 06:42:45,427 Epoch 161/300, Train Loss: 0.020994, Val Loss: 0.020422  
	Train = MSE:0.020986 , RMSE:0.144867 , MAE:0.106371 , MAPD:0.559325, R_squared:0.999637  
	Validation = MSE:0.020422 , RMSE:0.142904 , MAE:0.096255 , MAPD:0.524348, R_squared:0.999633

2024-03-21 06:42:55,659 Epoch 162/300, Train Loss: 0.019413, Val Loss: 0.019764  
	Train = MSE:0.019413 , RMSE:0.139332 , MAE:0.102015 , MAPD:0.536395, R_squared:0.999664  
	Validation = MSE:0.019764 , RMSE:0.140586 , MAE:0.094604 , MAPD:0.518372, R_squared:0.999644

2024-03-21 06:43:04,157 Epoch 163/300, Train Loss: 0.020351, Val Loss: 0.020099  
	Train = MSE:0.020349 , RMSE:0.142649 , MAE:0.104812 , MAPD:0.548568, R_squared:0.999648  
	Validation = MSE:0.020099 , RMSE:0.141771 , MAE:0.097003 , MAPD:0.527516, R_squared:0.999638

2024-03-21 06:43:12,246 Epoch 164/300, Train Loss: 0.019675, Val Loss: 0.026079  
	Train = MSE:0.019674 , RMSE:0.140263 , MAE:0.102496 , MAPD:0.540880, R_squared:0.999659  
	Validation = MSE:0.026079 , RMSE:0.161490 , MAE:0.116109 , MAPD:0.647391, R_squared:0.999531

2024-03-21 06:43:20,531 Epoch 165/300, Train Loss: 0.020920, Val Loss: 0.037026  
	Train = MSE:0.020911 , RMSE:0.144607 , MAE:0.107395 , MAPD:0.571497, R_squared:0.999638  
	Validation = MSE:0.037026 , RMSE:0.192421 , MAE:0.150425 , MAPD:0.898015, R_squared:0.999334

2024-03-21 06:43:28,612 Epoch 166/300, Train Loss: 0.021950, Val Loss: 0.021253  
	Train = MSE:0.021953 , RMSE:0.148164 , MAE:0.111437 , MAPD:0.589862, R_squared:0.999620  
	Validation = MSE:0.021253 , RMSE:0.145783 , MAE:0.100876 , MAPD:0.545300, R_squared:0.999618

2024-03-21 06:43:37,528 Epoch 167/300, Train Loss: 0.021137, Val Loss: 0.023293  
	Train = MSE:0.021139 , RMSE:0.145394 , MAE:0.108745 , MAPD:0.570892, R_squared:0.999634  
	Validation = MSE:0.023293 , RMSE:0.152622 , MAE:0.110700 , MAPD:0.582613, R_squared:0.999581

2024-03-21 06:43:47,398 Epoch 168/300, Train Loss: 0.020733, Val Loss: 0.023379  
	Train = MSE:0.020734 , RMSE:0.143992 , MAE:0.107812 , MAPD:0.574314, R_squared:0.999641  
	Validation = MSE:0.023379 , RMSE:0.152902 , MAE:0.117620 , MAPD:0.686891, R_squared:0.999579

2024-03-21 06:43:56,105 Epoch 169/300, Train Loss: 0.021810, Val Loss: 0.022362  
	Train = MSE:0.021811 , RMSE:0.147685 , MAE:0.111561 , MAPD:0.591584, R_squared:0.999622  
	Validation = MSE:0.022362 , RMSE:0.149539 , MAE:0.112031 , MAPD:0.640711, R_squared:0.999598

2024-03-21 06:44:05,009 Epoch 170/300, Train Loss: 0.022423, Val Loss: 0.019902  
	Train = MSE:0.022426 , RMSE:0.149753 , MAE:0.111251 , MAPD:0.586218, R_squared:0.999612  
	Validation = MSE:0.019902 , RMSE:0.141076 , MAE:0.097660 , MAPD:0.533240, R_squared:0.999642

2024-03-21 06:44:13,603 Epoch 171/300, Train Loss: 0.021369, Val Loss: 0.022867  
	Train = MSE:0.021362 , RMSE:0.146158 , MAE:0.109190 , MAPD:0.581986, R_squared:0.999630  
	Validation = MSE:0.022867 , RMSE:0.151217 , MAE:0.109121 , MAPD:0.602573, R_squared:0.999589

2024-03-21 06:44:23,937 Epoch 172/300, Train Loss: 0.022218, Val Loss: 0.020778  
	Train = MSE:0.022220 , RMSE:0.149062 , MAE:0.112417 , MAPD:0.598549, R_squared:0.999615  
	Validation = MSE:0.020778 , RMSE:0.144147 , MAE:0.101752 , MAPD:0.561577, R_squared:0.999626

2024-03-21 06:44:32,082 Epoch 173/300, Train Loss: 0.019161, Val Loss: 0.022267  
	Train = MSE:0.019148 , RMSE:0.138375 , MAE:0.103348 , MAPD:0.547725, R_squared:0.999669  
	Validation = MSE:0.022267 , RMSE:0.149222 , MAE:0.111010 , MAPD:0.606580, R_squared:0.999599

2024-03-21 06:44:40,478 Epoch 174/300, Train Loss: 0.019303, Val Loss: 0.021405  
	Train = MSE:0.019305 , RMSE:0.138941 , MAE:0.102622 , MAPD:0.541406, R_squared:0.999666  
	Validation = MSE:0.021405 , RMSE:0.146306 , MAE:0.107562 , MAPD:0.597130, R_squared:0.999615

2024-03-21 06:44:50,646 Epoch 175/300, Train Loss: 0.019253, Val Loss: 0.018710  
	Train = MSE:0.019256 , RMSE:0.138767 , MAE:0.103497 , MAPD:0.540441, R_squared:0.999667  
	Validation = MSE:0.018710 , RMSE:0.136784 , MAE:0.094820 , MAPD:0.529417, R_squared:0.999663

2024-03-21 06:44:58,761 Epoch 176/300, Train Loss: 0.019274, Val Loss: 0.019014  
	Train = MSE:0.019275 , RMSE:0.138836 , MAE:0.102702 , MAPD:0.536488, R_squared:0.999666  
	Validation = MSE:0.019014 , RMSE:0.137892 , MAE:0.099399 , MAPD:0.551554, R_squared:0.999658

2024-03-21 06:45:06,924 Epoch 177/300, Train Loss: 0.018532, Val Loss: 0.020045  
	Train = MSE:0.018534 , RMSE:0.136138 , MAE:0.099968 , MAPD:0.527735, R_squared:0.999679  
	Validation = MSE:0.020045 , RMSE:0.141582 , MAE:0.103188 , MAPD:0.563665, R_squared:0.999639

2024-03-21 06:45:15,005 Epoch 178/300, Train Loss: 0.020796, Val Loss: 0.018965  
	Train = MSE:0.020798 , RMSE:0.144216 , MAE:0.108724 , MAPD:0.574112, R_squared:0.999640  
	Validation = MSE:0.018965 , RMSE:0.137713 , MAE:0.094411 , MAPD:0.521157, R_squared:0.999659

2024-03-21 06:45:23,350 Epoch 179/300, Train Loss: 0.018535, Val Loss: 0.020775  
	Train = MSE:0.018534 , RMSE:0.136140 , MAE:0.099959 , MAPD:0.524095, R_squared:0.999679  
	Validation = MSE:0.020775 , RMSE:0.144134 , MAE:0.099727 , MAPD:0.544450, R_squared:0.999626

2024-03-21 06:45:32,071 Epoch 180/300, Train Loss: 0.022073, Val Loss: 0.024863  
	Train = MSE:0.022075 , RMSE:0.148577 , MAE:0.112753 , MAPD:0.599322, R_squared:0.999618  
	Validation = MSE:0.024863 , RMSE:0.157681 , MAE:0.125191 , MAPD:0.740785, R_squared:0.999553

2024-03-21 06:45:40,705 Epoch 181/300, Train Loss: 0.017473, Val Loss: 0.018606  
	Train = MSE:0.017472 , RMSE:0.132181 , MAE:0.097650 , MAPD:0.514433, R_squared:0.999698  
	Validation = MSE:0.018606 , RMSE:0.136405 , MAE:0.094707 , MAPD:0.518035, R_squared:0.999665

2024-03-21 06:45:51,478 Epoch 182/300, Train Loss: 0.018812, Val Loss: 0.027648  
	Train = MSE:0.018814 , RMSE:0.137166 , MAE:0.102598 , MAPD:0.541167, R_squared:0.999674  
	Validation = MSE:0.027648 , RMSE:0.166278 , MAE:0.123489 , MAPD:0.726055, R_squared:0.999502

2024-03-21 06:45:59,773 Epoch 183/300, Train Loss: 0.019741, Val Loss: 0.017260  
	Train = MSE:0.019744 , RMSE:0.140514 , MAE:0.103970 , MAPD:0.550069, R_squared:0.999658  
	Validation = MSE:0.017260 , RMSE:0.131379 , MAE:0.090855 , MAPD:0.500822, R_squared:0.999689

2024-03-21 06:46:08,003 Epoch 184/300, Train Loss: 0.020953, Val Loss: 0.021823  
	Train = MSE:0.020949 , RMSE:0.144739 , MAE:0.108551 , MAPD:0.578095, R_squared:0.999637  
	Validation = MSE:0.021823 , RMSE:0.147726 , MAE:0.102604 , MAPD:0.550499, R_squared:0.999607

2024-03-21 06:46:16,210 Epoch 185/300, Train Loss: 0.018427, Val Loss: 0.024447  
	Train = MSE:0.018429 , RMSE:0.135752 , MAE:0.101490 , MAPD:0.532702, R_squared:0.999681  
	Validation = MSE:0.024447 , RMSE:0.156356 , MAE:0.113919 , MAPD:0.644101, R_squared:0.999560

2024-03-21 06:46:24,682 Epoch 186/300, Train Loss: 0.018525, Val Loss: 0.017638  
	Train = MSE:0.018524 , RMSE:0.136103 , MAE:0.101631 , MAPD:0.538133, R_squared:0.999679  
	Validation = MSE:0.017638 , RMSE:0.132809 , MAE:0.092295 , MAPD:0.503687, R_squared:0.999683

2024-03-21 06:46:33,560 Epoch 187/300, Train Loss: 0.019908, Val Loss: 0.017735  
	Train = MSE:0.019912 , RMSE:0.141111 , MAE:0.105992 , MAPD:0.561276, R_squared:0.999655  
	Validation = MSE:0.017735 , RMSE:0.133172 , MAE:0.094758 , MAPD:0.536548, R_squared:0.999681

2024-03-21 06:46:42,442 Epoch 188/300, Train Loss: 0.019537, Val Loss: 0.017482  
	Train = MSE:0.019540 , RMSE:0.139786 , MAE:0.105749 , MAPD:0.563395, R_squared:0.999662  
	Validation = MSE:0.017482 , RMSE:0.132219 , MAE:0.091976 , MAPD:0.501999, R_squared:0.999685

2024-03-21 06:46:51,419 Epoch 189/300, Train Loss: 0.018107, Val Loss: 0.028896  
	Train = MSE:0.018098 , RMSE:0.134529 , MAE:0.100415 , MAPD:0.530786, R_squared:0.999687  
	Validation = MSE:0.028896 , RMSE:0.169990 , MAE:0.129882 , MAPD:0.714530, R_squared:0.999480

2024-03-21 06:46:59,691 Epoch 190/300, Train Loss: 0.018531, Val Loss: 0.026448  
	Train = MSE:0.018529 , RMSE:0.136120 , MAE:0.102223 , MAPD:0.546889, R_squared:0.999679  
	Validation = MSE:0.026448 , RMSE:0.162629 , MAE:0.120417 , MAPD:0.648543, R_squared:0.999524

2024-03-21 06:47:08,053 Epoch 191/300, Train Loss: 0.017251, Val Loss: 0.017017  
	Train = MSE:0.017253 , RMSE:0.131352 , MAE:0.096887 , MAPD:0.509322, R_squared:0.999701  
	Validation = MSE:0.017017 , RMSE:0.130449 , MAE:0.087777 , MAPD:0.485125, R_squared:0.999694

2024-03-21 06:47:17,868 Epoch 192/300, Train Loss: 0.019829, Val Loss: 0.018431  
	Train = MSE:0.019832 , RMSE:0.140827 , MAE:0.106726 , MAPD:0.568185, R_squared:0.999657  
	Validation = MSE:0.018431 , RMSE:0.135763 , MAE:0.096141 , MAPD:0.519380, R_squared:0.999668

2024-03-21 06:47:26,402 Epoch 193/300, Train Loss: 0.017796, Val Loss: 0.025097  
	Train = MSE:0.017795 , RMSE:0.133400 , MAE:0.100672 , MAPD:0.535652, R_squared:0.999692  
	Validation = MSE:0.025097 , RMSE:0.158419 , MAE:0.124251 , MAPD:0.742110, R_squared:0.999548

2024-03-21 06:47:35,739 Epoch 194/300, Train Loss: 0.016954, Val Loss: 0.023799  
	Train = MSE:0.016957 , RMSE:0.130221 , MAE:0.096664 , MAPD:0.505112, R_squared:0.999706  
	Validation = MSE:0.023799 , RMSE:0.154270 , MAE:0.113303 , MAPD:0.648751, R_squared:0.999572

2024-03-21 06:47:44,531 Epoch 195/300, Train Loss: 0.018628, Val Loss: 0.018864  
	Train = MSE:0.018632 , RMSE:0.136498 , MAE:0.102095 , MAPD:0.543132, R_squared:0.999677  
	Validation = MSE:0.018864 , RMSE:0.137345 , MAE:0.097738 , MAPD:0.525093, R_squared:0.999661

2024-03-21 06:47:52,781 Epoch 196/300, Train Loss: 0.016896, Val Loss: 0.035438  
	Train = MSE:0.016897 , RMSE:0.129989 , MAE:0.096124 , MAPD:0.506883, R_squared:0.999708  
	Validation = MSE:0.035438 , RMSE:0.188250 , MAE:0.160441 , MAPD:0.884252, R_squared:0.999362

2024-03-21 06:48:00,879 Epoch 197/300, Train Loss: 0.019250, Val Loss: 0.018179  
	Train = MSE:0.019247 , RMSE:0.138735 , MAE:0.104187 , MAPD:0.552085, R_squared:0.999667  
	Validation = MSE:0.018179 , RMSE:0.134831 , MAE:0.097273 , MAPD:0.541773, R_squared:0.999673

2024-03-21 06:48:08,993 Epoch 198/300, Train Loss: 0.017833, Val Loss: 0.018396  
	Train = MSE:0.017832 , RMSE:0.133535 , MAE:0.100068 , MAPD:0.528673, R_squared:0.999691  
	Validation = MSE:0.018396 , RMSE:0.135631 , MAE:0.097170 , MAPD:0.528229, R_squared:0.999669

2024-03-21 06:48:17,677 Epoch 199/300, Train Loss: 0.016319, Val Loss: 0.031507  
	Train = MSE:0.016312 , RMSE:0.127717 , MAE:0.094636 , MAPD:0.497858, R_squared:0.999718  
	Validation = MSE:0.031507 , RMSE:0.177502 , MAE:0.146307 , MAPD:0.800935, R_squared:0.999433

2024-03-21 06:48:27,007 Epoch 200/300, Train Loss: 0.018445, Val Loss: 0.019791  
	Train = MSE:0.018447 , RMSE:0.135821 , MAE:0.101969 , MAPD:0.541691, R_squared:0.999681  
	Validation = MSE:0.019791 , RMSE:0.140680 , MAE:0.098870 , MAPD:0.533736, R_squared:0.999644

2024-03-21 06:48:36,713 Epoch 201/300, Train Loss: 0.016543, Val Loss: 0.017810  
	Train = MSE:0.016539 , RMSE:0.128604 , MAE:0.095107 , MAPD:0.496980, R_squared:0.999714  
	Validation = MSE:0.017810 , RMSE:0.133455 , MAE:0.096935 , MAPD:0.527435, R_squared:0.999680

2024-03-21 06:48:46,733 Epoch 202/300, Train Loss: 0.018186, Val Loss: 0.017612  
	Train = MSE:0.018187 , RMSE:0.134860 , MAE:0.101587 , MAPD:0.540686, R_squared:0.999685  
	Validation = MSE:0.017612 , RMSE:0.132710 , MAE:0.090781 , MAPD:0.511560, R_squared:0.999683

2024-03-21 06:48:57,217 Epoch 203/300, Train Loss: 0.015596, Val Loss: 0.023085  
	Train = MSE:0.015597 , RMSE:0.124888 , MAE:0.092476 , MAPD:0.489018, R_squared:0.999730  
	Validation = MSE:0.023085 , RMSE:0.151938 , MAE:0.111373 , MAPD:0.630754, R_squared:0.999585

2024-03-21 06:49:05,645 Epoch 204/300, Train Loss: 0.016413, Val Loss: 0.018341  
	Train = MSE:0.016414 , RMSE:0.128117 , MAE:0.094885 , MAPD:0.497537, R_squared:0.999716  
	Validation = MSE:0.018341 , RMSE:0.135429 , MAE:0.093417 , MAPD:0.509848, R_squared:0.999670

2024-03-21 06:49:13,917 Epoch 205/300, Train Loss: 0.018043, Val Loss: 0.018769  
	Train = MSE:0.018045 , RMSE:0.134332 , MAE:0.101377 , MAPD:0.540323, R_squared:0.999688  
	Validation = MSE:0.018769 , RMSE:0.137001 , MAE:0.100295 , MAPD:0.569874, R_squared:0.999662

2024-03-21 06:49:22,115 Epoch 206/300, Train Loss: 0.016120, Val Loss: 0.018179  
	Train = MSE:0.016113 , RMSE:0.126937 , MAE:0.093679 , MAPD:0.492733, R_squared:0.999721  
	Validation = MSE:0.018179 , RMSE:0.134828 , MAE:0.099462 , MAPD:0.541476, R_squared:0.999673

2024-03-21 06:49:31,973 Epoch 207/300, Train Loss: 0.017011, Val Loss: 0.033420  
	Train = MSE:0.017013 , RMSE:0.130434 , MAE:0.096963 , MAPD:0.513979, R_squared:0.999706  
	Validation = MSE:0.033420 , RMSE:0.182811 , MAE:0.145797 , MAPD:0.845422, R_squared:0.999399

2024-03-21 06:49:40,770 Epoch 208/300, Train Loss: 0.015866, Val Loss: 0.017133  
	Train = MSE:0.015858 , RMSE:0.125928 , MAE:0.094104 , MAPD:0.503773, R_squared:0.999725  
	Validation = MSE:0.017133 , RMSE:0.130891 , MAE:0.093074 , MAPD:0.505019, R_squared:0.999692

2024-03-21 06:49:49,542 Epoch 209/300, Train Loss: 0.016939, Val Loss: 0.016880  
	Train = MSE:0.016942 , RMSE:0.130163 , MAE:0.097986 , MAPD:0.518452, R_squared:0.999707  
	Validation = MSE:0.016880 , RMSE:0.129922 , MAE:0.090803 , MAPD:0.501942, R_squared:0.999696

2024-03-21 06:49:58,310 Epoch 210/300, Train Loss: 0.015944, Val Loss: 0.022204  
	Train = MSE:0.015943 , RMSE:0.126265 , MAE:0.094870 , MAPD:0.496564, R_squared:0.999724  
	Validation = MSE:0.022204 , RMSE:0.149009 , MAE:0.110139 , MAPD:0.641770, R_squared:0.999600

2024-03-21 06:50:06,420 Epoch 211/300, Train Loss: 0.016533, Val Loss: 0.020656  
	Train = MSE:0.016533 , RMSE:0.128581 , MAE:0.096155 , MAPD:0.511491, R_squared:0.999714  
	Validation = MSE:0.020656 , RMSE:0.143722 , MAE:0.105759 , MAPD:0.592690, R_squared:0.999628

2024-03-21 06:50:18,070 Epoch 212/300, Train Loss: 0.015474, Val Loss: 0.015789  
	Train = MSE:0.015474 , RMSE:0.124393 , MAE:0.092919 , MAPD:0.490512, R_squared:0.999732  
	Validation = MSE:0.015789 , RMSE:0.125653 , MAE:0.087702 , MAPD:0.483017, R_squared:0.999716

2024-03-21 06:50:26,299 Epoch 213/300, Train Loss: 0.015648, Val Loss: 0.018264  
	Train = MSE:0.015642 , RMSE:0.125067 , MAE:0.092356 , MAPD:0.485932, R_squared:0.999729  
	Validation = MSE:0.018264 , RMSE:0.135144 , MAE:0.094361 , MAPD:0.529818, R_squared:0.999671

2024-03-21 06:50:34,422 Epoch 214/300, Train Loss: 0.017467, Val Loss: 0.015588  
	Train = MSE:0.017467 , RMSE:0.132163 , MAE:0.100518 , MAPD:0.536131, R_squared:0.999698  
	Validation = MSE:0.015588 , RMSE:0.124853 , MAE:0.085156 , MAPD:0.474222, R_squared:0.999720

2024-03-21 06:50:42,555 Epoch 215/300, Train Loss: 0.014780, Val Loss: 0.018115  
	Train = MSE:0.014782 , RMSE:0.121581 , MAE:0.089937 , MAPD:0.475149, R_squared:0.999744  
	Validation = MSE:0.018115 , RMSE:0.134591 , MAE:0.092457 , MAPD:0.506377, R_squared:0.999674

2024-03-21 06:50:50,947 Epoch 216/300, Train Loss: 0.015767, Val Loss: 0.020081  
	Train = MSE:0.015771 , RMSE:0.125582 , MAE:0.093673 , MAPD:0.498326, R_squared:0.999727  
	Validation = MSE:0.020081 , RMSE:0.141709 , MAE:0.110545 , MAPD:0.613278, R_squared:0.999639

2024-03-21 06:50:59,092 Epoch 217/300, Train Loss: 0.015451, Val Loss: 0.020293  
	Train = MSE:0.015453 , RMSE:0.124310 , MAE:0.092906 , MAPD:0.497015, R_squared:0.999733  
	Validation = MSE:0.020293 , RMSE:0.142455 , MAE:0.101550 , MAPD:0.547357, R_squared:0.999635

2024-03-21 06:51:07,224 Epoch 218/300, Train Loss: 0.015287, Val Loss: 0.017487  
	Train = MSE:0.015286 , RMSE:0.123638 , MAE:0.091457 , MAPD:0.482827, R_squared:0.999735  
	Validation = MSE:0.017487 , RMSE:0.132239 , MAE:0.097829 , MAPD:0.548428, R_squared:0.999685

2024-03-21 06:51:18,043 Epoch 219/300, Train Loss: 0.016502, Val Loss: 0.037199  
	Train = MSE:0.016498 , RMSE:0.128444 , MAE:0.095179 , MAPD:0.503792, R_squared:0.999714  
	Validation = MSE:0.037199 , RMSE:0.192871 , MAE:0.157898 , MAPD:0.869641, R_squared:0.999331

2024-03-21 06:51:26,452 Epoch 220/300, Train Loss: 0.017813, Val Loss: 0.020444  
	Train = MSE:0.017811 , RMSE:0.133458 , MAE:0.101238 , MAPD:0.542711, R_squared:0.999692  
	Validation = MSE:0.020444 , RMSE:0.142981 , MAE:0.108011 , MAPD:0.618019, R_squared:0.999632

2024-03-21 06:51:34,671 Epoch 221/300, Train Loss: 0.015328, Val Loss: 0.017317  
	Train = MSE:0.015324 , RMSE:0.123788 , MAE:0.092793 , MAPD:0.491820, R_squared:0.999735  
	Validation = MSE:0.017317 , RMSE:0.131595 , MAE:0.093615 , MAPD:0.517597, R_squared:0.999688

2024-03-21 06:51:44,755 Epoch 222/300, Train Loss: 0.016802, Val Loss: 0.015369  
	Train = MSE:0.016804 , RMSE:0.129631 , MAE:0.097189 , MAPD:0.518217, R_squared:0.999709  
	Validation = MSE:0.015369 , RMSE:0.123973 , MAE:0.083336 , MAPD:0.462261, R_squared:0.999723

2024-03-21 06:51:53,311 Epoch 223/300, Train Loss: 0.015064, Val Loss: 0.019511  
	Train = MSE:0.015066 , RMSE:0.122743 , MAE:0.091196 , MAPD:0.483149, R_squared:0.999739  
	Validation = MSE:0.019511 , RMSE:0.139683 , MAE:0.099798 , MAPD:0.557673, R_squared:0.999649

2024-03-21 06:52:01,473 Epoch 224/300, Train Loss: 0.015748, Val Loss: 0.017068  
	Train = MSE:0.015747 , RMSE:0.125487 , MAE:0.094277 , MAPD:0.498647, R_squared:0.999727  
	Validation = MSE:0.017068 , RMSE:0.130644 , MAE:0.088490 , MAPD:0.485310, R_squared:0.999693

2024-03-21 06:52:09,760 Epoch 225/300, Train Loss: 0.016131, Val Loss: 0.020564  
	Train = MSE:0.016129 , RMSE:0.127001 , MAE:0.095196 , MAPD:0.509661, R_squared:0.999721  
	Validation = MSE:0.020564 , RMSE:0.143401 , MAE:0.105177 , MAPD:0.598663, R_squared:0.999630

2024-03-21 06:52:18,268 Epoch 226/300, Train Loss: 0.013953, Val Loss: 0.017369  
	Train = MSE:0.013953 , RMSE:0.118125 , MAE:0.088274 , MAPD:0.468277, R_squared:0.999758  
	Validation = MSE:0.017369 , RMSE:0.131791 , MAE:0.091099 , MAPD:0.494486, R_squared:0.999687

2024-03-21 06:52:28,632 Epoch 227/300, Train Loss: 0.016136, Val Loss: 0.016318  
	Train = MSE:0.016130 , RMSE:0.127005 , MAE:0.094499 , MAPD:0.498236, R_squared:0.999721  
	Validation = MSE:0.016318 , RMSE:0.127742 , MAE:0.093280 , MAPD:0.519221, R_squared:0.999706

2024-03-21 06:52:37,320 Epoch 228/300, Train Loss: 0.017078, Val Loss: 0.019426  
	Train = MSE:0.017079 , RMSE:0.130686 , MAE:0.100131 , MAPD:0.534150, R_squared:0.999704  
	Validation = MSE:0.019426 , RMSE:0.139377 , MAE:0.100220 , MAPD:0.575936, R_squared:0.999650

2024-03-21 06:52:45,888 Epoch 229/300, Train Loss: 0.015800, Val Loss: 0.015292  
	Train = MSE:0.015797 , RMSE:0.125687 , MAE:0.094459 , MAPD:0.507031, R_squared:0.999727  
	Validation = MSE:0.015292 , RMSE:0.123662 , MAE:0.087067 , MAPD:0.492587, R_squared:0.999725

2024-03-21 06:52:54,505 Epoch 230/300, Train Loss: 0.016443, Val Loss: 0.023239  
	Train = MSE:0.016445 , RMSE:0.128237 , MAE:0.096502 , MAPD:0.519118, R_squared:0.999715  
	Validation = MSE:0.023239 , RMSE:0.152442 , MAE:0.124614 , MAPD:0.697013, R_squared:0.999582

2024-03-21 06:53:02,947 Epoch 231/300, Train Loss: 0.014338, Val Loss: 0.014999  
	Train = MSE:0.014338 , RMSE:0.119743 , MAE:0.089456 , MAPD:0.474173, R_squared:0.999752  
	Validation = MSE:0.014999 , RMSE:0.122469 , MAE:0.084228 , MAPD:0.467373, R_squared:0.999730

2024-03-21 06:53:12,794 Epoch 232/300, Train Loss: 0.014166, Val Loss: 0.019097  
	Train = MSE:0.014166 , RMSE:0.119023 , MAE:0.088690 , MAPD:0.472808, R_squared:0.999755  
	Validation = MSE:0.019097 , RMSE:0.138193 , MAE:0.107204 , MAPD:0.628448, R_squared:0.999656

2024-03-21 06:53:21,142 Epoch 233/300, Train Loss: 0.014774, Val Loss: 0.022974  
	Train = MSE:0.014776 , RMSE:0.121556 , MAE:0.091178 , MAPD:0.479632, R_squared:0.999744  
	Validation = MSE:0.022974 , RMSE:0.151570 , MAE:0.114165 , MAPD:0.648860, R_squared:0.999587

2024-03-21 06:53:29,936 Epoch 234/300, Train Loss: 0.014135, Val Loss: 0.015453  
	Train = MSE:0.014136 , RMSE:0.118895 , MAE:0.087887 , MAPD:0.464688, R_squared:0.999755  
	Validation = MSE:0.015453 , RMSE:0.124308 , MAE:0.089888 , MAPD:0.519964, R_squared:0.999722

2024-03-21 06:53:38,570 Epoch 235/300, Train Loss: 0.014466, Val Loss: 0.015269  
	Train = MSE:0.014466 , RMSE:0.120276 , MAE:0.089384 , MAPD:0.472594, R_squared:0.999750  
	Validation = MSE:0.015269 , RMSE:0.123567 , MAE:0.088307 , MAPD:0.502657, R_squared:0.999725

2024-03-21 06:53:47,063 Epoch 236/300, Train Loss: 0.014800, Val Loss: 0.021412  
	Train = MSE:0.014796 , RMSE:0.121640 , MAE:0.090928 , MAPD:0.483095, R_squared:0.999744  
	Validation = MSE:0.021412 , RMSE:0.146330 , MAE:0.109929 , MAPD:0.625472, R_squared:0.999615

2024-03-21 06:53:55,368 Epoch 237/300, Train Loss: 0.014367, Val Loss: 0.025106  
	Train = MSE:0.014370 , RMSE:0.119877 , MAE:0.089463 , MAPD:0.472120, R_squared:0.999751  
	Validation = MSE:0.025106 , RMSE:0.158448 , MAE:0.121795 , MAPD:0.673434, R_squared:0.999548

2024-03-21 06:54:04,506 Epoch 238/300, Train Loss: 0.014841, Val Loss: 0.016016  
	Train = MSE:0.014840 , RMSE:0.121821 , MAE:0.091346 , MAPD:0.485182, R_squared:0.999743  
	Validation = MSE:0.016016 , RMSE:0.126554 , MAE:0.087727 , MAPD:0.481544, R_squared:0.999712

2024-03-21 06:54:12,884 Epoch 239/300, Train Loss: 0.014348, Val Loss: 0.015521  
	Train = MSE:0.014351 , RMSE:0.119796 , MAE:0.089107 , MAPD:0.470040, R_squared:0.999752  
	Validation = MSE:0.015521 , RMSE:0.124583 , MAE:0.086739 , MAPD:0.486374, R_squared:0.999721

2024-03-21 06:54:21,898 Epoch 240/300, Train Loss: 0.013283, Val Loss: 0.016938  
	Train = MSE:0.013284 , RMSE:0.115254 , MAE:0.085034 , MAPD:0.443793, R_squared:0.999770  
	Validation = MSE:0.016938 , RMSE:0.130145 , MAE:0.092399 , MAPD:0.509984, R_squared:0.999695

2024-03-21 06:54:30,754 Epoch 241/300, Train Loss: 0.014117, Val Loss: 0.024166  
	Train = MSE:0.014110 , RMSE:0.118784 , MAE:0.087788 , MAPD:0.468364, R_squared:0.999756  
	Validation = MSE:0.024166 , RMSE:0.155454 , MAE:0.126268 , MAPD:0.743317, R_squared:0.999565

2024-03-21 06:54:40,765 Epoch 242/300, Train Loss: 0.016192, Val Loss: 0.014642  
	Train = MSE:0.016194 , RMSE:0.127256 , MAE:0.096401 , MAPD:0.516091, R_squared:0.999720  
	Validation = MSE:0.014642 , RMSE:0.121005 , MAE:0.082621 , MAPD:0.459899, R_squared:0.999737

2024-03-21 06:54:48,939 Epoch 243/300, Train Loss: 0.015173, Val Loss: 0.016987  
	Train = MSE:0.015175 , RMSE:0.123186 , MAE:0.092964 , MAPD:0.492238, R_squared:0.999737  
	Validation = MSE:0.016987 , RMSE:0.130333 , MAE:0.089827 , MAPD:0.490478, R_squared:0.999694

2024-03-21 06:54:58,151 Epoch 244/300, Train Loss: 0.013756, Val Loss: 0.030648  
	Train = MSE:0.013753 , RMSE:0.117272 , MAE:0.087174 , MAPD:0.460665, R_squared:0.999762  
	Validation = MSE:0.030648 , RMSE:0.175066 , MAE:0.138922 , MAPD:0.782287, R_squared:0.999449

2024-03-21 06:55:06,385 Epoch 245/300, Train Loss: 0.016192, Val Loss: 0.027027  
	Train = MSE:0.016195 , RMSE:0.127261 , MAE:0.097235 , MAPD:0.521044, R_squared:0.999720  
	Validation = MSE:0.027027 , RMSE:0.164400 , MAE:0.130490 , MAPD:0.744724, R_squared:0.999514

2024-03-21 06:55:14,637 Epoch 246/300, Train Loss: 0.013249, Val Loss: 0.014608  
	Train = MSE:0.013249 , RMSE:0.115103 , MAE:0.086047 , MAPD:0.459686, R_squared:0.999771  
	Validation = MSE:0.014608 , RMSE:0.120862 , MAE:0.084893 , MAPD:0.464544, R_squared:0.999737

2024-03-21 06:55:23,602 Epoch 247/300, Train Loss: 0.014318, Val Loss: 0.021424  
	Train = MSE:0.014310 , RMSE:0.119625 , MAE:0.088540 , MAPD:0.469437, R_squared:0.999752  
	Validation = MSE:0.021424 , RMSE:0.146369 , MAE:0.115220 , MAPD:0.641100, R_squared:0.999614

2024-03-21 06:55:33,485 Epoch 248/300, Train Loss: 0.014837, Val Loss: 0.020983  
	Train = MSE:0.014837 , RMSE:0.121807 , MAE:0.091398 , MAPD:0.483856, R_squared:0.999743  
	Validation = MSE:0.020983 , RMSE:0.144855 , MAE:0.113237 , MAPD:0.629191, R_squared:0.999622

2024-03-21 06:55:43,328 Epoch 249/300, Train Loss: 0.014234, Val Loss: 0.020255  
	Train = MSE:0.014229 , RMSE:0.119286 , MAE:0.089334 , MAPD:0.474688, R_squared:0.999754  
	Validation = MSE:0.020255 , RMSE:0.142319 , MAE:0.109929 , MAPD:0.663734, R_squared:0.999636

2024-03-21 06:55:51,533 Epoch 250/300, Train Loss: 0.014467, Val Loss: 0.015466  
	Train = MSE:0.014466 , RMSE:0.120275 , MAE:0.090219 , MAPD:0.481575, R_squared:0.999750  
	Validation = MSE:0.015466 , RMSE:0.124363 , MAE:0.089793 , MAPD:0.493445, R_squared:0.999722

2024-03-21 06:55:59,909 Epoch 251/300, Train Loss: 0.015763, Val Loss: 0.015522  
	Train = MSE:0.015757 , RMSE:0.125526 , MAE:0.094026 , MAPD:0.502331, R_squared:0.999727  
	Validation = MSE:0.015522 , RMSE:0.124586 , MAE:0.086276 , MAPD:0.471781, R_squared:0.999721

2024-03-21 06:56:10,716 Epoch 252/300, Train Loss: 0.013726, Val Loss: 0.014184  
	Train = MSE:0.013729 , RMSE:0.117169 , MAE:0.087105 , MAPD:0.461066, R_squared:0.999762  
	Validation = MSE:0.014184 , RMSE:0.119099 , MAE:0.080388 , MAPD:0.448780, R_squared:0.999745

2024-03-21 06:56:18,864 Epoch 253/300, Train Loss: 0.014216, Val Loss: 0.016503  
	Train = MSE:0.014212 , RMSE:0.119216 , MAE:0.089580 , MAPD:0.479853, R_squared:0.999754  
	Validation = MSE:0.016503 , RMSE:0.128464 , MAE:0.094336 , MAPD:0.512953, R_squared:0.999703

2024-03-21 06:56:27,081 Epoch 254/300, Train Loss: 0.015658, Val Loss: 0.014509  
	Train = MSE:0.015660 , RMSE:0.125140 , MAE:0.093945 , MAPD:0.498669, R_squared:0.999729  
	Validation = MSE:0.014509 , RMSE:0.120453 , MAE:0.084625 , MAPD:0.459248, R_squared:0.999739

2024-03-21 06:56:36,315 Epoch 255/300, Train Loss: 0.012720, Val Loss: 0.016982  
	Train = MSE:0.012720 , RMSE:0.112782 , MAE:0.083677 , MAPD:0.442288, R_squared:0.999780  
	Validation = MSE:0.016982 , RMSE:0.130315 , MAE:0.092140 , MAPD:0.512738, R_squared:0.999694

2024-03-21 06:56:44,774 Epoch 256/300, Train Loss: 0.013178, Val Loss: 0.019842  
	Train = MSE:0.013180 , RMSE:0.114803 , MAE:0.084866 , MAPD:0.450434, R_squared:0.999772  
	Validation = MSE:0.019842 , RMSE:0.140860 , MAE:0.101497 , MAPD:0.545091, R_squared:0.999643

2024-03-21 06:56:54,538 Epoch 257/300, Train Loss: 0.014797, Val Loss: 0.017342  
	Train = MSE:0.014796 , RMSE:0.121640 , MAE:0.091123 , MAPD:0.484271, R_squared:0.999744  
	Validation = MSE:0.017342 , RMSE:0.131689 , MAE:0.095912 , MAPD:0.529259, R_squared:0.999688

2024-03-21 06:57:02,915 Epoch 258/300, Train Loss: 0.014099, Val Loss: 0.015530  
	Train = MSE:0.014100 , RMSE:0.118745 , MAE:0.089121 , MAPD:0.473708, R_squared:0.999756  
	Validation = MSE:0.015530 , RMSE:0.124620 , MAE:0.086044 , MAPD:0.467940, R_squared:0.999721

2024-03-21 06:57:11,570 Epoch 259/300, Train Loss: 0.014362, Val Loss: 0.015024  
	Train = MSE:0.014359 , RMSE:0.119828 , MAE:0.089511 , MAPD:0.477966, R_squared:0.999751  
	Validation = MSE:0.015024 , RMSE:0.122573 , MAE:0.086850 , MAPD:0.485298, R_squared:0.999730

2024-03-21 06:57:19,875 Epoch 260/300, Train Loss: 0.016474, Val Loss: 0.018886  
	Train = MSE:0.016476 , RMSE:0.128359 , MAE:0.097700 , MAPD:0.525232, R_squared:0.999715  
	Validation = MSE:0.018886 , RMSE:0.137426 , MAE:0.100642 , MAPD:0.561386, R_squared:0.999660

2024-03-21 06:57:28,186 Epoch 261/300, Train Loss: 0.013348, Val Loss: 0.015477  
	Train = MSE:0.013348 , RMSE:0.115535 , MAE:0.086840 , MAPD:0.466129, R_squared:0.999769  
	Validation = MSE:0.015477 , RMSE:0.124407 , MAE:0.089051 , MAPD:0.493642, R_squared:0.999722

2024-03-21 06:57:38,213 Epoch 262/300, Train Loss: 0.013960, Val Loss: 0.022965  
	Train = MSE:0.013962 , RMSE:0.118160 , MAE:0.087993 , MAPD:0.471178, R_squared:0.999758  
	Validation = MSE:0.022965 , RMSE:0.151543 , MAE:0.122266 , MAPD:0.743907, R_squared:0.999587

2024-03-21 06:57:46,449 Epoch 263/300, Train Loss: 0.013762, Val Loss: 0.014921  
	Train = MSE:0.013764 , RMSE:0.117320 , MAE:0.087534 , MAPD:0.466441, R_squared:0.999762  
	Validation = MSE:0.014921 , RMSE:0.122153 , MAE:0.083932 , MAPD:0.460307, R_squared:0.999732

2024-03-21 06:57:54,725 Epoch 264/300, Train Loss: 0.015557, Val Loss: 0.016760  
	Train = MSE:0.015556 , RMSE:0.124723 , MAE:0.094170 , MAPD:0.506423, R_squared:0.999731  
	Validation = MSE:0.016760 , RMSE:0.129461 , MAE:0.095136 , MAPD:0.516078, R_squared:0.999698

2024-03-21 06:58:03,286 Epoch 265/300, Train Loss: 0.014102, Val Loss: 0.017584  
	Train = MSE:0.014102 , RMSE:0.118753 , MAE:0.088744 , MAPD:0.474462, R_squared:0.999756  
	Validation = MSE:0.017584 , RMSE:0.132605 , MAE:0.097774 , MAPD:0.566535, R_squared:0.999684

2024-03-21 06:58:12,549 Epoch 266/300, Train Loss: 0.013336, Val Loss: 0.018829  
	Train = MSE:0.013336 , RMSE:0.115480 , MAE:0.084979 , MAPD:0.448690, R_squared:0.999769  
	Validation = MSE:0.018829 , RMSE:0.137220 , MAE:0.096438 , MAPD:0.498125, R_squared:0.999661

2024-03-21 06:58:22,508 Epoch 267/300, Train Loss: 0.014078, Val Loss: 0.016224  
	Train = MSE:0.014076 , RMSE:0.118644 , MAE:0.088981 , MAPD:0.473158, R_squared:0.999756  
	Validation = MSE:0.016224 , RMSE:0.127372 , MAE:0.092505 , MAPD:0.514055, R_squared:0.999708

2024-03-21 06:58:31,570 Epoch 268/300, Train Loss: 0.014144, Val Loss: 0.015577  
	Train = MSE:0.014138 , RMSE:0.118904 , MAE:0.090216 , MAPD:0.486567, R_squared:0.999755  
	Validation = MSE:0.015577 , RMSE:0.124807 , MAE:0.086840 , MAPD:0.497125, R_squared:0.999720

2024-03-21 06:58:39,817 Epoch 269/300, Train Loss: 0.013497, Val Loss: 0.018037  
	Train = MSE:0.013494 , RMSE:0.116165 , MAE:0.086365 , MAPD:0.454871, R_squared:0.999766  
	Validation = MSE:0.018037 , RMSE:0.134303 , MAE:0.099800 , MAPD:0.532242, R_squared:0.999675

2024-03-21 06:58:48,119 Epoch 270/300, Train Loss: 0.012749, Val Loss: 0.015719  
	Train = MSE:0.012752 , RMSE:0.112925 , MAE:0.084156 , MAPD:0.451520, R_squared:0.999779  
	Validation = MSE:0.015719 , RMSE:0.125376 , MAE:0.093026 , MAPD:0.523738, R_squared:0.999717

2024-03-21 06:58:56,948 Epoch 271/300, Train Loss: 0.013958, Val Loss: 0.015335  
	Train = MSE:0.013959 , RMSE:0.118149 , MAE:0.088689 , MAPD:0.472175, R_squared:0.999758  
	Validation = MSE:0.015335 , RMSE:0.123833 , MAE:0.090732 , MAPD:0.513828, R_squared:0.999724

2024-03-21 06:59:08,035 Epoch 272/300, Train Loss: 0.013901, Val Loss: 0.015168  
	Train = MSE:0.013902 , RMSE:0.117906 , MAE:0.088292 , MAPD:0.474748, R_squared:0.999759  
	Validation = MSE:0.015168 , RMSE:0.123159 , MAE:0.086482 , MAPD:0.484329, R_squared:0.999727

2024-03-21 06:59:16,287 Epoch 273/300, Train Loss: 0.012699, Val Loss: 0.013743  
	Train = MSE:0.012701 , RMSE:0.112698 , MAE:0.083461 , MAPD:0.441221, R_squared:0.999780  
	Validation = MSE:0.013743 , RMSE:0.117230 , MAE:0.081733 , MAPD:0.444835, R_squared:0.999753

2024-03-21 06:59:26,518 Epoch 274/300, Train Loss: 0.014203, Val Loss: 0.018964  
	Train = MSE:0.014197 , RMSE:0.119153 , MAE:0.089574 , MAPD:0.476633, R_squared:0.999754  
	Validation = MSE:0.018964 , RMSE:0.137711 , MAE:0.100383 , MAPD:0.589792, R_squared:0.999659

2024-03-21 06:59:34,782 Epoch 275/300, Train Loss: 0.012120, Val Loss: 0.014471  
	Train = MSE:0.012120 , RMSE:0.110092 , MAE:0.081710 , MAPD:0.431491, R_squared:0.999790  
	Validation = MSE:0.014471 , RMSE:0.120294 , MAE:0.087759 , MAPD:0.503023, R_squared:0.999740

2024-03-21 06:59:44,472 Epoch 276/300, Train Loss: 0.013805, Val Loss: 0.019237  
	Train = MSE:0.013803 , RMSE:0.117488 , MAE:0.089008 , MAPD:0.473965, R_squared:0.999761  
	Validation = MSE:0.019237 , RMSE:0.138699 , MAE:0.108975 , MAPD:0.631522, R_squared:0.999654

2024-03-21 06:59:53,830 Epoch 277/300, Train Loss: 0.013231, Val Loss: 0.043260  
	Train = MSE:0.013226 , RMSE:0.115004 , MAE:0.085321 , MAPD:0.453069, R_squared:0.999771  
	Validation = MSE:0.043260 , RMSE:0.207991 , MAE:0.180760 , MAPD:1.043424, R_squared:0.999222

2024-03-21 07:00:02,175 Epoch 278/300, Train Loss: 0.013904, Val Loss: 0.018972  
	Train = MSE:0.013898 , RMSE:0.117888 , MAE:0.087660 , MAPD:0.470600, R_squared:0.999759  
	Validation = MSE:0.018972 , RMSE:0.137738 , MAE:0.104845 , MAPD:0.618917, R_squared:0.999659

2024-03-21 07:00:10,674 Epoch 279/300, Train Loss: 0.011979, Val Loss: 0.017649  
	Train = MSE:0.011979 , RMSE:0.109447 , MAE:0.080627 , MAPD:0.428722, R_squared:0.999793  
	Validation = MSE:0.017649 , RMSE:0.132850 , MAE:0.102466 , MAPD:0.574204, R_squared:0.999682

2024-03-21 07:00:19,310 Epoch 280/300, Train Loss: 0.013895, Val Loss: 0.013759  
	Train = MSE:0.013894 , RMSE:0.117872 , MAE:0.089263 , MAPD:0.484461, R_squared:0.999759  
	Validation = MSE:0.013759 , RMSE:0.117297 , MAE:0.080281 , MAPD:0.441810, R_squared:0.999752

2024-03-21 07:00:28,665 Epoch 281/300, Train Loss: 0.012027, Val Loss: 0.012750  
	Train = MSE:0.012030 , RMSE:0.109682 , MAE:0.081091 , MAPD:0.428253, R_squared:0.999792  
	Validation = MSE:0.012750 , RMSE:0.112918 , MAE:0.078146 , MAPD:0.433156, R_squared:0.999771

2024-03-21 07:00:38,640 Epoch 282/300, Train Loss: 0.011823, Val Loss: 0.015666  
	Train = MSE:0.011817 , RMSE:0.108707 , MAE:0.079550 , MAPD:0.423612, R_squared:0.999795  
	Validation = MSE:0.015666 , RMSE:0.125165 , MAE:0.088448 , MAPD:0.491425, R_squared:0.999718

2024-03-21 07:00:46,850 Epoch 283/300, Train Loss: 0.012863, Val Loss: 0.015853  
	Train = MSE:0.012864 , RMSE:0.113419 , MAE:0.084689 , MAPD:0.453982, R_squared:0.999777  
	Validation = MSE:0.015853 , RMSE:0.125909 , MAE:0.093496 , MAPD:0.541829, R_squared:0.999715

2024-03-21 07:00:55,168 Epoch 284/300, Train Loss: 0.012161, Val Loss: 0.014541  
	Train = MSE:0.012161 , RMSE:0.110278 , MAE:0.082156 , MAPD:0.436962, R_squared:0.999789  
	Validation = MSE:0.014541 , RMSE:0.120587 , MAE:0.083293 , MAPD:0.465007, R_squared:0.999738

2024-03-21 07:01:04,201 Epoch 285/300, Train Loss: 0.012976, Val Loss: 0.014174  
	Train = MSE:0.012972 , RMSE:0.113895 , MAE:0.085136 , MAPD:0.452062, R_squared:0.999775  
	Validation = MSE:0.014174 , RMSE:0.119055 , MAE:0.085592 , MAPD:0.474744, R_squared:0.999745

2024-03-21 07:01:14,590 Epoch 286/300, Train Loss: 0.012826, Val Loss: 0.014106  
	Train = MSE:0.012828 , RMSE:0.113262 , MAE:0.084965 , MAPD:0.454744, R_squared:0.999778  
	Validation = MSE:0.014106 , RMSE:0.118768 , MAE:0.080441 , MAPD:0.448105, R_squared:0.999746

2024-03-21 07:01:22,905 Epoch 287/300, Train Loss: 0.013735, Val Loss: 0.013310  
	Train = MSE:0.013735 , RMSE:0.117197 , MAE:0.088152 , MAPD:0.471231, R_squared:0.999762  
	Validation = MSE:0.013310 , RMSE:0.115370 , MAE:0.079408 , MAPD:0.442235, R_squared:0.999760

2024-03-21 07:01:31,644 Epoch 288/300, Train Loss: 0.012099, Val Loss: 0.013872  
	Train = MSE:0.012101 , RMSE:0.110004 , MAE:0.081589 , MAPD:0.432835, R_squared:0.999791  
	Validation = MSE:0.013872 , RMSE:0.117779 , MAE:0.083143 , MAPD:0.454667, R_squared:0.999750

2024-03-21 07:01:39,879 Epoch 289/300, Train Loss: 0.012581, Val Loss: 0.015790  
	Train = MSE:0.012582 , RMSE:0.112168 , MAE:0.083958 , MAPD:0.449121, R_squared:0.999782  
	Validation = MSE:0.015790 , RMSE:0.125660 , MAE:0.091196 , MAPD:0.486049, R_squared:0.999716

2024-03-21 07:01:48,166 Epoch 290/300, Train Loss: 0.013099, Val Loss: 0.037480  
	Train = MSE:0.013100 , RMSE:0.114454 , MAE:0.085986 , MAPD:0.465477, R_squared:0.999773  
	Validation = MSE:0.037480 , RMSE:0.193598 , MAE:0.162446 , MAPD:0.973597, R_squared:0.999326

2024-03-21 07:01:56,538 Epoch 291/300, Train Loss: 0.013649, Val Loss: 0.017908  
	Train = MSE:0.013651 , RMSE:0.116838 , MAE:0.087505 , MAPD:0.469268, R_squared:0.999764  
	Validation = MSE:0.017908 , RMSE:0.133819 , MAE:0.095440 , MAPD:0.564779, R_squared:0.999678

2024-03-21 07:02:07,581 Epoch 292/300, Train Loss: 0.012253, Val Loss: 0.013296  
	Train = MSE:0.012249 , RMSE:0.110676 , MAE:0.082949 , MAPD:0.438621, R_squared:0.999788  
	Validation = MSE:0.013296 , RMSE:0.115308 , MAE:0.079068 , MAPD:0.438383, R_squared:0.999761

2024-03-21 07:02:15,914 Epoch 293/300, Train Loss: 0.012083, Val Loss: 0.014526  
	Train = MSE:0.012080 , RMSE:0.109909 , MAE:0.082227 , MAPD:0.440021, R_squared:0.999791  
	Validation = MSE:0.014526 , RMSE:0.120523 , MAE:0.088745 , MAPD:0.500952, R_squared:0.999739

2024-03-21 07:02:24,551 Epoch 294/300, Train Loss: 0.012848, Val Loss: 0.024692  
	Train = MSE:0.012845 , RMSE:0.113334 , MAE:0.084912 , MAPD:0.454224, R_squared:0.999778  
	Validation = MSE:0.024692 , RMSE:0.157137 , MAE:0.124109 , MAPD:0.727738, R_squared:0.999556

2024-03-21 07:02:34,739 Epoch 295/300, Train Loss: 0.011721, Val Loss: 0.016308  
	Train = MSE:0.011720 , RMSE:0.108261 , MAE:0.080052 , MAPD:0.423391, R_squared:0.999797  
	Validation = MSE:0.016308 , RMSE:0.127704 , MAE:0.088709 , MAPD:0.500351, R_squared:0.999707

2024-03-21 07:02:44,293 Epoch 296/300, Train Loss: 0.013527, Val Loss: 0.013973  
	Train = MSE:0.013527 , RMSE:0.116307 , MAE:0.088721 , MAPD:0.481138, R_squared:0.999766  
	Validation = MSE:0.013973 , RMSE:0.118207 , MAE:0.085555 , MAPD:0.471766, R_squared:0.999749

2024-03-21 07:02:53,073 Epoch 297/300, Train Loss: 0.014941, Val Loss: 0.015434  
	Train = MSE:0.014943 , RMSE:0.122242 , MAE:0.093454 , MAPD:0.505867, R_squared:0.999741  
	Validation = MSE:0.015434 , RMSE:0.124233 , MAE:0.086829 , MAPD:0.492575, R_squared:0.999722

2024-03-21 07:03:01,529 Epoch 298/300, Train Loss: 0.012114, Val Loss: 0.014564  
	Train = MSE:0.012112 , RMSE:0.110055 , MAE:0.082156 , MAPD:0.440180, R_squared:0.999790  
	Validation = MSE:0.014564 , RMSE:0.120683 , MAE:0.083706 , MAPD:0.457382, R_squared:0.999738

2024-03-21 07:03:10,056 Epoch 299/300, Train Loss: 0.013408, Val Loss: 0.022547  
	Train = MSE:0.013409 , RMSE:0.115798 , MAE:0.086246 , MAPD:0.460339, R_squared:0.999768  
	Validation = MSE:0.022547 , RMSE:0.150155 , MAE:0.114697 , MAPD:0.624758, R_squared:0.999594

2024-03-21 07:03:18,507 Epoch 300/300, Train Loss: 0.013801, Val Loss: 0.012788  
	Train = MSE:0.013804 , RMSE:0.117492 , MAE:0.088276 , MAPD:0.478273, R_squared:0.999761  
	Validation = MSE:0.012788 , RMSE:0.113085 , MAE:0.076449 , MAPD:0.429965, R_squared:0.999770

2024-03-21 07:03:18,511 Time for training the model: 3011.669000
2024-03-21 07:03:23,228 MSE for train: 0.009143
2024-03-21 07:03:23,228 RMSE for train: 0.095620
2024-03-21 07:03:23,228 MAE for train: 0.068152
2024-03-21 07:03:23,228 MAPD for train: 0.360780
2024-03-21 07:03:23,229 R^2 Score for train: 0.999842
2024-03-21 07:03:23,232 Inference time for train dataset: 2.784001

2024-03-21 07:03:23,610 MSE for val: 0.012788
2024-03-21 07:03:23,610 RMSE for val: 0.113085
2024-03-21 07:03:23,611 MAE for val: 0.076449
2024-03-21 07:03:23,611 MAPD for val: 0.429965
2024-03-21 07:03:23,611 R^2 Score for val: 0.999770
2024-03-21 07:03:23,614 Inference time for val dataset: 0.378999

2024-03-21 07:03:23,975 MSE for test: 0.013733
2024-03-21 07:03:23,975 RMSE for test: 0.117188
2024-03-21 07:03:23,975 MAE for test: 0.074794
2024-03-21 07:03:23,975 MAPD for test: 0.391313
2024-03-21 07:03:23,975 R^2 Score for test: 0.999773
2024-03-21 07:03:23,978 Inference time for test dataset: 0.361001

2024-03-21 07:03:25,882 Train label average: , [20.62097221]
2024-03-21 07:03:25,883 Test label average: , [21.41736175]
2024-03-21 07:03:25,883 validation label average: , [20.14607025]
2024-03-21 07:03:25,883 predicted (on validation dataset) values average: , 21.4135498046875
