2024-03-21 06:04:37,456 train batches in dataset: 3199
2024-03-21 06:04:37,456 val batches in dataset: 400
2024-03-21 06:04:37,457 test batches in dataset: 400
2024-03-21 06:04:37,474 Trainable parameter: net_core.0.weight - size: torch.Size([256, 35])
2024-03-21 06:04:37,481 Trainable parameter: net_core.0.bias - size: torch.Size([256])
2024-03-21 06:04:37,485 Trainable parameter: net_core.1.weight - size: torch.Size([128, 256])
2024-03-21 06:04:37,493 Trainable parameter: net_core.1.bias - size: torch.Size([128])
2024-03-21 06:04:37,498 Trainable parameter: net_core.2.weight - size: torch.Size([64, 128])
2024-03-21 06:04:37,504 Trainable parameter: net_core.2.bias - size: torch.Size([64])
2024-03-21 06:04:37,511 Trainable parameter: net_core.3.weight - size: torch.Size([16, 64])
2024-03-21 06:04:37,512 Trainable parameter: net_core.3.bias - size: torch.Size([16])
2024-03-21 06:04:37,512 Trainable parameter: net_core.4.weight - size: torch.Size([1, 16])
2024-03-21 06:04:37,512 Trainable parameter: net_core.4.bias - size: torch.Size([1])
2024-03-21 06:04:37,513 Number of trainable parameters: 51425
2024-03-21 06:04:37,513 Number of non-trainable parameters: 0
2024-03-21 06:04:52,401 Epoch 1/300, Train Loss: 40.658926, Val Loss: 0.876377  
	Train = MSE:40.658928 , RMSE:6.376435 , MAE:3.937370 , MAPD:20.703791, R_squared:0.296187  
	Validation = MSE:0.876377 , RMSE:0.936150 , MAE:0.743183 , MAPD:4.390945, R_squared:0.984230

2024-03-21 06:05:07,256 Epoch 2/300, Train Loss: 0.518578, Val Loss: 0.198049  
	Train = MSE:0.518578 , RMSE:0.720124 , MAE:0.553183 , MAPD:2.998822, R_squared:0.991023  
	Validation = MSE:0.198049 , RMSE:0.445027 , MAE:0.333387 , MAPD:1.844529, R_squared:0.996436

2024-03-21 06:05:23,453 Epoch 3/300, Train Loss: 0.192043, Val Loss: 0.159783  
	Train = MSE:0.192043 , RMSE:0.438227 , MAE:0.331172 , MAPD:1.776478, R_squared:0.996676  
	Validation = MSE:0.159783 , RMSE:0.399729 , MAE:0.298321 , MAPD:1.639690, R_squared:0.997125

2024-03-21 06:05:37,304 Epoch 4/300, Train Loss: 0.150080, Val Loss: 0.162610  
	Train = MSE:0.150080 , RMSE:0.387402 , MAE:0.287828 , MAPD:1.554278, R_squared:0.997402  
	Validation = MSE:0.162610 , RMSE:0.403250 , MAE:0.304672 , MAPD:1.746335, R_squared:0.997074

2024-03-21 06:05:51,046 Epoch 5/300, Train Loss: 0.125346, Val Loss: 0.116039  
	Train = MSE:0.125346 , RMSE:0.354042 , MAE:0.264986 , MAPD:1.444681, R_squared:0.997830  
	Validation = MSE:0.116039 , RMSE:0.340644 , MAE:0.274581 , MAPD:1.684844, R_squared:0.997912

2024-03-21 06:06:05,848 Epoch 6/300, Train Loss: 0.114860, Val Loss: 0.076963  
	Train = MSE:0.114860 , RMSE:0.338910 , MAE:0.248241 , MAPD:1.346236, R_squared:0.998012  
	Validation = MSE:0.076963 , RMSE:0.277423 , MAE:0.200430 , MAPD:1.183796, R_squared:0.998615

2024-03-21 06:06:20,921 Epoch 7/300, Train Loss: 0.100922, Val Loss: 0.092044  
	Train = MSE:0.100922 , RMSE:0.317683 , MAE:0.234665 , MAPD:1.280032, R_squared:0.998253  
	Validation = MSE:0.092044 , RMSE:0.303388 , MAE:0.221506 , MAPD:1.247497, R_squared:0.998344

2024-03-21 06:06:34,273 Epoch 8/300, Train Loss: 0.094387, Val Loss: 0.084061  
	Train = MSE:0.094387 , RMSE:0.307225 , MAE:0.229438 , MAPD:1.232275, R_squared:0.998366  
	Validation = MSE:0.084061 , RMSE:0.289933 , MAE:0.219868 , MAPD:1.121598, R_squared:0.998487

2024-03-21 06:06:48,668 Epoch 9/300, Train Loss: 0.085333, Val Loss: 0.075600  
	Train = MSE:0.085333 , RMSE:0.292118 , MAE:0.215933 , MAPD:1.168973, R_squared:0.998523  
	Validation = MSE:0.075600 , RMSE:0.274954 , MAE:0.221193 , MAPD:1.206054, R_squared:0.998640

2024-03-21 06:07:01,984 Epoch 10/300, Train Loss: 0.078939, Val Loss: 0.172003  
	Train = MSE:0.078939 , RMSE:0.280961 , MAE:0.205851 , MAPD:1.111000, R_squared:0.998634  
	Validation = MSE:0.172003 , RMSE:0.414732 , MAE:0.303943 , MAPD:1.443324, R_squared:0.996905

2024-03-21 06:07:14,539 Epoch 11/300, Train Loss: 0.079074, Val Loss: 0.102310  
	Train = MSE:0.079074 , RMSE:0.281201 , MAE:0.209505 , MAPD:1.124364, R_squared:0.998631  
	Validation = MSE:0.102310 , RMSE:0.319859 , MAE:0.263959 , MAPD:1.621642, R_squared:0.998159

2024-03-21 06:07:29,737 Epoch 12/300, Train Loss: 0.076669, Val Loss: 0.050272  
	Train = MSE:0.076669 , RMSE:0.276892 , MAE:0.207287 , MAPD:1.112861, R_squared:0.998673  
	Validation = MSE:0.050272 , RMSE:0.224215 , MAE:0.171230 , MAPD:0.995168, R_squared:0.999095

2024-03-21 06:07:42,215 Epoch 13/300, Train Loss: 0.069823, Val Loss: 0.063257  
	Train = MSE:0.069823 , RMSE:0.264240 , MAE:0.196227 , MAPD:1.050058, R_squared:0.998791  
	Validation = MSE:0.063257 , RMSE:0.251510 , MAE:0.176452 , MAPD:0.876840, R_squared:0.998862

2024-03-21 06:07:54,938 Epoch 14/300, Train Loss: 0.069821, Val Loss: 0.046825  
	Train = MSE:0.069821 , RMSE:0.264237 , MAE:0.196668 , MAPD:1.060938, R_squared:0.998791  
	Validation = MSE:0.046825 , RMSE:0.216392 , MAE:0.155895 , MAPD:0.871794, R_squared:0.999157

2024-03-21 06:08:08,426 Epoch 15/300, Train Loss: 0.063731, Val Loss: 0.039004  
	Train = MSE:0.063731 , RMSE:0.252451 , MAE:0.184532 , MAPD:0.991313, R_squared:0.998897  
	Validation = MSE:0.039004 , RMSE:0.197496 , MAE:0.134741 , MAPD:0.745198, R_squared:0.999298

2024-03-21 06:08:21,105 Epoch 16/300, Train Loss: 0.059967, Val Loss: 0.041797  
	Train = MSE:0.059967 , RMSE:0.244881 , MAE:0.183944 , MAPD:0.987581, R_squared:0.998962  
	Validation = MSE:0.041797 , RMSE:0.204444 , MAE:0.149901 , MAPD:0.815396, R_squared:0.999248

2024-03-21 06:08:34,202 Epoch 17/300, Train Loss: 0.062932, Val Loss: 0.060008  
	Train = MSE:0.062932 , RMSE:0.250862 , MAE:0.185256 , MAPD:1.001614, R_squared:0.998911  
	Validation = MSE:0.060008 , RMSE:0.244965 , MAE:0.174376 , MAPD:1.037184, R_squared:0.998920

2024-03-21 06:08:46,751 Epoch 18/300, Train Loss: 0.055066, Val Loss: 0.039571  
	Train = MSE:0.055066 , RMSE:0.234662 , MAE:0.174628 , MAPD:0.934627, R_squared:0.999047  
	Validation = MSE:0.039571 , RMSE:0.198923 , MAE:0.156036 , MAPD:0.881342, R_squared:0.999288

2024-03-21 06:08:59,173 Epoch 19/300, Train Loss: 0.054789, Val Loss: 0.036687  
	Train = MSE:0.054789 , RMSE:0.234070 , MAE:0.174227 , MAPD:0.931536, R_squared:0.999052  
	Validation = MSE:0.036687 , RMSE:0.191539 , MAE:0.142844 , MAPD:0.855418, R_squared:0.999340

2024-03-21 06:09:11,670 Epoch 20/300, Train Loss: 0.052510, Val Loss: 0.052197  
	Train = MSE:0.052510 , RMSE:0.229151 , MAE:0.172761 , MAPD:0.934843, R_squared:0.999091  
	Validation = MSE:0.052197 , RMSE:0.228467 , MAE:0.188740 , MAPD:1.052080, R_squared:0.999061

2024-03-21 06:09:25,302 Epoch 21/300, Train Loss: 0.049163, Val Loss: 0.049802  
	Train = MSE:0.049163 , RMSE:0.221727 , MAE:0.167150 , MAPD:0.900652, R_squared:0.999149  
	Validation = MSE:0.049802 , RMSE:0.223164 , MAE:0.165421 , MAPD:0.956790, R_squared:0.999104

2024-03-21 06:09:39,281 Epoch 22/300, Train Loss: 0.047930, Val Loss: 0.033474  
	Train = MSE:0.047930 , RMSE:0.218928 , MAE:0.165334 , MAPD:0.888077, R_squared:0.999170  
	Validation = MSE:0.033474 , RMSE:0.182958 , MAE:0.132412 , MAPD:0.714415, R_squared:0.999398

2024-03-21 06:09:52,119 Epoch 23/300, Train Loss: 0.049155, Val Loss: 0.039592  
	Train = MSE:0.049155 , RMSE:0.221709 , MAE:0.167194 , MAPD:0.900399, R_squared:0.999149  
	Validation = MSE:0.039592 , RMSE:0.198978 , MAE:0.146927 , MAPD:0.830223, R_squared:0.999288

2024-03-21 06:10:05,632 Epoch 24/300, Train Loss: 0.043817, Val Loss: 0.045745  
	Train = MSE:0.043817 , RMSE:0.209326 , MAE:0.157669 , MAPD:0.846775, R_squared:0.999242  
	Validation = MSE:0.045745 , RMSE:0.213881 , MAE:0.160345 , MAPD:0.798505, R_squared:0.999177

2024-03-21 06:10:18,976 Epoch 25/300, Train Loss: 0.043121, Val Loss: 0.032077  
	Train = MSE:0.043121 , RMSE:0.207655 , MAE:0.155570 , MAPD:0.832825, R_squared:0.999254  
	Validation = MSE:0.032077 , RMSE:0.179099 , MAE:0.140684 , MAPD:0.772154, R_squared:0.999423

2024-03-21 06:10:33,290 Epoch 26/300, Train Loss: 0.043057, Val Loss: 0.029400  
	Train = MSE:0.043057 , RMSE:0.207501 , MAE:0.157331 , MAPD:0.839800, R_squared:0.999255  
	Validation = MSE:0.029400 , RMSE:0.171465 , MAE:0.123572 , MAPD:0.682889, R_squared:0.999471

2024-03-21 06:10:45,902 Epoch 27/300, Train Loss: 0.041649, Val Loss: 0.029265  
	Train = MSE:0.041649 , RMSE:0.204082 , MAE:0.154247 , MAPD:0.820570, R_squared:0.999279  
	Validation = MSE:0.029265 , RMSE:0.171070 , MAE:0.117741 , MAPD:0.638022, R_squared:0.999473

2024-03-21 06:10:58,552 Epoch 28/300, Train Loss: 0.039979, Val Loss: 0.031681  
	Train = MSE:0.039979 , RMSE:0.199947 , MAE:0.150271 , MAPD:0.811768, R_squared:0.999308  
	Validation = MSE:0.031681 , RMSE:0.177993 , MAE:0.122018 , MAPD:0.633470, R_squared:0.999430

2024-03-21 06:11:12,577 Epoch 29/300, Train Loss: 0.039258, Val Loss: 0.030007  
	Train = MSE:0.039258 , RMSE:0.198137 , MAE:0.150400 , MAPD:0.803006, R_squared:0.999320  
	Validation = MSE:0.030007 , RMSE:0.173226 , MAE:0.125852 , MAPD:0.695624, R_squared:0.999460

2024-03-21 06:11:25,790 Epoch 30/300, Train Loss: 0.037779, Val Loss: 0.025668  
	Train = MSE:0.037779 , RMSE:0.194369 , MAE:0.144384 , MAPD:0.772776, R_squared:0.999346  
	Validation = MSE:0.025668 , RMSE:0.160213 , MAE:0.114196 , MAPD:0.618858, R_squared:0.999538

2024-03-21 06:11:38,648 Epoch 31/300, Train Loss: 0.037793, Val Loss: 0.085766  
	Train = MSE:0.037793 , RMSE:0.194403 , MAE:0.147058 , MAPD:0.784013, R_squared:0.999346  
	Validation = MSE:0.085766 , RMSE:0.292858 , MAE:0.247982 , MAPD:1.541775, R_squared:0.998457

2024-03-21 06:11:53,465 Epoch 32/300, Train Loss: 0.038277, Val Loss: 0.038452  
	Train = MSE:0.038277 , RMSE:0.195644 , MAE:0.148803 , MAPD:0.803373, R_squared:0.999337  
	Validation = MSE:0.038452 , RMSE:0.196091 , MAE:0.158290 , MAPD:0.815327, R_squared:0.999308

2024-03-21 06:12:06,294 Epoch 33/300, Train Loss: 0.038237, Val Loss: 0.093107  
	Train = MSE:0.038237 , RMSE:0.195544 , MAE:0.148373 , MAPD:0.794631, R_squared:0.999338  
	Validation = MSE:0.093107 , RMSE:0.305134 , MAE:0.271902 , MAPD:1.619418, R_squared:0.998325

2024-03-21 06:12:19,410 Epoch 34/300, Train Loss: 0.035295, Val Loss: 0.026219  
	Train = MSE:0.035295 , RMSE:0.187869 , MAE:0.141268 , MAPD:0.755710, R_squared:0.999389  
	Validation = MSE:0.026219 , RMSE:0.161922 , MAE:0.120989 , MAPD:0.725475, R_squared:0.999528

2024-03-21 06:12:32,233 Epoch 35/300, Train Loss: 0.035224, Val Loss: 0.025340  
	Train = MSE:0.035224 , RMSE:0.187681 , MAE:0.142496 , MAPD:0.763919, R_squared:0.999390  
	Validation = MSE:0.025340 , RMSE:0.159184 , MAE:0.120843 , MAPD:0.633627, R_squared:0.999544

2024-03-21 06:12:45,447 Epoch 36/300, Train Loss: 0.034867, Val Loss: 0.037638  
	Train = MSE:0.034867 , RMSE:0.186728 , MAE:0.140596 , MAPD:0.746278, R_squared:0.999396  
	Validation = MSE:0.037638 , RMSE:0.194006 , MAE:0.154531 , MAPD:0.842766, R_squared:0.999323

2024-03-21 06:12:59,246 Epoch 37/300, Train Loss: 0.034862, Val Loss: 0.023531  
	Train = MSE:0.034862 , RMSE:0.186714 , MAE:0.142631 , MAPD:0.762600, R_squared:0.999397  
	Validation = MSE:0.023531 , RMSE:0.153399 , MAE:0.112792 , MAPD:0.607426, R_squared:0.999577

2024-03-21 06:13:12,707 Epoch 38/300, Train Loss: 0.033087, Val Loss: 0.020119  
	Train = MSE:0.033087 , RMSE:0.181897 , MAE:0.140080 , MAPD:0.750830, R_squared:0.999427  
	Validation = MSE:0.020119 , RMSE:0.141841 , MAE:0.098883 , MAPD:0.531250, R_squared:0.999638

2024-03-21 06:13:25,724 Epoch 39/300, Train Loss: 0.035215, Val Loss: 0.020082  
	Train = MSE:0.035215 , RMSE:0.187656 , MAE:0.142745 , MAPD:0.767456, R_squared:0.999390  
	Validation = MSE:0.020082 , RMSE:0.141709 , MAE:0.102316 , MAPD:0.572237, R_squared:0.999639

2024-03-21 06:13:38,581 Epoch 40/300, Train Loss: 0.033221, Val Loss: 0.037340  
	Train = MSE:0.033221 , RMSE:0.182268 , MAE:0.138537 , MAPD:0.742764, R_squared:0.999425  
	Validation = MSE:0.037340 , RMSE:0.193235 , MAE:0.157304 , MAPD:0.913923, R_squared:0.999328

2024-03-21 06:13:51,425 Epoch 41/300, Train Loss: 0.031026, Val Loss: 0.036801  
	Train = MSE:0.031026 , RMSE:0.176143 , MAE:0.133415 , MAPD:0.717910, R_squared:0.999463  
	Validation = MSE:0.036801 , RMSE:0.191835 , MAE:0.151739 , MAPD:0.934173, R_squared:0.999338

2024-03-21 06:14:07,210 Epoch 42/300, Train Loss: 0.032163, Val Loss: 0.040552  
	Train = MSE:0.032163 , RMSE:0.179339 , MAE:0.136303 , MAPD:0.729289, R_squared:0.999443  
	Validation = MSE:0.040552 , RMSE:0.201374 , MAE:0.165023 , MAPD:1.046474, R_squared:0.999270

2024-03-21 06:14:21,231 Epoch 43/300, Train Loss: 0.032814, Val Loss: 0.019768  
	Train = MSE:0.032814 , RMSE:0.181146 , MAE:0.137121 , MAPD:0.735603, R_squared:0.999432  
	Validation = MSE:0.019768 , RMSE:0.140598 , MAE:0.100090 , MAPD:0.540600, R_squared:0.999644

2024-03-21 06:14:34,240 Epoch 44/300, Train Loss: 0.031931, Val Loss: 0.017462  
	Train = MSE:0.031931 , RMSE:0.178693 , MAE:0.135225 , MAPD:0.723163, R_squared:0.999447  
	Validation = MSE:0.017462 , RMSE:0.132142 , MAE:0.095366 , MAPD:0.519150, R_squared:0.999686

2024-03-21 06:14:47,138 Epoch 45/300, Train Loss: 0.029409, Val Loss: 0.070347  
	Train = MSE:0.029409 , RMSE:0.171489 , MAE:0.130213 , MAPD:0.703096, R_squared:0.999491  
	Validation = MSE:0.070347 , RMSE:0.265230 , MAE:0.180650 , MAPD:0.819199, R_squared:0.998734

2024-03-21 06:15:00,558 Epoch 46/300, Train Loss: 0.030230, Val Loss: 0.020015  
	Train = MSE:0.030230 , RMSE:0.173867 , MAE:0.130757 , MAPD:0.701291, R_squared:0.999477  
	Validation = MSE:0.020015 , RMSE:0.141473 , MAE:0.098704 , MAPD:0.514153, R_squared:0.999640

2024-03-21 06:15:14,599 Epoch 47/300, Train Loss: 0.031327, Val Loss: 0.026953  
	Train = MSE:0.031327 , RMSE:0.176995 , MAE:0.135125 , MAPD:0.726321, R_squared:0.999458  
	Validation = MSE:0.026953 , RMSE:0.164174 , MAE:0.117766 , MAPD:0.594452, R_squared:0.999515

2024-03-21 06:15:27,698 Epoch 48/300, Train Loss: 0.028701, Val Loss: 0.018710  
	Train = MSE:0.028701 , RMSE:0.169413 , MAE:0.129201 , MAPD:0.685879, R_squared:0.999503  
	Validation = MSE:0.018710 , RMSE:0.136784 , MAE:0.093516 , MAPD:0.512930, R_squared:0.999663

2024-03-21 06:15:41,128 Epoch 49/300, Train Loss: 0.030139, Val Loss: 0.053747  
	Train = MSE:0.030139 , RMSE:0.173606 , MAE:0.131958 , MAPD:0.704964, R_squared:0.999478  
	Validation = MSE:0.053747 , RMSE:0.231835 , MAE:0.203868 , MAPD:1.239525, R_squared:0.999033

2024-03-21 06:15:54,025 Epoch 50/300, Train Loss: 0.028118, Val Loss: 0.019296  
	Train = MSE:0.028118 , RMSE:0.167685 , MAE:0.126627 , MAPD:0.680176, R_squared:0.999513  
	Validation = MSE:0.019296 , RMSE:0.138911 , MAE:0.100796 , MAPD:0.543373, R_squared:0.999653

2024-03-21 06:16:06,748 Epoch 51/300, Train Loss: 0.030565, Val Loss: 0.023631  
	Train = MSE:0.030565 , RMSE:0.174829 , MAE:0.132904 , MAPD:0.712885, R_squared:0.999471  
	Validation = MSE:0.023631 , RMSE:0.153723 , MAE:0.123031 , MAPD:0.683806, R_squared:0.999575

2024-03-21 06:16:21,134 Epoch 52/300, Train Loss: 0.028299, Val Loss: 0.031205  
	Train = MSE:0.028299 , RMSE:0.168224 , MAE:0.128855 , MAPD:0.694462, R_squared:0.999510  
	Validation = MSE:0.031205 , RMSE:0.176649 , MAE:0.137980 , MAPD:0.684762, R_squared:0.999439

2024-03-21 06:16:33,952 Epoch 53/300, Train Loss: 0.028125, Val Loss: 0.021442  
	Train = MSE:0.028125 , RMSE:0.167705 , MAE:0.128974 , MAPD:0.689388, R_squared:0.999513  
	Validation = MSE:0.021442 , RMSE:0.146430 , MAE:0.108979 , MAPD:0.588466, R_squared:0.999614

2024-03-21 06:16:46,864 Epoch 54/300, Train Loss: 0.026669, Val Loss: 0.043637  
	Train = MSE:0.026669 , RMSE:0.163307 , MAE:0.124596 , MAPD:0.671073, R_squared:0.999538  
	Validation = MSE:0.043637 , RMSE:0.208894 , MAE:0.146866 , MAPD:0.664569, R_squared:0.999215

2024-03-21 06:17:00,279 Epoch 55/300, Train Loss: 0.027096, Val Loss: 0.022860  
	Train = MSE:0.027096 , RMSE:0.164610 , MAE:0.125223 , MAPD:0.671276, R_squared:0.999531  
	Validation = MSE:0.022860 , RMSE:0.151195 , MAE:0.109600 , MAPD:0.605857, R_squared:0.999589

2024-03-21 06:17:13,818 Epoch 56/300, Train Loss: 0.030072, Val Loss: 0.073534  
	Train = MSE:0.030072 , RMSE:0.173414 , MAE:0.129665 , MAPD:0.696747, R_squared:0.999479  
	Validation = MSE:0.073534 , RMSE:0.271171 , MAE:0.194341 , MAPD:0.901885, R_squared:0.998677

2024-03-21 06:17:27,768 Epoch 57/300, Train Loss: 0.025787, Val Loss: 0.033082  
	Train = MSE:0.025787 , RMSE:0.160584 , MAE:0.123394 , MAPD:0.662707, R_squared:0.999554  
	Validation = MSE:0.033082 , RMSE:0.181883 , MAE:0.157847 , MAPD:0.906778, R_squared:0.999405

2024-03-21 06:17:40,861 Epoch 58/300, Train Loss: 0.025023, Val Loss: 0.036839  
	Train = MSE:0.025023 , RMSE:0.158185 , MAE:0.122152 , MAPD:0.654859, R_squared:0.999567  
	Validation = MSE:0.036839 , RMSE:0.191935 , MAE:0.150585 , MAPD:0.738130, R_squared:0.999337

2024-03-21 06:17:54,194 Epoch 59/300, Train Loss: 0.028089, Val Loss: 0.069539  
	Train = MSE:0.028089 , RMSE:0.167596 , MAE:0.127512 , MAPD:0.685720, R_squared:0.999514  
	Validation = MSE:0.069539 , RMSE:0.263702 , MAE:0.233908 , MAPD:1.223752, R_squared:0.998749

2024-03-21 06:18:08,036 Epoch 60/300, Train Loss: 0.027134, Val Loss: 0.048302  
	Train = MSE:0.027134 , RMSE:0.164723 , MAE:0.125056 , MAPD:0.664418, R_squared:0.999530  
	Validation = MSE:0.048302 , RMSE:0.219777 , MAE:0.187142 , MAPD:1.157009, R_squared:0.999131

2024-03-21 06:18:21,596 Epoch 61/300, Train Loss: 0.025271, Val Loss: 0.026171  
	Train = MSE:0.025271 , RMSE:0.158967 , MAE:0.121117 , MAPD:0.647145, R_squared:0.999563  
	Validation = MSE:0.026171 , RMSE:0.161776 , MAE:0.129943 , MAPD:0.702869, R_squared:0.999529

2024-03-21 06:18:36,203 Epoch 62/300, Train Loss: 0.027327, Val Loss: 0.018763  
	Train = MSE:0.027327 , RMSE:0.165309 , MAE:0.126939 , MAPD:0.680262, R_squared:0.999527  
	Validation = MSE:0.018763 , RMSE:0.136978 , MAE:0.095664 , MAPD:0.515597, R_squared:0.999662

2024-03-21 06:18:49,268 Epoch 63/300, Train Loss: 0.024807, Val Loss: 0.021117  
	Train = MSE:0.024807 , RMSE:0.157501 , MAE:0.120691 , MAPD:0.646964, R_squared:0.999571  
	Validation = MSE:0.021117 , RMSE:0.145319 , MAE:0.104657 , MAPD:0.598394, R_squared:0.999620

2024-03-21 06:19:02,230 Epoch 64/300, Train Loss: 0.026407, Val Loss: 0.024785  
	Train = MSE:0.026407 , RMSE:0.162504 , MAE:0.123156 , MAPD:0.656218, R_squared:0.999543  
	Validation = MSE:0.024785 , RMSE:0.157433 , MAE:0.117097 , MAPD:0.618372, R_squared:0.999554

2024-03-21 06:19:16,467 Epoch 65/300, Train Loss: 0.024376, Val Loss: 0.015893  
	Train = MSE:0.024376 , RMSE:0.156127 , MAE:0.120060 , MAPD:0.636847, R_squared:0.999578  
	Validation = MSE:0.015893 , RMSE:0.126067 , MAE:0.095435 , MAPD:0.531558, R_squared:0.999714

2024-03-21 06:19:29,211 Epoch 66/300, Train Loss: 0.022949, Val Loss: 0.034479  
	Train = MSE:0.022949 , RMSE:0.151490 , MAE:0.116873 , MAPD:0.624957, R_squared:0.999603  
	Validation = MSE:0.034479 , RMSE:0.185685 , MAE:0.143378 , MAPD:0.694446, R_squared:0.999380

2024-03-21 06:19:42,651 Epoch 67/300, Train Loss: 0.025542, Val Loss: 0.043449  
	Train = MSE:0.025542 , RMSE:0.159819 , MAE:0.123670 , MAPD:0.664926, R_squared:0.999558  
	Validation = MSE:0.043449 , RMSE:0.208445 , MAE:0.176881 , MAPD:1.119806, R_squared:0.999218

2024-03-21 06:19:55,666 Epoch 68/300, Train Loss: 0.023785, Val Loss: 0.018024  
	Train = MSE:0.023785 , RMSE:0.154223 , MAE:0.118174 , MAPD:0.634342, R_squared:0.999588  
	Validation = MSE:0.018024 , RMSE:0.134252 , MAE:0.099343 , MAPD:0.580876, R_squared:0.999676

2024-03-21 06:20:08,853 Epoch 69/300, Train Loss: 0.024803, Val Loss: 0.019844  
	Train = MSE:0.024803 , RMSE:0.157490 , MAE:0.121256 , MAPD:0.652643, R_squared:0.999571  
	Validation = MSE:0.019844 , RMSE:0.140867 , MAE:0.108208 , MAPD:0.632045, R_squared:0.999643

2024-03-21 06:20:21,741 Epoch 70/300, Train Loss: 0.023919, Val Loss: 0.018650  
	Train = MSE:0.023919 , RMSE:0.154656 , MAE:0.117927 , MAPD:0.627359, R_squared:0.999586  
	Validation = MSE:0.018650 , RMSE:0.136567 , MAE:0.108823 , MAPD:0.602837, R_squared:0.999664

2024-03-21 06:20:34,607 Epoch 71/300, Train Loss: 0.023417, Val Loss: 0.025691  
	Train = MSE:0.023417 , RMSE:0.153025 , MAE:0.117264 , MAPD:0.631619, R_squared:0.999595  
	Validation = MSE:0.025691 , RMSE:0.160283 , MAE:0.121448 , MAPD:0.646078, R_squared:0.999538

2024-03-21 06:20:49,576 Epoch 72/300, Train Loss: 0.023828, Val Loss: 0.015491  
	Train = MSE:0.023828 , RMSE:0.154362 , MAE:0.117572 , MAPD:0.629103, R_squared:0.999588  
	Validation = MSE:0.015491 , RMSE:0.124463 , MAE:0.087787 , MAPD:0.474119, R_squared:0.999721

2024-03-21 06:21:02,518 Epoch 73/300, Train Loss: 0.022158, Val Loss: 0.015652  
	Train = MSE:0.022158 , RMSE:0.148855 , MAE:0.114404 , MAPD:0.614978, R_squared:0.999616  
	Validation = MSE:0.015652 , RMSE:0.125106 , MAE:0.090692 , MAPD:0.495134, R_squared:0.999718

2024-03-21 06:21:15,542 Epoch 74/300, Train Loss: 0.023872, Val Loss: 0.022354  
	Train = MSE:0.023872 , RMSE:0.154505 , MAE:0.118635 , MAPD:0.634887, R_squared:0.999587  
	Validation = MSE:0.022354 , RMSE:0.149514 , MAE:0.117726 , MAPD:0.661118, R_squared:0.999598

2024-03-21 06:21:28,311 Epoch 75/300, Train Loss: 0.021265, Val Loss: 0.018591  
	Train = MSE:0.021265 , RMSE:0.145827 , MAE:0.112308 , MAPD:0.604154, R_squared:0.999632  
	Validation = MSE:0.018591 , RMSE:0.136347 , MAE:0.106087 , MAPD:0.579021, R_squared:0.999665

2024-03-21 06:21:41,606 Epoch 76/300, Train Loss: 0.023268, Val Loss: 0.026364  
	Train = MSE:0.023268 , RMSE:0.152538 , MAE:0.115046 , MAPD:0.619666, R_squared:0.999597  
	Validation = MSE:0.026364 , RMSE:0.162371 , MAE:0.117573 , MAPD:0.569077, R_squared:0.999526

2024-03-21 06:21:54,480 Epoch 77/300, Train Loss: 0.023152, Val Loss: 0.016023  
	Train = MSE:0.023152 , RMSE:0.152158 , MAE:0.114720 , MAPD:0.616883, R_squared:0.999599  
	Validation = MSE:0.016023 , RMSE:0.126583 , MAE:0.092980 , MAPD:0.521563, R_squared:0.999712

2024-03-21 06:22:08,378 Epoch 78/300, Train Loss: 0.021790, Val Loss: 0.019116  
	Train = MSE:0.021790 , RMSE:0.147614 , MAE:0.113555 , MAPD:0.601627, R_squared:0.999623  
	Validation = MSE:0.019116 , RMSE:0.138260 , MAE:0.100497 , MAPD:0.543276, R_squared:0.999656

2024-03-21 06:22:21,479 Epoch 79/300, Train Loss: 0.022645, Val Loss: 0.016783  
	Train = MSE:0.022645 , RMSE:0.150483 , MAE:0.116096 , MAPD:0.619045, R_squared:0.999608  
	Validation = MSE:0.016783 , RMSE:0.129551 , MAE:0.097630 , MAPD:0.509543, R_squared:0.999698

2024-03-21 06:22:34,711 Epoch 80/300, Train Loss: 0.021986, Val Loss: 0.015450  
	Train = MSE:0.021986 , RMSE:0.148276 , MAE:0.112946 , MAPD:0.604615, R_squared:0.999619  
	Validation = MSE:0.015450 , RMSE:0.124298 , MAE:0.088268 , MAPD:0.491009, R_squared:0.999722

2024-03-21 06:22:48,001 Epoch 81/300, Train Loss: 0.022691, Val Loss: 0.015810  
	Train = MSE:0.022691 , RMSE:0.150634 , MAE:0.115256 , MAPD:0.613649, R_squared:0.999607  
	Validation = MSE:0.015810 , RMSE:0.125737 , MAE:0.094395 , MAPD:0.526683, R_squared:0.999716

2024-03-21 06:23:03,395 Epoch 82/300, Train Loss: 0.022967, Val Loss: 0.013167  
	Train = MSE:0.022967 , RMSE:0.151549 , MAE:0.115901 , MAPD:0.618364, R_squared:0.999602  
	Validation = MSE:0.013167 , RMSE:0.114748 , MAE:0.080410 , MAPD:0.439068, R_squared:0.999763

2024-03-21 06:23:17,018 Epoch 83/300, Train Loss: 0.023268, Val Loss: 0.017078  
	Train = MSE:0.023268 , RMSE:0.152540 , MAE:0.115482 , MAPD:0.619150, R_squared:0.999597  
	Validation = MSE:0.017078 , RMSE:0.130682 , MAE:0.098280 , MAPD:0.553238, R_squared:0.999693

2024-03-21 06:23:30,032 Epoch 84/300, Train Loss: 0.021639, Val Loss: 0.037768  
	Train = MSE:0.021639 , RMSE:0.147102 , MAE:0.112160 , MAPD:0.599113, R_squared:0.999625  
	Validation = MSE:0.037768 , RMSE:0.194340 , MAE:0.152972 , MAPD:0.745328, R_squared:0.999320

2024-03-21 06:23:44,318 Epoch 85/300, Train Loss: 0.022203, Val Loss: 0.016362  
	Train = MSE:0.022203 , RMSE:0.149006 , MAE:0.113681 , MAPD:0.615628, R_squared:0.999616  
	Validation = MSE:0.016362 , RMSE:0.127915 , MAE:0.091503 , MAPD:0.504405, R_squared:0.999706

2024-03-21 06:23:57,190 Epoch 86/300, Train Loss: 0.022738, Val Loss: 0.019354  
	Train = MSE:0.022738 , RMSE:0.150790 , MAE:0.113771 , MAPD:0.607121, R_squared:0.999606  
	Validation = MSE:0.019354 , RMSE:0.139118 , MAE:0.104659 , MAPD:0.558150, R_squared:0.999652

2024-03-21 06:24:10,802 Epoch 87/300, Train Loss: 0.021617, Val Loss: 0.014869  
	Train = MSE:0.021617 , RMSE:0.147028 , MAE:0.111396 , MAPD:0.596173, R_squared:0.999626  
	Validation = MSE:0.014869 , RMSE:0.121940 , MAE:0.085392 , MAPD:0.451154, R_squared:0.999732

2024-03-21 06:24:23,727 Epoch 88/300, Train Loss: 0.020821, Val Loss: 0.039900  
	Train = MSE:0.020821 , RMSE:0.144296 , MAE:0.110363 , MAPD:0.590601, R_squared:0.999640  
	Validation = MSE:0.039900 , RMSE:0.199750 , MAE:0.172081 , MAPD:0.900960, R_squared:0.999282

2024-03-21 06:24:37,159 Epoch 89/300, Train Loss: 0.021981, Val Loss: 0.020581  
	Train = MSE:0.021981 , RMSE:0.148261 , MAE:0.112798 , MAPD:0.609039, R_squared:0.999620  
	Validation = MSE:0.020581 , RMSE:0.143461 , MAE:0.106215 , MAPD:0.564147, R_squared:0.999630

2024-03-21 06:24:50,697 Epoch 90/300, Train Loss: 0.019143, Val Loss: 0.024683  
	Train = MSE:0.019143 , RMSE:0.138360 , MAE:0.104896 , MAPD:0.558821, R_squared:0.999669  
	Validation = MSE:0.024683 , RMSE:0.157108 , MAE:0.124700 , MAPD:0.736455, R_squared:0.999556

2024-03-21 06:25:05,397 Epoch 91/300, Train Loss: 0.022550, Val Loss: 0.023072  
	Train = MSE:0.022550 , RMSE:0.150167 , MAE:0.114224 , MAPD:0.611986, R_squared:0.999610  
	Validation = MSE:0.023072 , RMSE:0.151895 , MAE:0.125656 , MAPD:0.726542, R_squared:0.999585

2024-03-21 06:25:20,152 Epoch 92/300, Train Loss: 0.021095, Val Loss: 0.027607  
	Train = MSE:0.021095 , RMSE:0.145243 , MAE:0.110681 , MAPD:0.589701, R_squared:0.999635  
	Validation = MSE:0.027607 , RMSE:0.166154 , MAE:0.137424 , MAPD:0.776960, R_squared:0.999503

2024-03-21 06:25:33,281 Epoch 93/300, Train Loss: 0.020826, Val Loss: 0.014319  
	Train = MSE:0.020826 , RMSE:0.144313 , MAE:0.110609 , MAPD:0.595073, R_squared:0.999639  
	Validation = MSE:0.014319 , RMSE:0.119664 , MAE:0.088052 , MAPD:0.469785, R_squared:0.999742

2024-03-21 06:25:46,449 Epoch 94/300, Train Loss: 0.022373, Val Loss: 0.021964  
	Train = MSE:0.022373 , RMSE:0.149576 , MAE:0.114782 , MAPD:0.619033, R_squared:0.999613  
	Validation = MSE:0.021964 , RMSE:0.148204 , MAE:0.116310 , MAPD:0.671580, R_squared:0.999605

2024-03-21 06:25:59,785 Epoch 95/300, Train Loss: 0.019444, Val Loss: 0.016783  
	Train = MSE:0.019444 , RMSE:0.139442 , MAE:0.106550 , MAPD:0.573059, R_squared:0.999663  
	Validation = MSE:0.016783 , RMSE:0.129549 , MAE:0.092645 , MAPD:0.519517, R_squared:0.999698

2024-03-21 06:26:12,989 Epoch 96/300, Train Loss: 0.019701, Val Loss: 0.066124  
	Train = MSE:0.019701 , RMSE:0.140361 , MAE:0.107985 , MAPD:0.579070, R_squared:0.999659  
	Validation = MSE:0.066124 , RMSE:0.257147 , MAE:0.217403 , MAPD:1.402916, R_squared:0.998810

2024-03-21 06:26:26,409 Epoch 97/300, Train Loss: 0.020717, Val Loss: 0.016671  
	Train = MSE:0.020717 , RMSE:0.143936 , MAE:0.110765 , MAPD:0.588394, R_squared:0.999641  
	Validation = MSE:0.016671 , RMSE:0.129117 , MAE:0.099504 , MAPD:0.555356, R_squared:0.999700

2024-03-21 06:26:40,036 Epoch 98/300, Train Loss: 0.020774, Val Loss: 0.013721  
	Train = MSE:0.020774 , RMSE:0.144134 , MAE:0.109271 , MAPD:0.592685, R_squared:0.999640  
	Validation = MSE:0.013721 , RMSE:0.117137 , MAE:0.086495 , MAPD:0.477836, R_squared:0.999753

2024-03-21 06:26:53,729 Epoch 99/300, Train Loss: 0.020318, Val Loss: 0.037386  
	Train = MSE:0.020318 , RMSE:0.142541 , MAE:0.108472 , MAPD:0.582527, R_squared:0.999648  
	Validation = MSE:0.037386 , RMSE:0.193354 , MAE:0.170427 , MAPD:0.960495, R_squared:0.999327

2024-03-21 06:27:07,104 Epoch 100/300, Train Loss: 0.018696, Val Loss: 0.031757  
	Train = MSE:0.018696 , RMSE:0.136734 , MAE:0.104502 , MAPD:0.558868, R_squared:0.999676  
	Validation = MSE:0.031757 , RMSE:0.178206 , MAE:0.141012 , MAPD:0.845482, R_squared:0.999429

2024-03-21 06:27:20,343 Epoch 101/300, Train Loss: 0.020141, Val Loss: 0.015939  
	Train = MSE:0.020141 , RMSE:0.141921 , MAE:0.108840 , MAPD:0.589531, R_squared:0.999651  
	Validation = MSE:0.015939 , RMSE:0.126250 , MAE:0.091811 , MAPD:0.482511, R_squared:0.999713

2024-03-21 06:27:35,411 Epoch 102/300, Train Loss: 0.019862, Val Loss: 0.023254  
	Train = MSE:0.019862 , RMSE:0.140933 , MAE:0.108072 , MAPD:0.576289, R_squared:0.999656  
	Validation = MSE:0.023254 , RMSE:0.152493 , MAE:0.121640 , MAPD:0.677162, R_squared:0.999582

2024-03-21 06:27:47,623 Epoch 103/300, Train Loss: 0.019373, Val Loss: 0.014864  
	Train = MSE:0.019373 , RMSE:0.139188 , MAE:0.106030 , MAPD:0.564308, R_squared:0.999665  
	Validation = MSE:0.014864 , RMSE:0.121919 , MAE:0.086354 , MAPD:0.441174, R_squared:0.999733

2024-03-21 06:28:00,115 Epoch 104/300, Train Loss: 0.019988, Val Loss: 0.014886  
	Train = MSE:0.019988 , RMSE:0.141381 , MAE:0.108908 , MAPD:0.585018, R_squared:0.999654  
	Validation = MSE:0.014886 , RMSE:0.122008 , MAE:0.091596 , MAPD:0.534416, R_squared:0.999732

2024-03-21 06:28:12,561 Epoch 105/300, Train Loss: 0.018588, Val Loss: 0.023399  
	Train = MSE:0.018588 , RMSE:0.136338 , MAE:0.105357 , MAPD:0.571320, R_squared:0.999678  
	Validation = MSE:0.023399 , RMSE:0.152967 , MAE:0.121222 , MAPD:0.624609, R_squared:0.999579

2024-03-21 06:28:25,113 Epoch 106/300, Train Loss: 0.018729, Val Loss: 0.013819  
	Train = MSE:0.018729 , RMSE:0.136854 , MAE:0.105270 , MAPD:0.561184, R_squared:0.999676  
	Validation = MSE:0.013819 , RMSE:0.117554 , MAE:0.082017 , MAPD:0.439945, R_squared:0.999751

2024-03-21 06:28:37,477 Epoch 107/300, Train Loss: 0.019943, Val Loss: 0.014019  
	Train = MSE:0.019943 , RMSE:0.141221 , MAE:0.108794 , MAPD:0.579737, R_squared:0.999655  
	Validation = MSE:0.014019 , RMSE:0.118400 , MAE:0.083098 , MAPD:0.463272, R_squared:0.999748

2024-03-21 06:28:50,876 Epoch 108/300, Train Loss: 0.018897, Val Loss: 0.015973  
	Train = MSE:0.018897 , RMSE:0.137467 , MAE:0.105730 , MAPD:0.563246, R_squared:0.999673  
	Validation = MSE:0.015973 , RMSE:0.126384 , MAE:0.098043 , MAPD:0.568425, R_squared:0.999713

2024-03-21 06:29:03,024 Epoch 109/300, Train Loss: 0.018881, Val Loss: 0.026135  
	Train = MSE:0.018881 , RMSE:0.137408 , MAE:0.105190 , MAPD:0.566515, R_squared:0.999673  
	Validation = MSE:0.026135 , RMSE:0.161663 , MAE:0.120237 , MAPD:0.584862, R_squared:0.999530

2024-03-21 06:29:15,611 Epoch 110/300, Train Loss: 0.019371, Val Loss: 0.022948  
	Train = MSE:0.019371 , RMSE:0.139180 , MAE:0.105912 , MAPD:0.566698, R_squared:0.999665  
	Validation = MSE:0.022948 , RMSE:0.151487 , MAE:0.120151 , MAPD:0.704528, R_squared:0.999587

2024-03-21 06:29:28,061 Epoch 111/300, Train Loss: 0.017967, Val Loss: 0.016111  
	Train = MSE:0.017967 , RMSE:0.134041 , MAE:0.102260 , MAPD:0.546582, R_squared:0.999689  
	Validation = MSE:0.016111 , RMSE:0.126930 , MAE:0.092172 , MAPD:0.495042, R_squared:0.999710

2024-03-21 06:29:42,336 Epoch 112/300, Train Loss: 0.020227, Val Loss: 0.031088  
	Train = MSE:0.020227 , RMSE:0.142221 , MAE:0.108719 , MAPD:0.587661, R_squared:0.999650  
	Validation = MSE:0.031088 , RMSE:0.176317 , MAE:0.146825 , MAPD:0.818817, R_squared:0.999441

2024-03-21 06:29:55,059 Epoch 113/300, Train Loss: 0.018540, Val Loss: 0.041247  
	Train = MSE:0.018540 , RMSE:0.136162 , MAE:0.104702 , MAPD:0.558734, R_squared:0.999679  
	Validation = MSE:0.041247 , RMSE:0.203094 , MAE:0.181559 , MAPD:1.057690, R_squared:0.999258

2024-03-21 06:30:09,210 Epoch 114/300, Train Loss: 0.018300, Val Loss: 0.012740  
	Train = MSE:0.018300 , RMSE:0.135276 , MAE:0.104362 , MAPD:0.558643, R_squared:0.999683  
	Validation = MSE:0.012740 , RMSE:0.112870 , MAE:0.081643 , MAPD:0.438792, R_squared:0.999771

2024-03-21 06:30:22,164 Epoch 115/300, Train Loss: 0.018967, Val Loss: 0.015090  
	Train = MSE:0.018967 , RMSE:0.137721 , MAE:0.105346 , MAPD:0.565863, R_squared:0.999672  
	Validation = MSE:0.015090 , RMSE:0.122839 , MAE:0.095694 , MAPD:0.541899, R_squared:0.999728

2024-03-21 06:30:34,872 Epoch 116/300, Train Loss: 0.017999, Val Loss: 0.015614  
	Train = MSE:0.017999 , RMSE:0.134159 , MAE:0.102111 , MAPD:0.543027, R_squared:0.999688  
	Validation = MSE:0.015614 , RMSE:0.124955 , MAE:0.088285 , MAPD:0.440086, R_squared:0.999719

2024-03-21 06:30:48,024 Epoch 117/300, Train Loss: 0.019698, Val Loss: 0.011767  
	Train = MSE:0.019698 , RMSE:0.140348 , MAE:0.107875 , MAPD:0.579741, R_squared:0.999659  
	Validation = MSE:0.011767 , RMSE:0.108475 , MAE:0.076884 , MAPD:0.424049, R_squared:0.999788

2024-03-21 06:31:00,703 Epoch 118/300, Train Loss: 0.017797, Val Loss: 0.018478  
	Train = MSE:0.017797 , RMSE:0.133406 , MAE:0.103165 , MAPD:0.554028, R_squared:0.999692  
	Validation = MSE:0.018478 , RMSE:0.135934 , MAE:0.108637 , MAPD:0.598121, R_squared:0.999668

2024-03-21 06:31:13,248 Epoch 119/300, Train Loss: 0.018709, Val Loss: 0.048638  
	Train = MSE:0.018709 , RMSE:0.136781 , MAE:0.104417 , MAPD:0.557217, R_squared:0.999676  
	Validation = MSE:0.048638 , RMSE:0.220541 , MAE:0.162271 , MAPD:0.753774, R_squared:0.999125

2024-03-21 06:31:26,629 Epoch 120/300, Train Loss: 0.018011, Val Loss: 0.019958  
	Train = MSE:0.018011 , RMSE:0.134204 , MAE:0.102108 , MAPD:0.542316, R_squared:0.999688  
	Validation = MSE:0.019958 , RMSE:0.141274 , MAE:0.108526 , MAPD:0.603825, R_squared:0.999641

2024-03-21 06:31:39,657 Epoch 121/300, Train Loss: 0.018695, Val Loss: 0.024528  
	Train = MSE:0.018695 , RMSE:0.136729 , MAE:0.104948 , MAPD:0.561712, R_squared:0.999676  
	Validation = MSE:0.024528 , RMSE:0.156614 , MAE:0.117617 , MAPD:0.594366, R_squared:0.999559

2024-03-21 06:31:55,057 Epoch 122/300, Train Loss: 0.016674, Val Loss: 0.016266  
	Train = MSE:0.016674 , RMSE:0.129127 , MAE:0.098363 , MAPD:0.521065, R_squared:0.999711  
	Validation = MSE:0.016266 , RMSE:0.127537 , MAE:0.096471 , MAPD:0.535731, R_squared:0.999707

2024-03-21 06:32:07,583 Epoch 123/300, Train Loss: 0.016884, Val Loss: 0.034477  
	Train = MSE:0.016884 , RMSE:0.129940 , MAE:0.098804 , MAPD:0.525941, R_squared:0.999708  
	Validation = MSE:0.034477 , RMSE:0.185681 , MAE:0.150814 , MAPD:0.743595, R_squared:0.999380

2024-03-21 06:32:20,309 Epoch 124/300, Train Loss: 0.017843, Val Loss: 0.017880  
	Train = MSE:0.017843 , RMSE:0.133579 , MAE:0.101524 , MAPD:0.544548, R_squared:0.999691  
	Validation = MSE:0.017880 , RMSE:0.133716 , MAE:0.104295 , MAPD:0.628171, R_squared:0.999678

2024-03-21 06:32:32,983 Epoch 125/300, Train Loss: 0.017676, Val Loss: 0.043832  
	Train = MSE:0.017676 , RMSE:0.132951 , MAE:0.101959 , MAPD:0.542415, R_squared:0.999694  
	Validation = MSE:0.043832 , RMSE:0.209362 , MAE:0.176079 , MAPD:0.896102, R_squared:0.999211

2024-03-21 06:32:46,485 Epoch 126/300, Train Loss: 0.018992, Val Loss: 0.016716  
	Train = MSE:0.018992 , RMSE:0.137812 , MAE:0.105597 , MAPD:0.558757, R_squared:0.999671  
	Validation = MSE:0.016716 , RMSE:0.129291 , MAE:0.102864 , MAPD:0.608917, R_squared:0.999699

2024-03-21 06:32:59,208 Epoch 127/300, Train Loss: 0.017580, Val Loss: 0.017433  
	Train = MSE:0.017580 , RMSE:0.132590 , MAE:0.102281 , MAPD:0.548534, R_squared:0.999696  
	Validation = MSE:0.017433 , RMSE:0.132033 , MAE:0.101779 , MAPD:0.571858, R_squared:0.999686

2024-03-21 06:33:12,372 Epoch 128/300, Train Loss: 0.016899, Val Loss: 0.014384  
	Train = MSE:0.016899 , RMSE:0.129998 , MAE:0.099036 , MAPD:0.531481, R_squared:0.999707  
	Validation = MSE:0.014384 , RMSE:0.119932 , MAE:0.088095 , MAPD:0.485548, R_squared:0.999741

2024-03-21 06:33:27,542 Epoch 129/300, Train Loss: 0.016407, Val Loss: 0.020685  
	Train = MSE:0.016407 , RMSE:0.128088 , MAE:0.098324 , MAPD:0.521946, R_squared:0.999716  
	Validation = MSE:0.020685 , RMSE:0.143823 , MAE:0.116971 , MAPD:0.662377, R_squared:0.999628

2024-03-21 06:33:42,472 Epoch 130/300, Train Loss: 0.018986, Val Loss: 0.014498  
	Train = MSE:0.018986 , RMSE:0.137789 , MAE:0.105403 , MAPD:0.569456, R_squared:0.999671  
	Validation = MSE:0.014498 , RMSE:0.120406 , MAE:0.092729 , MAPD:0.527810, R_squared:0.999739

2024-03-21 06:33:56,971 Epoch 131/300, Train Loss: 0.016155, Val Loss: 0.012851  
	Train = MSE:0.016155 , RMSE:0.127103 , MAE:0.098075 , MAPD:0.526101, R_squared:0.999720  
	Validation = MSE:0.012851 , RMSE:0.113364 , MAE:0.081084 , MAPD:0.439590, R_squared:0.999769

2024-03-21 06:34:12,791 Epoch 132/300, Train Loss: 0.017055, Val Loss: 0.013076  
	Train = MSE:0.017055 , RMSE:0.130595 , MAE:0.101028 , MAPD:0.539031, R_squared:0.999705  
	Validation = MSE:0.013076 , RMSE:0.114351 , MAE:0.080434 , MAPD:0.411607, R_squared:0.999765

2024-03-21 06:34:27,446 Epoch 133/300, Train Loss: 0.017340, Val Loss: 0.016543  
	Train = MSE:0.017340 , RMSE:0.131680 , MAE:0.099842 , MAPD:0.536872, R_squared:0.999700  
	Validation = MSE:0.016543 , RMSE:0.128621 , MAE:0.093748 , MAPD:0.465877, R_squared:0.999702

2024-03-21 06:34:42,162 Epoch 134/300, Train Loss: 0.017047, Val Loss: 0.017987  
	Train = MSE:0.017047 , RMSE:0.130565 , MAE:0.098790 , MAPD:0.525182, R_squared:0.999705  
	Validation = MSE:0.017987 , RMSE:0.134116 , MAE:0.098080 , MAPD:0.486939, R_squared:0.999676

2024-03-21 06:34:57,140 Epoch 135/300, Train Loss: 0.017127, Val Loss: 0.015224  
	Train = MSE:0.017127 , RMSE:0.130871 , MAE:0.100176 , MAPD:0.535531, R_squared:0.999704  
	Validation = MSE:0.015224 , RMSE:0.123386 , MAE:0.089044 , MAPD:0.499888, R_squared:0.999726

2024-03-21 06:35:11,504 Epoch 136/300, Train Loss: 0.016272, Val Loss: 0.017500  
	Train = MSE:0.016272 , RMSE:0.127562 , MAE:0.097152 , MAPD:0.515726, R_squared:0.999718  
	Validation = MSE:0.017500 , RMSE:0.132288 , MAE:0.097513 , MAPD:0.480730, R_squared:0.999685

2024-03-21 06:35:27,007 Epoch 137/300, Train Loss: 0.016821, Val Loss: 0.014046  
	Train = MSE:0.016821 , RMSE:0.129696 , MAE:0.099140 , MAPD:0.530399, R_squared:0.999709  
	Validation = MSE:0.014046 , RMSE:0.118516 , MAE:0.088824 , MAPD:0.519790, R_squared:0.999747

2024-03-21 06:35:41,061 Epoch 138/300, Train Loss: 0.016248, Val Loss: 0.058687  
	Train = MSE:0.016248 , RMSE:0.127468 , MAE:0.098414 , MAPD:0.528771, R_squared:0.999719  
	Validation = MSE:0.058687 , RMSE:0.242254 , MAE:0.220594 , MAPD:1.214377, R_squared:0.998944

2024-03-21 06:35:54,560 Epoch 139/300, Train Loss: 0.017407, Val Loss: 0.019223  
	Train = MSE:0.017407 , RMSE:0.131937 , MAE:0.100866 , MAPD:0.536058, R_squared:0.999699  
	Validation = MSE:0.019223 , RMSE:0.138646 , MAE:0.109390 , MAPD:0.606822, R_squared:0.999654

2024-03-21 06:36:08,140 Epoch 140/300, Train Loss: 0.016927, Val Loss: 0.012752  
	Train = MSE:0.016927 , RMSE:0.130104 , MAE:0.099118 , MAPD:0.530685, R_squared:0.999707  
	Validation = MSE:0.012752 , RMSE:0.112926 , MAE:0.079181 , MAPD:0.418981, R_squared:0.999771

2024-03-21 06:36:21,895 Epoch 141/300, Train Loss: 0.015344, Val Loss: 0.019663  
	Train = MSE:0.015344 , RMSE:0.123871 , MAE:0.094283 , MAPD:0.504010, R_squared:0.999734  
	Validation = MSE:0.019663 , RMSE:0.140226 , MAE:0.110063 , MAPD:0.563844, R_squared:0.999646

2024-03-21 06:36:38,264 Epoch 142/300, Train Loss: 0.016868, Val Loss: 0.021086  
	Train = MSE:0.016868 , RMSE:0.129877 , MAE:0.100101 , MAPD:0.535481, R_squared:0.999708  
	Validation = MSE:0.021086 , RMSE:0.145211 , MAE:0.115412 , MAPD:0.590915, R_squared:0.999621

2024-03-21 06:36:52,235 Epoch 143/300, Train Loss: 0.015234, Val Loss: 0.013838  
	Train = MSE:0.015234 , RMSE:0.123428 , MAE:0.095145 , MAPD:0.506263, R_squared:0.999736  
	Validation = MSE:0.013838 , RMSE:0.117636 , MAE:0.080545 , MAPD:0.438657, R_squared:0.999751

2024-03-21 06:37:07,049 Epoch 144/300, Train Loss: 0.016577, Val Loss: 0.020635  
	Train = MSE:0.016577 , RMSE:0.128753 , MAE:0.099154 , MAPD:0.529715, R_squared:0.999713  
	Validation = MSE:0.020635 , RMSE:0.143648 , MAE:0.103811 , MAPD:0.512646, R_squared:0.999629

2024-03-21 06:37:20,985 Epoch 145/300, Train Loss: 0.015513, Val Loss: 0.026417  
	Train = MSE:0.015513 , RMSE:0.124551 , MAE:0.095426 , MAPD:0.509016, R_squared:0.999731  
	Validation = MSE:0.026417 , RMSE:0.162532 , MAE:0.117447 , MAPD:0.558698, R_squared:0.999525

2024-03-21 06:37:34,780 Epoch 146/300, Train Loss: 0.016405, Val Loss: 0.015977  
	Train = MSE:0.016405 , RMSE:0.128084 , MAE:0.097227 , MAPD:0.519530, R_squared:0.999716  
	Validation = MSE:0.015977 , RMSE:0.126401 , MAE:0.090230 , MAPD:0.461122, R_squared:0.999713

2024-03-21 06:37:49,230 Epoch 147/300, Train Loss: 0.015960, Val Loss: 0.013647  
	Train = MSE:0.015960 , RMSE:0.126333 , MAE:0.096377 , MAPD:0.512181, R_squared:0.999724  
	Validation = MSE:0.013647 , RMSE:0.116821 , MAE:0.083030 , MAPD:0.463075, R_squared:0.999754

2024-03-21 06:38:02,903 Epoch 148/300, Train Loss: 0.015815, Val Loss: 0.013327  
	Train = MSE:0.015815 , RMSE:0.125759 , MAE:0.095165 , MAPD:0.509737, R_squared:0.999726  
	Validation = MSE:0.013327 , RMSE:0.115444 , MAE:0.081612 , MAPD:0.408435, R_squared:0.999760

2024-03-21 06:38:16,353 Epoch 149/300, Train Loss: 0.015657, Val Loss: 0.014326  
	Train = MSE:0.015657 , RMSE:0.125130 , MAE:0.094918 , MAPD:0.505934, R_squared:0.999729  
	Validation = MSE:0.014326 , RMSE:0.119691 , MAE:0.091031 , MAPD:0.527966, R_squared:0.999742

2024-03-21 06:38:30,713 Epoch 150/300, Train Loss: 0.017019, Val Loss: 0.014304  
	Train = MSE:0.017019 , RMSE:0.130459 , MAE:0.098638 , MAPD:0.530752, R_squared:0.999705  
	Validation = MSE:0.014304 , RMSE:0.119598 , MAE:0.088310 , MAPD:0.475205, R_squared:0.999743

2024-03-21 06:38:44,471 Epoch 151/300, Train Loss: 0.016399, Val Loss: 0.013070  
	Train = MSE:0.016399 , RMSE:0.128060 , MAE:0.097791 , MAPD:0.522900, R_squared:0.999716  
	Validation = MSE:0.013070 , RMSE:0.114326 , MAE:0.083440 , MAPD:0.458795, R_squared:0.999765

2024-03-21 06:38:59,400 Epoch 152/300, Train Loss: 0.016356, Val Loss: 0.021722  
	Train = MSE:0.016356 , RMSE:0.127891 , MAE:0.097537 , MAPD:0.520085, R_squared:0.999717  
	Validation = MSE:0.021722 , RMSE:0.147383 , MAE:0.118920 , MAPD:0.710247, R_squared:0.999609

2024-03-21 06:39:13,358 Epoch 153/300, Train Loss: 0.016679, Val Loss: 0.018318  
	Train = MSE:0.016679 , RMSE:0.129147 , MAE:0.098105 , MAPD:0.526658, R_squared:0.999711  
	Validation = MSE:0.018318 , RMSE:0.135345 , MAE:0.108806 , MAPD:0.650465, R_squared:0.999670

2024-03-21 06:39:27,030 Epoch 154/300, Train Loss: 0.015818, Val Loss: 0.012331  
	Train = MSE:0.015818 , RMSE:0.125769 , MAE:0.096551 , MAPD:0.511070, R_squared:0.999726  
	Validation = MSE:0.012331 , RMSE:0.111046 , MAE:0.079515 , MAPD:0.430769, R_squared:0.999778

2024-03-21 06:39:40,504 Epoch 155/300, Train Loss: 0.015923, Val Loss: 0.040043  
	Train = MSE:0.015923 , RMSE:0.126187 , MAE:0.097228 , MAPD:0.519167, R_squared:0.999724  
	Validation = MSE:0.040043 , RMSE:0.200108 , MAE:0.161921 , MAPD:1.047945, R_squared:0.999279

2024-03-21 06:39:54,628 Epoch 156/300, Train Loss: 0.015245, Val Loss: 0.032957  
	Train = MSE:0.015245 , RMSE:0.123469 , MAE:0.094258 , MAPD:0.499846, R_squared:0.999736  
	Validation = MSE:0.032957 , RMSE:0.181540 , MAE:0.157776 , MAPD:0.931883, R_squared:0.999407

2024-03-21 06:40:08,885 Epoch 157/300, Train Loss: 0.016612, Val Loss: 0.012290  
	Train = MSE:0.016612 , RMSE:0.128888 , MAE:0.097470 , MAPD:0.527046, R_squared:0.999712  
	Validation = MSE:0.012290 , RMSE:0.110862 , MAE:0.081191 , MAPD:0.446657, R_squared:0.999779

2024-03-21 06:40:21,991 Epoch 158/300, Train Loss: 0.016079, Val Loss: 0.016210  
	Train = MSE:0.016079 , RMSE:0.126803 , MAE:0.097404 , MAPD:0.521961, R_squared:0.999722  
	Validation = MSE:0.016210 , RMSE:0.127319 , MAE:0.096183 , MAPD:0.511409, R_squared:0.999708

2024-03-21 06:40:35,419 Epoch 159/300, Train Loss: 0.016139, Val Loss: 0.016367  
	Train = MSE:0.016139 , RMSE:0.127038 , MAE:0.097467 , MAPD:0.526503, R_squared:0.999721  
	Validation = MSE:0.016367 , RMSE:0.127932 , MAE:0.096936 , MAPD:0.527251, R_squared:0.999705

2024-03-21 06:40:48,765 Epoch 160/300, Train Loss: 0.016475, Val Loss: 0.011821  
	Train = MSE:0.016475 , RMSE:0.128356 , MAE:0.097814 , MAPD:0.520694, R_squared:0.999715  
	Validation = MSE:0.011821 , RMSE:0.108723 , MAE:0.075779 , MAPD:0.408715, R_squared:0.999787

2024-03-21 06:41:01,977 Epoch 161/300, Train Loss: 0.016012, Val Loss: 0.011096  
	Train = MSE:0.016012 , RMSE:0.126540 , MAE:0.095544 , MAPD:0.509144, R_squared:0.999723  
	Validation = MSE:0.011096 , RMSE:0.105337 , MAE:0.073178 , MAPD:0.391522, R_squared:0.999800

2024-03-21 06:41:17,280 Epoch 162/300, Train Loss: 0.015889, Val Loss: 0.013407  
	Train = MSE:0.015889 , RMSE:0.126053 , MAE:0.095740 , MAPD:0.508573, R_squared:0.999725  
	Validation = MSE:0.013407 , RMSE:0.115787 , MAE:0.085461 , MAPD:0.484931, R_squared:0.999759

2024-03-21 06:41:30,395 Epoch 163/300, Train Loss: 0.014441, Val Loss: 0.013790  
	Train = MSE:0.014441 , RMSE:0.120170 , MAE:0.091288 , MAPD:0.482349, R_squared:0.999750  
	Validation = MSE:0.013790 , RMSE:0.117429 , MAE:0.080683 , MAPD:0.427760, R_squared:0.999752

2024-03-21 06:41:43,371 Epoch 164/300, Train Loss: 0.015433, Val Loss: 0.030207  
	Train = MSE:0.015433 , RMSE:0.124231 , MAE:0.094864 , MAPD:0.509377, R_squared:0.999733  
	Validation = MSE:0.030207 , RMSE:0.173802 , MAE:0.149283 , MAPD:0.782735, R_squared:0.999456

2024-03-21 06:41:56,334 Epoch 165/300, Train Loss: 0.014592, Val Loss: 0.032673  
	Train = MSE:0.014592 , RMSE:0.120799 , MAE:0.090893 , MAPD:0.488183, R_squared:0.999747  
	Validation = MSE:0.032673 , RMSE:0.180757 , MAE:0.152612 , MAPD:0.787119, R_squared:0.999412

2024-03-21 06:42:09,905 Epoch 166/300, Train Loss: 0.016005, Val Loss: 0.024693  
	Train = MSE:0.016005 , RMSE:0.126512 , MAE:0.095753 , MAPD:0.508010, R_squared:0.999723  
	Validation = MSE:0.024693 , RMSE:0.157140 , MAE:0.126296 , MAPD:0.660072, R_squared:0.999556

2024-03-21 06:42:22,934 Epoch 167/300, Train Loss: 0.014910, Val Loss: 0.013810  
	Train = MSE:0.014910 , RMSE:0.122105 , MAE:0.093353 , MAPD:0.500021, R_squared:0.999742  
	Validation = MSE:0.013810 , RMSE:0.117517 , MAE:0.085462 , MAPD:0.447094, R_squared:0.999751

2024-03-21 06:42:36,249 Epoch 168/300, Train Loss: 0.014463, Val Loss: 0.018193  
	Train = MSE:0.014463 , RMSE:0.120264 , MAE:0.091301 , MAPD:0.486350, R_squared:0.999750  
	Validation = MSE:0.018193 , RMSE:0.134881 , MAE:0.097445 , MAPD:0.477931, R_squared:0.999673

2024-03-21 06:42:48,677 Epoch 169/300, Train Loss: 0.014678, Val Loss: 0.010270  
	Train = MSE:0.014678 , RMSE:0.121151 , MAE:0.093086 , MAPD:0.496918, R_squared:0.999746  
	Validation = MSE:0.010270 , RMSE:0.101341 , MAE:0.068714 , MAPD:0.366284, R_squared:0.999815

2024-03-21 06:43:01,000 Epoch 170/300, Train Loss: 0.015056, Val Loss: 0.029805  
	Train = MSE:0.015056 , RMSE:0.122701 , MAE:0.094043 , MAPD:0.507282, R_squared:0.999739  
	Validation = MSE:0.029805 , RMSE:0.172642 , MAE:0.143631 , MAPD:0.739954, R_squared:0.999464

2024-03-21 06:43:12,939 Epoch 171/300, Train Loss: 0.014319, Val Loss: 0.011961  
	Train = MSE:0.014319 , RMSE:0.119662 , MAE:0.091675 , MAPD:0.488731, R_squared:0.999752  
	Validation = MSE:0.011961 , RMSE:0.109365 , MAE:0.078744 , MAPD:0.447713, R_squared:0.999785

2024-03-21 06:43:26,365 Epoch 172/300, Train Loss: 0.015412, Val Loss: 0.013758  
	Train = MSE:0.015412 , RMSE:0.124146 , MAE:0.094690 , MAPD:0.504938, R_squared:0.999733  
	Validation = MSE:0.013758 , RMSE:0.117293 , MAE:0.083025 , MAPD:0.427719, R_squared:0.999752

2024-03-21 06:43:38,824 Epoch 173/300, Train Loss: 0.014634, Val Loss: 0.017055  
	Train = MSE:0.014634 , RMSE:0.120970 , MAE:0.091169 , MAPD:0.481095, R_squared:0.999747  
	Validation = MSE:0.017055 , RMSE:0.130595 , MAE:0.094840 , MAPD:0.481048, R_squared:0.999693

2024-03-21 06:43:51,951 Epoch 174/300, Train Loss: 0.015715, Val Loss: 0.013799  
	Train = MSE:0.015715 , RMSE:0.125359 , MAE:0.095804 , MAPD:0.509439, R_squared:0.999728  
	Validation = MSE:0.013799 , RMSE:0.117470 , MAE:0.088747 , MAPD:0.475283, R_squared:0.999752

2024-03-21 06:44:04,292 Epoch 175/300, Train Loss: 0.014520, Val Loss: 0.013539  
	Train = MSE:0.014520 , RMSE:0.120500 , MAE:0.093164 , MAPD:0.500451, R_squared:0.999749  
	Validation = MSE:0.013539 , RMSE:0.116359 , MAE:0.084460 , MAPD:0.440659, R_squared:0.999756

2024-03-21 06:44:16,713 Epoch 176/300, Train Loss: 0.014763, Val Loss: 0.011959  
	Train = MSE:0.014763 , RMSE:0.121503 , MAE:0.092123 , MAPD:0.488547, R_squared:0.999744  
	Validation = MSE:0.011959 , RMSE:0.109358 , MAE:0.077114 , MAPD:0.418912, R_squared:0.999785

2024-03-21 06:44:28,926 Epoch 177/300, Train Loss: 0.014592, Val Loss: 0.024980  
	Train = MSE:0.014592 , RMSE:0.120796 , MAE:0.091685 , MAPD:0.489920, R_squared:0.999747  
	Validation = MSE:0.024980 , RMSE:0.158052 , MAE:0.118174 , MAPD:0.559170, R_squared:0.999551

2024-03-21 06:44:41,071 Epoch 178/300, Train Loss: 0.013848, Val Loss: 0.010760  
	Train = MSE:0.013848 , RMSE:0.117677 , MAE:0.090012 , MAPD:0.478662, R_squared:0.999760  
	Validation = MSE:0.010760 , RMSE:0.103731 , MAE:0.072791 , MAPD:0.396155, R_squared:0.999806

2024-03-21 06:44:53,819 Epoch 179/300, Train Loss: 0.014223, Val Loss: 0.012172  
	Train = MSE:0.014223 , RMSE:0.119259 , MAE:0.090684 , MAPD:0.480771, R_squared:0.999754  
	Validation = MSE:0.012172 , RMSE:0.110329 , MAE:0.078043 , MAPD:0.416858, R_squared:0.999781

2024-03-21 06:45:05,854 Epoch 180/300, Train Loss: 0.014749, Val Loss: 0.042351  
	Train = MSE:0.014749 , RMSE:0.121445 , MAE:0.093056 , MAPD:0.500929, R_squared:0.999745  
	Validation = MSE:0.042351 , RMSE:0.205794 , MAE:0.176521 , MAPD:1.071541, R_squared:0.999238

2024-03-21 06:45:17,891 Epoch 181/300, Train Loss: 0.014257, Val Loss: 0.011212  
	Train = MSE:0.014257 , RMSE:0.119401 , MAE:0.090635 , MAPD:0.479331, R_squared:0.999753  
	Validation = MSE:0.011212 , RMSE:0.105884 , MAE:0.073587 , MAPD:0.391810, R_squared:0.999798

2024-03-21 06:45:31,625 Epoch 182/300, Train Loss: 0.014115, Val Loss: 0.012005  
	Train = MSE:0.014115 , RMSE:0.118806 , MAE:0.090025 , MAPD:0.479241, R_squared:0.999756  
	Validation = MSE:0.012005 , RMSE:0.109566 , MAE:0.077006 , MAPD:0.401308, R_squared:0.999784

2024-03-21 06:45:44,148 Epoch 183/300, Train Loss: 0.014161, Val Loss: 0.012988  
	Train = MSE:0.014161 , RMSE:0.119000 , MAE:0.091371 , MAPD:0.487060, R_squared:0.999755  
	Validation = MSE:0.012988 , RMSE:0.113966 , MAE:0.080849 , MAPD:0.434607, R_squared:0.999766

2024-03-21 06:45:56,842 Epoch 184/300, Train Loss: 0.015277, Val Loss: 0.012555  
	Train = MSE:0.015277 , RMSE:0.123601 , MAE:0.094734 , MAPD:0.506610, R_squared:0.999736  
	Validation = MSE:0.012555 , RMSE:0.112050 , MAE:0.076695 , MAPD:0.400768, R_squared:0.999774

2024-03-21 06:46:09,107 Epoch 185/300, Train Loss: 0.015253, Val Loss: 0.010471  
	Train = MSE:0.015253 , RMSE:0.123503 , MAE:0.094608 , MAPD:0.509470, R_squared:0.999736  
	Validation = MSE:0.010471 , RMSE:0.102327 , MAE:0.070222 , MAPD:0.381934, R_squared:0.999812

2024-03-21 06:46:21,295 Epoch 186/300, Train Loss: 0.013551, Val Loss: 0.019849  
	Train = MSE:0.013551 , RMSE:0.116408 , MAE:0.088610 , MAPD:0.470714, R_squared:0.999765  
	Validation = MSE:0.019849 , RMSE:0.140887 , MAE:0.103776 , MAPD:0.509010, R_squared:0.999643

2024-03-21 06:46:33,961 Epoch 187/300, Train Loss: 0.014679, Val Loss: 0.019503  
	Train = MSE:0.014679 , RMSE:0.121155 , MAE:0.092847 , MAPD:0.496377, R_squared:0.999746  
	Validation = MSE:0.019503 , RMSE:0.139653 , MAE:0.111801 , MAPD:0.633764, R_squared:0.999649

2024-03-21 06:46:46,672 Epoch 188/300, Train Loss: 0.014586, Val Loss: 0.016997  
	Train = MSE:0.014586 , RMSE:0.120771 , MAE:0.091832 , MAPD:0.487554, R_squared:0.999748  
	Validation = MSE:0.016997 , RMSE:0.130372 , MAE:0.098604 , MAPD:0.500308, R_squared:0.999694

2024-03-21 06:46:58,785 Epoch 189/300, Train Loss: 0.014136, Val Loss: 0.010619  
	Train = MSE:0.014136 , RMSE:0.118895 , MAE:0.091325 , MAPD:0.490634, R_squared:0.999755  
	Validation = MSE:0.010619 , RMSE:0.103047 , MAE:0.071585 , MAPD:0.377463, R_squared:0.999809

2024-03-21 06:47:11,274 Epoch 190/300, Train Loss: 0.013460, Val Loss: 0.014945  
	Train = MSE:0.013460 , RMSE:0.116017 , MAE:0.088366 , MAPD:0.466523, R_squared:0.999767  
	Validation = MSE:0.014945 , RMSE:0.122248 , MAE:0.087955 , MAPD:0.441206, R_squared:0.999731

2024-03-21 06:47:23,581 Epoch 191/300, Train Loss: 0.014116, Val Loss: 0.010522  
	Train = MSE:0.014116 , RMSE:0.118812 , MAE:0.090824 , MAPD:0.486167, R_squared:0.999756  
	Validation = MSE:0.010522 , RMSE:0.102578 , MAE:0.071515 , MAPD:0.391556, R_squared:0.999811

2024-03-21 06:47:38,357 Epoch 192/300, Train Loss: 0.013542, Val Loss: 0.013247  
	Train = MSE:0.013542 , RMSE:0.116370 , MAE:0.088428 , MAPD:0.470337, R_squared:0.999766  
	Validation = MSE:0.013247 , RMSE:0.115097 , MAE:0.086279 , MAPD:0.509352, R_squared:0.999762

2024-03-21 06:47:50,851 Epoch 193/300, Train Loss: 0.013586, Val Loss: 0.010795  
	Train = MSE:0.013586 , RMSE:0.116559 , MAE:0.089155 , MAPD:0.480111, R_squared:0.999765  
	Validation = MSE:0.010795 , RMSE:0.103901 , MAE:0.072591 , MAPD:0.380723, R_squared:0.999806

2024-03-21 06:48:02,943 Epoch 194/300, Train Loss: 0.013917, Val Loss: 0.015123  
	Train = MSE:0.013917 , RMSE:0.117971 , MAE:0.090916 , MAPD:0.483687, R_squared:0.999759  
	Validation = MSE:0.015123 , RMSE:0.122978 , MAE:0.093187 , MAPD:0.557835, R_squared:0.999728

2024-03-21 06:48:15,276 Epoch 195/300, Train Loss: 0.012667, Val Loss: 0.012416  
	Train = MSE:0.012667 , RMSE:0.112547 , MAE:0.085465 , MAPD:0.451367, R_squared:0.999781  
	Validation = MSE:0.012416 , RMSE:0.111428 , MAE:0.077006 , MAPD:0.416367, R_squared:0.999777

2024-03-21 06:48:28,038 Epoch 196/300, Train Loss: 0.014431, Val Loss: 0.014331  
	Train = MSE:0.014431 , RMSE:0.120129 , MAE:0.091795 , MAPD:0.489815, R_squared:0.999750  
	Validation = MSE:0.014331 , RMSE:0.119714 , MAE:0.094242 , MAPD:0.529958, R_squared:0.999742

2024-03-21 06:48:41,134 Epoch 197/300, Train Loss: 0.013436, Val Loss: 0.012122  
	Train = MSE:0.013436 , RMSE:0.115913 , MAE:0.088873 , MAPD:0.476756, R_squared:0.999767  
	Validation = MSE:0.012122 , RMSE:0.110099 , MAE:0.074501 , MAPD:0.402189, R_squared:0.999782

2024-03-21 06:48:53,677 Epoch 198/300, Train Loss: 0.013670, Val Loss: 0.013923  
	Train = MSE:0.013670 , RMSE:0.116917 , MAE:0.089482 , MAPD:0.479864, R_squared:0.999763  
	Validation = MSE:0.013923 , RMSE:0.117994 , MAE:0.086654 , MAPD:0.431798, R_squared:0.999749

2024-03-21 06:49:06,716 Epoch 199/300, Train Loss: 0.013837, Val Loss: 0.040967  
	Train = MSE:0.013837 , RMSE:0.117632 , MAE:0.089492 , MAPD:0.478927, R_squared:0.999760  
	Validation = MSE:0.040967 , RMSE:0.202402 , MAE:0.179742 , MAPD:0.977466, R_squared:0.999263

2024-03-21 06:49:18,923 Epoch 200/300, Train Loss: 0.014885, Val Loss: 0.013394  
	Train = MSE:0.014885 , RMSE:0.122006 , MAE:0.092147 , MAPD:0.490738, R_squared:0.999742  
	Validation = MSE:0.013394 , RMSE:0.115732 , MAE:0.086529 , MAPD:0.508718, R_squared:0.999759

2024-03-21 06:49:31,643 Epoch 201/300, Train Loss: 0.013922, Val Loss: 0.022730  
	Train = MSE:0.013922 , RMSE:0.117990 , MAE:0.090150 , MAPD:0.485889, R_squared:0.999759  
	Validation = MSE:0.022730 , RMSE:0.150765 , MAE:0.127481 , MAPD:0.739144, R_squared:0.999591

2024-03-21 06:49:45,674 Epoch 202/300, Train Loss: 0.013115, Val Loss: 0.012514  
	Train = MSE:0.013115 , RMSE:0.114522 , MAE:0.087368 , MAPD:0.463331, R_squared:0.999773  
	Validation = MSE:0.012514 , RMSE:0.111865 , MAE:0.080931 , MAPD:0.433422, R_squared:0.999775

2024-03-21 06:49:58,038 Epoch 203/300, Train Loss: 0.014249, Val Loss: 0.011343  
	Train = MSE:0.014249 , RMSE:0.119369 , MAE:0.091507 , MAPD:0.488441, R_squared:0.999753  
	Validation = MSE:0.011343 , RMSE:0.106505 , MAE:0.069925 , MAPD:0.393427, R_squared:0.999796

2024-03-21 06:50:11,079 Epoch 204/300, Train Loss: 0.013951, Val Loss: 0.027789  
	Train = MSE:0.013951 , RMSE:0.118115 , MAE:0.089203 , MAPD:0.472781, R_squared:0.999759  
	Validation = MSE:0.027789 , RMSE:0.166700 , MAE:0.131212 , MAPD:0.626202, R_squared:0.999500

2024-03-21 06:50:23,373 Epoch 205/300, Train Loss: 0.013487, Val Loss: 0.013680  
	Train = MSE:0.013487 , RMSE:0.116135 , MAE:0.090012 , MAPD:0.479733, R_squared:0.999767  
	Validation = MSE:0.013680 , RMSE:0.116960 , MAE:0.088056 , MAPD:0.508469, R_squared:0.999754

2024-03-21 06:50:35,432 Epoch 206/300, Train Loss: 0.012730, Val Loss: 0.010616  
	Train = MSE:0.012730 , RMSE:0.112827 , MAE:0.086728 , MAPD:0.463487, R_squared:0.999780  
	Validation = MSE:0.010616 , RMSE:0.103033 , MAE:0.068206 , MAPD:0.364157, R_squared:0.999809

2024-03-21 06:50:47,493 Epoch 207/300, Train Loss: 0.013281, Val Loss: 0.017723  
	Train = MSE:0.013281 , RMSE:0.115243 , MAE:0.088363 , MAPD:0.467650, R_squared:0.999770  
	Validation = MSE:0.017723 , RMSE:0.133129 , MAE:0.100977 , MAPD:0.614807, R_squared:0.999681

2024-03-21 06:50:59,694 Epoch 208/300, Train Loss: 0.012373, Val Loss: 0.011524  
	Train = MSE:0.012373 , RMSE:0.111235 , MAE:0.085596 , MAPD:0.460319, R_squared:0.999786  
	Validation = MSE:0.011524 , RMSE:0.107352 , MAE:0.075456 , MAPD:0.393978, R_squared:0.999793

2024-03-21 06:51:12,909 Epoch 209/300, Train Loss: 0.013699, Val Loss: 0.011167  
	Train = MSE:0.013699 , RMSE:0.117044 , MAE:0.087657 , MAPD:0.468635, R_squared:0.999763  
	Validation = MSE:0.011167 , RMSE:0.105674 , MAE:0.074992 , MAPD:0.392639, R_squared:0.999799

2024-03-21 06:51:25,409 Epoch 210/300, Train Loss: 0.011833, Val Loss: 0.020060  
	Train = MSE:0.011833 , RMSE:0.108778 , MAE:0.082441 , MAPD:0.438013, R_squared:0.999795  
	Validation = MSE:0.020060 , RMSE:0.141632 , MAE:0.119564 , MAPD:0.683077, R_squared:0.999639

2024-03-21 06:51:37,930 Epoch 211/300, Train Loss: 0.013046, Val Loss: 0.010391  
	Train = MSE:0.013046 , RMSE:0.114217 , MAE:0.086385 , MAPD:0.458157, R_squared:0.999774  
	Validation = MSE:0.010391 , RMSE:0.101937 , MAE:0.069468 , MAPD:0.368782, R_squared:0.999813

2024-03-21 06:51:51,720 Epoch 212/300, Train Loss: 0.013041, Val Loss: 0.011765  
	Train = MSE:0.013041 , RMSE:0.114196 , MAE:0.087553 , MAPD:0.468915, R_squared:0.999774  
	Validation = MSE:0.011765 , RMSE:0.108467 , MAE:0.077505 , MAPD:0.420798, R_squared:0.999788

2024-03-21 06:52:03,931 Epoch 213/300, Train Loss: 0.013124, Val Loss: 0.014949  
	Train = MSE:0.013124 , RMSE:0.114561 , MAE:0.086040 , MAPD:0.456709, R_squared:0.999773  
	Validation = MSE:0.014949 , RMSE:0.122265 , MAE:0.088796 , MAPD:0.455631, R_squared:0.999731

2024-03-21 06:52:16,332 Epoch 214/300, Train Loss: 0.012456, Val Loss: 0.064990  
	Train = MSE:0.012456 , RMSE:0.111605 , MAE:0.084979 , MAPD:0.453120, R_squared:0.999784  
	Validation = MSE:0.064990 , RMSE:0.254932 , MAE:0.228604 , MAPD:1.192339, R_squared:0.998831

2024-03-21 06:52:29,408 Epoch 215/300, Train Loss: 0.013061, Val Loss: 0.012421  
	Train = MSE:0.013061 , RMSE:0.114285 , MAE:0.087411 , MAPD:0.464447, R_squared:0.999774  
	Validation = MSE:0.012421 , RMSE:0.111450 , MAE:0.083022 , MAPD:0.486729, R_squared:0.999776

2024-03-21 06:52:41,898 Epoch 216/300, Train Loss: 0.012554, Val Loss: 0.018273  
	Train = MSE:0.012554 , RMSE:0.112044 , MAE:0.085412 , MAPD:0.452560, R_squared:0.999783  
	Validation = MSE:0.018273 , RMSE:0.135178 , MAE:0.111214 , MAPD:0.600335, R_squared:0.999671

2024-03-21 06:52:54,076 Epoch 217/300, Train Loss: 0.013661, Val Loss: 0.015581  
	Train = MSE:0.013661 , RMSE:0.116881 , MAE:0.090027 , MAPD:0.483166, R_squared:0.999764  
	Validation = MSE:0.015581 , RMSE:0.124823 , MAE:0.099277 , MAPD:0.587576, R_squared:0.999720

2024-03-21 06:53:06,701 Epoch 218/300, Train Loss: 0.012853, Val Loss: 0.012128  
	Train = MSE:0.012853 , RMSE:0.113372 , MAE:0.086274 , MAPD:0.457009, R_squared:0.999778  
	Validation = MSE:0.012128 , RMSE:0.110127 , MAE:0.080868 , MAPD:0.442722, R_squared:0.999782

2024-03-21 06:53:18,899 Epoch 219/300, Train Loss: 0.012216, Val Loss: 0.010574  
	Train = MSE:0.012216 , RMSE:0.110527 , MAE:0.083774 , MAPD:0.446432, R_squared:0.999789  
	Validation = MSE:0.010574 , RMSE:0.102829 , MAE:0.074659 , MAPD:0.412325, R_squared:0.999810

2024-03-21 06:53:31,480 Epoch 220/300, Train Loss: 0.013179, Val Loss: 0.019053  
	Train = MSE:0.013179 , RMSE:0.114798 , MAE:0.087245 , MAPD:0.465984, R_squared:0.999772  
	Validation = MSE:0.019053 , RMSE:0.138034 , MAE:0.109774 , MAPD:0.633631, R_squared:0.999657

2024-03-21 06:53:43,895 Epoch 221/300, Train Loss: 0.012489, Val Loss: 0.012717  
	Train = MSE:0.012489 , RMSE:0.111752 , MAE:0.085796 , MAPD:0.455586, R_squared:0.999784  
	Validation = MSE:0.012717 , RMSE:0.112769 , MAE:0.083330 , MAPD:0.441027, R_squared:0.999771

2024-03-21 06:53:58,717 Epoch 222/300, Train Loss: 0.012805, Val Loss: 0.015457  
	Train = MSE:0.012805 , RMSE:0.113158 , MAE:0.086950 , MAPD:0.457570, R_squared:0.999778  
	Validation = MSE:0.015457 , RMSE:0.124325 , MAE:0.092290 , MAPD:0.516299, R_squared:0.999722

2024-03-21 06:54:11,605 Epoch 223/300, Train Loss: 0.012102, Val Loss: 0.011165  
	Train = MSE:0.012102 , RMSE:0.110009 , MAE:0.084763 , MAPD:0.453487, R_squared:0.999791  
	Validation = MSE:0.011165 , RMSE:0.105665 , MAE:0.073896 , MAPD:0.392392, R_squared:0.999799

2024-03-21 06:54:24,252 Epoch 224/300, Train Loss: 0.013147, Val Loss: 0.017252  
	Train = MSE:0.013147 , RMSE:0.114660 , MAE:0.088123 , MAPD:0.470270, R_squared:0.999772  
	Validation = MSE:0.017252 , RMSE:0.131347 , MAE:0.102715 , MAPD:0.597358, R_squared:0.999690

2024-03-21 06:54:37,205 Epoch 225/300, Train Loss: 0.011809, Val Loss: 0.011813  
	Train = MSE:0.011809 , RMSE:0.108669 , MAE:0.083170 , MAPD:0.440766, R_squared:0.999796  
	Validation = MSE:0.011813 , RMSE:0.108687 , MAE:0.074409 , MAPD:0.393300, R_squared:0.999787

2024-03-21 06:54:49,506 Epoch 226/300, Train Loss: 0.012712, Val Loss: 0.011600  
	Train = MSE:0.012712 , RMSE:0.112750 , MAE:0.085602 , MAPD:0.457870, R_squared:0.999780  
	Validation = MSE:0.011600 , RMSE:0.107702 , MAE:0.078909 , MAPD:0.435321, R_squared:0.999791

2024-03-21 06:55:02,132 Epoch 227/300, Train Loss: 0.012234, Val Loss: 0.009977  
	Train = MSE:0.012234 , RMSE:0.110606 , MAE:0.084599 , MAPD:0.451270, R_squared:0.999788  
	Validation = MSE:0.009977 , RMSE:0.099887 , MAE:0.070177 , MAPD:0.382042, R_squared:0.999820

2024-03-21 06:55:14,353 Epoch 228/300, Train Loss: 0.013449, Val Loss: 0.011593  
	Train = MSE:0.013449 , RMSE:0.115969 , MAE:0.087709 , MAPD:0.468985, R_squared:0.999767  
	Validation = MSE:0.011593 , RMSE:0.107670 , MAE:0.077905 , MAPD:0.419488, R_squared:0.999791

2024-03-21 06:55:27,052 Epoch 229/300, Train Loss: 0.012457, Val Loss: 0.011270  
	Train = MSE:0.012457 , RMSE:0.111612 , MAE:0.085718 , MAPD:0.456838, R_squared:0.999784  
	Validation = MSE:0.011270 , RMSE:0.106162 , MAE:0.073076 , MAPD:0.388978, R_squared:0.999797

2024-03-21 06:55:40,701 Epoch 230/300, Train Loss: 0.013023, Val Loss: 0.010325  
	Train = MSE:0.013023 , RMSE:0.114118 , MAE:0.086393 , MAPD:0.460080, R_squared:0.999775  
	Validation = MSE:0.010325 , RMSE:0.101613 , MAE:0.071717 , MAPD:0.390845, R_squared:0.999814

2024-03-21 06:55:52,926 Epoch 231/300, Train Loss: 0.011944, Val Loss: 0.021472  
	Train = MSE:0.011944 , RMSE:0.109290 , MAE:0.083342 , MAPD:0.446028, R_squared:0.999793  
	Validation = MSE:0.021472 , RMSE:0.146533 , MAE:0.116350 , MAPD:0.589153, R_squared:0.999614

2024-03-21 06:56:07,042 Epoch 232/300, Train Loss: 0.012682, Val Loss: 0.012918  
	Train = MSE:0.012682 , RMSE:0.112616 , MAE:0.086512 , MAPD:0.462475, R_squared:0.999780  
	Validation = MSE:0.012918 , RMSE:0.113657 , MAE:0.082763 , MAPD:0.467422, R_squared:0.999768

2024-03-21 06:56:19,258 Epoch 233/300, Train Loss: 0.012321, Val Loss: 0.013350  
	Train = MSE:0.012321 , RMSE:0.111002 , MAE:0.084134 , MAPD:0.450018, R_squared:0.999787  
	Validation = MSE:0.013350 , RMSE:0.115541 , MAE:0.085919 , MAPD:0.457372, R_squared:0.999760

2024-03-21 06:56:31,454 Epoch 234/300, Train Loss: 0.011579, Val Loss: 0.016242  
	Train = MSE:0.011579 , RMSE:0.107604 , MAE:0.083145 , MAPD:0.440431, R_squared:0.999800  
	Validation = MSE:0.016242 , RMSE:0.127443 , MAE:0.097988 , MAPD:0.508178, R_squared:0.999708

2024-03-21 06:56:44,197 Epoch 235/300, Train Loss: 0.013140, Val Loss: 0.026363  
	Train = MSE:0.013140 , RMSE:0.114629 , MAE:0.087926 , MAPD:0.463743, R_squared:0.999773  
	Validation = MSE:0.026363 , RMSE:0.162366 , MAE:0.134478 , MAPD:0.718376, R_squared:0.999526

2024-03-21 06:56:57,318 Epoch 236/300, Train Loss: 0.012064, Val Loss: 0.032632  
	Train = MSE:0.012064 , RMSE:0.109837 , MAE:0.085295 , MAPD:0.451533, R_squared:0.999791  
	Validation = MSE:0.032632 , RMSE:0.180644 , MAE:0.152276 , MAPD:0.921814, R_squared:0.999413

2024-03-21 06:57:09,665 Epoch 237/300, Train Loss: 0.012492, Val Loss: 0.015733  
	Train = MSE:0.012492 , RMSE:0.111768 , MAE:0.085251 , MAPD:0.452590, R_squared:0.999784  
	Validation = MSE:0.015733 , RMSE:0.125432 , MAE:0.096839 , MAPD:0.499889, R_squared:0.999717

2024-03-21 06:57:22,021 Epoch 238/300, Train Loss: 0.011768, Val Loss: 0.013257  
	Train = MSE:0.011768 , RMSE:0.108481 , MAE:0.082566 , MAPD:0.436696, R_squared:0.999796  
	Validation = MSE:0.013257 , RMSE:0.115140 , MAE:0.085067 , MAPD:0.471753, R_squared:0.999761

2024-03-21 06:57:34,734 Epoch 239/300, Train Loss: 0.012300, Val Loss: 0.016126  
	Train = MSE:0.012300 , RMSE:0.110907 , MAE:0.084749 , MAPD:0.453016, R_squared:0.999787  
	Validation = MSE:0.016126 , RMSE:0.126988 , MAE:0.093871 , MAPD:0.492576, R_squared:0.999710

2024-03-21 06:57:47,016 Epoch 240/300, Train Loss: 0.012355, Val Loss: 0.012171  
	Train = MSE:0.012355 , RMSE:0.111154 , MAE:0.085050 , MAPD:0.447615, R_squared:0.999786  
	Validation = MSE:0.012171 , RMSE:0.110324 , MAE:0.078935 , MAPD:0.423961, R_squared:0.999781

2024-03-21 06:57:59,331 Epoch 241/300, Train Loss: 0.011586, Val Loss: 0.012314  
	Train = MSE:0.011586 , RMSE:0.107639 , MAE:0.082062 , MAPD:0.436534, R_squared:0.999799  
	Validation = MSE:0.012314 , RMSE:0.110969 , MAE:0.078222 , MAPD:0.410321, R_squared:0.999778

2024-03-21 06:58:13,815 Epoch 242/300, Train Loss: 0.011929, Val Loss: 0.021842  
	Train = MSE:0.011929 , RMSE:0.109220 , MAE:0.083811 , MAPD:0.446684, R_squared:0.999794  
	Validation = MSE:0.021842 , RMSE:0.147789 , MAE:0.126162 , MAPD:0.716286, R_squared:0.999607

2024-03-21 06:58:26,785 Epoch 243/300, Train Loss: 0.012690, Val Loss: 0.015518  
	Train = MSE:0.012690 , RMSE:0.112649 , MAE:0.085770 , MAPD:0.455709, R_squared:0.999780  
	Validation = MSE:0.015518 , RMSE:0.124573 , MAE:0.091764 , MAPD:0.521708, R_squared:0.999721

2024-03-21 06:58:39,358 Epoch 244/300, Train Loss: 0.012140, Val Loss: 0.012419  
	Train = MSE:0.012140 , RMSE:0.110184 , MAE:0.083980 , MAPD:0.447698, R_squared:0.999790  
	Validation = MSE:0.012419 , RMSE:0.111439 , MAE:0.078998 , MAPD:0.441885, R_squared:0.999777

2024-03-21 06:58:51,788 Epoch 245/300, Train Loss: 0.012419, Val Loss: 0.012362  
	Train = MSE:0.012419 , RMSE:0.111441 , MAE:0.084740 , MAPD:0.450583, R_squared:0.999785  
	Validation = MSE:0.012362 , RMSE:0.111184 , MAE:0.080425 , MAPD:0.430214, R_squared:0.999778

2024-03-21 06:59:05,178 Epoch 246/300, Train Loss: 0.011381, Val Loss: 0.013240  
	Train = MSE:0.011381 , RMSE:0.106681 , MAE:0.081796 , MAPD:0.433112, R_squared:0.999803  
	Validation = MSE:0.013240 , RMSE:0.115067 , MAE:0.085550 , MAPD:0.484567, R_squared:0.999762

2024-03-21 06:59:17,687 Epoch 247/300, Train Loss: 0.011997, Val Loss: 0.027660  
	Train = MSE:0.011997 , RMSE:0.109531 , MAE:0.083460 , MAPD:0.441367, R_squared:0.999792  
	Validation = MSE:0.027660 , RMSE:0.166314 , MAE:0.116627 , MAPD:0.528537, R_squared:0.999502

2024-03-21 06:59:30,621 Epoch 248/300, Train Loss: 0.011736, Val Loss: 0.013807  
	Train = MSE:0.011736 , RMSE:0.108333 , MAE:0.082476 , MAPD:0.443170, R_squared:0.999797  
	Validation = MSE:0.013807 , RMSE:0.117505 , MAE:0.092794 , MAPD:0.513742, R_squared:0.999752

2024-03-21 06:59:43,443 Epoch 249/300, Train Loss: 0.012015, Val Loss: 0.023145  
	Train = MSE:0.012015 , RMSE:0.109613 , MAE:0.082702 , MAPD:0.442094, R_squared:0.999792  
	Validation = MSE:0.023145 , RMSE:0.152136 , MAE:0.121988 , MAPD:0.602694, R_squared:0.999584

2024-03-21 06:59:56,440 Epoch 250/300, Train Loss: 0.011467, Val Loss: 0.024400  
	Train = MSE:0.011467 , RMSE:0.107083 , MAE:0.081999 , MAPD:0.437040, R_squared:0.999802  
	Validation = MSE:0.024400 , RMSE:0.156205 , MAE:0.129177 , MAPD:0.759028, R_squared:0.999561

2024-03-21 07:00:08,842 Epoch 251/300, Train Loss: 0.011466, Val Loss: 0.019685  
	Train = MSE:0.011466 , RMSE:0.107081 , MAE:0.082167 , MAPD:0.435222, R_squared:0.999802  
	Validation = MSE:0.019685 , RMSE:0.140303 , MAE:0.108092 , MAPD:0.639694, R_squared:0.999646

2024-03-21 07:00:23,233 Epoch 252/300, Train Loss: 0.011943, Val Loss: 0.013198  
	Train = MSE:0.011943 , RMSE:0.109285 , MAE:0.083002 , MAPD:0.445739, R_squared:0.999793  
	Validation = MSE:0.013198 , RMSE:0.114883 , MAE:0.081071 , MAPD:0.423306, R_squared:0.999763

2024-03-21 07:00:35,789 Epoch 253/300, Train Loss: 0.011625, Val Loss: 0.012028  
	Train = MSE:0.011625 , RMSE:0.107821 , MAE:0.082343 , MAPD:0.439213, R_squared:0.999799  
	Validation = MSE:0.012028 , RMSE:0.109674 , MAE:0.078536 , MAPD:0.408758, R_squared:0.999784

2024-03-21 07:00:48,140 Epoch 254/300, Train Loss: 0.012568, Val Loss: 0.011403  
	Train = MSE:0.012568 , RMSE:0.112109 , MAE:0.085387 , MAPD:0.455072, R_squared:0.999782  
	Validation = MSE:0.011403 , RMSE:0.106785 , MAE:0.076606 , MAPD:0.433558, R_squared:0.999795

2024-03-21 07:01:00,489 Epoch 255/300, Train Loss: 0.011151, Val Loss: 0.012375  
	Train = MSE:0.011151 , RMSE:0.105599 , MAE:0.080097 , MAPD:0.426241, R_squared:0.999807  
	Validation = MSE:0.012375 , RMSE:0.111241 , MAE:0.083569 , MAPD:0.489662, R_squared:0.999777

2024-03-21 07:01:14,002 Epoch 256/300, Train Loss: 0.011590, Val Loss: 0.016627  
	Train = MSE:0.011590 , RMSE:0.107657 , MAE:0.081739 , MAPD:0.436071, R_squared:0.999799  
	Validation = MSE:0.016627 , RMSE:0.128945 , MAE:0.101714 , MAPD:0.563958, R_squared:0.999701

2024-03-21 07:01:26,416 Epoch 257/300, Train Loss: 0.012069, Val Loss: 0.010356  
	Train = MSE:0.012069 , RMSE:0.109861 , MAE:0.084565 , MAPD:0.450891, R_squared:0.999791  
	Validation = MSE:0.010356 , RMSE:0.101763 , MAE:0.067764 , MAPD:0.369355, R_squared:0.999814

2024-03-21 07:01:38,921 Epoch 258/300, Train Loss: 0.011364, Val Loss: 0.011499  
	Train = MSE:0.011364 , RMSE:0.106601 , MAE:0.079669 , MAPD:0.421615, R_squared:0.999803  
	Validation = MSE:0.011499 , RMSE:0.107232 , MAE:0.074457 , MAPD:0.412677, R_squared:0.999793

2024-03-21 07:01:51,351 Epoch 259/300, Train Loss: 0.011107, Val Loss: 0.012555  
	Train = MSE:0.011107 , RMSE:0.105392 , MAE:0.080629 , MAPD:0.425736, R_squared:0.999808  
	Validation = MSE:0.012555 , RMSE:0.112049 , MAE:0.080362 , MAPD:0.430428, R_squared:0.999774

2024-03-21 07:02:04,561 Epoch 260/300, Train Loss: 0.012056, Val Loss: 0.014079  
	Train = MSE:0.012056 , RMSE:0.109801 , MAE:0.083595 , MAPD:0.442792, R_squared:0.999791  
	Validation = MSE:0.014079 , RMSE:0.118655 , MAE:0.085068 , MAPD:0.425839, R_squared:0.999747

2024-03-21 07:02:17,040 Epoch 261/300, Train Loss: 0.011164, Val Loss: 0.014534  
	Train = MSE:0.011164 , RMSE:0.105661 , MAE:0.080057 , MAPD:0.426838, R_squared:0.999807  
	Validation = MSE:0.014534 , RMSE:0.120558 , MAE:0.089246 , MAPD:0.469367, R_squared:0.999738

2024-03-21 07:02:32,659 Epoch 262/300, Train Loss: 0.012755, Val Loss: 0.012283  
	Train = MSE:0.012755 , RMSE:0.112936 , MAE:0.086224 , MAPD:0.452353, R_squared:0.999779  
	Validation = MSE:0.012283 , RMSE:0.110830 , MAE:0.081346 , MAPD:0.438651, R_squared:0.999779

2024-03-21 07:02:45,843 Epoch 263/300, Train Loss: 0.011429, Val Loss: 0.015354  
	Train = MSE:0.011429 , RMSE:0.106909 , MAE:0.080739 , MAPD:0.428965, R_squared:0.999802  
	Validation = MSE:0.015354 , RMSE:0.123913 , MAE:0.087260 , MAPD:0.425842, R_squared:0.999724

2024-03-21 07:02:58,403 Epoch 264/300, Train Loss: 0.011603, Val Loss: 0.017411  
	Train = MSE:0.011603 , RMSE:0.107719 , MAE:0.081971 , MAPD:0.437507, R_squared:0.999799  
	Validation = MSE:0.017411 , RMSE:0.131950 , MAE:0.104703 , MAPD:0.539672, R_squared:0.999687

2024-03-21 07:03:10,897 Epoch 265/300, Train Loss: 0.011243, Val Loss: 0.012903  
	Train = MSE:0.011243 , RMSE:0.106031 , MAE:0.080587 , MAPD:0.425482, R_squared:0.999805  
	Validation = MSE:0.012903 , RMSE:0.113592 , MAE:0.084844 , MAPD:0.469639, R_squared:0.999768

2024-03-21 07:03:23,477 Epoch 266/300, Train Loss: 0.011367, Val Loss: 0.022654  
	Train = MSE:0.011367 , RMSE:0.106615 , MAE:0.080937 , MAPD:0.429963, R_squared:0.999803  
	Validation = MSE:0.022654 , RMSE:0.150513 , MAE:0.125151 , MAPD:0.713741, R_squared:0.999592

2024-03-21 07:03:37,229 Epoch 267/300, Train Loss: 0.010792, Val Loss: 0.009523  
	Train = MSE:0.010792 , RMSE:0.103885 , MAE:0.079864 , MAPD:0.421846, R_squared:0.999813  
	Validation = MSE:0.009523 , RMSE:0.097586 , MAE:0.064405 , MAPD:0.343383, R_squared:0.999829

2024-03-21 07:03:50,050 Epoch 268/300, Train Loss: 0.011325, Val Loss: 0.015992  
	Train = MSE:0.011325 , RMSE:0.106419 , MAE:0.082263 , MAPD:0.440698, R_squared:0.999804  
	Validation = MSE:0.015992 , RMSE:0.126460 , MAE:0.095510 , MAPD:0.543925, R_squared:0.999712

2024-03-21 07:04:02,688 Epoch 269/300, Train Loss: 0.011521, Val Loss: 0.013959  
	Train = MSE:0.011521 , RMSE:0.107334 , MAE:0.081836 , MAPD:0.438899, R_squared:0.999801  
	Validation = MSE:0.013959 , RMSE:0.118148 , MAE:0.087774 , MAPD:0.531043, R_squared:0.999749

2024-03-21 07:04:15,499 Epoch 270/300, Train Loss: 0.010809, Val Loss: 0.014924  
	Train = MSE:0.010809 , RMSE:0.103964 , MAE:0.078451 , MAPD:0.415472, R_squared:0.999813  
	Validation = MSE:0.014924 , RMSE:0.122163 , MAE:0.092771 , MAPD:0.481662, R_squared:0.999731

2024-03-21 07:04:28,436 Epoch 271/300, Train Loss: 0.012597, Val Loss: 0.014753  
	Train = MSE:0.012597 , RMSE:0.112237 , MAE:0.085455 , MAPD:0.455062, R_squared:0.999782  
	Validation = MSE:0.014753 , RMSE:0.121463 , MAE:0.092701 , MAPD:0.482669, R_squared:0.999735

2024-03-21 07:04:42,663 Epoch 272/300, Train Loss: 0.010762, Val Loss: 0.012031  
	Train = MSE:0.010762 , RMSE:0.103740 , MAE:0.078917 , MAPD:0.422546, R_squared:0.999814  
	Validation = MSE:0.012031 , RMSE:0.109687 , MAE:0.074679 , MAPD:0.396754, R_squared:0.999784

2024-03-21 07:04:55,531 Epoch 273/300, Train Loss: 0.011596, Val Loss: 0.018729  
	Train = MSE:0.011596 , RMSE:0.107687 , MAE:0.083561 , MAPD:0.440497, R_squared:0.999799  
	Validation = MSE:0.018729 , RMSE:0.136854 , MAE:0.108012 , MAPD:0.602876, R_squared:0.999663

2024-03-21 07:05:08,211 Epoch 274/300, Train Loss: 0.011269, Val Loss: 0.009199  
	Train = MSE:0.011269 , RMSE:0.106156 , MAE:0.081614 , MAPD:0.434126, R_squared:0.999805  
	Validation = MSE:0.009199 , RMSE:0.095910 , MAE:0.063360 , MAPD:0.338720, R_squared:0.999834

2024-03-21 07:05:21,202 Epoch 275/300, Train Loss: 0.011324, Val Loss: 0.011899  
	Train = MSE:0.011324 , RMSE:0.106416 , MAE:0.080675 , MAPD:0.429478, R_squared:0.999804  
	Validation = MSE:0.011899 , RMSE:0.109083 , MAE:0.080077 , MAPD:0.447756, R_squared:0.999786

2024-03-21 07:05:33,742 Epoch 276/300, Train Loss: 0.010488, Val Loss: 0.014751  
	Train = MSE:0.010488 , RMSE:0.102410 , MAE:0.078129 , MAPD:0.412833, R_squared:0.999818  
	Validation = MSE:0.014751 , RMSE:0.121452 , MAE:0.088565 , MAPD:0.526338, R_squared:0.999735

2024-03-21 07:05:46,234 Epoch 277/300, Train Loss: 0.011770, Val Loss: 0.049317  
	Train = MSE:0.011770 , RMSE:0.108487 , MAE:0.083460 , MAPD:0.445462, R_squared:0.999796  
	Validation = MSE:0.049317 , RMSE:0.222075 , MAE:0.199460 , MAPD:1.056459, R_squared:0.999113

2024-03-21 07:05:59,101 Epoch 278/300, Train Loss: 0.011108, Val Loss: 0.012969  
	Train = MSE:0.011108 , RMSE:0.105393 , MAE:0.081064 , MAPD:0.427971, R_squared:0.999808  
	Validation = MSE:0.012969 , RMSE:0.113881 , MAE:0.081565 , MAPD:0.460595, R_squared:0.999767

2024-03-21 07:06:11,635 Epoch 279/300, Train Loss: 0.011068, Val Loss: 0.009338  
	Train = MSE:0.011068 , RMSE:0.105204 , MAE:0.080410 , MAPD:0.426174, R_squared:0.999808  
	Validation = MSE:0.009338 , RMSE:0.096635 , MAE:0.064908 , MAPD:0.347159, R_squared:0.999832

2024-03-21 07:06:23,900 Epoch 280/300, Train Loss: 0.010105, Val Loss: 0.014875  
	Train = MSE:0.010105 , RMSE:0.100522 , MAE:0.076919 , MAPD:0.407537, R_squared:0.999825  
	Validation = MSE:0.014875 , RMSE:0.121962 , MAE:0.095922 , MAPD:0.527941, R_squared:0.999732

2024-03-21 07:06:36,592 Epoch 281/300, Train Loss: 0.010420, Val Loss: 0.010018  
	Train = MSE:0.010420 , RMSE:0.102079 , MAE:0.077981 , MAPD:0.417501, R_squared:0.999820  
	Validation = MSE:0.010018 , RMSE:0.100092 , MAE:0.066884 , MAPD:0.356869, R_squared:0.999820

2024-03-21 07:06:51,531 Epoch 282/300, Train Loss: 0.011173, Val Loss: 0.009915  
	Train = MSE:0.011173 , RMSE:0.105703 , MAE:0.080522 , MAPD:0.425812, R_squared:0.999807  
	Validation = MSE:0.009915 , RMSE:0.099573 , MAE:0.068846 , MAPD:0.377757, R_squared:0.999822

2024-03-21 07:07:04,206 Epoch 283/300, Train Loss: 0.011022, Val Loss: 0.010999  
	Train = MSE:0.011022 , RMSE:0.104986 , MAE:0.079721 , MAPD:0.425260, R_squared:0.999809  
	Validation = MSE:0.010999 , RMSE:0.104876 , MAE:0.069976 , MAPD:0.376232, R_squared:0.999802

2024-03-21 07:07:16,979 Epoch 284/300, Train Loss: 0.010338, Val Loss: 0.010354  
	Train = MSE:0.010338 , RMSE:0.101674 , MAE:0.078230 , MAPD:0.417501, R_squared:0.999821  
	Validation = MSE:0.010354 , RMSE:0.101756 , MAE:0.072231 , MAPD:0.389294, R_squared:0.999814

2024-03-21 07:07:29,730 Epoch 285/300, Train Loss: 0.010198, Val Loss: 0.011330  
	Train = MSE:0.010198 , RMSE:0.100988 , MAE:0.077391 , MAPD:0.413637, R_squared:0.999823  
	Validation = MSE:0.011330 , RMSE:0.106444 , MAE:0.074572 , MAPD:0.406507, R_squared:0.999796

2024-03-21 07:07:43,294 Epoch 286/300, Train Loss: 0.011264, Val Loss: 0.011592  
	Train = MSE:0.011264 , RMSE:0.106131 , MAE:0.079862 , MAPD:0.424717, R_squared:0.999805  
	Validation = MSE:0.011592 , RMSE:0.107665 , MAE:0.071822 , MAPD:0.397035, R_squared:0.999791

2024-03-21 07:07:55,846 Epoch 287/300, Train Loss: 0.010179, Val Loss: 0.012512  
	Train = MSE:0.010179 , RMSE:0.100890 , MAE:0.076806 , MAPD:0.405654, R_squared:0.999824  
	Validation = MSE:0.012512 , RMSE:0.111856 , MAE:0.083195 , MAPD:0.457321, R_squared:0.999775

2024-03-21 07:08:09,257 Epoch 288/300, Train Loss: 0.010497, Val Loss: 0.010579  
	Train = MSE:0.010497 , RMSE:0.102455 , MAE:0.077415 , MAPD:0.412528, R_squared:0.999818  
	Validation = MSE:0.010579 , RMSE:0.102853 , MAE:0.072140 , MAPD:0.398369, R_squared:0.999810

2024-03-21 07:08:21,926 Epoch 289/300, Train Loss: 0.010956, Val Loss: 0.011149  
	Train = MSE:0.010956 , RMSE:0.104672 , MAE:0.080639 , MAPD:0.429192, R_squared:0.999810  
	Validation = MSE:0.011149 , RMSE:0.105590 , MAE:0.070546 , MAPD:0.386745, R_squared:0.999799

2024-03-21 07:08:34,932 Epoch 290/300, Train Loss: 0.010288, Val Loss: 0.067719  
	Train = MSE:0.010288 , RMSE:0.101432 , MAE:0.076977 , MAPD:0.408736, R_squared:0.999822  
	Validation = MSE:0.067719 , RMSE:0.260228 , MAE:0.233561 , MAPD:1.376586, R_squared:0.998781

2024-03-21 07:08:47,467 Epoch 291/300, Train Loss: 0.010335, Val Loss: 0.012745  
	Train = MSE:0.010335 , RMSE:0.101661 , MAE:0.076407 , MAPD:0.407741, R_squared:0.999821  
	Validation = MSE:0.012745 , RMSE:0.112896 , MAE:0.079739 , MAPD:0.455851, R_squared:0.999771

2024-03-21 07:09:01,947 Epoch 292/300, Train Loss: 0.011347, Val Loss: 0.017064  
	Train = MSE:0.011347 , RMSE:0.106522 , MAE:0.080323 , MAPD:0.426344, R_squared:0.999804  
	Validation = MSE:0.017064 , RMSE:0.130629 , MAE:0.100390 , MAPD:0.584425, R_squared:0.999693

2024-03-21 07:09:14,497 Epoch 293/300, Train Loss: 0.010777, Val Loss: 0.024223  
	Train = MSE:0.010777 , RMSE:0.103811 , MAE:0.078795 , MAPD:0.416274, R_squared:0.999813  
	Validation = MSE:0.024223 , RMSE:0.155637 , MAE:0.128871 , MAPD:0.704382, R_squared:0.999564

2024-03-21 07:09:27,513 Epoch 294/300, Train Loss: 0.010338, Val Loss: 0.010079  
	Train = MSE:0.010338 , RMSE:0.101678 , MAE:0.077637 , MAPD:0.414144, R_squared:0.999821  
	Validation = MSE:0.010079 , RMSE:0.100394 , MAE:0.067771 , MAPD:0.364243, R_squared:0.999819

2024-03-21 07:09:40,119 Epoch 295/300, Train Loss: 0.010003, Val Loss: 0.023544  
	Train = MSE:0.010003 , RMSE:0.100017 , MAE:0.075979 , MAPD:0.403974, R_squared:0.999827  
	Validation = MSE:0.023544 , RMSE:0.153439 , MAE:0.126418 , MAPD:0.774351, R_squared:0.999576

2024-03-21 07:09:52,856 Epoch 296/300, Train Loss: 0.010861, Val Loss: 0.019431  
	Train = MSE:0.010861 , RMSE:0.104218 , MAE:0.078728 , MAPD:0.420439, R_squared:0.999812  
	Validation = MSE:0.019431 , RMSE:0.139396 , MAE:0.102715 , MAPD:0.501897, R_squared:0.999650

2024-03-21 07:10:05,541 Epoch 297/300, Train Loss: 0.011066, Val Loss: 0.024751  
	Train = MSE:0.011066 , RMSE:0.105194 , MAE:0.080239 , MAPD:0.425771, R_squared:0.999808  
	Validation = MSE:0.024751 , RMSE:0.157323 , MAE:0.128887 , MAPD:0.713156, R_squared:0.999555

2024-03-21 07:10:18,451 Epoch 298/300, Train Loss: 0.010673, Val Loss: 0.009246  
	Train = MSE:0.010673 , RMSE:0.103308 , MAE:0.078030 , MAPD:0.415144, R_squared:0.999815  
	Validation = MSE:0.009246 , RMSE:0.096154 , MAE:0.065503 , MAPD:0.346884, R_squared:0.999834

2024-03-21 07:10:31,423 Epoch 299/300, Train Loss: 0.010468, Val Loss: 0.010306  
	Train = MSE:0.010468 , RMSE:0.102315 , MAE:0.078477 , MAPD:0.419200, R_squared:0.999819  
	Validation = MSE:0.010306 , RMSE:0.101520 , MAE:0.068140 , MAPD:0.373447, R_squared:0.999815

2024-03-21 07:10:44,918 Epoch 300/300, Train Loss: 0.009989, Val Loss: 0.024269  
	Train = MSE:0.009989 , RMSE:0.099946 , MAE:0.076196 , MAPD:0.405129, R_squared:0.999827  
	Validation = MSE:0.024269 , RMSE:0.155784 , MAE:0.132794 , MAPD:0.787613, R_squared:0.999563

2024-03-21 07:10:44,921 Time for training the model: 3966.217000
2024-03-21 07:10:46,859 MSE for train: 0.020553
2024-03-21 07:10:46,859 RMSE for train: 0.143363
2024-03-21 07:10:46,859 MAE for train: 0.126766
2024-03-21 07:10:46,859 MAPD for train: 0.739702
2024-03-21 07:10:46,859 R^2 Score for train: 0.999644
2024-03-21 07:10:46,863 Inference time for train dataset: 1.002998

2024-03-21 07:10:47,005 MSE for val: 0.024269
2024-03-21 07:10:47,005 RMSE for val: 0.155784
2024-03-21 07:10:47,005 MAE for val: 0.132794
2024-03-21 07:10:47,005 MAPD for val: 0.787613
2024-03-21 07:10:47,006 R^2 Score for val: 0.999563
2024-03-21 07:10:47,009 Inference time for val dataset: 0.142999

2024-03-21 07:10:47,139 MSE for test: 0.023568
2024-03-21 07:10:47,139 RMSE for test: 0.153519
2024-03-21 07:10:47,139 MAE for test: 0.128711
2024-03-21 07:10:47,139 MAPD for test: 0.725859
2024-03-21 07:10:47,139 R^2 Score for test: 0.999611
2024-03-21 07:10:47,142 Inference time for test dataset: 0.130000

2024-03-21 07:10:50,536 Train label average: , [20.62097221]
2024-03-21 07:10:50,536 Test label average: , [21.41736175]
2024-03-21 07:10:50,537 validation label average: , [20.14607025]
2024-03-21 07:10:50,537 predicted (on validation dataset) values average: , 21.534189453125
