2024-03-21 05:06:37,188 train batches in dataset: 25
2024-03-21 05:06:37,189 val batches in dataset: 4
2024-03-21 05:06:37,189 test batches in dataset: 4
2024-03-21 05:06:37,212 Trainable parameter: net_core.0.weight - size: torch.Size([256, 35])
2024-03-21 05:06:37,223 Trainable parameter: net_core.0.bias - size: torch.Size([256])
2024-03-21 05:06:37,234 Trainable parameter: net_core.1.weight - size: torch.Size([128, 256])
2024-03-21 05:06:37,245 Trainable parameter: net_core.1.bias - size: torch.Size([128])
2024-03-21 05:06:37,261 Trainable parameter: net_core.2.weight - size: torch.Size([64, 128])
2024-03-21 05:06:37,274 Trainable parameter: net_core.2.bias - size: torch.Size([64])
2024-03-21 05:06:37,285 Trainable parameter: net_core.3.weight - size: torch.Size([16, 64])
2024-03-21 05:06:37,287 Trainable parameter: net_core.3.bias - size: torch.Size([16])
2024-03-21 05:06:37,287 Trainable parameter: net_core.4.weight - size: torch.Size([1, 16])
2024-03-21 05:06:37,287 Trainable parameter: net_core.4.bias - size: torch.Size([1])
2024-03-21 05:06:37,288 Number of trainable parameters: 51425
2024-03-21 05:06:37,288 Number of non-trainable parameters: 0
2024-03-21 05:06:41,079 Epoch 1/300, Train Loss: 125.496507, Val Loss: 38.041638  
	Train = MSE:125.526176 , RMSE:11.203847 , MAE:8.596597 , MAPD:43.668127, R_squared:-1.172879  
	Validation = MSE:37.290474 , RMSE:6.106593 , MAE:5.400820 , MAPD:35.089275, R_squared:0.328994

2024-03-21 05:06:45,011 Epoch 2/300, Train Loss: 17.071731, Val Loss: 4.961718  
	Train = MSE:17.074799 , RMSE:4.132166 , MAE:3.301008 , MAPD:19.534034, R_squared:0.704432  
	Validation = MSE:4.968059 , RMSE:2.228914 , MAE:1.811652 , MAPD:10.483393, R_squared:0.910605

2024-03-21 05:06:48,463 Epoch 3/300, Train Loss: 3.571936, Val Loss: 2.610029  
	Train = MSE:3.572277 , RMSE:1.890047 , MAE:1.506135 , MAPD:8.521177, R_squared:0.938163  
	Validation = MSE:2.521408 , RMSE:1.587894 , MAE:1.309908 , MAPD:7.302646, R_squared:0.954630

2024-03-21 05:06:50,842 Epoch 4/300, Train Loss: 2.104254, Val Loss: 1.700285  
	Train = MSE:2.104338 , RMSE:1.450634 , MAE:1.181315 , MAPD:6.850987, R_squared:0.963574  
	Validation = MSE:1.685749 , RMSE:1.298364 , MAE:1.058508 , MAPD:6.309806, R_squared:0.969667

2024-03-21 05:06:53,493 Epoch 5/300, Train Loss: 1.527102, Val Loss: 1.237948  
	Train = MSE:1.527145 , RMSE:1.235777 , MAE:1.018635 , MAPD:5.844590, R_squared:0.973565  
	Validation = MSE:1.229727 , RMSE:1.108930 , MAE:0.914790 , MAPD:5.337209, R_squared:0.977872

2024-03-21 05:06:57,124 Epoch 6/300, Train Loss: 1.187391, Val Loss: 0.968172  
	Train = MSE:1.187493 , RMSE:1.089721 , MAE:0.897317 , MAPD:5.105518, R_squared:0.979444  
	Validation = MSE:0.962835 , RMSE:0.981241 , MAE:0.806913 , MAPD:4.693539, R_squared:0.982675

2024-03-21 05:06:59,684 Epoch 7/300, Train Loss: 0.963798, Val Loss: 0.793910  
	Train = MSE:0.963839 , RMSE:0.981753 , MAE:0.801266 , MAPD:4.527317, R_squared:0.983316  
	Validation = MSE:0.824368 , RMSE:0.907947 , MAE:0.754507 , MAPD:4.206401, R_squared:0.985166

2024-03-21 05:07:02,527 Epoch 8/300, Train Loss: 0.801833, Val Loss: 0.615846  
	Train = MSE:0.801873 , RMSE:0.895474 , MAE:0.720183 , MAPD:3.998118, R_squared:0.986119  
	Validation = MSE:0.623948 , RMSE:0.789904 , MAE:0.648000 , MAPD:3.638926, R_squared:0.988773

2024-03-21 05:07:06,336 Epoch 9/300, Train Loss: 0.622695, Val Loss: 0.505067  
	Train = MSE:0.622698 , RMSE:0.789112 , MAE:0.629720 , MAPD:3.459733, R_squared:0.989221  
	Validation = MSE:0.491063 , RMSE:0.700759 , MAE:0.561613 , MAPD:3.085087, R_squared:0.991164

2024-03-21 05:07:10,366 Epoch 10/300, Train Loss: 0.516849, Val Loss: 0.401551  
	Train = MSE:0.516903 , RMSE:0.718960 , MAE:0.560248 , MAPD:3.026884, R_squared:0.991052  
	Validation = MSE:0.397485 , RMSE:0.630464 , MAE:0.501338 , MAPD:2.731860, R_squared:0.992848

2024-03-21 05:07:13,923 Epoch 11/300, Train Loss: 0.375363, Val Loss: 0.332064  
	Train = MSE:0.375352 , RMSE:0.612660 , MAE:0.470170 , MAPD:2.518043, R_squared:0.993503  
	Validation = MSE:0.318794 , RMSE:0.564619 , MAE:0.437758 , MAPD:2.415827, R_squared:0.994264

2024-03-21 05:07:17,648 Epoch 12/300, Train Loss: 0.307159, Val Loss: 0.342135  
	Train = MSE:0.307179 , RMSE:0.554237 , MAE:0.416624 , MAPD:2.237694, R_squared:0.994683  
	Validation = MSE:0.335774 , RMSE:0.579460 , MAE:0.444018 , MAPD:2.323300, R_squared:0.993958

2024-03-21 05:07:20,244 Epoch 13/300, Train Loss: 0.256410, Val Loss: 0.239956  
	Train = MSE:0.256428 , RMSE:0.506387 , MAE:0.376709 , MAPD:2.007343, R_squared:0.995561  
	Validation = MSE:0.235547 , RMSE:0.485332 , MAE:0.362437 , MAPD:1.990860, R_squared:0.995762

2024-03-21 05:07:23,343 Epoch 14/300, Train Loss: 0.214909, Val Loss: 0.215022  
	Train = MSE:0.214919 , RMSE:0.463593 , MAE:0.339389 , MAPD:1.817734, R_squared:0.996280  
	Validation = MSE:0.212055 , RMSE:0.460494 , MAE:0.340742 , MAPD:1.886603, R_squared:0.996184

2024-03-21 05:07:25,741 Epoch 15/300, Train Loss: 0.199788, Val Loss: 0.204043  
	Train = MSE:0.199806 , RMSE:0.446997 , MAE:0.326938 , MAPD:1.758328, R_squared:0.996541  
	Validation = MSE:0.198632 , RMSE:0.445681 , MAE:0.319655 , MAPD:1.747973, R_squared:0.996426

2024-03-21 05:07:28,027 Epoch 16/300, Train Loss: 0.177057, Val Loss: 0.198890  
	Train = MSE:0.177051 , RMSE:0.420774 , MAE:0.303160 , MAPD:1.624003, R_squared:0.996935  
	Validation = MSE:0.197540 , RMSE:0.444454 , MAE:0.337824 , MAPD:1.908513, R_squared:0.996445

2024-03-21 05:07:30,289 Epoch 17/300, Train Loss: 0.171901, Val Loss: 0.170130  
	Train = MSE:0.171905 , RMSE:0.414614 , MAE:0.303625 , MAPD:1.631037, R_squared:0.997024  
	Validation = MSE:0.169489 , RMSE:0.411691 , MAE:0.298761 , MAPD:1.672669, R_squared:0.996950

2024-03-21 05:07:32,581 Epoch 18/300, Train Loss: 0.151671, Val Loss: 0.180731  
	Train = MSE:0.151684 , RMSE:0.389466 , MAE:0.282727 , MAPD:1.526011, R_squared:0.997374  
	Validation = MSE:0.180421 , RMSE:0.424760 , MAE:0.301797 , MAPD:1.639437, R_squared:0.996754

2024-03-21 05:07:35,319 Epoch 19/300, Train Loss: 0.141571, Val Loss: 0.166002  
	Train = MSE:0.141573 , RMSE:0.376262 , MAE:0.273661 , MAPD:1.470416, R_squared:0.997549  
	Validation = MSE:0.168323 , RMSE:0.410272 , MAE:0.289499 , MAPD:1.570992, R_squared:0.996971

2024-03-21 05:07:37,975 Epoch 20/300, Train Loss: 0.127592, Val Loss: 0.132659  
	Train = MSE:0.127585 , RMSE:0.357190 , MAE:0.257643 , MAPD:1.390537, R_squared:0.997791  
	Validation = MSE:0.135183 , RMSE:0.367672 , MAE:0.261251 , MAPD:1.448247, R_squared:0.997568

2024-03-21 05:07:40,245 Epoch 21/300, Train Loss: 0.133150, Val Loss: 0.124693  
	Train = MSE:0.133154 , RMSE:0.364903 , MAE:0.267633 , MAPD:1.441204, R_squared:0.997695  
	Validation = MSE:0.129803 , RMSE:0.360282 , MAE:0.265445 , MAPD:1.506043, R_squared:0.997664

2024-03-21 05:07:44,551 Epoch 22/300, Train Loss: 0.121147, Val Loss: 0.116421  
	Train = MSE:0.121147 , RMSE:0.348062 , MAE:0.254691 , MAPD:1.369022, R_squared:0.997903  
	Validation = MSE:0.122397 , RMSE:0.349853 , MAE:0.252570 , MAPD:1.409764, R_squared:0.997798

2024-03-21 05:07:48,239 Epoch 23/300, Train Loss: 0.120844, Val Loss: 0.151170  
	Train = MSE:0.120838 , RMSE:0.347618 , MAE:0.256899 , MAPD:1.377601, R_squared:0.997908  
	Validation = MSE:0.161335 , RMSE:0.401665 , MAE:0.291400 , MAPD:1.554721, R_squared:0.997097

2024-03-21 05:07:50,965 Epoch 24/300, Train Loss: 0.123748, Val Loss: 0.109429  
	Train = MSE:0.123725 , RMSE:0.351746 , MAE:0.263652 , MAPD:1.407447, R_squared:0.997858  
	Validation = MSE:0.112709 , RMSE:0.335721 , MAE:0.253013 , MAPD:1.415808, R_squared:0.997972

2024-03-21 05:07:53,491 Epoch 25/300, Train Loss: 0.112840, Val Loss: 0.109435  
	Train = MSE:0.112845 , RMSE:0.335925 , MAE:0.252046 , MAPD:1.344174, R_squared:0.998047  
	Validation = MSE:0.113323 , RMSE:0.336634 , MAE:0.260934 , MAPD:1.460669, R_squared:0.997961

2024-03-21 05:07:56,766 Epoch 26/300, Train Loss: 0.099303, Val Loss: 0.097670  
	Train = MSE:0.099300 , RMSE:0.315119 , MAE:0.235429 , MAPD:1.257864, R_squared:0.998281  
	Validation = MSE:0.105323 , RMSE:0.324535 , MAE:0.227046 , MAPD:1.248321, R_squared:0.998105

2024-03-21 05:08:00,094 Epoch 27/300, Train Loss: 0.094237, Val Loss: 0.083408  
	Train = MSE:0.094250 , RMSE:0.307002 , MAE:0.226153 , MAPD:1.207702, R_squared:0.998369  
	Validation = MSE:0.092893 , RMSE:0.304783 , MAE:0.215380 , MAPD:1.181009, R_squared:0.998328

2024-03-21 05:08:03,335 Epoch 28/300, Train Loss: 0.082811, Val Loss: 0.101946  
	Train = MSE:0.082806 , RMSE:0.287760 , MAE:0.211300 , MAPD:1.137800, R_squared:0.998567  
	Validation = MSE:0.113443 , RMSE:0.336814 , MAE:0.240805 , MAPD:1.298527, R_squared:0.997959

2024-03-21 05:08:06,525 Epoch 29/300, Train Loss: 0.084084, Val Loss: 0.091407  
	Train = MSE:0.084089 , RMSE:0.289981 , MAE:0.214472 , MAPD:1.145194, R_squared:0.998544  
	Validation = MSE:0.093975 , RMSE:0.306553 , MAE:0.237668 , MAPD:1.335246, R_squared:0.998309

2024-03-21 05:08:09,767 Epoch 30/300, Train Loss: 0.089435, Val Loss: 0.082174  
	Train = MSE:0.089447 , RMSE:0.299076 , MAE:0.224025 , MAPD:1.192644, R_squared:0.998452  
	Validation = MSE:0.087151 , RMSE:0.295213 , MAE:0.222451 , MAPD:1.262589, R_squared:0.998432

2024-03-21 05:08:12,858 Epoch 31/300, Train Loss: 0.079402, Val Loss: 0.077361  
	Train = MSE:0.079397 , RMSE:0.281775 , MAE:0.208201 , MAPD:1.117596, R_squared:0.998626  
	Validation = MSE:0.081174 , RMSE:0.284910 , MAE:0.204362 , MAPD:1.124194, R_squared:0.998539

2024-03-21 05:08:17,714 Epoch 32/300, Train Loss: 0.083739, Val Loss: 0.073191  
	Train = MSE:0.083738 , RMSE:0.289375 , MAE:0.217545 , MAPD:1.165677, R_squared:0.998550  
	Validation = MSE:0.077396 , RMSE:0.278201 , MAE:0.201764 , MAPD:1.127237, R_squared:0.998607

2024-03-21 05:08:20,349 Epoch 33/300, Train Loss: 0.069360, Val Loss: 0.069419  
	Train = MSE:0.069362 , RMSE:0.263366 , MAE:0.192142 , MAPD:1.031846, R_squared:0.998799  
	Validation = MSE:0.076291 , RMSE:0.276209 , MAE:0.195696 , MAPD:1.081477, R_squared:0.998627

2024-03-21 05:08:22,661 Epoch 34/300, Train Loss: 0.070423, Val Loss: 0.070103  
	Train = MSE:0.070430 , RMSE:0.265386 , MAE:0.196542 , MAPD:1.056060, R_squared:0.998781  
	Validation = MSE:0.077148 , RMSE:0.277755 , MAE:0.197628 , MAPD:1.085206, R_squared:0.998612

2024-03-21 05:08:25,357 Epoch 35/300, Train Loss: 0.070773, Val Loss: 0.115828  
	Train = MSE:0.070773 , RMSE:0.266032 , MAE:0.197191 , MAPD:1.055826, R_squared:0.998775  
	Validation = MSE:0.111817 , RMSE:0.334390 , MAE:0.275310 , MAPD:1.492527, R_squared:0.997988

2024-03-21 05:08:29,421 Epoch 36/300, Train Loss: 0.086634, Val Loss: 0.065205  
	Train = MSE:0.086641 , RMSE:0.294349 , MAE:0.223456 , MAPD:1.184314, R_squared:0.998500  
	Validation = MSE:0.071681 , RMSE:0.267734 , MAE:0.190524 , MAPD:1.052756, R_squared:0.998710

2024-03-21 05:08:31,962 Epoch 37/300, Train Loss: 0.063982, Val Loss: 0.066405  
	Train = MSE:0.063968 , RMSE:0.252918 , MAE:0.185502 , MAPD:0.999611, R_squared:0.998893  
	Validation = MSE:0.068807 , RMSE:0.262311 , MAE:0.190841 , MAPD:1.053773, R_squared:0.998762

2024-03-21 05:08:34,740 Epoch 38/300, Train Loss: 0.065545, Val Loss: 0.060434  
	Train = MSE:0.065545 , RMSE:0.256018 , MAE:0.189405 , MAPD:1.017016, R_squared:0.998865  
	Validation = MSE:0.065878 , RMSE:0.256667 , MAE:0.183639 , MAPD:1.023413, R_squared:0.998815

2024-03-21 05:08:37,077 Epoch 39/300, Train Loss: 0.061041, Val Loss: 0.061672  
	Train = MSE:0.061045 , RMSE:0.247073 , MAE:0.181706 , MAPD:0.974906, R_squared:0.998943  
	Validation = MSE:0.064239 , RMSE:0.253453 , MAE:0.184554 , MAPD:1.021343, R_squared:0.998844

2024-03-21 05:08:39,409 Epoch 40/300, Train Loss: 0.070158, Val Loss: 0.077077  
	Train = MSE:0.070152 , RMSE:0.264862 , MAE:0.198150 , MAPD:1.061579, R_squared:0.998786  
	Validation = MSE:0.076607 , RMSE:0.276779 , MAE:0.214660 , MAPD:1.179455, R_squared:0.998622

2024-03-21 05:08:41,713 Epoch 41/300, Train Loss: 0.061912, Val Loss: 0.085428  
	Train = MSE:0.061908 , RMSE:0.248812 , MAE:0.185999 , MAPD:0.993861, R_squared:0.998928  
	Validation = MSE:0.083966 , RMSE:0.289769 , MAE:0.232512 , MAPD:1.284561, R_squared:0.998489

2024-03-21 05:08:46,373 Epoch 42/300, Train Loss: 0.065380, Val Loss: 0.059739  
	Train = MSE:0.065377 , RMSE:0.255689 , MAE:0.192448 , MAPD:1.032091, R_squared:0.998868  
	Validation = MSE:0.066101 , RMSE:0.257101 , MAE:0.181363 , MAPD:1.004318, R_squared:0.998811

2024-03-21 05:08:49,346 Epoch 43/300, Train Loss: 0.061042, Val Loss: 0.056393  
	Train = MSE:0.061039 , RMSE:0.247061 , MAE:0.184435 , MAPD:0.989181, R_squared:0.998943  
	Validation = MSE:0.062008 , RMSE:0.249014 , MAE:0.177751 , MAPD:0.990448, R_squared:0.998884

2024-03-21 05:08:52,264 Epoch 44/300, Train Loss: 0.059577, Val Loss: 0.074986  
	Train = MSE:0.059578 , RMSE:0.244085 , MAE:0.182038 , MAPD:0.976968, R_squared:0.998969  
	Validation = MSE:0.072692 , RMSE:0.269614 , MAE:0.212117 , MAPD:1.157759, R_squared:0.998692

2024-03-21 05:08:54,579 Epoch 45/300, Train Loss: 0.057495, Val Loss: 0.056223  
	Train = MSE:0.057494 , RMSE:0.239780 , MAE:0.177526 , MAPD:0.948357, R_squared:0.999005  
	Validation = MSE:0.058022 , RMSE:0.240877 , MAE:0.176901 , MAPD:0.982830, R_squared:0.998956

2024-03-21 05:08:56,914 Epoch 46/300, Train Loss: 0.054983, Val Loss: 0.054572  
	Train = MSE:0.054990 , RMSE:0.234500 , MAE:0.174465 , MAPD:0.939662, R_squared:0.999048  
	Validation = MSE:0.060178 , RMSE:0.245312 , MAE:0.172847 , MAPD:0.961675, R_squared:0.998917

2024-03-21 05:08:59,223 Epoch 47/300, Train Loss: 0.052992, Val Loss: 0.060116  
	Train = MSE:0.052996 , RMSE:0.230208 , MAE:0.171077 , MAPD:0.921016, R_squared:0.999083  
	Validation = MSE:0.068326 , RMSE:0.261392 , MAE:0.186346 , MAPD:1.013911, R_squared:0.998771

2024-03-21 05:09:01,561 Epoch 48/300, Train Loss: 0.054453, Val Loss: 0.062743  
	Train = MSE:0.054453 , RMSE:0.233352 , MAE:0.173768 , MAPD:0.933740, R_squared:0.999057  
	Validation = MSE:0.072196 , RMSE:0.268694 , MAE:0.191997 , MAPD:1.061184, R_squared:0.998701

2024-03-21 05:09:04,408 Epoch 49/300, Train Loss: 0.057506, Val Loss: 0.049004  
	Train = MSE:0.057509 , RMSE:0.239811 , MAE:0.180024 , MAPD:0.966585, R_squared:0.999005  
	Validation = MSE:0.053660 , RMSE:0.231647 , MAE:0.163679 , MAPD:0.913188, R_squared:0.999034

2024-03-21 05:09:07,691 Epoch 50/300, Train Loss: 0.053160, Val Loss: 0.063891  
	Train = MSE:0.053160 , RMSE:0.230566 , MAE:0.173259 , MAPD:0.928193, R_squared:0.999080  
	Validation = MSE:0.061981 , RMSE:0.248961 , MAE:0.192658 , MAPD:1.065301, R_squared:0.998885

2024-03-21 05:09:10,413 Epoch 51/300, Train Loss: 0.055504, Val Loss: 0.047481  
	Train = MSE:0.055503 , RMSE:0.235591 , MAE:0.177791 , MAPD:0.946351, R_squared:0.999039  
	Validation = MSE:0.051808 , RMSE:0.227613 , MAE:0.161278 , MAPD:0.898850, R_squared:0.999068

2024-03-21 05:09:15,225 Epoch 52/300, Train Loss: 0.048792, Val Loss: 0.058541  
	Train = MSE:0.048793 , RMSE:0.220891 , MAE:0.165146 , MAPD:0.895601, R_squared:0.999155  
	Validation = MSE:0.067591 , RMSE:0.259982 , MAE:0.189349 , MAPD:1.024047, R_squared:0.998784

2024-03-21 05:09:17,491 Epoch 53/300, Train Loss: 0.049341, Val Loss: 0.050487  
	Train = MSE:0.049343 , RMSE:0.222132 , MAE:0.165830 , MAPD:0.889206, R_squared:0.999146  
	Validation = MSE:0.051557 , RMSE:0.227063 , MAE:0.167324 , MAPD:0.922521, R_squared:0.999072

2024-03-21 05:09:20,125 Epoch 54/300, Train Loss: 0.066078, Val Loss: 0.082913  
	Train = MSE:0.066082 , RMSE:0.257065 , MAE:0.199094 , MAPD:1.051392, R_squared:0.998856  
	Validation = MSE:0.078399 , RMSE:0.279998 , MAE:0.234680 , MAPD:1.285601, R_squared:0.998589

2024-03-21 05:09:22,717 Epoch 55/300, Train Loss: 0.066124, Val Loss: 0.045609  
	Train = MSE:0.066125 , RMSE:0.257149 , MAE:0.199220 , MAPD:1.055443, R_squared:0.998855  
	Validation = MSE:0.051352 , RMSE:0.226609 , MAE:0.158866 , MAPD:0.868277, R_squared:0.999076

2024-03-21 05:09:25,457 Epoch 56/300, Train Loss: 0.055146, Val Loss: 0.105870  
	Train = MSE:0.055145 , RMSE:0.234829 , MAE:0.176509 , MAPD:0.937389, R_squared:0.999045  
	Validation = MSE:0.118756 , RMSE:0.344609 , MAE:0.272873 , MAPD:1.397997, R_squared:0.997863

2024-03-21 05:09:27,968 Epoch 57/300, Train Loss: 0.062746, Val Loss: 0.043145  
	Train = MSE:0.062754 , RMSE:0.250508 , MAE:0.191837 , MAPD:1.014382, R_squared:0.998914  
	Validation = MSE:0.046017 , RMSE:0.214515 , MAE:0.153934 , MAPD:0.865696, R_squared:0.999172

2024-03-21 05:09:30,619 Epoch 58/300, Train Loss: 0.048154, Val Loss: 0.054550  
	Train = MSE:0.048160 , RMSE:0.219453 , MAE:0.164330 , MAPD:0.877919, R_squared:0.999166  
	Validation = MSE:0.055005 , RMSE:0.234532 , MAE:0.185972 , MAPD:1.077173, R_squared:0.999010

2024-03-21 05:09:33,009 Epoch 59/300, Train Loss: 0.054033, Val Loss: 0.053241  
	Train = MSE:0.054038 , RMSE:0.232461 , MAE:0.175676 , MAPD:0.936328, R_squared:0.999065  
	Validation = MSE:0.052685 , RMSE:0.229533 , MAE:0.173538 , MAPD:0.926252, R_squared:0.999052

2024-03-21 05:09:35,308 Epoch 60/300, Train Loss: 0.062828, Val Loss: 0.095402  
	Train = MSE:0.062835 , RMSE:0.250669 , MAE:0.193345 , MAPD:1.016263, R_squared:0.998912  
	Validation = MSE:0.108387 , RMSE:0.329222 , MAE:0.267067 , MAPD:1.435716, R_squared:0.998050

2024-03-21 05:09:37,621 Epoch 61/300, Train Loss: 0.062234, Val Loss: 0.054384  
	Train = MSE:0.062245 , RMSE:0.249489 , MAE:0.193330 , MAPD:1.017974, R_squared:0.998923  
	Validation = MSE:0.053743 , RMSE:0.231824 , MAE:0.175435 , MAPD:0.925983, R_squared:0.999033

2024-03-21 05:09:42,839 Epoch 62/300, Train Loss: 0.050477, Val Loss: 0.042129  
	Train = MSE:0.050485 , RMSE:0.224688 , MAE:0.170121 , MAPD:0.906505, R_squared:0.999126  
	Validation = MSE:0.048364 , RMSE:0.219918 , MAE:0.153305 , MAPD:0.844337, R_squared:0.999130

2024-03-21 05:09:45,169 Epoch 63/300, Train Loss: 0.043027, Val Loss: 0.057000  
	Train = MSE:0.043028 , RMSE:0.207431 , MAE:0.155203 , MAPD:0.831066, R_squared:0.999255  
	Validation = MSE:0.055232 , RMSE:0.235015 , MAE:0.186887 , MAPD:1.027670, R_squared:0.999006

2024-03-21 05:09:47,671 Epoch 64/300, Train Loss: 0.039558, Val Loss: 0.038409  
	Train = MSE:0.039559 , RMSE:0.198896 , MAE:0.145927 , MAPD:0.783773, R_squared:0.999315  
	Validation = MSE:0.042054 , RMSE:0.205071 , MAE:0.141148 , MAPD:0.785673, R_squared:0.999243

2024-03-21 05:09:50,356 Epoch 65/300, Train Loss: 0.047290, Val Loss: 0.039220  
	Train = MSE:0.047291 , RMSE:0.217465 , MAE:0.163135 , MAPD:0.859922, R_squared:0.999181  
	Validation = MSE:0.042850 , RMSE:0.207003 , MAE:0.143503 , MAPD:0.798459, R_squared:0.999229

2024-03-21 05:09:52,738 Epoch 66/300, Train Loss: 0.045724, Val Loss: 0.077650  
	Train = MSE:0.045725 , RMSE:0.213835 , MAE:0.162272 , MAPD:0.863225, R_squared:0.999208  
	Validation = MSE:0.073233 , RMSE:0.270615 , MAE:0.231857 , MAPD:1.290826, R_squared:0.998682

2024-03-21 05:09:55,054 Epoch 67/300, Train Loss: 0.053936, Val Loss: 0.036817  
	Train = MSE:0.053933 , RMSE:0.232235 , MAE:0.180703 , MAPD:0.960285, R_squared:0.999066  
	Validation = MSE:0.040722 , RMSE:0.201797 , MAE:0.140427 , MAPD:0.778748, R_squared:0.999267

2024-03-21 05:09:57,813 Epoch 68/300, Train Loss: 0.039476, Val Loss: 0.037841  
	Train = MSE:0.039479 , RMSE:0.198694 , MAE:0.148959 , MAPD:0.794968, R_squared:0.999317  
	Validation = MSE:0.042611 , RMSE:0.206424 , MAE:0.142208 , MAPD:0.789127, R_squared:0.999233

2024-03-21 05:10:00,156 Epoch 69/300, Train Loss: 0.049531, Val Loss: 0.061992  
	Train = MSE:0.049532 , RMSE:0.222558 , MAE:0.169251 , MAPD:0.890279, R_squared:0.999143  
	Validation = MSE:0.061166 , RMSE:0.247317 , MAE:0.201201 , MAPD:1.125251, R_squared:0.998899

2024-03-21 05:10:03,053 Epoch 70/300, Train Loss: 0.044593, Val Loss: 0.038439  
	Train = MSE:0.044591 , RMSE:0.211166 , MAE:0.158967 , MAPD:0.855887, R_squared:0.999228  
	Validation = MSE:0.043248 , RMSE:0.207961 , MAE:0.142794 , MAPD:0.778452, R_squared:0.999222

2024-03-21 05:10:05,499 Epoch 71/300, Train Loss: 0.037164, Val Loss: 0.040117  
	Train = MSE:0.037163 , RMSE:0.192776 , MAE:0.143775 , MAPD:0.765007, R_squared:0.999357  
	Validation = MSE:0.041163 , RMSE:0.202887 , MAE:0.144806 , MAPD:0.780421, R_squared:0.999259

2024-03-21 05:10:10,953 Epoch 72/300, Train Loss: 0.045691, Val Loss: 0.037218  
	Train = MSE:0.045696 , RMSE:0.213767 , MAE:0.160833 , MAPD:0.846941, R_squared:0.999209  
	Validation = MSE:0.039297 , RMSE:0.198235 , MAE:0.143163 , MAPD:0.800745, R_squared:0.999293

2024-03-21 05:10:13,433 Epoch 73/300, Train Loss: 0.041662, Val Loss: 0.075698  
	Train = MSE:0.041661 , RMSE:0.204109 , MAE:0.153999 , MAPD:0.822293, R_squared:0.999279  
	Validation = MSE:0.084027 , RMSE:0.289873 , MAE:0.227018 , MAPD:1.168257, R_squared:0.998488

2024-03-21 05:10:16,239 Epoch 74/300, Train Loss: 0.074444, Val Loss: 0.120009  
	Train = MSE:0.074435 , RMSE:0.272829 , MAE:0.219968 , MAPD:1.145299, R_squared:0.998712  
	Validation = MSE:0.131992 , RMSE:0.363307 , MAE:0.311048 , MAPD:1.655999, R_squared:0.997625

2024-03-21 05:10:19,208 Epoch 75/300, Train Loss: 0.052504, Val Loss: 0.050887  
	Train = MSE:0.052489 , RMSE:0.229104 , MAE:0.173881 , MAPD:0.914139, R_squared:0.999091  
	Validation = MSE:0.049849 , RMSE:0.223269 , MAE:0.179063 , MAPD:1.007048, R_squared:0.999103

2024-03-21 05:10:21,868 Epoch 76/300, Train Loss: 0.054199, Val Loss: 0.050051  
	Train = MSE:0.054197 , RMSE:0.232803 , MAE:0.181435 , MAPD:0.962677, R_squared:0.999062  
	Validation = MSE:0.059751 , RMSE:0.244441 , MAE:0.179673 , MAPD:0.968628, R_squared:0.998925

2024-03-21 05:10:24,571 Epoch 77/300, Train Loss: 0.058433, Val Loss: 0.065281  
	Train = MSE:0.058408 , RMSE:0.241678 , MAE:0.187655 , MAPD:0.988603, R_squared:0.998989  
	Validation = MSE:0.062498 , RMSE:0.249996 , MAE:0.210992 , MAPD:1.192439, R_squared:0.998875

2024-03-21 05:10:26,913 Epoch 78/300, Train Loss: 0.070424, Val Loss: 0.070699  
	Train = MSE:0.070433 , RMSE:0.265393 , MAE:0.212800 , MAPD:1.105696, R_squared:0.998781  
	Validation = MSE:0.067034 , RMSE:0.258909 , MAE:0.218932 , MAPD:1.204858, R_squared:0.998794

2024-03-21 05:10:29,687 Epoch 79/300, Train Loss: 0.047146, Val Loss: 0.035964  
	Train = MSE:0.047139 , RMSE:0.217115 , MAE:0.167081 , MAPD:0.881020, R_squared:0.999184  
	Validation = MSE:0.039694 , RMSE:0.199234 , MAE:0.136846 , MAPD:0.764010, R_squared:0.999286

2024-03-21 05:10:32,872 Epoch 80/300, Train Loss: 0.054383, Val Loss: 0.038019  
	Train = MSE:0.054384 , RMSE:0.233204 , MAE:0.182812 , MAPD:0.957098, R_squared:0.999059  
	Validation = MSE:0.038960 , RMSE:0.197382 , MAE:0.143603 , MAPD:0.772710, R_squared:0.999299

2024-03-21 05:10:35,693 Epoch 81/300, Train Loss: 0.042959, Val Loss: 0.058304  
	Train = MSE:0.042962 , RMSE:0.207272 , MAE:0.157555 , MAPD:0.836192, R_squared:0.999256  
	Validation = MSE:0.066068 , RMSE:0.257038 , MAE:0.198034 , MAPD:1.046016, R_squared:0.998811

2024-03-21 05:10:41,077 Epoch 82/300, Train Loss: 0.036063, Val Loss: 0.048804  
	Train = MSE:0.036063 , RMSE:0.189904 , MAE:0.142707 , MAPD:0.757162, R_squared:0.999376  
	Validation = MSE:0.057171 , RMSE:0.239104 , MAE:0.180317 , MAPD:0.986350, R_squared:0.998971

2024-03-21 05:10:43,419 Epoch 83/300, Train Loss: 0.038501, Val Loss: 0.083977  
	Train = MSE:0.038495 , RMSE:0.196201 , MAE:0.150265 , MAPD:0.793583, R_squared:0.999334  
	Validation = MSE:0.094111 , RMSE:0.306775 , MAE:0.243149 , MAPD:1.242044, R_squared:0.998307

2024-03-21 05:10:45,784 Epoch 84/300, Train Loss: 0.042912, Val Loss: 0.038700  
	Train = MSE:0.042915 , RMSE:0.207159 , MAE:0.158758 , MAPD:0.837039, R_squared:0.999257  
	Validation = MSE:0.043543 , RMSE:0.208669 , MAE:0.146308 , MAPD:0.790401, R_squared:0.999216

2024-03-21 05:10:48,269 Epoch 85/300, Train Loss: 0.054971, Val Loss: 0.082006  
	Train = MSE:0.054963 , RMSE:0.234443 , MAE:0.183062 , MAPD:0.949158, R_squared:0.999049  
	Validation = MSE:0.075671 , RMSE:0.275083 , MAE:0.237187 , MAPD:1.286787, R_squared:0.998638

2024-03-21 05:10:51,976 Epoch 86/300, Train Loss: 0.056254, Val Loss: 0.070021  
	Train = MSE:0.056262 , RMSE:0.237196 , MAE:0.186831 , MAPD:0.974423, R_squared:0.999026  
	Validation = MSE:0.066026 , RMSE:0.256956 , MAE:0.216660 , MAPD:1.176277, R_squared:0.998812

2024-03-21 05:10:54,479 Epoch 87/300, Train Loss: 0.076564, Val Loss: 0.177614  
	Train = MSE:0.076535 , RMSE:0.276650 , MAE:0.221877 , MAPD:1.158207, R_squared:0.998675  
	Validation = MSE:0.186681 , RMSE:0.432067 , MAE:0.378298 , MAPD:1.912192, R_squared:0.996641

2024-03-21 05:10:56,779 Epoch 88/300, Train Loss: 0.108654, Val Loss: 0.033460  
	Train = MSE:0.108674 , RMSE:0.329657 , MAE:0.259132 , MAPD:1.337966, R_squared:0.998119  
	Validation = MSE:0.038106 , RMSE:0.195207 , MAE:0.133807 , MAPD:0.743408, R_squared:0.999314

2024-03-21 05:10:59,108 Epoch 89/300, Train Loss: 0.036982, Val Loss: 0.039970  
	Train = MSE:0.036977 , RMSE:0.192295 , MAE:0.144812 , MAPD:0.761049, R_squared:0.999360  
	Validation = MSE:0.042222 , RMSE:0.205481 , MAE:0.149154 , MAPD:0.801413, R_squared:0.999240

2024-03-21 05:11:02,001 Epoch 90/300, Train Loss: 0.035099, Val Loss: 0.036731  
	Train = MSE:0.035100 , RMSE:0.187349 , MAE:0.140534 , MAPD:0.748960, R_squared:0.999392  
	Validation = MSE:0.038316 , RMSE:0.195746 , MAE:0.145439 , MAPD:0.802596, R_squared:0.999311

2024-03-21 05:11:04,320 Epoch 91/300, Train Loss: 0.033446, Val Loss: 0.045077  
	Train = MSE:0.033442 , RMSE:0.182873 , MAE:0.136917 , MAPD:0.727268, R_squared:0.999421  
	Validation = MSE:0.051294 , RMSE:0.226483 , MAE:0.165025 , MAPD:0.878521, R_squared:0.999077

2024-03-21 05:11:10,230 Epoch 92/300, Train Loss: 0.045489, Val Loss: 0.034530  
	Train = MSE:0.045492 , RMSE:0.213288 , MAE:0.165606 , MAPD:0.861861, R_squared:0.999213  
	Validation = MSE:0.039747 , RMSE:0.199366 , MAE:0.140501 , MAPD:0.768550, R_squared:0.999285

2024-03-21 05:11:12,874 Epoch 93/300, Train Loss: 0.034945, Val Loss: 0.032620  
	Train = MSE:0.034947 , RMSE:0.186941 , MAE:0.139507 , MAPD:0.739688, R_squared:0.999395  
	Validation = MSE:0.035792 , RMSE:0.189187 , MAE:0.129942 , MAPD:0.714161, R_squared:0.999356

2024-03-21 05:11:15,530 Epoch 94/300, Train Loss: 0.029556, Val Loss: 0.037434  
	Train = MSE:0.029559 , RMSE:0.171926 , MAE:0.126434 , MAPD:0.668752, R_squared:0.999488  
	Validation = MSE:0.037250 , RMSE:0.193001 , MAE:0.142427 , MAPD:0.790668, R_squared:0.999330

2024-03-21 05:11:17,860 Epoch 95/300, Train Loss: 0.040227, Val Loss: 0.089430  
	Train = MSE:0.040221 , RMSE:0.200551 , MAE:0.150383 , MAPD:0.787429, R_squared:0.999304  
	Validation = MSE:0.081517 , RMSE:0.285512 , MAE:0.249530 , MAPD:1.365669, R_squared:0.998533

2024-03-21 05:11:20,193 Epoch 96/300, Train Loss: 0.042817, Val Loss: 0.035428  
	Train = MSE:0.042823 , RMSE:0.206937 , MAE:0.159193 , MAPD:0.839444, R_squared:0.999259  
	Validation = MSE:0.035691 , RMSE:0.188921 , MAE:0.132848 , MAPD:0.719671, R_squared:0.999358

2024-03-21 05:11:22,579 Epoch 97/300, Train Loss: 0.030503, Val Loss: 0.032763  
	Train = MSE:0.030503 , RMSE:0.174651 , MAE:0.130214 , MAPD:0.688834, R_squared:0.999472  
	Validation = MSE:0.037343 , RMSE:0.193243 , MAE:0.134836 , MAPD:0.735131, R_squared:0.999328

2024-03-21 05:11:25,987 Epoch 98/300, Train Loss: 0.062210, Val Loss: 0.124465  
	Train = MSE:0.062203 , RMSE:0.249404 , MAE:0.198255 , MAPD:1.023404, R_squared:0.998923  
	Validation = MSE:0.112953 , RMSE:0.336085 , MAE:0.300312 , MAPD:1.654042, R_squared:0.997968

2024-03-21 05:11:28,730 Epoch 99/300, Train Loss: 0.053207, Val Loss: 0.044019  
	Train = MSE:0.053214 , RMSE:0.230682 , MAE:0.180771 , MAPD:0.940930, R_squared:0.999079  
	Validation = MSE:0.052259 , RMSE:0.228603 , MAE:0.170367 , MAPD:0.909815, R_squared:0.999060

2024-03-21 05:11:31,598 Epoch 100/300, Train Loss: 0.032826, Val Loss: 0.042418  
	Train = MSE:0.032827 , RMSE:0.181183 , MAE:0.137440 , MAPD:0.724900, R_squared:0.999432  
	Validation = MSE:0.042340 , RMSE:0.205767 , MAE:0.158809 , MAPD:0.871929, R_squared:0.999238

2024-03-21 05:11:34,662 Epoch 101/300, Train Loss: 0.036853, Val Loss: 0.074374  
	Train = MSE:0.036858 , RMSE:0.191985 , MAE:0.146725 , MAPD:0.769036, R_squared:0.999362  
	Validation = MSE:0.083839 , RMSE:0.289549 , MAE:0.241075 , MAPD:1.319575, R_squared:0.998491

2024-03-21 05:11:39,542 Epoch 102/300, Train Loss: 0.058948, Val Loss: 0.036904  
	Train = MSE:0.058947 , RMSE:0.242789 , MAE:0.193227 , MAPD:0.998838, R_squared:0.998980  
	Validation = MSE:0.038076 , RMSE:0.195130 , MAE:0.146830 , MAPD:0.848579, R_squared:0.999315

2024-03-21 05:11:41,929 Epoch 103/300, Train Loss: 0.036619, Val Loss: 0.033093  
	Train = MSE:0.036622 , RMSE:0.191370 , MAE:0.145705 , MAPD:0.761333, R_squared:0.999366  
	Validation = MSE:0.036555 , RMSE:0.191193 , MAE:0.134371 , MAPD:0.743112, R_squared:0.999342

2024-03-21 05:11:45,118 Epoch 104/300, Train Loss: 0.029818, Val Loss: 0.038192  
	Train = MSE:0.029815 , RMSE:0.172671 , MAE:0.130015 , MAPD:0.686606, R_squared:0.999484  
	Validation = MSE:0.043735 , RMSE:0.209129 , MAE:0.155280 , MAPD:0.842342, R_squared:0.999213

2024-03-21 05:11:47,537 Epoch 105/300, Train Loss: 0.047478, Val Loss: 0.060186  
	Train = MSE:0.047484 , RMSE:0.217908 , MAE:0.169733 , MAPD:0.889343, R_squared:0.999178  
	Validation = MSE:0.066238 , RMSE:0.257368 , MAE:0.205578 , MAPD:1.112341, R_squared:0.998808

2024-03-21 05:11:49,889 Epoch 106/300, Train Loss: 0.042371, Val Loss: 0.049213  
	Train = MSE:0.042366 , RMSE:0.205831 , MAE:0.162062 , MAPD:0.852788, R_squared:0.999267  
	Validation = MSE:0.056336 , RMSE:0.237353 , MAE:0.181302 , MAPD:0.961120, R_squared:0.998986

2024-03-21 05:11:52,262 Epoch 107/300, Train Loss: 0.044677, Val Loss: 0.061849  
	Train = MSE:0.044682 , RMSE:0.211381 , MAE:0.163419 , MAPD:0.843930, R_squared:0.999227  
	Validation = MSE:0.056397 , RMSE:0.237481 , MAE:0.192196 , MAPD:1.013892, R_squared:0.998985

2024-03-21 05:11:55,550 Epoch 108/300, Train Loss: 0.043334, Val Loss: 0.056281  
	Train = MSE:0.043339 , RMSE:0.208179 , MAE:0.160743 , MAPD:0.841853, R_squared:0.999250  
	Validation = MSE:0.053144 , RMSE:0.230530 , MAE:0.191228 , MAPD:1.033673, R_squared:0.999044

2024-03-21 05:11:58,607 Epoch 109/300, Train Loss: 0.091315, Val Loss: 0.032779  
	Train = MSE:0.091316 , RMSE:0.302186 , MAE:0.239787 , MAPD:1.225919, R_squared:0.998419  
	Validation = MSE:0.038181 , RMSE:0.195401 , MAE:0.137605 , MAPD:0.750985, R_squared:0.999313

2024-03-21 05:12:01,881 Epoch 110/300, Train Loss: 0.132305, Val Loss: 0.115287  
	Train = MSE:0.132340 , RMSE:0.363785 , MAE:0.298046 , MAPD:1.533632, R_squared:0.997709  
	Validation = MSE:0.128154 , RMSE:0.357986 , MAE:0.310345 , MAPD:1.645372, R_squared:0.997694

2024-03-21 05:12:03,989 Epoch 111/300, Train Loss: 0.112173, Val Loss: 0.095583  
	Train = MSE:0.112142 , RMSE:0.334877 , MAE:0.278781 , MAPD:1.425022, R_squared:0.998059  
	Validation = MSE:0.107137 , RMSE:0.327317 , MAE:0.283550 , MAPD:1.562750, R_squared:0.998072

2024-03-21 05:12:09,404 Epoch 112/300, Train Loss: 0.055784, Val Loss: 0.047091  
	Train = MSE:0.055792 , RMSE:0.236202 , MAE:0.184441 , MAPD:0.949921, R_squared:0.999034  
	Validation = MSE:0.046338 , RMSE:0.215263 , MAE:0.174507 , MAPD:0.948878, R_squared:0.999166

2024-03-21 05:12:11,792 Epoch 113/300, Train Loss: 0.039852, Val Loss: 0.054629  
	Train = MSE:0.039859 , RMSE:0.199648 , MAE:0.155235 , MAPD:0.809976, R_squared:0.999310  
	Validation = MSE:0.062561 , RMSE:0.250122 , MAE:0.193890 , MAPD:1.008894, R_squared:0.998874

2024-03-21 05:12:14,133 Epoch 114/300, Train Loss: 0.042082, Val Loss: 0.053403  
	Train = MSE:0.042082 , RMSE:0.205139 , MAE:0.160121 , MAPD:0.829317, R_squared:0.999272  
	Validation = MSE:0.059334 , RMSE:0.243585 , MAE:0.186920 , MAPD:0.985218, R_squared:0.998932

2024-03-21 05:12:17,402 Epoch 115/300, Train Loss: 0.036537, Val Loss: 0.033625  
	Train = MSE:0.036543 , RMSE:0.191162 , MAE:0.146530 , MAPD:0.760711, R_squared:0.999367  
	Validation = MSE:0.037049 , RMSE:0.192480 , MAE:0.136154 , MAPD:0.720021, R_squared:0.999333

2024-03-21 05:12:19,822 Epoch 116/300, Train Loss: 0.037654, Val Loss: 0.053542  
	Train = MSE:0.037634 , RMSE:0.193994 , MAE:0.146640 , MAPD:0.769622, R_squared:0.999349  
	Validation = MSE:0.060216 , RMSE:0.245390 , MAE:0.195498 , MAPD:1.077514, R_squared:0.998916

2024-03-21 05:12:22,119 Epoch 117/300, Train Loss: 0.072255, Val Loss: 0.162392  
	Train = MSE:0.072246 , RMSE:0.268786 , MAE:0.215754 , MAPD:1.109668, R_squared:0.998749  
	Validation = MSE:0.173623 , RMSE:0.416681 , MAE:0.369625 , MAPD:1.899155, R_squared:0.996876

2024-03-21 05:12:24,957 Epoch 118/300, Train Loss: 0.069823, Val Loss: 0.040197  
	Train = MSE:0.069835 , RMSE:0.264263 , MAE:0.207018 , MAPD:1.057966, R_squared:0.998791  
	Validation = MSE:0.044496 , RMSE:0.210940 , MAE:0.149488 , MAPD:0.773258, R_squared:0.999199

2024-03-21 05:12:28,157 Epoch 119/300, Train Loss: 0.036429, Val Loss: 0.131800  
	Train = MSE:0.036414 , RMSE:0.190826 , MAE:0.145769 , MAPD:0.767262, R_squared:0.999370  
	Validation = MSE:0.141376 , RMSE:0.376000 , MAE:0.327487 , MAPD:1.684941, R_squared:0.997456

2024-03-21 05:12:30,706 Epoch 120/300, Train Loss: 0.047073, Val Loss: 0.058664  
	Train = MSE:0.047072 , RMSE:0.216961 , MAE:0.168681 , MAPD:0.868583, R_squared:0.999185  
	Validation = MSE:0.064939 , RMSE:0.254831 , MAE:0.200407 , MAPD:1.073780, R_squared:0.998831

2024-03-21 05:12:33,732 Epoch 121/300, Train Loss: 0.051151, Val Loss: 0.085709  
	Train = MSE:0.051146 , RMSE:0.226156 , MAE:0.176719 , MAPD:0.920247, R_squared:0.999115  
	Validation = MSE:0.095208 , RMSE:0.308558 , MAE:0.264032 , MAPD:1.434342, R_squared:0.998287

2024-03-21 05:12:39,218 Epoch 122/300, Train Loss: 0.046412, Val Loss: 0.046552  
	Train = MSE:0.046407 , RMSE:0.215422 , MAE:0.170932 , MAPD:0.888206, R_squared:0.999197  
	Validation = MSE:0.053368 , RMSE:0.231015 , MAE:0.175676 , MAPD:0.922700, R_squared:0.999040

2024-03-21 05:12:41,601 Epoch 123/300, Train Loss: 0.042600, Val Loss: 0.026897  
	Train = MSE:0.042607 , RMSE:0.206415 , MAE:0.157018 , MAPD:0.814536, R_squared:0.999262  
	Validation = MSE:0.028658 , RMSE:0.169288 , MAE:0.116988 , MAPD:0.649287, R_squared:0.999484

2024-03-21 05:12:43,907 Epoch 124/300, Train Loss: 0.029822, Val Loss: 0.038868  
	Train = MSE:0.029821 , RMSE:0.172686 , MAE:0.128798 , MAPD:0.678315, R_squared:0.999484  
	Validation = MSE:0.045165 , RMSE:0.212520 , MAE:0.157296 , MAPD:0.831517, R_squared:0.999187

2024-03-21 05:12:46,766 Epoch 125/300, Train Loss: 0.042006, Val Loss: 0.042023  
	Train = MSE:0.042008 , RMSE:0.204958 , MAE:0.157280 , MAPD:0.822255, R_squared:0.999273  
	Validation = MSE:0.046805 , RMSE:0.216344 , MAE:0.156652 , MAPD:0.806589, R_squared:0.999158

2024-03-21 05:12:49,074 Epoch 126/300, Train Loss: 0.046030, Val Loss: 0.028628  
	Train = MSE:0.046036 , RMSE:0.214560 , MAE:0.167054 , MAPD:0.865633, R_squared:0.999203  
	Validation = MSE:0.029520 , RMSE:0.171812 , MAE:0.119949 , MAPD:0.655535, R_squared:0.999469

2024-03-21 05:12:51,670 Epoch 127/300, Train Loss: 0.028169, Val Loss: 0.026536  
	Train = MSE:0.028172 , RMSE:0.167846 , MAE:0.125889 , MAPD:0.658864, R_squared:0.999512  
	Validation = MSE:0.028985 , RMSE:0.170249 , MAE:0.119625 , MAPD:0.674228, R_squared:0.999478

2024-03-21 05:12:54,210 Epoch 128/300, Train Loss: 0.047519, Val Loss: 0.050336  
	Train = MSE:0.047525 , RMSE:0.218002 , MAE:0.171133 , MAPD:0.879926, R_squared:0.999177  
	Validation = MSE:0.048083 , RMSE:0.219278 , MAE:0.175192 , MAPD:0.931810, R_squared:0.999135

2024-03-21 05:12:56,505 Epoch 129/300, Train Loss: 0.062224, Val Loss: 0.039633  
	Train = MSE:0.062215 , RMSE:0.249430 , MAE:0.201070 , MAPD:1.046476, R_squared:0.998923  
	Validation = MSE:0.046486 , RMSE:0.215607 , MAE:0.160176 , MAPD:0.864832, R_squared:0.999164

2024-03-21 05:12:59,335 Epoch 130/300, Train Loss: 0.046544, Val Loss: 0.027049  
	Train = MSE:0.046534 , RMSE:0.215718 , MAE:0.163661 , MAPD:0.838138, R_squared:0.999194  
	Validation = MSE:0.028471 , RMSE:0.168733 , MAE:0.120146 , MAPD:0.668328, R_squared:0.999488

2024-03-21 05:13:01,625 Epoch 131/300, Train Loss: 0.029729, Val Loss: 0.036889  
	Train = MSE:0.029730 , RMSE:0.172424 , MAE:0.129866 , MAPD:0.677094, R_squared:0.999485  
	Validation = MSE:0.035769 , RMSE:0.189128 , MAE:0.141539 , MAPD:0.738758, R_squared:0.999356

2024-03-21 05:13:07,399 Epoch 132/300, Train Loss: 0.028451, Val Loss: 0.087490  
	Train = MSE:0.028449 , RMSE:0.168667 , MAE:0.126978 , MAPD:0.665812, R_squared:0.999508  
	Validation = MSE:0.095868 , RMSE:0.309626 , MAE:0.262681 , MAPD:1.356801, R_squared:0.998275

2024-03-21 05:13:10,417 Epoch 133/300, Train Loss: 0.069647, Val Loss: 0.050370  
	Train = MSE:0.069659 , RMSE:0.263929 , MAE:0.214153 , MAPD:1.098017, R_squared:0.998794  
	Validation = MSE:0.048910 , RMSE:0.221157 , MAE:0.185883 , MAPD:1.012770, R_squared:0.999120

2024-03-21 05:13:12,928 Epoch 134/300, Train Loss: 0.033370, Val Loss: 0.028872  
	Train = MSE:0.033368 , RMSE:0.182670 , MAE:0.139686 , MAPD:0.727723, R_squared:0.999422  
	Validation = MSE:0.032308 , RMSE:0.179745 , MAE:0.124655 , MAPD:0.676719, R_squared:0.999419

2024-03-21 05:13:15,708 Epoch 135/300, Train Loss: 0.052940, Val Loss: 0.025931  
	Train = MSE:0.052949 , RMSE:0.230106 , MAE:0.179307 , MAPD:0.924588, R_squared:0.999083  
	Validation = MSE:0.028791 , RMSE:0.169678 , MAE:0.117214 , MAPD:0.643273, R_squared:0.999482

2024-03-21 05:13:18,931 Epoch 136/300, Train Loss: 0.035020, Val Loss: 0.027035  
	Train = MSE:0.035026 , RMSE:0.187151 , MAE:0.142557 , MAPD:0.739475, R_squared:0.999394  
	Validation = MSE:0.028866 , RMSE:0.169899 , MAE:0.120972 , MAPD:0.667530, R_squared:0.999481

2024-03-21 05:13:22,051 Epoch 137/300, Train Loss: 0.102350, Val Loss: 0.111719  
	Train = MSE:0.102285 , RMSE:0.319821 , MAE:0.240630 , MAPD:1.234029, R_squared:0.998229  
	Validation = MSE:0.103363 , RMSE:0.321501 , MAE:0.278305 , MAPD:1.470324, R_squared:0.998140

2024-03-21 05:13:24,514 Epoch 138/300, Train Loss: 0.123884, Val Loss: 0.108105  
	Train = MSE:0.123914 , RMSE:0.352014 , MAE:0.290275 , MAPD:1.489152, R_squared:0.997855  
	Validation = MSE:0.102736 , RMSE:0.320524 , MAE:0.291271 , MAPD:1.612989, R_squared:0.998151

2024-03-21 05:13:26,759 Epoch 139/300, Train Loss: 0.060508, Val Loss: 0.036516  
	Train = MSE:0.060520 , RMSE:0.246007 , MAE:0.197255 , MAPD:1.023758, R_squared:0.998952  
	Validation = MSE:0.036941 , RMSE:0.192201 , MAE:0.146518 , MAPD:0.768988, R_squared:0.999335

2024-03-21 05:13:29,440 Epoch 140/300, Train Loss: 0.030789, Val Loss: 0.053465  
	Train = MSE:0.030788 , RMSE:0.175464 , MAE:0.132848 , MAPD:0.693442, R_squared:0.999467  
	Validation = MSE:0.051099 , RMSE:0.226051 , MAE:0.188366 , MAPD:0.991269, R_squared:0.999081

2024-03-21 05:13:31,332 Epoch 141/300, Train Loss: 0.040374, Val Loss: 0.048901  
	Train = MSE:0.040379 , RMSE:0.200945 , MAE:0.159386 , MAPD:0.824331, R_squared:0.999301  
	Validation = MSE:0.048146 , RMSE:0.219421 , MAE:0.183932 , MAPD:1.025199, R_squared:0.999134

2024-03-21 05:13:35,775 Epoch 142/300, Train Loss: 0.064623, Val Loss: 0.057577  
	Train = MSE:0.064629 , RMSE:0.254222 , MAE:0.204846 , MAPD:1.052487, R_squared:0.998881  
	Validation = MSE:0.064554 , RMSE:0.254075 , MAE:0.204124 , MAPD:1.061497, R_squared:0.998838

2024-03-21 05:13:37,647 Epoch 143/300, Train Loss: 0.063383, Val Loss: 0.048913  
	Train = MSE:0.063394 , RMSE:0.251782 , MAE:0.202511 , MAPD:1.042982, R_squared:0.998903  
	Validation = MSE:0.054837 , RMSE:0.234174 , MAE:0.185652 , MAPD:1.027291, R_squared:0.999013

2024-03-21 05:13:40,131 Epoch 144/300, Train Loss: 0.063549, Val Loss: 0.050894  
	Train = MSE:0.063552 , RMSE:0.252095 , MAE:0.199207 , MAPD:1.025470, R_squared:0.998900  
	Validation = MSE:0.048227 , RMSE:0.219608 , MAE:0.173105 , MAPD:0.874098, R_squared:0.999132

2024-03-21 05:13:42,973 Epoch 145/300, Train Loss: 0.034265, Val Loss: 0.036033  
	Train = MSE:0.034268 , RMSE:0.185116 , MAE:0.142420 , MAPD:0.731534, R_squared:0.999407  
	Validation = MSE:0.041311 , RMSE:0.203252 , MAE:0.152580 , MAPD:0.864586, R_squared:0.999257

2024-03-21 05:13:45,209 Epoch 146/300, Train Loss: 0.029458, Val Loss: 0.028687  
	Train = MSE:0.029461 , RMSE:0.171643 , MAE:0.130677 , MAPD:0.678281, R_squared:0.999490  
	Validation = MSE:0.030188 , RMSE:0.173748 , MAE:0.133220 , MAPD:0.743582, R_squared:0.999457

2024-03-21 05:13:47,103 Epoch 147/300, Train Loss: 0.041269, Val Loss: 0.025681  
	Train = MSE:0.041269 , RMSE:0.203147 , MAE:0.161618 , MAPD:0.837531, R_squared:0.999286  
	Validation = MSE:0.027163 , RMSE:0.164813 , MAE:0.116337 , MAPD:0.635262, R_squared:0.999511

2024-03-21 05:13:49,005 Epoch 148/300, Train Loss: 0.098235, Val Loss: 0.206698  
	Train = MSE:0.098214 , RMSE:0.313391 , MAE:0.257163 , MAPD:1.310167, R_squared:0.998300  
	Validation = MSE:0.212984 , RMSE:0.461502 , MAE:0.412395 , MAPD:2.076699, R_squared:0.996168

2024-03-21 05:13:51,076 Epoch 149/300, Train Loss: 0.054213, Val Loss: 0.031285  
	Train = MSE:0.054222 , RMSE:0.232856 , MAE:0.180688 , MAPD:0.927403, R_squared:0.999061  
	Validation = MSE:0.033145 , RMSE:0.182059 , MAE:0.134639 , MAPD:0.753135, R_squared:0.999404

2024-03-21 05:13:54,404 Epoch 150/300, Train Loss: 0.025326, Val Loss: 0.031993  
	Train = MSE:0.025325 , RMSE:0.159140 , MAE:0.119784 , MAPD:0.627448, R_squared:0.999562  
	Validation = MSE:0.032207 , RMSE:0.179464 , MAE:0.136874 , MAPD:0.723864, R_squared:0.999420

2024-03-21 05:13:57,226 Epoch 151/300, Train Loss: 0.036575, Val Loss: 0.031855  
	Train = MSE:0.036580 , RMSE:0.191258 , MAE:0.148062 , MAPD:0.760880, R_squared:0.999367  
	Validation = MSE:0.036749 , RMSE:0.191701 , MAE:0.142886 , MAPD:0.798872, R_squared:0.999339

2024-03-21 05:14:03,568 Epoch 152/300, Train Loss: 0.039026, Val Loss: 0.026878  
	Train = MSE:0.039031 , RMSE:0.197562 , MAE:0.154737 , MAPD:0.808676, R_squared:0.999324  
	Validation = MSE:0.029948 , RMSE:0.173056 , MAE:0.123179 , MAPD:0.649149, R_squared:0.999461

2024-03-21 05:14:06,239 Epoch 153/300, Train Loss: 0.040827, Val Loss: 0.024653  
	Train = MSE:0.040834 , RMSE:0.202074 , MAE:0.153320 , MAPD:0.795025, R_squared:0.999293  
	Validation = MSE:0.027565 , RMSE:0.166027 , MAE:0.116229 , MAPD:0.634451, R_squared:0.999504

2024-03-21 05:14:08,005 Epoch 154/300, Train Loss: 0.028349, Val Loss: 0.042331  
	Train = MSE:0.028335 , RMSE:0.168329 , MAE:0.127443 , MAPD:0.663824, R_squared:0.999510  
	Validation = MSE:0.048129 , RMSE:0.219383 , MAE:0.173385 , MAPD:0.959087, R_squared:0.999134

2024-03-21 05:14:09,887 Epoch 155/300, Train Loss: 0.066934, Val Loss: 0.035331  
	Train = MSE:0.066944 , RMSE:0.258735 , MAE:0.206625 , MAPD:1.053979, R_squared:0.998841  
	Validation = MSE:0.037477 , RMSE:0.193590 , MAE:0.153665 , MAPD:0.912096, R_squared:0.999326

2024-03-21 05:14:11,789 Epoch 156/300, Train Loss: 0.068114, Val Loss: 0.109394  
	Train = MSE:0.068086 , RMSE:0.260934 , MAE:0.205587 , MAPD:1.059473, R_squared:0.998821  
	Validation = MSE:0.099835 , RMSE:0.315967 , MAE:0.249537 , MAPD:1.164202, R_squared:0.998204

2024-03-21 05:14:13,713 Epoch 157/300, Train Loss: 0.076540, Val Loss: 0.088223  
	Train = MSE:0.076558 , RMSE:0.276692 , MAE:0.222867 , MAPD:1.146723, R_squared:0.998675  
	Validation = MSE:0.083676 , RMSE:0.289268 , MAE:0.252343 , MAPD:1.365946, R_squared:0.998494

2024-03-21 05:14:15,842 Epoch 158/300, Train Loss: 0.098117, Val Loss: 0.024480  
	Train = MSE:0.098135 , RMSE:0.313265 , MAE:0.258221 , MAPD:1.313565, R_squared:0.998301  
	Validation = MSE:0.026733 , RMSE:0.163503 , MAE:0.116006 , MAPD:0.649444, R_squared:0.999519

2024-03-21 05:14:18,582 Epoch 159/300, Train Loss: 0.054224, Val Loss: 0.037056  
	Train = MSE:0.054232 , RMSE:0.232877 , MAE:0.181101 , MAPD:0.927942, R_squared:0.999061  
	Validation = MSE:0.041920 , RMSE:0.204743 , MAE:0.160401 , MAPD:0.898229, R_squared:0.999246

2024-03-21 05:14:20,950 Epoch 160/300, Train Loss: 0.035429, Val Loss: 0.037319  
	Train = MSE:0.035428 , RMSE:0.188224 , MAE:0.145633 , MAPD:0.753561, R_squared:0.999387  
	Validation = MSE:0.036791 , RMSE:0.191809 , MAE:0.152952 , MAPD:0.801941, R_squared:0.999338

2024-03-21 05:14:22,573 Epoch 161/300, Train Loss: 0.032057, Val Loss: 0.026812  
	Train = MSE:0.032060 , RMSE:0.179052 , MAE:0.138446 , MAPD:0.715558, R_squared:0.999445  
	Validation = MSE:0.030828 , RMSE:0.175578 , MAE:0.125103 , MAPD:0.676414, R_squared:0.999445

2024-03-21 05:14:26,685 Epoch 162/300, Train Loss: 0.024499, Val Loss: 0.071042  
	Train = MSE:0.024487 , RMSE:0.156483 , MAE:0.116712 , MAPD:0.607077, R_squared:0.999576  
	Validation = MSE:0.067620 , RMSE:0.260039 , MAE:0.223979 , MAPD:1.165155, R_squared:0.998783

2024-03-21 05:14:28,635 Epoch 163/300, Train Loss: 0.055189, Val Loss: 0.052413  
	Train = MSE:0.055200 , RMSE:0.234948 , MAE:0.184264 , MAPD:0.953469, R_squared:0.999044  
	Validation = MSE:0.057896 , RMSE:0.240617 , MAE:0.199029 , MAPD:1.133221, R_squared:0.998958

2024-03-21 05:14:30,310 Epoch 164/300, Train Loss: 0.051696, Val Loss: 0.056750  
	Train = MSE:0.051701 , RMSE:0.227378 , MAE:0.182730 , MAPD:0.942175, R_squared:0.999105  
	Validation = MSE:0.055500 , RMSE:0.235585 , MAE:0.199952 , MAPD:1.062872, R_squared:0.999001

2024-03-21 05:14:31,893 Epoch 165/300, Train Loss: 0.047103, Val Loss: 0.083887  
	Train = MSE:0.047110 , RMSE:0.217048 , MAE:0.170966 , MAPD:0.874801, R_squared:0.999185  
	Validation = MSE:0.089380 , RMSE:0.298965 , MAE:0.258802 , MAPD:1.375214, R_squared:0.998392

2024-03-21 05:14:33,783 Epoch 166/300, Train Loss: 0.039738, Val Loss: 0.122928  
	Train = MSE:0.039730 , RMSE:0.199325 , MAE:0.154107 , MAPD:0.793085, R_squared:0.999312  
	Validation = MSE:0.115994 , RMSE:0.340580 , MAE:0.304617 , MAPD:1.587380, R_squared:0.997913

2024-03-21 05:14:35,657 Epoch 167/300, Train Loss: 0.060805, Val Loss: 0.037652  
	Train = MSE:0.060812 , RMSE:0.246601 , MAE:0.196310 , MAPD:0.997956, R_squared:0.998947  
	Validation = MSE:0.036408 , RMSE:0.190810 , MAE:0.156590 , MAPD:0.853957, R_squared:0.999345

2024-03-21 05:14:37,212 Epoch 168/300, Train Loss: 0.023492, Val Loss: 0.033650  
	Train = MSE:0.023493 , RMSE:0.153274 , MAE:0.115177 , MAPD:0.598034, R_squared:0.999593  
	Validation = MSE:0.033292 , RMSE:0.182461 , MAE:0.145699 , MAPD:0.795835, R_squared:0.999401

2024-03-21 05:14:38,760 Epoch 169/300, Train Loss: 0.030840, Val Loss: 0.021738  
	Train = MSE:0.030838 , RMSE:0.175607 , MAE:0.135833 , MAPD:0.702471, R_squared:0.999466  
	Validation = MSE:0.023764 , RMSE:0.154157 , MAE:0.108316 , MAPD:0.597938, R_squared:0.999572

2024-03-21 05:14:40,810 Epoch 170/300, Train Loss: 0.052354, Val Loss: 0.024355  
	Train = MSE:0.052354 , RMSE:0.228811 , MAE:0.182232 , MAPD:0.934360, R_squared:0.999094  
	Validation = MSE:0.024666 , RMSE:0.157053 , MAE:0.111230 , MAPD:0.596926, R_squared:0.999556

2024-03-21 05:14:42,353 Epoch 171/300, Train Loss: 0.048700, Val Loss: 0.024047  
	Train = MSE:0.048709 , RMSE:0.220701 , MAE:0.175215 , MAPD:0.905740, R_squared:0.999157  
	Validation = MSE:0.026586 , RMSE:0.163051 , MAE:0.117563 , MAPD:0.657485, R_squared:0.999522

2024-03-21 05:14:46,536 Epoch 172/300, Train Loss: 0.025749, Val Loss: 0.039407  
	Train = MSE:0.025749 , RMSE:0.160465 , MAE:0.121010 , MAPD:0.626300, R_squared:0.999554  
	Validation = MSE:0.044112 , RMSE:0.210029 , MAE:0.165216 , MAPD:0.884115, R_squared:0.999206

2024-03-21 05:14:49,185 Epoch 173/300, Train Loss: 0.057804, Val Loss: 0.059602  
	Train = MSE:0.057785 , RMSE:0.240384 , MAE:0.194246 , MAPD:0.989588, R_squared:0.999000  
	Validation = MSE:0.065117 , RMSE:0.255180 , MAE:0.216041 , MAPD:1.200445, R_squared:0.998828

2024-03-21 05:14:51,917 Epoch 174/300, Train Loss: 0.044705, Val Loss: 0.240349  
	Train = MSE:0.044667 , RMSE:0.211346 , MAE:0.164264 , MAPD:0.848926, R_squared:0.999227  
	Validation = MSE:0.224377 , RMSE:0.473685 , MAE:0.435398 , MAPD:2.292437, R_squared:0.995963

2024-03-21 05:14:53,665 Epoch 175/300, Train Loss: 0.132394, Val Loss: 0.070849  
	Train = MSE:0.132425 , RMSE:0.363903 , MAE:0.298395 , MAPD:1.522886, R_squared:0.997708  
	Validation = MSE:0.074720 , RMSE:0.273349 , MAE:0.233784 , MAPD:1.328959, R_squared:0.998655

2024-03-21 05:14:55,733 Epoch 176/300, Train Loss: 0.029596, Val Loss: 0.040697  
	Train = MSE:0.029591 , RMSE:0.172019 , MAE:0.130147 , MAPD:0.671314, R_squared:0.999488  
	Validation = MSE:0.044235 , RMSE:0.210322 , MAE:0.163833 , MAPD:0.878369, R_squared:0.999204

2024-03-21 05:14:57,597 Epoch 177/300, Train Loss: 0.032395, Val Loss: 0.020876  
	Train = MSE:0.032397 , RMSE:0.179993 , MAE:0.139535 , MAPD:0.724350, R_squared:0.999439  
	Validation = MSE:0.023016 , RMSE:0.151709 , MAE:0.110795 , MAPD:0.622704, R_squared:0.999586

2024-03-21 05:14:59,170 Epoch 178/300, Train Loss: 0.025772, Val Loss: 0.032863  
	Train = MSE:0.025765 , RMSE:0.160515 , MAE:0.121559 , MAPD:0.640549, R_squared:0.999554  
	Validation = MSE:0.031656 , RMSE:0.177922 , MAE:0.139385 , MAPD:0.739533, R_squared:0.999430

2024-03-21 05:15:00,749 Epoch 179/300, Train Loss: 0.042214, Val Loss: 0.149937  
	Train = MSE:0.042201 , RMSE:0.205428 , MAE:0.162500 , MAPD:0.834606, R_squared:0.999270  
	Validation = MSE:0.139181 , RMSE:0.373070 , MAE:0.328037 , MAPD:1.636972, R_squared:0.997496

2024-03-21 05:15:02,355 Epoch 180/300, Train Loss: 0.102121, Val Loss: 0.050709  
	Train = MSE:0.102147 , RMSE:0.319604 , MAE:0.253823 , MAPD:1.304748, R_squared:0.998232  
	Validation = MSE:0.051357 , RMSE:0.226622 , MAE:0.182866 , MAPD:1.002268, R_squared:0.999076

2024-03-21 05:15:04,297 Epoch 181/300, Train Loss: 0.030769, Val Loss: 0.043858  
	Train = MSE:0.030772 , RMSE:0.175419 , MAE:0.134496 , MAPD:0.697237, R_squared:0.999467  
	Validation = MSE:0.042059 , RMSE:0.205082 , MAE:0.169499 , MAPD:0.898713, R_squared:0.999243

2024-03-21 05:15:10,451 Epoch 182/300, Train Loss: 0.085578, Val Loss: 0.032531  
	Train = MSE:0.085599 , RMSE:0.292574 , MAE:0.235541 , MAPD:1.210956, R_squared:0.998518  
	Validation = MSE:0.035212 , RMSE:0.187648 , MAE:0.139962 , MAPD:0.722452, R_squared:0.999366

2024-03-21 05:15:12,007 Epoch 183/300, Train Loss: 0.023457, Val Loss: 0.024678  
	Train = MSE:0.023458 , RMSE:0.153160 , MAE:0.114973 , MAPD:0.598384, R_squared:0.999594  
	Validation = MSE:0.025085 , RMSE:0.158384 , MAE:0.116391 , MAPD:0.620458, R_squared:0.999549

2024-03-21 05:15:13,574 Epoch 184/300, Train Loss: 0.027576, Val Loss: 0.020607  
	Train = MSE:0.027578 , RMSE:0.166065 , MAE:0.126797 , MAPD:0.654111, R_squared:0.999523  
	Validation = MSE:0.022427 , RMSE:0.149755 , MAE:0.105409 , MAPD:0.570128, R_squared:0.999596

2024-03-21 05:15:15,109 Epoch 185/300, Train Loss: 0.031972, Val Loss: 0.104246  
	Train = MSE:0.031970 , RMSE:0.178803 , MAE:0.139391 , MAPD:0.720895, R_squared:0.999447  
	Validation = MSE:0.098092 , RMSE:0.313197 , MAE:0.273840 , MAPD:1.399692, R_squared:0.998235

2024-03-21 05:15:16,667 Epoch 186/300, Train Loss: 0.037137, Val Loss: 0.027083  
	Train = MSE:0.037144 , RMSE:0.192727 , MAE:0.149383 , MAPD:0.766337, R_squared:0.999357  
	Validation = MSE:0.026686 , RMSE:0.163359 , MAE:0.127344 , MAPD:0.705240, R_squared:0.999520

2024-03-21 05:15:18,711 Epoch 187/300, Train Loss: 0.031361, Val Loss: 0.033425  
	Train = MSE:0.031365 , RMSE:0.177102 , MAE:0.134180 , MAPD:0.691692, R_squared:0.999457  
	Validation = MSE:0.037009 , RMSE:0.192377 , MAE:0.150516 , MAPD:0.885989, R_squared:0.999334

2024-03-21 05:15:21,520 Epoch 188/300, Train Loss: 0.039915, Val Loss: 0.025989  
	Train = MSE:0.039919 , RMSE:0.199796 , MAE:0.155974 , MAPD:0.812777, R_squared:0.999309  
	Validation = MSE:0.026036 , RMSE:0.161356 , MAE:0.118467 , MAPD:0.622597, R_squared:0.999532

2024-03-21 05:15:24,061 Epoch 189/300, Train Loss: 0.024457, Val Loss: 0.029711  
	Train = MSE:0.024455 , RMSE:0.156381 , MAE:0.118546 , MAPD:0.608360, R_squared:0.999577  
	Validation = MSE:0.030205 , RMSE:0.173797 , MAE:0.135679 , MAPD:0.743269, R_squared:0.999456

2024-03-21 05:15:25,612 Epoch 190/300, Train Loss: 0.025874, Val Loss: 0.020717  
	Train = MSE:0.025876 , RMSE:0.160861 , MAE:0.123755 , MAPD:0.633411, R_squared:0.999552  
	Validation = MSE:0.022085 , RMSE:0.148610 , MAE:0.109101 , MAPD:0.610184, R_squared:0.999603

2024-03-21 05:15:27,199 Epoch 191/300, Train Loss: 0.036252, Val Loss: 0.027662  
	Train = MSE:0.036254 , RMSE:0.190404 , MAE:0.149834 , MAPD:0.770194, R_squared:0.999372  
	Validation = MSE:0.027213 , RMSE:0.164965 , MAE:0.123406 , MAPD:0.648796, R_squared:0.999510

2024-03-21 05:15:31,427 Epoch 192/300, Train Loss: 0.056662, Val Loss: 0.238122  
	Train = MSE:0.056656 , RMSE:0.238026 , MAE:0.189607 , MAPD:0.979252, R_squared:0.999019  
	Validation = MSE:0.243596 , RMSE:0.493554 , MAE:0.451785 , MAPD:2.310729, R_squared:0.995617

2024-03-21 05:15:33,743 Epoch 193/300, Train Loss: 0.108375, Val Loss: 0.039618  
	Train = MSE:0.108403 , RMSE:0.329246 , MAE:0.266483 , MAPD:1.363825, R_squared:0.998124  
	Validation = MSE:0.037193 , RMSE:0.192854 , MAE:0.150978 , MAPD:0.784832, R_squared:0.999331

2024-03-21 05:15:36,001 Epoch 194/300, Train Loss: 0.026892, Val Loss: 0.083458  
	Train = MSE:0.026893 , RMSE:0.163990 , MAE:0.125565 , MAPD:0.645568, R_squared:0.999534  
	Validation = MSE:0.080706 , RMSE:0.284087 , MAE:0.250056 , MAPD:1.293920, R_squared:0.998548

2024-03-21 05:15:38,992 Epoch 195/300, Train Loss: 0.062634, Val Loss: 0.164131  
	Train = MSE:0.062609 , RMSE:0.250218 , MAE:0.205024 , MAPD:1.048899, R_squared:0.998916  
	Validation = MSE:0.156480 , RMSE:0.395576 , MAE:0.357410 , MAPD:1.825787, R_squared:0.997184

2024-03-21 05:15:41,382 Epoch 196/300, Train Loss: 0.128728, Val Loss: 0.202027  
	Train = MSE:0.128732 , RMSE:0.358793 , MAE:0.298302 , MAPD:1.521750, R_squared:0.997772  
	Validation = MSE:0.208523 , RMSE:0.456643 , MAE:0.413377 , MAPD:2.139416, R_squared:0.996248

2024-03-21 05:15:43,179 Epoch 197/300, Train Loss: 0.068605, Val Loss: 0.023365  
	Train = MSE:0.068620 , RMSE:0.261954 , MAE:0.211164 , MAPD:1.078969, R_squared:0.998812  
	Validation = MSE:0.024080 , RMSE:0.155178 , MAE:0.111221 , MAPD:0.619891, R_squared:0.999567

2024-03-21 05:15:44,807 Epoch 198/300, Train Loss: 0.019928, Val Loss: 0.026159  
	Train = MSE:0.019929 , RMSE:0.141171 , MAE:0.106958 , MAPD:0.559048, R_squared:0.999655  
	Validation = MSE:0.025768 , RMSE:0.160524 , MAE:0.120017 , MAPD:0.632504, R_squared:0.999536

2024-03-21 05:15:46,497 Epoch 199/300, Train Loss: 0.019979, Val Loss: 0.019530  
	Train = MSE:0.019980 , RMSE:0.141351 , MAE:0.105760 , MAPD:0.547976, R_squared:0.999654  
	Validation = MSE:0.021041 , RMSE:0.145054 , MAE:0.100836 , MAPD:0.556821, R_squared:0.999621

2024-03-21 05:15:48,075 Epoch 200/300, Train Loss: 0.022930, Val Loss: 0.035895  
	Train = MSE:0.022933 , RMSE:0.151437 , MAE:0.113472 , MAPD:0.595860, R_squared:0.999603  
	Validation = MSE:0.034306 , RMSE:0.185219 , MAE:0.146168 , MAPD:0.761428, R_squared:0.999383

2024-03-21 05:15:49,959 Epoch 201/300, Train Loss: 0.070508, Val Loss: 0.023983  
	Train = MSE:0.070512 , RMSE:0.265541 , MAE:0.214357 , MAPD:1.082105, R_squared:0.998779  
	Validation = MSE:0.025012 , RMSE:0.158152 , MAE:0.118469 , MAPD:0.661261, R_squared:0.999550

2024-03-21 05:15:57,009 Epoch 202/300, Train Loss: 0.029769, Val Loss: 0.040025  
	Train = MSE:0.029769 , RMSE:0.172538 , MAE:0.136064 , MAPD:0.706561, R_squared:0.999485  
	Validation = MSE:0.038753 , RMSE:0.196857 , MAE:0.159991 , MAPD:0.838995, R_squared:0.999303

2024-03-21 05:15:59,076 Epoch 203/300, Train Loss: 0.024256, Val Loss: 0.021382  
	Train = MSE:0.024259 , RMSE:0.155754 , MAE:0.119104 , MAPD:0.612560, R_squared:0.999580  
	Validation = MSE:0.021866 , RMSE:0.147871 , MAE:0.107663 , MAPD:0.577788, R_squared:0.999607

2024-03-21 05:16:00,821 Epoch 204/300, Train Loss: 0.063850, Val Loss: 0.030766  
	Train = MSE:0.063863 , RMSE:0.252712 , MAE:0.198662 , MAPD:1.023945, R_squared:0.998895  
	Validation = MSE:0.033291 , RMSE:0.182457 , MAE:0.133438 , MAPD:0.705018, R_squared:0.999401

2024-03-21 05:16:02,344 Epoch 205/300, Train Loss: 0.027041, Val Loss: 0.039182  
	Train = MSE:0.027039 , RMSE:0.164434 , MAE:0.129759 , MAPD:0.683729, R_squared:0.999532  
	Validation = MSE:0.036608 , RMSE:0.191331 , MAE:0.148903 , MAPD:0.762741, R_squared:0.999341

2024-03-21 05:16:03,895 Epoch 206/300, Train Loss: 0.047128, Val Loss: 0.116591  
	Train = MSE:0.047098 , RMSE:0.217021 , MAE:0.169114 , MAPD:0.865320, R_squared:0.999185  
	Validation = MSE:0.119195 , RMSE:0.345246 , MAE:0.300589 , MAPD:1.533267, R_squared:0.997855

2024-03-21 05:16:05,436 Epoch 207/300, Train Loss: 0.049016, Val Loss: 0.040836  
	Train = MSE:0.049027 , RMSE:0.221420 , MAE:0.175723 , MAPD:0.907125, R_squared:0.999151  
	Validation = MSE:0.039119 , RMSE:0.197785 , MAE:0.158568 , MAPD:0.816375, R_squared:0.999296

2024-03-21 05:16:06,996 Epoch 208/300, Train Loss: 0.064229, Val Loss: 0.024818  
	Train = MSE:0.064228 , RMSE:0.253433 , MAE:0.206110 , MAPD:1.051592, R_squared:0.998888  
	Validation = MSE:0.024069 , RMSE:0.155141 , MAE:0.114288 , MAPD:0.613182, R_squared:0.999567

2024-03-21 05:16:08,757 Epoch 209/300, Train Loss: 0.025764, Val Loss: 0.021969  
	Train = MSE:0.025761 , RMSE:0.160502 , MAE:0.122645 , MAPD:0.635681, R_squared:0.999554  
	Validation = MSE:0.024403 , RMSE:0.156215 , MAE:0.113413 , MAPD:0.633592, R_squared:0.999561

2024-03-21 05:16:10,753 Epoch 210/300, Train Loss: 0.044421, Val Loss: 0.061897  
	Train = MSE:0.044418 , RMSE:0.210756 , MAE:0.163566 , MAPD:0.843294, R_squared:0.999231  
	Validation = MSE:0.059967 , RMSE:0.244882 , MAE:0.211836 , MAPD:1.138420, R_squared:0.998921

2024-03-21 05:16:12,281 Epoch 211/300, Train Loss: 0.099665, Val Loss: 0.060940  
	Train = MSE:0.099690 , RMSE:0.315737 , MAE:0.260317 , MAPD:1.331320, R_squared:0.998274  
	Validation = MSE:0.067555 , RMSE:0.259914 , MAE:0.214791 , MAPD:1.131233, R_squared:0.998784

2024-03-21 05:16:16,847 Epoch 212/300, Train Loss: 0.052966, Val Loss: 0.033042  
	Train = MSE:0.052955 , RMSE:0.230120 , MAE:0.181987 , MAPD:0.931730, R_squared:0.999083  
	Validation = MSE:0.031828 , RMSE:0.178405 , MAE:0.139463 , MAPD:0.738511, R_squared:0.999427

2024-03-21 05:16:18,461 Epoch 213/300, Train Loss: 0.103219, Val Loss: 0.184169  
	Train = MSE:0.103244 , RMSE:0.321316 , MAE:0.266659 , MAPD:1.364664, R_squared:0.998213  
	Validation = MSE:0.174627 , RMSE:0.417884 , MAE:0.388222 , MAPD:2.111561, R_squared:0.996858

2024-03-21 05:16:20,633 Epoch 214/300, Train Loss: 0.077843, Val Loss: 0.021094  
	Train = MSE:0.077861 , RMSE:0.279037 , MAE:0.216339 , MAPD:1.129354, R_squared:0.998652  
	Validation = MSE:0.022291 , RMSE:0.149300 , MAE:0.107195 , MAPD:0.586907, R_squared:0.999599

2024-03-21 05:16:22,198 Epoch 215/300, Train Loss: 0.036582, Val Loss: 0.027900  
	Train = MSE:0.036577 , RMSE:0.191250 , MAE:0.148519 , MAPD:0.759702, R_squared:0.999367  
	Validation = MSE:0.031197 , RMSE:0.176627 , MAE:0.133400 , MAPD:0.715386, R_squared:0.999439

2024-03-21 05:16:24,029 Epoch 216/300, Train Loss: 0.034880, Val Loss: 0.019442  
	Train = MSE:0.034881 , RMSE:0.186764 , MAE:0.147859 , MAPD:0.757400, R_squared:0.999396  
	Validation = MSE:0.021297 , RMSE:0.145936 , MAE:0.105707 , MAPD:0.595613, R_squared:0.999617

2024-03-21 05:16:26,310 Epoch 217/300, Train Loss: 0.026904, Val Loss: 0.020344  
	Train = MSE:0.026905 , RMSE:0.164027 , MAE:0.126705 , MAPD:0.656226, R_squared:0.999534  
	Validation = MSE:0.020962 , RMSE:0.144784 , MAE:0.104777 , MAPD:0.576879, R_squared:0.999623

2024-03-21 05:16:28,164 Epoch 218/300, Train Loss: 0.024711, Val Loss: 0.019153  
	Train = MSE:0.024715 , RMSE:0.157210 , MAE:0.121611 , MAPD:0.628051, R_squared:0.999572  
	Validation = MSE:0.019895 , RMSE:0.141049 , MAE:0.101127 , MAPD:0.563714, R_squared:0.999642

2024-03-21 05:16:29,694 Epoch 219/300, Train Loss: 0.022181, Val Loss: 0.055328  
	Train = MSE:0.022182 , RMSE:0.148937 , MAE:0.112098 , MAPD:0.580887, R_squared:0.999616  
	Validation = MSE:0.055973 , RMSE:0.236586 , MAE:0.194126 , MAPD:1.024707, R_squared:0.998993

2024-03-21 05:16:31,212 Epoch 220/300, Train Loss: 0.033804, Val Loss: 0.048018  
	Train = MSE:0.033805 , RMSE:0.183863 , MAE:0.144387 , MAPD:0.736546, R_squared:0.999415  
	Validation = MSE:0.046561 , RMSE:0.215781 , MAE:0.186012 , MAPD:1.019863, R_squared:0.999162

2024-03-21 05:16:33,280 Epoch 221/300, Train Loss: 0.027251, Val Loss: 0.017075  
	Train = MSE:0.027247 , RMSE:0.165066 , MAE:0.127649 , MAPD:0.660398, R_squared:0.999528  
	Validation = MSE:0.019180 , RMSE:0.138490 , MAE:0.098141 , MAPD:0.543891, R_squared:0.999655

2024-03-21 05:16:38,146 Epoch 222/300, Train Loss: 0.036396, Val Loss: 0.035190  
	Train = MSE:0.036402 , RMSE:0.190792 , MAE:0.151647 , MAPD:0.780302, R_squared:0.999370  
	Validation = MSE:0.032590 , RMSE:0.180526 , MAE:0.139404 , MAPD:0.714544, R_squared:0.999414

2024-03-21 05:16:39,749 Epoch 223/300, Train Loss: 0.042898, Val Loss: 0.047658  
	Train = MSE:0.042879 , RMSE:0.207071 , MAE:0.164322 , MAPD:0.842650, R_squared:0.999258  
	Validation = MSE:0.052080 , RMSE:0.228211 , MAE:0.186526 , MAPD:0.950866, R_squared:0.999063

2024-03-21 05:16:41,303 Epoch 224/300, Train Loss: 0.025134, Val Loss: 0.017389  
	Train = MSE:0.025129 , RMSE:0.158523 , MAE:0.119933 , MAPD:0.618590, R_squared:0.999565  
	Validation = MSE:0.018811 , RMSE:0.137154 , MAE:0.097221 , MAPD:0.534678, R_squared:0.999662

2024-03-21 05:16:43,436 Epoch 225/300, Train Loss: 0.048847, Val Loss: 0.019287  
	Train = MSE:0.048854 , RMSE:0.221030 , MAE:0.177646 , MAPD:0.910219, R_squared:0.999154  
	Validation = MSE:0.020785 , RMSE:0.144170 , MAE:0.101982 , MAPD:0.559102, R_squared:0.999626

2024-03-21 05:16:45,404 Epoch 226/300, Train Loss: 0.017369, Val Loss: 0.018861  
	Train = MSE:0.017366 , RMSE:0.131781 , MAE:0.099521 , MAPD:0.515734, R_squared:0.999699  
	Validation = MSE:0.019621 , RMSE:0.140075 , MAE:0.100789 , MAPD:0.547283, R_squared:0.999647

2024-03-21 05:16:47,476 Epoch 227/300, Train Loss: 0.045933, Val Loss: 0.197291  
	Train = MSE:0.045869 , RMSE:0.214171 , MAE:0.164423 , MAPD:0.839149, R_squared:0.999206  
	Validation = MSE:0.187997 , RMSE:0.433586 , MAE:0.402304 , MAPD:2.112639, R_squared:0.996617

2024-03-21 05:16:49,027 Epoch 228/300, Train Loss: 0.115578, Val Loss: 0.045312  
	Train = MSE:0.115598 , RMSE:0.339998 , MAE:0.276443 , MAPD:1.408441, R_squared:0.997999  
	Validation = MSE:0.047540 , RMSE:0.218036 , MAE:0.182557 , MAPD:1.075839, R_squared:0.999145

2024-03-21 05:16:50,560 Epoch 229/300, Train Loss: 0.034697, Val Loss: 0.022292  
	Train = MSE:0.034703 , RMSE:0.186288 , MAE:0.147106 , MAPD:0.754787, R_squared:0.999399  
	Validation = MSE:0.023756 , RMSE:0.154130 , MAE:0.111665 , MAPD:0.626768, R_squared:0.999573

2024-03-21 05:16:52,076 Epoch 230/300, Train Loss: 0.024552, Val Loss: 0.018888  
	Train = MSE:0.024555 , RMSE:0.156699 , MAE:0.118394 , MAPD:0.613724, R_squared:0.999575  
	Validation = MSE:0.020672 , RMSE:0.143777 , MAE:0.101638 , MAPD:0.556683, R_squared:0.999628

2024-03-21 05:16:53,584 Epoch 231/300, Train Loss: 0.023077, Val Loss: 0.025346  
	Train = MSE:0.023079 , RMSE:0.151917 , MAE:0.115086 , MAPD:0.590721, R_squared:0.999601  
	Validation = MSE:0.026088 , RMSE:0.161519 , MAE:0.126092 , MAPD:0.693960, R_squared:0.999531

2024-03-21 05:17:00,166 Epoch 232/300, Train Loss: 0.033620, Val Loss: 0.269871  
	Train = MSE:0.033608 , RMSE:0.183325 , MAE:0.143694 , MAPD:0.743705, R_squared:0.999418  
	Validation = MSE:0.271331 , RMSE:0.520895 , MAE:0.484435 , MAPD:2.476399, R_squared:0.995118

2024-03-21 05:17:02,013 Epoch 233/300, Train Loss: 0.056608, Val Loss: 0.021604  
	Train = MSE:0.056616 , RMSE:0.237941 , MAE:0.181404 , MAPD:0.930775, R_squared:0.999020  
	Validation = MSE:0.022443 , RMSE:0.149810 , MAE:0.112335 , MAPD:0.640912, R_squared:0.999596

2024-03-21 05:17:04,409 Epoch 234/300, Train Loss: 0.019535, Val Loss: 0.036063  
	Train = MSE:0.019534 , RMSE:0.139763 , MAE:0.106032 , MAPD:0.555093, R_squared:0.999662  
	Validation = MSE:0.040347 , RMSE:0.200864 , MAE:0.160465 , MAPD:0.875285, R_squared:0.999274

2024-03-21 05:17:06,108 Epoch 235/300, Train Loss: 0.029459, Val Loss: 0.018346  
	Train = MSE:0.029455 , RMSE:0.171625 , MAE:0.133683 , MAPD:0.692591, R_squared:0.999490  
	Validation = MSE:0.019526 , RMSE:0.139735 , MAE:0.098801 , MAPD:0.554555, R_squared:0.999649

2024-03-21 05:17:08,518 Epoch 236/300, Train Loss: 0.045139, Val Loss: 0.030214  
	Train = MSE:0.045147 , RMSE:0.212478 , MAE:0.167188 , MAPD:0.865890, R_squared:0.999219  
	Validation = MSE:0.031406 , RMSE:0.177218 , MAE:0.146377 , MAPD:0.869687, R_squared:0.999435

2024-03-21 05:17:10,408 Epoch 237/300, Train Loss: 0.062994, Val Loss: 0.082689  
	Train = MSE:0.062984 , RMSE:0.250967 , MAE:0.206830 , MAPD:1.056508, R_squared:0.998910  
	Validation = MSE:0.079776 , RMSE:0.282446 , MAE:0.254222 , MAPD:1.354379, R_squared:0.998565

2024-03-21 05:17:12,058 Epoch 238/300, Train Loss: 0.052462, Val Loss: 0.060698  
	Train = MSE:0.052474 , RMSE:0.229072 , MAE:0.180853 , MAPD:0.928130, R_squared:0.999092  
	Validation = MSE:0.063427 , RMSE:0.251847 , MAE:0.217500 , MAPD:1.170350, R_squared:0.998859

2024-03-21 05:17:13,888 Epoch 239/300, Train Loss: 0.047984, Val Loss: 0.022854  
	Train = MSE:0.047994 , RMSE:0.219076 , MAE:0.173505 , MAPD:0.892961, R_squared:0.999169  
	Validation = MSE:0.023084 , RMSE:0.151934 , MAE:0.111637 , MAPD:0.588424, R_squared:0.999585

2024-03-21 05:17:16,374 Epoch 240/300, Train Loss: 0.019745, Val Loss: 0.037375  
	Train = MSE:0.019743 , RMSE:0.140510 , MAE:0.106066 , MAPD:0.551411, R_squared:0.999658  
	Validation = MSE:0.039189 , RMSE:0.197962 , MAE:0.157833 , MAPD:0.843801, R_squared:0.999295

2024-03-21 05:17:18,402 Epoch 241/300, Train Loss: 0.032760, Val Loss: 0.101939  
	Train = MSE:0.032733 , RMSE:0.180923 , MAE:0.139680 , MAPD:0.713457, R_squared:0.999433  
	Validation = MSE:0.101861 , RMSE:0.319157 , MAE:0.279962 , MAPD:1.427608, R_squared:0.998167

2024-03-21 05:17:22,610 Epoch 242/300, Train Loss: 0.069162, Val Loss: 0.095907  
	Train = MSE:0.069167 , RMSE:0.262996 , MAE:0.213566 , MAPD:1.082346, R_squared:0.998803  
	Validation = MSE:0.094689 , RMSE:0.307716 , MAE:0.273897 , MAPD:1.436348, R_squared:0.998296

2024-03-21 05:17:24,139 Epoch 243/300, Train Loss: 0.025724, Val Loss: 0.038738  
	Train = MSE:0.025721 , RMSE:0.160378 , MAE:0.122490 , MAPD:0.633407, R_squared:0.999555  
	Validation = MSE:0.040910 , RMSE:0.202262 , MAE:0.165128 , MAPD:0.900354, R_squared:0.999264

2024-03-21 05:17:25,670 Epoch 244/300, Train Loss: 0.038766, Val Loss: 0.027991  
	Train = MSE:0.038770 , RMSE:0.196902 , MAE:0.153434 , MAPD:0.787055, R_squared:0.999329  
	Validation = MSE:0.028243 , RMSE:0.168057 , MAE:0.132469 , MAPD:0.715249, R_squared:0.999492

2024-03-21 05:17:27,219 Epoch 245/300, Train Loss: 0.024991, Val Loss: 0.015964  
	Train = MSE:0.024994 , RMSE:0.158096 , MAE:0.123159 , MAPD:0.640581, R_squared:0.999567  
	Validation = MSE:0.017863 , RMSE:0.133653 , MAE:0.092463 , MAPD:0.507197, R_squared:0.999679

2024-03-21 05:17:28,741 Epoch 246/300, Train Loss: 0.018420, Val Loss: 0.039074  
	Train = MSE:0.018417 , RMSE:0.135709 , MAE:0.102253 , MAPD:0.532367, R_squared:0.999681  
	Validation = MSE:0.038056 , RMSE:0.195080 , MAE:0.154432 , MAPD:0.772134, R_squared:0.999315

2024-03-21 05:17:30,419 Epoch 247/300, Train Loss: 0.034792, Val Loss: 0.050126  
	Train = MSE:0.034788 , RMSE:0.186515 , MAE:0.148845 , MAPD:0.767076, R_squared:0.999398  
	Validation = MSE:0.049763 , RMSE:0.223077 , MAE:0.194868 , MAPD:1.101462, R_squared:0.999105

2024-03-21 05:17:32,508 Epoch 248/300, Train Loss: 0.026381, Val Loss: 0.027480  
	Train = MSE:0.026382 , RMSE:0.162426 , MAE:0.124991 , MAPD:0.644202, R_squared:0.999543  
	Validation = MSE:0.028570 , RMSE:0.169028 , MAE:0.128051 , MAPD:0.728093, R_squared:0.999486

2024-03-21 05:17:34,017 Epoch 249/300, Train Loss: 0.018389, Val Loss: 0.017830  
	Train = MSE:0.018391 , RMSE:0.135612 , MAE:0.103209 , MAPD:0.542029, R_squared:0.999682  
	Validation = MSE:0.019058 , RMSE:0.138050 , MAE:0.098972 , MAPD:0.550094, R_squared:0.999657

2024-03-21 05:17:35,508 Epoch 250/300, Train Loss: 0.015915, Val Loss: 0.015377  
	Train = MSE:0.015914 , RMSE:0.126149 , MAE:0.095329 , MAPD:0.496454, R_squared:0.999725  
	Validation = MSE:0.017347 , RMSE:0.131709 , MAE:0.091208 , MAPD:0.508617, R_squared:0.999688

2024-03-21 05:17:37,001 Epoch 251/300, Train Loss: 0.040779, Val Loss: 0.074436  
	Train = MSE:0.040776 , RMSE:0.201932 , MAE:0.156486 , MAPD:0.794403, R_squared:0.999294  
	Validation = MSE:0.077084 , RMSE:0.277640 , MAE:0.247594 , MAPD:1.348136, R_squared:0.998613

2024-03-21 05:17:41,815 Epoch 252/300, Train Loss: 0.037542, Val Loss: 0.022277  
	Train = MSE:0.037541 , RMSE:0.193755 , MAE:0.156061 , MAPD:0.804718, R_squared:0.999350  
	Validation = MSE:0.023320 , RMSE:0.152709 , MAE:0.116862 , MAPD:0.640716, R_squared:0.999580

2024-03-21 05:17:43,930 Epoch 253/300, Train Loss: 0.074587, Val Loss: 0.060613  
	Train = MSE:0.074599 , RMSE:0.273129 , MAE:0.222277 , MAPD:1.133300, R_squared:0.998709  
	Validation = MSE:0.055979 , RMSE:0.236598 , MAE:0.182067 , MAPD:0.862681, R_squared:0.998993

2024-03-21 05:17:45,938 Epoch 254/300, Train Loss: 0.142099, Val Loss: 0.130169  
	Train = MSE:0.142086 , RMSE:0.376942 , MAE:0.314342 , MAPD:1.585690, R_squared:0.997540  
	Validation = MSE:0.121890 , RMSE:0.349127 , MAE:0.321416 , MAPD:1.721705, R_squared:0.997807

2024-03-21 05:17:49,186 Epoch 255/300, Train Loss: 0.111404, Val Loss: 0.071075  
	Train = MSE:0.111409 , RMSE:0.333779 , MAE:0.278766 , MAPD:1.431814, R_squared:0.998071  
	Validation = MSE:0.069451 , RMSE:0.263536 , MAE:0.225025 , MAPD:1.147168, R_squared:0.998750

2024-03-21 05:17:52,623 Epoch 256/300, Train Loss: 0.064983, Val Loss: 0.033860  
	Train = MSE:0.064968 , RMSE:0.254888 , MAE:0.210954 , MAPD:1.088978, R_squared:0.998875  
	Validation = MSE:0.033017 , RMSE:0.181707 , MAE:0.133165 , MAPD:0.678179, R_squared:0.999406

2024-03-21 05:17:54,801 Epoch 257/300, Train Loss: 0.026856, Val Loss: 0.034334  
	Train = MSE:0.026859 , RMSE:0.163886 , MAE:0.127911 , MAPD:0.659323, R_squared:0.999535  
	Validation = MSE:0.034841 , RMSE:0.186658 , MAE:0.144122 , MAPD:0.731736, R_squared:0.999373

2024-03-21 05:17:56,203 Epoch 258/300, Train Loss: 0.019775, Val Loss: 0.026550  
	Train = MSE:0.019776 , RMSE:0.140627 , MAE:0.107196 , MAPD:0.554979, R_squared:0.999658  
	Validation = MSE:0.027739 , RMSE:0.166549 , MAE:0.126632 , MAPD:0.716379, R_squared:0.999501

2024-03-21 05:17:57,706 Epoch 259/300, Train Loss: 0.020552, Val Loss: 0.018653  
	Train = MSE:0.020554 , RMSE:0.143368 , MAE:0.109496 , MAPD:0.569706, R_squared:0.999644  
	Validation = MSE:0.019505 , RMSE:0.139661 , MAE:0.102285 , MAPD:0.549910, R_squared:0.999649

2024-03-21 05:17:59,331 Epoch 260/300, Train Loss: 0.028030, Val Loss: 0.019273  
	Train = MSE:0.028030 , RMSE:0.167422 , MAE:0.130065 , MAPD:0.665723, R_squared:0.999515  
	Validation = MSE:0.020733 , RMSE:0.143989 , MAE:0.104228 , MAPD:0.570973, R_squared:0.999627

2024-03-21 05:18:01,549 Epoch 261/300, Train Loss: 0.022276, Val Loss: 0.015723  
	Train = MSE:0.022273 , RMSE:0.149242 , MAE:0.114842 , MAPD:0.591153, R_squared:0.999614  
	Validation = MSE:0.017325 , RMSE:0.131623 , MAE:0.090859 , MAPD:0.494709, R_squared:0.999688

2024-03-21 05:18:05,655 Epoch 262/300, Train Loss: 0.044493, Val Loss: 0.020727  
	Train = MSE:0.044500 , RMSE:0.210951 , MAE:0.163897 , MAPD:0.836497, R_squared:0.999230  
	Validation = MSE:0.021575 , RMSE:0.146884 , MAE:0.101661 , MAPD:0.548978, R_squared:0.999612

2024-03-21 05:18:07,107 Epoch 263/300, Train Loss: 0.034527, Val Loss: 0.060978  
	Train = MSE:0.034529 , RMSE:0.185820 , MAE:0.147166 , MAPD:0.747560, R_squared:0.999402  
	Validation = MSE:0.058807 , RMSE:0.242501 , MAE:0.208605 , MAPD:1.118193, R_squared:0.998942

2024-03-21 05:18:08,626 Epoch 264/300, Train Loss: 0.017886, Val Loss: 0.026190  
	Train = MSE:0.017889 , RMSE:0.133749 , MAE:0.100904 , MAPD:0.525726, R_squared:0.999690  
	Validation = MSE:0.028070 , RMSE:0.167540 , MAE:0.129220 , MAPD:0.695302, R_squared:0.999495

2024-03-21 05:18:10,087 Epoch 265/300, Train Loss: 0.073027, Val Loss: 0.035707  
	Train = MSE:0.073004 , RMSE:0.270193 , MAE:0.225647 , MAPD:1.142821, R_squared:0.998736  
	Validation = MSE:0.039117 , RMSE:0.197780 , MAE:0.163396 , MAPD:0.888552, R_squared:0.999296

2024-03-21 05:18:11,774 Epoch 266/300, Train Loss: 0.044137, Val Loss: 0.023756  
	Train = MSE:0.044146 , RMSE:0.210110 , MAE:0.165993 , MAPD:0.854201, R_squared:0.999236  
	Validation = MSE:0.024833 , RMSE:0.157583 , MAE:0.122653 , MAPD:0.647156, R_squared:0.999553

2024-03-21 05:18:13,736 Epoch 267/300, Train Loss: 0.032569, Val Loss: 0.027108  
	Train = MSE:0.032575 , RMSE:0.180484 , MAE:0.141841 , MAPD:0.727919, R_squared:0.999436  
	Validation = MSE:0.027209 , RMSE:0.164953 , MAE:0.125634 , MAPD:0.635773, R_squared:0.999510

2024-03-21 05:18:15,269 Epoch 268/300, Train Loss: 0.019716, Val Loss: 0.032936  
	Train = MSE:0.019714 , RMSE:0.140405 , MAE:0.106145 , MAPD:0.551453, R_squared:0.999659  
	Validation = MSE:0.034993 , RMSE:0.187065 , MAE:0.149915 , MAPD:0.794224, R_squared:0.999370

2024-03-21 05:18:17,256 Epoch 269/300, Train Loss: 0.032778, Val Loss: 0.034384  
	Train = MSE:0.032771 , RMSE:0.181027 , MAE:0.145685 , MAPD:0.747801, R_squared:0.999433  
	Validation = MSE:0.036128 , RMSE:0.190073 , MAE:0.153855 , MAPD:0.827472, R_squared:0.999350

2024-03-21 05:18:18,693 Epoch 270/300, Train Loss: 0.027058, Val Loss: 0.018010  
	Train = MSE:0.027062 , RMSE:0.164506 , MAE:0.128442 , MAPD:0.662284, R_squared:0.999532  
	Validation = MSE:0.019489 , RMSE:0.139604 , MAE:0.097949 , MAPD:0.544854, R_squared:0.999649

2024-03-21 05:18:20,117 Epoch 271/300, Train Loss: 0.035593, Val Loss: 0.019492  
	Train = MSE:0.035596 , RMSE:0.188670 , MAE:0.152773 , MAPD:0.786723, R_squared:0.999384  
	Validation = MSE:0.021386 , RMSE:0.146239 , MAE:0.104526 , MAPD:0.579756, R_squared:0.999615

2024-03-21 05:18:26,574 Epoch 272/300, Train Loss: 0.025809, Val Loss: 0.022826  
	Train = MSE:0.025812 , RMSE:0.160662 , MAE:0.124927 , MAPD:0.641987, R_squared:0.999553  
	Validation = MSE:0.023451 , RMSE:0.153136 , MAE:0.110884 , MAPD:0.609926, R_squared:0.999578

2024-03-21 05:18:28,035 Epoch 273/300, Train Loss: 0.020843, Val Loss: 0.028922  
	Train = MSE:0.020834 , RMSE:0.144338 , MAE:0.110973 , MAPD:0.575372, R_squared:0.999639  
	Validation = MSE:0.028721 , RMSE:0.169473 , MAE:0.134784 , MAPD:0.695493, R_squared:0.999483

2024-03-21 05:18:29,466 Epoch 274/300, Train Loss: 0.031919, Val Loss: 0.026020  
	Train = MSE:0.031913 , RMSE:0.178642 , MAE:0.139142 , MAPD:0.713555, R_squared:0.999448  
	Validation = MSE:0.028158 , RMSE:0.167805 , MAE:0.127614 , MAPD:0.669004, R_squared:0.999493

2024-03-21 05:18:30,916 Epoch 275/300, Train Loss: 0.046193, Val Loss: 0.109311  
	Train = MSE:0.046171 , RMSE:0.214875 , MAE:0.169348 , MAPD:0.871265, R_squared:0.999201  
	Validation = MSE:0.110441 , RMSE:0.332327 , MAE:0.289218 , MAPD:1.431032, R_squared:0.998013

2024-03-21 05:18:32,356 Epoch 276/300, Train Loss: 0.062686, Val Loss: 0.049231  
	Train = MSE:0.062700 , RMSE:0.250399 , MAE:0.204280 , MAPD:1.039513, R_squared:0.998915  
	Validation = MSE:0.048342 , RMSE:0.219868 , MAE:0.187092 , MAPD:1.024767, R_squared:0.999130

2024-03-21 05:18:34,379 Epoch 277/300, Train Loss: 0.023780, Val Loss: 0.022839  
	Train = MSE:0.023782 , RMSE:0.154214 , MAE:0.115820 , MAPD:0.594530, R_squared:0.999588  
	Validation = MSE:0.024421 , RMSE:0.156271 , MAE:0.115644 , MAPD:0.640985, R_squared:0.999561

2024-03-21 05:18:35,851 Epoch 278/300, Train Loss: 0.033451, Val Loss: 0.021243  
	Train = MSE:0.033458 , RMSE:0.182914 , MAE:0.144192 , MAPD:0.742119, R_squared:0.999421  
	Validation = MSE:0.022416 , RMSE:0.149718 , MAE:0.109074 , MAPD:0.596205, R_squared:0.999597

2024-03-21 05:18:37,296 Epoch 279/300, Train Loss: 0.015963, Val Loss: 0.014769  
	Train = MSE:0.015965 , RMSE:0.126351 , MAE:0.095179 , MAPD:0.494267, R_squared:0.999724  
	Validation = MSE:0.016144 , RMSE:0.127060 , MAE:0.086105 , MAPD:0.466133, R_squared:0.999709

2024-03-21 05:18:39,404 Epoch 280/300, Train Loss: 0.017508, Val Loss: 0.018683  
	Train = MSE:0.017508 , RMSE:0.132317 , MAE:0.099925 , MAPD:0.518836, R_squared:0.999697  
	Validation = MSE:0.020214 , RMSE:0.142178 , MAE:0.102391 , MAPD:0.543268, R_squared:0.999636

2024-03-21 05:18:41,403 Epoch 281/300, Train Loss: 0.029594, Val Loss: 0.041836  
	Train = MSE:0.029594 , RMSE:0.172030 , MAE:0.135966 , MAPD:0.701856, R_squared:0.999488  
	Validation = MSE:0.042861 , RMSE:0.207029 , MAE:0.171614 , MAPD:0.904420, R_squared:0.999229

2024-03-21 05:18:45,856 Epoch 282/300, Train Loss: 0.042385, Val Loss: 0.048448  
	Train = MSE:0.042392 , RMSE:0.205893 , MAE:0.161997 , MAPD:0.832735, R_squared:0.999266  
	Validation = MSE:0.046753 , RMSE:0.216224 , MAE:0.182357 , MAPD:1.042637, R_squared:0.999159

2024-03-21 05:18:47,319 Epoch 283/300, Train Loss: 0.042941, Val Loss: 0.075015  
	Train = MSE:0.042938 , RMSE:0.207214 , MAE:0.161893 , MAPD:0.821569, R_squared:0.999257  
	Validation = MSE:0.076362 , RMSE:0.276337 , MAE:0.241779 , MAPD:1.246416, R_squared:0.998626

2024-03-21 05:18:48,861 Epoch 284/300, Train Loss: 0.032022, Val Loss: 0.048356  
	Train = MSE:0.032025 , RMSE:0.178955 , MAE:0.140608 , MAPD:0.723422, R_squared:0.999446  
	Validation = MSE:0.049831 , RMSE:0.223228 , MAE:0.189770 , MAPD:1.008337, R_squared:0.999103

2024-03-21 05:18:50,959 Epoch 285/300, Train Loss: 0.027615, Val Loss: 0.016619  
	Train = MSE:0.027616 , RMSE:0.166180 , MAE:0.131219 , MAPD:0.672611, R_squared:0.999522  
	Validation = MSE:0.017637 , RMSE:0.132804 , MAE:0.096362 , MAPD:0.518819, R_squared:0.999683

2024-03-21 05:18:53,041 Epoch 286/300, Train Loss: 0.017473, Val Loss: 0.032901  
	Train = MSE:0.017473 , RMSE:0.132187 , MAE:0.099777 , MAPD:0.515937, R_squared:0.999698  
	Validation = MSE:0.034176 , RMSE:0.184868 , MAE:0.148868 , MAPD:0.791276, R_squared:0.999385

2024-03-21 05:18:54,988 Epoch 287/300, Train Loss: 0.043480, Val Loss: 0.068110  
	Train = MSE:0.043488 , RMSE:0.208539 , MAE:0.162639 , MAPD:0.836261, R_squared:0.999247  
	Validation = MSE:0.067271 , RMSE:0.259367 , MAE:0.229862 , MAPD:1.247451, R_squared:0.998790

2024-03-21 05:18:56,452 Epoch 288/300, Train Loss: 0.051957, Val Loss: 0.038738  
	Train = MSE:0.051967 , RMSE:0.227963 , MAE:0.180819 , MAPD:0.928147, R_squared:0.999100  
	Validation = MSE:0.039343 , RMSE:0.198351 , MAE:0.145731 , MAPD:0.699968, R_squared:0.999292

2024-03-21 05:18:57,890 Epoch 289/300, Train Loss: 0.027026, Val Loss: 0.067480  
	Train = MSE:0.027023 , RMSE:0.164385 , MAE:0.127869 , MAPD:0.656485, R_squared:0.999532  
	Validation = MSE:0.069441 , RMSE:0.263516 , MAE:0.235550 , MAPD:1.273725, R_squared:0.998750

2024-03-21 05:18:59,329 Epoch 290/300, Train Loss: 0.049537, Val Loss: 0.017983  
	Train = MSE:0.049541 , RMSE:0.222578 , MAE:0.180863 , MAPD:0.922197, R_squared:0.999142  
	Validation = MSE:0.020742 , RMSE:0.144020 , MAE:0.107199 , MAPD:0.567496, R_squared:0.999627

2024-03-21 05:19:00,803 Epoch 291/300, Train Loss: 0.106464, Val Loss: 0.093710  
	Train = MSE:0.106482 , RMSE:0.326316 , MAE:0.264185 , MAPD:1.355941, R_squared:0.998157  
	Validation = MSE:0.089301 , RMSE:0.298833 , MAE:0.263234 , MAPD:1.356020, R_squared:0.998393

2024-03-21 05:19:05,394 Epoch 292/300, Train Loss: 0.067818, Val Loss: 0.017829  
	Train = MSE:0.067830 , RMSE:0.260442 , MAE:0.213558 , MAPD:1.099676, R_squared:0.998826  
	Validation = MSE:0.018000 , RMSE:0.134165 , MAE:0.095340 , MAPD:0.523870, R_squared:0.999676

2024-03-21 05:19:07,103 Epoch 293/300, Train Loss: 0.055166, Val Loss: 0.049585  
	Train = MSE:0.055155 , RMSE:0.234851 , MAE:0.189815 , MAPD:0.974391, R_squared:0.999045  
	Validation = MSE:0.049047 , RMSE:0.221465 , MAE:0.188903 , MAPD:1.049188, R_squared:0.999117

2024-03-21 05:19:08,537 Epoch 294/300, Train Loss: 0.030393, Val Loss: 0.016098  
	Train = MSE:0.030397 , RMSE:0.174346 , MAE:0.134229 , MAPD:0.691562, R_squared:0.999474  
	Validation = MSE:0.017276 , RMSE:0.131439 , MAE:0.090331 , MAPD:0.494297, R_squared:0.999689

2024-03-21 05:19:09,981 Epoch 295/300, Train Loss: 0.026445, Val Loss: 0.020085  
	Train = MSE:0.026442 , RMSE:0.162610 , MAE:0.126788 , MAPD:0.657013, R_squared:0.999542  
	Validation = MSE:0.021276 , RMSE:0.145863 , MAE:0.114416 , MAPD:0.642278, R_squared:0.999617

2024-03-21 05:19:11,467 Epoch 296/300, Train Loss: 0.022093, Val Loss: 0.017696  
	Train = MSE:0.022086 , RMSE:0.148613 , MAE:0.115194 , MAPD:0.601233, R_squared:0.999618  
	Validation = MSE:0.018905 , RMSE:0.137496 , MAE:0.104301 , MAPD:0.587589, R_squared:0.999660

2024-03-21 05:19:12,920 Epoch 297/300, Train Loss: 0.020614, Val Loss: 0.040892  
	Train = MSE:0.020609 , RMSE:0.143558 , MAE:0.111746 , MAPD:0.586247, R_squared:0.999643  
	Validation = MSE:0.040677 , RMSE:0.201684 , MAE:0.168647 , MAPD:0.851962, R_squared:0.999268

2024-03-21 05:19:14,373 Epoch 298/300, Train Loss: 0.033017, Val Loss: 0.020873  
	Train = MSE:0.033012 , RMSE:0.181691 , MAE:0.145258 , MAPD:0.744566, R_squared:0.999429  
	Validation = MSE:0.022226 , RMSE:0.149082 , MAE:0.107785 , MAPD:0.582083, R_squared:0.999600

2024-03-21 05:19:15,855 Epoch 299/300, Train Loss: 0.035634, Val Loss: 0.021316  
	Train = MSE:0.035631 , RMSE:0.188762 , MAE:0.150413 , MAPD:0.766123, R_squared:0.999383  
	Validation = MSE:0.021851 , RMSE:0.147821 , MAE:0.111847 , MAPD:0.594820, R_squared:0.999607

2024-03-21 05:19:17,509 Epoch 300/300, Train Loss: 0.017793, Val Loss: 0.017766  
	Train = MSE:0.017795 , RMSE:0.133397 , MAE:0.100900 , MAPD:0.529195, R_squared:0.999692  
	Validation = MSE:0.018641 , RMSE:0.136532 , MAE:0.099997 , MAPD:0.535267, R_squared:0.999665

2024-03-21 05:19:17,516 Time for training the model: 759.017000
2024-03-21 05:19:19,340 MSE for train: 0.015060
2024-03-21 05:19:19,340 RMSE for train: 0.122720
2024-03-21 05:19:19,340 MAE for train: 0.094156
2024-03-21 05:19:19,340 MAPD for train: 0.491634
2024-03-21 05:19:19,341 R^2 Score for train: 0.999739
2024-03-21 05:19:19,348 Inference time for train dataset: 0.698000

2024-03-21 05:19:19,479 MSE for val: 0.018641
2024-03-21 05:19:19,479 RMSE for val: 0.136532
2024-03-21 05:19:19,479 MAE for val: 0.099997
2024-03-21 05:19:19,479 MAPD for val: 0.535267
2024-03-21 05:19:19,480 R^2 Score for val: 0.999665
2024-03-21 05:19:19,485 Inference time for val dataset: 0.132000

2024-03-21 05:19:19,579 MSE for test: 0.020290
2024-03-21 05:19:19,579 RMSE for test: 0.142444
2024-03-21 05:19:19,579 MAE for test: 0.101597
2024-03-21 05:19:19,579 MAPD for test: 0.519164
2024-03-21 05:19:19,579 R^2 Score for test: 0.999665
2024-03-21 05:19:19,583 Inference time for test dataset: 0.094002

2024-03-21 05:19:25,439 Train label average: , [20.62097221]
2024-03-21 05:19:25,439 Test label average: , [21.41736175]
2024-03-21 05:19:25,439 validation label average: , [20.14607025]
2024-03-21 05:19:25,439 predicted (on validation dataset) values average: , 21.479599609375
