2024-03-21 05:15:48,215 train batches in dataset: 400
2024-03-21 05:15:48,215 val batches in dataset: 50
2024-03-21 05:15:48,215 test batches in dataset: 50
2024-03-21 05:15:48,231 Trainable parameter: net_core.0.weight - size: torch.Size([256, 35])
2024-03-21 05:15:48,235 Trainable parameter: net_core.0.bias - size: torch.Size([256])
2024-03-21 05:15:48,239 Trainable parameter: net_core.1.weight - size: torch.Size([128, 256])
2024-03-21 05:15:48,246 Trainable parameter: net_core.1.bias - size: torch.Size([128])
2024-03-21 05:15:48,251 Trainable parameter: net_core.2.weight - size: torch.Size([64, 128])
2024-03-21 05:15:48,256 Trainable parameter: net_core.2.bias - size: torch.Size([64])
2024-03-21 05:15:48,262 Trainable parameter: net_core.3.weight - size: torch.Size([16, 64])
2024-03-21 05:15:48,263 Trainable parameter: net_core.3.bias - size: torch.Size([16])
2024-03-21 05:15:48,264 Trainable parameter: net_core.4.weight - size: torch.Size([1, 16])
2024-03-21 05:15:48,264 Trainable parameter: net_core.4.bias - size: torch.Size([1])
2024-03-21 05:15:48,264 Number of trainable parameters: 51425
2024-03-21 05:15:48,264 Number of non-trainable parameters: 0
2024-03-21 05:16:43,979 Epoch 1/300, Train Loss: 32.184273, Val Loss: 0.554682  
	Train = MSE:32.193996 , RMSE:5.673975 , MAE:3.131284 , MAPD:16.621295, R_squared:0.442716  
	Validation = MSE:0.554682 , RMSE:0.744770 , MAE:0.583988 , MAPD:3.424994, R_squared:0.990019

2024-03-21 05:17:38,518 Epoch 2/300, Train Loss: 0.331902, Val Loss: 0.276659  
	Train = MSE:0.331871 , RMSE:0.576083 , MAE:0.439043 , MAPD:2.359393, R_squared:0.994255  
	Validation = MSE:0.276659 , RMSE:0.525983 , MAE:0.385995 , MAPD:1.929197, R_squared:0.995022

2024-03-21 05:18:31,247 Epoch 3/300, Train Loss: 0.180496, Val Loss: 0.145062  
	Train = MSE:0.180538 , RMSE:0.424897 , MAE:0.317514 , MAPD:1.674349, R_squared:0.996875  
	Validation = MSE:0.145062 , RMSE:0.380870 , MAE:0.270351 , MAPD:1.439910, R_squared:0.997390

2024-03-21 05:19:20,974 Epoch 4/300, Train Loss: 0.166255, Val Loss: 0.119942  
	Train = MSE:0.166216 , RMSE:0.407696 , MAE:0.308465 , MAPD:1.632163, R_squared:0.997123  
	Validation = MSE:0.119942 , RMSE:0.346326 , MAE:0.254222 , MAPD:1.377097, R_squared:0.997842

2024-03-21 05:20:14,524 Epoch 5/300, Train Loss: 0.128450, Val Loss: 0.136968  
	Train = MSE:0.128425 , RMSE:0.358364 , MAE:0.265891 , MAPD:1.406240, R_squared:0.997777  
	Validation = MSE:0.136968 , RMSE:0.370092 , MAE:0.307938 , MAPD:1.792309, R_squared:0.997535

2024-03-21 05:21:02,418 Epoch 6/300, Train Loss: 0.127616, Val Loss: 0.214886  
	Train = MSE:0.127646 , RMSE:0.357276 , MAE:0.268762 , MAPD:1.424241, R_squared:0.997790  
	Validation = MSE:0.214886 , RMSE:0.463558 , MAE:0.407804 , MAPD:2.245665, R_squared:0.996133

2024-03-21 05:21:49,290 Epoch 7/300, Train Loss: 0.130384, Val Loss: 0.074635  
	Train = MSE:0.130413 , RMSE:0.361127 , MAE:0.270557 , MAPD:1.425981, R_squared:0.997743  
	Validation = MSE:0.074635 , RMSE:0.273195 , MAE:0.192736 , MAPD:1.056357, R_squared:0.998657

2024-03-21 05:22:36,721 Epoch 8/300, Train Loss: 0.104925, Val Loss: 0.078758  
	Train = MSE:0.104939 , RMSE:0.323942 , MAE:0.244830 , MAPD:1.292478, R_squared:0.998183  
	Validation = MSE:0.078758 , RMSE:0.280639 , MAE:0.197845 , MAPD:1.052889, R_squared:0.998583

2024-03-21 05:23:24,522 Epoch 9/300, Train Loss: 0.093901, Val Loss: 0.072831  
	Train = MSE:0.093909 , RMSE:0.306445 , MAE:0.227674 , MAPD:1.200974, R_squared:0.998374  
	Validation = MSE:0.072831 , RMSE:0.269871 , MAE:0.184331 , MAPD:0.964816, R_squared:0.998689

2024-03-21 05:24:05,847 Epoch 10/300, Train Loss: 0.095930, Val Loss: 0.083207  
	Train = MSE:0.095950 , RMSE:0.309758 , MAE:0.235537 , MAPD:1.248115, R_squared:0.998339  
	Validation = MSE:0.083207 , RMSE:0.288456 , MAE:0.213954 , MAPD:1.082304, R_squared:0.998503

2024-03-21 05:24:49,137 Epoch 11/300, Train Loss: 0.087173, Val Loss: 0.048243  
	Train = MSE:0.087193 , RMSE:0.295285 , MAE:0.219300 , MAPD:1.158265, R_squared:0.998491  
	Validation = MSE:0.048243 , RMSE:0.219643 , MAE:0.155154 , MAPD:0.857959, R_squared:0.999132

2024-03-21 05:25:33,413 Epoch 12/300, Train Loss: 0.094424, Val Loss: 0.164548  
	Train = MSE:0.094439 , RMSE:0.307309 , MAE:0.236466 , MAPD:1.248550, R_squared:0.998365  
	Validation = MSE:0.164548 , RMSE:0.405645 , MAE:0.344357 , MAPD:1.976405, R_squared:0.997039

2024-03-21 05:26:15,935 Epoch 13/300, Train Loss: 0.117864, Val Loss: 0.082671  
	Train = MSE:0.117898 , RMSE:0.343363 , MAE:0.256383 , MAPD:1.347870, R_squared:0.997959  
	Validation = MSE:0.082671 , RMSE:0.287526 , MAE:0.242405 , MAPD:1.295003, R_squared:0.998512

2024-03-21 05:26:59,693 Epoch 14/300, Train Loss: 0.079773, Val Loss: 0.074182  
	Train = MSE:0.079790 , RMSE:0.282472 , MAE:0.213215 , MAPD:1.122300, R_squared:0.998619  
	Validation = MSE:0.074182 , RMSE:0.272365 , MAE:0.206586 , MAPD:1.090480, R_squared:0.998665

2024-03-21 05:27:41,846 Epoch 15/300, Train Loss: 0.062625, Val Loss: 0.053683  
	Train = MSE:0.062639 , RMSE:0.250277 , MAE:0.190196 , MAPD:1.010612, R_squared:0.998916  
	Validation = MSE:0.053683 , RMSE:0.231695 , MAE:0.176284 , MAPD:0.933328, R_squared:0.999034

2024-03-21 05:28:24,498 Epoch 16/300, Train Loss: 0.082175, Val Loss: 0.056083  
	Train = MSE:0.082192 , RMSE:0.286692 , MAE:0.217001 , MAPD:1.143998, R_squared:0.998577  
	Validation = MSE:0.056083 , RMSE:0.236819 , MAE:0.176469 , MAPD:0.889247, R_squared:0.998991

2024-03-21 05:29:10,142 Epoch 17/300, Train Loss: 0.076032, Val Loss: 0.195201  
	Train = MSE:0.075999 , RMSE:0.275680 , MAE:0.209190 , MAPD:1.093775, R_squared:0.998684  
	Validation = MSE:0.195201 , RMSE:0.441815 , MAE:0.400625 , MAPD:2.070162, R_squared:0.996488

2024-03-21 05:29:54,458 Epoch 18/300, Train Loss: 0.062493, Val Loss: 0.078430  
	Train = MSE:0.062460 , RMSE:0.249920 , MAE:0.189379 , MAPD:0.996549, R_squared:0.998919  
	Validation = MSE:0.078430 , RMSE:0.280053 , MAE:0.232843 , MAPD:1.273706, R_squared:0.998589

2024-03-21 05:30:48,355 Epoch 19/300, Train Loss: 0.049209, Val Loss: 0.043141  
	Train = MSE:0.049222 , RMSE:0.221861 , MAE:0.168075 , MAPD:0.889319, R_squared:0.999148  
	Validation = MSE:0.043141 , RMSE:0.207704 , MAE:0.147837 , MAPD:0.884212, R_squared:0.999224

2024-03-21 05:31:41,130 Epoch 20/300, Train Loss: 0.081423, Val Loss: 0.035203  
	Train = MSE:0.081439 , RMSE:0.285376 , MAE:0.213739 , MAPD:1.124476, R_squared:0.998590  
	Validation = MSE:0.035203 , RMSE:0.187625 , MAE:0.136201 , MAPD:0.737318, R_squared:0.999367

2024-03-21 05:32:33,443 Epoch 21/300, Train Loss: 0.064154, Val Loss: 0.183813  
	Train = MSE:0.064163 , RMSE:0.253305 , MAE:0.191292 , MAPD:0.995396, R_squared:0.998889  
	Validation = MSE:0.183813 , RMSE:0.428734 , MAE:0.396785 , MAPD:2.302617, R_squared:0.996692

2024-03-21 05:33:20,465 Epoch 22/300, Train Loss: 0.055188, Val Loss: 0.031553  
	Train = MSE:0.055198 , RMSE:0.234942 , MAE:0.180266 , MAPD:0.954540, R_squared:0.999045  
	Validation = MSE:0.031553 , RMSE:0.177633 , MAE:0.134356 , MAPD:0.749285, R_squared:0.999432

2024-03-21 05:34:02,824 Epoch 23/300, Train Loss: 0.056662, Val Loss: 0.031894  
	Train = MSE:0.056676 , RMSE:0.238066 , MAE:0.183862 , MAPD:0.980434, R_squared:0.999019  
	Validation = MSE:0.031894 , RMSE:0.178589 , MAE:0.126705 , MAPD:0.642276, R_squared:0.999426

2024-03-21 05:34:50,904 Epoch 24/300, Train Loss: 0.042122, Val Loss: 0.084179  
	Train = MSE:0.042127 , RMSE:0.205249 , MAE:0.156660 , MAPD:0.830868, R_squared:0.999271  
	Validation = MSE:0.084179 , RMSE:0.290136 , MAE:0.260429 , MAPD:1.420313, R_squared:0.998485

2024-03-21 05:35:36,322 Epoch 25/300, Train Loss: 0.053425, Val Loss: 0.079130  
	Train = MSE:0.053437 , RMSE:0.231165 , MAE:0.173185 , MAPD:0.900136, R_squared:0.999075  
	Validation = MSE:0.079130 , RMSE:0.281301 , MAE:0.231678 , MAPD:1.224791, R_squared:0.998576

2024-03-21 05:36:19,489 Epoch 26/300, Train Loss: 0.054081, Val Loss: 0.029371  
	Train = MSE:0.054084 , RMSE:0.232560 , MAE:0.176690 , MAPD:0.922914, R_squared:0.999064  
	Validation = MSE:0.029371 , RMSE:0.171379 , MAE:0.123092 , MAPD:0.624684, R_squared:0.999472

2024-03-21 05:37:05,449 Epoch 27/300, Train Loss: 0.077391, Val Loss: 0.031797  
	Train = MSE:0.077396 , RMSE:0.278202 , MAE:0.204343 , MAPD:1.072433, R_squared:0.998660  
	Validation = MSE:0.031797 , RMSE:0.178317 , MAE:0.130299 , MAPD:0.684204, R_squared:0.999428

2024-03-21 05:37:50,083 Epoch 28/300, Train Loss: 0.045164, Val Loss: 0.036969  
	Train = MSE:0.045176 , RMSE:0.212546 , MAE:0.164491 , MAPD:0.869269, R_squared:0.999218  
	Validation = MSE:0.036969 , RMSE:0.192273 , MAE:0.137690 , MAPD:0.705386, R_squared:0.999335

2024-03-21 05:38:35,071 Epoch 29/300, Train Loss: 0.053798, Val Loss: 0.030322  
	Train = MSE:0.053800 , RMSE:0.231948 , MAE:0.175432 , MAPD:0.915542, R_squared:0.999069  
	Validation = MSE:0.030322 , RMSE:0.174132 , MAE:0.128385 , MAPD:0.681973, R_squared:0.999454

2024-03-21 05:39:26,857 Epoch 30/300, Train Loss: 0.047255, Val Loss: 0.039947  
	Train = MSE:0.047252 , RMSE:0.217374 , MAE:0.168471 , MAPD:0.883220, R_squared:0.999182  
	Validation = MSE:0.039947 , RMSE:0.199868 , MAE:0.146274 , MAPD:0.819456, R_squared:0.999281

2024-03-21 05:40:12,247 Epoch 31/300, Train Loss: 0.057463, Val Loss: 0.041533  
	Train = MSE:0.057476 , RMSE:0.239742 , MAE:0.182440 , MAPD:0.957760, R_squared:0.999005  
	Validation = MSE:0.041533 , RMSE:0.203796 , MAE:0.158448 , MAPD:0.912089, R_squared:0.999253

2024-03-21 05:40:52,217 Epoch 32/300, Train Loss: 0.040326, Val Loss: 0.034379  
	Train = MSE:0.040328 , RMSE:0.200818 , MAE:0.154735 , MAPD:0.813392, R_squared:0.999302  
	Validation = MSE:0.034379 , RMSE:0.185417 , MAE:0.155813 , MAPD:0.843081, R_squared:0.999381

2024-03-21 05:41:27,962 Epoch 33/300, Train Loss: 0.033117, Val Loss: 0.031209  
	Train = MSE:0.033112 , RMSE:0.181968 , MAE:0.139282 , MAPD:0.734679, R_squared:0.999427  
	Validation = MSE:0.031209 , RMSE:0.176660 , MAE:0.146827 , MAPD:0.835901, R_squared:0.999438

2024-03-21 05:42:01,645 Epoch 34/300, Train Loss: 0.061015, Val Loss: 0.027088  
	Train = MSE:0.061028 , RMSE:0.247038 , MAE:0.181646 , MAPD:0.962013, R_squared:0.998944  
	Validation = MSE:0.027088 , RMSE:0.164585 , MAE:0.117794 , MAPD:0.641404, R_squared:0.999513

2024-03-21 05:42:37,355 Epoch 35/300, Train Loss: 0.051097, Val Loss: 0.043392  
	Train = MSE:0.051099 , RMSE:0.226050 , MAE:0.175630 , MAPD:0.929412, R_squared:0.999115  
	Validation = MSE:0.043392 , RMSE:0.208306 , MAE:0.155638 , MAPD:0.741370, R_squared:0.999219

2024-03-21 05:43:11,448 Epoch 36/300, Train Loss: 0.053377, Val Loss: 0.064231  
	Train = MSE:0.053391 , RMSE:0.231066 , MAE:0.170952 , MAPD:0.896391, R_squared:0.999076  
	Validation = MSE:0.064231 , RMSE:0.253438 , MAE:0.214143 , MAPD:1.117138, R_squared:0.998844

2024-03-21 05:43:48,071 Epoch 37/300, Train Loss: 0.032843, Val Loss: 0.031573  
	Train = MSE:0.032846 , RMSE:0.181235 , MAE:0.138173 , MAPD:0.732879, R_squared:0.999431  
	Validation = MSE:0.031573 , RMSE:0.177688 , MAE:0.127817 , MAPD:0.638425, R_squared:0.999432

2024-03-21 05:44:23,408 Epoch 38/300, Train Loss: 0.038654, Val Loss: 0.033311  
	Train = MSE:0.038641 , RMSE:0.196574 , MAE:0.152232 , MAPD:0.806424, R_squared:0.999331  
	Validation = MSE:0.033311 , RMSE:0.182514 , MAE:0.140120 , MAPD:0.689326, R_squared:0.999401

2024-03-21 05:45:00,769 Epoch 39/300, Train Loss: 0.041057, Val Loss: 0.024430  
	Train = MSE:0.041058 , RMSE:0.202627 , MAE:0.153687 , MAPD:0.806879, R_squared:0.999289  
	Validation = MSE:0.024430 , RMSE:0.156301 , MAE:0.116225 , MAPD:0.659354, R_squared:0.999560

2024-03-21 05:45:37,937 Epoch 40/300, Train Loss: 0.041274, Val Loss: 0.081942  
	Train = MSE:0.041240 , RMSE:0.203077 , MAE:0.154514 , MAPD:0.814586, R_squared:0.999286  
	Validation = MSE:0.081942 , RMSE:0.286255 , MAE:0.213734 , MAPD:0.974273, R_squared:0.998526

2024-03-21 05:46:13,290 Epoch 41/300, Train Loss: 0.049975, Val Loss: 0.035131  
	Train = MSE:0.049963 , RMSE:0.223524 , MAE:0.172041 , MAPD:0.903595, R_squared:0.999135  
	Validation = MSE:0.035131 , RMSE:0.187432 , MAE:0.140742 , MAPD:0.689913, R_squared:0.999368

2024-03-21 05:46:49,663 Epoch 42/300, Train Loss: 0.030391, Val Loss: 0.052942  
	Train = MSE:0.030385 , RMSE:0.174312 , MAE:0.130460 , MAPD:0.683542, R_squared:0.999474  
	Validation = MSE:0.052942 , RMSE:0.230092 , MAE:0.177556 , MAPD:0.899670, R_squared:0.999047

2024-03-21 05:47:25,810 Epoch 43/300, Train Loss: 0.050922, Val Loss: 0.060746  
	Train = MSE:0.050933 , RMSE:0.225683 , MAE:0.175001 , MAPD:0.919508, R_squared:0.999118  
	Validation = MSE:0.060746 , RMSE:0.246467 , MAE:0.193832 , MAPD:0.916430, R_squared:0.998907

2024-03-21 05:48:01,427 Epoch 44/300, Train Loss: 0.034015, Val Loss: 0.019922  
	Train = MSE:0.034018 , RMSE:0.184441 , MAE:0.142866 , MAPD:0.755954, R_squared:0.999411  
	Validation = MSE:0.019922 , RMSE:0.141146 , MAE:0.103888 , MAPD:0.573246, R_squared:0.999642

2024-03-21 05:48:40,163 Epoch 45/300, Train Loss: 0.032000, Val Loss: 0.067876  
	Train = MSE:0.032000 , RMSE:0.178886 , MAE:0.138670 , MAPD:0.731017, R_squared:0.999446  
	Validation = MSE:0.067876 , RMSE:0.260530 , MAE:0.206495 , MAPD:0.994417, R_squared:0.998779

2024-03-21 05:49:16,760 Epoch 46/300, Train Loss: 0.043387, Val Loss: 0.078107  
	Train = MSE:0.043393 , RMSE:0.208310 , MAE:0.158505 , MAPD:0.833224, R_squared:0.999249  
	Validation = MSE:0.078107 , RMSE:0.279476 , MAE:0.231839 , MAPD:1.140585, R_squared:0.998595

2024-03-21 05:49:52,262 Epoch 47/300, Train Loss: 0.043443, Val Loss: 0.036607  
	Train = MSE:0.043441 , RMSE:0.208426 , MAE:0.160232 , MAPD:0.850254, R_squared:0.999248  
	Validation = MSE:0.036607 , RMSE:0.191330 , MAE:0.166502 , MAPD:0.943228, R_squared:0.999341

2024-03-21 05:50:29,934 Epoch 48/300, Train Loss: 0.043740, Val Loss: 0.038301  
	Train = MSE:0.043750 , RMSE:0.209165 , MAE:0.162766 , MAPD:0.849918, R_squared:0.999243  
	Validation = MSE:0.038301 , RMSE:0.195706 , MAE:0.158534 , MAPD:0.909486, R_squared:0.999311

2024-03-21 05:51:05,292 Epoch 49/300, Train Loss: 0.031323, Val Loss: 0.017295  
	Train = MSE:0.031322 , RMSE:0.176979 , MAE:0.134808 , MAPD:0.705956, R_squared:0.999458  
	Validation = MSE:0.017295 , RMSE:0.131509 , MAE:0.094229 , MAPD:0.506766, R_squared:0.999689

2024-03-21 05:51:40,131 Epoch 50/300, Train Loss: 0.029937, Val Loss: 0.049150  
	Train = MSE:0.029945 , RMSE:0.173046 , MAE:0.131706 , MAPD:0.689215, R_squared:0.999482  
	Validation = MSE:0.049150 , RMSE:0.221697 , MAE:0.188363 , MAPD:0.947974, R_squared:0.999116

2024-03-21 05:52:19,177 Epoch 51/300, Train Loss: 0.030356, Val Loss: 0.019592  
	Train = MSE:0.030358 , RMSE:0.174235 , MAE:0.132864 , MAPD:0.699741, R_squared:0.999475  
	Validation = MSE:0.019592 , RMSE:0.139973 , MAE:0.111173 , MAPD:0.607188, R_squared:0.999647

2024-03-21 05:52:56,248 Epoch 52/300, Train Loss: 0.036628, Val Loss: 0.026016  
	Train = MSE:0.036605 , RMSE:0.191324 , MAE:0.139638 , MAPD:0.726121, R_squared:0.999366  
	Validation = MSE:0.026016 , RMSE:0.161293 , MAE:0.128343 , MAPD:0.707481, R_squared:0.999532

2024-03-21 05:53:36,366 Epoch 53/300, Train Loss: 0.033786, Val Loss: 0.024582  
	Train = MSE:0.033788 , RMSE:0.183816 , MAE:0.137276 , MAPD:0.725923, R_squared:0.999415  
	Validation = MSE:0.024582 , RMSE:0.156787 , MAE:0.123570 , MAPD:0.669921, R_squared:0.999558

2024-03-21 05:54:11,499 Epoch 54/300, Train Loss: 0.025123, Val Loss: 0.044588  
	Train = MSE:0.025095 , RMSE:0.158413 , MAE:0.120559 , MAPD:0.637015, R_squared:0.999566  
	Validation = MSE:0.044588 , RMSE:0.211159 , MAE:0.188470 , MAPD:1.041591, R_squared:0.999198

2024-03-21 05:54:49,145 Epoch 55/300, Train Loss: 0.034718, Val Loss: 0.025156  
	Train = MSE:0.034720 , RMSE:0.186332 , MAE:0.143236 , MAPD:0.760497, R_squared:0.999399  
	Validation = MSE:0.025156 , RMSE:0.158607 , MAE:0.131509 , MAPD:0.713151, R_squared:0.999547

2024-03-21 05:55:28,396 Epoch 56/300, Train Loss: 0.032605, Val Loss: 0.188909  
	Train = MSE:0.032592 , RMSE:0.180533 , MAE:0.140350 , MAPD:0.739122, R_squared:0.999436  
	Validation = MSE:0.188909 , RMSE:0.434637 , MAE:0.395949 , MAPD:2.053104, R_squared:0.996601

2024-03-21 05:56:08,824 Epoch 57/300, Train Loss: 0.025512, Val Loss: 0.013705  
	Train = MSE:0.025506 , RMSE:0.159706 , MAE:0.122425 , MAPD:0.643017, R_squared:0.999558  
	Validation = MSE:0.013705 , RMSE:0.117068 , MAE:0.086411 , MAPD:0.476706, R_squared:0.999753

2024-03-21 05:56:49,792 Epoch 58/300, Train Loss: 0.028514, Val Loss: 0.023813  
	Train = MSE:0.028514 , RMSE:0.168862 , MAE:0.130214 , MAPD:0.688066, R_squared:0.999506  
	Validation = MSE:0.023813 , RMSE:0.154313 , MAE:0.117329 , MAPD:0.601264, R_squared:0.999572

2024-03-21 05:57:26,880 Epoch 59/300, Train Loss: 0.037424, Val Loss: 0.020863  
	Train = MSE:0.037415 , RMSE:0.193431 , MAE:0.150685 , MAPD:0.784033, R_squared:0.999352  
	Validation = MSE:0.020863 , RMSE:0.144440 , MAE:0.110166 , MAPD:0.598139, R_squared:0.999625

2024-03-21 05:58:06,465 Epoch 60/300, Train Loss: 0.024699, Val Loss: 0.120414  
	Train = MSE:0.024695 , RMSE:0.157146 , MAE:0.119489 , MAPD:0.632809, R_squared:0.999573  
	Validation = MSE:0.120414 , RMSE:0.347007 , MAE:0.294915 , MAPD:1.508469, R_squared:0.997833

2024-03-21 05:58:46,161 Epoch 61/300, Train Loss: 0.031726, Val Loss: 0.019622  
	Train = MSE:0.031723 , RMSE:0.178109 , MAE:0.134479 , MAPD:0.708869, R_squared:0.999451  
	Validation = MSE:0.019622 , RMSE:0.140080 , MAE:0.109404 , MAPD:0.586117, R_squared:0.999647

2024-03-21 05:59:25,779 Epoch 62/300, Train Loss: 0.036006, Val Loss: 0.040016  
	Train = MSE:0.035996 , RMSE:0.189727 , MAE:0.143205 , MAPD:0.745768, R_squared:0.999377  
	Validation = MSE:0.040016 , RMSE:0.200039 , MAE:0.150336 , MAPD:0.784353, R_squared:0.999280

2024-03-21 06:00:03,862 Epoch 63/300, Train Loss: 0.025851, Val Loss: 0.021188  
	Train = MSE:0.025856 , RMSE:0.160797 , MAE:0.122708 , MAPD:0.643478, R_squared:0.999552  
	Validation = MSE:0.021188 , RMSE:0.145561 , MAE:0.112156 , MAPD:0.637388, R_squared:0.999619

2024-03-21 06:00:41,637 Epoch 64/300, Train Loss: 0.028958, Val Loss: 0.019306  
	Train = MSE:0.028965 , RMSE:0.170190 , MAE:0.131497 , MAPD:0.691045, R_squared:0.999499  
	Validation = MSE:0.019306 , RMSE:0.138944 , MAE:0.106523 , MAPD:0.603719, R_squared:0.999653

2024-03-21 06:01:21,122 Epoch 65/300, Train Loss: 0.030833, Val Loss: 0.027509  
	Train = MSE:0.030835 , RMSE:0.175599 , MAE:0.137727 , MAPD:0.725093, R_squared:0.999466  
	Validation = MSE:0.027509 , RMSE:0.165858 , MAE:0.133785 , MAPD:0.781716, R_squared:0.999505

2024-03-21 06:02:03,914 Epoch 66/300, Train Loss: 0.028107, Val Loss: 0.014630  
	Train = MSE:0.028088 , RMSE:0.167594 , MAE:0.128049 , MAPD:0.672871, R_squared:0.999514  
	Validation = MSE:0.014630 , RMSE:0.120953 , MAE:0.085920 , MAPD:0.468981, R_squared:0.999737

2024-03-21 06:02:48,896 Epoch 67/300, Train Loss: 0.031282, Val Loss: 0.031309  
	Train = MSE:0.031280 , RMSE:0.176861 , MAE:0.137174 , MAPD:0.716402, R_squared:0.999459  
	Validation = MSE:0.031309 , RMSE:0.176942 , MAE:0.144754 , MAPD:0.792639, R_squared:0.999437

2024-03-21 06:03:32,210 Epoch 68/300, Train Loss: 0.028200, Val Loss: 0.017689  
	Train = MSE:0.028205 , RMSE:0.167944 , MAE:0.130564 , MAPD:0.690503, R_squared:0.999512  
	Validation = MSE:0.017689 , RMSE:0.133000 , MAE:0.099044 , MAPD:0.540678, R_squared:0.999682

2024-03-21 06:04:16,653 Epoch 69/300, Train Loss: 0.025103, Val Loss: 0.073078  
	Train = MSE:0.025106 , RMSE:0.158449 , MAE:0.122353 , MAPD:0.641342, R_squared:0.999565  
	Validation = MSE:0.073078 , RMSE:0.270330 , MAE:0.246108 , MAPD:1.315879, R_squared:0.998685

2024-03-21 06:05:04,924 Epoch 70/300, Train Loss: 0.027736, Val Loss: 0.048846  
	Train = MSE:0.027736 , RMSE:0.166542 , MAE:0.129585 , MAPD:0.686326, R_squared:0.999520  
	Validation = MSE:0.048846 , RMSE:0.221012 , MAE:0.191573 , MAPD:1.080412, R_squared:0.999121

2024-03-21 06:05:56,863 Epoch 71/300, Train Loss: 0.029862, Val Loss: 0.017403  
	Train = MSE:0.029865 , RMSE:0.172815 , MAE:0.134675 , MAPD:0.701627, R_squared:0.999483  
	Validation = MSE:0.017403 , RMSE:0.131920 , MAE:0.099243 , MAPD:0.566479, R_squared:0.999687

2024-03-21 06:06:52,132 Epoch 72/300, Train Loss: 0.025159, Val Loss: 0.018111  
	Train = MSE:0.025163 , RMSE:0.158629 , MAE:0.123508 , MAPD:0.655171, R_squared:0.999564  
	Validation = MSE:0.018111 , RMSE:0.134578 , MAE:0.104861 , MAPD:0.594391, R_squared:0.999674

2024-03-21 06:07:35,417 Epoch 73/300, Train Loss: 0.032339, Val Loss: 0.021424  
	Train = MSE:0.032348 , RMSE:0.179856 , MAE:0.134783 , MAPD:0.703498, R_squared:0.999440  
	Validation = MSE:0.021424 , RMSE:0.146369 , MAE:0.114393 , MAPD:0.631688, R_squared:0.999614

2024-03-21 06:08:17,704 Epoch 74/300, Train Loss: 0.030429, Val Loss: 0.034384  
	Train = MSE:0.030432 , RMSE:0.174447 , MAE:0.130628 , MAPD:0.688060, R_squared:0.999473  
	Validation = MSE:0.034384 , RMSE:0.185428 , MAE:0.146615 , MAPD:0.730765, R_squared:0.999381

2024-03-21 06:08:59,570 Epoch 75/300, Train Loss: 0.031287, Val Loss: 0.039779  
	Train = MSE:0.031292 , RMSE:0.176895 , MAE:0.134002 , MAPD:0.703816, R_squared:0.999458  
	Validation = MSE:0.039779 , RMSE:0.199446 , MAE:0.177233 , MAPD:1.002851, R_squared:0.999284

2024-03-21 06:09:42,278 Epoch 76/300, Train Loss: 0.032040, Val Loss: 0.012579  
	Train = MSE:0.032032 , RMSE:0.178975 , MAE:0.135508 , MAPD:0.712330, R_squared:0.999446  
	Validation = MSE:0.012579 , RMSE:0.112157 , MAE:0.077890 , MAPD:0.423463, R_squared:0.999774

2024-03-21 06:10:27,614 Epoch 77/300, Train Loss: 0.022492, Val Loss: 0.014827  
	Train = MSE:0.022491 , RMSE:0.149968 , MAE:0.114350 , MAPD:0.599353, R_squared:0.999611  
	Validation = MSE:0.014827 , RMSE:0.121764 , MAE:0.091039 , MAPD:0.510982, R_squared:0.999733

2024-03-21 06:11:10,987 Epoch 78/300, Train Loss: 0.024506, Val Loss: 0.021386  
	Train = MSE:0.024509 , RMSE:0.156554 , MAE:0.121263 , MAPD:0.640725, R_squared:0.999576  
	Validation = MSE:0.021386 , RMSE:0.146241 , MAE:0.109005 , MAPD:0.551528, R_squared:0.999615

2024-03-21 06:11:54,615 Epoch 79/300, Train Loss: 0.024831, Val Loss: 0.030661  
	Train = MSE:0.024832 , RMSE:0.157583 , MAE:0.120681 , MAPD:0.630214, R_squared:0.999570  
	Validation = MSE:0.030661 , RMSE:0.175102 , MAE:0.136130 , MAPD:0.649056, R_squared:0.999448

2024-03-21 06:12:35,964 Epoch 80/300, Train Loss: 0.029853, Val Loss: 0.065866  
	Train = MSE:0.029840 , RMSE:0.172744 , MAE:0.132369 , MAPD:0.683770, R_squared:0.999483  
	Validation = MSE:0.065866 , RMSE:0.256644 , MAE:0.231422 , MAPD:1.262430, R_squared:0.998815

2024-03-21 06:13:21,439 Epoch 81/300, Train Loss: 0.018972, Val Loss: 0.063923  
	Train = MSE:0.018964 , RMSE:0.137710 , MAE:0.106863 , MAPD:0.566625, R_squared:0.999672  
	Validation = MSE:0.063923 , RMSE:0.252829 , MAE:0.225254 , MAPD:1.217269, R_squared:0.998850

2024-03-21 06:14:06,932 Epoch 82/300, Train Loss: 0.037383, Val Loss: 0.017264  
	Train = MSE:0.037391 , RMSE:0.193368 , MAE:0.142664 , MAPD:0.762480, R_squared:0.999353  
	Validation = MSE:0.017264 , RMSE:0.131393 , MAE:0.096644 , MAPD:0.523626, R_squared:0.999689

2024-03-21 06:14:50,742 Epoch 83/300, Train Loss: 0.040419, Val Loss: 0.189247  
	Train = MSE:0.040418 , RMSE:0.201043 , MAE:0.147502 , MAPD:0.765015, R_squared:0.999300  
	Validation = MSE:0.189247 , RMSE:0.435025 , MAE:0.387506 , MAPD:2.125244, R_squared:0.996595

2024-03-21 06:15:36,822 Epoch 84/300, Train Loss: 0.024481, Val Loss: 0.018142  
	Train = MSE:0.024479 , RMSE:0.156458 , MAE:0.116627 , MAPD:0.614626, R_squared:0.999576  
	Validation = MSE:0.018142 , RMSE:0.134692 , MAE:0.102251 , MAPD:0.545759, R_squared:0.999674

2024-03-21 06:16:17,768 Epoch 85/300, Train Loss: 0.018631, Val Loss: 0.026864  
	Train = MSE:0.018625 , RMSE:0.136474 , MAE:0.105417 , MAPD:0.553808, R_squared:0.999678  
	Validation = MSE:0.026864 , RMSE:0.163901 , MAE:0.140021 , MAPD:0.772621, R_squared:0.999517

2024-03-21 06:16:59,643 Epoch 86/300, Train Loss: 0.022874, Val Loss: 0.018292  
	Train = MSE:0.022876 , RMSE:0.151247 , MAE:0.115995 , MAPD:0.614049, R_squared:0.999604  
	Validation = MSE:0.018292 , RMSE:0.135248 , MAE:0.095974 , MAPD:0.511819, R_squared:0.999671

2024-03-21 06:17:44,246 Epoch 87/300, Train Loss: 0.030801, Val Loss: 0.041402  
	Train = MSE:0.030809 , RMSE:0.175526 , MAE:0.134345 , MAPD:0.715738, R_squared:0.999467  
	Validation = MSE:0.041402 , RMSE:0.203474 , MAE:0.176853 , MAPD:0.923634, R_squared:0.999255

2024-03-21 06:18:28,503 Epoch 88/300, Train Loss: 0.020150, Val Loss: 0.040440  
	Train = MSE:0.020144 , RMSE:0.141929 , MAE:0.109822 , MAPD:0.574893, R_squared:0.999651  
	Validation = MSE:0.040440 , RMSE:0.201098 , MAE:0.161510 , MAPD:1.040044, R_squared:0.999272

2024-03-21 06:19:10,927 Epoch 89/300, Train Loss: 0.024376, Val Loss: 0.013097  
	Train = MSE:0.024379 , RMSE:0.156139 , MAE:0.120395 , MAPD:0.629299, R_squared:0.999578  
	Validation = MSE:0.013097 , RMSE:0.114442 , MAE:0.084864 , MAPD:0.453554, R_squared:0.999764

2024-03-21 06:19:54,679 Epoch 90/300, Train Loss: 0.024161, Val Loss: 0.022767  
	Train = MSE:0.024161 , RMSE:0.155437 , MAE:0.121136 , MAPD:0.637564, R_squared:0.999582  
	Validation = MSE:0.022767 , RMSE:0.150886 , MAE:0.119797 , MAPD:0.710808, R_squared:0.999590

2024-03-21 06:20:36,485 Epoch 91/300, Train Loss: 0.024175, Val Loss: 0.012784  
	Train = MSE:0.024179 , RMSE:0.155497 , MAE:0.119456 , MAPD:0.619995, R_squared:0.999581  
	Validation = MSE:0.012784 , RMSE:0.113066 , MAE:0.081437 , MAPD:0.438373, R_squared:0.999770

2024-03-21 06:21:20,228 Epoch 92/300, Train Loss: 0.037878, Val Loss: 0.018595  
	Train = MSE:0.037888 , RMSE:0.194648 , MAE:0.144239 , MAPD:0.756553, R_squared:0.999344  
	Validation = MSE:0.018595 , RMSE:0.136365 , MAE:0.110721 , MAPD:0.630442, R_squared:0.999665

2024-03-21 06:22:01,493 Epoch 93/300, Train Loss: 0.033306, Val Loss: 0.055633  
	Train = MSE:0.033310 , RMSE:0.182509 , MAE:0.133591 , MAPD:0.707267, R_squared:0.999423  
	Validation = MSE:0.055633 , RMSE:0.235866 , MAE:0.207675 , MAPD:1.073362, R_squared:0.998999

2024-03-21 06:22:45,924 Epoch 94/300, Train Loss: 0.023443, Val Loss: 0.034676  
	Train = MSE:0.023435 , RMSE:0.153086 , MAE:0.118947 , MAPD:0.622358, R_squared:0.999594  
	Validation = MSE:0.034676 , RMSE:0.186216 , MAE:0.153372 , MAPD:0.899819, R_squared:0.999376

2024-03-21 06:23:30,158 Epoch 95/300, Train Loss: 0.023420, Val Loss: 0.012877  
	Train = MSE:0.023425 , RMSE:0.153052 , MAE:0.116342 , MAPD:0.609078, R_squared:0.999595  
	Validation = MSE:0.012877 , RMSE:0.113478 , MAE:0.082002 , MAPD:0.461454, R_squared:0.999768

2024-03-21 06:24:14,437 Epoch 96/300, Train Loss: 0.019492, Val Loss: 0.015264  
	Train = MSE:0.019497 , RMSE:0.139630 , MAE:0.107286 , MAPD:0.563999, R_squared:0.999663  
	Validation = MSE:0.015264 , RMSE:0.123546 , MAE:0.092471 , MAPD:0.482152, R_squared:0.999725

2024-03-21 06:24:57,437 Epoch 97/300, Train Loss: 0.016825, Val Loss: 0.017227  
	Train = MSE:0.016827 , RMSE:0.129718 , MAE:0.099104 , MAPD:0.521330, R_squared:0.999709  
	Validation = MSE:0.017227 , RMSE:0.131250 , MAE:0.095542 , MAPD:0.516017, R_squared:0.999690

2024-03-21 06:25:42,074 Epoch 98/300, Train Loss: 0.023346, Val Loss: 0.039502  
	Train = MSE:0.023351 , RMSE:0.152811 , MAE:0.116915 , MAPD:0.607885, R_squared:0.999596  
	Validation = MSE:0.039502 , RMSE:0.198751 , MAE:0.173040 , MAPD:1.056761, R_squared:0.999289

2024-03-21 06:26:24,009 Epoch 99/300, Train Loss: 0.028037, Val Loss: 0.023500  
	Train = MSE:0.028038 , RMSE:0.167446 , MAE:0.128166 , MAPD:0.673453, R_squared:0.999515  
	Validation = MSE:0.023500 , RMSE:0.153296 , MAE:0.128453 , MAPD:0.728946, R_squared:0.999577

2024-03-21 06:27:08,451 Epoch 100/300, Train Loss: 0.019514, Val Loss: 0.021418  
	Train = MSE:0.019515 , RMSE:0.139695 , MAE:0.107489 , MAPD:0.561582, R_squared:0.999662  
	Validation = MSE:0.021418 , RMSE:0.146348 , MAE:0.104537 , MAPD:0.526639, R_squared:0.999615

2024-03-21 06:27:48,300 Epoch 101/300, Train Loss: 0.021585, Val Loss: 0.029831  
	Train = MSE:0.021584 , RMSE:0.146914 , MAE:0.114103 , MAPD:0.595598, R_squared:0.999626  
	Validation = MSE:0.029831 , RMSE:0.172716 , MAE:0.140815 , MAPD:0.744156, R_squared:0.999463

2024-03-21 06:28:25,120 Epoch 102/300, Train Loss: 0.030908, Val Loss: 0.018775  
	Train = MSE:0.030890 , RMSE:0.175756 , MAE:0.134543 , MAPD:0.697200, R_squared:0.999465  
	Validation = MSE:0.018775 , RMSE:0.137020 , MAE:0.108238 , MAPD:0.641327, R_squared:0.999662

2024-03-21 06:29:02,191 Epoch 103/300, Train Loss: 0.022241, Val Loss: 0.032320  
	Train = MSE:0.022224 , RMSE:0.149078 , MAE:0.115031 , MAPD:0.596336, R_squared:0.999615  
	Validation = MSE:0.032320 , RMSE:0.179779 , MAE:0.150997 , MAPD:0.822641, R_squared:0.999418

2024-03-21 06:29:39,034 Epoch 104/300, Train Loss: 0.021386, Val Loss: 0.020128  
	Train = MSE:0.021390 , RMSE:0.146252 , MAE:0.113778 , MAPD:0.599762, R_squared:0.999630  
	Validation = MSE:0.020128 , RMSE:0.141872 , MAE:0.106871 , MAPD:0.549480, R_squared:0.999638

2024-03-21 06:30:20,321 Epoch 105/300, Train Loss: 0.023168, Val Loss: 0.018328  
	Train = MSE:0.023167 , RMSE:0.152206 , MAE:0.116671 , MAPD:0.610747, R_squared:0.999599  
	Validation = MSE:0.018328 , RMSE:0.135381 , MAE:0.104960 , MAPD:0.582460, R_squared:0.999670

2024-03-21 06:30:58,876 Epoch 106/300, Train Loss: 0.024315, Val Loss: 0.012650  
	Train = MSE:0.024322 , RMSE:0.155955 , MAE:0.120576 , MAPD:0.630963, R_squared:0.999579  
	Validation = MSE:0.012650 , RMSE:0.112471 , MAE:0.082136 , MAPD:0.462500, R_squared:0.999772

2024-03-21 06:31:37,710 Epoch 107/300, Train Loss: 0.026548, Val Loss: 0.026962  
	Train = MSE:0.026540 , RMSE:0.162912 , MAE:0.121696 , MAPD:0.639040, R_squared:0.999541  
	Validation = MSE:0.026962 , RMSE:0.164202 , MAE:0.133361 , MAPD:0.772127, R_squared:0.999515

2024-03-21 06:32:16,761 Epoch 108/300, Train Loss: 0.019978, Val Loss: 0.026727  
	Train = MSE:0.019972 , RMSE:0.141324 , MAE:0.109967 , MAPD:0.577601, R_squared:0.999654  
	Validation = MSE:0.026727 , RMSE:0.163483 , MAE:0.130543 , MAPD:0.735193, R_squared:0.999519

2024-03-21 06:32:55,198 Epoch 109/300, Train Loss: 0.022318, Val Loss: 0.066589  
	Train = MSE:0.022322 , RMSE:0.149406 , MAE:0.115637 , MAPD:0.598456, R_squared:0.999614  
	Validation = MSE:0.066589 , RMSE:0.258049 , MAE:0.220461 , MAPD:1.096222, R_squared:0.998802

2024-03-21 06:33:42,866 Epoch 110/300, Train Loss: 0.023518, Val Loss: 0.023252  
	Train = MSE:0.023512 , RMSE:0.153337 , MAE:0.119639 , MAPD:0.627747, R_squared:0.999593  
	Validation = MSE:0.023252 , RMSE:0.152484 , MAE:0.126138 , MAPD:0.706959, R_squared:0.999582

2024-03-21 06:34:31,944 Epoch 111/300, Train Loss: 0.018218, Val Loss: 0.040604  
	Train = MSE:0.018221 , RMSE:0.134985 , MAE:0.105036 , MAPD:0.554374, R_squared:0.999685  
	Validation = MSE:0.040604 , RMSE:0.201504 , MAE:0.173414 , MAPD:0.948182, R_squared:0.999269

2024-03-21 06:35:23,646 Epoch 112/300, Train Loss: 0.024110, Val Loss: 0.018342  
	Train = MSE:0.024108 , RMSE:0.155267 , MAE:0.118055 , MAPD:0.620957, R_squared:0.999583  
	Validation = MSE:0.018342 , RMSE:0.135432 , MAE:0.103189 , MAPD:0.542885, R_squared:0.999670

2024-03-21 06:36:08,513 Epoch 113/300, Train Loss: 0.022383, Val Loss: 0.014127  
	Train = MSE:0.022388 , RMSE:0.149625 , MAE:0.115516 , MAPD:0.602721, R_squared:0.999612  
	Validation = MSE:0.014127 , RMSE:0.118857 , MAE:0.087663 , MAPD:0.459019, R_squared:0.999746

2024-03-21 06:36:55,252 Epoch 114/300, Train Loss: 0.014494, Val Loss: 0.029455  
	Train = MSE:0.014495 , RMSE:0.120395 , MAE:0.093606 , MAPD:0.492187, R_squared:0.999749  
	Validation = MSE:0.029455 , RMSE:0.171626 , MAE:0.146267 , MAPD:0.833819, R_squared:0.999470

2024-03-21 06:37:42,629 Epoch 115/300, Train Loss: 0.019901, Val Loss: 0.015611  
	Train = MSE:0.019902 , RMSE:0.141076 , MAE:0.108820 , MAPD:0.573295, R_squared:0.999655  
	Validation = MSE:0.015611 , RMSE:0.124944 , MAE:0.095475 , MAPD:0.506049, R_squared:0.999719

2024-03-21 06:38:25,581 Epoch 116/300, Train Loss: 0.018982, Val Loss: 0.018492  
	Train = MSE:0.018983 , RMSE:0.137778 , MAE:0.105593 , MAPD:0.557267, R_squared:0.999671  
	Validation = MSE:0.018492 , RMSE:0.135986 , MAE:0.105351 , MAPD:0.544509, R_squared:0.999667

2024-03-21 06:39:09,903 Epoch 117/300, Train Loss: 0.023192, Val Loss: 0.012502  
	Train = MSE:0.023196 , RMSE:0.152302 , MAE:0.116618 , MAPD:0.610863, R_squared:0.999598  
	Validation = MSE:0.012502 , RMSE:0.111811 , MAE:0.081901 , MAPD:0.456441, R_squared:0.999775

2024-03-21 06:39:55,206 Epoch 118/300, Train Loss: 0.018791, Val Loss: 0.074075  
	Train = MSE:0.018792 , RMSE:0.137083 , MAE:0.103339 , MAPD:0.536935, R_squared:0.999675  
	Validation = MSE:0.074075 , RMSE:0.272168 , MAE:0.246017 , MAPD:1.450800, R_squared:0.998667

2024-03-21 06:40:38,380 Epoch 119/300, Train Loss: 0.020353, Val Loss: 0.012717  
	Train = MSE:0.020352 , RMSE:0.142660 , MAE:0.110274 , MAPD:0.581593, R_squared:0.999648  
	Validation = MSE:0.012717 , RMSE:0.112769 , MAE:0.083868 , MAPD:0.485135, R_squared:0.999771

2024-03-21 06:41:19,346 Epoch 120/300, Train Loss: 0.020095, Val Loss: 0.012652  
	Train = MSE:0.020100 , RMSE:0.141776 , MAE:0.110034 , MAPD:0.579784, R_squared:0.999652  
	Validation = MSE:0.012652 , RMSE:0.112481 , MAE:0.081497 , MAPD:0.454876, R_squared:0.999772

2024-03-21 06:41:58,564 Epoch 121/300, Train Loss: 0.017226, Val Loss: 0.039329  
	Train = MSE:0.017224 , RMSE:0.131240 , MAE:0.100335 , MAPD:0.524152, R_squared:0.999702  
	Validation = MSE:0.039329 , RMSE:0.198317 , MAE:0.163695 , MAPD:0.815083, R_squared:0.999292

2024-03-21 06:42:40,368 Epoch 122/300, Train Loss: 0.016913, Val Loss: 0.048368  
	Train = MSE:0.016897 , RMSE:0.129988 , MAE:0.098521 , MAPD:0.512906, R_squared:0.999708  
	Validation = MSE:0.048368 , RMSE:0.219927 , MAE:0.188918 , MAPD:1.001746, R_squared:0.999130

2024-03-21 06:43:13,628 Epoch 123/300, Train Loss: 0.022427, Val Loss: 0.016497  
	Train = MSE:0.022425 , RMSE:0.149750 , MAE:0.117825 , MAPD:0.611869, R_squared:0.999612  
	Validation = MSE:0.016497 , RMSE:0.128439 , MAE:0.096912 , MAPD:0.562685, R_squared:0.999703

2024-03-21 06:43:47,643 Epoch 124/300, Train Loss: 0.020859, Val Loss: 0.013132  
	Train = MSE:0.020857 , RMSE:0.144418 , MAE:0.111426 , MAPD:0.583485, R_squared:0.999639  
	Validation = MSE:0.013132 , RMSE:0.114593 , MAE:0.083258 , MAPD:0.435425, R_squared:0.999764

2024-03-21 06:44:21,874 Epoch 125/300, Train Loss: 0.018439, Val Loss: 0.018646  
	Train = MSE:0.018443 , RMSE:0.135805 , MAE:0.104652 , MAPD:0.544536, R_squared:0.999681  
	Validation = MSE:0.018646 , RMSE:0.136549 , MAE:0.106631 , MAPD:0.550071, R_squared:0.999664

2024-03-21 06:44:55,710 Epoch 126/300, Train Loss: 0.024511, Val Loss: 0.026876  
	Train = MSE:0.024509 , RMSE:0.156554 , MAE:0.120158 , MAPD:0.629756, R_squared:0.999576  
	Validation = MSE:0.026876 , RMSE:0.163939 , MAE:0.132364 , MAPD:0.716948, R_squared:0.999516

2024-03-21 06:45:27,293 Epoch 127/300, Train Loss: 0.020116, Val Loss: 0.013690  
	Train = MSE:0.020120 , RMSE:0.141846 , MAE:0.110019 , MAPD:0.580887, R_squared:0.999652  
	Validation = MSE:0.013690 , RMSE:0.117006 , MAE:0.088164 , MAPD:0.504627, R_squared:0.999754

2024-03-21 06:46:01,772 Epoch 128/300, Train Loss: 0.015904, Val Loss: 0.021490  
	Train = MSE:0.015892 , RMSE:0.126065 , MAE:0.097807 , MAPD:0.518695, R_squared:0.999725  
	Validation = MSE:0.021490 , RMSE:0.146595 , MAE:0.109416 , MAPD:0.539464, R_squared:0.999613

2024-03-21 06:46:34,711 Epoch 129/300, Train Loss: 0.026413, Val Loss: 0.013618  
	Train = MSE:0.026417 , RMSE:0.162532 , MAE:0.122854 , MAPD:0.637056, R_squared:0.999543  
	Validation = MSE:0.013618 , RMSE:0.116694 , MAE:0.087568 , MAPD:0.490061, R_squared:0.999755

2024-03-21 06:47:07,863 Epoch 130/300, Train Loss: 0.017641, Val Loss: 0.014882  
	Train = MSE:0.017641 , RMSE:0.132818 , MAE:0.102976 , MAPD:0.541460, R_squared:0.999695  
	Validation = MSE:0.014882 , RMSE:0.121992 , MAE:0.092156 , MAPD:0.513931, R_squared:0.999732

2024-03-21 06:47:41,722 Epoch 131/300, Train Loss: 0.018705, Val Loss: 0.014307  
	Train = MSE:0.018709 , RMSE:0.136782 , MAE:0.105044 , MAPD:0.550097, R_squared:0.999676  
	Validation = MSE:0.014307 , RMSE:0.119612 , MAE:0.086828 , MAPD:0.453926, R_squared:0.999743

2024-03-21 06:48:15,833 Epoch 132/300, Train Loss: 0.023993, Val Loss: 0.030092  
	Train = MSE:0.023977 , RMSE:0.154845 , MAE:0.114533 , MAPD:0.598020, R_squared:0.999585  
	Validation = MSE:0.030092 , RMSE:0.173470 , MAE:0.139348 , MAPD:0.722272, R_squared:0.999459

2024-03-21 06:48:51,299 Epoch 133/300, Train Loss: 0.018963, Val Loss: 0.015316  
	Train = MSE:0.018965 , RMSE:0.137715 , MAE:0.104338 , MAPD:0.546892, R_squared:0.999672  
	Validation = MSE:0.015316 , RMSE:0.123757 , MAE:0.093511 , MAPD:0.554521, R_squared:0.999724

2024-03-21 06:49:25,643 Epoch 134/300, Train Loss: 0.023415, Val Loss: 0.022646  
	Train = MSE:0.023409 , RMSE:0.153000 , MAE:0.117382 , MAPD:0.612755, R_squared:0.999595  
	Validation = MSE:0.022646 , RMSE:0.150486 , MAE:0.118578 , MAPD:0.700611, R_squared:0.999593

2024-03-21 06:50:00,496 Epoch 135/300, Train Loss: 0.018710, Val Loss: 0.011131  
	Train = MSE:0.018708 , RMSE:0.136778 , MAE:0.105805 , MAPD:0.556373, R_squared:0.999676  
	Validation = MSE:0.011131 , RMSE:0.105505 , MAE:0.075464 , MAPD:0.414427, R_squared:0.999800

2024-03-21 06:50:34,380 Epoch 136/300, Train Loss: 0.019919, Val Loss: 0.016071  
	Train = MSE:0.019922 , RMSE:0.141145 , MAE:0.108548 , MAPD:0.575069, R_squared:0.999655  
	Validation = MSE:0.016071 , RMSE:0.126771 , MAE:0.095454 , MAPD:0.515311, R_squared:0.999711

2024-03-21 06:51:06,087 Epoch 137/300, Train Loss: 0.028073, Val Loss: 0.016871  
	Train = MSE:0.028069 , RMSE:0.167539 , MAE:0.131435 , MAPD:0.680525, R_squared:0.999514  
	Validation = MSE:0.016871 , RMSE:0.129888 , MAE:0.097858 , MAPD:0.526060, R_squared:0.999696

2024-03-21 06:51:41,641 Epoch 138/300, Train Loss: 0.023159, Val Loss: 0.015273  
	Train = MSE:0.023165 , RMSE:0.152202 , MAE:0.116910 , MAPD:0.614209, R_squared:0.999599  
	Validation = MSE:0.015273 , RMSE:0.123585 , MAE:0.092565 , MAPD:0.514446, R_squared:0.999725

2024-03-21 06:52:14,111 Epoch 139/300, Train Loss: 0.015228, Val Loss: 0.016431  
	Train = MSE:0.015225 , RMSE:0.123391 , MAE:0.094121 , MAPD:0.494759, R_squared:0.999736  
	Validation = MSE:0.016431 , RMSE:0.128183 , MAE:0.096789 , MAPD:0.554907, R_squared:0.999704

2024-03-21 06:52:48,758 Epoch 140/300, Train Loss: 0.018287, Val Loss: 0.017446  
	Train = MSE:0.018287 , RMSE:0.135229 , MAE:0.102690 , MAPD:0.534479, R_squared:0.999683  
	Validation = MSE:0.017446 , RMSE:0.132083 , MAE:0.097945 , MAPD:0.498544, R_squared:0.999686

2024-03-21 06:53:22,119 Epoch 141/300, Train Loss: 0.016480, Val Loss: 0.023518  
	Train = MSE:0.016480 , RMSE:0.128375 , MAE:0.098345 , MAPD:0.515161, R_squared:0.999715  
	Validation = MSE:0.023518 , RMSE:0.153357 , MAE:0.125265 , MAPD:0.678281, R_squared:0.999577

2024-03-21 06:53:56,344 Epoch 142/300, Train Loss: 0.020388, Val Loss: 0.034580  
	Train = MSE:0.020386 , RMSE:0.142778 , MAE:0.110403 , MAPD:0.580521, R_squared:0.999647  
	Validation = MSE:0.034580 , RMSE:0.185957 , MAE:0.160962 , MAPD:0.914551, R_squared:0.999378

2024-03-21 06:54:30,679 Epoch 143/300, Train Loss: 0.020853, Val Loss: 0.026676  
	Train = MSE:0.020858 , RMSE:0.144423 , MAE:0.111312 , MAPD:0.582341, R_squared:0.999639  
	Validation = MSE:0.026676 , RMSE:0.163329 , MAE:0.128209 , MAPD:0.641052, R_squared:0.999520

2024-03-21 06:55:04,296 Epoch 144/300, Train Loss: 0.021518, Val Loss: 0.011837  
	Train = MSE:0.021522 , RMSE:0.146703 , MAE:0.116715 , MAPD:0.611422, R_squared:0.999627  
	Validation = MSE:0.011837 , RMSE:0.108800 , MAE:0.077969 , MAPD:0.431848, R_squared:0.999787

2024-03-21 06:55:40,285 Epoch 145/300, Train Loss: 0.014188, Val Loss: 0.014921  
	Train = MSE:0.014181 , RMSE:0.119086 , MAE:0.091724 , MAPD:0.482933, R_squared:0.999755  
	Validation = MSE:0.014921 , RMSE:0.122150 , MAE:0.091749 , MAPD:0.487055, R_squared:0.999732

2024-03-21 06:56:13,226 Epoch 146/300, Train Loss: 0.017800, Val Loss: 0.014542  
	Train = MSE:0.017802 , RMSE:0.133423 , MAE:0.101773 , MAPD:0.532193, R_squared:0.999692  
	Validation = MSE:0.014542 , RMSE:0.120592 , MAE:0.092702 , MAPD:0.548562, R_squared:0.999738

2024-03-21 06:56:46,278 Epoch 147/300, Train Loss: 0.016326, Val Loss: 0.012197  
	Train = MSE:0.016317 , RMSE:0.127740 , MAE:0.098600 , MAPD:0.520199, R_squared:0.999718  
	Validation = MSE:0.012197 , RMSE:0.110441 , MAE:0.079713 , MAPD:0.422193, R_squared:0.999781

2024-03-21 06:57:20,258 Epoch 148/300, Train Loss: 0.020050, Val Loss: 0.022262  
	Train = MSE:0.020047 , RMSE:0.141586 , MAE:0.107416 , MAPD:0.568067, R_squared:0.999653  
	Validation = MSE:0.022262 , RMSE:0.149203 , MAE:0.113728 , MAPD:0.607612, R_squared:0.999599

2024-03-21 06:57:53,107 Epoch 149/300, Train Loss: 0.017701, Val Loss: 0.026950  
	Train = MSE:0.017693 , RMSE:0.133015 , MAE:0.103652 , MAPD:0.539448, R_squared:0.999694  
	Validation = MSE:0.026950 , RMSE:0.164163 , MAE:0.129232 , MAPD:0.651703, R_squared:0.999515

2024-03-21 06:58:28,709 Epoch 150/300, Train Loss: 0.019462, Val Loss: 0.022047  
	Train = MSE:0.019466 , RMSE:0.139519 , MAE:0.108108 , MAPD:0.565170, R_squared:0.999663  
	Validation = MSE:0.022047 , RMSE:0.148484 , MAE:0.112308 , MAPD:0.559961, R_squared:0.999603

2024-03-21 06:59:02,844 Epoch 151/300, Train Loss: 0.025525, Val Loss: 0.016061  
	Train = MSE:0.025530 , RMSE:0.159782 , MAE:0.122745 , MAPD:0.642170, R_squared:0.999558  
	Validation = MSE:0.016061 , RMSE:0.126731 , MAE:0.098192 , MAPD:0.512045, R_squared:0.999711

2024-03-21 06:59:38,392 Epoch 152/300, Train Loss: 0.019638, Val Loss: 0.048558  
	Train = MSE:0.019640 , RMSE:0.140144 , MAE:0.107401 , MAPD:0.561080, R_squared:0.999660  
	Validation = MSE:0.048558 , RMSE:0.220359 , MAE:0.196741 , MAPD:1.101617, R_squared:0.999126

2024-03-21 07:00:13,330 Epoch 153/300, Train Loss: 0.017058, Val Loss: 0.022888  
	Train = MSE:0.017061 , RMSE:0.130616 , MAE:0.099794 , MAPD:0.522440, R_squared:0.999705  
	Validation = MSE:0.022888 , RMSE:0.151288 , MAE:0.122653 , MAPD:0.747689, R_squared:0.999588

2024-03-21 07:00:47,450 Epoch 154/300, Train Loss: 0.015512, Val Loss: 0.020645  
	Train = MSE:0.015510 , RMSE:0.124538 , MAE:0.095908 , MAPD:0.502811, R_squared:0.999732  
	Validation = MSE:0.020645 , RMSE:0.143682 , MAE:0.115892 , MAPD:0.624274, R_squared:0.999629

2024-03-21 07:01:22,462 Epoch 155/300, Train Loss: 0.021650, Val Loss: 0.024809  
	Train = MSE:0.021652 , RMSE:0.147146 , MAE:0.112380 , MAPD:0.587624, R_squared:0.999625  
	Validation = MSE:0.024809 , RMSE:0.157510 , MAE:0.129978 , MAPD:0.712142, R_squared:0.999554

2024-03-21 07:01:55,034 Epoch 156/300, Train Loss: 0.015721, Val Loss: 0.011956  
	Train = MSE:0.015721 , RMSE:0.125383 , MAE:0.094798 , MAPD:0.493770, R_squared:0.999728  
	Validation = MSE:0.011956 , RMSE:0.109341 , MAE:0.078447 , MAPD:0.443841, R_squared:0.999785

2024-03-21 07:02:29,658 Epoch 157/300, Train Loss: 0.014186, Val Loss: 0.033615  
	Train = MSE:0.014185 , RMSE:0.119100 , MAE:0.092128 , MAPD:0.479187, R_squared:0.999754  
	Validation = MSE:0.033615 , RMSE:0.183344 , MAE:0.155607 , MAPD:0.917966, R_squared:0.999395

2024-03-21 07:03:05,387 Epoch 158/300, Train Loss: 0.016780, Val Loss: 0.034617  
	Train = MSE:0.016784 , RMSE:0.129554 , MAE:0.098328 , MAPD:0.513710, R_squared:0.999709  
	Validation = MSE:0.034617 , RMSE:0.186058 , MAE:0.162579 , MAPD:0.900344, R_squared:0.999377

2024-03-21 07:03:41,925 Epoch 159/300, Train Loss: 0.017385, Val Loss: 0.038306  
	Train = MSE:0.017386 , RMSE:0.131856 , MAE:0.101417 , MAPD:0.529549, R_squared:0.999699  
	Validation = MSE:0.038306 , RMSE:0.195718 , MAE:0.162211 , MAPD:0.806935, R_squared:0.999311

2024-03-21 07:04:16,664 Epoch 160/300, Train Loss: 0.017027, Val Loss: 0.039202  
	Train = MSE:0.017028 , RMSE:0.130493 , MAE:0.100754 , MAPD:0.525849, R_squared:0.999705  
	Validation = MSE:0.039202 , RMSE:0.197995 , MAE:0.168374 , MAPD:0.919452, R_squared:0.999295

2024-03-21 07:04:52,222 Epoch 161/300, Train Loss: 0.016452, Val Loss: 0.056584  
	Train = MSE:0.016444 , RMSE:0.128233 , MAE:0.097293 , MAPD:0.511018, R_squared:0.999715  
	Validation = MSE:0.056584 , RMSE:0.237874 , MAE:0.199706 , MAPD:1.038244, R_squared:0.998982

2024-03-21 07:05:29,744 Epoch 162/300, Train Loss: 0.021711, Val Loss: 0.023160  
	Train = MSE:0.021709 , RMSE:0.147341 , MAE:0.113703 , MAPD:0.592687, R_squared:0.999624  
	Validation = MSE:0.023160 , RMSE:0.152183 , MAE:0.122612 , MAPD:0.650594, R_squared:0.999583

2024-03-21 07:06:03,503 Epoch 163/300, Train Loss: 0.017822, Val Loss: 0.016605  
	Train = MSE:0.017826 , RMSE:0.133516 , MAE:0.103011 , MAPD:0.539441, R_squared:0.999691  
	Validation = MSE:0.016605 , RMSE:0.128860 , MAE:0.099181 , MAPD:0.576518, R_squared:0.999701

2024-03-21 07:06:36,912 Epoch 164/300, Train Loss: 0.018203, Val Loss: 0.018704  
	Train = MSE:0.018206 , RMSE:0.134929 , MAE:0.104033 , MAPD:0.545489, R_squared:0.999685  
	Validation = MSE:0.018704 , RMSE:0.136762 , MAE:0.102941 , MAPD:0.537203, R_squared:0.999663

2024-03-21 07:07:12,596 Epoch 165/300, Train Loss: 0.014369, Val Loss: 0.012259  
	Train = MSE:0.014370 , RMSE:0.119876 , MAE:0.091323 , MAPD:0.476636, R_squared:0.999751  
	Validation = MSE:0.012259 , RMSE:0.110719 , MAE:0.079679 , MAPD:0.446651, R_squared:0.999779

2024-03-21 07:07:49,136 Epoch 166/300, Train Loss: 0.015663, Val Loss: 0.012879  
	Train = MSE:0.015662 , RMSE:0.125148 , MAE:0.095388 , MAPD:0.502106, R_squared:0.999729  
	Validation = MSE:0.012879 , RMSE:0.113486 , MAE:0.081996 , MAPD:0.462612, R_squared:0.999768

2024-03-21 07:08:23,800 Epoch 167/300, Train Loss: 0.016366, Val Loss: 0.013889  
	Train = MSE:0.016366 , RMSE:0.127929 , MAE:0.098208 , MAPD:0.515446, R_squared:0.999717  
	Validation = MSE:0.013889 , RMSE:0.117853 , MAE:0.086119 , MAPD:0.478070, R_squared:0.999750

2024-03-21 07:08:58,304 Epoch 168/300, Train Loss: 0.015007, Val Loss: 0.020652  
	Train = MSE:0.015008 , RMSE:0.122508 , MAE:0.093808 , MAPD:0.491190, R_squared:0.999740  
	Validation = MSE:0.020652 , RMSE:0.143708 , MAE:0.112735 , MAPD:0.615197, R_squared:0.999628

2024-03-21 07:09:33,536 Epoch 169/300, Train Loss: 0.017535, Val Loss: 0.014138  
	Train = MSE:0.017539 , RMSE:0.132433 , MAE:0.102653 , MAPD:0.539314, R_squared:0.999696  
	Validation = MSE:0.014138 , RMSE:0.118902 , MAE:0.090593 , MAPD:0.519115, R_squared:0.999746

2024-03-21 07:10:08,254 Epoch 170/300, Train Loss: 0.020032, Val Loss: 0.033939  
	Train = MSE:0.020021 , RMSE:0.141496 , MAE:0.107401 , MAPD:0.560124, R_squared:0.999653  
	Validation = MSE:0.033939 , RMSE:0.184224 , MAE:0.155266 , MAPD:0.897438, R_squared:0.999389

2024-03-21 07:10:45,460 Epoch 171/300, Train Loss: 0.018762, Val Loss: 0.017375  
	Train = MSE:0.018765 , RMSE:0.136986 , MAE:0.106286 , MAPD:0.555238, R_squared:0.999675  
	Validation = MSE:0.017375 , RMSE:0.131815 , MAE:0.101052 , MAPD:0.536003, R_squared:0.999687

2024-03-21 07:11:19,804 Epoch 172/300, Train Loss: 0.018187, Val Loss: 0.011701  
	Train = MSE:0.018188 , RMSE:0.134863 , MAE:0.104815 , MAPD:0.548410, R_squared:0.999685  
	Validation = MSE:0.011701 , RMSE:0.108173 , MAE:0.079644 , MAPD:0.440684, R_squared:0.999789

2024-03-21 07:11:49,440 Epoch 173/300, Train Loss: 0.013096, Val Loss: 0.034721  
	Train = MSE:0.013099 , RMSE:0.114452 , MAE:0.086838 , MAPD:0.456631, R_squared:0.999773  
	Validation = MSE:0.034721 , RMSE:0.186335 , MAE:0.163362 , MAPD:0.877983, R_squared:0.999375

2024-03-21 07:12:20,328 Epoch 174/300, Train Loss: 0.018464, Val Loss: 0.013953  
	Train = MSE:0.018467 , RMSE:0.135894 , MAE:0.103146 , MAPD:0.542949, R_squared:0.999680  
	Validation = MSE:0.013953 , RMSE:0.118124 , MAE:0.086336 , MAPD:0.440096, R_squared:0.999749

2024-03-21 07:12:49,812 Epoch 175/300, Train Loss: 0.017679, Val Loss: 0.064270  
	Train = MSE:0.017665 , RMSE:0.132909 , MAE:0.102352 , MAPD:0.540609, R_squared:0.999694  
	Validation = MSE:0.064270 , RMSE:0.253516 , MAE:0.209320 , MAPD:1.059785, R_squared:0.998844

2024-03-21 07:13:21,966 Epoch 176/300, Train Loss: 0.018591, Val Loss: 0.035903  
	Train = MSE:0.018592 , RMSE:0.136354 , MAE:0.103301 , MAPD:0.544986, R_squared:0.999678  
	Validation = MSE:0.035903 , RMSE:0.189482 , MAE:0.158564 , MAPD:0.809504, R_squared:0.999354

2024-03-21 07:13:51,756 Epoch 177/300, Train Loss: 0.017433, Val Loss: 0.012878  
	Train = MSE:0.017435 , RMSE:0.132041 , MAE:0.103160 , MAPD:0.540723, R_squared:0.999698  
	Validation = MSE:0.012878 , RMSE:0.113481 , MAE:0.082645 , MAPD:0.442698, R_squared:0.999768

2024-03-21 07:14:20,845 Epoch 178/300, Train Loss: 0.017042, Val Loss: 0.012384  
	Train = MSE:0.017045 , RMSE:0.130556 , MAE:0.101125 , MAPD:0.531114, R_squared:0.999705  
	Validation = MSE:0.012384 , RMSE:0.111282 , MAE:0.083747 , MAPD:0.465151, R_squared:0.999777

2024-03-21 07:14:50,635 Epoch 179/300, Train Loss: 0.016742, Val Loss: 0.060917  
	Train = MSE:0.016744 , RMSE:0.129400 , MAE:0.099094 , MAPD:0.518135, R_squared:0.999710  
	Validation = MSE:0.060917 , RMSE:0.246813 , MAE:0.217929 , MAPD:1.096936, R_squared:0.998904

2024-03-21 07:15:20,626 Epoch 180/300, Train Loss: 0.016767, Val Loss: 0.011058  
	Train = MSE:0.016764 , RMSE:0.129476 , MAE:0.098929 , MAPD:0.520297, R_squared:0.999710  
	Validation = MSE:0.011058 , RMSE:0.105158 , MAE:0.074677 , MAPD:0.408192, R_squared:0.999801

2024-03-21 07:15:54,106 Epoch 181/300, Train Loss: 0.014758, Val Loss: 0.014331  
	Train = MSE:0.014747 , RMSE:0.121439 , MAE:0.094204 , MAPD:0.492894, R_squared:0.999745  
	Validation = MSE:0.014331 , RMSE:0.119711 , MAE:0.086980 , MAPD:0.456849, R_squared:0.999742

2024-03-21 07:16:25,960 Epoch 182/300, Train Loss: 0.019532, Val Loss: 0.028288  
	Train = MSE:0.019534 , RMSE:0.139764 , MAE:0.107487 , MAPD:0.570171, R_squared:0.999662  
	Validation = MSE:0.028288 , RMSE:0.168191 , MAE:0.133541 , MAPD:0.696252, R_squared:0.999491

2024-03-21 07:16:57,713 Epoch 183/300, Train Loss: 0.017172, Val Loss: 0.039694  
	Train = MSE:0.017168 , RMSE:0.131025 , MAE:0.100218 , MAPD:0.518291, R_squared:0.999703  
	Validation = MSE:0.039694 , RMSE:0.199233 , MAE:0.172246 , MAPD:0.883068, R_squared:0.999286

2024-03-21 07:17:32,345 Epoch 184/300, Train Loss: 0.019243, Val Loss: 0.062902  
	Train = MSE:0.019243 , RMSE:0.138718 , MAE:0.104778 , MAPD:0.544374, R_squared:0.999667  
	Validation = MSE:0.062902 , RMSE:0.250803 , MAE:0.229984 , MAPD:1.335863, R_squared:0.998868

2024-03-21 07:18:04,844 Epoch 185/300, Train Loss: 0.024876, Val Loss: 0.013980  
	Train = MSE:0.024870 , RMSE:0.157702 , MAE:0.118354 , MAPD:0.618115, R_squared:0.999569  
	Validation = MSE:0.013980 , RMSE:0.118236 , MAE:0.084795 , MAPD:0.456782, R_squared:0.999748

2024-03-21 07:18:40,311 Epoch 186/300, Train Loss: 0.013968, Val Loss: 0.027269  
	Train = MSE:0.013965 , RMSE:0.118173 , MAE:0.090995 , MAPD:0.474055, R_squared:0.999758  
	Validation = MSE:0.027269 , RMSE:0.165133 , MAE:0.134745 , MAPD:0.711864, R_squared:0.999509

2024-03-21 07:19:18,540 Epoch 187/300, Train Loss: 0.018409, Val Loss: 0.010467  
	Train = MSE:0.018414 , RMSE:0.135700 , MAE:0.104231 , MAPD:0.543770, R_squared:0.999681  
	Validation = MSE:0.010467 , RMSE:0.102309 , MAE:0.071292 , MAPD:0.386232, R_squared:0.999812

2024-03-21 07:20:00,399 Epoch 188/300, Train Loss: 0.017966, Val Loss: 0.011860  
	Train = MSE:0.017969 , RMSE:0.134048 , MAE:0.102512 , MAPD:0.539278, R_squared:0.999689  
	Validation = MSE:0.011860 , RMSE:0.108905 , MAE:0.079758 , MAPD:0.443579, R_squared:0.999787

2024-03-21 07:20:36,725 Epoch 189/300, Train Loss: 0.018737, Val Loss: 0.015681  
	Train = MSE:0.018738 , RMSE:0.136888 , MAE:0.103760 , MAPD:0.543047, R_squared:0.999676  
	Validation = MSE:0.015681 , RMSE:0.125224 , MAE:0.096929 , MAPD:0.582238, R_squared:0.999718

2024-03-21 07:21:15,699 Epoch 190/300, Train Loss: 0.014983, Val Loss: 0.010442  
	Train = MSE:0.014984 , RMSE:0.122411 , MAE:0.093411 , MAPD:0.490004, R_squared:0.999741  
	Validation = MSE:0.010442 , RMSE:0.102187 , MAE:0.073990 , MAPD:0.408510, R_squared:0.999812

2024-03-21 07:21:54,999 Epoch 191/300, Train Loss: 0.016775, Val Loss: 0.009842  
	Train = MSE:0.016779 , RMSE:0.129534 , MAE:0.100238 , MAPD:0.524743, R_squared:0.999710  
	Validation = MSE:0.009842 , RMSE:0.099209 , MAE:0.070084 , MAPD:0.385737, R_squared:0.999823

2024-03-21 07:22:35,358 Epoch 192/300, Train Loss: 0.016943, Val Loss: 0.051787  
	Train = MSE:0.016933 , RMSE:0.130126 , MAE:0.099818 , MAPD:0.527903, R_squared:0.999707  
	Validation = MSE:0.051787 , RMSE:0.227568 , MAE:0.206243 , MAPD:1.242943, R_squared:0.999068

2024-03-21 07:23:12,028 Epoch 193/300, Train Loss: 0.021806, Val Loss: 0.015049  
	Train = MSE:0.021810 , RMSE:0.147682 , MAE:0.114666 , MAPD:0.594663, R_squared:0.999622  
	Validation = MSE:0.015049 , RMSE:0.122673 , MAE:0.097631 , MAPD:0.548897, R_squared:0.999729

2024-03-21 07:23:44,974 Epoch 194/300, Train Loss: 0.012344, Val Loss: 0.010515  
	Train = MSE:0.012339 , RMSE:0.111083 , MAE:0.084696 , MAPD:0.447721, R_squared:0.999786  
	Validation = MSE:0.010515 , RMSE:0.102542 , MAE:0.072988 , MAPD:0.395579, R_squared:0.999811

2024-03-21 07:24:19,928 Epoch 195/300, Train Loss: 0.016972, Val Loss: 0.010506  
	Train = MSE:0.016976 , RMSE:0.130293 , MAE:0.100592 , MAPD:0.526663, R_squared:0.999706  
	Validation = MSE:0.010506 , RMSE:0.102501 , MAE:0.073824 , MAPD:0.413480, R_squared:0.999811

2024-03-21 07:24:53,053 Epoch 196/300, Train Loss: 0.015082, Val Loss: 0.019110  
	Train = MSE:0.015081 , RMSE:0.122803 , MAE:0.094506 , MAPD:0.493657, R_squared:0.999739  
	Validation = MSE:0.019110 , RMSE:0.138239 , MAE:0.112303 , MAPD:0.680551, R_squared:0.999656

2024-03-21 07:25:25,307 Epoch 197/300, Train Loss: 0.016106, Val Loss: 0.021382  
	Train = MSE:0.016110 , RMSE:0.126923 , MAE:0.096882 , MAPD:0.511123, R_squared:0.999721  
	Validation = MSE:0.021382 , RMSE:0.146225 , MAE:0.113731 , MAPD:0.564129, R_squared:0.999615

2024-03-21 07:26:02,381 Epoch 198/300, Train Loss: 0.015477, Val Loss: 0.017823  
	Train = MSE:0.015475 , RMSE:0.124400 , MAE:0.096454 , MAPD:0.501179, R_squared:0.999732  
	Validation = MSE:0.017823 , RMSE:0.133504 , MAE:0.104111 , MAPD:0.599490, R_squared:0.999679

2024-03-21 07:26:34,851 Epoch 199/300, Train Loss: 0.018139, Val Loss: 0.033375  
	Train = MSE:0.018142 , RMSE:0.134692 , MAE:0.102507 , MAPD:0.533401, R_squared:0.999686  
	Validation = MSE:0.033375 , RMSE:0.182688 , MAE:0.149854 , MAPD:0.756981, R_squared:0.999399

2024-03-21 07:27:12,256 Epoch 200/300, Train Loss: 0.015457, Val Loss: 0.011878  
	Train = MSE:0.015458 , RMSE:0.124331 , MAE:0.094665 , MAPD:0.495818, R_squared:0.999732  
	Validation = MSE:0.011878 , RMSE:0.108985 , MAE:0.080444 , MAPD:0.443491, R_squared:0.999786

2024-03-21 07:27:50,705 Epoch 201/300, Train Loss: 0.021575, Val Loss: 0.012193  
	Train = MSE:0.021578 , RMSE:0.146894 , MAE:0.110510 , MAPD:0.566682, R_squared:0.999626  
	Validation = MSE:0.012193 , RMSE:0.110420 , MAE:0.078320 , MAPD:0.426282, R_squared:0.999781

2024-03-21 07:28:28,245 Epoch 202/300, Train Loss: 0.014447, Val Loss: 0.013301  
	Train = MSE:0.014442 , RMSE:0.120177 , MAE:0.092466 , MAPD:0.481543, R_squared:0.999750  
	Validation = MSE:0.013301 , RMSE:0.115330 , MAE:0.088917 , MAPD:0.495302, R_squared:0.999761

2024-03-21 07:29:05,695 Epoch 203/300, Train Loss: 0.015292, Val Loss: 0.013448  
	Train = MSE:0.015296 , RMSE:0.123678 , MAE:0.096878 , MAPD:0.513073, R_squared:0.999735  
	Validation = MSE:0.013448 , RMSE:0.115964 , MAE:0.083487 , MAPD:0.453324, R_squared:0.999758

2024-03-21 07:29:40,796 Epoch 204/300, Train Loss: 0.016978, Val Loss: 0.010834  
	Train = MSE:0.016980 , RMSE:0.130308 , MAE:0.099944 , MAPD:0.520697, R_squared:0.999706  
	Validation = MSE:0.010834 , RMSE:0.104087 , MAE:0.074815 , MAPD:0.415736, R_squared:0.999805

2024-03-21 07:30:17,224 Epoch 205/300, Train Loss: 0.014228, Val Loss: 0.019973  
	Train = MSE:0.014230 , RMSE:0.119291 , MAE:0.090840 , MAPD:0.476565, R_squared:0.999754  
	Validation = MSE:0.019973 , RMSE:0.141325 , MAE:0.110727 , MAPD:0.569795, R_squared:0.999641

2024-03-21 07:30:50,711 Epoch 206/300, Train Loss: 0.016569, Val Loss: 0.015086  
	Train = MSE:0.016569 , RMSE:0.128721 , MAE:0.098080 , MAPD:0.517125, R_squared:0.999713  
	Validation = MSE:0.015086 , RMSE:0.122827 , MAE:0.090429 , MAPD:0.463916, R_squared:0.999729

2024-03-21 07:31:27,548 Epoch 207/300, Train Loss: 0.015573, Val Loss: 0.013046  
	Train = MSE:0.015573 , RMSE:0.124791 , MAE:0.096647 , MAPD:0.504910, R_squared:0.999730  
	Validation = MSE:0.013046 , RMSE:0.114219 , MAE:0.088018 , MAPD:0.474808, R_squared:0.999765

2024-03-21 07:32:03,749 Epoch 208/300, Train Loss: 0.020135, Val Loss: 0.016015  
	Train = MSE:0.020139 , RMSE:0.141911 , MAE:0.107630 , MAPD:0.560115, R_squared:0.999651  
	Validation = MSE:0.016015 , RMSE:0.126550 , MAE:0.097145 , MAPD:0.516273, R_squared:0.999712

2024-03-21 07:32:41,207 Epoch 209/300, Train Loss: 0.012618, Val Loss: 0.011038  
	Train = MSE:0.012620 , RMSE:0.112338 , MAE:0.086538 , MAPD:0.453604, R_squared:0.999782  
	Validation = MSE:0.011038 , RMSE:0.105064 , MAE:0.078306 , MAPD:0.434023, R_squared:0.999801

2024-03-21 07:33:17,008 Epoch 210/300, Train Loss: 0.016754, Val Loss: 0.017506  
	Train = MSE:0.016750 , RMSE:0.129421 , MAE:0.099776 , MAPD:0.521029, R_squared:0.999710  
	Validation = MSE:0.017506 , RMSE:0.132311 , MAE:0.102792 , MAPD:0.557486, R_squared:0.999685

2024-03-21 07:33:51,741 Epoch 211/300, Train Loss: 0.013932, Val Loss: 0.012860  
	Train = MSE:0.013932 , RMSE:0.118034 , MAE:0.090657 , MAPD:0.475493, R_squared:0.999759  
	Validation = MSE:0.012860 , RMSE:0.113400 , MAE:0.083573 , MAPD:0.470659, R_squared:0.999769

2024-03-21 07:34:33,186 Epoch 212/300, Train Loss: 0.012411, Val Loss: 0.015591  
	Train = MSE:0.012408 , RMSE:0.111392 , MAE:0.084230 , MAPD:0.444044, R_squared:0.999785  
	Validation = MSE:0.015591 , RMSE:0.124866 , MAE:0.091752 , MAPD:0.484125, R_squared:0.999719

2024-03-21 07:35:15,633 Epoch 213/300, Train Loss: 0.019982, Val Loss: 0.025440  
	Train = MSE:0.019984 , RMSE:0.141364 , MAE:0.109639 , MAPD:0.576452, R_squared:0.999654  
	Validation = MSE:0.025440 , RMSE:0.159499 , MAE:0.129671 , MAPD:0.764683, R_squared:0.999542

2024-03-21 07:35:56,588 Epoch 214/300, Train Loss: 0.013606, Val Loss: 0.036760  
	Train = MSE:0.013598 , RMSE:0.116612 , MAE:0.090155 , MAPD:0.474406, R_squared:0.999765  
	Validation = MSE:0.036760 , RMSE:0.191730 , MAE:0.143375 , MAPD:0.659619, R_squared:0.999339

2024-03-21 07:36:36,732 Epoch 215/300, Train Loss: 0.015852, Val Loss: 0.018947  
	Train = MSE:0.015851 , RMSE:0.125900 , MAE:0.096628 , MAPD:0.505706, R_squared:0.999726  
	Validation = MSE:0.018947 , RMSE:0.137650 , MAE:0.107319 , MAPD:0.559598, R_squared:0.999659

2024-03-21 07:37:08,970 Epoch 216/300, Train Loss: 0.014351, Val Loss: 0.029778  
	Train = MSE:0.014353 , RMSE:0.119803 , MAE:0.092165 , MAPD:0.484018, R_squared:0.999752  
	Validation = MSE:0.029778 , RMSE:0.172563 , MAE:0.137788 , MAPD:0.682735, R_squared:0.999464

2024-03-21 07:37:42,761 Epoch 217/300, Train Loss: 0.018551, Val Loss: 0.028788  
	Train = MSE:0.018552 , RMSE:0.136205 , MAE:0.104957 , MAPD:0.552269, R_squared:0.999679  
	Validation = MSE:0.028788 , RMSE:0.169669 , MAE:0.137022 , MAPD:0.874443, R_squared:0.999482

2024-03-21 07:38:14,668 Epoch 218/300, Train Loss: 0.014874, Val Loss: 0.011795  
	Train = MSE:0.014876 , RMSE:0.121966 , MAE:0.093663 , MAPD:0.488017, R_squared:0.999742  
	Validation = MSE:0.011795 , RMSE:0.108605 , MAE:0.079650 , MAPD:0.434311, R_squared:0.999788

2024-03-21 07:38:42,178 Epoch 219/300, Train Loss: 0.016002, Val Loss: 0.011431  
	Train = MSE:0.016006 , RMSE:0.126514 , MAE:0.097383 , MAPD:0.511763, R_squared:0.999723  
	Validation = MSE:0.011431 , RMSE:0.106917 , MAE:0.078324 , MAPD:0.432158, R_squared:0.999794

2024-03-21 07:39:08,535 Epoch 220/300, Train Loss: 0.013930, Val Loss: 0.019509  
	Train = MSE:0.013929 , RMSE:0.118021 , MAE:0.090291 , MAPD:0.477122, R_squared:0.999759  
	Validation = MSE:0.019509 , RMSE:0.139674 , MAE:0.106108 , MAPD:0.564796, R_squared:0.999649

2024-03-21 07:39:30,790 Epoch 221/300, Train Loss: 0.015394, Val Loss: 0.013594  
	Train = MSE:0.015396 , RMSE:0.124080 , MAE:0.095605 , MAPD:0.495252, R_squared:0.999733  
	Validation = MSE:0.013594 , RMSE:0.116595 , MAE:0.086857 , MAPD:0.458445, R_squared:0.999755

2024-03-21 07:39:56,187 Epoch 222/300, Train Loss: 0.017343, Val Loss: 0.013761  
	Train = MSE:0.017345 , RMSE:0.131700 , MAE:0.099142 , MAPD:0.516729, R_squared:0.999700  
	Validation = MSE:0.013761 , RMSE:0.117308 , MAE:0.088102 , MAPD:0.510231, R_squared:0.999752

2024-03-21 07:40:16,266 Epoch 223/300, Train Loss: 0.012830, Val Loss: 0.012104  
	Train = MSE:0.012827 , RMSE:0.113258 , MAE:0.086813 , MAPD:0.456194, R_squared:0.999778  
	Validation = MSE:0.012104 , RMSE:0.110019 , MAE:0.081498 , MAPD:0.479653, R_squared:0.999782

2024-03-21 07:40:38,357 Epoch 224/300, Train Loss: 0.016086, Val Loss: 0.010471  
	Train = MSE:0.016090 , RMSE:0.126845 , MAE:0.097938 , MAPD:0.508668, R_squared:0.999721  
	Validation = MSE:0.010471 , RMSE:0.102330 , MAE:0.074068 , MAPD:0.406739, R_squared:0.999812

2024-03-21 07:40:58,344 Epoch 225/300, Train Loss: 0.015966, Val Loss: 0.011634  
	Train = MSE:0.015967 , RMSE:0.126361 , MAE:0.096457 , MAPD:0.508650, R_squared:0.999724  
	Validation = MSE:0.011634 , RMSE:0.107860 , MAE:0.078424 , MAPD:0.419041, R_squared:0.999791

2024-03-21 07:41:20,459 Epoch 226/300, Train Loss: 0.014685, Val Loss: 0.013303  
	Train = MSE:0.014687 , RMSE:0.121192 , MAE:0.092219 , MAPD:0.479048, R_squared:0.999746  
	Validation = MSE:0.013303 , RMSE:0.115338 , MAE:0.085905 , MAPD:0.465320, R_squared:0.999761

2024-03-21 07:41:42,470 Epoch 227/300, Train Loss: 0.016330, Val Loss: 0.018338  
	Train = MSE:0.016333 , RMSE:0.127799 , MAE:0.098256 , MAPD:0.514844, R_squared:0.999717  
	Validation = MSE:0.018338 , RMSE:0.135418 , MAE:0.109343 , MAPD:0.639517, R_squared:0.999670

2024-03-21 07:42:03,329 Epoch 228/300, Train Loss: 0.012407, Val Loss: 0.019464  
	Train = MSE:0.012406 , RMSE:0.111381 , MAE:0.085161 , MAPD:0.446802, R_squared:0.999785  
	Validation = MSE:0.019464 , RMSE:0.139515 , MAE:0.108224 , MAPD:0.581443, R_squared:0.999650

2024-03-21 07:42:23,881 Epoch 229/300, Train Loss: 0.017965, Val Loss: 0.017061  
	Train = MSE:0.017970 , RMSE:0.134053 , MAE:0.102626 , MAPD:0.531576, R_squared:0.999689  
	Validation = MSE:0.017061 , RMSE:0.130618 , MAE:0.102980 , MAPD:0.531871, R_squared:0.999693

2024-03-21 07:42:42,860 Epoch 230/300, Train Loss: 0.013530, Val Loss: 0.020456  
	Train = MSE:0.013533 , RMSE:0.116332 , MAE:0.089264 , MAPD:0.473348, R_squared:0.999766  
	Validation = MSE:0.020456 , RMSE:0.143024 , MAE:0.116549 , MAPD:0.609364, R_squared:0.999632

2024-03-21 07:43:01,842 Epoch 231/300, Train Loss: 0.016898, Val Loss: 0.011554  
	Train = MSE:0.016901 , RMSE:0.130004 , MAE:0.101318 , MAPD:0.539907, R_squared:0.999707  
	Validation = MSE:0.011554 , RMSE:0.107490 , MAE:0.077353 , MAPD:0.412239, R_squared:0.999792

2024-03-21 07:43:23,199 Epoch 232/300, Train Loss: 0.013386, Val Loss: 0.011033  
	Train = MSE:0.013388 , RMSE:0.115707 , MAE:0.088860 , MAPD:0.469378, R_squared:0.999768  
	Validation = MSE:0.011033 , RMSE:0.105038 , MAE:0.078567 , MAPD:0.419934, R_squared:0.999801

2024-03-21 07:43:45,265 Epoch 233/300, Train Loss: 0.015336, Val Loss: 0.019391  
	Train = MSE:0.015332 , RMSE:0.123821 , MAE:0.095794 , MAPD:0.501315, R_squared:0.999735  
	Validation = MSE:0.019391 , RMSE:0.139251 , MAE:0.105661 , MAPD:0.538785, R_squared:0.999651

2024-03-21 07:44:03,655 Epoch 234/300, Train Loss: 0.012912, Val Loss: 0.010371  
	Train = MSE:0.012914 , RMSE:0.113642 , MAE:0.088332 , MAPD:0.462879, R_squared:0.999776  
	Validation = MSE:0.010371 , RMSE:0.101838 , MAE:0.071767 , MAPD:0.399693, R_squared:0.999813

2024-03-21 07:44:21,771 Epoch 235/300, Train Loss: 0.016088, Val Loss: 0.020659  
	Train = MSE:0.016078 , RMSE:0.126798 , MAE:0.097524 , MAPD:0.509301, R_squared:0.999722  
	Validation = MSE:0.020659 , RMSE:0.143734 , MAE:0.113958 , MAPD:0.609777, R_squared:0.999628

2024-03-21 07:44:40,295 Epoch 236/300, Train Loss: 0.016608, Val Loss: 0.010257  
	Train = MSE:0.016611 , RMSE:0.128884 , MAE:0.099613 , MAPD:0.516667, R_squared:0.999712  
	Validation = MSE:0.010257 , RMSE:0.101275 , MAE:0.072101 , MAPD:0.401038, R_squared:0.999815

2024-03-21 07:44:58,307 Epoch 237/300, Train Loss: 0.011133, Val Loss: 0.016060  
	Train = MSE:0.011136 , RMSE:0.105527 , MAE:0.080993 , MAPD:0.420326, R_squared:0.999807  
	Validation = MSE:0.016060 , RMSE:0.126728 , MAE:0.092898 , MAPD:0.456439, R_squared:0.999711

2024-03-21 07:45:16,452 Epoch 238/300, Train Loss: 0.013704, Val Loss: 0.009842  
	Train = MSE:0.013704 , RMSE:0.117064 , MAE:0.089690 , MAPD:0.476119, R_squared:0.999763  
	Validation = MSE:0.009842 , RMSE:0.099208 , MAE:0.071369 , MAPD:0.402919, R_squared:0.999823

2024-03-21 07:45:34,352 Epoch 239/300, Train Loss: 0.016329, Val Loss: 0.015172  
	Train = MSE:0.016332 , RMSE:0.127795 , MAE:0.098174 , MAPD:0.514510, R_squared:0.999717  
	Validation = MSE:0.015172 , RMSE:0.123175 , MAE:0.094774 , MAPD:0.513013, R_squared:0.999727

2024-03-21 07:45:52,951 Epoch 240/300, Train Loss: 0.014466, Val Loss: 0.023996  
	Train = MSE:0.014470 , RMSE:0.120291 , MAE:0.090862 , MAPD:0.474521, R_squared:0.999750  
	Validation = MSE:0.023996 , RMSE:0.154907 , MAE:0.125196 , MAPD:0.678922, R_squared:0.999568

2024-03-21 07:46:10,480 Epoch 241/300, Train Loss: 0.012908, Val Loss: 0.020045  
	Train = MSE:0.012905 , RMSE:0.113601 , MAE:0.087508 , MAPD:0.460239, R_squared:0.999777  
	Validation = MSE:0.020045 , RMSE:0.141582 , MAE:0.110732 , MAPD:0.571337, R_squared:0.999639

2024-03-21 07:46:30,043 Epoch 242/300, Train Loss: 0.015870, Val Loss: 0.017121  
	Train = MSE:0.015866 , RMSE:0.125960 , MAE:0.097198 , MAPD:0.506459, R_squared:0.999725  
	Validation = MSE:0.017121 , RMSE:0.130849 , MAE:0.097670 , MAPD:0.500426, R_squared:0.999692

2024-03-21 07:46:48,777 Epoch 243/300, Train Loss: 0.014929, Val Loss: 0.014047  
	Train = MSE:0.014933 , RMSE:0.122201 , MAE:0.093982 , MAPD:0.488293, R_squared:0.999742  
	Validation = MSE:0.014047 , RMSE:0.118522 , MAE:0.086247 , MAPD:0.458606, R_squared:0.999747

2024-03-21 07:47:06,744 Epoch 244/300, Train Loss: 0.018822, Val Loss: 0.012360  
	Train = MSE:0.018822 , RMSE:0.137195 , MAE:0.104997 , MAPD:0.549127, R_squared:0.999674  
	Validation = MSE:0.012360 , RMSE:0.111177 , MAE:0.085192 , MAPD:0.475373, R_squared:0.999778

2024-03-21 07:47:26,677 Epoch 245/300, Train Loss: 0.014333, Val Loss: 0.017862  
	Train = MSE:0.014334 , RMSE:0.119726 , MAE:0.092645 , MAPD:0.485101, R_squared:0.999752  
	Validation = MSE:0.017862 , RMSE:0.133648 , MAE:0.102363 , MAPD:0.575519, R_squared:0.999679

2024-03-21 07:47:45,442 Epoch 246/300, Train Loss: 0.019530, Val Loss: 0.011056  
	Train = MSE:0.019533 , RMSE:0.139760 , MAE:0.105544 , MAPD:0.548984, R_squared:0.999662  
	Validation = MSE:0.011056 , RMSE:0.105146 , MAE:0.077291 , MAPD:0.418808, R_squared:0.999801

2024-03-21 07:48:03,918 Epoch 247/300, Train Loss: 0.012868, Val Loss: 0.010139  
	Train = MSE:0.012870 , RMSE:0.113446 , MAE:0.087501 , MAPD:0.457614, R_squared:0.999777  
	Validation = MSE:0.010139 , RMSE:0.100695 , MAE:0.071901 , MAPD:0.392865, R_squared:0.999818

2024-03-21 07:48:26,549 Epoch 248/300, Train Loss: 0.012479, Val Loss: 0.022234  
	Train = MSE:0.012479 , RMSE:0.111711 , MAE:0.085062 , MAPD:0.448110, R_squared:0.999784  
	Validation = MSE:0.022234 , RMSE:0.149111 , MAE:0.125053 , MAPD:0.682160, R_squared:0.999600

2024-03-21 07:48:44,926 Epoch 249/300, Train Loss: 0.012000, Val Loss: 0.017590  
	Train = MSE:0.011993 , RMSE:0.109514 , MAE:0.084041 , MAPD:0.439727, R_squared:0.999792  
	Validation = MSE:0.017590 , RMSE:0.132627 , MAE:0.102968 , MAPD:0.545986, R_squared:0.999683

2024-03-21 07:49:04,455 Epoch 250/300, Train Loss: 0.018126, Val Loss: 0.093569  
	Train = MSE:0.018126 , RMSE:0.134635 , MAE:0.105036 , MAPD:0.547467, R_squared:0.999686  
	Validation = MSE:0.093569 , RMSE:0.305891 , MAE:0.287750 , MAPD:1.642826, R_squared:0.998316

2024-03-21 07:49:22,455 Epoch 251/300, Train Loss: 0.014350, Val Loss: 0.013428  
	Train = MSE:0.014351 , RMSE:0.119795 , MAE:0.091124 , MAPD:0.476032, R_squared:0.999752  
	Validation = MSE:0.013428 , RMSE:0.115880 , MAE:0.086778 , MAPD:0.455191, R_squared:0.999758

2024-03-21 07:49:42,969 Epoch 252/300, Train Loss: 0.014179, Val Loss: 0.014773  
	Train = MSE:0.014172 , RMSE:0.119048 , MAE:0.091711 , MAPD:0.479757, R_squared:0.999755  
	Validation = MSE:0.014773 , RMSE:0.121544 , MAE:0.089066 , MAPD:0.502066, R_squared:0.999734

2024-03-21 07:50:02,126 Epoch 253/300, Train Loss: 0.014351, Val Loss: 0.011818  
	Train = MSE:0.014353 , RMSE:0.119806 , MAE:0.090938 , MAPD:0.474997, R_squared:0.999752  
	Validation = MSE:0.011818 , RMSE:0.108710 , MAE:0.079838 , MAPD:0.432928, R_squared:0.999787

2024-03-21 07:50:19,822 Epoch 254/300, Train Loss: 0.014440, Val Loss: 0.010480  
	Train = MSE:0.014441 , RMSE:0.120169 , MAE:0.091180 , MAPD:0.479509, R_squared:0.999750  
	Validation = MSE:0.010480 , RMSE:0.102374 , MAE:0.073861 , MAPD:0.401670, R_squared:0.999811

2024-03-21 07:50:40,516 Epoch 255/300, Train Loss: 0.016046, Val Loss: 0.032534  
	Train = MSE:0.016049 , RMSE:0.126686 , MAE:0.098703 , MAPD:0.516632, R_squared:0.999722  
	Validation = MSE:0.032534 , RMSE:0.180371 , MAE:0.132477 , MAPD:0.618339, R_squared:0.999415

2024-03-21 07:50:58,317 Epoch 256/300, Train Loss: 0.015476, Val Loss: 0.042380  
	Train = MSE:0.015467 , RMSE:0.124367 , MAE:0.093904 , MAPD:0.492689, R_squared:0.999732  
	Validation = MSE:0.042380 , RMSE:0.205863 , MAE:0.176305 , MAPD:0.933200, R_squared:0.999237

2024-03-21 07:51:16,539 Epoch 257/300, Train Loss: 0.012758, Val Loss: 0.010997  
	Train = MSE:0.012761 , RMSE:0.112962 , MAE:0.087477 , MAPD:0.456500, R_squared:0.999779  
	Validation = MSE:0.010997 , RMSE:0.104869 , MAE:0.075678 , MAPD:0.413849, R_squared:0.999802

2024-03-21 07:51:36,469 Epoch 258/300, Train Loss: 0.014650, Val Loss: 0.011184  
	Train = MSE:0.014652 , RMSE:0.121047 , MAE:0.093724 , MAPD:0.492642, R_squared:0.999746  
	Validation = MSE:0.011184 , RMSE:0.105753 , MAE:0.078114 , MAPD:0.436186, R_squared:0.999799

2024-03-21 07:51:54,402 Epoch 259/300, Train Loss: 0.013680, Val Loss: 0.010644  
	Train = MSE:0.013682 , RMSE:0.116972 , MAE:0.090354 , MAPD:0.473863, R_squared:0.999763  
	Validation = MSE:0.010644 , RMSE:0.103170 , MAE:0.074497 , MAPD:0.413093, R_squared:0.999808

2024-03-21 07:52:12,247 Epoch 260/300, Train Loss: 0.014387, Val Loss: 0.022665  
	Train = MSE:0.014374 , RMSE:0.119890 , MAE:0.092345 , MAPD:0.482648, R_squared:0.999751  
	Validation = MSE:0.022665 , RMSE:0.150548 , MAE:0.117665 , MAPD:0.611163, R_squared:0.999592

2024-03-21 07:52:31,030 Epoch 261/300, Train Loss: 0.014884, Val Loss: 0.011625  
	Train = MSE:0.014884 , RMSE:0.121998 , MAE:0.091862 , MAPD:0.482846, R_squared:0.999742  
	Validation = MSE:0.011625 , RMSE:0.107819 , MAE:0.078008 , MAPD:0.425485, R_squared:0.999791

2024-03-21 07:52:51,877 Epoch 262/300, Train Loss: 0.019437, Val Loss: 0.015752  
	Train = MSE:0.019439 , RMSE:0.139425 , MAE:0.103985 , MAPD:0.543810, R_squared:0.999664  
	Validation = MSE:0.015752 , RMSE:0.125507 , MAE:0.094936 , MAPD:0.545609, R_squared:0.999717

2024-03-21 07:53:10,599 Epoch 263/300, Train Loss: 0.014229, Val Loss: 0.021988  
	Train = MSE:0.014230 , RMSE:0.119288 , MAE:0.090722 , MAPD:0.474301, R_squared:0.999754  
	Validation = MSE:0.021988 , RMSE:0.148284 , MAE:0.123549 , MAPD:0.702913, R_squared:0.999604

2024-03-21 07:53:29,671 Epoch 264/300, Train Loss: 0.012989, Val Loss: 0.041663  
	Train = MSE:0.012990 , RMSE:0.113975 , MAE:0.088057 , MAPD:0.460449, R_squared:0.999775  
	Validation = MSE:0.041663 , RMSE:0.204115 , MAE:0.186182 , MAPD:1.075083, R_squared:0.999250

2024-03-21 07:53:49,438 Epoch 265/300, Train Loss: 0.017328, Val Loss: 0.023289  
	Train = MSE:0.017331 , RMSE:0.131646 , MAE:0.103186 , MAPD:0.537873, R_squared:0.999700  
	Validation = MSE:0.023289 , RMSE:0.152609 , MAE:0.125176 , MAPD:0.734478, R_squared:0.999581

2024-03-21 07:54:08,125 Epoch 266/300, Train Loss: 0.012440, Val Loss: 0.010041  
	Train = MSE:0.012442 , RMSE:0.111542 , MAE:0.085770 , MAPD:0.455537, R_squared:0.999785  
	Validation = MSE:0.010041 , RMSE:0.100203 , MAE:0.072144 , MAPD:0.389553, R_squared:0.999819

2024-03-21 07:54:27,982 Epoch 267/300, Train Loss: 0.012325, Val Loss: 0.013628  
	Train = MSE:0.012328 , RMSE:0.111033 , MAE:0.084514 , MAPD:0.440273, R_squared:0.999787  
	Validation = MSE:0.013628 , RMSE:0.116737 , MAE:0.088635 , MAPD:0.519582, R_squared:0.999755

2024-03-21 07:54:47,627 Epoch 268/300, Train Loss: 0.015902, Val Loss: 0.031528  
	Train = MSE:0.015906 , RMSE:0.126119 , MAE:0.095894 , MAPD:0.499866, R_squared:0.999725  
	Validation = MSE:0.031528 , RMSE:0.177561 , MAE:0.149273 , MAPD:0.826296, R_squared:0.999433

2024-03-21 07:55:06,173 Epoch 269/300, Train Loss: 0.014567, Val Loss: 0.011738  
	Train = MSE:0.014567 , RMSE:0.120694 , MAE:0.093248 , MAPD:0.492764, R_squared:0.999748  
	Validation = MSE:0.011738 , RMSE:0.108342 , MAE:0.077977 , MAPD:0.418757, R_squared:0.999789

2024-03-21 07:55:24,110 Epoch 270/300, Train Loss: 0.021409, Val Loss: 0.011477  
	Train = MSE:0.021408 , RMSE:0.146314 , MAE:0.111043 , MAPD:0.583889, R_squared:0.999629  
	Validation = MSE:0.011477 , RMSE:0.107129 , MAE:0.077379 , MAPD:0.425787, R_squared:0.999793

2024-03-21 07:55:43,992 Epoch 271/300, Train Loss: 0.014212, Val Loss: 0.060111  
	Train = MSE:0.014195 , RMSE:0.119141 , MAE:0.092633 , MAPD:0.480607, R_squared:0.999754  
	Validation = MSE:0.060111 , RMSE:0.245175 , MAE:0.210506 , MAPD:1.049309, R_squared:0.998918

2024-03-21 07:56:03,572 Epoch 272/300, Train Loss: 0.013609, Val Loss: 0.025257  
	Train = MSE:0.013611 , RMSE:0.116664 , MAE:0.090363 , MAPD:0.471099, R_squared:0.999764  
	Validation = MSE:0.025257 , RMSE:0.158925 , MAE:0.132501 , MAPD:0.724531, R_squared:0.999546

2024-03-21 07:56:21,775 Epoch 273/300, Train Loss: 0.011083, Val Loss: 0.010464  
	Train = MSE:0.011084 , RMSE:0.105282 , MAE:0.080699 , MAPD:0.423422, R_squared:0.999808  
	Validation = MSE:0.010464 , RMSE:0.102292 , MAE:0.071777 , MAPD:0.399178, R_squared:0.999812

2024-03-21 07:56:41,693 Epoch 274/300, Train Loss: 0.012620, Val Loss: 0.012551  
	Train = MSE:0.012623 , RMSE:0.112352 , MAE:0.085979 , MAPD:0.446158, R_squared:0.999781  
	Validation = MSE:0.012551 , RMSE:0.112032 , MAE:0.085590 , MAPD:0.497108, R_squared:0.999774

2024-03-21 07:57:00,288 Epoch 275/300, Train Loss: 0.016049, Val Loss: 0.014113  
	Train = MSE:0.016048 , RMSE:0.126681 , MAE:0.096764 , MAPD:0.504619, R_squared:0.999722  
	Validation = MSE:0.014113 , RMSE:0.118797 , MAE:0.089459 , MAPD:0.495172, R_squared:0.999746

2024-03-21 07:57:16,735 Epoch 276/300, Train Loss: 0.015317, Val Loss: 0.015620  
	Train = MSE:0.015319 , RMSE:0.123770 , MAE:0.094914 , MAPD:0.491991, R_squared:0.999735  
	Validation = MSE:0.015620 , RMSE:0.124979 , MAE:0.093112 , MAPD:0.474320, R_squared:0.999719

2024-03-21 07:57:33,123 Epoch 277/300, Train Loss: 0.015589, Val Loss: 0.050904  
	Train = MSE:0.015585 , RMSE:0.124841 , MAE:0.095513 , MAPD:0.500344, R_squared:0.999730  
	Validation = MSE:0.050904 , RMSE:0.225619 , MAE:0.191899 , MAPD:0.953654, R_squared:0.999084

2024-03-21 07:57:48,628 Epoch 278/300, Train Loss: 0.013174, Val Loss: 0.019437  
	Train = MSE:0.013177 , RMSE:0.114792 , MAE:0.088508 , MAPD:0.469156, R_squared:0.999772  
	Validation = MSE:0.019437 , RMSE:0.139416 , MAE:0.106880 , MAPD:0.530431, R_squared:0.999650

2024-03-21 07:58:05,473 Epoch 279/300, Train Loss: 0.010357, Val Loss: 0.023599  
	Train = MSE:0.010358 , RMSE:0.101772 , MAE:0.077338 , MAPD:0.404235, R_squared:0.999821  
	Validation = MSE:0.023599 , RMSE:0.153620 , MAE:0.127133 , MAPD:0.765637, R_squared:0.999575

2024-03-21 07:58:20,752 Epoch 280/300, Train Loss: 0.015816, Val Loss: 0.011548  
	Train = MSE:0.015818 , RMSE:0.125770 , MAE:0.097392 , MAPD:0.508875, R_squared:0.999726  
	Validation = MSE:0.011548 , RMSE:0.107462 , MAE:0.075991 , MAPD:0.416860, R_squared:0.999792

2024-03-21 07:58:35,933 Epoch 281/300, Train Loss: 0.017362, Val Loss: 0.020373  
	Train = MSE:0.017363 , RMSE:0.131768 , MAE:0.100497 , MAPD:0.529115, R_squared:0.999699  
	Validation = MSE:0.020373 , RMSE:0.142735 , MAE:0.114123 , MAPD:0.618976, R_squared:0.999633

2024-03-21 07:58:52,142 Epoch 282/300, Train Loss: 0.014202, Val Loss: 0.021812  
	Train = MSE:0.014197 , RMSE:0.119153 , MAE:0.091949 , MAPD:0.485354, R_squared:0.999754  
	Validation = MSE:0.021812 , RMSE:0.147690 , MAE:0.117022 , MAPD:0.589081, R_squared:0.999608

2024-03-21 07:59:06,886 Epoch 283/300, Train Loss: 0.012653, Val Loss: 0.012828  
	Train = MSE:0.012655 , RMSE:0.112497 , MAE:0.085718 , MAPD:0.451123, R_squared:0.999781  
	Validation = MSE:0.012828 , RMSE:0.113259 , MAE:0.084240 , MAPD:0.467008, R_squared:0.999769

2024-03-21 07:59:24,690 Epoch 284/300, Train Loss: 0.011954, Val Loss: 0.010250  
	Train = MSE:0.011957 , RMSE:0.109349 , MAE:0.083378 , MAPD:0.434959, R_squared:0.999793  
	Validation = MSE:0.010250 , RMSE:0.101242 , MAE:0.072802 , MAPD:0.389944, R_squared:0.999816

2024-03-21 07:59:38,093 Epoch 285/300, Train Loss: 0.020929, Val Loss: 0.012921  
	Train = MSE:0.020932 , RMSE:0.144680 , MAE:0.110431 , MAPD:0.573603, R_squared:0.999638  
	Validation = MSE:0.012921 , RMSE:0.113670 , MAE:0.085992 , MAPD:0.453831, R_squared:0.999768

2024-03-21 07:59:52,891 Epoch 286/300, Train Loss: 0.014499, Val Loss: 0.009982  
	Train = MSE:0.014501 , RMSE:0.120422 , MAE:0.091828 , MAPD:0.479872, R_squared:0.999749  
	Validation = MSE:0.009982 , RMSE:0.099912 , MAE:0.073815 , MAPD:0.410998, R_squared:0.999820

2024-03-21 08:00:11,249 Epoch 287/300, Train Loss: 0.010713, Val Loss: 0.010278  
	Train = MSE:0.010711 , RMSE:0.103496 , MAE:0.078974 , MAPD:0.413223, R_squared:0.999815  
	Validation = MSE:0.010278 , RMSE:0.101380 , MAE:0.072781 , MAPD:0.402464, R_squared:0.999815

2024-03-21 08:00:24,613 Epoch 288/300, Train Loss: 0.012600, Val Loss: 0.010525  
	Train = MSE:0.012602 , RMSE:0.112261 , MAE:0.085679 , MAPD:0.445444, R_squared:0.999782  
	Validation = MSE:0.010525 , RMSE:0.102592 , MAE:0.072562 , MAPD:0.397669, R_squared:0.999811

2024-03-21 08:00:38,269 Epoch 289/300, Train Loss: 0.013252, Val Loss: 0.012288  
	Train = MSE:0.013255 , RMSE:0.115130 , MAE:0.088379 , MAPD:0.464738, R_squared:0.999771  
	Validation = MSE:0.012288 , RMSE:0.110852 , MAE:0.080550 , MAPD:0.462183, R_squared:0.999779

2024-03-21 08:00:52,023 Epoch 290/300, Train Loss: 0.017166, Val Loss: 0.011409  
	Train = MSE:0.017169 , RMSE:0.131030 , MAE:0.100207 , MAPD:0.528806, R_squared:0.999703  
	Validation = MSE:0.011409 , RMSE:0.106811 , MAE:0.077114 , MAPD:0.419445, R_squared:0.999795

2024-03-21 08:01:05,365 Epoch 291/300, Train Loss: 0.011543, Val Loss: 0.012401  
	Train = MSE:0.011544 , RMSE:0.107445 , MAE:0.082458 , MAPD:0.430734, R_squared:0.999800  
	Validation = MSE:0.012401 , RMSE:0.111359 , MAE:0.082179 , MAPD:0.480776, R_squared:0.999777

2024-03-21 08:01:22,297 Epoch 292/300, Train Loss: 0.014271, Val Loss: 0.010356  
	Train = MSE:0.014273 , RMSE:0.119470 , MAE:0.091247 , MAPD:0.479073, R_squared:0.999753  
	Validation = MSE:0.010356 , RMSE:0.101765 , MAE:0.073315 , MAPD:0.411471, R_squared:0.999814

2024-03-21 08:01:36,370 Epoch 293/300, Train Loss: 0.014048, Val Loss: 0.017020  
	Train = MSE:0.014047 , RMSE:0.118518 , MAE:0.089979 , MAPD:0.466673, R_squared:0.999757  
	Validation = MSE:0.017020 , RMSE:0.130462 , MAE:0.097231 , MAPD:0.491312, R_squared:0.999694

2024-03-21 08:01:49,744 Epoch 294/300, Train Loss: 0.012153, Val Loss: 0.013867  
	Train = MSE:0.012156 , RMSE:0.110256 , MAE:0.083932 , MAPD:0.438649, R_squared:0.999790  
	Validation = MSE:0.013867 , RMSE:0.117760 , MAE:0.085486 , MAPD:0.434938, R_squared:0.999750

2024-03-21 08:02:03,010 Epoch 295/300, Train Loss: 0.012913, Val Loss: 0.014579  
	Train = MSE:0.012914 , RMSE:0.113641 , MAE:0.085752 , MAPD:0.448297, R_squared:0.999776  
	Validation = MSE:0.014579 , RMSE:0.120744 , MAE:0.090656 , MAPD:0.497867, R_squared:0.999738

2024-03-21 08:02:16,403 Epoch 296/300, Train Loss: 0.013407, Val Loss: 0.016182  
	Train = MSE:0.013408 , RMSE:0.115791 , MAE:0.089464 , MAPD:0.469278, R_squared:0.999768  
	Validation = MSE:0.016182 , RMSE:0.127207 , MAE:0.095220 , MAPD:0.501209, R_squared:0.999709

2024-03-21 08:02:30,423 Epoch 297/300, Train Loss: 0.011441, Val Loss: 0.021937  
	Train = MSE:0.011443 , RMSE:0.106974 , MAE:0.082631 , MAPD:0.433361, R_squared:0.999802  
	Validation = MSE:0.021937 , RMSE:0.148110 , MAE:0.117043 , MAPD:0.589097, R_squared:0.999605

2024-03-21 08:02:43,893 Epoch 298/300, Train Loss: 0.013704, Val Loss: 0.017768  
	Train = MSE:0.013706 , RMSE:0.117072 , MAE:0.088716 , MAPD:0.463773, R_squared:0.999763  
	Validation = MSE:0.017768 , RMSE:0.133295 , MAE:0.106265 , MAPD:0.629467, R_squared:0.999680

2024-03-21 08:02:57,204 Epoch 299/300, Train Loss: 0.018561, Val Loss: 0.011485  
	Train = MSE:0.018566 , RMSE:0.136255 , MAE:0.099241 , MAPD:0.516279, R_squared:0.999679  
	Validation = MSE:0.011485 , RMSE:0.107167 , MAE:0.076896 , MAPD:0.412627, R_squared:0.999793

2024-03-21 08:03:11,156 Epoch 300/300, Train Loss: 0.014124, Val Loss: 0.023902  
	Train = MSE:0.014126 , RMSE:0.118855 , MAE:0.089607 , MAPD:0.468207, R_squared:0.999755  
	Validation = MSE:0.023902 , RMSE:0.154601 , MAE:0.122448 , MAPD:0.628088, R_squared:0.999570

2024-03-21 08:03:11,158 Time for training the model: 10041.707999
2024-03-21 08:03:16,240 MSE for train: 0.020871
2024-03-21 08:03:16,240 RMSE for train: 0.144468
2024-03-21 08:03:16,240 MAE for train: 0.118792
2024-03-21 08:03:16,240 MAPD for train: 0.585640
2024-03-21 08:03:16,240 R^2 Score for train: 0.999639
2024-03-21 08:03:16,242 Inference time for train dataset: 4.167000

2024-03-21 08:03:16,796 MSE for val: 0.023902
2024-03-21 08:03:16,796 RMSE for val: 0.154601
2024-03-21 08:03:16,796 MAE for val: 0.122448
2024-03-21 08:03:16,797 MAPD for val: 0.628088
2024-03-21 08:03:16,797 R^2 Score for val: 0.999570
2024-03-21 08:03:16,798 Inference time for val dataset: 0.555001

2024-03-21 08:03:17,340 MSE for test: 0.024699
2024-03-21 08:03:17,340 RMSE for test: 0.157160
2024-03-21 08:03:17,340 MAE for test: 0.125658
2024-03-21 08:03:17,341 MAPD for test: 0.609790
2024-03-21 08:03:17,341 R^2 Score for test: 0.999592
2024-03-21 08:03:17,342 Inference time for test dataset: 0.543000

2024-03-21 08:03:19,577 Train label average: , [20.62097221]
2024-03-21 08:03:19,577 Test label average: , [21.41736175]
2024-03-21 08:03:19,577 validation label average: , [20.14607025]
2024-03-21 08:03:19,577 predicted (on validation dataset) values average: , 21.52907470703125
