2024-03-21 04:01:17,812 train batches in dataset: 50
2024-03-21 04:01:17,812 val batches in dataset: 7
2024-03-21 04:01:17,812 test batches in dataset: 7
2024-03-21 04:01:17,830 Trainable parameter: net_core.0.weight - size: torch.Size([256, 35])
2024-03-21 04:01:17,838 Trainable parameter: net_core.0.bias - size: torch.Size([256])
2024-03-21 04:01:17,848 Trainable parameter: net_core.1.weight - size: torch.Size([128, 256])
2024-03-21 04:01:17,855 Trainable parameter: net_core.1.bias - size: torch.Size([128])
2024-03-21 04:01:17,863 Trainable parameter: net_core.2.weight - size: torch.Size([64, 128])
2024-03-21 04:01:17,871 Trainable parameter: net_core.2.bias - size: torch.Size([64])
2024-03-21 04:01:17,879 Trainable parameter: net_core.3.weight - size: torch.Size([16, 64])
2024-03-21 04:01:17,880 Trainable parameter: net_core.3.bias - size: torch.Size([16])
2024-03-21 04:01:17,880 Trainable parameter: net_core.4.weight - size: torch.Size([1, 16])
2024-03-21 04:01:17,881 Trainable parameter: net_core.4.bias - size: torch.Size([1])
2024-03-21 04:01:17,881 Number of trainable parameters: 51425
2024-03-21 04:01:17,881 Number of non-trainable parameters: 0
2024-03-21 04:01:27,898 Epoch 1/300, Train Loss: 55.686878, Val Loss: 4.386006  
	Train = MSE:55.702705 , RMSE:7.463425 , MAE:5.018515 , MAPD:26.680752, R_squared:0.035777  
	Validation = MSE:4.431316 , RMSE:2.105069 , MAE:1.769273 , MAPD:9.292681, R_squared:0.920263

2024-03-21 04:01:36,618 Epoch 2/300, Train Loss: 2.608082, Val Loss: 1.802772  
	Train = MSE:2.608219 , RMSE:1.614998 , MAE:1.304968 , MAPD:7.428632, R_squared:0.954851  
	Validation = MSE:1.854183 , RMSE:1.361684 , MAE:1.143850 , MAPD:6.388399, R_squared:0.966636

2024-03-21 04:01:44,104 Epoch 3/300, Train Loss: 1.370826, Val Loss: 1.062343  
	Train = MSE:1.370926 , RMSE:1.170865 , MAE:0.946564 , MAPD:5.375815, R_squared:0.976269  
	Validation = MSE:1.076488 , RMSE:1.037539 , MAE:0.862161 , MAPD:4.521842, R_squared:0.980630

2024-03-21 04:01:55,057 Epoch 4/300, Train Loss: 0.722469, Val Loss: 0.421225  
	Train = MSE:0.722615 , RMSE:0.850068 , MAE:0.662021 , MAPD:3.600366, R_squared:0.987491  
	Validation = MSE:0.412987 , RMSE:0.642641 , MAE:0.506288 , MAPD:2.635245, R_squared:0.992569

2024-03-21 04:02:04,528 Epoch 5/300, Train Loss: 0.241405, Val Loss: 0.166934  
	Train = MSE:0.241434 , RMSE:0.491359 , MAE:0.371065 , MAPD:1.990893, R_squared:0.995821  
	Validation = MSE:0.169326 , RMSE:0.411493 , MAE:0.311755 , MAPD:1.723629, R_squared:0.996953

2024-03-21 04:02:15,580 Epoch 6/300, Train Loss: 0.202927, Val Loss: 0.191767  
	Train = MSE:0.202892 , RMSE:0.450435 , MAE:0.341853 , MAPD:1.799352, R_squared:0.996488  
	Validation = MSE:0.192197 , RMSE:0.438403 , MAE:0.340082 , MAPD:1.788342, R_squared:0.996542

2024-03-21 04:02:24,550 Epoch 7/300, Train Loss: 0.175297, Val Loss: 0.126100  
	Train = MSE:0.175279 , RMSE:0.418663 , MAE:0.313281 , MAPD:1.659182, R_squared:0.996966  
	Validation = MSE:0.128366 , RMSE:0.358282 , MAE:0.263269 , MAPD:1.464451, R_squared:0.997690

2024-03-21 04:02:33,133 Epoch 8/300, Train Loss: 0.113920, Val Loss: 0.105431  
	Train = MSE:0.113913 , RMSE:0.337510 , MAE:0.251186 , MAPD:1.371296, R_squared:0.998028  
	Validation = MSE:0.109492 , RMSE:0.330896 , MAE:0.243134 , MAPD:1.388057, R_squared:0.998030

2024-03-21 04:02:41,672 Epoch 9/300, Train Loss: 0.101897, Val Loss: 0.103358  
	Train = MSE:0.101912 , RMSE:0.319237 , MAE:0.235589 , MAPD:1.286468, R_squared:0.998236  
	Validation = MSE:0.105756 , RMSE:0.325202 , MAE:0.229954 , MAPD:1.289217, R_squared:0.998097

2024-03-21 04:02:49,130 Epoch 10/300, Train Loss: 0.110621, Val Loss: 0.091849  
	Train = MSE:0.110636 , RMSE:0.332620 , MAE:0.247845 , MAPD:1.324742, R_squared:0.998085  
	Validation = MSE:0.094682 , RMSE:0.307704 , MAE:0.223611 , MAPD:1.254851, R_squared:0.998296

2024-03-21 04:02:57,652 Epoch 11/300, Train Loss: 0.132421, Val Loss: 0.146075  
	Train = MSE:0.132430 , RMSE:0.363909 , MAE:0.272604 , MAPD:1.430181, R_squared:0.997708  
	Validation = MSE:0.148268 , RMSE:0.385056 , MAE:0.283846 , MAPD:1.449794, R_squared:0.997332

2024-03-21 04:03:06,621 Epoch 12/300, Train Loss: 0.104835, Val Loss: 0.103604  
	Train = MSE:0.104842 , RMSE:0.323793 , MAE:0.245930 , MAPD:1.307944, R_squared:0.998185  
	Validation = MSE:0.107220 , RMSE:0.327444 , MAE:0.235204 , MAPD:1.253333, R_squared:0.998071

2024-03-21 04:03:14,696 Epoch 13/300, Train Loss: 0.097829, Val Loss: 0.076222  
	Train = MSE:0.097834 , RMSE:0.312785 , MAE:0.234235 , MAPD:1.242525, R_squared:0.998306  
	Validation = MSE:0.080491 , RMSE:0.283709 , MAE:0.209087 , MAPD:1.207601, R_squared:0.998552

2024-03-21 04:03:23,667 Epoch 14/300, Train Loss: 0.097703, Val Loss: 0.067117  
	Train = MSE:0.097713 , RMSE:0.312591 , MAE:0.235590 , MAPD:1.245761, R_squared:0.998309  
	Validation = MSE:0.071346 , RMSE:0.267106 , MAE:0.189948 , MAPD:1.083057, R_squared:0.998716

2024-03-21 04:03:33,043 Epoch 15/300, Train Loss: 0.082285, Val Loss: 0.082673  
	Train = MSE:0.082297 , RMSE:0.286874 , MAE:0.214067 , MAPD:1.143733, R_squared:0.998575  
	Validation = MSE:0.083899 , RMSE:0.289653 , MAE:0.214987 , MAPD:1.148889, R_squared:0.998490

2024-03-21 04:03:41,438 Epoch 16/300, Train Loss: 0.099353, Val Loss: 0.123815  
	Train = MSE:0.099365 , RMSE:0.315222 , MAE:0.240560 , MAPD:1.263412, R_squared:0.998280  
	Validation = MSE:0.123129 , RMSE:0.350897 , MAE:0.289683 , MAPD:1.529284, R_squared:0.997784

2024-03-21 04:03:50,766 Epoch 17/300, Train Loss: 0.170592, Val Loss: 0.072350  
	Train = MSE:0.170565 , RMSE:0.412995 , MAE:0.320145 , MAPD:1.623664, R_squared:0.997047  
	Validation = MSE:0.074935 , RMSE:0.273743 , MAE:0.193918 , MAPD:1.068001, R_squared:0.998652

2024-03-21 04:03:59,386 Epoch 18/300, Train Loss: 0.178638, Val Loss: 0.098962  
	Train = MSE:0.178675 , RMSE:0.422700 , MAE:0.317765 , MAPD:1.629758, R_squared:0.996907  
	Validation = MSE:0.097540 , RMSE:0.312315 , MAE:0.249011 , MAPD:1.312205, R_squared:0.998245

2024-03-21 04:04:07,275 Epoch 19/300, Train Loss: 0.095922, Val Loss: 0.168617  
	Train = MSE:0.095920 , RMSE:0.309710 , MAE:0.235711 , MAPD:1.234418, R_squared:0.998340  
	Validation = MSE:0.175820 , RMSE:0.419309 , MAE:0.344059 , MAPD:1.820843, R_squared:0.996836

2024-03-21 04:04:16,805 Epoch 20/300, Train Loss: 0.086444, Val Loss: 0.138137  
	Train = MSE:0.086447 , RMSE:0.294019 , MAE:0.222785 , MAPD:1.161837, R_squared:0.998504  
	Validation = MSE:0.136224 , RMSE:0.369086 , MAE:0.322695 , MAPD:1.750391, R_squared:0.997549

2024-03-21 04:04:25,370 Epoch 21/300, Train Loss: 0.084675, Val Loss: 0.057295  
	Train = MSE:0.084689 , RMSE:0.291013 , MAE:0.221703 , MAPD:1.172509, R_squared:0.998534  
	Validation = MSE:0.060285 , RMSE:0.245530 , MAE:0.171593 , MAPD:0.986758, R_squared:0.998915

2024-03-21 04:04:35,861 Epoch 22/300, Train Loss: 0.078356, Val Loss: 0.075540  
	Train = MSE:0.078361 , RMSE:0.279930 , MAE:0.209813 , MAPD:1.107204, R_squared:0.998644  
	Validation = MSE:0.075011 , RMSE:0.273882 , MAE:0.218099 , MAPD:1.188472, R_squared:0.998650

2024-03-21 04:04:44,848 Epoch 23/300, Train Loss: 0.064467, Val Loss: 0.060550  
	Train = MSE:0.064461 , RMSE:0.253891 , MAE:0.193120 , MAPD:1.033556, R_squared:0.998884  
	Validation = MSE:0.064273 , RMSE:0.253522 , MAE:0.175881 , MAPD:0.976818, R_squared:0.998843

2024-03-21 04:04:53,716 Epoch 24/300, Train Loss: 0.065647, Val Loss: 0.068331  
	Train = MSE:0.065639 , RMSE:0.256201 , MAE:0.192738 , MAPD:1.025384, R_squared:0.998864  
	Validation = MSE:0.071506 , RMSE:0.267406 , MAE:0.189590 , MAPD:1.068735, R_squared:0.998713

2024-03-21 04:05:02,729 Epoch 25/300, Train Loss: 0.086235, Val Loss: 0.123564  
	Train = MSE:0.086232 , RMSE:0.293653 , MAE:0.227600 , MAPD:1.181494, R_squared:0.998507  
	Validation = MSE:0.122026 , RMSE:0.349322 , MAE:0.299910 , MAPD:1.562589, R_squared:0.997804

2024-03-21 04:05:12,939 Epoch 26/300, Train Loss: 0.105683, Val Loss: 0.081605  
	Train = MSE:0.105694 , RMSE:0.325106 , MAE:0.252762 , MAPD:1.301169, R_squared:0.998170  
	Validation = MSE:0.080350 , RMSE:0.283460 , MAE:0.215568 , MAPD:1.074274, R_squared:0.998554

2024-03-21 04:05:21,476 Epoch 27/300, Train Loss: 0.091908, Val Loss: 0.091965  
	Train = MSE:0.091907 , RMSE:0.303162 , MAE:0.233086 , MAPD:1.206126, R_squared:0.998409  
	Validation = MSE:0.094250 , RMSE:0.307002 , MAE:0.233519 , MAPD:1.218487, R_squared:0.998304

2024-03-21 04:05:30,328 Epoch 28/300, Train Loss: 0.118390, Val Loss: 0.059168  
	Train = MSE:0.118405 , RMSE:0.344100 , MAE:0.265774 , MAPD:1.371985, R_squared:0.997950  
	Validation = MSE:0.063389 , RMSE:0.251771 , MAE:0.178557 , MAPD:0.971148, R_squared:0.998859

2024-03-21 04:05:39,943 Epoch 29/300, Train Loss: 0.104587, Val Loss: 0.047980  
	Train = MSE:0.104540 , RMSE:0.323327 , MAE:0.250239 , MAPD:1.291034, R_squared:0.998190  
	Validation = MSE:0.050587 , RMSE:0.224915 , MAE:0.155561 , MAPD:0.872295, R_squared:0.999090

2024-03-21 04:05:47,866 Epoch 30/300, Train Loss: 0.086319, Val Loss: 0.077172  
	Train = MSE:0.086335 , RMSE:0.293829 , MAE:0.221272 , MAPD:1.156366, R_squared:0.998506  
	Validation = MSE:0.077747 , RMSE:0.278831 , MAE:0.231359 , MAPD:1.282971, R_squared:0.998601

2024-03-21 04:05:55,610 Epoch 31/300, Train Loss: 0.051788, Val Loss: 0.050741  
	Train = MSE:0.051788 , RMSE:0.227569 , MAE:0.169213 , MAPD:0.903419, R_squared:0.999104  
	Validation = MSE:0.053683 , RMSE:0.231696 , MAE:0.159730 , MAPD:0.863631, R_squared:0.999034

2024-03-21 04:06:06,590 Epoch 32/300, Train Loss: 0.071704, Val Loss: 0.067639  
	Train = MSE:0.071713 , RMSE:0.267793 , MAE:0.200385 , MAPD:1.051336, R_squared:0.998759  
	Validation = MSE:0.067581 , RMSE:0.259963 , MAE:0.210845 , MAPD:1.143564, R_squared:0.998784

2024-03-21 04:06:15,164 Epoch 33/300, Train Loss: 0.054220, Val Loss: 0.075064  
	Train = MSE:0.054216 , RMSE:0.232844 , MAE:0.173289 , MAPD:0.913656, R_squared:0.999062  
	Validation = MSE:0.074094 , RMSE:0.272201 , MAE:0.217321 , MAPD:1.106342, R_squared:0.998667

2024-03-21 04:06:23,514 Epoch 34/300, Train Loss: 0.059586, Val Loss: 0.058369  
	Train = MSE:0.059587 , RMSE:0.244106 , MAE:0.182876 , MAPD:0.961518, R_squared:0.998969  
	Validation = MSE:0.059152 , RMSE:0.243211 , MAE:0.183971 , MAPD:0.954508, R_squared:0.998936

2024-03-21 04:06:32,182 Epoch 35/300, Train Loss: 0.055981, Val Loss: 0.049665  
	Train = MSE:0.055967 , RMSE:0.236573 , MAE:0.177595 , MAPD:0.938698, R_squared:0.999031  
	Validation = MSE:0.051398 , RMSE:0.226711 , MAE:0.176379 , MAPD:0.965506, R_squared:0.999075

2024-03-21 04:06:41,097 Epoch 36/300, Train Loss: 0.058622, Val Loss: 0.044745  
	Train = MSE:0.058586 , RMSE:0.242046 , MAE:0.179844 , MAPD:0.932013, R_squared:0.998986  
	Validation = MSE:0.045783 , RMSE:0.213970 , MAE:0.158201 , MAPD:0.882276, R_squared:0.999176

2024-03-21 04:06:49,271 Epoch 37/300, Train Loss: 0.055335, Val Loss: 0.039853  
	Train = MSE:0.055326 , RMSE:0.235215 , MAE:0.178818 , MAPD:0.935948, R_squared:0.999042  
	Validation = MSE:0.042410 , RMSE:0.205936 , MAE:0.142721 , MAPD:0.803556, R_squared:0.999237

2024-03-21 04:06:59,990 Epoch 38/300, Train Loss: 0.166222, Val Loss: 0.255124  
	Train = MSE:0.166245 , RMSE:0.407732 , MAE:0.312926 , MAPD:1.572655, R_squared:0.997122  
	Validation = MSE:0.254167 , RMSE:0.504150 , MAE:0.452809 , MAPD:2.370424, R_squared:0.995427

2024-03-21 04:07:07,498 Epoch 39/300, Train Loss: 0.350466, Val Loss: 0.155014  
	Train = MSE:0.350545 , RMSE:0.592069 , MAE:0.477002 , MAPD:2.360751, R_squared:0.993932  
	Validation = MSE:0.156860 , RMSE:0.396055 , MAE:0.306137 , MAPD:1.454713, R_squared:0.997177

2024-03-21 04:07:16,263 Epoch 40/300, Train Loss: 0.086759, Val Loss: 0.053113  
	Train = MSE:0.086775 , RMSE:0.294575 , MAE:0.227510 , MAPD:1.180118, R_squared:0.998498  
	Validation = MSE:0.053636 , RMSE:0.231594 , MAE:0.182523 , MAPD:0.996545, R_squared:0.999035

2024-03-21 04:07:25,727 Epoch 41/300, Train Loss: 0.078521, Val Loss: 0.042879  
	Train = MSE:0.078533 , RMSE:0.280237 , MAE:0.215096 , MAPD:1.102401, R_squared:0.998641  
	Validation = MSE:0.045535 , RMSE:0.213389 , MAE:0.146888 , MAPD:0.834420, R_squared:0.999181

2024-03-21 04:07:38,011 Epoch 42/300, Train Loss: 0.123118, Val Loss: 0.054852  
	Train = MSE:0.123142 , RMSE:0.350915 , MAE:0.266191 , MAPD:1.354995, R_squared:0.997868  
	Validation = MSE:0.058378 , RMSE:0.241615 , MAE:0.171049 , MAPD:0.906116, R_squared:0.998950

2024-03-21 04:07:46,794 Epoch 43/300, Train Loss: 0.056804, Val Loss: 0.042481  
	Train = MSE:0.056771 , RMSE:0.238267 , MAE:0.179846 , MAPD:0.941668, R_squared:0.999017  
	Validation = MSE:0.043636 , RMSE:0.208893 , MAE:0.150798 , MAPD:0.853746, R_squared:0.999215

2024-03-21 04:07:57,743 Epoch 44/300, Train Loss: 0.086693, Val Loss: 0.038302  
	Train = MSE:0.086695 , RMSE:0.294440 , MAE:0.226332 , MAPD:1.166318, R_squared:0.998499  
	Validation = MSE:0.039989 , RMSE:0.199972 , MAE:0.141874 , MAPD:0.809800, R_squared:0.999280

2024-03-21 04:08:06,640 Epoch 45/300, Train Loss: 0.067248, Val Loss: 0.075618  
	Train = MSE:0.067250 , RMSE:0.259327 , MAE:0.200079 , MAPD:1.021812, R_squared:0.998836  
	Validation = MSE:0.078945 , RMSE:0.280971 , MAE:0.221053 , MAPD:1.191429, R_squared:0.998579

2024-03-21 04:08:17,151 Epoch 46/300, Train Loss: 0.090809, Val Loss: 0.062891  
	Train = MSE:0.090826 , RMSE:0.301373 , MAE:0.230837 , MAPD:1.188009, R_squared:0.998428  
	Validation = MSE:0.062522 , RMSE:0.250044 , MAE:0.170877 , MAPD:0.864555, R_squared:0.998875

2024-03-21 04:08:27,613 Epoch 47/300, Train Loss: 0.042443, Val Loss: 0.040948  
	Train = MSE:0.042441 , RMSE:0.206012 , MAE:0.154892 , MAPD:0.816129, R_squared:0.999265  
	Validation = MSE:0.043022 , RMSE:0.207418 , MAE:0.150132 , MAPD:0.808735, R_squared:0.999226

2024-03-21 04:08:36,346 Epoch 48/300, Train Loss: 0.104268, Val Loss: 0.065490  
	Train = MSE:0.104234 , RMSE:0.322852 , MAE:0.240514 , MAPD:1.214304, R_squared:0.998196  
	Validation = MSE:0.070539 , RMSE:0.265591 , MAE:0.202516 , MAPD:1.116751, R_squared:0.998731

2024-03-21 04:08:46,610 Epoch 49/300, Train Loss: 0.112773, Val Loss: 0.107070  
	Train = MSE:0.112788 , RMSE:0.335840 , MAE:0.258975 , MAPD:1.331312, R_squared:0.998048  
	Validation = MSE:0.105705 , RMSE:0.325124 , MAE:0.280069 , MAPD:1.460625, R_squared:0.998098

2024-03-21 04:08:55,436 Epoch 50/300, Train Loss: 0.064220, Val Loss: 0.034626  
	Train = MSE:0.064231 , RMSE:0.253439 , MAE:0.191680 , MAPD:0.989995, R_squared:0.998888  
	Validation = MSE:0.037114 , RMSE:0.192651 , MAE:0.131338 , MAPD:0.733527, R_squared:0.999332

2024-03-21 04:09:03,996 Epoch 51/300, Train Loss: 0.066621, Val Loss: 0.042039  
	Train = MSE:0.066624 , RMSE:0.258117 , MAE:0.196900 , MAPD:1.026118, R_squared:0.998847  
	Validation = MSE:0.043210 , RMSE:0.207869 , MAE:0.153735 , MAPD:0.848563, R_squared:0.999222

2024-03-21 04:09:15,512 Epoch 52/300, Train Loss: 0.072597, Val Loss: 0.073989  
	Train = MSE:0.072607 , RMSE:0.269458 , MAE:0.200136 , MAPD:1.038494, R_squared:0.998743  
	Validation = MSE:0.073704 , RMSE:0.271485 , MAE:0.217232 , MAPD:1.071468, R_squared:0.998674

2024-03-21 04:09:24,386 Epoch 53/300, Train Loss: 0.114157, Val Loss: 0.146643  
	Train = MSE:0.114176 , RMSE:0.337900 , MAE:0.265599 , MAPD:1.347725, R_squared:0.998024  
	Validation = MSE:0.144212 , RMSE:0.379753 , MAE:0.349714 , MAPD:1.930735, R_squared:0.997405

2024-03-21 04:09:32,588 Epoch 54/300, Train Loss: 0.503074, Val Loss: 6.595195  
	Train = MSE:0.503203 , RMSE:0.709368 , MAE:0.436315 , MAPD:2.152460, R_squared:0.991289  
	Validation = MSE:6.481853 , RMSE:2.545948 , MAE:2.461886 , MAPD:13.019103, R_squared:0.883365

2024-03-21 04:09:42,553 Epoch 55/300, Train Loss: 3.358850, Val Loss: 0.254040  
	Train = MSE:3.359858 , RMSE:1.832991 , MAE:1.304505 , MAPD:6.399561, R_squared:0.941840  
	Validation = MSE:0.250510 , RMSE:0.500510 , MAE:0.417608 , MAPD:2.116050, R_squared:0.995492

2024-03-21 04:09:52,357 Epoch 56/300, Train Loss: 0.072254, Val Loss: 0.049031  
	Train = MSE:0.072247 , RMSE:0.268789 , MAE:0.195391 , MAPD:1.017736, R_squared:0.998749  
	Validation = MSE:0.051545 , RMSE:0.227035 , MAE:0.153151 , MAPD:0.848808, R_squared:0.999072

2024-03-21 04:10:00,898 Epoch 57/300, Train Loss: 0.050621, Val Loss: 0.040738  
	Train = MSE:0.050625 , RMSE:0.224999 , MAE:0.167255 , MAPD:0.882349, R_squared:0.999124  
	Validation = MSE:0.043916 , RMSE:0.209561 , MAE:0.145706 , MAPD:0.811293, R_squared:0.999210

2024-03-21 04:10:10,097 Epoch 58/300, Train Loss: 0.043214, Val Loss: 0.043173  
	Train = MSE:0.043221 , RMSE:0.207896 , MAE:0.153654 , MAPD:0.807651, R_squared:0.999252  
	Validation = MSE:0.045754 , RMSE:0.213902 , MAE:0.155165 , MAPD:0.850926, R_squared:0.999177

2024-03-21 04:10:18,930 Epoch 59/300, Train Loss: 0.052436, Val Loss: 0.045631  
	Train = MSE:0.052442 , RMSE:0.229001 , MAE:0.172570 , MAPD:0.889959, R_squared:0.999092  
	Validation = MSE:0.047835 , RMSE:0.218712 , MAE:0.170039 , MAPD:0.978253, R_squared:0.999139

2024-03-21 04:10:29,413 Epoch 60/300, Train Loss: 0.042580, Val Loss: 0.042341  
	Train = MSE:0.042582 , RMSE:0.206353 , MAE:0.153864 , MAPD:0.806612, R_squared:0.999263  
	Validation = MSE:0.045523 , RMSE:0.213361 , MAE:0.147748 , MAPD:0.821101, R_squared:0.999181

2024-03-21 04:10:39,289 Epoch 61/300, Train Loss: 0.049716, Val Loss: 0.036702  
	Train = MSE:0.049704 , RMSE:0.222943 , MAE:0.166715 , MAPD:0.869189, R_squared:0.999140  
	Validation = MSE:0.039065 , RMSE:0.197649 , MAE:0.143789 , MAPD:0.800464, R_squared:0.999297

2024-03-21 04:10:51,311 Epoch 62/300, Train Loss: 0.059028, Val Loss: 0.066611  
	Train = MSE:0.059036 , RMSE:0.242973 , MAE:0.188615 , MAPD:0.981117, R_squared:0.998978  
	Validation = MSE:0.069713 , RMSE:0.264032 , MAE:0.201976 , MAPD:1.079862, R_squared:0.998746

2024-03-21 04:10:59,260 Epoch 63/300, Train Loss: 0.048539, Val Loss: 0.046520  
	Train = MSE:0.048536 , RMSE:0.220309 , MAE:0.166006 , MAPD:0.861888, R_squared:0.999160  
	Validation = MSE:0.048437 , RMSE:0.220083 , MAE:0.175257 , MAPD:1.043577, R_squared:0.999128

2024-03-21 04:11:07,715 Epoch 64/300, Train Loss: 0.066162, Val Loss: 0.070682  
	Train = MSE:0.066159 , RMSE:0.257214 , MAE:0.201616 , MAPD:1.045172, R_squared:0.998855  
	Validation = MSE:0.071651 , RMSE:0.267678 , MAE:0.222417 , MAPD:1.144904, R_squared:0.998711

2024-03-21 04:11:16,702 Epoch 65/300, Train Loss: 0.058813, Val Loss: 0.035338  
	Train = MSE:0.058817 , RMSE:0.242522 , MAE:0.185548 , MAPD:0.964201, R_squared:0.998982  
	Validation = MSE:0.037024 , RMSE:0.192417 , MAE:0.135770 , MAPD:0.752967, R_squared:0.999334

2024-03-21 04:11:25,032 Epoch 66/300, Train Loss: 0.043243, Val Loss: 0.080029  
	Train = MSE:0.043245 , RMSE:0.207953 , MAE:0.158115 , MAPD:0.822009, R_squared:0.999251  
	Validation = MSE:0.078527 , RMSE:0.280227 , MAE:0.236262 , MAPD:1.219801, R_squared:0.998587

2024-03-21 04:11:34,787 Epoch 67/300, Train Loss: 0.082627, Val Loss: 0.037914  
	Train = MSE:0.082642 , RMSE:0.287475 , MAE:0.224406 , MAPD:1.152993, R_squared:0.998569  
	Validation = MSE:0.039028 , RMSE:0.197555 , MAE:0.134852 , MAPD:0.732852, R_squared:0.999298

2024-03-21 04:11:44,070 Epoch 68/300, Train Loss: 0.050984, Val Loss: 0.038464  
	Train = MSE:0.050988 , RMSE:0.225805 , MAE:0.172313 , MAPD:0.893757, R_squared:0.999117  
	Validation = MSE:0.039007 , RMSE:0.197502 , MAE:0.145254 , MAPD:0.776753, R_squared:0.999298

2024-03-21 04:11:51,729 Epoch 69/300, Train Loss: 0.040468, Val Loss: 0.034852  
	Train = MSE:0.040462 , RMSE:0.201151 , MAE:0.150376 , MAPD:0.782147, R_squared:0.999300  
	Validation = MSE:0.037527 , RMSE:0.193718 , MAE:0.128979 , MAPD:0.707894, R_squared:0.999325

2024-03-21 04:12:01,540 Epoch 70/300, Train Loss: 0.052442, Val Loss: 0.088688  
	Train = MSE:0.052448 , RMSE:0.229015 , MAE:0.173646 , MAPD:0.900123, R_squared:0.999092  
	Validation = MSE:0.088290 , RMSE:0.297136 , MAE:0.267738 , MAPD:1.500404, R_squared:0.998411

2024-03-21 04:12:11,196 Epoch 71/300, Train Loss: 0.054108, Val Loss: 0.031175  
	Train = MSE:0.054111 , RMSE:0.232618 , MAE:0.178313 , MAPD:0.928783, R_squared:0.999063  
	Validation = MSE:0.032363 , RMSE:0.179898 , MAE:0.128802 , MAPD:0.723608, R_squared:0.999418

2024-03-21 04:12:22,465 Epoch 72/300, Train Loss: 0.036658, Val Loss: 0.038317  
	Train = MSE:0.036660 , RMSE:0.191468 , MAE:0.142553 , MAPD:0.736983, R_squared:0.999365  
	Validation = MSE:0.039757 , RMSE:0.199393 , MAE:0.156013 , MAPD:0.845890, R_squared:0.999285

2024-03-21 04:12:30,411 Epoch 73/300, Train Loss: 0.037646, Val Loss: 0.033440  
	Train = MSE:0.037649 , RMSE:0.194033 , MAE:0.145705 , MAPD:0.758440, R_squared:0.999348  
	Validation = MSE:0.034560 , RMSE:0.185903 , MAE:0.134113 , MAPD:0.725106, R_squared:0.999378

2024-03-21 04:12:39,559 Epoch 74/300, Train Loss: 0.036700, Val Loss: 0.028659  
	Train = MSE:0.036700 , RMSE:0.191571 , MAE:0.144022 , MAPD:0.749318, R_squared:0.999365  
	Validation = MSE:0.030446 , RMSE:0.174487 , MAE:0.118626 , MAPD:0.657775, R_squared:0.999452

2024-03-21 04:12:47,264 Epoch 75/300, Train Loss: 0.036242, Val Loss: 0.028584  
	Train = MSE:0.036242 , RMSE:0.190372 , MAE:0.143976 , MAPD:0.747192, R_squared:0.999373  
	Validation = MSE:0.030183 , RMSE:0.173733 , MAE:0.123221 , MAPD:0.681640, R_squared:0.999457

2024-03-21 04:12:56,012 Epoch 76/300, Train Loss: 0.037710, Val Loss: 0.031208  
	Train = MSE:0.037704 , RMSE:0.194175 , MAE:0.146850 , MAPD:0.758102, R_squared:0.999347  
	Validation = MSE:0.033164 , RMSE:0.182110 , MAE:0.128326 , MAPD:0.719468, R_squared:0.999403

2024-03-21 04:13:05,004 Epoch 77/300, Train Loss: 0.050089, Val Loss: 0.113993  
	Train = MSE:0.050090 , RMSE:0.223809 , MAE:0.168896 , MAPD:0.864740, R_squared:0.999133  
	Validation = MSE:0.112864 , RMSE:0.335952 , MAE:0.301809 , MAPD:1.605991, R_squared:0.997969

2024-03-21 04:13:12,999 Epoch 78/300, Train Loss: 0.054223, Val Loss: 0.046061  
	Train = MSE:0.054220 , RMSE:0.232852 , MAE:0.179438 , MAPD:0.920547, R_squared:0.999061  
	Validation = MSE:0.047477 , RMSE:0.217892 , MAE:0.181271 , MAPD:0.984023, R_squared:0.999146

2024-03-21 04:13:21,495 Epoch 79/300, Train Loss: 0.045092, Val Loss: 0.049998  
	Train = MSE:0.045098 , RMSE:0.212363 , MAE:0.161419 , MAPD:0.835335, R_squared:0.999219  
	Validation = MSE:0.052136 , RMSE:0.228334 , MAE:0.172430 , MAPD:0.916464, R_squared:0.999062

2024-03-21 04:13:31,042 Epoch 80/300, Train Loss: 0.064282, Val Loss: 0.031540  
	Train = MSE:0.064234 , RMSE:0.253444 , MAE:0.190719 , MAPD:0.977120, R_squared:0.998888  
	Validation = MSE:0.033632 , RMSE:0.183391 , MAE:0.129433 , MAPD:0.707598, R_squared:0.999395

2024-03-21 04:13:39,145 Epoch 81/300, Train Loss: 0.063967, Val Loss: 0.048139  
	Train = MSE:0.063977 , RMSE:0.252936 , MAE:0.195824 , MAPD:1.011258, R_squared:0.998893  
	Validation = MSE:0.049175 , RMSE:0.221755 , MAE:0.159741 , MAPD:0.800548, R_squared:0.999115

2024-03-21 04:13:51,744 Epoch 82/300, Train Loss: 0.046748, Val Loss: 0.043596  
	Train = MSE:0.046742 , RMSE:0.216198 , MAE:0.166586 , MAPD:0.858058, R_squared:0.999191  
	Validation = MSE:0.045300 , RMSE:0.212838 , MAE:0.149960 , MAPD:0.753244, R_squared:0.999185

2024-03-21 04:14:01,729 Epoch 83/300, Train Loss: 0.083668, Val Loss: 0.036558  
	Train = MSE:0.083673 , RMSE:0.289262 , MAE:0.220672 , MAPD:1.120897, R_squared:0.998552  
	Validation = MSE:0.038485 , RMSE:0.196176 , MAE:0.154848 , MAPD:0.919728, R_squared:0.999307

2024-03-21 04:14:10,385 Epoch 84/300, Train Loss: 0.088044, Val Loss: 0.069912  
	Train = MSE:0.088057 , RMSE:0.296745 , MAE:0.226622 , MAPD:1.149112, R_squared:0.998476  
	Validation = MSE:0.072533 , RMSE:0.269320 , MAE:0.212896 , MAPD:1.087270, R_squared:0.998695

2024-03-21 04:14:18,887 Epoch 85/300, Train Loss: 0.050538, Val Loss: 0.082475  
	Train = MSE:0.050547 , RMSE:0.224826 , MAE:0.171737 , MAPD:0.880397, R_squared:0.999125  
	Validation = MSE:0.082886 , RMSE:0.287900 , MAE:0.250198 , MAPD:1.307101, R_squared:0.998509

2024-03-21 04:14:28,722 Epoch 86/300, Train Loss: 0.068477, Val Loss: 0.080541  
	Train = MSE:0.068466 , RMSE:0.261660 , MAE:0.204684 , MAPD:1.050280, R_squared:0.998815  
	Validation = MSE:0.082217 , RMSE:0.286735 , MAE:0.223259 , MAPD:1.145145, R_squared:0.998521

2024-03-21 04:14:39,608 Epoch 87/300, Train Loss: 0.066991, Val Loss: 0.027330  
	Train = MSE:0.067001 , RMSE:0.258845 , MAE:0.198818 , MAPD:1.016309, R_squared:0.998840  
	Validation = MSE:0.029382 , RMSE:0.171411 , MAE:0.120410 , MAPD:0.669010, R_squared:0.999471

2024-03-21 04:14:47,394 Epoch 88/300, Train Loss: 0.041947, Val Loss: 0.038445  
	Train = MSE:0.041943 , RMSE:0.204799 , MAE:0.154410 , MAPD:0.794791, R_squared:0.999274  
	Validation = MSE:0.040129 , RMSE:0.200323 , MAE:0.159321 , MAPD:0.848440, R_squared:0.999278

2024-03-21 04:14:56,922 Epoch 89/300, Train Loss: 0.041889, Val Loss: 0.100918  
	Train = MSE:0.041880 , RMSE:0.204647 , MAE:0.155921 , MAPD:0.804943, R_squared:0.999275  
	Validation = MSE:0.102274 , RMSE:0.319803 , MAE:0.290424 , MAPD:1.566834, R_squared:0.998160

2024-03-21 04:15:04,626 Epoch 90/300, Train Loss: 0.087583, Val Loss: 0.029683  
	Train = MSE:0.087600 , RMSE:0.295973 , MAE:0.228148 , MAPD:1.177512, R_squared:0.998484  
	Validation = MSE:0.031081 , RMSE:0.176299 , MAE:0.125349 , MAPD:0.698918, R_squared:0.999441

2024-03-21 04:15:12,266 Epoch 91/300, Train Loss: 0.073047, Val Loss: 0.032539  
	Train = MSE:0.073046 , RMSE:0.270269 , MAE:0.212399 , MAPD:1.089332, R_squared:0.998736  
	Validation = MSE:0.033444 , RMSE:0.182877 , MAE:0.131668 , MAPD:0.728504, R_squared:0.999398

2024-03-21 04:15:28,149 Epoch 92/300, Train Loss: 0.052018, Val Loss: 0.047681  
	Train = MSE:0.052026 , RMSE:0.228092 , MAE:0.175928 , MAPD:0.900285, R_squared:0.999099  
	Validation = MSE:0.047706 , RMSE:0.218416 , MAE:0.170447 , MAPD:0.913104, R_squared:0.999142

2024-03-21 04:15:37,407 Epoch 93/300, Train Loss: 0.112980, Val Loss: 0.653517  
	Train = MSE:0.112981 , RMSE:0.336126 , MAE:0.254908 , MAPD:1.294856, R_squared:0.998044  
	Validation = MSE:0.645561 , RMSE:0.803468 , MAE:0.756183 , MAPD:3.907861, R_squared:0.988384

2024-03-21 04:15:45,450 Epoch 94/300, Train Loss: 0.374706, Val Loss: 0.080670  
	Train = MSE:0.374799 , RMSE:0.612208 , MAE:0.483569 , MAPD:2.441841, R_squared:0.993512  
	Validation = MSE:0.081428 , RMSE:0.285355 , MAE:0.244215 , MAPD:1.349662, R_squared:0.998535

2024-03-21 04:15:53,835 Epoch 95/300, Train Loss: 0.058493, Val Loss: 0.062708  
	Train = MSE:0.058501 , RMSE:0.241870 , MAE:0.187783 , MAPD:0.958420, R_squared:0.998987  
	Validation = MSE:0.063277 , RMSE:0.251549 , MAE:0.208517 , MAPD:1.073992, R_squared:0.998861

2024-03-21 04:16:02,300 Epoch 96/300, Train Loss: 0.043146, Val Loss: 0.029007  
	Train = MSE:0.043152 , RMSE:0.207731 , MAE:0.158877 , MAPD:0.817247, R_squared:0.999253  
	Validation = MSE:0.030779 , RMSE:0.175439 , MAE:0.121827 , MAPD:0.675680, R_squared:0.999446

2024-03-21 04:16:10,072 Epoch 97/300, Train Loss: 0.033366, Val Loss: 0.062969  
	Train = MSE:0.033368 , RMSE:0.182670 , MAE:0.137202 , MAPD:0.708806, R_squared:0.999422  
	Validation = MSE:0.064996 , RMSE:0.254943 , MAE:0.205732 , MAPD:1.099516, R_squared:0.998830

2024-03-21 04:16:18,127 Epoch 98/300, Train Loss: 0.047397, Val Loss: 0.067400  
	Train = MSE:0.047383 , RMSE:0.217676 , MAE:0.166992 , MAPD:0.858566, R_squared:0.999180  
	Validation = MSE:0.065374 , RMSE:0.255684 , MAE:0.181817 , MAPD:0.886922, R_squared:0.998824

2024-03-21 04:16:27,458 Epoch 99/300, Train Loss: 0.034736, Val Loss: 0.044542  
	Train = MSE:0.034728 , RMSE:0.186355 , MAE:0.140281 , MAPD:0.733867, R_squared:0.999399  
	Validation = MSE:0.045163 , RMSE:0.212515 , MAE:0.174462 , MAPD:0.960164, R_squared:0.999187

2024-03-21 04:16:35,122 Epoch 100/300, Train Loss: 0.035340, Val Loss: 0.031734  
	Train = MSE:0.035339 , RMSE:0.187987 , MAE:0.142042 , MAPD:0.745778, R_squared:0.999388  
	Validation = MSE:0.033701 , RMSE:0.183578 , MAE:0.132413 , MAPD:0.720462, R_squared:0.999394

2024-03-21 04:16:43,292 Epoch 101/300, Train Loss: 0.028641, Val Loss: 0.024895  
	Train = MSE:0.028643 , RMSE:0.169244 , MAE:0.127315 , MAPD:0.673285, R_squared:0.999504  
	Validation = MSE:0.026267 , RMSE:0.162070 , MAE:0.113949 , MAPD:0.636134, R_squared:0.999527

2024-03-21 04:16:54,698 Epoch 102/300, Train Loss: 0.171662, Val Loss: 0.162464  
	Train = MSE:0.171534 , RMSE:0.414167 , MAE:0.277505 , MAPD:1.391780, R_squared:0.997031  
	Validation = MSE:0.163205 , RMSE:0.403986 , MAE:0.372041 , MAPD:1.991692, R_squared:0.997063

2024-03-21 04:17:03,027 Epoch 103/300, Train Loss: 0.272011, Val Loss: 0.081272  
	Train = MSE:0.271980 , RMSE:0.521517 , MAE:0.425290 , MAPD:2.133615, R_squared:0.995292  
	Validation = MSE:0.081341 , RMSE:0.285203 , MAE:0.247320 , MAPD:1.343546, R_squared:0.998536

2024-03-21 04:17:11,738 Epoch 104/300, Train Loss: 0.122256, Val Loss: 0.028037  
	Train = MSE:0.122285 , RMSE:0.349693 , MAE:0.267044 , MAPD:1.356465, R_squared:0.997883  
	Validation = MSE:0.029660 , RMSE:0.172220 , MAE:0.122989 , MAPD:0.678484, R_squared:0.999466

2024-03-21 04:17:20,239 Epoch 105/300, Train Loss: 0.051712, Val Loss: 0.033385  
	Train = MSE:0.051720 , RMSE:0.227420 , MAE:0.172971 , MAPD:0.887474, R_squared:0.999105  
	Validation = MSE:0.034352 , RMSE:0.185343 , MAE:0.127988 , MAPD:0.689172, R_squared:0.999382

2024-03-21 04:17:27,928 Epoch 106/300, Train Loss: 0.039680, Val Loss: 0.028476  
	Train = MSE:0.039687 , RMSE:0.199215 , MAE:0.149843 , MAPD:0.774708, R_squared:0.999313  
	Validation = MSE:0.030394 , RMSE:0.174338 , MAE:0.121976 , MAPD:0.664210, R_squared:0.999453

2024-03-21 04:17:37,919 Epoch 107/300, Train Loss: 0.049197, Val Loss: 0.112926  
	Train = MSE:0.049200 , RMSE:0.221811 , MAE:0.169804 , MAPD:0.876836, R_squared:0.999148  
	Validation = MSE:0.111898 , RMSE:0.334512 , MAE:0.298010 , MAPD:1.590122, R_squared:0.997986

2024-03-21 04:17:45,565 Epoch 108/300, Train Loss: 0.057289, Val Loss: 0.070879  
	Train = MSE:0.057282 , RMSE:0.239336 , MAE:0.184518 , MAPD:0.950702, R_squared:0.999008  
	Validation = MSE:0.071574 , RMSE:0.267533 , MAE:0.227738 , MAPD:1.166221, R_squared:0.998712

2024-03-21 04:17:53,887 Epoch 109/300, Train Loss: 0.052399, Val Loss: 0.029194  
	Train = MSE:0.052382 , RMSE:0.228872 , MAE:0.176873 , MAPD:0.902510, R_squared:0.999093  
	Validation = MSE:0.031315 , RMSE:0.176959 , MAE:0.129774 , MAPD:0.733657, R_squared:0.999437

2024-03-21 04:18:01,529 Epoch 110/300, Train Loss: 0.094697, Val Loss: 0.280317  
	Train = MSE:0.094696 , RMSE:0.307727 , MAE:0.246117 , MAPD:1.252763, R_squared:0.998361  
	Validation = MSE:0.284097 , RMSE:0.533007 , MAE:0.474173 , MAPD:2.327326, R_squared:0.994888

2024-03-21 04:18:09,276 Epoch 111/300, Train Loss: 0.090887, Val Loss: 0.037904  
	Train = MSE:0.090908 , RMSE:0.301510 , MAE:0.231487 , MAPD:1.169434, R_squared:0.998426  
	Validation = MSE:0.039924 , RMSE:0.199811 , MAE:0.152832 , MAPD:0.886722, R_squared:0.999282

2024-03-21 04:18:21,045 Epoch 112/300, Train Loss: 0.048058, Val Loss: 0.028168  
	Train = MSE:0.048066 , RMSE:0.219240 , MAE:0.170983 , MAPD:0.888302, R_squared:0.999168  
	Validation = MSE:0.029690 , RMSE:0.172309 , MAE:0.121020 , MAPD:0.650561, R_squared:0.999466

2024-03-21 04:18:28,689 Epoch 113/300, Train Loss: 0.057345, Val Loss: 0.038234  
	Train = MSE:0.057356 , RMSE:0.239492 , MAE:0.184499 , MAPD:0.938961, R_squared:0.999007  
	Validation = MSE:0.039503 , RMSE:0.198755 , MAE:0.160816 , MAPD:0.855534, R_squared:0.999289

2024-03-21 04:18:37,596 Epoch 114/300, Train Loss: 0.036709, Val Loss: 0.027637  
	Train = MSE:0.036714 , RMSE:0.191609 , MAE:0.145616 , MAPD:0.752342, R_squared:0.999364  
	Validation = MSE:0.028732 , RMSE:0.169505 , MAE:0.121571 , MAPD:0.646041, R_squared:0.999483

2024-03-21 04:18:45,358 Epoch 115/300, Train Loss: 0.036533, Val Loss: 0.054535  
	Train = MSE:0.036530 , RMSE:0.191127 , MAE:0.146645 , MAPD:0.759321, R_squared:0.999368  
	Validation = MSE:0.054289 , RMSE:0.233000 , MAE:0.192823 , MAPD:0.993663, R_squared:0.999023

2024-03-21 04:18:53,758 Epoch 116/300, Train Loss: 0.029611, Val Loss: 0.032176  
	Train = MSE:0.029614 , RMSE:0.172088 , MAE:0.129120 , MAPD:0.677087, R_squared:0.999487  
	Validation = MSE:0.032575 , RMSE:0.180484 , MAE:0.140083 , MAPD:0.751196, R_squared:0.999414

2024-03-21 04:19:01,526 Epoch 117/300, Train Loss: 0.157672, Val Loss: 0.416437  
	Train = MSE:0.157680 , RMSE:0.397089 , MAE:0.300669 , MAPD:1.497831, R_squared:0.997271  
	Validation = MSE:0.408663 , RMSE:0.639267 , MAE:0.593752 , MAPD:3.146131, R_squared:0.992647

2024-03-21 04:19:09,464 Epoch 118/300, Train Loss: 0.118275, Val Loss: 0.026795  
	Train = MSE:0.118288 , RMSE:0.343930 , MAE:0.271630 , MAPD:1.386467, R_squared:0.997952  
	Validation = MSE:0.028207 , RMSE:0.167949 , MAE:0.116028 , MAPD:0.624481, R_squared:0.999492

2024-03-21 04:19:19,249 Epoch 119/300, Train Loss: 0.043808, Val Loss: 0.093342  
	Train = MSE:0.043758 , RMSE:0.209183 , MAE:0.157917 , MAPD:0.819489, R_squared:0.999243  
	Validation = MSE:0.091428 , RMSE:0.302371 , MAE:0.253776 , MAPD:1.257551, R_squared:0.998355

2024-03-21 04:19:26,981 Epoch 120/300, Train Loss: 0.043287, Val Loss: 0.033134  
	Train = MSE:0.043290 , RMSE:0.208064 , MAE:0.160051 , MAPD:0.822757, R_squared:0.999251  
	Validation = MSE:0.034652 , RMSE:0.186151 , MAE:0.140244 , MAPD:0.727130, R_squared:0.999376

2024-03-21 04:19:34,656 Epoch 121/300, Train Loss: 0.109150, Val Loss: 0.029551  
	Train = MSE:0.109112 , RMSE:0.330321 , MAE:0.236849 , MAPD:1.216864, R_squared:0.998111  
	Validation = MSE:0.030737 , RMSE:0.175319 , MAE:0.127146 , MAPD:0.712898, R_squared:0.999447

2024-03-21 04:19:46,925 Epoch 122/300, Train Loss: 0.085193, Val Loss: 0.035789  
	Train = MSE:0.085181 , RMSE:0.291858 , MAE:0.231261 , MAPD:1.193990, R_squared:0.998526  
	Validation = MSE:0.037250 , RMSE:0.193002 , MAE:0.139930 , MAPD:0.771688, R_squared:0.999330

2024-03-21 04:19:56,102 Epoch 123/300, Train Loss: 0.074835, Val Loss: 0.030136  
	Train = MSE:0.074853 , RMSE:0.273593 , MAE:0.210820 , MAPD:1.089115, R_squared:0.998704  
	Validation = MSE:0.031437 , RMSE:0.177304 , MAE:0.135676 , MAPD:0.760124, R_squared:0.999434

2024-03-21 04:20:03,792 Epoch 124/300, Train Loss: 0.120687, Val Loss: 0.092601  
	Train = MSE:0.120648 , RMSE:0.347344 , MAE:0.276870 , MAPD:1.384131, R_squared:0.997912  
	Validation = MSE:0.095209 , RMSE:0.308560 , MAE:0.267192 , MAPD:1.535834, R_squared:0.998287

2024-03-21 04:20:12,792 Epoch 125/300, Train Loss: 0.041205, Val Loss: 0.024948  
	Train = MSE:0.041208 , RMSE:0.202999 , MAE:0.156378 , MAPD:0.803240, R_squared:0.999287  
	Validation = MSE:0.026432 , RMSE:0.162581 , MAE:0.113968 , MAPD:0.628935, R_squared:0.999524

2024-03-21 04:20:21,275 Epoch 126/300, Train Loss: 0.033355, Val Loss: 0.029753  
	Train = MSE:0.033348 , RMSE:0.182615 , MAE:0.140265 , MAPD:0.733993, R_squared:0.999423  
	Validation = MSE:0.030451 , RMSE:0.174502 , MAE:0.131218 , MAPD:0.727054, R_squared:0.999452

2024-03-21 04:20:32,005 Epoch 127/300, Train Loss: 0.031755, Val Loss: 0.022644  
	Train = MSE:0.031755 , RMSE:0.178199 , MAE:0.136334 , MAPD:0.711470, R_squared:0.999450  
	Validation = MSE:0.024436 , RMSE:0.156320 , MAE:0.110272 , MAPD:0.608687, R_squared:0.999560

2024-03-21 04:20:40,252 Epoch 128/300, Train Loss: 0.027054, Val Loss: 0.024062  
	Train = MSE:0.027047 , RMSE:0.164460 , MAE:0.125709 , MAPD:0.657972, R_squared:0.999532  
	Validation = MSE:0.025376 , RMSE:0.159297 , MAE:0.110221 , MAPD:0.607144, R_squared:0.999543

2024-03-21 04:20:48,677 Epoch 129/300, Train Loss: 0.041844, Val Loss: 0.031422  
	Train = MSE:0.041849 , RMSE:0.204571 , MAE:0.156031 , MAPD:0.813710, R_squared:0.999276  
	Validation = MSE:0.033139 , RMSE:0.182041 , MAE:0.135503 , MAPD:0.819787, R_squared:0.999404

2024-03-21 04:20:56,514 Epoch 130/300, Train Loss: 0.031405, Val Loss: 0.041962  
	Train = MSE:0.031407 , RMSE:0.177219 , MAE:0.135378 , MAPD:0.701170, R_squared:0.999456  
	Validation = MSE:0.042191 , RMSE:0.205404 , MAE:0.174679 , MAPD:1.012348, R_squared:0.999241

2024-03-21 04:21:04,219 Epoch 131/300, Train Loss: 0.112924, Val Loss: 0.266393  
	Train = MSE:0.112929 , RMSE:0.336049 , MAE:0.257870 , MAPD:1.297367, R_squared:0.998045  
	Validation = MSE:0.258691 , RMSE:0.508617 , MAE:0.467301 , MAPD:2.496828, R_squared:0.995345

2024-03-21 04:21:15,045 Epoch 132/300, Train Loss: 0.180081, Val Loss: 0.099952  
	Train = MSE:0.180131 , RMSE:0.424418 , MAE:0.342051 , MAPD:1.719080, R_squared:0.996882  
	Validation = MSE:0.100742 , RMSE:0.317399 , MAE:0.283645 , MAPD:1.510251, R_squared:0.998187

2024-03-21 04:21:22,737 Epoch 133/300, Train Loss: 0.106120, Val Loss: 0.047654  
	Train = MSE:0.106146 , RMSE:0.325801 , MAE:0.257937 , MAPD:1.295879, R_squared:0.998163  
	Validation = MSE:0.047504 , RMSE:0.217955 , MAE:0.175303 , MAPD:0.940423, R_squared:0.999145

2024-03-21 04:21:30,432 Epoch 134/300, Train Loss: 0.026665, Val Loss: 0.024432  
	Train = MSE:0.026665 , RMSE:0.163294 , MAE:0.122402 , MAPD:0.636121, R_squared:0.999538  
	Validation = MSE:0.026210 , RMSE:0.161894 , MAE:0.118061 , MAPD:0.652780, R_squared:0.999528

2024-03-21 04:21:38,928 Epoch 135/300, Train Loss: 0.037694, Val Loss: 0.045841  
	Train = MSE:0.037640 , RMSE:0.194009 , MAE:0.143526 , MAPD:0.737765, R_squared:0.999348  
	Validation = MSE:0.047438 , RMSE:0.217804 , MAE:0.184858 , MAPD:1.005063, R_squared:0.999146

2024-03-21 04:21:48,842 Epoch 136/300, Train Loss: 0.082242, Val Loss: 0.027916  
	Train = MSE:0.082256 , RMSE:0.286804 , MAE:0.223421 , MAPD:1.128407, R_squared:0.998576  
	Validation = MSE:0.029087 , RMSE:0.170549 , MAE:0.127785 , MAPD:0.702957, R_squared:0.999477

2024-03-21 04:21:56,537 Epoch 137/300, Train Loss: 0.065875, Val Loss: 0.037454  
	Train = MSE:0.065887 , RMSE:0.256685 , MAE:0.202482 , MAPD:1.023731, R_squared:0.998859  
	Validation = MSE:0.038316 , RMSE:0.195746 , MAE:0.160401 , MAPD:0.910907, R_squared:0.999311

2024-03-21 04:22:05,377 Epoch 138/300, Train Loss: 0.047243, Val Loss: 0.084644  
	Train = MSE:0.047207 , RMSE:0.217271 , MAE:0.167997 , MAPD:0.851512, R_squared:0.999183  
	Validation = MSE:0.084453 , RMSE:0.290609 , MAE:0.207202 , MAPD:0.943102, R_squared:0.998480

2024-03-21 04:22:13,100 Epoch 139/300, Train Loss: 0.068934, Val Loss: 0.067901  
	Train = MSE:0.068948 , RMSE:0.262579 , MAE:0.194729 , MAPD:1.016036, R_squared:0.998807  
	Validation = MSE:0.069520 , RMSE:0.263667 , MAE:0.215531 , MAPD:1.132200, R_squared:0.998749

2024-03-21 04:22:21,384 Epoch 140/300, Train Loss: 0.092705, Val Loss: 0.166465  
	Train = MSE:0.092643 , RMSE:0.304373 , MAE:0.237189 , MAPD:1.215430, R_squared:0.998396  
	Validation = MSE:0.167361 , RMSE:0.409098 , MAE:0.365378 , MAPD:1.862407, R_squared:0.996988

2024-03-21 04:22:29,569 Epoch 141/300, Train Loss: 0.091202, Val Loss: 0.041931  
	Train = MSE:0.091222 , RMSE:0.302030 , MAE:0.233263 , MAPD:1.198147, R_squared:0.998421  
	Validation = MSE:0.042130 , RMSE:0.205257 , MAE:0.164634 , MAPD:1.016147, R_squared:0.999242

2024-03-21 04:22:42,910 Epoch 142/300, Train Loss: 0.032664, Val Loss: 0.026138  
	Train = MSE:0.032668 , RMSE:0.180743 , MAE:0.140249 , MAPD:0.737420, R_squared:0.999435  
	Validation = MSE:0.027553 , RMSE:0.165992 , MAE:0.119869 , MAPD:0.664192, R_squared:0.999504

2024-03-21 04:22:52,517 Epoch 143/300, Train Loss: 0.029780, Val Loss: 0.022082  
	Train = MSE:0.029779 , RMSE:0.172565 , MAE:0.132424 , MAPD:0.688705, R_squared:0.999485  
	Validation = MSE:0.023425 , RMSE:0.153053 , MAE:0.104919 , MAPD:0.584431, R_squared:0.999578

2024-03-21 04:23:00,277 Epoch 144/300, Train Loss: 0.102535, Val Loss: 0.200097  
	Train = MSE:0.102552 , RMSE:0.320237 , MAE:0.250212 , MAPD:1.267642, R_squared:0.998225  
	Validation = MSE:0.197841 , RMSE:0.444793 , MAE:0.399758 , MAPD:2.042972, R_squared:0.996440

2024-03-21 04:23:08,848 Epoch 145/300, Train Loss: 0.056441, Val Loss: 0.130932  
	Train = MSE:0.056436 , RMSE:0.237563 , MAE:0.179000 , MAPD:0.916128, R_squared:0.999023  
	Validation = MSE:0.130024 , RMSE:0.360589 , MAE:0.320576 , MAPD:1.624461, R_squared:0.997660

2024-03-21 04:23:17,349 Epoch 146/300, Train Loss: 0.098155, Val Loss: 0.038427  
	Train = MSE:0.098177 , RMSE:0.313332 , MAE:0.238717 , MAPD:1.196381, R_squared:0.998301  
	Validation = MSE:0.039663 , RMSE:0.199155 , MAE:0.163559 , MAPD:0.907630, R_squared:0.999286

2024-03-21 04:23:26,877 Epoch 147/300, Train Loss: 0.029555, Val Loss: 0.038398  
	Train = MSE:0.029542 , RMSE:0.171877 , MAE:0.133708 , MAPD:0.700581, R_squared:0.999489  
	Validation = MSE:0.039328 , RMSE:0.198314 , MAE:0.145436 , MAPD:0.730771, R_squared:0.999292

2024-03-21 04:23:35,230 Epoch 148/300, Train Loss: 0.035991, Val Loss: 0.025976  
	Train = MSE:0.035992 , RMSE:0.189716 , MAE:0.143176 , MAPD:0.734571, R_squared:0.999377  
	Validation = MSE:0.026687 , RMSE:0.163363 , MAE:0.119363 , MAPD:0.694668, R_squared:0.999520

2024-03-21 04:23:45,332 Epoch 149/300, Train Loss: 0.044431, Val Loss: 0.028230  
	Train = MSE:0.044405 , RMSE:0.210725 , MAE:0.161895 , MAPD:0.831953, R_squared:0.999231  
	Validation = MSE:0.028517 , RMSE:0.168869 , MAE:0.128816 , MAPD:0.741692, R_squared:0.999487

2024-03-21 04:23:54,086 Epoch 150/300, Train Loss: 0.062624, Val Loss: 0.170880  
	Train = MSE:0.062637 , RMSE:0.250274 , MAE:0.200272 , MAPD:1.002103, R_squared:0.998916  
	Validation = MSE:0.166037 , RMSE:0.407476 , MAE:0.368602 , MAPD:1.927066, R_squared:0.997012

2024-03-21 04:24:01,980 Epoch 151/300, Train Loss: 0.140615, Val Loss: 0.039409  
	Train = MSE:0.140647 , RMSE:0.375029 , MAE:0.298515 , MAPD:1.513936, R_squared:0.997565  
	Validation = MSE:0.040283 , RMSE:0.200707 , MAE:0.144668 , MAPD:0.726442, R_squared:0.999275

2024-03-21 04:24:12,838 Epoch 152/300, Train Loss: 0.105573, Val Loss: 0.083876  
	Train = MSE:0.105583 , RMSE:0.324935 , MAE:0.255949 , MAPD:1.293083, R_squared:0.998172  
	Validation = MSE:0.086120 , RMSE:0.293462 , MAE:0.252107 , MAPD:1.431589, R_squared:0.998450

2024-03-21 04:24:20,584 Epoch 153/300, Train Loss: 0.029055, Val Loss: 0.020821  
	Train = MSE:0.029058 , RMSE:0.170463 , MAE:0.128633 , MAPD:0.670928, R_squared:0.999497  
	Validation = MSE:0.021879 , RMSE:0.147914 , MAE:0.101492 , MAPD:0.558996, R_squared:0.999606

2024-03-21 04:24:28,739 Epoch 154/300, Train Loss: 0.032073, Val Loss: 0.026333  
	Train = MSE:0.032073 , RMSE:0.179089 , MAE:0.136413 , MAPD:0.703583, R_squared:0.999445  
	Validation = MSE:0.027497 , RMSE:0.165823 , MAE:0.120788 , MAPD:0.642275, R_squared:0.999505

2024-03-21 04:24:37,276 Epoch 155/300, Train Loss: 0.023031, Val Loss: 0.021813  
	Train = MSE:0.023029 , RMSE:0.151754 , MAE:0.115476 , MAPD:0.597209, R_squared:0.999601  
	Validation = MSE:0.023352 , RMSE:0.152814 , MAE:0.109112 , MAPD:0.597096, R_squared:0.999580

2024-03-21 04:24:45,956 Epoch 156/300, Train Loss: 0.043098, Val Loss: 0.026652  
	Train = MSE:0.043050 , RMSE:0.207485 , MAE:0.153668 , MAPD:0.783145, R_squared:0.999255  
	Validation = MSE:0.028072 , RMSE:0.167546 , MAE:0.122579 , MAPD:0.662453, R_squared:0.999495

2024-03-21 04:24:54,266 Epoch 157/300, Train Loss: 0.040090, Val Loss: 0.026720  
	Train = MSE:0.040095 , RMSE:0.200238 , MAE:0.152693 , MAPD:0.789533, R_squared:0.999306  
	Validation = MSE:0.027718 , RMSE:0.166487 , MAE:0.123017 , MAPD:0.692037, R_squared:0.999501

2024-03-21 04:25:04,467 Epoch 158/300, Train Loss: 0.020555, Val Loss: 0.026385  
	Train = MSE:0.020554 , RMSE:0.143366 , MAE:0.107126 , MAPD:0.560364, R_squared:0.999644  
	Validation = MSE:0.027181 , RMSE:0.164867 , MAE:0.124302 , MAPD:0.666701, R_squared:0.999511

2024-03-21 04:25:12,359 Epoch 159/300, Train Loss: 0.031086, Val Loss: 0.026751  
	Train = MSE:0.031088 , RMSE:0.176319 , MAE:0.134214 , MAPD:0.693887, R_squared:0.999462  
	Validation = MSE:0.027769 , RMSE:0.166639 , MAE:0.115318 , MAPD:0.684584, R_squared:0.999500

2024-03-21 04:25:20,038 Epoch 160/300, Train Loss: 0.026603, Val Loss: 0.069653  
	Train = MSE:0.026607 , RMSE:0.163116 , MAE:0.123195 , MAPD:0.641878, R_squared:0.999539  
	Validation = MSE:0.069478 , RMSE:0.263587 , MAE:0.218956 , MAPD:1.113970, R_squared:0.998750

2024-03-21 04:25:27,741 Epoch 161/300, Train Loss: 0.030453, Val Loss: 0.053496  
	Train = MSE:0.030448 , RMSE:0.174492 , MAE:0.135782 , MAPD:0.696840, R_squared:0.999473  
	Validation = MSE:0.054435 , RMSE:0.233312 , MAE:0.192964 , MAPD:1.030333, R_squared:0.999021

2024-03-21 04:25:38,660 Epoch 162/300, Train Loss: 0.053465, Val Loss: 0.155177  
	Train = MSE:0.053453 , RMSE:0.231199 , MAE:0.175891 , MAPD:0.894734, R_squared:0.999075  
	Validation = MSE:0.157838 , RMSE:0.397289 , MAE:0.366818 , MAPD:1.985231, R_squared:0.997160

2024-03-21 04:25:47,486 Epoch 163/300, Train Loss: 0.083838, Val Loss: 0.057174  
	Train = MSE:0.083806 , RMSE:0.289493 , MAE:0.217681 , MAPD:1.124206, R_squared:0.998549  
	Validation = MSE:0.056295 , RMSE:0.237267 , MAE:0.175653 , MAPD:0.892300, R_squared:0.998987

2024-03-21 04:25:55,677 Epoch 164/300, Train Loss: 0.063912, Val Loss: 0.079941  
	Train = MSE:0.063922 , RMSE:0.252828 , MAE:0.191916 , MAPD:0.991454, R_squared:0.998894  
	Validation = MSE:0.081539 , RMSE:0.285551 , MAE:0.243695 , MAPD:1.245202, R_squared:0.998533

2024-03-21 04:26:04,427 Epoch 165/300, Train Loss: 0.058379, Val Loss: 0.041073  
	Train = MSE:0.058387 , RMSE:0.241634 , MAE:0.188379 , MAPD:0.965007, R_squared:0.998989  
	Validation = MSE:0.042342 , RMSE:0.205772 , MAE:0.147931 , MAPD:0.734505, R_squared:0.999238

2024-03-21 04:26:12,952 Epoch 166/300, Train Loss: 0.035270, Val Loss: 0.022814  
	Train = MSE:0.035269 , RMSE:0.187801 , MAE:0.145945 , MAPD:0.753639, R_squared:0.999389  
	Validation = MSE:0.023436 , RMSE:0.153087 , MAE:0.111389 , MAPD:0.633711, R_squared:0.999578

2024-03-21 04:26:22,297 Epoch 167/300, Train Loss: 0.034212, Val Loss: 0.023705  
	Train = MSE:0.034216 , RMSE:0.184975 , MAE:0.141642 , MAPD:0.728816, R_squared:0.999408  
	Validation = MSE:0.025313 , RMSE:0.159102 , MAE:0.113829 , MAPD:0.639796, R_squared:0.999545

2024-03-21 04:26:32,289 Epoch 168/300, Train Loss: 0.022962, Val Loss: 0.031789  
	Train = MSE:0.022959 , RMSE:0.151522 , MAE:0.115744 , MAPD:0.604330, R_squared:0.999603  
	Validation = MSE:0.032985 , RMSE:0.181617 , MAE:0.146151 , MAPD:0.785251, R_squared:0.999406

2024-03-21 04:26:40,748 Epoch 169/300, Train Loss: 0.112740, Val Loss: 0.048856  
	Train = MSE:0.112683 , RMSE:0.335682 , MAE:0.245216 , MAPD:1.230372, R_squared:0.998049  
	Validation = MSE:0.051893 , RMSE:0.227801 , MAE:0.172664 , MAPD:0.885379, R_squared:0.999066

2024-03-21 04:26:48,425 Epoch 170/300, Train Loss: 0.119832, Val Loss: 0.161059  
	Train = MSE:0.119862 , RMSE:0.346211 , MAE:0.263695 , MAPD:1.320183, R_squared:0.997925  
	Validation = MSE:0.162351 , RMSE:0.402928 , MAE:0.349715 , MAPD:1.747653, R_squared:0.997079

2024-03-21 04:26:56,094 Epoch 171/300, Train Loss: 0.070640, Val Loss: 0.018893  
	Train = MSE:0.070657 , RMSE:0.265814 , MAE:0.200407 , MAPD:1.018557, R_squared:0.998777  
	Validation = MSE:0.020462 , RMSE:0.143046 , MAE:0.099915 , MAPD:0.558503, R_squared:0.999632

2024-03-21 04:27:08,590 Epoch 172/300, Train Loss: 0.028108, Val Loss: 0.023334  
	Train = MSE:0.028109 , RMSE:0.167657 , MAE:0.128846 , MAPD:0.665685, R_squared:0.999513  
	Validation = MSE:0.024256 , RMSE:0.155745 , MAE:0.106711 , MAPD:0.579425, R_squared:0.999564

2024-03-21 04:27:16,272 Epoch 173/300, Train Loss: 0.043535, Val Loss: 0.033643  
	Train = MSE:0.043539 , RMSE:0.208661 , MAE:0.160945 , MAPD:0.820317, R_squared:0.999246  
	Validation = MSE:0.035318 , RMSE:0.187932 , MAE:0.154953 , MAPD:0.843206, R_squared:0.999364

2024-03-21 04:27:24,470 Epoch 174/300, Train Loss: 0.028354, Val Loss: 0.030676  
	Train = MSE:0.028352 , RMSE:0.168380 , MAE:0.130602 , MAPD:0.673588, R_squared:0.999509  
	Validation = MSE:0.032596 , RMSE:0.180543 , MAE:0.144216 , MAPD:0.870678, R_squared:0.999413

2024-03-21 04:27:32,927 Epoch 175/300, Train Loss: 0.050090, Val Loss: 0.045510  
	Train = MSE:0.050100 , RMSE:0.223830 , MAE:0.170552 , MAPD:0.866797, R_squared:0.999133  
	Validation = MSE:0.046024 , RMSE:0.214533 , MAE:0.167480 , MAPD:0.859064, R_squared:0.999172

2024-03-21 04:27:41,315 Epoch 176/300, Train Loss: 0.043405, Val Loss: 0.036801  
	Train = MSE:0.043405 , RMSE:0.208338 , MAE:0.163578 , MAPD:0.838217, R_squared:0.999249  
	Validation = MSE:0.038101 , RMSE:0.195195 , MAE:0.148782 , MAPD:0.779133, R_squared:0.999314

2024-03-21 04:27:50,239 Epoch 177/300, Train Loss: 0.079271, Val Loss: 0.037765  
	Train = MSE:0.079263 , RMSE:0.281538 , MAE:0.224774 , MAPD:1.136219, R_squared:0.998628  
	Validation = MSE:0.038105 , RMSE:0.195206 , MAE:0.142359 , MAPD:0.742068, R_squared:0.999314

2024-03-21 04:27:57,884 Epoch 178/300, Train Loss: 0.062780, Val Loss: 0.023790  
	Train = MSE:0.062794 , RMSE:0.250587 , MAE:0.189353 , MAPD:0.977810, R_squared:0.998913  
	Validation = MSE:0.024651 , RMSE:0.157008 , MAE:0.119541 , MAPD:0.679377, R_squared:0.999556

2024-03-21 04:28:05,778 Epoch 179/300, Train Loss: 0.036900, Val Loss: 0.028726  
	Train = MSE:0.036905 , RMSE:0.192107 , MAE:0.145475 , MAPD:0.748974, R_squared:0.999361  
	Validation = MSE:0.029834 , RMSE:0.172724 , MAE:0.125366 , MAPD:0.668431, R_squared:0.999463

2024-03-21 04:28:14,653 Epoch 180/300, Train Loss: 0.029042, Val Loss: 0.022235  
	Train = MSE:0.029039 , RMSE:0.170407 , MAE:0.128958 , MAPD:0.665560, R_squared:0.999497  
	Validation = MSE:0.023451 , RMSE:0.153138 , MAE:0.107942 , MAPD:0.569161, R_squared:0.999578

2024-03-21 04:28:22,701 Epoch 181/300, Train Loss: 0.023980, Val Loss: 0.082753  
	Train = MSE:0.023978 , RMSE:0.154848 , MAE:0.117372 , MAPD:0.600354, R_squared:0.999585  
	Validation = MSE:0.082084 , RMSE:0.286503 , MAE:0.234833 , MAPD:1.193310, R_squared:0.998523

2024-03-21 04:28:33,826 Epoch 182/300, Train Loss: 0.038778, Val Loss: 0.020807  
	Train = MSE:0.038782 , RMSE:0.196932 , MAE:0.148551 , MAPD:0.757471, R_squared:0.999329  
	Validation = MSE:0.021302 , RMSE:0.145951 , MAE:0.099367 , MAPD:0.561250, R_squared:0.999617

2024-03-21 04:28:42,346 Epoch 183/300, Train Loss: 0.025652, Val Loss: 0.046676  
	Train = MSE:0.025647 , RMSE:0.160145 , MAE:0.124175 , MAPD:0.642844, R_squared:0.999556  
	Validation = MSE:0.047010 , RMSE:0.216819 , MAE:0.177959 , MAPD:0.905374, R_squared:0.999154

2024-03-21 04:28:50,378 Epoch 184/300, Train Loss: 0.040125, Val Loss: 0.026543  
	Train = MSE:0.040127 , RMSE:0.200316 , MAE:0.157375 , MAPD:0.821465, R_squared:0.999305  
	Validation = MSE:0.026121 , RMSE:0.161619 , MAE:0.117791 , MAPD:0.622680, R_squared:0.999530

2024-03-21 04:28:58,062 Epoch 185/300, Train Loss: 0.035230, Val Loss: 0.022134  
	Train = MSE:0.035235 , RMSE:0.187711 , MAE:0.145022 , MAPD:0.739186, R_squared:0.999390  
	Validation = MSE:0.022996 , RMSE:0.151646 , MAE:0.107216 , MAPD:0.571442, R_squared:0.999586

2024-03-21 04:29:06,120 Epoch 186/300, Train Loss: 0.024214, Val Loss: 0.036794  
	Train = MSE:0.024208 , RMSE:0.155590 , MAE:0.120254 , MAPD:0.621045, R_squared:0.999581  
	Validation = MSE:0.037202 , RMSE:0.192878 , MAE:0.157772 , MAPD:0.835934, R_squared:0.999331

2024-03-21 04:29:14,475 Epoch 187/300, Train Loss: 0.030092, Val Loss: 0.018092  
	Train = MSE:0.030098 , RMSE:0.173488 , MAE:0.131112 , MAPD:0.677776, R_squared:0.999479  
	Validation = MSE:0.019020 , RMSE:0.137914 , MAE:0.091437 , MAPD:0.515290, R_squared:0.999658

2024-03-21 04:29:23,660 Epoch 188/300, Train Loss: 0.042977, Val Loss: 0.055018  
	Train = MSE:0.042973 , RMSE:0.207298 , MAE:0.155205 , MAPD:0.801818, R_squared:0.999256  
	Validation = MSE:0.054025 , RMSE:0.232432 , MAE:0.168910 , MAPD:0.820956, R_squared:0.999028

2024-03-21 04:29:31,429 Epoch 189/300, Train Loss: 0.040717, Val Loss: 0.030503  
	Train = MSE:0.040720 , RMSE:0.201791 , MAE:0.154782 , MAPD:0.790459, R_squared:0.999295  
	Validation = MSE:0.030691 , RMSE:0.175189 , MAE:0.126478 , MAPD:0.630914, R_squared:0.999448

2024-03-21 04:29:39,889 Epoch 190/300, Train Loss: 0.026534, Val Loss: 0.026473  
	Train = MSE:0.026539 , RMSE:0.162909 , MAE:0.124428 , MAPD:0.641710, R_squared:0.999541  
	Validation = MSE:0.027465 , RMSE:0.165725 , MAE:0.123347 , MAPD:0.726378, R_squared:0.999506

2024-03-21 04:29:48,471 Epoch 191/300, Train Loss: 0.035953, Val Loss: 0.034643  
	Train = MSE:0.035958 , RMSE:0.189626 , MAE:0.149196 , MAPD:0.764514, R_squared:0.999378  
	Validation = MSE:0.035204 , RMSE:0.187627 , MAE:0.143566 , MAPD:0.721262, R_squared:0.999367

2024-03-21 04:30:01,341 Epoch 192/300, Train Loss: 0.084846, Val Loss: 0.058653  
	Train = MSE:0.084828 , RMSE:0.291252 , MAE:0.218157 , MAPD:1.090364, R_squared:0.998532  
	Validation = MSE:0.060036 , RMSE:0.245022 , MAE:0.205568 , MAPD:1.243343, R_squared:0.998920

2024-03-21 04:30:09,050 Epoch 193/300, Train Loss: 0.141812, Val Loss: 0.122604  
	Train = MSE:0.141848 , RMSE:0.376627 , MAE:0.294819 , MAPD:1.528450, R_squared:0.997545  
	Validation = MSE:0.121505 , RMSE:0.348576 , MAE:0.282948 , MAPD:1.352829, R_squared:0.997814

2024-03-21 04:30:17,442 Epoch 194/300, Train Loss: 0.034315, Val Loss: 0.049672  
	Train = MSE:0.034320 , RMSE:0.185256 , MAE:0.137957 , MAPD:0.704376, R_squared:0.999406  
	Validation = MSE:0.049935 , RMSE:0.223462 , MAE:0.176522 , MAPD:0.894389, R_squared:0.999101

2024-03-21 04:30:25,207 Epoch 195/300, Train Loss: 0.057029, Val Loss: 0.049611  
	Train = MSE:0.057041 , RMSE:0.238832 , MAE:0.185716 , MAPD:0.947883, R_squared:0.999013  
	Validation = MSE:0.048289 , RMSE:0.219747 , MAE:0.178910 , MAPD:0.918852, R_squared:0.999131

2024-03-21 04:30:34,925 Epoch 196/300, Train Loss: 0.042567, Val Loss: 0.016876  
	Train = MSE:0.042575 , RMSE:0.206337 , MAE:0.154229 , MAPD:0.790663, R_squared:0.999263  
	Validation = MSE:0.018056 , RMSE:0.134371 , MAE:0.089566 , MAPD:0.504236, R_squared:0.999675

2024-03-21 04:30:42,664 Epoch 197/300, Train Loss: 0.018328, Val Loss: 0.018064  
	Train = MSE:0.018328 , RMSE:0.135381 , MAE:0.102835 , MAPD:0.535477, R_squared:0.999683  
	Validation = MSE:0.019391 , RMSE:0.139252 , MAE:0.093293 , MAPD:0.519237, R_squared:0.999651

2024-03-21 04:30:50,421 Epoch 198/300, Train Loss: 0.032109, Val Loss: 0.055826  
	Train = MSE:0.032110 , RMSE:0.179192 , MAE:0.134853 , MAPD:0.689242, R_squared:0.999444  
	Validation = MSE:0.056977 , RMSE:0.238698 , MAE:0.205924 , MAPD:1.230013, R_squared:0.998975

2024-03-21 04:30:58,141 Epoch 199/300, Train Loss: 0.062611, Val Loss: 0.018178  
	Train = MSE:0.062626 , RMSE:0.250251 , MAE:0.194891 , MAPD:0.992783, R_squared:0.998916  
	Validation = MSE:0.019495 , RMSE:0.139623 , MAE:0.092810 , MAPD:0.512526, R_squared:0.999649

2024-03-21 04:31:05,995 Epoch 200/300, Train Loss: 0.024318, Val Loss: 0.074960  
	Train = MSE:0.024315 , RMSE:0.155932 , MAE:0.118810 , MAPD:0.613483, R_squared:0.999579  
	Validation = MSE:0.074549 , RMSE:0.273036 , MAE:0.237091 , MAPD:1.296868, R_squared:0.998659

2024-03-21 04:31:14,170 Epoch 201/300, Train Loss: 0.025502, Val Loss: 0.050521  
	Train = MSE:0.025503 , RMSE:0.159698 , MAE:0.122603 , MAPD:0.636634, R_squared:0.999559  
	Validation = MSE:0.049341 , RMSE:0.222129 , MAE:0.178110 , MAPD:0.899238, R_squared:0.999112

2024-03-21 04:31:26,247 Epoch 202/300, Train Loss: 0.021178, Val Loss: 0.028786  
	Train = MSE:0.021176 , RMSE:0.145520 , MAE:0.110908 , MAPD:0.576647, R_squared:0.999633  
	Validation = MSE:0.029589 , RMSE:0.172014 , MAE:0.126450 , MAPD:0.641901, R_squared:0.999468

2024-03-21 04:31:34,937 Epoch 203/300, Train Loss: 0.031946, Val Loss: 0.036461  
	Train = MSE:0.031949 , RMSE:0.178743 , MAE:0.133775 , MAPD:0.683004, R_squared:0.999447  
	Validation = MSE:0.036742 , RMSE:0.191682 , MAE:0.141173 , MAPD:0.707255, R_squared:0.999339

2024-03-21 04:31:43,817 Epoch 204/300, Train Loss: 0.048016, Val Loss: 0.328762  
	Train = MSE:0.047984 , RMSE:0.219053 , MAE:0.156731 , MAPD:0.809173, R_squared:0.999169  
	Validation = MSE:0.314235 , RMSE:0.560567 , MAE:0.462712 , MAPD:2.182390, R_squared:0.994346

2024-03-21 04:31:51,788 Epoch 205/300, Train Loss: 0.056270, Val Loss: 0.067681  
	Train = MSE:0.056277 , RMSE:0.237229 , MAE:0.179002 , MAPD:0.912625, R_squared:0.999026  
	Validation = MSE:0.068861 , RMSE:0.262413 , MAE:0.227709 , MAPD:1.215448, R_squared:0.998761

2024-03-21 04:32:01,112 Epoch 206/300, Train Loss: 0.028946, Val Loss: 0.024558  
	Train = MSE:0.028949 , RMSE:0.170144 , MAE:0.130173 , MAPD:0.666573, R_squared:0.999499  
	Validation = MSE:0.025223 , RMSE:0.158818 , MAE:0.122807 , MAPD:0.685432, R_squared:0.999546

2024-03-21 04:32:09,070 Epoch 207/300, Train Loss: 0.038053, Val Loss: 0.029398  
	Train = MSE:0.038051 , RMSE:0.195067 , MAE:0.148634 , MAPD:0.763263, R_squared:0.999341  
	Validation = MSE:0.030964 , RMSE:0.175965 , MAE:0.137613 , MAPD:0.787411, R_squared:0.999443

2024-03-21 04:32:18,838 Epoch 208/300, Train Loss: 0.031818, Val Loss: 0.027583  
	Train = MSE:0.031812 , RMSE:0.178358 , MAE:0.141556 , MAPD:0.725992, R_squared:0.999449  
	Validation = MSE:0.028734 , RMSE:0.169510 , MAE:0.129241 , MAPD:0.651810, R_squared:0.999483

2024-03-21 04:32:27,132 Epoch 209/300, Train Loss: 0.031888, Val Loss: 0.017193  
	Train = MSE:0.031893 , RMSE:0.178585 , MAE:0.137730 , MAPD:0.700869, R_squared:0.999448  
	Validation = MSE:0.018195 , RMSE:0.134888 , MAE:0.093410 , MAPD:0.514343, R_squared:0.999673

2024-03-21 04:32:34,804 Epoch 210/300, Train Loss: 0.036601, Val Loss: 0.191488  
	Train = MSE:0.036604 , RMSE:0.191321 , MAE:0.147238 , MAPD:0.755316, R_squared:0.999366  
	Validation = MSE:0.191175 , RMSE:0.437235 , MAE:0.390073 , MAPD:1.915162, R_squared:0.996560

2024-03-21 04:32:43,107 Epoch 211/300, Train Loss: 0.099871, Val Loss: 0.025147  
	Train = MSE:0.099899 , RMSE:0.316067 , MAE:0.231035 , MAPD:1.172827, R_squared:0.998271  
	Validation = MSE:0.025701 , RMSE:0.160316 , MAE:0.116503 , MAPD:0.620731, R_squared:0.999538

2024-03-21 04:32:55,672 Epoch 212/300, Train Loss: 0.066072, Val Loss: 0.084498  
	Train = MSE:0.065985 , RMSE:0.256876 , MAE:0.191044 , MAPD:0.964934, R_squared:0.998858  
	Validation = MSE:0.085496 , RMSE:0.292398 , MAE:0.214000 , MAPD:0.993760, R_squared:0.998462

2024-03-21 04:33:03,430 Epoch 213/300, Train Loss: 0.042811, Val Loss: 0.017087  
	Train = MSE:0.042812 , RMSE:0.206911 , MAE:0.160051 , MAPD:0.832147, R_squared:0.999259  
	Validation = MSE:0.018409 , RMSE:0.135681 , MAE:0.095923 , MAPD:0.536375, R_squared:0.999669

2024-03-21 04:33:11,522 Epoch 214/300, Train Loss: 0.029573, Val Loss: 0.021423  
	Train = MSE:0.029569 , RMSE:0.171957 , MAE:0.133784 , MAPD:0.675326, R_squared:0.999488  
	Validation = MSE:0.022161 , RMSE:0.148866 , MAE:0.113421 , MAPD:0.633290, R_squared:0.999601

2024-03-21 04:33:20,819 Epoch 215/300, Train Loss: 0.028638, Val Loss: 0.017861  
	Train = MSE:0.028643 , RMSE:0.169243 , MAE:0.129653 , MAPD:0.666198, R_squared:0.999504  
	Validation = MSE:0.018935 , RMSE:0.137605 , MAE:0.099422 , MAPD:0.578074, R_squared:0.999659

2024-03-21 04:33:31,302 Epoch 216/300, Train Loss: 0.027993, Val Loss: 0.031118  
	Train = MSE:0.027997 , RMSE:0.167322 , MAE:0.127207 , MAPD:0.651674, R_squared:0.999515  
	Validation = MSE:0.031988 , RMSE:0.178853 , MAE:0.129055 , MAPD:0.640296, R_squared:0.999424

2024-03-21 04:33:39,059 Epoch 217/300, Train Loss: 0.026949, Val Loss: 0.124469  
	Train = MSE:0.026952 , RMSE:0.164169 , MAE:0.121416 , MAPD:0.622104, R_squared:0.999533  
	Validation = MSE:0.122667 , RMSE:0.350239 , MAE:0.277628 , MAPD:1.269591, R_squared:0.997793

2024-03-21 04:33:46,795 Epoch 218/300, Train Loss: 0.070206, Val Loss: 0.029379  
	Train = MSE:0.070199 , RMSE:0.264951 , MAE:0.210709 , MAPD:1.090628, R_squared:0.998785  
	Validation = MSE:0.029923 , RMSE:0.172983 , MAE:0.132995 , MAPD:0.729301, R_squared:0.999462

2024-03-21 04:33:54,569 Epoch 219/300, Train Loss: 0.032808, Val Loss: 0.073184  
	Train = MSE:0.032813 , RMSE:0.181143 , MAE:0.131113 , MAPD:0.673399, R_squared:0.999432  
	Validation = MSE:0.073838 , RMSE:0.271731 , MAE:0.239185 , MAPD:1.269714, R_squared:0.998671

2024-03-21 04:34:02,208 Epoch 220/300, Train Loss: 0.039584, Val Loss: 0.020607  
	Train = MSE:0.039581 , RMSE:0.198951 , MAE:0.154994 , MAPD:0.772344, R_squared:0.999315  
	Validation = MSE:0.020802 , RMSE:0.144228 , MAE:0.102245 , MAPD:0.572260, R_squared:0.999626

2024-03-21 04:34:10,863 Epoch 221/300, Train Loss: 0.061663, Val Loss: 0.021724  
	Train = MSE:0.061677 , RMSE:0.248349 , MAE:0.187932 , MAPD:0.948039, R_squared:0.998932  
	Validation = MSE:0.022846 , RMSE:0.151150 , MAE:0.114217 , MAPD:0.659579, R_squared:0.999589

2024-03-21 04:34:24,061 Epoch 222/300, Train Loss: 0.020810, Val Loss: 0.023304  
	Train = MSE:0.020811 , RMSE:0.144262 , MAE:0.110561 , MAPD:0.572312, R_squared:0.999640  
	Validation = MSE:0.023861 , RMSE:0.154471 , MAE:0.120958 , MAPD:0.695896, R_squared:0.999571

2024-03-21 04:34:33,083 Epoch 223/300, Train Loss: 0.020439, Val Loss: 0.015955  
	Train = MSE:0.020426 , RMSE:0.142920 , MAE:0.108122 , MAPD:0.559428, R_squared:0.999646  
	Validation = MSE:0.016801 , RMSE:0.129618 , MAE:0.087746 , MAPD:0.480369, R_squared:0.999698

2024-03-21 04:34:41,837 Epoch 224/300, Train Loss: 0.022704, Val Loss: 0.092901  
	Train = MSE:0.022701 , RMSE:0.150669 , MAE:0.115601 , MAPD:0.594301, R_squared:0.999607  
	Validation = MSE:0.094149 , RMSE:0.306837 , MAE:0.283929 , MAPD:1.531981, R_squared:0.998306

2024-03-21 04:34:49,883 Epoch 225/300, Train Loss: 0.040135, Val Loss: 0.092956  
	Train = MSE:0.040126 , RMSE:0.200314 , MAE:0.152876 , MAPD:0.774595, R_squared:0.999305  
	Validation = MSE:0.092232 , RMSE:0.303698 , MAE:0.262137 , MAPD:1.336361, R_squared:0.998340

2024-03-21 04:34:58,175 Epoch 226/300, Train Loss: 0.089608, Val Loss: 0.019109  
	Train = MSE:0.089624 , RMSE:0.299373 , MAE:0.240383 , MAPD:1.218366, R_squared:0.998449  
	Validation = MSE:0.020594 , RMSE:0.143507 , MAE:0.099838 , MAPD:0.542010, R_squared:0.999629

2024-03-21 04:35:06,751 Epoch 227/300, Train Loss: 0.031930, Val Loss: 0.102640  
	Train = MSE:0.031937 , RMSE:0.178708 , MAE:0.133914 , MAPD:0.685765, R_squared:0.999447  
	Validation = MSE:0.099927 , RMSE:0.316112 , MAE:0.262435 , MAPD:1.274741, R_squared:0.998202

2024-03-21 04:35:15,546 Epoch 228/300, Train Loss: 0.095148, Val Loss: 0.027303  
	Train = MSE:0.095174 , RMSE:0.308503 , MAE:0.235903 , MAPD:1.205365, R_squared:0.998353  
	Validation = MSE:0.027257 , RMSE:0.165096 , MAE:0.120460 , MAPD:0.627672, R_squared:0.999510

2024-03-21 04:35:23,736 Epoch 229/300, Train Loss: 0.033430, Val Loss: 0.024922  
	Train = MSE:0.033438 , RMSE:0.182860 , MAE:0.139318 , MAPD:0.705135, R_squared:0.999421  
	Validation = MSE:0.026013 , RMSE:0.161286 , MAE:0.118380 , MAPD:0.638019, R_squared:0.999532

2024-03-21 04:35:31,863 Epoch 230/300, Train Loss: 0.017989, Val Loss: 0.033001  
	Train = MSE:0.017991 , RMSE:0.134132 , MAE:0.100784 , MAPD:0.519876, R_squared:0.999689  
	Validation = MSE:0.034236 , RMSE:0.185029 , MAE:0.153046 , MAPD:0.814454, R_squared:0.999384

2024-03-21 04:35:39,549 Epoch 231/300, Train Loss: 0.051285, Val Loss: 0.122697  
	Train = MSE:0.051289 , RMSE:0.226470 , MAE:0.176285 , MAPD:0.884635, R_squared:0.999112  
	Validation = MSE:0.123205 , RMSE:0.351006 , MAE:0.316697 , MAPD:1.672982, R_squared:0.997783

2024-03-21 04:35:50,967 Epoch 232/300, Train Loss: 0.035237, Val Loss: 0.120986  
	Train = MSE:0.035228 , RMSE:0.187691 , MAE:0.146167 , MAPD:0.737361, R_squared:0.999390  
	Validation = MSE:0.119009 , RMSE:0.344977 , MAE:0.306782 , MAPD:1.536345, R_squared:0.997859

2024-03-21 04:35:58,872 Epoch 233/300, Train Loss: 0.045370, Val Loss: 0.035037  
	Train = MSE:0.045367 , RMSE:0.212996 , MAE:0.169409 , MAPD:0.867441, R_squared:0.999215  
	Validation = MSE:0.035219 , RMSE:0.187667 , MAE:0.136475 , MAPD:0.667044, R_squared:0.999366

2024-03-21 04:36:08,026 Epoch 234/300, Train Loss: 0.044642, Val Loss: 0.044099  
	Train = MSE:0.044603 , RMSE:0.211194 , MAE:0.165859 , MAPD:0.851546, R_squared:0.999228  
	Validation = MSE:0.044189 , RMSE:0.210213 , MAE:0.176275 , MAPD:0.891037, R_squared:0.999205

2024-03-21 04:36:17,000 Epoch 235/300, Train Loss: 0.052995, Val Loss: 0.031606  
	Train = MSE:0.053008 , RMSE:0.230235 , MAE:0.179518 , MAPD:0.920694, R_squared:0.999082  
	Validation = MSE:0.032909 , RMSE:0.181408 , MAE:0.137005 , MAPD:0.693447, R_squared:0.999408

2024-03-21 04:36:25,500 Epoch 236/300, Train Loss: 0.029869, Val Loss: 0.052099  
	Train = MSE:0.029872 , RMSE:0.172835 , MAE:0.133426 , MAPD:0.683545, R_squared:0.999483  
	Validation = MSE:0.051023 , RMSE:0.225882 , MAE:0.164600 , MAPD:0.767840, R_squared:0.999082

2024-03-21 04:36:33,202 Epoch 237/300, Train Loss: 0.074703, Val Loss: 0.059376  
	Train = MSE:0.074722 , RMSE:0.273354 , MAE:0.219422 , MAPD:1.094062, R_squared:0.998707  
	Validation = MSE:0.060042 , RMSE:0.245034 , MAE:0.198251 , MAPD:0.975608, R_squared:0.998920

2024-03-21 04:36:40,939 Epoch 238/300, Train Loss: 0.033850, Val Loss: 0.018456  
	Train = MSE:0.033857 , RMSE:0.184002 , MAE:0.137277 , MAPD:0.701162, R_squared:0.999414  
	Validation = MSE:0.019786 , RMSE:0.140663 , MAE:0.096699 , MAPD:0.511482, R_squared:0.999644

2024-03-21 04:36:48,641 Epoch 239/300, Train Loss: 0.031379, Val Loss: 0.022245  
	Train = MSE:0.031385 , RMSE:0.177159 , MAE:0.131361 , MAPD:0.674570, R_squared:0.999457  
	Validation = MSE:0.022297 , RMSE:0.149323 , MAE:0.106334 , MAPD:0.563718, R_squared:0.999599

2024-03-21 04:36:56,607 Epoch 240/300, Train Loss: 0.025874, Val Loss: 0.062075  
	Train = MSE:0.025879 , RMSE:0.160871 , MAE:0.122367 , MAPD:0.625798, R_squared:0.999552  
	Validation = MSE:0.062816 , RMSE:0.250632 , MAE:0.217674 , MAPD:1.104606, R_squared:0.998870

2024-03-21 04:37:04,304 Epoch 241/300, Train Loss: 0.033774, Val Loss: 0.016829  
	Train = MSE:0.033779 , RMSE:0.183791 , MAE:0.140567 , MAPD:0.720004, R_squared:0.999415  
	Validation = MSE:0.018015 , RMSE:0.134220 , MAE:0.095497 , MAPD:0.535799, R_squared:0.999676

2024-03-21 04:37:16,341 Epoch 242/300, Train Loss: 0.033893, Val Loss: 0.043157  
	Train = MSE:0.033899 , RMSE:0.184116 , MAE:0.142536 , MAPD:0.730619, R_squared:0.999413  
	Validation = MSE:0.044468 , RMSE:0.210873 , MAE:0.179164 , MAPD:0.950863, R_squared:0.999200

2024-03-21 04:37:24,288 Epoch 243/300, Train Loss: 0.014845, Val Loss: 0.015344  
	Train = MSE:0.014847 , RMSE:0.121849 , MAE:0.090283 , MAPD:0.461213, R_squared:0.999743  
	Validation = MSE:0.016268 , RMSE:0.127546 , MAE:0.083617 , MAPD:0.477406, R_squared:0.999707

2024-03-21 04:37:32,630 Epoch 244/300, Train Loss: 0.030434, Val Loss: 0.043672  
	Train = MSE:0.030433 , RMSE:0.174451 , MAE:0.134012 , MAPD:0.677433, R_squared:0.999473  
	Validation = MSE:0.044420 , RMSE:0.210760 , MAE:0.174098 , MAPD:0.923000, R_squared:0.999201

2024-03-21 04:37:40,513 Epoch 245/300, Train Loss: 0.040995, Val Loss: 0.030690  
	Train = MSE:0.041003 , RMSE:0.202491 , MAE:0.154229 , MAPD:0.786209, R_squared:0.999290  
	Validation = MSE:0.031272 , RMSE:0.176839 , MAE:0.126271 , MAPD:0.609885, R_squared:0.999437

2024-03-21 04:37:52,726 Epoch 246/300, Train Loss: 0.029434, Val Loss: 0.024271  
	Train = MSE:0.029439 , RMSE:0.171577 , MAE:0.131817 , MAPD:0.677779, R_squared:0.999490  
	Validation = MSE:0.024971 , RMSE:0.158023 , MAE:0.116710 , MAPD:0.647364, R_squared:0.999551

2024-03-21 04:38:00,473 Epoch 247/300, Train Loss: 0.014550, Val Loss: 0.015491  
	Train = MSE:0.014552 , RMSE:0.120633 , MAE:0.090451 , MAPD:0.469891, R_squared:0.999748  
	Validation = MSE:0.016321 , RMSE:0.127755 , MAE:0.088734 , MAPD:0.486367, R_squared:0.999706

2024-03-21 04:38:08,243 Epoch 248/300, Train Loss: 0.021361, Val Loss: 0.022046  
	Train = MSE:0.021364 , RMSE:0.146166 , MAE:0.112097 , MAPD:0.574480, R_squared:0.999630  
	Validation = MSE:0.022727 , RMSE:0.150755 , MAE:0.105348 , MAPD:0.537204, R_squared:0.999591

2024-03-21 04:38:18,125 Epoch 249/300, Train Loss: 0.022122, Val Loss: 0.027145  
	Train = MSE:0.022123 , RMSE:0.148739 , MAE:0.114802 , MAPD:0.593777, R_squared:0.999617  
	Validation = MSE:0.027812 , RMSE:0.166771 , MAE:0.131671 , MAPD:0.705856, R_squared:0.999500

2024-03-21 04:38:25,794 Epoch 250/300, Train Loss: 0.025340, Val Loss: 0.024808  
	Train = MSE:0.025342 , RMSE:0.159193 , MAE:0.122135 , MAPD:0.617969, R_squared:0.999561  
	Validation = MSE:0.025473 , RMSE:0.159601 , MAE:0.126983 , MAPD:0.687096, R_squared:0.999542

2024-03-21 04:38:33,689 Epoch 251/300, Train Loss: 0.019451, Val Loss: 0.030352  
	Train = MSE:0.019452 , RMSE:0.139470 , MAE:0.106021 , MAPD:0.548984, R_squared:0.999663  
	Validation = MSE:0.030987 , RMSE:0.176030 , MAE:0.143693 , MAPD:0.737674, R_squared:0.999442

2024-03-21 04:38:44,522 Epoch 252/300, Train Loss: 0.028819, Val Loss: 0.013775  
	Train = MSE:0.028817 , RMSE:0.169756 , MAE:0.131712 , MAPD:0.678479, R_squared:0.999501  
	Validation = MSE:0.014777 , RMSE:0.121563 , MAE:0.082965 , MAPD:0.462595, R_squared:0.999734

2024-03-21 04:38:52,244 Epoch 253/300, Train Loss: 0.047995, Val Loss: 0.019272  
	Train = MSE:0.048006 , RMSE:0.219102 , MAE:0.167813 , MAPD:0.851737, R_squared:0.999169  
	Validation = MSE:0.020668 , RMSE:0.143765 , MAE:0.102538 , MAPD:0.579469, R_squared:0.999628

2024-03-21 04:39:01,792 Epoch 254/300, Train Loss: 0.049517, Val Loss: 0.150463  
	Train = MSE:0.049508 , RMSE:0.222504 , MAE:0.173625 , MAPD:0.889863, R_squared:0.999143  
	Validation = MSE:0.146743 , RMSE:0.383070 , MAE:0.323359 , MAPD:1.548555, R_squared:0.997360

2024-03-21 04:39:11,025 Epoch 255/300, Train Loss: 0.060947, Val Loss: 0.014604  
	Train = MSE:0.060961 , RMSE:0.246903 , MAE:0.185900 , MAPD:0.931277, R_squared:0.998945  
	Validation = MSE:0.015618 , RMSE:0.124974 , MAE:0.084787 , MAPD:0.461556, R_squared:0.999719

2024-03-21 04:39:20,248 Epoch 256/300, Train Loss: 0.035667, Val Loss: 0.026643  
	Train = MSE:0.035671 , RMSE:0.188867 , MAE:0.142052 , MAPD:0.725350, R_squared:0.999383  
	Validation = MSE:0.026998 , RMSE:0.164310 , MAE:0.118455 , MAPD:0.593894, R_squared:0.999514

2024-03-21 04:39:27,922 Epoch 257/300, Train Loss: 0.048011, Val Loss: 0.014614  
	Train = MSE:0.048020 , RMSE:0.219135 , MAE:0.167562 , MAPD:0.859866, R_squared:0.999169  
	Validation = MSE:0.015500 , RMSE:0.124498 , MAE:0.085397 , MAPD:0.477433, R_squared:0.999721

2024-03-21 04:39:35,619 Epoch 258/300, Train Loss: 0.018888, Val Loss: 0.016778  
	Train = MSE:0.018888 , RMSE:0.137434 , MAE:0.105307 , MAPD:0.546528, R_squared:0.999673  
	Validation = MSE:0.017595 , RMSE:0.132645 , MAE:0.093668 , MAPD:0.530134, R_squared:0.999683

2024-03-21 04:39:43,398 Epoch 259/300, Train Loss: 0.018991, Val Loss: 0.016506  
	Train = MSE:0.018992 , RMSE:0.137812 , MAE:0.107050 , MAPD:0.550219, R_squared:0.999671  
	Validation = MSE:0.017348 , RMSE:0.131712 , MAE:0.094447 , MAPD:0.493054, R_squared:0.999688

2024-03-21 04:39:51,489 Epoch 260/300, Train Loss: 0.021469, Val Loss: 0.018864  
	Train = MSE:0.021471 , RMSE:0.146530 , MAE:0.111375 , MAPD:0.578940, R_squared:0.999628  
	Validation = MSE:0.019091 , RMSE:0.138171 , MAE:0.100722 , MAPD:0.562929, R_squared:0.999656

2024-03-21 04:39:59,158 Epoch 261/300, Train Loss: 0.027019, Val Loss: 0.030031  
	Train = MSE:0.027022 , RMSE:0.164385 , MAE:0.127853 , MAPD:0.657329, R_squared:0.999532  
	Validation = MSE:0.030828 , RMSE:0.175579 , MAE:0.144797 , MAPD:0.821484, R_squared:0.999445

2024-03-21 04:40:13,746 Epoch 262/300, Train Loss: 0.020678, Val Loss: 0.013587  
	Train = MSE:0.020678 , RMSE:0.143800 , MAE:0.108073 , MAPD:0.552825, R_squared:0.999642  
	Validation = MSE:0.014785 , RMSE:0.121593 , MAE:0.083023 , MAPD:0.450633, R_squared:0.999734

2024-03-21 04:40:21,948 Epoch 263/300, Train Loss: 0.020225, Val Loss: 0.022016  
	Train = MSE:0.020226 , RMSE:0.142219 , MAE:0.108910 , MAPD:0.562233, R_squared:0.999650  
	Validation = MSE:0.023124 , RMSE:0.152067 , MAE:0.121273 , MAPD:0.670826, R_squared:0.999584

2024-03-21 04:40:30,043 Epoch 264/300, Train Loss: 0.022462, Val Loss: 0.019950  
	Train = MSE:0.022423 , RMSE:0.149742 , MAE:0.108681 , MAPD:0.550119, R_squared:0.999612  
	Validation = MSE:0.021462 , RMSE:0.146498 , MAE:0.115227 , MAPD:0.667433, R_squared:0.999614

2024-03-21 04:40:37,753 Epoch 265/300, Train Loss: 0.089451, Val Loss: 0.126873  
	Train = MSE:0.089475 , RMSE:0.299124 , MAE:0.241479 , MAPD:1.224958, R_squared:0.998451  
	Validation = MSE:0.123625 , RMSE:0.351603 , MAE:0.311598 , MAPD:1.557547, R_squared:0.997775

2024-03-21 04:40:46,435 Epoch 266/300, Train Loss: 0.288454, Val Loss: 0.410957  
	Train = MSE:0.288517 , RMSE:0.537138 , MAE:0.436339 , MAPD:2.174207, R_squared:0.995006  
	Validation = MSE:0.394416 , RMSE:0.628026 , MAE:0.530167 , MAPD:2.470537, R_squared:0.992903

2024-03-21 04:40:54,505 Epoch 267/300, Train Loss: 0.122001, Val Loss: 0.092703  
	Train = MSE:0.122032 , RMSE:0.349331 , MAE:0.278525 , MAPD:1.412253, R_squared:0.997888  
	Validation = MSE:0.093245 , RMSE:0.305361 , MAE:0.260024 , MAPD:1.320659, R_squared:0.998322

2024-03-21 04:41:03,427 Epoch 268/300, Train Loss: 0.048881, Val Loss: 0.021747  
	Train = MSE:0.048891 , RMSE:0.221113 , MAE:0.175606 , MAPD:0.899450, R_squared:0.999154  
	Validation = MSE:0.022583 , RMSE:0.150277 , MAE:0.108247 , MAPD:0.561987, R_squared:0.999594

2024-03-21 04:41:12,734 Epoch 269/300, Train Loss: 0.026327, Val Loss: 0.020761  
	Train = MSE:0.026329 , RMSE:0.162263 , MAE:0.125396 , MAPD:0.644470, R_squared:0.999544  
	Validation = MSE:0.021279 , RMSE:0.145872 , MAE:0.107151 , MAPD:0.603385, R_squared:0.999617

2024-03-21 04:41:20,473 Epoch 270/300, Train Loss: 0.016586, Val Loss: 0.021979  
	Train = MSE:0.016588 , RMSE:0.128795 , MAE:0.097134 , MAPD:0.507263, R_squared:0.999713  
	Validation = MSE:0.022370 , RMSE:0.149565 , MAE:0.113853 , MAPD:0.585706, R_squared:0.999597

2024-03-21 04:41:28,178 Epoch 271/300, Train Loss: 0.017448, Val Loss: 0.046917  
	Train = MSE:0.017448 , RMSE:0.132089 , MAE:0.098309 , MAPD:0.503420, R_squared:0.999698  
	Validation = MSE:0.047363 , RMSE:0.217631 , MAE:0.187921 , MAPD:1.081769, R_squared:0.999148

2024-03-21 04:41:39,358 Epoch 272/300, Train Loss: 0.018613, Val Loss: 0.056092  
	Train = MSE:0.018615 , RMSE:0.136438 , MAE:0.103849 , MAPD:0.530300, R_squared:0.999678  
	Validation = MSE:0.056445 , RMSE:0.237582 , MAE:0.199171 , MAPD:1.038529, R_squared:0.998984

2024-03-21 04:41:48,016 Epoch 273/300, Train Loss: 0.017566, Val Loss: 0.016185  
	Train = MSE:0.017561 , RMSE:0.132517 , MAE:0.102070 , MAPD:0.522853, R_squared:0.999696  
	Validation = MSE:0.017228 , RMSE:0.131256 , MAE:0.090627 , MAPD:0.497297, R_squared:0.999690

2024-03-21 04:41:57,213 Epoch 274/300, Train Loss: 0.025488, Val Loss: 0.015048  
	Train = MSE:0.025492 , RMSE:0.159662 , MAE:0.122331 , MAPD:0.618720, R_squared:0.999559  
	Validation = MSE:0.016017 , RMSE:0.126557 , MAE:0.086928 , MAPD:0.484714, R_squared:0.999712

2024-03-21 04:42:05,191 Epoch 275/300, Train Loss: 0.015855, Val Loss: 0.018834  
	Train = MSE:0.015848 , RMSE:0.125890 , MAE:0.094308 , MAPD:0.486548, R_squared:0.999726  
	Validation = MSE:0.019505 , RMSE:0.139659 , MAE:0.102867 , MAPD:0.589383, R_squared:0.999649

2024-03-21 04:42:13,951 Epoch 276/300, Train Loss: 0.021140, Val Loss: 0.031960  
	Train = MSE:0.021137 , RMSE:0.145386 , MAE:0.112582 , MAPD:0.573801, R_squared:0.999634  
	Validation = MSE:0.031827 , RMSE:0.178401 , MAE:0.135852 , MAPD:0.665156, R_squared:0.999427

2024-03-21 04:42:22,677 Epoch 277/300, Train Loss: 0.021332, Val Loss: 0.027193  
	Train = MSE:0.021329 , RMSE:0.146044 , MAE:0.113192 , MAPD:0.579243, R_squared:0.999631  
	Validation = MSE:0.028015 , RMSE:0.167377 , MAE:0.125568 , MAPD:0.630233, R_squared:0.999496

2024-03-21 04:42:30,342 Epoch 278/300, Train Loss: 0.020540, Val Loss: 0.014031  
	Train = MSE:0.020541 , RMSE:0.143322 , MAE:0.111515 , MAPD:0.569753, R_squared:0.999644  
	Validation = MSE:0.014921 , RMSE:0.122153 , MAE:0.085417 , MAPD:0.463536, R_squared:0.999732

2024-03-21 04:42:37,992 Epoch 279/300, Train Loss: 0.014165, Val Loss: 0.016012  
	Train = MSE:0.014161 , RMSE:0.119002 , MAE:0.088689 , MAPD:0.454551, R_squared:0.999755  
	Validation = MSE:0.016911 , RMSE:0.130043 , MAE:0.088461 , MAPD:0.493144, R_squared:0.999696

2024-03-21 04:42:46,078 Epoch 280/300, Train Loss: 0.023143, Val Loss: 0.015674  
	Train = MSE:0.023145 , RMSE:0.152136 , MAE:0.117119 , MAPD:0.596266, R_squared:0.999599  
	Validation = MSE:0.016344 , RMSE:0.127844 , MAE:0.089125 , MAPD:0.483564, R_squared:0.999706

2024-03-21 04:42:53,766 Epoch 281/300, Train Loss: 0.021432, Val Loss: 0.013476  
	Train = MSE:0.021424 , RMSE:0.146370 , MAE:0.111882 , MAPD:0.574710, R_squared:0.999629  
	Validation = MSE:0.014701 , RMSE:0.121248 , MAE:0.087410 , MAPD:0.486636, R_squared:0.999735

2024-03-21 04:43:05,523 Epoch 282/300, Train Loss: 0.032588, Val Loss: 0.022090  
	Train = MSE:0.032587 , RMSE:0.180519 , MAE:0.143896 , MAPD:0.729125, R_squared:0.999436  
	Validation = MSE:0.022522 , RMSE:0.150074 , MAE:0.116380 , MAPD:0.659442, R_squared:0.999595

2024-03-21 04:43:13,202 Epoch 283/300, Train Loss: 0.023156, Val Loss: 0.015110  
	Train = MSE:0.023160 , RMSE:0.152184 , MAE:0.115120 , MAPD:0.592545, R_squared:0.999599  
	Validation = MSE:0.015949 , RMSE:0.126290 , MAE:0.091761 , MAPD:0.494227, R_squared:0.999713

2024-03-21 04:43:21,742 Epoch 284/300, Train Loss: 0.018734, Val Loss: 0.018697  
	Train = MSE:0.018720 , RMSE:0.136823 , MAE:0.102259 , MAPD:0.522501, R_squared:0.999676  
	Validation = MSE:0.019283 , RMSE:0.138863 , MAE:0.104710 , MAPD:0.609088, R_squared:0.999653

2024-03-21 04:43:29,354 Epoch 285/300, Train Loss: 0.029233, Val Loss: 0.014644  
	Train = MSE:0.029237 , RMSE:0.170990 , MAE:0.127915 , MAPD:0.655833, R_squared:0.999494  
	Validation = MSE:0.015418 , RMSE:0.124170 , MAE:0.088850 , MAPD:0.478542, R_squared:0.999723

2024-03-21 04:43:39,463 Epoch 286/300, Train Loss: 0.020268, Val Loss: 0.036494  
	Train = MSE:0.020271 , RMSE:0.142377 , MAE:0.109311 , MAPD:0.559418, R_squared:0.999649  
	Validation = MSE:0.036870 , RMSE:0.192017 , MAE:0.159866 , MAPD:0.892353, R_squared:0.999337

2024-03-21 04:43:47,613 Epoch 287/300, Train Loss: 0.034244, Val Loss: 0.022348  
	Train = MSE:0.034222 , RMSE:0.184993 , MAE:0.145037 , MAPD:0.737273, R_squared:0.999408  
	Validation = MSE:0.022884 , RMSE:0.151276 , MAE:0.108314 , MAPD:0.568713, R_squared:0.999588

2024-03-21 04:43:56,388 Epoch 288/300, Train Loss: 0.025626, Val Loss: 0.013816  
	Train = MSE:0.025627 , RMSE:0.160083 , MAE:0.122181 , MAPD:0.622754, R_squared:0.999556  
	Validation = MSE:0.014819 , RMSE:0.121734 , MAE:0.085399 , MAPD:0.464133, R_squared:0.999733

2024-03-21 04:44:06,592 Epoch 289/300, Train Loss: 0.019481, Val Loss: 0.014359  
	Train = MSE:0.019480 , RMSE:0.139570 , MAE:0.106035 , MAPD:0.545476, R_squared:0.999663  
	Validation = MSE:0.015149 , RMSE:0.123083 , MAE:0.083936 , MAPD:0.458372, R_squared:0.999727

2024-03-21 04:44:17,001 Epoch 290/300, Train Loss: 0.045208, Val Loss: 0.080191  
	Train = MSE:0.045216 , RMSE:0.212641 , MAE:0.167019 , MAPD:0.841926, R_squared:0.999217  
	Validation = MSE:0.079477 , RMSE:0.281916 , MAE:0.225707 , MAPD:1.053304, R_squared:0.998570

2024-03-21 04:44:24,729 Epoch 291/300, Train Loss: 0.030053, Val Loss: 0.023585  
	Train = MSE:0.030060 , RMSE:0.173378 , MAE:0.127769 , MAPD:0.647053, R_squared:0.999480  
	Validation = MSE:0.024671 , RMSE:0.157070 , MAE:0.126891 , MAPD:0.713961, R_squared:0.999556

2024-03-21 04:44:35,690 Epoch 292/300, Train Loss: 0.021291, Val Loss: 0.027631  
	Train = MSE:0.021293 , RMSE:0.145923 , MAE:0.113010 , MAPD:0.582105, R_squared:0.999631  
	Validation = MSE:0.027702 , RMSE:0.166439 , MAE:0.125527 , MAPD:0.647490, R_squared:0.999502

2024-03-21 04:44:43,418 Epoch 293/300, Train Loss: 0.035521, Val Loss: 0.018774  
	Train = MSE:0.035520 , RMSE:0.188467 , MAE:0.145433 , MAPD:0.732011, R_squared:0.999385  
	Validation = MSE:0.019532 , RMSE:0.139759 , MAE:0.104362 , MAPD:0.550107, R_squared:0.999649

2024-03-21 04:44:53,822 Epoch 294/300, Train Loss: 0.023436, Val Loss: 0.020777  
	Train = MSE:0.023438 , RMSE:0.153095 , MAE:0.117543 , MAPD:0.603139, R_squared:0.999594  
	Validation = MSE:0.021137 , RMSE:0.145387 , MAE:0.106593 , MAPD:0.581782, R_squared:0.999620

2024-03-21 04:45:01,480 Epoch 295/300, Train Loss: 0.029099, Val Loss: 0.046617  
	Train = MSE:0.029103 , RMSE:0.170596 , MAE:0.132931 , MAPD:0.679050, R_squared:0.999496  
	Validation = MSE:0.047142 , RMSE:0.217122 , MAE:0.181170 , MAPD:0.917299, R_squared:0.999152

2024-03-21 04:45:10,471 Epoch 296/300, Train Loss: 0.071559, Val Loss: 0.042322  
	Train = MSE:0.071574 , RMSE:0.267533 , MAE:0.210971 , MAPD:1.048537, R_squared:0.998761  
	Validation = MSE:0.042334 , RMSE:0.205752 , MAE:0.169600 , MAPD:0.917182, R_squared:0.999238

2024-03-21 04:45:18,723 Epoch 297/300, Train Loss: 0.025385, Val Loss: 0.014130  
	Train = MSE:0.025390 , RMSE:0.159341 , MAE:0.118489 , MAPD:0.600956, R_squared:0.999561  
	Validation = MSE:0.014783 , RMSE:0.121587 , MAE:0.083508 , MAPD:0.458946, R_squared:0.999734

2024-03-21 04:45:26,473 Epoch 298/300, Train Loss: 0.024307, Val Loss: 0.027114  
	Train = MSE:0.024309 , RMSE:0.155914 , MAE:0.117950 , MAPD:0.597046, R_squared:0.999579  
	Validation = MSE:0.027376 , RMSE:0.165457 , MAE:0.128586 , MAPD:0.670347, R_squared:0.999507

2024-03-21 04:45:35,478 Epoch 299/300, Train Loss: 0.022633, Val Loss: 0.015263  
	Train = MSE:0.022630 , RMSE:0.150434 , MAE:0.117679 , MAPD:0.598059, R_squared:0.999608  
	Validation = MSE:0.016225 , RMSE:0.127376 , MAE:0.094073 , MAPD:0.529410, R_squared:0.999708

2024-03-21 04:45:44,133 Epoch 300/300, Train Loss: 0.020960, Val Loss: 0.022332  
	Train = MSE:0.020961 , RMSE:0.144780 , MAE:0.110902 , MAPD:0.570502, R_squared:0.999637  
	Validation = MSE:0.022812 , RMSE:0.151036 , MAE:0.114455 , MAPD:0.638587, R_squared:0.999590

2024-03-21 04:45:44,144 Time for training the model: 2665.057001
2024-03-21 04:45:51,302 MSE for train: 0.017752
2024-03-21 04:45:51,303 RMSE for train: 0.133238
2024-03-21 04:45:51,303 MAE for train: 0.105737
2024-03-21 04:45:51,303 MAPD for train: 0.553381
2024-03-21 04:45:51,303 R^2 Score for train: 0.999693
2024-03-21 04:45:51,309 Inference time for train dataset: 2.667000

2024-03-21 04:45:51,698 MSE for val: 0.022812
2024-03-21 04:45:51,699 RMSE for val: 0.151036
2024-03-21 04:45:51,699 MAE for val: 0.114455
2024-03-21 04:45:51,699 MAPD for val: 0.638587
2024-03-21 04:45:51,699 R^2 Score for val: 0.999590
2024-03-21 04:45:51,706 Inference time for val dataset: 0.390000

2024-03-21 04:45:52,109 MSE for test: 0.023506
2024-03-21 04:45:52,110 RMSE for test: 0.153317
2024-03-21 04:45:52,110 MAE for test: 0.117928
2024-03-21 04:45:52,110 MAPD for test: 0.605219
2024-03-21 04:45:52,110 R^2 Score for test: 0.999612
2024-03-21 04:45:52,117 Inference time for test dataset: 0.404000

2024-03-21 04:45:55,741 Train label average: , [20.62097221]
2024-03-21 04:45:55,741 Test label average: , [21.41736175]
2024-03-21 04:45:55,742 validation label average: , [20.14607025]
2024-03-21 04:45:55,742 predicted (on validation dataset) values average: , 21.3256689453125
