2024-03-21 03:39:34,546 train batches in dataset: 25
2024-03-21 03:39:34,547 val batches in dataset: 4
2024-03-21 03:39:34,547 test batches in dataset: 4
2024-03-21 03:39:34,573 Trainable parameter: net_core.0.weight - size: torch.Size([256, 35])
2024-03-21 03:39:34,576 Trainable parameter: net_core.0.bias - size: torch.Size([256])
2024-03-21 03:39:34,577 Trainable parameter: net_core.1.weight - size: torch.Size([128, 256])
2024-03-21 03:39:34,579 Trainable parameter: net_core.1.bias - size: torch.Size([128])
2024-03-21 03:39:34,580 Trainable parameter: net_core.2.weight - size: torch.Size([64, 128])
2024-03-21 03:39:34,581 Trainable parameter: net_core.2.bias - size: torch.Size([64])
2024-03-21 03:39:34,582 Trainable parameter: net_core.3.weight - size: torch.Size([16, 64])
2024-03-21 03:39:34,585 Trainable parameter: net_core.3.bias - size: torch.Size([16])
2024-03-21 03:39:34,588 Trainable parameter: net_core.4.weight - size: torch.Size([1, 16])
2024-03-21 03:39:34,589 Trainable parameter: net_core.4.bias - size: torch.Size([1])
2024-03-21 03:39:34,591 Number of trainable parameters: 51425
2024-03-21 03:39:34,591 Number of non-trainable parameters: 0
2024-03-21 03:39:39,937 Epoch 1/300, Train Loss: 481744480.491635, Val Loss: 630.817261  
	Train = MSE:481895072.000000 , RMSE:21952.109375 , MAE:4403.491699 , MAPD:23700.964741, R_squared:-8341684.593917  
	Validation = MSE:617.522949 , RMSE:24.850010 , MAE:23.866955 , MAPD:122.745799, R_squared:-10.111734

2024-03-21 03:39:44,082 Epoch 2/300, Train Loss: 571.367866, Val Loss: 557.049789  
	Train = MSE:571.353943 , RMSE:23.903011 , MAE:22.659641 , MAPD:111.299651, R_squared:-8.890234  
	Validation = MSE:542.689697 , RMSE:23.295702 , MAE:22.070698 , MAPD:110.835744, R_squared:-8.765181

2024-03-21 03:39:45,802 Epoch 3/300, Train Loss: 566.277236, Val Loss: 557.050491  
	Train = MSE:566.263611 , RMSE:23.796293 , MAE:22.549818 , MAPD:110.643473, R_squared:-8.802120  
	Validation = MSE:542.690369 , RMSE:23.295715 , MAE:22.070713 , MAPD:110.835826, R_squared:-8.765193

2024-03-21 03:39:47,894 Epoch 4/300, Train Loss: 565.602827, Val Loss: 556.024193  
	Train = MSE:565.602783 , RMSE:23.782406 , MAE:22.535206 , MAPD:110.563057, R_squared:-8.790681  
	Validation = MSE:541.673279 , RMSE:23.273876 , MAE:22.047661 , MAPD:110.706037, R_squared:-8.746892

2024-03-21 03:39:49,968 Epoch 5/300, Train Loss: 564.423879, Val Loss: 554.770874  
	Train = MSE:564.438049 , RMSE:23.757904 , MAE:22.509331 , MAPD:110.420245, R_squared:-8.770519  
	Validation = MSE:540.431152 , RMSE:23.247175 , MAE:22.019472 , MAPD:110.547349, R_squared:-8.724542

2024-03-21 03:39:51,811 Epoch 6/300, Train Loss: 563.114517, Val Loss: 553.372528  
	Train = MSE:563.097839 , RMSE:23.729683 , MAE:22.479509 , MAPD:110.255477, R_squared:-8.747320  
	Validation = MSE:539.045471 , RMSE:23.217352 , MAE:21.987986 , MAPD:110.370068, R_squared:-8.699607

2024-03-21 03:39:54,044 Epoch 7/300, Train Loss: 561.613795, Val Loss: 551.847992  
	Train = MSE:561.620605 , RMSE:23.698536 , MAE:22.446611 , MAPD:110.073892, R_squared:-8.721748  
	Validation = MSE:537.534668 , RMSE:23.184793 , MAE:21.953604 , MAPD:110.176494, R_squared:-8.672421

2024-03-21 03:39:58,739 Epoch 8/300, Train Loss: 560.028878, Val Loss: 550.207382  
	Train = MSE:560.018677 , RMSE:23.664713 , MAE:22.410973 , MAPD:109.877909, R_squared:-8.694019  
	Validation = MSE:535.908813 , RMSE:23.149704 , MAE:21.916542 , MAPD:109.967846, R_squared:-8.643166

2024-03-21 03:40:00,895 Epoch 9/300, Train Loss: 558.306982, Val Loss: 548.449112  
	Train = MSE:558.304077 , RMSE:23.628460 , MAE:22.372528 , MAPD:109.664560, R_squared:-8.664338  
	Validation = MSE:534.166504 , RMSE:23.112041 , MAE:21.876759 , MAPD:109.743850, R_squared:-8.611814

2024-03-21 03:40:02,660 Epoch 10/300, Train Loss: 556.456045, Val Loss: 546.588692  
	Train = MSE:556.476135 , RMSE:23.589746 , MAE:22.331589 , MAPD:109.438381, R_squared:-8.632696  
	Validation = MSE:532.322876 , RMSE:23.072123 , MAE:21.834583 , MAPD:109.506394, R_squared:-8.578641

2024-03-21 03:40:04,411 Epoch 11/300, Train Loss: 554.550453, Val Loss: 544.633415  
	Train = MSE:554.543091 , RMSE:23.548738 , MAE:22.288349 , MAPD:109.200555, R_squared:-8.599234  
	Validation = MSE:530.385376 , RMSE:23.030098 , MAE:21.790171 , MAPD:109.256345, R_squared:-8.543777

2024-03-21 03:40:07,469 Epoch 12/300, Train Loss: 552.508163, Val Loss: 542.584991  
	Train = MSE:552.511169 , RMSE:23.505556 , MAE:22.242952 , MAPD:108.951303, R_squared:-8.564062  
	Validation = MSE:528.355530 , RMSE:22.985985 , MAE:21.743542 , MAPD:108.993837, R_squared:-8.507252

2024-03-21 03:40:10,149 Epoch 13/300, Train Loss: 550.388014, Val Loss: 540.434746  
	Train = MSE:550.388550 , RMSE:23.460361 , MAE:22.195105 , MAPD:108.686464, R_squared:-8.527320  
	Validation = MSE:526.224915 , RMSE:22.939592 , MAE:21.694492 , MAPD:108.717683, R_squared:-8.468913

2024-03-21 03:40:12,107 Epoch 14/300, Train Loss: 548.178801, Val Loss: 538.198990  
	Train = MSE:548.169189 , RMSE:23.413013 , MAE:22.145021 , MAPD:108.410022, R_squared:-8.488902  
	Validation = MSE:524.009583 , RMSE:22.891256 , MAE:21.643373 , MAPD:108.429886, R_squared:-8.429050

2024-03-21 03:40:14,347 Epoch 15/300, Train Loss: 545.852448, Val Loss: 535.874382  
	Train = MSE:545.864014 , RMSE:23.363733 , MAE:22.092873 , MAPD:108.122515, R_squared:-8.448999  
	Validation = MSE:521.706238 , RMSE:22.840889 , MAE:21.590097 , MAPD:108.129938, R_squared:-8.387604

2024-03-21 03:40:16,382 Epoch 16/300, Train Loss: 543.470875, Val Loss: 533.458954  
	Train = MSE:543.475830 , RMSE:23.312569 , MAE:22.038401 , MAPD:107.819231, R_squared:-8.407659  
	Validation = MSE:519.312988 , RMSE:22.788441 , MAE:21.534599 , MAPD:107.817489, R_squared:-8.344540

2024-03-21 03:40:18,439 Epoch 17/300, Train Loss: 541.002012, Val Loss: 530.984001  
	Train = MSE:540.993347 , RMSE:23.259264 , MAE:21.982357 , MAPD:107.512334, R_squared:-8.364686  
	Validation = MSE:516.860840 , RMSE:22.734573 , MAE:21.477589 , MAPD:107.496519, R_squared:-8.300416

2024-03-21 03:40:20,236 Epoch 18/300, Train Loss: 538.431721, Val Loss: 528.422745  
	Train = MSE:538.442383 , RMSE:23.204361 , MAE:21.924244 , MAPD:107.191337, R_squared:-8.320530  
	Validation = MSE:514.323181 , RMSE:22.678694 , MAE:21.418432 , MAPD:107.163459, R_squared:-8.254754

2024-03-21 03:40:22,126 Epoch 19/300, Train Loss: 535.820349, Val Loss: 525.784637  
	Train = MSE:535.811096 , RMSE:23.147594 , MAE:21.864176 , MAPD:106.860085, R_squared:-8.274981  
	Validation = MSE:511.709503 , RMSE:22.620996 , MAE:21.357328 , MAPD:106.819446, R_squared:-8.207722

2024-03-21 03:40:24,419 Epoch 20/300, Train Loss: 533.118424, Val Loss: 523.077957  
	Train = MSE:533.101746 , RMSE:23.088997 , MAE:21.802214 , MAPD:106.518179, R_squared:-8.228082  
	Validation = MSE:509.027924 , RMSE:22.561647 , MAE:21.294458 , MAPD:106.465481, R_squared:-8.159470

2024-03-21 03:40:27,781 Epoch 21/300, Train Loss: 530.310002, Val Loss: 520.292007  
	Train = MSE:530.324280 , RMSE:23.028770 , MAE:21.738382 , MAPD:106.166161, R_squared:-8.180004  
	Validation = MSE:506.267883 , RMSE:22.500397 , MAE:21.229551 , MAPD:106.100059, R_squared:-8.109806

2024-03-21 03:40:31,011 Epoch 22/300, Train Loss: 527.493165, Val Loss: 517.435875  
	Train = MSE:527.473083 , RMSE:22.966782 , MAE:21.672501 , MAPD:105.802016, R_squared:-8.130649  
	Validation = MSE:503.438446 , RMSE:22.437433 , MAE:21.162807 , MAPD:105.724288, R_squared:-8.058893

2024-03-21 03:40:33,043 Epoch 23/300, Train Loss: 524.540570, Val Loss: 514.525467  
	Train = MSE:524.547058 , RMSE:22.902992 , MAE:21.605145 , MAPD:105.431201, R_squared:-8.079998  
	Validation = MSE:500.555298 , RMSE:22.373093 , MAE:21.094582 , MAPD:105.340159, R_squared:-8.007013

2024-03-21 03:40:34,853 Epoch 24/300, Train Loss: 521.573622, Val Loss: 511.541458  
	Train = MSE:521.562134 , RMSE:22.837734 , MAE:21.535934 , MAPD:105.049631, R_squared:-8.028329  
	Validation = MSE:497.599304 , RMSE:22.306934 , MAE:21.024399 , MAPD:104.945031, R_squared:-7.953823

2024-03-21 03:40:36,903 Epoch 25/300, Train Loss: 518.511182, Val Loss: 508.489777  
	Train = MSE:518.510132 , RMSE:22.770817 , MAE:21.464867 , MAPD:104.656746, R_squared:-7.975499  
	Validation = MSE:494.576416 , RMSE:22.239075 , MAE:20.952387 , MAPD:104.539593, R_squared:-7.899429

2024-03-21 03:40:39,726 Epoch 26/300, Train Loss: 515.403315, Val Loss: 505.386192  
	Train = MSE:515.388855 , RMSE:22.702177 , MAE:21.392151 , MAPD:104.256068, R_squared:-7.921469  
	Validation = MSE:491.502197 , RMSE:22.169849 , MAE:20.878897 , MAPD:104.125833, R_squared:-7.844111

2024-03-21 03:40:42,061 Epoch 27/300, Train Loss: 512.212236, Val Loss: 502.205078  
	Train = MSE:512.216614 , RMSE:22.632202 , MAE:21.317610 , MAPD:103.843590, R_squared:-7.866557  
	Validation = MSE:488.351257 , RMSE:22.098671 , MAE:20.803301 , MAPD:103.700236, R_squared:-7.787413

2024-03-21 03:40:43,905 Epoch 28/300, Train Loss: 508.967065, Val Loss: 498.981506  
	Train = MSE:508.970703 , RMSE:22.560379 , MAE:21.241516 , MAPD:103.424490, R_squared:-7.810370  
	Validation = MSE:485.158356 , RMSE:22.026310 , MAE:20.726421 , MAPD:103.267388, R_squared:-7.729961

2024-03-21 03:40:46,052 Epoch 29/300, Train Loss: 505.669155, Val Loss: 495.692131  
	Train = MSE:505.676270 , RMSE:22.487247 , MAE:21.163679 , MAPD:102.993764, R_squared:-7.753342  
	Validation = MSE:481.900482 , RMSE:21.952232 , MAE:20.647676 , MAPD:102.824067, R_squared:-7.671338

2024-03-21 03:40:48,043 Epoch 30/300, Train Loss: 502.304043, Val Loss: 492.354950  
	Train = MSE:502.318298 , RMSE:22.412458 , MAE:21.084240 , MAPD:102.556040, R_squared:-7.695215  
	Validation = MSE:478.595306 , RMSE:21.876822 , MAE:20.567486 , MAPD:102.372577, R_squared:-7.611865

2024-03-21 03:40:50,128 Epoch 31/300, Train Loss: 498.906895, Val Loss: 488.963089  
	Train = MSE:498.908264 , RMSE:22.336254 , MAE:21.003242 , MAPD:102.109077, R_squared:-7.636186  
	Validation = MSE:475.236176 , RMSE:21.799911 , MAE:20.485659 , MAPD:101.911897, R_squared:-7.551419

2024-03-21 03:40:54,074 Epoch 32/300, Train Loss: 495.454369, Val Loss: 485.523567  
	Train = MSE:495.442017 , RMSE:22.258528 , MAE:20.920692 , MAPD:101.654344, R_squared:-7.576185  
	Validation = MSE:471.829956 , RMSE:21.721647 , MAE:20.402351 , MAPD:101.442881, R_squared:-7.490128

2024-03-21 03:40:56,115 Epoch 33/300, Train Loss: 491.936909, Val Loss: 482.023125  
	Train = MSE:491.929169 , RMSE:22.179476 , MAE:20.836533 , MAPD:101.189380, R_squared:-7.515377  
	Validation = MSE:468.363464 , RMSE:21.641706 , MAE:20.317223 , MAPD:100.963595, R_squared:-7.427752

2024-03-21 03:40:57,840 Epoch 34/300, Train Loss: 488.369504, Val Loss: 478.472260  
	Train = MSE:488.362030 , RMSE:22.098915 , MAE:20.750572 , MAPD:100.714106, R_squared:-7.453630  
	Validation = MSE:464.847260 , RMSE:21.560316 , MAE:20.230507 , MAPD:100.475370, R_squared:-7.364482

2024-03-21 03:40:59,619 Epoch 35/300, Train Loss: 484.740677, Val Loss: 474.877434  
	Train = MSE:484.743683 , RMSE:22.016895 , MAE:20.663185 , MAPD:100.232505, R_squared:-7.390995  
	Validation = MSE:461.287689 , RMSE:21.477610 , MAE:20.142338 , MAPD:99.978982, R_squared:-7.300430

2024-03-21 03:41:01,332 Epoch 36/300, Train Loss: 481.080059, Val Loss: 471.244568  
	Train = MSE:481.075562 , RMSE:21.933435 , MAE:20.574492 , MAPD:99.743955, R_squared:-7.327500  
	Validation = MSE:457.690582 , RMSE:21.393703 , MAE:20.052845 , MAPD:99.475140, R_squared:-7.235703

2024-03-21 03:41:03,309 Epoch 37/300, Train Loss: 477.364452, Val Loss: 467.562225  
	Train = MSE:477.366211 , RMSE:21.848711 , MAE:20.484203 , MAPD:99.246445, R_squared:-7.263290  
	Validation = MSE:454.044617 , RMSE:21.308323 , MAE:19.961729 , MAPD:98.962157, R_squared:-7.170098

2024-03-21 03:41:06,104 Epoch 38/300, Train Loss: 473.610526, Val Loss: 463.830284  
	Train = MSE:473.612488 , RMSE:21.762640 , MAE:20.392227 , MAPD:98.737941, R_squared:-7.198313  
	Validation = MSE:450.349731 , RMSE:21.221445 , MAE:19.868965 , MAPD:98.439888, R_squared:-7.103612

2024-03-21 03:41:08,857 Epoch 39/300, Train Loss: 469.806997, Val Loss: 460.062401  
	Train = MSE:469.810516 , RMSE:21.675114 , MAE:20.298876 , MAPD:98.223281, R_squared:-7.132500  
	Validation = MSE:446.619446 , RMSE:21.133373 , MAE:19.774870 , MAPD:97.910127, R_squared:-7.036489

2024-03-21 03:41:11,472 Epoch 40/300, Train Loss: 465.967269, Val Loss: 456.256622  
	Train = MSE:465.967957 , RMSE:21.586290 , MAE:20.203993 , MAPD:97.699592, R_squared:-7.065985  
	Validation = MSE:442.851807 , RMSE:21.044044 , MAE:19.679377 , MAPD:97.372495, R_squared:-6.968694

2024-03-21 03:41:13,328 Epoch 41/300, Train Loss: 462.089655, Val Loss: 452.404343  
	Train = MSE:462.088715 , RMSE:21.496248 , MAE:20.107836 , MAPD:97.168516, R_squared:-6.998834  
	Validation = MSE:439.038269 , RMSE:20.953239 , MAE:19.582247 , MAPD:96.825644, R_squared:-6.900074

2024-03-21 03:41:16,557 Epoch 42/300, Train Loss: 458.183552, Val Loss: 448.506264  
	Train = MSE:458.171082 , RMSE:21.404932 , MAE:20.009659 , MAPD:96.625405, R_squared:-6.931019  
	Validation = MSE:435.179688 , RMSE:20.860960 , MAE:19.483475 , MAPD:96.269555, R_squared:-6.830642

2024-03-21 03:41:18,310 Epoch 43/300, Train Loss: 454.208700, Val Loss: 444.598671  
	Train = MSE:454.201385 , RMSE:21.312000 , MAE:19.910759 , MAPD:96.082548, R_squared:-6.862304  
	Validation = MSE:431.311890 , RMSE:20.768049 , MAE:19.383961 , MAPD:95.709284, R_squared:-6.761044

2024-03-21 03:41:20,682 Epoch 44/300, Train Loss: 450.224330, Val Loss: 440.645271  
	Train = MSE:450.210663 , RMSE:21.218168 , MAE:19.810389 , MAPD:95.528319, R_squared:-6.793223  
	Validation = MSE:427.398865 , RMSE:20.673628 , MAE:19.282763 , MAPD:95.139537, R_squared:-6.690633

2024-03-21 03:41:23,068 Epoch 45/300, Train Loss: 446.190536, Val Loss: 436.643967  
	Train = MSE:446.186401 , RMSE:21.123125 , MAE:19.708368 , MAPD:94.964930, R_squared:-6.723562  
	Validation = MSE:423.438751 , RMSE:20.577627 , MAE:19.179802 , MAPD:94.559863, R_squared:-6.619374

2024-03-21 03:41:24,959 Epoch 46/300, Train Loss: 442.108615, Val Loss: 432.623642  
	Train = MSE:442.117889 , RMSE:21.026600 , MAE:19.604927 , MAPD:94.394154, R_squared:-6.653136  
	Validation = MSE:419.459930 , RMSE:20.480721 , MAE:19.075796 , MAPD:93.974308, R_squared:-6.547780

2024-03-21 03:41:26,692 Epoch 47/300, Train Loss: 438.014402, Val Loss: 428.577080  
	Train = MSE:438.020905 , RMSE:20.928949 , MAE:19.500469 , MAPD:93.819021, R_squared:-6.582216  
	Validation = MSE:415.455444 , RMSE:20.382725 , MAE:18.970543 , MAPD:93.381723, R_squared:-6.475722

2024-03-21 03:41:28,498 Epoch 48/300, Train Loss: 433.892291, Val Loss: 424.486755  
	Train = MSE:433.900940 , RMSE:20.830290 , MAE:19.394217 , MAPD:93.231450, R_squared:-6.510899  
	Validation = MSE:411.407837 , RMSE:20.283192 , MAE:18.863558 , MAPD:92.779406, R_squared:-6.402890

2024-03-21 03:41:30,559 Epoch 49/300, Train Loss: 429.741625, Val Loss: 420.378761  
	Train = MSE:429.742157 , RMSE:20.730223 , MAE:19.286804 , MAPD:92.638961, R_squared:-6.438909  
	Validation = MSE:407.343018 , RMSE:20.182741 , MAE:18.755508 , MAPD:92.171072, R_squared:-6.329748

2024-03-21 03:41:32,603 Epoch 50/300, Train Loss: 425.542437, Val Loss: 416.236557  
	Train = MSE:425.563080 , RMSE:20.629181 , MAE:19.177883 , MAPD:92.037272, R_squared:-6.366569  
	Validation = MSE:403.244537 , RMSE:20.080950 , MAE:18.645927 , MAPD:91.554127, R_squared:-6.256000

2024-03-21 03:41:34,952 Epoch 51/300, Train Loss: 421.342228, Val Loss: 412.073036  
	Train = MSE:421.353241 , RMSE:20.526890 , MAE:19.067797 , MAPD:91.429285, R_squared:-6.293697  
	Validation = MSE:399.125305 , RMSE:19.978121 , MAE:18.535139 , MAPD:90.930383, R_squared:-6.181878

2024-03-21 03:41:39,010 Epoch 52/300, Train Loss: 417.118638, Val Loss: 407.892471  
	Train = MSE:417.117615 , RMSE:20.423458 , MAE:18.956453 , MAPD:90.814928, R_squared:-6.220376  
	Validation = MSE:394.989441 , RMSE:19.874342 , MAE:18.423233 , MAPD:90.300349, R_squared:-6.107457

2024-03-21 03:41:41,180 Epoch 53/300, Train Loss: 412.859247, Val Loss: 403.685074  
	Train = MSE:412.863068 , RMSE:20.319033 , MAE:18.843889 , MAPD:90.193882, R_squared:-6.146730  
	Validation = MSE:390.827301 , RMSE:19.769352 , MAE:18.309925 , MAPD:89.662422, R_squared:-6.032563

2024-03-21 03:41:42,892 Epoch 54/300, Train Loss: 408.581388, Val Loss: 399.462822  
	Train = MSE:408.582306 , RMSE:20.213419 , MAE:18.730091 , MAPD:89.566698, R_squared:-6.072630  
	Validation = MSE:386.650818 , RMSE:19.663439 , MAE:18.195518 , MAPD:89.018298, R_squared:-5.957411

2024-03-21 03:41:44,614 Epoch 55/300, Train Loss: 404.293530, Val Loss: 395.201683  
	Train = MSE:404.291840 , RMSE:20.107010 , MAE:18.614552 , MAPD:88.925568, R_squared:-5.998361  
	Validation = MSE:382.436066 , RMSE:19.555973 , MAE:18.079329 , MAPD:88.364149, R_squared:-5.881571

2024-03-21 03:41:46,416 Epoch 56/300, Train Loss: 399.968317, Val Loss: 390.947815  
	Train = MSE:399.963959 , RMSE:19.999100 , MAE:18.498377 , MAPD:88.286739, R_squared:-5.923445  
	Validation = MSE:378.228821 , RMSE:19.448107 , MAE:17.962597 , MAPD:87.706945, R_squared:-5.805866

2024-03-21 03:41:49,607 Epoch 57/300, Train Loss: 395.645669, Val Loss: 386.669830  
	Train = MSE:395.631927 , RMSE:19.890499 , MAE:18.380928 , MAPD:87.638652, R_squared:-5.848456  
	Validation = MSE:373.998047 , RMSE:19.339029 , MAE:17.844442 , MAPD:87.041726, R_squared:-5.729737

2024-03-21 03:41:51,971 Epoch 58/300, Train Loss: 391.277085, Val Loss: 382.391884  
	Train = MSE:391.274231 , RMSE:19.780653 , MAE:18.262514 , MAPD:86.988605, R_squared:-5.773023  
	Validation = MSE:369.767578 , RMSE:19.229342 , MAE:17.725508 , MAPD:86.372127, R_squared:-5.653614

2024-03-21 03:41:54,034 Epoch 59/300, Train Loss: 386.914119, Val Loss: 378.068481  
	Train = MSE:386.920868 , RMSE:19.670303 , MAE:18.142366 , MAPD:86.322403, R_squared:-5.697666  
	Validation = MSE:365.492493 , RMSE:19.117859 , MAE:17.604504 , MAPD:85.690869, R_squared:-5.576688

2024-03-21 03:41:56,074 Epoch 60/300, Train Loss: 382.530928, Val Loss: 373.755638  
	Train = MSE:382.532318 , RMSE:19.558434 , MAE:18.021263 , MAPD:85.656187, R_squared:-5.621699  
	Validation = MSE:361.228241 , RMSE:19.006006 , MAE:17.482971 , MAPD:85.006631, R_squared:-5.499956

2024-03-21 03:41:57,773 Epoch 61/300, Train Loss: 378.151537, Val Loss: 369.428467  
	Train = MSE:378.142609 , RMSE:19.445889 , MAE:17.898975 , MAPD:84.979867, R_squared:-5.545713  
	Validation = MSE:356.950104 , RMSE:18.893124 , MAE:17.360189 , MAPD:84.315363, R_squared:-5.422976

2024-03-21 03:42:01,154 Epoch 62/300, Train Loss: 373.739241, Val Loss: 365.083504  
	Train = MSE:373.744415 , RMSE:19.332470 , MAE:17.775757 , MAPD:84.300835, R_squared:-5.469580  
	Validation = MSE:352.654755 , RMSE:18.779104 , MAE:17.236031 , MAPD:83.616354, R_squared:-5.345685

2024-03-21 03:42:03,560 Epoch 63/300, Train Loss: 369.321427, Val Loss: 360.733086  
	Train = MSE:369.333008 , RMSE:19.218039 , MAE:17.651043 , MAPD:83.612038, R_squared:-5.393218  
	Validation = MSE:348.354340 , RMSE:18.664253 , MAE:17.110828 , MAPD:82.911444, R_squared:-5.268303

2024-03-21 03:42:05,313 Epoch 64/300, Train Loss: 364.912346, Val Loss: 356.383057  
	Train = MSE:364.912537 , RMSE:19.102684 , MAE:17.525379 , MAPD:82.917205, R_squared:-5.316698  
	Validation = MSE:344.054688 , RMSE:18.548712 , MAE:16.984722 , MAPD:82.201461, R_squared:-5.190935

2024-03-21 03:42:07,150 Epoch 65/300, Train Loss: 360.484381, Val Loss: 352.038055  
	Train = MSE:360.484528 , RMSE:18.986429 , MAE:17.398924 , MAPD:82.222736, R_squared:-5.240049  
	Validation = MSE:339.760345 , RMSE:18.432589 , MAE:16.857830 , MAPD:81.487059, R_squared:-5.113663

2024-03-21 03:42:09,195 Epoch 66/300, Train Loss: 356.055032, Val Loss: 347.665771  
	Train = MSE:356.065643 , RMSE:18.869701 , MAE:17.271008 , MAPD:81.514896, R_squared:-5.163557  
	Validation = MSE:335.439545 , RMSE:18.315008 , MAE:16.729181 , MAPD:80.762770, R_squared:-5.035913

2024-03-21 03:42:10,956 Epoch 67/300, Train Loss: 351.632460, Val Loss: 343.316040  
	Train = MSE:351.624115 , RMSE:18.751642 , MAE:17.142300 , MAPD:80.804875, R_squared:-5.086673  
	Validation = MSE:331.141296 , RMSE:18.197289 , MAE:16.600222 , MAPD:80.036710, R_squared:-4.958571

2024-03-21 03:42:12,915 Epoch 68/300, Train Loss: 347.203536, Val Loss: 338.954185  
	Train = MSE:347.195282 , RMSE:18.633177 , MAE:17.012470 , MAPD:80.088379, R_squared:-5.010010  
	Validation = MSE:326.831512 , RMSE:18.078482 , MAE:16.469898 , MAPD:79.302984, R_squared:-4.881020

2024-03-21 03:42:14,865 Epoch 69/300, Train Loss: 342.754448, Val Loss: 334.593163  
	Train = MSE:342.761322 , RMSE:18.513815 , MAE:16.881985 , MAPD:79.368904, R_squared:-4.933257  
	Validation = MSE:322.522919 , RMSE:17.958923 , MAE:16.338573 , MAPD:78.563619, R_squared:-4.803491

2024-03-21 03:42:17,413 Epoch 70/300, Train Loss: 338.314281, Val Loss: 330.227371  
	Train = MSE:338.331512 , RMSE:18.393789 , MAE:16.749981 , MAPD:78.640235, R_squared:-4.856575  
	Validation = MSE:318.210083 , RMSE:17.838444 , MAE:16.206053 , MAPD:77.817522, R_squared:-4.725886

2024-03-21 03:42:19,149 Epoch 71/300, Train Loss: 333.903950, Val Loss: 325.877144  
	Train = MSE:333.896698 , RMSE:18.272840 , MAE:16.617260 , MAPD:77.908140, R_squared:-4.779808  
	Validation = MSE:313.913055 , RMSE:17.717592 , MAE:16.072931 , MAPD:77.068037, R_squared:-4.648564

2024-03-21 03:42:22,650 Epoch 72/300, Train Loss: 329.471095, Val Loss: 321.510498  
	Train = MSE:329.479492 , RMSE:18.151569 , MAE:16.483076 , MAPD:77.164342, R_squared:-4.703346  
	Validation = MSE:309.600220 , RMSE:17.595461 , MAE:15.938202 , MAPD:76.309511, R_squared:-4.570960

2024-03-21 03:42:24,725 Epoch 73/300, Train Loss: 325.047632, Val Loss: 317.182861  
	Train = MSE:325.045654 , RMSE:18.029022 , MAE:16.348816 , MAPD:76.427392, R_squared:-4.626596  
	Validation = MSE:305.326355 , RMSE:17.473591 , MAE:15.803558 , MAPD:75.551458, R_squared:-4.494056

2024-03-21 03:42:26,635 Epoch 74/300, Train Loss: 320.631062, Val Loss: 312.861847  
	Train = MSE:320.632233 , RMSE:17.906206 , MAE:16.213507 , MAPD:75.681207, R_squared:-4.550198  
	Validation = MSE:301.059509 , RMSE:17.351067 , MAE:15.667978 , MAPD:74.788143, R_squared:-4.417278

2024-03-21 03:42:29,188 Epoch 75/300, Train Loss: 316.237200, Val Loss: 308.513901  
	Train = MSE:316.240967 , RMSE:17.783165 , MAE:16.076817 , MAPD:74.925185, R_squared:-4.474185  
	Validation = MSE:296.766541 , RMSE:17.226913 , MAE:15.530376 , MAPD:74.013435, R_squared:-4.340030

2024-03-21 03:42:32,220 Epoch 76/300, Train Loss: 311.834324, Val Loss: 304.194977  
	Train = MSE:311.837646 , RMSE:17.658926 , MAE:15.939149 , MAPD:74.164169, R_squared:-4.397962  
	Validation = MSE:292.502686 , RMSE:17.102711 , MAE:15.392490 , MAPD:73.237129, R_squared:-4.263306

2024-03-21 03:42:34,872 Epoch 77/300, Train Loss: 307.453852, Val Loss: 299.890068  
	Train = MSE:307.452026 , RMSE:17.534309 , MAE:15.800872 , MAPD:73.400420, R_squared:-4.322047  
	Validation = MSE:288.253204 , RMSE:16.978022 , MAE:15.253827 , MAPD:72.456448, R_squared:-4.186840

2024-03-21 03:42:38,196 Epoch 78/300, Train Loss: 303.056121, Val Loss: 295.626701  
	Train = MSE:303.067963 , RMSE:17.408848 , MAE:15.662592 , MAPD:72.642395, R_squared:-4.246158  
	Validation = MSE:284.045166 , RMSE:16.853640 , MAE:15.115265 , MAPD:71.676337, R_squared:-4.111121

2024-03-21 03:42:40,495 Epoch 79/300, Train Loss: 298.731790, Val Loss: 291.333981  
	Train = MSE:298.726837 , RMSE:17.283716 , MAE:15.522490 , MAPD:71.865720, R_squared:-4.171012  
	Validation = MSE:279.808685 , RMSE:16.727484 , MAE:14.974469 , MAPD:70.883654, R_squared:-4.034890

2024-03-21 03:42:42,253 Epoch 80/300, Train Loss: 294.375166, Val Loss: 287.074646  
	Train = MSE:294.375732 , RMSE:17.157381 , MAE:15.381916 , MAPD:71.090612, R_squared:-4.095695  
	Validation = MSE:275.605713 , RMSE:16.601377 , MAE:14.833468 , MAPD:70.089804, R_squared:-3.959261

2024-03-21 03:42:45,370 Epoch 81/300, Train Loss: 290.041408, Val Loss: 282.825089  
	Train = MSE:290.051605 , RMSE:17.030901 , MAE:15.240327 , MAPD:70.307653, R_squared:-4.020843  
	Validation = MSE:271.412842 , RMSE:16.474611 , MAE:14.691458 , MAPD:69.290283, R_squared:-3.883815

2024-03-21 03:42:49,132 Epoch 82/300, Train Loss: 285.724821, Val Loss: 278.612675  
	Train = MSE:285.734528 , RMSE:16.903685 , MAE:15.098495 , MAPD:69.526962, R_squared:-3.946113  
	Validation = MSE:267.257233 , RMSE:16.348003 , MAE:14.549339 , MAPD:68.490151, R_squared:-3.809038

2024-03-21 03:42:51,081 Epoch 83/300, Train Loss: 281.452710, Val Loss: 274.424217  
	Train = MSE:281.442078 , RMSE:16.776236 , MAE:14.955960 , MAPD:68.741885, R_squared:-3.871811  
	Validation = MSE:263.125793 , RMSE:16.221153 , MAE:14.406659 , MAPD:67.686854, R_squared:-3.734696

2024-03-21 03:42:52,807 Epoch 84/300, Train Loss: 277.185917, Val Loss: 270.235825  
	Train = MSE:277.180359 , RMSE:16.648735 , MAE:14.812318 , MAPD:67.946466, R_squared:-3.798039  
	Validation = MSE:258.994934 , RMSE:16.093319 , MAE:14.262573 , MAPD:66.875645, R_squared:-3.660366

2024-03-21 03:42:54,815 Epoch 85/300, Train Loss: 272.932875, Val Loss: 266.082573  
	Train = MSE:272.926514 , RMSE:16.520487 , MAE:14.668365 , MAPD:67.154142, R_squared:-3.724405  
	Validation = MSE:254.899323 , RMSE:15.965567 , MAE:14.118264 , MAPD:66.063178, R_squared:-3.586669

2024-03-21 03:42:56,566 Epoch 86/300, Train Loss: 268.700411, Val Loss: 261.936012  
	Train = MSE:268.708252 , RMSE:16.392323 , MAE:14.522993 , MAPD:66.348593, R_squared:-3.651386  
	Validation = MSE:250.810944 , RMSE:15.837012 , MAE:13.972723 , MAPD:65.243773, R_squared:-3.513102

2024-03-21 03:42:58,404 Epoch 87/300, Train Loss: 264.504968, Val Loss: 257.832100  
	Train = MSE:264.499847 , RMSE:16.263451 , MAE:14.377713 , MAPD:65.548840, R_squared:-3.578537  
	Validation = MSE:246.765121 , RMSE:15.708759 , MAE:13.827190 , MAPD:64.424419, R_squared:-3.440302

2024-03-21 03:43:00,583 Epoch 88/300, Train Loss: 260.325875, Val Loss: 253.750885  
	Train = MSE:260.325439 , RMSE:16.134604 , MAE:14.231992 , MAPD:64.745186, R_squared:-3.506277  
	Validation = MSE:242.742340 , RMSE:15.580191 , MAE:13.680950 , MAPD:63.601081, R_squared:-3.367916

2024-03-21 03:43:02,696 Epoch 89/300, Train Loss: 256.177374, Val Loss: 249.701317  
	Train = MSE:256.174530 , RMSE:16.005453 , MAE:14.085460 , MAPD:63.936590, R_squared:-3.434425  
	Validation = MSE:238.751373 , RMSE:15.451582 , MAE:13.534306 , MAPD:62.775465, R_squared:-3.296102

2024-03-21 03:43:05,040 Epoch 90/300, Train Loss: 252.061758, Val Loss: 245.678741  
	Train = MSE:252.053864 , RMSE:15.876204 , MAE:13.938553 , MAPD:63.125090, R_squared:-3.363095  
	Validation = MSE:234.787613 , RMSE:15.322781 , MAE:13.387071 , MAPD:61.946525, R_squared:-3.224778

2024-03-21 03:43:06,737 Epoch 91/300, Train Loss: 247.971871, Val Loss: 241.671722  
	Train = MSE:247.967651 , RMSE:15.746988 , MAE:13.790623 , MAPD:62.307477, R_squared:-3.292362  
	Validation = MSE:230.839828 , RMSE:15.193414 , MAE:13.238803 , MAPD:61.111764, R_squared:-3.153741

2024-03-21 03:43:09,636 Epoch 92/300, Train Loss: 243.887962, Val Loss: 237.721985  
	Train = MSE:243.894928 , RMSE:15.617136 , MAE:13.642994 , MAPD:61.496044, R_squared:-3.221863  
	Validation = MSE:226.949097 , RMSE:15.064830 , MAE:13.091034 , MAPD:60.279823, R_squared:-3.083732

2024-03-21 03:43:12,011 Epoch 93/300, Train Loss: 239.861628, Val Loss: 233.772957  
	Train = MSE:239.877487 , RMSE:15.487979 , MAE:13.494074 , MAPD:60.671364, R_squared:-3.152320  
	Validation = MSE:223.059769 , RMSE:14.935185 , MAE:12.941631 , MAPD:59.438681, R_squared:-3.013747

2024-03-21 03:43:14,891 Epoch 94/300, Train Loss: 235.855279, Val Loss: 229.872387  
	Train = MSE:235.873627 , RMSE:15.358178 , MAE:13.345008 , MAPD:59.849505, R_squared:-3.083013  
	Validation = MSE:219.218811 , RMSE:14.806040 , MAE:12.792375 , MAPD:58.598363, R_squared:-2.944633

2024-03-21 03:43:17,054 Epoch 95/300, Train Loss: 231.900809, Val Loss: 226.004112  
	Train = MSE:231.910873 , RMSE:15.228621 , MAE:13.195195 , MAPD:59.020217, R_squared:-3.014417  
	Validation = MSE:215.410370 , RMSE:14.676866 , MAE:12.642643 , MAPD:57.755364, R_squared:-2.876103

2024-03-21 03:43:19,417 Epoch 96/300, Train Loss: 227.967465, Val Loss: 222.204971  
	Train = MSE:227.967606 , RMSE:15.098597 , MAE:13.046540 , MAPD:58.205982, R_squared:-2.946158  
	Validation = MSE:211.670670 , RMSE:14.548906 , MAE:12.493867 , MAPD:56.917747, R_squared:-2.808811

2024-03-21 03:43:21,894 Epoch 97/300, Train Loss: 224.077045, Val Loss: 218.403534  
	Train = MSE:224.089676 , RMSE:14.969625 , MAE:12.896187 , MAPD:57.374308, R_squared:-2.879031  
	Validation = MSE:207.929398 , RMSE:14.419757 , MAE:12.343235 , MAPD:56.069682, R_squared:-2.741490

2024-03-21 03:43:23,776 Epoch 98/300, Train Loss: 220.236620, Val Loss: 214.650471  
	Train = MSE:220.228271 , RMSE:14.840090 , MAE:12.745731 , MAPD:56.542979, R_squared:-2.812189  
	Validation = MSE:204.236465 , RMSE:14.291132 , MAE:12.192723 , MAPD:55.222299, R_squared:-2.675040

2024-03-21 03:43:25,488 Epoch 99/300, Train Loss: 216.403732, Val Loss: 210.925354  
	Train = MSE:216.413452 , RMSE:14.710998 , MAE:12.595308 , MAPD:55.714811, R_squared:-2.746154  
	Validation = MSE:200.571762 , RMSE:14.162336 , MAE:12.041504 , MAPD:54.370923, R_squared:-2.609097

2024-03-21 03:43:27,492 Epoch 100/300, Train Loss: 212.622482, Val Loss: 207.264477  
	Train = MSE:212.623047 , RMSE:14.581599 , MAE:12.444362 , MAPD:54.881799, R_squared:-2.680541  
	Validation = MSE:196.970978 , RMSE:14.034635 , MAE:11.891048 , MAPD:53.523852, R_squared:-2.544304

2024-03-21 03:43:29,608 Epoch 101/300, Train Loss: 208.897046, Val Loss: 203.604267  
	Train = MSE:208.898911 , RMSE:14.453336 , MAE:12.292694 , MAPD:54.041806, R_squared:-2.616076  
	Validation = MSE:193.371643 , RMSE:13.905813 , MAE:11.738725 , MAPD:52.666267, R_squared:-2.479537

2024-03-21 03:43:33,763 Epoch 102/300, Train Loss: 205.184050, Val Loss: 200.028477  
	Train = MSE:205.181534 , RMSE:14.324159 , MAE:12.141418 , MAPD:53.209404, R_squared:-2.551727  
	Validation = MSE:189.856049 , RMSE:13.778826 , MAE:11.588016 , MAPD:51.817763, R_squared:-2.416278

2024-03-21 03:43:35,998 Epoch 103/300, Train Loss: 201.531260, Val Loss: 196.454720  
	Train = MSE:201.540054 , RMSE:14.196481 , MAE:11.989710 , MAPD:52.371111, R_squared:-2.488693  
	Validation = MSE:186.343246 , RMSE:13.650760 , MAE:11.435441 , MAPD:50.958756, R_squared:-2.353068

2024-03-21 03:43:38,333 Epoch 104/300, Train Loss: 197.916273, Val Loss: 192.952019  
	Train = MSE:197.913177 , RMSE:14.068162 , MAE:11.838465 , MAPD:51.541007, R_squared:-2.425911  
	Validation = MSE:182.901062 , RMSE:13.524092 , MAE:11.285301 , MAPD:50.121443, R_squared:-2.291129

2024-03-21 03:43:40,260 Epoch 105/300, Train Loss: 194.335668, Val Loss: 189.495461  
	Train = MSE:194.339996 , RMSE:13.940588 , MAE:11.688675 , MAPD:50.724057, R_squared:-2.364058  
	Validation = MSE:179.505035 , RMSE:13.397949 , MAE:11.136075 , MAPD:49.294413, R_squared:-2.230021

2024-03-21 03:43:42,328 Epoch 106/300, Train Loss: 190.818193, Val Loss: 186.082104  
	Train = MSE:190.812057 , RMSE:13.813474 , MAE:11.539153 , MAPD:49.912223, R_squared:-2.302989  
	Validation = MSE:176.152222 , RMSE:13.272235 , MAE:10.986953 , MAPD:48.469155, R_squared:-2.169691

2024-03-21 03:43:44,155 Epoch 107/300, Train Loss: 187.339544, Val Loss: 182.679585  
	Train = MSE:187.343307 , RMSE:13.687341 , MAE:11.390001 , MAPD:49.106961, R_squared:-2.242944  
	Validation = MSE:172.810898 , RMSE:13.145756 , MAE:10.837257 , MAPD:47.646066, R_squared:-2.109567

2024-03-21 03:43:46,218 Epoch 108/300, Train Loss: 183.890500, Val Loss: 179.356003  
	Train = MSE:183.892639 , RMSE:13.560702 , MAE:11.241126 , MAPD:48.306764, R_squared:-2.183213  
	Validation = MSE:169.547974 , RMSE:13.021059 , MAE:10.689929 , MAPD:46.840889, R_squared:-2.050853

2024-03-21 03:43:47,960 Epoch 109/300, Train Loss: 180.498106, Val Loss: 176.084621  
	Train = MSE:180.499420 , RMSE:13.435007 , MAE:11.094008 , MAPD:47.520014, R_squared:-2.124476  
	Validation = MSE:166.337067 , RMSE:12.897173 , MAE:10.543018 , MAPD:46.038706, R_squared:-1.993076

2024-03-21 03:43:50,068 Epoch 110/300, Train Loss: 177.163350, Val Loss: 172.847221  
	Train = MSE:177.161041 , RMSE:13.310185 , MAE:10.947921 , MAPD:46.745985, R_squared:-2.066688  
	Validation = MSE:163.160416 , RMSE:12.773426 , MAE:10.396243 , MAPD:45.240607, R_squared:-1.935915

2024-03-21 03:43:51,801 Epoch 111/300, Train Loss: 173.862018, Val Loss: 169.665352  
	Train = MSE:173.861618 , RMSE:13.185659 , MAE:10.803417 , MAPD:45.985835, R_squared:-2.009574  
	Validation = MSE:160.039108 , RMSE:12.650657 , MAE:10.250635 , MAPD:44.452355, R_squared:-1.879750

2024-03-21 03:43:55,949 Epoch 112/300, Train Loss: 170.625042, Val Loss: 166.518997  
	Train = MSE:170.618958 , RMSE:13.062119 , MAE:10.659241 , MAPD:45.230791, R_squared:-1.953443  
	Validation = MSE:156.953476 , RMSE:12.528108 , MAE:10.107265 , MAPD:43.688901, R_squared:-1.824228

2024-03-21 03:43:58,270 Epoch 113/300, Train Loss: 167.412697, Val Loss: 163.440731  
	Train = MSE:167.411972 , RMSE:12.938778 , MAE:10.517349 , MAPD:44.497188, R_squared:-1.897930  
	Validation = MSE:153.935547 , RMSE:12.407077 , MAE:9.966081 , MAPD:42.942530, R_squared:-1.769923

2024-03-21 03:44:00,905 Epoch 114/300, Train Loss: 164.277969, Val Loss: 160.386105  
	Train = MSE:164.272797 , RMSE:12.816895 , MAE:10.374927 , MAPD:43.758900, R_squared:-1.843590  
	Validation = MSE:150.941681 , RMSE:12.285832 , MAE:9.824124 , MAPD:42.193223, R_squared:-1.716051

2024-03-21 03:44:03,236 Epoch 115/300, Train Loss: 161.155427, Val Loss: 157.399742  
	Train = MSE:161.165497 , RMSE:12.695097 , MAE:10.235112 , MAPD:43.044764, R_squared:-1.789802  
	Validation = MSE:148.015625 , RMSE:12.166167 , MAE:9.683871 , MAPD:41.455756, R_squared:-1.663399

2024-03-21 03:44:05,157 Epoch 116/300, Train Loss: 158.115678, Val Loss: 154.467358  
	Train = MSE:158.114670 , RMSE:12.574366 , MAE:10.095445 , MAPD:42.330988, R_squared:-1.736992  
	Validation = MSE:145.143372 , RMSE:12.047546 , MAE:9.546065 , MAPD:40.739767, R_squared:-1.611716

2024-03-21 03:44:07,285 Epoch 117/300, Train Loss: 155.119349, Val Loss: 151.573908  
	Train = MSE:155.120941 , RMSE:12.454756 , MAE:9.957968 , MAPD:41.636133, R_squared:-1.685170  
	Validation = MSE:142.310211 , RMSE:11.929384 , MAE:9.409881 , MAPD:40.040274, R_squared:-1.560736

2024-03-21 03:44:09,211 Epoch 118/300, Train Loss: 152.166106, Val Loss: 148.745495  
	Train = MSE:152.167908 , RMSE:12.335636 , MAE:9.823996 , MAPD:40.972968, R_squared:-1.634053  
	Validation = MSE:139.541672 , RMSE:11.812776 , MAE:9.276733 , MAPD:39.364976, R_squared:-1.510919

2024-03-21 03:44:11,449 Epoch 119/300, Train Loss: 149.284398, Val Loss: 145.951363  
	Train = MSE:149.279327 , RMSE:12.217992 , MAE:9.690695 , MAPD:40.314513, R_squared:-1.584050  
	Validation = MSE:136.807617 , RMSE:11.696479 , MAE:9.143644 , MAPD:38.692303, R_squared:-1.461722

2024-03-21 03:44:13,241 Epoch 120/300, Train Loss: 146.440759, Val Loss: 143.204273  
	Train = MSE:146.437912 , RMSE:12.101153 , MAE:9.559793 , MAPD:39.676522, R_squared:-1.534865  
	Validation = MSE:134.120575 , RMSE:11.581044 , MAE:9.012678 , MAPD:38.038342, R_squared:-1.413371

2024-03-21 03:44:15,627 Epoch 121/300, Train Loss: 143.647125, Val Loss: 140.520866  
	Train = MSE:143.642197 , RMSE:11.985083 , MAE:9.431337 , MAPD:39.060873, R_squared:-1.486471  
	Validation = MSE:131.496811 , RMSE:11.467206 , MAE:8.884045 , MAPD:37.401505, R_squared:-1.366159

2024-03-21 03:44:18,929 Epoch 122/300, Train Loss: 140.890253, Val Loss: 137.916552  
	Train = MSE:140.892090 , RMSE:11.869798 , MAE:9.305217 , MAPD:38.461718, R_squared:-1.438866  
	Validation = MSE:128.951355 , RMSE:11.355675 , MAE:8.760375 , MAPD:36.801659, R_squared:-1.320356

2024-03-21 03:44:21,192 Epoch 123/300, Train Loss: 138.214180, Val Loss: 135.352295  
	Train = MSE:138.210129 , RMSE:11.756280 , MAE:9.181352 , MAPD:37.879766, R_squared:-1.392441  
	Validation = MSE:126.446014 , RMSE:11.244822 , MAE:8.638402 , MAPD:36.217110, R_squared:-1.275275

2024-03-21 03:44:23,532 Epoch 124/300, Train Loss: 135.595493, Val Loss: 132.798607  
	Train = MSE:135.593384 , RMSE:11.644457 , MAE:9.059017 , MAPD:37.310766, R_squared:-1.347144  
	Validation = MSE:123.952034 , RMSE:11.133375 , MAE:8.516344 , MAPD:35.637813, R_squared:-1.230398

2024-03-21 03:44:25,538 Epoch 125/300, Train Loss: 132.998786, Val Loss: 130.329197  
	Train = MSE:132.999954 , RMSE:11.532560 , MAE:8.938163 , MAPD:36.754681, R_squared:-1.302252  
	Validation = MSE:121.541374 , RMSE:11.024580 , MAE:8.398235 , MAPD:35.084653, R_squared:-1.187021

2024-03-21 03:44:27,733 Epoch 126/300, Train Loss: 130.476406, Val Loss: 127.898857  
	Train = MSE:130.478729 , RMSE:11.422729 , MAE:8.819153 , MAPD:36.210949, R_squared:-1.258609  
	Validation = MSE:119.169884 , RMSE:10.916496 , MAE:8.280978 , MAPD:34.539310, R_squared:-1.144348

2024-03-21 03:44:30,300 Epoch 127/300, Train Loss: 127.989958, Val Loss: 125.540707  
	Train = MSE:127.996368 , RMSE:11.313548 , MAE:8.703011 , MAPD:35.688798, R_squared:-1.215639  
	Validation = MSE:116.869865 , RMSE:10.810637 , MAE:8.168138 , MAPD:34.025135, R_squared:-1.102961

2024-03-21 03:44:32,178 Epoch 128/300, Train Loss: 125.569389, Val Loss: 123.232149  
	Train = MSE:125.576492 , RMSE:11.206092 , MAE:8.590359 , MAPD:35.191720, R_squared:-1.173750  
	Validation = MSE:114.619270 , RMSE:10.706039 , MAE:8.057155 , MAPD:33.524840, R_squared:-1.062464

2024-03-21 03:44:33,888 Epoch 129/300, Train Loss: 123.209688, Val Loss: 120.966114  
	Train = MSE:123.212791 , RMSE:11.100125 , MAE:8.478637 , MAPD:34.702616, R_squared:-1.132834  
	Validation = MSE:112.411179 , RMSE:10.602414 , MAE:7.947081 , MAPD:33.031742, R_squared:-1.022732

2024-03-21 03:44:35,558 Epoch 130/300, Train Loss: 120.887522, Val Loss: 118.769224  
	Train = MSE:120.890923 , RMSE:10.995041 , MAE:8.369331 , MAPD:34.230668, R_squared:-1.092642  
	Validation = MSE:110.271523 , RMSE:10.501025 , MAE:7.841150 , MAPD:32.566823, R_squared:-0.984231

2024-03-21 03:44:37,875 Epoch 131/300, Train Loss: 118.643293, Val Loss: 116.597187  
	Train = MSE:118.640633 , RMSE:10.892228 , MAE:8.262378 , MAPD:33.774052, R_squared:-1.053690  
	Validation = MSE:108.157150 , RMSE:10.399863 , MAE:7.736194 , MAPD:32.112339, R_squared:-0.946184

2024-03-21 03:44:41,174 Epoch 132/300, Train Loss: 116.421041, Val Loss: 114.509867  
	Train = MSE:116.417885 , RMSE:10.789712 , MAE:8.159352 , MAPD:33.347096, R_squared:-1.015214  
	Validation = MSE:106.126328 , RMSE:10.301764 , MAE:7.635825 , MAPD:31.686071, R_squared:-0.909642

2024-03-21 03:44:43,264 Epoch 133/300, Train Loss: 114.271217, Val Loss: 112.445419  
	Train = MSE:114.273331 , RMSE:10.689871 , MAE:8.057132 , MAPD:32.923587, R_squared:-0.978091  
	Validation = MSE:104.118851 , RMSE:10.203864 , MAE:7.538651 , MAPD:31.287239, R_squared:-0.873519

2024-03-21 03:44:46,568 Epoch 134/300, Train Loss: 112.160928, Val Loss: 110.453495  
	Train = MSE:112.160637 , RMSE:10.590591 , MAE:7.958713 , MAPD:32.528911, R_squared:-0.941520  
	Validation = MSE:102.182991 , RMSE:10.108561 , MAE:7.444170 , MAPD:30.903460, R_squared:-0.838685

2024-03-21 03:44:48,508 Epoch 135/300, Train Loss: 110.117906, Val Loss: 108.506153  
	Train = MSE:110.111855 , RMSE:10.493420 , MAE:7.861572 , MAPD:32.140297, R_squared:-0.906055  
	Validation = MSE:100.291550 , RMSE:10.014566 , MAE:7.351589 , MAPD:30.533072, R_squared:-0.804650

2024-03-21 03:44:50,525 Epoch 136/300, Train Loss: 108.116689, Val Loss: 106.598019  
	Train = MSE:108.117439 , RMSE:10.397954 , MAE:7.767209 , MAPD:31.770505, R_squared:-0.871531  
	Validation = MSE:98.439339 , RMSE:9.921660 , MAE:7.260617 , MAPD:30.174658, R_squared:-0.771321

2024-03-21 03:44:52,389 Epoch 137/300, Train Loss: 106.155797, Val Loss: 104.768080  
	Train = MSE:106.157883 , RMSE:10.303295 , MAE:7.674233 , MAPD:31.408352, R_squared:-0.837611  
	Validation = MSE:96.664124 , RMSE:9.831792 , MAE:7.172256 , MAPD:29.828862, R_squared:-0.739378

2024-03-21 03:44:54,195 Epoch 138/300, Train Loss: 104.274176, Val Loss: 102.966413  
	Train = MSE:104.270439 , RMSE:10.211289 , MAE:7.584383 , MAPD:31.066817, R_squared:-0.804939  
	Validation = MSE:94.917480 , RMSE:9.742560 , MAE:7.086442 , MAPD:29.503176, R_squared:-0.707949

2024-03-21 03:44:55,989 Epoch 139/300, Train Loss: 102.421360, Val Loss: 101.222063  
	Train = MSE:102.421463 , RMSE:10.120349 , MAE:7.498032 , MAPD:30.748812, R_squared:-0.772933  
	Validation = MSE:93.227539 , RMSE:9.655441 , MAE:7.005811 , MAPD:29.211555, R_squared:-0.677540

2024-03-21 03:44:58,340 Epoch 140/300, Train Loss: 100.634711, Val Loss: 99.522438  
	Train = MSE:100.628342 , RMSE:10.031368 , MAE:7.412713 , MAPD:30.436313, R_squared:-0.741894  
	Validation = MSE:91.582062 , RMSE:9.569852 , MAE:6.928212 , MAPD:28.940338, R_squared:-0.647932

2024-03-21 03:45:00,343 Epoch 141/300, Train Loss: 98.880332, Val Loss: 97.883310  
	Train = MSE:98.878334 , RMSE:9.943759 , MAE:7.330760 , MAPD:30.146078, R_squared:-0.711601  
	Validation = MSE:89.996307 , RMSE:9.486638 , MAE:6.853309 , MAPD:28.684165, R_squared:-0.619397

2024-03-21 03:45:03,167 Epoch 142/300, Train Loss: 97.187816, Val Loss: 96.290537  
	Train = MSE:97.183594 , RMSE:9.858174 , MAE:7.250339 , MAPD:29.862520, R_squared:-0.682265  
	Validation = MSE:88.456566 , RMSE:9.405135 , MAE:6.780977 , MAPD:28.444211, R_squared:-0.591691

2024-03-21 03:45:05,027 Epoch 143/300, Train Loss: 95.545419, Val Loss: 94.744543  
	Train = MSE:95.537560 , RMSE:9.774332 , MAE:7.173257 , MAPD:29.601319, R_squared:-0.653771  
	Validation = MSE:86.963181 , RMSE:9.325405 , MAE:6.709554 , MAPD:28.208593, R_squared:-0.564819

2024-03-21 03:45:06,918 Epoch 144/300, Train Loss: 93.942658, Val Loss: 93.240734  
	Train = MSE:93.941879 , RMSE:9.692362 , MAE:7.099211 , MAPD:29.358528, R_squared:-0.626150  
	Validation = MSE:85.511749 , RMSE:9.247256 , MAE:6.639778 , MAPD:27.983022, R_squared:-0.538702

2024-03-21 03:45:09,025 Epoch 145/300, Train Loss: 92.392264, Val Loss: 91.779463  
	Train = MSE:92.394012 , RMSE:9.612181 , MAE:7.027529 , MAPD:29.130240, R_squared:-0.599356  
	Validation = MSE:84.102539 , RMSE:9.170744 , MAE:6.572216 , MAPD:27.771115, R_squared:-0.513345

2024-03-21 03:45:11,732 Epoch 146/300, Train Loss: 90.881091, Val Loss: 90.375025  
	Train = MSE:90.887360 , RMSE:9.533486 , MAE:6.957131 , MAPD:28.906671, R_squared:-0.573276  
	Validation = MSE:82.749313 , RMSE:9.096665 , MAE:6.508227 , MAPD:27.579391, R_squared:-0.488995

2024-03-21 03:45:13,438 Epoch 147/300, Train Loss: 89.436164, Val Loss: 88.998585  
	Train = MSE:89.440140 , RMSE:9.457280 , MAE:6.890984 , MAPD:28.710341, R_squared:-0.548224  
	Validation = MSE:81.424286 , RMSE:9.023540 , MAE:6.445108 , MAPD:27.394345, R_squared:-0.465152

2024-03-21 03:45:16,522 Epoch 148/300, Train Loss: 88.021355, Val Loss: 87.699427  
	Train = MSE:88.017448 , RMSE:9.381762 , MAE:6.825948 , MAPD:28.520608, R_squared:-0.523597  
	Validation = MSE:80.174812 , RMSE:8.954039 , MAE:6.386561 , MAPD:27.231852, R_squared:-0.442669

2024-03-21 03:45:18,738 Epoch 149/300, Train Loss: 86.665763, Val Loss: 86.419703  
	Train = MSE:86.664703 , RMSE:9.309388 , MAE:6.765399 , MAPD:28.355654, R_squared:-0.500181  
	Validation = MSE:78.945244 , RMSE:8.885114 , MAE:6.330027 , MAPD:27.084666, R_squared:-0.420544

2024-03-21 03:45:21,912 Epoch 150/300, Train Loss: 85.339876, Val Loss: 85.182446  
	Train = MSE:85.347366 , RMSE:9.238364 , MAE:6.705976 , MAPD:28.197226, R_squared:-0.477377  
	Validation = MSE:77.757698 , RMSE:8.818032 , MAE:6.278823 , MAPD:26.970285, R_squared:-0.399175

2024-03-21 03:45:24,213 Epoch 151/300, Train Loss: 84.057791, Val Loss: 84.012678  
	Train = MSE:84.062576 , RMSE:9.168565 , MAE:6.650280 , MAPD:28.060318, R_squared:-0.455137  
	Validation = MSE:76.636116 , RMSE:8.754206 , MAE:6.233356 , MAPD:26.886445, R_squared:-0.378993

2024-03-21 03:45:28,013 Epoch 152/300, Train Loss: 82.835055, Val Loss: 82.876032  
	Train = MSE:82.835770 , RMSE:9.101416 , MAE:6.598077 , MAPD:27.942107, R_squared:-0.433901  
	Validation = MSE:75.547470 , RMSE:8.691805 , MAE:6.190462 , MAPD:26.818379, R_squared:-0.359404

2024-03-21 03:45:30,792 Epoch 153/300, Train Loss: 81.642675, Val Loss: 81.770683  
	Train = MSE:81.651779 , RMSE:9.036138 , MAE:6.547898 , MAPD:27.834504, R_squared:-0.413406  
	Validation = MSE:74.490028 , RMSE:8.630760 , MAE:6.149898 , MAPD:26.764752, R_squared:-0.340377

2024-03-21 03:45:33,036 Epoch 154/300, Train Loss: 80.506978, Val Loss: 80.705519  
	Train = MSE:80.506248 , RMSE:8.972528 , MAE:6.500120 , MAPD:27.742167, R_squared:-0.393577  
	Validation = MSE:73.472260 , RMSE:8.571596 , MAE:6.111888 , MAPD:26.725095, R_squared:-0.322063

2024-03-21 03:45:36,113 Epoch 155/300, Train Loss: 79.400267, Val Loss: 79.697765  
	Train = MSE:79.393753 , RMSE:8.910317 , MAE:6.453188 , MAPD:27.651753, R_squared:-0.374319  
	Validation = MSE:72.510529 , RMSE:8.515311 , MAE:6.077030 , MAPD:26.699558, R_squared:-0.304758

2024-03-21 03:45:39,138 Epoch 156/300, Train Loss: 78.332305, Val Loss: 78.730095  
	Train = MSE:78.328308 , RMSE:8.850328 , MAE:6.408998 , MAPD:27.573134, R_squared:-0.355876  
	Validation = MSE:71.588249 , RMSE:8.460984 , MAE:6.044018 , MAPD:26.682866, R_squared:-0.288162

2024-03-21 03:45:40,856 Epoch 157/300, Train Loss: 77.311455, Val Loss: 77.780975  
	Train = MSE:77.310783 , RMSE:8.792655 , MAE:6.367074 , MAPD:27.507176, R_squared:-0.338263  
	Validation = MSE:70.684875 , RMSE:8.407430 , MAE:6.010953 , MAPD:26.667311, R_squared:-0.271907

2024-03-21 03:45:43,036 Epoch 158/300, Train Loss: 76.327986, Val Loss: 76.858239  
	Train = MSE:76.329544 , RMSE:8.736678 , MAE:6.328346 , MAPD:27.463646, R_squared:-0.321277  
	Validation = MSE:69.807869 , RMSE:8.355110 , MAE:5.979133 , MAPD:26.659381, R_squared:-0.256126

2024-03-21 03:45:45,006 Epoch 159/300, Train Loss: 75.367594, Val Loss: 76.000896  
	Train = MSE:75.368721 , RMSE:8.681516 , MAE:6.291058 , MAPD:27.422382, R_squared:-0.304645  
	Validation = MSE:68.994240 , RMSE:8.306277 , MAE:5.949875 , MAPD:26.658824, R_squared:-0.241485

2024-03-21 03:45:46,728 Epoch 160/300, Train Loss: 74.465614, Val Loss: 75.168873  
	Train = MSE:74.461861 , RMSE:8.629128 , MAE:6.255160 , MAPD:27.386951, R_squared:-0.288948  
	Validation = MSE:68.205856 , RMSE:8.258684 , MAE:5.923962 , MAPD:26.678258, R_squared:-0.227299

2024-03-21 03:45:48,424 Epoch 161/300, Train Loss: 73.586125, Val Loss: 74.370287  
	Train = MSE:73.587456 , RMSE:8.578313 , MAE:6.221054 , MAPD:27.360941, R_squared:-0.273811  
	Validation = MSE:67.450378 , RMSE:8.212818 , MAE:5.899925 , MAPD:26.706903, R_squared:-0.213705

2024-03-21 03:45:51,571 Epoch 162/300, Train Loss: 72.744087, Val Loss: 73.609855  
	Train = MSE:72.746384 , RMSE:8.529149 , MAE:6.190929 , MAPD:27.357040, R_squared:-0.259252  
	Validation = MSE:66.732224 , RMSE:8.168980 , MAE:5.876925 , MAPD:26.738408, R_squared:-0.200782

2024-03-21 03:45:53,507 Epoch 163/300, Train Loss: 71.943436, Val Loss: 72.871834  
	Train = MSE:71.946144 , RMSE:8.482107 , MAE:6.161317 , MAPD:27.351462, R_squared:-0.245400  
	Validation = MSE:66.036476 , RMSE:8.126283 , MAE:5.856089 , MAPD:26.782758, R_squared:-0.188263

2024-03-21 03:45:55,448 Epoch 164/300, Train Loss: 71.167127, Val Loss: 72.183088  
	Train = MSE:71.167473 , RMSE:8.436082 , MAE:6.135162 , MAPD:27.364906, R_squared:-0.231921  
	Validation = MSE:65.388390 , RMSE:8.086308 , MAE:5.837908 , MAPD:26.836439, R_squared:-0.176601

2024-03-21 03:45:57,917 Epoch 165/300, Train Loss: 70.434211, Val Loss: 71.518316  
	Train = MSE:70.432198 , RMSE:8.392389 , MAE:6.110781 , MAPD:27.385346, R_squared:-0.219193  
	Validation = MSE:64.764084 , RMSE:8.047613 , MAE:5.821160 , MAPD:26.897743, R_squared:-0.165368

2024-03-21 03:45:59,853 Epoch 166/300, Train Loss: 69.729883, Val Loss: 70.878823  
	Train = MSE:69.727730 , RMSE:8.350313 , MAE:6.088727 , MAPD:27.419144, R_squared:-0.206999  
	Validation = MSE:64.164749 , RMSE:8.010290 , MAE:5.805967 , MAPD:26.966935, R_squared:-0.154583

2024-03-21 03:46:01,529 Epoch 167/300, Train Loss: 69.047067, Val Loss: 70.274342  
	Train = MSE:69.049721 , RMSE:8.309616 , MAE:6.068564 , MAPD:27.459774, R_squared:-0.195262  
	Validation = MSE:63.599438 , RMSE:7.974926 , MAE:5.793557 , MAPD:27.048462, R_squared:-0.144411

2024-03-21 03:46:04,145 Epoch 168/300, Train Loss: 68.404234, Val Loss: 69.697640  
	Train = MSE:68.404594 , RMSE:8.270707 , MAE:6.049918 , MAPD:27.505545, R_squared:-0.184095  
	Validation = MSE:63.061333 , RMSE:7.941117 , MAE:5.783377 , MAPD:27.140598, R_squared:-0.134728

2024-03-21 03:46:06,015 Epoch 169/300, Train Loss: 67.785767, Val Loss: 69.150324  
	Train = MSE:67.788231 , RMSE:8.233361 , MAE:6.033563 , MAPD:27.561673, R_squared:-0.173426  
	Validation = MSE:62.551865 , RMSE:7.908974 , MAE:5.774733 , MAPD:27.238631, R_squared:-0.125561

2024-03-21 03:46:07,925 Epoch 170/300, Train Loss: 67.205293, Val Loss: 68.613607  
	Train = MSE:67.208603 , RMSE:8.198086 , MAE:6.019220 , MAPD:27.633437, R_squared:-0.163392  
	Validation = MSE:62.053524 , RMSE:7.877406 , MAE:5.768890 , MAPD:27.354740, R_squared:-0.116594

2024-03-21 03:46:10,364 Epoch 171/300, Train Loss: 66.632086, Val Loss: 68.134144  
	Train = MSE:66.634140 , RMSE:8.162973 , MAE:6.006231 , MAPD:27.703519, R_squared:-0.153448  
	Validation = MSE:61.609528 , RMSE:7.849174 , MAE:5.764324 , MAPD:27.466748, R_squared:-0.108604

2024-03-21 03:46:14,196 Epoch 172/300, Train Loss: 66.110097, Val Loss: 67.652730  
	Train = MSE:66.112831 , RMSE:8.130980 , MAE:5.995078 , MAPD:27.783474, R_squared:-0.144424  
	Validation = MSE:61.164940 , RMSE:7.820802 , MAE:5.759849 , MAPD:27.584626, R_squared:-0.100605

2024-03-21 03:46:15,915 Epoch 173/300, Train Loss: 65.597271, Val Loss: 67.209352  
	Train = MSE:65.599319 , RMSE:8.099340 , MAE:5.984447 , MAPD:27.863164, R_squared:-0.135535  
	Validation = MSE:60.756710 , RMSE:7.794659 , MAE:5.756169 , MAPD:27.700384, R_squared:-0.093259

2024-03-21 03:46:18,226 Epoch 174/300, Train Loss: 65.113151, Val Loss: 66.799486  
	Train = MSE:65.112091 , RMSE:8.069206 , MAE:5.975403 , MAPD:27.946430, R_squared:-0.127101  
	Validation = MSE:60.380474 , RMSE:7.770487 , MAE:5.753459 , MAPD:27.815724, R_squared:-0.086489

2024-03-21 03:46:19,976 Epoch 175/300, Train Loss: 64.666493, Val Loss: 66.390371  
	Train = MSE:64.662804 , RMSE:8.041319 , MAE:5.968532 , MAPD:28.043029, R_squared:-0.119324  
	Validation = MSE:60.006153 , RMSE:7.746364 , MAE:5.752218 , MAPD:27.943738, R_squared:-0.079753

2024-03-21 03:46:22,311 Epoch 176/300, Train Loss: 64.221444, Val Loss: 66.014903  
	Train = MSE:64.222122 , RMSE:8.013870 , MAE:5.961685 , MAPD:28.137189, R_squared:-0.111696  
	Validation = MSE:59.663818 , RMSE:7.724236 , MAE:5.751974 , MAPD:28.070848, R_squared:-0.073593

2024-03-21 03:46:24,475 Epoch 177/300, Train Loss: 63.810123, Val Loss: 65.657864  
	Train = MSE:63.810242 , RMSE:7.988132 , MAE:5.956526 , MAPD:28.237125, R_squared:-0.104566  
	Validation = MSE:59.339474 , RMSE:7.703212 , MAE:5.752053 , MAPD:28.198046, R_squared:-0.067757

2024-03-21 03:46:26,855 Epoch 178/300, Train Loss: 63.420489, Val Loss: 65.321386  
	Train = MSE:63.418812 , RMSE:7.963593 , MAE:5.952364 , MAPD:28.340627, R_squared:-0.097790  
	Validation = MSE:59.035000 , RMSE:7.683424 , MAE:5.753214 , MAPD:28.328494, R_squared:-0.062278

2024-03-21 03:46:28,549 Epoch 179/300, Train Loss: 63.050979, Val Loss: 65.005705  
	Train = MSE:63.047653 , RMSE:7.940255 , MAE:5.949286 , MAPD:28.446578, R_squared:-0.091366  
	Validation = MSE:58.750519 , RMSE:7.664889 , MAE:5.755323 , MAPD:28.461012, R_squared:-0.057159

2024-03-21 03:46:30,280 Epoch 180/300, Train Loss: 62.694746, Val Loss: 64.706927  
	Train = MSE:62.697952 , RMSE:7.918204 , MAE:5.946665 , MAPD:28.551534, R_squared:-0.085312  
	Validation = MSE:58.482441 , RMSE:7.647381 , MAE:5.758093 , MAPD:28.595224, R_squared:-0.052336

2024-03-21 03:46:32,245 Epoch 181/300, Train Loss: 62.365162, Val Loss: 64.433303  
	Train = MSE:62.363327 , RMSE:7.897046 , MAE:5.944248 , MAPD:28.656147, R_squared:-0.079520  
	Validation = MSE:58.238068 , RMSE:7.631387 , MAE:5.761023 , MAPD:28.724641, R_squared:-0.047938

2024-03-21 03:46:35,072 Epoch 182/300, Train Loss: 62.054911, Val Loss: 64.159777  
	Train = MSE:62.057903 , RMSE:7.877684 , MAE:5.944446 , MAPD:28.773537, R_squared:-0.074233  
	Validation = MSE:57.994999 , RMSE:7.615445 , MAE:5.764356 , MAPD:28.860932, R_squared:-0.043564

2024-03-21 03:46:37,179 Epoch 183/300, Train Loss: 61.757817, Val Loss: 63.914721  
	Train = MSE:61.757145 , RMSE:7.858572 , MAE:5.944172 , MAPD:28.885961, R_squared:-0.069027  
	Validation = MSE:57.778397 , RMSE:7.601210 , MAE:5.768629 , MAPD:28.994503, R_squared:-0.039667

2024-03-21 03:46:39,685 Epoch 184/300, Train Loss: 61.482385, Val Loss: 63.683568  
	Train = MSE:61.479809 , RMSE:7.840906 , MAE:5.944942 , MAPD:28.999418, R_squared:-0.064226  
	Validation = MSE:57.575245 , RMSE:7.587835 , MAE:5.774300 , MAPD:29.133755, R_squared:-0.036011

2024-03-21 03:46:42,023 Epoch 185/300, Train Loss: 61.221554, Val Loss: 63.465560  
	Train = MSE:61.218674 , RMSE:7.824236 , MAE:5.946501 , MAPD:29.116090, R_squared:-0.059706  
	Validation = MSE:57.384796 , RMSE:7.575275 , MAE:5.780568 , MAPD:29.274525, R_squared:-0.032584

2024-03-21 03:46:44,666 Epoch 186/300, Train Loss: 60.972193, Val Loss: 63.259860  
	Train = MSE:60.973431 , RMSE:7.808548 , MAE:5.948827 , MAPD:29.232865, R_squared:-0.055461  
	Validation = MSE:57.206280 , RMSE:7.563483 , MAE:5.787871 , MAPD:29.419330, R_squared:-0.029372

2024-03-21 03:46:47,839 Epoch 187/300, Train Loss: 60.738452, Val Loss: 63.077290  
	Train = MSE:60.736889 , RMSE:7.793387 , MAE:5.951494 , MAPD:29.349171, R_squared:-0.051366  
	Validation = MSE:57.048935 , RMSE:7.553074 , MAE:5.795060 , MAPD:29.555872, R_squared:-0.026541

2024-03-21 03:46:50,036 Epoch 188/300, Train Loss: 60.520623, Val Loss: 62.901360  
	Train = MSE:60.522400 , RMSE:7.779614 , MAE:5.954546 , MAPD:29.465142, R_squared:-0.047653  
	Validation = MSE:56.898418 , RMSE:7.543104 , MAE:5.802898 , MAPD:29.696611, R_squared:-0.023833

2024-03-21 03:46:52,072 Epoch 189/300, Train Loss: 60.319178, Val Loss: 62.738564  
	Train = MSE:60.317493 , RMSE:7.766434 , MAE:5.958459 , MAPD:29.583227, R_squared:-0.044106  
	Validation = MSE:56.760265 , RMSE:7.533941 , MAE:5.810813 , MAPD:29.834706, R_squared:-0.021347

2024-03-21 03:46:54,730 Epoch 190/300, Train Loss: 60.122607, Val Loss: 62.592134  
	Train = MSE:60.124004 , RMSE:7.753967 , MAE:5.962043 , MAPD:29.694269, R_squared:-0.040757  
	Validation = MSE:56.637047 , RMSE:7.525759 , MAE:5.818634 , MAPD:29.966721, R_squared:-0.019129

2024-03-21 03:46:58,226 Epoch 191/300, Train Loss: 59.952538, Val Loss: 62.445789  
	Train = MSE:59.949635 , RMSE:7.742715 , MAE:5.966530 , MAPD:29.812385, R_squared:-0.037738  
	Validation = MSE:56.515060 , RMSE:7.517650 , MAE:5.827376 , MAPD:30.108020, R_squared:-0.016934

2024-03-21 03:47:01,636 Epoch 192/300, Train Loss: 59.780844, Val Loss: 62.316843  
	Train = MSE:59.778500 , RMSE:7.731656 , MAE:5.971643 , MAPD:29.929588, R_squared:-0.034776  
	Validation = MSE:56.408676 , RMSE:7.510571 , MAE:5.836193 , MAPD:30.242664, R_squared:-0.015020

2024-03-21 03:47:04,064 Epoch 193/300, Train Loss: 59.625275, Val Loss: 62.190247  
	Train = MSE:59.626236 , RMSE:7.721803 , MAE:5.976818 , MAPD:30.046969, R_squared:-0.032140  
	Validation = MSE:56.305401 , RMSE:7.503693 , MAE:5.845826 , MAPD:30.384560, R_squared:-0.013162

2024-03-21 03:47:06,264 Epoch 194/300, Train Loss: 59.476739, Val Loss: 62.079667  
	Train = MSE:59.476646 , RMSE:7.712111 , MAE:5.982054 , MAPD:30.162070, R_squared:-0.029551  
	Validation = MSE:56.216309 , RMSE:7.497754 , MAE:5.855065 , MAPD:30.517159, R_squared:-0.011559

2024-03-21 03:47:08,276 Epoch 195/300, Train Loss: 59.338945, Val Loss: 61.977905  
	Train = MSE:59.340366 , RMSE:7.703270 , MAE:5.986834 , MAPD:30.268128, R_squared:-0.027192  
	Validation = MSE:56.135391 , RMSE:7.492355 , MAE:5.864458 , MAPD:30.648028, R_squared:-0.010103

2024-03-21 03:47:10,799 Epoch 196/300, Train Loss: 59.212321, Val Loss: 61.886703  
	Train = MSE:59.212273 , RMSE:7.694951 , MAE:5.991748 , MAPD:30.371605, R_squared:-0.024975  
	Validation = MSE:56.063889 , RMSE:7.487582 , MAE:5.873482 , MAPD:30.772501, R_squared:-0.008816

2024-03-21 03:47:13,191 Epoch 197/300, Train Loss: 59.095511, Val Loss: 61.801051  
	Train = MSE:59.095322 , RMSE:7.687348 , MAE:5.997287 , MAPD:30.478911, R_squared:-0.022950  
	Validation = MSE:55.997787 , RMSE:7.483167 , MAE:5.882900 , MAPD:30.898363, R_squared:-0.007627

2024-03-21 03:47:15,221 Epoch 198/300, Train Loss: 58.984623, Val Loss: 61.722904  
	Train = MSE:58.985123 , RMSE:7.680177 , MAE:6.002920 , MAPD:30.582271, R_squared:-0.021042  
	Validation = MSE:55.938515 , RMSE:7.479206 , MAE:5.892111 , MAPD:31.020476, R_squared:-0.006560

2024-03-21 03:47:17,254 Epoch 199/300, Train Loss: 58.886759, Val Loss: 61.650667  
	Train = MSE:58.883312 , RMSE:7.673546 , MAE:6.008310 , MAPD:30.682825, R_squared:-0.019280  
	Validation = MSE:55.884766 , RMSE:7.475611 , MAE:5.901138 , MAPD:31.140139, R_squared:-0.005593

2024-03-21 03:47:19,652 Epoch 200/300, Train Loss: 58.797611, Val Loss: 61.583371  
	Train = MSE:58.789906 , RMSE:7.667458 , MAE:6.014589 , MAPD:30.790283, R_squared:-0.017663  
	Validation = MSE:55.835770 , RMSE:7.472333 , MAE:5.910427 , MAPD:31.260397, R_squared:-0.004711

2024-03-21 03:47:22,020 Epoch 201/300, Train Loss: 58.699816, Val Loss: 61.517959  
	Train = MSE:58.705200 , RMSE:7.661932 , MAE:6.021115 , MAPD:30.893944, R_squared:-0.016197  
	Validation = MSE:55.789364 , RMSE:7.469228 , MAE:5.920404 , MAPD:31.386940, R_squared:-0.003876

2024-03-21 03:47:25,784 Epoch 202/300, Train Loss: 58.617360, Val Loss: 61.473100  
	Train = MSE:58.616802 , RMSE:7.656161 , MAE:6.025694 , MAPD:30.978403, R_squared:-0.014667  
	Validation = MSE:55.758358 , RMSE:7.467152 , MAE:5.927846 , MAPD:31.480074, R_squared:-0.003318

2024-03-21 03:47:27,790 Epoch 203/300, Train Loss: 58.547980, Val Loss: 61.416137  
	Train = MSE:58.550377 , RMSE:7.651822 , MAE:6.032868 , MAPD:31.084456, R_squared:-0.013517  
	Validation = MSE:55.720184 , RMSE:7.464595 , MAE:5.937956 , MAPD:31.606430, R_squared:-0.002631

2024-03-21 03:47:29,816 Epoch 204/300, Train Loss: 58.476119, Val Loss: 61.372320  
	Train = MSE:58.475811 , RMSE:7.646948 , MAE:6.039353 , MAPD:31.183820, R_squared:-0.012226  
	Validation = MSE:55.691925 , RMSE:7.462702 , MAE:5.946328 , MAPD:31.711056, R_squared:-0.002123

2024-03-21 03:47:32,518 Epoch 205/300, Train Loss: 58.411882, Val Loss: 61.332301  
	Train = MSE:58.412464 , RMSE:7.642805 , MAE:6.045244 , MAPD:31.274136, R_squared:-0.011130  
	Validation = MSE:55.667160 , RMSE:7.461043 , MAE:5.954535 , MAPD:31.813637, R_squared:-0.001677

2024-03-21 03:47:34,819 Epoch 206/300, Train Loss: 58.350671, Val Loss: 61.298822  
	Train = MSE:58.352406 , RMSE:7.638875 , MAE:6.051187 , MAPD:31.361584, R_squared:-0.010090  
	Validation = MSE:55.647385 , RMSE:7.459717 , MAE:5.961912 , MAPD:31.905834, R_squared:-0.001321

2024-03-21 03:47:37,842 Epoch 207/300, Train Loss: 58.300534, Val Loss: 61.267820  
	Train = MSE:58.298988 , RMSE:7.635377 , MAE:6.056790 , MAPD:31.443339, R_squared:-0.009165  
	Validation = MSE:55.630028 , RMSE:7.458554 , MAE:5.969259 , MAPD:31.997656, R_squared:-0.001009

2024-03-21 03:47:40,464 Epoch 208/300, Train Loss: 58.250567, Val Loss: 61.238275  
	Train = MSE:58.250351 , RMSE:7.632192 , MAE:6.062868 , MAPD:31.527814, R_squared:-0.008324  
	Validation = MSE:55.614571 , RMSE:7.457518 , MAE:5.976986 , MAPD:32.093142, R_squared:-0.000731

2024-03-21 03:47:42,899 Epoch 209/300, Train Loss: 58.203051, Val Loss: 61.211613  
	Train = MSE:58.205143 , RMSE:7.629230 , MAE:6.069316 , MAPD:31.616290, R_squared:-0.007541  
	Validation = MSE:55.601784 , RMSE:7.456660 , MAE:5.984625 , MAPD:32.187307, R_squared:-0.000501

2024-03-21 03:47:45,551 Epoch 210/300, Train Loss: 58.163950, Val Loss: 61.187484  
	Train = MSE:58.164978 , RMSE:7.626597 , MAE:6.076241 , MAPD:31.709017, R_squared:-0.006846  
	Validation = MSE:55.591450 , RMSE:7.455967 , MAE:5.992224 , MAPD:32.280987, R_squared:-0.000315

2024-03-21 03:47:47,576 Epoch 211/300, Train Loss: 58.121335, Val Loss: 61.169299  
	Train = MSE:58.123577 , RMSE:7.623882 , MAE:6.081886 , MAPD:31.784761, R_squared:-0.006129  
	Validation = MSE:55.584698 , RMSE:7.455514 , MAE:5.998518 , MAPD:32.358593, R_squared:-0.000193

2024-03-21 03:47:51,714 Epoch 212/300, Train Loss: 58.089853, Val Loss: 61.154971  
	Train = MSE:58.088406 , RMSE:7.621575 , MAE:6.086209 , MAPD:31.846551, R_squared:-0.005520  
	Validation = MSE:55.580200 , RMSE:7.455213 , MAE:6.003933 , MAPD:32.425346, R_squared:-0.000112

2024-03-21 03:47:53,771 Epoch 213/300, Train Loss: 58.060099, Val Loss: 61.137699  
	Train = MSE:58.059834 , RMSE:7.619700 , MAE:6.092630 , MAPD:31.927608, R_squared:-0.005026  
	Validation = MSE:55.576080 , RMSE:7.454937 , MAE:6.011177 , MAPD:32.514639, R_squared:-0.000038

2024-03-21 03:47:56,597 Epoch 214/300, Train Loss: 58.028840, Val Loss: 61.124916  
	Train = MSE:58.029102 , RMSE:7.617683 , MAE:6.098186 , MAPD:32.002357, R_squared:-0.004494  
	Validation = MSE:55.574295 , RMSE:7.454817 , MAE:6.017354 , MAPD:32.589919, R_squared:-0.000006

2024-03-21 03:47:59,050 Epoch 215/300, Train Loss: 57.999983, Val Loss: 61.114819  
	Train = MSE:58.001747 , RMSE:7.615888 , MAE:6.103425 , MAPD:32.068822, R_squared:-0.004020  
	Validation = MSE:55.573986 , RMSE:7.454796 , MAE:6.022884 , MAPD:32.657045, R_squared:-0.000001

2024-03-21 03:48:01,087 Epoch 216/300, Train Loss: 57.981348, Val Loss: 61.106935  
	Train = MSE:57.977577 , RMSE:7.614301 , MAE:6.107934 , MAPD:32.128191, R_squared:-0.003602  
	Validation = MSE:55.574703 , RMSE:7.454844 , MAE:6.027838 , MAPD:32.716519, R_squared:-0.000014

2024-03-21 03:48:03,605 Epoch 217/300, Train Loss: 57.955657, Val Loss: 61.097987  
	Train = MSE:57.957779 , RMSE:7.613001 , MAE:6.113427 , MAPD:32.195591, R_squared:-0.003259  
	Validation = MSE:55.577049 , RMSE:7.455002 , MAE:6.034345 , MAPD:32.794657, R_squared:-0.000056

2024-03-21 03:48:06,177 Epoch 218/300, Train Loss: 57.935656, Val Loss: 61.091090  
	Train = MSE:57.938301 , RMSE:7.611722 , MAE:6.119423 , MAPD:32.269683, R_squared:-0.002922  
	Validation = MSE:55.580685 , RMSE:7.455245 , MAE:6.040526 , MAPD:32.868013, R_squared:-0.000121

2024-03-21 03:48:08,653 Epoch 219/300, Train Loss: 57.916223, Val Loss: 61.087423  
	Train = MSE:57.917740 , RMSE:7.610371 , MAE:6.123547 , MAPD:32.321051, R_squared:-0.002566  
	Validation = MSE:55.583710 , RMSE:7.455448 , MAE:6.044470 , MAPD:32.914774, R_squared:-0.000176

2024-03-21 03:48:11,280 Epoch 220/300, Train Loss: 57.903666, Val Loss: 61.083693  
	Train = MSE:57.902954 , RMSE:7.609399 , MAE:6.128308 , MAPD:32.378297, R_squared:-0.002310  
	Validation = MSE:55.588211 , RMSE:7.455750 , MAE:6.049307 , MAPD:32.972134, R_squared:-0.000257

2024-03-21 03:48:15,184 Epoch 221/300, Train Loss: 57.888180, Val Loss: 61.080412  
	Train = MSE:57.889835 , RMSE:7.608537 , MAE:6.133158 , MAPD:32.436854, R_squared:-0.002083  
	Validation = MSE:55.594521 , RMSE:7.456173 , MAE:6.054949 , MAPD:33.039045, R_squared:-0.000370

2024-03-21 03:48:19,904 Epoch 222/300, Train Loss: 57.871889, Val Loss: 61.078644  
	Train = MSE:57.874989 , RMSE:7.607561 , MAE:6.137847 , MAPD:32.492343, R_squared:-0.001826  
	Validation = MSE:55.600277 , RMSE:7.456559 , MAE:6.059476 , MAPD:33.092029, R_squared:-0.000474

2024-03-21 03:48:22,182 Epoch 223/300, Train Loss: 57.861198, Val Loss: 61.077680  
	Train = MSE:57.862789 , RMSE:7.606760 , MAE:6.141899 , MAPD:32.540610, R_squared:-0.001615  
	Validation = MSE:55.605919 , RMSE:7.456938 , MAE:6.063554 , MAPD:33.139072, R_squared:-0.000575

2024-03-21 03:48:24,689 Epoch 224/300, Train Loss: 57.847399, Val Loss: 61.077247  
	Train = MSE:57.852737 , RMSE:7.606099 , MAE:6.146256 , MAPD:32.591941, R_squared:-0.001441  
	Validation = MSE:55.612648 , RMSE:7.457389 , MAE:6.068155 , MAPD:33.190907, R_squared:-0.000696

2024-03-21 03:48:26,993 Epoch 225/300, Train Loss: 57.845984, Val Loss: 61.077508  
	Train = MSE:57.844112 , RMSE:7.605532 , MAE:6.150867 , MAPD:32.645550, R_squared:-0.001291  
	Validation = MSE:55.620712 , RMSE:7.457930 , MAE:6.073330 , MAPD:33.248211, R_squared:-0.000841

2024-03-21 03:48:29,362 Epoch 226/300, Train Loss: 57.834318, Val Loss: 61.077861  
	Train = MSE:57.834312 , RMSE:7.604887 , MAE:6.153407 , MAPD:32.676021, R_squared:-0.001122  
	Validation = MSE:55.624454 , RMSE:7.458180 , MAE:6.075583 , MAPD:33.273136, R_squared:-0.000909

2024-03-21 03:48:32,034 Epoch 227/300, Train Loss: 57.830531, Val Loss: 61.078856  
	Train = MSE:57.826889 , RMSE:7.604399 , MAE:6.156724 , MAPD:32.714902, R_squared:-0.000993  
	Validation = MSE:55.631542 , RMSE:7.458655 , MAE:6.079702 , MAPD:33.318261, R_squared:-0.001036

2024-03-21 03:48:35,134 Epoch 228/300, Train Loss: 57.821261, Val Loss: 61.080657  
	Train = MSE:57.820530 , RMSE:7.603981 , MAE:6.160916 , MAPD:32.762665, R_squared:-0.000883  
	Validation = MSE:55.640610 , RMSE:7.459263 , MAE:6.084725 , MAPD:33.372653, R_squared:-0.001199

2024-03-21 03:48:38,113 Epoch 229/300, Train Loss: 57.816067, Val Loss: 61.082500  
	Train = MSE:57.813995 , RMSE:7.603551 , MAE:6.164724 , MAPD:32.806750, R_squared:-0.000770  
	Validation = MSE:55.648083 , RMSE:7.459764 , MAE:6.088682 , MAPD:33.415080, R_squared:-0.001334

2024-03-21 03:48:40,202 Epoch 230/300, Train Loss: 57.809272, Val Loss: 61.084318  
	Train = MSE:57.808216 , RMSE:7.603171 , MAE:6.167712 , MAPD:32.841127, R_squared:-0.000670  
	Validation = MSE:55.654530 , RMSE:7.460196 , MAE:6.091990 , MAPD:33.450274, R_squared:-0.001450

2024-03-21 03:48:42,267 Epoch 231/300, Train Loss: 57.803857, Val Loss: 61.087289  
	Train = MSE:57.805202 , RMSE:7.602973 , MAE:6.171855 , MAPD:32.886708, R_squared:-0.000618  
	Validation = MSE:55.663944 , RMSE:7.460827 , MAE:6.096664 , MAPD:33.499543, R_squared:-0.001619

2024-03-21 03:48:45,436 Epoch 232/300, Train Loss: 57.801526, Val Loss: 61.089247  
	Train = MSE:57.799313 , RMSE:7.602586 , MAE:6.174807 , MAPD:32.920861, R_squared:-0.000516  
	Validation = MSE:55.669628 , RMSE:7.461208 , MAE:6.099370 , MAPD:33.528065, R_squared:-0.001722

2024-03-21 03:48:47,820 Epoch 233/300, Train Loss: 57.796239, Val Loss: 61.091690  
	Train = MSE:57.795597 , RMSE:7.602342 , MAE:6.176924 , MAPD:32.945484, R_squared:-0.000452  
	Validation = MSE:55.676327 , RMSE:7.461657 , MAE:6.102455 , MAPD:33.560581, R_squared:-0.001842

2024-03-21 03:48:49,816 Epoch 234/300, Train Loss: 57.793606, Val Loss: 61.093907  
	Train = MSE:57.792290 , RMSE:7.602124 , MAE:6.179147 , MAPD:32.970645, R_squared:-0.000394  
	Validation = MSE:55.682091 , RMSE:7.462043 , MAE:6.105033 , MAPD:33.587757, R_squared:-0.001946

2024-03-21 03:48:51,795 Epoch 235/300, Train Loss: 57.789733, Val Loss: 61.096192  
	Train = MSE:57.789574 , RMSE:7.601945 , MAE:6.181591 , MAPD:32.998253, R_squared:-0.000347  
	Validation = MSE:55.687813 , RMSE:7.462427 , MAE:6.107520 , MAPD:33.613970, R_squared:-0.002049

2024-03-21 03:48:53,895 Epoch 236/300, Train Loss: 57.786358, Val Loss: 61.099606  
	Train = MSE:57.786942 , RMSE:7.601772 , MAE:6.184301 , MAPD:33.028651, R_squared:-0.000302  
	Validation = MSE:55.695957 , RMSE:7.462973 , MAE:6.110960 , MAPD:33.650241, R_squared:-0.002195

2024-03-21 03:48:56,160 Epoch 237/300, Train Loss: 57.784947, Val Loss: 61.102594  
	Train = MSE:57.784740 , RMSE:7.601627 , MAE:6.187336 , MAPD:33.062461, R_squared:-0.000264  
	Validation = MSE:55.702816 , RMSE:7.463432 , MAE:6.113771 , MAPD:33.679865, R_squared:-0.002319

2024-03-21 03:48:58,617 Epoch 238/300, Train Loss: 57.782214, Val Loss: 61.104804  
	Train = MSE:57.782402 , RMSE:7.601474 , MAE:6.188870 , MAPD:33.080004, R_squared:-0.000223  
	Validation = MSE:55.707741 , RMSE:7.463762 , MAE:6.115740 , MAPD:33.700615, R_squared:-0.002407

2024-03-21 03:49:00,663 Epoch 239/300, Train Loss: 57.777786, Val Loss: 61.107867  
	Train = MSE:57.781006 , RMSE:7.601382 , MAE:6.191316 , MAPD:33.107204, R_squared:-0.000199  
	Validation = MSE:55.714390 , RMSE:7.464207 , MAE:6.118344 , MAPD:33.728071, R_squared:-0.002527

2024-03-21 03:49:03,004 Epoch 240/300, Train Loss: 57.777966, Val Loss: 61.110461  
	Train = MSE:57.779472 , RMSE:7.601281 , MAE:6.192865 , MAPD:33.124509, R_squared:-0.000172  
	Validation = MSE:55.719887 , RMSE:7.464575 , MAE:6.120478 , MAPD:33.750399, R_squared:-0.002626

2024-03-21 03:49:04,969 Epoch 241/300, Train Loss: 57.777874, Val Loss: 61.111553  
	Train = MSE:57.777962 , RMSE:7.601182 , MAE:6.194284 , MAPD:33.140524, R_squared:-0.000146  
	Validation = MSE:55.722157 , RMSE:7.464727 , MAE:6.121355 , MAPD:33.759556, R_squared:-0.002667

2024-03-21 03:49:08,468 Epoch 242/300, Train Loss: 57.777748, Val Loss: 61.116922  
	Train = MSE:57.778694 , RMSE:7.601230 , MAE:6.196978 , MAPD:33.169417, R_squared:-0.000159  
	Validation = MSE:55.733105 , RMSE:7.465461 , MAE:6.125539 , MAPD:33.802896, R_squared:-0.002864

2024-03-21 03:49:10,908 Epoch 243/300, Train Loss: 57.775618, Val Loss: 61.118674  
	Train = MSE:57.775913 , RMSE:7.601047 , MAE:6.199232 , MAPD:33.195334, R_squared:-0.000111  
	Validation = MSE:55.736603 , RMSE:7.465695 , MAE:6.126846 , MAPD:33.816425, R_squared:-0.002927

2024-03-21 03:49:13,330 Epoch 244/300, Train Loss: 57.778183, Val Loss: 61.118857  
	Train = MSE:57.775711 , RMSE:7.601034 , MAE:6.199023 , MAPD:33.193033, R_squared:-0.000107  
	Validation = MSE:55.736969 , RMSE:7.465720 , MAE:6.126981 , MAPD:33.817823, R_squared:-0.002933

2024-03-21 03:49:15,323 Epoch 245/300, Train Loss: 57.775227, Val Loss: 61.123667  
	Train = MSE:57.775955 , RMSE:7.601049 , MAE:6.201792 , MAPD:33.223274, R_squared:-0.000112  
	Validation = MSE:55.746357 , RMSE:7.466348 , MAE:6.130421 , MAPD:33.853434, R_squared:-0.003102

2024-03-21 03:49:17,926 Epoch 246/300, Train Loss: 57.778931, Val Loss: 61.121509  
	Train = MSE:57.774723 , RMSE:7.600968 , MAE:6.201760 , MAPD:33.223351, R_squared:-0.000090  
	Validation = MSE:55.742172 , RMSE:7.466068 , MAE:6.128899 , MAPD:33.837678, R_squared:-0.003027

2024-03-21 03:49:20,253 Epoch 247/300, Train Loss: 57.773161, Val Loss: 61.123895  
	Train = MSE:57.772980 , RMSE:7.600854 , MAE:6.201984 , MAPD:33.226255, R_squared:-0.000060  
	Validation = MSE:55.746796 , RMSE:7.466378 , MAE:6.130580 , MAPD:33.855063, R_squared:-0.003110

2024-03-21 03:49:23,237 Epoch 248/300, Train Loss: 57.772616, Val Loss: 61.129153  
	Train = MSE:57.773617 , RMSE:7.600896 , MAE:6.205061 , MAPD:33.259681, R_squared:-0.000071  
	Validation = MSE:55.756783 , RMSE:7.467046 , MAE:6.134194 , MAPD:33.892147, R_squared:-0.003290

2024-03-21 03:49:25,562 Epoch 249/300, Train Loss: 57.773442, Val Loss: 61.129147  
	Train = MSE:57.772076 , RMSE:7.600794 , MAE:6.205703 , MAPD:33.267050, R_squared:-0.000044  
	Validation = MSE:55.756767 , RMSE:7.467045 , MAE:6.134188 , MAPD:33.892093, R_squared:-0.003290

2024-03-21 03:49:27,582 Epoch 250/300, Train Loss: 57.773476, Val Loss: 61.129511  
	Train = MSE:57.772484 , RMSE:7.600821 , MAE:6.205538 , MAPD:33.265117, R_squared:-0.000052  
	Validation = MSE:55.757450 , RMSE:7.467091 , MAE:6.134432 , MAPD:33.894588, R_squared:-0.003302

2024-03-21 03:49:30,303 Epoch 251/300, Train Loss: 57.771664, Val Loss: 61.132204  
	Train = MSE:57.771160 , RMSE:7.600734 , MAE:6.206951 , MAPD:33.281102, R_squared:-0.000029  
	Validation = MSE:55.762470 , RMSE:7.467427 , MAE:6.136207 , MAPD:33.912808, R_squared:-0.003392

2024-03-21 03:49:33,771 Epoch 252/300, Train Loss: 57.774741, Val Loss: 61.136714  
	Train = MSE:57.771740 , RMSE:7.600772 , MAE:6.209165 , MAPD:33.304934, R_squared:-0.000039  
	Validation = MSE:55.770748 , RMSE:7.467981 , MAE:6.139083 , MAPD:33.942322, R_squared:-0.003541

2024-03-21 03:49:35,847 Epoch 253/300, Train Loss: 57.771729, Val Loss: 61.139205  
	Train = MSE:57.772430 , RMSE:7.600818 , MAE:6.210478 , MAPD:33.319427, R_squared:-0.000050  
	Validation = MSE:55.775253 , RMSE:7.468283 , MAE:6.140624 , MAPD:33.958124, R_squared:-0.003622

2024-03-21 03:49:37,822 Epoch 254/300, Train Loss: 57.774801, Val Loss: 61.136029  
	Train = MSE:57.771290 , RMSE:7.600743 , MAE:6.210568 , MAPD:33.320421, R_squared:-0.000031  
	Validation = MSE:55.769493 , RMSE:7.467897 , MAE:6.138652 , MAPD:33.937893, R_squared:-0.003519

2024-03-21 03:49:39,766 Epoch 255/300, Train Loss: 57.769082, Val Loss: 61.141020  
	Train = MSE:57.771420 , RMSE:7.600751 , MAE:6.211534 , MAPD:33.330617, R_squared:-0.000033  
	Validation = MSE:55.778519 , RMSE:7.468502 , MAE:6.141729 , MAPD:33.969466, R_squared:-0.003681

2024-03-21 03:49:41,808 Epoch 256/300, Train Loss: 57.771385, Val Loss: 61.141498  
	Train = MSE:57.771309 , RMSE:7.600744 , MAE:6.213004 , MAPD:33.346955, R_squared:-0.000031  
	Validation = MSE:55.779366 , RMSE:7.468558 , MAE:6.142015 , MAPD:33.972409, R_squared:-0.003696

2024-03-21 03:49:44,154 Epoch 257/300, Train Loss: 57.766313, Val Loss: 61.142252  
	Train = MSE:57.770313 , RMSE:7.600678 , MAE:6.213184 , MAPD:33.349279, R_squared:-0.000014  
	Validation = MSE:55.780716 , RMSE:7.468649 , MAE:6.142467 , MAPD:33.977048, R_squared:-0.003721

2024-03-21 03:49:46,313 Epoch 258/300, Train Loss: 57.774571, Val Loss: 61.142203  
	Train = MSE:57.770554 , RMSE:7.600694 , MAE:6.213419 , MAPD:33.351904, R_squared:-0.000018  
	Validation = MSE:55.780636 , RMSE:7.468644 , MAE:6.142439 , MAPD:33.976755, R_squared:-0.003719

2024-03-21 03:49:49,435 Epoch 259/300, Train Loss: 57.772197, Val Loss: 61.143580  
	Train = MSE:57.770447 , RMSE:7.600687 , MAE:6.213533 , MAPD:33.353011, R_squared:-0.000016  
	Validation = MSE:55.783081 , RMSE:7.468807 , MAE:6.143258 , MAPD:33.985167, R_squared:-0.003763

2024-03-21 03:49:51,636 Epoch 260/300, Train Loss: 57.768808, Val Loss: 61.146126  
	Train = MSE:57.771149 , RMSE:7.600733 , MAE:6.214117 , MAPD:33.359056, R_squared:-0.000028  
	Validation = MSE:55.787579 , RMSE:7.469108 , MAE:6.144751 , MAPD:34.000479, R_squared:-0.003844

2024-03-21 03:49:53,852 Epoch 261/300, Train Loss: 57.770323, Val Loss: 61.145521  
	Train = MSE:57.771175 , RMSE:7.600735 , MAE:6.214142 , MAPD:33.359656, R_squared:-0.000029  
	Validation = MSE:55.786514 , RMSE:7.469037 , MAE:6.144400 , MAPD:33.996873, R_squared:-0.003825

2024-03-21 03:49:57,153 Epoch 262/300, Train Loss: 57.767514, Val Loss: 61.146843  
	Train = MSE:57.770138 , RMSE:7.600667 , MAE:6.215280 , MAPD:33.372268, R_squared:-0.000011  
	Validation = MSE:55.788849 , RMSE:7.469193 , MAE:6.145167 , MAPD:34.004753, R_squared:-0.003867

2024-03-21 03:49:59,114 Epoch 263/300, Train Loss: 57.771989, Val Loss: 61.144632  
	Train = MSE:57.770046 , RMSE:7.600661 , MAE:6.214952 , MAPD:33.368677, R_squared:-0.000009  
	Validation = MSE:55.784946 , RMSE:7.468932 , MAE:6.143879 , MAPD:33.991530, R_squared:-0.003797

2024-03-21 03:50:01,160 Epoch 264/300, Train Loss: 57.771414, Val Loss: 61.147307  
	Train = MSE:57.770523 , RMSE:7.600692 , MAE:6.215470 , MAPD:33.374150, R_squared:-0.000018  
	Validation = MSE:55.789658 , RMSE:7.469247 , MAE:6.145434 , MAPD:34.007499, R_squared:-0.003881

2024-03-21 03:50:03,684 Epoch 265/300, Train Loss: 57.769455, Val Loss: 61.147223  
	Train = MSE:57.770000 , RMSE:7.600658 , MAE:6.215536 , MAPD:33.375091, R_squared:-0.000009  
	Validation = MSE:55.789513 , RMSE:7.469238 , MAE:6.145387 , MAPD:34.007010, R_squared:-0.003879

2024-03-21 03:50:06,374 Epoch 266/300, Train Loss: 57.768593, Val Loss: 61.148670  
	Train = MSE:57.770397 , RMSE:7.600684 , MAE:6.216031 , MAPD:33.380279, R_squared:-0.000015  
	Validation = MSE:55.792042 , RMSE:7.469407 , MAE:6.146217 , MAPD:34.015522, R_squared:-0.003924

2024-03-21 03:50:08,849 Epoch 267/300, Train Loss: 57.772607, Val Loss: 61.148087  
	Train = MSE:57.770161 , RMSE:7.600668 , MAE:6.216034 , MAPD:33.380417, R_squared:-0.000011  
	Validation = MSE:55.791027 , RMSE:7.469339 , MAE:6.145884 , MAPD:34.012108, R_squared:-0.003906

2024-03-21 03:50:10,840 Epoch 268/300, Train Loss: 57.768639, Val Loss: 61.147511  
	Train = MSE:57.769829 , RMSE:7.600646 , MAE:6.215882 , MAPD:33.378931, R_squared:-0.000006  
	Validation = MSE:55.790020 , RMSE:7.469272 , MAE:6.145553 , MAPD:34.008711, R_squared:-0.003888

2024-03-21 03:50:13,329 Epoch 269/300, Train Loss: 57.771006, Val Loss: 61.147557  
	Train = MSE:57.770569 , RMSE:7.600695 , MAE:6.215446 , MAPD:33.373990, R_squared:-0.000018  
	Validation = MSE:55.790096 , RMSE:7.469277 , MAE:6.145579 , MAPD:34.008980, R_squared:-0.003889

2024-03-21 03:50:15,656 Epoch 270/300, Train Loss: 57.773413, Val Loss: 61.151437  
	Train = MSE:57.771893 , RMSE:7.600782 , MAE:6.217897 , MAPD:33.400237, R_squared:-0.000041  
	Validation = MSE:55.796856 , RMSE:7.469729 , MAE:6.147779 , MAPD:34.031563, R_squared:-0.004011

2024-03-21 03:50:17,608 Epoch 271/300, Train Loss: 57.768634, Val Loss: 61.151114  
	Train = MSE:57.770035 , RMSE:7.600660 , MAE:6.218037 , MAPD:33.402449, R_squared:-0.000009  
	Validation = MSE:55.796299 , RMSE:7.469692 , MAE:6.147599 , MAPD:34.029706, R_squared:-0.004001

2024-03-21 03:50:21,720 Epoch 272/300, Train Loss: 57.769217, Val Loss: 61.152175  
	Train = MSE:57.770153 , RMSE:7.600668 , MAE:6.217812 , MAPD:33.399996, R_squared:-0.000011  
	Validation = MSE:55.798141 , RMSE:7.469815 , MAE:6.148192 , MAPD:34.035795, R_squared:-0.004034

2024-03-21 03:50:24,044 Epoch 273/300, Train Loss: 57.767904, Val Loss: 61.150214  
	Train = MSE:57.769615 , RMSE:7.600633 , MAE:6.217600 , MAPD:33.397869, R_squared:-0.000002  
	Validation = MSE:55.794735 , RMSE:7.469587 , MAE:6.147093 , MAPD:34.024519, R_squared:-0.003973

2024-03-21 03:50:26,030 Epoch 274/300, Train Loss: 57.767681, Val Loss: 61.149952  
	Train = MSE:57.770046 , RMSE:7.600661 , MAE:6.216832 , MAPD:33.389363, R_squared:-0.000009  
	Validation = MSE:55.794289 , RMSE:7.469557 , MAE:6.146947 , MAPD:34.023014, R_squared:-0.003965

2024-03-21 03:50:28,011 Epoch 275/300, Train Loss: 57.772921, Val Loss: 61.151220  
	Train = MSE:57.770016 , RMSE:7.600659 , MAE:6.217539 , MAPD:33.396994, R_squared:-0.000009  
	Validation = MSE:55.796490 , RMSE:7.469705 , MAE:6.147661 , MAPD:34.030333, R_squared:-0.004004

2024-03-21 03:50:29,950 Epoch 276/300, Train Loss: 57.774072, Val Loss: 61.145991  
	Train = MSE:57.772293 , RMSE:7.600809 , MAE:6.215843 , MAPD:33.377506, R_squared:-0.000048  
	Validation = MSE:55.787350 , RMSE:7.469093 , MAE:6.144674 , MAPD:33.999691, R_squared:-0.003840

2024-03-21 03:50:32,241 Epoch 277/300, Train Loss: 57.774709, Val Loss: 61.151839  
	Train = MSE:57.771065 , RMSE:7.600728 , MAE:6.217468 , MAPD:33.396043, R_squared:-0.000027  
	Validation = MSE:55.797558 , RMSE:7.469776 , MAE:6.148005 , MAPD:34.033873, R_squared:-0.004024

2024-03-21 03:50:34,796 Epoch 278/300, Train Loss: 57.769352, Val Loss: 61.150941  
	Train = MSE:57.770134 , RMSE:7.600667 , MAE:6.218118 , MAPD:33.403393, R_squared:-0.000011  
	Validation = MSE:55.795998 , RMSE:7.469672 , MAE:6.147502 , MAPD:34.028709, R_squared:-0.003996

2024-03-21 03:50:37,667 Epoch 279/300, Train Loss: 57.768851, Val Loss: 61.155779  
	Train = MSE:57.771675 , RMSE:7.600768 , MAE:6.218894 , MAPD:33.411190, R_squared:-0.000038  
	Validation = MSE:55.804340 , RMSE:7.470230 , MAE:6.150177 , MAPD:34.056158, R_squared:-0.004146

2024-03-21 03:50:40,320 Epoch 280/300, Train Loss: 57.768470, Val Loss: 61.152131  
	Train = MSE:57.769665 , RMSE:7.600636 , MAE:6.218507 , MAPD:33.407799, R_squared:-0.000003  
	Validation = MSE:55.798065 , RMSE:7.469810 , MAE:6.148169 , MAPD:34.035557, R_squared:-0.004033

2024-03-21 03:50:42,421 Epoch 281/300, Train Loss: 57.773821, Val Loss: 61.156674  
	Train = MSE:57.773502 , RMSE:7.600888 , MAE:6.220118 , MAPD:33.424533, R_squared:-0.000069  
	Validation = MSE:55.805878 , RMSE:7.470333 , MAE:6.150663 , MAPD:34.061155, R_squared:-0.004173

2024-03-21 03:50:45,540 Epoch 282/300, Train Loss: 57.769336, Val Loss: 61.153419  
	Train = MSE:57.769859 , RMSE:7.600648 , MAE:6.219921 , MAPD:33.423259, R_squared:-0.000006  
	Validation = MSE:55.800293 , RMSE:7.469959 , MAE:6.148883 , MAPD:34.042887, R_squared:-0.004073

2024-03-21 03:50:47,531 Epoch 283/300, Train Loss: 57.770948, Val Loss: 61.150308  
	Train = MSE:57.770279 , RMSE:7.600676 , MAE:6.218220 , MAPD:33.404325, R_squared:-0.000013  
	Validation = MSE:55.794903 , RMSE:7.469599 , MAE:6.147147 , MAPD:34.025062, R_squared:-0.003976

2024-03-21 03:50:50,096 Epoch 284/300, Train Loss: 57.771391, Val Loss: 61.148918  
	Train = MSE:57.770309 , RMSE:7.600678 , MAE:6.217031 , MAPD:33.391470, R_squared:-0.000014  
	Validation = MSE:55.792480 , RMSE:7.469437 , MAE:6.146358 , MAPD:34.016973, R_squared:-0.003932

2024-03-21 03:50:52,597 Epoch 285/300, Train Loss: 57.769534, Val Loss: 61.150830  
	Train = MSE:57.769859 , RMSE:7.600648 , MAE:6.216987 , MAPD:33.391092, R_squared:-0.000006  
	Validation = MSE:55.795807 , RMSE:7.469659 , MAE:6.147439 , MAPD:34.028071, R_squared:-0.003992

2024-03-21 03:50:55,773 Epoch 286/300, Train Loss: 57.773107, Val Loss: 61.149874  
	Train = MSE:57.770500 , RMSE:7.600691 , MAE:6.217075 , MAPD:33.391712, R_squared:-0.000017  
	Validation = MSE:55.794151 , RMSE:7.469548 , MAE:6.146902 , MAPD:34.022549, R_squared:-0.003962

2024-03-21 03:50:58,845 Epoch 287/300, Train Loss: 57.769509, Val Loss: 61.151820  
	Train = MSE:57.770100 , RMSE:7.600665 , MAE:6.217485 , MAPD:33.396334, R_squared:-0.000010  
	Validation = MSE:55.797520 , RMSE:7.469774 , MAE:6.147995 , MAPD:34.033760, R_squared:-0.004023

2024-03-21 03:51:01,185 Epoch 288/300, Train Loss: 57.769160, Val Loss: 61.150868  
	Train = MSE:57.770054 , RMSE:7.600661 , MAE:6.217785 , MAPD:33.399826, R_squared:-0.000010  
	Validation = MSE:55.795879 , RMSE:7.469664 , MAE:6.147461 , MAPD:34.028297, R_squared:-0.003993

2024-03-21 03:51:04,314 Epoch 289/300, Train Loss: 57.769451, Val Loss: 61.150718  
	Train = MSE:57.770096 , RMSE:7.600664 , MAE:6.217590 , MAPD:33.397608, R_squared:-0.000010  
	Validation = MSE:55.795616 , RMSE:7.469646 , MAE:6.147377 , MAPD:34.027426, R_squared:-0.003989

2024-03-21 03:51:07,267 Epoch 290/300, Train Loss: 57.768991, Val Loss: 61.149607  
	Train = MSE:57.770309 , RMSE:7.600678 , MAE:6.216901 , MAPD:33.390025, R_squared:-0.000014  
	Validation = MSE:55.793682 , RMSE:7.469517 , MAE:6.146749 , MAPD:34.020991, R_squared:-0.003954

2024-03-21 03:51:09,728 Epoch 291/300, Train Loss: 57.767441, Val Loss: 61.155859  
	Train = MSE:57.770954 , RMSE:7.600720 , MAE:6.218995 , MAPD:33.413024, R_squared:-0.000025  
	Validation = MSE:55.804489 , RMSE:7.470240 , MAE:6.150223 , MAPD:34.056624, R_squared:-0.004148

2024-03-21 03:51:13,554 Epoch 292/300, Train Loss: 57.772949, Val Loss: 61.152998  
	Train = MSE:57.770401 , RMSE:7.600684 , MAE:6.218706 , MAPD:33.409665, R_squared:-0.000015  
	Validation = MSE:55.799561 , RMSE:7.469910 , MAE:6.148651 , MAPD:34.040500, R_squared:-0.004060

2024-03-21 03:51:16,282 Epoch 293/300, Train Loss: 57.770560, Val Loss: 61.152070  
	Train = MSE:57.770954 , RMSE:7.600720 , MAE:6.217615 , MAPD:33.397376, R_squared:-0.000025  
	Validation = MSE:55.797958 , RMSE:7.469803 , MAE:6.148134 , MAPD:34.035187, R_squared:-0.004031

2024-03-21 03:51:18,860 Epoch 294/300, Train Loss: 57.768904, Val Loss: 61.157095  
	Train = MSE:57.770866 , RMSE:7.600715 , MAE:6.219399 , MAPD:33.417416, R_squared:-0.000024  
	Validation = MSE:55.806591 , RMSE:7.470381 , MAE:6.150890 , MAPD:34.063483, R_squared:-0.004186

2024-03-21 03:51:21,212 Epoch 295/300, Train Loss: 57.771175, Val Loss: 61.152267  
	Train = MSE:57.771481 , RMSE:7.600755 , MAE:6.219921 , MAPD:33.422818, R_squared:-0.000034  
	Validation = MSE:55.798302 , RMSE:7.469826 , MAE:6.148243 , MAPD:34.036315, R_squared:-0.004037

2024-03-21 03:51:23,267 Epoch 296/300, Train Loss: 57.769881, Val Loss: 61.154242  
	Train = MSE:57.771160 , RMSE:7.600734 , MAE:6.219545 , MAPD:33.418694, R_squared:-0.000029  
	Validation = MSE:55.801704 , RMSE:7.470054 , MAE:6.149337 , MAPD:34.047538, R_squared:-0.004098

2024-03-21 03:51:25,950 Epoch 297/300, Train Loss: 57.769146, Val Loss: 61.150928  
	Train = MSE:57.770229 , RMSE:7.600673 , MAE:6.218050 , MAPD:33.402452, R_squared:-0.000012  
	Validation = MSE:55.795975 , RMSE:7.469670 , MAE:6.147495 , MAPD:34.028638, R_squared:-0.003995

2024-03-21 03:51:28,891 Epoch 298/300, Train Loss: 57.772429, Val Loss: 61.152716  
	Train = MSE:57.770718 , RMSE:7.600705 , MAE:6.217677 , MAPD:33.398491, R_squared:-0.000021  
	Validation = MSE:55.799072 , RMSE:7.469878 , MAE:6.148494 , MAPD:34.038882, R_squared:-0.004051

2024-03-21 03:51:31,722 Epoch 299/300, Train Loss: 57.770981, Val Loss: 61.153637  
	Train = MSE:57.770309 , RMSE:7.600678 , MAE:6.218672 , MAPD:33.409336, R_squared:-0.000014  
	Validation = MSE:55.800663 , RMSE:7.469984 , MAE:6.149004 , MAPD:34.044117, R_squared:-0.004080

2024-03-21 03:51:34,206 Epoch 300/300, Train Loss: 57.772507, Val Loss: 61.149995  
	Train = MSE:57.770710 , RMSE:7.600705 , MAE:6.217320 , MAPD:33.394079, R_squared:-0.000021  
	Validation = MSE:55.794357 , RMSE:7.469562 , MAE:6.146969 , MAPD:34.023241, R_squared:-0.003966

2024-03-21 03:51:34,210 Time for training the model: 717.030591
2024-03-21 03:51:35,704 MSE for train: 57.769539
2024-03-21 03:51:35,704 RMSE for train: 7.600627
2024-03-21 03:51:35,704 MAE for train: 6.217015
2024-03-21 03:51:35,704 MAPD for train: 33.391452
2024-03-21 03:51:35,704 R^2 Score for train: -0.000001
2024-03-21 03:51:35,710 Inference time for train dataset: 0.660998

2024-03-21 03:51:35,856 MSE for val: 55.794357
2024-03-21 03:51:35,856 RMSE for val: 7.469562
2024-03-21 03:51:35,856 MAE for val: 6.146969
2024-03-21 03:51:35,856 MAPD for val: 34.023241
2024-03-21 03:51:35,857 R^2 Score for val: -0.003966
2024-03-21 03:51:35,862 Inference time for val dataset: 0.147000

2024-03-21 03:51:36,019 MSE for test: 61.232128
2024-03-21 03:51:36,019 RMSE for test: 7.825096
2024-03-21 03:51:36,019 MAE for test: 6.382768
2024-03-21 03:51:36,019 MAPD for test: 32.389444
2024-03-21 03:51:36,019 R^2 Score for test: -0.010611
2024-03-21 03:51:36,024 Inference time for test dataset: 0.157000

2024-03-21 03:51:37,716 Train label average: , [20.62097221]
2024-03-21 03:51:37,716 Test label average: , [21.41736175]
2024-03-21 03:51:37,716 validation label average: , [20.14607025]
2024-03-21 03:51:37,716 predicted (on validation dataset) values average: , 20.61554443359375
