2024-03-21 03:39:34,324 train batches in dataset: 100
2024-03-21 03:39:34,324 val batches in dataset: 13
2024-03-21 03:39:34,324 test batches in dataset: 13
2024-03-21 03:39:34,337 Trainable parameter: net_core.0.weight - size: torch.Size([256, 35])
2024-03-21 03:39:34,355 Trainable parameter: net_core.0.bias - size: torch.Size([256])
2024-03-21 03:39:34,360 Trainable parameter: net_core.1.weight - size: torch.Size([128, 256])
2024-03-21 03:39:34,363 Trainable parameter: net_core.1.bias - size: torch.Size([128])
2024-03-21 03:39:34,377 Trainable parameter: net_core.2.weight - size: torch.Size([64, 128])
2024-03-21 03:39:34,565 Trainable parameter: net_core.2.bias - size: torch.Size([64])
2024-03-21 03:39:34,571 Trainable parameter: net_core.3.weight - size: torch.Size([16, 64])
2024-03-21 03:39:34,573 Trainable parameter: net_core.3.bias - size: torch.Size([16])
2024-03-21 03:39:34,575 Trainable parameter: net_core.4.weight - size: torch.Size([1, 16])
2024-03-21 03:39:34,577 Trainable parameter: net_core.4.bias - size: torch.Size([1])
2024-03-21 03:39:34,581 Number of trainable parameters: 51425
2024-03-21 03:39:34,581 Number of non-trainable parameters: 0
2024-03-21 03:39:54,010 Epoch 1/300, Train Loss: 16.301415, Val Loss: 0.462368  
	Train = MSE:16.306181 , RMSE:4.038091 , MAE:2.269877 , MAPD:12.114578, R_squared:0.717737  
	Validation = MSE:0.468324 , RMSE:0.684342 , MAE:0.532068 , MAPD:3.025588, R_squared:0.991573

2024-03-21 03:40:12,155 Epoch 2/300, Train Loss: 0.449756, Val Loss: 0.217418  
	Train = MSE:0.449778 , RMSE:0.670655 , MAE:0.509665 , MAPD:2.684046, R_squared:0.992214  
	Validation = MSE:0.217351 , RMSE:0.466209 , MAE:0.347078 , MAPD:1.914221, R_squared:0.996089

2024-03-21 03:40:28,759 Epoch 3/300, Train Loss: 0.315040, Val Loss: 0.276198  
	Train = MSE:0.315092 , RMSE:0.561331 , MAE:0.428634 , MAPD:2.195071, R_squared:0.994546  
	Validation = MSE:0.270022 , RMSE:0.519636 , MAE:0.388011 , MAPD:1.869840, R_squared:0.995141

2024-03-21 03:40:44,412 Epoch 4/300, Train Loss: 0.924333, Val Loss: 0.119224  
	Train = MSE:0.924539 , RMSE:0.961529 , MAE:0.727357 , MAPD:3.632423, R_squared:0.983996  
	Validation = MSE:0.120152 , RMSE:0.346629 , MAE:0.255280 , MAPD:1.477186, R_squared:0.997838

2024-03-21 03:40:59,573 Epoch 5/300, Train Loss: 0.231707, Val Loss: 0.125165  
	Train = MSE:0.231753 , RMSE:0.481408 , MAE:0.366440 , MAPD:1.880893, R_squared:0.995988  
	Validation = MSE:0.125497 , RMSE:0.354255 , MAE:0.256888 , MAPD:1.410319, R_squared:0.997742

2024-03-21 03:41:16,519 Epoch 6/300, Train Loss: 0.294608, Val Loss: 0.557356  
	Train = MSE:0.294166 , RMSE:0.542370 , MAE:0.411187 , MAPD:2.109817, R_squared:0.994908  
	Validation = MSE:0.556620 , RMSE:0.746069 , MAE:0.700428 , MAPD:3.850013, R_squared:0.989984

2024-03-21 03:41:31,072 Epoch 7/300, Train Loss: 1.766615, Val Loss: 7.485660  
	Train = MSE:1.766474 , RMSE:1.329088 , MAE:1.054770 , MAPD:5.273842, R_squared:0.969422  
	Validation = MSE:7.436807 , RMSE:2.727051 , MAE:2.532476 , MAPD:12.517924, R_squared:0.866182

2024-03-21 03:41:46,387 Epoch 8/300, Train Loss: 1.855074, Val Loss: 0.108472  
	Train = MSE:1.855630 , RMSE:1.362215 , MAE:0.825376 , MAPD:4.174464, R_squared:0.967879  
	Validation = MSE:0.109773 , RMSE:0.331321 , MAE:0.249974 , MAPD:1.433414, R_squared:0.998025

2024-03-21 03:42:03,470 Epoch 9/300, Train Loss: 0.143417, Val Loss: 0.114021  
	Train = MSE:0.143318 , RMSE:0.378573 , MAE:0.281237 , MAPD:1.478387, R_squared:0.997519  
	Validation = MSE:0.114414 , RMSE:0.338251 , MAE:0.246473 , MAPD:1.285743, R_squared:0.997941

2024-03-21 03:42:17,723 Epoch 10/300, Train Loss: 0.279789, Val Loss: 0.373713  
	Train = MSE:0.279808 , RMSE:0.528969 , MAE:0.408483 , MAPD:2.066823, R_squared:0.995156  
	Validation = MSE:0.374121 , RMSE:0.611654 , MAE:0.491812 , MAPD:2.297829, R_squared:0.993268

2024-03-21 03:42:34,333 Epoch 11/300, Train Loss: 0.270947, Val Loss: 0.309958  
	Train = MSE:0.270946 , RMSE:0.520524 , MAE:0.377200 , MAPD:1.908194, R_squared:0.995310  
	Validation = MSE:0.310419 , RMSE:0.557153 , MAE:0.455595 , MAPD:2.191586, R_squared:0.994414

2024-03-21 03:42:53,433 Epoch 12/300, Train Loss: 0.167544, Val Loss: 0.080004  
	Train = MSE:0.167516 , RMSE:0.409288 , MAE:0.315084 , MAPD:1.613538, R_squared:0.997100  
	Validation = MSE:0.081112 , RMSE:0.284802 , MAE:0.210979 , MAPD:1.155034, R_squared:0.998540

2024-03-21 03:43:08,091 Epoch 13/300, Train Loss: 0.142925, Val Loss: 0.145718  
	Train = MSE:0.142950 , RMSE:0.378087 , MAE:0.286442 , MAPD:1.482744, R_squared:0.997526  
	Validation = MSE:0.143851 , RMSE:0.379277 , MAE:0.292348 , MAPD:1.421845, R_squared:0.997412

2024-03-21 03:43:24,538 Epoch 14/300, Train Loss: 6.391589, Val Loss: 4.441849  
	Train = MSE:6.391631 , RMSE:2.528167 , MAE:1.655110 , MAPD:8.128996, R_squared:0.889360  
	Validation = MSE:4.367717 , RMSE:2.089908 , MAE:1.786802 , MAPD:8.378913, R_squared:0.921407

2024-03-21 03:43:40,945 Epoch 15/300, Train Loss: 0.905663, Val Loss: 0.117488  
	Train = MSE:0.905854 , RMSE:0.951764 , MAE:0.640783 , MAPD:3.206655, R_squared:0.984320  
	Validation = MSE:0.116616 , RMSE:0.341491 , MAE:0.242536 , MAPD:1.311512, R_squared:0.997902

2024-03-21 03:43:56,286 Epoch 16/300, Train Loss: 0.138129, Val Loss: 0.093839  
	Train = MSE:0.138142 , RMSE:0.371675 , MAE:0.269723 , MAPD:1.409593, R_squared:0.997609  
	Validation = MSE:0.093963 , RMSE:0.306534 , MAE:0.223854 , MAPD:1.245605, R_squared:0.998309

2024-03-21 03:44:12,196 Epoch 17/300, Train Loss: 0.105717, Val Loss: 0.184773  
	Train = MSE:0.105690 , RMSE:0.325100 , MAE:0.245598 , MAPD:1.301901, R_squared:0.998170  
	Validation = MSE:0.184814 , RMSE:0.429900 , MAE:0.344250 , MAPD:1.726595, R_squared:0.996674

2024-03-21 03:44:28,685 Epoch 18/300, Train Loss: 0.130869, Val Loss: 0.075971  
	Train = MSE:0.130780 , RMSE:0.361635 , MAE:0.277439 , MAPD:1.448119, R_squared:0.997736  
	Validation = MSE:0.076439 , RMSE:0.276476 , MAE:0.196000 , MAPD:1.099027, R_squared:0.998625

2024-03-21 03:44:44,379 Epoch 19/300, Train Loss: 0.136093, Val Loss: 0.116809  
	Train = MSE:0.136120 , RMSE:0.368945 , MAE:0.281488 , MAPD:1.466749, R_squared:0.997644  
	Validation = MSE:0.117258 , RMSE:0.342430 , MAE:0.252567 , MAPD:1.350329, R_squared:0.997890

2024-03-21 03:44:59,252 Epoch 20/300, Train Loss: 0.225297, Val Loss: 0.127927  
	Train = MSE:0.225309 , RMSE:0.474667 , MAE:0.369916 , MAPD:1.878807, R_squared:0.996100  
	Validation = MSE:0.127265 , RMSE:0.356742 , MAE:0.273023 , MAPD:1.374168, R_squared:0.997710

2024-03-21 03:45:14,015 Epoch 21/300, Train Loss: 0.108303, Val Loss: 0.063302  
	Train = MSE:0.108322 , RMSE:0.329122 , MAE:0.241333 , MAPD:1.265653, R_squared:0.998125  
	Validation = MSE:0.064021 , RMSE:0.253023 , MAE:0.175838 , MAPD:1.001596, R_squared:0.998848

2024-03-21 03:45:35,343 Epoch 22/300, Train Loss: 0.103848, Val Loss: 0.124942  
	Train = MSE:0.103866 , RMSE:0.322283 , MAE:0.243934 , MAPD:1.297169, R_squared:0.998202  
	Validation = MSE:0.125667 , RMSE:0.354495 , MAE:0.275251 , MAPD:1.629651, R_squared:0.997739

2024-03-21 03:45:50,918 Epoch 23/300, Train Loss: 0.104698, Val Loss: 0.168181  
	Train = MSE:0.104702 , RMSE:0.323577 , MAE:0.244119 , MAPD:1.260121, R_squared:0.998188  
	Validation = MSE:0.168494 , RMSE:0.410480 , MAE:0.337504 , MAPD:1.789180, R_squared:0.996968

2024-03-21 03:46:05,798 Epoch 24/300, Train Loss: 0.124309, Val Loss: 0.110492  
	Train = MSE:0.124329 , RMSE:0.352603 , MAE:0.272179 , MAPD:1.414854, R_squared:0.997848  
	Validation = MSE:0.110233 , RMSE:0.332014 , MAE:0.256293 , MAPD:1.514156, R_squared:0.998016

2024-03-21 03:46:21,937 Epoch 25/300, Train Loss: 0.089824, Val Loss: 0.147706  
	Train = MSE:0.089822 , RMSE:0.299703 , MAE:0.229360 , MAPD:1.205383, R_squared:0.998445  
	Validation = MSE:0.149753 , RMSE:0.386980 , MAE:0.340787 , MAPD:2.023706, R_squared:0.997305

2024-03-21 03:46:36,303 Epoch 26/300, Train Loss: 0.191275, Val Loss: 0.155158  
	Train = MSE:0.191225 , RMSE:0.437292 , MAE:0.323978 , MAPD:1.646470, R_squared:0.996690  
	Validation = MSE:0.155625 , RMSE:0.394494 , MAE:0.304997 , MAPD:1.508880, R_squared:0.997200

2024-03-21 03:46:54,526 Epoch 27/300, Train Loss: 0.140411, Val Loss: 0.118186  
	Train = MSE:0.140433 , RMSE:0.374744 , MAE:0.282246 , MAPD:1.424816, R_squared:0.997569  
	Validation = MSE:0.118913 , RMSE:0.344838 , MAE:0.264349 , MAPD:1.294438, R_squared:0.997860

2024-03-21 03:47:13,070 Epoch 28/300, Train Loss: 0.365340, Val Loss: 0.241319  
	Train = MSE:0.365403 , RMSE:0.604486 , MAE:0.458129 , MAPD:2.294635, R_squared:0.993675  
	Validation = MSE:0.244348 , RMSE:0.494315 , MAE:0.424444 , MAPD:2.229445, R_squared:0.995603

2024-03-21 03:47:29,441 Epoch 29/300, Train Loss: 0.254740, Val Loss: 0.102219  
	Train = MSE:0.254763 , RMSE:0.504740 , MAE:0.378109 , MAPD:1.916753, R_squared:0.995590  
	Validation = MSE:0.103700 , RMSE:0.322024 , MAE:0.253166 , MAPD:1.446722, R_squared:0.998134

2024-03-21 03:47:47,966 Epoch 30/300, Train Loss: 0.437121, Val Loss: 1.033908  
	Train = MSE:0.437092 , RMSE:0.661129 , MAE:0.483124 , MAPD:2.436429, R_squared:0.992434  
	Validation = MSE:1.038879 , RMSE:1.019254 , MAE:0.921514 , MAPD:4.633018, R_squared:0.981306

2024-03-21 03:48:05,694 Epoch 31/300, Train Loss: 0.410875, Val Loss: 0.747203  
	Train = MSE:0.410947 , RMSE:0.641051 , MAE:0.486028 , MAPD:2.430482, R_squared:0.992886  
	Validation = MSE:0.743576 , RMSE:0.862309 , MAE:0.796252 , MAPD:4.059397, R_squared:0.986620

2024-03-21 03:48:28,282 Epoch 32/300, Train Loss: 0.216310, Val Loss: 0.094224  
	Train = MSE:0.216297 , RMSE:0.465078 , MAE:0.348565 , MAPD:1.806783, R_squared:0.996256  
	Validation = MSE:0.095505 , RMSE:0.309038 , MAE:0.248938 , MAPD:1.387563, R_squared:0.998281

2024-03-21 03:48:46,706 Epoch 33/300, Train Loss: 0.104302, Val Loss: 0.076427  
	Train = MSE:0.104321 , RMSE:0.322987 , MAE:0.245062 , MAPD:1.278807, R_squared:0.998194  
	Validation = MSE:0.076941 , RMSE:0.277382 , MAE:0.197876 , MAPD:1.047376, R_squared:0.998616

2024-03-21 03:49:02,673 Epoch 34/300, Train Loss: 0.152368, Val Loss: 0.053321  
	Train = MSE:0.152384 , RMSE:0.390364 , MAE:0.301685 , MAPD:1.544102, R_squared:0.997362  
	Validation = MSE:0.054274 , RMSE:0.232967 , MAE:0.167054 , MAPD:0.938410, R_squared:0.999023

2024-03-21 03:49:19,574 Epoch 35/300, Train Loss: 0.088846, Val Loss: 0.062607  
	Train = MSE:0.088860 , RMSE:0.298093 , MAE:0.224496 , MAPD:1.164097, R_squared:0.998462  
	Validation = MSE:0.063314 , RMSE:0.251623 , MAE:0.178500 , MAPD:1.002158, R_squared:0.998861

2024-03-21 03:49:37,191 Epoch 36/300, Train Loss: 3.091650, Val Loss: 0.285394  
	Train = MSE:3.092115 , RMSE:1.758441 , MAE:1.300446 , MAPD:6.338629, R_squared:0.946475  
	Validation = MSE:0.280111 , RMSE:0.529255 , MAE:0.395809 , MAPD:1.972541, R_squared:0.994960

2024-03-21 03:49:53,733 Epoch 37/300, Train Loss: 0.315330, Val Loss: 0.086903  
	Train = MSE:0.315384 , RMSE:0.561591 , MAE:0.399056 , MAPD:2.053306, R_squared:0.994541  
	Validation = MSE:0.088551 , RMSE:0.297575 , MAE:0.233232 , MAPD:1.365206, R_squared:0.998407

2024-03-21 03:50:10,739 Epoch 38/300, Train Loss: 0.085920, Val Loss: 0.113530  
	Train = MSE:0.085891 , RMSE:0.293071 , MAE:0.224419 , MAPD:1.201191, R_squared:0.998513  
	Validation = MSE:0.113079 , RMSE:0.336272 , MAE:0.249445 , MAPD:1.253649, R_squared:0.997965

2024-03-21 03:50:27,744 Epoch 39/300, Train Loss: 0.113993, Val Loss: 0.082035  
	Train = MSE:0.113998 , RMSE:0.337635 , MAE:0.259250 , MAPD:1.334765, R_squared:0.998027  
	Validation = MSE:0.082836 , RMSE:0.287813 , MAE:0.217393 , MAPD:1.138044, R_squared:0.998509

2024-03-21 03:50:45,000 Epoch 40/300, Train Loss: 0.100878, Val Loss: 0.185657  
	Train = MSE:0.100899 , RMSE:0.317646 , MAE:0.244326 , MAPD:1.266700, R_squared:0.998253  
	Validation = MSE:0.186102 , RMSE:0.431395 , MAE:0.385522 , MAPD:2.126361, R_squared:0.996651

2024-03-21 03:51:04,492 Epoch 41/300, Train Loss: 0.150047, Val Loss: 0.060492  
	Train = MSE:0.150074 , RMSE:0.387393 , MAE:0.283775 , MAPD:1.462145, R_squared:0.997402  
	Validation = MSE:0.061492 , RMSE:0.247977 , MAE:0.184471 , MAPD:1.049478, R_squared:0.998894

2024-03-21 03:51:24,828 Epoch 42/300, Train Loss: 0.194413, Val Loss: 0.211244  
	Train = MSE:0.194428 , RMSE:0.440939 , MAE:0.318507 , MAPD:1.613698, R_squared:0.996634  
	Validation = MSE:0.211603 , RMSE:0.460003 , MAE:0.391508 , MAPD:2.013084, R_squared:0.996192

2024-03-21 03:51:44,644 Epoch 43/300, Train Loss: 0.121716, Val Loss: 0.125972  
	Train = MSE:0.121731 , RMSE:0.348900 , MAE:0.260251 , MAPD:1.358812, R_squared:0.997893  
	Validation = MSE:0.125608 , RMSE:0.354412 , MAE:0.264395 , MAPD:1.312021, R_squared:0.997740

2024-03-21 03:52:04,723 Epoch 44/300, Train Loss: 0.107527, Val Loss: 0.050612  
	Train = MSE:0.107544 , RMSE:0.327939 , MAE:0.248148 , MAPD:1.281903, R_squared:0.998138  
	Validation = MSE:0.051651 , RMSE:0.227270 , MAE:0.159619 , MAPD:0.876707, R_squared:0.999071

2024-03-21 03:52:22,348 Epoch 45/300, Train Loss: 0.080598, Val Loss: 0.109950  
	Train = MSE:0.080610 , RMSE:0.283919 , MAE:0.215118 , MAPD:1.116898, R_squared:0.998605  
	Validation = MSE:0.110619 , RMSE:0.332594 , MAE:0.264658 , MAPD:1.420239, R_squared:0.998010

2024-03-21 03:52:37,940 Epoch 46/300, Train Loss: 0.116999, Val Loss: 0.101739  
	Train = MSE:0.116946 , RMSE:0.341974 , MAE:0.248572 , MAPD:1.260399, R_squared:0.997976  
	Validation = MSE:0.102935 , RMSE:0.320835 , MAE:0.266937 , MAPD:1.434649, R_squared:0.998148

2024-03-21 03:52:54,255 Epoch 47/300, Train Loss: 0.105373, Val Loss: 0.059201  
	Train = MSE:0.105388 , RMSE:0.324635 , MAE:0.251708 , MAPD:1.298615, R_squared:0.998176  
	Validation = MSE:0.060313 , RMSE:0.245587 , MAE:0.165771 , MAPD:0.878144, R_squared:0.998915

2024-03-21 03:53:09,139 Epoch 48/300, Train Loss: 0.113816, Val Loss: 0.100431  
	Train = MSE:0.113826 , RMSE:0.337381 , MAE:0.257546 , MAPD:1.304846, R_squared:0.998030  
	Validation = MSE:0.100328 , RMSE:0.316747 , MAE:0.250956 , MAPD:1.324273, R_squared:0.998195

2024-03-21 03:53:24,559 Epoch 49/300, Train Loss: 0.114119, Val Loss: 0.101195  
	Train = MSE:0.114058 , RMSE:0.337725 , MAE:0.261155 , MAPD:1.332734, R_squared:0.998026  
	Validation = MSE:0.101035 , RMSE:0.317860 , MAE:0.241492 , MAPD:1.175610, R_squared:0.998182

2024-03-21 03:53:39,154 Epoch 50/300, Train Loss: 0.171026, Val Loss: 0.067131  
	Train = MSE:0.171062 , RMSE:0.413597 , MAE:0.310370 , MAPD:1.567927, R_squared:0.997039  
	Validation = MSE:0.068142 , RMSE:0.261040 , MAE:0.212835 , MAPD:1.153674, R_squared:0.998774

2024-03-21 03:53:54,017 Epoch 51/300, Train Loss: 0.118642, Val Loss: 0.057604  
	Train = MSE:0.118578 , RMSE:0.344351 , MAE:0.254420 , MAPD:1.286683, R_squared:0.997947  
	Validation = MSE:0.058425 , RMSE:0.241713 , MAE:0.179981 , MAPD:0.968946, R_squared:0.998949

2024-03-21 03:54:14,192 Epoch 52/300, Train Loss: 0.092437, Val Loss: 0.098981  
	Train = MSE:0.092409 , RMSE:0.303988 , MAE:0.233385 , MAPD:1.190275, R_squared:0.998400  
	Validation = MSE:0.098798 , RMSE:0.314321 , MAE:0.238569 , MAPD:1.191316, R_squared:0.998222

2024-03-21 03:54:28,702 Epoch 53/300, Train Loss: 0.108953, Val Loss: 0.059036  
	Train = MSE:0.108958 , RMSE:0.330088 , MAE:0.257342 , MAPD:1.312729, R_squared:0.998114  
	Validation = MSE:0.060251 , RMSE:0.245460 , MAE:0.205279 , MAPD:1.175710, R_squared:0.998916

2024-03-21 03:54:44,167 Epoch 54/300, Train Loss: 0.126474, Val Loss: 0.325382  
	Train = MSE:0.126485 , RMSE:0.355648 , MAE:0.276125 , MAPD:1.402322, R_squared:0.997811  
	Validation = MSE:0.324723 , RMSE:0.569845 , MAE:0.536679 , MAPD:2.983268, R_squared:0.994157

2024-03-21 03:54:59,653 Epoch 55/300, Train Loss: 0.692651, Val Loss: 0.224687  
	Train = MSE:0.692843 , RMSE:0.832372 , MAE:0.650853 , MAPD:3.220198, R_squared:0.988007  
	Validation = MSE:0.225642 , RMSE:0.475018 , MAE:0.421593 , MAPD:2.256447, R_squared:0.995940

2024-03-21 03:55:14,737 Epoch 56/300, Train Loss: 0.121846, Val Loss: 0.052543  
	Train = MSE:0.121781 , RMSE:0.348971 , MAE:0.266086 , MAPD:1.365716, R_squared:0.997892  
	Validation = MSE:0.053750 , RMSE:0.231841 , MAE:0.160233 , MAPD:0.887614, R_squared:0.999033

2024-03-21 03:55:31,248 Epoch 57/300, Train Loss: 0.108667, Val Loss: 0.047984  
	Train = MSE:0.108688 , RMSE:0.329679 , MAE:0.250265 , MAPD:1.275524, R_squared:0.998119  
	Validation = MSE:0.049068 , RMSE:0.221513 , MAE:0.164298 , MAPD:0.924448, R_squared:0.999117

2024-03-21 03:55:46,293 Epoch 58/300, Train Loss: 0.098537, Val Loss: 0.052747  
	Train = MSE:0.098550 , RMSE:0.313926 , MAE:0.244188 , MAPD:1.259785, R_squared:0.998294  
	Validation = MSE:0.053798 , RMSE:0.231944 , MAE:0.184609 , MAPD:1.112896, R_squared:0.999032

2024-03-21 03:56:03,345 Epoch 59/300, Train Loss: 0.068351, Val Loss: 0.247813  
	Train = MSE:0.068355 , RMSE:0.261448 , MAE:0.196411 , MAPD:1.006560, R_squared:0.998817  
	Validation = MSE:0.244692 , RMSE:0.494663 , MAE:0.374759 , MAPD:1.651878, R_squared:0.995597

2024-03-21 03:56:19,793 Epoch 60/300, Train Loss: 0.201127, Val Loss: 0.206367  
	Train = MSE:0.201152 , RMSE:0.448500 , MAE:0.311041 , MAPD:1.557642, R_squared:0.996518  
	Validation = MSE:0.206755 , RMSE:0.454704 , MAE:0.417486 , MAPD:2.288791, R_squared:0.996280

2024-03-21 03:56:34,958 Epoch 61/300, Train Loss: 0.091811, Val Loss: 0.039279  
	Train = MSE:0.091830 , RMSE:0.303034 , MAE:0.231647 , MAPD:1.185706, R_squared:0.998410  
	Validation = MSE:0.040108 , RMSE:0.200271 , MAE:0.139225 , MAPD:0.748591, R_squared:0.999278

2024-03-21 03:56:53,464 Epoch 62/300, Train Loss: 0.055708, Val Loss: 0.069570  
	Train = MSE:0.055721 , RMSE:0.236053 , MAE:0.176962 , MAPD:0.917024, R_squared:0.999035  
	Validation = MSE:0.070409 , RMSE:0.265346 , MAE:0.205680 , MAPD:1.217620, R_squared:0.998733

2024-03-21 03:57:09,414 Epoch 63/300, Train Loss: 0.161144, Val Loss: 0.230439  
	Train = MSE:0.161184 , RMSE:0.401477 , MAE:0.313074 , MAPD:1.589760, R_squared:0.997210  
	Validation = MSE:0.230595 , RMSE:0.480204 , MAE:0.412921 , MAPD:2.019647, R_squared:0.995851

2024-03-21 03:57:23,241 Epoch 64/300, Train Loss: 0.066027, Val Loss: 0.084221  
	Train = MSE:0.066036 , RMSE:0.256974 , MAE:0.193676 , MAPD:1.001943, R_squared:0.998857  
	Validation = MSE:0.084387 , RMSE:0.290494 , MAE:0.216932 , MAPD:1.051051, R_squared:0.998482

2024-03-21 03:57:37,748 Epoch 65/300, Train Loss: 0.084611, Val Loss: 0.045758  
	Train = MSE:0.084617 , RMSE:0.290890 , MAE:0.219292 , MAPD:1.107500, R_squared:0.998535  
	Validation = MSE:0.046721 , RMSE:0.216151 , MAE:0.170284 , MAPD:0.917614, R_squared:0.999159

2024-03-21 03:57:52,269 Epoch 66/300, Train Loss: 0.066487, Val Loss: 0.070182  
	Train = MSE:0.066498 , RMSE:0.257872 , MAE:0.193866 , MAPD:0.991499, R_squared:0.998849  
	Validation = MSE:0.070183 , RMSE:0.264921 , MAE:0.226083 , MAPD:1.285830, R_squared:0.998737

2024-03-21 03:58:07,412 Epoch 67/300, Train Loss: 0.137430, Val Loss: 0.514416  
	Train = MSE:0.137225 , RMSE:0.370439 , MAE:0.271284 , MAPD:1.353001, R_squared:0.997625  
	Validation = MSE:0.510126 , RMSE:0.714231 , MAE:0.603258 , MAPD:2.803833, R_squared:0.990821

2024-03-21 03:58:23,156 Epoch 68/300, Train Loss: 0.705056, Val Loss: 0.220445  
	Train = MSE:0.705054 , RMSE:0.839675 , MAE:0.634515 , MAPD:3.150638, R_squared:0.987795  
	Validation = MSE:0.221645 , RMSE:0.470792 , MAE:0.408989 , MAPD:2.233052, R_squared:0.996012

2024-03-21 03:58:37,595 Epoch 69/300, Train Loss: 0.184875, Val Loss: 0.076429  
	Train = MSE:0.184910 , RMSE:0.430012 , MAE:0.326460 , MAPD:1.670794, R_squared:0.996799  
	Validation = MSE:0.077381 , RMSE:0.278174 , MAE:0.223620 , MAPD:1.153985, R_squared:0.998608

2024-03-21 03:58:50,979 Epoch 70/300, Train Loss: 0.142183, Val Loss: 0.055856  
	Train = MSE:0.142218 , RMSE:0.377118 , MAE:0.298207 , MAPD:1.502018, R_squared:0.997538  
	Validation = MSE:0.056774 , RMSE:0.238272 , MAE:0.174081 , MAPD:0.984735, R_squared:0.998978

2024-03-21 03:59:07,668 Epoch 71/300, Train Loss: 0.062689, Val Loss: 0.047961  
	Train = MSE:0.062700 , RMSE:0.250400 , MAE:0.188939 , MAPD:0.975685, R_squared:0.998915  
	Validation = MSE:0.048891 , RMSE:0.221113 , MAE:0.176445 , MAPD:0.968201, R_squared:0.999120

2024-03-21 03:59:25,923 Epoch 72/300, Train Loss: 0.063985, Val Loss: 0.038155  
	Train = MSE:0.063995 , RMSE:0.252972 , MAE:0.188509 , MAPD:0.972322, R_squared:0.998892  
	Validation = MSE:0.038960 , RMSE:0.197383 , MAE:0.139367 , MAPD:0.716781, R_squared:0.999299

2024-03-21 03:59:40,650 Epoch 73/300, Train Loss: 0.113680, Val Loss: 0.048532  
	Train = MSE:0.113671 , RMSE:0.337151 , MAE:0.248028 , MAPD:1.268576, R_squared:0.998032  
	Validation = MSE:0.048864 , RMSE:0.221051 , MAE:0.168473 , MAPD:0.865095, R_squared:0.999121

2024-03-21 03:59:54,823 Epoch 74/300, Train Loss: 0.103433, Val Loss: 0.129417  
	Train = MSE:0.103402 , RMSE:0.321562 , MAE:0.247277 , MAPD:1.244252, R_squared:0.998210  
	Validation = MSE:0.130014 , RMSE:0.360575 , MAE:0.295414 , MAPD:1.415521, R_squared:0.997661

2024-03-21 04:00:08,625 Epoch 75/300, Train Loss: 0.271458, Val Loss: 0.068579  
	Train = MSE:0.271447 , RMSE:0.521005 , MAE:0.390426 , MAPD:1.985611, R_squared:0.995301  
	Validation = MSE:0.069007 , RMSE:0.262693 , MAE:0.205732 , MAPD:1.166521, R_squared:0.998758

2024-03-21 04:00:23,897 Epoch 76/300, Train Loss: 0.153519, Val Loss: 0.054758  
	Train = MSE:0.153518 , RMSE:0.391813 , MAE:0.292836 , MAPD:1.507522, R_squared:0.997343  
	Validation = MSE:0.055515 , RMSE:0.235617 , MAE:0.181066 , MAPD:1.051214, R_squared:0.999001

2024-03-21 04:00:39,371 Epoch 77/300, Train Loss: 0.057788, Val Loss: 0.041811  
	Train = MSE:0.057784 , RMSE:0.240382 , MAE:0.180640 , MAPD:0.921931, R_squared:0.999000  
	Validation = MSE:0.042543 , RMSE:0.206259 , MAE:0.151381 , MAPD:0.858093, R_squared:0.999234

2024-03-21 04:00:55,896 Epoch 78/300, Train Loss: 0.057438, Val Loss: 0.037773  
	Train = MSE:0.057443 , RMSE:0.239673 , MAE:0.178634 , MAPD:0.908350, R_squared:0.999006  
	Validation = MSE:0.038335 , RMSE:0.195793 , MAE:0.130343 , MAPD:0.664246, R_squared:0.999310

2024-03-21 04:01:12,462 Epoch 79/300, Train Loss: 0.113856, Val Loss: 0.034618  
	Train = MSE:0.113876 , RMSE:0.337455 , MAE:0.231707 , MAPD:1.151158, R_squared:0.998029  
	Validation = MSE:0.035610 , RMSE:0.188705 , MAE:0.130925 , MAPD:0.693566, R_squared:0.999359

2024-03-21 04:01:30,171 Epoch 80/300, Train Loss: 0.069088, Val Loss: 0.058484  
	Train = MSE:0.069080 , RMSE:0.262832 , MAE:0.200204 , MAPD:1.026876, R_squared:0.998804  
	Validation = MSE:0.058770 , RMSE:0.242425 , MAE:0.176191 , MAPD:0.891987, R_squared:0.998942

2024-03-21 04:01:45,442 Epoch 81/300, Train Loss: 0.058313, Val Loss: 0.028717  
	Train = MSE:0.058323 , RMSE:0.241501 , MAE:0.183678 , MAPD:0.938544, R_squared:0.998990  
	Validation = MSE:0.029416 , RMSE:0.171511 , MAE:0.116654 , MAPD:0.624385, R_squared:0.999471

2024-03-21 04:02:10,487 Epoch 82/300, Train Loss: 0.056620, Val Loss: 0.063324  
	Train = MSE:0.056632 , RMSE:0.237974 , MAE:0.180545 , MAPD:0.936033, R_squared:0.999020  
	Validation = MSE:0.064562 , RMSE:0.254091 , MAE:0.194621 , MAPD:0.992223, R_squared:0.998838

2024-03-21 04:02:28,988 Epoch 83/300, Train Loss: 0.075548, Val Loss: 0.391194  
	Train = MSE:0.075523 , RMSE:0.274815 , MAE:0.203920 , MAPD:1.035903, R_squared:0.998693  
	Validation = MSE:0.390665 , RMSE:0.625032 , MAE:0.596271 , MAPD:3.193311, R_squared:0.992970

2024-03-21 04:02:44,917 Epoch 84/300, Train Loss: 0.100689, Val Loss: 0.191769  
	Train = MSE:0.100699 , RMSE:0.317331 , MAE:0.241614 , MAPD:1.216639, R_squared:0.998257  
	Validation = MSE:0.190531 , RMSE:0.436499 , MAE:0.381521 , MAPD:2.199482, R_squared:0.996572

2024-03-21 04:03:02,076 Epoch 85/300, Train Loss: 0.164661, Val Loss: 0.177162  
	Train = MSE:0.164583 , RMSE:0.405688 , MAE:0.298915 , MAPD:1.505977, R_squared:0.997151  
	Validation = MSE:0.176838 , RMSE:0.420522 , MAE:0.365216 , MAPD:1.938772, R_squared:0.996818

2024-03-21 04:03:18,744 Epoch 86/300, Train Loss: 0.167062, Val Loss: 0.182307  
	Train = MSE:0.167000 , RMSE:0.408656 , MAE:0.314953 , MAPD:1.612602, R_squared:0.997109  
	Validation = MSE:0.179410 , RMSE:0.423568 , MAE:0.312206 , MAPD:1.411842, R_squared:0.996772

2024-03-21 04:03:35,809 Epoch 87/300, Train Loss: 0.198155, Val Loss: 0.038997  
	Train = MSE:0.198210 , RMSE:0.445207 , MAE:0.335790 , MAPD:1.685894, R_squared:0.996569  
	Validation = MSE:0.039578 , RMSE:0.198942 , MAE:0.140575 , MAPD:0.741646, R_squared:0.999288

2024-03-21 04:03:54,203 Epoch 88/300, Train Loss: 0.058946, Val Loss: 0.035385  
	Train = MSE:0.058939 , RMSE:0.242773 , MAE:0.183832 , MAPD:0.943061, R_squared:0.998980  
	Validation = MSE:0.036034 , RMSE:0.189826 , MAE:0.142496 , MAPD:0.757356, R_squared:0.999352

2024-03-21 04:04:11,998 Epoch 89/300, Train Loss: 0.061338, Val Loss: 0.084704  
	Train = MSE:0.061318 , RMSE:0.247624 , MAE:0.181285 , MAPD:0.907162, R_squared:0.998939  
	Validation = MSE:0.084978 , RMSE:0.291510 , MAE:0.245836 , MAPD:1.243289, R_squared:0.998471

2024-03-21 04:04:30,104 Epoch 90/300, Train Loss: 0.118743, Val Loss: 0.058036  
	Train = MSE:0.118768 , RMSE:0.344628 , MAE:0.256454 , MAPD:1.299634, R_squared:0.997944  
	Validation = MSE:0.058071 , RMSE:0.240980 , MAE:0.186135 , MAPD:1.106643, R_squared:0.998955

2024-03-21 04:04:47,795 Epoch 91/300, Train Loss: 0.132252, Val Loss: 0.152898  
	Train = MSE:0.132207 , RMSE:0.363603 , MAE:0.280688 , MAPD:1.420827, R_squared:0.997711  
	Validation = MSE:0.154482 , RMSE:0.393042 , MAE:0.356032 , MAPD:1.988977, R_squared:0.997220

2024-03-21 04:05:07,569 Epoch 92/300, Train Loss: 0.206202, Val Loss: 0.048394  
	Train = MSE:0.206256 , RMSE:0.454154 , MAE:0.344163 , MAPD:1.722223, R_squared:0.996430  
	Validation = MSE:0.049240 , RMSE:0.221900 , MAE:0.166186 , MAPD:0.939438, R_squared:0.999114

2024-03-21 04:05:26,894 Epoch 93/300, Train Loss: 0.102705, Val Loss: 0.302968  
	Train = MSE:0.102720 , RMSE:0.320499 , MAE:0.248345 , MAPD:1.297259, R_squared:0.998222  
	Validation = MSE:0.298603 , RMSE:0.546445 , MAE:0.425803 , MAPD:1.961046, R_squared:0.994627

2024-03-21 04:05:43,584 Epoch 94/300, Train Loss: 0.072520, Val Loss: 0.032286  
	Train = MSE:0.072520 , RMSE:0.269296 , MAE:0.203706 , MAPD:1.027288, R_squared:0.998745  
	Validation = MSE:0.033060 , RMSE:0.181824 , MAE:0.126994 , MAPD:0.682124, R_squared:0.999405

2024-03-21 04:06:02,177 Epoch 95/300, Train Loss: 0.125788, Val Loss: 0.876554  
	Train = MSE:0.125740 , RMSE:0.354599 , MAE:0.266555 , MAPD:1.329068, R_squared:0.997823  
	Validation = MSE:0.873597 , RMSE:0.934664 , MAE:0.890344 , MAPD:4.702048, R_squared:0.984280

2024-03-21 04:06:17,951 Epoch 96/300, Train Loss: 0.335354, Val Loss: 0.083419  
	Train = MSE:0.335391 , RMSE:0.579130 , MAE:0.469821 , MAPD:2.338071, R_squared:0.994194  
	Validation = MSE:0.084430 , RMSE:0.290568 , MAE:0.214821 , MAPD:1.047490, R_squared:0.998481

2024-03-21 04:06:36,456 Epoch 97/300, Train Loss: 0.111616, Val Loss: 0.053623  
	Train = MSE:0.111610 , RMSE:0.334081 , MAE:0.252723 , MAPD:1.305709, R_squared:0.998068  
	Validation = MSE:0.054542 , RMSE:0.233543 , MAE:0.190985 , MAPD:1.055748, R_squared:0.999019

2024-03-21 04:06:54,060 Epoch 98/300, Train Loss: 0.078892, Val Loss: 0.033483  
	Train = MSE:0.078884 , RMSE:0.280862 , MAE:0.212395 , MAPD:1.062908, R_squared:0.998635  
	Validation = MSE:0.034157 , RMSE:0.184817 , MAE:0.131980 , MAPD:0.705536, R_squared:0.999385

2024-03-21 04:07:11,625 Epoch 99/300, Train Loss: 0.058207, Val Loss: 0.087927  
	Train = MSE:0.058203 , RMSE:0.241253 , MAE:0.181616 , MAPD:0.914055, R_squared:0.998992  
	Validation = MSE:0.088666 , RMSE:0.297768 , MAE:0.243794 , MAPD:1.224392, R_squared:0.998405

2024-03-21 04:07:30,224 Epoch 100/300, Train Loss: 0.048195, Val Loss: 0.062635  
	Train = MSE:0.048201 , RMSE:0.219546 , MAE:0.165584 , MAPD:0.831933, R_squared:0.999166  
	Validation = MSE:0.063207 , RMSE:0.251410 , MAE:0.207328 , MAPD:1.070900, R_squared:0.998863

2024-03-21 04:07:50,901 Epoch 101/300, Train Loss: 0.175842, Val Loss: 0.145222  
	Train = MSE:0.175844 , RMSE:0.419338 , MAE:0.298797 , MAPD:1.541492, R_squared:0.996956  
	Validation = MSE:0.144990 , RMSE:0.380776 , MAE:0.303697 , MAPD:1.735822, R_squared:0.997391

2024-03-21 04:08:10,468 Epoch 102/300, Train Loss: 0.173790, Val Loss: 0.036814  
	Train = MSE:0.173821 , RMSE:0.416918 , MAE:0.318371 , MAPD:1.655846, R_squared:0.996991  
	Validation = MSE:0.037351 , RMSE:0.193263 , MAE:0.130089 , MAPD:0.695242, R_squared:0.999328

2024-03-21 04:08:32,382 Epoch 103/300, Train Loss: 0.069682, Val Loss: 0.098622  
	Train = MSE:0.069678 , RMSE:0.263965 , MAE:0.201851 , MAPD:1.042196, R_squared:0.998794  
	Validation = MSE:0.098127 , RMSE:0.313252 , MAE:0.245778 , MAPD:1.155630, R_squared:0.998234

2024-03-21 04:08:51,669 Epoch 104/300, Train Loss: 0.052215, Val Loss: 0.236052  
	Train = MSE:0.052221 , RMSE:0.228520 , MAE:0.172649 , MAPD:0.904724, R_squared:0.999096  
	Validation = MSE:0.233530 , RMSE:0.483250 , MAE:0.376103 , MAPD:1.723020, R_squared:0.995798

2024-03-21 04:09:09,200 Epoch 105/300, Train Loss: 0.081109, Val Loss: 0.089471  
	Train = MSE:0.081130 , RMSE:0.284833 , MAE:0.218074 , MAPD:1.106237, R_squared:0.998596  
	Validation = MSE:0.089384 , RMSE:0.298972 , MAE:0.250704 , MAPD:1.299147, R_squared:0.998392

2024-03-21 04:09:26,812 Epoch 106/300, Train Loss: 0.040077, Val Loss: 0.026283  
	Train = MSE:0.040079 , RMSE:0.200197 , MAE:0.147790 , MAPD:0.743718, R_squared:0.999306  
	Validation = MSE:0.026744 , RMSE:0.163537 , MAE:0.110463 , MAPD:0.567300, R_squared:0.999519

2024-03-21 04:09:46,738 Epoch 107/300, Train Loss: 0.071640, Val Loss: 0.248406  
	Train = MSE:0.071640 , RMSE:0.267656 , MAE:0.202235 , MAPD:1.021974, R_squared:0.998760  
	Validation = MSE:0.246375 , RMSE:0.496362 , MAE:0.422116 , MAPD:2.041430, R_squared:0.995567

2024-03-21 04:10:03,793 Epoch 108/300, Train Loss: 0.069445, Val Loss: 0.100941  
	Train = MSE:0.069456 , RMSE:0.263545 , MAE:0.196484 , MAPD:0.990917, R_squared:0.998798  
	Validation = MSE:0.101521 , RMSE:0.318623 , MAE:0.273418 , MAPD:1.425143, R_squared:0.998173

2024-03-21 04:10:22,203 Epoch 109/300, Train Loss: 0.083813, Val Loss: 0.030329  
	Train = MSE:0.083814 , RMSE:0.289506 , MAE:0.212704 , MAPD:1.091969, R_squared:0.998549  
	Validation = MSE:0.031031 , RMSE:0.176155 , MAE:0.124542 , MAPD:0.658784, R_squared:0.999442

2024-03-21 04:10:45,119 Epoch 110/300, Train Loss: 0.125196, Val Loss: 0.818081  
	Train = MSE:0.125176 , RMSE:0.353803 , MAE:0.269154 , MAPD:1.354791, R_squared:0.997833  
	Validation = MSE:0.814887 , RMSE:0.902711 , MAE:0.858631 , MAPD:4.556561, R_squared:0.985337

2024-03-21 04:11:01,010 Epoch 111/300, Train Loss: 0.098185, Val Loss: 0.065128  
	Train = MSE:0.098194 , RMSE:0.313360 , MAE:0.229154 , MAPD:1.181219, R_squared:0.998300  
	Validation = MSE:0.065114 , RMSE:0.255174 , MAE:0.215466 , MAPD:1.183020, R_squared:0.998828

2024-03-21 04:11:20,504 Epoch 112/300, Train Loss: 0.078381, Val Loss: 0.309699  
	Train = MSE:0.078296 , RMSE:0.279814 , MAE:0.209196 , MAPD:1.065061, R_squared:0.998645  
	Validation = MSE:0.309065 , RMSE:0.555937 , MAE:0.487075 , MAPD:2.370810, R_squared:0.994439

2024-03-21 04:11:39,481 Epoch 113/300, Train Loss: 0.130204, Val Loss: 0.101510  
	Train = MSE:0.130180 , RMSE:0.360805 , MAE:0.283317 , MAPD:1.521472, R_squared:0.997747  
	Validation = MSE:0.101405 , RMSE:0.318441 , MAE:0.264581 , MAPD:1.636838, R_squared:0.998175

2024-03-21 04:11:56,310 Epoch 114/300, Train Loss: 0.109609, Val Loss: 0.078293  
	Train = MSE:0.109617 , RMSE:0.331085 , MAE:0.254947 , MAPD:1.302338, R_squared:0.998103  
	Validation = MSE:0.078836 , RMSE:0.280777 , MAE:0.234165 , MAPD:1.318879, R_squared:0.998581

2024-03-21 04:12:16,393 Epoch 115/300, Train Loss: 0.053823, Val Loss: 0.055088  
	Train = MSE:0.053836 , RMSE:0.232026 , MAE:0.174274 , MAPD:0.911329, R_squared:0.999068  
	Validation = MSE:0.055554 , RMSE:0.235698 , MAE:0.171294 , MAPD:0.799291, R_squared:0.999000

2024-03-21 04:12:33,178 Epoch 116/300, Train Loss: 0.076302, Val Loss: 0.126999  
	Train = MSE:0.076315 , RMSE:0.276251 , MAE:0.207229 , MAPD:1.030411, R_squared:0.998679  
	Validation = MSE:0.125909 , RMSE:0.354837 , MAE:0.302163 , MAPD:1.508049, R_squared:0.997734

2024-03-21 04:12:49,372 Epoch 117/300, Train Loss: 0.099607, Val Loss: 0.048075  
	Train = MSE:0.099619 , RMSE:0.315625 , MAE:0.247034 , MAPD:1.243814, R_squared:0.998276  
	Validation = MSE:0.048361 , RMSE:0.219911 , MAE:0.156750 , MAPD:0.763048, R_squared:0.999130

2024-03-21 04:13:07,577 Epoch 118/300, Train Loss: 0.059265, Val Loss: 0.027926  
	Train = MSE:0.059277 , RMSE:0.243469 , MAE:0.181741 , MAPD:0.937172, R_squared:0.998974  
	Validation = MSE:0.028445 , RMSE:0.168657 , MAE:0.119478 , MAPD:0.613528, R_squared:0.999488

2024-03-21 04:13:25,022 Epoch 119/300, Train Loss: 0.109629, Val Loss: 0.205796  
	Train = MSE:0.109539 , RMSE:0.330966 , MAE:0.246044 , MAPD:1.248167, R_squared:0.998104  
	Validation = MSE:0.204982 , RMSE:0.452749 , MAE:0.391112 , MAPD:2.085073, R_squared:0.996312

2024-03-21 04:13:43,062 Epoch 120/300, Train Loss: 0.072355, Val Loss: 0.037365  
	Train = MSE:0.072370 , RMSE:0.269018 , MAE:0.204304 , MAPD:1.040919, R_squared:0.998747  
	Validation = MSE:0.037699 , RMSE:0.194161 , MAE:0.129213 , MAPD:0.656527, R_squared:0.999322

2024-03-21 04:14:02,162 Epoch 121/300, Train Loss: 0.064408, Val Loss: 0.052227  
	Train = MSE:0.064419 , RMSE:0.253810 , MAE:0.194404 , MAPD:1.024836, R_squared:0.998885  
	Validation = MSE:0.052870 , RMSE:0.229934 , MAE:0.163188 , MAPD:0.799071, R_squared:0.999049

2024-03-21 04:14:21,734 Epoch 122/300, Train Loss: 0.116300, Val Loss: 0.037855  
	Train = MSE:0.116318 , RMSE:0.341054 , MAE:0.256462 , MAPD:1.324402, R_squared:0.997987  
	Validation = MSE:0.038434 , RMSE:0.196046 , MAE:0.145601 , MAPD:0.782109, R_squared:0.999308

2024-03-21 04:14:42,674 Epoch 123/300, Train Loss: 0.216569, Val Loss: 0.164333  
	Train = MSE:0.216595 , RMSE:0.465398 , MAE:0.334541 , MAPD:1.694185, R_squared:0.996251  
	Validation = MSE:0.164524 , RMSE:0.405616 , MAE:0.338411 , MAPD:2.081308, R_squared:0.997040

2024-03-21 04:15:00,113 Epoch 124/300, Train Loss: 0.162280, Val Loss: 0.074919  
	Train = MSE:0.162312 , RMSE:0.402879 , MAE:0.302360 , MAPD:1.527283, R_squared:0.997190  
	Validation = MSE:0.074874 , RMSE:0.273631 , MAE:0.211121 , MAPD:1.046146, R_squared:0.998653

2024-03-21 04:15:17,217 Epoch 125/300, Train Loss: 0.062067, Val Loss: 0.115093  
	Train = MSE:0.062036 , RMSE:0.249069 , MAE:0.187287 , MAPD:0.950266, R_squared:0.998926  
	Validation = MSE:0.115226 , RMSE:0.339450 , MAE:0.301038 , MAPD:1.664069, R_squared:0.997927

2024-03-21 04:15:38,457 Epoch 126/300, Train Loss: 0.102280, Val Loss: 0.085608  
	Train = MSE:0.102253 , RMSE:0.319770 , MAE:0.236445 , MAPD:1.220509, R_squared:0.998230  
	Validation = MSE:0.085980 , RMSE:0.293224 , MAE:0.253722 , MAPD:1.547219, R_squared:0.998453

2024-03-21 04:15:55,088 Epoch 127/300, Train Loss: 0.108899, Val Loss: 0.087069  
	Train = MSE:0.108928 , RMSE:0.330042 , MAE:0.254972 , MAPD:1.314947, R_squared:0.998114  
	Validation = MSE:0.087601 , RMSE:0.295975 , MAE:0.258854 , MAPD:1.523577, R_squared:0.998424

2024-03-21 04:16:11,504 Epoch 128/300, Train Loss: 0.061663, Val Loss: 0.053361  
	Train = MSE:0.061666 , RMSE:0.248326 , MAE:0.191027 , MAPD:1.012589, R_squared:0.998933  
	Validation = MSE:0.053214 , RMSE:0.230681 , MAE:0.166883 , MAPD:0.840810, R_squared:0.999042

2024-03-21 04:16:29,073 Epoch 129/300, Train Loss: 0.081229, Val Loss: 0.326218  
	Train = MSE:0.081214 , RMSE:0.284981 , MAE:0.212340 , MAPD:1.096746, R_squared:0.998594  
	Validation = MSE:0.327238 , RMSE:0.572047 , MAE:0.535980 , MAPD:2.860768, R_squared:0.994112

2024-03-21 04:16:45,941 Epoch 130/300, Train Loss: 0.085372, Val Loss: 0.045814  
	Train = MSE:0.085348 , RMSE:0.292144 , MAE:0.215068 , MAPD:1.106611, R_squared:0.998523  
	Validation = MSE:0.045964 , RMSE:0.214393 , MAE:0.159830 , MAPD:0.815906, R_squared:0.999173

2024-03-21 04:17:02,937 Epoch 131/300, Train Loss: 0.050071, Val Loss: 0.062102  
	Train = MSE:0.050059 , RMSE:0.223738 , MAE:0.164653 , MAPD:0.839459, R_squared:0.999133  
	Validation = MSE:0.062217 , RMSE:0.249434 , MAE:0.202497 , MAPD:1.002272, R_squared:0.998880

2024-03-21 04:17:21,793 Epoch 132/300, Train Loss: 0.065805, Val Loss: 0.098526  
	Train = MSE:0.065808 , RMSE:0.256530 , MAE:0.194937 , MAPD:1.000410, R_squared:0.998861  
	Validation = MSE:0.097741 , RMSE:0.312635 , MAE:0.224636 , MAPD:1.020457, R_squared:0.998241

2024-03-21 04:17:39,688 Epoch 133/300, Train Loss: 0.158029, Val Loss: 0.039941  
	Train = MSE:0.157925 , RMSE:0.397398 , MAE:0.299500 , MAPD:1.528443, R_squared:0.997266  
	Validation = MSE:0.040936 , RMSE:0.202326 , MAE:0.153183 , MAPD:0.878652, R_squared:0.999263

2024-03-21 04:17:55,877 Epoch 134/300, Train Loss: 0.109625, Val Loss: 0.508300  
	Train = MSE:0.109648 , RMSE:0.331131 , MAE:0.248524 , MAPD:1.297692, R_squared:0.998102  
	Validation = MSE:0.502667 , RMSE:0.708990 , MAE:0.563058 , MAPD:2.516622, R_squared:0.990955

2024-03-21 04:18:12,399 Epoch 135/300, Train Loss: 0.109133, Val Loss: 0.073517  
	Train = MSE:0.109154 , RMSE:0.330385 , MAE:0.244774 , MAPD:1.264062, R_squared:0.998111  
	Validation = MSE:0.072465 , RMSE:0.269193 , MAE:0.187924 , MAPD:0.936137, R_squared:0.998696

2024-03-21 04:18:28,195 Epoch 136/300, Train Loss: 0.088563, Val Loss: 0.027289  
	Train = MSE:0.088573 , RMSE:0.297612 , MAE:0.227782 , MAPD:1.160349, R_squared:0.998467  
	Validation = MSE:0.027882 , RMSE:0.166979 , MAE:0.116726 , MAPD:0.624906, R_squared:0.999498

2024-03-21 04:18:44,996 Epoch 137/300, Train Loss: 0.073538, Val Loss: 0.057608  
	Train = MSE:0.073552 , RMSE:0.271204 , MAE:0.199794 , MAPD:1.019026, R_squared:0.998727  
	Validation = MSE:0.057768 , RMSE:0.240350 , MAE:0.187281 , MAPD:0.943064, R_squared:0.998961

2024-03-21 04:19:01,396 Epoch 138/300, Train Loss: 0.072616, Val Loss: 0.116597  
	Train = MSE:0.072579 , RMSE:0.269404 , MAE:0.207198 , MAPD:1.062396, R_squared:0.998744  
	Validation = MSE:0.115926 , RMSE:0.340479 , MAE:0.261748 , MAPD:1.272422, R_squared:0.997914

2024-03-21 04:19:19,290 Epoch 139/300, Train Loss: 0.096420, Val Loss: 0.204423  
	Train = MSE:0.096430 , RMSE:0.310532 , MAE:0.236391 , MAPD:1.216851, R_squared:0.998331  
	Validation = MSE:0.202764 , RMSE:0.450293 , MAE:0.349469 , MAPD:1.574977, R_squared:0.996351

2024-03-21 04:19:34,989 Epoch 140/300, Train Loss: 0.062733, Val Loss: 0.052341  
	Train = MSE:0.062719 , RMSE:0.250437 , MAE:0.186275 , MAPD:0.972584, R_squared:0.998914  
	Validation = MSE:0.052732 , RMSE:0.229634 , MAE:0.184022 , MAPD:1.066949, R_squared:0.999051

2024-03-21 04:19:52,192 Epoch 141/300, Train Loss: 0.045585, Val Loss: 0.039107  
	Train = MSE:0.045590 , RMSE:0.213518 , MAE:0.159230 , MAPD:0.813211, R_squared:0.999211  
	Validation = MSE:0.039112 , RMSE:0.197767 , MAE:0.135822 , MAPD:0.672593, R_squared:0.999296

2024-03-21 04:20:12,630 Epoch 142/300, Train Loss: 0.090826, Val Loss: 0.053358  
	Train = MSE:0.090837 , RMSE:0.301392 , MAE:0.220664 , MAPD:1.137079, R_squared:0.998428  
	Validation = MSE:0.053053 , RMSE:0.230332 , MAE:0.163282 , MAPD:0.772711, R_squared:0.999045

2024-03-21 04:20:32,036 Epoch 143/300, Train Loss: 0.041659, Val Loss: 0.033181  
	Train = MSE:0.041651 , RMSE:0.204086 , MAE:0.151223 , MAPD:0.787595, R_squared:0.999279  
	Validation = MSE:0.033518 , RMSE:0.183080 , MAE:0.129300 , MAPD:0.725425, R_squared:0.999397

2024-03-21 04:20:49,000 Epoch 144/300, Train Loss: 0.237429, Val Loss: 0.327398  
	Train = MSE:0.237462 , RMSE:0.487301 , MAE:0.361073 , MAPD:1.832015, R_squared:0.995889  
	Validation = MSE:0.324163 , RMSE:0.569353 , MAE:0.507436 , MAPD:2.676523, R_squared:0.994167

2024-03-21 04:21:04,738 Epoch 145/300, Train Loss: 0.056196, Val Loss: 0.078527  
	Train = MSE:0.056206 , RMSE:0.237079 , MAE:0.174551 , MAPD:0.884737, R_squared:0.999027  
	Validation = MSE:0.078822 , RMSE:0.280752 , MAE:0.233333 , MAPD:1.222899, R_squared:0.998582

2024-03-21 04:21:21,130 Epoch 146/300, Train Loss: 0.113481, Val Loss: 0.231460  
	Train = MSE:0.113507 , RMSE:0.336907 , MAE:0.246888 , MAPD:1.268640, R_squared:0.998035  
	Validation = MSE:0.230748 , RMSE:0.480362 , MAE:0.439576 , MAPD:2.382309, R_squared:0.995848

2024-03-21 04:21:37,521 Epoch 147/300, Train Loss: 0.063548, Val Loss: 0.031010  
	Train = MSE:0.063559 , RMSE:0.252109 , MAE:0.187446 , MAPD:0.949042, R_squared:0.998900  
	Validation = MSE:0.031343 , RMSE:0.177040 , MAE:0.126036 , MAPD:0.673501, R_squared:0.999436

2024-03-21 04:21:55,313 Epoch 148/300, Train Loss: 0.059743, Val Loss: 0.032956  
	Train = MSE:0.059743 , RMSE:0.244424 , MAE:0.184954 , MAPD:0.961972, R_squared:0.998966  
	Validation = MSE:0.033156 , RMSE:0.182089 , MAE:0.132762 , MAPD:0.682745, R_squared:0.999403

2024-03-21 04:22:12,071 Epoch 149/300, Train Loss: 0.109107, Val Loss: 0.067755  
	Train = MSE:0.109109 , RMSE:0.330316 , MAE:0.242089 , MAPD:1.244653, R_squared:0.998111  
	Validation = MSE:0.067647 , RMSE:0.260090 , MAE:0.215306 , MAPD:1.127959, R_squared:0.998783

2024-03-21 04:22:28,798 Epoch 150/300, Train Loss: 0.074104, Val Loss: 0.033141  
	Train = MSE:0.074100 , RMSE:0.272214 , MAE:0.206224 , MAPD:1.050193, R_squared:0.998717  
	Validation = MSE:0.033446 , RMSE:0.182882 , MAE:0.127998 , MAPD:0.700743, R_squared:0.999398

2024-03-21 04:22:47,949 Epoch 151/300, Train Loss: 0.122602, Val Loss: 0.304623  
	Train = MSE:0.122607 , RMSE:0.350152 , MAE:0.263499 , MAPD:1.373933, R_squared:0.997878  
	Validation = MSE:0.300959 , RMSE:0.548597 , MAE:0.476453 , MAPD:2.487672, R_squared:0.994585

2024-03-21 04:23:07,059 Epoch 152/300, Train Loss: 0.143961, Val Loss: 0.065403  
	Train = MSE:0.143922 , RMSE:0.379371 , MAE:0.294511 , MAPD:1.522278, R_squared:0.997509  
	Validation = MSE:0.064662 , RMSE:0.254287 , MAE:0.186814 , MAPD:1.019329, R_squared:0.998836

2024-03-21 04:23:24,602 Epoch 153/300, Train Loss: 0.057663, Val Loss: 0.099862  
	Train = MSE:0.057660 , RMSE:0.240126 , MAE:0.179975 , MAPD:0.935057, R_squared:0.999002  
	Validation = MSE:0.100008 , RMSE:0.316240 , MAE:0.285621 , MAPD:1.548828, R_squared:0.998200

2024-03-21 04:23:43,296 Epoch 154/300, Train Loss: 0.048133, Val Loss: 0.028726  
	Train = MSE:0.048126 , RMSE:0.219377 , MAE:0.159713 , MAPD:0.815292, R_squared:0.999167  
	Validation = MSE:0.029148 , RMSE:0.170729 , MAE:0.118601 , MAPD:0.620058, R_squared:0.999476

2024-03-21 04:24:00,754 Epoch 155/300, Train Loss: 0.050578, Val Loss: 0.034066  
	Train = MSE:0.050563 , RMSE:0.224862 , MAE:0.165014 , MAPD:0.840813, R_squared:0.999125  
	Validation = MSE:0.034441 , RMSE:0.185584 , MAE:0.131979 , MAPD:0.706643, R_squared:0.999380

2024-03-21 04:24:17,331 Epoch 156/300, Train Loss: 0.053391, Val Loss: 0.109061  
	Train = MSE:0.053390 , RMSE:0.231062 , MAE:0.169549 , MAPD:0.861581, R_squared:0.999076  
	Validation = MSE:0.108402 , RMSE:0.329245 , MAE:0.295337 , MAPD:1.690430, R_squared:0.998049

2024-03-21 04:24:34,115 Epoch 157/300, Train Loss: 0.098927, Val Loss: 0.029352  
	Train = MSE:0.098950 , RMSE:0.314564 , MAE:0.230893 , MAPD:1.206226, R_squared:0.998287  
	Validation = MSE:0.029698 , RMSE:0.172333 , MAE:0.120324 , MAPD:0.646638, R_squared:0.999466

2024-03-21 04:24:50,658 Epoch 158/300, Train Loss: 0.222440, Val Loss: 0.906003  
	Train = MSE:0.222421 , RMSE:0.471615 , MAE:0.340318 , MAPD:1.742554, R_squared:0.996150  
	Validation = MSE:0.892803 , RMSE:0.944883 , MAE:0.678278 , MAPD:2.856106, R_squared:0.983935

2024-03-21 04:25:09,623 Epoch 159/300, Train Loss: 0.161314, Val Loss: 0.029135  
	Train = MSE:0.161345 , RMSE:0.401678 , MAE:0.280063 , MAPD:1.506323, R_squared:0.997207  
	Validation = MSE:0.029491 , RMSE:0.171729 , MAE:0.117610 , MAPD:0.621477, R_squared:0.999469

2024-03-21 04:25:25,185 Epoch 160/300, Train Loss: 0.050379, Val Loss: 0.030280  
	Train = MSE:0.050383 , RMSE:0.224461 , MAE:0.170259 , MAPD:0.856606, R_squared:0.999128  
	Validation = MSE:0.030632 , RMSE:0.175021 , MAE:0.126699 , MAPD:0.669966, R_squared:0.999449

2024-03-21 04:25:42,314 Epoch 161/300, Train Loss: 0.058274, Val Loss: 0.036543  
	Train = MSE:0.058281 , RMSE:0.241415 , MAE:0.181770 , MAPD:0.911128, R_squared:0.998991  
	Validation = MSE:0.036851 , RMSE:0.191965 , MAE:0.146781 , MAPD:0.758667, R_squared:0.999337

2024-03-21 04:26:03,134 Epoch 162/300, Train Loss: 0.071119, Val Loss: 0.176631  
	Train = MSE:0.071006 , RMSE:0.266469 , MAE:0.197534 , MAPD:0.989377, R_squared:0.998771  
	Validation = MSE:0.175195 , RMSE:0.418563 , MAE:0.353065 , MAPD:1.739510, R_squared:0.996848

2024-03-21 04:26:21,088 Epoch 163/300, Train Loss: 0.330087, Val Loss: 0.613070  
	Train = MSE:0.330128 , RMSE:0.574568 , MAE:0.465648 , MAPD:2.337617, R_squared:0.994285  
	Validation = MSE:0.611650 , RMSE:0.782081 , MAE:0.743165 , MAPD:4.323792, R_squared:0.988994

2024-03-21 04:26:39,690 Epoch 164/300, Train Loss: 0.122825, Val Loss: 0.035239  
	Train = MSE:0.122854 , RMSE:0.350505 , MAE:0.260330 , MAPD:1.337680, R_squared:0.997873  
	Validation = MSE:0.035746 , RMSE:0.189067 , MAE:0.134603 , MAPD:0.703577, R_squared:0.999357

2024-03-21 04:26:55,400 Epoch 165/300, Train Loss: 0.144036, Val Loss: 0.677878  
	Train = MSE:0.144055 , RMSE:0.379546 , MAE:0.271123 , MAPD:1.375514, R_squared:0.997506  
	Validation = MSE:0.676641 , RMSE:0.822582 , MAE:0.788685 , MAPD:4.474058, R_squared:0.987824

2024-03-21 04:27:12,415 Epoch 166/300, Train Loss: 0.112487, Val Loss: 0.075311  
	Train = MSE:0.112518 , RMSE:0.335437 , MAE:0.245465 , MAPD:1.269446, R_squared:0.998052  
	Validation = MSE:0.075946 , RMSE:0.275584 , MAE:0.236686 , MAPD:1.357288, R_squared:0.998633

2024-03-21 04:27:29,333 Epoch 167/300, Train Loss: 0.069599, Val Loss: 0.069442  
	Train = MSE:0.069602 , RMSE:0.263823 , MAE:0.203916 , MAPD:1.023318, R_squared:0.998795  
	Validation = MSE:0.069893 , RMSE:0.264373 , MAE:0.214435 , MAPD:1.097517, R_squared:0.998742

2024-03-21 04:27:46,702 Epoch 168/300, Train Loss: 0.052855, Val Loss: 0.033608  
	Train = MSE:0.052851 , RMSE:0.229894 , MAE:0.171831 , MAPD:0.873174, R_squared:0.999085  
	Validation = MSE:0.033965 , RMSE:0.184295 , MAE:0.133813 , MAPD:0.724510, R_squared:0.999389

2024-03-21 04:28:02,216 Epoch 169/300, Train Loss: 0.070893, Val Loss: 0.030956  
	Train = MSE:0.070904 , RMSE:0.266278 , MAE:0.205292 , MAPD:1.058707, R_squared:0.998773  
	Validation = MSE:0.031525 , RMSE:0.177552 , MAE:0.137945 , MAPD:0.778494, R_squared:0.999433

2024-03-21 04:28:19,232 Epoch 170/300, Train Loss: 0.044341, Val Loss: 0.062892  
	Train = MSE:0.044348 , RMSE:0.210590 , MAE:0.157861 , MAPD:0.816423, R_squared:0.999232  
	Validation = MSE:0.062413 , RMSE:0.249825 , MAE:0.166012 , MAPD:0.747597, R_squared:0.998877

2024-03-21 04:28:36,406 Epoch 171/300, Train Loss: 0.049996, Val Loss: 0.026220  
	Train = MSE:0.049997 , RMSE:0.223599 , MAE:0.168228 , MAPD:0.862777, R_squared:0.999135  
	Validation = MSE:0.026644 , RMSE:0.163231 , MAE:0.118481 , MAPD:0.615488, R_squared:0.999521

2024-03-21 04:28:54,927 Epoch 172/300, Train Loss: 0.087546, Val Loss: 0.036188  
	Train = MSE:0.087567 , RMSE:0.295917 , MAE:0.219678 , MAPD:1.091499, R_squared:0.998484  
	Validation = MSE:0.036803 , RMSE:0.191841 , MAE:0.136763 , MAPD:0.702498, R_squared:0.999338

2024-03-21 04:29:11,349 Epoch 173/300, Train Loss: 0.041089, Val Loss: 0.081440  
	Train = MSE:0.041092 , RMSE:0.202711 , MAE:0.151734 , MAPD:0.767680, R_squared:0.999289  
	Validation = MSE:0.080938 , RMSE:0.284496 , MAE:0.237945 , MAPD:1.195539, R_squared:0.998544

2024-03-21 04:29:28,684 Epoch 174/300, Train Loss: 0.061291, Val Loss: 0.096393  
	Train = MSE:0.061273 , RMSE:0.247534 , MAE:0.187201 , MAPD:0.959118, R_squared:0.998939  
	Validation = MSE:0.096317 , RMSE:0.310349 , MAE:0.276484 , MAPD:1.615416, R_squared:0.998267

2024-03-21 04:29:46,015 Epoch 175/300, Train Loss: 0.070680, Val Loss: 0.041020  
	Train = MSE:0.070696 , RMSE:0.265886 , MAE:0.193692 , MAPD:0.988609, R_squared:0.998776  
	Validation = MSE:0.041729 , RMSE:0.204276 , MAE:0.143716 , MAPD:0.690750, R_squared:0.999249

2024-03-21 04:30:03,337 Epoch 176/300, Train Loss: 0.056263, Val Loss: 0.054546  
	Train = MSE:0.056267 , RMSE:0.237206 , MAE:0.177611 , MAPD:0.904954, R_squared:0.999026  
	Validation = MSE:0.054706 , RMSE:0.233894 , MAE:0.194792 , MAPD:1.002429, R_squared:0.999016

2024-03-21 04:30:19,560 Epoch 177/300, Train Loss: 0.103756, Val Loss: 0.162020  
	Train = MSE:0.103771 , RMSE:0.322135 , MAE:0.248282 , MAPD:1.258575, R_squared:0.998204  
	Validation = MSE:0.160664 , RMSE:0.400829 , MAE:0.333199 , MAPD:1.574470, R_squared:0.997109

2024-03-21 04:30:37,236 Epoch 178/300, Train Loss: 0.149200, Val Loss: 0.058745  
	Train = MSE:0.149237 , RMSE:0.386312 , MAE:0.280142 , MAPD:1.425131, R_squared:0.997417  
	Validation = MSE:0.059057 , RMSE:0.243017 , MAE:0.178527 , MAPD:0.824589, R_squared:0.998937

2024-03-21 04:30:52,970 Epoch 179/300, Train Loss: 0.103329, Val Loss: 0.465465  
	Train = MSE:0.103163 , RMSE:0.321191 , MAE:0.217696 , MAPD:1.081151, R_squared:0.998214  
	Validation = MSE:0.463981 , RMSE:0.681161 , MAE:0.627596 , MAPD:3.252180, R_squared:0.991651

2024-03-21 04:31:08,812 Epoch 180/300, Train Loss: 0.125663, Val Loss: 0.050575  
	Train = MSE:0.125689 , RMSE:0.354527 , MAE:0.253336 , MAPD:1.318827, R_squared:0.997824  
	Validation = MSE:0.050742 , RMSE:0.225261 , MAE:0.166560 , MAPD:0.817022, R_squared:0.999087

2024-03-21 04:31:27,437 Epoch 181/300, Train Loss: 0.047078, Val Loss: 0.033218  
	Train = MSE:0.047058 , RMSE:0.216929 , MAE:0.162046 , MAPD:0.823396, R_squared:0.999185  
	Validation = MSE:0.033480 , RMSE:0.182976 , MAE:0.132144 , MAPD:0.718781, R_squared:0.999398

2024-03-21 04:31:48,303 Epoch 182/300, Train Loss: 0.061961, Val Loss: 0.051095  
	Train = MSE:0.061970 , RMSE:0.248938 , MAE:0.183069 , MAPD:0.924546, R_squared:0.998927  
	Validation = MSE:0.051263 , RMSE:0.226413 , MAE:0.173893 , MAPD:1.080438, R_squared:0.999078

2024-03-21 04:32:05,787 Epoch 183/300, Train Loss: 0.057117, Val Loss: 0.029434  
	Train = MSE:0.057096 , RMSE:0.238948 , MAE:0.176831 , MAPD:0.894818, R_squared:0.999012  
	Validation = MSE:0.029705 , RMSE:0.172350 , MAE:0.125043 , MAPD:0.646224, R_squared:0.999465

2024-03-21 04:32:24,097 Epoch 184/300, Train Loss: 0.101152, Val Loss: 0.059272  
	Train = MSE:0.101174 , RMSE:0.318079 , MAE:0.240743 , MAPD:1.216950, R_squared:0.998249  
	Validation = MSE:0.059355 , RMSE:0.243629 , MAE:0.191857 , MAPD:0.986543, R_squared:0.998932

2024-03-21 04:32:39,652 Epoch 185/300, Train Loss: 0.099003, Val Loss: 0.159166  
	Train = MSE:0.099001 , RMSE:0.314644 , MAE:0.238117 , MAPD:1.228891, R_squared:0.998286  
	Validation = MSE:0.158574 , RMSE:0.398213 , MAE:0.356615 , MAPD:1.937932, R_squared:0.997147

2024-03-21 04:32:58,480 Epoch 186/300, Train Loss: 0.085463, Val Loss: 0.032805  
	Train = MSE:0.085483 , RMSE:0.292375 , MAE:0.221206 , MAPD:1.154188, R_squared:0.998520  
	Validation = MSE:0.033348 , RMSE:0.182614 , MAE:0.143782 , MAPD:0.817175, R_squared:0.999400

2024-03-21 04:33:15,407 Epoch 187/300, Train Loss: 0.097921, Val Loss: 0.072203  
	Train = MSE:0.097931 , RMSE:0.312940 , MAE:0.240783 , MAPD:1.217560, R_squared:0.998305  
	Validation = MSE:0.072637 , RMSE:0.269513 , MAE:0.204204 , MAPD:1.048134, R_squared:0.998693

2024-03-21 04:33:34,579 Epoch 188/300, Train Loss: 0.055712, Val Loss: 0.030515  
	Train = MSE:0.055712 , RMSE:0.236034 , MAE:0.181233 , MAPD:0.939327, R_squared:0.999036  
	Validation = MSE:0.030710 , RMSE:0.175244 , MAE:0.129515 , MAPD:0.697198, R_squared:0.999447

2024-03-21 04:33:50,263 Epoch 189/300, Train Loss: 0.117177, Val Loss: 0.083183  
	Train = MSE:0.117196 , RMSE:0.342338 , MAE:0.247939 , MAPD:1.282315, R_squared:0.997971  
	Validation = MSE:0.083465 , RMSE:0.288903 , MAE:0.251653 , MAPD:1.371920, R_squared:0.998498

2024-03-21 04:34:06,138 Epoch 190/300, Train Loss: 0.110555, Val Loss: 0.045801  
	Train = MSE:0.110573 , RMSE:0.332526 , MAE:0.251873 , MAPD:1.295060, R_squared:0.998086  
	Validation = MSE:0.046246 , RMSE:0.215048 , MAE:0.177944 , MAPD:1.021390, R_squared:0.999168

2024-03-21 04:34:24,006 Epoch 191/300, Train Loss: 0.070436, Val Loss: 0.037087  
	Train = MSE:0.070426 , RMSE:0.265379 , MAE:0.202404 , MAPD:1.026392, R_squared:0.998781  
	Validation = MSE:0.037584 , RMSE:0.193866 , MAE:0.148707 , MAPD:0.806708, R_squared:0.999324

2024-03-21 04:34:43,718 Epoch 192/300, Train Loss: 0.136963, Val Loss: 0.046958  
	Train = MSE:0.136979 , RMSE:0.370107 , MAE:0.281360 , MAPD:1.440818, R_squared:0.997629  
	Validation = MSE:0.048077 , RMSE:0.219266 , MAE:0.162227 , MAPD:0.901806, R_squared:0.999135

2024-03-21 04:35:00,268 Epoch 193/300, Train Loss: 0.039414, Val Loss: 0.031895  
	Train = MSE:0.039412 , RMSE:0.198525 , MAE:0.147077 , MAPD:0.749482, R_squared:0.999318  
	Validation = MSE:0.032482 , RMSE:0.180228 , MAE:0.128178 , MAPD:0.682219, R_squared:0.999416

2024-03-21 04:35:18,303 Epoch 194/300, Train Loss: 0.054455, Val Loss: 0.235706  
	Train = MSE:0.054430 , RMSE:0.233303 , MAE:0.170413 , MAPD:0.870064, R_squared:0.999058  
	Validation = MSE:0.233600 , RMSE:0.483321 , MAE:0.355124 , MAPD:1.525244, R_squared:0.995797

2024-03-21 04:35:34,251 Epoch 195/300, Train Loss: 0.070379, Val Loss: 0.066957  
	Train = MSE:0.070392 , RMSE:0.265314 , MAE:0.195464 , MAPD:1.006740, R_squared:0.998782  
	Validation = MSE:0.067356 , RMSE:0.259530 , MAE:0.212956 , MAPD:1.266654, R_squared:0.998788

2024-03-21 04:35:51,489 Epoch 196/300, Train Loss: 0.053941, Val Loss: 0.151997  
	Train = MSE:0.053948 , RMSE:0.232266 , MAE:0.171885 , MAPD:0.879192, R_squared:0.999066  
	Validation = MSE:0.152835 , RMSE:0.390941 , MAE:0.362484 , MAPD:1.948294, R_squared:0.997250

2024-03-21 04:36:08,658 Epoch 197/300, Train Loss: 0.086123, Val Loss: 0.024994  
	Train = MSE:0.086144 , RMSE:0.293503 , MAE:0.225229 , MAPD:1.162269, R_squared:0.998509  
	Validation = MSE:0.025675 , RMSE:0.160234 , MAE:0.109305 , MAPD:0.565004, R_squared:0.999538

2024-03-21 04:36:26,295 Epoch 198/300, Train Loss: 0.050290, Val Loss: 0.238417  
	Train = MSE:0.050293 , RMSE:0.224261 , MAE:0.166414 , MAPD:0.858600, R_squared:0.999129  
	Validation = MSE:0.238224 , RMSE:0.488082 , MAE:0.443698 , MAPD:2.340905, R_squared:0.995713

2024-03-21 04:36:41,920 Epoch 199/300, Train Loss: 0.062680, Val Loss: 0.061901  
	Train = MSE:0.062666 , RMSE:0.250332 , MAE:0.188454 , MAPD:0.959237, R_squared:0.998915  
	Validation = MSE:0.061503 , RMSE:0.247998 , MAE:0.179528 , MAPD:0.855667, R_squared:0.998893

2024-03-21 04:36:57,718 Epoch 200/300, Train Loss: 0.097614, Val Loss: 0.029004  
	Train = MSE:0.097588 , RMSE:0.312390 , MAE:0.243417 , MAPD:1.232024, R_squared:0.998311  
	Validation = MSE:0.029527 , RMSE:0.171833 , MAE:0.134194 , MAPD:0.730220, R_squared:0.999469

2024-03-21 04:37:14,459 Epoch 201/300, Train Loss: 0.056850, Val Loss: 0.030128  
	Train = MSE:0.056863 , RMSE:0.238459 , MAE:0.179384 , MAPD:0.912584, R_squared:0.999016  
	Validation = MSE:0.030725 , RMSE:0.175286 , MAE:0.129052 , MAPD:0.683397, R_squared:0.999447

2024-03-21 04:37:33,420 Epoch 202/300, Train Loss: 0.081856, Val Loss: 0.099036  
	Train = MSE:0.081860 , RMSE:0.286111 , MAE:0.218109 , MAPD:1.098526, R_squared:0.998583  
	Validation = MSE:0.098334 , RMSE:0.313583 , MAE:0.226533 , MAPD:1.043271, R_squared:0.998231

2024-03-21 04:37:53,801 Epoch 203/300, Train Loss: 0.209264, Val Loss: 0.068528  
	Train = MSE:0.209309 , RMSE:0.457503 , MAE:0.346577 , MAPD:1.745844, R_squared:0.996377  
	Validation = MSE:0.069136 , RMSE:0.262938 , MAE:0.214869 , MAPD:1.202600, R_squared:0.998756

2024-03-21 04:38:09,858 Epoch 204/300, Train Loss: 0.048310, Val Loss: 0.028681  
	Train = MSE:0.048306 , RMSE:0.219785 , MAE:0.166640 , MAPD:0.865748, R_squared:0.999164  
	Validation = MSE:0.029110 , RMSE:0.170617 , MAE:0.124131 , MAPD:0.658178, R_squared:0.999476

2024-03-21 04:38:27,170 Epoch 205/300, Train Loss: 0.068107, Val Loss: 0.048780  
	Train = MSE:0.068097 , RMSE:0.260954 , MAE:0.198424 , MAPD:1.011304, R_squared:0.998821  
	Validation = MSE:0.049236 , RMSE:0.221892 , MAE:0.177898 , MAPD:1.028164, R_squared:0.999114

2024-03-21 04:38:44,037 Epoch 206/300, Train Loss: 0.066805, Val Loss: 0.039839  
	Train = MSE:0.066819 , RMSE:0.258494 , MAE:0.196306 , MAPD:1.021032, R_squared:0.998843  
	Validation = MSE:0.039850 , RMSE:0.199624 , MAE:0.158747 , MAPD:0.887876, R_squared:0.999283

2024-03-21 04:39:01,426 Epoch 207/300, Train Loss: 0.050284, Val Loss: 0.038607  
	Train = MSE:0.050278 , RMSE:0.224228 , MAE:0.168342 , MAPD:0.884993, R_squared:0.999130  
	Validation = MSE:0.038546 , RMSE:0.196331 , MAE:0.135431 , MAPD:0.651097, R_squared:0.999306

2024-03-21 04:39:20,095 Epoch 208/300, Train Loss: 0.064313, Val Loss: 0.062346  
	Train = MSE:0.064313 , RMSE:0.253600 , MAE:0.191180 , MAPD:0.965240, R_squared:0.998887  
	Validation = MSE:0.062581 , RMSE:0.250163 , MAE:0.197115 , MAPD:0.958861, R_squared:0.998874

2024-03-21 04:39:35,632 Epoch 209/300, Train Loss: 0.486533, Val Loss: 0.184898  
	Train = MSE:0.486627 , RMSE:0.697587 , MAE:0.454669 , MAPD:2.291068, R_squared:0.991576  
	Validation = MSE:0.187542 , RMSE:0.433061 , MAE:0.374571 , MAPD:2.079083, R_squared:0.996625

2024-03-21 04:39:51,672 Epoch 210/300, Train Loss: 0.055425, Val Loss: 0.095184  
	Train = MSE:0.055422 , RMSE:0.235419 , MAE:0.180520 , MAPD:0.978063, R_squared:0.999041  
	Validation = MSE:0.094096 , RMSE:0.306751 , MAE:0.249814 , MAPD:1.277417, R_squared:0.998307

2024-03-21 04:40:09,115 Epoch 211/300, Train Loss: 0.049854, Val Loss: 0.052795  
	Train = MSE:0.049861 , RMSE:0.223295 , MAE:0.169486 , MAPD:0.894458, R_squared:0.999137  
	Validation = MSE:0.053635 , RMSE:0.231592 , MAE:0.190847 , MAPD:1.121380, R_squared:0.999035

2024-03-21 04:40:29,611 Epoch 212/300, Train Loss: 0.051012, Val Loss: 0.040129  
	Train = MSE:0.051018 , RMSE:0.225871 , MAE:0.170806 , MAPD:0.888354, R_squared:0.999117  
	Validation = MSE:0.040216 , RMSE:0.200539 , MAE:0.155552 , MAPD:0.884602, R_squared:0.999276

2024-03-21 04:40:46,186 Epoch 213/300, Train Loss: 0.042685, Val Loss: 0.038127  
	Train = MSE:0.042678 , RMSE:0.206585 , MAE:0.156135 , MAPD:0.819735, R_squared:0.999261  
	Validation = MSE:0.038309 , RMSE:0.195728 , MAE:0.144934 , MAPD:0.782222, R_squared:0.999311

2024-03-21 04:41:03,375 Epoch 214/300, Train Loss: 0.036869, Val Loss: 0.026852  
	Train = MSE:0.036869 , RMSE:0.192012 , MAE:0.144306 , MAPD:0.754867, R_squared:0.999362  
	Validation = MSE:0.026928 , RMSE:0.164099 , MAE:0.112319 , MAPD:0.593594, R_squared:0.999515

2024-03-21 04:41:20,578 Epoch 215/300, Train Loss: 0.067037, Val Loss: 0.225536  
	Train = MSE:0.067037 , RMSE:0.258914 , MAE:0.194135 , MAPD:0.994238, R_squared:0.998840  
	Validation = MSE:0.224560 , RMSE:0.473878 , MAE:0.407632 , MAPD:1.976607, R_squared:0.995959

2024-03-21 04:41:37,174 Epoch 216/300, Train Loss: 0.347393, Val Loss: 0.036616  
	Train = MSE:0.347479 , RMSE:0.589474 , MAE:0.450503 , MAPD:2.304945, R_squared:0.993985  
	Validation = MSE:0.037400 , RMSE:0.193391 , MAE:0.134712 , MAPD:0.770549, R_squared:0.999327

2024-03-21 04:41:55,452 Epoch 217/300, Train Loss: 0.049218, Val Loss: 0.043067  
	Train = MSE:0.049219 , RMSE:0.221852 , MAE:0.168542 , MAPD:0.906356, R_squared:0.999148  
	Validation = MSE:0.043746 , RMSE:0.209156 , MAE:0.172700 , MAPD:1.021536, R_squared:0.999213

2024-03-21 04:42:12,518 Epoch 218/300, Train Loss: 0.057910, Val Loss: 0.052130  
	Train = MSE:0.057906 , RMSE:0.240637 , MAE:0.179018 , MAPD:0.912519, R_squared:0.998998  
	Validation = MSE:0.052709 , RMSE:0.229583 , MAE:0.189998 , MAPD:1.050136, R_squared:0.999052

2024-03-21 04:42:29,126 Epoch 219/300, Train Loss: 0.071419, Val Loss: 0.096011  
	Train = MSE:0.071409 , RMSE:0.267226 , MAE:0.199848 , MAPD:1.002840, R_squared:0.998764  
	Validation = MSE:0.094998 , RMSE:0.308218 , MAE:0.213336 , MAPD:0.957070, R_squared:0.998291

2024-03-21 04:42:45,047 Epoch 220/300, Train Loss: 0.073841, Val Loss: 0.025468  
	Train = MSE:0.073857 , RMSE:0.271767 , MAE:0.199797 , MAPD:1.006181, R_squared:0.998722  
	Validation = MSE:0.025777 , RMSE:0.160553 , MAE:0.115652 , MAPD:0.603475, R_squared:0.999536

2024-03-21 04:43:01,713 Epoch 221/300, Train Loss: 0.049600, Val Loss: 0.125717  
	Train = MSE:0.049597 , RMSE:0.222705 , MAE:0.165940 , MAPD:0.841427, R_squared:0.999141  
	Validation = MSE:0.125993 , RMSE:0.354956 , MAE:0.318996 , MAPD:1.789068, R_squared:0.997733

2024-03-21 04:43:20,750 Epoch 222/300, Train Loss: 0.063692, Val Loss: 0.053379  
	Train = MSE:0.063701 , RMSE:0.252391 , MAE:0.188805 , MAPD:0.954555, R_squared:0.998897  
	Validation = MSE:0.052862 , RMSE:0.229917 , MAE:0.160450 , MAPD:0.809921, R_squared:0.999049

2024-03-21 04:43:38,341 Epoch 223/300, Train Loss: 0.064306, Val Loss: 0.050864  
	Train = MSE:0.064322 , RMSE:0.253617 , MAE:0.187770 , MAPD:0.938108, R_squared:0.998887  
	Validation = MSE:0.050435 , RMSE:0.224577 , MAE:0.180167 , MAPD:1.032586, R_squared:0.999092

2024-03-21 04:43:55,816 Epoch 224/300, Train Loss: 0.220587, Val Loss: 0.518774  
	Train = MSE:0.220425 , RMSE:0.469494 , MAE:0.339281 , MAPD:1.692815, R_squared:0.996184  
	Validation = MSE:0.515954 , RMSE:0.718299 , MAE:0.679872 , MAPD:3.950114, R_squared:0.990716

2024-03-21 04:44:16,707 Epoch 225/300, Train Loss: 0.094041, Val Loss: 0.098951  
	Train = MSE:0.094055 , RMSE:0.306683 , MAE:0.231990 , MAPD:1.224893, R_squared:0.998372  
	Validation = MSE:0.099224 , RMSE:0.314998 , MAE:0.270216 , MAPD:1.389210, R_squared:0.998215

2024-03-21 04:44:33,419 Epoch 226/300, Train Loss: 0.046377, Val Loss: 0.030769  
	Train = MSE:0.046380 , RMSE:0.215360 , MAE:0.160036 , MAPD:0.817792, R_squared:0.999197  
	Validation = MSE:0.031309 , RMSE:0.176945 , MAE:0.132429 , MAPD:0.718216, R_squared:0.999437

2024-03-21 04:44:51,776 Epoch 227/300, Train Loss: 0.111223, Val Loss: 0.031925  
	Train = MSE:0.111245 , RMSE:0.333534 , MAE:0.250350 , MAPD:1.253136, R_squared:0.998074  
	Validation = MSE:0.032341 , RMSE:0.179836 , MAE:0.131341 , MAPD:0.714969, R_squared:0.999418

2024-03-21 04:45:07,793 Epoch 228/300, Train Loss: 0.041281, Val Loss: 0.034579  
	Train = MSE:0.041282 , RMSE:0.203179 , MAE:0.150736 , MAPD:0.780953, R_squared:0.999285  
	Validation = MSE:0.035040 , RMSE:0.187191 , MAE:0.139544 , MAPD:0.717913, R_squared:0.999369

2024-03-21 04:45:24,825 Epoch 229/300, Train Loss: 0.040643, Val Loss: 0.034280  
	Train = MSE:0.040638 , RMSE:0.201588 , MAE:0.149439 , MAPD:0.765078, R_squared:0.999297  
	Validation = MSE:0.034534 , RMSE:0.185833 , MAE:0.134194 , MAPD:0.691630, R_squared:0.999379

2024-03-21 04:45:42,512 Epoch 230/300, Train Loss: 0.122030, Val Loss: 0.036407  
	Train = MSE:0.122061 , RMSE:0.349372 , MAE:0.244039 , MAPD:1.220757, R_squared:0.997887  
	Validation = MSE:0.036574 , RMSE:0.191244 , MAE:0.138542 , MAPD:0.704115, R_squared:0.999342

2024-03-21 04:46:02,997 Epoch 231/300, Train Loss: 0.047595, Val Loss: 0.035779  
	Train = MSE:0.047600 , RMSE:0.218174 , MAE:0.166419 , MAPD:0.874639, R_squared:0.999176  
	Validation = MSE:0.036081 , RMSE:0.189951 , MAE:0.142884 , MAPD:0.810536, R_squared:0.999351

2024-03-21 04:46:22,511 Epoch 232/300, Train Loss: 0.046917, Val Loss: 0.085746  
	Train = MSE:0.046902 , RMSE:0.216568 , MAE:0.161319 , MAPD:0.813171, R_squared:0.999188  
	Validation = MSE:0.086634 , RMSE:0.294336 , MAE:0.260051 , MAPD:1.360569, R_squared:0.998441

2024-03-21 04:46:38,695 Epoch 233/300, Train Loss: 0.032519, Val Loss: 0.047010  
	Train = MSE:0.032523 , RMSE:0.180341 , MAE:0.133432 , MAPD:0.687616, R_squared:0.999437  
	Validation = MSE:0.046857 , RMSE:0.216464 , MAE:0.157826 , MAPD:0.784729, R_squared:0.999157

2024-03-21 04:46:54,946 Epoch 234/300, Train Loss: 0.125754, Val Loss: 0.028790  
	Train = MSE:0.125779 , RMSE:0.354654 , MAE:0.260161 , MAPD:1.325432, R_squared:0.997823  
	Validation = MSE:0.029031 , RMSE:0.170385 , MAE:0.120887 , MAPD:0.628763, R_squared:0.999478

2024-03-21 04:47:12,383 Epoch 235/300, Train Loss: 0.079049, Val Loss: 0.187798  
	Train = MSE:0.079043 , RMSE:0.281146 , MAE:0.217479 , MAPD:1.138992, R_squared:0.998632  
	Validation = MSE:0.185666 , RMSE:0.430890 , MAE:0.355588 , MAPD:1.799343, R_squared:0.996659

2024-03-21 04:47:29,205 Epoch 236/300, Train Loss: 0.049777, Val Loss: 0.033038  
	Train = MSE:0.049781 , RMSE:0.223116 , MAE:0.164656 , MAPD:0.840643, R_squared:0.999138  
	Validation = MSE:0.033270 , RMSE:0.182402 , MAE:0.130096 , MAPD:0.686726, R_squared:0.999401

2024-03-21 04:47:46,419 Epoch 237/300, Train Loss: 0.177917, Val Loss: 0.029410  
	Train = MSE:0.177958 , RMSE:0.421851 , MAE:0.318933 , MAPD:1.642250, R_squared:0.996920  
	Validation = MSE:0.029412 , RMSE:0.171500 , MAE:0.118929 , MAPD:0.634449, R_squared:0.999471

2024-03-21 04:48:02,368 Epoch 238/300, Train Loss: 0.077997, Val Loss: 0.035621  
	Train = MSE:0.078011 , RMSE:0.279305 , MAE:0.207656 , MAPD:1.066228, R_squared:0.998650  
	Validation = MSE:0.035997 , RMSE:0.189730 , MAE:0.139168 , MAPD:0.734191, R_squared:0.999352

2024-03-21 04:48:18,798 Epoch 239/300, Train Loss: 0.051812, Val Loss: 0.027781  
	Train = MSE:0.051754 , RMSE:0.227496 , MAE:0.168088 , MAPD:0.856454, R_squared:0.999104  
	Validation = MSE:0.028049 , RMSE:0.167477 , MAE:0.118069 , MAPD:0.617009, R_squared:0.999495

2024-03-21 04:48:36,512 Epoch 240/300, Train Loss: 0.060527, Val Loss: 0.022502  
	Train = MSE:0.060542 , RMSE:0.246052 , MAE:0.180633 , MAPD:0.913098, R_squared:0.998952  
	Validation = MSE:0.022934 , RMSE:0.151441 , MAE:0.103827 , MAPD:0.545245, R_squared:0.999587

2024-03-21 04:48:53,870 Epoch 241/300, Train Loss: 0.132939, Val Loss: 0.078533  
	Train = MSE:0.132973 , RMSE:0.364655 , MAE:0.248316 , MAPD:1.237790, R_squared:0.997698  
	Validation = MSE:0.078698 , RMSE:0.280532 , MAE:0.186695 , MAPD:0.859442, R_squared:0.998584

2024-03-21 04:49:13,066 Epoch 242/300, Train Loss: 0.103601, Val Loss: 0.156732  
	Train = MSE:0.103623 , RMSE:0.321905 , MAE:0.243343 , MAPD:1.240689, R_squared:0.998206  
	Validation = MSE:0.157324 , RMSE:0.396640 , MAE:0.351751 , MAPD:1.779729, R_squared:0.997169

2024-03-21 04:49:30,189 Epoch 243/300, Train Loss: 0.045915, Val Loss: 0.047092  
	Train = MSE:0.045918 , RMSE:0.214284 , MAE:0.157185 , MAPD:0.795046, R_squared:0.999205  
	Validation = MSE:0.047363 , RMSE:0.217631 , MAE:0.153660 , MAPD:0.730250, R_squared:0.999148

2024-03-21 04:49:47,364 Epoch 244/300, Train Loss: 0.043183, Val Loss: 0.055869  
	Train = MSE:0.043180 , RMSE:0.207797 , MAE:0.154458 , MAPD:0.804238, R_squared:0.999253  
	Validation = MSE:0.055658 , RMSE:0.235919 , MAE:0.166251 , MAPD:0.751614, R_squared:0.998998

2024-03-21 04:50:04,269 Epoch 245/300, Train Loss: 0.055082, Val Loss: 0.038353  
	Train = MSE:0.055091 , RMSE:0.234715 , MAE:0.179453 , MAPD:0.914183, R_squared:0.999046  
	Validation = MSE:0.038741 , RMSE:0.196827 , MAE:0.148908 , MAPD:0.764758, R_squared:0.999303

2024-03-21 04:50:20,293 Epoch 246/300, Train Loss: 0.061643, Val Loss: 0.060326  
	Train = MSE:0.061651 , RMSE:0.248297 , MAE:0.187050 , MAPD:0.949758, R_squared:0.998933  
	Validation = MSE:0.060567 , RMSE:0.246105 , MAE:0.201808 , MAPD:1.148676, R_squared:0.998910

2024-03-21 04:50:39,096 Epoch 247/300, Train Loss: 0.050660, Val Loss: 0.070672  
	Train = MSE:0.050663 , RMSE:0.225085 , MAE:0.172698 , MAPD:0.908876, R_squared:0.999123  
	Validation = MSE:0.070513 , RMSE:0.265544 , MAE:0.216087 , MAPD:1.366382, R_squared:0.998731

2024-03-21 04:50:55,897 Epoch 248/300, Train Loss: 0.057152, Val Loss: 0.030394  
	Train = MSE:0.057152 , RMSE:0.239065 , MAE:0.182473 , MAPD:0.956481, R_squared:0.999011  
	Validation = MSE:0.030802 , RMSE:0.175506 , MAE:0.127073 , MAPD:0.653639, R_squared:0.999446

2024-03-21 04:51:12,687 Epoch 249/300, Train Loss: 0.067182, Val Loss: 0.028079  
	Train = MSE:0.067167 , RMSE:0.259166 , MAE:0.195825 , MAPD:1.009809, R_squared:0.998837  
	Validation = MSE:0.028704 , RMSE:0.169424 , MAE:0.125034 , MAPD:0.671862, R_squared:0.999483

2024-03-21 04:51:28,722 Epoch 250/300, Train Loss: 0.084391, Val Loss: 0.042951  
	Train = MSE:0.084404 , RMSE:0.290524 , MAE:0.225321 , MAPD:1.149788, R_squared:0.998539  
	Validation = MSE:0.043528 , RMSE:0.208634 , MAE:0.165232 , MAPD:0.993937, R_squared:0.999217

2024-03-21 04:51:44,907 Epoch 251/300, Train Loss: 0.050934, Val Loss: 0.064565  
	Train = MSE:0.050938 , RMSE:0.225695 , MAE:0.167482 , MAPD:0.858336, R_squared:0.999118  
	Validation = MSE:0.064975 , RMSE:0.254902 , MAE:0.221817 , MAPD:1.292757, R_squared:0.998831

2024-03-21 04:52:06,191 Epoch 252/300, Train Loss: 0.094686, Val Loss: 0.215687  
	Train = MSE:0.094503 , RMSE:0.307413 , MAE:0.230749 , MAPD:1.143452, R_squared:0.998364  
	Validation = MSE:0.216053 , RMSE:0.464815 , MAE:0.428684 , MAPD:2.286335, R_squared:0.996112

2024-03-21 04:52:22,481 Epoch 253/300, Train Loss: 0.268702, Val Loss: 0.059790  
	Train = MSE:0.268769 , RMSE:0.518430 , MAE:0.382677 , MAPD:1.942618, R_squared:0.995348  
	Validation = MSE:0.060686 , RMSE:0.246344 , MAE:0.206326 , MAPD:1.244088, R_squared:0.998908

2024-03-21 04:52:39,175 Epoch 254/300, Train Loss: 0.037724, Val Loss: 0.058046  
	Train = MSE:0.037718 , RMSE:0.194211 , MAE:0.145137 , MAPD:0.762010, R_squared:0.999347  
	Validation = MSE:0.058295 , RMSE:0.241444 , MAE:0.191012 , MAPD:0.993329, R_squared:0.998951

2024-03-21 04:52:55,089 Epoch 255/300, Train Loss: 0.059493, Val Loss: 0.047722  
	Train = MSE:0.059479 , RMSE:0.243884 , MAE:0.185194 , MAPD:0.958451, R_squared:0.998970  
	Validation = MSE:0.047908 , RMSE:0.218880 , MAE:0.159985 , MAPD:0.813624, R_squared:0.999138

2024-03-21 04:53:13,228 Epoch 256/300, Train Loss: 0.076745, Val Loss: 0.074833  
	Train = MSE:0.076754 , RMSE:0.277045 , MAE:0.206813 , MAPD:1.076012, R_squared:0.998671  
	Validation = MSE:0.074683 , RMSE:0.273282 , MAE:0.213234 , MAPD:1.047295, R_squared:0.998656

2024-03-21 04:53:30,577 Epoch 257/300, Train Loss: 0.071841, Val Loss: 0.036890  
	Train = MSE:0.071852 , RMSE:0.268053 , MAE:0.203626 , MAPD:1.037572, R_squared:0.998756  
	Validation = MSE:0.037206 , RMSE:0.192890 , MAE:0.136163 , MAPD:0.714477, R_squared:0.999331

2024-03-21 04:53:46,256 Epoch 258/300, Train Loss: 0.060635, Val Loss: 0.131991  
	Train = MSE:0.060632 , RMSE:0.246236 , MAE:0.184700 , MAPD:0.932423, R_squared:0.998950  
	Validation = MSE:0.130830 , RMSE:0.361704 , MAE:0.295679 , MAPD:1.400960, R_squared:0.997646

2024-03-21 04:54:05,571 Epoch 259/300, Train Loss: 0.092509, Val Loss: 0.026627  
	Train = MSE:0.092518 , RMSE:0.304168 , MAE:0.210116 , MAPD:1.076782, R_squared:0.998398  
	Validation = MSE:0.026992 , RMSE:0.164294 , MAE:0.118573 , MAPD:0.650240, R_squared:0.999514

2024-03-21 04:54:21,737 Epoch 260/300, Train Loss: 0.047423, Val Loss: 0.087832  
	Train = MSE:0.047434 , RMSE:0.217793 , MAE:0.161835 , MAPD:0.824495, R_squared:0.999179  
	Validation = MSE:0.088135 , RMSE:0.296875 , MAE:0.260010 , MAPD:1.392305, R_squared:0.998414

2024-03-21 04:54:39,963 Epoch 261/300, Train Loss: 0.051242, Val Loss: 0.251579  
	Train = MSE:0.051213 , RMSE:0.226303 , MAE:0.163283 , MAPD:0.829401, R_squared:0.999113  
	Validation = MSE:0.247885 , RMSE:0.497881 , MAE:0.439923 , MAPD:2.506980, R_squared:0.995540

2024-03-21 04:55:00,208 Epoch 262/300, Train Loss: 0.106361, Val Loss: 0.119875  
	Train = MSE:0.106374 , RMSE:0.326151 , MAE:0.250613 , MAPD:1.279153, R_squared:0.998159  
	Validation = MSE:0.120163 , RMSE:0.346645 , MAE:0.305934 , MAPD:1.824909, R_squared:0.997838

2024-03-21 04:55:16,684 Epoch 263/300, Train Loss: 0.918016, Val Loss: 0.098951  
	Train = MSE:0.918275 , RMSE:0.958267 , MAE:0.621851 , MAPD:3.179489, R_squared:0.984105  
	Validation = MSE:0.099633 , RMSE:0.315648 , MAE:0.240463 , MAPD:1.423982, R_squared:0.998207

2024-03-21 04:55:34,807 Epoch 264/300, Train Loss: 0.047808, Val Loss: 0.048895  
	Train = MSE:0.047809 , RMSE:0.218653 , MAE:0.161752 , MAPD:0.880737, R_squared:0.999172  
	Validation = MSE:0.048648 , RMSE:0.220562 , MAE:0.178879 , MAPD:1.057310, R_squared:0.999125

2024-03-21 04:55:50,386 Epoch 265/300, Train Loss: 0.058801, Val Loss: 0.039573  
	Train = MSE:0.058810 , RMSE:0.242508 , MAE:0.183633 , MAPD:0.954875, R_squared:0.998982  
	Validation = MSE:0.040022 , RMSE:0.200055 , MAE:0.157193 , MAPD:0.849742, R_squared:0.999280

2024-03-21 04:56:08,530 Epoch 266/300, Train Loss: 0.049838, Val Loss: 0.052071  
	Train = MSE:0.049837 , RMSE:0.223241 , MAE:0.163208 , MAPD:0.845745, R_squared:0.999137  
	Validation = MSE:0.052143 , RMSE:0.228348 , MAE:0.158070 , MAPD:0.774045, R_squared:0.999062

2024-03-21 04:56:26,660 Epoch 267/300, Train Loss: 0.039506, Val Loss: 0.025645  
	Train = MSE:0.039503 , RMSE:0.198752 , MAE:0.147679 , MAPD:0.775138, R_squared:0.999316  
	Validation = MSE:0.025993 , RMSE:0.161224 , MAE:0.109221 , MAPD:0.593284, R_squared:0.999532

2024-03-21 04:56:42,348 Epoch 268/300, Train Loss: 0.120019, Val Loss: 0.090640  
	Train = MSE:0.120046 , RMSE:0.346477 , MAE:0.261993 , MAPD:1.369163, R_squared:0.997922  
	Validation = MSE:0.091119 , RMSE:0.301860 , MAE:0.249277 , MAPD:1.509032, R_squared:0.998360

2024-03-21 04:56:58,969 Epoch 269/300, Train Loss: 0.049962, Val Loss: 0.031353  
	Train = MSE:0.049969 , RMSE:0.223538 , MAE:0.170342 , MAPD:0.911916, R_squared:0.999135  
	Validation = MSE:0.031776 , RMSE:0.178258 , MAE:0.135848 , MAPD:0.755432, R_squared:0.999428

2024-03-21 04:57:17,471 Epoch 270/300, Train Loss: 0.041418, Val Loss: 0.030725  
	Train = MSE:0.041424 , RMSE:0.203529 , MAE:0.151088 , MAPD:0.787358, R_squared:0.999283  
	Validation = MSE:0.031218 , RMSE:0.176685 , MAE:0.127061 , MAPD:0.685107, R_squared:0.999438

2024-03-21 04:57:32,978 Epoch 271/300, Train Loss: 0.043423, Val Loss: 0.067789  
	Train = MSE:0.043415 , RMSE:0.208363 , MAE:0.157970 , MAPD:0.822052, R_squared:0.999248  
	Validation = MSE:0.067157 , RMSE:0.259147 , MAE:0.182446 , MAPD:0.826777, R_squared:0.998792

2024-03-21 04:57:52,384 Epoch 272/300, Train Loss: 0.049636, Val Loss: 0.118036  
	Train = MSE:0.049649 , RMSE:0.222820 , MAE:0.165895 , MAPD:0.847022, R_squared:0.999141  
	Validation = MSE:0.116157 , RMSE:0.340818 , MAE:0.249234 , MAPD:1.133364, R_squared:0.997910

2024-03-21 04:58:09,674 Epoch 273/300, Train Loss: 0.053702, Val Loss: 0.029210  
	Train = MSE:0.053707 , RMSE:0.231748 , MAE:0.173017 , MAPD:0.900117, R_squared:0.999070  
	Validation = MSE:0.029311 , RMSE:0.171205 , MAE:0.118967 , MAPD:0.609889, R_squared:0.999473

2024-03-21 04:58:26,061 Epoch 274/300, Train Loss: 0.041618, Val Loss: 0.041197  
	Train = MSE:0.041624 , RMSE:0.204019 , MAE:0.151309 , MAPD:0.800327, R_squared:0.999279  
	Validation = MSE:0.040973 , RMSE:0.202417 , MAE:0.153245 , MAPD:0.819839, R_squared:0.999263

2024-03-21 04:58:41,684 Epoch 275/300, Train Loss: 0.031257, Val Loss: 0.037158  
	Train = MSE:0.031256 , RMSE:0.176795 , MAE:0.130380 , MAPD:0.667186, R_squared:0.999459  
	Validation = MSE:0.037039 , RMSE:0.192455 , MAE:0.127711 , MAPD:0.628270, R_squared:0.999334

2024-03-21 04:59:00,407 Epoch 276/300, Train Loss: 0.045068, Val Loss: 0.043813  
	Train = MSE:0.045074 , RMSE:0.212307 , MAE:0.157289 , MAPD:0.800499, R_squared:0.999220  
	Validation = MSE:0.044056 , RMSE:0.209895 , MAE:0.148813 , MAPD:0.723698, R_squared:0.999207

2024-03-21 04:59:17,839 Epoch 277/300, Train Loss: 0.041070, Val Loss: 0.039370  
	Train = MSE:0.041044 , RMSE:0.202594 , MAE:0.149196 , MAPD:0.753341, R_squared:0.999290  
	Validation = MSE:0.039518 , RMSE:0.198791 , MAE:0.145170 , MAPD:0.712262, R_squared:0.999289

2024-03-21 04:59:33,524 Epoch 278/300, Train Loss: 0.071536, Val Loss: 0.039991  
	Train = MSE:0.071500 , RMSE:0.267394 , MAE:0.202904 , MAPD:1.046456, R_squared:0.998762  
	Validation = MSE:0.039999 , RMSE:0.199998 , MAE:0.161429 , MAPD:0.960476, R_squared:0.999280

2024-03-21 04:59:50,137 Epoch 279/300, Train Loss: 0.071087, Val Loss: 0.050132  
	Train = MSE:0.071085 , RMSE:0.266617 , MAE:0.206374 , MAPD:1.022477, R_squared:0.998770  
	Validation = MSE:0.049367 , RMSE:0.222187 , MAE:0.168606 , MAPD:0.844237, R_squared:0.999112

2024-03-21 05:00:07,112 Epoch 280/300, Train Loss: 0.089129, Val Loss: 0.086298  
	Train = MSE:0.089128 , RMSE:0.298543 , MAE:0.229428 , MAPD:1.201738, R_squared:0.998457  
	Validation = MSE:0.084810 , RMSE:0.291222 , MAE:0.217708 , MAPD:1.041778, R_squared:0.998474

2024-03-21 05:00:24,409 Epoch 281/300, Train Loss: 0.065154, Val Loss: 0.025286  
	Train = MSE:0.065159 , RMSE:0.255262 , MAE:0.193170 , MAPD:0.983029, R_squared:0.998872  
	Validation = MSE:0.025739 , RMSE:0.160434 , MAE:0.113069 , MAPD:0.585033, R_squared:0.999537

2024-03-21 05:00:46,238 Epoch 282/300, Train Loss: 0.105763, Val Loss: 0.086208  
	Train = MSE:0.105746 , RMSE:0.325186 , MAE:0.238970 , MAPD:1.191971, R_squared:0.998170  
	Validation = MSE:0.087444 , RMSE:0.295709 , MAE:0.251866 , MAPD:1.428981, R_squared:0.998427

2024-03-21 05:01:03,315 Epoch 283/300, Train Loss: 0.051688, Val Loss: 0.028283  
	Train = MSE:0.051693 , RMSE:0.227362 , MAE:0.168870 , MAPD:0.865648, R_squared:0.999105  
	Validation = MSE:0.028412 , RMSE:0.168559 , MAE:0.118474 , MAPD:0.611715, R_squared:0.999489

2024-03-21 05:01:22,503 Epoch 284/300, Train Loss: 0.053148, Val Loss: 0.033405  
	Train = MSE:0.053142 , RMSE:0.230526 , MAE:0.173251 , MAPD:0.869580, R_squared:0.999080  
	Validation = MSE:0.034065 , RMSE:0.184567 , MAE:0.139353 , MAPD:0.798907, R_squared:0.999387

2024-03-21 05:01:38,462 Epoch 285/300, Train Loss: 0.084637, Val Loss: 0.124543  
	Train = MSE:0.084641 , RMSE:0.290932 , MAE:0.207225 , MAPD:1.041472, R_squared:0.998535  
	Validation = MSE:0.124685 , RMSE:0.353108 , MAE:0.325039 , MAPD:1.784435, R_squared:0.997756

2024-03-21 05:01:57,875 Epoch 286/300, Train Loss: 0.275663, Val Loss: 0.046321  
	Train = MSE:0.275726 , RMSE:0.525096 , MAE:0.407083 , MAPD:2.131205, R_squared:0.995227  
	Validation = MSE:0.046972 , RMSE:0.216731 , MAE:0.164486 , MAPD:0.918643, R_squared:0.999155

2024-03-21 05:02:14,536 Epoch 287/300, Train Loss: 0.093196, Val Loss: 0.128159  
	Train = MSE:0.093213 , RMSE:0.305309 , MAE:0.230221 , MAPD:1.150367, R_squared:0.998386  
	Validation = MSE:0.126986 , RMSE:0.356351 , MAE:0.313825 , MAPD:1.703877, R_squared:0.997715

2024-03-21 05:02:30,619 Epoch 288/300, Train Loss: 0.188150, Val Loss: 0.225069  
	Train = MSE:0.188067 , RMSE:0.433667 , MAE:0.297461 , MAPD:1.493080, R_squared:0.996745  
	Validation = MSE:0.223683 , RMSE:0.472951 , MAE:0.364859 , MAPD:1.621160, R_squared:0.995975

2024-03-21 05:02:48,154 Epoch 289/300, Train Loss: 0.184459, Val Loss: 0.038460  
	Train = MSE:0.184500 , RMSE:0.429535 , MAE:0.321423 , MAPD:1.621285, R_squared:0.996806  
	Validation = MSE:0.039067 , RMSE:0.197655 , MAE:0.146792 , MAPD:0.801731, R_squared:0.999297

2024-03-21 05:03:03,977 Epoch 290/300, Train Loss: 0.072014, Val Loss: 0.054547  
	Train = MSE:0.072023 , RMSE:0.268371 , MAE:0.197357 , MAPD:1.015985, R_squared:0.998753  
	Validation = MSE:0.055089 , RMSE:0.234710 , MAE:0.182148 , MAPD:0.918183, R_squared:0.999009

2024-03-21 05:03:19,770 Epoch 291/300, Train Loss: 0.037056, Val Loss: 0.033760  
	Train = MSE:0.037061 , RMSE:0.192513 , MAE:0.144747 , MAPD:0.749599, R_squared:0.999358  
	Validation = MSE:0.033772 , RMSE:0.183770 , MAE:0.136936 , MAPD:0.742881, R_squared:0.999392

2024-03-21 05:03:40,851 Epoch 292/300, Train Loss: 0.040820, Val Loss: 0.026630  
	Train = MSE:0.040828 , RMSE:0.202059 , MAE:0.148462 , MAPD:0.757666, R_squared:0.999293  
	Validation = MSE:0.026915 , RMSE:0.164057 , MAE:0.116293 , MAPD:0.605325, R_squared:0.999516

2024-03-21 05:03:57,003 Epoch 293/300, Train Loss: 0.044198, Val Loss: 0.035252  
	Train = MSE:0.044198 , RMSE:0.210234 , MAE:0.159294 , MAPD:0.825888, R_squared:0.999235  
	Validation = MSE:0.035466 , RMSE:0.188325 , MAE:0.140256 , MAPD:0.754845, R_squared:0.999362

2024-03-21 05:04:14,928 Epoch 294/300, Train Loss: 0.056272, Val Loss: 0.125637  
	Train = MSE:0.056212 , RMSE:0.237091 , MAE:0.171153 , MAPD:0.879897, R_squared:0.999027  
	Validation = MSE:0.124614 , RMSE:0.353008 , MAE:0.316774 , MAPD:1.822929, R_squared:0.997758

2024-03-21 05:04:31,324 Epoch 295/300, Train Loss: 0.077434, Val Loss: 0.046090  
	Train = MSE:0.077451 , RMSE:0.278301 , MAE:0.207730 , MAPD:1.063226, R_squared:0.998659  
	Validation = MSE:0.046749 , RMSE:0.216216 , MAE:0.173657 , MAPD:0.913198, R_squared:0.999159

2024-03-21 05:04:48,926 Epoch 296/300, Train Loss: 0.074851, Val Loss: 0.268690  
	Train = MSE:0.074821 , RMSE:0.273535 , MAE:0.201626 , MAPD:1.035837, R_squared:0.998705  
	Validation = MSE:0.267803 , RMSE:0.517497 , MAE:0.413538 , MAPD:1.881751, R_squared:0.995181

2024-03-21 05:05:07,515 Epoch 297/300, Train Loss: 0.078063, Val Loss: 0.070235  
	Train = MSE:0.078078 , RMSE:0.279425 , MAE:0.208469 , MAPD:1.069812, R_squared:0.998648  
	Validation = MSE:0.071297 , RMSE:0.267015 , MAE:0.225585 , MAPD:1.417704, R_squared:0.998717

2024-03-21 05:05:24,688 Epoch 298/300, Train Loss: 0.056997, Val Loss: 0.327356  
	Train = MSE:0.056994 , RMSE:0.238735 , MAE:0.178736 , MAPD:0.927636, R_squared:0.999013  
	Validation = MSE:0.322223 , RMSE:0.567647 , MAE:0.406255 , MAPD:1.751156, R_squared:0.994202

2024-03-21 05:05:43,342 Epoch 299/300, Train Loss: 0.181361, Val Loss: 0.033384  
	Train = MSE:0.181368 , RMSE:0.425873 , MAE:0.313895 , MAPD:1.608731, R_squared:0.996860  
	Validation = MSE:0.033860 , RMSE:0.184012 , MAE:0.139277 , MAPD:0.768855, R_squared:0.999391

2024-03-21 05:06:00,120 Epoch 300/300, Train Loss: 0.146381, Val Loss: 0.082457  
	Train = MSE:0.146385 , RMSE:0.382604 , MAE:0.280744 , MAPD:1.402309, R_squared:0.997466  
	Validation = MSE:0.082377 , RMSE:0.287015 , MAE:0.224263 , MAPD:1.172140, R_squared:0.998518

2024-03-21 05:06:00,130 Time for training the model: 5182.795588
2024-03-21 05:06:06,587 MSE for train: 0.076397
2024-03-21 05:06:06,588 RMSE for train: 0.276399
2024-03-21 05:06:06,588 MAE for train: 0.221156
2024-03-21 05:06:06,588 MAPD for train: 1.116455
2024-03-21 05:06:06,588 R^2 Score for train: 0.998678
2024-03-21 05:06:06,596 Inference time for train dataset: 5.255002

2024-03-21 05:06:07,293 MSE for val: 0.082377
2024-03-21 05:06:07,294 RMSE for val: 0.287015
2024-03-21 05:06:07,294 MAE for val: 0.224263
2024-03-21 05:06:07,294 MAPD for val: 1.172140
2024-03-21 05:06:07,294 R^2 Score for val: 0.998518
2024-03-21 05:06:07,300 Inference time for val dataset: 0.698000

2024-03-21 05:06:08,051 MSE for test: 0.093607
2024-03-21 05:06:08,051 RMSE for test: 0.305952
2024-03-21 05:06:08,051 MAE for test: 0.240796
2024-03-21 05:06:08,051 MAPD for test: 1.143001
2024-03-21 05:06:08,052 R^2 Score for test: 0.998455
2024-03-21 05:06:08,061 Inference time for test dataset: 0.752000

2024-03-21 05:06:11,586 Train label average: , [20.62097221]
2024-03-21 05:06:11,587 Test label average: , [21.41736175]
2024-03-21 05:06:11,587 validation label average: , [20.14607025]
2024-03-21 05:06:11,587 predicted (on validation dataset) values average: , 21.1973828125
