2024-03-21 03:52:11,061 train batches in dataset: 400
2024-03-21 03:52:11,061 val batches in dataset: 50
2024-03-21 03:52:11,061 test batches in dataset: 50
2024-03-21 03:52:11,080 Trainable parameter: net_core.0.weight - size: torch.Size([256, 35])
2024-03-21 03:52:11,085 Trainable parameter: net_core.0.bias - size: torch.Size([256])
2024-03-21 03:52:11,093 Trainable parameter: net_core.1.weight - size: torch.Size([128, 256])
2024-03-21 03:52:11,100 Trainable parameter: net_core.1.bias - size: torch.Size([128])
2024-03-21 03:52:11,105 Trainable parameter: net_core.2.weight - size: torch.Size([64, 128])
2024-03-21 03:52:11,111 Trainable parameter: net_core.2.bias - size: torch.Size([64])
2024-03-21 03:52:11,116 Trainable parameter: net_core.3.weight - size: torch.Size([16, 64])
2024-03-21 03:52:11,117 Trainable parameter: net_core.3.bias - size: torch.Size([16])
2024-03-21 03:52:11,117 Trainable parameter: net_core.4.weight - size: torch.Size([1, 16])
2024-03-21 03:52:11,117 Trainable parameter: net_core.4.bias - size: torch.Size([1])
2024-03-21 03:52:11,118 Number of trainable parameters: 51425
2024-03-21 03:52:11,118 Number of non-trainable parameters: 0
2024-03-21 03:52:45,853 Epoch 1/300, Train Loss: 10.593233, Val Loss: 1.412165  
	Train = MSE:10.596230 , RMSE:3.255185 , MAE:1.705306 , MAPD:9.152881, R_squared:0.816577  
	Validation = MSE:1.412165 , RMSE:1.188346 , MAE:1.043870 , MAPD:5.339661, R_squared:0.974589

2024-03-21 03:53:18,666 Epoch 2/300, Train Loss: 0.301459, Val Loss: 0.954958  
	Train = MSE:0.301527 , RMSE:0.549114 , MAE:0.411237 , MAPD:2.146335, R_squared:0.994781  
	Validation = MSE:0.954958 , RMSE:0.977220 , MAE:0.906524 , MAPD:5.206639, R_squared:0.982816

2024-03-21 03:53:48,464 Epoch 3/300, Train Loss: 0.376606, Val Loss: 0.276604  
	Train = MSE:0.376687 , RMSE:0.613748 , MAE:0.457600 , MAPD:2.358902, R_squared:0.993479  
	Validation = MSE:0.276604 , RMSE:0.525932 , MAE:0.366963 , MAPD:1.744752, R_squared:0.995023

2024-03-21 03:54:22,063 Epoch 4/300, Train Loss: 0.312243, Val Loss: 0.153335  
	Train = MSE:0.312231 , RMSE:0.558776 , MAE:0.439655 , MAPD:2.263848, R_squared:0.994595  
	Validation = MSE:0.153335 , RMSE:0.391581 , MAE:0.280567 , MAPD:1.480168, R_squared:0.997241

2024-03-21 03:54:53,361 Epoch 5/300, Train Loss: 0.222780, Val Loss: 0.316558  
	Train = MSE:0.222731 , RMSE:0.471944 , MAE:0.365420 , MAPD:1.911638, R_squared:0.996144  
	Validation = MSE:0.316558 , RMSE:0.562635 , MAE:0.408599 , MAPD:1.908051, R_squared:0.994304

2024-03-21 03:55:24,239 Epoch 6/300, Train Loss: 0.436892, Val Loss: 0.597039  
	Train = MSE:0.436855 , RMSE:0.660950 , MAE:0.496563 , MAPD:2.536113, R_squared:0.992438  
	Validation = MSE:0.597039 , RMSE:0.772683 , MAE:0.695987 , MAPD:3.648736, R_squared:0.989257

2024-03-21 03:55:57,123 Epoch 7/300, Train Loss: 0.295158, Val Loss: 0.404106  
	Train = MSE:0.295095 , RMSE:0.543226 , MAE:0.405096 , MAPD:2.092326, R_squared:0.994892  
	Validation = MSE:0.404106 , RMSE:0.635693 , MAE:0.560591 , MAPD:2.874661, R_squared:0.992729

2024-03-21 03:56:29,115 Epoch 8/300, Train Loss: 0.296299, Val Loss: 0.689189  
	Train = MSE:0.296142 , RMSE:0.544189 , MAE:0.409564 , MAPD:2.083758, R_squared:0.994874  
	Validation = MSE:0.689189 , RMSE:0.830174 , MAE:0.693380 , MAPD:3.484071, R_squared:0.987599

2024-03-21 03:57:02,762 Epoch 9/300, Train Loss: 0.328086, Val Loss: 0.088201  
	Train = MSE:0.328112 , RMSE:0.572810 , MAE:0.434075 , MAPD:2.244935, R_squared:0.994320  
	Validation = MSE:0.088201 , RMSE:0.296986 , MAE:0.214277 , MAPD:1.163915, R_squared:0.998413

2024-03-21 03:57:30,464 Epoch 10/300, Train Loss: 0.236962, Val Loss: 0.101544  
	Train = MSE:0.236877 , RMSE:0.486700 , MAE:0.365460 , MAPD:1.894001, R_squared:0.995900  
	Validation = MSE:0.101544 , RMSE:0.318659 , MAE:0.245729 , MAPD:1.324358, R_squared:0.998173

2024-03-21 03:58:00,911 Epoch 11/300, Train Loss: 0.227006, Val Loss: 0.070773  
	Train = MSE:0.227027 , RMSE:0.476474 , MAE:0.351383 , MAPD:1.799320, R_squared:0.996070  
	Validation = MSE:0.070773 , RMSE:0.266031 , MAE:0.194655 , MAPD:1.105268, R_squared:0.998727

2024-03-21 03:58:32,094 Epoch 12/300, Train Loss: 0.300809, Val Loss: 0.108695  
	Train = MSE:0.300855 , RMSE:0.548503 , MAE:0.419136 , MAPD:2.167606, R_squared:0.994792  
	Validation = MSE:0.108695 , RMSE:0.329689 , MAE:0.269093 , MAPD:1.458364, R_squared:0.998044

2024-03-21 03:59:01,354 Epoch 13/300, Train Loss: 0.202174, Val Loss: 0.064958  
	Train = MSE:0.202219 , RMSE:0.449688 , MAE:0.334091 , MAPD:1.713880, R_squared:0.996500  
	Validation = MSE:0.064958 , RMSE:0.254869 , MAE:0.193967 , MAPD:1.055298, R_squared:0.998831

2024-03-21 03:59:34,127 Epoch 14/300, Train Loss: 0.134932, Val Loss: 0.151079  
	Train = MSE:0.134950 , RMSE:0.367355 , MAE:0.284297 , MAPD:1.478048, R_squared:0.997664  
	Validation = MSE:0.151079 , RMSE:0.388688 , MAE:0.306722 , MAPD:1.541284, R_squared:0.997281

2024-03-21 04:00:03,272 Epoch 15/300, Train Loss: 0.203264, Val Loss: 0.465134  
	Train = MSE:0.203266 , RMSE:0.450850 , MAE:0.343630 , MAPD:1.776707, R_squared:0.996481  
	Validation = MSE:0.465134 , RMSE:0.682007 , MAE:0.546003 , MAPD:2.557459, R_squared:0.991630

2024-03-21 04:00:33,157 Epoch 16/300, Train Loss: 0.178339, Val Loss: 0.074350  
	Train = MSE:0.178317 , RMSE:0.422276 , MAE:0.319672 , MAPD:1.624250, R_squared:0.996913  
	Validation = MSE:0.074350 , RMSE:0.272672 , MAE:0.207192 , MAPD:1.119927, R_squared:0.998662

2024-03-21 04:01:05,866 Epoch 17/300, Train Loss: 0.160526, Val Loss: 0.234355  
	Train = MSE:0.160507 , RMSE:0.400633 , MAE:0.303681 , MAPD:1.578464, R_squared:0.997222  
	Validation = MSE:0.234355 , RMSE:0.484102 , MAE:0.356251 , MAPD:1.625205, R_squared:0.995783

2024-03-21 04:01:39,595 Epoch 18/300, Train Loss: 0.181494, Val Loss: 0.113282  
	Train = MSE:0.181545 , RMSE:0.426081 , MAE:0.325189 , MAPD:1.649202, R_squared:0.996857  
	Validation = MSE:0.113282 , RMSE:0.336573 , MAE:0.251299 , MAPD:1.202670, R_squared:0.997962

2024-03-21 04:02:20,853 Epoch 19/300, Train Loss: 0.671429, Val Loss: 0.071732  
	Train = MSE:0.671621 , RMSE:0.819525 , MAE:0.508035 , MAPD:2.560297, R_squared:0.988374  
	Validation = MSE:0.071732 , RMSE:0.267829 , MAE:0.188314 , MAPD:1.019544, R_squared:0.998709

2024-03-21 04:02:54,808 Epoch 20/300, Train Loss: 0.093685, Val Loss: 0.049182  
	Train = MSE:0.093708 , RMSE:0.306118 , MAE:0.231742 , MAPD:1.199164, R_squared:0.998378  
	Validation = MSE:0.049182 , RMSE:0.221771 , MAE:0.162367 , MAPD:0.881248, R_squared:0.999115

2024-03-21 04:03:28,642 Epoch 21/300, Train Loss: 0.134781, Val Loss: 0.217996  
	Train = MSE:0.134804 , RMSE:0.367156 , MAE:0.282697 , MAPD:1.442950, R_squared:0.997667  
	Validation = MSE:0.217996 , RMSE:0.466900 , MAE:0.399791 , MAPD:2.147131, R_squared:0.996077

2024-03-21 04:04:06,195 Epoch 22/300, Train Loss: 0.114843, Val Loss: 0.071499  
	Train = MSE:0.114862 , RMSE:0.338913 , MAE:0.262417 , MAPD:1.357989, R_squared:0.998012  
	Validation = MSE:0.071499 , RMSE:0.267393 , MAE:0.194961 , MAPD:1.045544, R_squared:0.998713

2024-03-21 04:04:42,545 Epoch 23/300, Train Loss: 0.128967, Val Loss: 0.068659  
	Train = MSE:0.128989 , RMSE:0.359150 , MAE:0.273104 , MAPD:1.400272, R_squared:0.997767  
	Validation = MSE:0.068659 , RMSE:0.262028 , MAE:0.183336 , MAPD:0.919932, R_squared:0.998765

2024-03-21 04:05:19,261 Epoch 24/300, Train Loss: 0.099043, Val Loss: 0.068029  
	Train = MSE:0.099059 , RMSE:0.314736 , MAE:0.242796 , MAPD:1.263714, R_squared:0.998285  
	Validation = MSE:0.068029 , RMSE:0.260825 , MAE:0.202515 , MAPD:1.123655, R_squared:0.998776

2024-03-21 04:05:54,948 Epoch 25/300, Train Loss: 0.097399, Val Loss: 0.056055  
	Train = MSE:0.097417 , RMSE:0.312116 , MAE:0.236110 , MAPD:1.218089, R_squared:0.998314  
	Validation = MSE:0.056055 , RMSE:0.236760 , MAE:0.169857 , MAPD:0.949279, R_squared:0.998991

2024-03-21 04:06:30,313 Epoch 26/300, Train Loss: 0.170092, Val Loss: 0.061195  
	Train = MSE:0.170025 , RMSE:0.412341 , MAE:0.312900 , MAPD:1.600961, R_squared:0.997057  
	Validation = MSE:0.061195 , RMSE:0.247376 , MAE:0.193356 , MAPD:1.086556, R_squared:0.998899

2024-03-21 04:07:06,499 Epoch 27/300, Train Loss: 0.151535, Val Loss: 0.064951  
	Train = MSE:0.151565 , RMSE:0.389313 , MAE:0.295812 , MAPD:1.531217, R_squared:0.997376  
	Validation = MSE:0.064951 , RMSE:0.254855 , MAE:0.187546 , MAPD:1.010623, R_squared:0.998831

2024-03-21 04:07:43,624 Epoch 28/300, Train Loss: 0.107619, Val Loss: 0.062060  
	Train = MSE:0.107641 , RMSE:0.328086 , MAE:0.248382 , MAPD:1.288880, R_squared:0.998137  
	Validation = MSE:0.062060 , RMSE:0.249119 , MAE:0.203816 , MAPD:1.214635, R_squared:0.998883

2024-03-21 04:08:25,707 Epoch 29/300, Train Loss: 0.158388, Val Loss: 0.083544  
	Train = MSE:0.158333 , RMSE:0.397911 , MAE:0.293953 , MAPD:1.501102, R_squared:0.997259  
	Validation = MSE:0.083544 , RMSE:0.289041 , MAE:0.215143 , MAPD:1.101155, R_squared:0.998497

2024-03-21 04:09:03,077 Epoch 30/300, Train Loss: 0.125197, Val Loss: 0.083525  
	Train = MSE:0.125185 , RMSE:0.353815 , MAE:0.265841 , MAPD:1.363731, R_squared:0.997833  
	Validation = MSE:0.083525 , RMSE:0.289006 , MAE:0.210800 , MAPD:1.122883, R_squared:0.998497

2024-03-21 04:09:38,987 Epoch 31/300, Train Loss: 0.104811, Val Loss: 0.120784  
	Train = MSE:0.104835 , RMSE:0.323782 , MAE:0.249729 , MAPD:1.293848, R_squared:0.998185  
	Validation = MSE:0.120784 , RMSE:0.347540 , MAE:0.298274 , MAPD:1.568898, R_squared:0.997827

2024-03-21 04:10:18,651 Epoch 32/300, Train Loss: 0.128632, Val Loss: 0.043655  
	Train = MSE:0.128654 , RMSE:0.358683 , MAE:0.278843 , MAPD:1.432185, R_squared:0.997773  
	Validation = MSE:0.043655 , RMSE:0.208938 , MAE:0.157929 , MAPD:0.854646, R_squared:0.999214

2024-03-21 04:10:58,142 Epoch 33/300, Train Loss: 0.091574, Val Loss: 0.213356  
	Train = MSE:0.091573 , RMSE:0.302611 , MAE:0.230052 , MAPD:1.175304, R_squared:0.998415  
	Validation = MSE:0.213356 , RMSE:0.461905 , MAE:0.391348 , MAPD:2.062654, R_squared:0.996161

2024-03-21 04:11:34,316 Epoch 34/300, Train Loss: 0.127847, Val Loss: 0.068973  
	Train = MSE:0.127878 , RMSE:0.357600 , MAE:0.263115 , MAPD:1.357019, R_squared:0.997786  
	Validation = MSE:0.068973 , RMSE:0.262627 , MAE:0.194311 , MAPD:1.022342, R_squared:0.998759

2024-03-21 04:12:11,482 Epoch 35/300, Train Loss: 0.089943, Val Loss: 0.054379  
	Train = MSE:0.089925 , RMSE:0.299874 , MAE:0.231582 , MAPD:1.202553, R_squared:0.998443  
	Validation = MSE:0.054379 , RMSE:0.233194 , MAE:0.171988 , MAPD:0.878235, R_squared:0.999021

2024-03-21 04:12:45,668 Epoch 36/300, Train Loss: 0.137223, Val Loss: 0.129685  
	Train = MSE:0.137247 , RMSE:0.370468 , MAE:0.285667 , MAPD:1.475849, R_squared:0.997624  
	Validation = MSE:0.129685 , RMSE:0.360118 , MAE:0.269713 , MAPD:1.326782, R_squared:0.997666

2024-03-21 04:13:20,628 Epoch 37/300, Train Loss: 0.090729, Val Loss: 0.213125  
	Train = MSE:0.090700 , RMSE:0.301165 , MAE:0.224379 , MAPD:1.155178, R_squared:0.998430  
	Validation = MSE:0.213125 , RMSE:0.461654 , MAE:0.353201 , MAPD:1.602990, R_squared:0.996165

2024-03-21 04:13:58,906 Epoch 38/300, Train Loss: 0.131488, Val Loss: 0.116554  
	Train = MSE:0.131454 , RMSE:0.362566 , MAE:0.276761 , MAPD:1.427861, R_squared:0.997725  
	Validation = MSE:0.116554 , RMSE:0.341401 , MAE:0.280418 , MAPD:1.405405, R_squared:0.997903

2024-03-21 04:14:37,531 Epoch 39/300, Train Loss: 0.097956, Val Loss: 0.137671  
	Train = MSE:0.097947 , RMSE:0.312965 , MAE:0.239624 , MAPD:1.240596, R_squared:0.998305  
	Validation = MSE:0.137671 , RMSE:0.371040 , MAE:0.323444 , MAPD:1.754202, R_squared:0.997523

2024-03-21 04:15:10,881 Epoch 40/300, Train Loss: 0.116324, Val Loss: 0.299973  
	Train = MSE:0.116205 , RMSE:0.340888 , MAE:0.259145 , MAPD:1.320281, R_squared:0.997988  
	Validation = MSE:0.299973 , RMSE:0.547698 , MAE:0.435462 , MAPD:2.025069, R_squared:0.994602

2024-03-21 04:15:49,829 Epoch 41/300, Train Loss: 0.095057, Val Loss: 0.072158  
	Train = MSE:0.094966 , RMSE:0.308166 , MAE:0.234292 , MAPD:1.200600, R_squared:0.998356  
	Validation = MSE:0.072158 , RMSE:0.268623 , MAE:0.212701 , MAPD:1.277609, R_squared:0.998702

2024-03-21 04:16:26,285 Epoch 42/300, Train Loss: 0.099701, Val Loss: 0.192140  
	Train = MSE:0.099636 , RMSE:0.315652 , MAE:0.236418 , MAPD:1.191805, R_squared:0.998275  
	Validation = MSE:0.192140 , RMSE:0.438338 , MAE:0.321453 , MAPD:1.592174, R_squared:0.996543

2024-03-21 04:16:59,912 Epoch 43/300, Train Loss: 0.122213, Val Loss: 0.087698  
	Train = MSE:0.122226 , RMSE:0.349608 , MAE:0.269951 , MAPD:1.385712, R_squared:0.997884  
	Validation = MSE:0.087698 , RMSE:0.296138 , MAE:0.251888 , MAPD:1.344173, R_squared:0.998422

2024-03-21 04:17:35,938 Epoch 44/300, Train Loss: 0.070933, Val Loss: 0.042467  
	Train = MSE:0.070904 , RMSE:0.266278 , MAE:0.205583 , MAPD:1.066140, R_squared:0.998773  
	Validation = MSE:0.042467 , RMSE:0.206075 , MAE:0.155145 , MAPD:0.881807, R_squared:0.999236

2024-03-21 04:18:07,992 Epoch 45/300, Train Loss: 0.089540, Val Loss: 0.058444  
	Train = MSE:0.089556 , RMSE:0.299259 , MAE:0.222813 , MAPD:1.142609, R_squared:0.998450  
	Validation = MSE:0.058444 , RMSE:0.241752 , MAE:0.177411 , MAPD:0.895233, R_squared:0.998948

2024-03-21 04:18:41,802 Epoch 46/300, Train Loss: 0.082019, Val Loss: 0.054222  
	Train = MSE:0.082038 , RMSE:0.286422 , MAE:0.214637 , MAPD:1.115715, R_squared:0.998580  
	Validation = MSE:0.054222 , RMSE:0.232857 , MAE:0.184102 , MAPD:0.964110, R_squared:0.999024

2024-03-21 04:19:15,159 Epoch 47/300, Train Loss: 0.125658, Val Loss: 0.046786  
	Train = MSE:0.125689 , RMSE:0.354526 , MAE:0.263581 , MAPD:1.346479, R_squared:0.997824  
	Validation = MSE:0.046786 , RMSE:0.216301 , MAE:0.159527 , MAPD:0.862250, R_squared:0.999158

2024-03-21 04:19:49,638 Epoch 48/300, Train Loss: 0.093236, Val Loss: 0.080948  
	Train = MSE:0.093247 , RMSE:0.305363 , MAE:0.229183 , MAPD:1.181143, R_squared:0.998386  
	Validation = MSE:0.080948 , RMSE:0.284514 , MAE:0.216356 , MAPD:1.132118, R_squared:0.998543

2024-03-21 04:20:26,620 Epoch 49/300, Train Loss: 0.073311, Val Loss: 0.038423  
	Train = MSE:0.073307 , RMSE:0.270753 , MAE:0.206308 , MAPD:1.060924, R_squared:0.998731  
	Validation = MSE:0.038423 , RMSE:0.196018 , MAE:0.142555 , MAPD:0.798211, R_squared:0.999309

2024-03-21 04:21:00,487 Epoch 50/300, Train Loss: 0.097909, Val Loss: 0.039065  
	Train = MSE:0.097898 , RMSE:0.312886 , MAE:0.239398 , MAPD:1.222879, R_squared:0.998305  
	Validation = MSE:0.039065 , RMSE:0.197649 , MAE:0.141630 , MAPD:0.774521, R_squared:0.999297

2024-03-21 04:21:32,936 Epoch 51/300, Train Loss: 0.090700, Val Loss: 0.102670  
	Train = MSE:0.090716 , RMSE:0.301191 , MAE:0.228383 , MAPD:1.175817, R_squared:0.998430  
	Validation = MSE:0.102670 , RMSE:0.320422 , MAE:0.286034 , MAPD:1.565715, R_squared:0.998153

2024-03-21 04:22:10,224 Epoch 52/300, Train Loss: 0.096146, Val Loss: 0.041911  
	Train = MSE:0.096117 , RMSE:0.310028 , MAE:0.228616 , MAPD:1.164261, R_squared:0.998336  
	Validation = MSE:0.041911 , RMSE:0.204723 , MAE:0.149553 , MAPD:0.809767, R_squared:0.999246

2024-03-21 04:22:45,609 Epoch 53/300, Train Loss: 0.067298, Val Loss: 0.042923  
	Train = MSE:0.067304 , RMSE:0.259431 , MAE:0.196594 , MAPD:1.008679, R_squared:0.998835  
	Validation = MSE:0.042923 , RMSE:0.207178 , MAE:0.152555 , MAPD:0.805398, R_squared:0.999228

2024-03-21 04:23:20,861 Epoch 54/300, Train Loss: 0.090714, Val Loss: 0.068981  
	Train = MSE:0.090674 , RMSE:0.301121 , MAE:0.230480 , MAPD:1.169799, R_squared:0.998430  
	Validation = MSE:0.068981 , RMSE:0.262643 , MAE:0.218644 , MAPD:1.155151, R_squared:0.998759

2024-03-21 04:23:57,879 Epoch 55/300, Train Loss: 0.094506, Val Loss: 0.045527  
	Train = MSE:0.094528 , RMSE:0.307454 , MAE:0.236648 , MAPD:1.235508, R_squared:0.998364  
	Validation = MSE:0.045527 , RMSE:0.213370 , MAE:0.163486 , MAPD:0.856739, R_squared:0.999181

2024-03-21 04:24:31,526 Epoch 56/300, Train Loss: 0.071574, Val Loss: 0.205511  
	Train = MSE:0.071580 , RMSE:0.267544 , MAE:0.204781 , MAPD:1.058354, R_squared:0.998761  
	Validation = MSE:0.205511 , RMSE:0.453333 , MAE:0.407344 , MAPD:2.130426, R_squared:0.996302

2024-03-21 04:25:07,369 Epoch 57/300, Train Loss: 0.178005, Val Loss: 0.065617  
	Train = MSE:0.178053 , RMSE:0.421964 , MAE:0.295891 , MAPD:1.497014, R_squared:0.996918  
	Validation = MSE:0.065617 , RMSE:0.256158 , MAE:0.194829 , MAPD:1.015099, R_squared:0.998819

2024-03-21 04:25:40,324 Epoch 58/300, Train Loss: 0.070833, Val Loss: 0.063741  
	Train = MSE:0.070846 , RMSE:0.266170 , MAE:0.200891 , MAPD:1.033852, R_squared:0.998774  
	Validation = MSE:0.063741 , RMSE:0.252470 , MAE:0.188248 , MAPD:0.991974, R_squared:0.998853

2024-03-21 04:26:16,720 Epoch 59/300, Train Loss: 0.072738, Val Loss: 0.056892  
	Train = MSE:0.072545 , RMSE:0.269342 , MAE:0.206110 , MAPD:1.052365, R_squared:0.998744  
	Validation = MSE:0.056892 , RMSE:0.238521 , MAE:0.192423 , MAPD:1.114455, R_squared:0.998976

2024-03-21 04:26:51,368 Epoch 60/300, Train Loss: 0.057072, Val Loss: 0.087151  
	Train = MSE:0.057073 , RMSE:0.238900 , MAE:0.183340 , MAPD:0.950113, R_squared:0.999012  
	Validation = MSE:0.087151 , RMSE:0.295213 , MAE:0.240957 , MAPD:1.251139, R_squared:0.998432

2024-03-21 04:27:24,735 Epoch 61/300, Train Loss: 0.095587, Val Loss: 0.099048  
	Train = MSE:0.095587 , RMSE:0.309171 , MAE:0.237594 , MAPD:1.213423, R_squared:0.998345  
	Validation = MSE:0.099048 , RMSE:0.314718 , MAE:0.276567 , MAPD:1.562742, R_squared:0.998218

2024-03-21 04:28:00,673 Epoch 62/300, Train Loss: 0.080207, Val Loss: 0.066128  
	Train = MSE:0.080219 , RMSE:0.283230 , MAE:0.212732 , MAPD:1.080555, R_squared:0.998611  
	Validation = MSE:0.066128 , RMSE:0.257153 , MAE:0.200657 , MAPD:1.166741, R_squared:0.998810

2024-03-21 04:28:35,071 Epoch 63/300, Train Loss: 0.069794, Val Loss: 0.089241  
	Train = MSE:0.069807 , RMSE:0.264209 , MAE:0.202134 , MAPD:1.039310, R_squared:0.998792  
	Validation = MSE:0.089241 , RMSE:0.298732 , MAE:0.262184 , MAPD:1.537369, R_squared:0.998394

2024-03-21 04:29:08,598 Epoch 64/300, Train Loss: 0.055216, Val Loss: 0.051478  
	Train = MSE:0.055223 , RMSE:0.234995 , MAE:0.180872 , MAPD:0.940360, R_squared:0.999044  
	Validation = MSE:0.051478 , RMSE:0.226887 , MAE:0.170981 , MAPD:0.905919, R_squared:0.999074

2024-03-21 04:29:42,807 Epoch 65/300, Train Loss: 0.074973, Val Loss: 0.076319  
	Train = MSE:0.074985 , RMSE:0.273833 , MAE:0.209687 , MAPD:1.071270, R_squared:0.998702  
	Validation = MSE:0.076319 , RMSE:0.276259 , MAE:0.225663 , MAPD:1.250647, R_squared:0.998627

2024-03-21 04:30:17,309 Epoch 66/300, Train Loss: 0.118668, Val Loss: 0.055131  
	Train = MSE:0.118670 , RMSE:0.344485 , MAE:0.252575 , MAPD:1.296796, R_squared:0.997946  
	Validation = MSE:0.055131 , RMSE:0.234799 , MAE:0.167797 , MAPD:0.853581, R_squared:0.999008

2024-03-21 04:30:50,870 Epoch 67/300, Train Loss: 0.092616, Val Loss: 0.108038  
	Train = MSE:0.092630 , RMSE:0.304352 , MAE:0.225721 , MAPD:1.151721, R_squared:0.998397  
	Validation = MSE:0.108038 , RMSE:0.328692 , MAE:0.240905 , MAPD:1.163139, R_squared:0.998056

2024-03-21 04:31:25,526 Epoch 68/300, Train Loss: 0.076473, Val Loss: 0.065429  
	Train = MSE:0.076493 , RMSE:0.276573 , MAE:0.211638 , MAPD:1.093640, R_squared:0.998676  
	Validation = MSE:0.065429 , RMSE:0.255792 , MAE:0.208236 , MAPD:1.063611, R_squared:0.998823

2024-03-21 04:32:01,082 Epoch 69/300, Train Loss: 0.110799, Val Loss: 0.039837  
	Train = MSE:0.110816 , RMSE:0.332891 , MAE:0.246945 , MAPD:1.261628, R_squared:0.998082  
	Validation = MSE:0.039837 , RMSE:0.199593 , MAE:0.155824 , MAPD:0.855666, R_squared:0.999283

2024-03-21 04:32:35,388 Epoch 70/300, Train Loss: 0.051789, Val Loss: 0.042862  
	Train = MSE:0.051787 , RMSE:0.227567 , MAE:0.173824 , MAPD:0.885431, R_squared:0.999104  
	Validation = MSE:0.042862 , RMSE:0.207033 , MAE:0.161484 , MAPD:0.866629, R_squared:0.999229

2024-03-21 04:33:10,264 Epoch 71/300, Train Loss: 0.062107, Val Loss: 0.049277  
	Train = MSE:0.062114 , RMSE:0.249226 , MAE:0.189309 , MAPD:0.970372, R_squared:0.998925  
	Validation = MSE:0.049277 , RMSE:0.221984 , MAE:0.183079 , MAPD:1.021262, R_squared:0.999113

2024-03-21 04:33:48,447 Epoch 72/300, Train Loss: 0.081323, Val Loss: 0.063884  
	Train = MSE:0.081294 , RMSE:0.285122 , MAE:0.214803 , MAPD:1.097115, R_squared:0.998593  
	Validation = MSE:0.063884 , RMSE:0.252753 , MAE:0.198199 , MAPD:1.197692, R_squared:0.998850

2024-03-21 04:34:22,603 Epoch 73/300, Train Loss: 0.092966, Val Loss: 0.033439  
	Train = MSE:0.092979 , RMSE:0.304924 , MAE:0.228953 , MAPD:1.162924, R_squared:0.998391  
	Validation = MSE:0.033439 , RMSE:0.182863 , MAE:0.137769 , MAPD:0.780850, R_squared:0.999398

2024-03-21 04:34:57,236 Epoch 74/300, Train Loss: 0.099651, Val Loss: 0.047136  
	Train = MSE:0.099681 , RMSE:0.315722 , MAE:0.217036 , MAPD:1.108286, R_squared:0.998275  
	Validation = MSE:0.047136 , RMSE:0.217109 , MAE:0.168388 , MAPD:0.955724, R_squared:0.999152

2024-03-21 04:35:31,589 Epoch 75/300, Train Loss: 0.058135, Val Loss: 0.043198  
	Train = MSE:0.058142 , RMSE:0.241127 , MAE:0.185150 , MAPD:0.951683, R_squared:0.998994  
	Validation = MSE:0.043198 , RMSE:0.207842 , MAE:0.151834 , MAPD:0.794790, R_squared:0.999223

2024-03-21 04:36:06,305 Epoch 76/300, Train Loss: 0.086205, Val Loss: 0.042943  
	Train = MSE:0.086200 , RMSE:0.293599 , MAE:0.209521 , MAPD:1.063259, R_squared:0.998508  
	Validation = MSE:0.042943 , RMSE:0.207227 , MAE:0.150975 , MAPD:0.792185, R_squared:0.999227

2024-03-21 04:36:39,814 Epoch 77/300, Train Loss: 0.071814, Val Loss: 0.035563  
	Train = MSE:0.071813 , RMSE:0.267979 , MAE:0.200807 , MAPD:1.023320, R_squared:0.998757  
	Validation = MSE:0.035563 , RMSE:0.188582 , MAE:0.134855 , MAPD:0.758762, R_squared:0.999360

2024-03-21 04:37:12,599 Epoch 78/300, Train Loss: 0.067371, Val Loss: 0.031771  
	Train = MSE:0.067371 , RMSE:0.259559 , MAE:0.193461 , MAPD:0.987690, R_squared:0.998834  
	Validation = MSE:0.031771 , RMSE:0.178245 , MAE:0.130689 , MAPD:0.721737, R_squared:0.999428

2024-03-21 04:37:49,510 Epoch 79/300, Train Loss: 0.065676, Val Loss: 0.060496  
	Train = MSE:0.065686 , RMSE:0.256293 , MAE:0.196253 , MAPD:1.002224, R_squared:0.998863  
	Validation = MSE:0.060496 , RMSE:0.245960 , MAE:0.184543 , MAPD:0.910283, R_squared:0.998911

2024-03-21 04:38:24,495 Epoch 80/300, Train Loss: 0.073499, Val Loss: 0.340544  
	Train = MSE:0.073418 , RMSE:0.270957 , MAE:0.207135 , MAPD:1.055497, R_squared:0.998729  
	Validation = MSE:0.340544 , RMSE:0.583562 , MAE:0.534591 , MAPD:2.722984, R_squared:0.993872

2024-03-21 04:38:57,604 Epoch 81/300, Train Loss: 0.078126, Val Loss: 0.057241  
	Train = MSE:0.078142 , RMSE:0.279539 , MAE:0.211854 , MAPD:1.080065, R_squared:0.998647  
	Validation = MSE:0.057241 , RMSE:0.239250 , MAE:0.186223 , MAPD:1.012051, R_squared:0.998970

2024-03-21 04:39:35,255 Epoch 82/300, Train Loss: 0.056693, Val Loss: 0.030559  
	Train = MSE:0.056703 , RMSE:0.238124 , MAE:0.180682 , MAPD:0.929953, R_squared:0.999018  
	Validation = MSE:0.030559 , RMSE:0.174813 , MAE:0.125647 , MAPD:0.694791, R_squared:0.999450

2024-03-21 04:40:08,986 Epoch 83/300, Train Loss: 0.080477, Val Loss: 0.574731  
	Train = MSE:0.080405 , RMSE:0.283558 , MAE:0.213842 , MAPD:1.091037, R_squared:0.998608  
	Validation = MSE:0.574731 , RMSE:0.758110 , MAE:0.705695 , MAPD:3.645108, R_squared:0.989658

2024-03-21 04:40:42,136 Epoch 84/300, Train Loss: 0.099343, Val Loss: 0.036390  
	Train = MSE:0.099357 , RMSE:0.315209 , MAE:0.227660 , MAPD:1.168422, R_squared:0.998280  
	Validation = MSE:0.036390 , RMSE:0.190761 , MAE:0.142350 , MAPD:0.796418, R_squared:0.999345

2024-03-21 04:41:17,811 Epoch 85/300, Train Loss: 0.055134, Val Loss: 0.043737  
	Train = MSE:0.055144 , RMSE:0.234828 , MAE:0.177593 , MAPD:0.906589, R_squared:0.999045  
	Validation = MSE:0.043737 , RMSE:0.209135 , MAE:0.167380 , MAPD:0.948511, R_squared:0.999213

2024-03-21 04:41:51,951 Epoch 86/300, Train Loss: 0.052535, Val Loss: 0.043689  
	Train = MSE:0.052548 , RMSE:0.229234 , MAE:0.174515 , MAPD:0.903598, R_squared:0.999090  
	Validation = MSE:0.043689 , RMSE:0.209020 , MAE:0.165748 , MAPD:0.910872, R_squared:0.999214

2024-03-21 04:42:27,002 Epoch 87/300, Train Loss: 0.091230, Val Loss: 0.187410  
	Train = MSE:0.091252 , RMSE:0.302080 , MAE:0.229103 , MAPD:1.159305, R_squared:0.998420  
	Validation = MSE:0.187410 , RMSE:0.432908 , MAE:0.396874 , MAPD:2.097563, R_squared:0.996628

2024-03-21 04:42:59,771 Epoch 88/300, Train Loss: 0.078292, Val Loss: 0.081028  
	Train = MSE:0.078286 , RMSE:0.279796 , MAE:0.206956 , MAPD:1.054224, R_squared:0.998645  
	Validation = MSE:0.081028 , RMSE:0.284654 , MAE:0.237857 , MAPD:1.387850, R_squared:0.998542

2024-03-21 04:43:33,642 Epoch 89/300, Train Loss: 0.052255, Val Loss: 0.053492  
	Train = MSE:0.052264 , RMSE:0.228614 , MAE:0.173687 , MAPD:0.895788, R_squared:0.999095  
	Validation = MSE:0.053492 , RMSE:0.231284 , MAE:0.184149 , MAPD:0.919203, R_squared:0.999037

2024-03-21 04:44:12,801 Epoch 90/300, Train Loss: 0.083584, Val Loss: 0.049476  
	Train = MSE:0.083518 , RMSE:0.288995 , MAE:0.219804 , MAPD:1.109063, R_squared:0.998554  
	Validation = MSE:0.049476 , RMSE:0.222432 , MAE:0.180818 , MAPD:1.003306, R_squared:0.999110

2024-03-21 04:44:47,748 Epoch 91/300, Train Loss: 0.057967, Val Loss: 0.051857  
	Train = MSE:0.057982 , RMSE:0.240795 , MAE:0.182081 , MAPD:0.928062, R_squared:0.998996  
	Validation = MSE:0.051857 , RMSE:0.227722 , MAE:0.167728 , MAPD:0.846001, R_squared:0.999067

2024-03-21 04:45:23,647 Epoch 92/300, Train Loss: 0.079420, Val Loss: 0.051934  
	Train = MSE:0.079432 , RMSE:0.281837 , MAE:0.209600 , MAPD:1.066824, R_squared:0.998625  
	Validation = MSE:0.051934 , RMSE:0.227890 , MAE:0.184537 , MAPD:0.977291, R_squared:0.999066

2024-03-21 04:46:01,570 Epoch 93/300, Train Loss: 0.080228, Val Loss: 0.361574  
	Train = MSE:0.080242 , RMSE:0.283271 , MAE:0.203548 , MAPD:1.045136, R_squared:0.998611  
	Validation = MSE:0.361574 , RMSE:0.601310 , MAE:0.522331 , MAPD:2.514124, R_squared:0.993494

2024-03-21 04:46:36,349 Epoch 94/300, Train Loss: 0.070290, Val Loss: 0.087997  
	Train = MSE:0.070297 , RMSE:0.265135 , MAE:0.200630 , MAPD:1.020518, R_squared:0.998783  
	Validation = MSE:0.087997 , RMSE:0.296643 , MAE:0.242074 , MAPD:1.487890, R_squared:0.998417

2024-03-21 04:47:10,285 Epoch 95/300, Train Loss: 0.059869, Val Loss: 0.050341  
	Train = MSE:0.059875 , RMSE:0.244694 , MAE:0.187418 , MAPD:0.963941, R_squared:0.998964  
	Validation = MSE:0.050341 , RMSE:0.224368 , MAE:0.168227 , MAPD:0.831673, R_squared:0.999094

2024-03-21 04:47:44,557 Epoch 96/300, Train Loss: 0.062239, Val Loss: 0.061975  
	Train = MSE:0.062249 , RMSE:0.249497 , MAE:0.190060 , MAPD:0.968820, R_squared:0.998922  
	Validation = MSE:0.061975 , RMSE:0.248948 , MAE:0.214019 , MAPD:1.203767, R_squared:0.998885

2024-03-21 04:48:17,289 Epoch 97/300, Train Loss: 0.061958, Val Loss: 0.049214  
	Train = MSE:0.061960 , RMSE:0.248918 , MAE:0.188469 , MAPD:0.964339, R_squared:0.998927  
	Validation = MSE:0.049214 , RMSE:0.221843 , MAE:0.161008 , MAPD:0.824027, R_squared:0.999114

2024-03-21 04:48:52,642 Epoch 98/300, Train Loss: 0.048112, Val Loss: 0.028261  
	Train = MSE:0.048124 , RMSE:0.219372 , MAE:0.167946 , MAPD:0.863228, R_squared:0.999167  
	Validation = MSE:0.028261 , RMSE:0.168110 , MAE:0.122280 , MAPD:0.682066, R_squared:0.999491

2024-03-21 04:49:26,313 Epoch 99/300, Train Loss: 0.075623, Val Loss: 0.088438  
	Train = MSE:0.075629 , RMSE:0.275008 , MAE:0.206132 , MAPD:1.060276, R_squared:0.998691  
	Validation = MSE:0.088438 , RMSE:0.297386 , MAE:0.263327 , MAPD:1.438462, R_squared:0.998409

2024-03-21 04:50:00,414 Epoch 100/300, Train Loss: 0.064076, Val Loss: 0.035352  
	Train = MSE:0.064078 , RMSE:0.253137 , MAE:0.191457 , MAPD:0.965151, R_squared:0.998891  
	Validation = MSE:0.035352 , RMSE:0.188020 , MAE:0.142807 , MAPD:0.791344, R_squared:0.999364

2024-03-21 04:50:35,326 Epoch 101/300, Train Loss: 0.047791, Val Loss: 0.031716  
	Train = MSE:0.047800 , RMSE:0.218632 , MAE:0.166694 , MAPD:0.861917, R_squared:0.999173  
	Validation = MSE:0.031716 , RMSE:0.178091 , MAE:0.133357 , MAPD:0.728139, R_squared:0.999429

2024-03-21 04:51:12,426 Epoch 102/300, Train Loss: 0.066288, Val Loss: 0.034546  
	Train = MSE:0.066236 , RMSE:0.257364 , MAE:0.197495 , MAPD:1.006779, R_squared:0.998853  
	Validation = MSE:0.034546 , RMSE:0.185866 , MAE:0.136367 , MAPD:0.735404, R_squared:0.999378

2024-03-21 04:51:44,957 Epoch 103/300, Train Loss: 0.064548, Val Loss: 0.088633  
	Train = MSE:0.064547 , RMSE:0.254061 , MAE:0.190525 , MAPD:0.962926, R_squared:0.998883  
	Validation = MSE:0.088633 , RMSE:0.297713 , MAE:0.242324 , MAPD:1.219789, R_squared:0.998405

2024-03-21 04:52:20,124 Epoch 104/300, Train Loss: 0.058203, Val Loss: 0.029023  
	Train = MSE:0.058199 , RMSE:0.241244 , MAE:0.180838 , MAPD:0.922988, R_squared:0.998993  
	Validation = MSE:0.029023 , RMSE:0.170362 , MAE:0.126611 , MAPD:0.701628, R_squared:0.999478

2024-03-21 04:52:52,657 Epoch 105/300, Train Loss: 0.068066, Val Loss: 0.063604  
	Train = MSE:0.068059 , RMSE:0.260882 , MAE:0.191213 , MAPD:0.972615, R_squared:0.998822  
	Validation = MSE:0.063604 , RMSE:0.252198 , MAE:0.201826 , MAPD:1.135054, R_squared:0.998856

2024-03-21 04:53:28,820 Epoch 106/300, Train Loss: 0.143193, Val Loss: 0.034919  
	Train = MSE:0.143211 , RMSE:0.378432 , MAE:0.277548 , MAPD:1.399414, R_squared:0.997521  
	Validation = MSE:0.034919 , RMSE:0.186865 , MAE:0.137627 , MAPD:0.750565, R_squared:0.999372

2024-03-21 04:54:03,729 Epoch 107/300, Train Loss: 0.055540, Val Loss: 0.037733  
	Train = MSE:0.055552 , RMSE:0.235694 , MAE:0.179233 , MAPD:0.921558, R_squared:0.999038  
	Validation = MSE:0.037733 , RMSE:0.194249 , MAE:0.147312 , MAPD:0.850546, R_squared:0.999321

2024-03-21 04:54:37,646 Epoch 108/300, Train Loss: 0.054697, Val Loss: 0.077242  
	Train = MSE:0.054710 , RMSE:0.233901 , MAE:0.178902 , MAPD:0.920603, R_squared:0.999053  
	Validation = MSE:0.077242 , RMSE:0.277924 , MAE:0.233896 , MAPD:1.260142, R_squared:0.998610

2024-03-21 04:55:13,583 Epoch 109/300, Train Loss: 0.082648, Val Loss: 0.076453  
	Train = MSE:0.082643 , RMSE:0.287477 , MAE:0.206632 , MAPD:1.046196, R_squared:0.998569  
	Validation = MSE:0.076453 , RMSE:0.276502 , MAE:0.212379 , MAPD:1.103517, R_squared:0.998624

2024-03-21 04:55:47,811 Epoch 110/300, Train Loss: 0.052635, Val Loss: 0.042245  
	Train = MSE:0.052638 , RMSE:0.229430 , MAE:0.172572 , MAPD:0.878152, R_squared:0.999089  
	Validation = MSE:0.042245 , RMSE:0.205536 , MAE:0.159967 , MAPD:0.894922, R_squared:0.999240

2024-03-21 04:56:23,437 Epoch 111/300, Train Loss: 0.040893, Val Loss: 0.051063  
	Train = MSE:0.040897 , RMSE:0.202230 , MAE:0.155970 , MAPD:0.813274, R_squared:0.999292  
	Validation = MSE:0.051063 , RMSE:0.225971 , MAE:0.174044 , MAPD:0.910859, R_squared:0.999081

2024-03-21 04:56:59,399 Epoch 112/300, Train Loss: 0.080349, Val Loss: 0.037377  
	Train = MSE:0.080364 , RMSE:0.283486 , MAE:0.214115 , MAPD:1.094226, R_squared:0.998609  
	Validation = MSE:0.037377 , RMSE:0.193331 , MAE:0.137052 , MAPD:0.708269, R_squared:0.999327

2024-03-21 04:57:34,109 Epoch 113/300, Train Loss: 0.066238, Val Loss: 0.041012  
	Train = MSE:0.066252 , RMSE:0.257395 , MAE:0.191932 , MAPD:0.976900, R_squared:0.998853  
	Validation = MSE:0.041012 , RMSE:0.202514 , MAE:0.154375 , MAPD:0.852748, R_squared:0.999262

2024-03-21 04:58:08,352 Epoch 114/300, Train Loss: 0.075650, Val Loss: 0.053029  
	Train = MSE:0.075548 , RMSE:0.274860 , MAE:0.206810 , MAPD:1.045153, R_squared:0.998692  
	Validation = MSE:0.053029 , RMSE:0.230281 , MAE:0.176320 , MAPD:0.924317, R_squared:0.999046

2024-03-21 04:58:40,805 Epoch 115/300, Train Loss: 0.050430, Val Loss: 0.035620  
	Train = MSE:0.050439 , RMSE:0.224587 , MAE:0.170540 , MAPD:0.875913, R_squared:0.999127  
	Validation = MSE:0.035620 , RMSE:0.188732 , MAE:0.141766 , MAPD:0.736949, R_squared:0.999359

2024-03-21 04:59:17,178 Epoch 116/300, Train Loss: 0.041236, Val Loss: 0.042823  
	Train = MSE:0.041246 , RMSE:0.203090 , MAE:0.153221 , MAPD:0.782469, R_squared:0.999286  
	Validation = MSE:0.042823 , RMSE:0.206938 , MAE:0.163759 , MAPD:0.918371, R_squared:0.999229

2024-03-21 04:59:49,867 Epoch 117/300, Train Loss: 0.051916, Val Loss: 0.042375  
	Train = MSE:0.051925 , RMSE:0.227872 , MAE:0.170630 , MAPD:0.873128, R_squared:0.999101  
	Validation = MSE:0.042375 , RMSE:0.205853 , MAE:0.152007 , MAPD:0.817609, R_squared:0.999237

2024-03-21 05:00:24,546 Epoch 118/300, Train Loss: 0.064005, Val Loss: 0.079906  
	Train = MSE:0.064004 , RMSE:0.252990 , MAE:0.188325 , MAPD:0.951483, R_squared:0.998892  
	Validation = MSE:0.079906 , RMSE:0.282676 , MAE:0.243604 , MAPD:1.457303, R_squared:0.998562

2024-03-21 05:00:59,697 Epoch 119/300, Train Loss: 0.049052, Val Loss: 0.071250  
	Train = MSE:0.049045 , RMSE:0.221462 , MAE:0.167729 , MAPD:0.854229, R_squared:0.999151  
	Validation = MSE:0.071250 , RMSE:0.266926 , MAE:0.198507 , MAPD:0.955990, R_squared:0.998718

2024-03-21 05:01:35,528 Epoch 120/300, Train Loss: 0.058620, Val Loss: 0.133842  
	Train = MSE:0.058627 , RMSE:0.242130 , MAE:0.181267 , MAPD:0.925558, R_squared:0.998985  
	Validation = MSE:0.133842 , RMSE:0.365845 , MAE:0.307050 , MAPD:1.506795, R_squared:0.997592

2024-03-21 05:02:11,055 Epoch 121/300, Train Loss: 0.099157, Val Loss: 0.038434  
	Train = MSE:0.099165 , RMSE:0.314905 , MAE:0.228945 , MAPD:1.145579, R_squared:0.998283  
	Validation = MSE:0.038434 , RMSE:0.196046 , MAE:0.154038 , MAPD:0.942658, R_squared:0.999308

2024-03-21 05:02:47,420 Epoch 122/300, Train Loss: 0.056549, Val Loss: 0.029695  
	Train = MSE:0.056564 , RMSE:0.237832 , MAE:0.179805 , MAPD:0.907047, R_squared:0.999021  
	Validation = MSE:0.029695 , RMSE:0.172321 , MAE:0.122192 , MAPD:0.648133, R_squared:0.999466

2024-03-21 05:03:19,596 Epoch 123/300, Train Loss: 0.057702, Val Loss: 0.044681  
	Train = MSE:0.057711 , RMSE:0.240230 , MAE:0.181160 , MAPD:0.913458, R_squared:0.999001  
	Validation = MSE:0.044681 , RMSE:0.211378 , MAE:0.169405 , MAPD:0.983198, R_squared:0.999196

2024-03-21 05:03:55,010 Epoch 124/300, Train Loss: 0.064388, Val Loss: 0.044409  
	Train = MSE:0.064324 , RMSE:0.253622 , MAE:0.192602 , MAPD:0.973002, R_squared:0.998887  
	Validation = MSE:0.044409 , RMSE:0.210735 , MAE:0.174356 , MAPD:0.942281, R_squared:0.999201

2024-03-21 05:04:29,281 Epoch 125/300, Train Loss: 0.060348, Val Loss: 0.040415  
	Train = MSE:0.060333 , RMSE:0.245627 , MAE:0.185752 , MAPD:0.942846, R_squared:0.998956  
	Validation = MSE:0.040415 , RMSE:0.201034 , MAE:0.156768 , MAPD:0.932700, R_squared:0.999273

2024-03-21 05:05:05,509 Epoch 126/300, Train Loss: 0.046377, Val Loss: 0.083218  
	Train = MSE:0.046372 , RMSE:0.215341 , MAE:0.162349 , MAPD:0.818149, R_squared:0.999197  
	Validation = MSE:0.083218 , RMSE:0.288475 , MAE:0.253029 , MAPD:1.365153, R_squared:0.998503

2024-03-21 05:05:42,141 Epoch 127/300, Train Loss: 0.057575, Val Loss: 0.042207  
	Train = MSE:0.057570 , RMSE:0.239938 , MAE:0.180565 , MAPD:0.913760, R_squared:0.999003  
	Validation = MSE:0.042207 , RMSE:0.205443 , MAE:0.156623 , MAPD:0.786435, R_squared:0.999241

2024-03-21 05:06:18,527 Epoch 128/300, Train Loss: 0.050251, Val Loss: 0.029884  
	Train = MSE:0.050253 , RMSE:0.224171 , MAE:0.172264 , MAPD:0.881506, R_squared:0.999130  
	Validation = MSE:0.029884 , RMSE:0.172871 , MAE:0.124274 , MAPD:0.654974, R_squared:0.999462

2024-03-21 05:06:59,550 Epoch 129/300, Train Loss: 0.069269, Val Loss: 0.030098  
	Train = MSE:0.069272 , RMSE:0.263195 , MAE:0.197876 , MAPD:0.984214, R_squared:0.998801  
	Validation = MSE:0.030098 , RMSE:0.173488 , MAE:0.130182 , MAPD:0.677916, R_squared:0.999458

2024-03-21 05:07:41,582 Epoch 130/300, Train Loss: 0.052186, Val Loss: 0.045784  
	Train = MSE:0.052180 , RMSE:0.228430 , MAE:0.172917 , MAPD:0.875942, R_squared:0.999097  
	Validation = MSE:0.045784 , RMSE:0.213973 , MAE:0.162547 , MAPD:0.860135, R_squared:0.999176

2024-03-21 05:08:25,960 Epoch 131/300, Train Loss: 0.051585, Val Loss: 0.035817  
	Train = MSE:0.051589 , RMSE:0.227133 , MAE:0.172629 , MAPD:0.886555, R_squared:0.999107  
	Validation = MSE:0.035817 , RMSE:0.189254 , MAE:0.141933 , MAPD:0.714946, R_squared:0.999356

2024-03-21 05:09:08,438 Epoch 132/300, Train Loss: 0.052429, Val Loss: 0.035381  
	Train = MSE:0.052434 , RMSE:0.228985 , MAE:0.171470 , MAPD:0.868077, R_squared:0.999092  
	Validation = MSE:0.035381 , RMSE:0.188099 , MAE:0.139469 , MAPD:0.714703, R_squared:0.999363

2024-03-21 05:09:46,472 Epoch 133/300, Train Loss: 0.076232, Val Loss: 0.052786  
	Train = MSE:0.076251 , RMSE:0.276137 , MAE:0.191164 , MAPD:0.974159, R_squared:0.998680  
	Validation = MSE:0.052786 , RMSE:0.229751 , MAE:0.178246 , MAPD:0.864767, R_squared:0.999050

2024-03-21 05:10:26,073 Epoch 134/300, Train Loss: 0.050984, Val Loss: 0.042081  
	Train = MSE:0.050947 , RMSE:0.225713 , MAE:0.170411 , MAPD:0.851300, R_squared:0.999118  
	Validation = MSE:0.042081 , RMSE:0.205137 , MAE:0.159345 , MAPD:0.878734, R_squared:0.999243

2024-03-21 05:11:08,156 Epoch 135/300, Train Loss: 0.083097, Val Loss: 0.045104  
	Train = MSE:0.083116 , RMSE:0.288298 , MAE:0.202303 , MAPD:1.015263, R_squared:0.998561  
	Validation = MSE:0.045104 , RMSE:0.212376 , MAE:0.167741 , MAPD:0.834390, R_squared:0.999188

2024-03-21 05:11:48,323 Epoch 136/300, Train Loss: 0.047629, Val Loss: 0.210192  
	Train = MSE:0.047630 , RMSE:0.218243 , MAE:0.165542 , MAPD:0.831717, R_squared:0.999176  
	Validation = MSE:0.210192 , RMSE:0.458467 , MAE:0.430545 , MAPD:2.357493, R_squared:0.996218

2024-03-21 05:12:28,168 Epoch 137/300, Train Loss: 0.052411, Val Loss: 0.026049  
	Train = MSE:0.052423 , RMSE:0.228961 , MAE:0.170618 , MAPD:0.852157, R_squared:0.999093  
	Validation = MSE:0.026049 , RMSE:0.161398 , MAE:0.117731 , MAPD:0.644879, R_squared:0.999531

2024-03-21 05:13:07,647 Epoch 138/300, Train Loss: 0.152809, Val Loss: 0.033257  
	Train = MSE:0.152849 , RMSE:0.390959 , MAE:0.248758 , MAPD:1.218107, R_squared:0.997354  
	Validation = MSE:0.033257 , RMSE:0.182365 , MAE:0.142170 , MAPD:0.802433, R_squared:0.999402

2024-03-21 05:13:45,008 Epoch 139/300, Train Loss: 0.041615, Val Loss: 0.110864  
	Train = MSE:0.041612 , RMSE:0.203991 , MAE:0.155518 , MAPD:0.793644, R_squared:0.999280  
	Validation = MSE:0.110864 , RMSE:0.332963 , MAE:0.290890 , MAPD:1.557640, R_squared:0.998005

2024-03-21 05:14:20,919 Epoch 140/300, Train Loss: 0.045009, Val Loss: 0.062869  
	Train = MSE:0.045016 , RMSE:0.212169 , MAE:0.158013 , MAPD:0.795340, R_squared:0.999221  
	Validation = MSE:0.062869 , RMSE:0.250737 , MAE:0.197811 , MAPD:1.013273, R_squared:0.998869

2024-03-21 05:14:47,567 Epoch 141/300, Train Loss: 0.044212, Val Loss: 0.038959  
	Train = MSE:0.044206 , RMSE:0.210252 , MAE:0.156808 , MAPD:0.801082, R_squared:0.999235  
	Validation = MSE:0.038959 , RMSE:0.197381 , MAE:0.148616 , MAPD:0.728324, R_squared:0.999299

2024-03-21 05:15:17,633 Epoch 142/300, Train Loss: 0.067124, Val Loss: 0.078592  
	Train = MSE:0.067121 , RMSE:0.259077 , MAE:0.190707 , MAPD:0.977601, R_squared:0.998838  
	Validation = MSE:0.078592 , RMSE:0.280342 , MAE:0.225954 , MAPD:1.423533, R_squared:0.998586

2024-03-21 05:15:48,003 Epoch 143/300, Train Loss: 0.050224, Val Loss: 0.053301  
	Train = MSE:0.050230 , RMSE:0.224121 , MAE:0.167311 , MAPD:0.837930, R_squared:0.999131  
	Validation = MSE:0.053301 , RMSE:0.230870 , MAE:0.161458 , MAPD:0.747574, R_squared:0.999041

2024-03-21 05:16:16,333 Epoch 144/300, Train Loss: 0.080416, Val Loss: 0.040350  
	Train = MSE:0.080424 , RMSE:0.283591 , MAE:0.207830 , MAPD:1.038206, R_squared:0.998608  
	Validation = MSE:0.040350 , RMSE:0.200873 , MAE:0.146734 , MAPD:0.732753, R_squared:0.999274

2024-03-21 05:16:43,904 Epoch 145/300, Train Loss: 0.043423, Val Loss: 0.020408  
	Train = MSE:0.043426 , RMSE:0.208389 , MAE:0.156553 , MAPD:0.783271, R_squared:0.999248  
	Validation = MSE:0.020408 , RMSE:0.142857 , MAE:0.101546 , MAPD:0.533202, R_squared:0.999633

2024-03-21 05:17:12,474 Epoch 146/300, Train Loss: 0.040083, Val Loss: 0.024493  
	Train = MSE:0.040091 , RMSE:0.200228 , MAE:0.149577 , MAPD:0.751115, R_squared:0.999306  
	Validation = MSE:0.024493 , RMSE:0.156503 , MAE:0.109147 , MAPD:0.588610, R_squared:0.999559

2024-03-21 05:17:38,402 Epoch 147/300, Train Loss: 0.072800, Val Loss: 0.058506  
	Train = MSE:0.072801 , RMSE:0.269817 , MAE:0.190521 , MAPD:0.956708, R_squared:0.998740  
	Validation = MSE:0.058506 , RMSE:0.241881 , MAE:0.184919 , MAPD:0.870496, R_squared:0.998947

2024-03-21 05:18:08,213 Epoch 148/300, Train Loss: 0.045636, Val Loss: 0.106611  
	Train = MSE:0.045627 , RMSE:0.213605 , MAE:0.160805 , MAPD:0.805838, R_squared:0.999210  
	Validation = MSE:0.106611 , RMSE:0.326514 , MAE:0.294646 , MAPD:1.587330, R_squared:0.998082

2024-03-21 05:18:32,084 Epoch 149/300, Train Loss: 0.056412, Val Loss: 0.032271  
	Train = MSE:0.056425 , RMSE:0.237540 , MAE:0.177353 , MAPD:0.891659, R_squared:0.999023  
	Validation = MSE:0.032271 , RMSE:0.179641 , MAE:0.136509 , MAPD:0.776571, R_squared:0.999419

2024-03-21 05:18:58,658 Epoch 150/300, Train Loss: 0.050577, Val Loss: 0.031349  
	Train = MSE:0.050586 , RMSE:0.224914 , MAE:0.169079 , MAPD:0.855591, R_squared:0.999124  
	Validation = MSE:0.031349 , RMSE:0.177056 , MAE:0.131965 , MAPD:0.678432, R_squared:0.999436

2024-03-21 05:19:23,575 Epoch 151/300, Train Loss: 0.067309, Val Loss: 0.033987  
	Train = MSE:0.067325 , RMSE:0.259471 , MAE:0.192526 , MAPD:0.964915, R_squared:0.998835  
	Validation = MSE:0.033987 , RMSE:0.184356 , MAE:0.136037 , MAPD:0.699618, R_squared:0.999388

2024-03-21 05:19:53,958 Epoch 152/300, Train Loss: 0.044044, Val Loss: 0.044698  
	Train = MSE:0.044033 , RMSE:0.209841 , MAE:0.151765 , MAPD:0.758618, R_squared:0.999238  
	Validation = MSE:0.044698 , RMSE:0.211420 , MAE:0.179845 , MAPD:1.016366, R_squared:0.999196

2024-03-21 05:20:18,971 Epoch 153/300, Train Loss: 0.045763, Val Loss: 0.026271  
	Train = MSE:0.045750 , RMSE:0.213892 , MAE:0.161766 , MAPD:0.822871, R_squared:0.999208  
	Validation = MSE:0.026271 , RMSE:0.162083 , MAE:0.121351 , MAPD:0.694479, R_squared:0.999527

2024-03-21 05:20:41,989 Epoch 154/300, Train Loss: 0.057528, Val Loss: 0.023640  
	Train = MSE:0.057537 , RMSE:0.239869 , MAE:0.173071 , MAPD:0.862613, R_squared:0.999004  
	Validation = MSE:0.023640 , RMSE:0.153752 , MAE:0.110169 , MAPD:0.577856, R_squared:0.999575

2024-03-21 05:21:08,733 Epoch 155/300, Train Loss: 0.045986, Val Loss: 0.132460  
	Train = MSE:0.045925 , RMSE:0.214300 , MAE:0.159616 , MAPD:0.811079, R_squared:0.999205  
	Validation = MSE:0.132460 , RMSE:0.363950 , MAE:0.325196 , MAPD:1.678164, R_squared:0.997617

2024-03-21 05:21:33,543 Epoch 156/300, Train Loss: 0.068687, Val Loss: 0.026062  
	Train = MSE:0.068700 , RMSE:0.262107 , MAE:0.179145 , MAPD:0.908628, R_squared:0.998811  
	Validation = MSE:0.026062 , RMSE:0.161436 , MAE:0.120138 , MAPD:0.653967, R_squared:0.999531

2024-03-21 05:21:56,474 Epoch 157/300, Train Loss: 0.057086, Val Loss: 0.139131  
	Train = MSE:0.057097 , RMSE:0.238950 , MAE:0.180476 , MAPD:0.904420, R_squared:0.999012  
	Validation = MSE:0.139131 , RMSE:0.373002 , MAE:0.322966 , MAPD:1.631748, R_squared:0.997496

2024-03-21 05:22:19,938 Epoch 158/300, Train Loss: 0.046053, Val Loss: 0.132950  
	Train = MSE:0.046028 , RMSE:0.214540 , MAE:0.161930 , MAPD:0.817727, R_squared:0.999203  
	Validation = MSE:0.132950 , RMSE:0.364623 , MAE:0.334800 , MAPD:1.907872, R_squared:0.997608

2024-03-21 05:22:45,767 Epoch 159/300, Train Loss: 0.078860, Val Loss: 0.057241  
	Train = MSE:0.078858 , RMSE:0.280817 , MAE:0.192430 , MAPD:0.960727, R_squared:0.998635  
	Validation = MSE:0.057241 , RMSE:0.239250 , MAE:0.185778 , MAPD:1.011171, R_squared:0.998970

2024-03-21 05:23:10,716 Epoch 160/300, Train Loss: 0.064750, Val Loss: 0.047564  
	Train = MSE:0.064725 , RMSE:0.254411 , MAE:0.177642 , MAPD:0.903448, R_squared:0.998880  
	Validation = MSE:0.047564 , RMSE:0.218092 , MAE:0.165858 , MAPD:1.061294, R_squared:0.999144

2024-03-21 05:23:33,735 Epoch 161/300, Train Loss: 0.034809, Val Loss: 0.037035  
	Train = MSE:0.034806 , RMSE:0.186565 , MAE:0.140857 , MAPD:0.726539, R_squared:0.999397  
	Validation = MSE:0.037035 , RMSE:0.192445 , MAE:0.139983 , MAPD:0.702353, R_squared:0.999334

2024-03-21 05:23:56,545 Epoch 162/300, Train Loss: 0.071174, Val Loss: 0.529830  
	Train = MSE:0.071097 , RMSE:0.266640 , MAE:0.198116 , MAPD:0.988563, R_squared:0.998769  
	Validation = MSE:0.529830 , RMSE:0.727894 , MAE:0.687677 , MAPD:3.610748, R_squared:0.990466

2024-03-21 05:24:18,792 Epoch 163/300, Train Loss: 0.093263, Val Loss: 0.031356  
	Train = MSE:0.093286 , RMSE:0.305428 , MAE:0.195444 , MAPD:0.989907, R_squared:0.998385  
	Validation = MSE:0.031356 , RMSE:0.177076 , MAE:0.135757 , MAPD:0.709138, R_squared:0.999436

2024-03-21 05:24:40,643 Epoch 164/300, Train Loss: 0.043541, Val Loss: 0.137054  
	Train = MSE:0.043548 , RMSE:0.208681 , MAE:0.155314 , MAPD:0.782925, R_squared:0.999246  
	Validation = MSE:0.137054 , RMSE:0.370208 , MAE:0.318071 , MAPD:1.534209, R_squared:0.997534

2024-03-21 05:25:02,140 Epoch 165/300, Train Loss: 0.048346, Val Loss: 0.027387  
	Train = MSE:0.048334 , RMSE:0.219850 , MAE:0.165894 , MAPD:0.835069, R_squared:0.999163  
	Validation = MSE:0.027387 , RMSE:0.165489 , MAE:0.132223 , MAPD:0.772568, R_squared:0.999507

2024-03-21 05:25:25,829 Epoch 166/300, Train Loss: 0.065495, Val Loss: 0.043742  
	Train = MSE:0.065503 , RMSE:0.255935 , MAE:0.184165 , MAPD:0.925591, R_squared:0.998866  
	Validation = MSE:0.043742 , RMSE:0.209146 , MAE:0.163738 , MAPD:1.003779, R_squared:0.999213

2024-03-21 05:25:46,542 Epoch 167/300, Train Loss: 0.045278, Val Loss: 0.056144  
	Train = MSE:0.045288 , RMSE:0.212809 , MAE:0.160186 , MAPD:0.815180, R_squared:0.999216  
	Validation = MSE:0.056144 , RMSE:0.236946 , MAE:0.194518 , MAPD:1.042153, R_squared:0.998990

2024-03-21 05:26:07,736 Epoch 168/300, Train Loss: 0.044909, Val Loss: 0.077208  
	Train = MSE:0.044906 , RMSE:0.211911 , MAE:0.159057 , MAPD:0.808332, R_squared:0.999223  
	Validation = MSE:0.077208 , RMSE:0.277864 , MAE:0.239987 , MAPD:1.396198, R_squared:0.998611

2024-03-21 05:26:29,094 Epoch 169/300, Train Loss: 0.057834, Val Loss: 0.089912  
	Train = MSE:0.057849 , RMSE:0.240519 , MAE:0.179336 , MAPD:0.917903, R_squared:0.998999  
	Validation = MSE:0.089912 , RMSE:0.299853 , MAE:0.251217 , MAPD:1.221101, R_squared:0.998382

2024-03-21 05:26:54,127 Epoch 170/300, Train Loss: 0.045783, Val Loss: 0.048305  
	Train = MSE:0.045786 , RMSE:0.213978 , MAE:0.162316 , MAPD:0.819639, R_squared:0.999207  
	Validation = MSE:0.048305 , RMSE:0.219784 , MAE:0.179125 , MAPD:0.999376, R_squared:0.999131

2024-03-21 05:27:16,158 Epoch 171/300, Train Loss: 0.045161, Val Loss: 0.147448  
	Train = MSE:0.045155 , RMSE:0.212496 , MAE:0.162284 , MAPD:0.819602, R_squared:0.999218  
	Validation = MSE:0.147448 , RMSE:0.383990 , MAE:0.336512 , MAPD:1.676460, R_squared:0.997347

2024-03-21 05:27:41,179 Epoch 172/300, Train Loss: 0.047957, Val Loss: 0.051171  
	Train = MSE:0.047937 , RMSE:0.218945 , MAE:0.162745 , MAPD:0.824080, R_squared:0.999170  
	Validation = MSE:0.051171 , RMSE:0.226210 , MAE:0.186641 , MAPD:1.134395, R_squared:0.999079

2024-03-21 05:28:01,277 Epoch 173/300, Train Loss: 0.038580, Val Loss: 0.055336  
	Train = MSE:0.038583 , RMSE:0.196425 , MAE:0.144841 , MAPD:0.731200, R_squared:0.999332  
	Validation = MSE:0.055336 , RMSE:0.235236 , MAE:0.181586 , MAPD:0.845916, R_squared:0.999004

2024-03-21 05:28:24,770 Epoch 174/300, Train Loss: 0.053327, Val Loss: 0.128219  
	Train = MSE:0.053334 , RMSE:0.230942 , MAE:0.168808 , MAPD:0.845722, R_squared:0.999077  
	Validation = MSE:0.128219 , RMSE:0.358077 , MAE:0.272771 , MAPD:1.213146, R_squared:0.997693

2024-03-21 05:28:48,418 Epoch 175/300, Train Loss: 0.055871, Val Loss: 0.145650  
	Train = MSE:0.055866 , RMSE:0.236359 , MAE:0.176917 , MAPD:0.903263, R_squared:0.999033  
	Validation = MSE:0.145650 , RMSE:0.381642 , MAE:0.308857 , MAPD:1.502934, R_squared:0.997379

2024-03-21 05:29:11,522 Epoch 176/300, Train Loss: 0.047874, Val Loss: 0.026440  
	Train = MSE:0.047882 , RMSE:0.218820 , MAE:0.163790 , MAPD:0.835781, R_squared:0.999171  
	Validation = MSE:0.026440 , RMSE:0.162603 , MAE:0.129727 , MAPD:0.712939, R_squared:0.999524

2024-03-21 05:29:32,451 Epoch 177/300, Train Loss: 0.099876, Val Loss: 0.036314  
	Train = MSE:0.099889 , RMSE:0.316052 , MAE:0.226288 , MAPD:1.115389, R_squared:0.998271  
	Validation = MSE:0.036314 , RMSE:0.190563 , MAE:0.155090 , MAPD:0.850495, R_squared:0.999347

2024-03-21 05:29:57,528 Epoch 178/300, Train Loss: 0.039651, Val Loss: 0.021788  
	Train = MSE:0.039657 , RMSE:0.199140 , MAE:0.148544 , MAPD:0.746522, R_squared:0.999314  
	Validation = MSE:0.021788 , RMSE:0.147609 , MAE:0.106463 , MAPD:0.579058, R_squared:0.999608

2024-03-21 05:30:24,171 Epoch 179/300, Train Loss: 0.033994, Val Loss: 0.023939  
	Train = MSE:0.033998 , RMSE:0.184385 , MAE:0.138499 , MAPD:0.704793, R_squared:0.999411  
	Validation = MSE:0.023939 , RMSE:0.154723 , MAE:0.114963 , MAPD:0.593756, R_squared:0.999569

2024-03-21 05:30:52,069 Epoch 180/300, Train Loss: 0.050056, Val Loss: 0.023348  
	Train = MSE:0.050053 , RMSE:0.223726 , MAE:0.166407 , MAPD:0.842271, R_squared:0.999134  
	Validation = MSE:0.023348 , RMSE:0.152801 , MAE:0.110314 , MAPD:0.590439, R_squared:0.999580

2024-03-21 05:31:18,332 Epoch 181/300, Train Loss: 0.062207, Val Loss: 0.026049  
	Train = MSE:0.062212 , RMSE:0.249424 , MAE:0.183987 , MAPD:0.937762, R_squared:0.998923  
	Validation = MSE:0.026049 , RMSE:0.161398 , MAE:0.118113 , MAPD:0.622153, R_squared:0.999531

2024-03-21 05:31:48,342 Epoch 182/300, Train Loss: 0.067688, Val Loss: 0.021899  
	Train = MSE:0.067703 , RMSE:0.260198 , MAE:0.186999 , MAPD:0.934652, R_squared:0.998828  
	Validation = MSE:0.021899 , RMSE:0.147981 , MAE:0.106230 , MAPD:0.555745, R_squared:0.999606

2024-03-21 05:32:13,280 Epoch 183/300, Train Loss: 0.071021, Val Loss: 0.066174  
	Train = MSE:0.071034 , RMSE:0.266522 , MAE:0.195957 , MAPD:0.976228, R_squared:0.998770  
	Validation = MSE:0.066174 , RMSE:0.257244 , MAE:0.217608 , MAPD:1.090188, R_squared:0.998809

2024-03-21 05:32:41,729 Epoch 184/300, Train Loss: 0.038305, Val Loss: 0.031173  
	Train = MSE:0.038305 , RMSE:0.195716 , MAE:0.143723 , MAPD:0.729541, R_squared:0.999337  
	Validation = MSE:0.031173 , RMSE:0.176558 , MAE:0.138292 , MAPD:0.788368, R_squared:0.999439

2024-03-21 05:33:04,844 Epoch 185/300, Train Loss: 0.053279, Val Loss: 0.047674  
	Train = MSE:0.053265 , RMSE:0.230791 , MAE:0.168125 , MAPD:0.851817, R_squared:0.999078  
	Validation = MSE:0.047674 , RMSE:0.218343 , MAE:0.162117 , MAPD:0.813961, R_squared:0.999142

2024-03-21 05:33:27,700 Epoch 186/300, Train Loss: 0.041662, Val Loss: 0.024832  
	Train = MSE:0.041660 , RMSE:0.204109 , MAE:0.153499 , MAPD:0.780109, R_squared:0.999279  
	Validation = MSE:0.024832 , RMSE:0.157582 , MAE:0.109959 , MAPD:0.578641, R_squared:0.999553

2024-03-21 05:33:49,074 Epoch 187/300, Train Loss: 0.047330, Val Loss: 0.186646  
	Train = MSE:0.047332 , RMSE:0.217559 , MAE:0.164853 , MAPD:0.835980, R_squared:0.999181  
	Validation = MSE:0.186646 , RMSE:0.432025 , MAE:0.366020 , MAPD:1.764066, R_squared:0.996641

2024-03-21 05:34:12,040 Epoch 188/300, Train Loss: 0.065892, Val Loss: 0.026225  
	Train = MSE:0.065900 , RMSE:0.256709 , MAE:0.187071 , MAPD:0.933316, R_squared:0.998859  
	Validation = MSE:0.026225 , RMSE:0.161942 , MAE:0.124874 , MAPD:0.725668, R_squared:0.999528

2024-03-21 05:34:36,376 Epoch 189/300, Train Loss: 0.078779, Val Loss: 0.035419  
	Train = MSE:0.078800 , RMSE:0.280713 , MAE:0.199082 , MAPD:1.012292, R_squared:0.998636  
	Validation = MSE:0.035419 , RMSE:0.188199 , MAE:0.138879 , MAPD:0.847908, R_squared:0.999363

2024-03-21 05:35:01,007 Epoch 190/300, Train Loss: 0.029782, Val Loss: 0.036049  
	Train = MSE:0.029775 , RMSE:0.172556 , MAE:0.131049 , MAPD:0.675221, R_squared:0.999485  
	Validation = MSE:0.036049 , RMSE:0.189864 , MAE:0.151082 , MAPD:0.864196, R_squared:0.999351

2024-03-21 05:35:22,909 Epoch 191/300, Train Loss: 0.043626, Val Loss: 0.025518  
	Train = MSE:0.043633 , RMSE:0.208885 , MAE:0.156050 , MAPD:0.791733, R_squared:0.999245  
	Validation = MSE:0.025518 , RMSE:0.159742 , MAE:0.112423 , MAPD:0.575435, R_squared:0.999541

2024-03-21 05:35:50,545 Epoch 192/300, Train Loss: 0.045835, Val Loss: 0.221174  
	Train = MSE:0.045834 , RMSE:0.214088 , MAE:0.158993 , MAPD:0.799288, R_squared:0.999207  
	Validation = MSE:0.221174 , RMSE:0.470292 , MAE:0.452040 , MAPD:2.589221, R_squared:0.996020

2024-03-21 05:36:12,640 Epoch 193/300, Train Loss: 0.051301, Val Loss: 0.028998  
	Train = MSE:0.051306 , RMSE:0.226508 , MAE:0.164378 , MAPD:0.834871, R_squared:0.999112  
	Validation = MSE:0.028998 , RMSE:0.170288 , MAE:0.122499 , MAPD:0.645142, R_squared:0.999478

2024-03-21 05:36:34,790 Epoch 194/300, Train Loss: 0.039804, Val Loss: 0.048975  
	Train = MSE:0.039809 , RMSE:0.199521 , MAE:0.148169 , MAPD:0.749418, R_squared:0.999311  
	Validation = MSE:0.048975 , RMSE:0.221304 , MAE:0.186481 , MAPD:0.974869, R_squared:0.999119

2024-03-21 05:36:58,862 Epoch 195/300, Train Loss: 0.070984, Val Loss: 0.033305  
	Train = MSE:0.070994 , RMSE:0.266448 , MAE:0.190754 , MAPD:0.955436, R_squared:0.998771  
	Validation = MSE:0.033305 , RMSE:0.182497 , MAE:0.152107 , MAPD:0.846309, R_squared:0.999401

2024-03-21 05:37:23,552 Epoch 196/300, Train Loss: 0.038385, Val Loss: 0.030631  
	Train = MSE:0.038389 , RMSE:0.195931 , MAE:0.146073 , MAPD:0.740415, R_squared:0.999335  
	Validation = MSE:0.030631 , RMSE:0.175016 , MAE:0.125532 , MAPD:0.650144, R_squared:0.999449

2024-03-21 05:37:45,667 Epoch 197/300, Train Loss: 0.041575, Val Loss: 0.044891  
	Train = MSE:0.041584 , RMSE:0.203922 , MAE:0.151076 , MAPD:0.758120, R_squared:0.999280  
	Validation = MSE:0.044891 , RMSE:0.211875 , MAE:0.167023 , MAPD:0.878394, R_squared:0.999192

2024-03-21 05:38:08,354 Epoch 198/300, Train Loss: 0.043601, Val Loss: 0.027339  
	Train = MSE:0.043609 , RMSE:0.208827 , MAE:0.156588 , MAPD:0.798856, R_squared:0.999245  
	Validation = MSE:0.027339 , RMSE:0.165344 , MAE:0.122630 , MAPD:0.719201, R_squared:0.999508

2024-03-21 05:38:31,726 Epoch 199/300, Train Loss: 0.049580, Val Loss: 0.050829  
	Train = MSE:0.049588 , RMSE:0.222683 , MAE:0.161837 , MAPD:0.817909, R_squared:0.999142  
	Validation = MSE:0.050829 , RMSE:0.225453 , MAE:0.162740 , MAPD:0.762458, R_squared:0.999085

2024-03-21 05:38:59,038 Epoch 200/300, Train Loss: 0.040628, Val Loss: 0.038724  
	Train = MSE:0.040634 , RMSE:0.201578 , MAE:0.152869 , MAPD:0.780351, R_squared:0.999297  
	Validation = MSE:0.038724 , RMSE:0.196784 , MAE:0.154185 , MAPD:0.816604, R_squared:0.999303

2024-03-21 05:39:22,813 Epoch 201/300, Train Loss: 0.052410, Val Loss: 0.057912  
	Train = MSE:0.052411 , RMSE:0.228934 , MAE:0.170880 , MAPD:0.869570, R_squared:0.999093  
	Validation = MSE:0.057912 , RMSE:0.240649 , MAE:0.176050 , MAPD:0.856324, R_squared:0.998958

2024-03-21 05:39:52,861 Epoch 202/300, Train Loss: 0.085530, Val Loss: 0.048226  
	Train = MSE:0.085546 , RMSE:0.292482 , MAE:0.203563 , MAPD:1.022814, R_squared:0.998519  
	Validation = MSE:0.048226 , RMSE:0.219605 , MAE:0.177120 , MAPD:0.943186, R_squared:0.999132

2024-03-21 05:40:12,927 Epoch 203/300, Train Loss: 0.052395, Val Loss: 0.028530  
	Train = MSE:0.052410 , RMSE:0.228933 , MAE:0.166245 , MAPD:0.851389, R_squared:0.999093  
	Validation = MSE:0.028530 , RMSE:0.168908 , MAE:0.128778 , MAPD:0.714888, R_squared:0.999487

2024-03-21 05:40:32,145 Epoch 204/300, Train Loss: 0.034376, Val Loss: 0.033174  
	Train = MSE:0.034380 , RMSE:0.185419 , MAE:0.138727 , MAPD:0.704848, R_squared:0.999405  
	Validation = MSE:0.033174 , RMSE:0.182136 , MAE:0.136195 , MAPD:0.704689, R_squared:0.999403

2024-03-21 05:40:52,939 Epoch 205/300, Train Loss: 0.038233, Val Loss: 0.023279  
	Train = MSE:0.038233 , RMSE:0.195532 , MAE:0.146486 , MAPD:0.750033, R_squared:0.999338  
	Validation = MSE:0.023279 , RMSE:0.152575 , MAE:0.109478 , MAPD:0.590357, R_squared:0.999581

2024-03-21 05:41:11,978 Epoch 206/300, Train Loss: 0.044039, Val Loss: 0.043587  
	Train = MSE:0.044021 , RMSE:0.209812 , MAE:0.156853 , MAPD:0.804231, R_squared:0.999238  
	Validation = MSE:0.043587 , RMSE:0.208774 , MAE:0.168399 , MAPD:0.978886, R_squared:0.999216

2024-03-21 05:41:29,907 Epoch 207/300, Train Loss: 0.032573, Val Loss: 0.027005  
	Train = MSE:0.032575 , RMSE:0.180485 , MAE:0.137527 , MAPD:0.714749, R_squared:0.999436  
	Validation = MSE:0.027005 , RMSE:0.164332 , MAE:0.116112 , MAPD:0.615584, R_squared:0.999514

2024-03-21 05:41:47,171 Epoch 208/300, Train Loss: 0.034404, Val Loss: 0.022371  
	Train = MSE:0.034376 , RMSE:0.185407 , MAE:0.140283 , MAPD:0.718568, R_squared:0.999405  
	Validation = MSE:0.022371 , RMSE:0.149569 , MAE:0.108411 , MAPD:0.592309, R_squared:0.999597

2024-03-21 05:42:04,412 Epoch 209/300, Train Loss: 0.054081, Val Loss: 0.117844  
	Train = MSE:0.054018 , RMSE:0.232417 , MAE:0.170630 , MAPD:0.863844, R_squared:0.999065  
	Validation = MSE:0.117844 , RMSE:0.343284 , MAE:0.235146 , MAPD:1.026514, R_squared:0.997880

2024-03-21 05:42:23,697 Epoch 210/300, Train Loss: 0.051170, Val Loss: 0.021260  
	Train = MSE:0.051170 , RMSE:0.226208 , MAE:0.163953 , MAPD:0.824322, R_squared:0.999114  
	Validation = MSE:0.021260 , RMSE:0.145809 , MAE:0.108226 , MAPD:0.606118, R_squared:0.999617

2024-03-21 05:42:41,209 Epoch 211/300, Train Loss: 0.042400, Val Loss: 0.129620  
	Train = MSE:0.042364 , RMSE:0.205825 , MAE:0.151425 , MAPD:0.772572, R_squared:0.999267  
	Validation = MSE:0.129620 , RMSE:0.360028 , MAE:0.259838 , MAPD:1.135165, R_squared:0.997668

2024-03-21 05:43:02,007 Epoch 212/300, Train Loss: 0.065374, Val Loss: 0.045184  
	Train = MSE:0.065372 , RMSE:0.255680 , MAE:0.183432 , MAPD:0.931315, R_squared:0.998868  
	Validation = MSE:0.045184 , RMSE:0.212564 , MAE:0.166810 , MAPD:0.833699, R_squared:0.999187

2024-03-21 05:43:19,497 Epoch 213/300, Train Loss: 0.041072, Val Loss: 0.044416  
	Train = MSE:0.041076 , RMSE:0.202673 , MAE:0.150932 , MAPD:0.772595, R_squared:0.999289  
	Validation = MSE:0.044416 , RMSE:0.210750 , MAE:0.157603 , MAPD:0.784493, R_squared:0.999201

2024-03-21 05:43:37,095 Epoch 214/300, Train Loss: 0.050167, Val Loss: 0.059314  
	Train = MSE:0.050142 , RMSE:0.223924 , MAE:0.166808 , MAPD:0.842146, R_squared:0.999132  
	Validation = MSE:0.059314 , RMSE:0.243544 , MAE:0.177869 , MAPD:0.813266, R_squared:0.998933

2024-03-21 05:43:56,614 Epoch 215/300, Train Loss: 0.037288, Val Loss: 0.043661  
	Train = MSE:0.037294 , RMSE:0.193117 , MAE:0.143155 , MAPD:0.730011, R_squared:0.999354  
	Validation = MSE:0.043661 , RMSE:0.208953 , MAE:0.163371 , MAPD:0.950552, R_squared:0.999214

2024-03-21 05:44:16,109 Epoch 216/300, Train Loss: 0.031105, Val Loss: 0.050674  
	Train = MSE:0.031108 , RMSE:0.176375 , MAE:0.133125 , MAPD:0.685957, R_squared:0.999462  
	Validation = MSE:0.050674 , RMSE:0.225109 , MAE:0.194325 , MAPD:1.042873, R_squared:0.999088

2024-03-21 05:44:33,275 Epoch 217/300, Train Loss: 0.051094, Val Loss: 0.158965  
	Train = MSE:0.051100 , RMSE:0.226053 , MAE:0.164944 , MAPD:0.853009, R_squared:0.999115  
	Validation = MSE:0.158965 , RMSE:0.398704 , MAE:0.333179 , MAPD:1.566354, R_squared:0.997140

2024-03-21 05:44:53,556 Epoch 218/300, Train Loss: 0.034535, Val Loss: 0.023661  
	Train = MSE:0.034543 , RMSE:0.185857 , MAE:0.140077 , MAPD:0.721816, R_squared:0.999402  
	Validation = MSE:0.023661 , RMSE:0.153823 , MAE:0.107648 , MAPD:0.588881, R_squared:0.999574

2024-03-21 05:45:11,210 Epoch 219/300, Train Loss: 0.036052, Val Loss: 0.054367  
	Train = MSE:0.036051 , RMSE:0.189872 , MAE:0.145438 , MAPD:0.754625, R_squared:0.999376  
	Validation = MSE:0.054367 , RMSE:0.233167 , MAE:0.195855 , MAPD:1.091034, R_squared:0.999022

2024-03-21 05:45:31,297 Epoch 220/300, Train Loss: 0.047926, Val Loss: 0.043346  
	Train = MSE:0.047929 , RMSE:0.218927 , MAE:0.157813 , MAPD:0.815787, R_squared:0.999170  
	Validation = MSE:0.043346 , RMSE:0.208198 , MAE:0.161263 , MAPD:0.924615, R_squared:0.999220

2024-03-21 05:45:50,216 Epoch 221/300, Train Loss: 0.035826, Val Loss: 0.020451  
	Train = MSE:0.035825 , RMSE:0.189276 , MAE:0.140461 , MAPD:0.713628, R_squared:0.999380  
	Validation = MSE:0.020451 , RMSE:0.143006 , MAE:0.103963 , MAPD:0.545796, R_squared:0.999632

2024-03-21 05:46:13,031 Epoch 222/300, Train Loss: 0.037226, Val Loss: 0.018592  
	Train = MSE:0.037236 , RMSE:0.192966 , MAE:0.139231 , MAPD:0.711634, R_squared:0.999355  
	Validation = MSE:0.018592 , RMSE:0.136351 , MAE:0.101380 , MAPD:0.528927, R_squared:0.999665

2024-03-21 05:46:30,682 Epoch 223/300, Train Loss: 0.101458, Val Loss: 0.023551  
	Train = MSE:0.101483 , RMSE:0.318563 , MAE:0.222650 , MAPD:1.117079, R_squared:0.998243  
	Validation = MSE:0.023551 , RMSE:0.153464 , MAE:0.118402 , MAPD:0.667262, R_squared:0.999576

2024-03-21 05:46:49,525 Epoch 224/300, Train Loss: 0.029361, Val Loss: 0.039157  
	Train = MSE:0.029367 , RMSE:0.171368 , MAE:0.126858 , MAPD:0.650716, R_squared:0.999492  
	Validation = MSE:0.039157 , RMSE:0.197880 , MAE:0.164117 , MAPD:0.869496, R_squared:0.999295

2024-03-21 05:47:09,082 Epoch 225/300, Train Loss: 0.032657, Val Loss: 0.036815  
	Train = MSE:0.032662 , RMSE:0.180726 , MAE:0.134878 , MAPD:0.685603, R_squared:0.999435  
	Validation = MSE:0.036815 , RMSE:0.191872 , MAE:0.140712 , MAPD:0.721925, R_squared:0.999338

2024-03-21 05:47:26,691 Epoch 226/300, Train Loss: 0.051237, Val Loss: 0.028657  
	Train = MSE:0.051242 , RMSE:0.226367 , MAE:0.164268 , MAPD:0.851087, R_squared:0.999113  
	Validation = MSE:0.028657 , RMSE:0.169283 , MAE:0.117848 , MAPD:0.587708, R_squared:0.999484

2024-03-21 05:47:46,042 Epoch 227/300, Train Loss: 0.047376, Val Loss: 0.030807  
	Train = MSE:0.047380 , RMSE:0.217670 , MAE:0.162207 , MAPD:0.831966, R_squared:0.999180  
	Validation = MSE:0.030807 , RMSE:0.175519 , MAE:0.144545 , MAPD:0.859102, R_squared:0.999446

2024-03-21 05:48:03,762 Epoch 228/300, Train Loss: 0.043795, Val Loss: 0.023166  
	Train = MSE:0.043797 , RMSE:0.209278 , MAE:0.156326 , MAPD:0.801299, R_squared:0.999242  
	Validation = MSE:0.023166 , RMSE:0.152204 , MAE:0.106407 , MAPD:0.548273, R_squared:0.999583

2024-03-21 05:48:23,911 Epoch 229/300, Train Loss: 0.045450, Val Loss: 0.040026  
	Train = MSE:0.045460 , RMSE:0.213213 , MAE:0.158622 , MAPD:0.817196, R_squared:0.999213  
	Validation = MSE:0.040026 , RMSE:0.200066 , MAE:0.161818 , MAPD:0.952111, R_squared:0.999280

2024-03-21 05:48:45,166 Epoch 230/300, Train Loss: 0.040369, Val Loss: 0.027726  
	Train = MSE:0.040364 , RMSE:0.200908 , MAE:0.148486 , MAPD:0.770818, R_squared:0.999301  
	Validation = MSE:0.027726 , RMSE:0.166510 , MAE:0.135282 , MAPD:0.771726, R_squared:0.999501

2024-03-21 05:49:02,624 Epoch 231/300, Train Loss: 0.032800, Val Loss: 0.026898  
	Train = MSE:0.032804 , RMSE:0.181118 , MAE:0.135682 , MAPD:0.698596, R_squared:0.999432  
	Validation = MSE:0.026898 , RMSE:0.164007 , MAE:0.122597 , MAPD:0.607329, R_squared:0.999516

2024-03-21 05:49:23,792 Epoch 232/300, Train Loss: 0.045920, Val Loss: 0.028238  
	Train = MSE:0.045930 , RMSE:0.214313 , MAE:0.160857 , MAPD:0.840419, R_squared:0.999205  
	Validation = MSE:0.028238 , RMSE:0.168041 , MAE:0.128391 , MAPD:0.656452, R_squared:0.999492

2024-03-21 05:49:41,954 Epoch 233/300, Train Loss: 0.029934, Val Loss: 0.026771  
	Train = MSE:0.029936 , RMSE:0.173021 , MAE:0.131603 , MAPD:0.676896, R_squared:0.999482  
	Validation = MSE:0.026771 , RMSE:0.163620 , MAE:0.120332 , MAPD:0.623724, R_squared:0.999518

2024-03-21 05:50:00,307 Epoch 234/300, Train Loss: 0.050697, Val Loss: 0.036920  
	Train = MSE:0.050708 , RMSE:0.225184 , MAE:0.170171 , MAPD:0.861516, R_squared:0.999122  
	Validation = MSE:0.036920 , RMSE:0.192145 , MAE:0.143306 , MAPD:0.722513, R_squared:0.999336

2024-03-21 05:50:20,295 Epoch 235/300, Train Loss: 0.038521, Val Loss: 0.041021  
	Train = MSE:0.038484 , RMSE:0.196172 , MAE:0.149277 , MAPD:0.766989, R_squared:0.999334  
	Validation = MSE:0.041021 , RMSE:0.202537 , MAE:0.164926 , MAPD:1.032502, R_squared:0.999262

2024-03-21 05:50:38,672 Epoch 236/300, Train Loss: 0.038401, Val Loss: 0.056969  
	Train = MSE:0.038411 , RMSE:0.195986 , MAE:0.146125 , MAPD:0.756428, R_squared:0.999335  
	Validation = MSE:0.056969 , RMSE:0.238682 , MAE:0.165876 , MAPD:0.788485, R_squared:0.998975

2024-03-21 05:50:57,549 Epoch 237/300, Train Loss: 0.025609, Val Loss: 0.034044  
	Train = MSE:0.025615 , RMSE:0.160047 , MAE:0.121202 , MAPD:0.627269, R_squared:0.999557  
	Validation = MSE:0.034044 , RMSE:0.184511 , MAE:0.137790 , MAPD:0.655984, R_squared:0.999387

2024-03-21 05:51:15,219 Epoch 238/300, Train Loss: 0.061462, Val Loss: 0.024062  
	Train = MSE:0.061466 , RMSE:0.247923 , MAE:0.180274 , MAPD:0.927036, R_squared:0.998936  
	Validation = MSE:0.024062 , RMSE:0.155120 , MAE:0.115947 , MAPD:0.683927, R_squared:0.999567

2024-03-21 05:51:34,250 Epoch 239/300, Train Loss: 0.046709, Val Loss: 0.026720  
	Train = MSE:0.046721 , RMSE:0.216150 , MAE:0.164054 , MAPD:0.845617, R_squared:0.999191  
	Validation = MSE:0.026720 , RMSE:0.163463 , MAE:0.121529 , MAPD:0.717403, R_squared:0.999519

2024-03-21 05:51:54,651 Epoch 240/300, Train Loss: 0.044148, Val Loss: 0.020719  
	Train = MSE:0.044153 , RMSE:0.210126 , MAE:0.151921 , MAPD:0.776845, R_squared:0.999236  
	Validation = MSE:0.020719 , RMSE:0.143942 , MAE:0.106532 , MAPD:0.597170, R_squared:0.999627

2024-03-21 05:52:13,295 Epoch 241/300, Train Loss: 0.032412, Val Loss: 0.019072  
	Train = MSE:0.032404 , RMSE:0.180011 , MAE:0.137876 , MAPD:0.723044, R_squared:0.999439  
	Validation = MSE:0.019072 , RMSE:0.138101 , MAE:0.103343 , MAPD:0.568747, R_squared:0.999657

2024-03-21 05:52:34,795 Epoch 242/300, Train Loss: 0.036884, Val Loss: 0.018916  
	Train = MSE:0.036891 , RMSE:0.192071 , MAE:0.147514 , MAPD:0.755158, R_squared:0.999361  
	Validation = MSE:0.018916 , RMSE:0.137537 , MAE:0.094711 , MAPD:0.512273, R_squared:0.999660

2024-03-21 05:52:53,679 Epoch 243/300, Train Loss: 0.029254, Val Loss: 0.034415  
	Train = MSE:0.029260 , RMSE:0.171056 , MAE:0.128564 , MAPD:0.660582, R_squared:0.999493  
	Validation = MSE:0.034415 , RMSE:0.185513 , MAE:0.142381 , MAPD:0.700308, R_squared:0.999381

2024-03-21 05:53:12,212 Epoch 244/300, Train Loss: 0.045457, Val Loss: 0.024729  
	Train = MSE:0.045450 , RMSE:0.213189 , MAE:0.161454 , MAPD:0.838916, R_squared:0.999213  
	Validation = MSE:0.024729 , RMSE:0.157255 , MAE:0.112923 , MAPD:0.590216, R_squared:0.999555

2024-03-21 05:53:34,863 Epoch 245/300, Train Loss: 0.035298, Val Loss: 0.024610  
	Train = MSE:0.035309 , RMSE:0.187906 , MAE:0.140166 , MAPD:0.716570, R_squared:0.999389  
	Validation = MSE:0.024610 , RMSE:0.156877 , MAE:0.117703 , MAPD:0.723392, R_squared:0.999557

2024-03-21 05:53:53,302 Epoch 246/300, Train Loss: 0.058922, Val Loss: 0.053420  
	Train = MSE:0.058888 , RMSE:0.242668 , MAE:0.177894 , MAPD:0.903163, R_squared:0.998981  
	Validation = MSE:0.053420 , RMSE:0.231128 , MAE:0.193749 , MAPD:0.991547, R_squared:0.999039

2024-03-21 05:54:11,302 Epoch 247/300, Train Loss: 0.026228, Val Loss: 0.030761  
	Train = MSE:0.026230 , RMSE:0.161958 , MAE:0.120623 , MAPD:0.609955, R_squared:0.999546  
	Validation = MSE:0.030761 , RMSE:0.175388 , MAE:0.137552 , MAPD:0.689117, R_squared:0.999446

2024-03-21 05:54:31,112 Epoch 248/300, Train Loss: 0.042736, Val Loss: 0.035764  
	Train = MSE:0.042746 , RMSE:0.206752 , MAE:0.154074 , MAPD:0.797707, R_squared:0.999260  
	Validation = MSE:0.035764 , RMSE:0.189113 , MAE:0.141452 , MAPD:0.738267, R_squared:0.999356

2024-03-21 05:54:50,141 Epoch 249/300, Train Loss: 0.035994, Val Loss: 0.057474  
	Train = MSE:0.035978 , RMSE:0.189678 , MAE:0.145233 , MAPD:0.747725, R_squared:0.999377  
	Validation = MSE:0.057474 , RMSE:0.239737 , MAE:0.207640 , MAPD:1.237211, R_squared:0.998966

2024-03-21 05:55:10,392 Epoch 250/300, Train Loss: 0.038380, Val Loss: 0.097749  
	Train = MSE:0.038385 , RMSE:0.195920 , MAE:0.147859 , MAPD:0.759299, R_squared:0.999336  
	Validation = MSE:0.097749 , RMSE:0.312648 , MAE:0.270821 , MAPD:1.359552, R_squared:0.998241

2024-03-21 05:55:30,547 Epoch 251/300, Train Loss: 0.040663, Val Loss: 0.021355  
	Train = MSE:0.040672 , RMSE:0.201673 , MAE:0.151950 , MAPD:0.784595, R_squared:0.999296  
	Validation = MSE:0.021355 , RMSE:0.146132 , MAE:0.107985 , MAPD:0.588075, R_squared:0.999616

2024-03-21 05:55:56,463 Epoch 252/300, Train Loss: 0.030148, Val Loss: 0.028666  
	Train = MSE:0.030122 , RMSE:0.173558 , MAE:0.130638 , MAPD:0.675930, R_squared:0.999479  
	Validation = MSE:0.028666 , RMSE:0.169310 , MAE:0.123644 , MAPD:0.600169, R_squared:0.999484

2024-03-21 05:56:17,358 Epoch 253/300, Train Loss: 0.063270, Val Loss: 0.038393  
	Train = MSE:0.063271 , RMSE:0.251538 , MAE:0.186474 , MAPD:0.952673, R_squared:0.998905  
	Validation = MSE:0.038393 , RMSE:0.195941 , MAE:0.164022 , MAPD:0.885373, R_squared:0.999309

2024-03-21 05:56:38,394 Epoch 254/300, Train Loss: 0.036532, Val Loss: 0.056878  
	Train = MSE:0.036511 , RMSE:0.191079 , MAE:0.139909 , MAPD:0.712558, R_squared:0.999368  
	Validation = MSE:0.056878 , RMSE:0.238492 , MAE:0.205332 , MAPD:1.207621, R_squared:0.998977

2024-03-21 05:56:59,414 Epoch 255/300, Train Loss: 0.050492, Val Loss: 0.022442  
	Train = MSE:0.050500 , RMSE:0.224723 , MAE:0.167665 , MAPD:0.860563, R_squared:0.999126  
	Validation = MSE:0.022442 , RMSE:0.149807 , MAE:0.106678 , MAPD:0.553476, R_squared:0.999596

2024-03-21 05:57:18,640 Epoch 256/300, Train Loss: 0.028752, Val Loss: 0.029317  
	Train = MSE:0.028753 , RMSE:0.169568 , MAE:0.127453 , MAPD:0.654622, R_squared:0.999502  
	Validation = MSE:0.029317 , RMSE:0.171223 , MAE:0.127735 , MAPD:0.717661, R_squared:0.999472

2024-03-21 05:57:39,211 Epoch 257/300, Train Loss: 0.032911, Val Loss: 0.022016  
	Train = MSE:0.032914 , RMSE:0.181421 , MAE:0.137559 , MAPD:0.697842, R_squared:0.999430  
	Validation = MSE:0.022016 , RMSE:0.148379 , MAE:0.111801 , MAPD:0.631992, R_squared:0.999604

2024-03-21 05:57:59,224 Epoch 258/300, Train Loss: 0.038441, Val Loss: 0.019984  
	Train = MSE:0.038432 , RMSE:0.196042 , MAE:0.144217 , MAPD:0.737994, R_squared:0.999335  
	Validation = MSE:0.019984 , RMSE:0.141366 , MAE:0.107742 , MAPD:0.600731, R_squared:0.999640

2024-03-21 05:58:17,955 Epoch 259/300, Train Loss: 0.039934, Val Loss: 0.019860  
	Train = MSE:0.039943 , RMSE:0.199857 , MAE:0.150440 , MAPD:0.778565, R_squared:0.999309  
	Validation = MSE:0.019860 , RMSE:0.140926 , MAE:0.098598 , MAPD:0.540962, R_squared:0.999643

2024-03-21 05:58:38,288 Epoch 260/300, Train Loss: 0.038636, Val Loss: 0.055318  
	Train = MSE:0.038642 , RMSE:0.196576 , MAE:0.147447 , MAPD:0.739516, R_squared:0.999331  
	Validation = MSE:0.055318 , RMSE:0.235198 , MAE:0.183174 , MAPD:0.898875, R_squared:0.999005

2024-03-21 05:59:00,649 Epoch 261/300, Train Loss: 0.032259, Val Loss: 0.018569  
	Train = MSE:0.032264 , RMSE:0.179621 , MAE:0.134698 , MAPD:0.687240, R_squared:0.999442  
	Validation = MSE:0.018569 , RMSE:0.136268 , MAE:0.099364 , MAPD:0.521259, R_squared:0.999666

2024-03-21 05:59:22,560 Epoch 262/300, Train Loss: 0.038900, Val Loss: 0.251820  
	Train = MSE:0.038875 , RMSE:0.197166 , MAE:0.143113 , MAPD:0.742384, R_squared:0.999327  
	Validation = MSE:0.251820 , RMSE:0.501817 , MAE:0.427566 , MAPD:2.727287, R_squared:0.995469

2024-03-21 05:59:41,860 Epoch 263/300, Train Loss: 0.101902, Val Loss: 0.018224  
	Train = MSE:0.101933 , RMSE:0.319269 , MAE:0.195061 , MAPD:0.998265, R_squared:0.998236  
	Validation = MSE:0.018224 , RMSE:0.134996 , MAE:0.100728 , MAPD:0.526474, R_squared:0.999672

2024-03-21 06:00:01,817 Epoch 264/300, Train Loss: 0.025978, Val Loss: 0.019103  
	Train = MSE:0.025980 , RMSE:0.161184 , MAE:0.121296 , MAPD:0.635279, R_squared:0.999550  
	Validation = MSE:0.019103 , RMSE:0.138214 , MAE:0.099207 , MAPD:0.519759, R_squared:0.999656

2024-03-21 06:00:21,901 Epoch 265/300, Train Loss: 0.032296, Val Loss: 0.018410  
	Train = MSE:0.032305 , RMSE:0.179735 , MAE:0.134745 , MAPD:0.697791, R_squared:0.999441  
	Validation = MSE:0.018410 , RMSE:0.135682 , MAE:0.099046 , MAPD:0.527183, R_squared:0.999669

2024-03-21 06:00:40,855 Epoch 266/300, Train Loss: 0.030787, Val Loss: 0.035862  
	Train = MSE:0.030769 , RMSE:0.175410 , MAE:0.131320 , MAPD:0.676126, R_squared:0.999467  
	Validation = MSE:0.035862 , RMSE:0.189373 , MAE:0.148770 , MAPD:0.732875, R_squared:0.999355

2024-03-21 06:00:59,839 Epoch 267/300, Train Loss: 0.037217, Val Loss: 0.059497  
	Train = MSE:0.037228 , RMSE:0.192945 , MAE:0.142087 , MAPD:0.721479, R_squared:0.999356  
	Validation = MSE:0.059497 , RMSE:0.243920 , MAE:0.210872 , MAPD:1.095162, R_squared:0.998929

2024-03-21 06:01:21,473 Epoch 268/300, Train Loss: 0.038878, Val Loss: 0.027400  
	Train = MSE:0.038871 , RMSE:0.197156 , MAE:0.148025 , MAPD:0.757096, R_squared:0.999327  
	Validation = MSE:0.027400 , RMSE:0.165529 , MAE:0.124475 , MAPD:0.654257, R_squared:0.999507

2024-03-21 06:01:43,188 Epoch 269/300, Train Loss: 0.033034, Val Loss: 0.022051  
	Train = MSE:0.033030 , RMSE:0.181742 , MAE:0.135364 , MAPD:0.701424, R_squared:0.999428  
	Validation = MSE:0.022051 , RMSE:0.148496 , MAE:0.117718 , MAPD:0.653144, R_squared:0.999603

2024-03-21 06:02:05,590 Epoch 270/300, Train Loss: 0.041624, Val Loss: 0.026967  
	Train = MSE:0.041629 , RMSE:0.204031 , MAE:0.152162 , MAPD:0.778519, R_squared:0.999279  
	Validation = MSE:0.026967 , RMSE:0.164217 , MAE:0.121021 , MAPD:0.643385, R_squared:0.999515

2024-03-21 06:02:28,037 Epoch 271/300, Train Loss: 0.049510, Val Loss: 0.091378  
	Train = MSE:0.049505 , RMSE:0.222498 , MAE:0.167026 , MAPD:0.858205, R_squared:0.999143  
	Validation = MSE:0.091378 , RMSE:0.302288 , MAE:0.226243 , MAPD:1.019718, R_squared:0.998356

2024-03-21 06:02:54,111 Epoch 272/300, Train Loss: 0.032375, Val Loss: 0.023135  
	Train = MSE:0.032371 , RMSE:0.179919 , MAE:0.134977 , MAPD:0.706821, R_squared:0.999440  
	Validation = MSE:0.023135 , RMSE:0.152102 , MAE:0.107524 , MAPD:0.544286, R_squared:0.999584

2024-03-21 06:03:17,678 Epoch 273/300, Train Loss: 0.084242, Val Loss: 0.076840  
	Train = MSE:0.084243 , RMSE:0.290247 , MAE:0.199777 , MAPD:1.014229, R_squared:0.998542  
	Validation = MSE:0.076840 , RMSE:0.277201 , MAE:0.232677 , MAPD:1.368323, R_squared:0.998617

2024-03-21 06:03:39,049 Epoch 274/300, Train Loss: 0.032918, Val Loss: 0.030216  
	Train = MSE:0.032926 , RMSE:0.181456 , MAE:0.134507 , MAPD:0.689432, R_squared:0.999430  
	Validation = MSE:0.030216 , RMSE:0.173828 , MAE:0.140914 , MAPD:0.849078, R_squared:0.999456

2024-03-21 06:04:02,878 Epoch 275/300, Train Loss: 0.025184, Val Loss: 0.015999  
	Train = MSE:0.025187 , RMSE:0.158705 , MAE:0.120904 , MAPD:0.627708, R_squared:0.999564  
	Validation = MSE:0.015999 , RMSE:0.126488 , MAE:0.091536 , MAPD:0.481933, R_squared:0.999712

2024-03-21 06:04:25,635 Epoch 276/300, Train Loss: 0.035031, Val Loss: 0.069147  
	Train = MSE:0.035035 , RMSE:0.187178 , MAE:0.139806 , MAPD:0.716060, R_squared:0.999394  
	Validation = MSE:0.069147 , RMSE:0.262958 , MAE:0.216811 , MAPD:1.186412, R_squared:0.998756

2024-03-21 06:04:50,727 Epoch 277/300, Train Loss: 0.032704, Val Loss: 0.030372  
	Train = MSE:0.032710 , RMSE:0.180860 , MAE:0.136723 , MAPD:0.696293, R_squared:0.999434  
	Validation = MSE:0.030372 , RMSE:0.174275 , MAE:0.135261 , MAPD:0.717449, R_squared:0.999453

2024-03-21 06:05:17,682 Epoch 278/300, Train Loss: 0.031906, Val Loss: 0.031552  
	Train = MSE:0.031906 , RMSE:0.178622 , MAE:0.134591 , MAPD:0.689360, R_squared:0.999448  
	Validation = MSE:0.031552 , RMSE:0.177629 , MAE:0.135625 , MAPD:0.684571, R_squared:0.999432

2024-03-21 06:05:44,223 Epoch 279/300, Train Loss: 0.051203, Val Loss: 0.018524  
	Train = MSE:0.051215 , RMSE:0.226308 , MAE:0.157983 , MAPD:0.805848, R_squared:0.999113  
	Validation = MSE:0.018524 , RMSE:0.136102 , MAE:0.101740 , MAPD:0.545497, R_squared:0.999667

2024-03-21 06:06:12,844 Epoch 280/300, Train Loss: 0.027656, Val Loss: 0.022019  
	Train = MSE:0.027652 , RMSE:0.166288 , MAE:0.124673 , MAPD:0.642827, R_squared:0.999521  
	Validation = MSE:0.022019 , RMSE:0.148390 , MAE:0.111650 , MAPD:0.604729, R_squared:0.999604

2024-03-21 06:06:37,386 Epoch 281/300, Train Loss: 0.047931, Val Loss: 0.043315  
	Train = MSE:0.047935 , RMSE:0.218940 , MAE:0.150939 , MAPD:0.777676, R_squared:0.999170  
	Validation = MSE:0.043315 , RMSE:0.208122 , MAE:0.163366 , MAPD:0.967430, R_squared:0.999221

2024-03-21 06:07:07,087 Epoch 282/300, Train Loss: 0.026108, Val Loss: 0.018452  
	Train = MSE:0.026103 , RMSE:0.161563 , MAE:0.120861 , MAPD:0.620490, R_squared:0.999548  
	Validation = MSE:0.018452 , RMSE:0.135837 , MAE:0.095858 , MAPD:0.507306, R_squared:0.999668

2024-03-21 06:07:30,529 Epoch 283/300, Train Loss: 0.031594, Val Loss: 0.021807  
	Train = MSE:0.031578 , RMSE:0.177703 , MAE:0.131350 , MAPD:0.688757, R_squared:0.999453  
	Validation = MSE:0.021807 , RMSE:0.147673 , MAE:0.105973 , MAPD:0.552744, R_squared:0.999608

2024-03-21 06:07:51,519 Epoch 284/300, Train Loss: 0.056360, Val Loss: 0.016981  
	Train = MSE:0.056375 , RMSE:0.237433 , MAE:0.175370 , MAPD:0.899566, R_squared:0.999024  
	Validation = MSE:0.016981 , RMSE:0.130309 , MAE:0.093214 , MAPD:0.479751, R_squared:0.999694

2024-03-21 06:08:14,043 Epoch 285/300, Train Loss: 0.042473, Val Loss: 0.017940  
	Train = MSE:0.042485 , RMSE:0.206119 , MAE:0.156379 , MAPD:0.798637, R_squared:0.999265  
	Validation = MSE:0.017940 , RMSE:0.133940 , MAE:0.097419 , MAPD:0.508375, R_squared:0.999677

2024-03-21 06:08:36,550 Epoch 286/300, Train Loss: 0.031813, Val Loss: 0.074001  
	Train = MSE:0.031816 , RMSE:0.178371 , MAE:0.133106 , MAPD:0.693733, R_squared:0.999449  
	Validation = MSE:0.074001 , RMSE:0.272031 , MAE:0.230626 , MAPD:1.427845, R_squared:0.998668

2024-03-21 06:08:57,098 Epoch 287/300, Train Loss: 0.032361, Val Loss: 0.032189  
	Train = MSE:0.032351 , RMSE:0.179864 , MAE:0.135325 , MAPD:0.686869, R_squared:0.999440  
	Validation = MSE:0.032189 , RMSE:0.179413 , MAE:0.140343 , MAPD:0.686951, R_squared:0.999421

2024-03-21 06:09:18,814 Epoch 288/300, Train Loss: 0.029374, Val Loss: 0.045035  
	Train = MSE:0.029379 , RMSE:0.171404 , MAE:0.128283 , MAPD:0.659183, R_squared:0.999491  
	Validation = MSE:0.045035 , RMSE:0.212214 , MAE:0.176200 , MAPD:1.014107, R_squared:0.999190

2024-03-21 06:09:41,095 Epoch 289/300, Train Loss: 0.028731, Val Loss: 0.026042  
	Train = MSE:0.028730 , RMSE:0.169498 , MAE:0.129044 , MAPD:0.665490, R_squared:0.999503  
	Validation = MSE:0.026042 , RMSE:0.161374 , MAE:0.124994 , MAPD:0.619651, R_squared:0.999531

2024-03-21 06:10:04,309 Epoch 290/300, Train Loss: 0.044222, Val Loss: 0.019849  
	Train = MSE:0.044232 , RMSE:0.210314 , MAE:0.153004 , MAPD:0.790972, R_squared:0.999234  
	Validation = MSE:0.019849 , RMSE:0.140888 , MAE:0.097170 , MAPD:0.508375, R_squared:0.999643

2024-03-21 06:10:27,376 Epoch 291/300, Train Loss: 0.038536, Val Loss: 0.043142  
	Train = MSE:0.038544 , RMSE:0.196326 , MAE:0.143066 , MAPD:0.726952, R_squared:0.999333  
	Validation = MSE:0.043142 , RMSE:0.207708 , MAE:0.173545 , MAPD:0.972829, R_squared:0.999224

2024-03-21 06:10:51,684 Epoch 292/300, Train Loss: 0.032309, Val Loss: 0.037078  
	Train = MSE:0.032314 , RMSE:0.179761 , MAE:0.135592 , MAPD:0.701713, R_squared:0.999441  
	Validation = MSE:0.037078 , RMSE:0.192555 , MAE:0.160004 , MAPD:0.816191, R_squared:0.999333

2024-03-21 06:11:15,675 Epoch 293/300, Train Loss: 0.034731, Val Loss: 0.033383  
	Train = MSE:0.034736 , RMSE:0.186376 , MAE:0.139238 , MAPD:0.697422, R_squared:0.999399  
	Validation = MSE:0.033383 , RMSE:0.182710 , MAE:0.149879 , MAPD:0.818680, R_squared:0.999399

2024-03-21 06:11:36,394 Epoch 294/300, Train Loss: 0.040136, Val Loss: 0.075167  
	Train = MSE:0.040148 , RMSE:0.200370 , MAE:0.153273 , MAPD:0.792237, R_squared:0.999305  
	Validation = MSE:0.075167 , RMSE:0.274166 , MAE:0.206553 , MAPD:0.932533, R_squared:0.998647

2024-03-21 06:11:58,979 Epoch 295/300, Train Loss: 0.042010, Val Loss: 0.037070  
	Train = MSE:0.041990 , RMSE:0.204915 , MAE:0.156323 , MAPD:0.798165, R_squared:0.999273  
	Validation = MSE:0.037070 , RMSE:0.192535 , MAE:0.153729 , MAPD:0.766021, R_squared:0.999333

2024-03-21 06:12:20,512 Epoch 296/300, Train Loss: 0.037157, Val Loss: 0.018220  
	Train = MSE:0.037163 , RMSE:0.192778 , MAE:0.144741 , MAPD:0.734263, R_squared:0.999357  
	Validation = MSE:0.018220 , RMSE:0.134981 , MAE:0.096988 , MAPD:0.507622, R_squared:0.999672

2024-03-21 06:12:42,291 Epoch 297/300, Train Loss: 0.038977, Val Loss: 0.024280  
	Train = MSE:0.038980 , RMSE:0.197432 , MAE:0.145092 , MAPD:0.751736, R_squared:0.999325  
	Validation = MSE:0.024280 , RMSE:0.155821 , MAE:0.112429 , MAPD:0.670621, R_squared:0.999563

2024-03-21 06:13:06,951 Epoch 298/300, Train Loss: 0.039949, Val Loss: 0.024076  
	Train = MSE:0.039951 , RMSE:0.199877 , MAE:0.147408 , MAPD:0.749894, R_squared:0.999308  
	Validation = MSE:0.024076 , RMSE:0.155166 , MAE:0.117019 , MAPD:0.644817, R_squared:0.999567

2024-03-21 06:13:28,501 Epoch 299/300, Train Loss: 0.032738, Val Loss: 0.019453  
	Train = MSE:0.032746 , RMSE:0.180958 , MAE:0.131550 , MAPD:0.666961, R_squared:0.999433  
	Validation = MSE:0.019453 , RMSE:0.139473 , MAE:0.104502 , MAPD:0.538603, R_squared:0.999650

2024-03-21 06:13:49,509 Epoch 300/300, Train Loss: 0.033478, Val Loss: 0.041134  
	Train = MSE:0.033470 , RMSE:0.182947 , MAE:0.134301 , MAPD:0.686351, R_squared:0.999421  
	Validation = MSE:0.041134 , RMSE:0.202816 , MAE:0.156688 , MAPD:0.786500, R_squared:0.999260

2024-03-21 06:13:49,514 Time for training the model: 8497.204001
2024-03-21 06:13:58,151 MSE for train: 0.036216
2024-03-21 06:13:58,151 RMSE for train: 0.190306
2024-03-21 06:13:58,152 MAE for train: 0.150648
2024-03-21 06:13:58,152 MAPD for train: 0.729330
2024-03-21 06:13:58,152 R^2 Score for train: 0.999373
2024-03-21 06:13:58,156 Inference time for train dataset: 7.332998

2024-03-21 06:13:59,018 MSE for val: 0.041134
2024-03-21 06:13:59,018 RMSE for val: 0.202816
2024-03-21 06:13:59,018 MAE for val: 0.156688
2024-03-21 06:13:59,018 MAPD for val: 0.786500
2024-03-21 06:13:59,018 R^2 Score for val: 0.999260
2024-03-21 06:13:59,024 Inference time for val dataset: 0.862000

2024-03-21 06:13:59,867 MSE for test: 0.042820
2024-03-21 06:13:59,867 RMSE for test: 0.206929
2024-03-21 06:13:59,867 MAE for test: 0.161267
2024-03-21 06:13:59,867 MAPD for test: 0.753888
2024-03-21 06:13:59,867 R^2 Score for test: 0.999293
2024-03-21 06:13:59,871 Inference time for test dataset: 0.843000

2024-03-21 06:14:04,019 Train label average: , [20.62097221]
2024-03-21 06:14:04,019 Test label average: , [21.41736175]
2024-03-21 06:14:04,019 validation label average: , [20.14607025]
2024-03-21 06:14:04,020 predicted (on validation dataset) values average: , 21.2744482421875
