2024-03-21 03:39:34,335 train batches in dataset: 200
2024-03-21 03:39:34,335 val batches in dataset: 25
2024-03-21 03:39:34,335 test batches in dataset: 25
2024-03-21 03:39:34,360 Trainable parameter: net_core.0.weight - size: torch.Size([256, 35])
2024-03-21 03:39:34,380 Trainable parameter: net_core.0.bias - size: torch.Size([256])
2024-03-21 03:39:34,570 Trainable parameter: net_core.1.weight - size: torch.Size([128, 256])
2024-03-21 03:39:34,572 Trainable parameter: net_core.1.bias - size: torch.Size([128])
2024-03-21 03:39:34,575 Trainable parameter: net_core.2.weight - size: torch.Size([64, 128])
2024-03-21 03:39:34,577 Trainable parameter: net_core.2.bias - size: torch.Size([64])
2024-03-21 03:39:34,579 Trainable parameter: net_core.3.weight - size: torch.Size([16, 64])
2024-03-21 03:39:34,584 Trainable parameter: net_core.3.bias - size: torch.Size([16])
2024-03-21 03:39:34,586 Trainable parameter: net_core.4.weight - size: torch.Size([1, 16])
2024-03-21 03:39:34,588 Trainable parameter: net_core.4.bias - size: torch.Size([1])
2024-03-21 03:39:34,590 Number of trainable parameters: 51425
2024-03-21 03:39:34,591 Number of non-trainable parameters: 0
2024-03-21 03:39:54,378 Epoch 1/300, Train Loss: 155.570724, Val Loss: 0.755124  
	Train = MSE:155.619232 , RMSE:12.474744 , MAE:3.119496 , MAPD:16.919019, R_squared:-1.693795  
	Validation = MSE:0.755124 , RMSE:0.868979 , MAE:0.675219 , MAPD:3.312507, R_squared:0.986412

2024-03-21 03:40:12,574 Epoch 2/300, Train Loss: 1.886840, Val Loss: 1.154755  
	Train = MSE:1.887308 , RMSE:1.373793 , MAE:1.032617 , MAPD:5.151049, R_squared:0.967330  
	Validation = MSE:1.154755 , RMSE:1.074595 , MAE:0.919771 , MAPD:4.591088, R_squared:0.979221

2024-03-21 03:40:29,373 Epoch 3/300, Train Loss: 0.365618, Val Loss: 0.188885  
	Train = MSE:0.365663 , RMSE:0.604701 , MAE:0.457393 , MAPD:2.383834, R_squared:0.993670  
	Validation = MSE:0.188885 , RMSE:0.434608 , MAE:0.317353 , MAPD:1.829891, R_squared:0.996601

2024-03-21 03:40:45,136 Epoch 4/300, Train Loss: 0.854498, Val Loss: 1.970448  
	Train = MSE:0.854613 , RMSE:0.924453 , MAE:0.679194 , MAPD:3.397243, R_squared:0.985207  
	Validation = MSE:1.970448 , RMSE:1.403726 , MAE:1.163413 , MAPD:5.350920, R_squared:0.964544

2024-03-21 03:41:00,384 Epoch 5/300, Train Loss: 0.468983, Val Loss: 0.579265  
	Train = MSE:0.469076 , RMSE:0.684891 , MAE:0.519138 , MAPD:2.617261, R_squared:0.991880  
	Validation = MSE:0.579265 , RMSE:0.761094 , MAE:0.553237 , MAPD:2.596294, R_squared:0.989577

2024-03-21 03:41:17,559 Epoch 6/300, Train Loss: 0.826569, Val Loss: 0.852503  
	Train = MSE:0.825974 , RMSE:0.908831 , MAE:0.669960 , MAPD:3.355155, R_squared:0.985702  
	Validation = MSE:0.852503 , RMSE:0.923311 , MAE:0.796150 , MAPD:4.328494, R_squared:0.984660

2024-03-21 03:41:32,451 Epoch 7/300, Train Loss: 0.840126, Val Loss: 0.237022  
	Train = MSE:0.840115 , RMSE:0.916578 , MAE:0.686527 , MAPD:3.435082, R_squared:0.985457  
	Validation = MSE:0.237022 , RMSE:0.486849 , MAE:0.412839 , MAPD:2.330600, R_squared:0.995735

2024-03-21 03:41:48,613 Epoch 8/300, Train Loss: 0.873284, Val Loss: 1.188821  
	Train = MSE:0.873505 , RMSE:0.934615 , MAE:0.702907 , MAPD:3.481082, R_squared:0.984879  
	Validation = MSE:1.188821 , RMSE:1.090331 , MAE:0.992061 , MAPD:5.192368, R_squared:0.978608

2024-03-21 03:42:05,073 Epoch 9/300, Train Loss: 1.740655, Val Loss: 1.648292  
	Train = MSE:1.740800 , RMSE:1.319394 , MAE:0.988685 , MAPD:4.915974, R_squared:0.969866  
	Validation = MSE:1.648292 , RMSE:1.283858 , MAE:1.079029 , MAPD:5.117359, R_squared:0.970341

2024-03-21 03:42:19,628 Epoch 10/300, Train Loss: 2.413005, Val Loss: 2.042148  
	Train = MSE:2.413351 , RMSE:1.553496 , MAE:1.051327 , MAPD:5.239403, R_squared:0.958224  
	Validation = MSE:2.042148 , RMSE:1.429037 , MAE:1.257958 , MAPD:6.535322, R_squared:0.963254

2024-03-21 03:42:38,241 Epoch 11/300, Train Loss: 0.548343, Val Loss: 1.345909  
	Train = MSE:0.548417 , RMSE:0.740552 , MAE:0.559642 , MAPD:2.820533, R_squared:0.990507  
	Validation = MSE:1.345909 , RMSE:1.160133 , MAE:1.040556 , MAPD:5.491178, R_squared:0.975782

2024-03-21 03:42:56,234 Epoch 12/300, Train Loss: 0.967249, Val Loss: 0.395486  
	Train = MSE:0.967350 , RMSE:0.983539 , MAE:0.760991 , MAPD:3.791939, R_squared:0.983255  
	Validation = MSE:0.395486 , RMSE:0.628876 , MAE:0.473111 , MAPD:2.396986, R_squared:0.992884

2024-03-21 03:43:11,411 Epoch 13/300, Train Loss: 0.642933, Val Loss: 0.676012  
	Train = MSE:0.642975 , RMSE:0.801857 , MAE:0.620663 , MAPD:3.100045, R_squared:0.988870  
	Validation = MSE:0.676012 , RMSE:0.822200 , MAE:0.657661 , MAPD:3.260235, R_squared:0.987836

2024-03-21 03:43:27,734 Epoch 14/300, Train Loss: 69.119396, Val Loss: 57.385487  
	Train = MSE:69.119850 , RMSE:8.313835 , MAE:6.087451 , MAPD:31.668010, R_squared:-0.196476  
	Validation = MSE:57.385487 , RMSE:7.575321 , MAE:5.780542 , MAPD:29.273987, R_squared:-0.032597

2024-03-21 03:43:44,527 Epoch 15/300, Train Loss: 61.794278, Val Loss: 57.084625  
	Train = MSE:61.803787 , RMSE:7.861538 , MAE:6.364048 , MAPD:33.816858, R_squared:-0.069834  
	Validation = MSE:57.084629 , RMSE:7.555437 , MAE:5.793380 , MAPD:29.524196, R_squared:-0.027183

2024-03-21 03:44:01,222 Epoch 16/300, Train Loss: 59.150842, Val Loss: 55.759364  
	Train = MSE:59.145870 , RMSE:7.690635 , MAE:6.245714 , MAPD:33.306767, R_squared:-0.023825  
	Validation = MSE:55.759365 , RMSE:7.467219 , MAE:6.135111 , MAPD:33.901561, R_squared:-0.003336

2024-03-21 03:44:17,113 Epoch 17/300, Train Loss: 59.698710, Val Loss: 57.777903  
	Train = MSE:59.696320 , RMSE:7.726339 , MAE:6.273041 , MAPD:33.370698, R_squared:-0.033353  
	Validation = MSE:57.777901 , RMSE:7.601178 , MAE:6.492300 , MAPD:37.371370, R_squared:-0.039658

2024-03-21 03:44:33,155 Epoch 18/300, Train Loss: 58.860705, Val Loss: 56.876075  
	Train = MSE:58.854992 , RMSE:7.671701 , MAE:6.254178 , MAPD:33.587139, R_squared:-0.018790  
	Validation = MSE:56.876076 , RMSE:7.541623 , MAE:5.804117 , MAPD:29.718271, R_squared:-0.023431

2024-03-21 03:44:49,802 Epoch 19/300, Train Loss: 59.397592, Val Loss: 56.895878  
	Train = MSE:59.397171 , RMSE:7.706956 , MAE:6.247972 , MAPD:33.306304, R_squared:-0.028175  
	Validation = MSE:56.895878 , RMSE:7.542936 , MAE:6.372434 , MAPD:36.238784, R_squared:-0.023787

2024-03-21 03:45:03,939 Epoch 20/300, Train Loss: 58.885006, Val Loss: 59.122188  
	Train = MSE:58.885193 , RMSE:7.673669 , MAE:6.243107 , MAPD:33.291118, R_squared:-0.019313  
	Validation = MSE:59.122189 , RMSE:7.689095 , MAE:6.641935 , MAPD:38.752552, R_squared:-0.063847

2024-03-21 03:45:21,572 Epoch 21/300, Train Loss: 58.439370, Val Loss: 55.630655  
	Train = MSE:58.440952 , RMSE:7.644668 , MAE:6.216032 , MAPD:33.314876, R_squared:-0.011623  
	Validation = MSE:55.630653 , RMSE:7.458596 , MAE:5.968975 , MAPD:31.994110, R_squared:-0.001020

2024-03-21 03:45:41,831 Epoch 22/300, Train Loss: 58.521914, Val Loss: 56.214081  
	Train = MSE:58.520035 , RMSE:7.649839 , MAE:6.225023 , MAPD:33.278266, R_squared:-0.012992  
	Validation = MSE:56.214077 , RMSE:7.497605 , MAE:6.252611 , MAPD:35.081162, R_squared:-0.011519

2024-03-21 03:45:56,738 Epoch 23/300, Train Loss: 58.087674, Val Loss: 55.796807  
	Train = MSE:58.092918 , RMSE:7.621871 , MAE:6.245900 , MAPD:33.617983, R_squared:-0.005598  
	Validation = MSE:55.796806 , RMSE:7.469726 , MAE:6.147763 , MAPD:34.031390, R_squared:-0.004010

2024-03-21 03:46:13,373 Epoch 24/300, Train Loss: 58.106428, Val Loss: 55.945465  
	Train = MSE:58.102612 , RMSE:7.622507 , MAE:6.205276 , MAPD:33.204785, R_squared:-0.005766  
	Validation = MSE:55.945465 , RMSE:7.479670 , MAE:6.190355 , MAPD:34.464810, R_squared:-0.006685

2024-03-21 03:46:28,394 Epoch 25/300, Train Loss: 58.221419, Val Loss: 55.613714  
	Train = MSE:58.221016 , RMSE:7.630270 , MAE:6.234841 , MAPD:33.464774, R_squared:-0.007816  
	Validation = MSE:55.613712 , RMSE:7.457460 , MAE:5.977457 , MAPD:32.098941, R_squared:-0.000716

2024-03-21 03:46:44,003 Epoch 26/300, Train Loss: 58.030095, Val Loss: 56.804921  
	Train = MSE:58.027664 , RMSE:7.617589 , MAE:6.207994 , MAPD:33.209139, R_squared:-0.004469  
	Validation = MSE:56.804920 , RMSE:7.536904 , MAE:6.358363 , MAPD:36.104202, R_squared:-0.022150

2024-03-21 03:47:03,856 Epoch 27/300, Train Loss: 58.210768, Val Loss: 55.648841  
	Train = MSE:58.213123 , RMSE:7.629753 , MAE:6.235642 , MAPD:33.447551, R_squared:-0.007679  
	Validation = MSE:55.648838 , RMSE:7.459815 , MAE:6.089079 , MAPD:33.419308, R_squared:-0.001348

2024-03-21 03:47:20,357 Epoch 28/300, Train Loss: 57.975897, Val Loss: 55.583871  
	Train = MSE:57.977436 , RMSE:7.614292 , MAE:6.227759 , MAPD:33.436327, R_squared:-0.003599  
	Validation = MSE:55.583866 , RMSE:7.455459 , MAE:6.044652 , MAPD:32.916943, R_squared:-0.000179

2024-03-21 03:47:38,506 Epoch 29/300, Train Loss: 57.956006, Val Loss: 55.592012  
	Train = MSE:57.962597 , RMSE:7.613317 , MAE:6.228938 , MAPD:33.432571, R_squared:-0.003342  
	Validation = MSE:55.592010 , RMSE:7.456005 , MAE:5.991759 , MAPD:32.275265, R_squared:-0.000325

2024-03-21 03:47:56,865 Epoch 30/300, Train Loss: 58.119497, Val Loss: 55.579683  
	Train = MSE:58.113750 , RMSE:7.623238 , MAE:6.235764 , MAPD:33.486452, R_squared:-0.005959  
	Validation = MSE:55.579681 , RMSE:7.455178 , MAE:6.039039 , MAPD:32.850382, R_squared:-0.000103

2024-03-21 03:48:17,084 Epoch 31/300, Train Loss: 58.093669, Val Loss: 55.580473  
	Train = MSE:58.083260 , RMSE:7.621237 , MAE:6.219482 , MAPD:33.340861, R_squared:-0.005431  
	Validation = MSE:55.580467 , RMSE:7.455231 , MAE:6.040226 , MAPD:32.864446, R_squared:-0.000117

2024-03-21 03:48:38,288 Epoch 32/300, Train Loss: 57.890622, Val Loss: 55.794750  
	Train = MSE:57.886517 , RMSE:7.608319 , MAE:6.209169 , MAPD:33.303228, R_squared:-0.002025  
	Validation = MSE:55.794750 , RMSE:7.469588 , MAE:6.147097 , MAPD:34.024555, R_squared:-0.003973

2024-03-21 03:48:54,042 Epoch 33/300, Train Loss: 57.910707, Val Loss: 56.108577  
	Train = MSE:57.916019 , RMSE:7.610258 , MAE:6.222311 , MAPD:33.392453, R_squared:-0.002536  
	Validation = MSE:56.108574 , RMSE:7.490566 , MAE:6.229874 , MAPD:34.857219, R_squared:-0.009620

2024-03-21 03:49:11,086 Epoch 34/300, Train Loss: 58.002700, Val Loss: 55.721632  
	Train = MSE:57.996014 , RMSE:7.615511 , MAE:6.223991 , MAPD:33.444939, R_squared:-0.003921  
	Validation = MSE:55.721630 , RMSE:7.464692 , MAE:6.121151 , MAPD:33.757428, R_squared:-0.002657

2024-03-21 03:49:28,816 Epoch 35/300, Train Loss: 57.947305, Val Loss: 55.812055  
	Train = MSE:57.942657 , RMSE:7.612008 , MAE:6.228838 , MAPD:33.432300, R_squared:-0.002997  
	Validation = MSE:55.812050 , RMSE:7.470746 , MAE:6.152607 , MAPD:34.081099, R_squared:-0.004284

2024-03-21 03:49:45,124 Epoch 36/300, Train Loss: 57.916561, Val Loss: 56.170845  
	Train = MSE:57.905746 , RMSE:7.609582 , MAE:6.223127 , MAPD:33.419722, R_squared:-0.002358  
	Validation = MSE:56.170845 , RMSE:7.494721 , MAE:6.243539 , MAPD:34.991809, R_squared:-0.010741

2024-03-21 03:50:02,447 Epoch 37/300, Train Loss: 57.922027, Val Loss: 55.747978  
	Train = MSE:57.921959 , RMSE:7.610648 , MAE:6.228614 , MAPD:33.471415, R_squared:-0.002639  
	Validation = MSE:55.747978 , RMSE:7.466457 , MAE:6.131016 , MAPD:33.859529, R_squared:-0.003131

2024-03-21 03:50:20,909 Epoch 38/300, Train Loss: 57.903375, Val Loss: 55.686989  
	Train = MSE:57.900261 , RMSE:7.609222 , MAE:6.227530 , MAPD:33.431865, R_squared:-0.002263  
	Validation = MSE:55.686993 , RMSE:7.462372 , MAE:6.107168 , MAPD:33.610268, R_squared:-0.002034

2024-03-21 03:50:37,587 Epoch 39/300, Train Loss: 58.069016, Val Loss: 55.784924  
	Train = MSE:58.067032 , RMSE:7.620173 , MAE:6.229225 , MAPD:33.444714, R_squared:-0.005150  
	Validation = MSE:55.784924 , RMSE:7.468931 , MAE:6.143872 , MAPD:33.991459, R_squared:-0.003796

2024-03-21 03:50:55,597 Epoch 40/300, Train Loss: 57.843767, Val Loss: 56.437875  
	Train = MSE:57.851742 , RMSE:7.606033 , MAE:6.211233 , MAPD:33.282236, R_squared:-0.001423  
	Validation = MSE:56.437878 , RMSE:7.512515 , MAE:6.296258 , MAPD:35.506248, R_squared:-0.015546

2024-03-21 03:51:16,252 Epoch 41/300, Train Loss: 57.900839, Val Loss: 55.895877  
	Train = MSE:57.894157 , RMSE:7.608821 , MAE:6.231592 , MAPD:33.521973, R_squared:-0.002158  
	Validation = MSE:55.895878 , RMSE:7.476355 , MAE:6.177083 , MAPD:34.330903, R_squared:-0.005793

2024-03-21 03:51:37,283 Epoch 42/300, Train Loss: 57.802147, Val Loss: 55.721586  
	Train = MSE:57.813389 , RMSE:7.603512 , MAE:6.217136 , MAPD:33.376020, R_squared:-0.000760  
	Validation = MSE:55.721588 , RMSE:7.464689 , MAE:6.121133 , MAPD:33.757246, R_squared:-0.002657

2024-03-21 03:51:56,540 Epoch 43/300, Train Loss: 57.972533, Val Loss: 56.653379  
	Train = MSE:57.976166 , RMSE:7.614208 , MAE:6.218301 , MAPD:33.320904, R_squared:-0.003577  
	Validation = MSE:56.653378 , RMSE:7.526844 , MAE:6.334029 , MAPD:35.869905, R_squared:-0.019423

2024-03-21 03:52:14,671 Epoch 44/300, Train Loss: 57.858697, Val Loss: 56.340985  
	Train = MSE:57.848412 , RMSE:7.605814 , MAE:6.224085 , MAPD:33.463200, R_squared:-0.001366  
	Validation = MSE:56.340988 , RMSE:7.506063 , MAE:6.277936 , MAPD:35.328894, R_squared:-0.013802

2024-03-21 03:52:31,639 Epoch 45/300, Train Loss: 57.912312, Val Loss: 55.760320  
	Train = MSE:57.920025 , RMSE:7.610521 , MAE:6.242621 , MAPD:33.622533, R_squared:-0.002606  
	Validation = MSE:55.760323 , RMSE:7.467283 , MAE:6.135449 , MAPD:33.905030, R_squared:-0.003354

2024-03-21 03:52:48,909 Epoch 46/300, Train Loss: 57.915277, Val Loss: 56.148154  
	Train = MSE:57.923386 , RMSE:7.610742 , MAE:6.220533 , MAPD:33.392651, R_squared:-0.002664  
	Validation = MSE:56.148155 , RMSE:7.493207 , MAE:6.238645 , MAPD:34.943615, R_squared:-0.010332

2024-03-21 03:53:04,425 Epoch 47/300, Train Loss: 57.815859, Val Loss: 56.279604  
	Train = MSE:57.813019 , RMSE:7.603487 , MAE:6.217701 , MAPD:33.416055, R_squared:-0.000753  
	Validation = MSE:56.279610 , RMSE:7.501974 , MAE:6.265952 , MAPD:35.211770, R_squared:-0.012698

2024-03-21 03:53:19,987 Epoch 48/300, Train Loss: 57.850233, Val Loss: 55.969993  
	Train = MSE:57.846848 , RMSE:7.605711 , MAE:6.227728 , MAPD:33.497812, R_squared:-0.001339  
	Validation = MSE:55.969990 , RMSE:7.481309 , MAE:6.196626 , MAPD:34.527899, R_squared:-0.007126

2024-03-21 03:53:34,481 Epoch 49/300, Train Loss: 57.856126, Val Loss: 55.996145  
	Train = MSE:57.862122 , RMSE:7.606716 , MAE:6.212407 , MAPD:33.315722, R_squared:-0.001603  
	Validation = MSE:55.996147 , RMSE:7.483057 , MAE:6.203169 , MAPD:34.593375, R_squared:-0.007597

2024-03-21 03:53:49,888 Epoch 50/300, Train Loss: 57.876808, Val Loss: 56.226790  
	Train = MSE:57.876446 , RMSE:7.607657 , MAE:6.226038 , MAPD:33.453204, R_squared:-0.001851  
	Validation = MSE:56.226788 , RMSE:7.498452 , MAE:6.255219 , MAPD:35.106852, R_squared:-0.011747

2024-03-21 03:54:07,448 Epoch 51/300, Train Loss: 57.886257, Val Loss: 55.637338  
	Train = MSE:57.884075 , RMSE:7.608159 , MAE:6.236038 , MAPD:33.580441, R_squared:-0.001983  
	Validation = MSE:55.637341 , RMSE:7.459044 , MAE:6.082944 , MAPD:33.353433, R_squared:-0.001141

2024-03-21 03:54:24,413 Epoch 52/300, Train Loss: 57.847621, Val Loss: 55.778161  
	Train = MSE:57.843407 , RMSE:7.605485 , MAE:6.214852 , MAPD:33.347971, R_squared:-0.001279  
	Validation = MSE:55.778164 , RMSE:7.468478 , MAE:6.141608 , MAPD:33.968231, R_squared:-0.003675

2024-03-21 03:54:39,737 Epoch 53/300, Train Loss: 57.918403, Val Loss: 55.761119  
	Train = MSE:57.908672 , RMSE:7.609775 , MAE:6.225396 , MAPD:33.457452, R_squared:-0.002409  
	Validation = MSE:55.761124 , RMSE:7.467337 , MAE:6.135732 , MAPD:33.907925, R_squared:-0.003368

2024-03-21 03:54:56,244 Epoch 54/300, Train Loss: 57.876734, Val Loss: 55.943808  
	Train = MSE:57.878536 , RMSE:7.607794 , MAE:6.214637 , MAPD:33.338469, R_squared:-0.001887  
	Validation = MSE:55.943810 , RMSE:7.479559 , MAE:6.189927 , MAPD:34.460488, R_squared:-0.006655

2024-03-21 03:55:11,481 Epoch 55/300, Train Loss: 57.792873, Val Loss: 55.590245  
	Train = MSE:57.787796 , RMSE:7.601829 , MAE:6.232184 , MAPD:33.531177, R_squared:-0.000317  
	Validation = MSE:55.590244 , RMSE:7.455886 , MAE:6.051244 , MAPD:32.995106, R_squared:-0.000293

2024-03-21 03:55:27,627 Epoch 56/300, Train Loss: 57.874129, Val Loss: 55.735143  
	Train = MSE:57.874187 , RMSE:7.607509 , MAE:6.223410 , MAPD:33.397627, R_squared:-0.001812  
	Validation = MSE:55.735142 , RMSE:7.465597 , MAE:6.126303 , MAPD:33.810792, R_squared:-0.002901

2024-03-21 03:55:43,369 Epoch 57/300, Train Loss: 57.904450, Val Loss: 55.584629  
	Train = MSE:57.904705 , RMSE:7.609514 , MAE:6.226240 , MAPD:33.447039, R_squared:-0.002340  
	Validation = MSE:55.584629 , RMSE:7.455510 , MAE:6.045531 , MAPD:32.927355, R_squared:-0.000192

2024-03-21 03:56:00,467 Epoch 58/300, Train Loss: 57.874606, Val Loss: 56.167138  
	Train = MSE:57.868206 , RMSE:7.607115 , MAE:6.214185 , MAPD:33.328959, R_squared:-0.001708  
	Validation = MSE:56.167137 , RMSE:7.494474 , MAE:6.242745 , MAPD:34.983998, R_squared:-0.010674

2024-03-21 03:56:16,990 Epoch 59/300, Train Loss: 57.820567, Val Loss: 55.762437  
	Train = MSE:57.827015 , RMSE:7.604408 , MAE:6.225517 , MAPD:33.498570, R_squared:-0.000995  
	Validation = MSE:55.762440 , RMSE:7.467425 , MAE:6.136196 , MAPD:33.912688, R_squared:-0.003392

2024-03-21 03:56:32,020 Epoch 60/300, Train Loss: 57.910299, Val Loss: 55.804431  
	Train = MSE:57.908596 , RMSE:7.609770 , MAE:6.226745 , MAPD:33.452116, R_squared:-0.002408  
	Validation = MSE:55.804428 , RMSE:7.470236 , MAE:6.150204 , MAPD:34.056445, R_squared:-0.004147

2024-03-21 03:56:48,210 Epoch 61/300, Train Loss: 57.886653, Val Loss: 56.270615  
	Train = MSE:57.876858 , RMSE:7.607684 , MAE:6.213534 , MAPD:33.283196, R_squared:-0.001858  
	Validation = MSE:56.270615 , RMSE:7.501374 , MAE:6.264154 , MAPD:35.194196, R_squared:-0.012536

2024-03-21 03:57:07,052 Epoch 62/300, Train Loss: 57.935436, Val Loss: 55.627678  
	Train = MSE:57.929401 , RMSE:7.611136 , MAE:6.250347 , MAPD:33.687220, R_squared:-0.002768  
	Validation = MSE:55.627682 , RMSE:7.458397 , MAE:6.077490 , MAPD:33.294034, R_squared:-0.000967

2024-03-21 03:57:21,432 Epoch 63/300, Train Loss: 57.823300, Val Loss: 55.609425  
	Train = MSE:57.829994 , RMSE:7.604603 , MAE:6.227809 , MAPD:33.499373, R_squared:-0.001047  
	Validation = MSE:55.609425 , RMSE:7.457173 , MAE:6.065985 , MAPD:33.166587, R_squared:-0.000638

2024-03-21 03:57:36,035 Epoch 64/300, Train Loss: 57.812512, Val Loss: 55.704756  
	Train = MSE:57.818771 , RMSE:7.603866 , MAE:6.207916 , MAPD:33.260712, R_squared:-0.000853  
	Validation = MSE:55.704762 , RMSE:7.463562 , MAE:6.114551 , MAPD:33.688086, R_squared:-0.002354

2024-03-21 03:57:50,521 Epoch 65/300, Train Loss: 57.897870, Val Loss: 56.014202  
	Train = MSE:57.898033 , RMSE:7.609076 , MAE:6.215354 , MAPD:33.334265, R_squared:-0.002225  
	Validation = MSE:56.014206 , RMSE:7.484264 , MAE:6.207603 , MAPD:34.637565, R_squared:-0.007922

2024-03-21 03:58:06,056 Epoch 66/300, Train Loss: 57.898053, Val Loss: 55.718833  
	Train = MSE:57.898209 , RMSE:7.609087 , MAE:6.235440 , MAPD:33.576892, R_squared:-0.002228  
	Validation = MSE:55.718834 , RMSE:7.464505 , MAE:6.120071 , MAPD:33.746156, R_squared:-0.002607

2024-03-21 03:58:21,541 Epoch 67/300, Train Loss: 57.838413, Val Loss: 55.861077  
	Train = MSE:57.841614 , RMSE:7.605368 , MAE:6.211014 , MAPD:33.319126, R_squared:-0.001248  
	Validation = MSE:55.861073 , RMSE:7.474027 , MAE:6.167227 , MAPD:34.231035, R_squared:-0.005167

2024-03-21 03:58:36,657 Epoch 68/300, Train Loss: 57.838696, Val Loss: 56.531111  
	Train = MSE:57.837337 , RMSE:7.605086 , MAE:6.217359 , MAPD:33.342109, R_squared:-0.001174  
	Validation = MSE:56.531113 , RMSE:7.518717 , MAE:6.313118 , MAPD:35.668579, R_squared:-0.017223

2024-03-21 03:58:50,097 Epoch 69/300, Train Loss: 57.861147, Val Loss: 55.743444  
	Train = MSE:57.865406 , RMSE:7.606931 , MAE:6.241904 , MAPD:33.649207, R_squared:-0.001660  
	Validation = MSE:55.743446 , RMSE:7.466154 , MAE:6.129364 , MAPD:33.842493, R_squared:-0.003050

2024-03-21 03:59:07,032 Epoch 70/300, Train Loss: 57.901176, Val Loss: 55.844316  
	Train = MSE:57.904160 , RMSE:7.609478 , MAE:6.223649 , MAPD:33.425763, R_squared:-0.002331  
	Validation = MSE:55.844315 , RMSE:7.472905 , MAE:6.162369 , MAPD:34.181277, R_squared:-0.004865

2024-03-21 03:59:23,186 Epoch 71/300, Train Loss: 57.821181, Val Loss: 55.626858  
	Train = MSE:57.818668 , RMSE:7.603859 , MAE:6.220729 , MAPD:33.417029, R_squared:-0.000851  
	Validation = MSE:55.626862 , RMSE:7.458342 , MAE:6.077011 , MAPD:33.288774, R_squared:-0.000952

2024-03-21 03:59:39,630 Epoch 72/300, Train Loss: 57.976669, Val Loss: 55.601621  
	Train = MSE:57.978050 , RMSE:7.614332 , MAE:6.239442 , MAPD:33.568906, R_squared:-0.003610  
	Validation = MSE:55.601620 , RMSE:7.456649 , MAE:6.060479 , MAPD:33.103626, R_squared:-0.000498

2024-03-21 03:59:54,315 Epoch 73/300, Train Loss: 57.848567, Val Loss: 55.647596  
	Train = MSE:57.854321 , RMSE:7.606203 , MAE:6.212154 , MAPD:33.333773, R_squared:-0.001468  
	Validation = MSE:55.647598 , RMSE:7.459732 , MAE:6.088429 , MAPD:33.412385, R_squared:-0.001325

2024-03-21 04:00:08,472 Epoch 74/300, Train Loss: 57.813988, Val Loss: 56.726888  
	Train = MSE:57.814777 , RMSE:7.603603 , MAE:6.202232 , MAPD:33.211922, R_squared:-0.000784  
	Validation = MSE:56.726883 , RMSE:7.531725 , MAE:6.346032 , MAPD:35.985479, R_squared:-0.020746

2024-03-21 04:00:23,940 Epoch 75/300, Train Loss: 57.884442, Val Loss: 55.645770  
	Train = MSE:57.885395 , RMSE:7.608245 , MAE:6.248820 , MAPD:33.706977, R_squared:-0.002006  
	Validation = MSE:55.645767 , RMSE:7.459609 , MAE:6.087473 , MAPD:33.402164, R_squared:-0.001292

2024-03-21 04:00:39,584 Epoch 76/300, Train Loss: 57.831882, Val Loss: 55.665054  
	Train = MSE:57.833809 , RMSE:7.604854 , MAE:6.211552 , MAPD:33.319998, R_squared:-0.001113  
	Validation = MSE:55.665054 , RMSE:7.460902 , MAE:6.097198 , MAPD:33.505175, R_squared:-0.001639

2024-03-21 04:00:56,209 Epoch 77/300, Train Loss: 57.860379, Val Loss: 55.574006  
	Train = MSE:57.862480 , RMSE:7.606739 , MAE:6.224124 , MAPD:33.432316, R_squared:-0.001609  
	Validation = MSE:55.574009 , RMSE:7.454798 , MAE:6.023249 , MAPD:32.661412, R_squared:-0.000001

2024-03-21 04:01:12,951 Epoch 78/300, Train Loss: 57.845950, Val Loss: 56.525665  
	Train = MSE:57.843575 , RMSE:7.605496 , MAE:6.215362 , MAPD:33.333507, R_squared:-0.001282  
	Validation = MSE:56.525669 , RMSE:7.518355 , MAE:6.312157 , MAPD:35.659323, R_squared:-0.017125

2024-03-21 04:01:31,063 Epoch 79/300, Train Loss: 57.961317, Val Loss: 55.771516  
	Train = MSE:57.953922 , RMSE:7.612747 , MAE:6.230669 , MAPD:33.464777, R_squared:-0.003192  
	Validation = MSE:55.771515 , RMSE:7.468033 , MAE:6.139347 , MAPD:33.945026, R_squared:-0.003555

2024-03-21 04:01:46,698 Epoch 80/300, Train Loss: 57.911698, Val Loss: 55.581810  
	Train = MSE:57.914879 , RMSE:7.610183 , MAE:6.243867 , MAPD:33.638997, R_squared:-0.002516  
	Validation = MSE:55.581806 , RMSE:7.455321 , MAE:6.042080 , MAPD:32.886440, R_squared:-0.000141

2024-03-21 04:02:09,160 Epoch 81/300, Train Loss: 57.831187, Val Loss: 55.597560  
	Train = MSE:57.839993 , RMSE:7.605261 , MAE:6.222970 , MAPD:33.417131, R_squared:-0.001220  
	Validation = MSE:55.597557 , RMSE:7.456377 , MAE:6.057397 , MAPD:33.067771, R_squared:-0.000425

2024-03-21 04:02:30,102 Epoch 82/300, Train Loss: 57.894279, Val Loss: 55.592351  
	Train = MSE:57.900234 , RMSE:7.609221 , MAE:6.227806 , MAPD:33.496998, R_squared:-0.002263  
	Validation = MSE:55.592354 , RMSE:7.456028 , MAE:6.053124 , MAPD:33.017397, R_squared:-0.000331

2024-03-21 04:02:45,942 Epoch 83/300, Train Loss: 57.892357, Val Loss: 55.943799  
	Train = MSE:57.889305 , RMSE:7.608502 , MAE:6.200244 , MAPD:33.148861, R_squared:-0.002074  
	Validation = MSE:55.943798 , RMSE:7.479558 , MAE:6.189924 , MAPD:34.460463, R_squared:-0.006655

2024-03-21 04:03:03,238 Epoch 84/300, Train Loss: 57.888181, Val Loss: 55.745775  
	Train = MSE:57.893269 , RMSE:7.608763 , MAE:6.225230 , MAPD:33.480957, R_squared:-0.002142  
	Validation = MSE:55.745773 , RMSE:7.466309 , MAE:6.130211 , MAPD:33.851254, R_squared:-0.003092

2024-03-21 04:03:20,132 Epoch 85/300, Train Loss: 57.951456, Val Loss: 55.761041  
	Train = MSE:57.952236 , RMSE:7.612637 , MAE:6.225507 , MAPD:33.433055, R_squared:-0.003163  
	Validation = MSE:55.761036 , RMSE:7.467331 , MAE:6.135705 , MAPD:33.907644, R_squared:-0.003367

2024-03-21 04:03:37,358 Epoch 86/300, Train Loss: 57.821465, Val Loss: 55.827124  
	Train = MSE:57.823753 , RMSE:7.604193 , MAE:6.217707 , MAPD:33.436849, R_squared:-0.000939  
	Validation = MSE:55.827126 , RMSE:7.471755 , MAE:6.157244 , MAPD:34.128684, R_squared:-0.004556

2024-03-21 04:03:56,592 Epoch 87/300, Train Loss: 57.814557, Val Loss: 55.796889  
	Train = MSE:57.817528 , RMSE:7.603784 , MAE:6.219746 , MAPD:33.397264, R_squared:-0.000831  
	Validation = MSE:55.796890 , RMSE:7.469732 , MAE:6.147789 , MAPD:34.031658, R_squared:-0.004012

2024-03-21 04:04:14,866 Epoch 88/300, Train Loss: 57.985038, Val Loss: 55.613006  
	Train = MSE:57.982994 , RMSE:7.614656 , MAE:6.234887 , MAPD:33.532906, R_squared:-0.003695  
	Validation = MSE:55.613007 , RMSE:7.457413 , MAE:6.068397 , MAPD:33.193582, R_squared:-0.000703

2024-03-21 04:04:32,258 Epoch 89/300, Train Loss: 57.891869, Val Loss: 55.756477  
	Train = MSE:57.893051 , RMSE:7.608748 , MAE:6.208283 , MAPD:33.276661, R_squared:-0.002139  
	Validation = MSE:55.756481 , RMSE:7.467026 , MAE:6.134086 , MAPD:33.891030, R_squared:-0.003284

2024-03-21 04:04:51,182 Epoch 90/300, Train Loss: 57.868004, Val Loss: 55.781599  
	Train = MSE:57.870419 , RMSE:7.607261 , MAE:6.225962 , MAPD:33.449614, R_squared:-0.001747  
	Validation = MSE:55.781597 , RMSE:7.468708 , MAE:6.142763 , MAPD:33.980080, R_squared:-0.003736

2024-03-21 04:05:09,394 Epoch 91/300, Train Loss: 57.916455, Val Loss: 55.622588  
	Train = MSE:57.920773 , RMSE:7.610570 , MAE:6.237519 , MAPD:33.564484, R_squared:-0.002618  
	Validation = MSE:55.622589 , RMSE:7.458055 , MAE:6.074470 , MAPD:33.260826, R_squared:-0.000875

2024-03-21 04:05:29,757 Epoch 92/300, Train Loss: 57.892878, Val Loss: 56.282816  
	Train = MSE:57.896530 , RMSE:7.608977 , MAE:6.218386 , MAPD:33.367985, R_squared:-0.002199  
	Validation = MSE:56.282818 , RMSE:7.502188 , MAE:6.266592 , MAPD:35.218021, R_squared:-0.012755

2024-03-21 04:05:47,669 Epoch 93/300, Train Loss: 57.857072, Val Loss: 55.779353  
	Train = MSE:57.863510 , RMSE:7.606807 , MAE:6.231915 , MAPD:33.547751, R_squared:-0.001627  
	Validation = MSE:55.779354 , RMSE:7.468558 , MAE:6.142009 , MAPD:33.972350, R_squared:-0.003696

2024-03-21 04:06:05,400 Epoch 94/300, Train Loss: 57.878592, Val Loss: 55.581667  
	Train = MSE:57.887486 , RMSE:7.608383 , MAE:6.232685 , MAPD:33.553731, R_squared:-0.002042  
	Validation = MSE:55.581669 , RMSE:7.455311 , MAE:6.041892 , MAPD:32.884202, R_squared:-0.000139

2024-03-21 04:06:22,550 Epoch 95/300, Train Loss: 57.889530, Val Loss: 55.596126  
	Train = MSE:57.888573 , RMSE:7.608454 , MAE:6.218202 , MAPD:33.373704, R_squared:-0.002061  
	Validation = MSE:55.596123 , RMSE:7.456281 , MAE:6.056260 , MAPD:33.054452, R_squared:-0.000399

2024-03-21 04:06:40,472 Epoch 96/300, Train Loss: 57.869678, Val Loss: 56.185636  
	Train = MSE:57.864223 , RMSE:7.606853 , MAE:6.195754 , MAPD:33.151616, R_squared:-0.001640  
	Validation = MSE:56.185635 , RMSE:7.495708 , MAE:6.246678 , MAPD:35.022732, R_squared:-0.011007

2024-03-21 04:06:59,815 Epoch 97/300, Train Loss: 57.899376, Val Loss: 56.006553  
	Train = MSE:57.899094 , RMSE:7.609145 , MAE:6.233032 , MAPD:33.530529, R_squared:-0.002243  
	Validation = MSE:56.006554 , RMSE:7.483753 , MAE:6.205721 , MAPD:34.618889, R_squared:-0.007784

2024-03-21 04:07:16,530 Epoch 98/300, Train Loss: 57.897891, Val Loss: 55.882791  
	Train = MSE:57.896317 , RMSE:7.608963 , MAE:6.213239 , MAPD:33.340791, R_squared:-0.002195  
	Validation = MSE:55.882793 , RMSE:7.475480 , MAE:6.173413 , MAPD:34.293871, R_squared:-0.005557

2024-03-21 04:07:36,646 Epoch 99/300, Train Loss: 57.864932, Val Loss: 55.610765  
	Train = MSE:57.865486 , RMSE:7.606937 , MAE:6.247152 , MAPD:33.713560, R_squared:-0.001661  
	Validation = MSE:55.610764 , RMSE:7.457263 , MAE:6.066896 , MAPD:33.176819, R_squared:-0.000662

2024-03-21 04:07:56,775 Epoch 100/300, Train Loss: 57.928252, Val Loss: 56.107919  
	Train = MSE:57.921089 , RMSE:7.610590 , MAE:6.203257 , MAPD:33.183746, R_squared:-0.002624  
	Validation = MSE:56.107922 , RMSE:7.490522 , MAE:6.229725 , MAPD:34.855756, R_squared:-0.009608

2024-03-21 04:08:15,293 Epoch 101/300, Train Loss: 57.839123, Val Loss: 55.595977  
	Train = MSE:57.824871 , RMSE:7.604267 , MAE:6.239104 , MAPD:33.617462, R_squared:-0.000958  
	Validation = MSE:55.595978 , RMSE:7.456271 , MAE:5.988676 , MAPD:32.237248, R_squared:-0.000396

2024-03-21 04:08:36,759 Epoch 102/300, Train Loss: 57.874118, Val Loss: 56.293060  
	Train = MSE:57.873886 , RMSE:7.607489 , MAE:6.205436 , MAPD:33.202929, R_squared:-0.001807  
	Validation = MSE:56.293060 , RMSE:7.502870 , MAE:6.268622 , MAPD:35.237867, R_squared:-0.012940

2024-03-21 04:08:56,253 Epoch 103/300, Train Loss: 57.847881, Val Loss: 55.574460  
	Train = MSE:57.853088 , RMSE:7.606122 , MAE:6.248323 , MAPD:33.716441, R_squared:-0.001447  
	Validation = MSE:55.574459 , RMSE:7.454828 , MAE:6.016462 , MAPD:32.579065, R_squared:-0.000009

2024-03-21 04:09:14,250 Epoch 104/300, Train Loss: 57.885421, Val Loss: 55.576496  
	Train = MSE:57.884060 , RMSE:7.608158 , MAE:6.213417 , MAPD:33.289039, R_squared:-0.001983  
	Validation = MSE:55.576492 , RMSE:7.454964 , MAE:6.033137 , MAPD:32.780165, R_squared:-0.000046

2024-03-21 04:09:31,926 Epoch 105/300, Train Loss: 57.751423, Val Loss: 55.610024  
	Train = MSE:57.757229 , RMSE:7.599818 , MAE:6.228008 , MAPD:33.480287, R_squared:0.000213  
	Validation = MSE:55.610031 , RMSE:7.457213 , MAE:6.066391 , MAPD:33.171175, R_squared:-0.000649

2024-03-21 04:09:52,163 Epoch 106/300, Train Loss: 57.845623, Val Loss: 55.959187  
	Train = MSE:57.839378 , RMSE:7.605220 , MAE:6.202631 , MAPD:33.222310, R_squared:-0.001210  
	Validation = MSE:55.959190 , RMSE:7.480587 , MAE:6.193869 , MAPD:34.500260, R_squared:-0.006932

2024-03-21 04:10:10,435 Epoch 107/300, Train Loss: 57.748677, Val Loss: 55.672901  
	Train = MSE:57.752441 , RMSE:7.599503 , MAE:6.245661 , MAPD:33.689747, R_squared:0.000295  
	Validation = MSE:55.672901 , RMSE:7.461428 , MAE:5.952543 , MAPD:31.788728, R_squared:-0.001781

2024-03-21 04:10:30,431 Epoch 108/300, Train Loss: 57.875494, Val Loss: 55.652965  
	Train = MSE:57.871971 , RMSE:7.607363 , MAE:6.208495 , MAPD:33.269717, R_squared:-0.001774  
	Validation = MSE:55.652966 , RMSE:7.460092 , MAE:6.091199 , MAPD:33.441853, R_squared:-0.001422

2024-03-21 04:10:50,754 Epoch 109/300, Train Loss: 57.887072, Val Loss: 55.742468  
	Train = MSE:57.886555 , RMSE:7.608321 , MAE:6.225696 , MAPD:33.446064, R_squared:-0.002026  
	Validation = MSE:55.742470 , RMSE:7.466088 , MAE:6.129009 , MAPD:33.838809, R_squared:-0.003032

2024-03-21 04:11:07,623 Epoch 110/300, Train Loss: 57.902134, Val Loss: 55.723157  
	Train = MSE:57.898746 , RMSE:7.609123 , MAE:6.224367 , MAPD:33.427309, R_squared:-0.002237  
	Validation = MSE:55.723156 , RMSE:7.464795 , MAE:6.121737 , MAPD:33.763542, R_squared:-0.002685

2024-03-21 04:11:25,392 Epoch 111/300, Train Loss: 57.903110, Val Loss: 55.825485  
	Train = MSE:57.895679 , RMSE:7.608921 , MAE:6.219571 , MAPD:33.390084, R_squared:-0.002184  
	Validation = MSE:55.825489 , RMSE:7.471646 , MAE:6.156747 , MAPD:34.123579, R_squared:-0.004526

2024-03-21 04:11:45,561 Epoch 112/300, Train Loss: 57.873355, Val Loss: 55.611922  
	Train = MSE:57.874771 , RMSE:7.607547 , MAE:6.226286 , MAPD:33.444987, R_squared:-0.001822  
	Validation = MSE:55.611923 , RMSE:7.457340 , MAE:6.067674 , MAPD:33.185521, R_squared:-0.000683

2024-03-21 04:12:04,046 Epoch 113/300, Train Loss: 57.815533, Val Loss: 55.662461  
	Train = MSE:57.809803 , RMSE:7.603276 , MAE:6.223121 , MAPD:33.482907, R_squared:-0.000698  
	Validation = MSE:55.662460 , RMSE:7.460728 , MAE:6.095943 , MAPD:33.491946, R_squared:-0.001593

2024-03-21 04:12:22,303 Epoch 114/300, Train Loss: 57.886871, Val Loss: 55.593176  
	Train = MSE:57.881138 , RMSE:7.607965 , MAE:6.211703 , MAPD:33.324676, R_squared:-0.001932  
	Validation = MSE:55.593174 , RMSE:7.456083 , MAE:6.053830 , MAPD:33.025768, R_squared:-0.000346

2024-03-21 04:12:39,802 Epoch 115/300, Train Loss: 57.821566, Val Loss: 55.673913  
	Train = MSE:57.827709 , RMSE:7.604453 , MAE:6.231515 , MAPD:33.556213, R_squared:-0.001007  
	Validation = MSE:55.673912 , RMSE:7.461495 , MAE:6.101355 , MAPD:33.548990, R_squared:-0.001799

2024-03-21 04:12:56,752 Epoch 116/300, Train Loss: 57.875963, Val Loss: 55.860060  
	Train = MSE:57.876320 , RMSE:7.607649 , MAE:6.208641 , MAPD:33.273252, R_squared:-0.001849  
	Validation = MSE:55.860058 , RMSE:7.473958 , MAE:6.166931 , MAPD:34.228039, R_squared:-0.005148

2024-03-21 04:13:14,644 Epoch 117/300, Train Loss: 57.892330, Val Loss: 55.717126  
	Train = MSE:57.887913 , RMSE:7.608411 , MAE:6.236259 , MAPD:33.558146, R_squared:-0.002050  
	Validation = MSE:55.717129 , RMSE:7.464391 , MAE:6.119409 , MAPD:33.739228, R_squared:-0.002576

2024-03-21 04:13:32,563 Epoch 118/300, Train Loss: 57.896990, Val Loss: 56.339244  
	Train = MSE:57.902000 , RMSE:7.609336 , MAE:6.205019 , MAPD:33.224427, R_squared:-0.002293  
	Validation = MSE:56.339245 , RMSE:7.505947 , MAE:6.277603 , MAPD:35.325640, R_squared:-0.013771

2024-03-21 04:13:51,038 Epoch 119/300, Train Loss: 57.864731, Val Loss: 55.762075  
	Train = MSE:57.869072 , RMSE:7.607172 , MAE:6.227033 , MAPD:33.479078, R_squared:-0.001723  
	Validation = MSE:55.762074 , RMSE:7.467401 , MAE:6.136068 , MAPD:33.911381, R_squared:-0.003385

2024-03-21 04:14:10,023 Epoch 120/300, Train Loss: 57.819829, Val Loss: 55.610476  
	Train = MSE:57.817970 , RMSE:7.603813 , MAE:6.227259 , MAPD:33.517085, R_squared:-0.000839  
	Validation = MSE:55.610477 , RMSE:7.457243 , MAE:6.066699 , MAPD:33.174616, R_squared:-0.000657

2024-03-21 04:14:28,634 Epoch 121/300, Train Loss: 57.872813, Val Loss: 55.580959  
	Train = MSE:57.878693 , RMSE:7.607805 , MAE:6.224936 , MAPD:33.418977, R_squared:-0.001890  
	Validation = MSE:55.580956 , RMSE:7.455264 , MAE:6.040921 , MAPD:32.872695, R_squared:-0.000126

2024-03-21 04:14:49,213 Epoch 122/300, Train Loss: 57.850484, Val Loss: 55.998732  
	Train = MSE:57.852283 , RMSE:7.606069 , MAE:6.217336 , MAPD:33.376076, R_squared:-0.001433  
	Validation = MSE:55.998730 , RMSE:7.483230 , MAE:6.203804 , MAPD:34.599739, R_squared:-0.007644

2024-03-21 04:15:06,554 Epoch 123/300, Train Loss: 57.901272, Val Loss: 56.824472  
	Train = MSE:57.903057 , RMSE:7.609406 , MAE:6.196562 , MAPD:33.137304, R_squared:-0.002312  
	Validation = MSE:56.824467 , RMSE:7.538200 , MAE:6.361404 , MAPD:36.133412, R_squared:-0.022502

2024-03-21 04:15:27,845 Epoch 124/300, Train Loss: 57.929642, Val Loss: 55.710490  
	Train = MSE:57.925720 , RMSE:7.610895 , MAE:6.256447 , MAPD:33.792860, R_squared:-0.002704  
	Validation = MSE:55.710495 , RMSE:7.463946 , MAE:6.116825 , MAPD:33.712054, R_squared:-0.002457

2024-03-21 04:15:45,649 Epoch 125/300, Train Loss: 57.963861, Val Loss: 56.069504  
	Train = MSE:57.964607 , RMSE:7.613449 , MAE:6.213927 , MAPD:33.324266, R_squared:-0.003377  
	Validation = MSE:56.069504 , RMSE:7.487957 , MAE:6.220890 , MAPD:34.768728, R_squared:-0.008917

2024-03-21 04:16:02,916 Epoch 126/300, Train Loss: 57.884290, Val Loss: 55.586521  
	Train = MSE:57.876572 , RMSE:7.607666 , MAE:6.241584 , MAPD:33.633559, R_squared:-0.001853  
	Validation = MSE:55.586525 , RMSE:7.455637 , MAE:6.047595 , MAPD:32.951831, R_squared:-0.000226

2024-03-21 04:16:19,005 Epoch 127/300, Train Loss: 57.914603, Val Loss: 55.788330  
	Train = MSE:57.917255 , RMSE:7.610339 , MAE:6.219297 , MAPD:33.386882, R_squared:-0.002558  
	Validation = MSE:55.788330 , RMSE:7.469159 , MAE:6.144998 , MAPD:34.003016, R_squared:-0.003858

2024-03-21 04:16:36,317 Epoch 128/300, Train Loss: 57.885495, Val Loss: 56.047776  
	Train = MSE:57.883018 , RMSE:7.608089 , MAE:6.217771 , MAPD:33.388703, R_squared:-0.001965  
	Validation = MSE:56.047775 , RMSE:7.486506 , MAE:6.215739 , MAPD:34.718004, R_squared:-0.008526

2024-03-21 04:16:54,207 Epoch 129/300, Train Loss: 57.912236, Val Loss: 55.626577  
	Train = MSE:57.907631 , RMSE:7.609706 , MAE:6.229286 , MAPD:33.481757, R_squared:-0.002391  
	Validation = MSE:55.626583 , RMSE:7.458323 , MAE:6.076846 , MAPD:33.286968, R_squared:-0.000947

2024-03-21 04:17:11,657 Epoch 130/300, Train Loss: 57.901305, Val Loss: 56.359158  
	Train = MSE:57.901379 , RMSE:7.609295 , MAE:6.205353 , MAPD:33.234140, R_squared:-0.002283  
	Validation = MSE:56.359161 , RMSE:7.507274 , MAE:6.281392 , MAPD:35.362666, R_squared:-0.014129

2024-03-21 04:17:28,233 Epoch 131/300, Train Loss: 57.853221, Val Loss: 55.597791  
	Train = MSE:57.834106 , RMSE:7.604874 , MAE:6.237590 , MAPD:33.588317, R_squared:-0.001118  
	Validation = MSE:55.597794 , RMSE:7.456393 , MAE:6.057576 , MAPD:33.069884, R_squared:-0.000429

2024-03-21 04:17:47,361 Epoch 132/300, Train Loss: 57.864563, Val Loss: 55.650066  
	Train = MSE:57.866314 , RMSE:7.606991 , MAE:6.219536 , MAPD:33.384115, R_squared:-0.001676  
	Validation = MSE:55.650070 , RMSE:7.459898 , MAE:6.089715 , MAPD:33.426069, R_squared:-0.001370

2024-03-21 04:18:03,694 Epoch 133/300, Train Loss: 57.929545, Val Loss: 55.592020  
	Train = MSE:57.931961 , RMSE:7.611305 , MAE:6.238800 , MAPD:33.587082, R_squared:-0.002812  
	Validation = MSE:55.592022 , RMSE:7.456006 , MAE:6.052835 , MAPD:33.013980, R_squared:-0.000325

2024-03-21 04:18:20,704 Epoch 134/300, Train Loss: 57.838800, Val Loss: 55.788264  
	Train = MSE:57.838337 , RMSE:7.605152 , MAE:6.205588 , MAPD:33.259860, R_squared:-0.001191  
	Validation = MSE:55.788261 , RMSE:7.469154 , MAE:6.144976 , MAPD:34.002789, R_squared:-0.003856

2024-03-21 04:18:37,586 Epoch 135/300, Train Loss: 57.946433, Val Loss: 55.752297  
	Train = MSE:57.944153 , RMSE:7.612106 , MAE:6.223104 , MAPD:33.425962, R_squared:-0.003023  
	Validation = MSE:55.752296 , RMSE:7.466746 , MAE:6.132584 , MAPD:33.875629, R_squared:-0.003209

2024-03-21 04:18:54,136 Epoch 136/300, Train Loss: 57.813848, Val Loss: 55.613019  
	Train = MSE:57.811333 , RMSE:7.603376 , MAE:6.223825 , MAPD:33.479378, R_squared:-0.000724  
	Validation = MSE:55.613018 , RMSE:7.457414 , MAE:6.068406 , MAPD:33.193683, R_squared:-0.000703

2024-03-21 04:19:10,676 Epoch 137/300, Train Loss: 57.849422, Val Loss: 56.039968  
	Train = MSE:57.854935 , RMSE:7.606243 , MAE:6.211557 , MAPD:33.305754, R_squared:-0.001479  
	Validation = MSE:56.039967 , RMSE:7.485985 , MAE:6.213860 , MAPD:34.699493, R_squared:-0.008386

2024-03-21 04:19:28,180 Epoch 138/300, Train Loss: 57.866818, Val Loss: 55.673237  
	Train = MSE:57.854656 , RMSE:7.606225 , MAE:6.232435 , MAPD:33.507451, R_squared:-0.001474  
	Validation = MSE:55.673237 , RMSE:7.461450 , MAE:6.101044 , MAPD:33.545719, R_squared:-0.001787

2024-03-21 04:19:45,611 Epoch 139/300, Train Loss: 57.888954, Val Loss: 55.663010  
	Train = MSE:57.880596 , RMSE:7.607930 , MAE:6.224883 , MAPD:33.436875, R_squared:-0.001923  
	Validation = MSE:55.663010 , RMSE:7.460765 , MAE:6.096210 , MAPD:33.494762, R_squared:-0.001603

2024-03-21 04:20:02,847 Epoch 140/300, Train Loss: 57.853707, Val Loss: 55.574502  
	Train = MSE:57.853939 , RMSE:7.606178 , MAE:6.231645 , MAPD:33.522937, R_squared:-0.001462  
	Validation = MSE:55.574501 , RMSE:7.454831 , MAE:6.016259 , MAPD:32.576601, R_squared:-0.000010

2024-03-21 04:20:20,002 Epoch 141/300, Train Loss: 57.853967, Val Loss: 55.581639  
	Train = MSE:57.850929 , RMSE:7.605980 , MAE:6.216813 , MAPD:33.381660, R_squared:-0.001409  
	Validation = MSE:55.581642 , RMSE:7.455310 , MAE:6.041852 , MAPD:32.883734, R_squared:-0.000138

2024-03-21 04:20:41,110 Epoch 142/300, Train Loss: 57.905072, Val Loss: 55.739261  
	Train = MSE:57.894161 , RMSE:7.608821 , MAE:6.211514 , MAPD:33.315802, R_squared:-0.002158  
	Validation = MSE:55.739258 , RMSE:7.465873 , MAE:6.127831 , MAPD:33.826613, R_squared:-0.002975

2024-03-21 04:20:57,728 Epoch 143/300, Train Loss: 57.876848, Val Loss: 56.075963  
	Train = MSE:57.866894 , RMSE:7.607029 , MAE:6.208344 , MAPD:33.295615, R_squared:-0.001686  
	Validation = MSE:56.075962 , RMSE:7.488389 , MAE:6.222398 , MAPD:34.783588, R_squared:-0.009033

2024-03-21 04:21:14,534 Epoch 144/300, Train Loss: 57.909203, Val Loss: 55.793319  
	Train = MSE:57.912918 , RMSE:7.610054 , MAE:6.241336 , MAPD:33.638033, R_squared:-0.002482  
	Validation = MSE:55.793320 , RMSE:7.469492 , MAE:6.146632 , MAPD:34.019779, R_squared:-0.003947

2024-03-21 04:21:30,352 Epoch 145/300, Train Loss: 57.910232, Val Loss: 55.948921  
	Train = MSE:57.908913 , RMSE:7.609791 , MAE:6.226038 , MAPD:33.416134, R_squared:-0.002413  
	Validation = MSE:55.948917 , RMSE:7.479901 , MAE:6.191247 , MAPD:34.473799, R_squared:-0.006747

2024-03-21 04:21:49,095 Epoch 146/300, Train Loss: 57.891127, Val Loss: 56.018614  
	Train = MSE:57.884491 , RMSE:7.608186 , MAE:6.229208 , MAPD:33.492455, R_squared:-0.001990  
	Validation = MSE:56.018620 , RMSE:7.484559 , MAE:6.208681 , MAPD:34.648266, R_squared:-0.008001

2024-03-21 04:22:06,014 Epoch 147/300, Train Loss: 57.807619, Val Loss: 55.641062  
	Train = MSE:57.810448 , RMSE:7.603318 , MAE:6.241082 , MAPD:33.628404, R_squared:-0.000709  
	Validation = MSE:55.641064 , RMSE:7.459294 , MAE:5.964476 , MAPD:31.937871, R_squared:-0.001208

2024-03-21 04:22:22,616 Epoch 148/300, Train Loss: 57.961686, Val Loss: 55.820102  
	Train = MSE:57.953659 , RMSE:7.612730 , MAE:6.201787 , MAPD:33.149237, R_squared:-0.003188  
	Validation = MSE:55.820103 , RMSE:7.471285 , MAE:6.155101 , MAPD:34.106691, R_squared:-0.004429

2024-03-21 04:22:41,065 Epoch 149/300, Train Loss: 57.839993, Val Loss: 55.604645  
	Train = MSE:57.841202 , RMSE:7.605340 , MAE:6.233504 , MAPD:33.554183, R_squared:-0.001241  
	Validation = MSE:55.604645 , RMSE:7.456852 , MAE:6.062653 , MAPD:33.128760, R_squared:-0.000552

2024-03-21 04:22:58,924 Epoch 150/300, Train Loss: 57.817269, Val Loss: 55.600197  
	Train = MSE:57.821854 , RMSE:7.604068 , MAE:6.230083 , MAPD:33.528476, R_squared:-0.000906  
	Validation = MSE:55.600197 , RMSE:7.456554 , MAE:5.985685 , MAPD:32.200375, R_squared:-0.000472

2024-03-21 04:23:15,653 Epoch 151/300, Train Loss: 57.962772, Val Loss: 55.729839  
	Train = MSE:57.965714 , RMSE:7.613522 , MAE:6.219606 , MAPD:33.344498, R_squared:-0.003396  
	Validation = MSE:55.729839 , RMSE:7.465242 , MAE:6.124304 , MAPD:33.790108, R_squared:-0.002805

2024-03-21 04:23:35,565 Epoch 152/300, Train Loss: 57.951900, Val Loss: 56.097130  
	Train = MSE:57.946644 , RMSE:7.612269 , MAE:6.212604 , MAPD:33.283912, R_squared:-0.003066  
	Validation = MSE:56.097130 , RMSE:7.489802 , MAE:6.227277 , MAPD:34.831640, R_squared:-0.009414

2024-03-21 04:23:54,950 Epoch 153/300, Train Loss: 57.910166, Val Loss: 55.809966  
	Train = MSE:57.908146 , RMSE:7.609740 , MAE:6.236792 , MAPD:33.585033, R_squared:-0.002400  
	Validation = MSE:55.809959 , RMSE:7.470606 , MAE:6.151953 , MAPD:34.074384, R_squared:-0.004247

2024-03-21 04:24:11,745 Epoch 154/300, Train Loss: 57.916650, Val Loss: 55.591423  
	Train = MSE:57.905678 , RMSE:7.609578 , MAE:6.224729 , MAPD:33.449392, R_squared:-0.002357  
	Validation = MSE:55.591419 , RMSE:7.455966 , MAE:6.052310 , MAPD:33.007729, R_squared:-0.000314

2024-03-21 04:24:27,704 Epoch 155/300, Train Loss: 57.971230, Val Loss: 55.873429  
	Train = MSE:57.973366 , RMSE:7.614024 , MAE:6.215426 , MAPD:33.280503, R_squared:-0.003529  
	Validation = MSE:55.873428 , RMSE:7.474853 , MAE:6.170762 , MAPD:34.267004, R_squared:-0.005389

2024-03-21 04:24:45,532 Epoch 156/300, Train Loss: 57.826431, Val Loss: 56.591170  
	Train = MSE:57.834343 , RMSE:7.604889 , MAE:6.224600 , MAPD:33.433834, R_squared:-0.001122  
	Validation = MSE:56.591171 , RMSE:7.522710 , MAE:6.323547 , MAPD:35.768986, R_squared:-0.018304

2024-03-21 04:25:04,449 Epoch 157/300, Train Loss: 57.854313, Val Loss: 55.868065  
	Train = MSE:57.858643 , RMSE:7.606487 , MAE:6.237702 , MAPD:33.541541, R_squared:-0.001543  
	Validation = MSE:55.868065 , RMSE:7.474494 , MAE:6.169236 , MAPD:34.251477, R_squared:-0.005292

2024-03-21 04:25:20,416 Epoch 158/300, Train Loss: 57.862584, Val Loss: 55.589942  
	Train = MSE:57.857895 , RMSE:7.606438 , MAE:6.233073 , MAPD:33.563791, R_squared:-0.001530  
	Validation = MSE:55.589943 , RMSE:7.455866 , MAE:6.050963 , MAPD:32.991773, R_squared:-0.000288

2024-03-21 04:25:37,691 Epoch 159/300, Train Loss: 57.864219, Val Loss: 55.828675  
	Train = MSE:57.865154 , RMSE:7.606915 , MAE:6.211134 , MAPD:33.304912, R_squared:-0.001656  
	Validation = MSE:55.828671 , RMSE:7.471859 , MAE:6.157713 , MAPD:34.133501, R_squared:-0.004584

2024-03-21 04:25:54,724 Epoch 160/300, Train Loss: 57.878021, Val Loss: 55.762303  
	Train = MSE:57.884445 , RMSE:7.608183 , MAE:6.222432 , MAPD:33.412453, R_squared:-0.001990  
	Validation = MSE:55.762306 , RMSE:7.467416 , MAE:6.136149 , MAPD:33.912205, R_squared:-0.003389

2024-03-21 04:26:12,644 Epoch 161/300, Train Loss: 57.859581, Val Loss: 55.775488  
	Train = MSE:57.865784 , RMSE:7.606956 , MAE:6.230795 , MAPD:33.530243, R_squared:-0.001667  
	Validation = MSE:55.775490 , RMSE:7.468299 , MAE:6.140703 , MAPD:33.958942, R_squared:-0.003626

2024-03-21 04:26:33,383 Epoch 162/300, Train Loss: 57.912771, Val Loss: 56.259358  
	Train = MSE:57.906281 , RMSE:7.609618 , MAE:6.216673 , MAPD:33.338336, R_squared:-0.002367  
	Validation = MSE:56.259361 , RMSE:7.500624 , MAE:6.261886 , MAPD:35.172027, R_squared:-0.012333

2024-03-21 04:26:49,898 Epoch 163/300, Train Loss: 57.848230, Val Loss: 55.576954  
	Train = MSE:57.851269 , RMSE:7.606002 , MAE:6.236108 , MAPD:33.594674, R_squared:-0.001415  
	Validation = MSE:55.576954 , RMSE:7.454995 , MAE:6.034140 , MAPD:32.792186, R_squared:-0.000054

2024-03-21 04:27:07,069 Epoch 164/300, Train Loss: 57.881518, Val Loss: 56.080929  
	Train = MSE:57.875656 , RMSE:7.607605 , MAE:6.212999 , MAPD:33.316122, R_squared:-0.001837  
	Validation = MSE:56.080929 , RMSE:7.488720 , MAE:6.223552 , MAPD:34.794952, R_squared:-0.009123

2024-03-21 04:27:23,239 Epoch 165/300, Train Loss: 57.875659, Val Loss: 56.205002  
	Train = MSE:57.878433 , RMSE:7.607788 , MAE:6.229830 , MAPD:33.464149, R_squared:-0.001886  
	Validation = MSE:56.205002 , RMSE:7.497000 , MAE:6.250731 , MAPD:35.062656, R_squared:-0.011355

2024-03-21 04:27:40,588 Epoch 166/300, Train Loss: 57.937022, Val Loss: 55.650333  
	Train = MSE:57.938534 , RMSE:7.611737 , MAE:6.225988 , MAPD:33.438421, R_squared:-0.002926  
	Validation = MSE:55.650333 , RMSE:7.459915 , MAE:6.089853 , MAPD:33.427533, R_squared:-0.001374

2024-03-21 04:27:57,489 Epoch 167/300, Train Loss: 57.918673, Val Loss: 55.793734  
	Train = MSE:57.911213 , RMSE:7.609941 , MAE:6.233632 , MAPD:33.523937, R_squared:-0.002453  
	Validation = MSE:55.793736 , RMSE:7.469521 , MAE:6.146768 , MAPD:34.021170, R_squared:-0.003955

2024-03-21 04:28:14,667 Epoch 168/300, Train Loss: 57.869854, Val Loss: 55.891554  
	Train = MSE:57.872547 , RMSE:7.607401 , MAE:6.220606 , MAPD:33.397976, R_squared:-0.001784  
	Validation = MSE:55.891552 , RMSE:7.476065 , MAE:6.175879 , MAPD:34.318755, R_squared:-0.005715

2024-03-21 04:28:31,853 Epoch 169/300, Train Loss: 57.820657, Val Loss: 55.595147  
	Train = MSE:57.818958 , RMSE:7.603878 , MAE:6.229759 , MAPD:33.533608, R_squared:-0.000856  
	Validation = MSE:55.595146 , RMSE:7.456215 , MAE:6.055460 , MAPD:33.045090, R_squared:-0.000381

2024-03-21 04:28:48,565 Epoch 170/300, Train Loss: 57.825897, Val Loss: 55.612389  
	Train = MSE:57.827808 , RMSE:7.604460 , MAE:6.216998 , MAPD:33.372777, R_squared:-0.001009  
	Validation = MSE:55.612392 , RMSE:7.457372 , MAE:6.067986 , MAPD:33.189012, R_squared:-0.000692

2024-03-21 04:29:04,728 Epoch 171/300, Train Loss: 57.922561, Val Loss: 56.186475  
	Train = MSE:57.915485 , RMSE:7.610222 , MAE:6.216128 , MAPD:33.326341, R_squared:-0.002527  
	Validation = MSE:56.186474 , RMSE:7.495764 , MAE:6.246855 , MAPD:35.024474, R_squared:-0.011022

2024-03-21 04:29:24,983 Epoch 172/300, Train Loss: 57.844892, Val Loss: 55.575979  
	Train = MSE:57.853081 , RMSE:7.606121 , MAE:6.246514 , MAPD:33.677808, R_squared:-0.001447  
	Validation = MSE:55.575977 , RMSE:7.454930 , MAE:6.011414 , MAPD:32.517567, R_squared:-0.000037

2024-03-21 04:29:41,667 Epoch 173/300, Train Loss: 57.823666, Val Loss: 55.728354  
	Train = MSE:57.825249 , RMSE:7.604291 , MAE:6.200569 , MAPD:33.227195, R_squared:-0.000965  
	Validation = MSE:55.728348 , RMSE:7.465142 , MAE:6.123738 , MAPD:33.784250, R_squared:-0.002778

2024-03-21 04:29:59,970 Epoch 174/300, Train Loss: 57.867815, Val Loss: 56.292025  
	Train = MSE:57.872578 , RMSE:7.607403 , MAE:6.207728 , MAPD:33.244333, R_squared:-0.001784  
	Validation = MSE:56.292027 , RMSE:7.502801 , MAE:6.268418 , MAPD:35.235869, R_squared:-0.012921

2024-03-21 04:30:16,491 Epoch 175/300, Train Loss: 57.912517, Val Loss: 55.611919  
	Train = MSE:57.912971 , RMSE:7.610057 , MAE:6.238390 , MAPD:33.613304, R_squared:-0.002483  
	Validation = MSE:55.611923 , RMSE:7.457340 , MAE:6.067672 , MAPD:33.185499, R_squared:-0.000683

2024-03-21 04:30:34,063 Epoch 176/300, Train Loss: 57.930521, Val Loss: 56.038893  
	Train = MSE:57.934525 , RMSE:7.611473 , MAE:6.222644 , MAPD:33.409570, R_squared:-0.002857  
	Validation = MSE:56.038895 , RMSE:7.485913 , MAE:6.213600 , MAPD:34.696933, R_squared:-0.008366

2024-03-21 04:30:50,156 Epoch 177/300, Train Loss: 57.879909, Val Loss: 55.701828  
	Train = MSE:57.880760 , RMSE:7.607941 , MAE:6.229195 , MAPD:33.484116, R_squared:-0.001926  
	Validation = MSE:55.701832 , RMSE:7.463366 , MAE:6.113370 , MAPD:33.675638, R_squared:-0.002301

2024-03-21 04:31:06,091 Epoch 178/300, Train Loss: 57.857039, Val Loss: 55.930696  
	Train = MSE:57.853664 , RMSE:7.606160 , MAE:6.215549 , MAPD:33.349184, R_squared:-0.001457  
	Validation = MSE:55.930695 , RMSE:7.478683 , MAE:6.186501 , MAPD:34.425917, R_squared:-0.006419

2024-03-21 04:31:24,913 Epoch 179/300, Train Loss: 57.921820, Val Loss: 55.833870  
	Train = MSE:57.914982 , RMSE:7.610189 , MAE:6.227206 , MAPD:33.451676, R_squared:-0.002518  
	Validation = MSE:55.833874 , RMSE:7.472207 , MAE:6.159276 , MAPD:34.149530, R_squared:-0.004677

2024-03-21 04:31:42,751 Epoch 180/300, Train Loss: 57.927915, Val Loss: 55.892086  
	Train = MSE:57.926228 , RMSE:7.610928 , MAE:6.233321 , MAPD:33.504281, R_squared:-0.002713  
	Validation = MSE:55.892086 , RMSE:7.476101 , MAE:6.176028 , MAPD:34.320252, R_squared:-0.005725

2024-03-21 04:31:59,888 Epoch 181/300, Train Loss: 57.804823, Val Loss: 56.940351  
	Train = MSE:57.803829 , RMSE:7.602883 , MAE:6.202935 , MAPD:33.224534, R_squared:-0.000594  
	Validation = MSE:56.940353 , RMSE:7.545883 , MAE:6.379243 , MAPD:36.303397, R_squared:-0.024587

2024-03-21 04:32:19,834 Epoch 182/300, Train Loss: 57.931186, Val Loss: 55.776914  
	Train = MSE:57.937759 , RMSE:7.611686 , MAE:6.254456 , MAPD:33.751146, R_squared:-0.002912  
	Validation = MSE:55.776913 , RMSE:7.468394 , MAE:6.141187 , MAPD:33.963909, R_squared:-0.003652

2024-03-21 04:32:36,003 Epoch 183/300, Train Loss: 57.880071, Val Loss: 56.056152  
	Train = MSE:57.877998 , RMSE:7.607759 , MAE:6.207042 , MAPD:33.258039, R_squared:-0.001878  
	Validation = MSE:56.056152 , RMSE:7.487066 , MAE:6.217738 , MAPD:34.737694, R_squared:-0.008677

2024-03-21 04:32:54,956 Epoch 184/300, Train Loss: 57.861215, Val Loss: 55.989913  
	Train = MSE:57.862446 , RMSE:7.606737 , MAE:6.220532 , MAPD:33.409939, R_squared:-0.001609  
	Validation = MSE:55.989914 , RMSE:7.482641 , MAE:6.201628 , MAPD:34.577959, R_squared:-0.007485

2024-03-21 04:33:11,155 Epoch 185/300, Train Loss: 57.881538, Val Loss: 55.641111  
	Train = MSE:57.874149 , RMSE:7.607506 , MAE:6.232382 , MAPD:33.535987, R_squared:-0.001811  
	Validation = MSE:55.641113 , RMSE:7.459297 , MAE:6.084999 , MAPD:33.375579, R_squared:-0.001209

2024-03-21 04:33:31,409 Epoch 186/300, Train Loss: 57.791867, Val Loss: 55.601376  
	Train = MSE:57.798477 , RMSE:7.602531 , MAE:6.240370 , MAPD:33.616365, R_squared:-0.000502  
	Validation = MSE:55.601376 , RMSE:7.456633 , MAE:5.984893 , MAPD:32.190618, R_squared:-0.000494

2024-03-21 04:33:47,228 Epoch 187/300, Train Loss: 57.906779, Val Loss: 55.738293  
	Train = MSE:57.889492 , RMSE:7.608514 , MAE:6.208174 , MAPD:33.267531, R_squared:-0.002077  
	Validation = MSE:55.738293 , RMSE:7.465808 , MAE:6.127473 , MAPD:33.822917, R_squared:-0.002957

2024-03-21 04:34:03,001 Epoch 188/300, Train Loss: 57.933772, Val Loss: 56.052481  
	Train = MSE:57.935841 , RMSE:7.611560 , MAE:6.222817 , MAPD:33.396831, R_squared:-0.002879  
	Validation = MSE:56.052479 , RMSE:7.486820 , MAE:6.216864 , MAPD:34.729083, R_squared:-0.008611

2024-03-21 04:34:21,483 Epoch 189/300, Train Loss: 57.899959, Val Loss: 55.725181  
	Train = MSE:57.899990 , RMSE:7.609204 , MAE:6.231023 , MAPD:33.494538, R_squared:-0.002259  
	Validation = MSE:55.725185 , RMSE:7.464931 , MAE:6.122521 , MAPD:33.771651, R_squared:-0.002721

2024-03-21 04:34:39,549 Epoch 190/300, Train Loss: 57.865573, Val Loss: 56.815856  
	Train = MSE:57.858658 , RMSE:7.606488 , MAE:6.209708 , MAPD:33.272863, R_squared:-0.001543  
	Validation = MSE:56.815853 , RMSE:7.537629 , MAE:6.360060 , MAPD:36.120535, R_squared:-0.022347

2024-03-21 04:34:55,743 Epoch 191/300, Train Loss: 57.866964, Val Loss: 55.838761  
	Train = MSE:57.861462 , RMSE:7.606672 , MAE:6.232867 , MAPD:33.559247, R_squared:-0.001592  
	Validation = MSE:55.838764 , RMSE:7.472534 , MAE:6.160732 , MAPD:34.164472, R_squared:-0.004765

2024-03-21 04:35:15,242 Epoch 192/300, Train Loss: 57.996888, Val Loss: 55.908297  
	Train = MSE:57.990700 , RMSE:7.615162 , MAE:6.217569 , MAPD:33.337111, R_squared:-0.003829  
	Validation = MSE:55.908302 , RMSE:7.477185 , MAE:6.180498 , MAPD:34.365359, R_squared:-0.006016

2024-03-21 04:35:32,025 Epoch 193/300, Train Loss: 57.789209, Val Loss: 55.593545  
	Train = MSE:57.778267 , RMSE:7.601202 , MAE:6.238137 , MAPD:33.627019, R_squared:-0.000152  
	Validation = MSE:55.593544 , RMSE:7.456108 , MAE:6.054142 , MAPD:33.029462, R_squared:-0.000353

2024-03-21 04:35:48,959 Epoch 194/300, Train Loss: 57.909303, Val Loss: 55.586236  
	Train = MSE:57.896873 , RMSE:7.609000 , MAE:6.226848 , MAPD:33.461886, R_squared:-0.002205  
	Validation = MSE:55.586235 , RMSE:7.455618 , MAE:6.047294 , MAPD:32.948264, R_squared:-0.000221

2024-03-21 04:36:06,793 Epoch 195/300, Train Loss: 57.827359, Val Loss: 55.578652  
	Train = MSE:57.829281 , RMSE:7.604557 , MAE:6.220374 , MAPD:33.429670, R_squared:-0.001035  
	Validation = MSE:55.578651 , RMSE:7.455109 , MAE:6.037361 , MAPD:32.830472, R_squared:-0.000085

2024-03-21 04:36:24,590 Epoch 196/300, Train Loss: 57.954287, Val Loss: 55.704195  
	Train = MSE:57.957329 , RMSE:7.612971 , MAE:6.214230 , MAPD:33.322200, R_squared:-0.003251  
	Validation = MSE:55.704193 , RMSE:7.463524 , MAE:6.114325 , MAPD:33.685707, R_squared:-0.002344

2024-03-21 04:36:40,356 Epoch 197/300, Train Loss: 57.869557, Val Loss: 56.271446  
	Train = MSE:57.870808 , RMSE:7.607286 , MAE:6.218287 , MAPD:33.387566, R_squared:-0.001754  
	Validation = MSE:56.271446 , RMSE:7.501430 , MAE:6.264321 , MAPD:35.195826, R_squared:-0.012551

2024-03-21 04:36:56,482 Epoch 198/300, Train Loss: 57.854014, Val Loss: 56.100032  
	Train = MSE:57.861389 , RMSE:7.606668 , MAE:6.219038 , MAPD:33.396495, R_squared:-0.001590  
	Validation = MSE:56.100029 , RMSE:7.489995 , MAE:6.227937 , MAPD:34.838150, R_squared:-0.009466

2024-03-21 04:37:13,207 Epoch 199/300, Train Loss: 57.870109, Val Loss: 55.851050  
	Train = MSE:57.868046 , RMSE:7.607105 , MAE:6.229515 , MAPD:33.458466, R_squared:-0.001706  
	Validation = MSE:55.851051 , RMSE:7.473356 , MAE:6.164332 , MAPD:34.201418, R_squared:-0.004986

2024-03-21 04:37:31,004 Epoch 200/300, Train Loss: 57.932267, Val Loss: 55.798177  
	Train = MSE:57.927612 , RMSE:7.611019 , MAE:6.221759 , MAPD:33.396084, R_squared:-0.002737  
	Validation = MSE:55.798172 , RMSE:7.469818 , MAE:6.148206 , MAPD:34.035927, R_squared:-0.004035

2024-03-21 04:37:50,450 Epoch 201/300, Train Loss: 57.808763, Val Loss: 55.577750  
	Train = MSE:57.805584 , RMSE:7.602998 , MAE:6.254434 , MAPD:33.793275, R_squared:-0.000624  
	Validation = MSE:55.577744 , RMSE:7.455048 , MAE:6.035734 , MAPD:32.811184, R_squared:-0.000068

2024-03-21 04:38:08,380 Epoch 202/300, Train Loss: 57.749216, Val Loss: 56.607863  
	Train = MSE:57.745838 , RMSE:7.599068 , MAE:6.178233 , MAPD:32.960848, R_squared:0.000410  
	Validation = MSE:56.607861 , RMSE:7.523819 , MAE:6.326390 , MAPD:35.796362, R_squared:-0.018604

2024-03-21 04:38:26,284 Epoch 203/300, Train Loss: 57.897875, Val Loss: 55.755559  
	Train = MSE:57.905575 , RMSE:7.609571 , MAE:6.254033 , MAPD:33.761885, R_squared:-0.002355  
	Validation = MSE:55.755558 , RMSE:7.466964 , MAE:6.133757 , MAPD:33.887664, R_squared:-0.003268

2024-03-21 04:38:43,290 Epoch 204/300, Train Loss: 57.981794, Val Loss: 55.597875  
	Train = MSE:57.985088 , RMSE:7.614794 , MAE:6.227738 , MAPD:33.444272, R_squared:-0.003732  
	Validation = MSE:55.597881 , RMSE:7.456398 , MAE:6.057642 , MAPD:33.070645, R_squared:-0.000431

2024-03-21 04:39:00,884 Epoch 205/300, Train Loss: 57.896380, Val Loss: 55.609388  
	Train = MSE:57.894184 , RMSE:7.608823 , MAE:6.231002 , MAPD:33.495579, R_squared:-0.002158  
	Validation = MSE:55.609386 , RMSE:7.457170 , MAE:6.065959 , MAPD:33.166296, R_squared:-0.000638

2024-03-21 04:39:19,669 Epoch 206/300, Train Loss: 57.914562, Val Loss: 56.088967  
	Train = MSE:57.916683 , RMSE:7.610301 , MAE:6.201456 , MAPD:33.184809, R_squared:-0.002548  
	Validation = MSE:56.088966 , RMSE:7.489257 , MAE:6.225407 , MAPD:34.813228, R_squared:-0.009267

2024-03-21 04:39:35,566 Epoch 207/300, Train Loss: 57.903017, Val Loss: 55.994491  
	Train = MSE:57.897507 , RMSE:7.609041 , MAE:6.226174 , MAPD:33.439120, R_squared:-0.002216  
	Validation = MSE:55.994492 , RMSE:7.482947 , MAE:6.202761 , MAPD:34.589289, R_squared:-0.007567

2024-03-21 04:39:51,788 Epoch 208/300, Train Loss: 57.965490, Val Loss: 55.786917  
	Train = MSE:57.967422 , RMSE:7.613634 , MAE:6.242594 , MAPD:33.601442, R_squared:-0.003426  
	Validation = MSE:55.786915 , RMSE:7.469064 , MAE:6.144533 , MAPD:33.998234, R_squared:-0.003832

2024-03-21 04:40:09,571 Epoch 209/300, Train Loss: 57.902251, Val Loss: 55.689099  
	Train = MSE:57.904659 , RMSE:7.609511 , MAE:6.232788 , MAPD:33.526241, R_squared:-0.002340  
	Validation = MSE:55.689102 , RMSE:7.462513 , MAE:6.108072 , MAPD:33.619806, R_squared:-0.002072

2024-03-21 04:40:26,962 Epoch 210/300, Train Loss: 57.849520, Val Loss: 55.604166  
	Train = MSE:57.852211 , RMSE:7.606064 , MAE:6.223285 , MAPD:33.432898, R_squared:-0.001432  
	Validation = MSE:55.604164 , RMSE:7.456820 , MAE:6.062310 , MAPD:33.124829, R_squared:-0.000544

2024-03-21 04:40:42,738 Epoch 211/300, Train Loss: 57.884414, Val Loss: 55.786427  
	Train = MSE:57.889732 , RMSE:7.608530 , MAE:6.213492 , MAPD:33.329259, R_squared:-0.002081  
	Validation = MSE:55.786427 , RMSE:7.469031 , MAE:6.144370 , MAPD:33.996569, R_squared:-0.003823

2024-03-21 04:41:03,246 Epoch 212/300, Train Loss: 57.794906, Val Loss: 56.437903  
	Train = MSE:57.793926 , RMSE:7.602232 , MAE:6.202804 , MAPD:33.234599, R_squared:-0.000423  
	Validation = MSE:56.437901 , RMSE:7.512516 , MAE:6.296263 , MAPD:35.506299, R_squared:-0.015546

2024-03-21 04:41:20,642 Epoch 213/300, Train Loss: 57.880650, Val Loss: 55.644634  
	Train = MSE:57.883137 , RMSE:7.608097 , MAE:6.243002 , MAPD:33.658181, R_squared:-0.001967  
	Validation = MSE:55.644630 , RMSE:7.459533 , MAE:6.086877 , MAPD:33.395761, R_squared:-0.001272

2024-03-21 04:41:37,463 Epoch 214/300, Train Loss: 57.881729, Val Loss: 55.588888  
	Train = MSE:57.885899 , RMSE:7.608278 , MAE:6.217767 , MAPD:33.363880, R_squared:-0.002015  
	Validation = MSE:55.588886 , RMSE:7.455795 , MAE:6.049968 , MAPD:32.979974, R_squared:-0.000269

2024-03-21 04:41:55,885 Epoch 215/300, Train Loss: 57.919465, Val Loss: 55.809857  
	Train = MSE:57.924545 , RMSE:7.610817 , MAE:6.227458 , MAPD:33.464388, R_squared:-0.002684  
	Validation = MSE:55.809860 , RMSE:7.470600 , MAE:6.151919 , MAPD:34.074031, R_squared:-0.004245

2024-03-21 04:42:13,135 Epoch 216/300, Train Loss: 57.821814, Val Loss: 56.673279  
	Train = MSE:57.821266 , RMSE:7.604030 , MAE:6.201201 , MAPD:33.201438, R_squared:-0.000896  
	Validation = MSE:56.673275 , RMSE:7.528165 , MAE:6.337317 , MAPD:35.901571, R_squared:-0.019781

2024-03-21 04:42:29,879 Epoch 217/300, Train Loss: 57.967412, Val Loss: 55.786101  
	Train = MSE:57.971073 , RMSE:7.613874 , MAE:6.257737 , MAPD:33.770556, R_squared:-0.003489  
	Validation = MSE:55.786102 , RMSE:7.469009 , MAE:6.144261 , MAPD:33.995458, R_squared:-0.003817

2024-03-21 04:42:45,974 Epoch 218/300, Train Loss: 57.858508, Val Loss: 55.594306  
	Train = MSE:57.852280 , RMSE:7.606069 , MAE:6.232729 , MAPD:33.559134, R_squared:-0.001433  
	Validation = MSE:55.594307 , RMSE:7.456159 , MAE:5.989938 , MAPD:32.252809, R_squared:-0.000366

2024-03-21 04:43:03,271 Epoch 219/300, Train Loss: 57.904136, Val Loss: 55.847863  
	Train = MSE:57.904209 , RMSE:7.609481 , MAE:6.202522 , MAPD:33.195764, R_squared:-0.002332  
	Validation = MSE:55.847862 , RMSE:7.473143 , MAE:6.163406 , MAPD:34.191915, R_squared:-0.004929

2024-03-21 04:43:20,194 Epoch 220/300, Train Loss: 57.834848, Val Loss: 56.172055  
	Train = MSE:57.838623 , RMSE:7.605171 , MAE:6.214422 , MAPD:33.343165, R_squared:-0.001196  
	Validation = MSE:56.172054 , RMSE:7.494802 , MAE:6.243796 , MAPD:34.994351, R_squared:-0.010762

2024-03-21 04:43:37,852 Epoch 221/300, Train Loss: 57.868080, Val Loss: 55.684608  
	Train = MSE:57.877285 , RMSE:7.607712 , MAE:6.245142 , MAPD:33.633513, R_squared:-0.001866  
	Validation = MSE:55.684608 , RMSE:7.462212 , MAE:6.106134 , MAPD:33.599376, R_squared:-0.001991

2024-03-21 04:43:56,921 Epoch 222/300, Train Loss: 57.804608, Val Loss: 55.594548  
	Train = MSE:57.816113 , RMSE:7.603691 , MAE:6.222356 , MAPD:33.446031, R_squared:-0.000807  
	Validation = MSE:55.594551 , RMSE:7.456175 , MAE:6.054973 , MAPD:33.039322, R_squared:-0.000371

2024-03-21 04:44:17,875 Epoch 223/300, Train Loss: 57.878288, Val Loss: 55.845549  
	Train = MSE:57.873463 , RMSE:7.607461 , MAE:6.221766 , MAPD:33.393473, R_squared:-0.001800  
	Validation = MSE:55.845547 , RMSE:7.472988 , MAE:6.162731 , MAPD:34.184984, R_squared:-0.004887

2024-03-21 04:44:34,798 Epoch 224/300, Train Loss: 57.891124, Val Loss: 55.860957  
	Train = MSE:57.899227 , RMSE:7.609154 , MAE:6.225434 , MAPD:33.440755, R_squared:-0.002245  
	Validation = MSE:55.860958 , RMSE:7.474019 , MAE:6.167192 , MAPD:34.230686, R_squared:-0.005164

2024-03-21 04:44:53,351 Epoch 225/300, Train Loss: 57.917368, Val Loss: 55.582645  
	Train = MSE:57.907951 , RMSE:7.609727 , MAE:6.230612 , MAPD:33.516647, R_squared:-0.002396  
	Validation = MSE:55.582645 , RMSE:7.455377 , MAE:6.000813 , MAPD:32.386874, R_squared:-0.000156

2024-03-21 04:45:10,376 Epoch 226/300, Train Loss: 57.801249, Val Loss: 56.390271  
	Train = MSE:57.798317 , RMSE:7.602520 , MAE:6.194685 , MAPD:33.108022, R_squared:-0.000499  
	Validation = MSE:56.390274 , RMSE:7.509346 , MAE:6.287299 , MAPD:35.419983, R_squared:-0.014689

2024-03-21 04:45:26,860 Epoch 227/300, Train Loss: 57.954431, Val Loss: 56.911940  
	Train = MSE:57.952084 , RMSE:7.612627 , MAE:6.221240 , MAPD:33.370748, R_squared:-0.003160  
	Validation = MSE:56.911938 , RMSE:7.544000 , MAE:6.374907 , MAPD:36.262243, R_squared:-0.024076

2024-03-21 04:45:45,109 Epoch 228/300, Train Loss: 57.908742, Val Loss: 55.673528  
	Train = MSE:57.912201 , RMSE:7.610007 , MAE:6.246967 , MAPD:33.713280, R_squared:-0.002470  
	Validation = MSE:55.673531 , RMSE:7.461470 , MAE:6.101179 , MAPD:33.547136, R_squared:-0.001792

2024-03-21 04:46:06,330 Epoch 229/300, Train Loss: 57.938873, Val Loss: 55.673835  
	Train = MSE:57.940582 , RMSE:7.611871 , MAE:6.226924 , MAPD:33.443253, R_squared:-0.002961  
	Validation = MSE:55.673840 , RMSE:7.461491 , MAE:6.101319 , MAPD:33.548611, R_squared:-0.001797

2024-03-21 04:46:23,312 Epoch 230/300, Train Loss: 57.869119, Val Loss: 56.067555  
	Train = MSE:57.864937 , RMSE:7.606901 , MAE:6.212437 , MAPD:33.330029, R_squared:-0.001652  
	Validation = MSE:56.067554 , RMSE:7.487827 , MAE:6.220431 , MAPD:34.764221, R_squared:-0.008882

2024-03-21 04:46:39,640 Epoch 231/300, Train Loss: 57.845620, Val Loss: 55.699440  
	Train = MSE:57.844227 , RMSE:7.605539 , MAE:6.234110 , MAPD:33.530467, R_squared:-0.001293  
	Validation = MSE:55.699440 , RMSE:7.463206 , MAE:6.112397 , MAPD:33.665382, R_squared:-0.002258

2024-03-21 04:46:57,244 Epoch 232/300, Train Loss: 57.852137, Val Loss: 55.843406  
	Train = MSE:57.847786 , RMSE:7.605773 , MAE:6.207467 , MAPD:33.253752, R_squared:-0.001355  
	Validation = MSE:55.843407 , RMSE:7.472845 , MAE:6.162103 , MAPD:34.178537, R_squared:-0.004849

2024-03-21 04:47:14,905 Epoch 233/300, Train Loss: 57.849409, Val Loss: 55.875502  
	Train = MSE:57.849789 , RMSE:7.605905 , MAE:6.240151 , MAPD:33.628956, R_squared:-0.001390  
	Validation = MSE:55.875500 , RMSE:7.474992 , MAE:6.171348 , MAPD:34.272965, R_squared:-0.005426

2024-03-21 04:47:31,942 Epoch 234/300, Train Loss: 57.902244, Val Loss: 55.763093  
	Train = MSE:57.909992 , RMSE:7.609861 , MAE:6.221295 , MAPD:33.396812, R_squared:-0.002432  
	Validation = MSE:55.763092 , RMSE:7.467469 , MAE:6.136426 , MAPD:33.915047, R_squared:-0.003403

2024-03-21 04:47:49,310 Epoch 235/300, Train Loss: 57.887600, Val Loss: 56.322981  
	Train = MSE:57.885353 , RMSE:7.608243 , MAE:6.214515 , MAPD:33.350861, R_squared:-0.002005  
	Validation = MSE:56.322979 , RMSE:7.504864 , MAE:6.274472 , MAPD:35.295040, R_squared:-0.013478

2024-03-21 04:48:05,988 Epoch 236/300, Train Loss: 57.888311, Val Loss: 56.005114  
	Train = MSE:57.898392 , RMSE:7.609099 , MAE:6.227131 , MAPD:33.473164, R_squared:-0.002231  
	Validation = MSE:56.005116 , RMSE:7.483656 , MAE:6.205366 , MAPD:34.615357, R_squared:-0.007758

2024-03-21 04:48:22,218 Epoch 237/300, Train Loss: 57.880639, Val Loss: 55.926807  
	Train = MSE:57.889740 , RMSE:7.608531 , MAE:6.228071 , MAPD:33.472759, R_squared:-0.002081  
	Validation = MSE:55.926807 , RMSE:7.478423 , MAE:6.185472 , MAPD:34.415539, R_squared:-0.006349

2024-03-21 04:48:40,694 Epoch 238/300, Train Loss: 57.886197, Val Loss: 55.915619  
	Train = MSE:57.889336 , RMSE:7.608504 , MAE:6.223286 , MAPD:33.428399, R_squared:-0.002074  
	Validation = MSE:55.915615 , RMSE:7.477674 , MAE:6.182481 , MAPD:34.385369, R_squared:-0.006148

2024-03-21 04:48:58,388 Epoch 239/300, Train Loss: 57.857440, Val Loss: 56.043615  
	Train = MSE:57.861660 , RMSE:7.606685 , MAE:6.222444 , MAPD:33.420812, R_squared:-0.001595  
	Validation = MSE:56.043613 , RMSE:7.486228 , MAE:6.214739 , MAPD:34.708160, R_squared:-0.008451

2024-03-21 04:49:15,019 Epoch 240/300, Train Loss: 57.900608, Val Loss: 55.715537  
	Train = MSE:57.899960 , RMSE:7.609202 , MAE:6.236228 , MAPD:33.566367, R_squared:-0.002258  
	Validation = MSE:55.715538 , RMSE:7.464284 , MAE:6.118788 , MAPD:33.732741, R_squared:-0.002548

2024-03-21 04:49:33,232 Epoch 241/300, Train Loss: 57.809809, Val Loss: 56.043252  
	Train = MSE:57.806122 , RMSE:7.603034 , MAE:6.198277 , MAPD:33.185201, R_squared:-0.000634  
	Validation = MSE:56.043251 , RMSE:7.486204 , MAE:6.214652 , MAPD:34.707298, R_squared:-0.008445

2024-03-21 04:49:50,917 Epoch 242/300, Train Loss: 57.786809, Val Loss: 55.606121  
	Train = MSE:57.792763 , RMSE:7.602155 , MAE:6.241090 , MAPD:33.659485, R_squared:-0.000403  
	Validation = MSE:55.606125 , RMSE:7.456952 , MAE:5.981867 , MAPD:32.153310, R_squared:-0.000579

2024-03-21 04:50:08,549 Epoch 243/300, Train Loss: 57.917807, Val Loss: 55.587914  
	Train = MSE:57.922455 , RMSE:7.610680 , MAE:6.216827 , MAPD:33.356094, R_squared:-0.002648  
	Validation = MSE:55.587914 , RMSE:7.455730 , MAE:6.049016 , MAPD:32.968680, R_squared:-0.000251

2024-03-21 04:50:24,689 Epoch 244/300, Train Loss: 57.854558, Val Loss: 55.892577  
	Train = MSE:57.855721 , RMSE:7.606295 , MAE:6.218925 , MAPD:33.405818, R_squared:-0.001492  
	Validation = MSE:55.892578 , RMSE:7.476134 , MAE:6.176165 , MAPD:34.321640, R_squared:-0.005733

2024-03-21 04:50:44,262 Epoch 245/300, Train Loss: 57.890807, Val Loss: 55.575460  
	Train = MSE:57.898167 , RMSE:7.609085 , MAE:6.226260 , MAPD:33.480274, R_squared:-0.002227  
	Validation = MSE:55.575459 , RMSE:7.454895 , MAE:6.012794 , MAPD:32.534451, R_squared:-0.000027

2024-03-21 04:51:01,159 Epoch 246/300, Train Loss: 57.779309, Val Loss: 56.772242  
	Train = MSE:57.779930 , RMSE:7.601311 , MAE:6.176628 , MAPD:32.951064, R_squared:-0.000180  
	Validation = MSE:56.772240 , RMSE:7.534736 , MAE:6.353248 , MAPD:36.054956, R_squared:-0.021562

2024-03-21 04:51:17,302 Epoch 247/300, Train Loss: 57.973349, Val Loss: 56.528466  
	Train = MSE:57.974270 , RMSE:7.614084 , MAE:6.246819 , MAPD:33.632426, R_squared:-0.003545  
	Validation = MSE:56.528465 , RMSE:7.518541 , MAE:6.312652 , MAPD:35.664087, R_squared:-0.017176

2024-03-21 04:51:34,034 Epoch 248/300, Train Loss: 57.865371, Val Loss: 55.679404  
	Train = MSE:57.871304 , RMSE:7.607319 , MAE:6.249608 , MAPD:33.702479, R_squared:-0.001762  
	Validation = MSE:55.679405 , RMSE:7.461864 , MAE:6.103840 , MAPD:33.575186, R_squared:-0.001898

2024-03-21 04:51:52,472 Epoch 249/300, Train Loss: 57.850604, Val Loss: 56.007771  
	Train = MSE:57.849136 , RMSE:7.605862 , MAE:6.202733 , MAPD:33.220680, R_squared:-0.001378  
	Validation = MSE:56.007774 , RMSE:7.483834 , MAE:6.206022 , MAPD:34.621873, R_squared:-0.007806

2024-03-21 04:52:08,724 Epoch 250/300, Train Loss: 57.854134, Val Loss: 56.181480  
	Train = MSE:57.845131 , RMSE:7.605598 , MAE:6.225281 , MAPD:33.479266, R_squared:-0.001309  
	Validation = MSE:56.181484 , RMSE:7.495431 , MAE:6.245800 , MAPD:35.014078, R_squared:-0.010932

2024-03-21 04:52:25,137 Epoch 251/300, Train Loss: 57.914589, Val Loss: 56.103665  
	Train = MSE:57.916454 , RMSE:7.610286 , MAE:6.222034 , MAPD:33.394332, R_squared:-0.002544  
	Validation = MSE:56.103661 , RMSE:7.490238 , MAE:6.228763 , MAPD:34.846277, R_squared:-0.009532

2024-03-21 04:52:44,285 Epoch 252/300, Train Loss: 57.940133, Val Loss: 55.608953  
	Train = MSE:57.933506 , RMSE:7.611406 , MAE:6.252427 , MAPD:33.730346, R_squared:-0.002839  
	Validation = MSE:55.608955 , RMSE:7.457141 , MAE:6.065665 , MAPD:33.162972, R_squared:-0.000630

2024-03-21 04:53:02,622 Epoch 253/300, Train Loss: 57.802726, Val Loss: 55.573962  
	Train = MSE:57.804871 , RMSE:7.602952 , MAE:6.221960 , MAPD:33.443805, R_squared:-0.000612  
	Validation = MSE:55.573959 , RMSE:7.454794 , MAE:6.020763 , MAPD:32.631396, R_squared:-0.000000

2024-03-21 04:53:19,698 Epoch 254/300, Train Loss: 57.864434, Val Loss: 56.270554  
	Train = MSE:57.868767 , RMSE:7.607152 , MAE:6.188186 , MAPD:33.052656, R_squared:-0.001718  
	Validation = MSE:56.270557 , RMSE:7.501370 , MAE:6.264142 , MAPD:35.194078, R_squared:-0.012535

2024-03-21 04:53:36,322 Epoch 255/300, Train Loss: 57.867875, Val Loss: 55.574528  
	Train = MSE:57.871063 , RMSE:7.607303 , MAE:6.246354 , MAPD:33.707517, R_squared:-0.001758  
	Validation = MSE:55.574532 , RMSE:7.454833 , MAE:6.027065 , MAPD:32.707242, R_squared:-0.000010

2024-03-21 04:53:53,871 Epoch 256/300, Train Loss: 57.849487, Val Loss: 55.713046  
	Train = MSE:57.852787 , RMSE:7.606102 , MAE:6.199211 , MAPD:33.203118, R_squared:-0.001442  
	Validation = MSE:55.713047 , RMSE:7.464118 , MAE:6.117824 , MAPD:33.722578, R_squared:-0.002503

2024-03-21 04:54:12,193 Epoch 257/300, Train Loss: 57.907612, Val Loss: 55.648086  
	Train = MSE:57.911587 , RMSE:7.609966 , MAE:6.233438 , MAPD:33.538616, R_squared:-0.002459  
	Validation = MSE:55.648087 , RMSE:7.459764 , MAE:6.088686 , MAPD:33.415121, R_squared:-0.001334

2024-03-21 04:54:28,732 Epoch 258/300, Train Loss: 57.918607, Val Loss: 55.696166  
	Train = MSE:57.910694 , RMSE:7.609908 , MAE:6.221290 , MAPD:33.366807, R_squared:-0.002444  
	Validation = MSE:55.696167 , RMSE:7.462986 , MAE:6.111049 , MAPD:33.651168, R_squared:-0.002199

2024-03-21 04:54:47,535 Epoch 259/300, Train Loss: 57.916202, Val Loss: 55.780037  
	Train = MSE:57.914486 , RMSE:7.610157 , MAE:6.233966 , MAPD:33.523539, R_squared:-0.002510  
	Validation = MSE:55.780041 , RMSE:7.468604 , MAE:6.142240 , MAPD:33.974714, R_squared:-0.003708

2024-03-21 04:55:05,011 Epoch 260/300, Train Loss: 57.799110, Val Loss: 55.596133  
	Train = MSE:57.800545 , RMSE:7.602667 , MAE:6.237136 , MAPD:33.615213, R_squared:-0.000537  
	Validation = MSE:55.596134 , RMSE:7.456282 , MAE:5.988560 , MAPD:32.235815, R_squared:-0.000399

2024-03-21 04:55:23,595 Epoch 261/300, Train Loss: 57.819164, Val Loss: 55.579295  
	Train = MSE:57.820236 , RMSE:7.603962 , MAE:6.216623 , MAPD:33.358641, R_squared:-0.000878  
	Validation = MSE:55.579296 , RMSE:7.455153 , MAE:6.038425 , MAPD:32.843101, R_squared:-0.000096

2024-03-21 04:55:41,257 Epoch 262/300, Train Loss: 57.974257, Val Loss: 55.759292  
	Train = MSE:57.981293 , RMSE:7.614545 , MAE:6.226727 , MAPD:33.443941, R_squared:-0.003666  
	Validation = MSE:55.759293 , RMSE:7.467215 , MAE:6.135086 , MAPD:33.901298, R_squared:-0.003335

2024-03-21 04:55:57,837 Epoch 263/300, Train Loss: 57.868722, Val Loss: 56.122427  
	Train = MSE:57.871414 , RMSE:7.607327 , MAE:6.200292 , MAPD:33.170475, R_squared:-0.001764  
	Validation = MSE:56.122425 , RMSE:7.491490 , MAE:6.232979 , MAPD:34.887807, R_squared:-0.009869

2024-03-21 04:56:15,918 Epoch 264/300, Train Loss: 57.898824, Val Loss: 55.751115  
	Train = MSE:57.886013 , RMSE:7.608286 , MAE:6.233547 , MAPD:33.535029, R_squared:-0.002017  
	Validation = MSE:55.751114 , RMSE:7.466667 , MAE:6.132156 , MAPD:33.871241, R_squared:-0.003188

2024-03-21 04:56:33,740 Epoch 265/300, Train Loss: 57.890908, Val Loss: 55.866270  
	Train = MSE:57.888489 , RMSE:7.608449 , MAE:6.231814 , MAPD:33.521051, R_squared:-0.002060  
	Validation = MSE:55.866268 , RMSE:7.474374 , MAE:6.168722 , MAPD:34.246249, R_squared:-0.005260

2024-03-21 04:56:49,927 Epoch 266/300, Train Loss: 57.872814, Val Loss: 55.600907  
	Train = MSE:57.878967 , RMSE:7.607823 , MAE:6.218257 , MAPD:33.395602, R_squared:-0.001895  
	Validation = MSE:55.600906 , RMSE:7.456602 , MAE:6.059948 , MAPD:33.097492, R_squared:-0.000485

2024-03-21 04:57:07,722 Epoch 267/300, Train Loss: 57.855401, Val Loss: 55.685473  
	Train = MSE:57.852650 , RMSE:7.606093 , MAE:6.211305 , MAPD:33.330393, R_squared:-0.001439  
	Validation = MSE:55.685474 , RMSE:7.462270 , MAE:6.106511 , MAPD:33.603347, R_squared:-0.002007

2024-03-21 04:57:24,878 Epoch 268/300, Train Loss: 57.848284, Val Loss: 55.967752  
	Train = MSE:57.854374 , RMSE:7.606206 , MAE:6.223420 , MAPD:33.428296, R_squared:-0.001469  
	Validation = MSE:55.967754 , RMSE:7.481160 , MAE:6.196054 , MAPD:34.522188, R_squared:-0.007086

2024-03-21 04:57:41,619 Epoch 269/300, Train Loss: 57.823052, Val Loss: 55.682449  
	Train = MSE:57.829838 , RMSE:7.604593 , MAE:6.225152 , MAPD:33.467668, R_squared:-0.001044  
	Validation = MSE:55.682446 , RMSE:7.462067 , MAE:6.105190 , MAPD:33.589412, R_squared:-0.001952

2024-03-21 04:57:58,263 Epoch 270/300, Train Loss: 57.845608, Val Loss: 55.710351  
	Train = MSE:57.839870 , RMSE:7.605253 , MAE:6.222186 , MAPD:33.454774, R_squared:-0.001218  
	Validation = MSE:55.710350 , RMSE:7.463937 , MAE:6.116770 , MAPD:33.711477, R_squared:-0.002454

2024-03-21 04:58:15,929 Epoch 271/300, Train Loss: 57.873817, Val Loss: 55.763311  
	Train = MSE:57.878498 , RMSE:7.607792 , MAE:6.220806 , MAPD:33.416562, R_squared:-0.001887  
	Validation = MSE:55.763309 , RMSE:7.467484 , MAE:6.136503 , MAPD:33.915835, R_squared:-0.003407

2024-03-21 04:58:33,659 Epoch 272/300, Train Loss: 57.892692, Val Loss: 55.583711  
	Train = MSE:57.893276 , RMSE:7.608763 , MAE:6.238317 , MAPD:33.616696, R_squared:-0.002142  
	Validation = MSE:55.583710 , RMSE:7.455448 , MAE:6.044464 , MAPD:32.914711, R_squared:-0.000176

2024-03-21 04:58:49,503 Epoch 273/300, Train Loss: 57.904062, Val Loss: 55.749872  
	Train = MSE:57.895016 , RMSE:7.608878 , MAE:6.207610 , MAPD:33.243646, R_squared:-0.002173  
	Validation = MSE:55.749874 , RMSE:7.466584 , MAE:6.131705 , MAPD:33.866609, R_squared:-0.003166

2024-03-21 04:59:09,807 Epoch 274/300, Train Loss: 57.924106, Val Loss: 55.804308  
	Train = MSE:57.933025 , RMSE:7.611375 , MAE:6.236215 , MAPD:33.564170, R_squared:-0.002831  
	Validation = MSE:55.804306 , RMSE:7.470228 , MAE:6.150167 , MAPD:34.056051, R_squared:-0.004145

2024-03-21 04:59:26,029 Epoch 275/300, Train Loss: 57.873577, Val Loss: 55.632807  
	Train = MSE:57.868454 , RMSE:7.607132 , MAE:6.217313 , MAPD:33.386224, R_squared:-0.001713  
	Validation = MSE:55.632801 , RMSE:7.458740 , MAE:6.080423 , MAPD:33.326085, R_squared:-0.001059

2024-03-21 04:59:42,174 Epoch 276/300, Train Loss: 57.786084, Val Loss: 56.438995  
	Train = MSE:57.787933 , RMSE:7.601838 , MAE:6.191099 , MAPD:33.134496, R_squared:-0.000319  
	Validation = MSE:56.438995 , RMSE:7.512589 , MAE:6.296466 , MAPD:35.508250, R_squared:-0.015566

2024-03-21 04:59:59,227 Epoch 277/300, Train Loss: 57.902728, Val Loss: 55.695221  
	Train = MSE:57.894951 , RMSE:7.608873 , MAE:6.232028 , MAPD:33.519241, R_squared:-0.002171  
	Validation = MSE:55.695221 , RMSE:7.462923 , MAE:6.110655 , MAPD:33.647022, R_squared:-0.002182

2024-03-21 05:00:15,932 Epoch 278/300, Train Loss: 57.871560, Val Loss: 55.942960  
	Train = MSE:57.876377 , RMSE:7.607653 , MAE:6.224997 , MAPD:33.465372, R_squared:-0.001850  
	Validation = MSE:55.942959 , RMSE:7.479503 , MAE:6.189707 , MAPD:34.458269, R_squared:-0.006640

2024-03-21 05:00:34,981 Epoch 279/300, Train Loss: 57.786171, Val Loss: 55.597657  
	Train = MSE:57.795361 , RMSE:7.602326 , MAE:6.240443 , MAPD:33.629771, R_squared:-0.000447  
	Validation = MSE:55.597656 , RMSE:7.456384 , MAE:5.987453 , MAPD:32.222169, R_squared:-0.000427

2024-03-21 05:00:51,741 Epoch 280/300, Train Loss: 57.902544, Val Loss: 55.710126  
	Train = MSE:57.905205 , RMSE:7.609547 , MAE:6.214853 , MAPD:33.315143, R_squared:-0.002349  
	Validation = MSE:55.710129 , RMSE:7.463922 , MAE:6.116682 , MAPD:33.710544, R_squared:-0.002450

2024-03-21 05:01:10,793 Epoch 281/300, Train Loss: 57.831451, Val Loss: 55.600849  
	Train = MSE:57.829277 , RMSE:7.604557 , MAE:6.226942 , MAPD:33.513578, R_squared:-0.001035  
	Validation = MSE:55.600849 , RMSE:7.456598 , MAE:5.985245 , MAPD:32.194953, R_squared:-0.000484

2024-03-21 05:01:29,717 Epoch 282/300, Train Loss: 57.902159, Val Loss: 55.677799  
	Train = MSE:57.904385 , RMSE:7.609493 , MAE:6.209407 , MAPD:33.280589, R_squared:-0.002335  
	Validation = MSE:55.677803 , RMSE:7.461756 , MAE:6.103120 , MAPD:33.567595, R_squared:-0.001869

2024-03-21 05:01:46,550 Epoch 283/300, Train Loss: 57.842938, Val Loss: 55.892588  
	Train = MSE:57.850132 , RMSE:7.605927 , MAE:6.212250 , MAPD:33.295915, R_squared:-0.001396  
	Validation = MSE:55.892593 , RMSE:7.476135 , MAE:6.176168 , MAPD:34.321670, R_squared:-0.005734

2024-03-21 05:02:05,558 Epoch 284/300, Train Loss: 57.823877, Val Loss: 55.957356  
	Train = MSE:57.823540 , RMSE:7.604179 , MAE:6.224627 , MAPD:33.478843, R_squared:-0.000935  
	Validation = MSE:55.957352 , RMSE:7.480464 , MAE:6.193403 , MAPD:34.495568, R_squared:-0.006899

2024-03-21 05:02:22,652 Epoch 285/300, Train Loss: 57.863680, Val Loss: 55.761037  
	Train = MSE:57.870964 , RMSE:7.607297 , MAE:6.233728 , MAPD:33.532054, R_squared:-0.001756  
	Validation = MSE:55.761036 , RMSE:7.467331 , MAE:6.135702 , MAPD:33.907626, R_squared:-0.003366

2024-03-21 05:02:38,852 Epoch 286/300, Train Loss: 57.967868, Val Loss: 55.737627  
	Train = MSE:57.957077 , RMSE:7.612955 , MAE:6.227523 , MAPD:33.410047, R_squared:-0.003247  
	Validation = MSE:55.737625 , RMSE:7.465764 , MAE:6.127226 , MAPD:33.820364, R_squared:-0.002945

2024-03-21 05:02:56,485 Epoch 287/300, Train Loss: 57.883894, Val Loss: 55.910668  
	Train = MSE:57.890160 , RMSE:7.608558 , MAE:6.240555 , MAPD:33.594784, R_squared:-0.002088  
	Validation = MSE:55.910664 , RMSE:7.477344 , MAE:6.181143 , MAPD:34.371863, R_squared:-0.006059

2024-03-21 05:03:12,555 Epoch 288/300, Train Loss: 57.906880, Val Loss: 55.901169  
	Train = MSE:57.906246 , RMSE:7.609615 , MAE:6.215873 , MAPD:33.331260, R_squared:-0.002367  
	Validation = MSE:55.901173 , RMSE:7.476709 , MAE:6.178546 , MAPD:34.345663, R_squared:-0.005888

2024-03-21 05:03:29,761 Epoch 289/300, Train Loss: 57.871036, Val Loss: 55.849752  
	Train = MSE:57.874657 , RMSE:7.607540 , MAE:6.218395 , MAPD:33.374803, R_squared:-0.001820  
	Validation = MSE:55.849751 , RMSE:7.473269 , MAE:6.163956 , MAPD:34.197556, R_squared:-0.004963

2024-03-21 05:03:47,581 Epoch 290/300, Train Loss: 57.875176, Val Loss: 56.291924  
	Train = MSE:57.875198 , RMSE:7.607575 , MAE:6.224952 , MAPD:33.441598, R_squared:-0.001830  
	Validation = MSE:56.291924 , RMSE:7.502794 , MAE:6.268398 , MAPD:35.235675, R_squared:-0.012919

2024-03-21 05:04:04,959 Epoch 291/300, Train Loss: 57.854483, Val Loss: 55.599969  
	Train = MSE:57.853977 , RMSE:7.606180 , MAE:6.238735 , MAPD:33.605011, R_squared:-0.001462  
	Validation = MSE:55.599972 , RMSE:7.456539 , MAE:6.059243 , MAPD:33.089324, R_squared:-0.000468

2024-03-21 05:04:24,642 Epoch 292/300, Train Loss: 57.913035, Val Loss: 55.615089  
	Train = MSE:57.910690 , RMSE:7.609907 , MAE:6.218077 , MAPD:33.363882, R_squared:-0.002444  
	Validation = MSE:55.615089 , RMSE:7.457552 , MAE:6.069777 , MAPD:33.208855, R_squared:-0.000740

2024-03-21 05:04:42,617 Epoch 293/300, Train Loss: 57.846472, Val Loss: 55.819726  
	Train = MSE:57.852245 , RMSE:7.606066 , MAE:6.207895 , MAPD:33.309574, R_squared:-0.001432  
	Validation = MSE:55.819725 , RMSE:7.471260 , MAE:6.154985 , MAPD:34.105503, R_squared:-0.004423

2024-03-21 05:05:00,872 Epoch 294/300, Train Loss: 57.910671, Val Loss: 55.585257  
	Train = MSE:57.908844 , RMSE:7.609786 , MAE:6.250391 , MAPD:33.706793, R_squared:-0.002412  
	Validation = MSE:55.585255 , RMSE:7.455552 , MAE:6.046234 , MAPD:32.935694, R_squared:-0.000203

2024-03-21 05:05:19,029 Epoch 295/300, Train Loss: 57.969558, Val Loss: 55.925699  
	Train = MSE:57.972355 , RMSE:7.613958 , MAE:6.206442 , MAPD:33.188872, R_squared:-0.003511  
	Validation = MSE:55.925694 , RMSE:7.478348 , MAE:6.185178 , MAPD:34.412575, R_squared:-0.006329

2024-03-21 05:05:36,689 Epoch 296/300, Train Loss: 57.870239, Val Loss: 55.734499  
	Train = MSE:57.881184 , RMSE:7.607968 , MAE:6.225373 , MAPD:33.445505, R_squared:-0.001933  
	Validation = MSE:55.734497 , RMSE:7.465554 , MAE:6.126061 , MAPD:33.808298, R_squared:-0.002889

2024-03-21 05:05:54,444 Epoch 297/300, Train Loss: 57.858566, Val Loss: 55.836933  
	Train = MSE:57.852932 , RMSE:7.606112 , MAE:6.227776 , MAPD:33.503603, R_squared:-0.001444  
	Validation = MSE:55.836933 , RMSE:7.472412 , MAE:6.160189 , MAPD:34.158902, R_squared:-0.004732

2024-03-21 05:06:12,967 Epoch 298/300, Train Loss: 57.942082, Val Loss: 55.626646  
	Train = MSE:57.949879 , RMSE:7.612482 , MAE:6.228522 , MAPD:33.470686, R_squared:-0.003122  
	Validation = MSE:55.626652 , RMSE:7.458328 , MAE:6.076886 , MAPD:33.287414, R_squared:-0.000948

2024-03-21 05:06:33,572 Epoch 299/300, Train Loss: 57.894611, Val Loss: 55.659547  
	Train = MSE:57.895435 , RMSE:7.608905 , MAE:6.219934 , MAPD:33.389066, R_squared:-0.002180  
	Validation = MSE:55.659546 , RMSE:7.460533 , MAE:6.094511 , MAPD:33.476851, R_squared:-0.001540

2024-03-21 05:06:53,898 Epoch 300/300, Train Loss: 57.872181, Val Loss: 55.773084  
	Train = MSE:57.868347 , RMSE:7.607125 , MAE:6.217022 , MAPD:33.369028, R_squared:-0.001711  
	Validation = MSE:55.773087 , RMSE:7.468138 , MAE:6.139884 , MAPD:33.950536, R_squared:-0.003583

2024-03-21 05:06:53,910 Time for training the model: 5236.772590
2024-03-21 05:07:01,906 MSE for train: 57.770329
2024-03-21 05:07:01,906 RMSE for train: 7.600679
2024-03-21 05:07:01,906 MAE for train: 6.210875
2024-03-21 05:07:01,906 MAPD for train: 33.324036
2024-03-21 05:07:01,907 R^2 Score for train: -0.000014
2024-03-21 05:07:01,916 Inference time for train dataset: 6.970000

2024-03-21 05:07:03,247 MSE for val: 55.773087
2024-03-21 05:07:03,247 RMSE for val: 7.468138
2024-03-21 05:07:03,247 MAE for val: 6.139884
2024-03-21 05:07:03,247 MAPD for val: 33.950536
2024-03-21 05:07:03,248 R^2 Score for val: -0.003583
2024-03-21 05:07:03,263 Inference time for val dataset: 1.332001

2024-03-21 05:07:04,479 MSE for test: 61.269920
2024-03-21 05:07:04,479 RMSE for test: 7.827510
2024-03-21 05:07:04,480 MAE for test: 6.378935
2024-03-21 05:07:04,480 MAPD for test: 32.334356
2024-03-21 05:07:04,480 R^2 Score for test: -0.011235
2024-03-21 05:07:04,488 Inference time for test dataset: 1.217000

2024-03-21 05:07:06,920 Train label average: , [20.62097221]
2024-03-21 05:07:06,920 Test label average: , [21.41736175]
2024-03-21 05:07:06,921 validation label average: , [20.14607025]
2024-03-21 05:07:06,921 predicted (on validation dataset) values average: , 20.592314453125
