2024-03-21 03:44:27,042 train batches in dataset: 13
2024-03-21 03:44:27,043 val batches in dataset: 2
2024-03-21 03:44:27,043 test batches in dataset: 2
2024-03-21 03:44:27,060 Trainable parameter: net_core.0.weight - size: torch.Size([256, 35])
2024-03-21 03:44:27,066 Trainable parameter: net_core.0.bias - size: torch.Size([256])
2024-03-21 03:44:27,075 Trainable parameter: net_core.1.weight - size: torch.Size([128, 256])
2024-03-21 03:44:27,084 Trainable parameter: net_core.1.bias - size: torch.Size([128])
2024-03-21 03:44:27,089 Trainable parameter: net_core.2.weight - size: torch.Size([64, 128])
2024-03-21 03:44:27,095 Trainable parameter: net_core.2.bias - size: torch.Size([64])
2024-03-21 03:44:27,104 Trainable parameter: net_core.3.weight - size: torch.Size([16, 64])
2024-03-21 03:44:27,105 Trainable parameter: net_core.3.bias - size: torch.Size([16])
2024-03-21 03:44:27,105 Trainable parameter: net_core.4.weight - size: torch.Size([1, 16])
2024-03-21 03:44:27,105 Trainable parameter: net_core.4.bias - size: torch.Size([1])
2024-03-21 03:44:27,106 Number of trainable parameters: 51425
2024-03-21 03:44:27,106 Number of non-trainable parameters: 0
2024-03-21 03:44:29,601 Epoch 1/300, Train Loss: 180.574905, Val Loss: 94.314888  
	Train = MSE:187.381393 , RMSE:13.688732 , MAE:11.306664 , MAPD:55.503919, R_squared:-2.243604  
	Validation = MSE:94.246506 , RMSE:9.708064 , MAE:9.500946 , MAPD:56.108378, R_squared:-0.695876

2024-03-21 03:44:31,983 Epoch 2/300, Train Loss: 40.863229, Val Loss: 6.808478  
	Train = MSE:41.317863 , RMSE:6.427897 , MAE:5.358847 , MAPD:27.724102, R_squared:0.284781  
	Validation = MSE:6.705395 , RMSE:2.589478 , MAE:1.944914 , MAPD:11.628667, R_squared:0.879343

2024-03-21 03:44:33,007 Epoch 3/300, Train Loss: 10.918115, Val Loss: 9.922327  
	Train = MSE:11.050354 , RMSE:3.324207 , MAE:2.652191 , MAPD:13.645089, R_squared:0.808717  
	Validation = MSE:9.942676 , RMSE:3.153201 , MAE:2.712353 , MAPD:13.186790, R_squared:0.821091

2024-03-21 03:44:34,048 Epoch 4/300, Train Loss: 5.239965, Val Loss: 3.224705  
	Train = MSE:5.343077 , RMSE:2.311510 , MAE:1.872926 , MAPD:10.178315, R_squared:0.907510  
	Validation = MSE:3.190420 , RMSE:1.786175 , MAE:1.397334 , MAPD:8.799175, R_squared:0.942591

2024-03-21 03:44:35,021 Epoch 5/300, Train Loss: 3.077426, Val Loss: 2.032819  
	Train = MSE:3.110157 , RMSE:1.763564 , MAE:1.410449 , MAPD:8.202496, R_squared:0.946163  
	Validation = MSE:2.047295 , RMSE:1.430837 , MAE:1.197628 , MAPD:6.998226, R_squared:0.963161

2024-03-21 03:44:36,036 Epoch 6/300, Train Loss: 2.198707, Val Loss: 1.762758  
	Train = MSE:2.220201 , RMSE:1.490034 , MAE:1.231651 , MAPD:7.012338, R_squared:0.961568  
	Validation = MSE:1.750701 , RMSE:1.323141 , MAE:1.067679 , MAPD:6.503370, R_squared:0.968498

2024-03-21 03:44:37,506 Epoch 7/300, Train Loss: 1.840661, Val Loss: 1.659023  
	Train = MSE:1.855700 , RMSE:1.362241 , MAE:1.103382 , MAPD:6.442267, R_squared:0.967878  
	Validation = MSE:1.683501 , RMSE:1.297498 , MAE:1.093066 , MAPD:6.168977, R_squared:0.969707

2024-03-21 03:44:39,614 Epoch 8/300, Train Loss: 1.543987, Val Loss: 1.272572  
	Train = MSE:1.556974 , RMSE:1.247788 , MAE:1.027739 , MAPD:5.923456, R_squared:0.973049  
	Validation = MSE:1.268477 , RMSE:1.126267 , MAE:0.921622 , MAPD:5.557125, R_squared:0.977175

2024-03-21 03:44:40,680 Epoch 9/300, Train Loss: 1.326672, Val Loss: 1.098073  
	Train = MSE:1.329074 , RMSE:1.152855 , MAE:0.939474 , MAPD:5.480965, R_squared:0.976993  
	Validation = MSE:1.102255 , RMSE:1.049883 , MAE:0.873683 , MAPD:5.117234, R_squared:0.980166

2024-03-21 03:44:41,697 Epoch 10/300, Train Loss: 1.136515, Val Loss: 0.953958  
	Train = MSE:1.144174 , RMSE:1.069661 , MAE:0.873027 , MAPD:5.051294, R_squared:0.980194  
	Validation = MSE:0.947167 , RMSE:0.973225 , MAE:0.787723 , MAPD:4.693001, R_squared:0.982957

2024-03-21 03:44:42,920 Epoch 11/300, Train Loss: 0.958824, Val Loss: 0.791481  
	Train = MSE:0.961152 , RMSE:0.980384 , MAE:0.795575 , MAPD:4.573803, R_squared:0.983362  
	Validation = MSE:0.797779 , RMSE:0.893185 , MAE:0.739163 , MAPD:4.230353, R_squared:0.985645

2024-03-21 03:44:46,176 Epoch 12/300, Train Loss: 0.780244, Val Loss: 0.636781  
	Train = MSE:0.784645 , RMSE:0.885802 , MAE:0.712051 , MAPD:4.109969, R_squared:0.986418  
	Validation = MSE:0.640500 , RMSE:0.800313 , MAE:0.653078 , MAPD:3.749798, R_squared:0.988475

2024-03-21 03:44:47,495 Epoch 13/300, Train Loss: 0.643972, Val Loss: 0.529292  
	Train = MSE:0.644828 , RMSE:0.803012 , MAE:0.642399 , MAPD:3.661664, R_squared:0.988838  
	Validation = MSE:0.534259 , RMSE:0.730931 , MAE:0.598935 , MAPD:3.337345, R_squared:0.990387

2024-03-21 03:44:48,597 Epoch 14/300, Train Loss: 0.493017, Val Loss: 0.404356  
	Train = MSE:0.494143 , RMSE:0.702953 , MAE:0.556990 , MAPD:3.179029, R_squared:0.991446  
	Validation = MSE:0.408056 , RMSE:0.638792 , MAE:0.513891 , MAPD:2.877634, R_squared:0.992657

2024-03-21 03:44:49,931 Epoch 15/300, Train Loss: 0.382229, Val Loss: 0.346220  
	Train = MSE:0.386217 , RMSE:0.621464 , MAE:0.483535 , MAPD:2.743722, R_squared:0.993315  
	Validation = MSE:0.338960 , RMSE:0.582203 , MAE:0.447703 , MAPD:2.564675, R_squared:0.993901

2024-03-21 03:44:50,954 Epoch 16/300, Train Loss: 0.316679, Val Loss: 0.284287  
	Train = MSE:0.318240 , RMSE:0.564128 , MAE:0.432369 , MAPD:2.422834, R_squared:0.994491  
	Validation = MSE:0.285833 , RMSE:0.534633 , MAE:0.417603 , MAPD:2.290824, R_squared:0.994857

2024-03-21 03:44:52,038 Epoch 17/300, Train Loss: 0.254971, Val Loss: 0.239809  
	Train = MSE:0.254529 , RMSE:0.504508 , MAE:0.379695 , MAPD:2.119898, R_squared:0.995594  
	Validation = MSE:0.238821 , RMSE:0.488693 , MAE:0.376876 , MAPD:2.090767, R_squared:0.995703

2024-03-21 03:44:53,260 Epoch 18/300, Train Loss: 0.224366, Val Loss: 0.262761  
	Train = MSE:0.226267 , RMSE:0.475675 , MAE:0.357011 , MAPD:1.983908, R_squared:0.996083  
	Validation = MSE:0.265853 , RMSE:0.515609 , MAE:0.395019 , MAPD:2.117676, R_squared:0.995216

2024-03-21 03:44:54,275 Epoch 19/300, Train Loss: 0.220163, Val Loss: 0.201516  
	Train = MSE:0.218662 , RMSE:0.467613 , MAE:0.350503 , MAPD:1.924724, R_squared:0.996215  
	Validation = MSE:0.200258 , RMSE:0.447502 , MAE:0.342251 , MAPD:1.909808, R_squared:0.996397

2024-03-21 03:44:55,326 Epoch 20/300, Train Loss: 0.213084, Val Loss: 0.209308  
	Train = MSE:0.212070 , RMSE:0.460511 , MAE:0.348305 , MAPD:1.900514, R_squared:0.996329  
	Validation = MSE:0.205031 , RMSE:0.452804 , MAE:0.346616 , MAPD:1.957371, R_squared:0.996311

2024-03-21 03:44:56,600 Epoch 21/300, Train Loss: 0.199546, Val Loss: 0.233717  
	Train = MSE:0.201383 , RMSE:0.448758 , MAE:0.340206 , MAPD:1.856027, R_squared:0.996514  
	Validation = MSE:0.236650 , RMSE:0.486467 , MAE:0.372136 , MAPD:1.992962, R_squared:0.995742

2024-03-21 03:44:58,896 Epoch 22/300, Train Loss: 0.168800, Val Loss: 0.176491  
	Train = MSE:0.170194 , RMSE:0.412546 , MAE:0.307521 , MAPD:1.713723, R_squared:0.997054  
	Validation = MSE:0.177420 , RMSE:0.421212 , MAE:0.317185 , MAPD:1.762987, R_squared:0.996808

2024-03-21 03:45:00,201 Epoch 23/300, Train Loss: 0.151122, Val Loss: 0.157129  
	Train = MSE:0.152444 , RMSE:0.390441 , MAE:0.289917 , MAPD:1.621960, R_squared:0.997361  
	Validation = MSE:0.155302 , RMSE:0.394084 , MAE:0.297888 , MAPD:1.690139, R_squared:0.997205

2024-03-21 03:45:01,562 Epoch 24/300, Train Loss: 0.148245, Val Loss: 0.148058  
	Train = MSE:0.147579 , RMSE:0.384160 , MAE:0.286859 , MAPD:1.596800, R_squared:0.997445  
	Validation = MSE:0.146259 , RMSE:0.382438 , MAE:0.288081 , MAPD:1.636104, R_squared:0.997368

2024-03-21 03:45:02,570 Epoch 25/300, Train Loss: 0.139743, Val Loss: 0.143157  
	Train = MSE:0.139885 , RMSE:0.374012 , MAE:0.277713 , MAPD:1.553410, R_squared:0.997579  
	Validation = MSE:0.143279 , RMSE:0.378522 , MAE:0.279274 , MAPD:1.580243, R_squared:0.997422

2024-03-21 03:45:03,595 Epoch 26/300, Train Loss: 0.133819, Val Loss: 0.135693  
	Train = MSE:0.133529 , RMSE:0.365417 , MAE:0.269791 , MAPD:1.508243, R_squared:0.997689  
	Validation = MSE:0.134109 , RMSE:0.366209 , MAE:0.274360 , MAPD:1.548181, R_squared:0.997587

2024-03-21 03:45:04,676 Epoch 27/300, Train Loss: 0.124323, Val Loss: 0.153010  
	Train = MSE:0.125933 , RMSE:0.354870 , MAE:0.263937 , MAPD:1.465685, R_squared:0.997820  
	Validation = MSE:0.154864 , RMSE:0.393527 , MAE:0.291277 , MAPD:1.601610, R_squared:0.997213

2024-03-21 03:45:05,891 Epoch 28/300, Train Loss: 0.122624, Val Loss: 0.142696  
	Train = MSE:0.122101 , RMSE:0.349429 , MAE:0.259828 , MAPD:1.447231, R_squared:0.997886  
	Validation = MSE:0.144214 , RMSE:0.379755 , MAE:0.280283 , MAPD:1.558349, R_squared:0.997405

2024-03-21 03:45:07,022 Epoch 29/300, Train Loss: 0.118798, Val Loss: 0.129313  
	Train = MSE:0.119996 , RMSE:0.346405 , MAE:0.258400 , MAPD:1.430573, R_squared:0.997923  
	Validation = MSE:0.129681 , RMSE:0.360113 , MAE:0.263522 , MAPD:1.469752, R_squared:0.997667

2024-03-21 03:45:08,398 Epoch 30/300, Train Loss: 0.112003, Val Loss: 0.137882  
	Train = MSE:0.112459 , RMSE:0.335349 , MAE:0.247485 , MAPD:1.381543, R_squared:0.998053  
	Validation = MSE:0.139473 , RMSE:0.373461 , MAE:0.274983 , MAPD:1.510255, R_squared:0.997490

2024-03-21 03:45:09,566 Epoch 31/300, Train Loss: 0.118437, Val Loss: 0.110843  
	Train = MSE:0.117687 , RMSE:0.343055 , MAE:0.256718 , MAPD:1.408369, R_squared:0.997963  
	Validation = MSE:0.110522 , RMSE:0.332448 , MAE:0.241656 , MAPD:1.383173, R_squared:0.998011

2024-03-21 03:45:12,173 Epoch 32/300, Train Loss: 0.106589, Val Loss: 0.109039  
	Train = MSE:0.104355 , RMSE:0.323040 , MAE:0.239386 , MAPD:1.328508, R_squared:0.998194  
	Validation = MSE:0.108971 , RMSE:0.330107 , MAE:0.236787 , MAPD:1.354057, R_squared:0.998039

2024-03-21 03:45:13,161 Epoch 33/300, Train Loss: 0.105523, Val Loss: 0.104704  
	Train = MSE:0.105123 , RMSE:0.324226 , MAE:0.238706 , MAPD:1.323953, R_squared:0.998180  
	Validation = MSE:0.104835 , RMSE:0.323782 , MAE:0.233704 , MAPD:1.335739, R_squared:0.998114

2024-03-21 03:45:14,630 Epoch 34/300, Train Loss: 0.095091, Val Loss: 0.114054  
	Train = MSE:0.096410 , RMSE:0.310500 , MAE:0.226813 , MAPD:1.268697, R_squared:0.998331  
	Validation = MSE:0.115057 , RMSE:0.339201 , MAE:0.245213 , MAPD:1.382472, R_squared:0.997930

2024-03-21 03:45:16,599 Epoch 35/300, Train Loss: 0.096259, Val Loss: 0.104974  
	Train = MSE:0.095967 , RMSE:0.309786 , MAE:0.228496 , MAPD:1.269039, R_squared:0.998339  
	Validation = MSE:0.103221 , RMSE:0.321281 , MAE:0.235836 , MAPD:1.329555, R_squared:0.998143

2024-03-21 03:45:17,720 Epoch 36/300, Train Loss: 0.096380, Val Loss: 0.111554  
	Train = MSE:0.096367 , RMSE:0.310430 , MAE:0.228045 , MAPD:1.266818, R_squared:0.998332  
	Validation = MSE:0.110148 , RMSE:0.331886 , MAE:0.245216 , MAPD:1.362871, R_squared:0.998018

2024-03-21 03:45:19,658 Epoch 37/300, Train Loss: 0.100272, Val Loss: 0.109064  
	Train = MSE:0.097357 , RMSE:0.312021 , MAE:0.230506 , MAPD:1.269717, R_squared:0.998315  
	Validation = MSE:0.110161 , RMSE:0.331905 , MAE:0.240803 , MAPD:1.375638, R_squared:0.998018

2024-03-21 03:45:21,527 Epoch 38/300, Train Loss: 0.089613, Val Loss: 0.098855  
	Train = MSE:0.090528 , RMSE:0.300880 , MAE:0.220857 , MAPD:1.222867, R_squared:0.998433  
	Validation = MSE:0.097517 , RMSE:0.312276 , MAE:0.236172 , MAPD:1.355364, R_squared:0.998245

2024-03-21 03:45:23,016 Epoch 39/300, Train Loss: 0.086507, Val Loss: 0.118465  
	Train = MSE:0.087233 , RMSE:0.295352 , MAE:0.216750 , MAPD:1.208582, R_squared:0.998490  
	Validation = MSE:0.119921 , RMSE:0.346295 , MAE:0.253370 , MAPD:1.388018, R_squared:0.997842

2024-03-21 03:45:24,262 Epoch 40/300, Train Loss: 0.103356, Val Loss: 0.113425  
	Train = MSE:0.102251 , RMSE:0.319768 , MAE:0.241546 , MAPD:1.295612, R_squared:0.998230  
	Validation = MSE:0.114117 , RMSE:0.337813 , MAE:0.247012 , MAPD:1.378176, R_squared:0.997947

2024-03-21 03:45:25,556 Epoch 41/300, Train Loss: 0.085089, Val Loss: 0.091660  
	Train = MSE:0.084657 , RMSE:0.290959 , MAE:0.212405 , MAPD:1.174794, R_squared:0.998535  
	Validation = MSE:0.089715 , RMSE:0.299525 , MAE:0.224318 , MAPD:1.266932, R_squared:0.998386

2024-03-21 03:45:28,534 Epoch 42/300, Train Loss: 0.080734, Val Loss: 0.088043  
	Train = MSE:0.080573 , RMSE:0.283854 , MAE:0.208814 , MAPD:1.155236, R_squared:0.998605  
	Validation = MSE:0.087362 , RMSE:0.295571 , MAE:0.209656 , MAPD:1.208525, R_squared:0.998428

2024-03-21 03:45:30,208 Epoch 43/300, Train Loss: 0.080926, Val Loss: 0.087991  
	Train = MSE:0.080022 , RMSE:0.282882 , MAE:0.206562 , MAPD:1.138131, R_squared:0.998615  
	Validation = MSE:0.088296 , RMSE:0.297146 , MAE:0.209813 , MAPD:1.199344, R_squared:0.998411

2024-03-21 03:45:31,707 Epoch 44/300, Train Loss: 0.082303, Val Loss: 0.084905  
	Train = MSE:0.082300 , RMSE:0.286879 , MAE:0.211019 , MAPD:1.156485, R_squared:0.998575  
	Validation = MSE:0.084668 , RMSE:0.290978 , MAE:0.208450 , MAPD:1.199494, R_squared:0.998476

2024-03-21 03:45:32,912 Epoch 45/300, Train Loss: 0.076840, Val Loss: 0.084385  
	Train = MSE:0.077117 , RMSE:0.277699 , MAE:0.202144 , MAPD:1.119754, R_squared:0.998665  
	Validation = MSE:0.083910 , RMSE:0.289672 , MAE:0.205657 , MAPD:1.185635, R_squared:0.998490

2024-03-21 03:45:34,623 Epoch 46/300, Train Loss: 0.076087, Val Loss: 0.081718  
	Train = MSE:0.076086 , RMSE:0.275837 , MAE:0.202494 , MAPD:1.113947, R_squared:0.998683  
	Validation = MSE:0.080865 , RMSE:0.284367 , MAE:0.204506 , MAPD:1.181578, R_squared:0.998545

2024-03-21 03:45:36,476 Epoch 47/300, Train Loss: 0.071318, Val Loss: 0.083953  
	Train = MSE:0.072098 , RMSE:0.268510 , MAE:0.193733 , MAPD:1.078128, R_squared:0.998752  
	Validation = MSE:0.083469 , RMSE:0.288909 , MAE:0.206636 , MAPD:1.168464, R_squared:0.998498

2024-03-21 03:45:38,509 Epoch 48/300, Train Loss: 0.071802, Val Loss: 0.082514  
	Train = MSE:0.071483 , RMSE:0.267362 , MAE:0.195724 , MAPD:1.086892, R_squared:0.998763  
	Validation = MSE:0.082256 , RMSE:0.286803 , MAE:0.204765 , MAPD:1.157691, R_squared:0.998520

2024-03-21 03:45:39,599 Epoch 49/300, Train Loss: 0.078805, Val Loss: 0.081926  
	Train = MSE:0.079213 , RMSE:0.281448 , MAE:0.208492 , MAPD:1.130515, R_squared:0.998629  
	Validation = MSE:0.081301 , RMSE:0.285133 , MAE:0.202745 , MAPD:1.176384, R_squared:0.998537

2024-03-21 03:45:40,614 Epoch 50/300, Train Loss: 0.072176, Val Loss: 0.076233  
	Train = MSE:0.071901 , RMSE:0.268144 , MAE:0.197289 , MAPD:1.085113, R_squared:0.998755  
	Validation = MSE:0.075613 , RMSE:0.274978 , MAE:0.197129 , MAPD:1.139891, R_squared:0.998639

2024-03-21 03:45:41,616 Epoch 51/300, Train Loss: 0.073364, Val Loss: 0.074094  
	Train = MSE:0.073158 , RMSE:0.270478 , MAE:0.197894 , MAPD:1.081419, R_squared:0.998734  
	Validation = MSE:0.072937 , RMSE:0.270069 , MAE:0.200502 , MAPD:1.149831, R_squared:0.998688

2024-03-21 03:45:44,210 Epoch 52/300, Train Loss: 0.064553, Val Loss: 0.098995  
	Train = MSE:0.064815 , RMSE:0.254588 , MAE:0.185095 , MAPD:1.030421, R_squared:0.998878  
	Validation = MSE:0.099391 , RMSE:0.315264 , MAE:0.231639 , MAPD:1.286057, R_squared:0.998212

2024-03-21 03:45:45,483 Epoch 53/300, Train Loss: 0.088354, Val Loss: 0.089441  
	Train = MSE:0.087793 , RMSE:0.296299 , MAE:0.221236 , MAPD:1.162775, R_squared:0.998480  
	Validation = MSE:0.087515 , RMSE:0.295830 , MAE:0.233716 , MAPD:1.275749, R_squared:0.998425

2024-03-21 03:45:46,494 Epoch 54/300, Train Loss: 0.082447, Val Loss: 0.083972  
	Train = MSE:0.082968 , RMSE:0.288042 , MAE:0.213676 , MAPD:1.136305, R_squared:0.998564  
	Validation = MSE:0.083717 , RMSE:0.289338 , MAE:0.205493 , MAPD:1.157644, R_squared:0.998494

2024-03-21 03:45:47,558 Epoch 55/300, Train Loss: 0.078312, Val Loss: 0.079388  
	Train = MSE:0.077581 , RMSE:0.278533 , MAE:0.205976 , MAPD:1.099638, R_squared:0.998657  
	Validation = MSE:0.080336 , RMSE:0.283436 , MAE:0.201522 , MAPD:1.138431, R_squared:0.998554

2024-03-21 03:45:48,642 Epoch 56/300, Train Loss: 0.075405, Val Loss: 0.068001  
	Train = MSE:0.075048 , RMSE:0.273949 , MAE:0.202475 , MAPD:1.087347, R_squared:0.998701  
	Validation = MSE:0.067607 , RMSE:0.260013 , MAE:0.191364 , MAPD:1.102132, R_squared:0.998783

2024-03-21 03:45:50,133 Epoch 57/300, Train Loss: 0.068811, Val Loss: 0.092814  
	Train = MSE:0.069407 , RMSE:0.263452 , MAE:0.195749 , MAPD:1.059842, R_squared:0.998799  
	Validation = MSE:0.093160 , RMSE:0.305222 , MAE:0.224025 , MAPD:1.256374, R_squared:0.998324

2024-03-21 03:45:51,272 Epoch 58/300, Train Loss: 0.069901, Val Loss: 0.074032  
	Train = MSE:0.070923 , RMSE:0.266313 , MAE:0.196401 , MAPD:1.060457, R_squared:0.998772  
	Validation = MSE:0.074129 , RMSE:0.272265 , MAE:0.192334 , MAPD:1.112120, R_squared:0.998666

2024-03-21 03:45:52,573 Epoch 59/300, Train Loss: 0.069497, Val Loss: 0.130290  
	Train = MSE:0.070113 , RMSE:0.264789 , MAE:0.197252 , MAPD:1.068634, R_squared:0.998786  
	Validation = MSE:0.129676 , RMSE:0.360105 , MAE:0.273624 , MAPD:1.433161, R_squared:0.997667

2024-03-21 03:45:53,596 Epoch 60/300, Train Loss: 0.085809, Val Loss: 0.065298  
	Train = MSE:0.086096 , RMSE:0.293421 , MAE:0.220960 , MAPD:1.162138, R_squared:0.998510  
	Validation = MSE:0.064959 , RMSE:0.254870 , MAE:0.182282 , MAPD:1.045373, R_squared:0.998831

2024-03-21 03:45:54,658 Epoch 61/300, Train Loss: 0.069472, Val Loss: 0.079894  
	Train = MSE:0.068513 , RMSE:0.261751 , MAE:0.191480 , MAPD:1.035824, R_squared:0.998814  
	Validation = MSE:0.078239 , RMSE:0.279712 , MAE:0.214634 , MAPD:1.157312, R_squared:0.998592

2024-03-21 03:45:57,358 Epoch 62/300, Train Loss: 0.065683, Val Loss: 0.071740  
	Train = MSE:0.066743 , RMSE:0.258347 , MAE:0.191088 , MAPD:1.026928, R_squared:0.998845  
	Validation = MSE:0.070453 , RMSE:0.265429 , MAE:0.205057 , MAPD:1.142740, R_squared:0.998732

2024-03-21 03:45:58,718 Epoch 63/300, Train Loss: 0.110010, Val Loss: 0.191894  
	Train = MSE:0.112004 , RMSE:0.334671 , MAE:0.255606 , MAPD:1.311428, R_squared:0.998061  
	Validation = MSE:0.185888 , RMSE:0.431147 , MAE:0.358120 , MAPD:1.769156, R_squared:0.996655

2024-03-21 03:45:59,785 Epoch 64/300, Train Loss: 0.125456, Val Loss: 0.083732  
	Train = MSE:0.127881 , RMSE:0.357605 , MAE:0.276626 , MAPD:1.403113, R_squared:0.997786  
	Validation = MSE:0.081657 , RMSE:0.285757 , MAE:0.226489 , MAPD:1.223253, R_squared:0.998531

2024-03-21 03:46:00,791 Epoch 65/300, Train Loss: 0.070478, Val Loss: 0.091873  
	Train = MSE:0.070603 , RMSE:0.265713 , MAE:0.199309 , MAPD:1.064073, R_squared:0.998778  
	Validation = MSE:0.089478 , RMSE:0.299128 , MAE:0.234443 , MAPD:1.218897, R_squared:0.998390

2024-03-21 03:46:01,834 Epoch 66/300, Train Loss: 0.094953, Val Loss: 0.121379  
	Train = MSE:0.094711 , RMSE:0.307752 , MAE:0.235990 , MAPD:1.218151, R_squared:0.998361  
	Validation = MSE:0.118288 , RMSE:0.343930 , MAE:0.289725 , MAPD:1.512605, R_squared:0.997872

2024-03-21 03:46:03,516 Epoch 67/300, Train Loss: 0.127871, Val Loss: 0.075182  
	Train = MSE:0.128622 , RMSE:0.358639 , MAE:0.281129 , MAPD:1.407031, R_squared:0.997774  
	Validation = MSE:0.076337 , RMSE:0.276292 , MAE:0.198141 , MAPD:1.125273, R_squared:0.998626

2024-03-21 03:46:04,866 Epoch 68/300, Train Loss: 0.097192, Val Loss: 0.248805  
	Train = MSE:0.094974 , RMSE:0.308178 , MAE:0.232411 , MAPD:1.202400, R_squared:0.998356  
	Validation = MSE:0.249164 , RMSE:0.499163 , MAE:0.396713 , MAPD:1.909312, R_squared:0.995517

2024-03-21 03:46:05,891 Epoch 69/300, Train Loss: 0.125842, Val Loss: 0.119043  
	Train = MSE:0.128459 , RMSE:0.358411 , MAE:0.274831 , MAPD:1.377063, R_squared:0.997776  
	Validation = MSE:0.118793 , RMSE:0.344663 , MAE:0.261593 , MAPD:1.391083, R_squared:0.997862

2024-03-21 03:46:06,934 Epoch 70/300, Train Loss: 0.222148, Val Loss: 0.077509  
	Train = MSE:0.214278 , RMSE:0.462901 , MAE:0.358626 , MAPD:1.767346, R_squared:0.996291  
	Validation = MSE:0.076306 , RMSE:0.276235 , MAE:0.222377 , MAPD:1.308222, R_squared:0.998627

2024-03-21 03:46:08,226 Epoch 71/300, Train Loss: 0.516664, Val Loss: 0.886595  
	Train = MSE:0.530234 , RMSE:0.728172 , MAE:0.581316 , MAPD:2.843742, R_squared:0.990822  
	Validation = MSE:0.886885 , RMSE:0.941746 , MAE:0.769061 , MAPD:3.547936, R_squared:0.984041

2024-03-21 03:46:11,999 Epoch 72/300, Train Loss: 0.564073, Val Loss: 0.367427  
	Train = MSE:0.582188 , RMSE:0.763013 , MAE:0.609371 , MAPD:3.000549, R_squared:0.989922  
	Validation = MSE:0.352785 , RMSE:0.593957 , MAE:0.481024 , MAPD:2.431277, R_squared:0.993652

2024-03-21 03:46:13,437 Epoch 73/300, Train Loss: 0.172566, Val Loss: 0.355736  
	Train = MSE:0.171453 , RMSE:0.414069 , MAE:0.324505 , MAPD:1.716259, R_squared:0.997032  
	Validation = MSE:0.363392 , RMSE:0.602820 , MAE:0.510380 , MAPD:2.498551, R_squared:0.993461

2024-03-21 03:46:14,484 Epoch 74/300, Train Loss: 0.156145, Val Loss: 0.085641  
	Train = MSE:0.160292 , RMSE:0.400365 , MAE:0.310262 , MAPD:1.605414, R_squared:0.997225  
	Validation = MSE:0.083974 , RMSE:0.289783 , MAE:0.229995 , MAPD:1.260316, R_squared:0.998489

2024-03-21 03:46:15,478 Epoch 75/300, Train Loss: 0.066793, Val Loss: 0.075281  
	Train = MSE:0.066065 , RMSE:0.257032 , MAE:0.190527 , MAPD:1.052762, R_squared:0.998856  
	Validation = MSE:0.073692 , RMSE:0.271464 , MAE:0.211082 , MAPD:1.188862, R_squared:0.998674

2024-03-21 03:46:16,641 Epoch 76/300, Train Loss: 0.066850, Val Loss: 0.063611  
	Train = MSE:0.066382 , RMSE:0.257648 , MAE:0.191616 , MAPD:1.040959, R_squared:0.998851  
	Validation = MSE:0.063461 , RMSE:0.251914 , MAE:0.181253 , MAPD:1.051797, R_squared:0.998858

2024-03-21 03:46:18,112 Epoch 77/300, Train Loss: 0.073436, Val Loss: 0.077595  
	Train = MSE:0.074330 , RMSE:0.272635 , MAE:0.206724 , MAPD:1.102270, R_squared:0.998713  
	Validation = MSE:0.075952 , RMSE:0.275594 , MAE:0.212269 , MAPD:1.141930, R_squared:0.998633

2024-03-21 03:46:19,120 Epoch 78/300, Train Loss: 0.082563, Val Loss: 0.078618  
	Train = MSE:0.083506 , RMSE:0.288974 , MAE:0.219039 , MAPD:1.151070, R_squared:0.998554  
	Validation = MSE:0.076785 , RMSE:0.277101 , MAE:0.224770 , MAPD:1.243073, R_squared:0.998618

2024-03-21 03:46:20,243 Epoch 79/300, Train Loss: 0.116779, Val Loss: 0.255723  
	Train = MSE:0.112265 , RMSE:0.335059 , MAE:0.259303 , MAPD:1.315531, R_squared:0.998057  
	Validation = MSE:0.255068 , RMSE:0.505042 , MAE:0.421038 , MAPD:2.100120, R_squared:0.995410

2024-03-21 03:46:21,595 Epoch 80/300, Train Loss: 0.130312, Val Loss: 0.079041  
	Train = MSE:0.133512 , RMSE:0.365393 , MAE:0.281777 , MAPD:1.426569, R_squared:0.997689  
	Validation = MSE:0.079309 , RMSE:0.281619 , MAE:0.200940 , MAPD:1.114115, R_squared:0.998573

2024-03-21 03:46:22,885 Epoch 81/300, Train Loss: 0.107146, Val Loss: 0.113562  
	Train = MSE:0.104596 , RMSE:0.323413 , MAE:0.252394 , MAPD:1.289940, R_squared:0.998189  
	Validation = MSE:0.110509 , RMSE:0.332429 , MAE:0.281356 , MAPD:1.487159, R_squared:0.998011

2024-03-21 03:46:25,793 Epoch 82/300, Train Loss: 0.090954, Val Loss: 0.059190  
	Train = MSE:0.092620 , RMSE:0.304336 , MAE:0.233301 , MAPD:1.204437, R_squared:0.998397  
	Validation = MSE:0.058099 , RMSE:0.241037 , MAE:0.178746 , MAPD:1.026315, R_squared:0.998955

2024-03-21 03:46:26,895 Epoch 83/300, Train Loss: 0.085209, Val Loss: 0.210193  
	Train = MSE:0.084085 , RMSE:0.289974 , MAE:0.219866 , MAPD:1.149031, R_squared:0.998544  
	Validation = MSE:0.211260 , RMSE:0.459630 , MAE:0.371889 , MAPD:1.834180, R_squared:0.996199

2024-03-21 03:46:27,921 Epoch 84/300, Train Loss: 0.199418, Val Loss: 0.301017  
	Train = MSE:0.196977 , RMSE:0.443821 , MAE:0.351458 , MAPD:1.733984, R_squared:0.996590  
	Validation = MSE:0.292705 , RMSE:0.541023 , MAE:0.453897 , MAPD:2.205482, R_squared:0.994733

2024-03-21 03:46:28,943 Epoch 85/300, Train Loss: 0.297180, Val Loss: 0.074951  
	Train = MSE:0.303728 , RMSE:0.551115 , MAE:0.440976 , MAPD:2.141210, R_squared:0.994742  
	Validation = MSE:0.074328 , RMSE:0.272632 , MAE:0.215163 , MAPD:1.259894, R_squared:0.998663

2024-03-21 03:46:29,962 Epoch 86/300, Train Loss: 0.509286, Val Loss: 0.288133  
	Train = MSE:0.487944 , RMSE:0.698530 , MAE:0.561183 , MAPD:2.738185, R_squared:0.991554  
	Validation = MSE:0.293054 , RMSE:0.541344 , MAE:0.469238 , MAPD:2.392868, R_squared:0.994727

2024-03-21 03:46:31,288 Epoch 87/300, Train Loss: 0.501149, Val Loss: 0.432417  
	Train = MSE:0.518373 , RMSE:0.719981 , MAE:0.563818 , MAPD:2.765912, R_squared:0.991027  
	Validation = MSE:0.420171 , RMSE:0.648206 , MAE:0.581501 , MAPD:3.062722, R_squared:0.992439

2024-03-21 03:46:32,345 Epoch 88/300, Train Loss: 0.372828, Val Loss: 0.270717  
	Train = MSE:0.373513 , RMSE:0.611157 , MAE:0.496934 , MAPD:2.463020, R_squared:0.993534  
	Validation = MSE:0.263748 , RMSE:0.513564 , MAE:0.416266 , MAPD:2.075210, R_squared:0.995254

2024-03-21 03:46:33,650 Epoch 89/300, Train Loss: 0.166029, Val Loss: 0.129091  
	Train = MSE:0.162806 , RMSE:0.403492 , MAE:0.316237 , MAPD:1.625223, R_squared:0.997182  
	Validation = MSE:0.125110 , RMSE:0.353709 , MAE:0.288783 , MAPD:1.489656, R_squared:0.997749

2024-03-21 03:46:34,672 Epoch 90/300, Train Loss: 0.108313, Val Loss: 0.064472  
	Train = MSE:0.110320 , RMSE:0.332144 , MAE:0.258933 , MAPD:1.352496, R_squared:0.998090  
	Validation = MSE:0.064890 , RMSE:0.254736 , MAE:0.182590 , MAPD:1.054494, R_squared:0.998832

2024-03-21 03:46:35,753 Epoch 91/300, Train Loss: 0.114039, Val Loss: 0.250147  
	Train = MSE:0.115226 , RMSE:0.339450 , MAE:0.264445 , MAPD:1.379742, R_squared:0.998005  
	Validation = MSE:0.250130 , RMSE:0.500130 , MAE:0.406148 , MAPD:1.971581, R_squared:0.995499

2024-03-21 03:46:38,271 Epoch 92/300, Train Loss: 0.236632, Val Loss: 0.062273  
	Train = MSE:0.235222 , RMSE:0.484997 , MAE:0.384885 , MAPD:1.884864, R_squared:0.995928  
	Validation = MSE:0.062024 , RMSE:0.249046 , MAE:0.179862 , MAPD:1.030536, R_squared:0.998884

2024-03-21 03:46:40,013 Epoch 93/300, Train Loss: 0.283477, Val Loss: 0.067450  
	Train = MSE:0.277450 , RMSE:0.526736 , MAE:0.424136 , MAPD:2.091396, R_squared:0.995197  
	Validation = MSE:0.067293 , RMSE:0.259409 , MAE:0.183982 , MAPD:1.038108, R_squared:0.998789

2024-03-21 03:46:41,504 Epoch 94/300, Train Loss: 0.346167, Val Loss: 0.129649  
	Train = MSE:0.350672 , RMSE:0.592176 , MAE:0.471746 , MAPD:2.321270, R_squared:0.993930  
	Validation = MSE:0.129811 , RMSE:0.360293 , MAE:0.270213 , MAPD:1.355690, R_squared:0.997664

2024-03-21 03:46:42,540 Epoch 95/300, Train Loss: 0.489176, Val Loss: 0.161614  
	Train = MSE:0.504775 , RMSE:0.710475 , MAE:0.561229 , MAPD:2.743824, R_squared:0.991262  
	Validation = MSE:0.165847 , RMSE:0.407244 , MAE:0.313447 , MAPD:1.566697, R_squared:0.997016

2024-03-21 03:46:44,443 Epoch 96/300, Train Loss: 0.134987, Val Loss: 0.072204  
	Train = MSE:0.136597 , RMSE:0.369590 , MAE:0.288408 , MAPD:1.498560, R_squared:0.997635  
	Validation = MSE:0.071621 , RMSE:0.267622 , MAE:0.205468 , MAPD:1.162901, R_squared:0.998711

2024-03-21 03:46:46,851 Epoch 97/300, Train Loss: 0.296599, Val Loss: 5.150393  
	Train = MSE:0.199200 , RMSE:0.446318 , MAE:0.287687 , MAPD:1.498176, R_squared:0.996552  
	Validation = MSE:5.117545 , RMSE:2.262199 , MAE:2.147112 , MAPD:10.839188, R_squared:0.907915

2024-03-21 03:46:48,201 Epoch 98/300, Train Loss: 2.304739, Val Loss: 1.156948  
	Train = MSE:2.365898 , RMSE:1.538148 , MAE:1.224120 , MAPD:5.898998, R_squared:0.959046  
	Validation = MSE:1.125650 , RMSE:1.060967 , MAE:0.831915 , MAPD:3.922141, R_squared:0.979745

2024-03-21 03:46:49,547 Epoch 99/300, Train Loss: 4.955041, Val Loss: 11.355659  
	Train = MSE:4.482646 , RMSE:2.117226 , MAE:1.672674 , MAPD:8.172479, R_squared:0.922405  
	Validation = MSE:11.328255 , RMSE:3.365747 , MAE:3.164391 , MAPD:15.685660, R_squared:0.796159

2024-03-21 03:46:50,818 Epoch 100/300, Train Loss: 9.485566, Val Loss: 0.479486  
	Train = MSE:9.375534 , RMSE:3.061949 , MAE:2.680197 , MAPD:13.005814, R_squared:0.837708  
	Validation = MSE:0.482810 , RMSE:0.694845 , MAE:0.556718 , MAPD:3.509948, R_squared:0.991312

2024-03-21 03:46:51,939 Epoch 101/300, Train Loss: 3.407560, Val Loss: 0.372550  
	Train = MSE:3.437882 , RMSE:1.854153 , MAE:1.505662 , MAPD:7.480701, R_squared:0.940490  
	Validation = MSE:0.379456 , RMSE:0.616000 , MAE:0.505164 , MAPD:3.008065, R_squared:0.993172

2024-03-21 03:46:54,661 Epoch 102/300, Train Loss: 5.536505, Val Loss: 10.053770  
	Train = MSE:5.743239 , RMSE:2.396506 , MAE:1.748794 , MAPD:8.717066, R_squared:0.900584  
	Validation = MSE:9.887806 , RMSE:3.144488 , MAE:2.800312 , MAPD:13.839683, R_squared:0.822078

2024-03-21 03:46:57,179 Epoch 103/300, Train Loss: 4.885508, Val Loss: 1.337350  
	Train = MSE:4.917621 , RMSE:2.217571 , MAE:1.876595 , MAPD:9.120202, R_squared:0.914875  
	Validation = MSE:1.350491 , RMSE:1.162106 , MAE:1.027825 , MAPD:5.096427, R_squared:0.975699

2024-03-21 03:46:58,742 Epoch 104/300, Train Loss: 1.680584, Val Loss: 1.500083  
	Train = MSE:1.731916 , RMSE:1.316023 , MAE:1.061653 , MAPD:5.335582, R_squared:0.970020  
	Validation = MSE:1.495902 , RMSE:1.223071 , MAE:0.995481 , MAPD:4.506465, R_squared:0.973083

2024-03-21 03:47:00,127 Epoch 105/300, Train Loss: 0.524765, Val Loss: 0.200999  
	Train = MSE:0.534391 , RMSE:0.731020 , MAE:0.571833 , MAPD:2.973636, R_squared:0.990750  
	Validation = MSE:0.202268 , RMSE:0.449742 , MAE:0.351973 , MAPD:1.949499, R_squared:0.996360

2024-03-21 03:47:01,706 Epoch 106/300, Train Loss: 2.775196, Val Loss: 3.216488  
	Train = MSE:2.861018 , RMSE:1.691454 , MAE:1.277200 , MAPD:6.251233, R_squared:0.950475  
	Validation = MSE:3.206251 , RMSE:1.790601 , MAE:1.630324 , MAPD:7.927577, R_squared:0.942307

2024-03-21 03:47:03,142 Epoch 107/300, Train Loss: 1.326757, Val Loss: 0.181539  
	Train = MSE:1.327247 , RMSE:1.152062 , MAE:0.908520 , MAPD:4.472289, R_squared:0.977025  
	Validation = MSE:0.185236 , RMSE:0.430390 , MAE:0.333808 , MAPD:1.840847, R_squared:0.996667

2024-03-21 03:47:04,474 Epoch 108/300, Train Loss: 0.393637, Val Loss: 0.568458  
	Train = MSE:0.401669 , RMSE:0.633773 , MAE:0.493772 , MAPD:2.545087, R_squared:0.993047  
	Validation = MSE:0.554138 , RMSE:0.744404 , MAE:0.631015 , MAPD:3.235680, R_squared:0.990029

2024-03-21 03:47:05,868 Epoch 109/300, Train Loss: 0.291797, Val Loss: 0.121663  
	Train = MSE:0.294211 , RMSE:0.542412 , MAE:0.423404 , MAPD:2.196246, R_squared:0.994907  
	Validation = MSE:0.121595 , RMSE:0.348705 , MAE:0.257898 , MAPD:1.472125, R_squared:0.997812

2024-03-21 03:47:07,082 Epoch 110/300, Train Loss: 0.144718, Val Loss: 0.181682  
	Train = MSE:0.146246 , RMSE:0.382422 , MAE:0.290364 , MAPD:1.552026, R_squared:0.997468  
	Validation = MSE:0.182558 , RMSE:0.427268 , MAE:0.323932 , MAPD:1.712888, R_squared:0.996715

2024-03-21 03:47:08,301 Epoch 111/300, Train Loss: 0.110796, Val Loss: 0.119587  
	Train = MSE:0.111996 , RMSE:0.334658 , MAE:0.249678 , MAPD:1.362293, R_squared:0.998061  
	Validation = MSE:0.119814 , RMSE:0.346141 , MAE:0.251119 , MAPD:1.409407, R_squared:0.997844

2024-03-21 03:47:11,189 Epoch 112/300, Train Loss: 0.094947, Val Loss: 0.105002  
	Train = MSE:0.094896 , RMSE:0.308052 , MAE:0.226741 , MAPD:1.254300, R_squared:0.998357  
	Validation = MSE:0.104786 , RMSE:0.323706 , MAE:0.232433 , MAPD:1.323154, R_squared:0.998114

2024-03-21 03:47:12,690 Epoch 113/300, Train Loss: 0.091499, Val Loss: 0.097348  
	Train = MSE:0.092395 , RMSE:0.303965 , MAE:0.222339 , MAPD:1.228977, R_squared:0.998401  
	Validation = MSE:0.096608 , RMSE:0.310818 , MAE:0.223616 , MAPD:1.282658, R_squared:0.998262

2024-03-21 03:47:13,872 Epoch 114/300, Train Loss: 0.090171, Val Loss: 0.099273  
	Train = MSE:0.090437 , RMSE:0.300728 , MAE:0.221625 , MAPD:1.220733, R_squared:0.998435  
	Validation = MSE:0.099216 , RMSE:0.314985 , MAE:0.222653 , MAPD:1.273246, R_squared:0.998215

2024-03-21 03:47:15,097 Epoch 115/300, Train Loss: 0.085115, Val Loss: 0.128430  
	Train = MSE:0.086115 , RMSE:0.293453 , MAE:0.215743 , MAPD:1.192978, R_squared:0.998509  
	Validation = MSE:0.128695 , RMSE:0.358740 , MAE:0.263569 , MAPD:1.436451, R_squared:0.997684

2024-03-21 03:47:16,348 Epoch 116/300, Train Loss: 0.082914, Val Loss: 0.086822  
	Train = MSE:0.083782 , RMSE:0.289451 , MAE:0.213518 , MAPD:1.180405, R_squared:0.998550  
	Validation = MSE:0.085772 , RMSE:0.292869 , MAE:0.212481 , MAPD:1.224223, R_squared:0.998457

2024-03-21 03:47:17,535 Epoch 117/300, Train Loss: 0.079307, Val Loss: 0.090427  
	Train = MSE:0.079158 , RMSE:0.281350 , MAE:0.206165 , MAPD:1.143776, R_squared:0.998630  
	Validation = MSE:0.090120 , RMSE:0.300199 , MAE:0.208457 , MAPD:1.203649, R_squared:0.998378

2024-03-21 03:47:19,447 Epoch 118/300, Train Loss: 0.078381, Val Loss: 0.079888  
	Train = MSE:0.079057 , RMSE:0.281170 , MAE:0.206406 , MAPD:1.141276, R_squared:0.998632  
	Validation = MSE:0.079326 , RMSE:0.281649 , MAE:0.200236 , MAPD:1.168370, R_squared:0.998573

2024-03-21 03:47:20,951 Epoch 119/300, Train Loss: 0.072751, Val Loss: 0.094062  
	Train = MSE:0.073202 , RMSE:0.270558 , MAE:0.196958 , MAPD:1.100632, R_squared:0.998733  
	Validation = MSE:0.093685 , RMSE:0.306080 , MAE:0.214386 , MAPD:1.211955, R_squared:0.998314

2024-03-21 03:47:22,242 Epoch 120/300, Train Loss: 0.073025, Val Loss: 0.077732  
	Train = MSE:0.072866 , RMSE:0.269937 , MAE:0.196111 , MAPD:1.091980, R_squared:0.998739  
	Validation = MSE:0.077176 , RMSE:0.277805 , MAE:0.193722 , MAPD:1.126510, R_squared:0.998611

2024-03-21 03:47:23,902 Epoch 121/300, Train Loss: 0.071235, Val Loss: 0.099994  
	Train = MSE:0.070396 , RMSE:0.265323 , MAE:0.192845 , MAPD:1.076491, R_squared:0.998781  
	Validation = MSE:0.099855 , RMSE:0.315999 , MAE:0.225729 , MAPD:1.253214, R_squared:0.998203

2024-03-21 03:47:26,586 Epoch 122/300, Train Loss: 0.074657, Val Loss: 0.079011  
	Train = MSE:0.074864 , RMSE:0.273613 , MAE:0.200556 , MAPD:1.100978, R_squared:0.998704  
	Validation = MSE:0.078564 , RMSE:0.280292 , MAE:0.195519 , MAPD:1.119768, R_squared:0.998586

2024-03-21 03:47:27,767 Epoch 123/300, Train Loss: 0.066302, Val Loss: 0.073508  
	Train = MSE:0.066691 , RMSE:0.258246 , MAE:0.186298 , MAPD:1.039105, R_squared:0.998846  
	Validation = MSE:0.072958 , RMSE:0.270108 , MAE:0.194305 , MAPD:1.131369, R_squared:0.998687

2024-03-21 03:47:28,931 Epoch 124/300, Train Loss: 0.067407, Val Loss: 0.073253  
	Train = MSE:0.067650 , RMSE:0.260095 , MAE:0.188415 , MAPD:1.042224, R_squared:0.998829  
	Validation = MSE:0.072402 , RMSE:0.269076 , MAE:0.195530 , MAPD:1.139075, R_squared:0.998697

2024-03-21 03:47:30,225 Epoch 125/300, Train Loss: 0.065434, Val Loss: 0.071058  
	Train = MSE:0.065638 , RMSE:0.256198 , MAE:0.186215 , MAPD:1.038440, R_squared:0.998864  
	Validation = MSE:0.070274 , RMSE:0.265092 , MAE:0.190582 , MAPD:1.111445, R_squared:0.998735

2024-03-21 03:47:31,744 Epoch 126/300, Train Loss: 0.066840, Val Loss: 0.087516  
	Train = MSE:0.065242 , RMSE:0.255425 , MAE:0.186720 , MAPD:1.037096, R_squared:0.998871  
	Validation = MSE:0.086043 , RMSE:0.293331 , MAE:0.233148 , MAPD:1.300229, R_squared:0.998452

2024-03-21 03:47:33,392 Epoch 127/300, Train Loss: 0.079950, Val Loss: 0.069954  
	Train = MSE:0.080834 , RMSE:0.284313 , MAE:0.215436 , MAPD:1.163779, R_squared:0.998601  
	Validation = MSE:0.069344 , RMSE:0.263332 , MAE:0.189383 , MAPD:1.095215, R_squared:0.998752

2024-03-21 03:47:34,588 Epoch 128/300, Train Loss: 0.069383, Val Loss: 0.070012  
	Train = MSE:0.069796 , RMSE:0.264190 , MAE:0.194060 , MAPD:1.062173, R_squared:0.998792  
	Validation = MSE:0.069753 , RMSE:0.264109 , MAE:0.182321 , MAPD:1.060152, R_squared:0.998745

2024-03-21 03:47:36,152 Epoch 129/300, Train Loss: 0.059727, Val Loss: 0.069535  
	Train = MSE:0.059958 , RMSE:0.244863 , MAE:0.176480 , MAPD:0.987558, R_squared:0.998962  
	Validation = MSE:0.068840 , RMSE:0.262373 , MAE:0.188764 , MAPD:1.084966, R_squared:0.998761

2024-03-21 03:47:37,977 Epoch 130/300, Train Loss: 0.065099, Val Loss: 0.068222  
	Train = MSE:0.065454 , RMSE:0.255840 , MAE:0.187172 , MAPD:1.026344, R_squared:0.998867  
	Validation = MSE:0.067500 , RMSE:0.259808 , MAE:0.185568 , MAPD:1.067600, R_squared:0.998785

2024-03-21 03:47:39,448 Epoch 131/300, Train Loss: 0.064454, Val Loss: 0.091624  
	Train = MSE:0.064207 , RMSE:0.253392 , MAE:0.185907 , MAPD:1.022106, R_squared:0.998889  
	Validation = MSE:0.089928 , RMSE:0.299879 , MAE:0.235886 , MAPD:1.261056, R_squared:0.998382

2024-03-21 03:47:42,185 Epoch 132/300, Train Loss: 0.078543, Val Loss: 0.072807  
	Train = MSE:0.078445 , RMSE:0.280080 , MAE:0.212320 , MAPD:1.131007, R_squared:0.998642  
	Validation = MSE:0.072846 , RMSE:0.269900 , MAE:0.187750 , MAPD:1.095926, R_squared:0.998689

2024-03-21 03:47:43,817 Epoch 133/300, Train Loss: 0.080050, Val Loss: 0.064770  
	Train = MSE:0.080094 , RMSE:0.283008 , MAE:0.212013 , MAPD:1.129890, R_squared:0.998614  
	Validation = MSE:0.064241 , RMSE:0.253457 , MAE:0.176563 , MAPD:1.025644, R_squared:0.998844

2024-03-21 03:47:45,341 Epoch 134/300, Train Loss: 0.062165, Val Loss: 0.065292  
	Train = MSE:0.061684 , RMSE:0.248362 , MAE:0.182073 , MAPD:1.007329, R_squared:0.998932  
	Validation = MSE:0.064596 , RMSE:0.254158 , MAE:0.176288 , MAPD:1.021255, R_squared:0.998838

2024-03-21 03:47:46,528 Epoch 135/300, Train Loss: 0.078691, Val Loss: 0.063911  
	Train = MSE:0.076939 , RMSE:0.277378 , MAE:0.210446 , MAPD:1.124574, R_squared:0.998668  
	Validation = MSE:0.063308 , RMSE:0.251611 , MAE:0.181114 , MAPD:1.046259, R_squared:0.998861

2024-03-21 03:47:47,793 Epoch 136/300, Train Loss: 0.057392, Val Loss: 0.063151  
	Train = MSE:0.058005 , RMSE:0.240842 , MAE:0.176850 , MAPD:0.986412, R_squared:0.998996  
	Validation = MSE:0.062784 , RMSE:0.250567 , MAE:0.175851 , MAPD:1.019199, R_squared:0.998870

2024-03-21 03:47:49,426 Epoch 137/300, Train Loss: 0.063082, Val Loss: 0.076545  
	Train = MSE:0.062097 , RMSE:0.249192 , MAE:0.183901 , MAPD:1.006813, R_squared:0.998925  
	Validation = MSE:0.075156 , RMSE:0.274146 , MAE:0.212634 , MAPD:1.163990, R_squared:0.998648

2024-03-21 03:47:50,926 Epoch 138/300, Train Loss: 0.101826, Val Loss: 0.193884  
	Train = MSE:0.101335 , RMSE:0.318331 , MAE:0.246052 , MAPD:1.279048, R_squared:0.998246  
	Validation = MSE:0.189237 , RMSE:0.435014 , MAE:0.374857 , MAPD:1.915031, R_squared:0.996595

2024-03-21 03:47:52,181 Epoch 139/300, Train Loss: 0.101991, Val Loss: 0.113909  
	Train = MSE:0.104171 , RMSE:0.322756 , MAE:0.252511 , MAPD:1.301032, R_squared:0.998197  
	Validation = MSE:0.111142 , RMSE:0.333380 , MAE:0.274104 , MAPD:1.429085, R_squared:0.998000

2024-03-21 03:47:53,403 Epoch 140/300, Train Loss: 0.072987, Val Loss: 0.063869  
	Train = MSE:0.073585 , RMSE:0.271265 , MAE:0.205949 , MAPD:1.094800, R_squared:0.998726  
	Validation = MSE:0.063109 , RMSE:0.251215 , MAE:0.185882 , MAPD:1.070017, R_squared:0.998864

2024-03-21 03:47:54,751 Epoch 141/300, Train Loss: 0.072846, Val Loss: 0.132075  
	Train = MSE:0.072596 , RMSE:0.269436 , MAE:0.204624 , MAPD:1.091460, R_squared:0.998743  
	Validation = MSE:0.132770 , RMSE:0.364376 , MAE:0.287513 , MAPD:1.511203, R_squared:0.997611

2024-03-21 03:47:58,269 Epoch 142/300, Train Loss: 0.114710, Val Loss: 0.066913  
	Train = MSE:0.112075 , RMSE:0.334776 , MAE:0.259020 , MAPD:1.329194, R_squared:0.998060  
	Validation = MSE:0.065901 , RMSE:0.256712 , MAE:0.197081 , MAPD:1.114548, R_squared:0.998814

2024-03-21 03:47:59,555 Epoch 143/300, Train Loss: 0.073598, Val Loss: 0.071110  
	Train = MSE:0.073695 , RMSE:0.271468 , MAE:0.206626 , MAPD:1.099630, R_squared:0.998724  
	Validation = MSE:0.070146 , RMSE:0.264851 , MAE:0.205383 , MAPD:1.139174, R_squared:0.998738

2024-03-21 03:48:00,752 Epoch 144/300, Train Loss: 0.067876, Val Loss: 0.087390  
	Train = MSE:0.067490 , RMSE:0.259787 , MAE:0.194143 , MAPD:1.044302, R_squared:0.998832  
	Validation = MSE:0.087885 , RMSE:0.296453 , MAE:0.214186 , MAPD:1.199901, R_squared:0.998419

2024-03-21 03:48:02,004 Epoch 145/300, Train Loss: 0.061212, Val Loss: 0.059691  
	Train = MSE:0.061160 , RMSE:0.247305 , MAE:0.183389 , MAPD:0.997559, R_squared:0.998941  
	Validation = MSE:0.059540 , RMSE:0.244008 , MAE:0.168862 , MAPD:0.975499, R_squared:0.998929

2024-03-21 03:48:03,719 Epoch 146/300, Train Loss: 0.056838, Val Loss: 0.057875  
	Train = MSE:0.057152 , RMSE:0.239065 , MAE:0.176264 , MAPD:0.966945, R_squared:0.999011  
	Validation = MSE:0.057437 , RMSE:0.239660 , MAE:0.166680 , MAPD:0.966139, R_squared:0.998966

2024-03-21 03:48:05,234 Epoch 147/300, Train Loss: 0.058351, Val Loss: 0.061621  
	Train = MSE:0.058527 , RMSE:0.241925 , MAE:0.177129 , MAPD:0.964637, R_squared:0.998987  
	Validation = MSE:0.061021 , RMSE:0.247025 , MAE:0.177966 , MAPD:1.006781, R_squared:0.998902

2024-03-21 03:48:06,857 Epoch 148/300, Train Loss: 0.055057, Val Loss: 0.056566  
	Train = MSE:0.055177 , RMSE:0.234897 , MAE:0.173804 , MAPD:0.948793, R_squared:0.999045  
	Validation = MSE:0.056225 , RMSE:0.237118 , MAE:0.165653 , MAPD:0.961277, R_squared:0.998988

2024-03-21 03:48:08,275 Epoch 149/300, Train Loss: 0.060940, Val Loss: 0.063700  
	Train = MSE:0.061180 , RMSE:0.247347 , MAE:0.183780 , MAPD:0.993261, R_squared:0.998941  
	Validation = MSE:0.063766 , RMSE:0.252520 , MAE:0.175247 , MAPD:1.006423, R_squared:0.998853

2024-03-21 03:48:09,479 Epoch 150/300, Train Loss: 0.053340, Val Loss: 0.056896  
	Train = MSE:0.052861 , RMSE:0.229916 , MAE:0.168134 , MAPD:0.929426, R_squared:0.999085  
	Validation = MSE:0.056577 , RMSE:0.237859 , MAE:0.164921 , MAPD:0.955870, R_squared:0.998982

2024-03-21 03:48:11,297 Epoch 151/300, Train Loss: 0.067041, Val Loss: 0.062101  
	Train = MSE:0.066231 , RMSE:0.257354 , MAE:0.194959 , MAPD:1.039238, R_squared:0.998854  
	Validation = MSE:0.060823 , RMSE:0.246624 , MAE:0.188266 , MAPD:1.063495, R_squared:0.998906

2024-03-21 03:48:14,579 Epoch 152/300, Train Loss: 0.097083, Val Loss: 0.065372  
	Train = MSE:0.092156 , RMSE:0.303572 , MAE:0.231581 , MAPD:1.193807, R_squared:0.998405  
	Validation = MSE:0.065773 , RMSE:0.256463 , MAE:0.178965 , MAPD:1.029599, R_squared:0.998816

2024-03-21 03:48:16,723 Epoch 153/300, Train Loss: 0.065148, Val Loss: 0.060412  
	Train = MSE:0.066006 , RMSE:0.256916 , MAE:0.194078 , MAPD:1.040459, R_squared:0.998857  
	Validation = MSE:0.060223 , RMSE:0.245404 , MAE:0.168957 , MAPD:0.959104, R_squared:0.998916

2024-03-21 03:48:19,374 Epoch 154/300, Train Loss: 0.071217, Val Loss: 0.055472  
	Train = MSE:0.071134 , RMSE:0.266710 , MAE:0.203763 , MAPD:1.074119, R_squared:0.998769  
	Validation = MSE:0.055409 , RMSE:0.235392 , MAE:0.162202 , MAPD:0.938839, R_squared:0.999003

2024-03-21 03:48:20,537 Epoch 155/300, Train Loss: 0.055560, Val Loss: 0.127103  
	Train = MSE:0.055221 , RMSE:0.234993 , MAE:0.173633 , MAPD:0.941728, R_squared:0.999044  
	Validation = MSE:0.123102 , RMSE:0.350859 , MAE:0.291873 , MAPD:1.495049, R_squared:0.997785

2024-03-21 03:48:22,037 Epoch 156/300, Train Loss: 0.062543, Val Loss: 0.072363  
	Train = MSE:0.062987 , RMSE:0.250972 , MAE:0.187497 , MAPD:1.004218, R_squared:0.998910  
	Validation = MSE:0.071965 , RMSE:0.268262 , MAE:0.189197 , MAPD:1.028075, R_squared:0.998705

2024-03-21 03:48:23,547 Epoch 157/300, Train Loss: 0.049566, Val Loss: 0.060871  
	Train = MSE:0.049679 , RMSE:0.222888 , MAE:0.163505 , MAPD:0.895341, R_squared:0.999140  
	Validation = MSE:0.060637 , RMSE:0.246246 , MAE:0.170818 , MAPD:0.967845, R_squared:0.998909

2024-03-21 03:48:24,952 Epoch 158/300, Train Loss: 0.056813, Val Loss: 0.086358  
	Train = MSE:0.057545 , RMSE:0.239885 , MAE:0.180115 , MAPD:0.968636, R_squared:0.999004  
	Validation = MSE:0.086701 , RMSE:0.294451 , MAE:0.217909 , MAPD:1.184936, R_squared:0.998440

2024-03-21 03:48:26,450 Epoch 159/300, Train Loss: 0.060704, Val Loss: 0.053439  
	Train = MSE:0.060865 , RMSE:0.246708 , MAE:0.188901 , MAPD:1.011215, R_squared:0.998946  
	Validation = MSE:0.053226 , RMSE:0.230708 , MAE:0.159940 , MAPD:0.922986, R_squared:0.999042

2024-03-21 03:48:27,683 Epoch 160/300, Train Loss: 0.052443, Val Loss: 0.055474  
	Train = MSE:0.051586 , RMSE:0.227125 , MAE:0.168055 , MAPD:0.914954, R_squared:0.999107  
	Validation = MSE:0.054376 , RMSE:0.233186 , MAE:0.167583 , MAPD:0.943410, R_squared:0.999022

2024-03-21 03:48:29,081 Epoch 161/300, Train Loss: 0.078500, Val Loss: 0.072101  
	Train = MSE:0.078930 , RMSE:0.280946 , MAE:0.212669 , MAPD:1.103911, R_squared:0.998634  
	Validation = MSE:0.072968 , RMSE:0.270127 , MAE:0.194656 , MAPD:1.076582, R_squared:0.998687

2024-03-21 03:48:32,963 Epoch 162/300, Train Loss: 0.088026, Val Loss: 0.052294  
	Train = MSE:0.089762 , RMSE:0.299604 , MAE:0.224981 , MAPD:1.162303, R_squared:0.998446  
	Validation = MSE:0.051594 , RMSE:0.227143 , MAE:0.161012 , MAPD:0.928128, R_squared:0.999072

2024-03-21 03:48:34,635 Epoch 163/300, Train Loss: 0.047728, Val Loss: 0.058584  
	Train = MSE:0.048130 , RMSE:0.219386 , MAE:0.162218 , MAPD:0.898488, R_squared:0.999167  
	Validation = MSE:0.056967 , RMSE:0.238678 , MAE:0.178241 , MAPD:0.982842, R_squared:0.998975

2024-03-21 03:48:36,645 Epoch 164/300, Train Loss: 0.061694, Val Loss: 0.082118  
	Train = MSE:0.062319 , RMSE:0.249638 , MAE:0.192026 , MAPD:1.018929, R_squared:0.998921  
	Validation = MSE:0.079368 , RMSE:0.281724 , MAE:0.232605 , MAPD:1.253227, R_squared:0.998572

2024-03-21 03:48:38,250 Epoch 165/300, Train Loss: 0.195585, Val Loss: 0.112854  
	Train = MSE:0.188631 , RMSE:0.434316 , MAE:0.341273 , MAPD:1.681272, R_squared:0.996735  
	Validation = MSE:0.113024 , RMSE:0.336191 , MAE:0.256718 , MAPD:1.363971, R_squared:0.997966

2024-03-21 03:48:39,501 Epoch 166/300, Train Loss: 0.295098, Val Loss: 0.463321  
	Train = MSE:0.289727 , RMSE:0.538263 , MAE:0.428421 , MAPD:2.073493, R_squared:0.994985  
	Validation = MSE:0.466195 , RMSE:0.682785 , MAE:0.605034 , MAPD:2.982542, R_squared:0.991611

2024-03-21 03:48:40,666 Epoch 167/300, Train Loss: 0.222787, Val Loss: 0.059095  
	Train = MSE:0.227916 , RMSE:0.477406 , MAE:0.381706 , MAPD:1.888583, R_squared:0.996055  
	Validation = MSE:0.059216 , RMSE:0.243344 , MAE:0.173454 , MAPD:0.985330, R_squared:0.998934

2024-03-21 03:48:41,844 Epoch 168/300, Train Loss: 0.060887, Val Loss: 0.075952  
	Train = MSE:0.059909 , RMSE:0.244763 , MAE:0.182557 , MAPD:0.985755, R_squared:0.998963  
	Validation = MSE:0.074487 , RMSE:0.272924 , MAE:0.220132 , MAPD:1.203742, R_squared:0.998660

2024-03-21 03:48:43,693 Epoch 169/300, Train Loss: 0.064346, Val Loss: 0.075376  
	Train = MSE:0.065116 , RMSE:0.255179 , MAE:0.193774 , MAPD:1.035379, R_squared:0.998873  
	Validation = MSE:0.073634 , RMSE:0.271355 , MAE:0.222997 , MAPD:1.239159, R_squared:0.998675

2024-03-21 03:48:44,875 Epoch 170/300, Train Loss: 0.138267, Val Loss: 0.052640  
	Train = MSE:0.140687 , RMSE:0.375083 , MAE:0.298194 , MAPD:1.500514, R_squared:0.997565  
	Validation = MSE:0.051909 , RMSE:0.227835 , MAE:0.160581 , MAPD:0.929003, R_squared:0.999066

2024-03-21 03:48:46,070 Epoch 171/300, Train Loss: 0.221536, Val Loss: 0.317785  
	Train = MSE:0.205763 , RMSE:0.453611 , MAE:0.340747 , MAPD:1.688668, R_squared:0.996438  
	Validation = MSE:0.318038 , RMSE:0.563949 , MAE:0.493026 , MAPD:2.471975, R_squared:0.994277

2024-03-21 03:48:48,782 Epoch 172/300, Train Loss: 0.119313, Val Loss: 0.062875  
	Train = MSE:0.121834 , RMSE:0.349047 , MAE:0.270944 , MAPD:1.368014, R_squared:0.997891  
	Validation = MSE:0.062560 , RMSE:0.250121 , MAE:0.172613 , MAPD:0.981013, R_squared:0.998874

2024-03-21 03:48:49,992 Epoch 173/300, Train Loss: 0.060387, Val Loss: 0.068890  
	Train = MSE:0.058126 , RMSE:0.241094 , MAE:0.180154 , MAPD:0.965801, R_squared:0.998994  
	Validation = MSE:0.069302 , RMSE:0.263252 , MAE:0.189487 , MAPD:1.044274, R_squared:0.998753

2024-03-21 03:48:51,189 Epoch 174/300, Train Loss: 0.133028, Val Loss: 0.080706  
	Train = MSE:0.137014 , RMSE:0.370154 , MAE:0.288397 , MAPD:1.446942, R_squared:0.997628  
	Validation = MSE:0.080980 , RMSE:0.284570 , MAE:0.202695 , MAPD:1.092488, R_squared:0.998543

2024-03-21 03:48:52,367 Epoch 175/300, Train Loss: 0.070322, Val Loss: 0.050161  
	Train = MSE:0.071253 , RMSE:0.266933 , MAE:0.204633 , MAPD:1.081229, R_squared:0.998767  
	Validation = MSE:0.049611 , RMSE:0.222736 , MAE:0.158898 , MAPD:0.914942, R_squared:0.999107

2024-03-21 03:48:53,605 Epoch 176/300, Train Loss: 0.060453, Val Loss: 0.080214  
	Train = MSE:0.059562 , RMSE:0.244053 , MAE:0.183639 , MAPD:0.984905, R_squared:0.998969  
	Validation = MSE:0.080514 , RMSE:0.283750 , MAE:0.205318 , MAPD:1.127513, R_squared:0.998551

2024-03-21 03:48:55,161 Epoch 177/300, Train Loss: 0.051631, Val Loss: 0.047732  
	Train = MSE:0.051456 , RMSE:0.226840 , MAE:0.168880 , MAPD:0.912409, R_squared:0.999109  
	Validation = MSE:0.047308 , RMSE:0.217504 , MAE:0.152454 , MAPD:0.883253, R_squared:0.999149

2024-03-21 03:48:56,438 Epoch 178/300, Train Loss: 0.044703, Val Loss: 0.092718  
	Train = MSE:0.043961 , RMSE:0.209670 , MAE:0.154208 , MAPD:0.852597, R_squared:0.999239  
	Validation = MSE:0.092923 , RMSE:0.304833 , MAE:0.228414 , MAPD:1.171014, R_squared:0.998328

2024-03-21 03:48:58,047 Epoch 179/300, Train Loss: 0.135150, Val Loss: 0.232219  
	Train = MSE:0.135921 , RMSE:0.368675 , MAE:0.284483 , MAPD:1.437266, R_squared:0.997647  
	Validation = MSE:0.223332 , RMSE:0.472580 , MAE:0.381644 , MAPD:1.825144, R_squared:0.995981

2024-03-21 03:48:59,210 Epoch 180/300, Train Loss: 0.303060, Val Loss: 0.100366  
	Train = MSE:0.313106 , RMSE:0.559559 , MAE:0.462606 , MAPD:2.239077, R_squared:0.994580  
	Validation = MSE:0.100518 , RMSE:0.317046 , MAE:0.238959 , MAPD:1.253311, R_squared:0.998191

2024-03-21 03:49:00,415 Epoch 181/300, Train Loss: 0.132204, Val Loss: 0.073145  
	Train = MSE:0.135424 , RMSE:0.368000 , MAE:0.287773 , MAPD:1.457449, R_squared:0.997656  
	Validation = MSE:0.071971 , RMSE:0.268275 , MAE:0.220891 , MAPD:1.228852, R_squared:0.998705

2024-03-21 03:49:03,169 Epoch 182/300, Train Loss: 0.072974, Val Loss: 0.064018  
	Train = MSE:0.071037 , RMSE:0.266527 , MAE:0.206342 , MAPD:1.095255, R_squared:0.998770  
	Validation = MSE:0.064995 , RMSE:0.254941 , MAE:0.178780 , MAPD:0.997790, R_squared:0.998830

2024-03-21 03:49:04,355 Epoch 183/300, Train Loss: 0.067641, Val Loss: 0.072725  
	Train = MSE:0.067499 , RMSE:0.259805 , MAE:0.196999 , MAPD:1.035095, R_squared:0.998832  
	Validation = MSE:0.070592 , RMSE:0.265692 , MAE:0.214269 , MAPD:1.139118, R_squared:0.998730

2024-03-21 03:49:05,830 Epoch 184/300, Train Loss: 0.098752, Val Loss: 0.501545  
	Train = MSE:0.092219 , RMSE:0.303676 , MAE:0.233817 , MAPD:1.199002, R_squared:0.998404  
	Validation = MSE:0.501125 , RMSE:0.707902 , MAE:0.619220 , MAPD:3.008298, R_squared:0.990983

2024-03-21 03:49:07,380 Epoch 185/300, Train Loss: 107.153046, Val Loss: 322.658417  
	Train = MSE:99.329987 , RMSE:9.966443 , MAE:7.232132 , MAPD:34.474804, R_squared:-0.719419  
	Validation = MSE:319.989258 , RMSE:17.888243 , MAE:16.488039 , MAPD:80.260482, R_squared:-4.757900

2024-03-21 03:49:08,799 Epoch 186/300, Train Loss: 109.500393, Val Loss: 25.422020  
	Train = MSE:111.937607 , RMSE:10.580057 , MAE:7.450182 , MAPD:36.551329, R_squared:-0.937659  
	Validation = MSE:25.351208 , RMSE:5.034998 , MAE:4.383173 , MAPD:20.271481, R_squared:0.543829

2024-03-21 03:49:10,327 Epoch 187/300, Train Loss: 19.106970, Val Loss: 3.861345  
	Train = MSE:19.343819 , RMSE:4.398161 , MAE:3.620680 , MAPD:18.460565, R_squared:0.665155  
	Validation = MSE:3.905486 , RMSE:1.976230 , MAE:1.686859 , MAPD:8.971929, R_squared:0.929725

2024-03-21 03:49:11,760 Epoch 188/300, Train Loss: 4.917492, Val Loss: 4.102549  
	Train = MSE:5.018008 , RMSE:2.240091 , MAE:1.822679 , MAPD:9.364049, R_squared:0.913137  
	Validation = MSE:4.031789 , RMSE:2.007932 , MAE:1.702874 , MAPD:8.781607, R_squared:0.927452

2024-03-21 03:49:13,131 Epoch 189/300, Train Loss: 1.992300, Val Loss: 1.027268  
	Train = MSE:2.047492 , RMSE:1.430906 , MAE:1.129671 , MAPD:5.683266, R_squared:0.964558  
	Validation = MSE:1.027502 , RMSE:1.013658 , MAE:0.850415 , MAPD:4.471000, R_squared:0.981511

2024-03-21 03:49:14,351 Epoch 190/300, Train Loss: 0.659502, Val Loss: 0.537363  
	Train = MSE:0.667913 , RMSE:0.817260 , MAE:0.637952 , MAPD:3.254219, R_squared:0.988438  
	Validation = MSE:0.541674 , RMSE:0.735985 , MAE:0.585722 , MAPD:2.970704, R_squared:0.990253

2024-03-21 03:49:15,541 Epoch 191/300, Train Loss: 0.341812, Val Loss: 0.259331  
	Train = MSE:0.347876 , RMSE:0.589810 , MAE:0.452605 , MAPD:2.313923, R_squared:0.993978  
	Validation = MSE:0.250753 , RMSE:0.500752 , MAE:0.385574 , MAPD:2.048364, R_squared:0.995488

2024-03-21 03:49:19,059 Epoch 192/300, Train Loss: 0.237760, Val Loss: 0.179944  
	Train = MSE:0.240393 , RMSE:0.490299 , MAE:0.369896 , MAPD:1.918772, R_squared:0.995839  
	Validation = MSE:0.178361 , RMSE:0.422328 , MAE:0.322370 , MAPD:1.714804, R_squared:0.996791

2024-03-21 03:49:20,690 Epoch 193/300, Train Loss: 0.165390, Val Loss: 0.177280  
	Train = MSE:0.167270 , RMSE:0.408987 , MAE:0.302703 , MAPD:1.570817, R_squared:0.997105  
	Validation = MSE:0.177694 , RMSE:0.421538 , MAE:0.320855 , MAPD:1.711638, R_squared:0.996803

2024-03-21 03:49:22,533 Epoch 194/300, Train Loss: 0.143190, Val Loss: 0.128508  
	Train = MSE:0.142457 , RMSE:0.377435 , MAE:0.280876 , MAPD:1.460286, R_squared:0.997534  
	Validation = MSE:0.126055 , RMSE:0.355042 , MAE:0.264481 , MAPD:1.432023, R_squared:0.997732

2024-03-21 03:49:24,234 Epoch 195/300, Train Loss: 0.117501, Val Loss: 0.121704  
	Train = MSE:0.119021 , RMSE:0.344994 , MAE:0.250149 , MAPD:1.314926, R_squared:0.997940  
	Validation = MSE:0.119940 , RMSE:0.346323 , MAE:0.255617 , MAPD:1.399056, R_squared:0.997842

2024-03-21 03:49:25,414 Epoch 196/300, Train Loss: 0.111008, Val Loss: 0.112132  
	Train = MSE:0.110763 , RMSE:0.332811 , MAE:0.241257 , MAPD:1.262386, R_squared:0.998083  
	Validation = MSE:0.109604 , RMSE:0.331065 , MAE:0.242689 , MAPD:1.333720, R_squared:0.998028

2024-03-21 03:49:26,594 Epoch 197/300, Train Loss: 0.107535, Val Loss: 0.144844  
	Train = MSE:0.107294 , RMSE:0.327557 , MAE:0.240649 , MAPD:1.271568, R_squared:0.998143  
	Validation = MSE:0.145370 , RMSE:0.381274 , MAE:0.288495 , MAPD:1.576430, R_squared:0.997384

2024-03-21 03:49:27,925 Epoch 198/300, Train Loss: 0.099950, Val Loss: 0.100155  
	Train = MSE:0.099877 , RMSE:0.316034 , MAE:0.229385 , MAPD:1.218303, R_squared:0.998271  
	Validation = MSE:0.098549 , RMSE:0.313926 , MAE:0.230524 , MAPD:1.277266, R_squared:0.998227

2024-03-21 03:49:29,477 Epoch 199/300, Train Loss: 0.092291, Val Loss: 0.100961  
	Train = MSE:0.092710 , RMSE:0.304484 , MAE:0.221576 , MAPD:1.178256, R_squared:0.998395  
	Validation = MSE:0.100735 , RMSE:0.317387 , MAE:0.232748 , MAPD:1.275209, R_squared:0.998187

2024-03-21 03:49:31,318 Epoch 200/300, Train Loss: 0.091994, Val Loss: 0.090674  
	Train = MSE:0.092112 , RMSE:0.303500 , MAE:0.222799 , MAPD:1.190051, R_squared:0.998406  
	Validation = MSE:0.089884 , RMSE:0.299806 , MAE:0.221676 , MAPD:1.238484, R_squared:0.998383

2024-03-21 03:49:32,539 Epoch 201/300, Train Loss: 0.085307, Val Loss: 0.088440  
	Train = MSE:0.085363 , RMSE:0.292170 , MAE:0.213385 , MAPD:1.145513, R_squared:0.998522  
	Validation = MSE:0.087205 , RMSE:0.295304 , MAE:0.215344 , MAPD:1.210217, R_squared:0.998431

2024-03-21 03:49:35,355 Epoch 202/300, Train Loss: 0.081729, Val Loss: 0.086214  
	Train = MSE:0.081948 , RMSE:0.286265 , MAE:0.206330 , MAPD:1.107824, R_squared:0.998581  
	Validation = MSE:0.084961 , RMSE:0.291481 , MAE:0.210309 , MAPD:1.187348, R_squared:0.998471

2024-03-21 03:49:36,537 Epoch 203/300, Train Loss: 0.078301, Val Loss: 0.088823  
	Train = MSE:0.078645 , RMSE:0.280437 , MAE:0.203687 , MAPD:1.096633, R_squared:0.998639  
	Validation = MSE:0.088125 , RMSE:0.296859 , MAE:0.216369 , MAPD:1.211730, R_squared:0.998414

2024-03-21 03:49:37,727 Epoch 204/300, Train Loss: 0.078648, Val Loss: 0.082968  
	Train = MSE:0.077709 , RMSE:0.278763 , MAE:0.201616 , MAPD:1.085534, R_squared:0.998655  
	Validation = MSE:0.081630 , RMSE:0.285709 , MAE:0.207154 , MAPD:1.168099, R_squared:0.998531

2024-03-21 03:49:38,881 Epoch 205/300, Train Loss: 0.076866, Val Loss: 0.127132  
	Train = MSE:0.077397 , RMSE:0.278203 , MAE:0.203846 , MAPD:1.100676, R_squared:0.998660  
	Validation = MSE:0.127848 , RMSE:0.357559 , MAE:0.273169 , MAPD:1.531579, R_squared:0.997699

2024-03-21 03:49:40,059 Epoch 206/300, Train Loss: 0.084674, Val Loss: 0.080776  
	Train = MSE:0.085261 , RMSE:0.291995 , MAE:0.217475 , MAPD:1.170828, R_squared:0.998524  
	Validation = MSE:0.079185 , RMSE:0.281398 , MAE:0.206225 , MAPD:1.173416, R_squared:0.998575

2024-03-21 03:49:41,231 Epoch 207/300, Train Loss: 0.070899, Val Loss: 0.080685  
	Train = MSE:0.071067 , RMSE:0.266584 , MAE:0.191626 , MAPD:1.039803, R_squared:0.998770  
	Validation = MSE:0.080743 , RMSE:0.284152 , MAE:0.204925 , MAPD:1.152960, R_squared:0.998547

2024-03-21 03:49:42,811 Epoch 208/300, Train Loss: 0.067149, Val Loss: 0.077423  
	Train = MSE:0.067889 , RMSE:0.260556 , MAE:0.187591 , MAPD:1.021434, R_squared:0.998825  
	Validation = MSE:0.077202 , RMSE:0.277853 , MAE:0.196884 , MAPD:1.117138, R_squared:0.998611

2024-03-21 03:49:44,087 Epoch 209/300, Train Loss: 0.065662, Val Loss: 0.073322  
	Train = MSE:0.066113 , RMSE:0.257125 , MAE:0.183483 , MAPD:0.997444, R_squared:0.998856  
	Validation = MSE:0.072592 , RMSE:0.269430 , MAE:0.190938 , MAPD:1.086313, R_squared:0.998694

2024-03-21 03:49:45,258 Epoch 210/300, Train Loss: 0.067851, Val Loss: 0.075093  
	Train = MSE:0.067425 , RMSE:0.259664 , MAE:0.185888 , MAPD:1.011282, R_squared:0.998833  
	Validation = MSE:0.074027 , RMSE:0.272080 , MAE:0.202024 , MAPD:1.151916, R_squared:0.998668

2024-03-21 03:49:47,013 Epoch 211/300, Train Loss: 0.064033, Val Loss: 0.077123  
	Train = MSE:0.065027 , RMSE:0.255003 , MAE:0.185073 , MAPD:1.010610, R_squared:0.998874  
	Validation = MSE:0.077169 , RMSE:0.277793 , MAE:0.195250 , MAPD:1.097180, R_squared:0.998611

2024-03-21 03:49:49,928 Epoch 212/300, Train Loss: 0.061571, Val Loss: 0.072674  
	Train = MSE:0.061471 , RMSE:0.247933 , MAE:0.176149 , MAPD:0.960677, R_squared:0.998936  
	Validation = MSE:0.072168 , RMSE:0.268642 , MAE:0.189741 , MAPD:1.078460, R_squared:0.998701

2024-03-21 03:49:51,165 Epoch 213/300, Train Loss: 0.061198, Val Loss: 0.080627  
	Train = MSE:0.060870 , RMSE:0.246719 , MAE:0.176774 , MAPD:0.968423, R_squared:0.998946  
	Validation = MSE:0.079886 , RMSE:0.282642 , MAE:0.201651 , MAPD:1.167559, R_squared:0.998563

2024-03-21 03:49:52,705 Epoch 214/300, Train Loss: 0.063733, Val Loss: 0.073479  
	Train = MSE:0.063753 , RMSE:0.252493 , MAE:0.181408 , MAPD:0.987914, R_squared:0.998896  
	Validation = MSE:0.072241 , RMSE:0.268777 , MAE:0.197105 , MAPD:1.117773, R_squared:0.998700

2024-03-21 03:49:53,959 Epoch 215/300, Train Loss: 0.061910, Val Loss: 0.067819  
	Train = MSE:0.062116 , RMSE:0.249232 , MAE:0.179343 , MAPD:0.971130, R_squared:0.998925  
	Validation = MSE:0.067486 , RMSE:0.259780 , MAE:0.181294 , MAPD:1.034976, R_squared:0.998786

2024-03-21 03:49:55,809 Epoch 216/300, Train Loss: 0.059064, Val Loss: 0.069721  
	Train = MSE:0.058681 , RMSE:0.242241 , MAE:0.172719 , MAPD:0.946164, R_squared:0.998984  
	Validation = MSE:0.069400 , RMSE:0.263438 , MAE:0.183151 , MAPD:1.047349, R_squared:0.998751

2024-03-21 03:49:56,983 Epoch 217/300, Train Loss: 0.058264, Val Loss: 0.073564  
	Train = MSE:0.057688 , RMSE:0.240183 , MAE:0.171427 , MAPD:0.933059, R_squared:0.999001  
	Validation = MSE:0.071701 , RMSE:0.267770 , MAE:0.201897 , MAPD:1.147933, R_squared:0.998710

2024-03-21 03:49:58,159 Epoch 218/300, Train Loss: 0.060985, Val Loss: 0.075281  
	Train = MSE:0.060532 , RMSE:0.246033 , MAE:0.179582 , MAPD:0.978059, R_squared:0.998952  
	Validation = MSE:0.074913 , RMSE:0.273702 , MAE:0.192478 , MAPD:1.080792, R_squared:0.998652

2024-03-21 03:49:59,328 Epoch 219/300, Train Loss: 0.056137, Val Loss: 0.077174  
	Train = MSE:0.056520 , RMSE:0.237740 , MAE:0.171856 , MAPD:0.936129, R_squared:0.999022  
	Validation = MSE:0.077171 , RMSE:0.277797 , MAE:0.197006 , MAPD:1.116253, R_squared:0.998611

2024-03-21 03:50:00,545 Epoch 220/300, Train Loss: 0.055351, Val Loss: 0.068536  
	Train = MSE:0.055559 , RMSE:0.235709 , MAE:0.169464 , MAPD:0.920652, R_squared:0.999038  
	Validation = MSE:0.068439 , RMSE:0.261608 , MAE:0.180908 , MAPD:1.014419, R_squared:0.998769

2024-03-21 03:50:01,759 Epoch 221/300, Train Loss: 0.052877, Val Loss: 0.069384  
	Train = MSE:0.053070 , RMSE:0.230369 , MAE:0.164491 , MAPD:0.895103, R_squared:0.999081  
	Validation = MSE:0.069276 , RMSE:0.263204 , MAE:0.181887 , MAPD:1.038244, R_squared:0.998753

2024-03-21 03:50:05,637 Epoch 222/300, Train Loss: 0.055357, Val Loss: 0.061697  
	Train = MSE:0.053987 , RMSE:0.232350 , MAE:0.164348 , MAPD:0.894241, R_squared:0.999065  
	Validation = MSE:0.061408 , RMSE:0.247807 , MAE:0.171216 , MAPD:0.962401, R_squared:0.998895

2024-03-21 03:50:07,294 Epoch 223/300, Train Loss: 0.056388, Val Loss: 0.063001  
	Train = MSE:0.056545 , RMSE:0.237793 , MAE:0.172920 , MAPD:0.941675, R_squared:0.999021  
	Validation = MSE:0.062946 , RMSE:0.250891 , MAE:0.177951 , MAPD:1.013110, R_squared:0.998867

2024-03-21 03:50:08,703 Epoch 224/300, Train Loss: 0.053264, Val Loss: 0.059795  
	Train = MSE:0.053973 , RMSE:0.232321 , MAE:0.166963 , MAPD:0.904548, R_squared:0.999066  
	Validation = MSE:0.058879 , RMSE:0.242651 , MAE:0.167812 , MAPD:0.952473, R_squared:0.998941

2024-03-21 03:50:09,918 Epoch 225/300, Train Loss: 0.052050, Val Loss: 0.062590  
	Train = MSE:0.050997 , RMSE:0.225826 , MAE:0.160611 , MAPD:0.870905, R_squared:0.999117  
	Validation = MSE:0.060659 , RMSE:0.246291 , MAE:0.178456 , MAPD:1.002126, R_squared:0.998908

2024-03-21 03:50:11,150 Epoch 226/300, Train Loss: 0.050273, Val Loss: 0.059376  
	Train = MSE:0.050290 , RMSE:0.224254 , MAE:0.159990 , MAPD:0.867942, R_squared:0.999129  
	Validation = MSE:0.058064 , RMSE:0.240965 , MAE:0.168775 , MAPD:0.962332, R_squared:0.998955

2024-03-21 03:50:12,792 Epoch 227/300, Train Loss: 0.050390, Val Loss: 0.061983  
	Train = MSE:0.050038 , RMSE:0.223691 , MAE:0.159197 , MAPD:0.861401, R_squared:0.999134  
	Validation = MSE:0.060180 , RMSE:0.245316 , MAE:0.179556 , MAPD:1.010471, R_squared:0.998917

2024-03-21 03:50:14,013 Epoch 228/300, Train Loss: 0.052070, Val Loss: 0.057705  
	Train = MSE:0.053032 , RMSE:0.230287 , MAE:0.166659 , MAPD:0.893267, R_squared:0.999082  
	Validation = MSE:0.056286 , RMSE:0.237248 , MAE:0.166627 , MAPD:0.943209, R_squared:0.998987

2024-03-21 03:50:15,489 Epoch 229/300, Train Loss: 0.050830, Val Loss: 0.062355  
	Train = MSE:0.050829 , RMSE:0.225452 , MAE:0.160862 , MAPD:0.873162, R_squared:0.999120  
	Validation = MSE:0.062149 , RMSE:0.249297 , MAE:0.170215 , MAPD:0.948150, R_squared:0.998882

2024-03-21 03:50:16,665 Epoch 230/300, Train Loss: 0.048854, Val Loss: 0.059041  
	Train = MSE:0.048988 , RMSE:0.221332 , MAE:0.158680 , MAPD:0.856915, R_squared:0.999152  
	Validation = MSE:0.058508 , RMSE:0.241885 , MAE:0.165092 , MAPD:0.930660, R_squared:0.998947

2024-03-21 03:50:17,966 Epoch 231/300, Train Loss: 0.048050, Val Loss: 0.058803  
	Train = MSE:0.048525 , RMSE:0.220283 , MAE:0.158607 , MAPD:0.854431, R_squared:0.999160  
	Validation = MSE:0.057369 , RMSE:0.239518 , MAE:0.172655 , MAPD:0.964125, R_squared:0.998968

2024-03-21 03:50:21,033 Epoch 232/300, Train Loss: 0.051857, Val Loss: 0.058208  
	Train = MSE:0.051788 , RMSE:0.227570 , MAE:0.163350 , MAPD:0.876949, R_squared:0.999104  
	Validation = MSE:0.058121 , RMSE:0.241083 , MAE:0.168127 , MAPD:0.952884, R_squared:0.998954

2024-03-21 03:50:22,241 Epoch 233/300, Train Loss: 0.046242, Val Loss: 0.055110  
	Train = MSE:0.046865 , RMSE:0.216483 , MAE:0.155376 , MAPD:0.840600, R_squared:0.999189  
	Validation = MSE:0.054283 , RMSE:0.232988 , MAE:0.162964 , MAPD:0.921550, R_squared:0.999023

2024-03-21 03:50:23,749 Epoch 234/300, Train Loss: 0.045117, Val Loss: 0.061880  
	Train = MSE:0.045199 , RMSE:0.212602 , MAE:0.149540 , MAPD:0.806324, R_squared:0.999218  
	Validation = MSE:0.061613 , RMSE:0.248221 , MAE:0.170408 , MAPD:0.964212, R_squared:0.998891

2024-03-21 03:50:24,959 Epoch 235/300, Train Loss: 0.045116, Val Loss: 0.055607  
	Train = MSE:0.045793 , RMSE:0.213994 , MAE:0.152820 , MAPD:0.827540, R_squared:0.999207  
	Validation = MSE:0.055081 , RMSE:0.234693 , MAE:0.158200 , MAPD:0.876616, R_squared:0.999009

2024-03-21 03:50:26,161 Epoch 236/300, Train Loss: 0.044356, Val Loss: 0.056202  
	Train = MSE:0.044530 , RMSE:0.211022 , MAE:0.148704 , MAPD:0.800998, R_squared:0.999229  
	Validation = MSE:0.055093 , RMSE:0.234719 , MAE:0.160401 , MAPD:0.918415, R_squared:0.999009

2024-03-21 03:50:27,366 Epoch 237/300, Train Loss: 0.047146, Val Loss: 0.052415  
	Train = MSE:0.047551 , RMSE:0.218063 , MAE:0.155357 , MAPD:0.833846, R_squared:0.999177  
	Validation = MSE:0.051289 , RMSE:0.226471 , MAE:0.158502 , MAPD:0.900741, R_squared:0.999077

2024-03-21 03:50:28,564 Epoch 238/300, Train Loss: 0.050036, Val Loss: 0.053135  
	Train = MSE:0.048949 , RMSE:0.221245 , MAE:0.160760 , MAPD:0.858524, R_squared:0.999153  
	Validation = MSE:0.052526 , RMSE:0.229185 , MAE:0.155976 , MAPD:0.874948, R_squared:0.999055

2024-03-21 03:50:29,714 Epoch 239/300, Train Loss: 0.052287, Val Loss: 0.060858  
	Train = MSE:0.053171 , RMSE:0.230589 , MAE:0.170015 , MAPD:0.913835, R_squared:0.999080  
	Validation = MSE:0.060705 , RMSE:0.246385 , MAE:0.169872 , MAPD:0.945450, R_squared:0.998908

2024-03-21 03:50:30,891 Epoch 240/300, Train Loss: 0.043927, Val Loss: 0.053893  
	Train = MSE:0.044310 , RMSE:0.210500 , MAE:0.151729 , MAPD:0.813992, R_squared:0.999233  
	Validation = MSE:0.053105 , RMSE:0.230446 , MAE:0.154673 , MAPD:0.868668, R_squared:0.999044

2024-03-21 03:50:32,482 Epoch 241/300, Train Loss: 0.043747, Val Loss: 0.049190  
	Train = MSE:0.043289 , RMSE:0.208061 , MAE:0.148437 , MAPD:0.801456, R_squared:0.999251  
	Validation = MSE:0.048282 , RMSE:0.219732 , MAE:0.147150 , MAPD:0.826642, R_squared:0.999131

2024-03-21 03:50:35,274 Epoch 242/300, Train Loss: 0.043110, Val Loss: 0.049849  
	Train = MSE:0.042733 , RMSE:0.206719 , MAE:0.147400 , MAPD:0.791799, R_squared:0.999260  
	Validation = MSE:0.048634 , RMSE:0.220531 , MAE:0.152621 , MAPD:0.857198, R_squared:0.999125

2024-03-21 03:50:37,294 Epoch 243/300, Train Loss: 0.045544, Val Loss: 0.051283  
	Train = MSE:0.045632 , RMSE:0.213617 , MAE:0.155964 , MAPD:0.835070, R_squared:0.999210  
	Validation = MSE:0.050400 , RMSE:0.224500 , MAE:0.150487 , MAPD:0.848396, R_squared:0.999093

2024-03-21 03:50:38,495 Epoch 244/300, Train Loss: 0.042487, Val Loss: 0.048276  
	Train = MSE:0.042335 , RMSE:0.205756 , MAE:0.147764 , MAPD:0.795859, R_squared:0.999267  
	Validation = MSE:0.047488 , RMSE:0.217917 , MAE:0.145498 , MAPD:0.816183, R_squared:0.999146

2024-03-21 03:50:40,360 Epoch 245/300, Train Loss: 0.040699, Val Loss: 0.048025  
	Train = MSE:0.040320 , RMSE:0.200798 , MAE:0.142026 , MAPD:0.757976, R_squared:0.999302  
	Validation = MSE:0.046396 , RMSE:0.215398 , MAE:0.148708 , MAPD:0.831855, R_squared:0.999165

2024-03-21 03:50:41,632 Epoch 246/300, Train Loss: 0.043586, Val Loss: 0.050410  
	Train = MSE:0.042927 , RMSE:0.207188 , MAE:0.150831 , MAPD:0.811115, R_squared:0.999257  
	Validation = MSE:0.048791 , RMSE:0.220887 , MAE:0.157971 , MAPD:0.877900, R_squared:0.999122

2024-03-21 03:50:42,962 Epoch 247/300, Train Loss: 0.041973, Val Loss: 0.049516  
	Train = MSE:0.041770 , RMSE:0.204377 , MAE:0.147208 , MAPD:0.782671, R_squared:0.999277  
	Validation = MSE:0.048769 , RMSE:0.220837 , MAE:0.146704 , MAPD:0.817981, R_squared:0.999122

2024-03-21 03:50:44,291 Epoch 248/300, Train Loss: 0.040047, Val Loss: 0.049123  
	Train = MSE:0.039174 , RMSE:0.197924 , MAE:0.140516 , MAPD:0.752047, R_squared:0.999322  
	Validation = MSE:0.047785 , RMSE:0.218598 , MAE:0.154559 , MAPD:0.880056, R_squared:0.999140

2024-03-21 03:50:45,508 Epoch 249/300, Train Loss: 0.040395, Val Loss: 0.045916  
	Train = MSE:0.039914 , RMSE:0.199784 , MAE:0.142879 , MAPD:0.766451, R_squared:0.999309  
	Validation = MSE:0.044352 , RMSE:0.210598 , MAE:0.144022 , MAPD:0.797864, R_squared:0.999202

2024-03-21 03:50:46,694 Epoch 250/300, Train Loss: 0.038907, Val Loss: 0.046042  
	Train = MSE:0.038376 , RMSE:0.195898 , MAE:0.139163 , MAPD:0.741450, R_squared:0.999336  
	Validation = MSE:0.044681 , RMSE:0.211379 , MAE:0.146889 , MAPD:0.824934, R_squared:0.999196

2024-03-21 03:50:47,864 Epoch 251/300, Train Loss: 0.044461, Val Loss: 0.087109  
	Train = MSE:0.044407 , RMSE:0.210729 , MAE:0.154724 , MAPD:0.819689, R_squared:0.999231  
	Validation = MSE:0.086993 , RMSE:0.294945 , MAE:0.229298 , MAPD:1.254309, R_squared:0.998435

2024-03-21 03:50:51,867 Epoch 252/300, Train Loss: 0.045513, Val Loss: 0.047118  
	Train = MSE:0.045613 , RMSE:0.213571 , MAE:0.156167 , MAPD:0.830196, R_squared:0.999210  
	Validation = MSE:0.046584 , RMSE:0.215833 , MAE:0.144019 , MAPD:0.798910, R_squared:0.999162

2024-03-21 03:50:53,618 Epoch 253/300, Train Loss: 0.037850, Val Loss: 0.045277  
	Train = MSE:0.037811 , RMSE:0.194450 , MAE:0.138374 , MAPD:0.732388, R_squared:0.999345  
	Validation = MSE:0.044518 , RMSE:0.210992 , MAE:0.146572 , MAPD:0.832882, R_squared:0.999199

2024-03-21 03:50:55,512 Epoch 254/300, Train Loss: 0.037569, Val Loss: 0.048929  
	Train = MSE:0.036835 , RMSE:0.191924 , MAE:0.136860 , MAPD:0.734643, R_squared:0.999362  
	Validation = MSE:0.047722 , RMSE:0.218453 , MAE:0.162938 , MAPD:0.913014, R_squared:0.999141

2024-03-21 03:50:57,390 Epoch 255/300, Train Loss: 0.036054, Val Loss: 0.042555  
	Train = MSE:0.036427 , RMSE:0.190859 , MAE:0.135825 , MAPD:0.719620, R_squared:0.999369  
	Validation = MSE:0.041354 , RMSE:0.203358 , MAE:0.136440 , MAPD:0.755281, R_squared:0.999256

2024-03-21 03:50:59,076 Epoch 256/300, Train Loss: 0.036917, Val Loss: 0.059852  
	Train = MSE:0.036919 , RMSE:0.192144 , MAE:0.138651 , MAPD:0.734492, R_squared:0.999361  
	Validation = MSE:0.059541 , RMSE:0.244010 , MAE:0.169482 , MAPD:0.898273, R_squared:0.998929

2024-03-21 03:51:00,537 Epoch 257/300, Train Loss: 0.036893, Val Loss: 0.043198  
	Train = MSE:0.036779 , RMSE:0.191779 , MAE:0.135556 , MAPD:0.711897, R_squared:0.999363  
	Validation = MSE:0.042379 , RMSE:0.205861 , MAE:0.133873 , MAPD:0.745858, R_squared:0.999237

2024-03-21 03:51:01,764 Epoch 258/300, Train Loss: 0.037720, Val Loss: 0.043766  
	Train = MSE:0.037487 , RMSE:0.193617 , MAE:0.140151 , MAPD:0.746802, R_squared:0.999351  
	Validation = MSE:0.042258 , RMSE:0.205569 , MAE:0.146007 , MAPD:0.803850, R_squared:0.999240

2024-03-21 03:51:03,889 Epoch 259/300, Train Loss: 0.035191, Val Loss: 0.040663  
	Train = MSE:0.035313 , RMSE:0.187917 , MAE:0.134301 , MAPD:0.709831, R_squared:0.999389  
	Validation = MSE:0.039674 , RMSE:0.199183 , MAE:0.131893 , MAPD:0.737824, R_squared:0.999286

2024-03-21 03:51:05,963 Epoch 260/300, Train Loss: 0.035804, Val Loss: 0.044274  
	Train = MSE:0.035906 , RMSE:0.189489 , MAE:0.135951 , MAPD:0.719647, R_squared:0.999378  
	Validation = MSE:0.043144 , RMSE:0.207710 , MAE:0.140107 , MAPD:0.785580, R_squared:0.999224

2024-03-21 03:51:07,334 Epoch 261/300, Train Loss: 0.040074, Val Loss: 0.049168  
	Train = MSE:0.040509 , RMSE:0.201267 , MAE:0.147294 , MAPD:0.780864, R_squared:0.999299  
	Validation = MSE:0.047595 , RMSE:0.218163 , MAE:0.166578 , MAPD:0.930341, R_squared:0.999144

2024-03-21 03:51:10,326 Epoch 262/300, Train Loss: 0.037300, Val Loss: 0.041366  
	Train = MSE:0.036928 , RMSE:0.192165 , MAE:0.139261 , MAPD:0.737976, R_squared:0.999361  
	Validation = MSE:0.040725 , RMSE:0.201804 , MAE:0.134380 , MAPD:0.748307, R_squared:0.999267

2024-03-21 03:51:12,064 Epoch 263/300, Train Loss: 0.033402, Val Loss: 0.042306  
	Train = MSE:0.033650 , RMSE:0.183440 , MAE:0.131444 , MAPD:0.696415, R_squared:0.999418  
	Validation = MSE:0.042033 , RMSE:0.205020 , MAE:0.134338 , MAPD:0.741612, R_squared:0.999244

2024-03-21 03:51:13,742 Epoch 264/300, Train Loss: 0.032784, Val Loss: 0.042474  
	Train = MSE:0.032924 , RMSE:0.181449 , MAE:0.129272 , MAPD:0.683524, R_squared:0.999430  
	Validation = MSE:0.041810 , RMSE:0.204476 , MAE:0.135287 , MAPD:0.755809, R_squared:0.999248

2024-03-21 03:51:15,386 Epoch 265/300, Train Loss: 0.034468, Val Loss: 0.038059  
	Train = MSE:0.034630 , RMSE:0.186091 , MAE:0.134823 , MAPD:0.714631, R_squared:0.999401  
	Validation = MSE:0.037305 , RMSE:0.193144 , MAE:0.125651 , MAPD:0.699605, R_squared:0.999329

2024-03-21 03:51:16,955 Epoch 266/300, Train Loss: 0.035833, Val Loss: 0.037045  
	Train = MSE:0.035704 , RMSE:0.188954 , MAE:0.137190 , MAPD:0.720167, R_squared:0.999382  
	Validation = MSE:0.036259 , RMSE:0.190418 , MAE:0.123956 , MAPD:0.686934, R_squared:0.999348

2024-03-21 03:51:18,511 Epoch 267/300, Train Loss: 0.031422, Val Loss: 0.036749  
	Train = MSE:0.031671 , RMSE:0.177962 , MAE:0.127292 , MAPD:0.667949, R_squared:0.999452  
	Validation = MSE:0.035864 , RMSE:0.189377 , MAE:0.124536 , MAPD:0.686311, R_squared:0.999355

2024-03-21 03:51:19,908 Epoch 268/300, Train Loss: 0.030919, Val Loss: 0.038505  
	Train = MSE:0.030893 , RMSE:0.175764 , MAE:0.124671 , MAPD:0.653274, R_squared:0.999465  
	Validation = MSE:0.038127 , RMSE:0.195261 , MAE:0.126867 , MAPD:0.703875, R_squared:0.999314

2024-03-21 03:51:21,231 Epoch 269/300, Train Loss: 0.032327, Val Loss: 0.040392  
	Train = MSE:0.031838 , RMSE:0.178432 , MAE:0.125446 , MAPD:0.657794, R_squared:0.999449  
	Validation = MSE:0.039369 , RMSE:0.198416 , MAE:0.146690 , MAPD:0.809443, R_squared:0.999292

2024-03-21 03:51:22,482 Epoch 270/300, Train Loss: 0.033368, Val Loss: 0.038732  
	Train = MSE:0.032783 , RMSE:0.181060 , MAE:0.131419 , MAPD:0.689452, R_squared:0.999433  
	Validation = MSE:0.037861 , RMSE:0.194579 , MAE:0.140280 , MAPD:0.775572, R_squared:0.999319

2024-03-21 03:51:23,646 Epoch 271/300, Train Loss: 0.044538, Val Loss: 0.049504  
	Train = MSE:0.044866 , RMSE:0.211816 , MAE:0.163268 , MAPD:0.880384, R_squared:0.999223  
	Validation = MSE:0.049339 , RMSE:0.222124 , MAE:0.155359 , MAPD:0.871757, R_squared:0.999112

2024-03-21 03:51:26,938 Epoch 272/300, Train Loss: 0.038191, Val Loss: 0.044697  
	Train = MSE:0.038473 , RMSE:0.196147 , MAE:0.147801 , MAPD:0.782396, R_squared:0.999334  
	Validation = MSE:0.044744 , RMSE:0.211527 , MAE:0.146319 , MAPD:0.818594, R_squared:0.999195

2024-03-21 03:51:28,762 Epoch 273/300, Train Loss: 0.033037, Val Loss: 0.034908  
	Train = MSE:0.032759 , RMSE:0.180996 , MAE:0.130867 , MAPD:0.690210, R_squared:0.999433  
	Validation = MSE:0.034583 , RMSE:0.185965 , MAE:0.118219 , MAPD:0.652171, R_squared:0.999378

2024-03-21 03:51:30,602 Epoch 274/300, Train Loss: 0.030102, Val Loss: 0.037611  
	Train = MSE:0.030302 , RMSE:0.174075 , MAE:0.125770 , MAPD:0.663679, R_squared:0.999475  
	Validation = MSE:0.036825 , RMSE:0.191899 , MAE:0.140840 , MAPD:0.792565, R_squared:0.999337

2024-03-21 03:51:32,140 Epoch 275/300, Train Loss: 0.029004, Val Loss: 0.032811  
	Train = MSE:0.028539 , RMSE:0.168935 , MAE:0.119782 , MAPD:0.627696, R_squared:0.999506  
	Validation = MSE:0.032192 , RMSE:0.179422 , MAE:0.116403 , MAPD:0.641253, R_squared:0.999421

2024-03-21 03:51:33,714 Epoch 276/300, Train Loss: 0.028560, Val Loss: 0.037918  
	Train = MSE:0.028531 , RMSE:0.168913 , MAE:0.120329 , MAPD:0.629455, R_squared:0.999506  
	Validation = MSE:0.036843 , RMSE:0.191946 , MAE:0.132404 , MAPD:0.695210, R_squared:0.999337

2024-03-21 03:51:35,145 Epoch 277/300, Train Loss: 0.030315, Val Loss: 0.038221  
	Train = MSE:0.030439 , RMSE:0.174468 , MAE:0.126235 , MAPD:0.662364, R_squared:0.999473  
	Validation = MSE:0.037423 , RMSE:0.193451 , MAE:0.135546 , MAPD:0.719714, R_squared:0.999327

2024-03-21 03:51:36,627 Epoch 278/300, Train Loss: 0.030306, Val Loss: 0.036050  
	Train = MSE:0.030049 , RMSE:0.173346 , MAE:0.124326 , MAPD:0.651564, R_squared:0.999480  
	Validation = MSE:0.035485 , RMSE:0.188374 , MAE:0.134790 , MAPD:0.742385, R_squared:0.999361

2024-03-21 03:51:38,537 Epoch 279/300, Train Loss: 0.027328, Val Loss: 0.036087  
	Train = MSE:0.027493 , RMSE:0.165811 , MAE:0.117502 , MAPD:0.613072, R_squared:0.999524  
	Validation = MSE:0.036060 , RMSE:0.189894 , MAE:0.126553 , MAPD:0.713233, R_squared:0.999351

2024-03-21 03:51:40,522 Epoch 280/300, Train Loss: 0.033268, Val Loss: 0.037489  
	Train = MSE:0.033390 , RMSE:0.182729 , MAE:0.136329 , MAPD:0.721301, R_squared:0.999422  
	Validation = MSE:0.037516 , RMSE:0.193690 , MAE:0.131463 , MAPD:0.737931, R_squared:0.999325

2024-03-21 03:51:41,837 Epoch 281/300, Train Loss: 0.030159, Val Loss: 0.034480  
	Train = MSE:0.030435 , RMSE:0.174456 , MAE:0.127244 , MAPD:0.666070, R_squared:0.999473  
	Validation = MSE:0.034233 , RMSE:0.185022 , MAE:0.123401 , MAPD:0.690884, R_squared:0.999384

2024-03-21 03:51:44,670 Epoch 282/300, Train Loss: 0.026737, Val Loss: 0.033917  
	Train = MSE:0.026789 , RMSE:0.163673 , MAE:0.117825 , MAPD:0.616838, R_squared:0.999536  
	Validation = MSE:0.033453 , RMSE:0.182902 , MAE:0.122856 , MAPD:0.660596, R_squared:0.999398

2024-03-21 03:51:46,623 Epoch 283/300, Train Loss: 0.033387, Val Loss: 0.059197  
	Train = MSE:0.033392 , RMSE:0.182735 , MAE:0.136281 , MAPD:0.716081, R_squared:0.999422  
	Validation = MSE:0.059606 , RMSE:0.244144 , MAE:0.189151 , MAPD:1.102957, R_squared:0.998927

2024-03-21 03:51:48,465 Epoch 284/300, Train Loss: 0.031941, Val Loss: 0.033719  
	Train = MSE:0.032052 , RMSE:0.179031 , MAE:0.132779 , MAPD:0.701042, R_squared:0.999445  
	Validation = MSE:0.033780 , RMSE:0.183794 , MAE:0.120445 , MAPD:0.663608, R_squared:0.999392

2024-03-21 03:51:49,856 Epoch 285/300, Train Loss: 0.035325, Val Loss: 0.039543  
	Train = MSE:0.035003 , RMSE:0.187090 , MAE:0.142740 , MAPD:0.761462, R_squared:0.999394  
	Validation = MSE:0.038580 , RMSE:0.196418 , MAE:0.143140 , MAPD:0.762904, R_squared:0.999306

2024-03-21 03:51:51,231 Epoch 286/300, Train Loss: 0.027399, Val Loss: 0.032090  
	Train = MSE:0.027629 , RMSE:0.166218 , MAE:0.120696 , MAPD:0.633661, R_squared:0.999522  
	Validation = MSE:0.032022 , RMSE:0.178948 , MAE:0.117007 , MAPD:0.650634, R_squared:0.999424

2024-03-21 03:51:52,459 Epoch 287/300, Train Loss: 0.028717, Val Loss: 0.029942  
	Train = MSE:0.028658 , RMSE:0.169288 , MAE:0.123682 , MAPD:0.646189, R_squared:0.999504  
	Validation = MSE:0.029720 , RMSE:0.172395 , MAE:0.110748 , MAPD:0.606819, R_squared:0.999465

2024-03-21 03:51:54,043 Epoch 288/300, Train Loss: 0.035564, Val Loss: 0.042917  
	Train = MSE:0.036061 , RMSE:0.189899 , MAE:0.144370 , MAPD:0.765594, R_squared:0.999376  
	Validation = MSE:0.042235 , RMSE:0.205511 , MAE:0.158488 , MAPD:0.913832, R_squared:0.999240

2024-03-21 03:51:55,588 Epoch 289/300, Train Loss: 0.029483, Val Loss: 0.042153  
	Train = MSE:0.029507 , RMSE:0.171775 , MAE:0.125630 , MAPD:0.656473, R_squared:0.999489  
	Validation = MSE:0.042525 , RMSE:0.206216 , MAE:0.148436 , MAPD:0.836449, R_squared:0.999235

2024-03-21 03:51:56,893 Epoch 290/300, Train Loss: 0.032897, Val Loss: 0.032098  
	Train = MSE:0.032822 , RMSE:0.181169 , MAE:0.137197 , MAPD:0.724622, R_squared:0.999432  
	Validation = MSE:0.032108 , RMSE:0.179187 , MAE:0.115535 , MAPD:0.630079, R_squared:0.999422

2024-03-21 03:51:58,341 Epoch 291/300, Train Loss: 0.034441, Val Loss: 0.035283  
	Train = MSE:0.034417 , RMSE:0.185519 , MAE:0.141022 , MAPD:0.746635, R_squared:0.999404  
	Validation = MSE:0.034832 , RMSE:0.186633 , MAE:0.136893 , MAPD:0.751407, R_squared:0.999373

2024-03-21 03:52:03,050 Epoch 292/300, Train Loss: 0.026684, Val Loss: 0.030558  
	Train = MSE:0.026913 , RMSE:0.164052 , MAE:0.117972 , MAPD:0.607645, R_squared:0.999534  
	Validation = MSE:0.030650 , RMSE:0.175070 , MAE:0.116575 , MAPD:0.640187, R_squared:0.999448

2024-03-21 03:52:04,532 Epoch 293/300, Train Loss: 0.024948, Val Loss: 0.031045  
	Train = MSE:0.025012 , RMSE:0.158152 , MAE:0.112834 , MAPD:0.586164, R_squared:0.999567  
	Validation = MSE:0.030629 , RMSE:0.175011 , MAE:0.125380 , MAPD:0.684968, R_squared:0.999449

2024-03-21 03:52:05,986 Epoch 294/300, Train Loss: 0.032892, Val Loss: 0.040969  
	Train = MSE:0.032248 , RMSE:0.179577 , MAE:0.133220 , MAPD:0.705285, R_squared:0.999442  
	Validation = MSE:0.041234 , RMSE:0.203061 , MAE:0.145361 , MAPD:0.824075, R_squared:0.999258

2024-03-21 03:52:07,098 Epoch 295/300, Train Loss: 0.028250, Val Loss: 0.033195  
	Train = MSE:0.028189 , RMSE:0.167895 , MAE:0.121094 , MAPD:0.627792, R_squared:0.999512  
	Validation = MSE:0.033249 , RMSE:0.182343 , MAE:0.122776 , MAPD:0.684589, R_squared:0.999402

2024-03-21 03:52:08,190 Epoch 296/300, Train Loss: 0.026308, Val Loss: 0.027474  
	Train = MSE:0.025766 , RMSE:0.160519 , MAE:0.116159 , MAPD:0.611756, R_squared:0.999554  
	Validation = MSE:0.027331 , RMSE:0.165322 , MAE:0.111090 , MAPD:0.614146, R_squared:0.999508

2024-03-21 03:52:09,368 Epoch 297/300, Train Loss: 0.030972, Val Loss: 0.054125  
	Train = MSE:0.029740 , RMSE:0.172454 , MAE:0.129153 , MAPD:0.680080, R_squared:0.999485  
	Validation = MSE:0.052972 , RMSE:0.230155 , MAE:0.195096 , MAPD:1.076815, R_squared:0.999047

2024-03-21 03:52:10,540 Epoch 298/300, Train Loss: 0.040247, Val Loss: 0.037830  
	Train = MSE:0.040163 , RMSE:0.200406 , MAE:0.152637 , MAPD:0.805999, R_squared:0.999305  
	Validation = MSE:0.038159 , RMSE:0.195343 , MAE:0.141109 , MAPD:0.790948, R_squared:0.999313

2024-03-21 03:52:11,930 Epoch 299/300, Train Loss: 0.028524, Val Loss: 0.030802  
	Train = MSE:0.028681 , RMSE:0.169355 , MAE:0.125548 , MAPD:0.656924, R_squared:0.999504  
	Validation = MSE:0.030603 , RMSE:0.174938 , MAE:0.122465 , MAPD:0.678189, R_squared:0.999449

2024-03-21 03:52:13,140 Epoch 300/300, Train Loss: 0.026745, Val Loss: 0.028232  
	Train = MSE:0.026773 , RMSE:0.163626 , MAE:0.119559 , MAPD:0.619934, R_squared:0.999537  
	Validation = MSE:0.028053 , RMSE:0.167491 , MAE:0.112990 , MAPD:0.619045, R_squared:0.999495

2024-03-21 03:52:13,147 Time for training the model: 464.807000
2024-03-21 03:52:14,501 MSE for train: 0.022782
2024-03-21 03:52:14,501 RMSE for train: 0.150937
2024-03-21 03:52:14,501 MAE for train: 0.105693
2024-03-21 03:52:14,501 MAPD for train: 0.543820
2024-03-21 03:52:14,501 R^2 Score for train: 0.999606
2024-03-21 03:52:14,508 Inference time for train dataset: 0.388001

2024-03-21 03:52:14,612 MSE for val: 0.028053
2024-03-21 03:52:14,612 RMSE for val: 0.167491
2024-03-21 03:52:14,612 MAE for val: 0.112990
2024-03-21 03:52:14,612 MAPD for val: 0.619045
2024-03-21 03:52:14,612 R^2 Score for val: 0.999495
2024-03-21 03:52:14,620 Inference time for val dataset: 0.103000

2024-03-21 03:52:14,715 MSE for test: 0.033199
2024-03-21 03:52:14,715 RMSE for test: 0.182207
2024-03-21 03:52:14,715 MAE for test: 0.116621
2024-03-21 03:52:14,715 MAPD for test: 0.603910
2024-03-21 03:52:14,715 R^2 Score for test: 0.999452
2024-03-21 03:52:14,721 Inference time for test dataset: 0.094999

2024-03-21 03:52:16,966 Train label average: , [20.62097221]
2024-03-21 03:52:16,966 Test label average: , [21.41736175]
2024-03-21 03:52:16,967 validation label average: , [20.14607025]
2024-03-21 03:52:16,967 predicted (on validation dataset) values average: , 21.4034375
