2024-03-21 05:08:23,637 train batches in dataset: 7
2024-03-21 05:08:23,638 val batches in dataset: 1
2024-03-21 05:08:23,638 test batches in dataset: 1
2024-03-21 05:08:23,658 Trainable parameter: net_core.0.weight - size: torch.Size([256, 35])
2024-03-21 05:08:23,665 Trainable parameter: net_core.0.bias - size: torch.Size([256])
2024-03-21 05:08:23,670 Trainable parameter: net_core.1.weight - size: torch.Size([128, 256])
2024-03-21 05:08:23,678 Trainable parameter: net_core.1.bias - size: torch.Size([128])
2024-03-21 05:08:23,685 Trainable parameter: net_core.2.weight - size: torch.Size([64, 128])
2024-03-21 05:08:23,693 Trainable parameter: net_core.2.bias - size: torch.Size([64])
2024-03-21 05:08:23,701 Trainable parameter: net_core.3.weight - size: torch.Size([16, 64])
2024-03-21 05:08:23,702 Trainable parameter: net_core.3.bias - size: torch.Size([16])
2024-03-21 05:08:23,702 Trainable parameter: net_core.4.weight - size: torch.Size([1, 16])
2024-03-21 05:08:23,703 Trainable parameter: net_core.4.bias - size: torch.Size([1])
2024-03-21 05:08:23,703 Number of trainable parameters: 51425
2024-03-21 05:08:23,703 Number of non-trainable parameters: 0
2024-03-21 05:08:27,438 Epoch 1/300, Train Loss: 306.570232, Val Loss: 63.694977  
	Train = MSE:328.440887 , RMSE:18.122938 , MAE:16.144360 , MAPD:75.740349, R_squared:-4.685367  
	Validation = MSE:63.694977 , RMSE:7.980913 , MAE:5.703745 , MAPD:25.054726, R_squared:-0.146130

2024-03-21 05:08:30,891 Epoch 2/300, Train Loss: 77.947811, Val Loss: 41.931984  
	Train = MSE:80.700783 , RMSE:8.983361 , MAE:7.612027 , MAPD:46.307989, R_squared:-0.396944  
	Validation = MSE:41.931984 , RMSE:6.475491 , MAE:5.624896 , MAPD:33.060856, R_squared:0.245474

2024-03-21 05:08:32,755 Epoch 3/300, Train Loss: 52.726658, Val Loss: 39.769394  
	Train = MSE:51.339275 , RMSE:7.165143 , MAE:5.434668 , MAPD:25.628081, R_squared:0.111308  
	Validation = MSE:39.769394 , RMSE:6.306298 , MAE:4.682402 , MAPD:22.134709, R_squared:0.284388

2024-03-21 05:08:34,676 Epoch 4/300, Train Loss: 33.641794, Val Loss: 32.682705  
	Train = MSE:33.420818 , RMSE:5.781074 , MAE:4.793536 , MAPD:27.309757, R_squared:0.421480  
	Validation = MSE:32.682709 , RMSE:5.716879 , MAE:5.006528 , MAPD:32.905425, R_squared:0.411906

2024-03-21 05:08:36,341 Epoch 5/300, Train Loss: 22.910927, Val Loss: 18.548988  
	Train = MSE:23.369671 , RMSE:4.834219 , MAE:4.030901 , MAPD:23.651308, R_squared:0.595467  
	Validation = MSE:18.548990 , RMSE:4.306854 , MAE:3.392109 , MAPD:17.234471, R_squared:0.666229

2024-03-21 05:08:38,012 Epoch 6/300, Train Loss: 13.915778, Val Loss: 11.826707  
	Train = MSE:14.447970 , RMSE:3.801049 , MAE:3.057468 , MAPD:17.121501, R_squared:0.749903  
	Validation = MSE:11.826705 , RMSE:3.438998 , MAE:2.832546 , MAPD:19.347155, R_squared:0.787190

2024-03-21 05:08:39,684 Epoch 7/300, Train Loss: 8.016770, Val Loss: 5.879586  
	Train = MSE:8.245461 , RMSE:2.871491 , MAE:2.307966 , MAPD:14.764770, R_squared:0.857270  
	Validation = MSE:5.879586 , RMSE:2.424786 , MAE:1.983385 , MAPD:11.144519, R_squared:0.894202

2024-03-21 05:08:41,354 Epoch 8/300, Train Loss: 4.538303, Val Loss: 4.133692  
	Train = MSE:4.708438 , RMSE:2.169894 , MAE:1.731964 , MAPD:10.174599, R_squared:0.918496  
	Validation = MSE:4.133692 , RMSE:2.033148 , MAE:1.567807 , MAPD:9.643365, R_squared:0.925618

2024-03-21 05:08:43,550 Epoch 9/300, Train Loss: 3.609999, Val Loss: 3.169955  
	Train = MSE:3.643112 , RMSE:1.908694 , MAE:1.530974 , MAPD:8.651433, R_squared:0.936937  
	Validation = MSE:3.169955 , RMSE:1.780437 , MAE:1.465908 , MAPD:8.061895, R_squared:0.942960

2024-03-21 05:08:45,368 Epoch 10/300, Train Loss: 3.037989, Val Loss: 2.706950  
	Train = MSE:3.093373 , RMSE:1.758799 , MAE:1.399933 , MAPD:7.777589, R_squared:0.946453  
	Validation = MSE:2.706950 , RMSE:1.645281 , MAE:1.340531 , MAPD:7.457332, R_squared:0.951291

2024-03-21 05:08:47,081 Epoch 11/300, Train Loss: 2.668936, Val Loss: 2.443934  
	Train = MSE:2.667587 , RMSE:1.633275 , MAE:1.347523 , MAPD:7.395267, R_squared:0.953824  
	Validation = MSE:2.443934 , RMSE:1.563309 , MAE:1.243413 , MAPD:7.223959, R_squared:0.956024

2024-03-21 05:08:50,795 Epoch 12/300, Train Loss: 2.347492, Val Loss: 2.185666  
	Train = MSE:2.367591 , RMSE:1.538698 , MAE:1.254468 , MAPD:7.151754, R_squared:0.959017  
	Validation = MSE:2.185666 , RMSE:1.478400 , MAE:1.212626 , MAPD:7.034948, R_squared:0.960671

2024-03-21 05:08:52,669 Epoch 13/300, Train Loss: 2.169853, Val Loss: 2.001427  
	Train = MSE:2.155874 , RMSE:1.468290 , MAE:1.201392 , MAPD:6.981939, R_squared:0.962681  
	Validation = MSE:2.001427 , RMSE:1.414718 , MAE:1.153891 , MAPD:6.834011, R_squared:0.963986

2024-03-21 05:08:54,335 Epoch 14/300, Train Loss: 2.004689, Val Loss: 1.851157  
	Train = MSE:1.985708 , RMSE:1.409152 , MAE:1.156960 , MAPD:6.738448, R_squared:0.965627  
	Validation = MSE:1.851157 , RMSE:1.360572 , MAE:1.122737 , MAPD:6.540719, R_squared:0.966690

2024-03-21 05:08:56,023 Epoch 15/300, Train Loss: 1.831930, Val Loss: 1.701379  
	Train = MSE:1.842945 , RMSE:1.357551 , MAE:1.125529 , MAPD:6.457348, R_squared:0.968098  
	Validation = MSE:1.701379 , RMSE:1.304369 , MAE:1.060524 , MAPD:6.271386, R_squared:0.969385

2024-03-21 05:08:57,688 Epoch 16/300, Train Loss: 1.732138, Val Loss: 1.589676  
	Train = MSE:1.728640 , RMSE:1.314777 , MAE:1.082315 , MAPD:6.205692, R_squared:0.970077  
	Validation = MSE:1.589676 , RMSE:1.260823 , MAE:1.046995 , MAPD:6.038901, R_squared:0.971395

2024-03-21 05:08:59,358 Epoch 17/300, Train Loss: 1.663503, Val Loss: 1.457746  
	Train = MSE:1.612196 , RMSE:1.269723 , MAE:1.053359 , MAPD:5.990984, R_squared:0.972093  
	Validation = MSE:1.457746 , RMSE:1.207371 , MAE:0.997872 , MAPD:5.791801, R_squared:0.973769

2024-03-21 05:09:00,978 Epoch 18/300, Train Loss: 1.526061, Val Loss: 1.371456  
	Train = MSE:1.530498 , RMSE:1.237133 , MAE:1.029192 , MAPD:5.806524, R_squared:0.973507  
	Validation = MSE:1.371456 , RMSE:1.171092 , MAE:0.961639 , MAPD:5.621402, R_squared:0.975322

2024-03-21 05:09:02,657 Epoch 19/300, Train Loss: 1.422861, Val Loss: 1.392940  
	Train = MSE:1.435763 , RMSE:1.198233 , MAE:0.989797 , MAPD:5.626921, R_squared:0.975147  
	Validation = MSE:1.392940 , RMSE:1.180229 , MAE:0.980219 , MAPD:5.642455, R_squared:0.974935

2024-03-21 05:09:05,045 Epoch 20/300, Train Loss: 1.356298, Val Loss: 1.183215  
	Train = MSE:1.344140 , RMSE:1.159371 , MAE:0.947980 , MAPD:5.470765, R_squared:0.976733  
	Validation = MSE:1.183215 , RMSE:1.087757 , MAE:0.902155 , MAPD:5.185615, R_squared:0.978709

2024-03-21 05:09:07,414 Epoch 21/300, Train Loss: 1.224048, Val Loss: 1.049037  
	Train = MSE:1.223460 , RMSE:1.106101 , MAE:0.911172 , MAPD:5.186548, R_squared:0.978822  
	Validation = MSE:1.049038 , RMSE:1.024225 , MAE:0.834154 , MAPD:4.933922, R_squared:0.981124

2024-03-21 05:09:10,752 Epoch 22/300, Train Loss: 1.125600, Val Loss: 0.955616  
	Train = MSE:1.116326 , RMSE:1.056563 , MAE:0.865129 , MAPD:4.931476, R_squared:0.980676  
	Validation = MSE:0.955616 , RMSE:0.977556 , MAE:0.808355 , MAPD:4.635977, R_squared:0.982805

2024-03-21 05:09:13,079 Epoch 23/300, Train Loss: 1.051881, Val Loss: 0.904587  
	Train = MSE:1.037908 , RMSE:1.018778 , MAE:0.828926 , MAPD:4.690819, R_squared:0.982034  
	Validation = MSE:0.904587 , RMSE:0.951098 , MAE:0.783242 , MAPD:4.464728, R_squared:0.983723

2024-03-21 05:09:14,748 Epoch 24/300, Train Loss: 0.909741, Val Loss: 0.757891  
	Train = MSE:0.922523 , RMSE:0.960481 , MAE:0.782392 , MAPD:4.402734, R_squared:0.984031  
	Validation = MSE:0.757891 , RMSE:0.870569 , MAE:0.707382 , MAPD:4.133796, R_squared:0.986362

2024-03-21 05:09:16,408 Epoch 25/300, Train Loss: 0.805506, Val Loss: 0.670219  
	Train = MSE:0.816251 , RMSE:0.903466 , MAE:0.723716 , MAPD:4.121601, R_squared:0.985871  
	Validation = MSE:0.670219 , RMSE:0.818669 , MAE:0.672942 , MAPD:3.822612, R_squared:0.987940

2024-03-21 05:09:18,062 Epoch 26/300, Train Loss: 0.686363, Val Loss: 0.571033  
	Train = MSE:0.694504 , RMSE:0.833369 , MAE:0.670438 , MAPD:3.802036, R_squared:0.987978  
	Validation = MSE:0.571033 , RMSE:0.755667 , MAE:0.616995 , MAPD:3.561309, R_squared:0.989725

2024-03-21 05:09:19,991 Epoch 27/300, Train Loss: 0.603848, Val Loss: 0.554752  
	Train = MSE:0.610601 , RMSE:0.781410 , MAE:0.623271 , MAPD:3.516930, R_squared:0.989430  
	Validation = MSE:0.554752 , RMSE:0.744817 , MAE:0.609818 , MAPD:3.399531, R_squared:0.990018

2024-03-21 05:09:21,951 Epoch 28/300, Train Loss: 0.505615, Val Loss: 0.419426  
	Train = MSE:0.514870 , RMSE:0.717544 , MAE:0.572491 , MAPD:3.234875, R_squared:0.991088  
	Validation = MSE:0.419427 , RMSE:0.647631 , MAE:0.526189 , MAPD:3.003909, R_squared:0.992453

2024-03-21 05:09:24,007 Epoch 29/300, Train Loss: 0.428498, Val Loss: 0.369641  
	Train = MSE:0.437129 , RMSE:0.661158 , MAE:0.522856 , MAPD:2.935888, R_squared:0.992433  
	Validation = MSE:0.369641 , RMSE:0.607981 , MAE:0.485470 , MAPD:2.752735, R_squared:0.993349

2024-03-21 05:09:25,761 Epoch 30/300, Train Loss: 0.382423, Val Loss: 0.466527  
	Train = MSE:0.389887 , RMSE:0.624409 , MAE:0.488735 , MAPD:2.700233, R_squared:0.993251  
	Validation = MSE:0.466527 , RMSE:0.683028 , MAE:0.539434 , MAPD:2.820770, R_squared:0.991605

2024-03-21 05:09:27,426 Epoch 31/300, Train Loss: 0.389071, Val Loss: 0.281806  
	Train = MSE:0.383773 , RMSE:0.619494 , MAE:0.483768 , MAPD:2.604702, R_squared:0.993357  
	Validation = MSE:0.281806 , RMSE:0.530854 , MAE:0.413460 , MAPD:2.290884, R_squared:0.994929

2024-03-21 05:09:30,766 Epoch 32/300, Train Loss: 0.301411, Val Loss: 0.264999  
	Train = MSE:0.303634 , RMSE:0.551030 , MAE:0.430551 , MAPD:2.350813, R_squared:0.994744  
	Validation = MSE:0.264999 , RMSE:0.514780 , MAE:0.401768 , MAPD:2.210510, R_squared:0.995232

2024-03-21 05:09:32,442 Epoch 33/300, Train Loss: 0.253613, Val Loss: 0.225789  
	Train = MSE:0.251415 , RMSE:0.501413 , MAE:0.389775 , MAPD:2.138881, R_squared:0.995648  
	Validation = MSE:0.225789 , RMSE:0.475173 , MAE:0.366321 , MAPD:2.065308, R_squared:0.995937

2024-03-21 05:09:34,103 Epoch 34/300, Train Loss: 0.232614, Val Loss: 0.239635  
	Train = MSE:0.243164 , RMSE:0.493117 , MAE:0.380072 , MAPD:2.066538, R_squared:0.995791  
	Validation = MSE:0.239635 , RMSE:0.489525 , MAE:0.375748 , MAPD:2.043201, R_squared:0.995688

2024-03-21 05:09:35,776 Epoch 35/300, Train Loss: 0.238559, Val Loss: 0.204208  
	Train = MSE:0.237660 , RMSE:0.487503 , MAE:0.375014 , MAPD:2.000693, R_squared:0.995886  
	Validation = MSE:0.204208 , RMSE:0.451894 , MAE:0.345120 , MAPD:1.919349, R_squared:0.996325

2024-03-21 05:09:37,427 Epoch 36/300, Train Loss: 0.203714, Val Loss: 0.189727  
	Train = MSE:0.207986 , RMSE:0.456054 , MAE:0.350699 , MAPD:1.889734, R_squared:0.996400  
	Validation = MSE:0.189727 , RMSE:0.435576 , MAE:0.328197 , MAPD:1.827338, R_squared:0.996586

2024-03-21 05:09:40,140 Epoch 37/300, Train Loss: 0.210029, Val Loss: 0.257527  
	Train = MSE:0.194622 , RMSE:0.441160 , MAE:0.336061 , MAPD:1.815184, R_squared:0.996631  
	Validation = MSE:0.257527 , RMSE:0.507471 , MAE:0.382782 , MAPD:1.988051, R_squared:0.995366

2024-03-21 05:09:42,078 Epoch 38/300, Train Loss: 0.202262, Val Loss: 0.173599  
	Train = MSE:0.207144 , RMSE:0.455131 , MAE:0.346459 , MAPD:1.825158, R_squared:0.996414  
	Validation = MSE:0.173599 , RMSE:0.416652 , MAE:0.312143 , MAPD:1.741286, R_squared:0.996876

2024-03-21 05:09:43,751 Epoch 39/300, Train Loss: 0.175602, Val Loss: 0.167383  
	Train = MSE:0.178099 , RMSE:0.422018 , MAE:0.319664 , MAPD:1.718018, R_squared:0.996917  
	Validation = MSE:0.167383 , RMSE:0.409124 , MAE:0.305450 , MAPD:1.704315, R_squared:0.996988

2024-03-21 05:09:45,447 Epoch 40/300, Train Loss: 0.173758, Val Loss: 0.164633  
	Train = MSE:0.171818 , RMSE:0.414509 , MAE:0.312086 , MAPD:1.677419, R_squared:0.997026  
	Validation = MSE:0.164633 , RMSE:0.405750 , MAE:0.301684 , MAPD:1.680042, R_squared:0.997038

2024-03-21 05:09:47,130 Epoch 41/300, Train Loss: 0.164717, Val Loss: 0.172826  
	Train = MSE:0.165467 , RMSE:0.406776 , MAE:0.305200 , MAPD:1.638453, R_squared:0.997136  
	Validation = MSE:0.172826 , RMSE:0.415724 , MAE:0.310505 , MAPD:1.698575, R_squared:0.996890

2024-03-21 05:09:50,682 Epoch 42/300, Train Loss: 0.162017, Val Loss: 0.154689  
	Train = MSE:0.161585 , RMSE:0.401977 , MAE:0.302310 , MAPD:1.621436, R_squared:0.997203  
	Validation = MSE:0.154689 , RMSE:0.393305 , MAE:0.291775 , MAPD:1.629452, R_squared:0.997217

2024-03-21 05:09:52,343 Epoch 43/300, Train Loss: 0.155325, Val Loss: 0.163323  
	Train = MSE:0.156202 , RMSE:0.395224 , MAE:0.296599 , MAPD:1.594980, R_squared:0.997296  
	Validation = MSE:0.163323 , RMSE:0.404132 , MAE:0.300313 , MAPD:1.648710, R_squared:0.997061

2024-03-21 05:09:54,022 Epoch 44/300, Train Loss: 0.155310, Val Loss: 0.198369  
	Train = MSE:0.154140 , RMSE:0.392606 , MAE:0.295216 , MAPD:1.584190, R_squared:0.997332  
	Validation = MSE:0.198369 , RMSE:0.445386 , MAE:0.334086 , MAPD:1.762835, R_squared:0.996431

2024-03-21 05:09:55,844 Epoch 45/300, Train Loss: 0.173403, Val Loss: 0.211973  
	Train = MSE:0.168675 , RMSE:0.410700 , MAE:0.306542 , MAPD:1.607507, R_squared:0.997080  
	Validation = MSE:0.211973 , RMSE:0.460405 , MAE:0.344076 , MAPD:1.775053, R_squared:0.996186

2024-03-21 05:09:57,792 Epoch 46/300, Train Loss: 0.170748, Val Loss: 0.149762  
	Train = MSE:0.168656 , RMSE:0.410678 , MAE:0.309557 , MAPD:1.610046, R_squared:0.997081  
	Validation = MSE:0.149762 , RMSE:0.386991 , MAE:0.287645 , MAPD:1.591217, R_squared:0.997305

2024-03-21 05:09:59,466 Epoch 47/300, Train Loss: 0.149275, Val Loss: 0.142237  
	Train = MSE:0.150710 , RMSE:0.388214 , MAE:0.291969 , MAPD:1.555161, R_squared:0.997391  
	Validation = MSE:0.142237 , RMSE:0.377143 , MAE:0.276794 , MAPD:1.548227, R_squared:0.997441

2024-03-21 05:10:01,256 Epoch 48/300, Train Loss: 0.135964, Val Loss: 0.152896  
	Train = MSE:0.136632 , RMSE:0.369637 , MAE:0.275730 , MAPD:1.490994, R_squared:0.997635  
	Validation = MSE:0.152896 , RMSE:0.391019 , MAE:0.291050 , MAPD:1.588794, R_squared:0.997249

2024-03-21 05:10:03,424 Epoch 49/300, Train Loss: 0.138219, Val Loss: 0.147526  
	Train = MSE:0.143545 , RMSE:0.378873 , MAE:0.283069 , MAPD:1.513554, R_squared:0.997515  
	Validation = MSE:0.147526 , RMSE:0.384091 , MAE:0.284349 , MAPD:1.565170, R_squared:0.997345

2024-03-21 05:10:05,103 Epoch 50/300, Train Loss: 0.134405, Val Loss: 0.132558  
	Train = MSE:0.134537 , RMSE:0.366793 , MAE:0.273870 , MAPD:1.474669, R_squared:0.997671  
	Validation = MSE:0.132558 , RMSE:0.364086 , MAE:0.268067 , MAPD:1.506358, R_squared:0.997615

2024-03-21 05:10:07,736 Epoch 51/300, Train Loss: 0.133127, Val Loss: 0.142623  
	Train = MSE:0.130148 , RMSE:0.360761 , MAE:0.267882 , MAPD:1.448771, R_squared:0.997747  
	Validation = MSE:0.142623 , RMSE:0.377655 , MAE:0.280684 , MAPD:1.542646, R_squared:0.997434

2024-03-21 05:10:11,088 Epoch 52/300, Train Loss: 0.129169, Val Loss: 0.129860  
	Train = MSE:0.131985 , RMSE:0.363298 , MAE:0.269957 , MAPD:1.449098, R_squared:0.997715  
	Validation = MSE:0.129860 , RMSE:0.360361 , MAE:0.263736 , MAPD:1.480270, R_squared:0.997663

2024-03-21 05:10:12,732 Epoch 53/300, Train Loss: 0.123581, Val Loss: 0.130874  
	Train = MSE:0.125192 , RMSE:0.353825 , MAE:0.261458 , MAPD:1.418662, R_squared:0.997833  
	Validation = MSE:0.130874 , RMSE:0.361766 , MAE:0.265299 , MAPD:1.480553, R_squared:0.997645

2024-03-21 05:10:14,986 Epoch 54/300, Train Loss: 0.128289, Val Loss: 0.176688  
	Train = MSE:0.127641 , RMSE:0.357269 , MAE:0.266062 , MAPD:1.426528, R_squared:0.997791  
	Validation = MSE:0.176688 , RMSE:0.420343 , MAE:0.312653 , MAPD:1.627249, R_squared:0.996821

2024-03-21 05:10:16,923 Epoch 55/300, Train Loss: 0.144986, Val Loss: 0.231627  
	Train = MSE:0.145817 , RMSE:0.381860 , MAE:0.283391 , MAPD:1.474405, R_squared:0.997476  
	Validation = MSE:0.231627 , RMSE:0.481276 , MAE:0.358810 , MAPD:1.778369, R_squared:0.995832

2024-03-21 05:10:19,037 Epoch 56/300, Train Loss: 0.168686, Val Loss: 0.144914  
	Train = MSE:0.160110 , RMSE:0.400138 , MAE:0.298639 , MAPD:1.528762, R_squared:0.997228  
	Validation = MSE:0.144914 , RMSE:0.380675 , MAE:0.282503 , MAPD:1.524071, R_squared:0.997392

2024-03-21 05:10:20,712 Epoch 57/300, Train Loss: 0.142792, Val Loss: 0.127832  
	Train = MSE:0.142985 , RMSE:0.378133 , MAE:0.284197 , MAPD:1.475841, R_squared:0.997525  
	Validation = MSE:0.127832 , RMSE:0.357536 , MAE:0.266708 , MAPD:1.481835, R_squared:0.997700

2024-03-21 05:10:23,045 Epoch 58/300, Train Loss: 0.122225, Val Loss: 0.131382  
	Train = MSE:0.128000 , RMSE:0.357771 , MAE:0.267694 , MAPD:1.427327, R_squared:0.997784  
	Validation = MSE:0.131382 , RMSE:0.362466 , MAE:0.271361 , MAPD:1.494136, R_squared:0.997636

2024-03-21 05:10:24,754 Epoch 59/300, Train Loss: 0.140398, Val Loss: 0.128740  
	Train = MSE:0.144637 , RMSE:0.380311 , MAE:0.284843 , MAPD:1.474995, R_squared:0.997496  
	Validation = MSE:0.128740 , RMSE:0.358804 , MAE:0.266107 , MAPD:1.460141, R_squared:0.997683

2024-03-21 05:10:26,414 Epoch 60/300, Train Loss: 0.127120, Val Loss: 0.116299  
	Train = MSE:0.131799 , RMSE:0.363041 , MAE:0.271486 , MAPD:1.422017, R_squared:0.997719  
	Validation = MSE:0.116299 , RMSE:0.341026 , MAE:0.250295 , MAPD:1.410233, R_squared:0.997907

2024-03-21 05:10:28,136 Epoch 61/300, Train Loss: 0.118339, Val Loss: 0.121394  
	Train = MSE:0.117257 , RMSE:0.342428 , MAE:0.253189 , MAPD:1.361588, R_squared:0.997970  
	Validation = MSE:0.121394 , RMSE:0.348417 , MAE:0.252517 , MAPD:1.410805, R_squared:0.997816

2024-03-21 05:10:32,438 Epoch 62/300, Train Loss: 0.114513, Val Loss: 0.125491  
	Train = MSE:0.115856 , RMSE:0.340377 , MAE:0.252496 , MAPD:1.360065, R_squared:0.997995  
	Validation = MSE:0.125491 , RMSE:0.354247 , MAE:0.258603 , MAPD:1.427162, R_squared:0.997742

2024-03-21 05:10:34,473 Epoch 63/300, Train Loss: 0.110281, Val Loss: 0.134877  
	Train = MSE:0.113972 , RMSE:0.337598 , MAE:0.248112 , MAPD:1.336886, R_squared:0.998027  
	Validation = MSE:0.134877 , RMSE:0.367256 , MAE:0.270383 , MAPD:1.469615, R_squared:0.997573

2024-03-21 05:10:36,899 Epoch 64/300, Train Loss: 0.111278, Val Loss: 0.111502  
	Train = MSE:0.111035 , RMSE:0.333218 , MAE:0.245621 , MAPD:1.324622, R_squared:0.998078  
	Validation = MSE:0.111502 , RMSE:0.333919 , MAE:0.244282 , MAPD:1.370817, R_squared:0.997994

2024-03-21 05:10:39,445 Epoch 65/300, Train Loss: 0.109587, Val Loss: 0.120911  
	Train = MSE:0.109043 , RMSE:0.330217 , MAE:0.242940 , MAPD:1.311371, R_squared:0.998112  
	Validation = MSE:0.120911 , RMSE:0.347722 , MAE:0.256363 , MAPD:1.402338, R_squared:0.997824

2024-03-21 05:10:41,134 Epoch 66/300, Train Loss: 0.114756, Val Loss: 0.120507  
	Train = MSE:0.113868 , RMSE:0.337444 , MAE:0.250017 , MAPD:1.325248, R_squared:0.998029  
	Validation = MSE:0.120507 , RMSE:0.347141 , MAE:0.261965 , MAPD:1.457302, R_squared:0.997832

2024-03-21 05:10:42,828 Epoch 67/300, Train Loss: 0.121093, Val Loss: 0.110692  
	Train = MSE:0.123709 , RMSE:0.351723 , MAE:0.261768 , MAPD:1.371008, R_squared:0.997859  
	Validation = MSE:0.110692 , RMSE:0.332705 , MAE:0.241997 , MAPD:1.350898, R_squared:0.998008

2024-03-21 05:10:44,447 Epoch 68/300, Train Loss: 0.111618, Val Loss: 0.120883  
	Train = MSE:0.112234 , RMSE:0.335014 , MAE:0.249593 , MAPD:1.329948, R_squared:0.998057  
	Validation = MSE:0.120883 , RMSE:0.347683 , MAE:0.259967 , MAPD:1.413625, R_squared:0.997825

2024-03-21 05:10:46,081 Epoch 69/300, Train Loss: 0.111600, Val Loss: 0.117840  
	Train = MSE:0.111598 , RMSE:0.334064 , MAE:0.248697 , MAPD:1.327150, R_squared:0.998068  
	Validation = MSE:0.117840 , RMSE:0.343278 , MAE:0.252590 , MAPD:1.377418, R_squared:0.997880

2024-03-21 05:10:47,843 Epoch 70/300, Train Loss: 0.106553, Val Loss: 0.145120  
	Train = MSE:0.109519 , RMSE:0.330937 , MAE:0.246917 , MAPD:1.318287, R_squared:0.998104  
	Validation = MSE:0.145120 , RMSE:0.380947 , MAE:0.282260 , MAPD:1.471419, R_squared:0.997389

2024-03-21 05:10:50,575 Epoch 71/300, Train Loss: 0.124592, Val Loss: 0.174127  
	Train = MSE:0.125013 , RMSE:0.353572 , MAE:0.266308 , MAPD:1.379312, R_squared:0.997836  
	Validation = MSE:0.174127 , RMSE:0.417285 , MAE:0.315770 , MAPD:1.619872, R_squared:0.996867

2024-03-21 05:10:54,261 Epoch 72/300, Train Loss: 0.120933, Val Loss: 0.127622  
	Train = MSE:0.120638 , RMSE:0.347330 , MAE:0.260877 , MAPD:1.362027, R_squared:0.997912  
	Validation = MSE:0.127622 , RMSE:0.357242 , MAE:0.262592 , MAPD:1.417609, R_squared:0.997704

2024-03-21 05:10:55,904 Epoch 73/300, Train Loss: 0.110382, Val Loss: 0.111870  
	Train = MSE:0.111961 , RMSE:0.334606 , MAE:0.249826 , MAPD:1.318490, R_squared:0.998062  
	Validation = MSE:0.111870 , RMSE:0.334469 , MAE:0.242243 , MAPD:1.338097, R_squared:0.997987

2024-03-21 05:10:57,568 Epoch 74/300, Train Loss: 0.096133, Val Loss: 0.116232  
	Train = MSE:0.099230 , RMSE:0.315008 , MAE:0.231094 , MAPD:1.246379, R_squared:0.998282  
	Validation = MSE:0.116232 , RMSE:0.340928 , MAE:0.248655 , MAPD:1.352349, R_squared:0.997909

2024-03-21 05:10:59,248 Epoch 75/300, Train Loss: 0.100193, Val Loss: 0.100200  
	Train = MSE:0.096605 , RMSE:0.310813 , MAE:0.227078 , MAPD:1.229655, R_squared:0.998328  
	Validation = MSE:0.100200 , RMSE:0.316544 , MAE:0.227824 , MAPD:1.280243, R_squared:0.998197

2024-03-21 05:11:01,322 Epoch 76/300, Train Loss: 0.096663, Val Loss: 0.104655  
	Train = MSE:0.095537 , RMSE:0.309090 , MAE:0.225590 , MAPD:1.227081, R_squared:0.998346  
	Validation = MSE:0.104655 , RMSE:0.323504 , MAE:0.234444 , MAPD:1.295462, R_squared:0.998117

2024-03-21 05:11:03,183 Epoch 77/300, Train Loss: 0.096898, Val Loss: 0.124614  
	Train = MSE:0.096842 , RMSE:0.311195 , MAE:0.229764 , MAPD:1.245190, R_squared:0.998324  
	Validation = MSE:0.124614 , RMSE:0.353007 , MAE:0.259158 , MAPD:1.383973, R_squared:0.997758

2024-03-21 05:11:05,164 Epoch 78/300, Train Loss: 0.102597, Val Loss: 0.116699  
	Train = MSE:0.102450 , RMSE:0.320078 , MAE:0.236042 , MAPD:1.258627, R_squared:0.998227  
	Validation = MSE:0.116699 , RMSE:0.341613 , MAE:0.249732 , MAPD:1.342347, R_squared:0.997900

2024-03-21 05:11:08,581 Epoch 79/300, Train Loss: 0.094958, Val Loss: 0.114551  
	Train = MSE:0.094053 , RMSE:0.306680 , MAE:0.224386 , MAPD:1.213153, R_squared:0.998372  
	Validation = MSE:0.114551 , RMSE:0.338453 , MAE:0.246971 , MAPD:1.330298, R_squared:0.997939

2024-03-21 05:11:10,285 Epoch 80/300, Train Loss: 0.094550, Val Loss: 0.097467  
	Train = MSE:0.094879 , RMSE:0.308024 , MAE:0.226124 , MAPD:1.217078, R_squared:0.998358  
	Validation = MSE:0.097467 , RMSE:0.312197 , MAE:0.227141 , MAPD:1.273105, R_squared:0.998246

2024-03-21 05:11:11,963 Epoch 81/300, Train Loss: 0.090091, Val Loss: 0.104542  
	Train = MSE:0.090852 , RMSE:0.301416 , MAE:0.220869 , MAPD:1.197822, R_squared:0.998427  
	Validation = MSE:0.104542 , RMSE:0.323330 , MAE:0.235400 , MAPD:1.290688, R_squared:0.998119

2024-03-21 05:11:15,789 Epoch 82/300, Train Loss: 0.091038, Val Loss: 0.101400  
	Train = MSE:0.092508 , RMSE:0.304151 , MAE:0.222960 , MAPD:1.202648, R_squared:0.998399  
	Validation = MSE:0.101400 , RMSE:0.318434 , MAE:0.231111 , MAPD:1.271652, R_squared:0.998175

2024-03-21 05:11:17,450 Epoch 83/300, Train Loss: 0.091791, Val Loss: 0.096181  
	Train = MSE:0.091725 , RMSE:0.302861 , MAE:0.221835 , MAPD:1.195628, R_squared:0.998412  
	Validation = MSE:0.096181 , RMSE:0.310130 , MAE:0.228324 , MAPD:1.288524, R_squared:0.998269

2024-03-21 05:11:19,118 Epoch 84/300, Train Loss: 0.098203, Val Loss: 0.098237  
	Train = MSE:0.095793 , RMSE:0.309505 , MAE:0.229138 , MAPD:1.227853, R_squared:0.998342  
	Validation = MSE:0.098237 , RMSE:0.313427 , MAE:0.231577 , MAPD:1.294971, R_squared:0.998232

2024-03-21 05:11:20,822 Epoch 85/300, Train Loss: 0.088704, Val Loss: 0.093125  
	Train = MSE:0.089546 , RMSE:0.299242 , MAE:0.221447 , MAPD:1.198678, R_squared:0.998450  
	Validation = MSE:0.093125 , RMSE:0.305164 , MAE:0.221707 , MAPD:1.243373, R_squared:0.998324

2024-03-21 05:11:22,459 Epoch 86/300, Train Loss: 0.108591, Val Loss: 0.093904  
	Train = MSE:0.100078 , RMSE:0.316351 , MAE:0.234323 , MAPD:1.244049, R_squared:0.998268  
	Validation = MSE:0.093904 , RMSE:0.306438 , MAE:0.222049 , MAPD:1.235404, R_squared:0.998310

2024-03-21 05:11:25,143 Epoch 87/300, Train Loss: 0.106814, Val Loss: 0.097432  
	Train = MSE:0.104864 , RMSE:0.323826 , MAE:0.242267 , MAPD:1.261104, R_squared:0.998185  
	Validation = MSE:0.097432 , RMSE:0.312141 , MAE:0.230284 , MAPD:1.271797, R_squared:0.998247

2024-03-21 05:11:27,076 Epoch 88/300, Train Loss: 0.093130, Val Loss: 0.092086  
	Train = MSE:0.088607 , RMSE:0.297669 , MAE:0.219789 , MAPD:1.182728, R_squared:0.998466  
	Validation = MSE:0.092086 , RMSE:0.303456 , MAE:0.222991 , MAPD:1.266937, R_squared:0.998343

2024-03-21 05:11:29,081 Epoch 89/300, Train Loss: 0.091921, Val Loss: 0.090937  
	Train = MSE:0.088258 , RMSE:0.297083 , MAE:0.218622 , MAPD:1.176718, R_squared:0.998472  
	Validation = MSE:0.090937 , RMSE:0.301558 , MAE:0.219014 , MAPD:1.227640, R_squared:0.998364

2024-03-21 05:11:31,114 Epoch 90/300, Train Loss: 0.084814, Val Loss: 0.089538  
	Train = MSE:0.086517 , RMSE:0.294138 , MAE:0.216782 , MAPD:1.169238, R_squared:0.998502  
	Validation = MSE:0.089538 , RMSE:0.299229 , MAE:0.215873 , MAPD:1.208718, R_squared:0.998389

2024-03-21 05:11:33,043 Epoch 91/300, Train Loss: 0.082861, Val Loss: 0.087780  
	Train = MSE:0.082700 , RMSE:0.287576 , MAE:0.209676 , MAPD:1.142973, R_squared:0.998568  
	Validation = MSE:0.087780 , RMSE:0.296277 , MAE:0.213017 , MAPD:1.203664, R_squared:0.998420

2024-03-21 05:11:37,641 Epoch 92/300, Train Loss: 0.084484, Val Loss: 0.091885  
	Train = MSE:0.084088 , RMSE:0.289980 , MAE:0.213085 , MAPD:1.161389, R_squared:0.998544  
	Validation = MSE:0.091885 , RMSE:0.303126 , MAE:0.216737 , MAPD:1.217208, R_squared:0.998347

2024-03-21 05:11:39,308 Epoch 93/300, Train Loss: 0.083342, Val Loss: 0.088327  
	Train = MSE:0.082243 , RMSE:0.286780 , MAE:0.209333 , MAPD:1.138928, R_squared:0.998576  
	Validation = MSE:0.088327 , RMSE:0.297199 , MAE:0.213198 , MAPD:1.194270, R_squared:0.998411

2024-03-21 05:11:40,944 Epoch 94/300, Train Loss: 0.077785, Val Loss: 0.095439  
	Train = MSE:0.081480 , RMSE:0.285447 , MAE:0.208945 , MAPD:1.135681, R_squared:0.998590  
	Validation = MSE:0.095439 , RMSE:0.308931 , MAE:0.224705 , MAPD:1.231326, R_squared:0.998283

2024-03-21 05:11:43,005 Epoch 95/300, Train Loss: 0.090536, Val Loss: 0.086444  
	Train = MSE:0.088717 , RMSE:0.297854 , MAE:0.219755 , MAPD:1.171543, R_squared:0.998464  
	Validation = MSE:0.086444 , RMSE:0.294014 , MAE:0.210333 , MAPD:1.183595, R_squared:0.998445

2024-03-21 05:11:45,305 Epoch 96/300, Train Loss: 0.085018, Val Loss: 0.087574  
	Train = MSE:0.085408 , RMSE:0.292246 , MAE:0.214111 , MAPD:1.145882, R_squared:0.998522  
	Validation = MSE:0.087574 , RMSE:0.295928 , MAE:0.214466 , MAPD:1.200945, R_squared:0.998424

2024-03-21 05:11:47,038 Epoch 97/300, Train Loss: 0.082431, Val Loss: 0.087416  
	Train = MSE:0.082128 , RMSE:0.286580 , MAE:0.210032 , MAPD:1.131887, R_squared:0.998578  
	Validation = MSE:0.087416 , RMSE:0.295663 , MAE:0.210592 , MAPD:1.183746, R_squared:0.998427

2024-03-21 05:11:48,691 Epoch 98/300, Train Loss: 0.094838, Val Loss: 0.191827  
	Train = MSE:0.093943 , RMSE:0.306501 , MAE:0.225349 , MAPD:1.181613, R_squared:0.998374  
	Validation = MSE:0.191827 , RMSE:0.437980 , MAE:0.330229 , MAPD:1.602093, R_squared:0.996548

2024-03-21 05:11:50,387 Epoch 99/300, Train Loss: 0.115388, Val Loss: 0.138814  
	Train = MSE:0.118844 , RMSE:0.344738 , MAE:0.261613 , MAPD:1.324802, R_squared:0.997943  
	Validation = MSE:0.138814 , RMSE:0.372577 , MAE:0.279260 , MAPD:1.415970, R_squared:0.997502

2024-03-21 05:11:52,067 Epoch 100/300, Train Loss: 0.094147, Val Loss: 0.086908  
	Train = MSE:0.095392 , RMSE:0.308855 , MAE:0.229424 , MAPD:1.197998, R_squared:0.998349  
	Validation = MSE:0.086908 , RMSE:0.294801 , MAE:0.211892 , MAPD:1.174399, R_squared:0.998436

2024-03-21 05:11:54,079 Epoch 101/300, Train Loss: 0.077185, Val Loss: 0.097601  
	Train = MSE:0.078864 , RMSE:0.280828 , MAE:0.206165 , MAPD:1.115577, R_squared:0.998635  
	Validation = MSE:0.097601 , RMSE:0.312412 , MAE:0.228422 , MAPD:1.242962, R_squared:0.998244

2024-03-21 05:11:58,447 Epoch 102/300, Train Loss: 0.087245, Val Loss: 0.088001  
	Train = MSE:0.087683 , RMSE:0.296113 , MAE:0.219206 , MAPD:1.164104, R_squared:0.998482  
	Validation = MSE:0.088001 , RMSE:0.296650 , MAE:0.212994 , MAPD:1.185465, R_squared:0.998416

2024-03-21 05:12:01,009 Epoch 103/300, Train Loss: 0.077237, Val Loss: 0.100949  
	Train = MSE:0.078143 , RMSE:0.279541 , MAE:0.206059 , MAPD:1.114000, R_squared:0.998647  
	Validation = MSE:0.100949 , RMSE:0.317725 , MAE:0.232906 , MAPD:1.257867, R_squared:0.998184

2024-03-21 05:12:02,853 Epoch 104/300, Train Loss: 0.086191, Val Loss: 0.095803  
	Train = MSE:0.084248 , RMSE:0.290255 , MAE:0.215669 , MAPD:1.148330, R_squared:0.998542  
	Validation = MSE:0.095803 , RMSE:0.309521 , MAE:0.226353 , MAPD:1.220081, R_squared:0.998276

2024-03-21 05:12:04,323 Epoch 105/300, Train Loss: 0.079512, Val Loss: 0.105025  
	Train = MSE:0.080655 , RMSE:0.283999 , MAE:0.210242 , MAPD:1.131305, R_squared:0.998604  
	Validation = MSE:0.105025 , RMSE:0.324076 , MAE:0.240385 , MAPD:1.271826, R_squared:0.998110

2024-03-21 05:12:06,353 Epoch 106/300, Train Loss: 0.096776, Val Loss: 0.079279  
	Train = MSE:0.092765 , RMSE:0.304574 , MAE:0.230059 , MAPD:1.202859, R_squared:0.998394  
	Validation = MSE:0.079279 , RMSE:0.281565 , MAE:0.201221 , MAPD:1.133645, R_squared:0.998573

2024-03-21 05:12:08,018 Epoch 107/300, Train Loss: 0.095145, Val Loss: 0.123170  
	Train = MSE:0.091588 , RMSE:0.302634 , MAE:0.224630 , MAPD:1.175629, R_squared:0.998415  
	Validation = MSE:0.123170 , RMSE:0.350956 , MAE:0.283530 , MAPD:1.522623, R_squared:0.997784

2024-03-21 05:12:09,814 Epoch 108/300, Train Loss: 0.089207, Val Loss: 0.081056  
	Train = MSE:0.090066 , RMSE:0.300111 , MAE:0.225480 , MAPD:1.192815, R_squared:0.998441  
	Validation = MSE:0.081056 , RMSE:0.284703 , MAE:0.211060 , MAPD:1.200804, R_squared:0.998541

2024-03-21 05:12:11,519 Epoch 109/300, Train Loss: 0.078580, Val Loss: 0.081330  
	Train = MSE:0.079401 , RMSE:0.281782 , MAE:0.210158 , MAPD:1.136253, R_squared:0.998626  
	Validation = MSE:0.081330 , RMSE:0.285185 , MAE:0.212468 , MAPD:1.215148, R_squared:0.998537

2024-03-21 05:12:13,212 Epoch 110/300, Train Loss: 0.075209, Val Loss: 0.086564  
	Train = MSE:0.074016 , RMSE:0.272059 , MAE:0.201271 , MAPD:1.097791, R_squared:0.998719  
	Validation = MSE:0.086564 , RMSE:0.294217 , MAE:0.214290 , MAPD:1.165438, R_squared:0.998442

2024-03-21 05:12:14,850 Epoch 111/300, Train Loss: 0.076161, Val Loss: 0.082118  
	Train = MSE:0.078972 , RMSE:0.281020 , MAE:0.207264 , MAPD:1.111202, R_squared:0.998633  
	Validation = MSE:0.082118 , RMSE:0.286562 , MAE:0.203722 , MAPD:1.151160, R_squared:0.998522

2024-03-21 05:12:18,767 Epoch 112/300, Train Loss: 0.074538, Val Loss: 0.084973  
	Train = MSE:0.074229 , RMSE:0.272450 , MAE:0.201139 , MAPD:1.088557, R_squared:0.998715  
	Validation = MSE:0.084973 , RMSE:0.291500 , MAE:0.211796 , MAPD:1.169581, R_squared:0.998471

2024-03-21 05:12:20,377 Epoch 113/300, Train Loss: 0.076092, Val Loss: 0.075639  
	Train = MSE:0.078578 , RMSE:0.280318 , MAE:0.208959 , MAPD:1.114489, R_squared:0.998640  
	Validation = MSE:0.075639 , RMSE:0.275026 , MAE:0.194509 , MAPD:1.101141, R_squared:0.998639

2024-03-21 05:12:22,034 Epoch 114/300, Train Loss: 0.082119, Val Loss: 0.077766  
	Train = MSE:0.084119 , RMSE:0.290033 , MAE:0.215165 , MAPD:1.136546, R_squared:0.998544  
	Validation = MSE:0.077766 , RMSE:0.278866 , MAE:0.204352 , MAPD:1.143156, R_squared:0.998601

2024-03-21 05:12:23,866 Epoch 115/300, Train Loss: 0.082271, Val Loss: 0.080704  
	Train = MSE:0.084982 , RMSE:0.291517 , MAE:0.217345 , MAPD:1.144967, R_squared:0.998529  
	Validation = MSE:0.080704 , RMSE:0.284085 , MAE:0.203912 , MAPD:1.124637, R_squared:0.998548

2024-03-21 05:12:26,264 Epoch 116/300, Train Loss: 0.077685, Val Loss: 0.074429  
	Train = MSE:0.079691 , RMSE:0.282295 , MAE:0.209452 , MAPD:1.114842, R_squared:0.998621  
	Validation = MSE:0.074429 , RMSE:0.272818 , MAE:0.193568 , MAPD:1.090827, R_squared:0.998661

2024-03-21 05:12:28,409 Epoch 117/300, Train Loss: 0.067802, Val Loss: 0.073027  
	Train = MSE:0.068664 , RMSE:0.262038 , MAE:0.191543 , MAPD:1.045708, R_squared:0.998811  
	Validation = MSE:0.073027 , RMSE:0.270234 , MAE:0.192014 , MAPD:1.085753, R_squared:0.998686

2024-03-21 05:12:30,272 Epoch 118/300, Train Loss: 0.065576, Val Loss: 0.080836  
	Train = MSE:0.067293 , RMSE:0.259409 , MAE:0.188398 , MAPD:1.029138, R_squared:0.998835  
	Validation = MSE:0.080836 , RMSE:0.284317 , MAE:0.204284 , MAPD:1.125275, R_squared:0.998545

2024-03-21 05:12:32,407 Epoch 119/300, Train Loss: 0.071249, Val Loss: 0.072184  
	Train = MSE:0.071464 , RMSE:0.267327 , MAE:0.196379 , MAPD:1.056208, R_squared:0.998763  
	Validation = MSE:0.072184 , RMSE:0.268670 , MAE:0.194269 , MAPD:1.108382, R_squared:0.998701

2024-03-21 05:12:34,870 Epoch 120/300, Train Loss: 0.069256, Val Loss: 0.072828  
	Train = MSE:0.068762 , RMSE:0.262226 , MAE:0.192815 , MAPD:1.047520, R_squared:0.998810  
	Validation = MSE:0.072828 , RMSE:0.269867 , MAE:0.193481 , MAPD:1.091378, R_squared:0.998690

2024-03-21 05:12:37,095 Epoch 121/300, Train Loss: 0.070465, Val Loss: 0.077516  
	Train = MSE:0.067778 , RMSE:0.260341 , MAE:0.191087 , MAPD:1.040726, R_squared:0.998827  
	Validation = MSE:0.077516 , RMSE:0.278417 , MAE:0.200724 , MAPD:1.102606, R_squared:0.998605

2024-03-21 05:12:41,272 Epoch 122/300, Train Loss: 0.069028, Val Loss: 0.091661  
	Train = MSE:0.069892 , RMSE:0.264371 , MAE:0.194621 , MAPD:1.054377, R_squared:0.998790  
	Validation = MSE:0.091661 , RMSE:0.302755 , MAE:0.222465 , MAPD:1.169551, R_squared:0.998351

2024-03-21 05:12:42,894 Epoch 123/300, Train Loss: 0.074779, Val Loss: 0.086489  
	Train = MSE:0.075844 , RMSE:0.275398 , MAE:0.203184 , MAPD:1.087804, R_squared:0.998687  
	Validation = MSE:0.086489 , RMSE:0.294090 , MAE:0.226849 , MAPD:1.242469, R_squared:0.998444

2024-03-21 05:12:44,694 Epoch 124/300, Train Loss: 0.069870, Val Loss: 0.069743  
	Train = MSE:0.070999 , RMSE:0.266457 , MAE:0.197344 , MAPD:1.058362, R_squared:0.998771  
	Validation = MSE:0.069743 , RMSE:0.264089 , MAE:0.189167 , MAPD:1.077083, R_squared:0.998745

2024-03-21 05:12:46,810 Epoch 125/300, Train Loss: 0.068803, Val Loss: 0.077708  
	Train = MSE:0.065506 , RMSE:0.255940 , MAE:0.186957 , MAPD:1.019005, R_squared:0.998866  
	Validation = MSE:0.077708 , RMSE:0.278762 , MAE:0.210171 , MAPD:1.171320, R_squared:0.998602

2024-03-21 05:12:48,460 Epoch 126/300, Train Loss: 0.076077, Val Loss: 0.072033  
	Train = MSE:0.073467 , RMSE:0.271048 , MAE:0.203729 , MAPD:1.085233, R_squared:0.998728  
	Validation = MSE:0.072033 , RMSE:0.268389 , MAE:0.195209 , MAPD:1.086250, R_squared:0.998704

2024-03-21 05:12:50,151 Epoch 127/300, Train Loss: 0.074977, Val Loss: 0.103568  
	Train = MSE:0.077069 , RMSE:0.277613 , MAE:0.209200 , MAPD:1.114993, R_squared:0.998666  
	Validation = MSE:0.103568 , RMSE:0.321820 , MAE:0.242847 , MAPD:1.309317, R_squared:0.998136

2024-03-21 05:12:52,273 Epoch 128/300, Train Loss: 0.077823, Val Loss: 0.093190  
	Train = MSE:0.077318 , RMSE:0.278062 , MAE:0.209367 , MAPD:1.112009, R_squared:0.998662  
	Validation = MSE:0.093190 , RMSE:0.305270 , MAE:0.225761 , MAPD:1.208393, R_squared:0.998323

2024-03-21 05:12:53,991 Epoch 129/300, Train Loss: 0.113669, Val Loss: 0.165484  
	Train = MSE:0.117317 , RMSE:0.342516 , MAE:0.260209 , MAPD:1.305175, R_squared:0.997969  
	Validation = MSE:0.165484 , RMSE:0.406797 , MAE:0.341553 , MAPD:1.758747, R_squared:0.997022

2024-03-21 05:12:55,663 Epoch 130/300, Train Loss: 0.110091, Val Loss: 0.072852  
	Train = MSE:0.111123 , RMSE:0.333352 , MAE:0.257477 , MAPD:1.301627, R_squared:0.998076  
	Validation = MSE:0.072852 , RMSE:0.269912 , MAE:0.198426 , MAPD:1.100085, R_squared:0.998689

2024-03-21 05:12:57,286 Epoch 131/300, Train Loss: 0.099203, Val Loss: 0.119922  
	Train = MSE:0.099835 , RMSE:0.315967 , MAE:0.240888 , MAPD:1.240892, R_squared:0.998272  
	Validation = MSE:0.119922 , RMSE:0.346297 , MAE:0.264882 , MAPD:1.380127, R_squared:0.997842

2024-03-21 05:13:00,965 Epoch 132/300, Train Loss: 0.087408, Val Loss: 0.108266  
	Train = MSE:0.089419 , RMSE:0.299030 , MAE:0.227941 , MAPD:1.196391, R_squared:0.998452  
	Validation = MSE:0.108266 , RMSE:0.329039 , MAE:0.251333 , MAPD:1.369779, R_squared:0.998052

2024-03-21 05:13:02,864 Epoch 133/300, Train Loss: 0.081182, Val Loss: 0.071693  
	Train = MSE:0.084003 , RMSE:0.289834 , MAE:0.220166 , MAPD:1.148726, R_squared:0.998546  
	Validation = MSE:0.071693 , RMSE:0.267755 , MAE:0.196853 , MAPD:1.090311, R_squared:0.998710

2024-03-21 05:13:05,166 Epoch 134/300, Train Loss: 0.072466, Val Loss: 0.070766  
	Train = MSE:0.070597 , RMSE:0.265701 , MAE:0.197273 , MAPD:1.060130, R_squared:0.998778  
	Validation = MSE:0.070766 , RMSE:0.266018 , MAE:0.196469 , MAPD:1.097534, R_squared:0.998727

2024-03-21 05:13:06,795 Epoch 135/300, Train Loss: 0.066846, Val Loss: 0.065006  
	Train = MSE:0.066023 , RMSE:0.256949 , MAE:0.191988 , MAPD:1.044058, R_squared:0.998857  
	Validation = MSE:0.065006 , RMSE:0.254963 , MAE:0.182228 , MAPD:1.041824, R_squared:0.998830

2024-03-21 05:13:08,847 Epoch 136/300, Train Loss: 0.062415, Val Loss: 0.077507  
	Train = MSE:0.063186 , RMSE:0.251369 , MAE:0.187086 , MAPD:1.027405, R_squared:0.998906  
	Validation = MSE:0.077507 , RMSE:0.278401 , MAE:0.202034 , MAPD:1.103496, R_squared:0.998605

2024-03-21 05:13:10,866 Epoch 137/300, Train Loss: 0.062940, Val Loss: 0.071148  
	Train = MSE:0.063771 , RMSE:0.252530 , MAE:0.185705 , MAPD:1.010233, R_squared:0.998896  
	Validation = MSE:0.071148 , RMSE:0.266737 , MAE:0.201193 , MAPD:1.140422, R_squared:0.998720

2024-03-21 05:13:12,702 Epoch 138/300, Train Loss: 0.064674, Val Loss: 0.073980  
	Train = MSE:0.064091 , RMSE:0.253161 , MAE:0.188610 , MAPD:1.025842, R_squared:0.998891  
	Validation = MSE:0.073980 , RMSE:0.271992 , MAE:0.208818 , MAPD:1.213706, R_squared:0.998669

2024-03-21 05:13:14,703 Epoch 139/300, Train Loss: 0.064006, Val Loss: 0.065804  
	Train = MSE:0.065519 , RMSE:0.255967 , MAE:0.190574 , MAPD:1.048746, R_squared:0.998866  
	Validation = MSE:0.065804 , RMSE:0.256522 , MAE:0.182997 , MAPD:1.033380, R_squared:0.998816

2024-03-21 05:13:17,096 Epoch 140/300, Train Loss: 0.061077, Val Loss: 0.078048  
	Train = MSE:0.060004 , RMSE:0.244957 , MAE:0.179792 , MAPD:0.987963, R_squared:0.998961  
	Validation = MSE:0.078048 , RMSE:0.279371 , MAE:0.218545 , MAPD:1.225425, R_squared:0.998596

2024-03-21 05:13:19,679 Epoch 141/300, Train Loss: 0.068235, Val Loss: 0.081894  
	Train = MSE:0.066854 , RMSE:0.258562 , MAE:0.192045 , MAPD:1.043262, R_squared:0.998843  
	Validation = MSE:0.081894 , RMSE:0.286171 , MAE:0.209345 , MAPD:1.112432, R_squared:0.998526

2024-03-21 05:13:23,288 Epoch 142/300, Train Loss: 0.065522, Val Loss: 0.067832  
	Train = MSE:0.064502 , RMSE:0.253973 , MAE:0.187062 , MAPD:1.007427, R_squared:0.998883  
	Validation = MSE:0.067832 , RMSE:0.260446 , MAE:0.195703 , MAPD:1.115268, R_squared:0.998779

2024-03-21 05:13:25,265 Epoch 143/300, Train Loss: 0.062338, Val Loss: 0.063509  
	Train = MSE:0.060542 , RMSE:0.246053 , MAE:0.182492 , MAPD:0.997374, R_squared:0.998952  
	Validation = MSE:0.063509 , RMSE:0.252010 , MAE:0.180943 , MAPD:1.035318, R_squared:0.998857

2024-03-21 05:13:26,833 Epoch 144/300, Train Loss: 0.060242, Val Loss: 0.065561  
	Train = MSE:0.058098 , RMSE:0.241036 , MAE:0.176953 , MAPD:0.971440, R_squared:0.998994  
	Validation = MSE:0.065561 , RMSE:0.256050 , MAE:0.189396 , MAPD:1.060770, R_squared:0.998820

2024-03-21 05:13:28,848 Epoch 145/300, Train Loss: 0.062656, Val Loss: 0.062099  
	Train = MSE:0.060496 , RMSE:0.245958 , MAE:0.182628 , MAPD:0.993463, R_squared:0.998953  
	Validation = MSE:0.062099 , RMSE:0.249196 , MAE:0.176144 , MAPD:1.002990, R_squared:0.998883

2024-03-21 05:13:30,231 Epoch 146/300, Train Loss: 0.061483, Val Loss: 0.072810  
	Train = MSE:0.062607 , RMSE:0.250214 , MAE:0.186910 , MAPD:1.013977, R_squared:0.998916  
	Validation = MSE:0.072810 , RMSE:0.269834 , MAE:0.192429 , MAPD:1.061921, R_squared:0.998690

2024-03-21 05:13:31,709 Epoch 147/300, Train Loss: 0.065461, Val Loss: 0.063927  
	Train = MSE:0.066005 , RMSE:0.256914 , MAE:0.190269 , MAPD:1.020641, R_squared:0.998857  
	Validation = MSE:0.063927 , RMSE:0.252837 , MAE:0.182030 , MAPD:1.024904, R_squared:0.998850

2024-03-21 05:13:33,633 Epoch 148/300, Train Loss: 0.075050, Val Loss: 0.064702  
	Train = MSE:0.073383 , RMSE:0.270893 , MAE:0.203103 , MAPD:1.072420, R_squared:0.998730  
	Validation = MSE:0.064702 , RMSE:0.254365 , MAE:0.178688 , MAPD:1.013394, R_squared:0.998836

2024-03-21 05:13:35,121 Epoch 149/300, Train Loss: 0.071140, Val Loss: 0.068394  
	Train = MSE:0.073271 , RMSE:0.270686 , MAE:0.204890 , MAPD:1.079726, R_squared:0.998732  
	Validation = MSE:0.068394 , RMSE:0.261523 , MAE:0.186875 , MAPD:1.036429, R_squared:0.998769

2024-03-21 05:13:36,464 Epoch 150/300, Train Loss: 0.065202, Val Loss: 0.091444  
	Train = MSE:0.063633 , RMSE:0.252256 , MAE:0.188510 , MAPD:1.016481, R_squared:0.998899  
	Validation = MSE:0.091444 , RMSE:0.302398 , MAE:0.242548 , MAPD:1.289269, R_squared:0.998355

2024-03-21 05:13:37,804 Epoch 151/300, Train Loss: 0.075676, Val Loss: 0.060786  
	Train = MSE:0.076293 , RMSE:0.276212 , MAE:0.211302 , MAPD:1.112956, R_squared:0.998679  
	Validation = MSE:0.060786 , RMSE:0.246547 , MAE:0.177531 , MAPD:1.011080, R_squared:0.998906

2024-03-21 05:13:42,581 Epoch 152/300, Train Loss: 0.065498, Val Loss: 0.084639  
	Train = MSE:0.065925 , RMSE:0.256758 , MAE:0.194878 , MAPD:1.039177, R_squared:0.998859  
	Validation = MSE:0.084639 , RMSE:0.290929 , MAE:0.213676 , MAPD:1.134663, R_squared:0.998477

2024-03-21 05:13:44,452 Epoch 153/300, Train Loss: 0.074185, Val Loss: 0.062244  
	Train = MSE:0.076726 , RMSE:0.276994 , MAE:0.212194 , MAPD:1.109104, R_squared:0.998672  
	Validation = MSE:0.062244 , RMSE:0.249488 , MAE:0.183920 , MAPD:1.026776, R_squared:0.998880

2024-03-21 05:13:45,818 Epoch 154/300, Train Loss: 0.062760, Val Loss: 0.058973  
	Train = MSE:0.060899 , RMSE:0.246778 , MAE:0.183755 , MAPD:0.994093, R_squared:0.998946  
	Validation = MSE:0.058973 , RMSE:0.242844 , MAE:0.171244 , MAPD:0.980552, R_squared:0.998939

2024-03-21 05:13:47,160 Epoch 155/300, Train Loss: 0.066031, Val Loss: 0.059573  
	Train = MSE:0.065935 , RMSE:0.256777 , MAE:0.190968 , MAPD:1.020710, R_squared:0.998859  
	Validation = MSE:0.059573 , RMSE:0.244076 , MAE:0.175690 , MAPD:0.999187, R_squared:0.998928

2024-03-21 05:13:48,496 Epoch 156/300, Train Loss: 0.063285, Val Loss: 0.060665  
	Train = MSE:0.062865 , RMSE:0.250729 , MAE:0.188748 , MAPD:1.011358, R_squared:0.998912  
	Validation = MSE:0.060665 , RMSE:0.246304 , MAE:0.173582 , MAPD:0.989235, R_squared:0.998908

2024-03-21 05:13:49,877 Epoch 157/300, Train Loss: 0.074683, Val Loss: 0.118745  
	Train = MSE:0.077446 , RMSE:0.278292 , MAE:0.213114 , MAPD:1.114966, R_squared:0.998659  
	Validation = MSE:0.118745 , RMSE:0.344595 , MAE:0.263310 , MAPD:1.331134, R_squared:0.997863

2024-03-21 05:13:51,586 Epoch 158/300, Train Loss: 0.104605, Val Loss: 0.107336  
	Train = MSE:0.110813 , RMSE:0.332885 , MAE:0.255654 , MAPD:1.281419, R_squared:0.998082  
	Validation = MSE:0.107336 , RMSE:0.327622 , MAE:0.270735 , MAPD:1.426479, R_squared:0.998069

2024-03-21 05:13:54,169 Epoch 159/300, Train Loss: 0.076559, Val Loss: 0.062809  
	Train = MSE:0.076320 , RMSE:0.276262 , MAE:0.211889 , MAPD:1.114287, R_squared:0.998679  
	Validation = MSE:0.062809 , RMSE:0.250617 , MAE:0.177296 , MAPD:0.994652, R_squared:0.998870

2024-03-21 05:13:56,266 Epoch 160/300, Train Loss: 0.063131, Val Loss: 0.081551  
	Train = MSE:0.063017 , RMSE:0.251031 , MAE:0.187897 , MAPD:1.010113, R_squared:0.998909  
	Validation = MSE:0.081551 , RMSE:0.285571 , MAE:0.207372 , MAPD:1.104460, R_squared:0.998533

2024-03-21 05:13:59,360 Epoch 161/300, Train Loss: 0.070054, Val Loss: 0.062414  
	Train = MSE:0.070341 , RMSE:0.265219 , MAE:0.200787 , MAPD:1.056959, R_squared:0.998782  
	Validation = MSE:0.062414 , RMSE:0.249828 , MAE:0.189513 , MAPD:1.099764, R_squared:0.998877

2024-03-21 05:14:03,193 Epoch 162/300, Train Loss: 0.059659, Val Loss: 0.082046  
	Train = MSE:0.061100 , RMSE:0.247184 , MAE:0.185512 , MAPD:0.999194, R_squared:0.998942  
	Validation = MSE:0.082046 , RMSE:0.286437 , MAE:0.233170 , MAPD:1.288974, R_squared:0.998524

2024-03-21 05:14:05,079 Epoch 163/300, Train Loss: 0.073357, Val Loss: 0.071316  
	Train = MSE:0.076279 , RMSE:0.276186 , MAE:0.211771 , MAPD:1.107089, R_squared:0.998680  
	Validation = MSE:0.071316 , RMSE:0.267050 , MAE:0.192834 , MAPD:1.047145, R_squared:0.998717

2024-03-21 05:14:06,742 Epoch 164/300, Train Loss: 0.057681, Val Loss: 0.061517  
	Train = MSE:0.057829 , RMSE:0.240476 , MAE:0.179157 , MAPD:0.971147, R_squared:0.998999  
	Validation = MSE:0.061517 , RMSE:0.248026 , MAE:0.187540 , MAPD:1.046960, R_squared:0.998893

2024-03-21 05:14:07,990 Epoch 165/300, Train Loss: 0.060860, Val Loss: 0.062474  
	Train = MSE:0.059034 , RMSE:0.242969 , MAE:0.183147 , MAPD:0.986989, R_squared:0.998978  
	Validation = MSE:0.062474 , RMSE:0.249948 , MAE:0.175761 , MAPD:0.992109, R_squared:0.998876

2024-03-21 05:14:09,358 Epoch 166/300, Train Loss: 0.053981, Val Loss: 0.061644  
	Train = MSE:0.053469 , RMSE:0.231233 , MAE:0.169917 , MAPD:0.936974, R_squared:0.999074  
	Validation = MSE:0.061644 , RMSE:0.248283 , MAE:0.187296 , MAPD:1.036896, R_squared:0.998891

2024-03-21 05:14:10,713 Epoch 167/300, Train Loss: 0.052892, Val Loss: 0.057512  
	Train = MSE:0.053453 , RMSE:0.231199 , MAE:0.170531 , MAPD:0.938758, R_squared:0.999075  
	Validation = MSE:0.057512 , RMSE:0.239816 , MAE:0.175485 , MAPD:0.983260, R_squared:0.998965

2024-03-21 05:14:12,171 Epoch 168/300, Train Loss: 0.058820, Val Loss: 0.067644  
	Train = MSE:0.058468 , RMSE:0.241801 , MAE:0.181339 , MAPD:0.973474, R_squared:0.998988  
	Validation = MSE:0.067644 , RMSE:0.260085 , MAE:0.186574 , MAPD:1.017505, R_squared:0.998783

2024-03-21 05:14:13,465 Epoch 169/300, Train Loss: 0.064504, Val Loss: 0.063520  
	Train = MSE:0.068198 , RMSE:0.261147 , MAE:0.199021 , MAPD:1.045904, R_squared:0.998819  
	Validation = MSE:0.063520 , RMSE:0.252032 , MAE:0.194853 , MAPD:1.080193, R_squared:0.998857

2024-03-21 05:14:14,963 Epoch 170/300, Train Loss: 0.059752, Val Loss: 0.072068  
	Train = MSE:0.058688 , RMSE:0.242256 , MAE:0.182677 , MAPD:0.982759, R_squared:0.998984  
	Validation = MSE:0.072068 , RMSE:0.268454 , MAE:0.193484 , MAPD:1.034211, R_squared:0.998703

2024-03-21 05:14:16,574 Epoch 171/300, Train Loss: 0.057473, Val Loss: 0.054744  
	Train = MSE:0.057583 , RMSE:0.239965 , MAE:0.179611 , MAPD:0.966815, R_squared:0.999003  
	Validation = MSE:0.054744 , RMSE:0.233975 , MAE:0.168848 , MAPD:0.966866, R_squared:0.999015

2024-03-21 05:14:21,234 Epoch 172/300, Train Loss: 0.056449, Val Loss: 0.054448  
	Train = MSE:0.058684 , RMSE:0.242248 , MAE:0.182167 , MAPD:0.979137, R_squared:0.998984  
	Validation = MSE:0.054448 , RMSE:0.233341 , MAE:0.168489 , MAPD:0.963931, R_squared:0.999020

2024-03-21 05:14:22,426 Epoch 173/300, Train Loss: 0.058794, Val Loss: 0.055541  
	Train = MSE:0.057112 , RMSE:0.238981 , MAE:0.179430 , MAPD:0.965834, R_squared:0.999011  
	Validation = MSE:0.055541 , RMSE:0.235671 , MAE:0.172979 , MAPD:0.987269, R_squared:0.999001

2024-03-21 05:14:23,966 Epoch 174/300, Train Loss: 0.073565, Val Loss: 0.054536  
	Train = MSE:0.074126 , RMSE:0.272260 , MAE:0.208144 , MAPD:1.081130, R_squared:0.998717  
	Validation = MSE:0.054536 , RMSE:0.233530 , MAE:0.169731 , MAPD:0.963139, R_squared:0.999019

2024-03-21 05:14:25,418 Epoch 175/300, Train Loss: 0.062283, Val Loss: 0.058824  
	Train = MSE:0.063333 , RMSE:0.251660 , MAE:0.188641 , MAPD:1.006998, R_squared:0.998904  
	Validation = MSE:0.058824 , RMSE:0.242537 , MAE:0.181253 , MAPD:0.998855, R_squared:0.998942

2024-03-21 05:14:26,544 Epoch 176/300, Train Loss: 0.054419, Val Loss: 0.059420  
	Train = MSE:0.055628 , RMSE:0.235855 , MAE:0.176368 , MAPD:0.955139, R_squared:0.999037  
	Validation = MSE:0.059420 , RMSE:0.243763 , MAE:0.168703 , MAPD:0.960146, R_squared:0.998931

2024-03-21 05:14:27,823 Epoch 177/300, Train Loss: 0.053947, Val Loss: 0.053891  
	Train = MSE:0.052467 , RMSE:0.229057 , MAE:0.170397 , MAPD:0.928621, R_squared:0.999092  
	Validation = MSE:0.053891 , RMSE:0.232145 , MAE:0.162022 , MAPD:0.926393, R_squared:0.999030

2024-03-21 05:14:29,299 Epoch 178/300, Train Loss: 0.084079, Val Loss: 0.100631  
	Train = MSE:0.080425 , RMSE:0.283593 , MAE:0.217892 , MAPD:1.118457, R_squared:0.998608  
	Validation = MSE:0.100631 , RMSE:0.317224 , MAE:0.238241 , MAPD:1.194538, R_squared:0.998189

2024-03-21 05:14:30,448 Epoch 179/300, Train Loss: 0.083512, Val Loss: 0.149017  
	Train = MSE:0.078419 , RMSE:0.280034 , MAE:0.214716 , MAPD:1.097168, R_squared:0.998643  
	Validation = MSE:0.149017 , RMSE:0.386027 , MAE:0.318279 , MAPD:1.581811, R_squared:0.997319

2024-03-21 05:14:31,496 Epoch 180/300, Train Loss: 0.082460, Val Loss: 0.085473  
	Train = MSE:0.082119 , RMSE:0.286563 , MAE:0.219205 , MAPD:1.123691, R_squared:0.998579  
	Validation = MSE:0.085473 , RMSE:0.292358 , MAE:0.217911 , MAPD:1.147269, R_squared:0.998462

2024-03-21 05:14:32,593 Epoch 181/300, Train Loss: 0.063224, Val Loss: 0.052810  
	Train = MSE:0.064145 , RMSE:0.253268 , MAE:0.191534 , MAPD:1.008134, R_squared:0.998890  
	Validation = MSE:0.052810 , RMSE:0.229804 , MAE:0.165406 , MAPD:0.937275, R_squared:0.999050

2024-03-21 05:14:35,947 Epoch 182/300, Train Loss: 0.054223, Val Loss: 0.052892  
	Train = MSE:0.052834 , RMSE:0.229855 , MAE:0.170997 , MAPD:0.929564, R_squared:0.999085  
	Validation = MSE:0.052892 , RMSE:0.229983 , MAE:0.163596 , MAPD:0.929548, R_squared:0.999048

2024-03-21 05:14:37,059 Epoch 183/300, Train Loss: 0.067325, Val Loss: 0.057085  
	Train = MSE:0.066052 , RMSE:0.257005 , MAE:0.195215 , MAPD:1.027998, R_squared:0.998857  
	Validation = MSE:0.057085 , RMSE:0.238926 , MAE:0.181131 , MAPD:1.006222, R_squared:0.998973

2024-03-21 05:14:38,163 Epoch 184/300, Train Loss: 0.061935, Val Loss: 0.057236  
	Train = MSE:0.060236 , RMSE:0.245430 , MAE:0.187404 , MAPD:0.996604, R_squared:0.998957  
	Validation = MSE:0.057236 , RMSE:0.239241 , MAE:0.167458 , MAPD:0.939408, R_squared:0.998970

2024-03-21 05:14:39,404 Epoch 185/300, Train Loss: 0.054045, Val Loss: 0.053020  
	Train = MSE:0.053956 , RMSE:0.232284 , MAE:0.173434 , MAPD:0.938556, R_squared:0.999066  
	Validation = MSE:0.053020 , RMSE:0.230260 , MAE:0.163116 , MAPD:0.926744, R_squared:0.999046

2024-03-21 05:14:40,893 Epoch 186/300, Train Loss: 0.050841, Val Loss: 0.052192  
	Train = MSE:0.051847 , RMSE:0.227699 , MAE:0.170130 , MAPD:0.922998, R_squared:0.999103  
	Validation = MSE:0.052192 , RMSE:0.228455 , MAE:0.160114 , MAPD:0.915086, R_squared:0.999061

2024-03-21 05:14:41,989 Epoch 187/300, Train Loss: 0.050429, Val Loss: 0.052744  
	Train = MSE:0.052773 , RMSE:0.229724 , MAE:0.171756 , MAPD:0.926825, R_squared:0.999086  
	Validation = MSE:0.052744 , RMSE:0.229660 , MAE:0.170283 , MAPD:0.957215, R_squared:0.999051

2024-03-21 05:14:43,831 Epoch 188/300, Train Loss: 0.055744, Val Loss: 0.062685  
	Train = MSE:0.054024 , RMSE:0.232431 , MAE:0.174706 , MAPD:0.941366, R_squared:0.999065  
	Validation = MSE:0.062685 , RMSE:0.250369 , MAE:0.178850 , MAPD:0.999424, R_squared:0.998872

2024-03-21 05:14:45,580 Epoch 189/300, Train Loss: 0.064193, Val Loss: 0.075128  
	Train = MSE:0.063140 , RMSE:0.251277 , MAE:0.191121 , MAPD:1.008891, R_squared:0.998907  
	Validation = MSE:0.075128 , RMSE:0.274096 , MAE:0.213406 , MAPD:1.095542, R_squared:0.998648

2024-03-21 05:14:46,719 Epoch 190/300, Train Loss: 0.076527, Val Loss: 0.093146  
	Train = MSE:0.069264 , RMSE:0.263181 , MAE:0.201890 , MAPD:1.047928, R_squared:0.998801  
	Validation = MSE:0.093146 , RMSE:0.305198 , MAE:0.232993 , MAPD:1.301659, R_squared:0.998324

2024-03-21 05:14:48,253 Epoch 191/300, Train Loss: 0.094580, Val Loss: 0.101888  
	Train = MSE:0.091414 , RMSE:0.302347 , MAE:0.235378 , MAPD:1.223628, R_squared:0.998418  
	Validation = MSE:0.101888 , RMSE:0.319198 , MAE:0.247497 , MAPD:1.206179, R_squared:0.998167

2024-03-21 05:14:52,024 Epoch 192/300, Train Loss: 0.094752, Val Loss: 0.114393  
	Train = MSE:0.095267 , RMSE:0.308653 , MAE:0.241546 , MAPD:1.211055, R_squared:0.998351  
	Validation = MSE:0.114393 , RMSE:0.338221 , MAE:0.271633 , MAPD:1.445343, R_squared:0.997942

2024-03-21 05:14:53,309 Epoch 193/300, Train Loss: 0.075543, Val Loss: 0.071000  
	Train = MSE:0.074756 , RMSE:0.273415 , MAE:0.214840 , MAPD:1.123304, R_squared:0.998706  
	Validation = MSE:0.071000 , RMSE:0.266458 , MAE:0.209005 , MAPD:1.088304, R_squared:0.998722

2024-03-21 05:14:54,670 Epoch 194/300, Train Loss: 0.056658, Val Loss: 0.064680  
	Train = MSE:0.056247 , RMSE:0.237165 , MAE:0.181993 , MAPD:0.972278, R_squared:0.999026  
	Validation = MSE:0.064680 , RMSE:0.254323 , MAE:0.197218 , MAPD:1.039378, R_squared:0.998836

2024-03-21 05:14:56,198 Epoch 195/300, Train Loss: 0.058757, Val Loss: 0.051945  
	Train = MSE:0.060648 , RMSE:0.246268 , MAE:0.187160 , MAPD:0.995623, R_squared:0.998950  
	Validation = MSE:0.051945 , RMSE:0.227916 , MAE:0.161552 , MAPD:0.916301, R_squared:0.999065

2024-03-21 05:14:57,498 Epoch 196/300, Train Loss: 0.047656, Val Loss: 0.051719  
	Train = MSE:0.047421 , RMSE:0.217764 , MAE:0.160608 , MAPD:0.882175, R_squared:0.999179  
	Validation = MSE:0.051719 , RMSE:0.227418 , MAE:0.167867 , MAPD:0.929808, R_squared:0.999069

2024-03-21 05:14:58,620 Epoch 197/300, Train Loss: 0.047961, Val Loss: 0.054606  
	Train = MSE:0.047886 , RMSE:0.218829 , MAE:0.162937 , MAPD:0.891231, R_squared:0.999171  
	Validation = MSE:0.054606 , RMSE:0.233680 , MAE:0.176316 , MAPD:0.960474, R_squared:0.999017

2024-03-21 05:14:59,749 Epoch 198/300, Train Loss: 0.053476, Val Loss: 0.049142  
	Train = MSE:0.054178 , RMSE:0.232763 , MAE:0.176572 , MAPD:0.950281, R_squared:0.999062  
	Validation = MSE:0.049142 , RMSE:0.221681 , MAE:0.157693 , MAPD:0.896177, R_squared:0.999116

2024-03-21 05:15:00,852 Epoch 199/300, Train Loss: 0.050791, Val Loss: 0.058200  
	Train = MSE:0.049606 , RMSE:0.222724 , MAE:0.166693 , MAPD:0.893814, R_squared:0.999141  
	Validation = MSE:0.058200 , RMSE:0.241248 , MAE:0.171177 , MAPD:0.939669, R_squared:0.998953

2024-03-21 05:15:01,968 Epoch 200/300, Train Loss: 0.059026, Val Loss: 0.121891  
	Train = MSE:0.057317 , RMSE:0.239409 , MAE:0.180780 , MAPD:0.954273, R_squared:0.999008  
	Validation = MSE:0.121891 , RMSE:0.349129 , MAE:0.280136 , MAPD:1.370730, R_squared:0.997807

2024-03-21 05:15:03,147 Epoch 201/300, Train Loss: 0.077167, Val Loss: 0.051398  
	Train = MSE:0.079949 , RMSE:0.282752 , MAE:0.217133 , MAPD:1.112485, R_squared:0.998616  
	Validation = MSE:0.051398 , RMSE:0.226711 , MAE:0.162522 , MAPD:0.922678, R_squared:0.999075

2024-03-21 05:15:08,277 Epoch 202/300, Train Loss: 0.053929, Val Loss: 0.048675  
	Train = MSE:0.054161 , RMSE:0.232726 , MAE:0.174368 , MAPD:0.942823, R_squared:0.999062  
	Validation = MSE:0.048675 , RMSE:0.220624 , MAE:0.158889 , MAPD:0.897560, R_squared:0.999124

2024-03-21 05:15:09,839 Epoch 203/300, Train Loss: 0.044081, Val Loss: 0.050178  
	Train = MSE:0.045426 , RMSE:0.213133 , MAE:0.158080 , MAPD:0.865570, R_squared:0.999214  
	Validation = MSE:0.050178 , RMSE:0.224004 , MAE:0.167866 , MAPD:0.930401, R_squared:0.999097

2024-03-21 05:15:11,090 Epoch 204/300, Train Loss: 0.056533, Val Loss: 0.049318  
	Train = MSE:0.055343 , RMSE:0.235252 , MAE:0.178733 , MAPD:0.948890, R_squared:0.999042  
	Validation = MSE:0.049318 , RMSE:0.222076 , MAE:0.157489 , MAPD:0.897000, R_squared:0.999113

2024-03-21 05:15:12,228 Epoch 205/300, Train Loss: 0.047198, Val Loss: 0.054792  
	Train = MSE:0.048202 , RMSE:0.219550 , MAE:0.163155 , MAPD:0.885893, R_squared:0.999166  
	Validation = MSE:0.054792 , RMSE:0.234077 , MAE:0.164434 , MAPD:0.953753, R_squared:0.999014

2024-03-21 05:15:13,349 Epoch 206/300, Train Loss: 0.045068, Val Loss: 0.046194  
	Train = MSE:0.046706 , RMSE:0.216116 , MAE:0.160873 , MAPD:0.882338, R_squared:0.999192  
	Validation = MSE:0.046194 , RMSE:0.214928 , MAE:0.153681 , MAPD:0.874118, R_squared:0.999169

2024-03-21 05:15:14,457 Epoch 207/300, Train Loss: 0.046971, Val Loss: 0.050115  
	Train = MSE:0.046803 , RMSE:0.216339 , MAE:0.161574 , MAPD:0.871235, R_squared:0.999190  
	Validation = MSE:0.050115 , RMSE:0.223863 , MAE:0.153875 , MAPD:0.886095, R_squared:0.999098

2024-03-21 05:15:15,569 Epoch 208/300, Train Loss: 0.045887, Val Loss: 0.050037  
	Train = MSE:0.047586 , RMSE:0.218143 , MAE:0.162937 , MAPD:0.881647, R_squared:0.999176  
	Validation = MSE:0.050037 , RMSE:0.223691 , MAE:0.167251 , MAPD:0.915506, R_squared:0.999100

2024-03-21 05:15:16,701 Epoch 209/300, Train Loss: 0.044867, Val Loss: 0.050044  
	Train = MSE:0.044274 , RMSE:0.210415 , MAE:0.156773 , MAPD:0.859548, R_squared:0.999234  
	Validation = MSE:0.050044 , RMSE:0.223705 , MAE:0.168357 , MAPD:0.921444, R_squared:0.999100

2024-03-21 05:15:18,041 Epoch 210/300, Train Loss: 0.052965, Val Loss: 0.064342  
	Train = MSE:0.053032 , RMSE:0.230287 , MAE:0.173743 , MAPD:0.918101, R_squared:0.999082  
	Validation = MSE:0.064342 , RMSE:0.253658 , MAE:0.198564 , MAPD:1.036601, R_squared:0.998842

2024-03-21 05:15:20,050 Epoch 211/300, Train Loss: 0.049788, Val Loss: 0.059916  
	Train = MSE:0.052254 , RMSE:0.228592 , MAE:0.174468 , MAPD:0.926183, R_squared:0.999095  
	Validation = MSE:0.059916 , RMSE:0.244778 , MAE:0.175843 , MAPD:0.970500, R_squared:0.998922

2024-03-21 05:15:23,993 Epoch 212/300, Train Loss: 0.064572, Val Loss: 0.045342  
	Train = MSE:0.065345 , RMSE:0.255627 , MAE:0.195082 , MAPD:1.004409, R_squared:0.998869  
	Validation = MSE:0.045342 , RMSE:0.212936 , MAE:0.147503 , MAPD:0.846831, R_squared:0.999184

2024-03-21 05:15:25,100 Epoch 213/300, Train Loss: 0.042659, Val Loss: 0.056832  
	Train = MSE:0.043132 , RMSE:0.207682 , MAE:0.153447 , MAPD:0.838934, R_squared:0.999253  
	Validation = MSE:0.056832 , RMSE:0.238395 , MAE:0.169413 , MAPD:0.961559, R_squared:0.998977

2024-03-21 05:15:26,236 Epoch 214/300, Train Loss: 0.045322, Val Loss: 0.056346  
	Train = MSE:0.045930 , RMSE:0.214313 , MAE:0.159370 , MAPD:0.858263, R_squared:0.999205  
	Validation = MSE:0.056346 , RMSE:0.237372 , MAE:0.185436 , MAPD:0.998120, R_squared:0.998986

2024-03-21 05:15:27,426 Epoch 215/300, Train Loss: 0.073679, Val Loss: 0.060840  
	Train = MSE:0.071447 , RMSE:0.267295 , MAE:0.206777 , MAPD:1.057281, R_squared:0.998763  
	Validation = MSE:0.060840 , RMSE:0.246659 , MAE:0.198889 , MAPD:1.090523, R_squared:0.998905

2024-03-21 05:15:28,993 Epoch 216/300, Train Loss: 0.062363, Val Loss: 0.175475  
	Train = MSE:0.059309 , RMSE:0.243535 , MAE:0.188610 , MAPD:0.988228, R_squared:0.998973  
	Validation = MSE:0.175475 , RMSE:0.418897 , MAE:0.337972 , MAPD:1.637252, R_squared:0.996842

2024-03-21 05:15:30,361 Epoch 217/300, Train Loss: 0.097132, Val Loss: 0.099887  
	Train = MSE:0.102264 , RMSE:0.319787 , MAE:0.248546 , MAPD:1.237740, R_squared:0.998230  
	Validation = MSE:0.099887 , RMSE:0.316049 , MAE:0.270098 , MAPD:1.416546, R_squared:0.998203

2024-03-21 05:15:31,475 Epoch 218/300, Train Loss: 0.106559, Val Loss: 0.056240  
	Train = MSE:0.109068 , RMSE:0.330254 , MAE:0.261925 , MAPD:1.306373, R_squared:0.998112  
	Validation = MSE:0.056240 , RMSE:0.237151 , MAE:0.172456 , MAPD:0.929555, R_squared:0.998988

2024-03-21 05:15:32,979 Epoch 219/300, Train Loss: 0.113176, Val Loss: 0.057910  
	Train = MSE:0.109442 , RMSE:0.330820 , MAE:0.263772 , MAPD:1.311559, R_squared:0.998106  
	Validation = MSE:0.057910 , RMSE:0.240646 , MAE:0.174590 , MAPD:0.942925, R_squared:0.998958

2024-03-21 05:15:34,691 Epoch 220/300, Train Loss: 0.073862, Val Loss: 0.091161  
	Train = MSE:0.067777 , RMSE:0.260339 , MAE:0.200768 , MAPD:1.030473, R_squared:0.998827  
	Validation = MSE:0.091161 , RMSE:0.301928 , MAE:0.251669 , MAPD:1.301515, R_squared:0.998360

2024-03-21 05:15:36,320 Epoch 221/300, Train Loss: 0.074902, Val Loss: 0.092124  
	Train = MSE:0.075248 , RMSE:0.274313 , MAE:0.212056 , MAPD:1.084289, R_squared:0.998697  
	Validation = MSE:0.092124 , RMSE:0.303520 , MAE:0.236560 , MAPD:1.234570, R_squared:0.998342

2024-03-21 05:15:41,611 Epoch 222/300, Train Loss: 0.054601, Val Loss: 0.049217  
	Train = MSE:0.054469 , RMSE:0.233386 , MAE:0.178176 , MAPD:0.937745, R_squared:0.999057  
	Validation = MSE:0.049217 , RMSE:0.221849 , MAE:0.170245 , MAPD:0.955299, R_squared:0.999114

2024-03-21 05:15:42,907 Epoch 223/300, Train Loss: 0.047247, Val Loss: 0.046088  
	Train = MSE:0.048732 , RMSE:0.220753 , MAE:0.167206 , MAPD:0.891466, R_squared:0.999156  
	Validation = MSE:0.046088 , RMSE:0.214682 , MAE:0.150467 , MAPD:0.849458, R_squared:0.999171

2024-03-21 05:15:44,070 Epoch 224/300, Train Loss: 0.044995, Val Loss: 0.048285  
	Train = MSE:0.045771 , RMSE:0.213942 , MAE:0.161389 , MAPD:0.868843, R_squared:0.999208  
	Validation = MSE:0.048285 , RMSE:0.219739 , MAE:0.163360 , MAPD:0.891414, R_squared:0.999131

2024-03-21 05:15:45,374 Epoch 225/300, Train Loss: 0.059907, Val Loss: 0.045423  
	Train = MSE:0.058400 , RMSE:0.241662 , MAE:0.184565 , MAPD:0.970869, R_squared:0.998989  
	Validation = MSE:0.045423 , RMSE:0.213126 , MAE:0.153365 , MAPD:0.860342, R_squared:0.999183

2024-03-21 05:15:46,515 Epoch 226/300, Train Loss: 0.040767, Val Loss: 0.043560  
	Train = MSE:0.041441 , RMSE:0.203571 , MAE:0.150614 , MAPD:0.817103, R_squared:0.999283  
	Validation = MSE:0.043560 , RMSE:0.208710 , MAE:0.149682 , MAPD:0.844726, R_squared:0.999216

2024-03-21 05:15:47,630 Epoch 227/300, Train Loss: 0.050334, Val Loss: 0.066259  
	Train = MSE:0.047602 , RMSE:0.218179 , MAE:0.163875 , MAPD:0.871463, R_squared:0.999176  
	Validation = MSE:0.066259 , RMSE:0.257408 , MAE:0.207752 , MAPD:1.091284, R_squared:0.998808

2024-03-21 05:15:48,960 Epoch 228/300, Train Loss: 0.044007, Val Loss: 0.074389  
	Train = MSE:0.045658 , RMSE:0.213676 , MAE:0.161228 , MAPD:0.863602, R_squared:0.999210  
	Validation = MSE:0.074389 , RMSE:0.272744 , MAE:0.207350 , MAPD:1.127624, R_squared:0.998661

2024-03-21 05:15:50,301 Epoch 229/300, Train Loss: 0.057103, Val Loss: 0.043782  
	Train = MSE:0.059136 , RMSE:0.243179 , MAE:0.186840 , MAPD:0.968773, R_squared:0.998976  
	Validation = MSE:0.043782 , RMSE:0.209241 , MAE:0.151610 , MAPD:0.849602, R_squared:0.999212

2024-03-21 05:15:51,861 Epoch 230/300, Train Loss: 0.041781, Val Loss: 0.041195  
	Train = MSE:0.043103 , RMSE:0.207612 , MAE:0.154222 , MAPD:0.823489, R_squared:0.999254  
	Validation = MSE:0.041195 , RMSE:0.202966 , MAE:0.140056 , MAPD:0.804709, R_squared:0.999259

2024-03-21 05:15:53,319 Epoch 231/300, Train Loss: 0.044000, Val Loss: 0.069057  
	Train = MSE:0.042496 , RMSE:0.206146 , MAE:0.154153 , MAPD:0.833697, R_squared:0.999264  
	Validation = MSE:0.069057 , RMSE:0.262787 , MAE:0.211933 , MAPD:1.099872, R_squared:0.998757

2024-03-21 05:15:57,400 Epoch 232/300, Train Loss: 0.053816, Val Loss: 0.043472  
	Train = MSE:0.056130 , RMSE:0.236918 , MAE:0.180458 , MAPD:0.933224, R_squared:0.999028  
	Validation = MSE:0.043472 , RMSE:0.208499 , MAE:0.142994 , MAPD:0.815407, R_squared:0.999218

2024-03-21 05:15:58,844 Epoch 233/300, Train Loss: 0.045137, Val Loss: 0.052554  
	Train = MSE:0.045273 , RMSE:0.212774 , MAE:0.159963 , MAPD:0.849412, R_squared:0.999216  
	Validation = MSE:0.052554 , RMSE:0.229247 , MAE:0.161312 , MAPD:0.908067, R_squared:0.999054

2024-03-21 05:16:00,233 Epoch 234/300, Train Loss: 0.040062, Val Loss: 0.049436  
	Train = MSE:0.041040 , RMSE:0.202583 , MAE:0.149603 , MAPD:0.808026, R_squared:0.999290  
	Validation = MSE:0.049436 , RMSE:0.222342 , MAE:0.156579 , MAPD:0.892880, R_squared:0.999110

2024-03-21 05:16:01,332 Epoch 235/300, Train Loss: 0.040562, Val Loss: 0.046071  
	Train = MSE:0.042082 , RMSE:0.205139 , MAE:0.153246 , MAPD:0.826032, R_squared:0.999272  
	Validation = MSE:0.046071 , RMSE:0.214642 , MAE:0.161650 , MAPD:0.881831, R_squared:0.999171

2024-03-21 05:16:02,442 Epoch 236/300, Train Loss: 0.039253, Val Loss: 0.042662  
	Train = MSE:0.039816 , RMSE:0.199540 , MAE:0.148107 , MAPD:0.801906, R_squared:0.999311  
	Validation = MSE:0.042662 , RMSE:0.206548 , MAE:0.149170 , MAPD:0.830586, R_squared:0.999232

2024-03-21 05:16:03,454 Epoch 237/300, Train Loss: 0.047231, Val Loss: 0.051487  
	Train = MSE:0.049119 , RMSE:0.221629 , MAE:0.165776 , MAPD:0.871475, R_squared:0.999150  
	Validation = MSE:0.051487 , RMSE:0.226907 , MAE:0.175572 , MAPD:0.940128, R_squared:0.999074

2024-03-21 05:16:04,556 Epoch 238/300, Train Loss: 0.046862, Val Loss: 0.061230  
	Train = MSE:0.047060 , RMSE:0.216932 , MAE:0.162667 , MAPD:0.856363, R_squared:0.999185  
	Validation = MSE:0.061230 , RMSE:0.247448 , MAE:0.181107 , MAPD:0.990309, R_squared:0.998898

2024-03-21 05:16:05,683 Epoch 239/300, Train Loss: 0.045344, Val Loss: 0.041515  
	Train = MSE:0.046522 , RMSE:0.215689 , MAE:0.163223 , MAPD:0.859820, R_squared:0.999195  
	Validation = MSE:0.041515 , RMSE:0.203754 , MAE:0.142135 , MAPD:0.814146, R_squared:0.999253

2024-03-21 05:16:06,785 Epoch 240/300, Train Loss: 0.041491, Val Loss: 0.039163  
	Train = MSE:0.042517 , RMSE:0.206196 , MAE:0.154067 , MAPD:0.827429, R_squared:0.999264  
	Validation = MSE:0.039163 , RMSE:0.197897 , MAE:0.138752 , MAPD:0.793219, R_squared:0.999295

2024-03-21 05:16:07,881 Epoch 241/300, Train Loss: 0.043246, Val Loss: 0.040492  
	Train = MSE:0.043323 , RMSE:0.208142 , MAE:0.156823 , MAPD:0.837765, R_squared:0.999250  
	Validation = MSE:0.040492 , RMSE:0.201226 , MAE:0.138790 , MAPD:0.793662, R_squared:0.999271

2024-03-21 05:16:11,421 Epoch 242/300, Train Loss: 0.038245, Val Loss: 0.042701  
	Train = MSE:0.038016 , RMSE:0.194977 , MAE:0.143631 , MAPD:0.782016, R_squared:0.999342  
	Validation = MSE:0.042701 , RMSE:0.206641 , MAE:0.154138 , MAPD:0.892099, R_squared:0.999232

2024-03-21 05:16:12,633 Epoch 243/300, Train Loss: 0.054275, Val Loss: 0.106684  
	Train = MSE:0.049422 , RMSE:0.222311 , MAE:0.169992 , MAPD:0.897400, R_squared:0.999144  
	Validation = MSE:0.106684 , RMSE:0.326625 , MAE:0.280612 , MAPD:1.446197, R_squared:0.998080

2024-03-21 05:16:14,315 Epoch 244/300, Train Loss: 0.061854, Val Loss: 0.042464  
	Train = MSE:0.063598 , RMSE:0.252186 , MAE:0.197604 , MAPD:1.017636, R_squared:0.998899  
	Validation = MSE:0.042464 , RMSE:0.206068 , MAE:0.151712 , MAPD:0.840076, R_squared:0.999236

2024-03-21 05:16:16,084 Epoch 245/300, Train Loss: 0.042966, Val Loss: 0.057496  
	Train = MSE:0.042577 , RMSE:0.206342 , MAE:0.157011 , MAPD:0.836477, R_squared:0.999263  
	Validation = MSE:0.057496 , RMSE:0.239784 , MAE:0.175018 , MAPD:0.959307, R_squared:0.998965

2024-03-21 05:16:17,241 Epoch 246/300, Train Loss: 0.042626, Val Loss: 0.062544  
	Train = MSE:0.042521 , RMSE:0.206207 , MAE:0.153952 , MAPD:0.826584, R_squared:0.999264  
	Validation = MSE:0.062544 , RMSE:0.250089 , MAE:0.185955 , MAPD:0.999279, R_squared:0.998875

2024-03-21 05:16:18,411 Epoch 247/300, Train Loss: 0.052766, Val Loss: 0.155856  
	Train = MSE:0.048255 , RMSE:0.219671 , MAE:0.166755 , MAPD:0.875905, R_squared:0.999165  
	Validation = MSE:0.155856 , RMSE:0.394786 , MAE:0.325818 , MAPD:1.618057, R_squared:0.997196

2024-03-21 05:16:19,984 Epoch 248/300, Train Loss: 0.100459, Val Loss: 0.066491  
	Train = MSE:0.100051 , RMSE:0.316308 , MAE:0.248842 , MAPD:1.223782, R_squared:0.998268  
	Validation = MSE:0.066491 , RMSE:0.257859 , MAE:0.189759 , MAPD:0.979048, R_squared:0.998804

2024-03-21 05:16:21,321 Epoch 249/300, Train Loss: 0.044628, Val Loss: 0.059542  
	Train = MSE:0.044589 , RMSE:0.211161 , MAE:0.160117 , MAPD:0.842571, R_squared:0.999228  
	Validation = MSE:0.059542 , RMSE:0.244013 , MAE:0.199507 , MAPD:1.078346, R_squared:0.998929

2024-03-21 05:16:22,409 Epoch 250/300, Train Loss: 0.053281, Val Loss: 0.073286  
	Train = MSE:0.050575 , RMSE:0.224890 , MAE:0.174744 , MAPD:0.920780, R_squared:0.999125  
	Validation = MSE:0.073286 , RMSE:0.270714 , MAE:0.230457 , MAPD:1.242228, R_squared:0.998681

2024-03-21 05:16:23,549 Epoch 251/300, Train Loss: 0.045975, Val Loss: 0.050003  
	Train = MSE:0.046541 , RMSE:0.215734 , MAE:0.165773 , MAPD:0.882794, R_squared:0.999194  
	Validation = MSE:0.050003 , RMSE:0.223612 , MAE:0.158641 , MAPD:0.850148, R_squared:0.999100

2024-03-21 05:16:28,831 Epoch 252/300, Train Loss: 0.065986, Val Loss: 0.092589  
	Train = MSE:0.062611 , RMSE:0.250221 , MAE:0.196379 , MAPD:1.004134, R_squared:0.998916  
	Validation = MSE:0.092589 , RMSE:0.304285 , MAE:0.232000 , MAPD:1.143715, R_squared:0.998334

2024-03-21 05:16:29,926 Epoch 253/300, Train Loss: 0.055181, Val Loss: 0.046428  
	Train = MSE:0.057560 , RMSE:0.239917 , MAE:0.184132 , MAPD:0.937596, R_squared:0.999004  
	Validation = MSE:0.046428 , RMSE:0.215472 , MAE:0.166234 , MAPD:0.907262, R_squared:0.999165

2024-03-21 05:16:31,026 Epoch 254/300, Train Loss: 0.068663, Val Loss: 0.205529  
	Train = MSE:0.059755 , RMSE:0.244449 , MAE:0.189335 , MAPD:0.968171, R_squared:0.998966  
	Validation = MSE:0.205529 , RMSE:0.453354 , MAE:0.379525 , MAPD:1.836389, R_squared:0.996302

2024-03-21 05:16:32,434 Epoch 255/300, Train Loss: 0.146302, Val Loss: 0.039513  
	Train = MSE:0.147236 , RMSE:0.383714 , MAE:0.309147 , MAPD:1.508795, R_squared:0.997451  
	Validation = MSE:0.039513 , RMSE:0.198778 , MAE:0.141453 , MAPD:0.803526, R_squared:0.999289

2024-03-21 05:16:34,303 Epoch 256/300, Train Loss: 0.134870, Val Loss: 0.420619  
	Train = MSE:0.119069 , RMSE:0.345064 , MAE:0.267235 , MAPD:1.312427, R_squared:0.997939  
	Validation = MSE:0.420619 , RMSE:0.648552 , MAE:0.570607 , MAPD:2.783242, R_squared:0.992431

2024-03-21 05:16:36,124 Epoch 257/300, Train Loss: 0.179909, Val Loss: 0.114810  
	Train = MSE:0.196856 , RMSE:0.443684 , MAE:0.354161 , MAPD:1.716566, R_squared:0.996592  
	Validation = MSE:0.114810 , RMSE:0.338837 , MAE:0.287308 , MAPD:1.459142, R_squared:0.997934

2024-03-21 05:16:37,656 Epoch 258/300, Train Loss: 0.087563, Val Loss: 0.085931  
	Train = MSE:0.093475 , RMSE:0.305738 , MAE:0.245993 , MAPD:1.240447, R_squared:0.998382  
	Validation = MSE:0.085931 , RMSE:0.293140 , MAE:0.229212 , MAPD:1.181537, R_squared:0.998454

2024-03-21 05:16:39,007 Epoch 259/300, Train Loss: 0.065771, Val Loss: 0.073633  
	Train = MSE:0.070447 , RMSE:0.265418 , MAE:0.209119 , MAPD:1.078722, R_squared:0.998781  
	Validation = MSE:0.073633 , RMSE:0.271354 , MAE:0.220534 , MAPD:1.139344, R_squared:0.998675

2024-03-21 05:16:40,069 Epoch 260/300, Train Loss: 0.054604, Val Loss: 0.080491  
	Train = MSE:0.057902 , RMSE:0.240628 , MAE:0.189572 , MAPD:0.983383, R_squared:0.998998  
	Validation = MSE:0.080491 , RMSE:0.283710 , MAE:0.224220 , MAPD:1.194999, R_squared:0.998552

2024-03-21 05:16:41,135 Epoch 261/300, Train Loss: 0.048272, Val Loss: 0.045072  
	Train = MSE:0.050848 , RMSE:0.225494 , MAE:0.172492 , MAPD:0.901140, R_squared:0.999120  
	Validation = MSE:0.045072 , RMSE:0.212301 , MAE:0.161133 , MAPD:0.880556, R_squared:0.999189

2024-03-21 05:16:45,013 Epoch 262/300, Train Loss: 0.040417, Val Loss: 0.041590  
	Train = MSE:0.040277 , RMSE:0.200692 , MAE:0.150693 , MAPD:0.815779, R_squared:0.999303  
	Validation = MSE:0.041590 , RMSE:0.203937 , MAE:0.141654 , MAPD:0.790982, R_squared:0.999252

2024-03-21 05:16:46,450 Epoch 263/300, Train Loss: 0.036154, Val Loss: 0.042389  
	Train = MSE:0.036504 , RMSE:0.191059 , MAE:0.139758 , MAPD:0.756273, R_squared:0.999368  
	Validation = MSE:0.042389 , RMSE:0.205885 , MAE:0.144096 , MAPD:0.801876, R_squared:0.999237

2024-03-21 05:16:47,888 Epoch 264/300, Train Loss: 0.034766, Val Loss: 0.039437  
	Train = MSE:0.035699 , RMSE:0.188941 , MAE:0.139421 , MAPD:0.759213, R_squared:0.999382  
	Validation = MSE:0.039437 , RMSE:0.198588 , MAE:0.146444 , MAPD:0.832414, R_squared:0.999290

2024-03-21 05:16:48,991 Epoch 265/300, Train Loss: 0.033606, Val Loss: 0.048558  
	Train = MSE:0.034529 , RMSE:0.185820 , MAE:0.137652 , MAPD:0.750784, R_squared:0.999402  
	Validation = MSE:0.048558 , RMSE:0.220358 , MAE:0.156428 , MAPD:0.863479, R_squared:0.999126

2024-03-21 05:16:50,076 Epoch 266/300, Train Loss: 0.039447, Val Loss: 0.039206  
	Train = MSE:0.039603 , RMSE:0.199005 , MAE:0.149918 , MAPD:0.803325, R_squared:0.999314  
	Validation = MSE:0.039206 , RMSE:0.198005 , MAE:0.145335 , MAPD:0.833329, R_squared:0.999295

2024-03-21 05:16:51,198 Epoch 267/300, Train Loss: 0.037597, Val Loss: 0.039307  
	Train = MSE:0.038920 , RMSE:0.197282 , MAE:0.147542 , MAPD:0.790446, R_squared:0.999326  
	Validation = MSE:0.039307 , RMSE:0.198260 , MAE:0.146016 , MAPD:0.821388, R_squared:0.999293

2024-03-21 05:16:52,290 Epoch 268/300, Train Loss: 0.035546, Val Loss: 0.049374  
	Train = MSE:0.034444 , RMSE:0.185590 , MAE:0.136420 , MAPD:0.743223, R_squared:0.999404  
	Validation = MSE:0.049374 , RMSE:0.222204 , MAE:0.158088 , MAPD:0.867025, R_squared:0.999112

2024-03-21 05:16:53,378 Epoch 269/300, Train Loss: 0.036285, Val Loss: 0.044391  
	Train = MSE:0.036542 , RMSE:0.191159 , MAE:0.142198 , MAPD:0.760060, R_squared:0.999367  
	Validation = MSE:0.044391 , RMSE:0.210691 , MAE:0.162853 , MAPD:0.888278, R_squared:0.999201

2024-03-21 05:16:55,288 Epoch 270/300, Train Loss: 0.044478, Val Loss: 0.047580  
	Train = MSE:0.044024 , RMSE:0.209818 , MAE:0.160429 , MAPD:0.837656, R_squared:0.999238  
	Validation = MSE:0.047580 , RMSE:0.218127 , MAE:0.169192 , MAPD:0.909265, R_squared:0.999144

2024-03-21 05:16:57,124 Epoch 271/300, Train Loss: 0.033241, Val Loss: 0.037800  
	Train = MSE:0.033566 , RMSE:0.183211 , MAE:0.134977 , MAPD:0.738444, R_squared:0.999419  
	Validation = MSE:0.037800 , RMSE:0.194423 , MAE:0.134841 , MAPD:0.769347, R_squared:0.999320

2024-03-21 05:17:00,797 Epoch 272/300, Train Loss: 0.040150, Val Loss: 0.076339  
	Train = MSE:0.042111 , RMSE:0.205210 , MAE:0.154372 , MAPD:0.821251, R_squared:0.999271  
	Validation = MSE:0.076339 , RMSE:0.276294 , MAE:0.215585 , MAPD:1.135934, R_squared:0.998626

2024-03-21 05:17:02,382 Epoch 273/300, Train Loss: 0.084487, Val Loss: 0.044717  
	Train = MSE:0.084413 , RMSE:0.290540 , MAE:0.229807 , MAPD:1.143086, R_squared:0.998539  
	Validation = MSE:0.044717 , RMSE:0.211465 , MAE:0.148194 , MAPD:0.834958, R_squared:0.999195

2024-03-21 05:17:04,150 Epoch 274/300, Train Loss: 0.049731, Val Loss: 0.050146  
	Train = MSE:0.047469 , RMSE:0.217873 , MAE:0.166553 , MAPD:0.871630, R_squared:0.999178  
	Validation = MSE:0.050146 , RMSE:0.223933 , MAE:0.179803 , MAPD:1.009008, R_squared:0.999098

2024-03-21 05:17:05,358 Epoch 275/300, Train Loss: 0.043524, Val Loss: 0.052503  
	Train = MSE:0.043831 , RMSE:0.209359 , MAE:0.160964 , MAPD:0.852992, R_squared:0.999241  
	Validation = MSE:0.052503 , RMSE:0.229135 , MAE:0.163683 , MAPD:0.861736, R_squared:0.999055

2024-03-21 05:17:06,616 Epoch 276/300, Train Loss: 0.039843, Val Loss: 0.039024  
	Train = MSE:0.041034 , RMSE:0.202567 , MAE:0.153155 , MAPD:0.819480, R_squared:0.999290  
	Validation = MSE:0.039024 , RMSE:0.197544 , MAE:0.145629 , MAPD:0.839610, R_squared:0.999298

2024-03-21 05:17:08,528 Epoch 277/300, Train Loss: 0.033508, Val Loss: 0.036695  
	Train = MSE:0.033606 , RMSE:0.183318 , MAE:0.136666 , MAPD:0.743038, R_squared:0.999418  
	Validation = MSE:0.036695 , RMSE:0.191559 , MAE:0.135638 , MAPD:0.770353, R_squared:0.999340

2024-03-21 05:17:09,916 Epoch 278/300, Train Loss: 0.036011, Val Loss: 0.054622  
	Train = MSE:0.034470 , RMSE:0.185662 , MAE:0.139459 , MAPD:0.752541, R_squared:0.999403  
	Validation = MSE:0.054622 , RMSE:0.233714 , MAE:0.184584 , MAPD:0.966654, R_squared:0.999017

2024-03-21 05:17:11,098 Epoch 279/300, Train Loss: 0.038802, Val Loss: 0.069800  
	Train = MSE:0.039606 , RMSE:0.199012 , MAE:0.150822 , MAPD:0.795697, R_squared:0.999314  
	Validation = MSE:0.069801 , RMSE:0.264198 , MAE:0.206315 , MAPD:1.124713, R_squared:0.998744

2024-03-21 05:17:12,311 Epoch 280/300, Train Loss: 0.049373, Val Loss: 0.060482  
	Train = MSE:0.048793 , RMSE:0.220890 , MAE:0.170250 , MAPD:0.883397, R_squared:0.999155  
	Validation = MSE:0.060482 , RMSE:0.245930 , MAE:0.185871 , MAPD:1.011811, R_squared:0.998912

2024-03-21 05:17:13,558 Epoch 281/300, Train Loss: 0.039766, Val Loss: 0.036043  
	Train = MSE:0.040298 , RMSE:0.200744 , MAE:0.151607 , MAPD:0.805339, R_squared:0.999302  
	Validation = MSE:0.036043 , RMSE:0.189851 , MAE:0.133313 , MAPD:0.756917, R_squared:0.999351

2024-03-21 05:17:19,584 Epoch 282/300, Train Loss: 0.041049, Val Loss: 0.083386  
	Train = MSE:0.040804 , RMSE:0.202000 , MAE:0.153554 , MAPD:0.812732, R_squared:0.999294  
	Validation = MSE:0.083386 , RMSE:0.288766 , MAE:0.233224 , MAPD:1.162957, R_squared:0.998500

2024-03-21 05:17:21,101 Epoch 283/300, Train Loss: 0.070238, Val Loss: 0.060129  
	Train = MSE:0.070699 , RMSE:0.265893 , MAE:0.210519 , MAPD:1.058747, R_squared:0.998776  
	Validation = MSE:0.060129 , RMSE:0.245212 , MAE:0.191440 , MAPD:0.974807, R_squared:0.998918

2024-03-21 05:17:22,232 Epoch 284/300, Train Loss: 0.052507, Val Loss: 0.156392  
	Train = MSE:0.049540 , RMSE:0.222575 , MAE:0.171274 , MAPD:0.886571, R_squared:0.999142  
	Validation = MSE:0.156392 , RMSE:0.395464 , MAE:0.330669 , MAPD:1.635165, R_squared:0.997186

2024-03-21 05:17:23,331 Epoch 285/300, Train Loss: 0.103429, Val Loss: 0.041501  
	Train = MSE:0.104958 , RMSE:0.323972 , MAE:0.260256 , MAPD:1.279859, R_squared:0.998183  
	Validation = MSE:0.041501 , RMSE:0.203718 , MAE:0.141528 , MAPD:0.781428, R_squared:0.999253

2024-03-21 05:17:24,439 Epoch 286/300, Train Loss: 0.053281, Val Loss: 0.071181  
	Train = MSE:0.051611 , RMSE:0.227180 , MAE:0.175864 , MAPD:0.906794, R_squared:0.999107  
	Validation = MSE:0.071181 , RMSE:0.266797 , MAE:0.224011 , MAPD:1.197694, R_squared:0.998719

2024-03-21 05:17:25,561 Epoch 287/300, Train Loss: 0.067009, Val Loss: 0.058268  
	Train = MSE:0.070995 , RMSE:0.266448 , MAE:0.210686 , MAPD:1.062861, R_squared:0.998771  
	Validation = MSE:0.058268 , RMSE:0.241388 , MAE:0.178833 , MAPD:0.939725, R_squared:0.998952

2024-03-21 05:17:26,581 Epoch 288/300, Train Loss: 0.085106, Val Loss: 0.073964  
	Train = MSE:0.081953 , RMSE:0.286274 , MAE:0.230985 , MAPD:1.164040, R_squared:0.998581  
	Validation = MSE:0.073964 , RMSE:0.271963 , MAE:0.212986 , MAPD:1.120238, R_squared:0.998669

2024-03-21 05:17:27,658 Epoch 289/300, Train Loss: 0.048629, Val Loss: 0.048153  
	Train = MSE:0.050856 , RMSE:0.225514 , MAE:0.174733 , MAPD:0.910937, R_squared:0.999120  
	Validation = MSE:0.048153 , RMSE:0.219438 , MAE:0.169841 , MAPD:0.895946, R_squared:0.999134

2024-03-21 05:17:28,761 Epoch 290/300, Train Loss: 0.039832, Val Loss: 0.035334  
	Train = MSE:0.039197 , RMSE:0.197982 , MAE:0.150692 , MAPD:0.798247, R_squared:0.999321  
	Validation = MSE:0.035334 , RMSE:0.187973 , MAE:0.131014 , MAPD:0.755502, R_squared:0.999364

2024-03-21 05:17:29,854 Epoch 291/300, Train Loss: 0.036547, Val Loss: 0.037332  
	Train = MSE:0.036677 , RMSE:0.191512 , MAE:0.143525 , MAPD:0.770135, R_squared:0.999365  
	Validation = MSE:0.037332 , RMSE:0.193214 , MAE:0.139721 , MAPD:0.779953, R_squared:0.999328

2024-03-21 05:17:33,559 Epoch 292/300, Train Loss: 0.039323, Val Loss: 0.047917  
	Train = MSE:0.038757 , RMSE:0.196867 , MAE:0.149924 , MAPD:0.801058, R_squared:0.999329  
	Validation = MSE:0.047917 , RMSE:0.218899 , MAE:0.166267 , MAPD:0.868652, R_squared:0.999138

2024-03-21 05:17:34,630 Epoch 293/300, Train Loss: 0.038209, Val Loss: 0.043541  
	Train = MSE:0.038084 , RMSE:0.195152 , MAE:0.148595 , MAPD:0.787936, R_squared:0.999341  
	Validation = MSE:0.043541 , RMSE:0.208665 , MAE:0.146769 , MAPD:0.818211, R_squared:0.999217

2024-03-21 05:17:35,721 Epoch 294/300, Train Loss: 0.034429, Val Loss: 0.035230  
	Train = MSE:0.035032 , RMSE:0.187169 , MAE:0.140357 , MAPD:0.751630, R_squared:0.999394  
	Validation = MSE:0.035230 , RMSE:0.187697 , MAE:0.129941 , MAPD:0.741671, R_squared:0.999366

2024-03-21 05:17:36,788 Epoch 295/300, Train Loss: 0.032657, Val Loss: 0.048100  
	Train = MSE:0.032701 , RMSE:0.180834 , MAE:0.133918 , MAPD:0.720441, R_squared:0.999434  
	Validation = MSE:0.048100 , RMSE:0.219318 , MAE:0.157262 , MAPD:0.838650, R_squared:0.999134

2024-03-21 05:17:38,226 Epoch 296/300, Train Loss: 0.043145, Val Loss: 0.063683  
	Train = MSE:0.042808 , RMSE:0.206901 , MAE:0.157284 , MAPD:0.816124, R_squared:0.999259  
	Validation = MSE:0.063683 , RMSE:0.252355 , MAE:0.192058 , MAPD:1.004331, R_squared:0.998854

2024-03-21 05:17:39,723 Epoch 297/300, Train Loss: 0.053248, Val Loss: 0.037694  
	Train = MSE:0.052038 , RMSE:0.228119 , MAE:0.177637 , MAPD:0.916043, R_squared:0.999099  
	Validation = MSE:0.037694 , RMSE:0.194149 , MAE:0.134246 , MAPD:0.761372, R_squared:0.999322

2024-03-21 05:17:41,175 Epoch 298/300, Train Loss: 0.041804, Val Loss: 0.058442  
	Train = MSE:0.039122 , RMSE:0.197793 , MAE:0.150811 , MAPD:0.799729, R_squared:0.999323  
	Validation = MSE:0.058442 , RMSE:0.241748 , MAE:0.196222 , MAPD:1.028976, R_squared:0.998948

2024-03-21 05:17:43,051 Epoch 299/300, Train Loss: 0.035520, Val Loss: 0.047539  
	Train = MSE:0.036191 , RMSE:0.190238 , MAE:0.143315 , MAPD:0.764644, R_squared:0.999374  
	Validation = MSE:0.047539 , RMSE:0.218034 , MAE:0.157553 , MAPD:0.858984, R_squared:0.999145

2024-03-21 05:17:44,278 Epoch 300/300, Train Loss: 0.034134, Val Loss: 0.035516  
	Train = MSE:0.034630 , RMSE:0.186092 , MAE:0.138786 , MAPD:0.739359, R_squared:0.999401  
	Validation = MSE:0.035516 , RMSE:0.188456 , MAE:0.135317 , MAPD:0.782981, R_squared:0.999361

2024-03-21 05:17:44,284 Time for training the model: 559.380002
2024-03-21 05:17:45,780 MSE for train: 0.029876
2024-03-21 05:17:45,780 RMSE for train: 0.172846
2024-03-21 05:17:45,780 MAE for train: 0.130474
2024-03-21 05:17:45,780 MAPD for train: 0.731285
2024-03-21 05:17:45,780 R^2 Score for train: 0.999483
2024-03-21 05:17:45,785 Inference time for train dataset: 0.431000

2024-03-21 05:17:45,888 MSE for val: 0.035516
2024-03-21 05:17:45,888 RMSE for val: 0.188456
2024-03-21 05:17:45,888 MAE for val: 0.135317
2024-03-21 05:17:45,888 MAPD for val: 0.782981
2024-03-21 05:17:45,888 R^2 Score for val: 0.999361
2024-03-21 05:17:45,893 Inference time for val dataset: 0.103002

2024-03-21 05:17:45,982 MSE for test: 0.039436
2024-03-21 05:17:45,982 RMSE for test: 0.198585
2024-03-21 05:17:45,982 MAE for test: 0.139031
2024-03-21 05:17:45,982 MAPD for test: 0.763361
2024-03-21 05:17:45,982 R^2 Score for test: 0.999349
2024-03-21 05:17:45,988 Inference time for test dataset: 0.089000

2024-03-21 05:17:49,293 Train label average: , [20.62097221]
2024-03-21 05:17:49,293 Test label average: , [21.41736175]
2024-03-21 05:17:49,293 validation label average: , [20.14607025]
2024-03-21 05:17:49,293 predicted (on validation dataset) values average: , 21.44447265625
