2024-03-21 04:07:59,462 train batches in dataset: 3199
2024-03-21 04:07:59,462 val batches in dataset: 400
2024-03-21 04:07:59,463 test batches in dataset: 400
2024-03-21 04:07:59,479 Trainable parameter: net_core.0.weight - size: torch.Size([256, 35])
2024-03-21 04:07:59,484 Trainable parameter: net_core.0.bias - size: torch.Size([256])
2024-03-21 04:07:59,489 Trainable parameter: net_core.1.weight - size: torch.Size([128, 256])
2024-03-21 04:07:59,501 Trainable parameter: net_core.1.bias - size: torch.Size([128])
2024-03-21 04:07:59,509 Trainable parameter: net_core.2.weight - size: torch.Size([64, 128])
2024-03-21 04:07:59,516 Trainable parameter: net_core.2.bias - size: torch.Size([64])
2024-03-21 04:07:59,524 Trainable parameter: net_core.3.weight - size: torch.Size([16, 64])
2024-03-21 04:07:59,525 Trainable parameter: net_core.3.bias - size: torch.Size([16])
2024-03-21 04:07:59,525 Trainable parameter: net_core.4.weight - size: torch.Size([1, 16])
2024-03-21 04:07:59,525 Trainable parameter: net_core.4.bias - size: torch.Size([1])
2024-03-21 04:07:59,526 Number of trainable parameters: 51425
2024-03-21 04:07:59,526 Number of non-trainable parameters: 0
2024-03-21 04:08:19,748 Epoch 1/300, Train Loss: 4.349867, Val Loss: 0.256516  
	Train = MSE:4.349867 , RMSE:2.085634 , MAE:1.172761 , MAPD:6.033141, R_squared:0.924703  
	Validation = MSE:0.256516 , RMSE:0.506474 , MAE:0.422082 , MAPD:2.479474, R_squared:0.995384

2024-03-21 04:08:38,707 Epoch 2/300, Train Loss: 1.104117, Val Loss: 0.170906  
	Train = MSE:1.104118 , RMSE:1.050770 , MAE:0.740489 , MAPD:3.823574, R_squared:0.980888  
	Validation = MSE:0.170906 , RMSE:0.413408 , MAE:0.273026 , MAPD:1.528701, R_squared:0.996925

2024-03-21 04:08:57,122 Epoch 3/300, Train Loss: 0.537066, Val Loss: 0.595502  
	Train = MSE:0.537066 , RMSE:0.732848 , MAE:0.538821 , MAPD:2.780404, R_squared:0.990703  
	Validation = MSE:0.595502 , RMSE:0.771688 , MAE:0.623179 , MAPD:3.528387, R_squared:0.989285

2024-03-21 04:09:14,459 Epoch 4/300, Train Loss: 0.491524, Val Loss: 0.355306  
	Train = MSE:0.491524 , RMSE:0.701088 , MAE:0.523039 , MAPD:2.684116, R_squared:0.991492  
	Validation = MSE:0.355306 , RMSE:0.596075 , MAE:0.531181 , MAPD:2.933707, R_squared:0.993607

2024-03-21 04:09:31,285 Epoch 5/300, Train Loss: 0.449746, Val Loss: 0.115300  
	Train = MSE:0.449746 , RMSE:0.670631 , MAE:0.485749 , MAPD:2.501419, R_squared:0.992215  
	Validation = MSE:0.115300 , RMSE:0.339559 , MAE:0.261329 , MAPD:1.476444, R_squared:0.997925

2024-03-21 04:09:50,115 Epoch 6/300, Train Loss: 0.318007, Val Loss: 0.189257  
	Train = MSE:0.318007 , RMSE:0.563921 , MAE:0.414024 , MAPD:2.133549, R_squared:0.994495  
	Validation = MSE:0.189257 , RMSE:0.435036 , MAE:0.375494 , MAPD:2.157121, R_squared:0.996595

2024-03-21 04:10:07,366 Epoch 7/300, Train Loss: 0.318331, Val Loss: 0.495513  
	Train = MSE:0.318331 , RMSE:0.564208 , MAE:0.405784 , MAPD:2.077663, R_squared:0.994490  
	Validation = MSE:0.495513 , RMSE:0.703927 , MAE:0.619593 , MAPD:3.092859, R_squared:0.991084

2024-03-21 04:10:25,293 Epoch 8/300, Train Loss: 0.349962, Val Loss: 0.320425  
	Train = MSE:0.349962 , RMSE:0.591576 , MAE:0.421714 , MAPD:2.159350, R_squared:0.993942  
	Validation = MSE:0.320425 , RMSE:0.566061 , MAE:0.424418 , MAPD:1.889782, R_squared:0.994234

2024-03-21 04:10:45,840 Epoch 9/300, Train Loss: 0.252484, Val Loss: 0.106872  
	Train = MSE:0.252484 , RMSE:0.502478 , MAE:0.363946 , MAPD:1.869309, R_squared:0.995629  
	Validation = MSE:0.106872 , RMSE:0.326913 , MAE:0.248867 , MAPD:1.449442, R_squared:0.998077

2024-03-21 04:11:01,975 Epoch 10/300, Train Loss: 0.263403, Val Loss: 0.345295  
	Train = MSE:0.263403 , RMSE:0.513228 , MAE:0.359163 , MAPD:1.845925, R_squared:0.995440  
	Validation = MSE:0.345295 , RMSE:0.587618 , MAE:0.475272 , MAPD:2.232862, R_squared:0.993787

2024-03-21 04:11:19,027 Epoch 11/300, Train Loss: 0.208111, Val Loss: 0.146640  
	Train = MSE:0.208111 , RMSE:0.456192 , MAE:0.334014 , MAPD:1.712102, R_squared:0.996398  
	Validation = MSE:0.146640 , RMSE:0.382936 , MAE:0.333032 , MAPD:1.825005, R_squared:0.997361

2024-03-21 04:11:39,211 Epoch 12/300, Train Loss: 0.220408, Val Loss: 0.075584  
	Train = MSE:0.220408 , RMSE:0.469477 , MAE:0.350933 , MAPD:1.793216, R_squared:0.996185  
	Validation = MSE:0.075584 , RMSE:0.274925 , MAE:0.218757 , MAPD:1.166065, R_squared:0.998640

2024-03-21 04:11:55,809 Epoch 13/300, Train Loss: 0.186069, Val Loss: 0.057205  
	Train = MSE:0.186069 , RMSE:0.431358 , MAE:0.321630 , MAPD:1.645284, R_squared:0.996779  
	Validation = MSE:0.057205 , RMSE:0.239175 , MAE:0.167293 , MAPD:0.885998, R_squared:0.998971

2024-03-21 04:12:14,730 Epoch 14/300, Train Loss: 0.193854, Val Loss: 0.075820  
	Train = MSE:0.193854 , RMSE:0.440289 , MAE:0.323286 , MAPD:1.666815, R_squared:0.996644  
	Validation = MSE:0.075820 , RMSE:0.275355 , MAE:0.210200 , MAPD:1.139043, R_squared:0.998636

2024-03-21 04:12:30,777 Epoch 15/300, Train Loss: 0.205489, Val Loss: 0.045520  
	Train = MSE:0.205489 , RMSE:0.453309 , MAE:0.326037 , MAPD:1.669827, R_squared:0.996443  
	Validation = MSE:0.045520 , RMSE:0.213355 , MAE:0.147337 , MAPD:0.813975, R_squared:0.999181

2024-03-21 04:12:47,447 Epoch 16/300, Train Loss: 0.173876, Val Loss: 0.399831  
	Train = MSE:0.173876 , RMSE:0.416985 , MAE:0.308403 , MAPD:1.569576, R_squared:0.996990  
	Validation = MSE:0.399831 , RMSE:0.632322 , MAE:0.525776 , MAPD:2.495677, R_squared:0.992805

2024-03-21 04:13:04,717 Epoch 17/300, Train Loss: 0.180919, Val Loss: 0.107508  
	Train = MSE:0.180919 , RMSE:0.425346 , MAE:0.313896 , MAPD:1.602883, R_squared:0.996868  
	Validation = MSE:0.107508 , RMSE:0.327883 , MAE:0.287346 , MAPD:1.652245, R_squared:0.998066

2024-03-21 04:13:21,199 Epoch 18/300, Train Loss: 0.194491, Val Loss: 0.048626  
	Train = MSE:0.194491 , RMSE:0.441011 , MAE:0.317123 , MAPD:1.618948, R_squared:0.996633  
	Validation = MSE:0.048626 , RMSE:0.220513 , MAE:0.156110 , MAPD:0.818217, R_squared:0.999125

2024-03-21 04:13:38,464 Epoch 19/300, Train Loss: 0.150784, Val Loss: 0.094611  
	Train = MSE:0.150784 , RMSE:0.388309 , MAE:0.292676 , MAPD:1.486357, R_squared:0.997390  
	Validation = MSE:0.094611 , RMSE:0.307589 , MAE:0.261962 , MAPD:1.619760, R_squared:0.998298

2024-03-21 04:13:56,928 Epoch 20/300, Train Loss: 0.150079, Val Loss: 0.117082  
	Train = MSE:0.150079 , RMSE:0.387400 , MAE:0.279137 , MAPD:1.402331, R_squared:0.997402  
	Validation = MSE:0.117082 , RMSE:0.342172 , MAE:0.279922 , MAPD:1.372393, R_squared:0.997893

2024-03-21 04:14:13,942 Epoch 21/300, Train Loss: 0.153792, Val Loss: 0.046289  
	Train = MSE:0.153792 , RMSE:0.392163 , MAE:0.289929 , MAPD:1.465445, R_squared:0.997338  
	Validation = MSE:0.046289 , RMSE:0.215149 , MAE:0.158036 , MAPD:0.825661, R_squared:0.999167

2024-03-21 04:14:36,229 Epoch 22/300, Train Loss: 0.170292, Val Loss: 0.097991  
	Train = MSE:0.170292 , RMSE:0.412664 , MAE:0.301670 , MAPD:1.523363, R_squared:0.997052  
	Validation = MSE:0.097991 , RMSE:0.313035 , MAE:0.213497 , MAPD:0.964746, R_squared:0.998237

2024-03-21 04:14:52,994 Epoch 23/300, Train Loss: 0.151346, Val Loss: 0.045881  
	Train = MSE:0.151346 , RMSE:0.389032 , MAE:0.289617 , MAPD:1.475382, R_squared:0.997380  
	Validation = MSE:0.045881 , RMSE:0.214198 , MAE:0.151097 , MAPD:0.797319, R_squared:0.999174

2024-03-21 04:15:09,369 Epoch 24/300, Train Loss: 0.160640, Val Loss: 0.055091  
	Train = MSE:0.160640 , RMSE:0.400800 , MAE:0.280255 , MAPD:1.428756, R_squared:0.997219  
	Validation = MSE:0.055091 , RMSE:0.234714 , MAE:0.179109 , MAPD:1.047013, R_squared:0.999009

2024-03-21 04:15:29,509 Epoch 25/300, Train Loss: 0.129275, Val Loss: 0.112061  
	Train = MSE:0.129275 , RMSE:0.359549 , MAE:0.268988 , MAPD:1.370903, R_squared:0.997762  
	Validation = MSE:0.112061 , RMSE:0.334756 , MAE:0.274569 , MAPD:1.539797, R_squared:0.997984

2024-03-21 04:15:46,675 Epoch 26/300, Train Loss: 0.143337, Val Loss: 0.233254  
	Train = MSE:0.143337 , RMSE:0.378599 , MAE:0.277593 , MAPD:1.410174, R_squared:0.997519  
	Validation = MSE:0.233254 , RMSE:0.482964 , MAE:0.416125 , MAPD:2.430216, R_squared:0.995803

2024-03-21 04:16:04,186 Epoch 27/300, Train Loss: 0.137371, Val Loss: 0.033737  
	Train = MSE:0.137371 , RMSE:0.370636 , MAE:0.266231 , MAPD:1.368439, R_squared:0.997622  
	Validation = MSE:0.033737 , RMSE:0.183676 , MAE:0.127251 , MAPD:0.700966, R_squared:0.999393

2024-03-21 04:16:21,430 Epoch 28/300, Train Loss: 0.169850, Val Loss: 0.047371  
	Train = MSE:0.169850 , RMSE:0.412129 , MAE:0.280550 , MAPD:1.447903, R_squared:0.997060  
	Validation = MSE:0.047371 , RMSE:0.217650 , MAE:0.163112 , MAPD:0.836873, R_squared:0.999148

2024-03-21 04:16:39,389 Epoch 29/300, Train Loss: 0.136924, Val Loss: 0.119258  
	Train = MSE:0.136924 , RMSE:0.370032 , MAE:0.269336 , MAPD:1.372784, R_squared:0.997630  
	Validation = MSE:0.119258 , RMSE:0.345337 , MAE:0.274600 , MAPD:1.494521, R_squared:0.997854

2024-03-21 04:16:57,828 Epoch 30/300, Train Loss: 0.120142, Val Loss: 0.097927  
	Train = MSE:0.120142 , RMSE:0.346615 , MAE:0.252870 , MAPD:1.305261, R_squared:0.997920  
	Validation = MSE:0.097927 , RMSE:0.312932 , MAE:0.256154 , MAPD:1.520511, R_squared:0.998238

2024-03-21 04:17:16,270 Epoch 31/300, Train Loss: 0.176285, Val Loss: 0.256087  
	Train = MSE:0.176285 , RMSE:0.419863 , MAE:0.279912 , MAPD:1.406371, R_squared:0.996948  
	Validation = MSE:0.256087 , RMSE:0.506050 , MAE:0.455152 , MAPD:2.279465, R_squared:0.995392

2024-03-21 04:17:37,891 Epoch 32/300, Train Loss: 0.140910, Val Loss: 0.111328  
	Train = MSE:0.140910 , RMSE:0.375380 , MAE:0.267308 , MAPD:1.376373, R_squared:0.997561  
	Validation = MSE:0.111328 , RMSE:0.333658 , MAE:0.289856 , MAPD:1.558601, R_squared:0.997997

2024-03-21 04:17:55,560 Epoch 33/300, Train Loss: 0.128535, Val Loss: 0.726385  
	Train = MSE:0.128535 , RMSE:0.358518 , MAE:0.258080 , MAPD:1.323937, R_squared:0.997775  
	Validation = MSE:0.726385 , RMSE:0.852282 , MAE:0.815498 , MAPD:4.303169, R_squared:0.986929

2024-03-21 04:18:13,646 Epoch 34/300, Train Loss: 0.190405, Val Loss: 0.138700  
	Train = MSE:0.190405 , RMSE:0.436354 , MAE:0.291963 , MAPD:1.489646, R_squared:0.996704  
	Validation = MSE:0.138700 , RMSE:0.372425 , MAE:0.295257 , MAPD:1.782885, R_squared:0.997504

2024-03-21 04:18:31,026 Epoch 35/300, Train Loss: 0.113768, Val Loss: 0.055008  
	Train = MSE:0.113768 , RMSE:0.337295 , MAE:0.245352 , MAPD:1.243641, R_squared:0.998031  
	Validation = MSE:0.055008 , RMSE:0.234537 , MAE:0.194682 , MAPD:1.056597, R_squared:0.999010

2024-03-21 04:18:49,002 Epoch 36/300, Train Loss: 0.146306, Val Loss: 0.548833  
	Train = MSE:0.146306 , RMSE:0.382499 , MAE:0.252602 , MAPD:1.291596, R_squared:0.997467  
	Validation = MSE:0.548833 , RMSE:0.740833 , MAE:0.633996 , MAPD:2.986779, R_squared:0.990124

2024-03-21 04:19:06,604 Epoch 37/300, Train Loss: 0.141224, Val Loss: 0.201342  
	Train = MSE:0.141224 , RMSE:0.375798 , MAE:0.268096 , MAPD:1.362773, R_squared:0.997555  
	Validation = MSE:0.201342 , RMSE:0.448711 , MAE:0.344213 , MAPD:1.677958, R_squared:0.996377

2024-03-21 04:19:25,342 Epoch 38/300, Train Loss: 0.173000, Val Loss: 0.076848  
	Train = MSE:0.173000 , RMSE:0.415932 , MAE:0.281283 , MAPD:1.433587, R_squared:0.997005  
	Validation = MSE:0.076848 , RMSE:0.277214 , MAE:0.216214 , MAPD:1.184516, R_squared:0.998617

2024-03-21 04:19:43,660 Epoch 39/300, Train Loss: 0.160564, Val Loss: 0.197150  
	Train = MSE:0.160564 , RMSE:0.400704 , MAE:0.262931 , MAPD:1.366614, R_squared:0.997221  
	Validation = MSE:0.197150 , RMSE:0.444016 , MAE:0.325316 , MAPD:1.421525, R_squared:0.996452

2024-03-21 04:20:01,927 Epoch 40/300, Train Loss: 0.146447, Val Loss: 0.081229  
	Train = MSE:0.146447 , RMSE:0.382684 , MAE:0.266094 , MAPD:1.364637, R_squared:0.997465  
	Validation = MSE:0.081229 , RMSE:0.285008 , MAE:0.226639 , MAPD:1.211998, R_squared:0.998538

2024-03-21 04:20:20,072 Epoch 41/300, Train Loss: 0.141354, Val Loss: 0.058526  
	Train = MSE:0.141354 , RMSE:0.375970 , MAE:0.264695 , MAPD:1.372311, R_squared:0.997553  
	Validation = MSE:0.058526 , RMSE:0.241922 , MAE:0.174131 , MAPD:0.907789, R_squared:0.998947

2024-03-21 04:20:42,124 Epoch 42/300, Train Loss: 0.128810, Val Loss: 0.049752  
	Train = MSE:0.128810 , RMSE:0.358901 , MAE:0.258755 , MAPD:1.330454, R_squared:0.997770  
	Validation = MSE:0.049752 , RMSE:0.223053 , MAE:0.160926 , MAPD:0.922073, R_squared:0.999105

2024-03-21 04:20:59,984 Epoch 43/300, Train Loss: 0.123777, Val Loss: 0.173421  
	Train = MSE:0.123777 , RMSE:0.351819 , MAE:0.255492 , MAPD:1.317015, R_squared:0.997857  
	Validation = MSE:0.173421 , RMSE:0.416438 , MAE:0.328896 , MAPD:1.551990, R_squared:0.996879

2024-03-21 04:21:17,934 Epoch 44/300, Train Loss: 0.123380, Val Loss: 0.034939  
	Train = MSE:0.123380 , RMSE:0.351255 , MAE:0.252148 , MAPD:1.289426, R_squared:0.997864  
	Validation = MSE:0.034939 , RMSE:0.186919 , MAE:0.144041 , MAPD:0.808462, R_squared:0.999371

2024-03-21 04:21:35,745 Epoch 45/300, Train Loss: 0.122183, Val Loss: 0.082189  
	Train = MSE:0.122183 , RMSE:0.349546 , MAE:0.243290 , MAPD:1.243009, R_squared:0.997885  
	Validation = MSE:0.082189 , RMSE:0.286686 , MAE:0.228134 , MAPD:1.254010, R_squared:0.998521

2024-03-21 04:21:54,478 Epoch 46/300, Train Loss: 0.142476, Val Loss: 0.091889  
	Train = MSE:0.142476 , RMSE:0.377460 , MAE:0.264139 , MAPD:1.333837, R_squared:0.997534  
	Validation = MSE:0.091889 , RMSE:0.303131 , MAE:0.228929 , MAPD:1.140824, R_squared:0.998347

2024-03-21 04:22:12,500 Epoch 47/300, Train Loss: 0.119820, Val Loss: 0.036186  
	Train = MSE:0.119820 , RMSE:0.346150 , MAE:0.242267 , MAPD:1.241105, R_squared:0.997926  
	Validation = MSE:0.036186 , RMSE:0.190226 , MAE:0.129258 , MAPD:0.700673, R_squared:0.999349

2024-03-21 04:22:30,590 Epoch 48/300, Train Loss: 0.123577, Val Loss: 0.038142  
	Train = MSE:0.123577 , RMSE:0.351535 , MAE:0.254391 , MAPD:1.307175, R_squared:0.997861  
	Validation = MSE:0.038142 , RMSE:0.195300 , MAE:0.146035 , MAPD:0.740533, R_squared:0.999314

2024-03-21 04:22:50,574 Epoch 49/300, Train Loss: 0.123901, Val Loss: 0.057483  
	Train = MSE:0.123901 , RMSE:0.351995 , MAE:0.246911 , MAPD:1.259883, R_squared:0.997855  
	Validation = MSE:0.057483 , RMSE:0.239756 , MAE:0.186562 , MAPD:1.149631, R_squared:0.998966

2024-03-21 04:23:08,457 Epoch 50/300, Train Loss: 0.109757, Val Loss: 0.034988  
	Train = MSE:0.109757 , RMSE:0.331296 , MAE:0.240812 , MAPD:1.233075, R_squared:0.998100  
	Validation = MSE:0.034988 , RMSE:0.187050 , MAE:0.143620 , MAPD:0.851922, R_squared:0.999370

2024-03-21 04:23:27,575 Epoch 51/300, Train Loss: 0.134933, Val Loss: 0.195779  
	Train = MSE:0.134933 , RMSE:0.367332 , MAE:0.262086 , MAPD:1.357307, R_squared:0.997664  
	Validation = MSE:0.195779 , RMSE:0.442470 , MAE:0.388920 , MAPD:1.893803, R_squared:0.996477

2024-03-21 04:23:50,078 Epoch 52/300, Train Loss: 0.110527, Val Loss: 0.050673  
	Train = MSE:0.110527 , RMSE:0.332456 , MAE:0.236623 , MAPD:1.211485, R_squared:0.998087  
	Validation = MSE:0.050673 , RMSE:0.225106 , MAE:0.182594 , MAPD:0.963078, R_squared:0.999088

2024-03-21 04:24:08,408 Epoch 53/300, Train Loss: 0.123119, Val Loss: 0.091342  
	Train = MSE:0.123119 , RMSE:0.350883 , MAE:0.256322 , MAPD:1.330640, R_squared:0.997869  
	Validation = MSE:0.091342 , RMSE:0.302229 , MAE:0.257058 , MAPD:1.305611, R_squared:0.998356

2024-03-21 04:24:25,678 Epoch 54/300, Train Loss: 0.117568, Val Loss: 0.187421  
	Train = MSE:0.117568 , RMSE:0.342882 , MAE:0.241904 , MAPD:1.234756, R_squared:0.997965  
	Validation = MSE:0.187421 , RMSE:0.432921 , MAE:0.317142 , MAPD:1.489170, R_squared:0.996628

2024-03-21 04:24:44,390 Epoch 55/300, Train Loss: 0.125260, Val Loss: 0.143921  
	Train = MSE:0.125260 , RMSE:0.353921 , MAE:0.249228 , MAPD:1.273590, R_squared:0.997832  
	Validation = MSE:0.143921 , RMSE:0.379370 , MAE:0.305164 , MAPD:1.584246, R_squared:0.997410

2024-03-21 04:25:03,385 Epoch 56/300, Train Loss: 0.146327, Val Loss: 0.274368  
	Train = MSE:0.146327 , RMSE:0.382527 , MAE:0.264571 , MAPD:1.330680, R_squared:0.997467  
	Validation = MSE:0.274368 , RMSE:0.523802 , MAE:0.373587 , MAPD:1.644953, R_squared:0.995063

2024-03-21 04:25:21,082 Epoch 57/300, Train Loss: 0.111096, Val Loss: 0.040427  
	Train = MSE:0.111096 , RMSE:0.333311 , MAE:0.247924 , MAPD:1.275396, R_squared:0.998077  
	Validation = MSE:0.040427 , RMSE:0.201065 , MAE:0.142303 , MAPD:0.815116, R_squared:0.999273

2024-03-21 04:25:39,626 Epoch 58/300, Train Loss: 0.107975, Val Loss: 0.158106  
	Train = MSE:0.107975 , RMSE:0.328596 , MAE:0.242445 , MAPD:1.256582, R_squared:0.998131  
	Validation = MSE:0.158106 , RMSE:0.397626 , MAE:0.285324 , MAPD:1.319831, R_squared:0.997155

2024-03-21 04:25:58,385 Epoch 59/300, Train Loss: 0.113456, Val Loss: 0.160420  
	Train = MSE:0.113456 , RMSE:0.336832 , MAE:0.242117 , MAPD:1.244096, R_squared:0.998036  
	Validation = MSE:0.160420 , RMSE:0.400525 , MAE:0.355147 , MAPD:1.956091, R_squared:0.997113

2024-03-21 04:26:17,554 Epoch 60/300, Train Loss: 0.115243, Val Loss: 0.101542  
	Train = MSE:0.115243 , RMSE:0.339474 , MAE:0.246911 , MAPD:1.268752, R_squared:0.998005  
	Validation = MSE:0.101542 , RMSE:0.318656 , MAE:0.272218 , MAPD:1.657662, R_squared:0.998173

2024-03-21 04:26:36,410 Epoch 61/300, Train Loss: 0.111109, Val Loss: 0.051051  
	Train = MSE:0.111109 , RMSE:0.333330 , MAE:0.227225 , MAPD:1.140367, R_squared:0.998077  
	Validation = MSE:0.051051 , RMSE:0.225944 , MAE:0.182884 , MAPD:1.058657, R_squared:0.999081

2024-03-21 04:26:58,293 Epoch 62/300, Train Loss: 0.104026, Val Loss: 0.121893  
	Train = MSE:0.104026 , RMSE:0.322531 , MAE:0.236792 , MAPD:1.205112, R_squared:0.998199  
	Validation = MSE:0.121893 , RMSE:0.349131 , MAE:0.280249 , MAPD:1.316435, R_squared:0.997807

2024-03-21 04:27:16,142 Epoch 63/300, Train Loss: 0.114261, Val Loss: 0.060612  
	Train = MSE:0.114261 , RMSE:0.338026 , MAE:0.243181 , MAPD:1.274908, R_squared:0.998022  
	Validation = MSE:0.060612 , RMSE:0.246195 , MAE:0.178698 , MAPD:0.883955, R_squared:0.998909

2024-03-21 04:27:34,324 Epoch 64/300, Train Loss: 0.124953, Val Loss: 0.068643  
	Train = MSE:0.124953 , RMSE:0.353486 , MAE:0.252285 , MAPD:1.309763, R_squared:0.997837  
	Validation = MSE:0.068643 , RMSE:0.261998 , MAE:0.207017 , MAPD:1.063106, R_squared:0.998765

2024-03-21 04:27:52,746 Epoch 65/300, Train Loss: 0.117679, Val Loss: 0.039474  
	Train = MSE:0.117679 , RMSE:0.343044 , MAE:0.232583 , MAPD:1.160888, R_squared:0.997963  
	Validation = MSE:0.039474 , RMSE:0.198682 , MAE:0.154827 , MAPD:0.929891, R_squared:0.999290

2024-03-21 04:28:10,522 Epoch 66/300, Train Loss: 0.108976, Val Loss: 0.040078  
	Train = MSE:0.108976 , RMSE:0.330115 , MAE:0.234568 , MAPD:1.193018, R_squared:0.998114  
	Validation = MSE:0.040078 , RMSE:0.200196 , MAE:0.147413 , MAPD:0.839668, R_squared:0.999279

2024-03-21 04:28:28,895 Epoch 67/300, Train Loss: 0.134767, Val Loss: 0.112890  
	Train = MSE:0.134767 , RMSE:0.367106 , MAE:0.255585 , MAPD:1.327311, R_squared:0.997667  
	Validation = MSE:0.112890 , RMSE:0.335992 , MAE:0.305918 , MAPD:1.769062, R_squared:0.997969

2024-03-21 04:28:46,978 Epoch 68/300, Train Loss: 0.105058, Val Loss: 0.249641  
	Train = MSE:0.105058 , RMSE:0.324126 , MAE:0.231662 , MAPD:1.170784, R_squared:0.998181  
	Validation = MSE:0.249641 , RMSE:0.499641 , MAE:0.429600 , MAPD:2.251419, R_squared:0.995508

2024-03-21 04:29:04,584 Epoch 69/300, Train Loss: 0.115820, Val Loss: 0.085874  
	Train = MSE:0.115820 , RMSE:0.340324 , MAE:0.232865 , MAPD:1.212283, R_squared:0.997995  
	Validation = MSE:0.085874 , RMSE:0.293043 , MAE:0.251573 , MAPD:1.536407, R_squared:0.998455

2024-03-21 04:29:23,557 Epoch 70/300, Train Loss: 0.119384, Val Loss: 0.044024  
	Train = MSE:0.119384 , RMSE:0.345520 , MAE:0.228343 , MAPD:1.167589, R_squared:0.997933  
	Validation = MSE:0.044024 , RMSE:0.209820 , MAE:0.150557 , MAPD:0.766410, R_squared:0.999208

2024-03-21 04:29:41,357 Epoch 71/300, Train Loss: 0.094962, Val Loss: 0.035955  
	Train = MSE:0.094962 , RMSE:0.308160 , MAE:0.220145 , MAPD:1.145716, R_squared:0.998356  
	Validation = MSE:0.035955 , RMSE:0.189618 , MAE:0.138225 , MAPD:0.740086, R_squared:0.999353

2024-03-21 04:30:05,214 Epoch 72/300, Train Loss: 0.106340, Val Loss: 0.060534  
	Train = MSE:0.106340 , RMSE:0.326098 , MAE:0.231418 , MAPD:1.175048, R_squared:0.998159  
	Validation = MSE:0.060534 , RMSE:0.246037 , MAE:0.187282 , MAPD:1.041762, R_squared:0.998911

2024-03-21 04:30:22,975 Epoch 73/300, Train Loss: 0.101007, Val Loss: 0.043179  
	Train = MSE:0.101007 , RMSE:0.317815 , MAE:0.226190 , MAPD:1.165882, R_squared:0.998252  
	Validation = MSE:0.043179 , RMSE:0.207795 , MAE:0.161819 , MAPD:0.928293, R_squared:0.999223

2024-03-21 04:30:41,621 Epoch 74/300, Train Loss: 0.086305, Val Loss: 0.069128  
	Train = MSE:0.086305 , RMSE:0.293778 , MAE:0.211326 , MAPD:1.080532, R_squared:0.998506  
	Validation = MSE:0.069128 , RMSE:0.262922 , MAE:0.206195 , MAPD:1.112526, R_squared:0.998756

2024-03-21 04:30:59,010 Epoch 75/300, Train Loss: 0.105857, Val Loss: 0.030973  
	Train = MSE:0.105857 , RMSE:0.325357 , MAE:0.224928 , MAPD:1.158782, R_squared:0.998168  
	Validation = MSE:0.030973 , RMSE:0.175992 , MAE:0.132335 , MAPD:0.739249, R_squared:0.999443

2024-03-21 04:31:17,590 Epoch 76/300, Train Loss: 0.085034, Val Loss: 0.092993  
	Train = MSE:0.085034 , RMSE:0.291605 , MAE:0.209600 , MAPD:1.081870, R_squared:0.998528  
	Validation = MSE:0.092993 , RMSE:0.304947 , MAE:0.236181 , MAPD:1.206822, R_squared:0.998327

2024-03-21 04:31:36,257 Epoch 77/300, Train Loss: 0.095344, Val Loss: 0.036334  
	Train = MSE:0.095344 , RMSE:0.308778 , MAE:0.219397 , MAPD:1.123146, R_squared:0.998350  
	Validation = MSE:0.036334 , RMSE:0.190615 , MAE:0.140928 , MAPD:0.745773, R_squared:0.999346

2024-03-21 04:31:54,455 Epoch 78/300, Train Loss: 0.105163, Val Loss: 0.064669  
	Train = MSE:0.105163 , RMSE:0.324289 , MAE:0.231014 , MAPD:1.176903, R_squared:0.998180  
	Validation = MSE:0.064669 , RMSE:0.254301 , MAE:0.209233 , MAPD:1.224359, R_squared:0.998836

2024-03-21 04:32:13,188 Epoch 79/300, Train Loss: 0.094484, Val Loss: 0.026357  
	Train = MSE:0.094484 , RMSE:0.307382 , MAE:0.210092 , MAPD:1.087290, R_squared:0.998364  
	Validation = MSE:0.026357 , RMSE:0.162348 , MAE:0.112747 , MAPD:0.637596, R_squared:0.999526

2024-03-21 04:32:31,958 Epoch 80/300, Train Loss: 0.103111, Val Loss: 0.567764  
	Train = MSE:0.103111 , RMSE:0.321110 , MAE:0.222467 , MAPD:1.136644, R_squared:0.998215  
	Validation = MSE:0.567764 , RMSE:0.753501 , MAE:0.601430 , MAPD:2.634795, R_squared:0.989784

2024-03-21 04:32:50,781 Epoch 81/300, Train Loss: 0.110747, Val Loss: 0.076020  
	Train = MSE:0.110747 , RMSE:0.332786 , MAE:0.226751 , MAPD:1.134096, R_squared:0.998083  
	Validation = MSE:0.076020 , RMSE:0.275717 , MAE:0.231615 , MAPD:1.210272, R_squared:0.998632

2024-03-21 04:33:12,568 Epoch 82/300, Train Loss: 0.077728, Val Loss: 0.031291  
	Train = MSE:0.077728 , RMSE:0.278797 , MAE:0.204847 , MAPD:1.042103, R_squared:0.998655  
	Validation = MSE:0.031291 , RMSE:0.176892 , MAE:0.117730 , MAPD:0.615877, R_squared:0.999437

2024-03-21 04:33:32,685 Epoch 83/300, Train Loss: 0.099860, Val Loss: 0.049994  
	Train = MSE:0.099860 , RMSE:0.316006 , MAE:0.222792 , MAPD:1.144092, R_squared:0.998271  
	Validation = MSE:0.049994 , RMSE:0.223593 , MAE:0.170037 , MAPD:0.876105, R_squared:0.999100

2024-03-21 04:33:50,067 Epoch 84/300, Train Loss: 0.096700, Val Loss: 0.053174  
	Train = MSE:0.096700 , RMSE:0.310967 , MAE:0.213317 , MAPD:1.079177, R_squared:0.998326  
	Validation = MSE:0.053174 , RMSE:0.230595 , MAE:0.158350 , MAPD:0.777667, R_squared:0.999043

2024-03-21 04:34:07,708 Epoch 85/300, Train Loss: 0.082340, Val Loss: 0.037899  
	Train = MSE:0.082340 , RMSE:0.286949 , MAE:0.209229 , MAPD:1.070009, R_squared:0.998575  
	Validation = MSE:0.037899 , RMSE:0.194675 , MAE:0.147805 , MAPD:0.821706, R_squared:0.999318

2024-03-21 04:34:26,997 Epoch 86/300, Train Loss: 0.100905, Val Loss: 0.037802  
	Train = MSE:0.100905 , RMSE:0.317655 , MAE:0.227664 , MAPD:1.164656, R_squared:0.998253  
	Validation = MSE:0.037802 , RMSE:0.194427 , MAE:0.147993 , MAPD:0.762388, R_squared:0.999320

2024-03-21 04:34:45,255 Epoch 87/300, Train Loss: 0.081664, Val Loss: 0.046833  
	Train = MSE:0.081664 , RMSE:0.285769 , MAE:0.205264 , MAPD:1.022944, R_squared:0.998586  
	Validation = MSE:0.046833 , RMSE:0.216409 , MAE:0.167410 , MAPD:0.838401, R_squared:0.999157

2024-03-21 04:35:03,057 Epoch 88/300, Train Loss: 0.099542, Val Loss: 0.833978  
	Train = MSE:0.099542 , RMSE:0.315503 , MAE:0.220642 , MAPD:1.132567, R_squared:0.998277  
	Validation = MSE:0.833978 , RMSE:0.913224 , MAE:0.791404 , MAPD:3.707027, R_squared:0.984993

2024-03-21 04:35:21,932 Epoch 89/300, Train Loss: 0.077132, Val Loss: 0.062881  
	Train = MSE:0.077132 , RMSE:0.277727 , MAE:0.201569 , MAPD:1.031492, R_squared:0.998665  
	Validation = MSE:0.062881 , RMSE:0.250762 , MAE:0.210018 , MAPD:1.216012, R_squared:0.998869

2024-03-21 04:35:39,600 Epoch 90/300, Train Loss: 0.086897, Val Loss: 0.029112  
	Train = MSE:0.086897 , RMSE:0.294783 , MAE:0.215363 , MAPD:1.085047, R_squared:0.998496  
	Validation = MSE:0.029112 , RMSE:0.170624 , MAE:0.119635 , MAPD:0.667184, R_squared:0.999476

2024-03-21 04:35:57,926 Epoch 91/300, Train Loss: 0.099431, Val Loss: 0.142832  
	Train = MSE:0.099431 , RMSE:0.315327 , MAE:0.226713 , MAPD:1.136844, R_squared:0.998279  
	Validation = MSE:0.142832 , RMSE:0.377931 , MAE:0.348469 , MAPD:1.921089, R_squared:0.997430

2024-03-21 04:36:21,611 Epoch 92/300, Train Loss: 0.084118, Val Loss: 0.040345  
	Train = MSE:0.084118 , RMSE:0.290031 , MAE:0.210882 , MAPD:1.069978, R_squared:0.998544  
	Validation = MSE:0.040345 , RMSE:0.200860 , MAE:0.155914 , MAPD:0.879352, R_squared:0.999274

2024-03-21 04:36:39,189 Epoch 93/300, Train Loss: 0.097412, Val Loss: 0.084582  
	Train = MSE:0.097412 , RMSE:0.312108 , MAE:0.213274 , MAPD:1.077513, R_squared:0.998314  
	Validation = MSE:0.084582 , RMSE:0.290830 , MAE:0.254531 , MAPD:1.292869, R_squared:0.998478

2024-03-21 04:36:56,800 Epoch 94/300, Train Loss: 0.089887, Val Loss: 0.047294  
	Train = MSE:0.089887 , RMSE:0.299812 , MAE:0.212580 , MAPD:1.090178, R_squared:0.998444  
	Validation = MSE:0.047294 , RMSE:0.217471 , MAE:0.167491 , MAPD:0.870948, R_squared:0.999149

2024-03-21 04:37:15,183 Epoch 95/300, Train Loss: 0.087178, Val Loss: 0.038776  
	Train = MSE:0.087178 , RMSE:0.295259 , MAE:0.210707 , MAPD:1.082712, R_squared:0.998491  
	Validation = MSE:0.038776 , RMSE:0.196915 , MAE:0.145748 , MAPD:0.757628, R_squared:0.999302

2024-03-21 04:37:33,440 Epoch 96/300, Train Loss: 0.114611, Val Loss: 0.037732  
	Train = MSE:0.114611 , RMSE:0.338542 , MAE:0.212466 , MAPD:1.098879, R_squared:0.998016  
	Validation = MSE:0.037732 , RMSE:0.194247 , MAE:0.147662 , MAPD:0.824722, R_squared:0.999321

2024-03-21 04:37:53,851 Epoch 97/300, Train Loss: 0.077980, Val Loss: 0.085139  
	Train = MSE:0.077980 , RMSE:0.279249 , MAE:0.195068 , MAPD:0.973137, R_squared:0.998650  
	Validation = MSE:0.085139 , RMSE:0.291787 , MAE:0.265874 , MAPD:1.450085, R_squared:0.998468

2024-03-21 04:38:11,892 Epoch 98/300, Train Loss: 0.086013, Val Loss: 0.050257  
	Train = MSE:0.086013 , RMSE:0.293280 , MAE:0.210749 , MAPD:1.066945, R_squared:0.998511  
	Validation = MSE:0.050257 , RMSE:0.224181 , MAE:0.168068 , MAPD:0.857224, R_squared:0.999096

2024-03-21 04:38:30,010 Epoch 99/300, Train Loss: 0.084485, Val Loss: 0.140747  
	Train = MSE:0.084485 , RMSE:0.290664 , MAE:0.210682 , MAPD:1.073465, R_squared:0.998538  
	Validation = MSE:0.140747 , RMSE:0.375162 , MAE:0.303942 , MAPD:1.441875, R_squared:0.997467

2024-03-21 04:38:48,233 Epoch 100/300, Train Loss: 0.084229, Val Loss: 0.050647  
	Train = MSE:0.084229 , RMSE:0.290223 , MAE:0.207849 , MAPD:1.046010, R_squared:0.998542  
	Validation = MSE:0.050647 , RMSE:0.225049 , MAE:0.150706 , MAPD:0.718397, R_squared:0.999089

2024-03-21 04:39:07,385 Epoch 101/300, Train Loss: 0.082654, Val Loss: 0.029682  
	Train = MSE:0.082654 , RMSE:0.287497 , MAE:0.208912 , MAPD:1.064499, R_squared:0.998569  
	Validation = MSE:0.029682 , RMSE:0.172283 , MAE:0.130853 , MAPD:0.765065, R_squared:0.999466

2024-03-21 04:39:30,959 Epoch 102/300, Train Loss: 0.095036, Val Loss: 0.086962  
	Train = MSE:0.095036 , RMSE:0.308278 , MAE:0.215003 , MAPD:1.092044, R_squared:0.998355  
	Validation = MSE:0.086962 , RMSE:0.294894 , MAE:0.257308 , MAPD:1.536902, R_squared:0.998435

2024-03-21 04:39:48,571 Epoch 103/300, Train Loss: 0.088242, Val Loss: 0.025992  
	Train = MSE:0.088242 , RMSE:0.297055 , MAE:0.210054 , MAPD:1.057095, R_squared:0.998473  
	Validation = MSE:0.025992 , RMSE:0.161222 , MAE:0.116705 , MAPD:0.615414, R_squared:0.999532

2024-03-21 04:40:07,243 Epoch 104/300, Train Loss: 0.104483, Val Loss: 0.051150  
	Train = MSE:0.104483 , RMSE:0.323238 , MAE:0.227487 , MAPD:1.161099, R_squared:0.998191  
	Validation = MSE:0.051150 , RMSE:0.226163 , MAE:0.185592 , MAPD:1.022247, R_squared:0.999080

2024-03-21 04:40:25,634 Epoch 105/300, Train Loss: 0.079678, Val Loss: 0.060850  
	Train = MSE:0.079678 , RMSE:0.282274 , MAE:0.197634 , MAPD:0.987249, R_squared:0.998621  
	Validation = MSE:0.060850 , RMSE:0.246678 , MAE:0.192569 , MAPD:1.249647, R_squared:0.998905

2024-03-21 04:40:43,144 Epoch 106/300, Train Loss: 0.080727, Val Loss: 0.162902  
	Train = MSE:0.080727 , RMSE:0.284126 , MAE:0.201831 , MAPD:1.022971, R_squared:0.998603  
	Validation = MSE:0.162902 , RMSE:0.403611 , MAE:0.379518 , MAPD:2.084451, R_squared:0.997069

2024-03-21 04:41:01,909 Epoch 107/300, Train Loss: 0.082872, Val Loss: 0.096145  
	Train = MSE:0.082872 , RMSE:0.287875 , MAE:0.209010 , MAPD:1.064659, R_squared:0.998565  
	Validation = MSE:0.096145 , RMSE:0.310073 , MAE:0.246058 , MAPD:1.302502, R_squared:0.998270

2024-03-21 04:41:20,481 Epoch 108/300, Train Loss: 0.087192, Val Loss: 0.210336  
	Train = MSE:0.087192 , RMSE:0.295284 , MAE:0.207661 , MAPD:1.041373, R_squared:0.998491  
	Validation = MSE:0.210336 , RMSE:0.458624 , MAE:0.418898 , MAPD:2.145160, R_squared:0.996215

2024-03-21 04:41:38,574 Epoch 109/300, Train Loss: 0.085786, Val Loss: 0.057584  
	Train = MSE:0.085786 , RMSE:0.292892 , MAE:0.206383 , MAPD:1.043797, R_squared:0.998515  
	Validation = MSE:0.057584 , RMSE:0.239966 , MAE:0.190538 , MAPD:1.145496, R_squared:0.998964

2024-03-21 04:41:57,553 Epoch 110/300, Train Loss: 0.085800, Val Loss: 0.027257  
	Train = MSE:0.085800 , RMSE:0.292917 , MAE:0.212206 , MAPD:1.079857, R_squared:0.998515  
	Validation = MSE:0.027257 , RMSE:0.165096 , MAE:0.114940 , MAPD:0.637220, R_squared:0.999510

2024-03-21 04:42:15,854 Epoch 111/300, Train Loss: 0.081606, Val Loss: 0.028724  
	Train = MSE:0.081606 , RMSE:0.285667 , MAE:0.203910 , MAPD:1.024678, R_squared:0.998587  
	Validation = MSE:0.028724 , RMSE:0.169481 , MAE:0.124237 , MAPD:0.684277, R_squared:0.999483

2024-03-21 04:42:39,159 Epoch 112/300, Train Loss: 0.087133, Val Loss: 0.081031  
	Train = MSE:0.087133 , RMSE:0.295183 , MAE:0.207071 , MAPD:1.065501, R_squared:0.998492  
	Validation = MSE:0.081031 , RMSE:0.284660 , MAE:0.209569 , MAPD:0.987179, R_squared:0.998542

2024-03-21 04:42:57,320 Epoch 113/300, Train Loss: 0.080877, Val Loss: 0.153892  
	Train = MSE:0.080877 , RMSE:0.284388 , MAE:0.199714 , MAPD:1.027779, R_squared:0.998600  
	Validation = MSE:0.153892 , RMSE:0.392290 , MAE:0.353107 , MAPD:1.819732, R_squared:0.997231

2024-03-21 04:43:15,259 Epoch 114/300, Train Loss: 0.082103, Val Loss: 0.077353  
	Train = MSE:0.082103 , RMSE:0.286536 , MAE:0.204282 , MAPD:1.031399, R_squared:0.998579  
	Validation = MSE:0.077353 , RMSE:0.278124 , MAE:0.219433 , MAPD:1.036748, R_squared:0.998608

2024-03-21 04:43:33,539 Epoch 115/300, Train Loss: 0.115205, Val Loss: 0.021778  
	Train = MSE:0.115205 , RMSE:0.339418 , MAE:0.232063 , MAPD:1.224593, R_squared:0.998006  
	Validation = MSE:0.021778 , RMSE:0.147574 , MAE:0.106605 , MAPD:0.585728, R_squared:0.999608

2024-03-21 04:43:52,560 Epoch 116/300, Train Loss: 0.071727, Val Loss: 0.038402  
	Train = MSE:0.071727 , RMSE:0.267819 , MAE:0.184749 , MAPD:0.919148, R_squared:0.998758  
	Validation = MSE:0.038402 , RMSE:0.195965 , MAE:0.153162 , MAPD:0.764914, R_squared:0.999309

2024-03-21 04:44:13,032 Epoch 117/300, Train Loss: 0.097516, Val Loss: 0.033671  
	Train = MSE:0.097516 , RMSE:0.312276 , MAE:0.216321 , MAPD:1.090808, R_squared:0.998312  
	Validation = MSE:0.033671 , RMSE:0.183497 , MAE:0.134899 , MAPD:0.667276, R_squared:0.999394

2024-03-21 04:44:31,386 Epoch 118/300, Train Loss: 0.075472, Val Loss: 0.038397  
	Train = MSE:0.075472 , RMSE:0.274721 , MAE:0.198001 , MAPD:1.007125, R_squared:0.998694  
	Validation = MSE:0.038397 , RMSE:0.195951 , MAE:0.146373 , MAPD:0.721821, R_squared:0.999309

2024-03-21 04:44:50,621 Epoch 119/300, Train Loss: 0.088518, Val Loss: 0.036565  
	Train = MSE:0.088518 , RMSE:0.297520 , MAE:0.208626 , MAPD:1.049215, R_squared:0.998468  
	Validation = MSE:0.036565 , RMSE:0.191221 , MAE:0.140058 , MAPD:0.777291, R_squared:0.999342

2024-03-21 04:45:08,407 Epoch 120/300, Train Loss: 0.104186, Val Loss: 0.026795  
	Train = MSE:0.104186 , RMSE:0.322779 , MAE:0.222937 , MAPD:1.141515, R_squared:0.998197  
	Validation = MSE:0.026795 , RMSE:0.163693 , MAE:0.110052 , MAPD:0.587291, R_squared:0.999518

2024-03-21 04:45:26,485 Epoch 121/300, Train Loss: 0.082178, Val Loss: 0.193415  
	Train = MSE:0.082178 , RMSE:0.286667 , MAE:0.207826 , MAPD:1.023834, R_squared:0.998577  
	Validation = MSE:0.193415 , RMSE:0.439790 , MAE:0.339624 , MAPD:1.547610, R_squared:0.996520

2024-03-21 04:45:50,248 Epoch 122/300, Train Loss: 0.087491, Val Loss: 0.578494  
	Train = MSE:0.087491 , RMSE:0.295788 , MAE:0.209556 , MAPD:1.086984, R_squared:0.998486  
	Validation = MSE:0.578494 , RMSE:0.760588 , MAE:0.719224 , MAPD:3.910481, R_squared:0.989591

2024-03-21 04:46:10,694 Epoch 123/300, Train Loss: 0.084200, Val Loss: 0.152123  
	Train = MSE:0.084200 , RMSE:0.290172 , MAE:0.207993 , MAPD:1.038752, R_squared:0.998542  
	Validation = MSE:0.152123 , RMSE:0.390030 , MAE:0.319851 , MAPD:1.600494, R_squared:0.997263

2024-03-21 04:46:28,780 Epoch 124/300, Train Loss: 0.072960, Val Loss: 0.044979  
	Train = MSE:0.072960 , RMSE:0.270112 , MAE:0.199317 , MAPD:1.012483, R_squared:0.998737  
	Validation = MSE:0.044979 , RMSE:0.212083 , MAE:0.177691 , MAPD:0.960269, R_squared:0.999191

2024-03-21 04:46:46,549 Epoch 125/300, Train Loss: 0.093797, Val Loss: 0.059909  
	Train = MSE:0.093797 , RMSE:0.306262 , MAE:0.210412 , MAPD:1.086202, R_squared:0.998376  
	Validation = MSE:0.059909 , RMSE:0.244764 , MAE:0.199868 , MAPD:0.993454, R_squared:0.998922

2024-03-21 04:47:04,103 Epoch 126/300, Train Loss: 0.078149, Val Loss: 1.002086  
	Train = MSE:0.078149 , RMSE:0.279552 , MAE:0.192510 , MAPD:0.960593, R_squared:0.998647  
	Validation = MSE:1.002086 , RMSE:1.001042 , MAE:0.732336 , MAPD:3.144084, R_squared:0.981968

2024-03-21 04:47:22,449 Epoch 127/300, Train Loss: 0.077513, Val Loss: 0.032771  
	Train = MSE:0.077513 , RMSE:0.278411 , MAE:0.198806 , MAPD:1.020558, R_squared:0.998658  
	Validation = MSE:0.032771 , RMSE:0.181027 , MAE:0.148805 , MAPD:0.833426, R_squared:0.999410

2024-03-21 04:47:41,629 Epoch 128/300, Train Loss: 0.080151, Val Loss: 0.051645  
	Train = MSE:0.080151 , RMSE:0.283109 , MAE:0.203096 , MAPD:1.059821, R_squared:0.998613  
	Validation = MSE:0.051645 , RMSE:0.227256 , MAE:0.163568 , MAPD:0.788658, R_squared:0.999071

2024-03-21 04:47:59,211 Epoch 129/300, Train Loss: 0.079889, Val Loss: 0.061764  
	Train = MSE:0.079889 , RMSE:0.282646 , MAE:0.201220 , MAPD:1.015372, R_squared:0.998617  
	Validation = MSE:0.061764 , RMSE:0.248523 , MAE:0.211232 , MAPD:1.140294, R_squared:0.998889

2024-03-21 04:48:17,196 Epoch 130/300, Train Loss: 0.085156, Val Loss: 0.049352  
	Train = MSE:0.085156 , RMSE:0.291815 , MAE:0.204006 , MAPD:1.024254, R_squared:0.998526  
	Validation = MSE:0.049352 , RMSE:0.222153 , MAE:0.190946 , MAPD:1.140185, R_squared:0.999112

2024-03-21 04:48:35,622 Epoch 131/300, Train Loss: 0.079733, Val Loss: 0.093580  
	Train = MSE:0.079733 , RMSE:0.282371 , MAE:0.200813 , MAPD:1.030574, R_squared:0.998620  
	Validation = MSE:0.093580 , RMSE:0.305908 , MAE:0.223084 , MAPD:1.040309, R_squared:0.998316

2024-03-21 04:49:00,648 Epoch 132/300, Train Loss: 0.099771, Val Loss: 0.050647  
	Train = MSE:0.099771 , RMSE:0.315865 , MAE:0.215545 , MAPD:1.112403, R_squared:0.998273  
	Validation = MSE:0.050647 , RMSE:0.225049 , MAE:0.175536 , MAPD:0.910035, R_squared:0.999089

2024-03-21 04:49:18,510 Epoch 133/300, Train Loss: 0.075300, Val Loss: 0.021904  
	Train = MSE:0.075300 , RMSE:0.274409 , MAE:0.195025 , MAPD:0.993922, R_squared:0.998697  
	Validation = MSE:0.021904 , RMSE:0.148001 , MAE:0.103718 , MAPD:0.544935, R_squared:0.999606

2024-03-21 04:49:37,877 Epoch 134/300, Train Loss: 0.096402, Val Loss: 0.186586  
	Train = MSE:0.096402 , RMSE:0.310486 , MAE:0.205862 , MAPD:1.039367, R_squared:0.998331  
	Validation = MSE:0.186586 , RMSE:0.431956 , MAE:0.367376 , MAPD:1.775204, R_squared:0.996643

2024-03-21 04:49:55,277 Epoch 135/300, Train Loss: 0.123214, Val Loss: 0.114926  
	Train = MSE:0.123214 , RMSE:0.351019 , MAE:0.222019 , MAPD:1.115055, R_squared:0.997867  
	Validation = MSE:0.114926 , RMSE:0.339008 , MAE:0.276457 , MAPD:1.441211, R_squared:0.997932

2024-03-21 04:50:13,779 Epoch 136/300, Train Loss: 0.114310, Val Loss: 0.103497  
	Train = MSE:0.114310 , RMSE:0.338097 , MAE:0.226509 , MAPD:1.195056, R_squared:0.998021  
	Validation = MSE:0.103497 , RMSE:0.321709 , MAE:0.222750 , MAPD:1.006364, R_squared:0.998138

2024-03-21 04:50:32,126 Epoch 137/300, Train Loss: 0.091860, Val Loss: 0.026307  
	Train = MSE:0.091860 , RMSE:0.303084 , MAE:0.203376 , MAPD:1.045889, R_squared:0.998410  
	Validation = MSE:0.026307 , RMSE:0.162195 , MAE:0.119079 , MAPD:0.651480, R_squared:0.999527

2024-03-21 04:50:51,209 Epoch 138/300, Train Loss: 0.064219, Val Loss: 0.081036  
	Train = MSE:0.064219 , RMSE:0.253415 , MAE:0.180589 , MAPD:0.900382, R_squared:0.998888  
	Validation = MSE:0.081036 , RMSE:0.284669 , MAE:0.237518 , MAPD:1.509938, R_squared:0.998542

2024-03-21 04:51:09,405 Epoch 139/300, Train Loss: 0.090041, Val Loss: 0.026994  
	Train = MSE:0.090041 , RMSE:0.300068 , MAE:0.207625 , MAPD:1.061443, R_squared:0.998441  
	Validation = MSE:0.026994 , RMSE:0.164298 , MAE:0.115978 , MAPD:0.622937, R_squared:0.999514

2024-03-21 04:51:27,056 Epoch 140/300, Train Loss: 0.077202, Val Loss: 0.025403  
	Train = MSE:0.077202 , RMSE:0.277852 , MAE:0.197527 , MAPD:1.019186, R_squared:0.998664  
	Validation = MSE:0.025403 , RMSE:0.159382 , MAE:0.109477 , MAPD:0.611604, R_squared:0.999543

2024-03-21 04:51:44,768 Epoch 141/300, Train Loss: 0.098902, Val Loss: 0.056854  
	Train = MSE:0.098902 , RMSE:0.314486 , MAE:0.213519 , MAPD:1.089471, R_squared:0.998288  
	Validation = MSE:0.056854 , RMSE:0.238441 , MAE:0.180236 , MAPD:0.885549, R_squared:0.998977

2024-03-21 04:52:09,521 Epoch 142/300, Train Loss: 0.087533, Val Loss: 0.034175  
	Train = MSE:0.087533 , RMSE:0.295860 , MAE:0.203056 , MAPD:1.011908, R_squared:0.998485  
	Validation = MSE:0.034175 , RMSE:0.184865 , MAE:0.142127 , MAPD:0.729561, R_squared:0.999385

2024-03-21 04:52:27,724 Epoch 143/300, Train Loss: 0.100465, Val Loss: 0.039268  
	Train = MSE:0.100465 , RMSE:0.316962 , MAE:0.211365 , MAPD:1.087407, R_squared:0.998261  
	Validation = MSE:0.039268 , RMSE:0.198162 , MAE:0.147869 , MAPD:0.769869, R_squared:0.999293

2024-03-21 04:52:45,278 Epoch 144/300, Train Loss: 0.066494, Val Loss: 0.035658  
	Train = MSE:0.066494 , RMSE:0.257864 , MAE:0.185963 , MAPD:0.932235, R_squared:0.998849  
	Validation = MSE:0.035658 , RMSE:0.188832 , MAE:0.135147 , MAPD:0.670096, R_squared:0.999358

2024-03-21 04:53:04,300 Epoch 145/300, Train Loss: 0.065506, Val Loss: 0.031489  
	Train = MSE:0.065506 , RMSE:0.255942 , MAE:0.185825 , MAPD:0.946758, R_squared:0.998866  
	Validation = MSE:0.031489 , RMSE:0.177452 , MAE:0.136757 , MAPD:0.777254, R_squared:0.999433

2024-03-21 04:53:22,978 Epoch 146/300, Train Loss: 0.101115, Val Loss: 0.025769  
	Train = MSE:0.101115 , RMSE:0.317986 , MAE:0.209782 , MAPD:1.066756, R_squared:0.998250  
	Validation = MSE:0.025769 , RMSE:0.160528 , MAE:0.118131 , MAPD:0.658345, R_squared:0.999536

2024-03-21 04:53:40,383 Epoch 147/300, Train Loss: 0.081800, Val Loss: 0.060702  
	Train = MSE:0.081800 , RMSE:0.286006 , MAE:0.205718 , MAPD:1.051432, R_squared:0.998584  
	Validation = MSE:0.060702 , RMSE:0.246377 , MAE:0.207877 , MAPD:1.173319, R_squared:0.998908

2024-03-21 04:53:59,918 Epoch 148/300, Train Loss: 0.080069, Val Loss: 0.244314  
	Train = MSE:0.080069 , RMSE:0.282964 , MAE:0.202470 , MAPD:1.012027, R_squared:0.998614  
	Validation = MSE:0.244314 , RMSE:0.494281 , MAE:0.375911 , MAPD:1.619302, R_squared:0.995604

2024-03-21 04:54:17,792 Epoch 149/300, Train Loss: 0.075217, Val Loss: 0.030169  
	Train = MSE:0.075217 , RMSE:0.274257 , MAE:0.195265 , MAPD:0.990483, R_squared:0.998698  
	Validation = MSE:0.030169 , RMSE:0.173691 , MAE:0.120017 , MAPD:0.603611, R_squared:0.999457

2024-03-21 04:54:35,904 Epoch 150/300, Train Loss: 0.093055, Val Loss: 0.034752  
	Train = MSE:0.093055 , RMSE:0.305050 , MAE:0.212356 , MAPD:1.088852, R_squared:0.998389  
	Validation = MSE:0.034752 , RMSE:0.186419 , MAE:0.125665 , MAPD:0.713471, R_squared:0.999375

2024-03-21 04:54:55,350 Epoch 151/300, Train Loss: 0.095193, Val Loss: 0.038458  
	Train = MSE:0.095193 , RMSE:0.308533 , MAE:0.202950 , MAPD:1.035093, R_squared:0.998352  
	Validation = MSE:0.038458 , RMSE:0.196107 , MAE:0.143802 , MAPD:0.832513, R_squared:0.999308

2024-03-21 04:55:19,445 Epoch 152/300, Train Loss: 0.078075, Val Loss: 0.055988  
	Train = MSE:0.078075 , RMSE:0.279418 , MAE:0.192437 , MAPD:0.956823, R_squared:0.998649  
	Validation = MSE:0.055988 , RMSE:0.236619 , MAE:0.181181 , MAPD:0.906809, R_squared:0.998993

2024-03-21 04:55:37,680 Epoch 153/300, Train Loss: 0.090755, Val Loss: 0.045777  
	Train = MSE:0.090755 , RMSE:0.301255 , MAE:0.205576 , MAPD:1.037091, R_squared:0.998429  
	Validation = MSE:0.045777 , RMSE:0.213955 , MAE:0.167981 , MAPD:0.979627, R_squared:0.999176

2024-03-21 04:55:55,139 Epoch 154/300, Train Loss: 0.080982, Val Loss: 0.022808  
	Train = MSE:0.080982 , RMSE:0.284573 , MAE:0.201031 , MAPD:1.021273, R_squared:0.998598  
	Validation = MSE:0.022808 , RMSE:0.151024 , MAE:0.104302 , MAPD:0.543343, R_squared:0.999590

2024-03-21 04:56:14,287 Epoch 155/300, Train Loss: 0.086864, Val Loss: 0.039229  
	Train = MSE:0.086864 , RMSE:0.294726 , MAE:0.198633 , MAPD:1.018389, R_squared:0.998496  
	Validation = MSE:0.039229 , RMSE:0.198063 , MAE:0.156114 , MAPD:0.936695, R_squared:0.999294

2024-03-21 04:56:32,989 Epoch 156/300, Train Loss: 0.076561, Val Loss: 0.043525  
	Train = MSE:0.076561 , RMSE:0.276696 , MAE:0.195411 , MAPD:0.980461, R_squared:0.998675  
	Validation = MSE:0.043525 , RMSE:0.208627 , MAE:0.162706 , MAPD:0.790086, R_squared:0.999217

2024-03-21 04:56:50,890 Epoch 157/300, Train Loss: 0.087592, Val Loss: 0.048707  
	Train = MSE:0.087592 , RMSE:0.295959 , MAE:0.200111 , MAPD:1.016076, R_squared:0.998484  
	Validation = MSE:0.048707 , RMSE:0.220696 , MAE:0.170515 , MAPD:0.994270, R_squared:0.999124

2024-03-21 04:57:09,424 Epoch 158/300, Train Loss: 0.094889, Val Loss: 0.056347  
	Train = MSE:0.094889 , RMSE:0.308041 , MAE:0.203745 , MAPD:1.065476, R_squared:0.998357  
	Validation = MSE:0.056347 , RMSE:0.237376 , MAE:0.169121 , MAPD:0.830407, R_squared:0.998986

2024-03-21 04:57:27,353 Epoch 159/300, Train Loss: 0.079151, Val Loss: 0.030877  
	Train = MSE:0.079151 , RMSE:0.281338 , MAE:0.201654 , MAPD:1.032026, R_squared:0.998630  
	Validation = MSE:0.030877 , RMSE:0.175717 , MAE:0.120973 , MAPD:0.717373, R_squared:0.999444

2024-03-21 04:57:45,369 Epoch 160/300, Train Loss: 0.087679, Val Loss: 0.096122  
	Train = MSE:0.087679 , RMSE:0.296106 , MAE:0.208763 , MAPD:1.066193, R_squared:0.998482  
	Validation = MSE:0.096122 , RMSE:0.310036 , MAE:0.251196 , MAPD:1.220213, R_squared:0.998270

2024-03-21 04:58:03,607 Epoch 161/300, Train Loss: 0.082247, Val Loss: 0.069596  
	Train = MSE:0.082247 , RMSE:0.286788 , MAE:0.200953 , MAPD:1.062710, R_squared:0.998576  
	Validation = MSE:0.069596 , RMSE:0.263811 , MAE:0.172508 , MAPD:1.069376, R_squared:0.998748

2024-03-21 04:58:29,101 Epoch 162/300, Train Loss: 0.100513, Val Loss: 0.040391  
	Train = MSE:0.100513 , RMSE:0.317039 , MAE:0.210061 , MAPD:1.084433, R_squared:0.998260  
	Validation = MSE:0.040391 , RMSE:0.200975 , MAE:0.144280 , MAPD:0.890286, R_squared:0.999273

2024-03-21 04:58:46,460 Epoch 163/300, Train Loss: 0.074649, Val Loss: 0.050513  
	Train = MSE:0.074649 , RMSE:0.273219 , MAE:0.189563 , MAPD:0.993176, R_squared:0.998708  
	Validation = MSE:0.050513 , RMSE:0.224752 , MAE:0.173448 , MAPD:1.053065, R_squared:0.999091

2024-03-21 04:59:06,327 Epoch 164/300, Train Loss: 0.089073, Val Loss: 0.241504  
	Train = MSE:0.089073 , RMSE:0.298452 , MAE:0.204856 , MAPD:1.073479, R_squared:0.998458  
	Validation = MSE:0.241504 , RMSE:0.491431 , MAE:0.397012 , MAPD:1.810014, R_squared:0.995654

2024-03-21 04:59:24,466 Epoch 165/300, Train Loss: 0.097463, Val Loss: 0.054111  
	Train = MSE:0.097463 , RMSE:0.312191 , MAE:0.207078 , MAPD:1.050846, R_squared:0.998313  
	Validation = MSE:0.054111 , RMSE:0.232618 , MAE:0.182617 , MAPD:1.064678, R_squared:0.999026

2024-03-21 04:59:41,953 Epoch 166/300, Train Loss: 0.096282, Val Loss: 0.070959  
	Train = MSE:0.096282 , RMSE:0.310293 , MAE:0.206826 , MAPD:1.030644, R_squared:0.998333  
	Validation = MSE:0.070959 , RMSE:0.266382 , MAE:0.200702 , MAPD:0.934720, R_squared:0.998723

2024-03-21 05:00:00,506 Epoch 167/300, Train Loss: 0.060753, Val Loss: 0.041077  
	Train = MSE:0.060753 , RMSE:0.246481 , MAE:0.178054 , MAPD:0.898406, R_squared:0.998948  
	Validation = MSE:0.041077 , RMSE:0.202674 , MAE:0.147716 , MAPD:0.733506, R_squared:0.999261

2024-03-21 05:00:18,390 Epoch 168/300, Train Loss: 0.079717, Val Loss: 0.032047  
	Train = MSE:0.079717 , RMSE:0.282341 , MAE:0.202714 , MAPD:1.057171, R_squared:0.998620  
	Validation = MSE:0.032047 , RMSE:0.179016 , MAE:0.119281 , MAPD:0.663051, R_squared:0.999423

2024-03-21 05:00:37,592 Epoch 169/300, Train Loss: 0.087923, Val Loss: 0.030520  
	Train = MSE:0.087923 , RMSE:0.296518 , MAE:0.202445 , MAPD:1.085337, R_squared:0.998478  
	Validation = MSE:0.030520 , RMSE:0.174699 , MAE:0.128746 , MAPD:0.677555, R_squared:0.999451

2024-03-21 05:00:55,986 Epoch 170/300, Train Loss: 0.064554, Val Loss: 0.308553  
	Train = MSE:0.064554 , RMSE:0.254074 , MAE:0.180764 , MAPD:0.920344, R_squared:0.998883  
	Validation = MSE:0.308553 , RMSE:0.555476 , MAE:0.465481 , MAPD:2.132008, R_squared:0.994448

2024-03-21 05:01:15,142 Epoch 171/300, Train Loss: 0.083259, Val Loss: 0.026970  
	Train = MSE:0.083259 , RMSE:0.288546 , MAE:0.205549 , MAPD:1.039732, R_squared:0.998559  
	Validation = MSE:0.026970 , RMSE:0.164224 , MAE:0.123850 , MAPD:0.683986, R_squared:0.999515

2024-03-21 05:01:41,211 Epoch 172/300, Train Loss: 0.061544, Val Loss: 0.025146  
	Train = MSE:0.061544 , RMSE:0.248080 , MAE:0.183363 , MAPD:0.937115, R_squared:0.998935  
	Validation = MSE:0.025146 , RMSE:0.158575 , MAE:0.107885 , MAPD:0.612535, R_squared:0.999548

2024-03-21 05:02:01,026 Epoch 173/300, Train Loss: 0.106528, Val Loss: 0.034103  
	Train = MSE:0.106528 , RMSE:0.326386 , MAE:0.222280 , MAPD:1.172992, R_squared:0.998156  
	Validation = MSE:0.034103 , RMSE:0.184669 , MAE:0.127651 , MAPD:0.729373, R_squared:0.999386

2024-03-21 05:02:19,234 Epoch 174/300, Train Loss: 0.097231, Val Loss: 0.035204  
	Train = MSE:0.097231 , RMSE:0.311819 , MAE:0.205690 , MAPD:1.074626, R_squared:0.998317  
	Validation = MSE:0.035204 , RMSE:0.187626 , MAE:0.138455 , MAPD:0.751611, R_squared:0.999367

2024-03-21 05:02:37,010 Epoch 175/300, Train Loss: 0.074908, Val Loss: 0.042707  
	Train = MSE:0.074908 , RMSE:0.273694 , MAE:0.193494 , MAPD:1.006448, R_squared:0.998703  
	Validation = MSE:0.042707 , RMSE:0.206656 , MAE:0.131595 , MAPD:0.798288, R_squared:0.999232

2024-03-21 05:02:55,782 Epoch 176/300, Train Loss: 0.072734, Val Loss: 0.056299  
	Train = MSE:0.072734 , RMSE:0.269692 , MAE:0.189688 , MAPD:1.006575, R_squared:0.998741  
	Validation = MSE:0.056299 , RMSE:0.237273 , MAE:0.143340 , MAPD:0.887424, R_squared:0.998987

2024-03-21 05:03:13,555 Epoch 177/300, Train Loss: 0.088760, Val Loss: 0.111048  
	Train = MSE:0.088760 , RMSE:0.297926 , MAE:0.204367 , MAPD:1.062944, R_squared:0.998464  
	Validation = MSE:0.111048 , RMSE:0.333239 , MAE:0.279325 , MAPD:1.371302, R_squared:0.998002

2024-03-21 05:03:32,054 Epoch 178/300, Train Loss: 0.079396, Val Loss: 0.095718  
	Train = MSE:0.079396 , RMSE:0.281773 , MAE:0.196622 , MAPD:0.993655, R_squared:0.998626  
	Validation = MSE:0.095718 , RMSE:0.309383 , MAE:0.263436 , MAPD:1.288855, R_squared:0.998278

2024-03-21 05:03:50,993 Epoch 179/300, Train Loss: 0.068364, Val Loss: 0.072074  
	Train = MSE:0.068364 , RMSE:0.261466 , MAE:0.191107 , MAPD:0.994024, R_squared:0.998817  
	Validation = MSE:0.072074 , RMSE:0.268467 , MAE:0.181135 , MAPD:0.897331, R_squared:0.998703

2024-03-21 05:04:09,851 Epoch 180/300, Train Loss: 0.087596, Val Loss: 0.029040  
	Train = MSE:0.087596 , RMSE:0.295966 , MAE:0.198867 , MAPD:1.023997, R_squared:0.998484  
	Validation = MSE:0.029040 , RMSE:0.170410 , MAE:0.128057 , MAPD:0.724032, R_squared:0.999477

2024-03-21 05:04:27,606 Epoch 181/300, Train Loss: 0.069541, Val Loss: 0.026919  
	Train = MSE:0.069541 , RMSE:0.263706 , MAE:0.194973 , MAPD:0.989734, R_squared:0.998796  
	Validation = MSE:0.026919 , RMSE:0.164069 , MAE:0.118436 , MAPD:0.677105, R_squared:0.999516

2024-03-21 05:04:52,318 Epoch 182/300, Train Loss: 0.068089, Val Loss: 0.034908  
	Train = MSE:0.068089 , RMSE:0.260938 , MAE:0.186610 , MAPD:0.951477, R_squared:0.998821  
	Validation = MSE:0.034908 , RMSE:0.186836 , MAE:0.140791 , MAPD:0.764740, R_squared:0.999372

2024-03-21 05:05:11,181 Epoch 183/300, Train Loss: 0.072143, Val Loss: 0.048954  
	Train = MSE:0.072143 , RMSE:0.268594 , MAE:0.195500 , MAPD:0.989752, R_squared:0.998751  
	Validation = MSE:0.048954 , RMSE:0.221256 , MAE:0.163049 , MAPD:0.799128, R_squared:0.999119

2024-03-21 05:05:29,757 Epoch 184/300, Train Loss: 0.080223, Val Loss: 0.091781  
	Train = MSE:0.080223 , RMSE:0.283236 , MAE:0.202092 , MAPD:1.028097, R_squared:0.998611  
	Validation = MSE:0.091781 , RMSE:0.302953 , MAE:0.264640 , MAPD:1.457813, R_squared:0.998348

2024-03-21 05:05:49,074 Epoch 185/300, Train Loss: 0.073134, Val Loss: 0.051063  
	Train = MSE:0.073134 , RMSE:0.270433 , MAE:0.197078 , MAPD:1.021784, R_squared:0.998734  
	Validation = MSE:0.051063 , RMSE:0.225972 , MAE:0.195359 , MAPD:1.107725, R_squared:0.999081

2024-03-21 05:06:07,595 Epoch 186/300, Train Loss: 0.063851, Val Loss: 0.127428  
	Train = MSE:0.063851 , RMSE:0.252688 , MAE:0.180136 , MAPD:0.915084, R_squared:0.998895  
	Validation = MSE:0.127428 , RMSE:0.356971 , MAE:0.271896 , MAPD:1.224774, R_squared:0.997707

2024-03-21 05:06:28,120 Epoch 187/300, Train Loss: 0.096662, Val Loss: 0.030444  
	Train = MSE:0.096662 , RMSE:0.310904 , MAE:0.215639 , MAPD:1.105008, R_squared:0.998327  
	Validation = MSE:0.030444 , RMSE:0.174481 , MAE:0.123467 , MAPD:0.633089, R_squared:0.999452

2024-03-21 05:06:49,136 Epoch 188/300, Train Loss: 0.071906, Val Loss: 0.029667  
	Train = MSE:0.071906 , RMSE:0.268152 , MAE:0.189990 , MAPD:0.956253, R_squared:0.998755  
	Validation = MSE:0.029667 , RMSE:0.172241 , MAE:0.127536 , MAPD:0.659319, R_squared:0.999466

2024-03-21 05:07:11,613 Epoch 189/300, Train Loss: 0.056585, Val Loss: 0.172406  
	Train = MSE:0.056585 , RMSE:0.237875 , MAE:0.177495 , MAPD:0.912239, R_squared:0.999021  
	Validation = MSE:0.172406 , RMSE:0.415218 , MAE:0.393356 , MAPD:2.193478, R_squared:0.996898

2024-03-21 05:07:31,659 Epoch 190/300, Train Loss: 0.075016, Val Loss: 0.085058  
	Train = MSE:0.075016 , RMSE:0.273891 , MAE:0.197070 , MAPD:0.992628, R_squared:0.998701  
	Validation = MSE:0.085058 , RMSE:0.291648 , MAE:0.214568 , MAPD:1.023505, R_squared:0.998469

2024-03-21 05:07:52,175 Epoch 191/300, Train Loss: 0.070541, Val Loss: 0.039283  
	Train = MSE:0.070541 , RMSE:0.265595 , MAE:0.188592 , MAPD:0.965427, R_squared:0.998779  
	Validation = MSE:0.039283 , RMSE:0.198200 , MAE:0.151330 , MAPD:0.836755, R_squared:0.999293

2024-03-21 05:08:20,132 Epoch 192/300, Train Loss: 0.062467, Val Loss: 0.040353  
	Train = MSE:0.062467 , RMSE:0.249934 , MAE:0.181980 , MAPD:0.924709, R_squared:0.998919  
	Validation = MSE:0.040353 , RMSE:0.200881 , MAE:0.154803 , MAPD:0.809486, R_squared:0.999274

2024-03-21 05:08:40,582 Epoch 193/300, Train Loss: 0.077402, Val Loss: 0.048843  
	Train = MSE:0.077402 , RMSE:0.278213 , MAE:0.200949 , MAPD:1.029015, R_squared:0.998660  
	Validation = MSE:0.048843 , RMSE:0.221005 , MAE:0.179382 , MAPD:0.888830, R_squared:0.999121

2024-03-21 05:09:00,269 Epoch 194/300, Train Loss: 0.077651, Val Loss: 0.061593  
	Train = MSE:0.077651 , RMSE:0.278660 , MAE:0.192075 , MAPD:1.007407, R_squared:0.998656  
	Validation = MSE:0.061593 , RMSE:0.248179 , MAE:0.208568 , MAPD:1.119390, R_squared:0.998892

2024-03-21 05:09:20,902 Epoch 195/300, Train Loss: 0.100100, Val Loss: 0.041264  
	Train = MSE:0.100100 , RMSE:0.316386 , MAE:0.212953 , MAPD:1.112023, R_squared:0.998267  
	Validation = MSE:0.041264 , RMSE:0.203136 , MAE:0.150189 , MAPD:0.800204, R_squared:0.999257

2024-03-21 05:09:40,976 Epoch 196/300, Train Loss: 0.074727, Val Loss: 0.030211  
	Train = MSE:0.074727 , RMSE:0.273363 , MAE:0.194167 , MAPD:0.994678, R_squared:0.998706  
	Validation = MSE:0.030211 , RMSE:0.173814 , MAE:0.136446 , MAPD:0.771439, R_squared:0.999456

2024-03-21 05:10:00,142 Epoch 197/300, Train Loss: 0.075764, Val Loss: 0.034738  
	Train = MSE:0.075764 , RMSE:0.275253 , MAE:0.200063 , MAPD:1.021866, R_squared:0.998689  
	Validation = MSE:0.034738 , RMSE:0.186380 , MAE:0.129762 , MAPD:0.722751, R_squared:0.999375

2024-03-21 05:10:21,027 Epoch 198/300, Train Loss: 0.076891, Val Loss: 0.026232  
	Train = MSE:0.076891 , RMSE:0.277292 , MAE:0.195545 , MAPD:1.031705, R_squared:0.998669  
	Validation = MSE:0.026232 , RMSE:0.161963 , MAE:0.112961 , MAPD:0.631751, R_squared:0.999528

2024-03-21 05:10:42,064 Epoch 199/300, Train Loss: 0.063365, Val Loss: 0.224304  
	Train = MSE:0.063365 , RMSE:0.251724 , MAE:0.180293 , MAPD:0.928662, R_squared:0.998903  
	Validation = MSE:0.224304 , RMSE:0.473607 , MAE:0.441315 , MAPD:2.305502, R_squared:0.995964

2024-03-21 05:11:02,116 Epoch 200/300, Train Loss: 0.079930, Val Loss: 0.182777  
	Train = MSE:0.079930 , RMSE:0.282718 , MAE:0.197846 , MAPD:1.010594, R_squared:0.998616  
	Validation = MSE:0.182777 , RMSE:0.427525 , MAE:0.390861 , MAPD:2.405961, R_squared:0.996711

2024-03-21 05:11:22,731 Epoch 201/300, Train Loss: 0.064753, Val Loss: 0.035298  
	Train = MSE:0.064753 , RMSE:0.254466 , MAE:0.182464 , MAPD:0.936430, R_squared:0.998879  
	Validation = MSE:0.035298 , RMSE:0.187877 , MAE:0.143937 , MAPD:0.812115, R_squared:0.999365

2024-03-21 05:11:52,869 Epoch 202/300, Train Loss: 0.073245, Val Loss: 0.022989  
	Train = MSE:0.073245 , RMSE:0.270639 , MAE:0.193202 , MAPD:0.990387, R_squared:0.998732  
	Validation = MSE:0.022989 , RMSE:0.151621 , MAE:0.109177 , MAPD:0.609494, R_squared:0.999586

2024-03-21 05:12:13,133 Epoch 203/300, Train Loss: 0.077001, Val Loss: 0.050799  
	Train = MSE:0.077001 , RMSE:0.277490 , MAE:0.201747 , MAPD:1.032065, R_squared:0.998667  
	Validation = MSE:0.050799 , RMSE:0.225387 , MAE:0.158647 , MAPD:0.764999, R_squared:0.999086

2024-03-21 05:12:33,916 Epoch 204/300, Train Loss: 0.072619, Val Loss: 0.224225  
	Train = MSE:0.072619 , RMSE:0.269480 , MAE:0.194227 , MAPD:0.984741, R_squared:0.998743  
	Validation = MSE:0.224225 , RMSE:0.473524 , MAE:0.364017 , MAPD:1.638709, R_squared:0.995965

2024-03-21 05:12:54,345 Epoch 205/300, Train Loss: 0.070171, Val Loss: 0.026751  
	Train = MSE:0.070171 , RMSE:0.264898 , MAE:0.190853 , MAPD:0.972015, R_squared:0.998785  
	Validation = MSE:0.026751 , RMSE:0.163557 , MAE:0.121066 , MAPD:0.662355, R_squared:0.999519

2024-03-21 05:13:14,540 Epoch 206/300, Train Loss: 0.076425, Val Loss: 0.034687  
	Train = MSE:0.076425 , RMSE:0.276451 , MAE:0.191959 , MAPD:0.972883, R_squared:0.998677  
	Validation = MSE:0.034687 , RMSE:0.186243 , MAE:0.126883 , MAPD:0.602886, R_squared:0.999376

2024-03-21 05:13:34,492 Epoch 207/300, Train Loss: 0.066676, Val Loss: 0.022572  
	Train = MSE:0.066676 , RMSE:0.258216 , MAE:0.184103 , MAPD:0.936913, R_squared:0.998846  
	Validation = MSE:0.022572 , RMSE:0.150241 , MAE:0.111607 , MAPD:0.619397, R_squared:0.999594

2024-03-21 05:13:52,727 Epoch 208/300, Train Loss: 0.067829, Val Loss: 0.106709  
	Train = MSE:0.067829 , RMSE:0.260441 , MAE:0.189051 , MAPD:0.971028, R_squared:0.998826  
	Validation = MSE:0.106709 , RMSE:0.326663 , MAE:0.280729 , MAPD:1.409796, R_squared:0.998080

2024-03-21 05:14:12,959 Epoch 209/300, Train Loss: 0.077360, Val Loss: 0.144533  
	Train = MSE:0.077360 , RMSE:0.278136 , MAE:0.190842 , MAPD:0.988353, R_squared:0.998661  
	Validation = MSE:0.144533 , RMSE:0.380175 , MAE:0.319916 , MAPD:1.526830, R_squared:0.997399

2024-03-21 05:14:30,283 Epoch 210/300, Train Loss: 0.065965, Val Loss: 0.082890  
	Train = MSE:0.065965 , RMSE:0.256836 , MAE:0.188035 , MAPD:0.955214, R_squared:0.998858  
	Validation = MSE:0.082890 , RMSE:0.287906 , MAE:0.227515 , MAPD:1.075321, R_squared:0.998508

2024-03-21 05:14:46,775 Epoch 211/300, Train Loss: 0.058887, Val Loss: 0.028082  
	Train = MSE:0.058887 , RMSE:0.242667 , MAE:0.177120 , MAPD:0.904198, R_squared:0.998981  
	Validation = MSE:0.028082 , RMSE:0.167577 , MAE:0.120977 , MAPD:0.635066, R_squared:0.999495

2024-03-21 05:15:10,421 Epoch 212/300, Train Loss: 0.066829, Val Loss: 0.033854  
	Train = MSE:0.066829 , RMSE:0.258513 , MAE:0.194012 , MAPD:1.001608, R_squared:0.998843  
	Validation = MSE:0.033854 , RMSE:0.183994 , MAE:0.131069 , MAPD:0.756727, R_squared:0.999391

2024-03-21 05:15:27,068 Epoch 213/300, Train Loss: 0.083740, Val Loss: 0.104102  
	Train = MSE:0.083740 , RMSE:0.289378 , MAE:0.196396 , MAPD:0.995399, R_squared:0.998550  
	Validation = MSE:0.104102 , RMSE:0.322648 , MAE:0.261330 , MAPD:1.252592, R_squared:0.998127

2024-03-21 05:15:44,866 Epoch 214/300, Train Loss: 0.058259, Val Loss: 0.021248  
	Train = MSE:0.058259 , RMSE:0.241369 , MAE:0.176068 , MAPD:0.895648, R_squared:0.998992  
	Validation = MSE:0.021248 , RMSE:0.145766 , MAE:0.105916 , MAPD:0.559468, R_squared:0.999618

2024-03-21 05:16:02,051 Epoch 215/300, Train Loss: 0.070979, Val Loss: 0.047137  
	Train = MSE:0.070979 , RMSE:0.266419 , MAE:0.194471 , MAPD:0.984838, R_squared:0.998771  
	Validation = MSE:0.047137 , RMSE:0.217111 , MAE:0.185783 , MAPD:1.123572, R_squared:0.999152

2024-03-21 05:16:18,200 Epoch 216/300, Train Loss: 0.057035, Val Loss: 0.189216  
	Train = MSE:0.057035 , RMSE:0.238821 , MAE:0.176875 , MAPD:0.900841, R_squared:0.999013  
	Validation = MSE:0.189216 , RMSE:0.434990 , MAE:0.366756 , MAPD:1.837659, R_squared:0.996595

2024-03-21 05:16:34,846 Epoch 217/300, Train Loss: 0.074896, Val Loss: 0.028512  
	Train = MSE:0.074896 , RMSE:0.273671 , MAE:0.190439 , MAPD:0.964160, R_squared:0.998704  
	Validation = MSE:0.028512 , RMSE:0.168854 , MAE:0.128377 , MAPD:0.686548, R_squared:0.999487

2024-03-21 05:16:51,258 Epoch 218/300, Train Loss: 0.059305, Val Loss: 0.033258  
	Train = MSE:0.059305 , RMSE:0.243526 , MAE:0.174444 , MAPD:0.883194, R_squared:0.998973  
	Validation = MSE:0.033258 , RMSE:0.182369 , MAE:0.139245 , MAPD:0.749228, R_squared:0.999402

2024-03-21 05:17:08,721 Epoch 219/300, Train Loss: 0.074028, Val Loss: 0.044264  
	Train = MSE:0.074028 , RMSE:0.272081 , MAE:0.193971 , MAPD:0.983154, R_squared:0.998719  
	Validation = MSE:0.044264 , RMSE:0.210389 , MAE:0.166460 , MAPD:0.867198, R_squared:0.999204

2024-03-21 05:17:25,082 Epoch 220/300, Train Loss: 0.068882, Val Loss: 0.026669  
	Train = MSE:0.068882 , RMSE:0.262453 , MAE:0.186026 , MAPD:0.929215, R_squared:0.998808  
	Validation = MSE:0.026669 , RMSE:0.163305 , MAE:0.119454 , MAPD:0.656481, R_squared:0.999520

2024-03-21 05:17:40,860 Epoch 221/300, Train Loss: 0.061256, Val Loss: 0.043730  
	Train = MSE:0.061256 , RMSE:0.247499 , MAE:0.179352 , MAPD:0.921753, R_squared:0.998940  
	Validation = MSE:0.043730 , RMSE:0.209117 , MAE:0.159121 , MAPD:0.858132, R_squared:0.999213

2024-03-21 05:18:07,790 Epoch 222/300, Train Loss: 0.084531, Val Loss: 0.054657  
	Train = MSE:0.084531 , RMSE:0.290743 , MAE:0.203277 , MAPD:1.041361, R_squared:0.998537  
	Validation = MSE:0.054657 , RMSE:0.233788 , MAE:0.150828 , MAPD:0.935795, R_squared:0.999017

2024-03-21 05:18:23,501 Epoch 223/300, Train Loss: 0.084553, Val Loss: 0.061067  
	Train = MSE:0.084553 , RMSE:0.290780 , MAE:0.195546 , MAPD:1.018675, R_squared:0.998536  
	Validation = MSE:0.061067 , RMSE:0.247118 , MAE:0.196223 , MAPD:0.966011, R_squared:0.998901

2024-03-21 05:18:38,837 Epoch 224/300, Train Loss: 0.060076, Val Loss: 0.040369  
	Train = MSE:0.060076 , RMSE:0.245105 , MAE:0.178087 , MAPD:0.897693, R_squared:0.998960  
	Validation = MSE:0.040369 , RMSE:0.200919 , MAE:0.142050 , MAPD:0.669270, R_squared:0.999274

2024-03-21 05:18:55,713 Epoch 225/300, Train Loss: 0.084346, Val Loss: 0.511198  
	Train = MSE:0.084346 , RMSE:0.290424 , MAE:0.204712 , MAPD:1.037650, R_squared:0.998540  
	Validation = MSE:0.511198 , RMSE:0.714981 , MAE:0.645359 , MAPD:3.132253, R_squared:0.990801

2024-03-21 05:19:11,051 Epoch 226/300, Train Loss: 0.066948, Val Loss: 0.142052  
	Train = MSE:0.066948 , RMSE:0.258743 , MAE:0.184701 , MAPD:0.922164, R_squared:0.998841  
	Validation = MSE:0.142052 , RMSE:0.376898 , MAE:0.313370 , MAPD:2.053415, R_squared:0.997444

2024-03-21 05:19:28,119 Epoch 227/300, Train Loss: 0.062332, Val Loss: 0.056992  
	Train = MSE:0.062332 , RMSE:0.249664 , MAE:0.180384 , MAPD:0.926567, R_squared:0.998921  
	Validation = MSE:0.056992 , RMSE:0.238731 , MAE:0.187694 , MAPD:0.941898, R_squared:0.998974

2024-03-21 05:19:43,519 Epoch 228/300, Train Loss: 0.069695, Val Loss: 0.034364  
	Train = MSE:0.069695 , RMSE:0.263998 , MAE:0.188404 , MAPD:0.952113, R_squared:0.998794  
	Validation = MSE:0.034364 , RMSE:0.185376 , MAE:0.134886 , MAPD:0.651187, R_squared:0.999382

2024-03-21 05:20:00,433 Epoch 229/300, Train Loss: 0.071806, Val Loss: 0.031931  
	Train = MSE:0.071806 , RMSE:0.267965 , MAE:0.194830 , MAPD:1.004109, R_squared:0.998757  
	Validation = MSE:0.031931 , RMSE:0.178694 , MAE:0.128231 , MAPD:0.654025, R_squared:0.999425

2024-03-21 05:20:16,240 Epoch 230/300, Train Loss: 0.067979, Val Loss: 0.033181  
	Train = MSE:0.067979 , RMSE:0.260728 , MAE:0.185321 , MAPD:0.940797, R_squared:0.998823  
	Validation = MSE:0.033181 , RMSE:0.182157 , MAE:0.127786 , MAPD:0.635737, R_squared:0.999403

2024-03-21 05:20:31,296 Epoch 231/300, Train Loss: 0.069110, Val Loss: 0.024862  
	Train = MSE:0.069110 , RMSE:0.262889 , MAE:0.191060 , MAPD:0.965599, R_squared:0.998804  
	Validation = MSE:0.024862 , RMSE:0.157676 , MAE:0.116278 , MAPD:0.637663, R_squared:0.999553

2024-03-21 05:20:53,418 Epoch 232/300, Train Loss: 0.066544, Val Loss: 0.175452  
	Train = MSE:0.066544 , RMSE:0.257961 , MAE:0.180812 , MAPD:0.929459, R_squared:0.998848  
	Validation = MSE:0.175452 , RMSE:0.418870 , MAE:0.371271 , MAPD:1.940929, R_squared:0.996843

2024-03-21 05:21:09,292 Epoch 233/300, Train Loss: 0.077540, Val Loss: 0.038252  
	Train = MSE:0.077540 , RMSE:0.278460 , MAE:0.198096 , MAPD:1.003637, R_squared:0.998658  
	Validation = MSE:0.038252 , RMSE:0.195581 , MAE:0.156725 , MAPD:0.892673, R_squared:0.999312

2024-03-21 05:21:24,926 Epoch 234/300, Train Loss: 0.067020, Val Loss: 0.030776  
	Train = MSE:0.067020 , RMSE:0.258882 , MAE:0.190229 , MAPD:0.966700, R_squared:0.998840  
	Validation = MSE:0.030776 , RMSE:0.175431 , MAE:0.133274 , MAPD:0.726546, R_squared:0.999446

2024-03-21 05:21:40,147 Epoch 235/300, Train Loss: 0.061814, Val Loss: 0.869320  
	Train = MSE:0.061814 , RMSE:0.248625 , MAE:0.180799 , MAPD:0.918047, R_squared:0.998930  
	Validation = MSE:0.869320 , RMSE:0.932373 , MAE:0.843477 , MAPD:4.393174, R_squared:0.984357

2024-03-21 05:21:55,616 Epoch 236/300, Train Loss: 0.084672, Val Loss: 0.039934  
	Train = MSE:0.084672 , RMSE:0.290985 , MAE:0.196147 , MAPD:0.986418, R_squared:0.998534  
	Validation = MSE:0.039934 , RMSE:0.199835 , MAE:0.151818 , MAPD:0.825140, R_squared:0.999281

2024-03-21 05:22:10,521 Epoch 237/300, Train Loss: 0.075558, Val Loss: 0.197477  
	Train = MSE:0.075558 , RMSE:0.274879 , MAE:0.197940 , MAPD:1.029379, R_squared:0.998692  
	Validation = MSE:0.197477 , RMSE:0.444384 , MAE:0.347496 , MAPD:1.603913, R_squared:0.996447

2024-03-21 05:22:26,625 Epoch 238/300, Train Loss: 0.069566, Val Loss: 0.021825  
	Train = MSE:0.069566 , RMSE:0.263754 , MAE:0.184977 , MAPD:0.939362, R_squared:0.998796  
	Validation = MSE:0.021825 , RMSE:0.147734 , MAE:0.103737 , MAPD:0.558447, R_squared:0.999607

2024-03-21 05:22:42,525 Epoch 239/300, Train Loss: 0.075144, Val Loss: 0.083085  
	Train = MSE:0.075144 , RMSE:0.274124 , MAE:0.195012 , MAPD:1.005366, R_squared:0.998699  
	Validation = MSE:0.083085 , RMSE:0.288244 , MAE:0.216015 , MAPD:1.015822, R_squared:0.998505

2024-03-21 05:22:59,769 Epoch 240/300, Train Loss: 0.062573, Val Loss: 0.043492  
	Train = MSE:0.062573 , RMSE:0.250146 , MAE:0.181362 , MAPD:0.910464, R_squared:0.998917  
	Validation = MSE:0.043492 , RMSE:0.208547 , MAE:0.168665 , MAPD:1.042739, R_squared:0.999217

2024-03-21 05:23:14,375 Epoch 241/300, Train Loss: 0.106060, Val Loss: 0.036189  
	Train = MSE:0.106060 , RMSE:0.325668 , MAE:0.209845 , MAPD:1.056995, R_squared:0.998164  
	Validation = MSE:0.036189 , RMSE:0.190234 , MAE:0.136608 , MAPD:0.691099, R_squared:0.999349

2024-03-21 05:23:40,638 Epoch 242/300, Train Loss: 0.058422, Val Loss: 0.062926  
	Train = MSE:0.058422 , RMSE:0.241707 , MAE:0.178544 , MAPD:0.913524, R_squared:0.998989  
	Validation = MSE:0.062926 , RMSE:0.250851 , MAE:0.222988 , MAPD:1.252307, R_squared:0.998868

2024-03-21 05:23:55,219 Epoch 243/300, Train Loss: 0.077013, Val Loss: 0.025228  
	Train = MSE:0.077013 , RMSE:0.277512 , MAE:0.181745 , MAPD:0.917406, R_squared:0.998667  
	Validation = MSE:0.025228 , RMSE:0.158832 , MAE:0.107289 , MAPD:0.617606, R_squared:0.999546

2024-03-21 05:24:10,005 Epoch 244/300, Train Loss: 0.069717, Val Loss: 0.042519  
	Train = MSE:0.069717 , RMSE:0.264041 , MAE:0.189170 , MAPD:1.001744, R_squared:0.998793  
	Validation = MSE:0.042519 , RMSE:0.206202 , MAE:0.168121 , MAPD:0.994547, R_squared:0.999235

2024-03-21 05:24:25,673 Epoch 245/300, Train Loss: 0.082083, Val Loss: 0.025702  
	Train = MSE:0.082083 , RMSE:0.286501 , MAE:0.186770 , MAPD:0.971140, R_squared:0.998579  
	Validation = MSE:0.025702 , RMSE:0.160320 , MAE:0.111637 , MAPD:0.591880, R_squared:0.999538

2024-03-21 05:24:40,354 Epoch 246/300, Train Loss: 0.068169, Val Loss: 0.060278  
	Train = MSE:0.068169 , RMSE:0.261092 , MAE:0.177471 , MAPD:0.903720, R_squared:0.998820  
	Validation = MSE:0.060278 , RMSE:0.245517 , MAE:0.209861 , MAPD:1.130849, R_squared:0.998915

2024-03-21 05:24:55,376 Epoch 247/300, Train Loss: 0.070877, Val Loss: 0.044014  
	Train = MSE:0.070877 , RMSE:0.266228 , MAE:0.187832 , MAPD:0.960066, R_squared:0.998773  
	Validation = MSE:0.044014 , RMSE:0.209794 , MAE:0.142044 , MAPD:0.647121, R_squared:0.999208

2024-03-21 05:25:10,018 Epoch 248/300, Train Loss: 0.054462, Val Loss: 0.069831  
	Train = MSE:0.054462 , RMSE:0.233372 , MAE:0.167479 , MAPD:0.844379, R_squared:0.999057  
	Validation = MSE:0.069831 , RMSE:0.264256 , MAE:0.204033 , MAPD:1.084993, R_squared:0.998743

2024-03-21 05:25:26,020 Epoch 249/300, Train Loss: 0.070755, Val Loss: 0.501506  
	Train = MSE:0.070755 , RMSE:0.265999 , MAE:0.193522 , MAPD:0.983429, R_squared:0.998775  
	Validation = MSE:0.501506 , RMSE:0.708171 , MAE:0.599365 , MAPD:2.760008, R_squared:0.990976

2024-03-21 05:25:40,591 Epoch 250/300, Train Loss: 0.055977, Val Loss: 0.040490  
	Train = MSE:0.055977 , RMSE:0.236594 , MAE:0.169213 , MAPD:0.862412, R_squared:0.999031  
	Validation = MSE:0.040490 , RMSE:0.201220 , MAE:0.160525 , MAPD:0.954530, R_squared:0.999271

2024-03-21 05:25:55,133 Epoch 251/300, Train Loss: 0.075710, Val Loss: 0.147743  
	Train = MSE:0.075710 , RMSE:0.275155 , MAE:0.193394 , MAPD:0.997838, R_squared:0.998689  
	Validation = MSE:0.147743 , RMSE:0.384373 , MAE:0.350478 , MAPD:2.092259, R_squared:0.997342

2024-03-21 05:26:17,432 Epoch 252/300, Train Loss: 0.076948, Val Loss: 0.091838  
	Train = MSE:0.076948 , RMSE:0.277395 , MAE:0.185439 , MAPD:0.957602, R_squared:0.998668  
	Validation = MSE:0.091838 , RMSE:0.303047 , MAE:0.262573 , MAPD:1.374052, R_squared:0.998347

2024-03-21 05:26:31,811 Epoch 253/300, Train Loss: 0.068057, Val Loss: 0.033973  
	Train = MSE:0.068057 , RMSE:0.260877 , MAE:0.184132 , MAPD:0.955453, R_squared:0.998822  
	Validation = MSE:0.033973 , RMSE:0.184317 , MAE:0.129349 , MAPD:0.711850, R_squared:0.999389

2024-03-21 05:26:47,727 Epoch 254/300, Train Loss: 0.073208, Val Loss: 0.025673  
	Train = MSE:0.073208 , RMSE:0.270569 , MAE:0.184957 , MAPD:0.949247, R_squared:0.998733  
	Validation = MSE:0.025673 , RMSE:0.160229 , MAE:0.116565 , MAPD:0.664235, R_squared:0.999538

2024-03-21 05:27:02,702 Epoch 255/300, Train Loss: 0.073406, Val Loss: 0.046313  
	Train = MSE:0.073406 , RMSE:0.270936 , MAE:0.183154 , MAPD:0.931842, R_squared:0.998729  
	Validation = MSE:0.046313 , RMSE:0.215204 , MAE:0.185997 , MAPD:1.022790, R_squared:0.999167

2024-03-21 05:27:18,020 Epoch 256/300, Train Loss: 0.065503, Val Loss: 0.034179  
	Train = MSE:0.065503 , RMSE:0.255936 , MAE:0.192866 , MAPD:0.995690, R_squared:0.998866  
	Validation = MSE:0.034179 , RMSE:0.184875 , MAE:0.147622 , MAPD:0.838568, R_squared:0.999385

2024-03-21 05:27:32,675 Epoch 257/300, Train Loss: 0.065268, Val Loss: 0.025931  
	Train = MSE:0.065268 , RMSE:0.255476 , MAE:0.188238 , MAPD:0.955590, R_squared:0.998870  
	Validation = MSE:0.025931 , RMSE:0.161031 , MAE:0.111662 , MAPD:0.600317, R_squared:0.999533

2024-03-21 05:27:47,795 Epoch 258/300, Train Loss: 0.073670, Val Loss: 0.035841  
	Train = MSE:0.073670 , RMSE:0.271422 , MAE:0.191201 , MAPD:0.989772, R_squared:0.998725  
	Validation = MSE:0.035841 , RMSE:0.189316 , MAE:0.138587 , MAPD:0.792032, R_squared:0.999355

2024-03-21 05:28:02,149 Epoch 259/300, Train Loss: 0.069017, Val Loss: 0.075824  
	Train = MSE:0.069017 , RMSE:0.262711 , MAE:0.190814 , MAPD:0.982599, R_squared:0.998805  
	Validation = MSE:0.075824 , RMSE:0.275361 , MAE:0.205460 , MAPD:0.987618, R_squared:0.998636

2024-03-21 05:28:17,692 Epoch 260/300, Train Loss: 0.074099, Val Loss: 0.047101  
	Train = MSE:0.074099 , RMSE:0.272211 , MAE:0.196407 , MAPD:1.010943, R_squared:0.998717  
	Validation = MSE:0.047101 , RMSE:0.217027 , MAE:0.166908 , MAPD:0.845983, R_squared:0.999152

2024-03-21 05:28:32,851 Epoch 261/300, Train Loss: 0.059094, Val Loss: 0.064418  
	Train = MSE:0.059094 , RMSE:0.243092 , MAE:0.178817 , MAPD:0.923338, R_squared:0.998977  
	Validation = MSE:0.064418 , RMSE:0.253807 , MAE:0.215787 , MAPD:1.218263, R_squared:0.998841

2024-03-21 05:29:00,149 Epoch 262/300, Train Loss: 0.060209, Val Loss: 0.027898  
	Train = MSE:0.060209 , RMSE:0.245375 , MAE:0.174785 , MAPD:0.892711, R_squared:0.998958  
	Validation = MSE:0.027898 , RMSE:0.167027 , MAE:0.125670 , MAPD:0.704631, R_squared:0.999498

2024-03-21 05:29:15,458 Epoch 263/300, Train Loss: 0.071475, Val Loss: 0.022274  
	Train = MSE:0.071475 , RMSE:0.267348 , MAE:0.192166 , MAPD:0.991478, R_squared:0.998763  
	Validation = MSE:0.022274 , RMSE:0.149243 , MAE:0.111980 , MAPD:0.632815, R_squared:0.999599

2024-03-21 05:29:30,188 Epoch 264/300, Train Loss: 0.062890, Val Loss: 0.043115  
	Train = MSE:0.062890 , RMSE:0.250778 , MAE:0.179908 , MAPD:0.906553, R_squared:0.998911  
	Validation = MSE:0.043115 , RMSE:0.207641 , MAE:0.169611 , MAPD:0.871216, R_squared:0.999224

2024-03-21 05:29:45,926 Epoch 265/300, Train Loss: 0.068012, Val Loss: 0.053107  
	Train = MSE:0.068012 , RMSE:0.260791 , MAE:0.182784 , MAPD:0.916491, R_squared:0.998823  
	Validation = MSE:0.053107 , RMSE:0.230449 , MAE:0.170267 , MAPD:0.799666, R_squared:0.999044

2024-03-21 05:30:02,331 Epoch 266/300, Train Loss: 0.060451, Val Loss: 0.163446  
	Train = MSE:0.060451 , RMSE:0.245868 , MAE:0.177680 , MAPD:0.901788, R_squared:0.998954  
	Validation = MSE:0.163446 , RMSE:0.404284 , MAE:0.343445 , MAPD:1.650300, R_squared:0.997059

2024-03-21 05:30:18,362 Epoch 267/300, Train Loss: 0.070851, Val Loss: 0.050562  
	Train = MSE:0.070851 , RMSE:0.266179 , MAE:0.186322 , MAPD:0.940975, R_squared:0.998774  
	Validation = MSE:0.050562 , RMSE:0.224859 , MAE:0.173989 , MAPD:0.939741, R_squared:0.999090

2024-03-21 05:30:34,401 Epoch 268/300, Train Loss: 0.057166, Val Loss: 0.045293  
	Train = MSE:0.057166 , RMSE:0.239095 , MAE:0.175309 , MAPD:0.907934, R_squared:0.999010  
	Validation = MSE:0.045293 , RMSE:0.212821 , MAE:0.176086 , MAPD:0.967852, R_squared:0.999185

2024-03-21 05:30:52,210 Epoch 269/300, Train Loss: 0.069537, Val Loss: 0.039991  
	Train = MSE:0.069537 , RMSE:0.263699 , MAE:0.185784 , MAPD:0.930416, R_squared:0.998796  
	Validation = MSE:0.039991 , RMSE:0.199978 , MAE:0.153143 , MAPD:0.828713, R_squared:0.999280

2024-03-21 05:31:08,498 Epoch 270/300, Train Loss: 0.060921, Val Loss: 0.043230  
	Train = MSE:0.060921 , RMSE:0.246823 , MAE:0.172586 , MAPD:0.882524, R_squared:0.998945  
	Validation = MSE:0.043230 , RMSE:0.207918 , MAE:0.157344 , MAPD:0.892189, R_squared:0.999222

2024-03-21 05:31:25,206 Epoch 271/300, Train Loss: 0.068659, Val Loss: 0.128611  
	Train = MSE:0.068659 , RMSE:0.262028 , MAE:0.181619 , MAPD:0.942669, R_squared:0.998812  
	Validation = MSE:0.128611 , RMSE:0.358624 , MAE:0.320363 , MAPD:1.703083, R_squared:0.997686

2024-03-21 05:31:48,097 Epoch 272/300, Train Loss: 0.055991, Val Loss: 0.025951  
	Train = MSE:0.055991 , RMSE:0.236625 , MAE:0.175606 , MAPD:0.882198, R_squared:0.999031  
	Validation = MSE:0.025951 , RMSE:0.161092 , MAE:0.127322 , MAPD:0.722511, R_squared:0.999533

2024-03-21 05:32:04,206 Epoch 273/300, Train Loss: 0.078873, Val Loss: 0.065420  
	Train = MSE:0.078873 , RMSE:0.280843 , MAE:0.199952 , MAPD:1.020558, R_squared:0.998635  
	Validation = MSE:0.065420 , RMSE:0.255774 , MAE:0.187244 , MAPD:0.865203, R_squared:0.998823

2024-03-21 05:32:20,410 Epoch 274/300, Train Loss: 0.063511, Val Loss: 0.025326  
	Train = MSE:0.063511 , RMSE:0.252013 , MAE:0.180353 , MAPD:0.909833, R_squared:0.998901  
	Validation = MSE:0.025326 , RMSE:0.159140 , MAE:0.124526 , MAPD:0.700468, R_squared:0.999544

2024-03-21 05:32:37,959 Epoch 275/300, Train Loss: 0.061533, Val Loss: 0.054275  
	Train = MSE:0.061533 , RMSE:0.248059 , MAE:0.178006 , MAPD:0.904916, R_squared:0.998935  
	Validation = MSE:0.054275 , RMSE:0.232969 , MAE:0.196301 , MAPD:1.100980, R_squared:0.999023

2024-03-21 05:32:52,931 Epoch 276/300, Train Loss: 0.078665, Val Loss: 0.095381  
	Train = MSE:0.078665 , RMSE:0.280473 , MAE:0.193152 , MAPD:0.980812, R_squared:0.998638  
	Validation = MSE:0.095381 , RMSE:0.308838 , MAE:0.233612 , MAPD:1.168661, R_squared:0.998284

2024-03-21 05:33:08,259 Epoch 277/300, Train Loss: 0.058163, Val Loss: 0.068100  
	Train = MSE:0.058163 , RMSE:0.241170 , MAE:0.176902 , MAPD:0.898925, R_squared:0.998993  
	Validation = MSE:0.068100 , RMSE:0.260961 , MAE:0.223860 , MAPD:1.214498, R_squared:0.998775

2024-03-21 05:33:23,786 Epoch 278/300, Train Loss: 0.066469, Val Loss: 0.143531  
	Train = MSE:0.066469 , RMSE:0.257817 , MAE:0.186345 , MAPD:0.955078, R_squared:0.998849  
	Validation = MSE:0.143531 , RMSE:0.378855 , MAE:0.299034 , MAPD:1.370848, R_squared:0.997417

2024-03-21 05:33:38,624 Epoch 279/300, Train Loss: 0.056794, Val Loss: 0.028614  
	Train = MSE:0.056794 , RMSE:0.238314 , MAE:0.174645 , MAPD:0.884148, R_squared:0.999017  
	Validation = MSE:0.028614 , RMSE:0.169157 , MAE:0.123206 , MAPD:0.645285, R_squared:0.999485

2024-03-21 05:33:53,483 Epoch 280/300, Train Loss: 0.059051, Val Loss: 0.215581  
	Train = MSE:0.059051 , RMSE:0.243005 , MAE:0.175851 , MAPD:0.902233, R_squared:0.998978  
	Validation = MSE:0.215581 , RMSE:0.464307 , MAE:0.421259 , MAPD:2.139416, R_squared:0.996121

2024-03-21 05:34:08,596 Epoch 281/300, Train Loss: 0.058279, Val Loss: 0.051560  
	Train = MSE:0.058279 , RMSE:0.241410 , MAE:0.166660 , MAPD:0.839164, R_squared:0.998991  
	Validation = MSE:0.051560 , RMSE:0.227068 , MAE:0.188874 , MAPD:1.105444, R_squared:0.999072

2024-03-21 05:34:31,258 Epoch 282/300, Train Loss: 0.068018, Val Loss: 0.075128  
	Train = MSE:0.068018 , RMSE:0.260803 , MAE:0.184435 , MAPD:0.960071, R_squared:0.998823  
	Validation = MSE:0.075127 , RMSE:0.274094 , MAE:0.236168 , MAPD:1.289346, R_squared:0.998648

2024-03-21 05:34:46,420 Epoch 283/300, Train Loss: 0.072163, Val Loss: 0.218419  
	Train = MSE:0.072163 , RMSE:0.268632 , MAE:0.189468 , MAPD:0.958493, R_squared:0.998751  
	Validation = MSE:0.218419 , RMSE:0.467353 , MAE:0.364562 , MAPD:1.610393, R_squared:0.996070

2024-03-21 05:35:02,254 Epoch 284/300, Train Loss: 0.071231, Val Loss: 0.024000  
	Train = MSE:0.071231 , RMSE:0.266891 , MAE:0.180868 , MAPD:0.923105, R_squared:0.998767  
	Validation = MSE:0.024000 , RMSE:0.154918 , MAE:0.113696 , MAPD:0.567243, R_squared:0.999568

2024-03-21 05:35:17,163 Epoch 285/300, Train Loss: 0.056952, Val Loss: 0.102695  
	Train = MSE:0.056952 , RMSE:0.238645 , MAE:0.169425 , MAPD:0.860122, R_squared:0.999014  
	Validation = MSE:0.102695 , RMSE:0.320461 , MAE:0.276487 , MAPD:1.398629, R_squared:0.998152

2024-03-21 05:35:32,976 Epoch 286/300, Train Loss: 0.069450, Val Loss: 0.051884  
	Train = MSE:0.069450 , RMSE:0.263534 , MAE:0.186246 , MAPD:0.944461, R_squared:0.998798  
	Validation = MSE:0.051884 , RMSE:0.227781 , MAE:0.196105 , MAPD:1.023383, R_squared:0.999066

2024-03-21 05:35:47,611 Epoch 287/300, Train Loss: 0.061993, Val Loss: 0.024314  
	Train = MSE:0.061993 , RMSE:0.248983 , MAE:0.177709 , MAPD:0.909931, R_squared:0.998927  
	Validation = MSE:0.024314 , RMSE:0.155931 , MAE:0.108038 , MAPD:0.568904, R_squared:0.999562

2024-03-21 05:36:02,742 Epoch 288/300, Train Loss: 0.063521, Val Loss: 0.022073  
	Train = MSE:0.063521 , RMSE:0.252034 , MAE:0.175526 , MAPD:0.893111, R_squared:0.998900  
	Validation = MSE:0.022073 , RMSE:0.148569 , MAE:0.101872 , MAPD:0.534643, R_squared:0.999603

2024-03-21 05:36:17,919 Epoch 289/300, Train Loss: 0.069064, Val Loss: 0.059410  
	Train = MSE:0.069064 , RMSE:0.262801 , MAE:0.185788 , MAPD:0.943999, R_squared:0.998804  
	Validation = MSE:0.059410 , RMSE:0.243742 , MAE:0.197337 , MAPD:1.246972, R_squared:0.998931

2024-03-21 05:36:32,880 Epoch 290/300, Train Loss: 0.065524, Val Loss: 0.178544  
	Train = MSE:0.065524 , RMSE:0.255976 , MAE:0.185302 , MAPD:0.943939, R_squared:0.998866  
	Validation = MSE:0.178544 , RMSE:0.422544 , MAE:0.363394 , MAPD:1.850765, R_squared:0.996787

2024-03-21 05:36:47,973 Epoch 291/300, Train Loss: 0.071155, Val Loss: 0.226211  
	Train = MSE:0.071155 , RMSE:0.266749 , MAE:0.188584 , MAPD:0.957220, R_squared:0.998768  
	Validation = MSE:0.226211 , RMSE:0.475616 , MAE:0.358451 , MAPD:1.562311, R_squared:0.995930

2024-03-21 05:37:11,133 Epoch 292/300, Train Loss: 0.062908, Val Loss: 0.067261  
	Train = MSE:0.062908 , RMSE:0.250814 , MAE:0.179716 , MAPD:0.920521, R_squared:0.998911  
	Validation = MSE:0.067261 , RMSE:0.259347 , MAE:0.198035 , MAPD:0.996704, R_squared:0.998790

2024-03-21 05:37:26,167 Epoch 293/300, Train Loss: 0.063035, Val Loss: 0.069624  
	Train = MSE:0.063035 , RMSE:0.251067 , MAE:0.179825 , MAPD:0.909239, R_squared:0.998909  
	Validation = MSE:0.069624 , RMSE:0.263863 , MAE:0.217529 , MAPD:1.137752, R_squared:0.998747

2024-03-21 05:37:41,041 Epoch 294/300, Train Loss: 0.066109, Val Loss: 0.043284  
	Train = MSE:0.066109 , RMSE:0.257117 , MAE:0.185512 , MAPD:0.955675, R_squared:0.998856  
	Validation = MSE:0.043284 , RMSE:0.208047 , MAE:0.147515 , MAPD:0.695956, R_squared:0.999221

2024-03-21 05:37:55,885 Epoch 295/300, Train Loss: 0.050622, Val Loss: 0.044350  
	Train = MSE:0.050622 , RMSE:0.224992 , MAE:0.167564 , MAPD:0.858167, R_squared:0.999124  
	Validation = MSE:0.044350 , RMSE:0.210595 , MAE:0.151537 , MAPD:0.731736, R_squared:0.999202

2024-03-21 05:38:11,235 Epoch 296/300, Train Loss: 0.059565, Val Loss: 0.022911  
	Train = MSE:0.059565 , RMSE:0.244059 , MAE:0.176997 , MAPD:0.900760, R_squared:0.998969  
	Validation = MSE:0.022911 , RMSE:0.151364 , MAE:0.107277 , MAPD:0.578220, R_squared:0.999588

2024-03-21 05:38:26,148 Epoch 297/300, Train Loss: 0.067938, Val Loss: 0.032401  
	Train = MSE:0.067938 , RMSE:0.260650 , MAE:0.189342 , MAPD:0.974725, R_squared:0.998824  
	Validation = MSE:0.032401 , RMSE:0.180004 , MAE:0.127724 , MAPD:0.671488, R_squared:0.999417

2024-03-21 05:38:41,897 Epoch 298/300, Train Loss: 0.060475, Val Loss: 0.034601  
	Train = MSE:0.060475 , RMSE:0.245916 , MAE:0.174203 , MAPD:0.890631, R_squared:0.998953  
	Validation = MSE:0.034601 , RMSE:0.186014 , MAE:0.142501 , MAPD:0.781141, R_squared:0.999377

2024-03-21 05:38:59,363 Epoch 299/300, Train Loss: 0.064942, Val Loss: 0.035818  
	Train = MSE:0.064942 , RMSE:0.254838 , MAE:0.187571 , MAPD:0.959158, R_squared:0.998876  
	Validation = MSE:0.035818 , RMSE:0.189257 , MAE:0.130117 , MAPD:0.661984, R_squared:0.999355

2024-03-21 05:39:14,856 Epoch 300/300, Train Loss: 0.061775, Val Loss: 0.102549  
	Train = MSE:0.061775 , RMSE:0.248546 , MAE:0.178981 , MAPD:0.914885, R_squared:0.998931  
	Validation = MSE:0.102549 , RMSE:0.320233 , MAE:0.227149 , MAPD:1.045767, R_squared:0.998155

2024-03-21 05:39:14,861 Time for training the model: 5474.160000
2024-03-21 05:39:24,194 MSE for train: 0.104324
2024-03-21 05:39:24,195 RMSE for train: 0.322992
2024-03-21 05:39:24,195 MAE for train: 0.231965
2024-03-21 05:39:24,195 MAPD for train: 1.023266
2024-03-21 05:39:24,195 R^2 Score for train: 0.998194
2024-03-21 05:39:24,200 Inference time for train dataset: 1.007998

2024-03-21 05:39:24,344 MSE for val: 0.102549
2024-03-21 05:39:24,345 RMSE for val: 0.320233
2024-03-21 05:39:24,345 MAE for val: 0.227149
2024-03-21 05:39:24,345 MAPD for val: 1.045767
2024-03-21 05:39:24,345 R^2 Score for val: 0.998155
2024-03-21 05:39:24,352 Inference time for val dataset: 0.145000

2024-03-21 05:39:24,503 MSE for test: 0.120892
2024-03-21 05:39:24,503 RMSE for test: 0.347696
2024-03-21 05:39:24,504 MAE for test: 0.253994
2024-03-21 05:39:24,504 MAPD for test: 1.074292
2024-03-21 05:39:24,504 R^2 Score for test: 0.998005
2024-03-21 05:39:24,509 Inference time for test dataset: 0.152000

2024-03-21 05:39:32,080 Train label average: , [20.62097221]
2024-03-21 05:39:32,080 Test label average: , [21.41736175]
2024-03-21 05:39:32,080 validation label average: , [20.14607025]
2024-03-21 05:39:32,080 predicted (on validation dataset) values average: , 21.61080078125
