2024-03-21 03:46:59,915 train batches in dataset: 7
2024-03-21 03:46:59,915 val batches in dataset: 1
2024-03-21 03:46:59,915 test batches in dataset: 1
2024-03-21 03:46:59,931 Trainable parameter: net_core.0.weight - size: torch.Size([256, 35])
2024-03-21 03:46:59,935 Trainable parameter: net_core.0.bias - size: torch.Size([256])
2024-03-21 03:46:59,939 Trainable parameter: net_core.1.weight - size: torch.Size([128, 256])
2024-03-21 03:46:59,945 Trainable parameter: net_core.1.bias - size: torch.Size([128])
2024-03-21 03:46:59,952 Trainable parameter: net_core.2.weight - size: torch.Size([64, 128])
2024-03-21 03:46:59,957 Trainable parameter: net_core.2.bias - size: torch.Size([64])
2024-03-21 03:46:59,964 Trainable parameter: net_core.3.weight - size: torch.Size([16, 64])
2024-03-21 03:46:59,965 Trainable parameter: net_core.3.bias - size: torch.Size([16])
2024-03-21 03:46:59,965 Trainable parameter: net_core.4.weight - size: torch.Size([1, 16])
2024-03-21 03:46:59,965 Trainable parameter: net_core.4.bias - size: torch.Size([1])
2024-03-21 03:46:59,965 Number of trainable parameters: 51425
2024-03-21 03:46:59,966 Number of non-trainable parameters: 0
2024-03-21 03:47:02,766 Epoch 1/300, Train Loss: 220.469885, Val Loss: 185.164154  
	Train = MSE:231.955490 , RMSE:15.230085 , MAE:12.480405 , MAPD:65.430187, R_squared:-3.015189  
	Validation = MSE:185.164154 , RMSE:13.607504 , MAE:12.011045 , MAPD:55.933552, R_squared:-2.331852

2024-03-21 03:47:05,608 Epoch 2/300, Train Loss: 124.450169, Val Loss: 103.032997  
	Train = MSE:131.821289 , RMSE:11.481345 , MAE:9.450710 , MAPD:43.428107, R_squared:-1.281849  
	Validation = MSE:103.032990 , RMSE:10.150517 , MAE:9.960782 , MAPD:58.371213, R_squared:-0.853980

2024-03-21 03:47:07,108 Epoch 3/300, Train Loss: 45.012031, Val Loss: 8.398046  
	Train = MSE:46.377872 , RMSE:6.810130 , MAE:5.776338 , MAPD:29.825420, R_squared:0.197191  
	Validation = MSE:8.398046 , RMSE:2.897938 , MAE:2.389737 , MAPD:12.186847, R_squared:0.848885

2024-03-21 03:47:08,632 Epoch 4/300, Train Loss: 14.468009, Val Loss: 18.435724  
	Train = MSE:14.754722 , RMSE:3.841187 , MAE:3.067329 , MAPD:16.934186, R_squared:0.744593  
	Validation = MSE:18.435724 , RMSE:4.293684 , MAE:3.735993 , MAPD:17.974313, R_squared:0.668267

2024-03-21 03:47:10,364 Epoch 5/300, Train Loss: 11.711314, Val Loss: 7.447875  
	Train = MSE:11.954568 , RMSE:3.457538 , MAE:2.785646 , MAPD:13.906647, R_squared:0.793064  
	Validation = MSE:7.447875 , RMSE:2.729080 , MAE:1.980145 , MAPD:11.330213, R_squared:0.865983

2024-03-21 03:47:12,288 Epoch 6/300, Train Loss: 5.760858, Val Loss: 3.623801  
	Train = MSE:6.057440 , RMSE:2.461187 , MAE:1.991455 , MAPD:10.365230, R_squared:0.895145  
	Validation = MSE:3.623801 , RMSE:1.903628 , MAE:1.473678 , MAPD:8.937944, R_squared:0.934793

2024-03-21 03:47:13,684 Epoch 7/300, Train Loss: 4.279594, Val Loss: 3.746874  
	Train = MSE:4.274352 , RMSE:2.067451 , MAE:1.618266 , MAPD:9.331242, R_squared:0.926010  
	Validation = MSE:3.746874 , RMSE:1.935684 , MAE:1.632904 , MAPD:8.786461, R_squared:0.932579

2024-03-21 03:47:15,142 Epoch 8/300, Train Loss: 2.969048, Val Loss: 2.500214  
	Train = MSE:3.078134 , RMSE:1.754461 , MAE:1.399683 , MAPD:8.414516, R_squared:0.946717  
	Validation = MSE:2.500214 , RMSE:1.581206 , MAE:1.321565 , MAPD:7.698478, R_squared:0.955011

2024-03-21 03:47:16,579 Epoch 9/300, Train Loss: 2.443049, Val Loss: 1.941142  
	Train = MSE:2.416481 , RMSE:1.554504 , MAE:1.274752 , MAPD:7.531007, R_squared:0.958170  
	Validation = MSE:1.941142 , RMSE:1.393249 , MAE:1.148938 , MAPD:7.003018, R_squared:0.965071

2024-03-21 03:47:18,111 Epoch 10/300, Train Loss: 2.055294, Val Loss: 1.846655  
	Train = MSE:2.064498 , RMSE:1.436836 , MAE:1.192297 , MAPD:6.897551, R_squared:0.964263  
	Validation = MSE:1.846655 , RMSE:1.358917 , MAE:1.100537 , MAPD:6.647160, R_squared:0.966771

2024-03-21 03:47:19,786 Epoch 11/300, Train Loss: 1.929437, Val Loss: 1.616336  
	Train = MSE:1.953015 , RMSE:1.397503 , MAE:1.154816 , MAPD:6.586145, R_squared:0.966193  
	Validation = MSE:1.616336 , RMSE:1.271352 , MAE:1.046054 , MAPD:6.231312, R_squared:0.970916

2024-03-21 03:47:22,818 Epoch 12/300, Train Loss: 1.729502, Val Loss: 1.467932  
	Train = MSE:1.741912 , RMSE:1.319815 , MAE:1.086086 , MAPD:6.261792, R_squared:0.969847  
	Validation = MSE:1.467932 , RMSE:1.211583 , MAE:1.006629 , MAPD:6.019170, R_squared:0.973586

2024-03-21 03:47:24,860 Epoch 13/300, Train Loss: 1.605192, Val Loss: 1.399796  
	Train = MSE:1.589652 , RMSE:1.260814 , MAE:1.031077 , MAPD:6.056004, R_squared:0.972483  
	Validation = MSE:1.399796 , RMSE:1.183130 , MAE:0.991314 , MAPD:5.863305, R_squared:0.974812

2024-03-21 03:47:26,421 Epoch 14/300, Train Loss: 1.501390, Val Loss: 1.384320  
	Train = MSE:1.499908 , RMSE:1.224707 , MAE:0.995391 , MAPD:5.856603, R_squared:0.974036  
	Validation = MSE:1.384319 , RMSE:1.176571 , MAE:0.992374 , MAPD:5.665177, R_squared:0.975090

2024-03-21 03:47:27,838 Epoch 15/300, Train Loss: 1.382517, Val Loss: 1.174199  
	Train = MSE:1.395152 , RMSE:1.181165 , MAE:0.966114 , MAPD:5.584601, R_squared:0.975850  
	Validation = MSE:1.174199 , RMSE:1.083604 , MAE:0.903960 , MAPD:5.298877, R_squared:0.978871

2024-03-21 03:47:29,226 Epoch 16/300, Train Loss: 1.269496, Val Loss: 1.115743  
	Train = MSE:1.267312 , RMSE:1.125750 , MAE:0.919356 , MAPD:5.325238, R_squared:0.978063  
	Validation = MSE:1.115743 , RMSE:1.056288 , MAE:0.886026 , MAPD:5.120596, R_squared:0.979923

2024-03-21 03:47:30,977 Epoch 17/300, Train Loss: 1.214548, Val Loss: 1.001262  
	Train = MSE:1.166898 , RMSE:1.080230 , MAE:0.883606 , MAPD:5.100902, R_squared:0.979801  
	Validation = MSE:1.001262 , RMSE:1.000631 , MAE:0.829346 , MAPD:4.833270, R_squared:0.981983

2024-03-21 03:47:32,850 Epoch 18/300, Train Loss: 1.081971, Val Loss: 0.911952  
	Train = MSE:1.077895 , RMSE:1.038217 , MAE:0.850675 , MAPD:4.884400, R_squared:0.981341  
	Validation = MSE:0.911952 , RMSE:0.954962 , MAE:0.783352 , MAPD:4.607908, R_squared:0.983590

2024-03-21 03:47:34,437 Epoch 19/300, Train Loss: 0.984268, Val Loss: 0.827314  
	Train = MSE:0.968742 , RMSE:0.984247 , MAE:0.802545 , MAPD:4.613404, R_squared:0.983231  
	Validation = MSE:0.827314 , RMSE:0.909568 , MAE:0.751313 , MAPD:4.345246, R_squared:0.985113

2024-03-21 03:47:36,342 Epoch 20/300, Train Loss: 0.872596, Val Loss: 0.755316  
	Train = MSE:0.871190 , RMSE:0.933375 , MAE:0.756244 , MAPD:4.381839, R_squared:0.984920  
	Validation = MSE:0.755316 , RMSE:0.869089 , MAE:0.716490 , MAPD:4.124790, R_squared:0.986409

2024-03-21 03:47:38,305 Epoch 21/300, Train Loss: 0.728148, Val Loss: 0.632918  
	Train = MSE:0.742916 , RMSE:0.861925 , MAE:0.690075 , MAPD:4.042713, R_squared:0.987140  
	Validation = MSE:0.632918 , RMSE:0.795561 , MAE:0.652969 , MAPD:3.731642, R_squared:0.988611

2024-03-21 03:47:41,470 Epoch 22/300, Train Loss: 0.637644, Val Loss: 0.678924  
	Train = MSE:0.639416 , RMSE:0.799635 , MAE:0.636862 , MAPD:3.676532, R_squared:0.988932  
	Validation = MSE:0.678924 , RMSE:0.823969 , MAE:0.685923 , MAPD:3.658934, R_squared:0.987783

2024-03-21 03:47:43,236 Epoch 23/300, Train Loss: 0.577431, Val Loss: 0.456107  
	Train = MSE:0.577475 , RMSE:0.759918 , MAE:0.607194 , MAPD:3.422122, R_squared:0.990004  
	Validation = MSE:0.456107 , RMSE:0.675357 , MAE:0.549345 , MAPD:3.097475, R_squared:0.991793

2024-03-21 03:47:45,169 Epoch 24/300, Train Loss: 0.440282, Val Loss: 0.382243  
	Train = MSE:0.445596 , RMSE:0.667530 , MAE:0.524319 , MAPD:3.024603, R_squared:0.992287  
	Validation = MSE:0.382243 , RMSE:0.618258 , MAE:0.481431 , MAPD:2.819604, R_squared:0.993122

2024-03-21 03:47:46,596 Epoch 25/300, Train Loss: 0.372828, Val Loss: 0.302467  
	Train = MSE:0.379750 , RMSE:0.616239 , MAE:0.477310 , MAPD:2.743302, R_squared:0.993426  
	Validation = MSE:0.302467 , RMSE:0.549970 , MAE:0.433005 , MAPD:2.462175, R_squared:0.994557

2024-03-21 03:47:48,218 Epoch 26/300, Train Loss: 0.295033, Val Loss: 0.282056  
	Train = MSE:0.299761 , RMSE:0.547504 , MAE:0.420397 , MAPD:2.405349, R_squared:0.994811  
	Validation = MSE:0.282056 , RMSE:0.531089 , MAE:0.420267 , MAPD:2.334706, R_squared:0.994925

2024-03-21 03:47:50,011 Epoch 27/300, Train Loss: 0.252078, Val Loss: 0.249329  
	Train = MSE:0.257055 , RMSE:0.507006 , MAE:0.386012 , MAPD:2.192224, R_squared:0.995550  
	Validation = MSE:0.249329 , RMSE:0.499329 , MAE:0.388266 , MAPD:2.173087, R_squared:0.995514

2024-03-21 03:47:51,769 Epoch 28/300, Train Loss: 0.233203, Val Loss: 0.228854  
	Train = MSE:0.231122 , RMSE:0.480751 , MAE:0.361117 , MAPD:2.061196, R_squared:0.995999  
	Validation = MSE:0.228854 , RMSE:0.478387 , MAE:0.367990 , MAPD:2.060134, R_squared:0.995882

2024-03-21 03:47:53,218 Epoch 29/300, Train Loss: 0.215776, Val Loss: 0.218870  
	Train = MSE:0.215910 , RMSE:0.464661 , MAE:0.347869 , MAPD:1.957172, R_squared:0.996263  
	Validation = MSE:0.218870 , RMSE:0.467836 , MAE:0.355791 , MAPD:1.987352, R_squared:0.996062

2024-03-21 03:47:54,857 Epoch 30/300, Train Loss: 0.203008, Val Loss: 0.218847  
	Train = MSE:0.207300 , RMSE:0.455302 , MAE:0.338421 , MAPD:1.905189, R_squared:0.996412  
	Validation = MSE:0.218847 , RMSE:0.467811 , MAE:0.355094 , MAPD:1.977480, R_squared:0.996062

2024-03-21 03:47:56,902 Epoch 31/300, Train Loss: 0.201550, Val Loss: 0.191143  
	Train = MSE:0.196208 , RMSE:0.442953 , MAE:0.331408 , MAPD:1.864875, R_squared:0.996604  
	Validation = MSE:0.191143 , RMSE:0.437199 , MAE:0.327736 , MAPD:1.865788, R_squared:0.996561

2024-03-21 03:47:59,647 Epoch 32/300, Train Loss: 0.187987, Val Loss: 0.216744  
	Train = MSE:0.181738 , RMSE:0.426308 , MAE:0.317929 , MAPD:1.797711, R_squared:0.996854  
	Validation = MSE:0.216744 , RMSE:0.465558 , MAE:0.354096 , MAPD:1.944595, R_squared:0.996100

2024-03-21 03:48:01,060 Epoch 33/300, Train Loss: 0.182439, Val Loss: 0.178017  
	Train = MSE:0.184176 , RMSE:0.429157 , MAE:0.321378 , MAPD:1.804180, R_squared:0.996812  
	Validation = MSE:0.178017 , RMSE:0.421920 , MAE:0.317687 , MAPD:1.806268, R_squared:0.996797

2024-03-21 03:48:02,712 Epoch 34/300, Train Loss: 0.166083, Val Loss: 0.207709  
	Train = MSE:0.171411 , RMSE:0.414018 , MAE:0.308856 , MAPD:1.749220, R_squared:0.997033  
	Validation = MSE:0.207709 , RMSE:0.455751 , MAE:0.348112 , MAPD:1.904701, R_squared:0.996262

2024-03-21 03:48:04,521 Epoch 35/300, Train Loss: 0.179498, Val Loss: 0.163506  
	Train = MSE:0.179430 , RMSE:0.423592 , MAE:0.322221 , MAPD:1.776582, R_squared:0.996894  
	Validation = MSE:0.163506 , RMSE:0.404359 , MAE:0.304649 , MAPD:1.749776, R_squared:0.997058

2024-03-21 03:48:06,445 Epoch 36/300, Train Loss: 0.164809, Val Loss: 0.169377  
	Train = MSE:0.166992 , RMSE:0.408647 , MAE:0.307380 , MAPD:1.727772, R_squared:0.997109  
	Validation = MSE:0.169377 , RMSE:0.411555 , MAE:0.311465 , MAPD:1.751682, R_squared:0.996952

2024-03-21 03:48:08,236 Epoch 37/300, Train Loss: 0.164838, Val Loss: 0.161828  
	Train = MSE:0.156059 , RMSE:0.395043 , MAE:0.296906 , MAPD:1.672468, R_squared:0.997299  
	Validation = MSE:0.161828 , RMSE:0.402279 , MAE:0.299720 , MAPD:1.700485, R_squared:0.997088

2024-03-21 03:48:09,661 Epoch 38/300, Train Loss: 0.142327, Val Loss: 0.150435  
	Train = MSE:0.145907 , RMSE:0.381978 , MAE:0.284379 , MAPD:1.623389, R_squared:0.997474  
	Validation = MSE:0.150435 , RMSE:0.387859 , MAE:0.290524 , MAPD:1.657989, R_squared:0.997293

2024-03-21 03:48:13,004 Epoch 39/300, Train Loss: 0.139630, Val Loss: 0.147316  
	Train = MSE:0.143357 , RMSE:0.378626 , MAE:0.280954 , MAPD:1.602767, R_squared:0.997518  
	Validation = MSE:0.147316 , RMSE:0.383817 , MAE:0.284786 , MAPD:1.631100, R_squared:0.997349

2024-03-21 03:48:14,832 Epoch 40/300, Train Loss: 0.136578, Val Loss: 0.140272  
	Train = MSE:0.136056 , RMSE:0.368858 , MAE:0.271746 , MAPD:1.552477, R_squared:0.997645  
	Validation = MSE:0.140272 , RMSE:0.374529 , MAE:0.277864 , MAPD:1.601830, R_squared:0.997476

2024-03-21 03:48:17,414 Epoch 41/300, Train Loss: 0.134591, Val Loss: 0.149581  
	Train = MSE:0.133469 , RMSE:0.365334 , MAE:0.270834 , MAPD:1.544753, R_squared:0.997690  
	Validation = MSE:0.149581 , RMSE:0.386757 , MAE:0.286056 , MAPD:1.617450, R_squared:0.997308

2024-03-21 03:48:20,475 Epoch 42/300, Train Loss: 0.131885, Val Loss: 0.145714  
	Train = MSE:0.131244 , RMSE:0.362276 , MAE:0.268786 , MAPD:1.531555, R_squared:0.997728  
	Validation = MSE:0.145714 , RMSE:0.381724 , MAE:0.282384 , MAPD:1.598291, R_squared:0.997378

2024-03-21 03:48:22,207 Epoch 43/300, Train Loss: 0.128269, Val Loss: 0.147093  
	Train = MSE:0.128677 , RMSE:0.358716 , MAE:0.265503 , MAPD:1.503737, R_squared:0.997773  
	Validation = MSE:0.147093 , RMSE:0.383527 , MAE:0.282627 , MAPD:1.582545, R_squared:0.997353

2024-03-21 03:48:24,060 Epoch 44/300, Train Loss: 0.124369, Val Loss: 0.140848  
	Train = MSE:0.126055 , RMSE:0.355042 , MAE:0.264889 , MAPD:1.501125, R_squared:0.997818  
	Validation = MSE:0.140848 , RMSE:0.375297 , MAE:0.275049 , MAPD:1.558953, R_squared:0.997466

2024-03-21 03:48:25,710 Epoch 45/300, Train Loss: 0.126472, Val Loss: 0.152947  
	Train = MSE:0.123553 , RMSE:0.351502 , MAE:0.260056 , MAPD:1.473953, R_squared:0.997861  
	Validation = MSE:0.152947 , RMSE:0.391085 , MAE:0.292295 , MAPD:1.603505, R_squared:0.997248

2024-03-21 03:48:27,222 Epoch 46/300, Train Loss: 0.123739, Val Loss: 0.140712  
	Train = MSE:0.124621 , RMSE:0.353017 , MAE:0.264077 , MAPD:1.476708, R_squared:0.997843  
	Validation = MSE:0.140712 , RMSE:0.375116 , MAE:0.277633 , MAPD:1.548735, R_squared:0.997468

2024-03-21 03:48:28,839 Epoch 47/300, Train Loss: 0.120614, Val Loss: 0.142515  
	Train = MSE:0.123978 , RMSE:0.352105 , MAE:0.263226 , MAPD:1.478756, R_squared:0.997854  
	Validation = MSE:0.142515 , RMSE:0.377512 , MAE:0.278737 , MAPD:1.568160, R_squared:0.997436

2024-03-21 03:48:30,780 Epoch 48/300, Train Loss: 0.120021, Val Loss: 0.136165  
	Train = MSE:0.118583 , RMSE:0.344359 , MAE:0.255720 , MAPD:1.441887, R_squared:0.997947  
	Validation = MSE:0.136165 , RMSE:0.369005 , MAE:0.274031 , MAPD:1.518021, R_squared:0.997550

2024-03-21 03:48:32,851 Epoch 49/300, Train Loss: 0.114326, Val Loss: 0.125950  
	Train = MSE:0.116804 , RMSE:0.341767 , MAE:0.255601 , MAPD:1.444812, R_squared:0.997978  
	Validation = MSE:0.125950 , RMSE:0.354895 , MAE:0.259325 , MAPD:1.477490, R_squared:0.997734

2024-03-21 03:48:34,907 Epoch 50/300, Train Loss: 0.111955, Val Loss: 0.121496  
	Train = MSE:0.112506 , RMSE:0.335419 , MAE:0.248263 , MAPD:1.407466, R_squared:0.998053  
	Validation = MSE:0.121496 , RMSE:0.348563 , MAE:0.253655 , MAPD:1.449713, R_squared:0.997814

2024-03-21 03:48:37,042 Epoch 51/300, Train Loss: 0.112047, Val Loss: 0.124094  
	Train = MSE:0.109065 , RMSE:0.330250 , MAE:0.242994 , MAPD:1.379213, R_squared:0.998112  
	Validation = MSE:0.124094 , RMSE:0.352270 , MAE:0.258387 , MAPD:1.453004, R_squared:0.997767

2024-03-21 03:48:39,904 Epoch 52/300, Train Loss: 0.111853, Val Loss: 0.120670  
	Train = MSE:0.111398 , RMSE:0.333763 , MAE:0.249179 , MAPD:1.398256, R_squared:0.998072  
	Validation = MSE:0.120670 , RMSE:0.347376 , MAE:0.252792 , MAPD:1.441896, R_squared:0.997829

2024-03-21 03:48:41,283 Epoch 53/300, Train Loss: 0.106506, Val Loss: 0.115261  
	Train = MSE:0.107935 , RMSE:0.328534 , MAE:0.243992 , MAPD:1.378215, R_squared:0.998132  
	Validation = MSE:0.115261 , RMSE:0.339501 , MAE:0.244832 , MAPD:1.399761, R_squared:0.997926

2024-03-21 03:48:43,286 Epoch 54/300, Train Loss: 0.107786, Val Loss: 0.124073  
	Train = MSE:0.109723 , RMSE:0.331244 , MAE:0.245739 , MAPD:1.374641, R_squared:0.998101  
	Validation = MSE:0.124073 , RMSE:0.352240 , MAE:0.257911 , MAPD:1.432613, R_squared:0.997767

2024-03-21 03:48:44,710 Epoch 55/300, Train Loss: 0.106545, Val Loss: 0.167375  
	Train = MSE:0.109144 , RMSE:0.330369 , MAE:0.248443 , MAPD:1.383075, R_squared:0.998111  
	Validation = MSE:0.167375 , RMSE:0.409115 , MAE:0.309023 , MAPD:1.639772, R_squared:0.996988

2024-03-21 03:48:46,134 Epoch 56/300, Train Loss: 0.130032, Val Loss: 0.126683  
	Train = MSE:0.126172 , RMSE:0.355207 , MAE:0.271315 , MAPD:1.462998, R_squared:0.997816  
	Validation = MSE:0.126683 , RMSE:0.355926 , MAE:0.261690 , MAPD:1.460941, R_squared:0.997720

2024-03-21 03:48:47,937 Epoch 57/300, Train Loss: 0.118678, Val Loss: 0.108790  
	Train = MSE:0.119626 , RMSE:0.345870 , MAE:0.262606 , MAPD:1.424642, R_squared:0.997929  
	Validation = MSE:0.108790 , RMSE:0.329833 , MAE:0.244435 , MAPD:1.387268, R_squared:0.998042

2024-03-21 03:48:49,331 Epoch 58/300, Train Loss: 0.104140, Val Loss: 0.111123  
	Train = MSE:0.108811 , RMSE:0.329865 , MAE:0.249081 , MAPD:1.382108, R_squared:0.998116  
	Validation = MSE:0.111123 , RMSE:0.333351 , MAE:0.247573 , MAPD:1.397714, R_squared:0.998000

2024-03-21 03:48:50,727 Epoch 59/300, Train Loss: 0.112962, Val Loss: 0.115507  
	Train = MSE:0.109649 , RMSE:0.331133 , MAE:0.248309 , MAPD:1.370170, R_squared:0.998102  
	Validation = MSE:0.115507 , RMSE:0.339863 , MAE:0.246331 , MAPD:1.391363, R_squared:0.997922

2024-03-21 03:48:52,123 Epoch 60/300, Train Loss: 0.111656, Val Loss: 0.132038  
	Train = MSE:0.111464 , RMSE:0.333863 , MAE:0.252244 , MAPD:1.374827, R_squared:0.998071  
	Validation = MSE:0.132038 , RMSE:0.363370 , MAE:0.270493 , MAPD:1.455381, R_squared:0.997624

2024-03-21 03:48:53,541 Epoch 61/300, Train Loss: 0.115921, Val Loss: 0.166069  
	Train = MSE:0.118775 , RMSE:0.344638 , MAE:0.263198 , MAPD:1.424195, R_squared:0.997944  
	Validation = MSE:0.166069 , RMSE:0.407515 , MAE:0.314252 , MAPD:1.674707, R_squared:0.997012

2024-03-21 03:48:56,308 Epoch 62/300, Train Loss: 0.117164, Val Loss: 0.141389  
	Train = MSE:0.121464 , RMSE:0.348517 , MAE:0.267792 , MAPD:1.449810, R_squared:0.997897  
	Validation = MSE:0.141389 , RMSE:0.376017 , MAE:0.281596 , MAPD:1.517728, R_squared:0.997456

2024-03-21 03:48:58,157 Epoch 63/300, Train Loss: 0.102158, Val Loss: 0.111767  
	Train = MSE:0.105035 , RMSE:0.324091 , MAE:0.242754 , MAPD:1.335339, R_squared:0.998182  
	Validation = MSE:0.111767 , RMSE:0.334315 , MAE:0.241723 , MAPD:1.348632, R_squared:0.997989

2024-03-21 03:48:59,551 Epoch 64/300, Train Loss: 0.099528, Val Loss: 0.103535  
	Train = MSE:0.100842 , RMSE:0.317556 , MAE:0.235330 , MAPD:1.310035, R_squared:0.998254  
	Validation = MSE:0.103535 , RMSE:0.321768 , MAE:0.236873 , MAPD:1.345800, R_squared:0.998137

2024-03-21 03:49:01,122 Epoch 65/300, Train Loss: 0.093607, Val Loss: 0.099979  
	Train = MSE:0.094278 , RMSE:0.307047 , MAE:0.228199 , MAPD:1.286470, R_squared:0.998368  
	Validation = MSE:0.099979 , RMSE:0.316194 , MAE:0.230130 , MAPD:1.313923, R_squared:0.998201

2024-03-21 03:49:02,746 Epoch 66/300, Train Loss: 0.094504, Val Loss: 0.101399  
	Train = MSE:0.093258 , RMSE:0.305381 , MAE:0.226727 , MAPD:1.269416, R_squared:0.998386  
	Validation = MSE:0.101399 , RMSE:0.318431 , MAE:0.235706 , MAPD:1.330213, R_squared:0.998175

2024-03-21 03:49:04,113 Epoch 67/300, Train Loss: 0.105191, Val Loss: 0.124563  
	Train = MSE:0.104036 , RMSE:0.322546 , MAE:0.242141 , MAPD:1.324273, R_squared:0.998199  
	Validation = MSE:0.124563 , RMSE:0.352935 , MAE:0.264104 , MAPD:1.441573, R_squared:0.997759

2024-03-21 03:49:05,778 Epoch 68/300, Train Loss: 0.095495, Val Loss: 0.100317  
	Train = MSE:0.097109 , RMSE:0.311624 , MAE:0.232662 , MAPD:1.287467, R_squared:0.998319  
	Validation = MSE:0.100317 , RMSE:0.316728 , MAE:0.227611 , MAPD:1.291622, R_squared:0.998195

2024-03-21 03:49:07,584 Epoch 69/300, Train Loss: 0.089195, Val Loss: 0.097300  
	Train = MSE:0.089877 , RMSE:0.299796 , MAE:0.222437 , MAPD:1.250869, R_squared:0.998444  
	Validation = MSE:0.097300 , RMSE:0.311929 , MAE:0.225356 , MAPD:1.278946, R_squared:0.998249

2024-03-21 03:49:09,384 Epoch 70/300, Train Loss: 0.087448, Val Loss: 0.098353  
	Train = MSE:0.089228 , RMSE:0.298710 , MAE:0.220925 , MAPD:1.251481, R_squared:0.998455  
	Validation = MSE:0.098353 , RMSE:0.313614 , MAE:0.225922 , MAPD:1.292596, R_squared:0.998230

2024-03-21 03:49:10,989 Epoch 71/300, Train Loss: 0.089427, Val Loss: 0.096577  
	Train = MSE:0.088864 , RMSE:0.298100 , MAE:0.221369 , MAPD:1.247085, R_squared:0.998462  
	Validation = MSE:0.096577 , RMSE:0.310768 , MAE:0.221898 , MAPD:1.267228, R_squared:0.998262

2024-03-21 03:49:13,960 Epoch 72/300, Train Loss: 0.086271, Val Loss: 0.101396  
	Train = MSE:0.088225 , RMSE:0.297027 , MAE:0.218079 , MAPD:1.218302, R_squared:0.998473  
	Validation = MSE:0.101396 , RMSE:0.318427 , MAE:0.230850 , MAPD:1.287938, R_squared:0.998175

2024-03-21 03:49:15,358 Epoch 73/300, Train Loss: 0.087147, Val Loss: 0.102619  
	Train = MSE:0.088526 , RMSE:0.297533 , MAE:0.221428 , MAPD:1.232753, R_squared:0.998468  
	Validation = MSE:0.102619 , RMSE:0.320342 , MAE:0.230501 , MAPD:1.300490, R_squared:0.998153

2024-03-21 03:49:17,184 Epoch 74/300, Train Loss: 0.096524, Val Loss: 0.092361  
	Train = MSE:0.098186 , RMSE:0.313347 , MAE:0.234559 , MAPD:1.279498, R_squared:0.998300  
	Validation = MSE:0.092361 , RMSE:0.303910 , MAE:0.221895 , MAPD:1.259694, R_squared:0.998338

2024-03-21 03:49:18,750 Epoch 75/300, Train Loss: 0.091888, Val Loss: 0.109643  
	Train = MSE:0.087550 , RMSE:0.295889 , MAE:0.219983 , MAPD:1.222116, R_squared:0.998484  
	Validation = MSE:0.109643 , RMSE:0.331124 , MAE:0.255327 , MAPD:1.384020, R_squared:0.998027

2024-03-21 03:49:20,632 Epoch 76/300, Train Loss: 0.101484, Val Loss: 0.107591  
	Train = MSE:0.097754 , RMSE:0.312656 , MAE:0.236342 , MAPD:1.278901, R_squared:0.998308  
	Validation = MSE:0.107591 , RMSE:0.328011 , MAE:0.240089 , MAPD:1.316977, R_squared:0.998064

2024-03-21 03:49:22,795 Epoch 77/300, Train Loss: 0.096515, Val Loss: 0.092623  
	Train = MSE:0.096698 , RMSE:0.310964 , MAE:0.234974 , MAPD:1.272863, R_squared:0.998326  
	Validation = MSE:0.092623 , RMSE:0.304341 , MAE:0.216963 , MAPD:1.233042, R_squared:0.998333

2024-03-21 03:49:24,643 Epoch 78/300, Train Loss: 0.091578, Val Loss: 0.086723  
	Train = MSE:0.091440 , RMSE:0.302391 , MAE:0.227631 , MAPD:1.244049, R_squared:0.998417  
	Validation = MSE:0.086723 , RMSE:0.294487 , MAE:0.212040 , MAPD:1.214821, R_squared:0.998440

2024-03-21 03:49:26,035 Epoch 79/300, Train Loss: 0.082950, Val Loss: 0.119947  
	Train = MSE:0.084150 , RMSE:0.290086 , MAE:0.215308 , MAPD:1.200516, R_squared:0.998543  
	Validation = MSE:0.119947 , RMSE:0.346334 , MAE:0.257193 , MAPD:1.379074, R_squared:0.997842

2024-03-21 03:49:27,435 Epoch 80/300, Train Loss: 0.094465, Val Loss: 0.111869  
	Train = MSE:0.091941 , RMSE:0.303217 , MAE:0.228613 , MAPD:1.243393, R_squared:0.998408  
	Validation = MSE:0.111869 , RMSE:0.334469 , MAE:0.259510 , MAPD:1.389336, R_squared:0.997987

2024-03-21 03:49:29,225 Epoch 81/300, Train Loss: 0.085492, Val Loss: 0.087897  
	Train = MSE:0.088122 , RMSE:0.296854 , MAE:0.220292 , MAPD:1.216184, R_squared:0.998475  
	Validation = MSE:0.087897 , RMSE:0.296475 , MAE:0.215114 , MAPD:1.216762, R_squared:0.998418

2024-03-21 03:49:32,412 Epoch 82/300, Train Loss: 0.088862, Val Loss: 0.154732  
	Train = MSE:0.090101 , RMSE:0.300169 , MAE:0.225327 , MAPD:1.228652, R_squared:0.998440  
	Validation = MSE:0.154732 , RMSE:0.393359 , MAE:0.300013 , MAPD:1.543637, R_squared:0.997216

2024-03-21 03:49:34,313 Epoch 83/300, Train Loss: 0.108822, Val Loss: 0.122727  
	Train = MSE:0.111365 , RMSE:0.333713 , MAE:0.252508 , MAPD:1.323725, R_squared:0.998072  
	Validation = MSE:0.122727 , RMSE:0.350324 , MAE:0.278812 , MAPD:1.482839, R_squared:0.997792

2024-03-21 03:49:35,696 Epoch 84/300, Train Loss: 0.112446, Val Loss: 0.141657  
	Train = MSE:0.110359 , RMSE:0.332203 , MAE:0.254787 , MAPD:1.349564, R_squared:0.998090  
	Validation = MSE:0.141657 , RMSE:0.376373 , MAE:0.289638 , MAPD:1.542138, R_squared:0.997451

2024-03-21 03:49:37,075 Epoch 85/300, Train Loss: 0.110410, Val Loss: 0.109116  
	Train = MSE:0.108297 , RMSE:0.329084 , MAE:0.252219 , MAPD:1.333014, R_squared:0.998125  
	Validation = MSE:0.109116 , RMSE:0.330326 , MAE:0.256751 , MAPD:1.374662, R_squared:0.998037

2024-03-21 03:49:38,461 Epoch 86/300, Train Loss: 0.090812, Val Loss: 0.105429  
	Train = MSE:0.087360 , RMSE:0.295568 , MAE:0.222917 , MAPD:1.219482, R_squared:0.998488  
	Validation = MSE:0.105429 , RMSE:0.324699 , MAE:0.254688 , MAPD:1.384995, R_squared:0.998103

2024-03-21 03:49:39,845 Epoch 87/300, Train Loss: 0.102919, Val Loss: 0.130831  
	Train = MSE:0.103429 , RMSE:0.321603 , MAE:0.247149 , MAPD:1.314869, R_squared:0.998210  
	Validation = MSE:0.130831 , RMSE:0.361706 , MAE:0.272732 , MAPD:1.439101, R_squared:0.997646

2024-03-21 03:49:41,207 Epoch 88/300, Train Loss: 0.105059, Val Loss: 0.091866  
	Train = MSE:0.100394 , RMSE:0.316851 , MAE:0.241897 , MAPD:1.280743, R_squared:0.998262  
	Validation = MSE:0.091866 , RMSE:0.303094 , MAE:0.232288 , MAPD:1.293547, R_squared:0.998347

2024-03-21 03:49:43,039 Epoch 89/300, Train Loss: 0.105915, Val Loss: 0.143594  
	Train = MSE:0.098739 , RMSE:0.314228 , MAE:0.240185 , MAPD:1.283826, R_squared:0.998291  
	Validation = MSE:0.143594 , RMSE:0.378938 , MAE:0.293494 , MAPD:1.531512, R_squared:0.997416

2024-03-21 03:49:44,462 Epoch 90/300, Train Loss: 0.108457, Val Loss: 0.155574  
	Train = MSE:0.105127 , RMSE:0.324233 , MAE:0.247333 , MAPD:1.313276, R_squared:0.998180  
	Validation = MSE:0.155574 , RMSE:0.394428 , MAE:0.312576 , MAPD:1.572209, R_squared:0.997201

2024-03-21 03:49:45,855 Epoch 91/300, Train Loss: 0.113028, Val Loss: 0.117540  
	Train = MSE:0.111970 , RMSE:0.334619 , MAE:0.255663 , MAPD:1.336496, R_squared:0.998062  
	Validation = MSE:0.117540 , RMSE:0.342841 , MAE:0.252112 , MAPD:1.335871, R_squared:0.997885

2024-03-21 03:49:49,244 Epoch 92/300, Train Loss: 0.096297, Val Loss: 0.084172  
	Train = MSE:0.095451 , RMSE:0.308951 , MAE:0.233302 , MAPD:1.248403, R_squared:0.998348  
	Validation = MSE:0.084172 , RMSE:0.290124 , MAE:0.207288 , MAPD:1.171937, R_squared:0.998485

2024-03-21 03:49:50,625 Epoch 93/300, Train Loss: 0.104566, Val Loss: 0.098174  
	Train = MSE:0.108209 , RMSE:0.328951 , MAE:0.251640 , MAPD:1.326662, R_squared:0.998127  
	Validation = MSE:0.098174 , RMSE:0.313327 , MAE:0.242576 , MAPD:1.314690, R_squared:0.998233

2024-03-21 03:49:52,477 Epoch 94/300, Train Loss: 0.099129, Val Loss: 0.125312  
	Train = MSE:0.104412 , RMSE:0.323129 , MAE:0.248556 , MAPD:1.301611, R_squared:0.998193  
	Validation = MSE:0.125312 , RMSE:0.353994 , MAE:0.267941 , MAPD:1.420655, R_squared:0.997745

2024-03-21 03:49:53,944 Epoch 95/300, Train Loss: 0.123325, Val Loss: 0.135837  
	Train = MSE:0.128664 , RMSE:0.358698 , MAE:0.276706 , MAPD:1.420299, R_squared:0.997773  
	Validation = MSE:0.135837 , RMSE:0.368561 , MAE:0.294518 , MAPD:1.521001, R_squared:0.997556

2024-03-21 03:49:56,022 Epoch 96/300, Train Loss: 0.124030, Val Loss: 0.247361  
	Train = MSE:0.121823 , RMSE:0.349031 , MAE:0.270991 , MAPD:1.406868, R_squared:0.997891  
	Validation = MSE:0.247361 , RMSE:0.497354 , MAE:0.389917 , MAPD:1.890471, R_squared:0.995549

2024-03-21 03:49:57,421 Epoch 97/300, Train Loss: 0.133116, Val Loss: 0.083926  
	Train = MSE:0.138565 , RMSE:0.372243 , MAE:0.285089 , MAPD:1.448923, R_squared:0.997601  
	Validation = MSE:0.083926 , RMSE:0.289699 , MAE:0.221664 , MAPD:1.238647, R_squared:0.998490

2024-03-21 03:49:58,794 Epoch 98/300, Train Loss: 0.077824, Val Loss: 0.125879  
	Train = MSE:0.078403 , RMSE:0.280006 , MAE:0.209944 , MAPD:1.154943, R_squared:0.998643  
	Validation = MSE:0.125879 , RMSE:0.354794 , MAE:0.267806 , MAPD:1.417432, R_squared:0.997735

2024-03-21 03:50:00,229 Epoch 99/300, Train Loss: 0.084288, Val Loss: 0.081901  
	Train = MSE:0.082523 , RMSE:0.287267 , MAE:0.215168 , MAPD:1.175186, R_squared:0.998572  
	Validation = MSE:0.081901 , RMSE:0.286184 , MAE:0.201585 , MAPD:1.144903, R_squared:0.998526

2024-03-21 03:50:01,645 Epoch 100/300, Train Loss: 0.073851, Val Loss: 0.075788  
	Train = MSE:0.074497 , RMSE:0.272941 , MAE:0.201870 , MAPD:1.110910, R_squared:0.998710  
	Validation = MSE:0.075788 , RMSE:0.275297 , MAE:0.197070 , MAPD:1.125713, R_squared:0.998636

2024-03-21 03:50:03,500 Epoch 101/300, Train Loss: 0.074295, Val Loss: 0.141336  
	Train = MSE:0.072550 , RMSE:0.269350 , MAE:0.198913 , MAPD:1.099195, R_squared:0.998744  
	Validation = MSE:0.141336 , RMSE:0.375946 , MAE:0.287164 , MAPD:1.488781, R_squared:0.997457

2024-03-21 03:50:06,578 Epoch 102/300, Train Loss: 0.117802, Val Loss: 0.136180  
	Train = MSE:0.111984 , RMSE:0.334641 , MAE:0.256269 , MAPD:1.328660, R_squared:0.998062  
	Validation = MSE:0.136180 , RMSE:0.369026 , MAE:0.293772 , MAPD:1.494487, R_squared:0.997550

2024-03-21 03:50:08,297 Epoch 103/300, Train Loss: 0.105316, Val Loss: 0.139637  
	Train = MSE:0.105363 , RMSE:0.324596 , MAE:0.247377 , MAPD:1.287152, R_squared:0.998176  
	Validation = MSE:0.139637 , RMSE:0.373681 , MAE:0.289232 , MAPD:1.511779, R_squared:0.997487

2024-03-21 03:50:10,107 Epoch 104/300, Train Loss: 0.114683, Val Loss: 0.161845  
	Train = MSE:0.111453 , RMSE:0.333845 , MAE:0.254059 , MAPD:1.311951, R_squared:0.998071  
	Validation = MSE:0.161845 , RMSE:0.402300 , MAE:0.333329 , MAPD:1.711971, R_squared:0.997088

2024-03-21 03:50:11,698 Epoch 105/300, Train Loss: 0.145859, Val Loss: 0.295851  
	Train = MSE:0.150708 , RMSE:0.388211 , MAE:0.303356 , MAPD:1.533363, R_squared:0.997391  
	Validation = MSE:0.295851 , RMSE:0.543922 , MAE:0.447696 , MAPD:2.217051, R_squared:0.994676

2024-03-21 03:50:13,402 Epoch 106/300, Train Loss: 0.163748, Val Loss: 0.247612  
	Train = MSE:0.162021 , RMSE:0.402519 , MAE:0.313525 , MAPD:1.580438, R_squared:0.997195  
	Validation = MSE:0.247612 , RMSE:0.497606 , MAE:0.407739 , MAPD:2.003398, R_squared:0.995544

2024-03-21 03:50:15,143 Epoch 107/300, Train Loss: 0.171921, Val Loss: 0.183088  
	Train = MSE:0.174581 , RMSE:0.417829 , MAE:0.329620 , MAPD:1.662573, R_squared:0.996978  
	Validation = MSE:0.183088 , RMSE:0.427888 , MAE:0.329790 , MAPD:1.631813, R_squared:0.996706

2024-03-21 03:50:16,513 Epoch 108/300, Train Loss: 0.109455, Val Loss: 0.126647  
	Train = MSE:0.104282 , RMSE:0.322927 , MAE:0.247339 , MAPD:1.294388, R_squared:0.998195  
	Validation = MSE:0.126647 , RMSE:0.355875 , MAE:0.286971 , MAPD:1.506812, R_squared:0.997721

2024-03-21 03:50:18,118 Epoch 109/300, Train Loss: 0.093532, Val Loss: 0.082492  
	Train = MSE:0.095609 , RMSE:0.309207 , MAE:0.236549 , MAPD:1.262706, R_squared:0.998345  
	Validation = MSE:0.082492 , RMSE:0.287215 , MAE:0.207436 , MAPD:1.175870, R_squared:0.998516

2024-03-21 03:50:20,733 Epoch 110/300, Train Loss: 0.069982, Val Loss: 0.070818  
	Train = MSE:0.069742 , RMSE:0.264087 , MAE:0.194745 , MAPD:1.089267, R_squared:0.998793  
	Validation = MSE:0.070818 , RMSE:0.266117 , MAE:0.191261 , MAPD:1.097802, R_squared:0.998726

2024-03-21 03:50:22,118 Epoch 111/300, Train Loss: 0.072126, Val Loss: 0.113656  
	Train = MSE:0.070878 , RMSE:0.266230 , MAE:0.197464 , MAPD:1.089271, R_squared:0.998773  
	Validation = MSE:0.113656 , RMSE:0.337130 , MAE:0.253802 , MAPD:1.348516, R_squared:0.997955

2024-03-21 03:50:24,848 Epoch 112/300, Train Loss: 0.091120, Val Loss: 0.130252  
	Train = MSE:0.088101 , RMSE:0.296819 , MAE:0.226208 , MAPD:1.198560, R_squared:0.998475  
	Validation = MSE:0.130252 , RMSE:0.360905 , MAE:0.291718 , MAPD:1.500346, R_squared:0.997656

2024-03-21 03:50:26,260 Epoch 113/300, Train Loss: 0.085239, Val Loss: 0.085321  
	Train = MSE:0.089277 , RMSE:0.298792 , MAE:0.226368 , MAPD:1.201538, R_squared:0.998455  
	Validation = MSE:0.085321 , RMSE:0.292098 , MAE:0.206795 , MAPD:1.131345, R_squared:0.998465

2024-03-21 03:50:27,662 Epoch 114/300, Train Loss: 0.072037, Val Loss: 0.126364  
	Train = MSE:0.071830 , RMSE:0.268012 , MAE:0.199900 , MAPD:1.087841, R_squared:0.998757  
	Validation = MSE:0.126364 , RMSE:0.355478 , MAE:0.270850 , MAPD:1.415420, R_squared:0.997726

2024-03-21 03:50:29,058 Epoch 115/300, Train Loss: 0.106359, Val Loss: 0.089621  
	Train = MSE:0.112489 , RMSE:0.335393 , MAE:0.259544 , MAPD:1.341577, R_squared:0.998053  
	Validation = MSE:0.089621 , RMSE:0.299367 , MAE:0.229488 , MAPD:1.217410, R_squared:0.998387

2024-03-21 03:50:30,399 Epoch 116/300, Train Loss: 0.097809, Val Loss: 0.076754  
	Train = MSE:0.101750 , RMSE:0.318982 , MAE:0.242808 , MAPD:1.270661, R_squared:0.998239  
	Validation = MSE:0.076754 , RMSE:0.277044 , MAE:0.210975 , MAPD:1.172196, R_squared:0.998619

2024-03-21 03:50:32,059 Epoch 117/300, Train Loss: 0.070035, Val Loss: 0.074445  
	Train = MSE:0.071003 , RMSE:0.266464 , MAE:0.198400 , MAPD:1.080605, R_squared:0.998771  
	Validation = MSE:0.074445 , RMSE:0.272845 , MAE:0.192256 , MAPD:1.080395, R_squared:0.998660

2024-03-21 03:50:34,106 Epoch 118/300, Train Loss: 0.064804, Val Loss: 0.071498  
	Train = MSE:0.066256 , RMSE:0.257403 , MAE:0.189310 , MAPD:1.044132, R_squared:0.998853  
	Validation = MSE:0.071498 , RMSE:0.267392 , MAE:0.189235 , MAPD:1.074301, R_squared:0.998713

2024-03-21 03:50:35,525 Epoch 119/300, Train Loss: 0.080223, Val Loss: 0.180914  
	Train = MSE:0.076199 , RMSE:0.276042 , MAE:0.207841 , MAPD:1.126959, R_squared:0.998681  
	Validation = MSE:0.180914 , RMSE:0.425340 , MAE:0.339350 , MAPD:1.728806, R_squared:0.996745

2024-03-21 03:50:37,803 Epoch 120/300, Train Loss: 0.092297, Val Loss: 0.071678  
	Train = MSE:0.094328 , RMSE:0.307128 , MAE:0.236025 , MAPD:1.248753, R_squared:0.998367  
	Validation = MSE:0.071678 , RMSE:0.267728 , MAE:0.192984 , MAPD:1.092976, R_squared:0.998710

2024-03-21 03:50:39,384 Epoch 121/300, Train Loss: 0.074253, Val Loss: 0.067449  
	Train = MSE:0.073313 , RMSE:0.270763 , MAE:0.204039 , MAPD:1.108244, R_squared:0.998731  
	Validation = MSE:0.067449 , RMSE:0.259709 , MAE:0.185781 , MAPD:1.064779, R_squared:0.998786

2024-03-21 03:50:42,140 Epoch 122/300, Train Loss: 0.061776, Val Loss: 0.096500  
	Train = MSE:0.063284 , RMSE:0.251563 , MAE:0.186363 , MAPD:1.025445, R_squared:0.998905  
	Validation = MSE:0.096500 , RMSE:0.310645 , MAE:0.225167 , MAPD:1.190729, R_squared:0.998264

2024-03-21 03:50:43,854 Epoch 123/300, Train Loss: 0.080868, Val Loss: 0.105369  
	Train = MSE:0.081547 , RMSE:0.285565 , MAE:0.217028 , MAPD:1.152276, R_squared:0.998588  
	Validation = MSE:0.105369 , RMSE:0.324605 , MAE:0.242267 , MAPD:1.291683, R_squared:0.998104

2024-03-21 03:50:45,262 Epoch 124/300, Train Loss: 0.079972, Val Loss: 0.068628  
	Train = MSE:0.082083 , RMSE:0.286502 , MAE:0.219204 , MAPD:1.166363, R_squared:0.998579  
	Validation = MSE:0.068628 , RMSE:0.261970 , MAE:0.192321 , MAPD:1.084324, R_squared:0.998765

2024-03-21 03:50:46,684 Epoch 125/300, Train Loss: 0.084280, Val Loss: 0.144138  
	Train = MSE:0.082480 , RMSE:0.287193 , MAE:0.218967 , MAPD:1.157830, R_squared:0.998572  
	Validation = MSE:0.144138 , RMSE:0.379655 , MAE:0.313131 , MAPD:1.598827, R_squared:0.997406

2024-03-21 03:50:48,160 Epoch 126/300, Train Loss: 0.157376, Val Loss: 0.153748  
	Train = MSE:0.150326 , RMSE:0.387719 , MAE:0.305485 , MAPD:1.523735, R_squared:0.997398  
	Validation = MSE:0.153748 , RMSE:0.392107 , MAE:0.319749 , MAPD:1.600503, R_squared:0.997233

2024-03-21 03:50:50,030 Epoch 127/300, Train Loss: 0.100902, Val Loss: 0.072073  
	Train = MSE:0.103721 , RMSE:0.322057 , MAE:0.250148 , MAPD:1.302230, R_squared:0.998205  
	Validation = MSE:0.072073 , RMSE:0.268465 , MAE:0.190472 , MAPD:1.060876, R_squared:0.998703

2024-03-21 03:50:51,743 Epoch 128/300, Train Loss: 0.098256, Val Loss: 0.082789  
	Train = MSE:0.102098 , RMSE:0.319528 , MAE:0.246280 , MAPD:1.275542, R_squared:0.998233  
	Validation = MSE:0.082789 , RMSE:0.287731 , MAE:0.206153 , MAPD:1.124666, R_squared:0.998510

2024-03-21 03:50:53,950 Epoch 129/300, Train Loss: 0.128152, Val Loss: 0.077335  
	Train = MSE:0.136447 , RMSE:0.369387 , MAE:0.285769 , MAPD:1.445484, R_squared:0.997638  
	Validation = MSE:0.077335 , RMSE:0.278091 , MAE:0.197828 , MAPD:1.127204, R_squared:0.998608

2024-03-21 03:50:56,015 Epoch 130/300, Train Loss: 0.071339, Val Loss: 0.095149  
	Train = MSE:0.069593 , RMSE:0.263805 , MAE:0.196711 , MAPD:1.077345, R_squared:0.998795  
	Validation = MSE:0.095149 , RMSE:0.308463 , MAE:0.229186 , MAPD:1.254854, R_squared:0.998288

2024-03-21 03:50:58,199 Epoch 131/300, Train Loss: 0.081045, Val Loss: 0.092181  
	Train = MSE:0.082129 , RMSE:0.286581 , MAE:0.214748 , MAPD:1.135348, R_squared:0.998578  
	Validation = MSE:0.092181 , RMSE:0.303613 , MAE:0.245409 , MAPD:1.334037, R_squared:0.998341

2024-03-21 03:51:01,390 Epoch 132/300, Train Loss: 0.098263, Val Loss: 0.064415  
	Train = MSE:0.102578 , RMSE:0.320277 , MAE:0.247633 , MAPD:1.277084, R_squared:0.998224  
	Validation = MSE:0.064415 , RMSE:0.253802 , MAE:0.185556 , MAPD:1.060736, R_squared:0.998841

2024-03-21 03:51:03,762 Epoch 133/300, Train Loss: 0.062708, Val Loss: 0.065777  
	Train = MSE:0.063512 , RMSE:0.252015 , MAE:0.188044 , MAPD:1.034932, R_squared:0.998901  
	Validation = MSE:0.065777 , RMSE:0.256470 , MAE:0.181132 , MAPD:1.032417, R_squared:0.998816

2024-03-21 03:51:06,167 Epoch 134/300, Train Loss: 0.117717, Val Loss: 0.105882  
	Train = MSE:0.113239 , RMSE:0.336510 , MAE:0.258163 , MAPD:1.327957, R_squared:0.998040  
	Validation = MSE:0.105882 , RMSE:0.325395 , MAE:0.261843 , MAPD:1.363077, R_squared:0.998095

2024-03-21 03:51:07,811 Epoch 135/300, Train Loss: 0.077055, Val Loss: 0.066028  
	Train = MSE:0.076715 , RMSE:0.276975 , MAE:0.211719 , MAPD:1.130774, R_squared:0.998672  
	Validation = MSE:0.066028 , RMSE:0.256958 , MAE:0.181337 , MAPD:1.032163, R_squared:0.998812

2024-03-21 03:51:09,536 Epoch 136/300, Train Loss: 0.087337, Val Loss: 0.066537  
	Train = MSE:0.092054 , RMSE:0.303404 , MAE:0.234065 , MAPD:1.213962, R_squared:0.998407  
	Validation = MSE:0.066537 , RMSE:0.257948 , MAE:0.183141 , MAPD:1.039159, R_squared:0.998803

2024-03-21 03:51:11,583 Epoch 137/300, Train Loss: 0.069177, Val Loss: 0.079277  
	Train = MSE:0.070554 , RMSE:0.265621 , MAE:0.200577 , MAPD:1.073718, R_squared:0.998779  
	Validation = MSE:0.079277 , RMSE:0.281561 , MAE:0.201828 , MAPD:1.095323, R_squared:0.998573

2024-03-21 03:51:13,523 Epoch 138/300, Train Loss: 0.084810, Val Loss: 0.214277  
	Train = MSE:0.079621 , RMSE:0.282172 , MAE:0.216985 , MAPD:1.144411, R_squared:0.998622  
	Validation = MSE:0.214277 , RMSE:0.462901 , MAE:0.369197 , MAPD:1.807879, R_squared:0.996144

2024-03-21 03:51:15,570 Epoch 139/300, Train Loss: 0.317761, Val Loss: 0.082951  
	Train = MSE:0.337643 , RMSE:0.581070 , MAE:0.482532 , MAPD:2.300465, R_squared:0.994155  
	Validation = MSE:0.082951 , RMSE:0.288012 , MAE:0.219813 , MAPD:1.210839, R_squared:0.998507

2024-03-21 03:51:17,419 Epoch 140/300, Train Loss: 0.164949, Val Loss: 0.063245  
	Train = MSE:0.175744 , RMSE:0.419218 , MAE:0.331472 , MAPD:1.659303, R_squared:0.996958  
	Validation = MSE:0.063245 , RMSE:0.251486 , MAE:0.177018 , MAPD:1.022374, R_squared:0.998862

2024-03-21 03:51:19,068 Epoch 141/300, Train Loss: 0.070920, Val Loss: 0.137076  
	Train = MSE:0.067362 , RMSE:0.259542 , MAE:0.192925 , MAPD:1.063308, R_squared:0.998834  
	Validation = MSE:0.137076 , RMSE:0.370238 , MAE:0.277606 , MAPD:1.365285, R_squared:0.997533

2024-03-21 03:51:21,909 Epoch 142/300, Train Loss: 0.135473, Val Loss: 0.203176  
	Train = MSE:0.134804 , RMSE:0.367156 , MAE:0.286939 , MAPD:1.469522, R_squared:0.997667  
	Validation = MSE:0.203176 , RMSE:0.450751 , MAE:0.350097 , MAPD:1.699961, R_squared:0.996344

2024-03-21 03:51:23,284 Epoch 143/300, Train Loss: 0.139560, Val Loss: 0.447222  
	Train = MSE:0.126407 , RMSE:0.355537 , MAE:0.278848 , MAPD:1.441005, R_squared:0.997812  
	Validation = MSE:0.447222 , RMSE:0.668747 , MAE:0.579641 , MAPD:2.840638, R_squared:0.991953

2024-03-21 03:51:25,162 Epoch 144/300, Train Loss: 0.547013, Val Loss: 0.735607  
	Train = MSE:0.494930 , RMSE:0.703513 , MAE:0.587556 , MAPD:2.853190, R_squared:0.991433  
	Validation = MSE:0.735607 , RMSE:0.857675 , MAE:0.780104 , MAPD:3.968841, R_squared:0.986763

2024-03-21 03:51:27,146 Epoch 145/300, Train Loss: 0.424714, Val Loss: 0.325440  
	Train = MSE:0.463198 , RMSE:0.680586 , MAE:0.549616 , MAPD:2.667736, R_squared:0.991982  
	Validation = MSE:0.325440 , RMSE:0.570473 , MAE:0.471489 , MAPD:2.316925, R_squared:0.994144

2024-03-21 03:51:29,337 Epoch 146/300, Train Loss: 0.250450, Val Loss: 0.086498  
	Train = MSE:0.252312 , RMSE:0.502306 , MAE:0.397316 , MAPD:1.978729, R_squared:0.995632  
	Validation = MSE:0.086498 , RMSE:0.294105 , MAE:0.228949 , MAPD:1.354608, R_squared:0.998444

2024-03-21 03:51:31,366 Epoch 147/300, Train Loss: 0.124751, Val Loss: 0.109601  
	Train = MSE:0.131917 , RMSE:0.363204 , MAE:0.287572 , MAPD:1.517883, R_squared:0.997716  
	Validation = MSE:0.109601 , RMSE:0.331061 , MAE:0.248551 , MAPD:1.345880, R_squared:0.998028

2024-03-21 03:51:33,205 Epoch 148/300, Train Loss: 0.166825, Val Loss: 0.325119  
	Train = MSE:0.154529 , RMSE:0.393101 , MAE:0.308084 , MAPD:1.571139, R_squared:0.997325  
	Validation = MSE:0.325119 , RMSE:0.570192 , MAE:0.483887 , MAPD:2.384882, R_squared:0.994150

2024-03-21 03:51:34,911 Epoch 149/300, Train Loss: 0.165739, Val Loss: 0.062564  
	Train = MSE:0.174649 , RMSE:0.417911 , MAE:0.334234 , MAPD:1.689344, R_squared:0.996977  
	Validation = MSE:0.062564 , RMSE:0.250128 , MAE:0.178819 , MAPD:1.044810, R_squared:0.998874

2024-03-21 03:51:36,661 Epoch 150/300, Train Loss: 0.158420, Val Loss: 0.152959  
	Train = MSE:0.168061 , RMSE:0.409952 , MAE:0.320854 , MAPD:1.621028, R_squared:0.997091  
	Validation = MSE:0.152959 , RMSE:0.391099 , MAE:0.335521 , MAPD:1.773162, R_squared:0.997248

2024-03-21 03:51:38,860 Epoch 151/300, Train Loss: 0.162388, Val Loss: 0.133796  
	Train = MSE:0.157680 , RMSE:0.397090 , MAE:0.319013 , MAPD:1.624489, R_squared:0.997271  
	Validation = MSE:0.133796 , RMSE:0.365781 , MAE:0.308425 , MAPD:1.622181, R_squared:0.997592

2024-03-21 03:51:42,261 Epoch 152/300, Train Loss: 0.086376, Val Loss: 0.065039  
	Train = MSE:0.087710 , RMSE:0.296158 , MAE:0.226897 , MAPD:1.202799, R_squared:0.998482  
	Validation = MSE:0.065039 , RMSE:0.255027 , MAE:0.179797 , MAPD:1.034845, R_squared:0.998830

2024-03-21 03:51:43,972 Epoch 153/300, Train Loss: 0.069572, Val Loss: 0.072330  
	Train = MSE:0.072298 , RMSE:0.268883 , MAE:0.203948 , MAPD:1.103224, R_squared:0.998749  
	Validation = MSE:0.072330 , RMSE:0.268942 , MAE:0.192507 , MAPD:1.085886, R_squared:0.998698

2024-03-21 03:51:45,698 Epoch 154/300, Train Loss: 0.121215, Val Loss: 0.091502  
	Train = MSE:0.123533 , RMSE:0.351473 , MAE:0.277252 , MAPD:1.411530, R_squared:0.997862  
	Validation = MSE:0.091502 , RMSE:0.302493 , MAE:0.220532 , MAPD:1.161794, R_squared:0.998354

2024-03-21 03:51:48,233 Epoch 155/300, Train Loss: 0.069023, Val Loss: 0.072740  
	Train = MSE:0.071246 , RMSE:0.266920 , MAE:0.201274 , MAPD:1.082338, R_squared:0.998767  
	Validation = MSE:0.072740 , RMSE:0.269703 , MAE:0.193995 , MAPD:1.081854, R_squared:0.998691

2024-03-21 03:51:49,880 Epoch 156/300, Train Loss: 0.071247, Val Loss: 0.061365  
	Train = MSE:0.072786 , RMSE:0.269788 , MAE:0.204925 , MAPD:1.101208, R_squared:0.998740  
	Validation = MSE:0.061365 , RMSE:0.247721 , MAE:0.175069 , MAPD:1.001043, R_squared:0.998896

2024-03-21 03:51:51,528 Epoch 157/300, Train Loss: 0.061741, Val Loss: 0.082436  
	Train = MSE:0.060413 , RMSE:0.245790 , MAE:0.184110 , MAPD:1.017512, R_squared:0.998954  
	Validation = MSE:0.082436 , RMSE:0.287117 , MAE:0.227886 , MAPD:1.219680, R_squared:0.998517

2024-03-21 03:51:53,038 Epoch 158/300, Train Loss: 0.060245, Val Loss: 0.060215  
	Train = MSE:0.062127 , RMSE:0.249253 , MAE:0.187978 , MAPD:1.026573, R_squared:0.998925  
	Validation = MSE:0.060215 , RMSE:0.245388 , MAE:0.179431 , MAPD:1.026101, R_squared:0.998916

2024-03-21 03:51:54,870 Epoch 159/300, Train Loss: 0.121642, Val Loss: 0.193371  
	Train = MSE:0.110535 , RMSE:0.332469 , MAE:0.255063 , MAPD:1.302070, R_squared:0.998087  
	Validation = MSE:0.193371 , RMSE:0.439740 , MAE:0.348471 , MAPD:1.710411, R_squared:0.996520

2024-03-21 03:51:56,573 Epoch 160/300, Train Loss: 0.110612, Val Loss: 0.265965  
	Train = MSE:0.102487 , RMSE:0.320137 , MAE:0.246734 , MAPD:1.275688, R_squared:0.998226  
	Validation = MSE:0.265965 , RMSE:0.515718 , MAE:0.429444 , MAPD:2.119010, R_squared:0.995214

2024-03-21 03:51:58,246 Epoch 161/300, Train Loss: 0.275208, Val Loss: 0.079063  
	Train = MSE:0.288171 , RMSE:0.536816 , MAE:0.453967 , MAPD:2.188266, R_squared:0.995012  
	Validation = MSE:0.079063 , RMSE:0.281181 , MAE:0.226884 , MAPD:1.273913, R_squared:0.998577

2024-03-21 03:52:02,068 Epoch 162/300, Train Loss: 0.085897, Val Loss: 0.064582  
	Train = MSE:0.089517 , RMSE:0.299194 , MAE:0.230941 , MAPD:1.233473, R_squared:0.998450  
	Validation = MSE:0.064582 , RMSE:0.254130 , MAE:0.181834 , MAPD:1.033373, R_squared:0.998838

2024-03-21 03:52:04,052 Epoch 163/300, Train Loss: 0.093516, Val Loss: 0.089945  
	Train = MSE:0.091708 , RMSE:0.302833 , MAE:0.230480 , MAPD:1.213785, R_squared:0.998413  
	Validation = MSE:0.089945 , RMSE:0.299909 , MAE:0.221430 , MAPD:1.192543, R_squared:0.998382

2024-03-21 03:52:05,856 Epoch 164/300, Train Loss: 0.062524, Val Loss: 0.057949  
	Train = MSE:0.062828 , RMSE:0.250656 , MAE:0.185281 , MAPD:1.007140, R_squared:0.998912  
	Validation = MSE:0.057949 , RMSE:0.240727 , MAE:0.172104 , MAPD:0.991676, R_squared:0.998957

2024-03-21 03:52:07,223 Epoch 165/300, Train Loss: 0.060431, Val Loss: 0.093077  
	Train = MSE:0.059261 , RMSE:0.243437 , MAE:0.181259 , MAPD:0.992766, R_squared:0.998974  
	Validation = MSE:0.093077 , RMSE:0.305085 , MAE:0.228080 , MAPD:1.235096, R_squared:0.998325

2024-03-21 03:52:08,574 Epoch 166/300, Train Loss: 0.164264, Val Loss: 0.382673  
	Train = MSE:0.154580 , RMSE:0.393167 , MAE:0.320872 , MAPD:1.594441, R_squared:0.997324  
	Validation = MSE:0.382673 , RMSE:0.618606 , MAE:0.535723 , MAPD:2.644533, R_squared:0.993114

2024-03-21 03:52:09,962 Epoch 167/300, Train Loss: 0.517519, Val Loss: 0.208469  
	Train = MSE:0.534632 , RMSE:0.731185 , MAE:0.635845 , MAPD:3.044719, R_squared:0.990745  
	Validation = MSE:0.208469 , RMSE:0.456585 , MAE:0.366667 , MAPD:1.796075, R_squared:0.996249

2024-03-21 03:52:11,505 Epoch 168/300, Train Loss: 0.267662, Val Loss: 0.261586  
	Train = MSE:0.254391 , RMSE:0.504372 , MAE:0.402378 , MAPD:1.978602, R_squared:0.995596  
	Validation = MSE:0.261586 , RMSE:0.511455 , MAE:0.424679 , MAPD:2.082267, R_squared:0.995293

2024-03-21 03:52:13,063 Epoch 169/300, Train Loss: 0.391112, Val Loss: 0.317635  
	Train = MSE:0.356036 , RMSE:0.596687 , MAE:0.466473 , MAPD:2.270601, R_squared:0.993837  
	Validation = MSE:0.317635 , RMSE:0.563591 , MAE:0.482501 , MAPD:2.427262, R_squared:0.994284

2024-03-21 03:52:14,737 Epoch 170/300, Train Loss: 0.134047, Val Loss: 0.073924  
	Train = MSE:0.139370 , RMSE:0.373323 , MAE:0.294501 , MAPD:1.508440, R_squared:0.997587  
	Validation = MSE:0.073924 , RMSE:0.271889 , MAE:0.200896 , MAPD:1.166824, R_squared:0.998670

2024-03-21 03:52:17,048 Epoch 171/300, Train Loss: 0.061768, Val Loss: 0.061117  
	Train = MSE:0.062026 , RMSE:0.249050 , MAE:0.187027 , MAPD:1.057237, R_squared:0.998926  
	Validation = MSE:0.061117 , RMSE:0.247218 , MAE:0.178539 , MAPD:1.045493, R_squared:0.998900

2024-03-21 03:52:20,332 Epoch 172/300, Train Loss: 0.077734, Val Loss: 0.081119  
	Train = MSE:0.076019 , RMSE:0.275715 , MAE:0.211668 , MAPD:1.165179, R_squared:0.998684  
	Validation = MSE:0.081119 , RMSE:0.284815 , MAE:0.223237 , MAPD:1.189365, R_squared:0.998540

2024-03-21 03:52:22,124 Epoch 173/300, Train Loss: 0.087421, Val Loss: 0.062437  
	Train = MSE:0.089056 , RMSE:0.298422 , MAE:0.234171 , MAPD:1.229987, R_squared:0.998458  
	Validation = MSE:0.062437 , RMSE:0.249873 , MAE:0.184291 , MAPD:1.039472, R_squared:0.998877

2024-03-21 03:52:23,447 Epoch 174/300, Train Loss: 0.122550, Val Loss: 0.257654  
	Train = MSE:0.113514 , RMSE:0.336918 , MAE:0.261256 , MAPD:1.332906, R_squared:0.998035  
	Validation = MSE:0.257654 , RMSE:0.507597 , MAE:0.417697 , MAPD:2.041082, R_squared:0.995364

2024-03-21 03:52:24,795 Epoch 175/300, Train Loss: 0.124464, Val Loss: 0.189407  
	Train = MSE:0.124068 , RMSE:0.352233 , MAE:0.271436 , MAPD:1.374827, R_squared:0.997852  
	Validation = MSE:0.189407 , RMSE:0.435209 , MAE:0.348161 , MAPD:1.726351, R_squared:0.996592

2024-03-21 03:52:26,246 Epoch 176/300, Train Loss: 0.244047, Val Loss: 0.140160  
	Train = MSE:0.246977 , RMSE:0.496968 , MAE:0.418643 , MAPD:2.047847, R_squared:0.995725  
	Validation = MSE:0.140160 , RMSE:0.374380 , MAE:0.315229 , MAPD:1.633357, R_squared:0.997478

2024-03-21 03:52:27,807 Epoch 177/300, Train Loss: 0.126479, Val Loss: 0.286351  
	Train = MSE:0.110774 , RMSE:0.332827 , MAE:0.258120 , MAPD:1.331494, R_squared:0.998082  
	Validation = MSE:0.286351 , RMSE:0.535118 , MAE:0.459252 , MAPD:2.292092, R_squared:0.994847

2024-03-21 03:52:29,144 Epoch 178/300, Train Loss: 0.179446, Val Loss: 0.119389  
	Train = MSE:0.188985 , RMSE:0.434724 , MAE:0.344313 , MAPD:1.719844, R_squared:0.996729  
	Validation = MSE:0.119389 , RMSE:0.345527 , MAE:0.294602 , MAPD:1.592508, R_squared:0.997852

2024-03-21 03:52:30,467 Epoch 179/300, Train Loss: 0.128914, Val Loss: 0.058443  
	Train = MSE:0.136515 , RMSE:0.369479 , MAE:0.299319 , MAPD:1.512039, R_squared:0.997637  
	Validation = MSE:0.058443 , RMSE:0.241750 , MAE:0.170822 , MAPD:0.980703, R_squared:0.998948

2024-03-21 03:52:31,762 Epoch 180/300, Train Loss: 0.142254, Val Loss: 0.195825  
	Train = MSE:0.131159 , RMSE:0.362159 , MAE:0.281270 , MAPD:1.422811, R_squared:0.997730  
	Validation = MSE:0.195825 , RMSE:0.442521 , MAE:0.370342 , MAPD:1.894805, R_squared:0.996476

2024-03-21 03:52:33,507 Epoch 181/300, Train Loss: 0.170304, Val Loss: 1.234143  
	Train = MSE:0.136065 , RMSE:0.368869 , MAE:0.289478 , MAPD:1.474598, R_squared:0.997645  
	Validation = MSE:1.234143 , RMSE:1.110920 , MAE:0.990235 , MAPD:4.771935, R_squared:0.977793

2024-03-21 03:52:37,117 Epoch 182/300, Train Loss: 1.629216, Val Loss: 0.399841  
	Train = MSE:1.814330 , RMSE:1.346971 , MAE:1.154382 , MAPD:5.505414, R_squared:0.968594  
	Validation = MSE:0.399841 , RMSE:0.632330 , MAE:0.543019 , MAPD:2.811911, R_squared:0.992805

2024-03-21 03:52:38,452 Epoch 183/300, Train Loss: 0.470573, Val Loss: 0.951248  
	Train = MSE:0.450117 , RMSE:0.670908 , MAE:0.540266 , MAPD:2.659639, R_squared:0.992208  
	Validation = MSE:0.951248 , RMSE:0.975320 , MAE:0.861187 , MAPD:4.161668, R_squared:0.982883

2024-03-21 03:52:39,743 Epoch 184/300, Train Loss: 0.408287, Val Loss: 0.089347  
	Train = MSE:0.427843 , RMSE:0.654097 , MAE:0.533288 , MAPD:2.646421, R_squared:0.992594  
	Validation = MSE:0.089347 , RMSE:0.298910 , MAE:0.227347 , MAPD:1.328428, R_squared:0.998392

2024-03-21 03:52:41,051 Epoch 185/300, Train Loss: 0.148976, Val Loss: 0.160273  
	Train = MSE:0.153765 , RMSE:0.392129 , MAE:0.311949 , MAPD:1.678764, R_squared:0.997338  
	Validation = MSE:0.160273 , RMSE:0.400342 , MAE:0.326362 , MAPD:1.722686, R_squared:0.997116

2024-03-21 03:52:42,819 Epoch 186/300, Train Loss: 0.106123, Val Loss: 0.075780  
	Train = MSE:0.109958 , RMSE:0.331599 , MAE:0.259034 , MAPD:1.382071, R_squared:0.998097  
	Validation = MSE:0.075780 , RMSE:0.275282 , MAE:0.198716 , MAPD:1.128634, R_squared:0.998636

2024-03-21 03:52:44,696 Epoch 187/300, Train Loss: 0.093479, Val Loss: 0.138031  
	Train = MSE:0.095852 , RMSE:0.309600 , MAE:0.239692 , MAPD:1.271867, R_squared:0.998341  
	Validation = MSE:0.138031 , RMSE:0.371525 , MAE:0.285460 , MAPD:1.464205, R_squared:0.997516

2024-03-21 03:52:46,045 Epoch 188/300, Train Loss: 0.147059, Val Loss: 0.233381  
	Train = MSE:0.149828 , RMSE:0.387077 , MAE:0.306952 , MAPD:1.552396, R_squared:0.997406  
	Validation = MSE:0.233381 , RMSE:0.483096 , MAE:0.395033 , MAPD:1.952870, R_squared:0.995801

2024-03-21 03:52:48,140 Epoch 189/300, Train Loss: 0.151764, Val Loss: 0.153263  
	Train = MSE:0.149535 , RMSE:0.386698 , MAE:0.306820 , MAPD:1.558062, R_squared:0.997412  
	Validation = MSE:0.153263 , RMSE:0.391488 , MAE:0.310045 , MAPD:1.611257, R_squared:0.997242

2024-03-21 03:52:49,569 Epoch 190/300, Train Loss: 0.170834, Val Loss: 0.468547  
	Train = MSE:0.142684 , RMSE:0.377735 , MAE:0.294813 , MAPD:1.509326, R_squared:0.997530  
	Validation = MSE:0.468547 , RMSE:0.684505 , MAE:0.618973 , MAPD:3.148559, R_squared:0.991569

2024-03-21 03:52:50,901 Epoch 191/300, Train Loss: 0.358830, Val Loss: 0.704900  
	Train = MSE:0.323334 , RMSE:0.568624 , MAE:0.458708 , MAPD:2.246967, R_squared:0.994403  
	Validation = MSE:0.704900 , RMSE:0.839583 , MAE:0.714004 , MAPD:3.375874, R_squared:0.987316

2024-03-21 03:52:53,686 Epoch 192/300, Train Loss: 0.248033, Val Loss: 0.194660  
	Train = MSE:0.263596 , RMSE:0.513416 , MAE:0.389739 , MAPD:1.921536, R_squared:0.995437  
	Validation = MSE:0.194660 , RMSE:0.441203 , MAE:0.362064 , MAPD:1.839308, R_squared:0.996497

2024-03-21 03:52:54,992 Epoch 193/300, Train Loss: 0.169766, Val Loss: 0.070022  
	Train = MSE:0.184697 , RMSE:0.429763 , MAE:0.351809 , MAPD:1.751639, R_squared:0.996803  
	Validation = MSE:0.070022 , RMSE:0.264617 , MAE:0.186726 , MAPD:1.068825, R_squared:0.998740

2024-03-21 03:52:56,302 Epoch 194/300, Train Loss: 0.075834, Val Loss: 0.059577  
	Train = MSE:0.076717 , RMSE:0.276978 , MAE:0.210193 , MAPD:1.130712, R_squared:0.998672  
	Validation = MSE:0.059577 , RMSE:0.244084 , MAE:0.177115 , MAPD:1.036527, R_squared:0.998928

2024-03-21 03:52:57,578 Epoch 195/300, Train Loss: 0.115041, Val Loss: 0.073774  
	Train = MSE:0.112985 , RMSE:0.336133 , MAE:0.261153 , MAPD:1.347520, R_squared:0.998044  
	Validation = MSE:0.073774 , RMSE:0.271614 , MAE:0.192595 , MAPD:1.075149, R_squared:0.998673

2024-03-21 03:52:59,355 Epoch 196/300, Train Loss: 0.129095, Val Loss: 0.099445  
	Train = MSE:0.127198 , RMSE:0.356648 , MAE:0.282903 , MAPD:1.433521, R_squared:0.997798  
	Validation = MSE:0.099445 , RMSE:0.315349 , MAE:0.235660 , MAPD:1.233291, R_squared:0.998211

2024-03-21 03:53:00,730 Epoch 197/300, Train Loss: 0.110752, Val Loss: 0.223185  
	Train = MSE:0.096399 , RMSE:0.310481 , MAE:0.240543 , MAPD:1.255195, R_squared:0.998331  
	Validation = MSE:0.223185 , RMSE:0.472424 , MAE:0.399037 , MAPD:2.039715, R_squared:0.995984

2024-03-21 03:53:02,141 Epoch 198/300, Train Loss: 0.105249, Val Loss: 0.126115  
	Train = MSE:0.107233 , RMSE:0.327464 , MAE:0.251281 , MAPD:1.291371, R_squared:0.998144  
	Validation = MSE:0.126115 , RMSE:0.355127 , MAE:0.274708 , MAPD:1.431788, R_squared:0.997731

2024-03-21 03:53:03,874 Epoch 199/300, Train Loss: 0.161151, Val Loss: 0.107509  
	Train = MSE:0.168125 , RMSE:0.410030 , MAE:0.336599 , MAPD:1.672701, R_squared:0.997090  
	Validation = MSE:0.107509 , RMSE:0.327886 , MAE:0.280486 , MAPD:1.552199, R_squared:0.998065

2024-03-21 03:53:05,187 Epoch 200/300, Train Loss: 0.243261, Val Loss: 0.088628  
	Train = MSE:0.261313 , RMSE:0.511188 , MAE:0.428437 , MAPD:2.123768, R_squared:0.995477  
	Validation = MSE:0.088628 , RMSE:0.297704 , MAE:0.219693 , MAPD:1.209343, R_squared:0.998405

2024-03-21 03:53:06,516 Epoch 201/300, Train Loss: 0.098217, Val Loss: 0.060931  
	Train = MSE:0.096740 , RMSE:0.311031 , MAE:0.243391 , MAPD:1.266817, R_squared:0.998325  
	Validation = MSE:0.060931 , RMSE:0.246843 , MAE:0.183089 , MAPD:1.042735, R_squared:0.998904

2024-03-21 03:53:09,129 Epoch 202/300, Train Loss: 0.235373, Val Loss: 0.886437  
	Train = MSE:0.185459 , RMSE:0.430650 , MAE:0.332428 , MAPD:1.663236, R_squared:0.996790  
	Validation = MSE:0.886437 , RMSE:0.941508 , MAE:0.831392 , MAPD:4.076918, R_squared:0.984049

2024-03-21 03:53:10,452 Epoch 203/300, Train Loss: 1.881897, Val Loss: 0.945160  
	Train = MSE:2.096570 , RMSE:1.447954 , MAE:1.242221 , MAPD:5.970350, R_squared:0.963708  
	Validation = MSE:0.945160 , RMSE:0.972193 , MAE:0.841122 , MAPD:4.126186, R_squared:0.982993

2024-03-21 03:53:11,768 Epoch 204/300, Train Loss: 3.152022, Val Loss: 8.947824  
	Train = MSE:2.386127 , RMSE:1.544709 , MAE:1.191336 , MAPD:5.778226, R_squared:0.958696  
	Validation = MSE:8.947824 , RMSE:2.991291 , MAE:2.758876 , MAPD:13.451437, R_squared:0.838992

2024-03-21 03:53:13,054 Epoch 205/300, Train Loss: 9.975001, Val Loss: 4.481370  
	Train = MSE:8.249809 , RMSE:2.872248 , MAE:2.256160 , MAPD:10.881193, R_squared:0.857194  
	Validation = MSE:4.481370 , RMSE:2.116925 , MAE:1.921980 , MAPD:9.187266, R_squared:0.919362

2024-03-21 03:53:14,527 Epoch 206/300, Train Loss: 105.740454, Val Loss: 351.230896  
	Train = MSE:94.070648 , RMSE:9.699002 , MAE:7.683916 , MAPD:37.394883, R_squared:-0.628379  
	Validation = MSE:351.230927 , RMSE:18.741156 , MAE:17.415155 , MAPD:85.561486, R_squared:-5.320064

2024-03-21 03:53:16,499 Epoch 207/300, Train Loss: 314.454114, Val Loss: 185.171799  
	Train = MSE:333.792816 , RMSE:18.269999 , MAE:15.589318 , MAPD:75.452722, R_squared:-4.778010  
	Validation = MSE:185.171799 , RMSE:13.607784 , MAE:11.009143 , MAPD:47.887563, R_squared:-2.331989

2024-03-21 03:53:18,420 Epoch 208/300, Train Loss: 110.372314, Val Loss: 56.938789  
	Train = MSE:109.969330 , RMSE:10.486627 , MAE:8.158815 , MAPD:38.991759, R_squared:-0.903588  
	Validation = MSE:56.938789 , RMSE:7.545780 , MAE:5.800723 , MAPD:29.657944, R_squared:-0.024559

2024-03-21 03:53:19,771 Epoch 209/300, Train Loss: 79.350726, Val Loss: 56.455029  
	Train = MSE:77.709412 , RMSE:8.815294 , MAE:7.052495 , MAPD:37.450081, R_squared:-0.345163  
	Validation = MSE:56.455029 , RMSE:7.513656 , MAE:6.299426 , MAPD:35.536748, R_squared:-0.015854

2024-03-21 03:53:21,070 Epoch 210/300, Train Loss: 63.321258, Val Loss: 61.638439  
	Train = MSE:64.115952 , RMSE:8.007244 , MAE:6.446188 , MAPD:33.987943, R_squared:-0.109858  
	Validation = MSE:61.638439 , RMSE:7.851015 , MAE:5.764618 , MAPD:27.459284, R_squared:-0.109125

2024-03-21 03:53:22,374 Epoch 211/300, Train Loss: 61.148979, Val Loss: 56.110088  
	Train = MSE:61.594082 , RMSE:7.848190 , MAE:6.321134 , MAPD:33.514454, R_squared:-0.066204  
	Validation = MSE:56.110088 , RMSE:7.490667 , MAE:5.867532 , MAPD:30.690861, R_squared:-0.009647

2024-03-21 03:53:25,511 Epoch 212/300, Train Loss: 59.445453, Val Loss: 61.631451  
	Train = MSE:59.248730 , RMSE:7.697320 , MAE:6.273742 , MAPD:33.565745, R_squared:-0.025606  
	Validation = MSE:61.631447 , RMSE:7.850570 , MAE:6.873073 , MAPD:40.817374, R_squared:-0.108999

2024-03-21 03:53:26,930 Epoch 213/300, Train Loss: 58.954532, Val Loss: 59.458153  
	Train = MSE:59.055302 , RMSE:7.684745 , MAE:6.284183 , MAPD:33.788554, R_squared:-0.022257  
	Validation = MSE:59.458153 , RMSE:7.710911 , MAE:6.675802 , MAPD:39.059611, R_squared:-0.069893

2024-03-21 03:53:28,272 Epoch 214/300, Train Loss: 58.688762, Val Loss: 56.101299  
	Train = MSE:59.011528 , RMSE:7.681896 , MAE:6.307793 , MAPD:34.033124, R_squared:-0.021499  
	Validation = MSE:56.101295 , RMSE:7.490080 , MAE:6.228225 , MAPD:34.840983, R_squared:-0.009489

2024-03-21 03:53:29,591 Epoch 215/300, Train Loss: 57.313708, Val Loss: 56.000282  
	Train = MSE:57.909164 , RMSE:7.609807 , MAE:6.218246 , MAPD:33.367340, R_squared:-0.002418  
	Validation = MSE:56.000282 , RMSE:7.483334 , MAE:6.204185 , MAPD:34.603550, R_squared:-0.007672

2024-03-21 03:53:30,894 Epoch 216/300, Train Loss: 58.893587, Val Loss: 59.842133  
	Train = MSE:57.765892 , RMSE:7.600388 , MAE:6.183566 , MAPD:33.016029, R_squared:0.000063  
	Validation = MSE:59.842133 , RMSE:7.735770 , MAE:6.713289 , MAPD:39.397092, R_squared:-0.076802

2024-03-21 03:53:32,202 Epoch 217/300, Train Loss: 58.850042, Val Loss: 55.656181  
	Train = MSE:59.250225 , RMSE:7.697417 , MAE:6.320574 , MAPD:34.098511, R_squared:-0.025632  
	Validation = MSE:55.656181 , RMSE:7.460307 , MAE:5.958519 , MAPD:31.863428, R_squared:-0.001480

2024-03-21 03:53:33,526 Epoch 218/300, Train Loss: 58.173172, Val Loss: 59.897606  
	Train = MSE:59.275887 , RMSE:7.699083 , MAE:6.257621 , MAPD:33.518619, R_squared:-0.026076  
	Validation = MSE:59.897606 , RMSE:7.739354 , MAE:5.752088 , MAPD:27.983197, R_squared:-0.077800

2024-03-21 03:53:34,839 Epoch 219/300, Train Loss: 59.723545, Val Loss: 56.919640  
	Train = MSE:60.434227 , RMSE:7.773945 , MAE:6.303218 , MAPD:33.508299, R_squared:-0.046127  
	Validation = MSE:56.919640 , RMSE:7.544510 , MAE:5.801751 , MAPD:29.676218, R_squared:-0.024214

2024-03-21 03:53:36,153 Epoch 220/300, Train Loss: 59.014365, Val Loss: 56.484745  
	Train = MSE:58.801891 , RMSE:7.668239 , MAE:6.221169 , MAPD:33.062275, R_squared:-0.017871  
	Validation = MSE:56.484753 , RMSE:7.515634 , MAE:6.304842 , MAPD:35.588896, R_squared:-0.016389

2024-03-21 03:53:37,476 Epoch 221/300, Train Loss: 57.256182, Val Loss: 55.889648  
	Train = MSE:57.846279 , RMSE:7.605674 , MAE:6.292320 , MAPD:34.165375, R_squared:-0.001329  
	Validation = MSE:55.889648 , RMSE:7.475938 , MAE:5.900286 , MAPD:31.128856, R_squared:-0.005681

2024-03-21 03:53:41,236 Epoch 222/300, Train Loss: 56.978903, Val Loss: 57.291767  
	Train = MSE:58.109642 , RMSE:7.622968 , MAE:6.252678 , MAPD:33.707350, R_squared:-0.005888  
	Validation = MSE:57.291767 , RMSE:7.569132 , MAE:5.784238 , MAPD:29.348575, R_squared:-0.030910

2024-03-21 03:53:42,720 Epoch 223/300, Train Loss: 58.405360, Val Loss: 57.671906  
	Train = MSE:59.124882 , RMSE:7.689270 , MAE:6.265133 , MAPD:33.513536, R_squared:-0.023462  
	Validation = MSE:57.671906 , RMSE:7.594202 , MAE:5.771534 , MAPD:29.066478, R_squared:-0.037751

2024-03-21 03:53:44,589 Epoch 224/300, Train Loss: 57.230347, Val Loss: 56.643799  
	Train = MSE:59.218906 , RMSE:7.695382 , MAE:6.235916 , MAPD:33.181690, R_squared:-0.025089  
	Validation = MSE:56.643799 , RMSE:7.526207 , MAE:5.818176 , MAPD:29.959202, R_squared:-0.019251

2024-03-21 03:53:45,903 Epoch 225/300, Train Loss: 59.485314, Val Loss: 57.434357  
	Train = MSE:58.933632 , RMSE:7.676825 , MAE:6.245509 , MAPD:33.512518, R_squared:-0.020151  
	Validation = MSE:57.434357 , RMSE:7.578546 , MAE:5.778802 , MAPD:29.236652, R_squared:-0.033476

2024-03-21 03:53:47,205 Epoch 226/300, Train Loss: 58.563046, Val Loss: 55.612381  
	Train = MSE:58.680866 , RMSE:7.660344 , MAE:6.245177 , MAPD:33.375712, R_squared:-0.015776  
	Validation = MSE:55.612377 , RMSE:7.457371 , MAE:6.067978 , MAPD:33.188929, R_squared:-0.000692

2024-03-21 03:53:48,506 Epoch 227/300, Train Loss: 59.138972, Val Loss: 55.896393  
	Train = MSE:57.909576 , RMSE:7.609834 , MAE:6.217862 , MAPD:33.339850, R_squared:-0.002425  
	Validation = MSE:55.896385 , RMSE:7.476388 , MAE:6.177225 , MAPD:34.332333, R_squared:-0.005802

2024-03-21 03:53:49,825 Epoch 228/300, Train Loss: 58.199105, Val Loss: 55.822685  
	Train = MSE:57.948051 , RMSE:7.612362 , MAE:6.232989 , MAPD:33.520006, R_squared:-0.003091  
	Validation = MSE:55.822685 , RMSE:7.471458 , MAE:6.155893 , MAPD:34.114817, R_squared:-0.004476

2024-03-21 03:53:51,145 Epoch 229/300, Train Loss: 58.672925, Val Loss: 55.863319  
	Train = MSE:57.993992 , RMSE:7.615379 , MAE:6.213862 , MAPD:33.334046, R_squared:-0.003886  
	Validation = MSE:55.863327 , RMSE:7.474177 , MAE:6.167875 , MAPD:34.237641, R_squared:-0.005207

2024-03-21 03:53:52,848 Epoch 230/300, Train Loss: 58.477234, Val Loss: 55.579071  
	Train = MSE:58.032986 , RMSE:7.617939 , MAE:6.216725 , MAPD:33.351010, R_squared:-0.004561  
	Validation = MSE:55.579071 , RMSE:7.455137 , MAE:6.038065 , MAPD:32.838833, R_squared:-0.000092

2024-03-21 03:53:54,238 Epoch 231/300, Train Loss: 58.100349, Val Loss: 56.110302  
	Train = MSE:58.603119 , RMSE:7.655267 , MAE:6.252332 , MAPD:33.473439, R_squared:-0.014430  
	Validation = MSE:56.110298 , RMSE:7.490681 , MAE:5.867506 , MAPD:30.690497, R_squared:-0.009651

2024-03-21 03:53:57,505 Epoch 232/300, Train Loss: 60.339812, Val Loss: 55.577660  
	Train = MSE:59.134941 , RMSE:7.689925 , MAE:6.284193 , MAPD:33.624467, R_squared:-0.023636  
	Validation = MSE:55.577656 , RMSE:7.455042 , MAE:6.035557 , MAPD:32.809085, R_squared:-0.000067

2024-03-21 03:53:59,389 Epoch 233/300, Train Loss: 59.092379, Val Loss: 55.720703  
	Train = MSE:59.004112 , RMSE:7.681414 , MAE:6.303082 , MAPD:33.955353, R_squared:-0.021371  
	Validation = MSE:55.720703 , RMSE:7.464630 , MAE:6.120795 , MAPD:33.753709, R_squared:-0.002641

2024-03-21 03:54:01,235 Epoch 234/300, Train Loss: 58.417040, Val Loss: 56.509266  
	Train = MSE:57.990143 , RMSE:7.615126 , MAE:6.241963 , MAPD:33.609157, R_squared:-0.003819  
	Validation = MSE:56.509266 , RMSE:7.517264 , MAE:6.309246 , MAPD:35.631288, R_squared:-0.016830

2024-03-21 03:54:02,949 Epoch 235/300, Train Loss: 58.502756, Val Loss: 57.817223  
	Train = MSE:58.387695 , RMSE:7.641184 , MAE:6.227682 , MAPD:33.294979, R_squared:-0.010701  
	Validation = MSE:57.817226 , RMSE:7.603764 , MAE:6.497112 , MAPD:37.416400, R_squared:-0.040366

2024-03-21 03:54:04,462 Epoch 236/300, Train Loss: 58.082978, Val Loss: 55.899609  
	Train = MSE:58.216507 , RMSE:7.629974 , MAE:6.236869 , MAPD:33.486117, R_squared:-0.007738  
	Validation = MSE:55.899612 , RMSE:7.476604 , MAE:6.178117 , MAPD:34.341335, R_squared:-0.005860

2024-03-21 03:54:06,273 Epoch 237/300, Train Loss: 57.840370, Val Loss: 55.980362  
	Train = MSE:57.766182 , RMSE:7.600407 , MAE:6.186932 , MAPD:33.059641, R_squared:0.000058  
	Validation = MSE:55.980362 , RMSE:7.482003 , MAE:6.199245 , MAPD:34.554113, R_squared:-0.007313

2024-03-21 03:54:07,724 Epoch 238/300, Train Loss: 57.832770, Val Loss: 55.871372  
	Train = MSE:57.875866 , RMSE:7.607619 , MAE:6.226538 , MAPD:33.466630, R_squared:-0.001841  
	Validation = MSE:55.871372 , RMSE:7.474716 , MAE:6.170178 , MAPD:34.261066, R_squared:-0.005352

2024-03-21 03:54:10,416 Epoch 239/300, Train Loss: 56.728015, Val Loss: 55.647491  
	Train = MSE:57.828125 , RMSE:7.604481 , MAE:6.206868 , MAPD:33.252729, R_squared:-0.001015  
	Validation = MSE:55.647484 , RMSE:7.459724 , MAE:6.088373 , MAPD:33.411789, R_squared:-0.001323

2024-03-21 03:54:11,705 Epoch 240/300, Train Loss: 57.515273, Val Loss: 55.768421  
	Train = MSE:58.030903 , RMSE:7.617802 , MAE:6.244837 , MAPD:33.616556, R_squared:-0.004525  
	Validation = MSE:55.768429 , RMSE:7.467826 , MAE:5.925360 , MAPD:31.449000, R_squared:-0.003499

2024-03-21 03:54:12,990 Epoch 241/300, Train Loss: 58.112861, Val Loss: 55.935284  
	Train = MSE:58.245987 , RMSE:7.631906 , MAE:6.187596 , MAPD:32.994311, R_squared:-0.008248  
	Validation = MSE:55.935284 , RMSE:7.478990 , MAE:6.187706 , MAPD:34.438082, R_squared:-0.006502

2024-03-21 03:54:15,919 Epoch 242/300, Train Loss: 57.823248, Val Loss: 56.050621  
	Train = MSE:58.200855 , RMSE:7.628949 , MAE:6.272371 , MAPD:33.858482, R_squared:-0.007467  
	Validation = MSE:56.050621 , RMSE:7.486696 , MAE:5.875296 , MAPD:30.796935, R_squared:-0.008577

2024-03-21 03:54:17,235 Epoch 243/300, Train Loss: 58.838165, Val Loss: 55.883385  
	Train = MSE:58.910801 , RMSE:7.675337 , MAE:6.257116 , MAPD:33.497455, R_squared:-0.019756  
	Validation = MSE:55.883389 , RMSE:7.475519 , MAE:5.901385 , MAPD:31.143371, R_squared:-0.005568

2024-03-21 03:54:18,566 Epoch 244/300, Train Loss: 58.878432, Val Loss: 55.580532  
	Train = MSE:58.058147 , RMSE:7.619590 , MAE:6.237449 , MAPD:33.583091, R_squared:-0.004996  
	Validation = MSE:55.580532 , RMSE:7.455235 , MAE:6.003478 , MAPD:32.419734, R_squared:-0.000118

2024-03-21 03:54:19,881 Epoch 245/300, Train Loss: 58.042808, Val Loss: 55.642075  
	Train = MSE:58.228733 , RMSE:7.630775 , MAE:6.243677 , MAPD:33.491914, R_squared:-0.007949  
	Validation = MSE:55.642071 , RMSE:7.459361 , MAE:5.964058 , MAPD:31.932653, R_squared:-0.001226

2024-03-21 03:54:21,421 Epoch 246/300, Train Loss: 59.926532, Val Loss: 57.169785  
	Train = MSE:58.278397 , RMSE:7.634029 , MAE:6.230409 , MAPD:33.405292, R_squared:-0.008809  
	Validation = MSE:57.169788 , RMSE:7.561070 , MAE:6.412732 , MAPD:36.621176, R_squared:-0.028716

2024-03-21 03:54:22,893 Epoch 247/300, Train Loss: 58.433961, Val Loss: 59.383862  
	Train = MSE:58.476048 , RMSE:7.646963 , MAE:6.269591 , MAPD:33.779815, R_squared:-0.012230  
	Validation = MSE:59.383865 , RMSE:7.706093 , MAE:6.668417 , MAPD:38.992772, R_squared:-0.068556

2024-03-21 03:54:24,187 Epoch 248/300, Train Loss: 58.942451, Val Loss: 57.752213  
	Train = MSE:59.438332 , RMSE:7.709626 , MAE:6.284331 , MAPD:33.737134, R_squared:-0.028888  
	Validation = MSE:57.752209 , RMSE:7.599487 , MAE:6.489157 , MAPD:37.341849, R_squared:-0.039196

2024-03-21 03:54:25,503 Epoch 249/300, Train Loss: 59.038889, Val Loss: 58.713791  
	Train = MSE:58.664093 , RMSE:7.659249 , MAE:6.281894 , MAPD:33.914065, R_squared:-0.015486  
	Validation = MSE:58.713783 , RMSE:7.662492 , MAE:6.599280 , MAPD:38.362405, R_squared:-0.056498

2024-03-21 03:54:27,273 Epoch 250/300, Train Loss: 59.425838, Val Loss: 59.712856  
	Train = MSE:59.145779 , RMSE:7.690629 , MAE:6.269017 , MAPD:33.591582, R_squared:-0.023823  
	Validation = MSE:59.712852 , RMSE:7.727409 , MAE:6.700836 , MAPD:39.285104, R_squared:-0.074476

2024-03-21 03:54:28,624 Epoch 251/300, Train Loss: 58.838776, Val Loss: 59.037876  
	Train = MSE:58.783222 , RMSE:7.667022 , MAE:6.242857 , MAPD:33.388994, R_squared:-0.017548  
	Validation = MSE:59.037876 , RMSE:7.683611 , MAE:6.633266 , MAPD:38.673600, R_squared:-0.062330

2024-03-21 03:54:32,485 Epoch 252/300, Train Loss: 59.425181, Val Loss: 55.970116  
	Train = MSE:58.431007 , RMSE:7.644018 , MAE:6.241932 , MAPD:33.549082, R_squared:-0.011451  
	Validation = MSE:55.970127 , RMSE:7.481318 , MAE:6.196659 , MAPD:34.528229, R_squared:-0.007129

2024-03-21 03:54:33,822 Epoch 253/300, Train Loss: 57.698817, Val Loss: 57.173073  
	Train = MSE:58.041111 , RMSE:7.618472 , MAE:6.284120 , MAPD:34.075051, R_squared:-0.004702  
	Validation = MSE:57.173073 , RMSE:7.561288 , MAE:5.789308 , MAPD:29.447310, R_squared:-0.028775

2024-03-21 03:54:35,153 Epoch 254/300, Train Loss: 60.317101, Val Loss: 55.989697  
	Train = MSE:59.350349 , RMSE:7.703918 , MAE:6.221930 , MAPD:32.918084, R_squared:-0.027365  
	Validation = MSE:55.989700 , RMSE:7.482626 , MAE:6.201575 , MAPD:34.577427, R_squared:-0.007481

2024-03-21 03:54:36,442 Epoch 255/300, Train Loss: 56.986205, Val Loss: 55.574547  
	Train = MSE:57.797428 , RMSE:7.602462 , MAE:6.231756 , MAPD:33.556332, R_squared:-0.000483  
	Validation = MSE:55.574551 , RMSE:7.454834 , MAE:6.016029 , MAPD:32.573798, R_squared:-0.000011

2024-03-21 03:54:37,833 Epoch 256/300, Train Loss: 58.536853, Val Loss: 55.578262  
	Train = MSE:58.304344 , RMSE:7.635728 , MAE:6.252459 , MAPD:33.609508, R_squared:-0.009258  
	Validation = MSE:55.578262 , RMSE:7.455083 , MAE:6.006875 , MAPD:32.461615, R_squared:-0.000078

2024-03-21 03:54:39,417 Epoch 257/300, Train Loss: 56.982411, Val Loss: 55.698292  
	Train = MSE:58.210251 , RMSE:7.629564 , MAE:6.277390 , MAPD:33.957132, R_squared:-0.007629  
	Validation = MSE:55.698292 , RMSE:7.463129 , MAE:5.944359 , MAPD:31.686460, R_squared:-0.002237

2024-03-21 03:54:40,732 Epoch 258/300, Train Loss: 60.448814, Val Loss: 55.690655  
	Train = MSE:58.690304 , RMSE:7.660960 , MAE:6.260012 , MAPD:33.696165, R_squared:-0.015939  
	Validation = MSE:55.690659 , RMSE:7.462617 , MAE:6.108737 , MAPD:33.626803, R_squared:-0.002100

2024-03-21 03:54:42,406 Epoch 259/300, Train Loss: 59.002460, Val Loss: 55.575092  
	Train = MSE:58.220348 , RMSE:7.630226 , MAE:6.297219 , MAPD:34.231545, R_squared:-0.007804  
	Validation = MSE:55.575089 , RMSE:7.454870 , MAE:6.029301 , MAPD:32.734082, R_squared:-0.000021

2024-03-21 03:54:44,182 Epoch 260/300, Train Loss: 56.993408, Val Loss: 56.661129  
	Train = MSE:57.873360 , RMSE:7.607454 , MAE:6.296690 , MAPD:34.298678, R_squared:-0.001798  
	Validation = MSE:56.661133 , RMSE:7.527359 , MAE:5.817008 , MAPD:29.940008, R_squared:-0.019563

2024-03-21 03:54:45,492 Epoch 261/300, Train Loss: 58.719998, Val Loss: 57.877487  
	Train = MSE:59.184990 , RMSE:7.693178 , MAE:6.296075 , MAPD:33.942541, R_squared:-0.024502  
	Validation = MSE:57.877491 , RMSE:7.607726 , MAE:5.766414 , MAPD:28.931356, R_squared:-0.041450

2024-03-21 03:54:48,493 Epoch 262/300, Train Loss: 59.574848, Val Loss: 56.987144  
	Train = MSE:60.651882 , RMSE:7.787932 , MAE:6.288083 , MAPD:33.290741, R_squared:-0.049894  
	Validation = MSE:56.987144 , RMSE:7.548983 , MAE:5.798158 , MAPD:29.612374, R_squared:-0.025429

2024-03-21 03:54:50,285 Epoch 263/300, Train Loss: 60.809828, Val Loss: 55.900616  
	Train = MSE:60.491306 , RMSE:7.777616 , MAE:6.254386 , MAPD:32.874404, R_squared:-0.047115  
	Validation = MSE:55.900616 , RMSE:7.476671 , MAE:6.178393 , MAPD:34.344124, R_squared:-0.005878

2024-03-21 03:54:51,792 Epoch 264/300, Train Loss: 58.233196, Val Loss: 55.820202  
	Train = MSE:57.948696 , RMSE:7.612404 , MAE:6.188709 , MAPD:33.004443, R_squared:-0.003102  
	Validation = MSE:55.820206 , RMSE:7.471292 , MAE:6.155133 , MAPD:34.107014, R_squared:-0.004431

2024-03-21 03:54:53,328 Epoch 265/300, Train Loss: 57.663166, Val Loss: 55.693916  
	Train = MSE:57.820724 , RMSE:7.603994 , MAE:6.214754 , MAPD:33.357299, R_squared:-0.000887  
	Validation = MSE:55.693916 , RMSE:7.462836 , MAE:6.110109 , MAPD:33.641268, R_squared:-0.002159

2024-03-21 03:54:54,900 Epoch 266/300, Train Loss: 57.371494, Val Loss: 55.786148  
	Train = MSE:58.010365 , RMSE:7.616454 , MAE:6.229659 , MAPD:33.450172, R_squared:-0.004169  
	Validation = MSE:55.786152 , RMSE:7.469013 , MAE:6.144279 , MAPD:33.995631, R_squared:-0.003818

2024-03-21 03:54:56,421 Epoch 267/300, Train Loss: 58.772675, Val Loss: 55.707539  
	Train = MSE:57.930573 , RMSE:7.611214 , MAE:6.253142 , MAPD:33.730157, R_squared:-0.002788  
	Validation = MSE:55.707535 , RMSE:7.463748 , MAE:6.115660 , MAPD:33.699776, R_squared:-0.002404

2024-03-21 03:54:57,782 Epoch 268/300, Train Loss: 57.384427, Val Loss: 56.270454  
	Train = MSE:57.799458 , RMSE:7.602595 , MAE:6.208377 , MAPD:33.286843, R_squared:-0.000518  
	Validation = MSE:56.270458 , RMSE:7.501364 , MAE:6.264122 , MAPD:35.193884, R_squared:-0.012533

2024-03-21 03:54:59,100 Epoch 269/300, Train Loss: 58.272632, Val Loss: 57.078476  
	Train = MSE:58.186031 , RMSE:7.627977 , MAE:6.236482 , MAPD:33.510131, R_squared:-0.007210  
	Validation = MSE:57.078476 , RMSE:7.555030 , MAE:6.399712 , MAPD:36.497632, R_squared:-0.027073

2024-03-21 03:55:00,442 Epoch 270/300, Train Loss: 58.519431, Val Loss: 56.226871  
	Train = MSE:57.954590 , RMSE:7.612791 , MAE:6.207391 , MAPD:33.228431, R_squared:-0.003204  
	Validation = MSE:56.226864 , RMSE:7.498457 , MAE:6.255234 , MAPD:35.107013, R_squared:-0.011749

2024-03-21 03:55:01,964 Epoch 271/300, Train Loss: 57.933852, Val Loss: 55.592117  
	Train = MSE:58.350487 , RMSE:7.638749 , MAE:6.289006 , MAPD:34.026126, R_squared:-0.010057  
	Validation = MSE:55.592117 , RMSE:7.456012 , MAE:5.991674 , MAPD:32.274215, R_squared:-0.000327

2024-03-21 03:55:04,941 Epoch 272/300, Train Loss: 57.731010, Val Loss: 56.145462  
	Train = MSE:58.186615 , RMSE:7.628015 , MAE:6.296249 , MAPD:34.166448, R_squared:-0.007220  
	Validation = MSE:56.145462 , RMSE:7.493028 , MAE:5.863253 , MAPD:30.631241, R_squared:-0.010284

2024-03-21 03:55:06,272 Epoch 273/300, Train Loss: 57.876551, Val Loss: 55.620464  
	Train = MSE:58.503273 , RMSE:7.648743 , MAE:6.260573 , MAPD:33.617991, R_squared:-0.012702  
	Validation = MSE:55.620461 , RMSE:7.457912 , MAE:5.973880 , MAPD:32.054846, R_squared:-0.000837

2024-03-21 03:55:07,844 Epoch 274/300, Train Loss: 57.173395, Val Loss: 55.584599  
	Train = MSE:57.968407 , RMSE:7.613698 , MAE:6.221562 , MAPD:33.359210, R_squared:-0.003443  
	Validation = MSE:55.584599 , RMSE:7.455508 , MAE:5.998624 , MAPD:32.359896, R_squared:-0.000192

2024-03-21 03:55:09,493 Epoch 275/300, Train Loss: 59.058278, Val Loss: 55.631626  
	Train = MSE:58.065483 , RMSE:7.620071 , MAE:6.196887 , MAPD:33.100901, R_squared:-0.005123  
	Validation = MSE:55.631626 , RMSE:7.458661 , MAE:6.079753 , MAPD:33.318813, R_squared:-0.001038

2024-03-21 03:55:10,820 Epoch 276/300, Train Loss: 58.425907, Val Loss: 60.140671  
	Train = MSE:57.990925 , RMSE:7.615177 , MAE:6.149309 , MAPD:32.603133, R_squared:-0.003833  
	Validation = MSE:60.140663 , RMSE:7.755041 , MAE:6.741413 , MAPD:39.649689, R_squared:-0.082174

2024-03-21 03:55:12,154 Epoch 277/300, Train Loss: 59.767458, Val Loss: 57.747231  
	Train = MSE:58.599300 , RMSE:7.655018 , MAE:6.223475 , MAPD:33.262793, R_squared:-0.014364  
	Validation = MSE:57.747231 , RMSE:7.599160 , MAE:6.488550 , MAPD:37.336123, R_squared:-0.039106

2024-03-21 03:55:13,502 Epoch 278/300, Train Loss: 59.195649, Val Loss: 57.399097  
	Train = MSE:59.500488 , RMSE:7.713656 , MAE:6.270422 , MAPD:33.544090, R_squared:-0.029964  
	Validation = MSE:57.399097 , RMSE:7.576219 , MAE:6.444188 , MAPD:36.918145, R_squared:-0.032842

2024-03-21 03:55:14,857 Epoch 279/300, Train Loss: 57.422308, Val Loss: 56.303642  
	Train = MSE:58.545467 , RMSE:7.651501 , MAE:6.351201 , MAPD:34.774200, R_squared:-0.013432  
	Validation = MSE:56.303646 , RMSE:7.503575 , MAE:5.845995 , MAPD:30.387054, R_squared:-0.013130

2024-03-21 03:55:16,202 Epoch 280/300, Train Loss: 58.108185, Val Loss: 55.905121  
	Train = MSE:58.541359 , RMSE:7.651233 , MAE:6.295590 , MAPD:34.021514, R_squared:-0.013361  
	Validation = MSE:55.905121 , RMSE:7.476973 , MAE:5.897633 , MAPD:31.093679, R_squared:-0.005959

2024-03-21 03:55:17,500 Epoch 281/300, Train Loss: 59.232741, Val Loss: 57.466793  
	Train = MSE:59.018433 , RMSE:7.682345 , MAE:6.309989 , MAPD:34.140772, R_squared:-0.021619  
	Validation = MSE:57.466793 , RMSE:7.580686 , MAE:5.777736 , MAPD:29.212547, R_squared:-0.034060

2024-03-21 03:55:21,618 Epoch 282/300, Train Loss: 59.927101, Val Loss: 56.576412  
	Train = MSE:60.085732 , RMSE:7.751499 , MAE:6.339177 , MAPD:34.097520, R_squared:-0.040094  
	Validation = MSE:56.576416 , RMSE:7.521729 , MAE:5.822811 , MAPD:30.035349, R_squared:-0.018038

2024-03-21 03:55:23,439 Epoch 283/300, Train Loss: 59.453776, Val Loss: 55.594406  
	Train = MSE:59.049526 , RMSE:7.684369 , MAE:6.276362 , MAPD:33.809259, R_squared:-0.022157  
	Validation = MSE:55.594406 , RMSE:7.456166 , MAE:5.989861 , MAPD:32.251862, R_squared:-0.000368

2024-03-21 03:55:25,104 Epoch 284/300, Train Loss: 58.656308, Val Loss: 55.756882  
	Train = MSE:58.190178 , RMSE:7.628249 , MAE:6.256327 , MAPD:33.694397, R_squared:-0.007282  
	Validation = MSE:55.756882 , RMSE:7.467053 , MAE:6.134230 , MAPD:33.892511, R_squared:-0.003292

2024-03-21 03:55:26,956 Epoch 285/300, Train Loss: 57.858306, Val Loss: 55.657856  
	Train = MSE:57.983803 , RMSE:7.614710 , MAE:6.257974 , MAPD:33.814162, R_squared:-0.003710  
	Validation = MSE:55.657852 , RMSE:7.460419 , MAE:6.093667 , MAPD:33.467954, R_squared:-0.001510

2024-03-21 03:55:28,484 Epoch 286/300, Train Loss: 58.735431, Val Loss: 56.192280  
	Train = MSE:57.848927 , RMSE:7.605848 , MAE:6.226079 , MAPD:33.465852, R_squared:-0.001375  
	Validation = MSE:56.192276 , RMSE:7.496151 , MAE:6.248075 , MAPD:35.036495, R_squared:-0.011126

2024-03-21 03:55:30,147 Epoch 287/300, Train Loss: 57.770799, Val Loss: 55.689449  
	Train = MSE:57.975723 , RMSE:7.614179 , MAE:6.229805 , MAPD:33.473444, R_squared:-0.003570  
	Validation = MSE:55.689442 , RMSE:7.462536 , MAE:6.108220 , MAPD:33.621357, R_squared:-0.002078

2024-03-21 03:55:31,571 Epoch 288/300, Train Loss: 57.466788, Val Loss: 56.311893  
	Train = MSE:57.782421 , RMSE:7.601475 , MAE:6.190960 , MAPD:33.098620, R_squared:-0.000224  
	Validation = MSE:56.311893 , RMSE:7.504125 , MAE:6.272319 , MAPD:35.273994, R_squared:-0.013279

2024-03-21 03:55:33,151 Epoch 289/300, Train Loss: 57.749521, Val Loss: 56.730156  
	Train = MSE:58.000626 , RMSE:7.615814 , MAE:6.219027 , MAPD:33.373544, R_squared:-0.004001  
	Validation = MSE:56.730156 , RMSE:7.531942 , MAE:6.346557 , MAPD:35.990529, R_squared:-0.020805

2024-03-21 03:55:34,815 Epoch 290/300, Train Loss: 57.553729, Val Loss: 56.912510  
	Train = MSE:58.043255 , RMSE:7.618612 , MAE:6.228544 , MAPD:33.459511, R_squared:-0.004739  
	Validation = MSE:56.912510 , RMSE:7.544038 , MAE:6.374994 , MAPD:36.263072, R_squared:-0.024086

2024-03-21 03:55:36,126 Epoch 291/300, Train Loss: 56.866567, Val Loss: 55.601307  
	Train = MSE:58.128029 , RMSE:7.624174 , MAE:6.260715 , MAPD:33.771786, R_squared:-0.006206  
	Validation = MSE:55.601307 , RMSE:7.456628 , MAE:6.060244 , MAPD:33.100921, R_squared:-0.000492

2024-03-21 03:55:39,051 Epoch 292/300, Train Loss: 58.829304, Val Loss: 55.712337  
	Train = MSE:57.909092 , RMSE:7.609802 , MAE:6.254783 , MAPD:33.786719, R_squared:-0.002416  
	Validation = MSE:55.712345 , RMSE:7.464070 , MAE:6.117549 , MAPD:33.719687, R_squared:-0.002490

2024-03-21 03:55:40,374 Epoch 293/300, Train Loss: 57.734570, Val Loss: 55.687267  
	Train = MSE:57.867252 , RMSE:7.607053 , MAE:6.257146 , MAPD:33.807151, R_squared:-0.001692  
	Validation = MSE:55.687267 , RMSE:7.462390 , MAE:6.107285 , MAPD:33.611504, R_squared:-0.002039

2024-03-21 03:55:41,658 Epoch 294/300, Train Loss: 57.124076, Val Loss: 56.388371  
	Train = MSE:57.813671 , RMSE:7.603530 , MAE:6.256526 , MAPD:33.809302, R_squared:-0.000765  
	Validation = MSE:56.388371 , RMSE:7.509219 , MAE:5.838037 , MAPD:30.269833, R_squared:-0.014655

2024-03-21 03:55:43,217 Epoch 295/300, Train Loss: 58.524531, Val Loss: 56.214317  
	Train = MSE:58.651249 , RMSE:7.658411 , MAE:6.166360 , MAPD:32.497447, R_squared:-0.015263  
	Validation = MSE:56.214321 , RMSE:7.497621 , MAE:6.252660 , MAPD:35.081645, R_squared:-0.011523

2024-03-21 03:55:44,663 Epoch 296/300, Train Loss: 57.396316, Val Loss: 55.859425  
	Train = MSE:57.811756 , RMSE:7.603404 , MAE:6.193910 , MAPD:33.128090, R_squared:-0.000731  
	Validation = MSE:55.859421 , RMSE:7.473916 , MAE:6.166747 , MAPD:34.226151, R_squared:-0.005137

2024-03-21 03:55:46,004 Epoch 297/300, Train Loss: 57.532333, Val Loss: 55.865997  
	Train = MSE:57.923229 , RMSE:7.610731 , MAE:6.234037 , MAPD:33.505697, R_squared:-0.002661  
	Validation = MSE:55.865997 , RMSE:7.474356 , MAE:6.168643 , MAPD:34.245443, R_squared:-0.005255

2024-03-21 03:55:47,354 Epoch 298/300, Train Loss: 58.453748, Val Loss: 55.699795  
	Train = MSE:57.880978 , RMSE:7.607955 , MAE:6.251017 , MAPD:33.735592, R_squared:-0.001930  
	Validation = MSE:55.699799 , RMSE:7.463230 , MAE:6.112544 , MAPD:33.666933, R_squared:-0.002265

2024-03-21 03:55:48,836 Epoch 299/300, Train Loss: 58.133833, Val Loss: 55.713245  
	Train = MSE:57.909809 , RMSE:7.609849 , MAE:6.231285 , MAPD:33.499605, R_squared:-0.002429  
	Validation = MSE:55.713245 , RMSE:7.464130 , MAE:6.117900 , MAPD:33.723395, R_squared:-0.002507

2024-03-21 03:55:50,733 Epoch 300/300, Train Loss: 58.374765, Val Loss: 56.620682  
	Train = MSE:57.799736 , RMSE:7.602614 , MAE:6.210234 , MAPD:33.318329, R_squared:-0.000523  
	Validation = MSE:56.620682 , RMSE:7.524672 , MAE:6.328558 , MAPD:35.817237, R_squared:-0.018835

2024-03-21 03:55:50,741 Time for training the model: 529.527002
2024-03-21 03:55:52,199 MSE for train: 58.070026
2024-03-21 03:55:52,200 RMSE for train: 7.620369
2024-03-21 03:55:52,200 MAE for train: 6.372266
2024-03-21 03:55:52,200 MAPD for train: 35.040933
2024-03-21 03:55:52,200 R^2 Score for train: -0.005202
2024-03-21 03:55:52,206 Inference time for train dataset: 0.493998

2024-03-21 03:55:52,314 MSE for val: 56.620682
2024-03-21 03:55:52,314 RMSE for val: 7.524672
2024-03-21 03:55:52,314 MAE for val: 6.328558
2024-03-21 03:55:52,314 MAPD for val: 35.817237
2024-03-21 03:55:52,314 R^2 Score for val: -0.018835
2024-03-21 03:55:52,321 Inference time for val dataset: 0.108000

2024-03-21 03:55:52,420 MSE for test: 60.650822
2024-03-21 03:55:52,420 RMSE for test: 7.787864
2024-03-21 03:55:52,420 MAE for test: 6.487326
2024-03-21 03:55:52,421 MAPD for test: 33.766012
2024-03-21 03:55:52,421 R^2 Score for test: -0.001017
2024-03-21 03:55:52,427 Inference time for test dataset: 0.099998

2024-03-21 03:55:54,536 Train label average: , [20.62097221]
2024-03-21 03:55:54,536 Test label average: , [21.41736175]
2024-03-21 03:55:54,537 validation label average: , [20.14607025]
2024-03-21 03:55:54,537 predicted (on validation dataset) values average: , 21.16917236328125
