2024-03-21 06:29:45,627 train batches in dataset: 13
2024-03-21 06:29:45,627 val batches in dataset: 2
2024-03-21 06:29:45,627 test batches in dataset: 2
2024-03-21 06:29:45,638 Trainable parameter: net_core.0.weight - size: torch.Size([256, 35])
2024-03-21 06:29:45,643 Trainable parameter: net_core.0.bias - size: torch.Size([256])
2024-03-21 06:29:45,646 Trainable parameter: net_core.1.weight - size: torch.Size([128, 256])
2024-03-21 06:29:45,649 Trainable parameter: net_core.1.bias - size: torch.Size([128])
2024-03-21 06:29:45,653 Trainable parameter: net_core.2.weight - size: torch.Size([64, 128])
2024-03-21 06:29:45,658 Trainable parameter: net_core.2.bias - size: torch.Size([64])
2024-03-21 06:29:45,664 Trainable parameter: net_core.3.weight - size: torch.Size([16, 64])
2024-03-21 06:29:45,665 Trainable parameter: net_core.3.bias - size: torch.Size([16])
2024-03-21 06:29:45,665 Trainable parameter: net_core.4.weight - size: torch.Size([1, 16])
2024-03-21 06:29:45,665 Trainable parameter: net_core.4.bias - size: torch.Size([1])
2024-03-21 06:29:45,666 Number of trainable parameters: 51425
2024-03-21 06:29:45,666 Number of non-trainable parameters: 0
2024-03-21 06:29:47,579 Epoch 1/300, Train Loss: 500.017724, Val Loss: 448.501404  
	Train = MSE:500.873596 , RMSE:22.380205 , MAE:21.067596 , MAPD:102.589197, R_squared:-7.670207  
	Validation = MSE:445.003601 , RMSE:21.095108 , MAE:19.758629 , MAPD:97.942028, R_squared:-7.007414

2024-03-21 06:29:49,660 Epoch 2/300, Train Loss: 448.768531, Val Loss: 414.726410  
	Train = MSE:447.597290 , RMSE:21.156496 , MAE:19.754421 , MAPD:95.272492, R_squared:-6.747986  
	Validation = MSE:411.340302 , RMSE:20.281527 , MAE:18.866880 , MAPD:92.825298, R_squared:-6.401675

2024-03-21 06:29:50,388 Epoch 3/300, Train Loss: 421.747446, Val Loss: 391.880035  
	Train = MSE:420.674622 , RMSE:20.510353 , MAE:19.055895 , MAPD:91.398055, R_squared:-6.281949  
	Validation = MSE:388.597778 , RMSE:19.712883 , MAE:18.255138 , MAPD:89.384911, R_squared:-5.992445

2024-03-21 06:29:51,083 Epoch 4/300, Train Loss: 397.725283, Val Loss: 369.739227  
	Train = MSE:398.135864 , RMSE:19.953342 , MAE:18.458408 , MAPD:88.114557, R_squared:-5.891799  
	Validation = MSE:366.557892 , RMSE:19.145702 , MAE:17.646223 , MAPD:85.978729, R_squared:-5.595859

2024-03-21 06:29:51,816 Epoch 5/300, Train Loss: 375.470224, Val Loss: 351.797791  
	Train = MSE:377.215698 , RMSE:19.422041 , MAE:17.886330 , MAPD:84.973213, R_squared:-5.529667  
	Validation = MSE:348.709229 , RMSE:18.673758 , MAE:17.134346 , MAPD:83.100558, R_squared:-5.274688

2024-03-21 06:29:52,541 Epoch 6/300, Train Loss: 360.662135, Val Loss: 333.963196  
	Train = MSE:359.395599 , RMSE:18.957731 , MAE:17.382570 , MAPD:82.197540, R_squared:-5.221199  
	Validation = MSE:330.960083 , RMSE:18.192308 , MAE:16.612795 , MAPD:80.180347, R_squared:-4.955310

2024-03-21 06:29:53,266 Epoch 7/300, Train Loss: 339.605757, Val Loss: 315.426910  
	Train = MSE:340.582825 , RMSE:18.454885 , MAE:16.836897 , MAPD:79.202952, R_squared:-4.895547  
	Validation = MSE:312.505493 , RMSE:17.677824 , MAE:16.051502 , MAPD:77.034395, R_squared:-4.623238

2024-03-21 06:29:54,015 Epoch 8/300, Train Loss: 321.894348, Val Loss: 296.133621  
	Train = MSE:321.389343 , RMSE:17.927336 , MAE:16.262482 , MAPD:76.058722, R_squared:-4.563304  
	Validation = MSE:293.314758 , RMSE:17.126434 , MAE:15.448695 , MAPD:73.663757, R_squared:-4.277918

2024-03-21 06:29:54,747 Epoch 9/300, Train Loss: 300.923274, Val Loss: 275.305130  
	Train = MSE:300.988556 , RMSE:17.349022 , MAE:15.627578 , MAPD:72.567833, R_squared:-4.210163  
	Validation = MSE:272.602814 , RMSE:16.510689 , MAE:14.772879 , MAPD:69.892414, R_squared:-3.905227

2024-03-21 06:29:55,604 Epoch 10/300, Train Loss: 276.757911, Val Loss: 252.969437  
	Train = MSE:278.881439 , RMSE:16.699743 , MAE:14.912539 , MAPD:68.653599, R_squared:-3.827485  
	Validation = MSE:250.396500 , RMSE:15.823922 , MAE:14.012564 , MAPD:65.649307, R_squared:-3.505645

2024-03-21 06:29:56,606 Epoch 11/300, Train Loss: 255.585737, Val Loss: 229.740929  
	Train = MSE:255.449158 , RMSE:15.982777 , MAE:14.120462 , MAPD:64.340466, R_squared:-3.421868  
	Validation = MSE:227.314438 , RMSE:15.076950 , MAE:13.179526 , MAPD:61.010295, R_squared:-3.090306

2024-03-21 06:29:58,692 Epoch 12/300, Train Loss: 230.005334, Val Loss: 205.181221  
	Train = MSE:230.711868 , RMSE:15.189202 , MAE:13.241267 , MAPD:59.572289, R_squared:-2.993661  
	Validation = MSE:202.917664 , RMSE:14.244917 , MAE:12.241092 , MAPD:55.792467, R_squared:-2.651309

2024-03-21 06:29:59,436 Epoch 13/300, Train Loss: 204.401210, Val Loss: 179.809937  
	Train = MSE:204.921143 , RMSE:14.315067 , MAE:12.253333 , MAPD:54.191079, R_squared:-2.547220  
	Validation = MSE:177.733124 , RMSE:13.331658 , MAE:11.197898 , MAPD:50.012096, R_squared:-2.198137

2024-03-21 06:30:00,443 Epoch 14/300, Train Loss: 178.698664, Val Loss: 154.289940  
	Train = MSE:178.495956 , RMSE:13.360238 , MAE:11.159877 , MAPD:48.278284, R_squared:-2.089795  
	Validation = MSE:152.412750 , RMSE:12.345556 , MAE:10.059514 , MAPD:43.803417, R_squared:-1.742521

2024-03-21 06:30:01,594 Epoch 15/300, Train Loss: 150.957382, Val Loss: 129.277054  
	Train = MSE:152.177032 , RMSE:12.336005 , MAE:9.995374 , MAPD:42.199169, R_squared:-1.634210  
	Validation = MSE:127.622581 , RMSE:11.297016 , MAE:8.879748 , MAPD:37.698389, R_squared:-1.296446

2024-03-21 06:30:02,677 Epoch 16/300, Train Loss: 126.372766, Val Loss: 105.813461  
	Train = MSE:126.950279 , RMSE:11.267221 , MAE:8.825807 , MAPD:36.505330, R_squared:-1.197531  
	Validation = MSE:104.397713 , RMSE:10.217520 , MAE:7.725778 , MAPD:32.192637, R_squared:-0.878537

2024-03-21 06:30:03,733 Epoch 17/300, Train Loss: 103.589217, Val Loss: 85.484955  
	Train = MSE:103.352745 , RMSE:10.166255 , MAE:7.701308 , MAPD:31.524185, R_squared:-0.789053  
	Validation = MSE:84.309158 , RMSE:9.182002 , MAE:6.705218 , MAPD:27.892771, R_squared:-0.517063

2024-03-21 06:30:04,496 Epoch 18/300, Train Loss: 82.879320, Val Loss: 69.004192  
	Train = MSE:83.453384 , RMSE:9.135283 , MAE:6.726392 , MAPD:27.758611, R_squared:-0.444592  
	Validation = MSE:68.061859 , RMSE:8.249961 , MAE:5.904501 , MAPD:25.202434, R_squared:-0.224708

2024-03-21 06:30:06,045 Epoch 19/300, Train Loss: 67.910258, Val Loss: 56.975897  
	Train = MSE:67.810226 , RMSE:8.234696 , MAE:5.981629 , MAPD:25.514489, R_squared:-0.173807  
	Validation = MSE:56.248905 , RMSE:7.499927 , MAE:5.392354 , MAPD:24.276874, R_squared:-0.012145

2024-03-21 06:30:06,993 Epoch 20/300, Train Loss: 56.842646, Val Loss: 49.101156  
	Train = MSE:56.561245 , RMSE:7.520721 , MAE:5.497603 , MAPD:24.764240, R_squared:0.020915  
	Validation = MSE:48.559887 , RMSE:6.968493 , MAE:5.133380 , MAPD:24.649234, R_squared:0.126211

2024-03-21 06:30:07,746 Epoch 21/300, Train Loss: 48.937280, Val Loss: 44.464851  
	Train = MSE:49.390148 , RMSE:7.027812 , MAE:5.266578 , MAPD:25.193157, R_squared:0.145048  
	Validation = MSE:44.073299 , RMSE:6.638772 , MAE:5.103769 , MAPD:26.023426, R_squared:0.206943

2024-03-21 06:30:09,847 Epoch 22/300, Train Loss: 45.600297, Val Loss: 42.013983  
	Train = MSE:45.231239 , RMSE:6.725418 , MAE:5.216042 , MAPD:26.285105, R_squared:0.217040  
	Validation = MSE:41.736080 , RMSE:6.460347 , MAE:5.162391 , MAPD:27.466306, R_squared:0.248999

2024-03-21 06:30:10,585 Epoch 23/300, Train Loss: 42.687122, Val Loss: 40.682539  
	Train = MSE:42.757278 , RMSE:6.538905 , MAE:5.227355 , MAPD:27.313111, R_squared:0.259864  
	Validation = MSE:40.481815 , RMSE:6.362532 , MAE:5.204385 , MAPD:28.430676, R_squared:0.271568

2024-03-21 06:30:11,322 Epoch 24/300, Train Loss: 41.533801, Val Loss: 39.778318  
	Train = MSE:41.351955 , RMSE:6.430549 , MAE:5.245453 , MAPD:28.011158, R_squared:0.284191  
	Validation = MSE:39.630505 , RMSE:6.295276 , MAE:5.233306 , MAPD:29.066937, R_squared:0.286887

2024-03-21 06:30:12,055 Epoch 25/300, Train Loss: 40.274808, Val Loss: 38.945705  
	Train = MSE:40.301636 , RMSE:6.348357 , MAE:5.244327 , MAPD:28.393631, R_squared:0.302372  
	Validation = MSE:38.829952 , RMSE:6.231369 , MAE:5.227821 , MAPD:29.307010, R_squared:0.301292

2024-03-21 06:30:13,034 Epoch 26/300, Train Loss: 39.404195, Val Loss: 38.118490  
	Train = MSE:39.365520 , RMSE:6.274195 , MAE:5.215933 , MAPD:28.441942, R_squared:0.318576  
	Validation = MSE:38.024662 , RMSE:6.166414 , MAE:5.195729 , MAPD:29.267321, R_squared:0.315783

2024-03-21 06:30:13,861 Epoch 27/300, Train Loss: 38.349204, Val Loss: 37.174467  
	Train = MSE:38.438766 , RMSE:6.199901 , MAE:5.177121 , MAPD:28.384661, R_squared:0.334618  
	Validation = MSE:37.093636 , RMSE:6.090455 , MAE:5.138616 , MAPD:28.991215, R_squared:0.332536

2024-03-21 06:30:14,828 Epoch 28/300, Train Loss: 37.437671, Val Loss: 36.230524  
	Train = MSE:37.472076 , RMSE:6.121444 , MAE:5.110153 , MAPD:28.020192, R_squared:0.351352  
	Validation = MSE:36.161858 , RMSE:6.013473 , MAE:5.078837 , MAPD:28.695170, R_squared:0.349302

2024-03-21 06:30:15,670 Epoch 29/300, Train Loss: 36.467480, Val Loss: 35.246868  
	Train = MSE:36.482029 , RMSE:6.040036 , MAE:5.051004 , MAPD:27.769396, R_squared:0.368490  
	Validation = MSE:35.191769 , RMSE:5.932265 , MAE:5.016257 , MAPD:28.390985, R_squared:0.366758

2024-03-21 06:30:16,399 Epoch 30/300, Train Loss: 35.482407, Val Loss: 34.248899  
	Train = MSE:35.456772 , RMSE:5.954559 , MAE:4.976677 , MAPD:27.354939, R_squared:0.386237  
	Validation = MSE:34.203552 , RMSE:5.848380 , MAE:4.946430 , MAPD:28.011092, R_squared:0.384540

2024-03-21 06:30:17,133 Epoch 31/300, Train Loss: 34.454924, Val Loss: 33.211336  
	Train = MSE:34.428253 , RMSE:5.867559 , MAE:4.903553 , MAPD:26.960684, R_squared:0.404041  
	Validation = MSE:33.175518 , RMSE:5.759820 , MAE:4.872435 , MAPD:27.604976, R_squared:0.403038

2024-03-21 06:30:19,264 Epoch 32/300, Train Loss: 33.437574, Val Loss: 32.147099  
	Train = MSE:33.386997 , RMSE:5.778148 , MAE:4.831457 , MAPD:26.592527, R_squared:0.422065  
	Validation = MSE:32.121708 , RMSE:5.667602 , MAE:4.794219 , MAPD:27.166787, R_squared:0.422001

2024-03-21 06:30:20,273 Epoch 33/300, Train Loss: 32.255882, Val Loss: 30.992772  
	Train = MSE:32.244595 , RMSE:5.678432 , MAE:4.755702 , MAPD:26.240743, R_squared:0.441841  
	Validation = MSE:30.980951 , RMSE:5.566053 , MAE:4.710539 , MAPD:26.721877, R_squared:0.442527

2024-03-21 06:30:21,183 Epoch 34/300, Train Loss: 31.230633, Val Loss: 29.859996  
	Train = MSE:31.088160 , RMSE:5.575675 , MAE:4.671242 , MAPD:25.803699, R_squared:0.461859  
	Validation = MSE:29.857460 , RMSE:5.464198 , MAE:4.622575 , MAPD:26.225681, R_squared:0.462744

2024-03-21 06:30:21,926 Epoch 35/300, Train Loss: 29.972459, Val Loss: 28.722911  
	Train = MSE:29.924805 , RMSE:5.470357 , MAE:4.584672 , MAPD:25.357626, R_squared:0.481997  
	Validation = MSE:28.731953 , RMSE:5.360219 , MAE:4.543983 , MAPD:25.853194, R_squared:0.482996

2024-03-21 06:30:22,699 Epoch 36/300, Train Loss: 28.909280, Val Loss: 27.580638  
	Train = MSE:28.735178 , RMSE:5.360520 , MAE:4.490391 , MAPD:24.843996, R_squared:0.502589  
	Validation = MSE:27.601030 , RMSE:5.253668 , MAE:4.458691 , MAPD:25.417828, R_squared:0.503346

2024-03-21 06:30:23,443 Epoch 37/300, Train Loss: 27.548628, Val Loss: 26.423108  
	Train = MSE:27.551657 , RMSE:5.248967 , MAE:4.394272 , MAPD:24.321469, R_squared:0.523076  
	Validation = MSE:26.455742 , RMSE:5.143515 , MAE:4.370035 , MAPD:24.965266, R_squared:0.523954

2024-03-21 06:30:24,177 Epoch 38/300, Train Loss: 26.270437, Val Loss: 25.150440  
	Train = MSE:26.327765 , RMSE:5.131059 , MAE:4.301919 , MAPD:23.880363, R_squared:0.544262  
	Validation = MSE:25.188675 , RMSE:5.018832 , MAE:4.250032 , MAPD:24.219322, R_squared:0.546754

2024-03-21 06:30:24,924 Epoch 39/300, Train Loss: 24.953739, Val Loss: 23.915119  
	Train = MSE:25.069557 , RMSE:5.006951 , MAE:4.191856 , MAPD:23.263118, R_squared:0.566042  
	Validation = MSE:23.963657 , RMSE:4.895269 , MAE:4.150346 , MAPD:23.714700, R_squared:0.568797

2024-03-21 06:30:25,669 Epoch 40/300, Train Loss: 23.676904, Val Loss: 22.672493  
	Train = MSE:23.813173 , RMSE:4.879874 , MAE:4.082484 , MAPD:22.671061, R_squared:0.587790  
	Validation = MSE:22.729536 , RMSE:4.767550 , MAE:4.039559 , MAPD:23.099912, R_squared:0.591004

2024-03-21 06:30:26,402 Epoch 41/300, Train Loss: 22.612675, Val Loss: 21.426387  
	Train = MSE:22.533068 , RMSE:4.746901 , MAE:3.974921 , MAPD:22.135113, R_squared:0.609949  
	Validation = MSE:21.492538 , RMSE:4.636004 , MAE:3.924779 , MAPD:22.463692, R_squared:0.613262

2024-03-21 06:30:28,691 Epoch 42/300, Train Loss: 21.137993, Val Loss: 19.848398  
	Train = MSE:21.195332 , RMSE:4.603839 , MAE:3.854441 , MAPD:21.525054, R_squared:0.633105  
	Validation = MSE:19.925077 , RMSE:4.463751 , MAE:3.771553 , MAPD:21.604424, R_squared:0.641467

2024-03-21 06:30:29,415 Epoch 43/300, Train Loss: 19.630794, Val Loss: 18.526442  
	Train = MSE:19.632526 , RMSE:4.430861 , MAE:3.700348 , MAPD:20.660182, R_squared:0.660158  
	Validation = MSE:18.615108 , RMSE:4.314523 , MAE:3.655304 , MAPD:21.061075, R_squared:0.665039

2024-03-21 06:30:30,160 Epoch 44/300, Train Loss: 18.351017, Val Loss: 17.131968  
	Train = MSE:18.255314 , RMSE:4.272624 , MAE:3.569732 , MAPD:19.999965, R_squared:0.683997  
	Validation = MSE:17.222488 , RMSE:4.149999 , MAE:3.501904 , MAPD:20.132184, R_squared:0.690098

2024-03-21 06:30:30,901 Epoch 45/300, Train Loss: 16.794230, Val Loss: 15.777924  
	Train = MSE:16.859104 , RMSE:4.105984 , MAE:3.428144 , MAPD:19.257357, R_squared:0.708166  
	Validation = MSE:15.876465 , RMSE:3.984528 , MAE:3.365844 , MAPD:19.440291, R_squared:0.714318

2024-03-21 06:30:31,645 Epoch 46/300, Train Loss: 15.424283, Val Loss: 14.417421  
	Train = MSE:15.471810 , RMSE:3.933422 , MAE:3.270576 , MAPD:18.344264, R_squared:0.732180  
	Validation = MSE:14.520616 , RMSE:3.810593 , MAE:3.208561 , MAPD:18.537669, R_squared:0.738715

2024-03-21 06:30:32,397 Epoch 47/300, Train Loss: 14.045827, Val Loss: 13.172129  
	Train = MSE:14.129015 , RMSE:3.758858 , MAE:3.120530 , MAPD:17.541758, R_squared:0.755424  
	Validation = MSE:13.279160 , RMSE:3.644058 , MAE:3.068666 , MAPD:17.816678, R_squared:0.761054

2024-03-21 06:30:33,114 Epoch 48/300, Train Loss: 12.904618, Val Loss: 11.917756  
	Train = MSE:12.880277 , RMSE:3.588910 , MAE:2.976457 , MAPD:16.807649, R_squared:0.777040  
	Validation = MSE:12.024627 , RMSE:3.467654 , MAE:2.909509 , MAPD:16.877996, R_squared:0.783628

2024-03-21 06:30:34,116 Epoch 49/300, Train Loss: 11.593935, Val Loss: 10.781821  
	Train = MSE:11.653451 , RMSE:3.413715 , MAE:2.826866 , MAPD:16.025995, R_squared:0.798277  
	Validation = MSE:10.889307 , RMSE:3.299895 , MAE:2.768869 , MAPD:16.151748, R_squared:0.804057

2024-03-21 06:30:35,193 Epoch 50/300, Train Loss: 10.450640, Val Loss: 9.677252  
	Train = MSE:10.519004 , RMSE:3.243301 , MAE:2.681080 , MAPD:15.275676, R_squared:0.817914  
	Validation = MSE:9.782810 , RMSE:3.127748 , MAE:2.616728 , MAPD:15.294861, R_squared:0.823968

2024-03-21 06:30:36,174 Epoch 51/300, Train Loss: 9.382176, Val Loss: 8.679045  
	Train = MSE:9.438698 , RMSE:3.072246 , MAE:2.530267 , MAPD:14.430176, R_squared:0.836615  
	Validation = MSE:8.782782 , RMSE:2.963576 , MAE:2.476346 , MAPD:14.570015, R_squared:0.841962

2024-03-21 06:30:38,362 Epoch 52/300, Train Loss: 8.432673, Val Loss: 7.723489  
	Train = MSE:8.436847 , RMSE:2.904625 , MAE:2.388191 , MAPD:13.725804, R_squared:0.853957  
	Validation = MSE:7.823528 , RMSE:2.797057 , MAE:2.325239 , MAPD:13.683885, R_squared:0.859223

2024-03-21 06:30:39,098 Epoch 53/300, Train Loss: 7.501904, Val Loss: 6.880608  
	Train = MSE:7.514360 , RMSE:2.741233 , MAE:2.244436 , MAPD:12.914385, R_squared:0.869925  
	Validation = MSE:6.977384 , RMSE:2.641474 , MAE:2.191137 , MAPD:13.030006, R_squared:0.874449

2024-03-21 06:30:39,825 Epoch 54/300, Train Loss: 6.652964, Val Loss: 6.079368  
	Train = MSE:6.673477 , RMSE:2.583308 , MAE:2.110157 , MAPD:12.281140, R_squared:0.884481  
	Validation = MSE:6.171344 , RMSE:2.484219 , MAE:2.044215 , MAPD:12.152000, R_squared:0.888953

2024-03-21 06:30:40,548 Epoch 55/300, Train Loss: 5.910432, Val Loss: 5.388409  
	Train = MSE:5.914644 , RMSE:2.432004 , MAE:1.979394 , MAPD:11.581623, R_squared:0.897617  
	Validation = MSE:5.475970 , RMSE:2.340079 , MAE:1.912246 , MAPD:11.456961, R_squared:0.901465

2024-03-21 06:30:41,281 Epoch 56/300, Train Loss: 5.249501, Val Loss: 4.769973  
	Train = MSE:5.239031 , RMSE:2.288893 , MAE:1.853592 , MAPD:10.888338, R_squared:0.909311  
	Validation = MSE:4.851772 , RMSE:2.202674 , MAE:1.783897 , MAPD:10.736405, R_squared:0.912697

2024-03-21 06:30:42,107 Epoch 57/300, Train Loss: 4.629490, Val Loss: 4.240185  
	Train = MSE:4.645908 , RMSE:2.155437 , MAE:1.740170 , MAPD:10.267126, R_squared:0.919579  
	Validation = MSE:4.315695 , RMSE:2.077425 , MAE:1.670616 , MAPD:10.141066, R_squared:0.922343

2024-03-21 06:30:43,430 Epoch 58/300, Train Loss: 4.118314, Val Loss: 3.773545  
	Train = MSE:4.137405 , RMSE:2.034061 , MAE:1.638061 , MAPD:9.658951, R_squared:0.928381  
	Validation = MSE:3.842979 , RMSE:1.960352 , MAE:1.567202 , MAPD:9.536548, R_squared:0.930849

2024-03-21 06:30:44,349 Epoch 59/300, Train Loss: 3.662363, Val Loss: 3.375888  
	Train = MSE:3.692649 , RMSE:1.921627 , MAE:1.541021 , MAPD:9.245912, R_squared:0.936080  
	Validation = MSE:3.439138 , RMSE:1.854491 , MAE:1.476219 , MAPD:8.990948, R_squared:0.938116

2024-03-21 06:30:45,085 Epoch 60/300, Train Loss: 3.323158, Val Loss: 3.038275  
	Train = MSE:3.321893 , RMSE:1.822606 , MAE:1.461736 , MAPD:8.651854, R_squared:0.942497  
	Validation = MSE:3.094655 , RMSE:1.759163 , MAE:1.397531 , MAPD:8.563375, R_squared:0.944315

2024-03-21 06:30:45,809 Epoch 61/300, Train Loss: 2.938981, Val Loss: 2.665857  
	Train = MSE:2.949139 , RMSE:1.717306 , MAE:1.369996 , MAPD:8.296237, R_squared:0.948950  
	Validation = MSE:2.715259 , RMSE:1.647804 , MAE:1.303201 , MAPD:7.990180, R_squared:0.951142

2024-03-21 06:30:47,751 Epoch 62/300, Train Loss: 2.629176, Val Loss: 2.422524  
	Train = MSE:2.636283 , RMSE:1.623664 , MAE:1.296006 , MAPD:7.742374, R_squared:0.954365  
	Validation = MSE:2.465497 , RMSE:1.570190 , MAE:1.237260 , MAPD:7.577463, R_squared:0.955636

2024-03-21 06:30:48,509 Epoch 63/300, Train Loss: 2.417676, Val Loss: 2.216995  
	Train = MSE:2.408135 , RMSE:1.551817 , MAE:1.236951 , MAPD:7.411861, R_squared:0.958315  
	Validation = MSE:2.254934 , RMSE:1.501644 , MAE:1.180596 , MAPD:7.171150, R_squared:0.959425

2024-03-21 06:30:49,261 Epoch 64/300, Train Loss: 2.222317, Val Loss: 2.052584  
	Train = MSE:2.222425 , RMSE:1.490780 , MAE:1.190616 , MAPD:7.076524, R_squared:0.961529  
	Validation = MSE:2.085700 , RMSE:1.444195 , MAE:1.133762 , MAPD:6.882324, R_squared:0.962470

2024-03-21 06:30:49,987 Epoch 65/300, Train Loss: 2.069158, Val Loss: 1.915214  
	Train = MSE:2.076359 , RMSE:1.440958 , MAE:1.152260 , MAPD:6.803003, R_squared:0.964058  
	Validation = MSE:1.943225 , RMSE:1.393996 , MAE:1.095159 , MAPD:6.641646, R_squared:0.965034

2024-03-21 06:30:50,725 Epoch 66/300, Train Loss: 1.942174, Val Loss: 1.793786  
	Train = MSE:1.955019 , RMSE:1.398220 , MAE:1.116207 , MAPD:6.617999, R_squared:0.966158  
	Validation = MSE:1.820563 , RMSE:1.349282 , MAE:1.063359 , MAPD:6.359074, R_squared:0.967241

2024-03-21 06:30:51,453 Epoch 67/300, Train Loss: 1.841652, Val Loss: 1.688470  
	Train = MSE:1.844149 , RMSE:1.357994 , MAE:1.084617 , MAPD:6.407230, R_squared:0.968077  
	Validation = MSE:1.713915 , RMSE:1.309166 , MAE:1.034920 , MAPD:6.178389, R_squared:0.969160

2024-03-21 06:30:52,175 Epoch 68/300, Train Loss: 1.739858, Val Loss: 1.599963  
	Train = MSE:1.747394 , RMSE:1.321890 , MAE:1.059598 , MAPD:6.173446, R_squared:0.969752  
	Validation = MSE:1.621687 , RMSE:1.273455 , MAE:1.011071 , MAPD:6.045025, R_squared:0.970819

2024-03-21 06:30:52,911 Epoch 69/300, Train Loss: 1.661015, Val Loss: 1.516503  
	Train = MSE:1.665393 , RMSE:1.290501 , MAE:1.032639 , MAPD:6.044696, R_squared:0.971172  
	Validation = MSE:1.538300 , RMSE:1.240282 , MAE:0.986767 , MAPD:5.829974, R_squared:0.972320

2024-03-21 06:30:53,645 Epoch 70/300, Train Loss: 1.579925, Val Loss: 1.440071  
	Train = MSE:1.587137 , RMSE:1.259816 , MAE:1.008869 , MAPD:5.867463, R_squared:0.972526  
	Validation = MSE:1.460132 , RMSE:1.208359 , MAE:0.964205 , MAPD:5.707973, R_squared:0.973726

2024-03-21 06:30:54,626 Epoch 71/300, Train Loss: 1.517280, Val Loss: 1.374994  
	Train = MSE:1.519368 , RMSE:1.232626 , MAE:0.987052 , MAPD:5.723874, R_squared:0.973699  
	Validation = MSE:1.394369 , RMSE:1.180834 , MAE:0.944278 , MAPD:5.559262, R_squared:0.974910

2024-03-21 06:30:56,819 Epoch 72/300, Train Loss: 1.457374, Val Loss: 1.320377  
	Train = MSE:1.461913 , RMSE:1.209096 , MAE:0.966496 , MAPD:5.603781, R_squared:0.974694  
	Validation = MSE:1.338819 , RMSE:1.157073 , MAE:0.927152 , MAPD:5.392769, R_squared:0.975909

2024-03-21 06:30:57,781 Epoch 73/300, Train Loss: 1.399370, Val Loss: 1.268156  
	Train = MSE:1.402975 , RMSE:1.184472 , MAE:0.951012 , MAPD:5.439664, R_squared:0.975714  
	Validation = MSE:1.284170 , RMSE:1.133212 , MAE:0.908956 , MAPD:5.371665, R_squared:0.976893

2024-03-21 06:30:58,630 Epoch 74/300, Train Loss: 1.346434, Val Loss: 1.214887  
	Train = MSE:1.356202 , RMSE:1.164561 , MAE:0.930476 , MAPD:5.363159, R_squared:0.976524  
	Validation = MSE:1.233001 , RMSE:1.110406 , MAE:0.892421 , MAPD:5.151814, R_squared:0.977813

2024-03-21 06:30:59,370 Epoch 75/300, Train Loss: 1.315876, Val Loss: 1.164538  
	Train = MSE:1.305429 , RMSE:1.142554 , MAE:0.914107 , MAPD:5.224240, R_squared:0.977403  
	Validation = MSE:1.179407 , RMSE:1.086005 , MAE:0.873423 , MAPD:5.079069, R_squared:0.978778

2024-03-21 06:31:00,092 Epoch 76/300, Train Loss: 1.256828, Val Loss: 1.121251  
	Train = MSE:1.256980 , RMSE:1.121151 , MAE:0.897128 , MAPD:5.111866, R_squared:0.978241  
	Validation = MSE:1.136238 , RMSE:1.065945 , MAE:0.858149 , MAPD:4.970267, R_squared:0.979554

2024-03-21 06:31:00,839 Epoch 77/300, Train Loss: 1.212114, Val Loss: 1.078291  
	Train = MSE:1.215703 , RMSE:1.102589 , MAE:0.882007 , MAPD:5.014272, R_squared:0.978956  
	Validation = MSE:1.092976 , RMSE:1.045455 , MAE:0.842740 , MAPD:4.865659, R_squared:0.980333

2024-03-21 06:31:01,573 Epoch 78/300, Train Loss: 1.174186, Val Loss: 1.038846  
	Train = MSE:1.178199 , RMSE:1.085449 , MAE:0.868366 , MAPD:4.892954, R_squared:0.979605  
	Validation = MSE:1.051664 , RMSE:1.025507 , MAE:0.826720 , MAPD:4.779188, R_squared:0.981076

2024-03-21 06:31:02,320 Epoch 79/300, Train Loss: 1.149801, Val Loss: 0.996669  
	Train = MSE:1.140272 , RMSE:1.067835 , MAE:0.851850 , MAPD:4.832924, R_squared:0.980262  
	Validation = MSE:1.009840 , RMSE:1.004908 , MAE:0.810219 , MAPD:4.626049, R_squared:0.981829

2024-03-21 06:31:03,097 Epoch 80/300, Train Loss: 1.092018, Val Loss: 0.952618  
	Train = MSE:1.094536 , RMSE:1.046201 , MAE:0.834664 , MAPD:4.683156, R_squared:0.981053  
	Validation = MSE:0.964276 , RMSE:0.981976 , MAE:0.791279 , MAPD:4.513964, R_squared:0.982649

2024-03-21 06:31:03,810 Epoch 81/300, Train Loss: 1.051711, Val Loss: 0.922119  
	Train = MSE:1.055705 , RMSE:1.027475 , MAE:0.818806 , MAPD:4.576766, R_squared:0.981726  
	Validation = MSE:0.932076 , RMSE:0.965441 , MAE:0.777050 , MAPD:4.427660, R_squared:0.983228

2024-03-21 06:31:05,738 Epoch 82/300, Train Loss: 1.025338, Val Loss: 0.895772  
	Train = MSE:1.026255 , RMSE:1.013043 , MAE:0.805885 , MAPD:4.484951, R_squared:0.982235  
	Validation = MSE:0.904169 , RMSE:0.950878 , MAE:0.764376 , MAPD:4.349532, R_squared:0.983730

2024-03-21 06:31:06,475 Epoch 83/300, Train Loss: 1.011668, Val Loss: 0.869197  
	Train = MSE:0.997790 , RMSE:0.998895 , MAE:0.793762 , MAPD:4.417747, R_squared:0.982728  
	Validation = MSE:0.877795 , RMSE:0.936907 , MAE:0.753126 , MAPD:4.257290, R_squared:0.984205

2024-03-21 06:31:07,220 Epoch 84/300, Train Loss: 0.974324, Val Loss: 0.847048  
	Train = MSE:0.970867 , RMSE:0.985326 , MAE:0.782622 , MAPD:4.345533, R_squared:0.983194  
	Validation = MSE:0.856109 , RMSE:0.925262 , MAE:0.743319 , MAPD:4.172228, R_squared:0.984595

2024-03-21 06:31:07,962 Epoch 85/300, Train Loss: 0.943459, Val Loss: 0.821279  
	Train = MSE:0.944490 , RMSE:0.971849 , MAE:0.770660 , MAPD:4.257842, R_squared:0.983651  
	Validation = MSE:0.829222 , RMSE:0.910616 , MAE:0.730957 , MAPD:4.121240, R_squared:0.985079

2024-03-21 06:31:08,703 Epoch 86/300, Train Loss: 0.925441, Val Loss: 0.800687  
	Train = MSE:0.921205 , RMSE:0.959794 , MAE:0.760983 , MAPD:4.189739, R_squared:0.984054  
	Validation = MSE:0.808657 , RMSE:0.899253 , MAE:0.721504 , MAPD:4.041306, R_squared:0.985449

2024-03-21 06:31:09,431 Epoch 87/300, Train Loss: 0.897576, Val Loss: 0.784674  
	Train = MSE:0.900901 , RMSE:0.949158 , MAE:0.752520 , MAPD:4.152528, R_squared:0.984405  
	Validation = MSE:0.792675 , RMSE:0.890323 , MAE:0.714276 , MAPD:3.972461, R_squared:0.985737

2024-03-21 06:31:10,169 Epoch 88/300, Train Loss: 0.883776, Val Loss: 0.760331  
	Train = MSE:0.879091 , RMSE:0.937599 , MAE:0.742093 , MAPD:4.071613, R_squared:0.984783  
	Validation = MSE:0.766394 , RMSE:0.875439 , MAE:0.703958 , MAPD:3.965127, R_squared:0.986209

2024-03-21 06:31:10,972 Epoch 89/300, Train Loss: 0.854052, Val Loss: 0.742516  
	Train = MSE:0.857422 , RMSE:0.925971 , MAE:0.732174 , MAPD:4.004565, R_squared:0.985158  
	Validation = MSE:0.749535 , RMSE:0.865757 , MAE:0.694266 , MAPD:3.854185, R_squared:0.986513

2024-03-21 06:31:11,980 Epoch 90/300, Train Loss: 0.837648, Val Loss: 0.728546  
	Train = MSE:0.838848 , RMSE:0.915886 , MAE:0.724132 , MAPD:3.965555, R_squared:0.985479  
	Validation = MSE:0.735247 , RMSE:0.857466 , MAE:0.686174 , MAPD:3.786721, R_squared:0.986770

2024-03-21 06:31:12,727 Epoch 91/300, Train Loss: 0.825033, Val Loss: 0.704468  
	Train = MSE:0.824469 , RMSE:0.908002 , MAE:0.716925 , MAPD:3.893519, R_squared:0.985728  
	Validation = MSE:0.709909 , RMSE:0.842561 , MAE:0.677917 , MAPD:3.790156, R_squared:0.987226

2024-03-21 06:31:14,681 Epoch 92/300, Train Loss: 0.797593, Val Loss: 0.687465  
	Train = MSE:0.799772 , RMSE:0.894300 , MAE:0.705480 , MAPD:3.833233, R_squared:0.986156  
	Validation = MSE:0.692451 , RMSE:0.832136 , MAE:0.667752 , MAPD:3.708372, R_squared:0.987540

2024-03-21 06:31:15,414 Epoch 93/300, Train Loss: 0.780994, Val Loss: 0.676257  
	Train = MSE:0.783558 , RMSE:0.885188 , MAE:0.696189 , MAPD:3.780510, R_squared:0.986436  
	Validation = MSE:0.681657 , RMSE:0.825625 , MAE:0.660836 , MAPD:3.637793, R_squared:0.987734

2024-03-21 06:31:16,142 Epoch 94/300, Train Loss: 0.760799, Val Loss: 0.657596  
	Train = MSE:0.764723 , RMSE:0.874485 , MAE:0.688642 , MAPD:3.734596, R_squared:0.986763  
	Validation = MSE:0.662110 , RMSE:0.813701 , MAE:0.652775 , MAPD:3.610567, R_squared:0.988086

2024-03-21 06:31:17,097 Epoch 95/300, Train Loss: 0.743960, Val Loss: 0.643910  
	Train = MSE:0.748209 , RMSE:0.864991 , MAE:0.680108 , MAPD:3.670669, R_squared:0.987048  
	Validation = MSE:0.649076 , RMSE:0.805653 , MAE:0.644996 , MAPD:3.543682, R_squared:0.988320

2024-03-21 06:31:18,109 Epoch 96/300, Train Loss: 0.724899, Val Loss: 0.627352  
	Train = MSE:0.731005 , RMSE:0.854988 , MAE:0.670732 , MAPD:3.618188, R_squared:0.987346  
	Validation = MSE:0.631065 , RMSE:0.794396 , MAE:0.637636 , MAPD:3.528488, R_squared:0.988645

2024-03-21 06:31:19,083 Epoch 97/300, Train Loss: 0.711592, Val Loss: 0.616546  
	Train = MSE:0.715738 , RMSE:0.846013 , MAE:0.663250 , MAPD:3.573306, R_squared:0.987610  
	Validation = MSE:0.620976 , RMSE:0.788020 , MAE:0.629877 , MAPD:3.450173, R_squared:0.988826

2024-03-21 06:31:20,050 Epoch 98/300, Train Loss: 0.702343, Val Loss: 0.604154  
	Train = MSE:0.701165 , RMSE:0.837356 , MAE:0.656100 , MAPD:3.535817, R_squared:0.987863  
	Validation = MSE:0.608777 , RMSE:0.780242 , MAE:0.622929 , MAPD:3.398722, R_squared:0.989046

2024-03-21 06:31:21,071 Epoch 99/300, Train Loss: 0.687661, Val Loss: 0.586997  
	Train = MSE:0.687194 , RMSE:0.828972 , MAE:0.648923 , MAPD:3.481694, R_squared:0.988105  
	Validation = MSE:0.590016 , RMSE:0.768125 , MAE:0.614519 , MAPD:3.378392, R_squared:0.989383

2024-03-21 06:31:22,085 Epoch 100/300, Train Loss: 0.678416, Val Loss: 0.573290  
	Train = MSE:0.671795 , RMSE:0.819631 , MAE:0.640523 , MAPD:3.426322, R_squared:0.988371  
	Validation = MSE:0.576273 , RMSE:0.759126 , MAE:0.607998 , MAPD:3.346647, R_squared:0.989631

2024-03-21 06:31:23,106 Epoch 101/300, Train Loss: 0.656058, Val Loss: 0.558336  
	Train = MSE:0.656600 , RMSE:0.810308 , MAE:0.631809 , MAPD:3.377061, R_squared:0.988634  
	Validation = MSE:0.560782 , RMSE:0.748854 , MAE:0.600720 , MAPD:3.318946, R_squared:0.989909

2024-03-21 06:31:25,380 Epoch 102/300, Train Loss: 0.637617, Val Loss: 0.550393  
	Train = MSE:0.639468 , RMSE:0.799668 , MAE:0.622279 , MAPD:3.338000, R_squared:0.988931  
	Validation = MSE:0.553685 , RMSE:0.744100 , MAE:0.591576 , MAPD:3.197763, R_squared:0.990037

2024-03-21 06:31:26,140 Epoch 103/300, Train Loss: 0.619048, Val Loss: 0.531834  
	Train = MSE:0.620430 , RMSE:0.787674 , MAE:0.613609 , MAPD:3.277848, R_squared:0.989260  
	Validation = MSE:0.534403 , RMSE:0.731029 , MAE:0.582696 , MAPD:3.170077, R_squared:0.990384

2024-03-21 06:31:27,279 Epoch 104/300, Train Loss: 0.610833, Val Loss: 0.516185  
	Train = MSE:0.604087 , RMSE:0.777230 , MAE:0.604385 , MAPD:3.226333, R_squared:0.989543  
	Validation = MSE:0.518231 , RMSE:0.719882 , MAE:0.574086 , MAPD:3.134590, R_squared:0.990675

2024-03-21 06:31:28,420 Epoch 105/300, Train Loss: 0.587666, Val Loss: 0.503333  
	Train = MSE:0.590727 , RMSE:0.768587 , MAE:0.596171 , MAPD:3.174478, R_squared:0.989774  
	Validation = MSE:0.504861 , RMSE:0.710536 , MAE:0.566227 , MAPD:3.090556, R_squared:0.990916

2024-03-21 06:31:29,145 Epoch 106/300, Train Loss: 0.580853, Val Loss: 0.491323  
	Train = MSE:0.576048 , RMSE:0.758978 , MAE:0.588129 , MAPD:3.129036, R_squared:0.990029  
	Validation = MSE:0.493209 , RMSE:0.702289 , MAE:0.559197 , MAPD:3.045614, R_squared:0.991125

2024-03-21 06:31:29,892 Epoch 107/300, Train Loss: 0.562961, Val Loss: 0.480064  
	Train = MSE:0.562298 , RMSE:0.749865 , MAE:0.579769 , MAPD:3.080470, R_squared:0.990267  
	Validation = MSE:0.481730 , RMSE:0.694067 , MAE:0.551368 , MAPD:2.991534, R_squared:0.991332

2024-03-21 06:31:30,617 Epoch 108/300, Train Loss: 0.552651, Val Loss: 0.470922  
	Train = MSE:0.548206 , RMSE:0.740409 , MAE:0.571955 , MAPD:3.039997, R_squared:0.990510  
	Validation = MSE:0.473319 , RMSE:0.687982 , MAE:0.546342 , MAPD:2.954691, R_squared:0.991483

2024-03-21 06:31:31,375 Epoch 109/300, Train Loss: 0.533861, Val Loss: 0.458126  
	Train = MSE:0.535316 , RMSE:0.731653 , MAE:0.564637 , MAPD:2.993428, R_squared:0.990734  
	Validation = MSE:0.460284 , RMSE:0.678442 , MAE:0.538166 , MAPD:2.908320, R_squared:0.991718

2024-03-21 06:31:32,111 Epoch 110/300, Train Loss: 0.520373, Val Loss: 0.451058  
	Train = MSE:0.523247 , RMSE:0.723358 , MAE:0.556759 , MAPD:2.948437, R_squared:0.990943  
	Validation = MSE:0.453650 , RMSE:0.673535 , MAE:0.533429 , MAPD:2.870152, R_squared:0.991837

2024-03-21 06:31:32,854 Epoch 111/300, Train Loss: 0.509383, Val Loss: 0.436329  
	Train = MSE:0.511392 , RMSE:0.715117 , MAE:0.551260 , MAPD:2.911915, R_squared:0.991148  
	Validation = MSE:0.437411 , RMSE:0.661371 , MAE:0.525796 , MAPD:2.865291, R_squared:0.992129

2024-03-21 06:31:34,797 Epoch 112/300, Train Loss: 0.497414, Val Loss: 0.427471  
	Train = MSE:0.499162 , RMSE:0.706514 , MAE:0.542732 , MAPD:2.864342, R_squared:0.991359  
	Validation = MSE:0.429032 , RMSE:0.655005 , MAE:0.518485 , MAPD:2.796867, R_squared:0.992280

2024-03-21 06:31:35,537 Epoch 113/300, Train Loss: 0.485511, Val Loss: 0.419699  
	Train = MSE:0.487268 , RMSE:0.698046 , MAE:0.535175 , MAPD:2.828405, R_squared:0.991565  
	Validation = MSE:0.421929 , RMSE:0.649561 , MAE:0.513564 , MAPD:2.758862, R_squared:0.992408

2024-03-21 06:31:36,288 Epoch 114/300, Train Loss: 0.477127, Val Loss: 0.406655  
	Train = MSE:0.478219 , RMSE:0.691534 , MAE:0.529659 , MAPD:2.788785, R_squared:0.991722  
	Validation = MSE:0.408158 , RMSE:0.638872 , MAE:0.505457 , MAPD:2.730873, R_squared:0.992656

2024-03-21 06:31:37,033 Epoch 115/300, Train Loss: 0.461008, Val Loss: 0.397898  
	Train = MSE:0.465594 , RMSE:0.682345 , MAE:0.522612 , MAPD:2.744503, R_squared:0.991940  
	Validation = MSE:0.399070 , RMSE:0.631720 , MAE:0.500820 , MAPD:2.722692, R_squared:0.992819

2024-03-21 06:31:38,066 Epoch 116/300, Train Loss: 0.454544, Val Loss: 0.392635  
	Train = MSE:0.454876 , RMSE:0.674445 , MAE:0.515353 , MAPD:2.717018, R_squared:0.992126  
	Validation = MSE:0.394707 , RMSE:0.628257 , MAE:0.495304 , MAPD:2.653796, R_squared:0.992898

2024-03-21 06:31:39,076 Epoch 117/300, Train Loss: 0.443732, Val Loss: 0.380126  
	Train = MSE:0.444293 , RMSE:0.666553 , MAE:0.508776 , MAPD:2.670965, R_squared:0.992309  
	Validation = MSE:0.381815 , RMSE:0.617912 , MAE:0.487570 , MAPD:2.630342, R_squared:0.993130

2024-03-21 06:31:40,185 Epoch 118/300, Train Loss: 0.433624, Val Loss: 0.371371  
	Train = MSE:0.433448 , RMSE:0.658367 , MAE:0.500961 , MAPD:2.621848, R_squared:0.992497  
	Validation = MSE:0.373143 , RMSE:0.610854 , MAE:0.480513 , MAPD:2.584924, R_squared:0.993286

2024-03-21 06:31:41,011 Epoch 119/300, Train Loss: 0.426251, Val Loss: 0.361893  
	Train = MSE:0.422191 , RMSE:0.649763 , MAE:0.493892 , MAPD:2.580321, R_squared:0.992692  
	Validation = MSE:0.363854 , RMSE:0.603203 , MAE:0.473898 , MAPD:2.548352, R_squared:0.993453

2024-03-21 06:31:41,750 Epoch 120/300, Train Loss: 0.416712, Val Loss: 0.357864  
	Train = MSE:0.414805 , RMSE:0.644054 , MAE:0.489227 , MAPD:2.557123, R_squared:0.992820  
	Validation = MSE:0.360777 , RMSE:0.600647 , MAE:0.470545 , MAPD:2.511647, R_squared:0.993508

2024-03-21 06:31:42,693 Epoch 121/300, Train Loss: 0.408135, Val Loss: 0.348901  
	Train = MSE:0.403655 , RMSE:0.635339 , MAE:0.481098 , MAPD:2.514518, R_squared:0.993013  
	Validation = MSE:0.351352 , RMSE:0.592750 , MAE:0.463760 , MAPD:2.476502, R_squared:0.993678

2024-03-21 06:31:45,342 Epoch 122/300, Train Loss: 0.395835, Val Loss: 0.337722  
	Train = MSE:0.394822 , RMSE:0.628349 , MAE:0.475492 , MAPD:2.477225, R_squared:0.993166  
	Validation = MSE:0.339342 , RMSE:0.582531 , MAE:0.455916 , MAPD:2.451607, R_squared:0.993894

2024-03-21 06:31:46,394 Epoch 123/300, Train Loss: 0.388745, Val Loss: 0.331292  
	Train = MSE:0.386092 , RMSE:0.621363 , MAE:0.468915 , MAPD:2.443216, R_squared:0.993317  
	Validation = MSE:0.332864 , RMSE:0.576943 , MAE:0.450629 , MAPD:2.417009, R_squared:0.994010

2024-03-21 06:31:47,168 Epoch 124/300, Train Loss: 0.379613, Val Loss: 0.323535  
	Train = MSE:0.378280 , RMSE:0.615045 , MAE:0.463539 , MAPD:2.409702, R_squared:0.993452  
	Validation = MSE:0.324382 , RMSE:0.569546 , MAE:0.444538 , MAPD:2.398214, R_squared:0.994163

2024-03-21 06:31:47,914 Epoch 125/300, Train Loss: 0.372219, Val Loss: 0.318428  
	Train = MSE:0.370773 , RMSE:0.608911 , MAE:0.458497 , MAPD:2.387484, R_squared:0.993582  
	Validation = MSE:0.320522 , RMSE:0.566147 , MAE:0.440854 , MAPD:2.355313, R_squared:0.994233

2024-03-21 06:31:48,670 Epoch 126/300, Train Loss: 0.368261, Val Loss: 0.316576  
	Train = MSE:0.363607 , RMSE:0.602999 , MAE:0.453452 , MAPD:2.362800, R_squared:0.993706  
	Validation = MSE:0.319075 , RMSE:0.564867 , MAE:0.439865 , MAPD:2.340728, R_squared:0.994259

2024-03-21 06:31:49,422 Epoch 127/300, Train Loss: 0.353117, Val Loss: 0.307918  
	Train = MSE:0.354433 , RMSE:0.595343 , MAE:0.447267 , MAPD:2.329242, R_squared:0.993865  
	Validation = MSE:0.310169 , RMSE:0.556928 , MAE:0.432557 , MAPD:2.306006, R_squared:0.994419

2024-03-21 06:31:50,166 Epoch 128/300, Train Loss: 0.345219, Val Loss: 0.298119  
	Train = MSE:0.347465 , RMSE:0.589462 , MAE:0.441800 , MAPD:2.292016, R_squared:0.993985  
	Validation = MSE:0.299671 , RMSE:0.547422 , MAE:0.424620 , MAPD:2.272551, R_squared:0.994608

2024-03-21 06:31:50,902 Epoch 129/300, Train Loss: 0.337509, Val Loss: 0.293051  
	Train = MSE:0.340113 , RMSE:0.583192 , MAE:0.436822 , MAPD:2.265917, R_squared:0.994113  
	Validation = MSE:0.295017 , RMSE:0.543155 , MAE:0.420744 , MAPD:2.250206, R_squared:0.994691

2024-03-21 06:31:51,641 Epoch 130/300, Train Loss: 0.333915, Val Loss: 0.290671  
	Train = MSE:0.332747 , RMSE:0.576842 , MAE:0.430640 , MAPD:2.238362, R_squared:0.994240  
	Validation = MSE:0.292698 , RMSE:0.541016 , MAE:0.419501 , MAPD:2.235217, R_squared:0.994733

2024-03-21 06:31:52,476 Epoch 131/300, Train Loss: 0.328410, Val Loss: 0.281851  
	Train = MSE:0.326252 , RMSE:0.571184 , MAE:0.427027 , MAPD:2.216607, R_squared:0.994353  
	Validation = MSE:0.283465 , RMSE:0.532414 , MAE:0.411848 , MAPD:2.203993, R_squared:0.994899

2024-03-21 06:31:54,461 Epoch 132/300, Train Loss: 0.319316, Val Loss: 0.277683  
	Train = MSE:0.319163 , RMSE:0.564945 , MAE:0.421506 , MAPD:2.188804, R_squared:0.994475  
	Validation = MSE:0.279483 , RMSE:0.528662 , MAE:0.408646 , MAPD:2.181246, R_squared:0.994971

2024-03-21 06:31:55,197 Epoch 133/300, Train Loss: 0.311978, Val Loss: 0.269976  
	Train = MSE:0.312957 , RMSE:0.559426 , MAE:0.416427 , MAPD:2.157985, R_squared:0.994583  
	Validation = MSE:0.270969 , RMSE:0.520547 , MAE:0.401850 , MAPD:2.157009, R_squared:0.995124

2024-03-21 06:31:55,918 Epoch 134/300, Train Loss: 0.307669, Val Loss: 0.265360  
	Train = MSE:0.306861 , RMSE:0.553951 , MAE:0.412595 , MAPD:2.140757, R_squared:0.994688  
	Validation = MSE:0.266533 , RMSE:0.516269 , MAE:0.398140 , MAPD:2.134511, R_squared:0.995204

2024-03-21 06:31:56,650 Epoch 135/300, Train Loss: 0.304274, Val Loss: 0.260603  
	Train = MSE:0.301250 , RMSE:0.548862 , MAE:0.408143 , MAPD:2.116262, R_squared:0.994785  
	Validation = MSE:0.261953 , RMSE:0.511813 , MAE:0.394184 , MAPD:2.111109, R_squared:0.995286

2024-03-21 06:31:57,357 Epoch 136/300, Train Loss: 0.293153, Val Loss: 0.260766  
	Train = MSE:0.295192 , RMSE:0.543316 , MAE:0.404043 , MAPD:2.098797, R_squared:0.994890  
	Validation = MSE:0.262688 , RMSE:0.512531 , MAE:0.395853 , MAPD:2.112852, R_squared:0.995273

2024-03-21 06:31:58,223 Epoch 137/300, Train Loss: 0.292579, Val Loss: 0.251529  
	Train = MSE:0.290244 , RMSE:0.538743 , MAE:0.401055 , MAPD:2.078337, R_squared:0.994976  
	Validation = MSE:0.252804 , RMSE:0.502796 , MAE:0.386550 , MAPD:2.072148, R_squared:0.995451

2024-03-21 06:31:59,127 Epoch 138/300, Train Loss: 0.280900, Val Loss: 0.249996  
	Train = MSE:0.285121 , RMSE:0.533967 , MAE:0.397734 , MAPD:2.064829, R_squared:0.995065  
	Validation = MSE:0.251654 , RMSE:0.501651 , MAE:0.386327 , MAPD:2.066096, R_squared:0.995472

2024-03-21 06:31:59,855 Epoch 139/300, Train Loss: 0.278589, Val Loss: 0.247779  
	Train = MSE:0.279454 , RMSE:0.528634 , MAE:0.392762 , MAPD:2.039689, R_squared:0.995163  
	Validation = MSE:0.249478 , RMSE:0.499478 , MAE:0.385166 , MAPD:2.058945, R_squared:0.995511

2024-03-21 06:32:00,580 Epoch 140/300, Train Loss: 0.275457, Val Loss: 0.238211  
	Train = MSE:0.274124 , RMSE:0.523568 , MAE:0.389238 , MAPD:2.014670, R_squared:0.995255  
	Validation = MSE:0.238599 , RMSE:0.488466 , MAE:0.375637 , MAPD:2.025094, R_squared:0.995707

2024-03-21 06:32:01,293 Epoch 141/300, Train Loss: 0.270769, Val Loss: 0.234944  
	Train = MSE:0.270588 , RMSE:0.520181 , MAE:0.386929 , MAPD:2.009361, R_squared:0.995316  
	Validation = MSE:0.235878 , RMSE:0.485673 , MAE:0.372802 , MAPD:2.002336, R_squared:0.995756

2024-03-21 06:32:03,251 Epoch 142/300, Train Loss: 0.264518, Val Loss: 0.230066  
	Train = MSE:0.264445 , RMSE:0.514242 , MAE:0.381442 , MAPD:1.975098, R_squared:0.995422  
	Validation = MSE:0.230458 , RMSE:0.480061 , MAE:0.368644 , MAPD:1.991185, R_squared:0.995853

2024-03-21 06:32:03,982 Epoch 143/300, Train Loss: 0.261408, Val Loss: 0.228039  
	Train = MSE:0.261209 , RMSE:0.511086 , MAE:0.381351 , MAPD:1.982731, R_squared:0.995478  
	Validation = MSE:0.229041 , RMSE:0.478583 , MAE:0.367629 , MAPD:1.975205, R_squared:0.995879

2024-03-21 06:32:04,714 Epoch 144/300, Train Loss: 0.257702, Val Loss: 0.234116  
	Train = MSE:0.255898 , RMSE:0.505864 , MAE:0.376394 , MAPD:1.955812, R_squared:0.995570  
	Validation = MSE:0.235896 , RMSE:0.485691 , MAE:0.374185 , MAPD:2.004797, R_squared:0.995755

2024-03-21 06:32:05,443 Epoch 145/300, Train Loss: 0.253071, Val Loss: 0.222534  
	Train = MSE:0.252179 , RMSE:0.502174 , MAE:0.373147 , MAPD:1.940726, R_squared:0.995635  
	Validation = MSE:0.223368 , RMSE:0.472618 , MAE:0.363325 , MAPD:1.953644, R_squared:0.995981

2024-03-21 06:32:06,164 Epoch 146/300, Train Loss: 0.245931, Val Loss: 0.216764  
	Train = MSE:0.246944 , RMSE:0.496934 , MAE:0.369133 , MAPD:1.917618, R_squared:0.995725  
	Validation = MSE:0.217233 , RMSE:0.466082 , MAE:0.357556 , MAPD:1.929847, R_squared:0.996091

2024-03-21 06:32:06,907 Epoch 147/300, Train Loss: 0.242485, Val Loss: 0.213468  
	Train = MSE:0.243393 , RMSE:0.493349 , MAE:0.367253 , MAPD:1.909286, R_squared:0.995787  
	Validation = MSE:0.213986 , RMSE:0.462587 , MAE:0.354828 , MAPD:1.915628, R_squared:0.996150

2024-03-21 06:32:07,671 Epoch 148/300, Train Loss: 0.240675, Val Loss: 0.209344  
	Train = MSE:0.239536 , RMSE:0.489424 , MAE:0.364097 , MAPD:1.890646, R_squared:0.995854  
	Validation = MSE:0.209742 , RMSE:0.457976 , MAE:0.351065 , MAPD:1.900473, R_squared:0.996226

2024-03-21 06:32:08,417 Epoch 149/300, Train Loss: 0.235740, Val Loss: 0.206562  
	Train = MSE:0.235427 , RMSE:0.485209 , MAE:0.360768 , MAPD:1.873497, R_squared:0.995925  
	Validation = MSE:0.206418 , RMSE:0.454332 , MAE:0.349115 , MAPD:1.893428, R_squared:0.996286

2024-03-21 06:32:09,155 Epoch 150/300, Train Loss: 0.231678, Val Loss: 0.207378  
	Train = MSE:0.231584 , RMSE:0.481232 , MAE:0.358523 , MAPD:1.866056, R_squared:0.995991  
	Validation = MSE:0.208035 , RMSE:0.456109 , MAE:0.349831 , MAPD:1.889196, R_squared:0.996257

2024-03-21 06:32:09,896 Epoch 151/300, Train Loss: 0.227186, Val Loss: 0.201262  
	Train = MSE:0.227137 , RMSE:0.476589 , MAE:0.354655 , MAPD:1.845925, R_squared:0.996068  
	Validation = MSE:0.201554 , RMSE:0.448947 , MAE:0.344204 , MAPD:1.865689, R_squared:0.996373

2024-03-21 06:32:12,479 Epoch 152/300, Train Loss: 0.224582, Val Loss: 0.198551  
	Train = MSE:0.224337 , RMSE:0.473642 , MAE:0.352362 , MAPD:1.835035, R_squared:0.996117  
	Validation = MSE:0.198754 , RMSE:0.445819 , MAE:0.341691 , MAPD:1.854749, R_squared:0.996424

2024-03-21 06:32:13,433 Epoch 153/300, Train Loss: 0.217870, Val Loss: 0.200054  
	Train = MSE:0.220437 , RMSE:0.469507 , MAE:0.350214 , MAPD:1.822649, R_squared:0.996184  
	Validation = MSE:0.200538 , RMSE:0.447815 , MAE:0.343990 , MAPD:1.861213, R_squared:0.996392

2024-03-21 06:32:14,171 Epoch 154/300, Train Loss: 0.218789, Val Loss: 0.193550  
	Train = MSE:0.217415 , RMSE:0.466278 , MAE:0.347190 , MAPD:1.807896, R_squared:0.996237  
	Validation = MSE:0.193490 , RMSE:0.439875 , MAE:0.336447 , MAPD:1.833250, R_squared:0.996518

2024-03-21 06:32:14,940 Epoch 155/300, Train Loss: 0.215571, Val Loss: 0.192920  
	Train = MSE:0.214104 , RMSE:0.462714 , MAE:0.345488 , MAPD:1.801099, R_squared:0.996294  
	Validation = MSE:0.193023 , RMSE:0.439343 , MAE:0.337323 , MAPD:1.830930, R_squared:0.996527

2024-03-21 06:32:15,686 Epoch 156/300, Train Loss: 0.212062, Val Loss: 0.189862  
	Train = MSE:0.211031 , RMSE:0.459381 , MAE:0.342610 , MAPD:1.787539, R_squared:0.996347  
	Validation = MSE:0.190012 , RMSE:0.435903 , MAE:0.332586 , MAPD:1.812321, R_squared:0.996581

2024-03-21 06:32:16,426 Epoch 157/300, Train Loss: 0.208944, Val Loss: 0.187197  
	Train = MSE:0.208900 , RMSE:0.457056 , MAE:0.341834 , MAPD:1.782027, R_squared:0.996384  
	Validation = MSE:0.186973 , RMSE:0.432404 , MAE:0.331223 , MAPD:1.803910, R_squared:0.996636

2024-03-21 06:32:17,182 Epoch 158/300, Train Loss: 0.204719, Val Loss: 0.188044  
	Train = MSE:0.206031 , RMSE:0.453906 , MAE:0.339409 , MAPD:1.774416, R_squared:0.996434  
	Validation = MSE:0.188413 , RMSE:0.434066 , MAE:0.331624 , MAPD:1.804017, R_squared:0.996610

2024-03-21 06:32:17,908 Epoch 159/300, Train Loss: 0.200654, Val Loss: 0.184616  
	Train = MSE:0.202843 , RMSE:0.450381 , MAE:0.336280 , MAPD:1.759531, R_squared:0.996489  
	Validation = MSE:0.184404 , RMSE:0.429423 , MAE:0.329108 , MAPD:1.793028, R_squared:0.996682

2024-03-21 06:32:18,623 Epoch 160/300, Train Loss: 0.204872, Val Loss: 0.182238  
	Train = MSE:0.199784 , RMSE:0.446972 , MAE:0.334410 , MAPD:1.745478, R_squared:0.996542  
	Validation = MSE:0.182179 , RMSE:0.426825 , MAE:0.325748 , MAPD:1.777489, R_squared:0.996722

2024-03-21 06:32:19,369 Epoch 161/300, Train Loss: 0.198210, Val Loss: 0.179251  
	Train = MSE:0.196920 , RMSE:0.443757 , MAE:0.331917 , MAPD:1.735609, R_squared:0.996591  
	Validation = MSE:0.178975 , RMSE:0.423055 , MAE:0.322915 , MAPD:1.764910, R_squared:0.996780

2024-03-21 06:32:21,345 Epoch 162/300, Train Loss: 0.192395, Val Loss: 0.177978  
	Train = MSE:0.194547 , RMSE:0.441075 , MAE:0.330382 , MAPD:1.730196, R_squared:0.996632  
	Validation = MSE:0.177533 , RMSE:0.421346 , MAE:0.322247 , MAPD:1.761409, R_squared:0.996805

2024-03-21 06:32:22,088 Epoch 163/300, Train Loss: 0.191442, Val Loss: 0.179845  
	Train = MSE:0.192076 , RMSE:0.438264 , MAE:0.328368 , MAPD:1.719303, R_squared:0.996675  
	Validation = MSE:0.179694 , RMSE:0.423903 , MAE:0.324027 , MAPD:1.768944, R_squared:0.996767

2024-03-21 06:32:22,833 Epoch 164/300, Train Loss: 0.188467, Val Loss: 0.172891  
	Train = MSE:0.190298 , RMSE:0.436232 , MAE:0.326542 , MAPD:1.709866, R_squared:0.996706  
	Validation = MSE:0.172173 , RMSE:0.414937 , MAE:0.316313 , MAPD:1.734607, R_squared:0.996902

2024-03-21 06:32:23,580 Epoch 165/300, Train Loss: 0.187872, Val Loss: 0.175184  
	Train = MSE:0.186915 , RMSE:0.432337 , MAE:0.324460 , MAPD:1.700184, R_squared:0.996764  
	Validation = MSE:0.174736 , RMSE:0.418015 , MAE:0.319573 , MAPD:1.748770, R_squared:0.996856

2024-03-21 06:32:24,313 Epoch 166/300, Train Loss: 0.187415, Val Loss: 0.171302  
	Train = MSE:0.185585 , RMSE:0.430796 , MAE:0.323153 , MAPD:1.695179, R_squared:0.996787  
	Validation = MSE:0.170464 , RMSE:0.412873 , MAE:0.315081 , MAPD:1.727781, R_squared:0.996933

2024-03-21 06:32:25,045 Epoch 167/300, Train Loss: 0.183158, Val Loss: 0.172029  
	Train = MSE:0.182589 , RMSE:0.427305 , MAE:0.321043 , MAPD:1.687108, R_squared:0.996839  
	Validation = MSE:0.171444 , RMSE:0.414058 , MAE:0.315974 , MAPD:1.731666, R_squared:0.996915

2024-03-21 06:32:25,767 Epoch 168/300, Train Loss: 0.179430, Val Loss: 0.167027  
	Train = MSE:0.180583 , RMSE:0.424951 , MAE:0.319109 , MAPD:1.675462, R_squared:0.996874  
	Validation = MSE:0.166054 , RMSE:0.407498 , MAE:0.310528 , MAPD:1.706844, R_squared:0.997012

2024-03-21 06:32:26,767 Epoch 169/300, Train Loss: 0.177029, Val Loss: 0.165188  
	Train = MSE:0.179143 , RMSE:0.423253 , MAE:0.317475 , MAPD:1.669682, R_squared:0.996899  
	Validation = MSE:0.163975 , RMSE:0.404938 , MAE:0.308533 , MAPD:1.698231, R_squared:0.997049

2024-03-21 06:32:27,576 Epoch 170/300, Train Loss: 0.177446, Val Loss: 0.163152  
	Train = MSE:0.177022 , RMSE:0.420740 , MAE:0.316122 , MAPD:1.658658, R_squared:0.996936  
	Validation = MSE:0.161892 , RMSE:0.402359 , MAE:0.305949 , MAPD:1.687985, R_squared:0.997087

2024-03-21 06:32:28,384 Epoch 171/300, Train Loss: 0.173331, Val Loss: 0.162601  
	Train = MSE:0.175083 , RMSE:0.418430 , MAE:0.314476 , MAPD:1.658036, R_squared:0.996969  
	Validation = MSE:0.161433 , RMSE:0.401787 , MAE:0.305638 , MAPD:1.684828, R_squared:0.997095

2024-03-21 06:32:30,441 Epoch 172/300, Train Loss: 0.173146, Val Loss: 0.161694  
	Train = MSE:0.172911 , RMSE:0.415826 , MAE:0.312441 , MAPD:1.643751, R_squared:0.997007  
	Validation = MSE:0.160324 , RMSE:0.400405 , MAE:0.304992 , MAPD:1.681319, R_squared:0.997115

2024-03-21 06:32:31,169 Epoch 173/300, Train Loss: 0.170908, Val Loss: 0.158663  
	Train = MSE:0.171239 , RMSE:0.413810 , MAE:0.310750 , MAPD:1.638452, R_squared:0.997036  
	Validation = MSE:0.157263 , RMSE:0.396564 , MAE:0.301166 , MAPD:1.665697, R_squared:0.997170

2024-03-21 06:32:31,908 Epoch 174/300, Train Loss: 0.167734, Val Loss: 0.156638  
	Train = MSE:0.168466 , RMSE:0.410446 , MAE:0.308624 , MAPD:1.627076, R_squared:0.997084  
	Validation = MSE:0.154507 , RMSE:0.393074 , MAE:0.299745 , MAPD:1.667264, R_squared:0.997220

2024-03-21 06:32:32,647 Epoch 175/300, Train Loss: 0.167733, Val Loss: 0.156083  
	Train = MSE:0.167967 , RMSE:0.409838 , MAE:0.308250 , MAPD:1.627323, R_squared:0.997092  
	Validation = MSE:0.154442 , RMSE:0.392990 , MAE:0.297848 , MAPD:1.651050, R_squared:0.997221

2024-03-21 06:32:33,388 Epoch 176/300, Train Loss: 0.164605, Val Loss: 0.158573  
	Train = MSE:0.165183 , RMSE:0.406427 , MAE:0.305462 , MAPD:1.614237, R_squared:0.997141  
	Validation = MSE:0.157179 , RMSE:0.396458 , MAE:0.301240 , MAPD:1.662912, R_squared:0.997172

2024-03-21 06:32:34,145 Epoch 177/300, Train Loss: 0.164126, Val Loss: 0.152943  
	Train = MSE:0.164172 , RMSE:0.405181 , MAE:0.304279 , MAPD:1.607567, R_squared:0.997158  
	Validation = MSE:0.151164 , RMSE:0.388798 , MAE:0.294492 , MAPD:1.635686, R_squared:0.997280

2024-03-21 06:32:35,004 Epoch 178/300, Train Loss: 0.162153, Val Loss: 0.151552  
	Train = MSE:0.163397 , RMSE:0.404224 , MAE:0.304715 , MAPD:1.611235, R_squared:0.997172  
	Validation = MSE:0.149591 , RMSE:0.386770 , MAE:0.292610 , MAPD:1.631327, R_squared:0.997308

2024-03-21 06:32:35,959 Epoch 179/300, Train Loss: 0.162059, Val Loss: 0.150923  
	Train = MSE:0.161341 , RMSE:0.401672 , MAE:0.302322 , MAPD:1.602265, R_squared:0.997207  
	Validation = MSE:0.149052 , RMSE:0.386073 , MAE:0.291888 , MAPD:1.621921, R_squared:0.997318

2024-03-21 06:32:36,795 Epoch 180/300, Train Loss: 0.159392, Val Loss: 0.148905  
	Train = MSE:0.158598 , RMSE:0.398243 , MAE:0.299206 , MAPD:1.581728, R_squared:0.997255  
	Validation = MSE:0.146520 , RMSE:0.382779 , MAE:0.290346 , MAPD:1.618511, R_squared:0.997364

2024-03-21 06:32:37,823 Epoch 181/300, Train Loss: 0.155987, Val Loss: 0.149237  
	Train = MSE:0.156999 , RMSE:0.396231 , MAE:0.299062 , MAPD:1.584884, R_squared:0.997282  
	Validation = MSE:0.147267 , RMSE:0.383753 , MAE:0.289759 , MAPD:1.611530, R_squared:0.997350

2024-03-21 06:32:40,499 Epoch 182/300, Train Loss: 0.155142, Val Loss: 0.148335  
	Train = MSE:0.155428 , RMSE:0.394243 , MAE:0.296488 , MAPD:1.574055, R_squared:0.997310  
	Validation = MSE:0.146342 , RMSE:0.382547 , MAE:0.288456 , MAPD:1.603772, R_squared:0.997367

2024-03-21 06:32:41,234 Epoch 183/300, Train Loss: 0.153082, Val Loss: 0.145824  
	Train = MSE:0.154021 , RMSE:0.392455 , MAE:0.295101 , MAPD:1.565295, R_squared:0.997334  
	Validation = MSE:0.143736 , RMSE:0.379125 , MAE:0.285743 , MAPD:1.591860, R_squared:0.997414

2024-03-21 06:32:42,165 Epoch 184/300, Train Loss: 0.152477, Val Loss: 0.144938  
	Train = MSE:0.152508 , RMSE:0.390523 , MAE:0.293734 , MAPD:1.557997, R_squared:0.997360  
	Validation = MSE:0.142703 , RMSE:0.377761 , MAE:0.284146 , MAPD:1.587696, R_squared:0.997432

2024-03-21 06:32:43,177 Epoch 185/300, Train Loss: 0.151091, Val Loss: 0.144601  
	Train = MSE:0.150944 , RMSE:0.388515 , MAE:0.292296 , MAPD:1.554122, R_squared:0.997387  
	Validation = MSE:0.142317 , RMSE:0.377250 , MAE:0.283652 , MAPD:1.582001, R_squared:0.997439

2024-03-21 06:32:44,001 Epoch 186/300, Train Loss: 0.149027, Val Loss: 0.142776  
	Train = MSE:0.149578 , RMSE:0.386754 , MAE:0.290377 , MAPD:1.542577, R_squared:0.997411  
	Validation = MSE:0.140333 , RMSE:0.374611 , MAE:0.281665 , MAPD:1.578173, R_squared:0.997475

2024-03-21 06:32:45,070 Epoch 187/300, Train Loss: 0.147026, Val Loss: 0.141256  
	Train = MSE:0.148257 , RMSE:0.385042 , MAE:0.288555 , MAPD:1.533361, R_squared:0.997434  
	Validation = MSE:0.138651 , RMSE:0.372358 , MAE:0.280641 , MAPD:1.571785, R_squared:0.997505

2024-03-21 06:32:45,880 Epoch 188/300, Train Loss: 0.149661, Val Loss: 0.141142  
	Train = MSE:0.149477 , RMSE:0.386623 , MAE:0.291518 , MAPD:1.553048, R_squared:0.997413  
	Validation = MSE:0.138655 , RMSE:0.372364 , MAE:0.279532 , MAPD:1.565159, R_squared:0.997505

2024-03-21 06:32:46,635 Epoch 189/300, Train Loss: 0.146486, Val Loss: 0.140235  
	Train = MSE:0.145581 , RMSE:0.381550 , MAE:0.286097 , MAPD:1.522773, R_squared:0.997480  
	Validation = MSE:0.137691 , RMSE:0.371068 , MAE:0.278331 , MAPD:1.557122, R_squared:0.997522

2024-03-21 06:32:47,352 Epoch 190/300, Train Loss: 0.144181, Val Loss: 0.138517  
	Train = MSE:0.144960 , RMSE:0.380736 , MAE:0.285802 , MAPD:1.522118, R_squared:0.997491  
	Validation = MSE:0.135738 , RMSE:0.368426 , MAE:0.276537 , MAPD:1.551866, R_squared:0.997558

2024-03-21 06:32:48,090 Epoch 191/300, Train Loss: 0.142995, Val Loss: 0.137586  
	Train = MSE:0.143633 , RMSE:0.378989 , MAE:0.284167 , MAPD:1.514926, R_squared:0.997514  
	Validation = MSE:0.134778 , RMSE:0.367121 , MAE:0.275436 , MAPD:1.550020, R_squared:0.997575

2024-03-21 06:32:50,082 Epoch 192/300, Train Loss: 0.142205, Val Loss: 0.136979  
	Train = MSE:0.142461 , RMSE:0.377440 , MAE:0.282944 , MAPD:1.508764, R_squared:0.997534  
	Validation = MSE:0.134264 , RMSE:0.366420 , MAE:0.274088 , MAPD:1.539635, R_squared:0.997584

2024-03-21 06:32:50,842 Epoch 193/300, Train Loss: 0.140108, Val Loss: 0.135957  
	Train = MSE:0.141566 , RMSE:0.376252 , MAE:0.281821 , MAPD:1.503780, R_squared:0.997549  
	Validation = MSE:0.132913 , RMSE:0.364573 , MAE:0.273533 , MAPD:1.542784, R_squared:0.997608

2024-03-21 06:32:51,586 Epoch 194/300, Train Loss: 0.141436, Val Loss: 0.136277  
	Train = MSE:0.140002 , RMSE:0.374168 , MAE:0.280445 , MAPD:1.499054, R_squared:0.997577  
	Validation = MSE:0.133547 , RMSE:0.365441 , MAE:0.272515 , MAPD:1.530951, R_squared:0.997597

2024-03-21 06:32:52,317 Epoch 195/300, Train Loss: 0.137772, Val Loss: 0.142702  
	Train = MSE:0.139913 , RMSE:0.374049 , MAE:0.280853 , MAPD:1.500228, R_squared:0.997578  
	Validation = MSE:0.140391 , RMSE:0.374687 , MAE:0.278485 , MAPD:1.553527, R_squared:0.997474

2024-03-21 06:32:53,062 Epoch 196/300, Train Loss: 0.139307, Val Loss: 0.137526  
	Train = MSE:0.139737 , RMSE:0.373814 , MAE:0.279076 , MAPD:1.486748, R_squared:0.997581  
	Validation = MSE:0.135036 , RMSE:0.367473 , MAE:0.272483 , MAPD:1.525820, R_squared:0.997570

2024-03-21 06:32:53,784 Epoch 197/300, Train Loss: 0.138152, Val Loss: 0.134348  
	Train = MSE:0.138064 , RMSE:0.371569 , MAE:0.278629 , MAPD:1.491937, R_squared:0.997610  
	Validation = MSE:0.131465 , RMSE:0.362581 , MAE:0.269643 , MAPD:1.514663, R_squared:0.997634

2024-03-21 06:32:54,538 Epoch 198/300, Train Loss: 0.136046, Val Loss: 0.136276  
	Train = MSE:0.135676 , RMSE:0.368342 , MAE:0.275804 , MAPD:1.475214, R_squared:0.997651  
	Validation = MSE:0.133690 , RMSE:0.365637 , MAE:0.270753 , MAPD:1.516473, R_squared:0.997594

2024-03-21 06:32:55,271 Epoch 199/300, Train Loss: 0.135410, Val Loss: 0.134401  
	Train = MSE:0.134788 , RMSE:0.367134 , MAE:0.274614 , MAPD:1.468879, R_squared:0.997667  
	Validation = MSE:0.131624 , RMSE:0.362801 , MAE:0.268777 , MAPD:1.508827, R_squared:0.997632

2024-03-21 06:32:55,998 Epoch 200/300, Train Loss: 0.132825, Val Loss: 0.135792  
	Train = MSE:0.133698 , RMSE:0.365647 , MAE:0.273373 , MAPD:1.464053, R_squared:0.997686  
	Validation = MSE:0.133024 , RMSE:0.364724 , MAE:0.269985 , MAPD:1.513194, R_squared:0.997606

2024-03-21 06:32:56,845 Epoch 201/300, Train Loss: 0.134558, Val Loss: 0.134210  
	Train = MSE:0.133074 , RMSE:0.364793 , MAE:0.272331 , MAPD:1.456644, R_squared:0.997696  
	Validation = MSE:0.131494 , RMSE:0.362622 , MAE:0.267529 , MAPD:1.500248, R_squared:0.997634

2024-03-21 06:32:58,872 Epoch 202/300, Train Loss: 0.131529, Val Loss: 0.129858  
	Train = MSE:0.131614 , RMSE:0.362786 , MAE:0.270780 , MAPD:1.449961, R_squared:0.997722  
	Validation = MSE:0.126603 , RMSE:0.355813 , MAE:0.264010 , MAPD:1.490362, R_squared:0.997722

2024-03-21 06:32:59,641 Epoch 203/300, Train Loss: 0.129868, Val Loss: 0.129859  
	Train = MSE:0.131206 , RMSE:0.362224 , MAE:0.270664 , MAPD:1.447560, R_squared:0.997729  
	Validation = MSE:0.126825 , RMSE:0.356124 , MAE:0.263749 , MAPD:1.491298, R_squared:0.997718

2024-03-21 06:33:00,393 Epoch 204/300, Train Loss: 0.132320, Val Loss: 0.128948  
	Train = MSE:0.130621 , RMSE:0.361415 , MAE:0.269657 , MAPD:1.446383, R_squared:0.997739  
	Validation = MSE:0.125739 , RMSE:0.354597 , MAE:0.262102 , MAPD:1.478498, R_squared:0.997737

2024-03-21 06:33:01,129 Epoch 205/300, Train Loss: 0.129266, Val Loss: 0.129028  
	Train = MSE:0.129404 , RMSE:0.359728 , MAE:0.268135 , MAPD:1.436317, R_squared:0.997760  
	Validation = MSE:0.125899 , RMSE:0.354823 , MAE:0.261593 , MAPD:1.475047, R_squared:0.997735

2024-03-21 06:33:01,874 Epoch 206/300, Train Loss: 0.126758, Val Loss: 0.127145  
	Train = MSE:0.128466 , RMSE:0.358421 , MAE:0.266904 , MAPD:1.430644, R_squared:0.997776  
	Validation = MSE:0.123808 , RMSE:0.351864 , MAE:0.260636 , MAPD:1.475293, R_squared:0.997772

2024-03-21 06:33:02,613 Epoch 207/300, Train Loss: 0.126881, Val Loss: 0.131387  
	Train = MSE:0.127403 , RMSE:0.356936 , MAE:0.266299 , MAPD:1.427526, R_squared:0.997795  
	Validation = MSE:0.128504 , RMSE:0.358475 , MAE:0.263258 , MAPD:1.478191, R_squared:0.997688

2024-03-21 06:33:03,346 Epoch 208/300, Train Loss: 0.126712, Val Loss: 0.128183  
	Train = MSE:0.126628 , RMSE:0.355849 , MAE:0.264804 , MAPD:1.420401, R_squared:0.997808  
	Validation = MSE:0.125081 , RMSE:0.353667 , MAE:0.259627 , MAPD:1.462552, R_squared:0.997749

2024-03-21 06:33:04,132 Epoch 209/300, Train Loss: 0.126056, Val Loss: 0.126447  
	Train = MSE:0.126331 , RMSE:0.355431 , MAE:0.264577 , MAPD:1.421085, R_squared:0.997813  
	Validation = MSE:0.123173 , RMSE:0.350961 , MAE:0.257709 , MAPD:1.453994, R_squared:0.997784

2024-03-21 06:33:05,144 Epoch 210/300, Train Loss: 0.126131, Val Loss: 0.125038  
	Train = MSE:0.125438 , RMSE:0.354173 , MAE:0.262648 , MAPD:1.409170, R_squared:0.997829  
	Validation = MSE:0.121622 , RMSE:0.348743 , MAE:0.256923 , MAPD:1.456488, R_squared:0.997812

2024-03-21 06:33:06,137 Epoch 211/300, Train Loss: 0.123419, Val Loss: 0.124447  
	Train = MSE:0.124552 , RMSE:0.352919 , MAE:0.262568 , MAPD:1.408438, R_squared:0.997844  
	Validation = MSE:0.121139 , RMSE:0.348050 , MAE:0.255841 , MAPD:1.449084, R_squared:0.997820

2024-03-21 06:33:08,472 Epoch 212/300, Train Loss: 0.123186, Val Loss: 0.124942  
	Train = MSE:0.124118 , RMSE:0.352304 , MAE:0.261708 , MAPD:1.406245, R_squared:0.997851  
	Validation = MSE:0.121628 , RMSE:0.348753 , MAE:0.255306 , MAPD:1.443222, R_squared:0.997811

2024-03-21 06:33:09,255 Epoch 213/300, Train Loss: 0.125420, Val Loss: 0.127402  
	Train = MSE:0.124641 , RMSE:0.353045 , MAE:0.261916 , MAPD:1.407178, R_squared:0.997842  
	Validation = MSE:0.124410 , RMSE:0.352718 , MAE:0.257176 , MAPD:1.446224, R_squared:0.997761

2024-03-21 06:33:09,984 Epoch 214/300, Train Loss: 0.122855, Val Loss: 0.123255  
	Train = MSE:0.123144 , RMSE:0.350919 , MAE:0.260312 , MAPD:1.396338, R_squared:0.997868  
	Validation = MSE:0.119823 , RMSE:0.346155 , MAE:0.253238 , MAPD:1.433431, R_squared:0.997844

2024-03-21 06:33:10,703 Epoch 215/300, Train Loss: 0.120802, Val Loss: 0.122320  
	Train = MSE:0.121264 , RMSE:0.348230 , MAE:0.258854 , MAPD:1.390485, R_squared:0.997901  
	Validation = MSE:0.118880 , RMSE:0.344790 , MAE:0.252319 , MAPD:1.430170, R_squared:0.997861

2024-03-21 06:33:11,412 Epoch 216/300, Train Loss: 0.121240, Val Loss: 0.124268  
	Train = MSE:0.120284 , RMSE:0.346820 , MAE:0.257393 , MAPD:1.383771, R_squared:0.997918  
	Validation = MSE:0.121028 , RMSE:0.347891 , MAE:0.253161 , MAPD:1.428545, R_squared:0.997822

2024-03-21 06:33:12,322 Epoch 217/300, Train Loss: 0.120335, Val Loss: 0.122352  
	Train = MSE:0.119803 , RMSE:0.346126 , MAE:0.256377 , MAPD:1.377120, R_squared:0.997926  
	Validation = MSE:0.119044 , RMSE:0.345027 , MAE:0.251210 , MAPD:1.421009, R_squared:0.997858

2024-03-21 06:33:13,239 Epoch 218/300, Train Loss: 0.120105, Val Loss: 0.121254  
	Train = MSE:0.119138 , RMSE:0.345164 , MAE:0.255978 , MAPD:1.377483, R_squared:0.997938  
	Validation = MSE:0.117763 , RMSE:0.343167 , MAE:0.249906 , MAPD:1.415925, R_squared:0.997881

2024-03-21 06:33:13,960 Epoch 219/300, Train Loss: 0.116887, Val Loss: 0.121464  
	Train = MSE:0.118531 , RMSE:0.344284 , MAE:0.254843 , MAPD:1.370584, R_squared:0.997948  
	Validation = MSE:0.118067 , RMSE:0.343609 , MAE:0.249599 , MAPD:1.412537, R_squared:0.997875

2024-03-21 06:33:14,697 Epoch 220/300, Train Loss: 0.117674, Val Loss: 0.121292  
	Train = MSE:0.117883 , RMSE:0.343340 , MAE:0.254138 , MAPD:1.366757, R_squared:0.997959  
	Validation = MSE:0.117925 , RMSE:0.343402 , MAE:0.249189 , MAPD:1.409829, R_squared:0.997878

2024-03-21 06:33:15,648 Epoch 221/300, Train Loss: 0.116658, Val Loss: 0.120900  
	Train = MSE:0.117572 , RMSE:0.342888 , MAE:0.253714 , MAPD:1.368743, R_squared:0.997965  
	Validation = MSE:0.117430 , RMSE:0.342681 , MAE:0.248324 , MAPD:1.404623, R_squared:0.997887

2024-03-21 06:33:18,647 Epoch 222/300, Train Loss: 0.120005, Val Loss: 0.124204  
	Train = MSE:0.116915 , RMSE:0.341929 , MAE:0.252999 , MAPD:1.359697, R_squared:0.997976  
	Validation = MSE:0.121018 , RMSE:0.347876 , MAE:0.251471 , MAPD:1.413732, R_squared:0.997822

2024-03-21 06:33:19,663 Epoch 223/300, Train Loss: 0.118702, Val Loss: 0.127622  
	Train = MSE:0.118567 , RMSE:0.344335 , MAE:0.255410 , MAPD:1.377365, R_squared:0.997948  
	Validation = MSE:0.124387 , RMSE:0.352686 , MAE:0.255794 , MAPD:1.441118, R_squared:0.997762

2024-03-21 06:33:20,678 Epoch 224/300, Train Loss: 0.115929, Val Loss: 0.120243  
	Train = MSE:0.116480 , RMSE:0.341292 , MAE:0.252674 , MAPD:1.361398, R_squared:0.997984  
	Validation = MSE:0.116874 , RMSE:0.341869 , MAE:0.246835 , MAPD:1.395577, R_squared:0.997897

2024-03-21 06:33:21,763 Epoch 225/300, Train Loss: 0.115712, Val Loss: 0.117885  
	Train = MSE:0.114456 , RMSE:0.338313 , MAE:0.249649 , MAPD:1.344013, R_squared:0.998019  
	Validation = MSE:0.114334 , RMSE:0.338133 , MAE:0.244774 , MAPD:1.387814, R_squared:0.997943

2024-03-21 06:33:23,295 Epoch 226/300, Train Loss: 0.113770, Val Loss: 0.118465  
	Train = MSE:0.113773 , RMSE:0.337303 , MAE:0.249175 , MAPD:1.341472, R_squared:0.998031  
	Validation = MSE:0.114979 , RMSE:0.339085 , MAE:0.245097 , MAPD:1.387895, R_squared:0.997931

2024-03-21 06:33:24,855 Epoch 227/300, Train Loss: 0.114163, Val Loss: 0.117256  
	Train = MSE:0.113334 , RMSE:0.336651 , MAE:0.248316 , MAPD:1.339051, R_squared:0.998038  
	Validation = MSE:0.113676 , RMSE:0.337158 , MAE:0.243493 , MAPD:1.380461, R_squared:0.997955

2024-03-21 06:33:26,252 Epoch 228/300, Train Loss: 0.112525, Val Loss: 0.125509  
	Train = MSE:0.113129 , RMSE:0.336347 , MAE:0.248058 , MAPD:1.334927, R_squared:0.998042  
	Validation = MSE:0.122409 , RMSE:0.349870 , MAE:0.252580 , MAPD:1.416313, R_squared:0.997797

2024-03-21 06:33:27,508 Epoch 229/300, Train Loss: 0.113862, Val Loss: 0.124502  
	Train = MSE:0.113512 , RMSE:0.336915 , MAE:0.249744 , MAPD:1.350437, R_squared:0.998035  
	Validation = MSE:0.121257 , RMSE:0.348220 , MAE:0.251018 , MAPD:1.417083, R_squared:0.997818

2024-03-21 06:33:28,318 Epoch 230/300, Train Loss: 0.112257, Val Loss: 0.116859  
	Train = MSE:0.112404 , RMSE:0.335267 , MAE:0.247124 , MAPD:1.330704, R_squared:0.998054  
	Validation = MSE:0.113377 , RMSE:0.336715 , MAE:0.242451 , MAPD:1.373723, R_squared:0.997960

2024-03-21 06:33:29,093 Epoch 231/300, Train Loss: 0.110631, Val Loss: 0.118977  
	Train = MSE:0.111180 , RMSE:0.333437 , MAE:0.245575 , MAPD:1.323900, R_squared:0.998075  
	Validation = MSE:0.115578 , RMSE:0.339967 , MAE:0.244247 , MAPD:1.378511, R_squared:0.997920

2024-03-21 06:33:31,242 Epoch 232/300, Train Loss: 0.110632, Val Loss: 0.119217  
	Train = MSE:0.111383 , RMSE:0.333740 , MAE:0.246565 , MAPD:1.332232, R_squared:0.998072  
	Validation = MSE:0.115895 , RMSE:0.340433 , MAE:0.244070 , MAPD:1.378497, R_squared:0.997915

2024-03-21 06:33:32,519 Epoch 233/300, Train Loss: 0.109927, Val Loss: 0.113968  
	Train = MSE:0.110421 , RMSE:0.332296 , MAE:0.244129 , MAPD:1.316282, R_squared:0.998089  
	Validation = MSE:0.110294 , RMSE:0.332105 , MAE:0.239566 , MAPD:1.362735, R_squared:0.998015

2024-03-21 06:33:33,540 Epoch 234/300, Train Loss: 0.109016, Val Loss: 0.125333  
	Train = MSE:0.109528 , RMSE:0.330949 , MAE:0.243688 , MAPD:1.315253, R_squared:0.998104  
	Validation = MSE:0.122207 , RMSE:0.349581 , MAE:0.251573 , MAPD:1.412838, R_squared:0.997801

2024-03-21 06:33:35,032 Epoch 235/300, Train Loss: 0.109747, Val Loss: 0.117610  
	Train = MSE:0.111187 , RMSE:0.333448 , MAE:0.246552 , MAPD:1.330713, R_squared:0.998075  
	Validation = MSE:0.114272 , RMSE:0.338041 , MAE:0.241664 , MAPD:1.364864, R_squared:0.997944

2024-03-21 06:33:36,126 Epoch 236/300, Train Loss: 0.107346, Val Loss: 0.113812  
	Train = MSE:0.108187 , RMSE:0.328918 , MAE:0.241067 , MAPD:1.298159, R_squared:0.998127  
	Validation = MSE:0.110191 , RMSE:0.331951 , MAE:0.238721 , MAPD:1.354734, R_squared:0.998017

2024-03-21 06:33:37,171 Epoch 237/300, Train Loss: 0.106929, Val Loss: 0.119155  
	Train = MSE:0.107443 , RMSE:0.327785 , MAE:0.240940 , MAPD:1.301084, R_squared:0.998140  
	Validation = MSE:0.115839 , RMSE:0.340352 , MAE:0.243155 , MAPD:1.372365, R_squared:0.997916

2024-03-21 06:33:38,344 Epoch 238/300, Train Loss: 0.107659, Val Loss: 0.115421  
	Train = MSE:0.108285 , RMSE:0.329067 , MAE:0.241817 , MAPD:1.305360, R_squared:0.998126  
	Validation = MSE:0.112003 , RMSE:0.334669 , MAE:0.238601 , MAPD:1.347916, R_squared:0.997985

2024-03-21 06:33:39,612 Epoch 239/300, Train Loss: 0.105458, Val Loss: 0.112161  
	Train = MSE:0.107016 , RMSE:0.327133 , MAE:0.240037 , MAPD:1.294302, R_squared:0.998148  
	Validation = MSE:0.108651 , RMSE:0.329622 , MAE:0.236461 , MAPD:1.342278, R_squared:0.998045

2024-03-21 06:33:40,489 Epoch 240/300, Train Loss: 0.105747, Val Loss: 0.110902  
	Train = MSE:0.106165 , RMSE:0.325830 , MAE:0.238906 , MAPD:1.288237, R_squared:0.998162  
	Validation = MSE:0.107184 , RMSE:0.327390 , MAE:0.237229 , MAPD:1.355763, R_squared:0.998071

2024-03-21 06:33:41,404 Epoch 241/300, Train Loss: 0.105768, Val Loss: 0.110422  
	Train = MSE:0.105484 , RMSE:0.324783 , MAE:0.237531 , MAPD:1.282487, R_squared:0.998174  
	Validation = MSE:0.106748 , RMSE:0.326724 , MAE:0.235437 , MAPD:1.341453, R_squared:0.998079

2024-03-21 06:33:43,604 Epoch 242/300, Train Loss: 0.105493, Val Loss: 0.110885  
	Train = MSE:0.105313 , RMSE:0.324519 , MAE:0.237885 , MAPD:1.286050, R_squared:0.998177  
	Validation = MSE:0.107334 , RMSE:0.327619 , MAE:0.235162 , MAPD:1.333822, R_squared:0.998069

2024-03-21 06:33:44,527 Epoch 243/300, Train Loss: 0.104223, Val Loss: 0.110251  
	Train = MSE:0.104700 , RMSE:0.323573 , MAE:0.237923 , MAPD:1.287389, R_squared:0.998188  
	Validation = MSE:0.106734 , RMSE:0.326702 , MAE:0.233643 , MAPD:1.326525, R_squared:0.998079

2024-03-21 06:33:45,470 Epoch 244/300, Train Loss: 0.104257, Val Loss: 0.108917  
	Train = MSE:0.104462 , RMSE:0.323206 , MAE:0.236543 , MAPD:1.276184, R_squared:0.998192  
	Validation = MSE:0.105179 , RMSE:0.324312 , MAE:0.234398 , MAPD:1.337849, R_squared:0.998107

2024-03-21 06:33:46,383 Epoch 245/300, Train Loss: 0.104839, Val Loss: 0.108914  
	Train = MSE:0.103699 , RMSE:0.322023 , MAE:0.235690 , MAPD:1.272286, R_squared:0.998205  
	Validation = MSE:0.105224 , RMSE:0.324382 , MAE:0.234273 , MAPD:1.337763, R_squared:0.998107

2024-03-21 06:33:47,317 Epoch 246/300, Train Loss: 0.104659, Val Loss: 0.108842  
	Train = MSE:0.103022 , RMSE:0.320971 , MAE:0.235345 , MAPD:1.272293, R_squared:0.998217  
	Validation = MSE:0.105215 , RMSE:0.324369 , MAE:0.231922 , MAPD:1.317782, R_squared:0.998107

2024-03-21 06:33:48,386 Epoch 247/300, Train Loss: 0.102903, Val Loss: 0.108849  
	Train = MSE:0.102904 , RMSE:0.320786 , MAE:0.234350 , MAPD:1.266143, R_squared:0.998219  
	Validation = MSE:0.105311 , RMSE:0.324517 , MAE:0.231894 , MAPD:1.317001, R_squared:0.998105

2024-03-21 06:33:49,310 Epoch 248/300, Train Loss: 0.103733, Val Loss: 0.107201  
	Train = MSE:0.101966 , RMSE:0.319322 , MAE:0.233566 , MAPD:1.261367, R_squared:0.998235  
	Validation = MSE:0.103419 , RMSE:0.321588 , MAE:0.232572 , MAPD:1.325247, R_squared:0.998139

2024-03-21 06:33:50,503 Epoch 249/300, Train Loss: 0.102755, Val Loss: 0.107106  
	Train = MSE:0.101932 , RMSE:0.319268 , MAE:0.233875 , MAPD:1.264600, R_squared:0.998236  
	Validation = MSE:0.103382 , RMSE:0.321530 , MAE:0.231463 , MAPD:1.322177, R_squared:0.998140

2024-03-21 06:33:51,846 Epoch 250/300, Train Loss: 0.104243, Val Loss: 0.107926  
	Train = MSE:0.103027 , RMSE:0.320978 , MAE:0.234654 , MAPD:1.269836, R_squared:0.998217  
	Validation = MSE:0.104360 , RMSE:0.323048 , MAE:0.229687 , MAPD:1.304007, R_squared:0.998122

2024-03-21 06:33:52,770 Epoch 251/300, Train Loss: 0.101501, Val Loss: 0.107827  
	Train = MSE:0.100524 , RMSE:0.317055 , MAE:0.232310 , MAPD:1.255826, R_squared:0.998260  
	Validation = MSE:0.104329 , RMSE:0.323000 , MAE:0.229448 , MAPD:1.301048, R_squared:0.998123

2024-03-21 06:33:54,994 Epoch 252/300, Train Loss: 0.098738, Val Loss: 0.107025  
	Train = MSE:0.099998 , RMSE:0.316225 , MAE:0.231305 , MAPD:1.250646, R_squared:0.998269  
	Validation = MSE:0.103486 , RMSE:0.321693 , MAE:0.228757 , MAPD:1.298374, R_squared:0.998138

2024-03-21 06:33:55,896 Epoch 253/300, Train Loss: 0.101995, Val Loss: 0.108357  
	Train = MSE:0.101049 , RMSE:0.317882 , MAE:0.231104 , MAPD:1.251775, R_squared:0.998251  
	Validation = MSE:0.104911 , RMSE:0.323899 , MAE:0.229179 , MAPD:1.297424, R_squared:0.998112

2024-03-21 06:33:56,790 Epoch 254/300, Train Loss: 0.101929, Val Loss: 0.105119  
	Train = MSE:0.099553 , RMSE:0.315520 , MAE:0.230600 , MAPD:1.247456, R_squared:0.998277  
	Validation = MSE:0.101462 , RMSE:0.318532 , MAE:0.228382 , MAPD:1.299329, R_squared:0.998174

2024-03-21 06:33:57,854 Epoch 255/300, Train Loss: 0.099695, Val Loss: 0.105223  
	Train = MSE:0.099385 , RMSE:0.315254 , MAE:0.230909 , MAPD:1.248855, R_squared:0.998280  
	Validation = MSE:0.101694 , RMSE:0.318895 , MAE:0.227160 , MAPD:1.292706, R_squared:0.998170

2024-03-21 06:33:58,811 Epoch 256/300, Train Loss: 0.099229, Val Loss: 0.109151  
	Train = MSE:0.099605 , RMSE:0.315602 , MAE:0.229849 , MAPD:1.244004, R_squared:0.998276  
	Validation = MSE:0.105801 , RMSE:0.325271 , MAE:0.229479 , MAPD:1.295775, R_squared:0.998096

2024-03-21 06:33:59,743 Epoch 257/300, Train Loss: 0.100207, Val Loss: 0.105271  
	Train = MSE:0.099939 , RMSE:0.316131 , MAE:0.230541 , MAPD:1.244620, R_squared:0.998270  
	Validation = MSE:0.101382 , RMSE:0.318405 , MAE:0.231606 , MAPD:1.330512, R_squared:0.998176

2024-03-21 06:34:00,677 Epoch 258/300, Train Loss: 0.099427, Val Loss: 0.105749  
	Train = MSE:0.099637 , RMSE:0.315653 , MAE:0.230959 , MAPD:1.252370, R_squared:0.998275  
	Validation = MSE:0.102200 , RMSE:0.319687 , MAE:0.225634 , MAPD:1.278882, R_squared:0.998161

2024-03-21 06:34:01,589 Epoch 259/300, Train Loss: 0.096871, Val Loss: 0.107489  
	Train = MSE:0.097360 , RMSE:0.312026 , MAE:0.227438 , MAPD:1.231667, R_squared:0.998315  
	Validation = MSE:0.104185 , RMSE:0.322777 , MAE:0.227317 , MAPD:1.283833, R_squared:0.998125

2024-03-21 06:34:02,550 Epoch 260/300, Train Loss: 0.096826, Val Loss: 0.104065  
	Train = MSE:0.097179 , RMSE:0.311735 , MAE:0.226884 , MAPD:1.227379, R_squared:0.998318  
	Validation = MSE:0.100513 , RMSE:0.317038 , MAE:0.225535 , MAPD:1.280372, R_squared:0.998191

2024-03-21 06:34:03,783 Epoch 261/300, Train Loss: 0.095318, Val Loss: 0.101965  
	Train = MSE:0.095893 , RMSE:0.309665 , MAE:0.224975 , MAPD:1.219948, R_squared:0.998340  
	Validation = MSE:0.098122 , RMSE:0.313244 , MAE:0.224004 , MAPD:1.277689, R_squared:0.998234

2024-03-21 06:34:06,002 Epoch 262/300, Train Loss: 0.096311, Val Loss: 0.102659  
	Train = MSE:0.095587 , RMSE:0.309172 , MAE:0.224527 , MAPD:1.213881, R_squared:0.998345  
	Validation = MSE:0.098935 , RMSE:0.314539 , MAE:0.226481 , MAPD:1.297105, R_squared:0.998220

2024-03-21 06:34:06,965 Epoch 263/300, Train Loss: 0.096590, Val Loss: 0.101956  
	Train = MSE:0.097010 , RMSE:0.311465 , MAE:0.228241 , MAPD:1.239608, R_squared:0.998321  
	Validation = MSE:0.098338 , RMSE:0.313589 , MAE:0.222574 , MAPD:1.265608, R_squared:0.998230

2024-03-21 06:34:07,897 Epoch 264/300, Train Loss: 0.095404, Val Loss: 0.102138  
	Train = MSE:0.094717 , RMSE:0.307762 , MAE:0.222716 , MAPD:1.205481, R_squared:0.998360  
	Validation = MSE:0.098587 , RMSE:0.313986 , MAE:0.223404 , MAPD:1.270130, R_squared:0.998226

2024-03-21 06:34:09,049 Epoch 265/300, Train Loss: 0.092570, Val Loss: 0.101143  
	Train = MSE:0.094261 , RMSE:0.307020 , MAE:0.222733 , MAPD:1.206620, R_squared:0.998368  
	Validation = MSE:0.097500 , RMSE:0.312250 , MAE:0.222158 , MAPD:1.266544, R_squared:0.998246

2024-03-21 06:34:10,305 Epoch 266/300, Train Loss: 0.094514, Val Loss: 0.102710  
	Train = MSE:0.094144 , RMSE:0.306829 , MAE:0.222877 , MAPD:1.209292, R_squared:0.998370  
	Validation = MSE:0.099217 , RMSE:0.314987 , MAE:0.221671 , MAPD:1.256400, R_squared:0.998215

2024-03-21 06:34:11,221 Epoch 267/300, Train Loss: 0.093316, Val Loss: 0.100976  
	Train = MSE:0.093723 , RMSE:0.306142 , MAE:0.221999 , MAPD:1.201877, R_squared:0.998378  
	Validation = MSE:0.097397 , RMSE:0.312085 , MAE:0.222020 , MAPD:1.263339, R_squared:0.998247

2024-03-21 06:34:12,153 Epoch 268/300, Train Loss: 0.092808, Val Loss: 0.099624  
	Train = MSE:0.093505 , RMSE:0.305786 , MAE:0.222434 , MAPD:1.206231, R_squared:0.998381  
	Validation = MSE:0.095842 , RMSE:0.309583 , MAE:0.220517 , MAPD:1.256883, R_squared:0.998275

2024-03-21 06:34:13,084 Epoch 269/300, Train Loss: 0.094613, Val Loss: 0.100236  
	Train = MSE:0.093581 , RMSE:0.305910 , MAE:0.221612 , MAPD:1.201992, R_squared:0.998380  
	Validation = MSE:0.096641 , RMSE:0.310871 , MAE:0.219827 , MAPD:1.250702, R_squared:0.998261

2024-03-21 06:34:13,991 Epoch 270/300, Train Loss: 0.091575, Val Loss: 0.099416  
	Train = MSE:0.092254 , RMSE:0.303734 , MAE:0.219742 , MAPD:1.190470, R_squared:0.998403  
	Validation = MSE:0.095696 , RMSE:0.309348 , MAE:0.220306 , MAPD:1.258829, R_squared:0.998278

2024-03-21 06:34:15,121 Epoch 271/300, Train Loss: 0.092430, Val Loss: 0.100047  
	Train = MSE:0.092061 , RMSE:0.303416 , MAE:0.220132 , MAPD:1.195201, R_squared:0.998406  
	Validation = MSE:0.096447 , RMSE:0.310560 , MAE:0.218494 , MAPD:1.240218, R_squared:0.998265

2024-03-21 06:34:18,368 Epoch 272/300, Train Loss: 0.091841, Val Loss: 0.100439  
	Train = MSE:0.091908 , RMSE:0.303163 , MAE:0.219428 , MAPD:1.187690, R_squared:0.998409  
	Validation = MSE:0.096946 , RMSE:0.311361 , MAE:0.220275 , MAPD:1.250213, R_squared:0.998256

2024-03-21 06:34:19,295 Epoch 273/300, Train Loss: 0.092966, Val Loss: 0.103892  
	Train = MSE:0.092981 , RMSE:0.304927 , MAE:0.221894 , MAPD:1.203326, R_squared:0.998390  
	Validation = MSE:0.100421 , RMSE:0.316892 , MAE:0.221740 , MAPD:1.255409, R_squared:0.998193

2024-03-21 06:34:20,226 Epoch 274/300, Train Loss: 0.091353, Val Loss: 0.098712  
	Train = MSE:0.092011 , RMSE:0.303333 , MAE:0.220244 , MAPD:1.193215, R_squared:0.998407  
	Validation = MSE:0.095013 , RMSE:0.308242 , MAE:0.219262 , MAPD:1.250673, R_squared:0.998290

2024-03-21 06:34:21,169 Epoch 275/300, Train Loss: 0.091043, Val Loss: 0.097736  
	Train = MSE:0.090719 , RMSE:0.301195 , MAE:0.218466 , MAPD:1.187470, R_squared:0.998430  
	Validation = MSE:0.094074 , RMSE:0.306714 , MAE:0.216879 , MAPD:1.234459, R_squared:0.998307

2024-03-21 06:34:22,099 Epoch 276/300, Train Loss: 0.090322, Val Loss: 0.098273  
	Train = MSE:0.090241 , RMSE:0.300402 , MAE:0.217823 , MAPD:1.181501, R_squared:0.998438  
	Validation = MSE:0.094691 , RMSE:0.307719 , MAE:0.216801 , MAPD:1.229750, R_squared:0.998296

2024-03-21 06:34:23,008 Epoch 277/300, Train Loss: 0.089399, Val Loss: 0.098515  
	Train = MSE:0.089470 , RMSE:0.299116 , MAE:0.215898 , MAPD:1.170817, R_squared:0.998451  
	Validation = MSE:0.094885 , RMSE:0.308034 , MAE:0.216021 , MAPD:1.224063, R_squared:0.998293

2024-03-21 06:34:23,955 Epoch 278/300, Train Loss: 0.091354, Val Loss: 0.097646  
	Train = MSE:0.089640 , RMSE:0.299399 , MAE:0.216018 , MAPD:1.171571, R_squared:0.998448  
	Validation = MSE:0.093981 , RMSE:0.306564 , MAE:0.215578 , MAPD:1.224171, R_squared:0.998309

2024-03-21 06:34:24,857 Epoch 279/300, Train Loss: 0.089020, Val Loss: 0.099058  
	Train = MSE:0.089655 , RMSE:0.299425 , MAE:0.216277 , MAPD:1.171042, R_squared:0.998448  
	Validation = MSE:0.095484 , RMSE:0.309005 , MAE:0.216836 , MAPD:1.224943, R_squared:0.998282

2024-03-21 06:34:25,828 Epoch 280/300, Train Loss: 0.087541, Val Loss: 0.097617  
	Train = MSE:0.088808 , RMSE:0.298006 , MAE:0.215097 , MAPD:1.165860, R_squared:0.998463  
	Validation = MSE:0.094054 , RMSE:0.306683 , MAE:0.214627 , MAPD:1.215772, R_squared:0.998308

2024-03-21 06:34:26,746 Epoch 281/300, Train Loss: 0.087373, Val Loss: 0.096165  
	Train = MSE:0.088023 , RMSE:0.296686 , MAE:0.214050 , MAPD:1.162654, R_squared:0.998476  
	Validation = MSE:0.092491 , RMSE:0.304123 , MAE:0.213573 , MAPD:1.214500, R_squared:0.998336

2024-03-21 06:34:29,095 Epoch 282/300, Train Loss: 0.088214, Val Loss: 0.095434  
	Train = MSE:0.088213 , RMSE:0.297006 , MAE:0.213600 , MAPD:1.158469, R_squared:0.998473  
	Validation = MSE:0.091717 , RMSE:0.302848 , MAE:0.214208 , MAPD:1.218107, R_squared:0.998350

2024-03-21 06:34:30,328 Epoch 283/300, Train Loss: 0.089968, Val Loss: 0.095252  
	Train = MSE:0.089138 , RMSE:0.298560 , MAE:0.217982 , MAPD:1.183847, R_squared:0.998457  
	Validation = MSE:0.091568 , RMSE:0.302602 , MAE:0.213833 , MAPD:1.216395, R_squared:0.998352

2024-03-21 06:34:31,360 Epoch 284/300, Train Loss: 0.087958, Val Loss: 0.095895  
	Train = MSE:0.087448 , RMSE:0.295717 , MAE:0.212591 , MAPD:1.153536, R_squared:0.998486  
	Validation = MSE:0.092259 , RMSE:0.303742 , MAE:0.213134 , MAPD:1.206798, R_squared:0.998340

2024-03-21 06:34:32,433 Epoch 285/300, Train Loss: 0.087770, Val Loss: 0.095383  
	Train = MSE:0.087737 , RMSE:0.296205 , MAE:0.214806 , MAPD:1.168638, R_squared:0.998481  
	Validation = MSE:0.091449 , RMSE:0.302405 , MAE:0.217077 , MAPD:1.236052, R_squared:0.998354

2024-03-21 06:34:33,744 Epoch 286/300, Train Loss: 0.088252, Val Loss: 0.097851  
	Train = MSE:0.088936 , RMSE:0.298222 , MAE:0.216041 , MAPD:1.174226, R_squared:0.998460  
	Validation = MSE:0.094397 , RMSE:0.307242 , MAE:0.215863 , MAPD:1.214154, R_squared:0.998301

2024-03-21 06:34:34,719 Epoch 287/300, Train Loss: 0.085675, Val Loss: 0.094920  
	Train = MSE:0.086199 , RMSE:0.293596 , MAE:0.211783 , MAPD:1.147328, R_squared:0.998508  
	Validation = MSE:0.091343 , RMSE:0.302231 , MAE:0.211419 , MAPD:1.198519, R_squared:0.998356

2024-03-21 06:34:35,626 Epoch 288/300, Train Loss: 0.086051, Val Loss: 0.093774  
	Train = MSE:0.086181 , RMSE:0.293565 , MAE:0.211556 , MAPD:1.148371, R_squared:0.998508  
	Validation = MSE:0.090111 , RMSE:0.300185 , MAE:0.211621 , MAPD:1.204576, R_squared:0.998379

2024-03-21 06:34:36,542 Epoch 289/300, Train Loss: 0.085134, Val Loss: 0.095494  
	Train = MSE:0.085589 , RMSE:0.292556 , MAE:0.210938 , MAPD:1.146226, R_squared:0.998518  
	Validation = MSE:0.091858 , RMSE:0.303081 , MAE:0.210851 , MAPD:1.192340, R_squared:0.998347

2024-03-21 06:34:37,454 Epoch 290/300, Train Loss: 0.086298, Val Loss: 0.095988  
	Train = MSE:0.085718 , RMSE:0.292776 , MAE:0.210792 , MAPD:1.142480, R_squared:0.998516  
	Validation = MSE:0.092192 , RMSE:0.303632 , MAE:0.220126 , MAPD:1.270198, R_squared:0.998341

2024-03-21 06:34:38,364 Epoch 291/300, Train Loss: 0.088067, Val Loss: 0.093769  
	Train = MSE:0.086844 , RMSE:0.294694 , MAE:0.215128 , MAPD:1.173047, R_squared:0.998497  
	Validation = MSE:0.090146 , RMSE:0.300243 , MAE:0.209686 , MAPD:1.187435, R_squared:0.998378

2024-03-21 06:34:40,571 Epoch 292/300, Train Loss: 0.083136, Val Loss: 0.094045  
	Train = MSE:0.084357 , RMSE:0.290443 , MAE:0.208701 , MAPD:1.132617, R_squared:0.998540  
	Validation = MSE:0.090505 , RMSE:0.300840 , MAE:0.210641 , MAPD:1.191323, R_squared:0.998371

2024-03-21 06:34:41,497 Epoch 293/300, Train Loss: 0.085403, Val Loss: 0.092346  
	Train = MSE:0.084282 , RMSE:0.290314 , MAE:0.208485 , MAPD:1.132385, R_squared:0.998541  
	Validation = MSE:0.088750 , RMSE:0.297909 , MAE:0.209650 , MAPD:1.192438, R_squared:0.998403

2024-03-21 06:34:42,458 Epoch 294/300, Train Loss: 0.084066, Val Loss: 0.093433  
	Train = MSE:0.083794 , RMSE:0.289472 , MAE:0.208015 , MAPD:1.132748, R_squared:0.998550  
	Validation = MSE:0.089824 , RMSE:0.299707 , MAE:0.208726 , MAPD:1.180458, R_squared:0.998384

2024-03-21 06:34:43,715 Epoch 295/300, Train Loss: 0.083735, Val Loss: 0.093853  
	Train = MSE:0.084295 , RMSE:0.290336 , MAE:0.207814 , MAPD:1.127856, R_squared:0.998541  
	Validation = MSE:0.090170 , RMSE:0.300283 , MAE:0.215871 , MAPD:1.240970, R_squared:0.998377

2024-03-21 06:34:44,705 Epoch 296/300, Train Loss: 0.085228, Val Loss: 0.092411  
	Train = MSE:0.084249 , RMSE:0.290256 , MAE:0.210441 , MAPD:1.145116, R_squared:0.998542  
	Validation = MSE:0.088881 , RMSE:0.298128 , MAE:0.208382 , MAPD:1.180035, R_squared:0.998401

2024-03-21 06:34:45,626 Epoch 297/300, Train Loss: 0.084135, Val Loss: 0.090790  
	Train = MSE:0.084506 , RMSE:0.290699 , MAE:0.208956 , MAPD:1.132991, R_squared:0.998537  
	Validation = MSE:0.087032 , RMSE:0.295012 , MAE:0.208577 , MAPD:1.190763, R_squared:0.998434

2024-03-21 06:34:46,890 Epoch 298/300, Train Loss: 0.083435, Val Loss: 0.090861  
	Train = MSE:0.082945 , RMSE:0.288002 , MAE:0.207095 , MAPD:1.127030, R_squared:0.998564  
	Validation = MSE:0.087235 , RMSE:0.295355 , MAE:0.207501 , MAPD:1.177600, R_squared:0.998430

2024-03-21 06:34:47,816 Epoch 299/300, Train Loss: 0.081602, Val Loss: 0.090710  
	Train = MSE:0.082027 , RMSE:0.286403 , MAE:0.205510 , MAPD:1.117720, R_squared:0.998580  
	Validation = MSE:0.087132 , RMSE:0.295182 , MAE:0.207178 , MAPD:1.175917, R_squared:0.998432

2024-03-21 06:34:48,754 Epoch 300/300, Train Loss: 0.081680, Val Loss: 0.090942  
	Train = MSE:0.082124 , RMSE:0.286573 , MAE:0.205256 , MAPD:1.116255, R_squared:0.998578  
	Validation = MSE:0.087348 , RMSE:0.295548 , MAE:0.206515 , MAPD:1.170500, R_squared:0.998428

2024-03-21 06:34:48,758 Time for training the model: 301.948000
2024-03-21 06:34:49,971 MSE for train: 0.081502
2024-03-21 06:34:49,971 RMSE for train: 0.285485
2024-03-21 06:34:49,971 MAE for train: 0.203637
2024-03-21 06:34:49,972 MAPD for train: 1.106826
2024-03-21 06:34:49,972 R^2 Score for train: 0.998589
2024-03-21 06:34:49,975 Inference time for train dataset: 0.345998

2024-03-21 06:34:50,044 MSE for val: 0.087348
2024-03-21 06:34:50,044 RMSE for val: 0.295548
2024-03-21 06:34:50,044 MAE for val: 0.206515
2024-03-21 06:34:50,044 MAPD for val: 1.170500
2024-03-21 06:34:50,044 R^2 Score for val: 0.998428
2024-03-21 06:34:50,054 Inference time for val dataset: 0.069000

2024-03-21 06:34:50,121 MSE for test: 0.093793
2024-03-21 06:34:50,121 RMSE for test: 0.306257
2024-03-21 06:34:50,121 MAE for test: 0.207897
2024-03-21 06:34:50,121 MAPD for test: 1.092271
2024-03-21 06:34:50,121 R^2 Score for test: 0.998452
2024-03-21 06:34:50,125 Inference time for test dataset: 0.067000

2024-03-21 06:34:51,909 Train label average: , [20.62097221]
2024-03-21 06:34:51,910 Test label average: , [21.41736175]
2024-03-21 06:34:51,910 validation label average: , [20.14607025]
2024-03-21 06:34:51,910 predicted (on validation dataset) values average: , 21.3854296875
