2024-03-21 05:23:03,224 train batches in dataset: 13
2024-03-21 05:23:03,225 val batches in dataset: 2
2024-03-21 05:23:03,225 test batches in dataset: 2
2024-03-21 05:23:03,235 Trainable parameter: net_core.0.weight - size: torch.Size([256, 35])
2024-03-21 05:23:03,239 Trainable parameter: net_core.0.bias - size: torch.Size([256])
2024-03-21 05:23:03,243 Trainable parameter: net_core.1.weight - size: torch.Size([128, 256])
2024-03-21 05:23:03,248 Trainable parameter: net_core.1.bias - size: torch.Size([128])
2024-03-21 05:23:03,253 Trainable parameter: net_core.2.weight - size: torch.Size([64, 128])
2024-03-21 05:23:03,256 Trainable parameter: net_core.2.bias - size: torch.Size([64])
2024-03-21 05:23:03,260 Trainable parameter: net_core.3.weight - size: torch.Size([16, 64])
2024-03-21 05:23:03,261 Trainable parameter: net_core.3.bias - size: torch.Size([16])
2024-03-21 05:23:03,261 Trainable parameter: net_core.4.weight - size: torch.Size([1, 16])
2024-03-21 05:23:03,261 Trainable parameter: net_core.4.bias - size: torch.Size([1])
2024-03-21 05:23:03,262 Number of trainable parameters: 51425
2024-03-21 05:23:03,262 Number of non-trainable parameters: 0
2024-03-21 05:23:05,131 Epoch 1/300, Train Loss: 395.575590, Val Loss: 294.048859  
	Train = MSE:398.381378 , RMSE:19.959494 , MAE:18.422129 , MAPD:88.026028, R_squared:-5.896049  
	Validation = MSE:291.226746 , RMSE:17.065367 , MAE:15.379220 , MAPD:73.265578, R_squared:-4.240346

2024-03-21 05:23:07,243 Epoch 2/300, Train Loss: 226.730513, Val Loss: 115.406879  
	Train = MSE:229.324646 , RMSE:15.143469 , MAE:13.054345 , MAPD:58.540872, R_squared:-2.969649  
	Validation = MSE:113.859825 , RMSE:10.670512 , MAE:8.164769 , MAPD:34.167199, R_squared:-1.048799

2024-03-21 05:23:08,004 Epoch 3/300, Train Loss: 68.061741, Val Loss: 57.927660  
	Train = MSE:68.419914 , RMSE:8.271633 , MAE:6.376918 , MAPD:30.312309, R_squared:-0.184360  
	Validation = MSE:58.213047 , RMSE:7.629747 , MAE:6.861106 , MAPD:43.070932, R_squared:-0.047488

2024-03-21 05:23:08,753 Epoch 4/300, Train Loss: 51.663262, Val Loss: 38.676294  
	Train = MSE:52.129604 , RMSE:7.220083 , MAE:6.385766 , MAPD:38.922145, R_squared:0.097628  
	Validation = MSE:38.578720 , RMSE:6.211177 , MAE:5.245739 , MAPD:29.740962, R_squared:0.305813

2024-03-21 05:23:09,492 Epoch 5/300, Train Loss: 37.781107, Val Loss: 32.799398  
	Train = MSE:38.061901 , RMSE:6.169433 , MAE:4.918674 , MAPD:25.682890, R_squared:0.341142  
	Validation = MSE:32.675049 , RMSE:5.716209 , MAE:4.669041 , MAPD:25.539690, R_squared:0.412044

2024-03-21 05:23:10,272 Epoch 6/300, Train Loss: 30.427882, Val Loss: 27.323557  
	Train = MSE:30.596403 , RMSE:5.531402 , MAE:4.671945 , MAPD:26.365884, R_squared:0.470371  
	Validation = MSE:27.425869 , RMSE:5.236971 , MAE:4.579076 , MAPD:27.516229, R_squared:0.506498

2024-03-21 05:23:11,023 Epoch 7/300, Train Loss: 24.102756, Val Loss: 20.321556  
	Train = MSE:24.247726 , RMSE:4.924198 , MAE:4.202690 , MAPD:24.213805, R_squared:0.580268  
	Validation = MSE:20.373829 , RMSE:4.513738 , MAE:3.819227 , MAPD:22.123231, R_squared:0.633392

2024-03-21 05:23:11,800 Epoch 8/300, Train Loss: 17.988891, Val Loss: 14.920835  
	Train = MSE:18.192430 , RMSE:4.265258 , MAE:3.577426 , MAPD:20.480825, R_squared:0.685086  
	Validation = MSE:15.032803 , RMSE:3.877216 , MAE:3.330266 , MAPD:20.291527, R_squared:0.729499

2024-03-21 05:23:12,794 Epoch 9/300, Train Loss: 12.769944, Val Loss: 10.061863  
	Train = MSE:12.832046 , RMSE:3.582185 , MAE:3.015682 , MAPD:18.104544, R_squared:0.777875  
	Validation = MSE:10.161656 , RMSE:3.187735 , MAE:2.668430 , MAPD:16.272080, R_squared:0.817151

2024-03-21 05:23:13,968 Epoch 10/300, Train Loss: 8.564936, Val Loss: 6.587545  
	Train = MSE:8.602199 , RMSE:2.932950 , MAE:2.394202 , MAPD:14.495485, R_squared:0.851094  
	Validation = MSE:6.677674 , RMSE:2.584120 , MAE:2.096938 , MAPD:13.279457, R_squared:0.879842

2024-03-21 05:23:14,973 Epoch 11/300, Train Loss: 5.567897, Val Loss: 4.399312  
	Train = MSE:5.629653 , RMSE:2.372689 , MAE:1.887368 , MAPD:11.686987, R_squared:0.902550  
	Validation = MSE:4.462818 , RMSE:2.112538 , MAE:1.675844 , MAPD:10.662713, R_squared:0.919696

2024-03-21 05:23:17,139 Epoch 12/300, Train Loss: 3.884728, Val Loss: 3.272455  
	Train = MSE:3.918542 , RMSE:1.979531 , MAE:1.559527 , MAPD:9.644156, R_squared:0.932169  
	Validation = MSE:3.305568 , RMSE:1.818122 , MAE:1.424935 , MAPD:8.941513, R_squared:0.940519

2024-03-21 05:23:17,933 Epoch 13/300, Train Loss: 3.060849, Val Loss: 2.714549  
	Train = MSE:3.048683 , RMSE:1.746048 , MAE:1.386103 , MAPD:8.396723, R_squared:0.947227  
	Validation = MSE:2.728391 , RMSE:1.651784 , MAE:1.306595 , MAPD:7.879178, R_squared:0.950905

2024-03-21 05:23:18,745 Epoch 14/300, Train Loss: 2.627481, Val Loss: 2.398875  
	Train = MSE:2.617302 , RMSE:1.617808 , MAE:1.292622 , MAPD:7.639998, R_squared:0.954694  
	Validation = MSE:2.402255 , RMSE:1.549921 , MAE:1.238471 , MAPD:7.275034, R_squared:0.956774

2024-03-21 05:23:19,541 Epoch 15/300, Train Loss: 2.328112, Val Loss: 2.174447  
	Train = MSE:2.336723 , RMSE:1.528634 , MAE:1.236112 , MAPD:7.131727, R_squared:0.959551  
	Validation = MSE:2.168827 , RMSE:1.472694 , MAE:1.174478 , MAPD:6.895557, R_squared:0.960974

2024-03-21 05:23:20,346 Epoch 16/300, Train Loss: 2.128673, Val Loss: 2.000054  
	Train = MSE:2.128165 , RMSE:1.458823 , MAE:1.175256 , MAPD:6.804550, R_squared:0.963161  
	Validation = MSE:1.998152 , RMSE:1.413560 , MAE:1.145266 , MAPD:6.614298, R_squared:0.964045

2024-03-21 05:23:21,147 Epoch 17/300, Train Loss: 1.972427, Val Loss: 1.864137  
	Train = MSE:1.958687 , RMSE:1.399531 , MAE:1.141232 , MAPD:6.523058, R_squared:0.966095  
	Validation = MSE:1.849723 , RMSE:1.360045 , MAE:1.082560 , MAPD:6.381099, R_squared:0.966716

2024-03-21 05:23:22,259 Epoch 18/300, Train Loss: 1.831491, Val Loss: 1.703390  
	Train = MSE:1.834377 , RMSE:1.354392 , MAE:1.101659 , MAPD:6.293162, R_squared:0.968247  
	Validation = MSE:1.694059 , RMSE:1.301560 , MAE:1.054179 , MAPD:6.103052, R_squared:0.969517

2024-03-21 05:23:23,496 Epoch 19/300, Train Loss: 1.698846, Val Loss: 1.597967  
	Train = MSE:1.707738 , RMSE:1.306804 , MAE:1.065451 , MAPD:6.086326, R_squared:0.970439  
	Validation = MSE:1.591974 , RMSE:1.261734 , MAE:1.032110 , MAPD:5.890396, R_squared:0.971354

2024-03-21 05:23:24,469 Epoch 20/300, Train Loss: 1.592166, Val Loss: 1.487724  
	Train = MSE:1.589458 , RMSE:1.260737 , MAE:1.030075 , MAPD:5.872957, R_squared:0.972486  
	Validation = MSE:1.478858 , RMSE:1.216083 , MAE:0.990884 , MAPD:5.701185, R_squared:0.973389

2024-03-21 05:23:25,304 Epoch 21/300, Train Loss: 1.489834, Val Loss: 1.393495  
	Train = MSE:1.490659 , RMSE:1.220926 , MAE:1.004193 , MAPD:5.686126, R_squared:0.974196  
	Validation = MSE:1.379644 , RMSE:1.174582 , MAE:0.951094 , MAPD:5.517405, R_squared:0.975175

2024-03-21 05:23:27,450 Epoch 22/300, Train Loss: 1.416142, Val Loss: 1.304858  
	Train = MSE:1.407351 , RMSE:1.186318 , MAE:0.974472 , MAPD:5.520937, R_squared:0.975639  
	Validation = MSE:1.293413 , RMSE:1.137283 , MAE:0.926816 , MAPD:5.321747, R_squared:0.976726

2024-03-21 05:23:28,471 Epoch 23/300, Train Loss: 1.334064, Val Loss: 1.230753  
	Train = MSE:1.327380 , RMSE:1.152120 , MAE:0.946007 , MAPD:5.346528, R_squared:0.977023  
	Validation = MSE:1.220843 , RMSE:1.104918 , MAE:0.902040 , MAPD:5.151339, R_squared:0.978032

2024-03-21 05:23:29,584 Epoch 24/300, Train Loss: 1.255703, Val Loss: 1.164301  
	Train = MSE:1.255662 , RMSE:1.120563 , MAE:0.923593 , MAPD:5.179427, R_squared:0.978264  
	Validation = MSE:1.148198 , RMSE:1.071540 , MAE:0.868013 , MAPD:5.027809, R_squared:0.979339

2024-03-21 05:23:30,884 Epoch 25/300, Train Loss: 1.193068, Val Loss: 1.092886  
	Train = MSE:1.194691 , RMSE:1.093019 , MAE:0.898937 , MAPD:5.055051, R_squared:0.979320  
	Validation = MSE:1.078291 , RMSE:1.038408 , MAE:0.844250 , MAPD:4.864394, R_squared:0.980597

2024-03-21 05:23:31,767 Epoch 26/300, Train Loss: 1.129365, Val Loss: 1.032991  
	Train = MSE:1.130540 , RMSE:1.063269 , MAE:0.875635 , MAPD:4.907522, R_squared:0.980430  
	Validation = MSE:1.019940 , RMSE:1.009921 , MAE:0.822443 , MAPD:4.709112, R_squared:0.981647

2024-03-21 05:23:32,505 Epoch 27/300, Train Loss: 1.077637, Val Loss: 0.993594  
	Train = MSE:1.078452 , RMSE:1.038486 , MAE:0.851719 , MAPD:4.771275, R_squared:0.981332  
	Validation = MSE:0.985901 , RMSE:0.992925 , MAE:0.812508 , MAPD:4.566051, R_squared:0.982260

2024-03-21 05:23:33,254 Epoch 28/300, Train Loss: 1.015407, Val Loss: 0.930764  
	Train = MSE:1.018967 , RMSE:1.009439 , MAE:0.827099 , MAPD:4.626587, R_squared:0.982362  
	Validation = MSE:0.919560 , RMSE:0.958937 , MAE:0.782974 , MAPD:4.441016, R_squared:0.983453

2024-03-21 05:23:34,108 Epoch 29/300, Train Loss: 0.962173, Val Loss: 0.883561  
	Train = MSE:0.970734 , RMSE:0.985258 , MAE:0.807318 , MAPD:4.502490, R_squared:0.983196  
	Validation = MSE:0.871566 , RMSE:0.933577 , MAE:0.762017 , MAPD:4.325034, R_squared:0.984317

2024-03-21 05:23:35,135 Epoch 30/300, Train Loss: 0.920902, Val Loss: 0.839065  
	Train = MSE:0.923014 , RMSE:0.960736 , MAE:0.785992 , MAPD:4.351277, R_squared:0.984022  
	Validation = MSE:0.826961 , RMSE:0.909374 , MAE:0.743224 , MAPD:4.173695, R_squared:0.985120

2024-03-21 05:23:36,169 Epoch 31/300, Train Loss: 0.881267, Val Loss: 0.801119  
	Train = MSE:0.879257 , RMSE:0.937687 , MAE:0.764944 , MAPD:4.225987, R_squared:0.984780  
	Validation = MSE:0.790137 , RMSE:0.888896 , MAE:0.726620 , MAPD:4.068864, R_squared:0.985782

2024-03-21 05:23:38,167 Epoch 32/300, Train Loss: 0.838566, Val Loss: 0.760074  
	Train = MSE:0.838383 , RMSE:0.915632 , MAE:0.745505 , MAPD:4.112668, R_squared:0.985487  
	Validation = MSE:0.747891 , RMSE:0.864807 , MAE:0.705902 , MAPD:3.973437, R_squared:0.986542

2024-03-21 05:23:38,910 Epoch 33/300, Train Loss: 0.799414, Val Loss: 0.722667  
	Train = MSE:0.803480 , RMSE:0.896371 , MAE:0.727678 , MAPD:4.009712, R_squared:0.986092  
	Validation = MSE:0.709915 , RMSE:0.842564 , MAE:0.687730 , MAPD:3.867420, R_squared:0.987226

2024-03-21 05:23:39,651 Epoch 34/300, Train Loss: 0.757495, Val Loss: 0.690044  
	Train = MSE:0.761198 , RMSE:0.872467 , MAE:0.705766 , MAPD:3.874209, R_squared:0.986824  
	Validation = MSE:0.678993 , RMSE:0.824011 , MAE:0.672789 , MAPD:3.749478, R_squared:0.987782

2024-03-21 05:23:40,393 Epoch 35/300, Train Loss: 0.727559, Val Loss: 0.654628  
	Train = MSE:0.724451 , RMSE:0.851147 , MAE:0.687904 , MAPD:3.758230, R_squared:0.987460  
	Validation = MSE:0.640903 , RMSE:0.800564 , MAE:0.652705 , MAPD:3.664950, R_squared:0.988468

2024-03-21 05:23:41,154 Epoch 36/300, Train Loss: 0.698336, Val Loss: 0.623473  
	Train = MSE:0.696149 , RMSE:0.834355 , MAE:0.669492 , MAPD:3.659484, R_squared:0.987950  
	Validation = MSE:0.610741 , RMSE:0.781499 , MAE:0.636950 , MAPD:3.565999, R_squared:0.989010

2024-03-21 05:23:41,901 Epoch 37/300, Train Loss: 0.672567, Val Loss: 0.593200  
	Train = MSE:0.662344 , RMSE:0.813845 , MAE:0.650800 , MAPD:3.529437, R_squared:0.988535  
	Validation = MSE:0.582008 , RMSE:0.762894 , MAE:0.620936 , MAPD:3.454985, R_squared:0.989527

2024-03-21 05:23:42,624 Epoch 38/300, Train Loss: 0.623631, Val Loss: 0.567024  
	Train = MSE:0.624066 , RMSE:0.789979 , MAE:0.630948 , MAPD:3.423174, R_squared:0.989197  
	Validation = MSE:0.557513 , RMSE:0.746668 , MAE:0.606402 , MAPD:3.348477, R_squared:0.989968

2024-03-21 05:23:43,349 Epoch 39/300, Train Loss: 0.592010, Val Loss: 0.539541  
	Train = MSE:0.592111 , RMSE:0.769488 , MAE:0.612606 , MAPD:3.312514, R_squared:0.989750  
	Validation = MSE:0.530211 , RMSE:0.728156 , MAE:0.590209 , MAPD:3.244568, R_squared:0.990459

2024-03-21 05:23:44,078 Epoch 40/300, Train Loss: 0.560621, Val Loss: 0.512980  
	Train = MSE:0.562990 , RMSE:0.750326 , MAE:0.595824 , MAPD:3.218799, R_squared:0.990255  
	Validation = MSE:0.501295 , RMSE:0.708022 , MAE:0.573098 , MAPD:3.188001, R_squared:0.990980

2024-03-21 05:23:44,799 Epoch 41/300, Train Loss: 0.533950, Val Loss: 0.493627  
	Train = MSE:0.534288 , RMSE:0.730950 , MAE:0.576866 , MAPD:3.108150, R_squared:0.990751  
	Validation = MSE:0.486127 , RMSE:0.697228 , MAE:0.561117 , MAPD:3.048724, R_squared:0.991253

2024-03-21 05:23:47,176 Epoch 42/300, Train Loss: 0.507210, Val Loss: 0.477946  
	Train = MSE:0.509054 , RMSE:0.713480 , MAE:0.561336 , MAPD:3.027061, R_squared:0.991188  
	Validation = MSE:0.472016 , RMSE:0.687034 , MAE:0.550797 , MAPD:2.972142, R_squared:0.991507

2024-03-21 05:23:47,919 Epoch 43/300, Train Loss: 0.483328, Val Loss: 0.444538  
	Train = MSE:0.482809 , RMSE:0.694844 , MAE:0.545317 , MAPD:2.929315, R_squared:0.991643  
	Validation = MSE:0.435896 , RMSE:0.660224 , MAE:0.529262 , MAPD:2.901583, R_squared:0.992156

2024-03-21 05:23:48,662 Epoch 44/300, Train Loss: 0.459569, Val Loss: 0.433100  
	Train = MSE:0.460379 , RMSE:0.678513 , MAE:0.528690 , MAPD:2.819066, R_squared:0.992031  
	Validation = MSE:0.427952 , RMSE:0.654181 , MAE:0.521390 , MAPD:2.806963, R_squared:0.992299

2024-03-21 05:23:49,426 Epoch 45/300, Train Loss: 0.440325, Val Loss: 0.411922  
	Train = MSE:0.437622 , RMSE:0.661530 , MAE:0.513185 , MAPD:2.731818, R_squared:0.992425  
	Validation = MSE:0.406447 , RMSE:0.637532 , MAE:0.506279 , MAPD:2.728183, R_squared:0.992686

2024-03-21 05:23:50,163 Epoch 46/300, Train Loss: 0.415474, Val Loss: 0.387755  
	Train = MSE:0.415982 , RMSE:0.644967 , MAE:0.500613 , MAPD:2.670412, R_squared:0.992799  
	Validation = MSE:0.381272 , RMSE:0.617472 , MAE:0.490535 , MAPD:2.680258, R_squared:0.993139

2024-03-21 05:23:50,921 Epoch 47/300, Train Loss: 0.396110, Val Loss: 0.374702  
	Train = MSE:0.395033 , RMSE:0.628516 , MAE:0.484817 , MAPD:2.583421, R_squared:0.993162  
	Validation = MSE:0.370025 , RMSE:0.608297 , MAE:0.479775 , MAPD:2.584089, R_squared:0.993342

2024-03-21 05:23:51,691 Epoch 48/300, Train Loss: 0.379651, Val Loss: 0.356525  
	Train = MSE:0.378220 , RMSE:0.614996 , MAE:0.472117 , MAPD:2.499878, R_squared:0.993453  
	Validation = MSE:0.352135 , RMSE:0.593410 , MAE:0.466965 , MAPD:2.523951, R_squared:0.993664

2024-03-21 05:23:52,708 Epoch 49/300, Train Loss: 0.358210, Val Loss: 0.349453  
	Train = MSE:0.361566 , RMSE:0.601303 , MAE:0.461642 , MAPD:2.457910, R_squared:0.993741  
	Validation = MSE:0.347095 , RMSE:0.589148 , MAE:0.461891 , MAPD:2.491583, R_squared:0.993754

2024-03-21 05:23:53,530 Epoch 50/300, Train Loss: 0.344609, Val Loss: 0.324406  
	Train = MSE:0.345452 , RMSE:0.587752 , MAE:0.448344 , MAPD:2.381135, R_squared:0.994020  
	Validation = MSE:0.319298 , RMSE:0.565064 , MAE:0.441938 , MAPD:2.415814, R_squared:0.994255

2024-03-21 05:23:54,246 Epoch 51/300, Train Loss: 0.332232, Val Loss: 0.316339  
	Train = MSE:0.331742 , RMSE:0.575970 , MAE:0.436629 , MAPD:2.317076, R_squared:0.994257  
	Validation = MSE:0.313377 , RMSE:0.559801 , MAE:0.435507 , MAPD:2.354360, R_squared:0.994361

2024-03-21 05:23:56,551 Epoch 52/300, Train Loss: 0.316053, Val Loss: 0.308141  
	Train = MSE:0.317969 , RMSE:0.563887 , MAE:0.426450 , MAPD:2.264445, R_squared:0.994496  
	Validation = MSE:0.306508 , RMSE:0.553632 , MAE:0.429018 , MAPD:2.327580, R_squared:0.994485

2024-03-21 05:23:57,297 Epoch 53/300, Train Loss: 0.303206, Val Loss: 0.302236  
	Train = MSE:0.304358 , RMSE:0.551686 , MAE:0.416309 , MAPD:2.207676, R_squared:0.994732  
	Validation = MSE:0.301374 , RMSE:0.548975 , MAE:0.423233 , MAPD:2.279561, R_squared:0.994577

2024-03-21 05:23:58,047 Epoch 54/300, Train Loss: 0.295882, Val Loss: 0.298246  
	Train = MSE:0.295887 , RMSE:0.543955 , MAE:0.408781 , MAPD:2.165008, R_squared:0.994878  
	Validation = MSE:0.298377 , RMSE:0.546239 , MAE:0.419499 , MAPD:2.255314, R_squared:0.994631

2024-03-21 05:23:58,806 Epoch 55/300, Train Loss: 0.281445, Val Loss: 0.277033  
	Train = MSE:0.282821 , RMSE:0.531809 , MAE:0.400408 , MAPD:2.138622, R_squared:0.995104  
	Validation = MSE:0.275990 , RMSE:0.525347 , MAE:0.401904 , MAPD:2.190411, R_squared:0.995034

2024-03-21 05:23:59,547 Epoch 56/300, Train Loss: 0.278474, Val Loss: 0.265421  
	Train = MSE:0.273711 , RMSE:0.523174 , MAE:0.391118 , MAPD:2.075847, R_squared:0.995262  
	Validation = MSE:0.264186 , RMSE:0.513990 , MAE:0.391268 , MAPD:2.147526, R_squared:0.995246

2024-03-21 05:24:00,387 Epoch 57/300, Train Loss: 0.263997, Val Loss: 0.256927  
	Train = MSE:0.265162 , RMSE:0.514939 , MAE:0.383369 , MAPD:2.038381, R_squared:0.995410  
	Validation = MSE:0.255931 , RMSE:0.505896 , MAE:0.383095 , MAPD:2.102131, R_squared:0.995395

2024-03-21 05:24:01,406 Epoch 58/300, Train Loss: 0.252260, Val Loss: 0.252953  
	Train = MSE:0.256093 , RMSE:0.506056 , MAE:0.375827 , MAPD:2.001845, R_squared:0.995567  
	Validation = MSE:0.253020 , RMSE:0.503011 , MAE:0.380149 , MAPD:2.081909, R_squared:0.995447

2024-03-21 05:24:02,512 Epoch 59/300, Train Loss: 0.244460, Val Loss: 0.248038  
	Train = MSE:0.246648 , RMSE:0.496637 , MAE:0.367703 , MAPD:1.961595, R_squared:0.995730  
	Validation = MSE:0.248715 , RMSE:0.498714 , MAE:0.374714 , MAPD:2.041008, R_squared:0.995525

2024-03-21 05:24:03,553 Epoch 60/300, Train Loss: 0.236465, Val Loss: 0.237420  
	Train = MSE:0.238983 , RMSE:0.488859 , MAE:0.360172 , MAPD:1.918732, R_squared:0.995863  
	Validation = MSE:0.237618 , RMSE:0.487461 , MAE:0.364752 , MAPD:2.004674, R_squared:0.995724

2024-03-21 05:24:04,368 Epoch 61/300, Train Loss: 0.231780, Val Loss: 0.240806  
	Train = MSE:0.232060 , RMSE:0.481726 , MAE:0.355218 , MAPD:1.903162, R_squared:0.995983  
	Validation = MSE:0.242638 , RMSE:0.492583 , MAE:0.367092 , MAPD:1.995883, R_squared:0.995634

2024-03-21 05:24:06,467 Epoch 62/300, Train Loss: 0.225529, Val Loss: 0.229260  
	Train = MSE:0.226310 , RMSE:0.475720 , MAE:0.349585 , MAPD:1.866675, R_squared:0.996083  
	Validation = MSE:0.230474 , RMSE:0.480077 , MAE:0.355957 , MAPD:1.945665, R_squared:0.995853

2024-03-21 05:24:07,722 Epoch 63/300, Train Loss: 0.218587, Val Loss: 0.224529  
	Train = MSE:0.219689 , RMSE:0.468710 , MAE:0.342428 , MAPD:1.831942, R_squared:0.996197  
	Validation = MSE:0.226138 , RMSE:0.475540 , MAE:0.351539 , MAPD:1.921312, R_squared:0.995931

2024-03-21 05:24:08,689 Epoch 64/300, Train Loss: 0.213642, Val Loss: 0.220220  
	Train = MSE:0.214303 , RMSE:0.462929 , MAE:0.337196 , MAPD:1.796336, R_squared:0.996290  
	Validation = MSE:0.221883 , RMSE:0.471045 , MAE:0.346212 , MAPD:1.889215, R_squared:0.996007

2024-03-21 05:24:09,436 Epoch 65/300, Train Loss: 0.205671, Val Loss: 0.208904  
	Train = MSE:0.207044 , RMSE:0.455021 , MAE:0.330638 , MAPD:1.768692, R_squared:0.996416  
	Validation = MSE:0.209587 , RMSE:0.457807 , MAE:0.337188 , MAPD:1.871458, R_squared:0.996229

2024-03-21 05:24:10,191 Epoch 66/300, Train Loss: 0.203429, Val Loss: 0.204414  
	Train = MSE:0.201719 , RMSE:0.449131 , MAE:0.326556 , MAPD:1.747984, R_squared:0.996508  
	Validation = MSE:0.205430 , RMSE:0.453244 , MAE:0.331452 , MAPD:1.824332, R_squared:0.996303

2024-03-21 05:24:10,935 Epoch 67/300, Train Loss: 0.196351, Val Loss: 0.204858  
	Train = MSE:0.196905 , RMSE:0.443739 , MAE:0.322578 , MAPD:1.724809, R_squared:0.996592  
	Validation = MSE:0.206839 , RMSE:0.454796 , MAE:0.332191 , MAPD:1.814596, R_squared:0.996278

2024-03-21 05:24:11,690 Epoch 68/300, Train Loss: 0.189376, Val Loss: 0.195121  
	Train = MSE:0.191155 , RMSE:0.437213 , MAE:0.318018 , MAPD:1.707465, R_squared:0.996691  
	Validation = MSE:0.195920 , RMSE:0.442629 , MAE:0.323216 , MAPD:1.798025, R_squared:0.996475

2024-03-21 05:24:12,452 Epoch 69/300, Train Loss: 0.187490, Val Loss: 0.190228  
	Train = MSE:0.187370 , RMSE:0.432863 , MAE:0.312807 , MAPD:1.670984, R_squared:0.996757  
	Validation = MSE:0.191011 , RMSE:0.437048 , MAE:0.317725 , MAPD:1.760670, R_squared:0.996563

2024-03-21 05:24:13,186 Epoch 70/300, Train Loss: 0.181756, Val Loss: 0.187817  
	Train = MSE:0.183962 , RMSE:0.428908 , MAE:0.309804 , MAPD:1.666462, R_squared:0.996816  
	Validation = MSE:0.189077 , RMSE:0.434830 , MAE:0.315471 , MAPD:1.745467, R_squared:0.996598

2024-03-21 05:24:13,976 Epoch 71/300, Train Loss: 0.179119, Val Loss: 0.186818  
	Train = MSE:0.178181 , RMSE:0.422115 , MAE:0.302618 , MAPD:1.617728, R_squared:0.996916  
	Validation = MSE:0.188739 , RMSE:0.434441 , MAE:0.313220 , MAPD:1.719528, R_squared:0.996604

2024-03-21 05:24:16,716 Epoch 72/300, Train Loss: 0.173905, Val Loss: 0.187001  
	Train = MSE:0.174681 , RMSE:0.417949 , MAE:0.300633 , MAPD:1.611543, R_squared:0.996976  
	Validation = MSE:0.189067 , RMSE:0.434818 , MAE:0.313885 , MAPD:1.710220, R_squared:0.996598

2024-03-21 05:24:17,728 Epoch 73/300, Train Loss: 0.169571, Val Loss: 0.180316  
	Train = MSE:0.170188 , RMSE:0.412538 , MAE:0.296770 , MAPD:1.593979, R_squared:0.997054  
	Validation = MSE:0.182237 , RMSE:0.426893 , MAE:0.306513 , MAPD:1.684179, R_squared:0.996721

2024-03-21 05:24:19,054 Epoch 74/300, Train Loss: 0.165207, Val Loss: 0.179045  
	Train = MSE:0.167192 , RMSE:0.408891 , MAE:0.292128 , MAPD:1.563406, R_squared:0.997106  
	Validation = MSE:0.181000 , RMSE:0.425441 , MAE:0.305383 , MAPD:1.667712, R_squared:0.996743

2024-03-21 05:24:20,238 Epoch 75/300, Train Loss: 0.165074, Val Loss: 0.171664  
	Train = MSE:0.164333 , RMSE:0.405380 , MAE:0.292058 , MAPD:1.570233, R_squared:0.997155  
	Validation = MSE:0.172882 , RMSE:0.415791 , MAE:0.297906 , MAPD:1.642110, R_squared:0.996889

2024-03-21 05:24:20,999 Epoch 76/300, Train Loss: 0.162401, Val Loss: 0.169981  
	Train = MSE:0.161680 , RMSE:0.402095 , MAE:0.287352 , MAPD:1.540045, R_squared:0.997201  
	Validation = MSE:0.171655 , RMSE:0.414312 , MAE:0.296749 , MAPD:1.633276, R_squared:0.996911

2024-03-21 05:24:21,768 Epoch 77/300, Train Loss: 0.158479, Val Loss: 0.176424  
	Train = MSE:0.159309 , RMSE:0.399135 , MAE:0.287694 , MAPD:1.547447, R_squared:0.997242  
	Validation = MSE:0.179056 , RMSE:0.423150 , MAE:0.303056 , MAPD:1.641848, R_squared:0.996778

2024-03-21 05:24:22,980 Epoch 78/300, Train Loss: 0.156791, Val Loss: 0.162176  
	Train = MSE:0.156049 , RMSE:0.395030 , MAE:0.281184 , MAPD:1.505450, R_squared:0.997299  
	Validation = MSE:0.162887 , RMSE:0.403593 , MAE:0.288438 , MAPD:1.597243, R_squared:0.997069

2024-03-21 05:24:24,193 Epoch 79/300, Train Loss: 0.154639, Val Loss: 0.165092  
	Train = MSE:0.153030 , RMSE:0.391191 , MAE:0.281631 , MAPD:1.515914, R_squared:0.997351  
	Validation = MSE:0.166794 , RMSE:0.408405 , MAE:0.291128 , MAPD:1.590348, R_squared:0.996999

2024-03-21 05:24:25,064 Epoch 80/300, Train Loss: 0.149442, Val Loss: 0.157990  
	Train = MSE:0.149470 , RMSE:0.386614 , MAE:0.275842 , MAPD:1.478712, R_squared:0.997413  
	Validation = MSE:0.158911 , RMSE:0.398637 , MAE:0.284339 , MAPD:1.572245, R_squared:0.997141

2024-03-21 05:24:25,850 Epoch 81/300, Train Loss: 0.146406, Val Loss: 0.158753  
	Train = MSE:0.146901 , RMSE:0.383277 , MAE:0.274051 , MAPD:1.473982, R_squared:0.997457  
	Validation = MSE:0.160261 , RMSE:0.400326 , MAE:0.285193 , MAPD:1.561731, R_squared:0.997116

2024-03-21 05:24:28,002 Epoch 82/300, Train Loss: 0.144639, Val Loss: 0.154603  
	Train = MSE:0.144659 , RMSE:0.380341 , MAE:0.271294 , MAPD:1.458437, R_squared:0.997496  
	Validation = MSE:0.155620 , RMSE:0.394488 , MAE:0.280952 , MAPD:1.547117, R_squared:0.997200

2024-03-21 05:24:28,752 Epoch 83/300, Train Loss: 0.142235, Val Loss: 0.151228  
	Train = MSE:0.142217 , RMSE:0.377117 , MAE:0.268695 , MAPD:1.441941, R_squared:0.997538  
	Validation = MSE:0.151706 , RMSE:0.389494 , MAE:0.279724 , MAPD:1.554689, R_squared:0.997270

2024-03-21 05:24:29,509 Epoch 84/300, Train Loss: 0.143584, Val Loss: 0.155977  
	Train = MSE:0.141965 , RMSE:0.376783 , MAE:0.271237 , MAPD:1.462859, R_squared:0.997543  
	Validation = MSE:0.157698 , RMSE:0.397112 , MAE:0.281520 , MAPD:1.533317, R_squared:0.997162

2024-03-21 05:24:30,634 Epoch 85/300, Train Loss: 0.137967, Val Loss: 0.152306  
	Train = MSE:0.138780 , RMSE:0.372532 , MAE:0.265169 , MAPD:1.419751, R_squared:0.997598  
	Validation = MSE:0.153688 , RMSE:0.392031 , MAE:0.279099 , MAPD:1.520640, R_squared:0.997235

2024-03-21 05:24:31,393 Epoch 86/300, Train Loss: 0.136223, Val Loss: 0.146146  
	Train = MSE:0.136111 , RMSE:0.368932 , MAE:0.264697 , MAPD:1.429041, R_squared:0.997644  
	Validation = MSE:0.146797 , RMSE:0.383140 , MAE:0.272492 , MAPD:1.495654, R_squared:0.997359

2024-03-21 05:24:32,135 Epoch 87/300, Train Loss: 0.133247, Val Loss: 0.142130  
	Train = MSE:0.133456 , RMSE:0.365316 , MAE:0.260268 , MAPD:1.400137, R_squared:0.997690  
	Validation = MSE:0.142233 , RMSE:0.377138 , MAE:0.268566 , MAPD:1.489879, R_squared:0.997441

2024-03-21 05:24:32,909 Epoch 88/300, Train Loss: 0.134568, Val Loss: 0.141811  
	Train = MSE:0.132304 , RMSE:0.363736 , MAE:0.258587 , MAPD:1.388854, R_squared:0.997710  
	Validation = MSE:0.142419 , RMSE:0.377385 , MAE:0.270314 , MAPD:1.493592, R_squared:0.997437

2024-03-21 05:24:33,923 Epoch 89/300, Train Loss: 0.131687, Val Loss: 0.140102  
	Train = MSE:0.130525 , RMSE:0.361282 , MAE:0.259111 , MAPD:1.399600, R_squared:0.997741  
	Validation = MSE:0.140572 , RMSE:0.374929 , MAE:0.266029 , MAPD:1.461105, R_squared:0.997471

2024-03-21 05:24:35,216 Epoch 90/300, Train Loss: 0.127523, Val Loss: 0.138920  
	Train = MSE:0.128971 , RMSE:0.359125 , MAE:0.255456 , MAPD:1.370693, R_squared:0.997767  
	Validation = MSE:0.139479 , RMSE:0.373469 , MAE:0.265616 , MAPD:1.455959, R_squared:0.997490

2024-03-21 05:24:36,248 Epoch 91/300, Train Loss: 0.128003, Val Loss: 0.135541  
	Train = MSE:0.127063 , RMSE:0.356459 , MAE:0.255076 , MAPD:1.377393, R_squared:0.997801  
	Validation = MSE:0.135757 , RMSE:0.368452 , MAE:0.261847 , MAPD:1.447459, R_squared:0.997557

2024-03-21 05:24:38,428 Epoch 92/300, Train Loss: 0.124786, Val Loss: 0.137146  
	Train = MSE:0.124952 , RMSE:0.353486 , MAE:0.251727 , MAPD:1.356152, R_squared:0.997837  
	Validation = MSE:0.137784 , RMSE:0.371193 , MAE:0.262646 , MAPD:1.434795, R_squared:0.997521

2024-03-21 05:24:39,181 Epoch 93/300, Train Loss: 0.123742, Val Loss: 0.132343  
	Train = MSE:0.123528 , RMSE:0.351465 , MAE:0.250041 , MAPD:1.345679, R_squared:0.997862  
	Validation = MSE:0.132279 , RMSE:0.363701 , MAE:0.259601 , MAPD:1.438527, R_squared:0.997620

2024-03-21 05:24:39,942 Epoch 94/300, Train Loss: 0.120204, Val Loss: 0.131365  
	Train = MSE:0.121524 , RMSE:0.348603 , MAE:0.248245 , MAPD:1.339654, R_squared:0.997896  
	Validation = MSE:0.131506 , RMSE:0.362637 , MAE:0.258070 , MAPD:1.423487, R_squared:0.997634

2024-03-21 05:24:40,731 Epoch 95/300, Train Loss: 0.120105, Val Loss: 0.132313  
	Train = MSE:0.119929 , RMSE:0.346308 , MAE:0.246730 , MAPD:1.330881, R_squared:0.997924  
	Validation = MSE:0.132745 , RMSE:0.364342 , MAE:0.257162 , MAPD:1.403894, R_squared:0.997611

2024-03-21 05:24:41,469 Epoch 96/300, Train Loss: 0.118355, Val Loss: 0.130381  
	Train = MSE:0.118775 , RMSE:0.344638 , MAE:0.245116 , MAPD:1.319356, R_squared:0.997944  
	Validation = MSE:0.130766 , RMSE:0.361616 , MAE:0.255766 , MAPD:1.399799, R_squared:0.997647

2024-03-21 05:24:42,477 Epoch 97/300, Train Loss: 0.116999, Val Loss: 0.126041  
	Train = MSE:0.117125 , RMSE:0.342235 , MAE:0.243989 , MAPD:1.316591, R_squared:0.997973  
	Validation = MSE:0.124976 , RMSE:0.353519 , MAE:0.252465 , MAPD:1.402276, R_squared:0.997751

2024-03-21 05:24:43,502 Epoch 98/300, Train Loss: 0.115770, Val Loss: 0.130450  
	Train = MSE:0.116538 , RMSE:0.341376 , MAE:0.244095 , MAPD:1.314459, R_squared:0.997983  
	Validation = MSE:0.131068 , RMSE:0.362033 , MAE:0.254571 , MAPD:1.387278, R_squared:0.997642

2024-03-21 05:24:44,443 Epoch 99/300, Train Loss: 0.118049, Val Loss: 0.124625  
	Train = MSE:0.116347 , RMSE:0.341096 , MAE:0.244183 , MAPD:1.317563, R_squared:0.997986  
	Validation = MSE:0.124320 , RMSE:0.352591 , MAE:0.248382 , MAPD:1.362982, R_squared:0.997763

2024-03-21 05:24:45,198 Epoch 100/300, Train Loss: 0.113000, Val Loss: 0.126103  
	Train = MSE:0.112749 , RMSE:0.335781 , MAE:0.238852 , MAPD:1.289361, R_squared:0.998048  
	Validation = MSE:0.125977 , RMSE:0.354933 , MAE:0.249617 , MAPD:1.359335, R_squared:0.997733

2024-03-21 05:24:45,948 Epoch 101/300, Train Loss: 0.111926, Val Loss: 0.121312  
	Train = MSE:0.111922 , RMSE:0.334548 , MAE:0.239370 , MAPD:1.296283, R_squared:0.998063  
	Validation = MSE:0.120598 , RMSE:0.347273 , MAE:0.247593 , MAPD:1.371813, R_squared:0.997830

2024-03-21 05:24:48,602 Epoch 102/300, Train Loss: 0.110233, Val Loss: 0.120131  
	Train = MSE:0.110721 , RMSE:0.332747 , MAE:0.236875 , MAPD:1.277155, R_squared:0.998083  
	Validation = MSE:0.119432 , RMSE:0.345589 , MAE:0.244032 , MAPD:1.343424, R_squared:0.997851

2024-03-21 05:24:49,946 Epoch 103/300, Train Loss: 0.109555, Val Loss: 0.118917  
	Train = MSE:0.109600 , RMSE:0.331060 , MAE:0.236136 , MAPD:1.276649, R_squared:0.998103  
	Validation = MSE:0.118063 , RMSE:0.343603 , MAE:0.241049 , MAPD:1.327719, R_squared:0.997876

2024-03-21 05:24:50,917 Epoch 104/300, Train Loss: 0.109343, Val Loss: 0.117784  
	Train = MSE:0.108076 , RMSE:0.328750 , MAE:0.234119 , MAPD:1.264766, R_squared:0.998129  
	Validation = MSE:0.116578 , RMSE:0.341436 , MAE:0.242440 , MAPD:1.344292, R_squared:0.997902

2024-03-21 05:24:51,771 Epoch 105/300, Train Loss: 0.107727, Val Loss: 0.123331  
	Train = MSE:0.107883 , RMSE:0.328456 , MAE:0.235024 , MAPD:1.270107, R_squared:0.998133  
	Validation = MSE:0.123330 , RMSE:0.351183 , MAE:0.247237 , MAPD:1.339634, R_squared:0.997781

2024-03-21 05:24:52,810 Epoch 106/300, Train Loss: 0.107763, Val Loss: 0.118186  
	Train = MSE:0.107288 , RMSE:0.327549 , MAE:0.233715 , MAPD:1.262367, R_squared:0.998143  
	Validation = MSE:0.116185 , RMSE:0.340860 , MAE:0.246811 , MAPD:1.380886, R_squared:0.997909

2024-03-21 05:24:53,677 Epoch 107/300, Train Loss: 0.110218, Val Loss: 0.119316  
	Train = MSE:0.108059 , RMSE:0.328724 , MAE:0.237745 , MAPD:1.287001, R_squared:0.998129  
	Validation = MSE:0.119061 , RMSE:0.345053 , MAE:0.242154 , MAPD:1.318580, R_squared:0.997858

2024-03-21 05:24:54,452 Epoch 108/300, Train Loss: 0.105769, Val Loss: 0.113178  
	Train = MSE:0.104082 , RMSE:0.322618 , MAE:0.230228 , MAPD:1.247640, R_squared:0.998198  
	Validation = MSE:0.111963 , RMSE:0.334608 , MAE:0.234889 , MAPD:1.294687, R_squared:0.997985

2024-03-21 05:24:55,210 Epoch 109/300, Train Loss: 0.102722, Val Loss: 0.112842  
	Train = MSE:0.102715 , RMSE:0.320491 , MAE:0.228839 , MAPD:1.237619, R_squared:0.998222  
	Validation = MSE:0.111685 , RMSE:0.334192 , MAE:0.233969 , MAPD:1.287132, R_squared:0.997990

2024-03-21 05:24:56,013 Epoch 110/300, Train Loss: 0.104147, Val Loss: 0.121662  
	Train = MSE:0.103679 , RMSE:0.321992 , MAE:0.232074 , MAPD:1.257591, R_squared:0.998205  
	Validation = MSE:0.121470 , RMSE:0.348526 , MAE:0.245400 , MAPD:1.324449, R_squared:0.997814

2024-03-21 05:24:56,785 Epoch 111/300, Train Loss: 0.100640, Val Loss: 0.113702  
	Train = MSE:0.101786 , RMSE:0.319039 , MAE:0.227319 , MAPD:1.230701, R_squared:0.998238  
	Validation = MSE:0.112780 , RMSE:0.335827 , MAE:0.234561 , MAPD:1.280859, R_squared:0.997971

2024-03-21 05:24:58,964 Epoch 112/300, Train Loss: 0.100863, Val Loss: 0.109938  
	Train = MSE:0.101464 , RMSE:0.318534 , MAE:0.226997 , MAPD:1.224555, R_squared:0.998244  
	Validation = MSE:0.108528 , RMSE:0.329436 , MAE:0.231898 , MAPD:1.283892, R_squared:0.998047

2024-03-21 05:24:59,704 Epoch 113/300, Train Loss: 0.098935, Val Loss: 0.112957  
	Train = MSE:0.099277 , RMSE:0.315083 , MAE:0.224738 , MAPD:1.216305, R_squared:0.998281  
	Validation = MSE:0.112122 , RMSE:0.334847 , MAE:0.233425 , MAPD:1.273355, R_squared:0.997982

2024-03-21 05:25:00,474 Epoch 114/300, Train Loss: 0.099472, Val Loss: 0.110273  
	Train = MSE:0.100181 , RMSE:0.316513 , MAE:0.225555 , MAPD:1.221827, R_squared:0.998266  
	Validation = MSE:0.109028 , RMSE:0.330194 , MAE:0.230463 , MAPD:1.261782, R_squared:0.998038

2024-03-21 05:25:01,226 Epoch 115/300, Train Loss: 0.095882, Val Loss: 0.108017  
	Train = MSE:0.097172 , RMSE:0.311724 , MAE:0.222374 , MAPD:1.203835, R_squared:0.998318  
	Validation = MSE:0.106670 , RMSE:0.326603 , MAE:0.228082 , MAPD:1.256134, R_squared:0.998081

2024-03-21 05:25:02,230 Epoch 116/300, Train Loss: 0.096509, Val Loss: 0.114192  
	Train = MSE:0.096821 , RMSE:0.311161 , MAE:0.222505 , MAPD:1.205184, R_squared:0.998324  
	Validation = MSE:0.113381 , RMSE:0.336722 , MAE:0.235890 , MAPD:1.279362, R_squared:0.997960

2024-03-21 05:25:03,212 Epoch 117/300, Train Loss: 0.095655, Val Loss: 0.105845  
	Train = MSE:0.096050 , RMSE:0.309919 , MAE:0.221255 , MAPD:1.197038, R_squared:0.998337  
	Validation = MSE:0.104213 , RMSE:0.322821 , MAE:0.227220 , MAPD:1.258143, R_squared:0.998125

2024-03-21 05:25:03,955 Epoch 118/300, Train Loss: 0.094096, Val Loss: 0.111541  
	Train = MSE:0.094850 , RMSE:0.307977 , MAE:0.220216 , MAPD:1.193230, R_squared:0.998358  
	Validation = MSE:0.110605 , RMSE:0.332573 , MAE:0.232990 , MAPD:1.266523, R_squared:0.998010

2024-03-21 05:25:04,701 Epoch 119/300, Train Loss: 0.095623, Val Loss: 0.110141  
	Train = MSE:0.095072 , RMSE:0.308337 , MAE:0.220675 , MAPD:1.195880, R_squared:0.998354  
	Validation = MSE:0.107210 , RMSE:0.327430 , MAE:0.241274 , MAPD:1.353147, R_squared:0.998071

2024-03-21 05:25:05,464 Epoch 120/300, Train Loss: 0.098357, Val Loss: 0.110182  
	Train = MSE:0.097652 , RMSE:0.312494 , MAE:0.226390 , MAPD:1.223299, R_squared:0.998310  
	Validation = MSE:0.109177 , RMSE:0.330419 , MAE:0.231388 , MAPD:1.259911, R_squared:0.998035

2024-03-21 05:25:06,218 Epoch 121/300, Train Loss: 0.094580, Val Loss: 0.103358  
	Train = MSE:0.093235 , RMSE:0.305345 , MAE:0.218608 , MAPD:1.184093, R_squared:0.998386  
	Validation = MSE:0.101113 , RMSE:0.317982 , MAE:0.226411 , MAPD:1.261104, R_squared:0.998181

2024-03-21 05:25:08,672 Epoch 122/300, Train Loss: 0.091654, Val Loss: 0.104035  
	Train = MSE:0.091778 , RMSE:0.302949 , MAE:0.215673 , MAPD:1.166589, R_squared:0.998411  
	Validation = MSE:0.102589 , RMSE:0.320295 , MAE:0.225544 , MAPD:1.240499, R_squared:0.998154

2024-03-21 05:25:09,527 Epoch 123/300, Train Loss: 0.090650, Val Loss: 0.104125  
	Train = MSE:0.091229 , RMSE:0.302041 , MAE:0.216493 , MAPD:1.174620, R_squared:0.998421  
	Validation = MSE:0.102468 , RMSE:0.320107 , MAE:0.223040 , MAPD:1.223196, R_squared:0.998156

2024-03-21 05:25:10,364 Epoch 124/300, Train Loss: 0.091500, Val Loss: 0.101789  
	Train = MSE:0.091693 , RMSE:0.302808 , MAE:0.217030 , MAPD:1.174770, R_squared:0.998413  
	Validation = MSE:0.099627 , RMSE:0.315638 , MAE:0.225378 , MAPD:1.256080, R_squared:0.998207

2024-03-21 05:25:11,111 Epoch 125/300, Train Loss: 0.091895, Val Loss: 0.101247  
	Train = MSE:0.090810 , RMSE:0.301347 , MAE:0.215846 , MAPD:1.167402, R_squared:0.998428  
	Validation = MSE:0.099425 , RMSE:0.315317 , MAE:0.220222 , MAPD:1.213611, R_squared:0.998211

2024-03-21 05:25:12,167 Epoch 126/300, Train Loss: 0.090535, Val Loss: 0.101806  
	Train = MSE:0.089302 , RMSE:0.298834 , MAE:0.213715 , MAPD:1.158477, R_squared:0.998454  
	Validation = MSE:0.100212 , RMSE:0.316562 , MAE:0.221791 , MAPD:1.217341, R_squared:0.998197

2024-03-21 05:25:13,523 Epoch 127/300, Train Loss: 0.088260, Val Loss: 0.104209  
	Train = MSE:0.088714 , RMSE:0.297849 , MAE:0.212975 , MAPD:1.153733, R_squared:0.998464  
	Validation = MSE:0.102899 , RMSE:0.320779 , MAE:0.224580 , MAPD:1.226345, R_squared:0.998148

2024-03-21 05:25:15,029 Epoch 128/300, Train Loss: 0.087831, Val Loss: 0.099715  
	Train = MSE:0.088119 , RMSE:0.296849 , MAE:0.211930 , MAPD:1.148223, R_squared:0.998475  
	Validation = MSE:0.098030 , RMSE:0.313098 , MAE:0.218670 , MAPD:1.204326, R_squared:0.998236

2024-03-21 05:25:16,071 Epoch 129/300, Train Loss: 0.087365, Val Loss: 0.098429  
	Train = MSE:0.087831 , RMSE:0.296363 , MAE:0.212156 , MAPD:1.150165, R_squared:0.998480  
	Validation = MSE:0.096492 , RMSE:0.310631 , MAE:0.217270 , MAPD:1.199449, R_squared:0.998264

2024-03-21 05:25:17,132 Epoch 130/300, Train Loss: 0.086029, Val Loss: 0.097754  
	Train = MSE:0.086394 , RMSE:0.293929 , MAE:0.209213 , MAPD:1.133092, R_squared:0.998504  
	Validation = MSE:0.095875 , RMSE:0.309637 , MAE:0.217966 , MAPD:1.204760, R_squared:0.998275

2024-03-21 05:25:18,021 Epoch 131/300, Train Loss: 0.086816, Val Loss: 0.097336  
	Train = MSE:0.085763 , RMSE:0.292853 , MAE:0.209404 , MAPD:1.134637, R_squared:0.998515  
	Validation = MSE:0.095360 , RMSE:0.308804 , MAE:0.215520 , MAPD:1.190451, R_squared:0.998284

2024-03-21 05:25:21,159 Epoch 132/300, Train Loss: 0.085012, Val Loss: 0.096072  
	Train = MSE:0.085290 , RMSE:0.292044 , MAE:0.208033 , MAPD:1.126795, R_squared:0.998524  
	Validation = MSE:0.094036 , RMSE:0.306654 , MAE:0.215702 , MAPD:1.195267, R_squared:0.998308

2024-03-21 05:25:21,930 Epoch 133/300, Train Loss: 0.084892, Val Loss: 0.095451  
	Train = MSE:0.085183 , RMSE:0.291861 , MAE:0.208030 , MAPD:1.125184, R_squared:0.998525  
	Validation = MSE:0.093145 , RMSE:0.305196 , MAE:0.216363 , MAPD:1.203034, R_squared:0.998324

2024-03-21 05:25:22,684 Epoch 134/300, Train Loss: 0.084986, Val Loss: 0.095161  
	Train = MSE:0.084116 , RMSE:0.290028 , MAE:0.207803 , MAPD:1.128464, R_squared:0.998544  
	Validation = MSE:0.093015 , RMSE:0.304984 , MAE:0.213122 , MAPD:1.178445, R_squared:0.998326

2024-03-21 05:25:23,435 Epoch 135/300, Train Loss: 0.086035, Val Loss: 0.096782  
	Train = MSE:0.084905 , RMSE:0.291385 , MAE:0.208377 , MAPD:1.129868, R_squared:0.998530  
	Validation = MSE:0.095088 , RMSE:0.308364 , MAE:0.215777 , MAPD:1.186080, R_squared:0.998289

2024-03-21 05:25:24,203 Epoch 136/300, Train Loss: 0.083305, Val Loss: 0.094005  
	Train = MSE:0.083759 , RMSE:0.289412 , MAE:0.207625 , MAPD:1.123872, R_squared:0.998550  
	Validation = MSE:0.092004 , RMSE:0.303321 , MAE:0.213128 , MAPD:1.178291, R_squared:0.998344

2024-03-21 05:25:24,958 Epoch 137/300, Train Loss: 0.082066, Val Loss: 0.092947  
	Train = MSE:0.082062 , RMSE:0.286465 , MAE:0.204750 , MAPD:1.110601, R_squared:0.998579  
	Validation = MSE:0.090470 , RMSE:0.300782 , MAE:0.213331 , MAPD:1.187742, R_squared:0.998372

2024-03-21 05:25:25,717 Epoch 138/300, Train Loss: 0.085445, Val Loss: 0.100102  
	Train = MSE:0.084531 , RMSE:0.290741 , MAE:0.209253 , MAPD:1.135060, R_squared:0.998537  
	Validation = MSE:0.098614 , RMSE:0.314029 , MAE:0.219840 , MAPD:1.202933, R_squared:0.998226

2024-03-21 05:25:26,638 Epoch 139/300, Train Loss: 0.083737, Val Loss: 0.096804  
	Train = MSE:0.084352 , RMSE:0.290435 , MAE:0.209626 , MAPD:1.136832, R_squared:0.998540  
	Validation = MSE:0.095023 , RMSE:0.308259 , MAE:0.215956 , MAPD:1.184360, R_squared:0.998290

2024-03-21 05:25:27,669 Epoch 140/300, Train Loss: 0.081175, Val Loss: 0.091096  
	Train = MSE:0.081117 , RMSE:0.284810 , MAE:0.203267 , MAPD:1.101314, R_squared:0.998596  
	Validation = MSE:0.088663 , RMSE:0.297764 , MAE:0.210075 , MAPD:1.166416, R_squared:0.998405

2024-03-21 05:25:28,445 Epoch 141/300, Train Loss: 0.081148, Val Loss: 0.091107  
	Train = MSE:0.080565 , RMSE:0.283840 , MAE:0.202334 , MAPD:1.096460, R_squared:0.998605  
	Validation = MSE:0.088914 , RMSE:0.298184 , MAE:0.212262 , MAPD:1.181944, R_squared:0.998400

2024-03-21 05:25:30,642 Epoch 142/300, Train Loss: 0.080597, Val Loss: 0.090456  
	Train = MSE:0.079905 , RMSE:0.282675 , MAE:0.203900 , MAPD:1.108423, R_squared:0.998617  
	Validation = MSE:0.087912 , RMSE:0.296500 , MAE:0.210722 , MAPD:1.173196, R_squared:0.998418

2024-03-21 05:25:31,425 Epoch 143/300, Train Loss: 0.080250, Val Loss: 0.089985  
	Train = MSE:0.079713 , RMSE:0.282335 , MAE:0.201882 , MAPD:1.091558, R_squared:0.998620  
	Validation = MSE:0.087832 , RMSE:0.296365 , MAE:0.208875 , MAPD:1.158465, R_squared:0.998420

2024-03-21 05:25:32,195 Epoch 144/300, Train Loss: 0.081154, Val Loss: 0.100287  
	Train = MSE:0.080499 , RMSE:0.283723 , MAE:0.203829 , MAPD:1.102050, R_squared:0.998607  
	Validation = MSE:0.098778 , RMSE:0.314290 , MAE:0.221400 , MAPD:1.211823, R_squared:0.998223

2024-03-21 05:25:32,954 Epoch 145/300, Train Loss: 0.079719, Val Loss: 0.088761  
	Train = MSE:0.079574 , RMSE:0.282089 , MAE:0.201655 , MAPD:1.092620, R_squared:0.998623  
	Validation = MSE:0.086225 , RMSE:0.293641 , MAE:0.208686 , MAPD:1.162060, R_squared:0.998448

2024-03-21 05:25:33,719 Epoch 146/300, Train Loss: 0.077101, Val Loss: 0.093642  
	Train = MSE:0.077719 , RMSE:0.278781 , MAE:0.199262 , MAPD:1.078866, R_squared:0.998655  
	Validation = MSE:0.091954 , RMSE:0.303239 , MAE:0.212428 , MAPD:1.165119, R_squared:0.998345

2024-03-21 05:25:34,514 Epoch 147/300, Train Loss: 0.078880, Val Loss: 0.088074  
	Train = MSE:0.079444 , RMSE:0.281858 , MAE:0.203262 , MAPD:1.101561, R_squared:0.998625  
	Validation = MSE:0.085504 , RMSE:0.292411 , MAE:0.207688 , MAPD:1.156798, R_squared:0.998461

2024-03-21 05:25:35,274 Epoch 148/300, Train Loss: 0.081438, Val Loss: 0.095079  
	Train = MSE:0.081630 , RMSE:0.285710 , MAE:0.204701 , MAPD:1.104903, R_squared:0.998587  
	Validation = MSE:0.091779 , RMSE:0.302951 , MAE:0.227088 , MAPD:1.275306, R_squared:0.998349

2024-03-21 05:25:36,050 Epoch 149/300, Train Loss: 0.083855, Val Loss: 0.093562  
	Train = MSE:0.083921 , RMSE:0.289691 , MAE:0.212284 , MAPD:1.147110, R_squared:0.998547  
	Validation = MSE:0.092046 , RMSE:0.303392 , MAE:0.213226 , MAPD:1.166528, R_squared:0.998344

2024-03-21 05:25:36,818 Epoch 150/300, Train Loss: 0.077046, Val Loss: 0.086406  
	Train = MSE:0.076356 , RMSE:0.276325 , MAE:0.197944 , MAPD:1.073725, R_squared:0.998678  
	Validation = MSE:0.083749 , RMSE:0.289394 , MAE:0.206519 , MAPD:1.153826, R_squared:0.998493

2024-03-21 05:25:37,585 Epoch 151/300, Train Loss: 0.076278, Val Loss: 0.086546  
	Train = MSE:0.075651 , RMSE:0.275048 , MAE:0.196628 , MAPD:1.064826, R_squared:0.998690  
	Validation = MSE:0.084500 , RMSE:0.290689 , MAE:0.203503 , MAPD:1.126446, R_squared:0.998480

2024-03-21 05:25:40,388 Epoch 152/300, Train Loss: 0.074813, Val Loss: 0.086599  
	Train = MSE:0.074971 , RMSE:0.273808 , MAE:0.196409 , MAPD:1.065507, R_squared:0.998702  
	Validation = MSE:0.084391 , RMSE:0.290502 , MAE:0.203017 , MAPD:1.124048, R_squared:0.998481

2024-03-21 05:25:41,166 Epoch 153/300, Train Loss: 0.074591, Val Loss: 0.084865  
	Train = MSE:0.075113 , RMSE:0.274067 , MAE:0.196064 , MAPD:1.059973, R_squared:0.998700  
	Validation = MSE:0.082462 , RMSE:0.287161 , MAE:0.202942 , MAPD:1.128327, R_squared:0.998516

2024-03-21 05:25:42,117 Epoch 154/300, Train Loss: 0.077070, Val Loss: 0.085075  
	Train = MSE:0.074683 , RMSE:0.273283 , MAE:0.194348 , MAPD:1.048627, R_squared:0.998707  
	Validation = MSE:0.082669 , RMSE:0.287522 , MAE:0.205758 , MAPD:1.151327, R_squared:0.998512

2024-03-21 05:25:43,150 Epoch 155/300, Train Loss: 0.074224, Val Loss: 0.088045  
	Train = MSE:0.074255 , RMSE:0.272497 , MAE:0.195684 , MAPD:1.060501, R_squared:0.998715  
	Validation = MSE:0.086113 , RMSE:0.293451 , MAE:0.206011 , MAPD:1.137878, R_squared:0.998450

2024-03-21 05:25:43,924 Epoch 156/300, Train Loss: 0.073198, Val Loss: 0.085302  
	Train = MSE:0.073521 , RMSE:0.271148 , MAE:0.194562 , MAPD:1.054156, R_squared:0.998727  
	Validation = MSE:0.082752 , RMSE:0.287667 , MAE:0.208616 , MAPD:1.170697, R_squared:0.998511

2024-03-21 05:25:44,710 Epoch 157/300, Train Loss: 0.076155, Val Loss: 0.084813  
	Train = MSE:0.076138 , RMSE:0.275931 , MAE:0.198641 , MAPD:1.070877, R_squared:0.998682  
	Validation = MSE:0.081856 , RMSE:0.286105 , MAE:0.207525 , MAPD:1.161606, R_squared:0.998527

2024-03-21 05:25:45,783 Epoch 158/300, Train Loss: 0.071787, Val Loss: 0.083369  
	Train = MSE:0.072473 , RMSE:0.269207 , MAE:0.193706 , MAPD:1.047446, R_squared:0.998745  
	Validation = MSE:0.081372 , RMSE:0.285258 , MAE:0.199958 , MAPD:1.107335, R_squared:0.998536

2024-03-21 05:25:46,772 Epoch 159/300, Train Loss: 0.071401, Val Loss: 0.081974  
	Train = MSE:0.071690 , RMSE:0.267750 , MAE:0.191420 , MAPD:1.036746, R_squared:0.998759  
	Validation = MSE:0.079668 , RMSE:0.282254 , MAE:0.198137 , MAPD:1.100419, R_squared:0.998566

2024-03-21 05:25:47,525 Epoch 160/300, Train Loss: 0.073031, Val Loss: 0.081685  
	Train = MSE:0.071715 , RMSE:0.267797 , MAE:0.191741 , MAPD:1.035811, R_squared:0.998759  
	Validation = MSE:0.079324 , RMSE:0.281646 , MAE:0.198226 , MAPD:1.102496, R_squared:0.998573

2024-03-21 05:25:48,280 Epoch 161/300, Train Loss: 0.071212, Val Loss: 0.083228  
	Train = MSE:0.071249 , RMSE:0.266924 , MAE:0.191767 , MAPD:1.035539, R_squared:0.998767  
	Validation = MSE:0.081295 , RMSE:0.285122 , MAE:0.200095 , MAPD:1.102651, R_squared:0.998537

2024-03-21 05:25:50,518 Epoch 162/300, Train Loss: 0.071984, Val Loss: 0.082545  
	Train = MSE:0.072394 , RMSE:0.269062 , MAE:0.193423 , MAPD:1.044472, R_squared:0.998747  
	Validation = MSE:0.080586 , RMSE:0.283877 , MAE:0.198572 , MAPD:1.101519, R_squared:0.998550

2024-03-21 05:25:51,289 Epoch 163/300, Train Loss: 0.069901, Val Loss: 0.082341  
	Train = MSE:0.070247 , RMSE:0.265041 , MAE:0.188944 , MAPD:1.022365, R_squared:0.998784  
	Validation = MSE:0.080279 , RMSE:0.283335 , MAE:0.198362 , MAPD:1.096509, R_squared:0.998555

2024-03-21 05:25:52,058 Epoch 164/300, Train Loss: 0.069860, Val Loss: 0.082924  
	Train = MSE:0.070041 , RMSE:0.264653 , MAE:0.189192 , MAPD:1.021074, R_squared:0.998788  
	Validation = MSE:0.081047 , RMSE:0.284687 , MAE:0.199338 , MAPD:1.099717, R_squared:0.998542

2024-03-21 05:25:52,806 Epoch 165/300, Train Loss: 0.069649, Val Loss: 0.079558  
	Train = MSE:0.069546 , RMSE:0.263715 , MAE:0.188770 , MAPD:1.021617, R_squared:0.998796  
	Validation = MSE:0.077112 , RMSE:0.277691 , MAE:0.194890 , MAPD:1.082675, R_squared:0.998612

2024-03-21 05:25:53,552 Epoch 166/300, Train Loss: 0.070445, Val Loss: 0.080614  
	Train = MSE:0.070491 , RMSE:0.265501 , MAE:0.189934 , MAPD:1.026429, R_squared:0.998780  
	Validation = MSE:0.078654 , RMSE:0.280454 , MAE:0.196054 , MAPD:1.085764, R_squared:0.998585

2024-03-21 05:25:54,325 Epoch 167/300, Train Loss: 0.068597, Val Loss: 0.080562  
	Train = MSE:0.068954 , RMSE:0.262592 , MAE:0.188056 , MAPD:1.018021, R_squared:0.998806  
	Validation = MSE:0.078554 , RMSE:0.280276 , MAE:0.196226 , MAPD:1.084779, R_squared:0.998586

2024-03-21 05:25:55,089 Epoch 168/300, Train Loss: 0.068403, Val Loss: 0.079359  
	Train = MSE:0.068004 , RMSE:0.260775 , MAE:0.185778 , MAPD:1.003206, R_squared:0.998823  
	Validation = MSE:0.077338 , RMSE:0.278097 , MAE:0.194704 , MAPD:1.079433, R_squared:0.998608

2024-03-21 05:25:56,231 Epoch 169/300, Train Loss: 0.067932, Val Loss: 0.078561  
	Train = MSE:0.068614 , RMSE:0.261942 , MAE:0.188527 , MAPD:1.022882, R_squared:0.998812  
	Validation = MSE:0.076176 , RMSE:0.276000 , MAE:0.193020 , MAPD:1.072313, R_squared:0.998629

2024-03-21 05:25:57,377 Epoch 170/300, Train Loss: 0.069207, Val Loss: 0.078910  
	Train = MSE:0.068657 , RMSE:0.262025 , MAE:0.185313 , MAPD:0.997711, R_squared:0.998812  
	Validation = MSE:0.076721 , RMSE:0.276985 , MAE:0.197904 , MAPD:1.105451, R_squared:0.998619

2024-03-21 05:25:58,561 Epoch 171/300, Train Loss: 0.067572, Val Loss: 0.079619  
	Train = MSE:0.067665 , RMSE:0.260124 , MAE:0.187218 , MAPD:1.011677, R_squared:0.998829  
	Validation = MSE:0.077509 , RMSE:0.278404 , MAE:0.194776 , MAPD:1.080995, R_squared:0.998605

2024-03-21 05:26:00,894 Epoch 172/300, Train Loss: 0.067195, Val Loss: 0.078623  
	Train = MSE:0.067255 , RMSE:0.259336 , MAE:0.184842 , MAPD:0.997618, R_squared:0.998836  
	Validation = MSE:0.076616 , RMSE:0.276796 , MAE:0.193955 , MAPD:1.072490, R_squared:0.998621

2024-03-21 05:26:01,763 Epoch 173/300, Train Loss: 0.067817, Val Loss: 0.082240  
	Train = MSE:0.067585 , RMSE:0.259972 , MAE:0.186405 , MAPD:1.005712, R_squared:0.998830  
	Validation = MSE:0.080559 , RMSE:0.283829 , MAE:0.199427 , MAPD:1.098166, R_squared:0.998550

2024-03-21 05:26:02,535 Epoch 174/300, Train Loss: 0.067170, Val Loss: 0.075781  
	Train = MSE:0.067772 , RMSE:0.260331 , MAE:0.187330 , MAPD:1.010719, R_squared:0.998827  
	Validation = MSE:0.073209 , RMSE:0.270571 , MAE:0.190579 , MAPD:1.060811, R_squared:0.998683

2024-03-21 05:26:03,325 Epoch 175/300, Train Loss: 0.065828, Val Loss: 0.077191  
	Train = MSE:0.065719 , RMSE:0.256357 , MAE:0.182523 , MAPD:0.983637, R_squared:0.998862  
	Validation = MSE:0.074758 , RMSE:0.273420 , MAE:0.197821 , MAPD:1.112844, R_squared:0.998655

2024-03-21 05:26:04,080 Epoch 176/300, Train Loss: 0.065470, Val Loss: 0.076568  
	Train = MSE:0.065957 , RMSE:0.256821 , MAE:0.184329 , MAPD:0.996574, R_squared:0.998858  
	Validation = MSE:0.074377 , RMSE:0.272722 , MAE:0.190435 , MAPD:1.057279, R_squared:0.998662

2024-03-21 05:26:04,830 Epoch 177/300, Train Loss: 0.064858, Val Loss: 0.074644  
	Train = MSE:0.064723 , RMSE:0.254408 , MAE:0.182330 , MAPD:0.985098, R_squared:0.998880  
	Validation = MSE:0.072047 , RMSE:0.268416 , MAE:0.189751 , MAPD:1.057298, R_squared:0.998704

2024-03-21 05:26:05,588 Epoch 178/300, Train Loss: 0.065194, Val Loss: 0.075743  
	Train = MSE:0.065325 , RMSE:0.255587 , MAE:0.182705 , MAPD:0.982348, R_squared:0.998869  
	Validation = MSE:0.073741 , RMSE:0.271553 , MAE:0.191113 , MAPD:1.058387, R_squared:0.998673

2024-03-21 05:26:06,360 Epoch 179/300, Train Loss: 0.064353, Val Loss: 0.075845  
	Train = MSE:0.064510 , RMSE:0.253989 , MAE:0.182870 , MAPD:0.986785, R_squared:0.998883  
	Validation = MSE:0.073649 , RMSE:0.271384 , MAE:0.189912 , MAPD:1.053320, R_squared:0.998675

2024-03-21 05:26:07,231 Epoch 180/300, Train Loss: 0.065968, Val Loss: 0.077340  
	Train = MSE:0.066220 , RMSE:0.257333 , MAE:0.186113 , MAPD:1.000970, R_squared:0.998854  
	Validation = MSE:0.075506 , RMSE:0.274784 , MAE:0.192076 , MAPD:1.060679, R_squared:0.998641

2024-03-21 05:26:08,185 Epoch 181/300, Train Loss: 0.064483, Val Loss: 0.078925  
	Train = MSE:0.064339 , RMSE:0.253651 , MAE:0.181815 , MAPD:0.979725, R_squared:0.998886  
	Validation = MSE:0.077261 , RMSE:0.277958 , MAE:0.194867 , MAPD:1.070583, R_squared:0.998610

2024-03-21 05:26:11,067 Epoch 182/300, Train Loss: 0.063230, Val Loss: 0.073431  
	Train = MSE:0.063013 , RMSE:0.251024 , MAE:0.180088 , MAPD:0.972683, R_squared:0.998909  
	Validation = MSE:0.071162 , RMSE:0.266762 , MAE:0.186625 , MAPD:1.035483, R_squared:0.998720

2024-03-21 05:26:12,203 Epoch 183/300, Train Loss: 0.063717, Val Loss: 0.076890  
	Train = MSE:0.063479 , RMSE:0.251951 , MAE:0.179991 , MAPD:0.968955, R_squared:0.998901  
	Validation = MSE:0.075127 , RMSE:0.274093 , MAE:0.191682 , MAPD:1.056243, R_squared:0.998648

2024-03-21 05:26:14,300 Epoch 184/300, Train Loss: 0.063453, Val Loss: 0.073038  
	Train = MSE:0.062992 , RMSE:0.250983 , MAE:0.179891 , MAPD:0.968999, R_squared:0.998910  
	Validation = MSE:0.070924 , RMSE:0.266315 , MAE:0.186400 , MAPD:1.031925, R_squared:0.998724

2024-03-21 05:26:15,051 Epoch 185/300, Train Loss: 0.061951, Val Loss: 0.078413  
	Train = MSE:0.062251 , RMSE:0.249502 , MAE:0.178335 , MAPD:0.962921, R_squared:0.998922  
	Validation = MSE:0.076801 , RMSE:0.277131 , MAE:0.194181 , MAPD:1.064712, R_squared:0.998618

2024-03-21 05:26:15,949 Epoch 186/300, Train Loss: 0.063850, Val Loss: 0.080964  
	Train = MSE:0.064350 , RMSE:0.253673 , MAE:0.185929 , MAPD:1.005189, R_squared:0.998886  
	Validation = MSE:0.079520 , RMSE:0.281993 , MAE:0.197842 , MAPD:1.084828, R_squared:0.998569

2024-03-21 05:26:16,995 Epoch 187/300, Train Loss: 0.063027, Val Loss: 0.072218  
	Train = MSE:0.064046 , RMSE:0.253073 , MAE:0.182924 , MAPD:0.982220, R_squared:0.998891  
	Validation = MSE:0.070033 , RMSE:0.264638 , MAE:0.184996 , MAPD:1.023281, R_squared:0.998740

2024-03-21 05:26:17,775 Epoch 188/300, Train Loss: 0.061211, Val Loss: 0.070862  
	Train = MSE:0.061196 , RMSE:0.247378 , MAE:0.176824 , MAPD:0.952270, R_squared:0.998941  
	Validation = MSE:0.068319 , RMSE:0.261379 , MAE:0.185773 , MAPD:1.035726, R_squared:0.998771

2024-03-21 05:26:18,548 Epoch 189/300, Train Loss: 0.061134, Val Loss: 0.075138  
	Train = MSE:0.060800 , RMSE:0.246576 , MAE:0.176828 , MAPD:0.951716, R_squared:0.998948  
	Validation = MSE:0.073313 , RMSE:0.270764 , MAE:0.189488 , MAPD:1.046856, R_squared:0.998681

2024-03-21 05:26:19,295 Epoch 190/300, Train Loss: 0.062221, Val Loss: 0.077814  
	Train = MSE:0.062681 , RMSE:0.250361 , MAE:0.179830 , MAPD:0.968509, R_squared:0.998915  
	Validation = MSE:0.076256 , RMSE:0.276144 , MAE:0.193615 , MAPD:1.058764, R_squared:0.998628

2024-03-21 05:26:20,061 Epoch 191/300, Train Loss: 0.061660, Val Loss: 0.073397  
	Train = MSE:0.062089 , RMSE:0.249178 , MAE:0.178580 , MAPD:0.960597, R_squared:0.998925  
	Validation = MSE:0.071527 , RMSE:0.267445 , MAE:0.186901 , MAPD:1.030664, R_squared:0.998713

2024-03-21 05:26:22,286 Epoch 192/300, Train Loss: 0.059916, Val Loss: 0.071141  
	Train = MSE:0.060377 , RMSE:0.245717 , MAE:0.176045 , MAPD:0.945758, R_squared:0.998955  
	Validation = MSE:0.069212 , RMSE:0.263082 , MAE:0.183850 , MAPD:1.014213, R_squared:0.998755

2024-03-21 05:26:23,047 Epoch 193/300, Train Loss: 0.059159, Val Loss: 0.073271  
	Train = MSE:0.059983 , RMSE:0.244913 , MAE:0.175836 , MAPD:0.945021, R_squared:0.998962  
	Validation = MSE:0.071556 , RMSE:0.267500 , MAE:0.186732 , MAPD:1.026470, R_squared:0.998712

2024-03-21 05:26:23,828 Epoch 194/300, Train Loss: 0.062458, Val Loss: 0.076989  
	Train = MSE:0.061101 , RMSE:0.247187 , MAE:0.177989 , MAPD:0.953772, R_squared:0.998942  
	Validation = MSE:0.075490 , RMSE:0.274754 , MAE:0.192710 , MAPD:1.051952, R_squared:0.998642

2024-03-21 05:26:24,591 Epoch 195/300, Train Loss: 0.061412, Val Loss: 0.074700  
	Train = MSE:0.061989 , RMSE:0.248976 , MAE:0.180971 , MAPD:0.971000, R_squared:0.998927  
	Validation = MSE:0.073057 , RMSE:0.270290 , MAE:0.189115 , MAPD:1.036481, R_squared:0.998685

2024-03-21 05:26:25,360 Epoch 196/300, Train Loss: 0.061422, Val Loss: 0.070194  
	Train = MSE:0.061161 , RMSE:0.247308 , MAE:0.178654 , MAPD:0.959665, R_squared:0.998941  
	Validation = MSE:0.068333 , RMSE:0.261406 , MAE:0.182359 , MAPD:1.003967, R_squared:0.998770

2024-03-21 05:26:26,110 Epoch 197/300, Train Loss: 0.061882, Val Loss: 0.069437  
	Train = MSE:0.061657 , RMSE:0.248309 , MAE:0.181419 , MAPD:0.979047, R_squared:0.998933  
	Validation = MSE:0.067382 , RMSE:0.259580 , MAE:0.181120 , MAPD:1.001012, R_squared:0.998788

2024-03-21 05:26:26,869 Epoch 198/300, Train Loss: 0.058104, Val Loss: 0.068540  
	Train = MSE:0.057903 , RMSE:0.240630 , MAE:0.172056 , MAPD:0.921777, R_squared:0.998998  
	Validation = MSE:0.066534 , RMSE:0.257941 , MAE:0.180344 , MAPD:0.995149, R_squared:0.998803

2024-03-21 05:26:27,630 Epoch 199/300, Train Loss: 0.060113, Val Loss: 0.067214  
	Train = MSE:0.059891 , RMSE:0.244726 , MAE:0.176799 , MAPD:0.946112, R_squared:0.998963  
	Validation = MSE:0.065005 , RMSE:0.254960 , MAE:0.179487 , MAPD:0.993759, R_squared:0.998830

2024-03-21 05:26:28,401 Epoch 200/300, Train Loss: 0.057437, Val Loss: 0.067796  
	Train = MSE:0.057743 , RMSE:0.240297 , MAE:0.172559 , MAPD:0.929299, R_squared:0.999000  
	Validation = MSE:0.065068 , RMSE:0.255085 , MAE:0.181091 , MAPD:0.998919, R_squared:0.998829

2024-03-21 05:26:29,160 Epoch 201/300, Train Loss: 0.058885, Val Loss: 0.069385  
	Train = MSE:0.058394 , RMSE:0.241648 , MAE:0.173676 , MAPD:0.931565, R_squared:0.998989  
	Validation = MSE:0.066611 , RMSE:0.258092 , MAE:0.190095 , MAPD:1.064711, R_squared:0.998801

2024-03-21 05:26:31,692 Epoch 202/300, Train Loss: 0.058764, Val Loss: 0.067462  
	Train = MSE:0.059039 , RMSE:0.242980 , MAE:0.175481 , MAPD:0.940127, R_squared:0.998978  
	Validation = MSE:0.064824 , RMSE:0.254606 , MAE:0.184211 , MAPD:1.026815, R_squared:0.998834

2024-03-21 05:26:32,525 Epoch 203/300, Train Loss: 0.058254, Val Loss: 0.069271  
	Train = MSE:0.059018 , RMSE:0.242936 , MAE:0.176308 , MAPD:0.946038, R_squared:0.998978  
	Validation = MSE:0.066338 , RMSE:0.257562 , MAE:0.189793 , MAPD:1.057042, R_squared:0.998806

2024-03-21 05:26:33,413 Epoch 204/300, Train Loss: 0.058542, Val Loss: 0.065489  
	Train = MSE:0.058035 , RMSE:0.240905 , MAE:0.173763 , MAPD:0.932518, R_squared:0.998995  
	Validation = MSE:0.063196 , RMSE:0.251387 , MAE:0.177312 , MAPD:0.982794, R_squared:0.998863

2024-03-21 05:26:34,739 Epoch 205/300, Train Loss: 0.056486, Val Loss: 0.066168  
	Train = MSE:0.056706 , RMSE:0.238129 , MAE:0.171150 , MAPD:0.919117, R_squared:0.999018  
	Validation = MSE:0.064069 , RMSE:0.253118 , MAE:0.176683 , MAPD:0.974351, R_squared:0.998847

2024-03-21 05:26:35,839 Epoch 206/300, Train Loss: 0.056886, Val Loss: 0.071419  
	Train = MSE:0.057482 , RMSE:0.239755 , MAE:0.172656 , MAPD:0.923230, R_squared:0.999005  
	Validation = MSE:0.069787 , RMSE:0.264172 , MAE:0.184346 , MAPD:1.007813, R_squared:0.998744

2024-03-21 05:26:36,930 Epoch 207/300, Train Loss: 0.056888, Val Loss: 0.065129  
	Train = MSE:0.057361 , RMSE:0.239502 , MAE:0.172507 , MAPD:0.922329, R_squared:0.999007  
	Validation = MSE:0.062898 , RMSE:0.250794 , MAE:0.174892 , MAPD:0.966330, R_squared:0.998868

2024-03-21 05:26:37,976 Epoch 208/300, Train Loss: 0.054737, Val Loss: 0.067045  
	Train = MSE:0.055190 , RMSE:0.234925 , MAE:0.168847 , MAPD:0.908260, R_squared:0.999045  
	Validation = MSE:0.065159 , RMSE:0.255262 , MAE:0.177271 , MAPD:0.976214, R_squared:0.998828

2024-03-21 05:26:39,020 Epoch 209/300, Train Loss: 0.056329, Val Loss: 0.065692  
	Train = MSE:0.055988 , RMSE:0.236618 , MAE:0.169394 , MAPD:0.905428, R_squared:0.999031  
	Validation = MSE:0.063735 , RMSE:0.252457 , MAE:0.175476 , MAPD:0.966314, R_squared:0.998853

2024-03-21 05:26:40,045 Epoch 210/300, Train Loss: 0.055388, Val Loss: 0.064688  
	Train = MSE:0.055045 , RMSE:0.234616 , MAE:0.169525 , MAPD:0.908714, R_squared:0.999047  
	Validation = MSE:0.062612 , RMSE:0.250225 , MAE:0.174362 , MAPD:0.961399, R_squared:0.998873

2024-03-21 05:26:41,032 Epoch 211/300, Train Loss: 0.053527, Val Loss: 0.065430  
	Train = MSE:0.054066 , RMSE:0.232520 , MAE:0.166817 , MAPD:0.893975, R_squared:0.999064  
	Validation = MSE:0.063461 , RMSE:0.251915 , MAE:0.175154 , MAPD:0.962424, R_squared:0.998858

2024-03-21 05:26:43,897 Epoch 212/300, Train Loss: 0.054317, Val Loss: 0.066363  
	Train = MSE:0.054466 , RMSE:0.233380 , MAE:0.167455 , MAPD:0.896587, R_squared:0.999057  
	Validation = MSE:0.064560 , RMSE:0.254086 , MAE:0.176365 , MAPD:0.968333, R_squared:0.998838

2024-03-21 05:26:45,039 Epoch 213/300, Train Loss: 0.054357, Val Loss: 0.067762  
	Train = MSE:0.054376 , RMSE:0.233187 , MAE:0.168518 , MAPD:0.907574, R_squared:0.999059  
	Validation = MSE:0.065936 , RMSE:0.256779 , MAE:0.178721 , MAPD:0.982953, R_squared:0.998814

2024-03-21 05:26:45,785 Epoch 214/300, Train Loss: 0.057307, Val Loss: 0.065295  
	Train = MSE:0.057621 , RMSE:0.240043 , MAE:0.175301 , MAPD:0.936037, R_squared:0.999003  
	Validation = MSE:0.063456 , RMSE:0.251905 , MAE:0.174915 , MAPD:0.959211, R_squared:0.998858

2024-03-21 05:26:46,551 Epoch 215/300, Train Loss: 0.052985, Val Loss: 0.063612  
	Train = MSE:0.053145 , RMSE:0.230532 , MAE:0.164760 , MAPD:0.879620, R_squared:0.999080  
	Validation = MSE:0.061588 , RMSE:0.248169 , MAE:0.172532 , MAPD:0.949330, R_squared:0.998892

2024-03-21 05:26:47,305 Epoch 216/300, Train Loss: 0.053065, Val Loss: 0.064093  
	Train = MSE:0.052659 , RMSE:0.229476 , MAE:0.164294 , MAPD:0.880056, R_squared:0.999088  
	Validation = MSE:0.062127 , RMSE:0.249253 , MAE:0.173036 , MAPD:0.952479, R_squared:0.998882

2024-03-21 05:26:48,095 Epoch 217/300, Train Loss: 0.053356, Val Loss: 0.062267  
	Train = MSE:0.052737 , RMSE:0.229645 , MAE:0.164382 , MAPD:0.881708, R_squared:0.999087  
	Validation = MSE:0.060074 , RMSE:0.245099 , MAE:0.171156 , MAPD:0.944900, R_squared:0.998919

2024-03-21 05:26:48,849 Epoch 218/300, Train Loss: 0.053939, Val Loss: 0.061763  
	Train = MSE:0.053683 , RMSE:0.231696 , MAE:0.166982 , MAPD:0.894234, R_squared:0.999071  
	Validation = MSE:0.059537 , RMSE:0.244002 , MAE:0.170919 , MAPD:0.944091, R_squared:0.998929

2024-03-21 05:26:49,869 Epoch 219/300, Train Loss: 0.051654, Val Loss: 0.061907  
	Train = MSE:0.051768 , RMSE:0.227525 , MAE:0.162679 , MAPD:0.871674, R_squared:0.999104  
	Validation = MSE:0.059623 , RMSE:0.244179 , MAE:0.169884 , MAPD:0.936590, R_squared:0.998927

2024-03-21 05:26:50,833 Epoch 220/300, Train Loss: 0.052061, Val Loss: 0.065133  
	Train = MSE:0.052101 , RMSE:0.228256 , MAE:0.163547 , MAPD:0.874038, R_squared:0.999098  
	Validation = MSE:0.063363 , RMSE:0.251721 , MAE:0.174365 , MAPD:0.954231, R_squared:0.998860

2024-03-21 05:26:51,595 Epoch 221/300, Train Loss: 0.051367, Val Loss: 0.068148  
	Train = MSE:0.051656 , RMSE:0.227279 , MAE:0.163099 , MAPD:0.873667, R_squared:0.999106  
	Validation = MSE:0.066506 , RMSE:0.257889 , MAE:0.179169 , MAPD:0.983892, R_squared:0.998803

2024-03-21 05:26:54,747 Epoch 222/300, Train Loss: 0.053288, Val Loss: 0.061775  
	Train = MSE:0.052393 , RMSE:0.228895 , MAE:0.164197 , MAPD:0.873712, R_squared:0.999093  
	Validation = MSE:0.059724 , RMSE:0.244386 , MAE:0.169490 , MAPD:0.931814, R_squared:0.998925

2024-03-21 05:26:55,526 Epoch 223/300, Train Loss: 0.051797, Val Loss: 0.060668  
	Train = MSE:0.052085 , RMSE:0.228222 , MAE:0.163595 , MAPD:0.875411, R_squared:0.999098  
	Validation = MSE:0.058399 , RMSE:0.241659 , MAE:0.169542 , MAPD:0.936591, R_squared:0.998949

2024-03-21 05:26:56,282 Epoch 224/300, Train Loss: 0.051226, Val Loss: 0.061317  
	Train = MSE:0.051787 , RMSE:0.227567 , MAE:0.163802 , MAPD:0.875375, R_squared:0.999104  
	Validation = MSE:0.058748 , RMSE:0.242380 , MAE:0.169922 , MAPD:0.932675, R_squared:0.998943

2024-03-21 05:26:57,224 Epoch 225/300, Train Loss: 0.054237, Val Loss: 0.061505  
	Train = MSE:0.053434 , RMSE:0.231158 , MAE:0.166232 , MAPD:0.886925, R_squared:0.999075  
	Validation = MSE:0.059560 , RMSE:0.244050 , MAE:0.168441 , MAPD:0.925908, R_squared:0.998928

2024-03-21 05:26:58,287 Epoch 226/300, Train Loss: 0.051131, Val Loss: 0.061147  
	Train = MSE:0.051086 , RMSE:0.226022 , MAE:0.162130 , MAPD:0.861825, R_squared:0.999116  
	Validation = MSE:0.058889 , RMSE:0.242670 , MAE:0.176209 , MAPD:0.983432, R_squared:0.998940

2024-03-21 05:26:59,310 Epoch 227/300, Train Loss: 0.051229, Val Loss: 0.061808  
	Train = MSE:0.051019 , RMSE:0.225873 , MAE:0.162891 , MAPD:0.871433, R_squared:0.999117  
	Validation = MSE:0.059908 , RMSE:0.244760 , MAE:0.168793 , MAPD:0.925117, R_squared:0.998922

2024-03-21 05:27:00,067 Epoch 228/300, Train Loss: 0.049447, Val Loss: 0.059446  
	Train = MSE:0.050200 , RMSE:0.224054 , MAE:0.160315 , MAPD:0.854944, R_squared:0.999131  
	Validation = MSE:0.057079 , RMSE:0.238912 , MAE:0.166821 , MAPD:0.918593, R_squared:0.998973

2024-03-21 05:27:00,819 Epoch 229/300, Train Loss: 0.049504, Val Loss: 0.059328  
	Train = MSE:0.049678 , RMSE:0.222886 , MAE:0.159499 , MAPD:0.852449, R_squared:0.999140  
	Validation = MSE:0.056966 , RMSE:0.238677 , MAE:0.166295 , MAPD:0.915452, R_squared:0.998975

2024-03-21 05:27:01,573 Epoch 230/300, Train Loss: 0.049694, Val Loss: 0.059949  
	Train = MSE:0.049889 , RMSE:0.223359 , MAE:0.159830 , MAPD:0.851518, R_squared:0.999136  
	Validation = MSE:0.057309 , RMSE:0.239393 , MAE:0.172226 , MAPD:0.950047, R_squared:0.998969

2024-03-21 05:27:02,323 Epoch 231/300, Train Loss: 0.050248, Val Loss: 0.059624  
	Train = MSE:0.050509 , RMSE:0.224742 , MAE:0.160797 , MAPD:0.856388, R_squared:0.999126  
	Validation = MSE:0.057795 , RMSE:0.240405 , MAE:0.166731 , MAPD:0.915318, R_squared:0.998960

2024-03-21 05:27:04,598 Epoch 232/300, Train Loss: 0.048704, Val Loss: 0.059420  
	Train = MSE:0.048825 , RMSE:0.220963 , MAE:0.157612 , MAPD:0.840190, R_squared:0.999155  
	Validation = MSE:0.057327 , RMSE:0.239430 , MAE:0.165262 , MAPD:0.907471, R_squared:0.998968

2024-03-21 05:27:05,344 Epoch 233/300, Train Loss: 0.048258, Val Loss: 0.059247  
	Train = MSE:0.048776 , RMSE:0.220853 , MAE:0.157558 , MAPD:0.841876, R_squared:0.999156  
	Validation = MSE:0.057037 , RMSE:0.238824 , MAE:0.164701 , MAPD:0.905637, R_squared:0.998974

2024-03-21 05:27:06,325 Epoch 234/300, Train Loss: 0.047935, Val Loss: 0.059370  
	Train = MSE:0.048338 , RMSE:0.219858 , MAE:0.156895 , MAPD:0.834638, R_squared:0.999163  
	Validation = MSE:0.057475 , RMSE:0.239740 , MAE:0.165119 , MAPD:0.903604, R_squared:0.998966

2024-03-21 05:27:07,338 Epoch 235/300, Train Loss: 0.047909, Val Loss: 0.061406  
	Train = MSE:0.048410 , RMSE:0.220022 , MAE:0.156626 , MAPD:0.834812, R_squared:0.999162  
	Validation = MSE:0.059621 , RMSE:0.244173 , MAE:0.167986 , MAPD:0.919052, R_squared:0.998927

2024-03-21 05:27:08,481 Epoch 236/300, Train Loss: 0.047884, Val Loss: 0.057744  
	Train = MSE:0.048073 , RMSE:0.219255 , MAE:0.156739 , MAPD:0.833565, R_squared:0.999168  
	Validation = MSE:0.055675 , RMSE:0.235956 , MAE:0.162915 , MAPD:0.894253, R_squared:0.998998

2024-03-21 05:27:09,516 Epoch 237/300, Train Loss: 0.048320, Val Loss: 0.058415  
	Train = MSE:0.048563 , RMSE:0.220371 , MAE:0.157016 , MAPD:0.834658, R_squared:0.999159  
	Validation = MSE:0.056545 , RMSE:0.237792 , MAE:0.163551 , MAPD:0.895838, R_squared:0.998983

2024-03-21 05:27:10,684 Epoch 238/300, Train Loss: 0.047785, Val Loss: 0.059285  
	Train = MSE:0.047863 , RMSE:0.218775 , MAE:0.156136 , MAPD:0.832325, R_squared:0.999171  
	Validation = MSE:0.056675 , RMSE:0.238066 , MAE:0.173129 , MAPD:0.952980, R_squared:0.998980

2024-03-21 05:27:11,925 Epoch 239/300, Train Loss: 0.048017, Val Loss: 0.057784  
	Train = MSE:0.048558 , RMSE:0.220359 , MAE:0.159438 , MAPD:0.851493, R_squared:0.999159  
	Validation = MSE:0.055779 , RMSE:0.236177 , MAE:0.162415 , MAPD:0.890387, R_squared:0.998996

2024-03-21 05:27:12,695 Epoch 240/300, Train Loss: 0.046758, Val Loss: 0.056544  
	Train = MSE:0.046970 , RMSE:0.216726 , MAE:0.153809 , MAPD:0.817646, R_squared:0.999187  
	Validation = MSE:0.054535 , RMSE:0.233528 , MAE:0.161378 , MAPD:0.884950, R_squared:0.999019

2024-03-21 05:27:13,445 Epoch 241/300, Train Loss: 0.047037, Val Loss: 0.055961  
	Train = MSE:0.046809 , RMSE:0.216355 , MAE:0.153991 , MAPD:0.818244, R_squared:0.999190  
	Validation = MSE:0.053954 , RMSE:0.232279 , MAE:0.162103 , MAPD:0.892883, R_squared:0.999029

2024-03-21 05:27:15,731 Epoch 242/300, Train Loss: 0.046922, Val Loss: 0.056923  
	Train = MSE:0.047005 , RMSE:0.216807 , MAE:0.155097 , MAPD:0.825356, R_squared:0.999186  
	Validation = MSE:0.054665 , RMSE:0.233806 , MAE:0.169226 , MAPD:0.939915, R_squared:0.999016

2024-03-21 05:27:16,604 Epoch 243/300, Train Loss: 0.047602, Val Loss: 0.057361  
	Train = MSE:0.047649 , RMSE:0.218286 , MAE:0.157800 , MAPD:0.841103, R_squared:0.999175  
	Validation = MSE:0.055330 , RMSE:0.235223 , MAE:0.161995 , MAPD:0.889918, R_squared:0.999004

2024-03-21 05:27:17,664 Epoch 244/300, Train Loss: 0.047826, Val Loss: 0.058490  
	Train = MSE:0.047785 , RMSE:0.218598 , MAE:0.157343 , MAPD:0.836541, R_squared:0.999173  
	Validation = MSE:0.055928 , RMSE:0.236491 , MAE:0.171604 , MAPD:0.938395, R_squared:0.998994

2024-03-21 05:27:18,721 Epoch 245/300, Train Loss: 0.048333, Val Loss: 0.056205  
	Train = MSE:0.047962 , RMSE:0.219003 , MAE:0.158870 , MAPD:0.842010, R_squared:0.999170  
	Validation = MSE:0.053856 , RMSE:0.232069 , MAE:0.168282 , MAPD:0.931259, R_squared:0.999031

2024-03-21 05:27:19,791 Epoch 246/300, Train Loss: 0.046815, Val Loss: 0.055339  
	Train = MSE:0.046297 , RMSE:0.215168 , MAE:0.154203 , MAPD:0.818669, R_squared:0.999199  
	Validation = MSE:0.053599 , RMSE:0.231515 , MAE:0.159670 , MAPD:0.874375, R_squared:0.999036

2024-03-21 05:27:20,756 Epoch 247/300, Train Loss: 0.046495, Val Loss: 0.054560  
	Train = MSE:0.045943 , RMSE:0.214342 , MAE:0.152929 , MAPD:0.810854, R_squared:0.999205  
	Validation = MSE:0.052447 , RMSE:0.229012 , MAE:0.162144 , MAPD:0.894092, R_squared:0.999056

2024-03-21 05:27:21,520 Epoch 248/300, Train Loss: 0.047761, Val Loss: 0.056702  
	Train = MSE:0.046934 , RMSE:0.216642 , MAE:0.155860 , MAPD:0.826277, R_squared:0.999188  
	Validation = MSE:0.054923 , RMSE:0.234357 , MAE:0.160851 , MAPD:0.882225, R_squared:0.999012

2024-03-21 05:27:22,254 Epoch 249/300, Train Loss: 0.046129, Val Loss: 0.054360  
	Train = MSE:0.045333 , RMSE:0.212915 , MAE:0.152127 , MAPD:0.806588, R_squared:0.999215  
	Validation = MSE:0.052427 , RMSE:0.228970 , MAE:0.157886 , MAPD:0.864396, R_squared:0.999057

2024-03-21 05:27:23,001 Epoch 250/300, Train Loss: 0.045517, Val Loss: 0.057473  
	Train = MSE:0.044747 , RMSE:0.211536 , MAE:0.150839 , MAPD:0.797967, R_squared:0.999225  
	Validation = MSE:0.055147 , RMSE:0.234834 , MAE:0.175923 , MAPD:0.982131, R_squared:0.999008

2024-03-21 05:27:23,765 Epoch 251/300, Train Loss: 0.047739, Val Loss: 0.059182  
	Train = MSE:0.047443 , RMSE:0.217815 , MAE:0.157735 , MAPD:0.840119, R_squared:0.999179  
	Validation = MSE:0.057773 , RMSE:0.240361 , MAE:0.166108 , MAPD:0.901681, R_squared:0.998960

2024-03-21 05:27:27,149 Epoch 252/300, Train Loss: 0.047927, Val Loss: 0.053304  
	Train = MSE:0.048146 , RMSE:0.219422 , MAE:0.158100 , MAPD:0.835626, R_squared:0.999167  
	Validation = MSE:0.051424 , RMSE:0.226769 , MAE:0.157422 , MAPD:0.861269, R_squared:0.999075

2024-03-21 05:27:27,894 Epoch 253/300, Train Loss: 0.044739, Val Loss: 0.054387  
	Train = MSE:0.044663 , RMSE:0.211335 , MAE:0.152596 , MAPD:0.809618, R_squared:0.999227  
	Validation = MSE:0.052674 , RMSE:0.229509 , MAE:0.157059 , MAPD:0.859673, R_squared:0.999052

2024-03-21 05:27:28,641 Epoch 254/300, Train Loss: 0.046582, Val Loss: 0.053304  
	Train = MSE:0.045322 , RMSE:0.212888 , MAE:0.152177 , MAPD:0.805637, R_squared:0.999215  
	Validation = MSE:0.051549 , RMSE:0.227043 , MAE:0.155668 , MAPD:0.852451, R_squared:0.999072

2024-03-21 05:27:29,406 Epoch 255/300, Train Loss: 0.044767, Val Loss: 0.053260  
	Train = MSE:0.044999 , RMSE:0.212129 , MAE:0.153149 , MAPD:0.813076, R_squared:0.999221  
	Validation = MSE:0.051557 , RMSE:0.227061 , MAE:0.155336 , MAPD:0.848572, R_squared:0.999072

2024-03-21 05:27:30,145 Epoch 256/300, Train Loss: 0.044175, Val Loss: 0.053408  
	Train = MSE:0.043776 , RMSE:0.209227 , MAE:0.148899 , MAPD:0.788274, R_squared:0.999242  
	Validation = MSE:0.051771 , RMSE:0.227533 , MAE:0.155781 , MAPD:0.853071, R_squared:0.999068

2024-03-21 05:27:30,906 Epoch 257/300, Train Loss: 0.044881, Val Loss: 0.052288  
	Train = MSE:0.044721 , RMSE:0.211474 , MAE:0.152513 , MAPD:0.806673, R_squared:0.999226  
	Validation = MSE:0.050379 , RMSE:0.224453 , MAE:0.153986 , MAPD:0.842154, R_squared:0.999093

2024-03-21 05:27:31,684 Epoch 258/300, Train Loss: 0.043581, Val Loss: 0.051575  
	Train = MSE:0.043454 , RMSE:0.208455 , MAE:0.148934 , MAPD:0.788603, R_squared:0.999248  
	Validation = MSE:0.049810 , RMSE:0.223182 , MAE:0.154354 , MAPD:0.846907, R_squared:0.999104

2024-03-21 05:27:32,458 Epoch 259/300, Train Loss: 0.042732, Val Loss: 0.051411  
	Train = MSE:0.042981 , RMSE:0.207319 , MAE:0.147988 , MAPD:0.783128, R_squared:0.999256  
	Validation = MSE:0.049570 , RMSE:0.222644 , MAE:0.153576 , MAPD:0.840604, R_squared:0.999108

2024-03-21 05:27:33,234 Epoch 260/300, Train Loss: 0.043406, Val Loss: 0.052516  
	Train = MSE:0.043782 , RMSE:0.209241 , MAE:0.150213 , MAPD:0.794504, R_squared:0.999242  
	Validation = MSE:0.050854 , RMSE:0.225508 , MAE:0.153764 , MAPD:0.838067, R_squared:0.999085

2024-03-21 05:27:34,012 Epoch 261/300, Train Loss: 0.042481, Val Loss: 0.050908  
	Train = MSE:0.042899 , RMSE:0.207121 , MAE:0.147651 , MAPD:0.781764, R_squared:0.999257  
	Validation = MSE:0.049086 , RMSE:0.221553 , MAE:0.152780 , MAPD:0.837650, R_squared:0.999117

2024-03-21 05:27:36,352 Epoch 262/300, Train Loss: 0.044111, Val Loss: 0.051225  
	Train = MSE:0.043674 , RMSE:0.208984 , MAE:0.149252 , MAPD:0.788828, R_squared:0.999244  
	Validation = MSE:0.049287 , RMSE:0.222008 , MAE:0.158495 , MAPD:0.876644, R_squared:0.999113

2024-03-21 05:27:37,113 Epoch 263/300, Train Loss: 0.043121, Val Loss: 0.050617  
	Train = MSE:0.042981 , RMSE:0.207319 , MAE:0.148960 , MAPD:0.788334, R_squared:0.999256  
	Validation = MSE:0.048918 , RMSE:0.221175 , MAE:0.152035 , MAPD:0.832429, R_squared:0.999120

2024-03-21 05:27:37,868 Epoch 264/300, Train Loss: 0.042844, Val Loss: 0.050862  
	Train = MSE:0.042943 , RMSE:0.207228 , MAE:0.148688 , MAPD:0.788782, R_squared:0.999257  
	Validation = MSE:0.048850 , RMSE:0.221021 , MAE:0.152454 , MAPD:0.830905, R_squared:0.999121

2024-03-21 05:27:38,658 Epoch 265/300, Train Loss: 0.042394, Val Loss: 0.058999  
	Train = MSE:0.042849 , RMSE:0.207000 , MAE:0.148628 , MAPD:0.786654, R_squared:0.999258  
	Validation = MSE:0.057741 , RMSE:0.240294 , MAE:0.168028 , MAPD:0.920699, R_squared:0.998961

2024-03-21 05:27:40,196 Epoch 266/300, Train Loss: 0.045092, Val Loss: 0.054102  
	Train = MSE:0.045061 , RMSE:0.212275 , MAE:0.152920 , MAPD:0.810385, R_squared:0.999220  
	Validation = MSE:0.052016 , RMSE:0.228070 , MAE:0.170894 , MAPD:0.956480, R_squared:0.999064

2024-03-21 05:27:41,157 Epoch 267/300, Train Loss: 0.042898, Val Loss: 0.049617  
	Train = MSE:0.043160 , RMSE:0.207751 , MAE:0.149629 , MAPD:0.794509, R_squared:0.999253  
	Validation = MSE:0.047768 , RMSE:0.218560 , MAE:0.151946 , MAPD:0.831704, R_squared:0.999140

2024-03-21 05:27:41,920 Epoch 268/300, Train Loss: 0.041688, Val Loss: 0.050486  
	Train = MSE:0.041824 , RMSE:0.204510 , MAE:0.146710 , MAPD:0.774578, R_squared:0.999276  
	Validation = MSE:0.048537 , RMSE:0.220312 , MAE:0.157280 , MAPD:0.865840, R_squared:0.999127

2024-03-21 05:27:42,661 Epoch 269/300, Train Loss: 0.042076, Val Loss: 0.049215  
	Train = MSE:0.041836 , RMSE:0.204538 , MAE:0.146437 , MAPD:0.774379, R_squared:0.999276  
	Validation = MSE:0.047437 , RMSE:0.217801 , MAE:0.149859 , MAPD:0.818463, R_squared:0.999146

2024-03-21 05:27:43,411 Epoch 270/300, Train Loss: 0.040952, Val Loss: 0.048743  
	Train = MSE:0.041041 , RMSE:0.202585 , MAE:0.144913 , MAPD:0.764326, R_squared:0.999290  
	Validation = MSE:0.047041 , RMSE:0.216890 , MAE:0.151234 , MAPD:0.829404, R_squared:0.999154

2024-03-21 05:27:44,170 Epoch 271/300, Train Loss: 0.041629, Val Loss: 0.049467  
	Train = MSE:0.041449 , RMSE:0.203590 , MAE:0.146040 , MAPD:0.771922, R_squared:0.999283  
	Validation = MSE:0.047769 , RMSE:0.218561 , MAE:0.149411 , MAPD:0.816355, R_squared:0.999140

2024-03-21 05:27:46,722 Epoch 272/300, Train Loss: 0.043344, Val Loss: 0.066719  
	Train = MSE:0.043609 , RMSE:0.208827 , MAE:0.151394 , MAPD:0.801609, R_squared:0.999245  
	Validation = MSE:0.065883 , RMSE:0.256676 , MAE:0.183908 , MAPD:0.980278, R_squared:0.998815

2024-03-21 05:27:47,898 Epoch 273/300, Train Loss: 0.049353, Val Loss: 0.053935  
	Train = MSE:0.049583 , RMSE:0.222673 , MAE:0.164441 , MAPD:0.865230, R_squared:0.999142  
	Validation = MSE:0.051702 , RMSE:0.227380 , MAE:0.170189 , MAPD:0.937378, R_squared:0.999070

2024-03-21 05:27:48,707 Epoch 274/300, Train Loss: 0.043715, Val Loss: 0.056550  
	Train = MSE:0.044250 , RMSE:0.210357 , MAE:0.154077 , MAPD:0.817971, R_squared:0.999234  
	Validation = MSE:0.055348 , RMSE:0.235261 , MAE:0.163290 , MAPD:0.882414, R_squared:0.999004

2024-03-21 05:27:49,464 Epoch 275/300, Train Loss: 0.043680, Val Loss: 0.049544  
	Train = MSE:0.043244 , RMSE:0.207953 , MAE:0.150036 , MAPD:0.790847, R_squared:0.999251  
	Validation = MSE:0.047754 , RMSE:0.218526 , MAE:0.158254 , MAPD:0.875392, R_squared:0.999141

2024-03-21 05:27:50,205 Epoch 276/300, Train Loss: 0.043055, Val Loss: 0.052864  
	Train = MSE:0.043094 , RMSE:0.207591 , MAE:0.150655 , MAPD:0.793659, R_squared:0.999254  
	Validation = MSE:0.051549 , RMSE:0.227043 , MAE:0.155504 , MAPD:0.841897, R_squared:0.999072

2024-03-21 05:27:50,972 Epoch 277/300, Train Loss: 0.044362, Val Loss: 0.047682  
	Train = MSE:0.044105 , RMSE:0.210013 , MAE:0.153429 , MAPD:0.807517, R_squared:0.999237  
	Validation = MSE:0.045992 , RMSE:0.214457 , MAE:0.149971 , MAPD:0.821106, R_squared:0.999172

2024-03-21 05:27:51,735 Epoch 278/300, Train Loss: 0.042317, Val Loss: 0.048766  
	Train = MSE:0.041998 , RMSE:0.204933 , MAE:0.148257 , MAPD:0.782069, R_squared:0.999273  
	Validation = MSE:0.046642 , RMSE:0.215968 , MAE:0.151428 , MAPD:0.819624, R_squared:0.999161

2024-03-21 05:27:52,507 Epoch 279/300, Train Loss: 0.041904, Val Loss: 0.049119  
	Train = MSE:0.041767 , RMSE:0.204370 , MAE:0.147852 , MAPD:0.780473, R_squared:0.999277  
	Validation = MSE:0.047709 , RMSE:0.218424 , MAE:0.148449 , MAPD:0.810431, R_squared:0.999142

2024-03-21 05:27:53,259 Epoch 280/300, Train Loss: 0.041467, Val Loss: 0.047023  
	Train = MSE:0.041833 , RMSE:0.204531 , MAE:0.147634 , MAPD:0.775646, R_squared:0.999276  
	Validation = MSE:0.045377 , RMSE:0.213019 , MAE:0.149421 , MAPD:0.819277, R_squared:0.999183

2024-03-21 05:27:53,990 Epoch 281/300, Train Loss: 0.039240, Val Loss: 0.046887  
	Train = MSE:0.039323 , RMSE:0.198301 , MAE:0.141837 , MAPD:0.748154, R_squared:0.999319  
	Validation = MSE:0.045330 , RMSE:0.212909 , MAE:0.147642 , MAPD:0.807345, R_squared:0.999184

2024-03-21 05:27:56,529 Epoch 282/300, Train Loss: 0.039965, Val Loss: 0.058407  
	Train = MSE:0.040036 , RMSE:0.200091 , MAE:0.143358 , MAPD:0.754480, R_squared:0.999307  
	Validation = MSE:0.055802 , RMSE:0.236224 , MAE:0.179801 , MAPD:0.970605, R_squared:0.998996

2024-03-21 05:27:57,285 Epoch 283/300, Train Loss: 0.043725, Val Loss: 0.048171  
	Train = MSE:0.043701 , RMSE:0.209047 , MAE:0.152620 , MAPD:0.802892, R_squared:0.999244  
	Validation = MSE:0.046819 , RMSE:0.216376 , MAE:0.147575 , MAPD:0.802554, R_squared:0.999158

2024-03-21 05:27:58,040 Epoch 284/300, Train Loss: 0.045868, Val Loss: 0.046786  
	Train = MSE:0.045504 , RMSE:0.213316 , MAE:0.157512 , MAPD:0.828138, R_squared:0.999212  
	Validation = MSE:0.045432 , RMSE:0.213147 , MAE:0.146242 , MAPD:0.796706, R_squared:0.999183

2024-03-21 05:27:58,790 Epoch 285/300, Train Loss: 0.040270, Val Loss: 0.046451  
	Train = MSE:0.040321 , RMSE:0.200802 , MAE:0.145418 , MAPD:0.763794, R_squared:0.999302  
	Validation = MSE:0.044783 , RMSE:0.211619 , MAE:0.145538 , MAPD:0.791861, R_squared:0.999194

2024-03-21 05:27:59,544 Epoch 286/300, Train Loss: 0.040430, Val Loss: 0.050916  
	Train = MSE:0.040725 , RMSE:0.201805 , MAE:0.146403 , MAPD:0.773319, R_squared:0.999295  
	Validation = MSE:0.049711 , RMSE:0.222960 , MAE:0.153159 , MAPD:0.832484, R_squared:0.999105

2024-03-21 05:28:00,313 Epoch 287/300, Train Loss: 0.040279, Val Loss: 0.046059  
	Train = MSE:0.040515 , RMSE:0.201283 , MAE:0.144700 , MAPD:0.759335, R_squared:0.999299  
	Validation = MSE:0.044709 , RMSE:0.211446 , MAE:0.144233 , MAPD:0.788391, R_squared:0.999195

2024-03-21 05:28:01,084 Epoch 288/300, Train Loss: 0.038605, Val Loss: 0.045869  
	Train = MSE:0.038658 , RMSE:0.196616 , MAE:0.141062 , MAPD:0.740321, R_squared:0.999331  
	Validation = MSE:0.044270 , RMSE:0.210404 , MAE:0.144126 , MAPD:0.784678, R_squared:0.999203

2024-03-21 05:28:01,909 Epoch 289/300, Train Loss: 0.037949, Val Loss: 0.046465  
	Train = MSE:0.038128 , RMSE:0.195263 , MAE:0.140736 , MAPD:0.741391, R_squared:0.999340  
	Validation = MSE:0.044991 , RMSE:0.212110 , MAE:0.145316 , MAPD:0.793470, R_squared:0.999190

2024-03-21 05:28:03,176 Epoch 290/300, Train Loss: 0.039343, Val Loss: 0.045282  
	Train = MSE:0.039051 , RMSE:0.197614 , MAE:0.143239 , MAPD:0.754191, R_squared:0.999324  
	Validation = MSE:0.043808 , RMSE:0.209303 , MAE:0.144865 , MAPD:0.793361, R_squared:0.999212

2024-03-21 05:28:04,524 Epoch 291/300, Train Loss: 0.041210, Val Loss: 0.045931  
	Train = MSE:0.040961 , RMSE:0.202387 , MAE:0.147392 , MAPD:0.776006, R_squared:0.999291  
	Validation = MSE:0.044620 , RMSE:0.211234 , MAE:0.143980 , MAPD:0.785136, R_squared:0.999197

2024-03-21 05:28:07,145 Epoch 292/300, Train Loss: 0.037313, Val Loss: 0.047016  
	Train = MSE:0.037595 , RMSE:0.193893 , MAE:0.138613 , MAPD:0.726690, R_squared:0.999349  
	Validation = MSE:0.045892 , RMSE:0.214225 , MAE:0.145570 , MAPD:0.787885, R_squared:0.999174

2024-03-21 05:28:08,046 Epoch 293/300, Train Loss: 0.037851, Val Loss: 0.045100  
	Train = MSE:0.037767 , RMSE:0.194339 , MAE:0.138913 , MAPD:0.728951, R_squared:0.999346  
	Validation = MSE:0.043607 , RMSE:0.208822 , MAE:0.148772 , MAPD:0.820275, R_squared:0.999215

2024-03-21 05:28:08,975 Epoch 294/300, Train Loss: 0.037739, Val Loss: 0.050418  
	Train = MSE:0.037907 , RMSE:0.194698 , MAE:0.139437 , MAPD:0.734268, R_squared:0.999344  
	Validation = MSE:0.049469 , RMSE:0.222416 , MAE:0.153753 , MAPD:0.834440, R_squared:0.999110

2024-03-21 05:28:09,869 Epoch 295/300, Train Loss: 0.040554, Val Loss: 0.045801  
	Train = MSE:0.040374 , RMSE:0.200932 , MAE:0.145477 , MAPD:0.764640, R_squared:0.999301  
	Validation = MSE:0.044586 , RMSE:0.211155 , MAE:0.144887 , MAPD:0.784967, R_squared:0.999198

2024-03-21 05:28:10,608 Epoch 296/300, Train Loss: 0.040097, Val Loss: 0.044761  
	Train = MSE:0.039995 , RMSE:0.199988 , MAE:0.144821 , MAPD:0.759345, R_squared:0.999308  
	Validation = MSE:0.043221 , RMSE:0.207896 , MAE:0.145916 , MAPD:0.795605, R_squared:0.999222

2024-03-21 05:28:11,448 Epoch 297/300, Train Loss: 0.038205, Val Loss: 0.044713  
	Train = MSE:0.038140 , RMSE:0.195295 , MAE:0.141230 , MAPD:0.739971, R_squared:0.999340  
	Validation = MSE:0.043476 , RMSE:0.208509 , MAE:0.142071 , MAPD:0.772868, R_squared:0.999218

2024-03-21 05:28:12,465 Epoch 298/300, Train Loss: 0.038899, Val Loss: 0.051220  
	Train = MSE:0.038764 , RMSE:0.196886 , MAE:0.141604 , MAPD:0.743364, R_squared:0.999329  
	Validation = MSE:0.050382 , RMSE:0.224458 , MAE:0.156024 , MAPD:0.845849, R_squared:0.999093

2024-03-21 05:28:13,506 Epoch 299/300, Train Loss: 0.040833, Val Loss: 0.043777  
	Train = MSE:0.040508 , RMSE:0.201265 , MAE:0.147151 , MAPD:0.768853, R_squared:0.999299  
	Validation = MSE:0.042438 , RMSE:0.206004 , MAE:0.141563 , MAPD:0.771685, R_squared:0.999236

2024-03-21 05:28:14,440 Epoch 300/300, Train Loss: 0.040162, Val Loss: 0.054944  
	Train = MSE:0.040559 , RMSE:0.201394 , MAE:0.147854 , MAPD:0.774093, R_squared:0.999298  
	Validation = MSE:0.052948 , RMSE:0.230104 , MAE:0.179754 , MAPD:0.996018, R_squared:0.999047

2024-03-21 05:28:14,446 Time for training the model: 310.049001
2024-03-21 05:28:16,866 MSE for train: 0.048808
2024-03-21 05:28:16,866 RMSE for train: 0.220926
2024-03-21 05:28:16,866 MAE for train: 0.175167
2024-03-21 05:28:16,866 MAPD for train: 0.941769
2024-03-21 05:28:16,866 R^2 Score for train: 0.999155
2024-03-21 05:28:16,870 Inference time for train dataset: 0.267000

2024-03-21 05:28:16,931 MSE for val: 0.052948
2024-03-21 05:28:16,931 RMSE for val: 0.230104
2024-03-21 05:28:16,931 MAE for val: 0.179754
2024-03-21 05:28:16,932 MAPD for val: 0.996018
2024-03-21 05:28:16,932 R^2 Score for val: 0.999047
2024-03-21 05:28:16,937 Inference time for val dataset: 0.062000

2024-03-21 05:28:16,997 MSE for test: 0.056476
2024-03-21 05:28:16,998 RMSE for test: 0.237646
2024-03-21 05:28:16,998 MAE for test: 0.182389
2024-03-21 05:28:16,998 MAPD for test: 0.951140
2024-03-21 05:28:16,998 R^2 Score for test: 0.999068
2024-03-21 05:28:17,002 Inference time for test dataset: 0.060000

2024-03-21 05:28:19,085 Train label average: , [20.62097221]
2024-03-21 05:28:19,086 Test label average: , [21.41736175]
2024-03-21 05:28:19,086 validation label average: , [20.14607025]
2024-03-21 05:28:19,086 predicted (on validation dataset) values average: , 21.525556640625
