2024-03-21 05:12:08,556 train batches in dataset: 3199
2024-03-21 05:12:08,556 val batches in dataset: 400
2024-03-21 05:12:08,556 test batches in dataset: 400
2024-03-21 05:12:08,571 Trainable parameter: net_core.0.weight - size: torch.Size([256, 35])
2024-03-21 05:12:08,580 Trainable parameter: net_core.0.bias - size: torch.Size([256])
2024-03-21 05:12:08,587 Trainable parameter: net_core.1.weight - size: torch.Size([128, 256])
2024-03-21 05:12:08,599 Trainable parameter: net_core.1.bias - size: torch.Size([128])
2024-03-21 05:12:08,607 Trainable parameter: net_core.2.weight - size: torch.Size([64, 128])
2024-03-21 05:12:08,620 Trainable parameter: net_core.2.bias - size: torch.Size([64])
2024-03-21 05:12:08,629 Trainable parameter: net_core.3.weight - size: torch.Size([16, 64])
2024-03-21 05:12:08,630 Trainable parameter: net_core.3.bias - size: torch.Size([16])
2024-03-21 05:12:08,630 Trainable parameter: net_core.4.weight - size: torch.Size([1, 16])
2024-03-21 05:12:08,631 Trainable parameter: net_core.4.bias - size: torch.Size([1])
2024-03-21 05:12:08,631 Number of trainable parameters: 51425
2024-03-21 05:12:08,631 Number of non-trainable parameters: 0
2024-03-21 05:12:28,366 Epoch 1/300, Train Loss: 6.483910, Val Loss: 0.162796  
	Train = MSE:6.483909 , RMSE:2.546352 , MAE:1.114782 , MAPD:5.999151, R_squared:0.887762  
	Validation = MSE:0.162796 , RMSE:0.403480 , MAE:0.303822 , MAPD:1.687335, R_squared:0.997071

2024-03-21 05:12:48,718 Epoch 2/300, Train Loss: 0.369433, Val Loss: 0.135860  
	Train = MSE:0.369433 , RMSE:0.607810 , MAE:0.457358 , MAPD:2.420004, R_squared:0.993605  
	Validation = MSE:0.135860 , RMSE:0.368592 , MAE:0.260327 , MAPD:1.505660, R_squared:0.997555

2024-03-21 05:13:07,013 Epoch 3/300, Train Loss: 0.305544, Val Loss: 0.144805  
	Train = MSE:0.305544 , RMSE:0.552760 , MAE:0.410374 , MAPD:2.145591, R_squared:0.994711  
	Validation = MSE:0.144805 , RMSE:0.380533 , MAE:0.295535 , MAPD:1.799227, R_squared:0.997394

2024-03-21 05:13:25,983 Epoch 4/300, Train Loss: 0.282482, Val Loss: 0.216965  
	Train = MSE:0.282482 , RMSE:0.531491 , MAE:0.400198 , MAPD:2.091135, R_squared:0.995110  
	Validation = MSE:0.216965 , RMSE:0.465796 , MAE:0.392815 , MAPD:2.164008, R_squared:0.996096

2024-03-21 05:13:42,866 Epoch 5/300, Train Loss: 0.269892, Val Loss: 0.116546  
	Train = MSE:0.269892 , RMSE:0.519511 , MAE:0.379018 , MAPD:1.962770, R_squared:0.995328  
	Validation = MSE:0.116546 , RMSE:0.341388 , MAE:0.285954 , MAPD:1.715217, R_squared:0.997903

2024-03-21 05:14:01,994 Epoch 6/300, Train Loss: 0.200184, Val Loss: 0.083710  
	Train = MSE:0.200184 , RMSE:0.447420 , MAE:0.335851 , MAPD:1.742639, R_squared:0.996535  
	Validation = MSE:0.083710 , RMSE:0.289326 , MAE:0.231534 , MAPD:1.335709, R_squared:0.998494

2024-03-21 05:14:18,010 Epoch 7/300, Train Loss: 0.191396, Val Loss: 0.306660  
	Train = MSE:0.191396 , RMSE:0.437488 , MAE:0.327224 , MAPD:1.694996, R_squared:0.996687  
	Validation = MSE:0.306660 , RMSE:0.553769 , MAE:0.486878 , MAPD:2.462492, R_squared:0.994482

2024-03-21 05:14:32,693 Epoch 8/300, Train Loss: 0.215260, Val Loss: 0.207389  
	Train = MSE:0.215260 , RMSE:0.463961 , MAE:0.343834 , MAPD:1.777324, R_squared:0.996274  
	Validation = MSE:0.207389 , RMSE:0.455400 , MAE:0.359308 , MAPD:1.667002, R_squared:0.996268

2024-03-21 05:14:47,559 Epoch 9/300, Train Loss: 0.161316, Val Loss: 0.084551  
	Train = MSE:0.161316 , RMSE:0.401642 , MAE:0.301145 , MAPD:1.563113, R_squared:0.997208  
	Validation = MSE:0.084551 , RMSE:0.290776 , MAE:0.225706 , MAPD:1.305171, R_squared:0.998479

2024-03-21 05:15:03,128 Epoch 10/300, Train Loss: 0.154050, Val Loss: 0.377633  
	Train = MSE:0.154050 , RMSE:0.392492 , MAE:0.288747 , MAPD:1.505685, R_squared:0.997333  
	Validation = MSE:0.377633 , RMSE:0.614518 , MAE:0.500683 , MAPD:2.322718, R_squared:0.993205

2024-03-21 05:15:18,479 Epoch 11/300, Train Loss: 0.134918, Val Loss: 0.068608  
	Train = MSE:0.134918 , RMSE:0.367312 , MAE:0.277863 , MAPD:1.429925, R_squared:0.997665  
	Validation = MSE:0.068608 , RMSE:0.261931 , MAE:0.209942 , MAPD:1.126682, R_squared:0.998765

2024-03-21 05:15:35,555 Epoch 12/300, Train Loss: 0.137390, Val Loss: 0.095025  
	Train = MSE:0.137390 , RMSE:0.370662 , MAE:0.280243 , MAPD:1.440872, R_squared:0.997622  
	Validation = MSE:0.095025 , RMSE:0.308262 , MAE:0.266186 , MAPD:1.412129, R_squared:0.998290

2024-03-21 05:15:51,018 Epoch 13/300, Train Loss: 0.127877, Val Loss: 0.038438  
	Train = MSE:0.127877 , RMSE:0.357599 , MAE:0.270919 , MAPD:1.401652, R_squared:0.997786  
	Validation = MSE:0.038438 , RMSE:0.196055 , MAE:0.129424 , MAPD:0.714013, R_squared:0.999308

2024-03-21 05:16:06,193 Epoch 14/300, Train Loss: 0.123811, Val Loss: 0.059005  
	Train = MSE:0.123811 , RMSE:0.351868 , MAE:0.263935 , MAPD:1.369416, R_squared:0.997857  
	Validation = MSE:0.059005 , RMSE:0.242909 , MAE:0.180656 , MAPD:0.987563, R_squared:0.998938

2024-03-21 05:16:21,078 Epoch 15/300, Train Loss: 0.118658, Val Loss: 0.035953  
	Train = MSE:0.118658 , RMSE:0.344468 , MAE:0.254321 , MAPD:1.316709, R_squared:0.997946  
	Validation = MSE:0.035953 , RMSE:0.189613 , MAE:0.127364 , MAPD:0.700325, R_squared:0.999353

2024-03-21 05:16:36,137 Epoch 16/300, Train Loss: 0.111931, Val Loss: 0.213004  
	Train = MSE:0.111931 , RMSE:0.334561 , MAE:0.251806 , MAPD:1.296257, R_squared:0.998062  
	Validation = MSE:0.213004 , RMSE:0.461524 , MAE:0.380132 , MAPD:1.810343, R_squared:0.996167

2024-03-21 05:16:50,512 Epoch 17/300, Train Loss: 0.116764, Val Loss: 0.046869  
	Train = MSE:0.116764 , RMSE:0.341707 , MAE:0.256267 , MAPD:1.326433, R_squared:0.997979  
	Validation = MSE:0.046869 , RMSE:0.216494 , MAE:0.160927 , MAPD:0.843445, R_squared:0.999157

2024-03-21 05:17:06,012 Epoch 18/300, Train Loss: 0.116522, Val Loss: 0.035273  
	Train = MSE:0.116522 , RMSE:0.341353 , MAE:0.252848 , MAPD:1.299821, R_squared:0.997983  
	Validation = MSE:0.035273 , RMSE:0.187811 , MAE:0.129160 , MAPD:0.686296, R_squared:0.999365

2024-03-21 05:17:21,367 Epoch 19/300, Train Loss: 0.098106, Val Loss: 0.044641  
	Train = MSE:0.098106 , RMSE:0.313218 , MAE:0.236109 , MAPD:1.220950, R_squared:0.998302  
	Validation = MSE:0.044641 , RMSE:0.211284 , MAE:0.149980 , MAPD:0.789142, R_squared:0.999197

2024-03-21 05:17:35,028 Epoch 20/300, Train Loss: 0.094555, Val Loss: 0.079463  
	Train = MSE:0.094555 , RMSE:0.307498 , MAE:0.232218 , MAPD:1.192666, R_squared:0.998363  
	Validation = MSE:0.079463 , RMSE:0.281892 , MAE:0.234940 , MAPD:1.222295, R_squared:0.998570

2024-03-21 05:17:51,892 Epoch 21/300, Train Loss: 0.096568, Val Loss: 0.035490  
	Train = MSE:0.096568 , RMSE:0.310754 , MAE:0.234189 , MAPD:1.196821, R_squared:0.998328  
	Validation = MSE:0.035490 , RMSE:0.188388 , MAE:0.131981 , MAPD:0.725989, R_squared:0.999361

2024-03-21 05:18:07,602 Epoch 22/300, Train Loss: 0.097932, Val Loss: 0.053793  
	Train = MSE:0.097932 , RMSE:0.312941 , MAE:0.237660 , MAPD:1.226094, R_squared:0.998305  
	Validation = MSE:0.053793 , RMSE:0.231934 , MAE:0.163974 , MAPD:0.803588, R_squared:0.999032

2024-03-21 05:18:21,424 Epoch 23/300, Train Loss: 0.094121, Val Loss: 0.087553  
	Train = MSE:0.094121 , RMSE:0.306791 , MAE:0.232220 , MAPD:1.196834, R_squared:0.998371  
	Validation = MSE:0.087553 , RMSE:0.295894 , MAE:0.228734 , MAPD:1.137867, R_squared:0.998425

2024-03-21 05:18:35,225 Epoch 24/300, Train Loss: 0.080614, Val Loss: 0.048961  
	Train = MSE:0.080614 , RMSE:0.283927 , MAE:0.214987 , MAPD:1.108871, R_squared:0.998605  
	Validation = MSE:0.048961 , RMSE:0.221271 , MAE:0.162221 , MAPD:0.926722, R_squared:0.999119

2024-03-21 05:18:50,242 Epoch 25/300, Train Loss: 0.088404, Val Loss: 0.061416  
	Train = MSE:0.088404 , RMSE:0.297329 , MAE:0.224713 , MAPD:1.156304, R_squared:0.998470  
	Validation = MSE:0.061416 , RMSE:0.247822 , MAE:0.201442 , MAPD:1.145623, R_squared:0.998895

2024-03-21 05:19:04,520 Epoch 26/300, Train Loss: 0.083567, Val Loss: 0.100568  
	Train = MSE:0.083567 , RMSE:0.289079 , MAE:0.216144 , MAPD:1.114927, R_squared:0.998553  
	Validation = MSE:0.100568 , RMSE:0.317124 , MAE:0.258727 , MAPD:1.377196, R_squared:0.998190

2024-03-21 05:19:18,337 Epoch 27/300, Train Loss: 0.080954, Val Loss: 0.045677  
	Train = MSE:0.080954 , RMSE:0.284524 , MAE:0.208887 , MAPD:1.081991, R_squared:0.998599  
	Validation = MSE:0.045677 , RMSE:0.213722 , MAE:0.160029 , MAPD:0.862981, R_squared:0.999178

2024-03-21 05:19:34,395 Epoch 28/300, Train Loss: 0.082375, Val Loss: 0.031734  
	Train = MSE:0.082375 , RMSE:0.287010 , MAE:0.210120 , MAPD:1.088180, R_squared:0.998574  
	Validation = MSE:0.031734 , RMSE:0.178141 , MAE:0.126636 , MAPD:0.646544, R_squared:0.999429

2024-03-21 05:19:48,917 Epoch 29/300, Train Loss: 0.078371, Val Loss: 0.065392  
	Train = MSE:0.078371 , RMSE:0.279949 , MAE:0.209844 , MAPD:1.077983, R_squared:0.998643  
	Validation = MSE:0.065392 , RMSE:0.255718 , MAE:0.192727 , MAPD:0.958561, R_squared:0.998823

2024-03-21 05:20:05,028 Epoch 30/300, Train Loss: 0.066855, Val Loss: 0.054482  
	Train = MSE:0.066855 , RMSE:0.258563 , MAE:0.191368 , MAPD:0.986421, R_squared:0.998843  
	Validation = MSE:0.054482 , RMSE:0.233414 , MAE:0.191842 , MAPD:1.050014, R_squared:0.999020

2024-03-21 05:20:19,265 Epoch 31/300, Train Loss: 0.074410, Val Loss: 0.060925  
	Train = MSE:0.074410 , RMSE:0.272783 , MAE:0.206106 , MAPD:1.063900, R_squared:0.998712  
	Validation = MSE:0.060925 , RMSE:0.246830 , MAE:0.193847 , MAPD:1.180417, R_squared:0.998904

2024-03-21 05:20:35,358 Epoch 32/300, Train Loss: 0.076853, Val Loss: 0.026682  
	Train = MSE:0.076853 , RMSE:0.277224 , MAE:0.207291 , MAPD:1.076207, R_squared:0.998670  
	Validation = MSE:0.026682 , RMSE:0.163346 , MAE:0.111069 , MAPD:0.597906, R_squared:0.999520

2024-03-21 05:20:50,111 Epoch 33/300, Train Loss: 0.071215, Val Loss: 0.094428  
	Train = MSE:0.071215 , RMSE:0.266861 , MAE:0.201146 , MAPD:1.034309, R_squared:0.998767  
	Validation = MSE:0.094428 , RMSE:0.307291 , MAE:0.264320 , MAPD:1.482298, R_squared:0.998301

2024-03-21 05:21:05,414 Epoch 34/300, Train Loss: 0.065868, Val Loss: 0.201234  
	Train = MSE:0.065868 , RMSE:0.256648 , MAE:0.193821 , MAPD:0.996859, R_squared:0.998860  
	Validation = MSE:0.201234 , RMSE:0.448591 , MAE:0.425302 , MAPD:2.366178, R_squared:0.996379

2024-03-21 05:21:20,416 Epoch 35/300, Train Loss: 0.071587, Val Loss: 0.055677  
	Train = MSE:0.071587 , RMSE:0.267557 , MAE:0.200304 , MAPD:1.034519, R_squared:0.998761  
	Validation = MSE:0.055677 , RMSE:0.235960 , MAE:0.204470 , MAPD:1.130550, R_squared:0.998998

2024-03-21 05:21:35,403 Epoch 36/300, Train Loss: 0.064191, Val Loss: 0.245163  
	Train = MSE:0.064191 , RMSE:0.253359 , MAE:0.189456 , MAPD:0.978659, R_squared:0.998889  
	Validation = MSE:0.245163 , RMSE:0.495139 , MAE:0.469957 , MAPD:2.545681, R_squared:0.995589

2024-03-21 05:21:50,014 Epoch 37/300, Train Loss: 0.059256, Val Loss: 0.048127  
	Train = MSE:0.059256 , RMSE:0.243425 , MAE:0.185905 , MAPD:0.952682, R_squared:0.998974  
	Validation = MSE:0.048127 , RMSE:0.219379 , MAE:0.168747 , MAPD:0.933541, R_squared:0.999134

2024-03-21 05:22:04,504 Epoch 38/300, Train Loss: 0.068812, Val Loss: 0.028438  
	Train = MSE:0.068812 , RMSE:0.262320 , MAE:0.200541 , MAPD:1.031975, R_squared:0.998809  
	Validation = MSE:0.028438 , RMSE:0.168637 , MAE:0.117371 , MAPD:0.627544, R_squared:0.999488

2024-03-21 05:22:19,418 Epoch 39/300, Train Loss: 0.067037, Val Loss: 0.036586  
	Train = MSE:0.067037 , RMSE:0.258915 , MAE:0.193346 , MAPD:0.998467, R_squared:0.998840  
	Validation = MSE:0.036586 , RMSE:0.191274 , MAE:0.146942 , MAPD:0.740223, R_squared:0.999342

2024-03-21 05:22:34,706 Epoch 40/300, Train Loss: 0.061816, Val Loss: 0.023058  
	Train = MSE:0.061816 , RMSE:0.248628 , MAE:0.185611 , MAPD:0.950628, R_squared:0.998930  
	Validation = MSE:0.023058 , RMSE:0.151848 , MAE:0.105436 , MAPD:0.575529, R_squared:0.999585

2024-03-21 05:22:50,235 Epoch 41/300, Train Loss: 0.061032, Val Loss: 0.048180  
	Train = MSE:0.061032 , RMSE:0.247047 , MAE:0.186303 , MAPD:0.957375, R_squared:0.998944  
	Validation = MSE:0.048180 , RMSE:0.219498 , MAE:0.177119 , MAPD:1.083838, R_squared:0.999133

2024-03-21 05:23:07,808 Epoch 42/300, Train Loss: 0.061538, Val Loss: 0.101758  
	Train = MSE:0.061538 , RMSE:0.248068 , MAE:0.184613 , MAPD:0.948881, R_squared:0.998935  
	Validation = MSE:0.101758 , RMSE:0.318995 , MAE:0.290098 , MAPD:1.695097, R_squared:0.998169

2024-03-21 05:23:21,924 Epoch 43/300, Train Loss: 0.064219, Val Loss: 0.036814  
	Train = MSE:0.064219 , RMSE:0.253416 , MAE:0.186971 , MAPD:0.961053, R_squared:0.998888  
	Validation = MSE:0.036814 , RMSE:0.191871 , MAE:0.140914 , MAPD:0.703699, R_squared:0.999338

2024-03-21 05:23:36,946 Epoch 44/300, Train Loss: 0.060642, Val Loss: 0.065486  
	Train = MSE:0.060642 , RMSE:0.246255 , MAE:0.185249 , MAPD:0.952729, R_squared:0.998950  
	Validation = MSE:0.065486 , RMSE:0.255902 , MAE:0.224846 , MAPD:1.300883, R_squared:0.998822

2024-03-21 05:23:50,810 Epoch 45/300, Train Loss: 0.053598, Val Loss: 0.069394  
	Train = MSE:0.053598 , RMSE:0.231513 , MAE:0.173985 , MAPD:0.892199, R_squared:0.999072  
	Validation = MSE:0.069394 , RMSE:0.263427 , MAE:0.182990 , MAPD:0.892188, R_squared:0.998751

2024-03-21 05:24:04,984 Epoch 46/300, Train Loss: 0.059159, Val Loss: 0.025839  
	Train = MSE:0.059159 , RMSE:0.243227 , MAE:0.179535 , MAPD:0.920828, R_squared:0.998976  
	Validation = MSE:0.025839 , RMSE:0.160746 , MAE:0.112025 , MAPD:0.639491, R_squared:0.999535

2024-03-21 05:24:20,055 Epoch 47/300, Train Loss: 0.068040, Val Loss: 0.037778  
	Train = MSE:0.068040 , RMSE:0.260845 , MAE:0.188960 , MAPD:0.965390, R_squared:0.998822  
	Validation = MSE:0.037778 , RMSE:0.194366 , MAE:0.138616 , MAPD:0.673841, R_squared:0.999320

2024-03-21 05:24:34,374 Epoch 48/300, Train Loss: 0.055259, Val Loss: 0.038234  
	Train = MSE:0.055259 , RMSE:0.235073 , MAE:0.179448 , MAPD:0.922478, R_squared:0.999043  
	Validation = MSE:0.038234 , RMSE:0.195536 , MAE:0.140328 , MAPD:0.706823, R_squared:0.999312

2024-03-21 05:24:48,767 Epoch 49/300, Train Loss: 0.051846, Val Loss: 0.047107  
	Train = MSE:0.051846 , RMSE:0.227696 , MAE:0.172096 , MAPD:0.885740, R_squared:0.999103  
	Validation = MSE:0.047107 , RMSE:0.217041 , MAE:0.189300 , MAPD:1.056137, R_squared:0.999152

2024-03-21 05:25:03,163 Epoch 50/300, Train Loss: 0.052755, Val Loss: 0.023670  
	Train = MSE:0.052755 , RMSE:0.229685 , MAE:0.172106 , MAPD:0.881521, R_squared:0.999087  
	Validation = MSE:0.023670 , RMSE:0.153851 , MAE:0.114955 , MAPD:0.638951, R_squared:0.999574

2024-03-21 05:25:18,346 Epoch 51/300, Train Loss: 0.056321, Val Loss: 0.027917  
	Train = MSE:0.056321 , RMSE:0.237320 , MAE:0.178208 , MAPD:0.911952, R_squared:0.999025  
	Validation = MSE:0.027917 , RMSE:0.167085 , MAE:0.120603 , MAPD:0.695184, R_squared:0.999498

2024-03-21 05:25:34,374 Epoch 52/300, Train Loss: 0.055932, Val Loss: 0.141073  
	Train = MSE:0.055932 , RMSE:0.236499 , MAE:0.175961 , MAPD:0.905688, R_squared:0.999032  
	Validation = MSE:0.141073 , RMSE:0.375596 , MAE:0.338665 , MAPD:1.753005, R_squared:0.997462

2024-03-21 05:25:48,515 Epoch 53/300, Train Loss: 0.053458, Val Loss: 0.028158  
	Train = MSE:0.053458 , RMSE:0.231210 , MAE:0.172611 , MAPD:0.876862, R_squared:0.999075  
	Validation = MSE:0.028158 , RMSE:0.167802 , MAE:0.134196 , MAPD:0.743719, R_squared:0.999493

2024-03-21 05:26:03,367 Epoch 54/300, Train Loss: 0.049975, Val Loss: 0.061175  
	Train = MSE:0.049975 , RMSE:0.223551 , MAE:0.169245 , MAPD:0.867698, R_squared:0.999135  
	Validation = MSE:0.061175 , RMSE:0.247337 , MAE:0.175826 , MAPD:0.793309, R_squared:0.998899

2024-03-21 05:26:18,554 Epoch 55/300, Train Loss: 0.049019, Val Loss: 0.044245  
	Train = MSE:0.049019 , RMSE:0.221401 , MAE:0.169603 , MAPD:0.869917, R_squared:0.999151  
	Validation = MSE:0.044245 , RMSE:0.210345 , MAE:0.158699 , MAPD:0.833784, R_squared:0.999204

2024-03-21 05:26:32,629 Epoch 56/300, Train Loss: 0.059062, Val Loss: 0.027779  
	Train = MSE:0.059062 , RMSE:0.243027 , MAE:0.180803 , MAPD:0.942017, R_squared:0.998978  
	Validation = MSE:0.027779 , RMSE:0.166670 , MAE:0.126586 , MAPD:0.701672, R_squared:0.999500

2024-03-21 05:26:48,152 Epoch 57/300, Train Loss: 0.045347, Val Loss: 0.025093  
	Train = MSE:0.045347 , RMSE:0.212949 , MAE:0.161014 , MAPD:0.826788, R_squared:0.999215  
	Validation = MSE:0.025093 , RMSE:0.158408 , MAE:0.120894 , MAPD:0.616934, R_squared:0.999548

2024-03-21 05:27:02,694 Epoch 58/300, Train Loss: 0.044630, Val Loss: 0.037736  
	Train = MSE:0.044630 , RMSE:0.211258 , MAE:0.160002 , MAPD:0.825931, R_squared:0.999227  
	Validation = MSE:0.037736 , RMSE:0.194257 , MAE:0.143970 , MAPD:0.703555, R_squared:0.999321

2024-03-21 05:27:17,503 Epoch 59/300, Train Loss: 0.049310, Val Loss: 0.050238  
	Train = MSE:0.049310 , RMSE:0.222059 , MAE:0.169575 , MAPD:0.877053, R_squared:0.999146  
	Validation = MSE:0.050238 , RMSE:0.224139 , MAE:0.175258 , MAPD:0.902351, R_squared:0.999096

2024-03-21 05:27:31,858 Epoch 60/300, Train Loss: 0.049614, Val Loss: 0.025075  
	Train = MSE:0.049614 , RMSE:0.222742 , MAE:0.167576 , MAPD:0.855473, R_squared:0.999141  
	Validation = MSE:0.025075 , RMSE:0.158350 , MAE:0.118445 , MAPD:0.661380, R_squared:0.999549

2024-03-21 05:27:46,205 Epoch 61/300, Train Loss: 0.046900, Val Loss: 0.063800  
	Train = MSE:0.046900 , RMSE:0.216564 , MAE:0.162505 , MAPD:0.830710, R_squared:0.999188  
	Validation = MSE:0.063800 , RMSE:0.252586 , MAE:0.210108 , MAPD:1.043397, R_squared:0.998852

2024-03-21 05:28:02,185 Epoch 62/300, Train Loss: 0.049487, Val Loss: 0.041086  
	Train = MSE:0.049487 , RMSE:0.222456 , MAE:0.168191 , MAPD:0.872341, R_squared:0.999143  
	Validation = MSE:0.041086 , RMSE:0.202697 , MAE:0.155110 , MAPD:0.761201, R_squared:0.999261

2024-03-21 05:28:17,341 Epoch 63/300, Train Loss: 0.045994, Val Loss: 0.038157  
	Train = MSE:0.045994 , RMSE:0.214462 , MAE:0.162817 , MAPD:0.843460, R_squared:0.999204  
	Validation = MSE:0.038157 , RMSE:0.195338 , MAE:0.155827 , MAPD:0.872245, R_squared:0.999313

2024-03-21 05:28:32,211 Epoch 64/300, Train Loss: 0.047215, Val Loss: 0.102633  
	Train = MSE:0.047215 , RMSE:0.217289 , MAE:0.166002 , MAPD:0.860321, R_squared:0.999183  
	Validation = MSE:0.102633 , RMSE:0.320364 , MAE:0.274716 , MAPD:1.447692, R_squared:0.998153

2024-03-21 05:28:47,344 Epoch 65/300, Train Loss: 0.043402, Val Loss: 0.018155  
	Train = MSE:0.043402 , RMSE:0.208331 , MAE:0.160199 , MAPD:0.824032, R_squared:0.999249  
	Validation = MSE:0.018155 , RMSE:0.134739 , MAE:0.098475 , MAPD:0.548093, R_squared:0.999673

2024-03-21 05:29:02,290 Epoch 66/300, Train Loss: 0.042990, Val Loss: 0.124921  
	Train = MSE:0.042990 , RMSE:0.207341 , MAE:0.158741 , MAPD:0.819363, R_squared:0.999256  
	Validation = MSE:0.124921 , RMSE:0.353441 , MAE:0.313821 , MAPD:1.604031, R_squared:0.997752

2024-03-21 05:29:17,014 Epoch 67/300, Train Loss: 0.041475, Val Loss: 0.045567  
	Train = MSE:0.041475 , RMSE:0.203654 , MAE:0.155232 , MAPD:0.797896, R_squared:0.999282  
	Validation = MSE:0.045567 , RMSE:0.213463 , MAE:0.180249 , MAPD:1.133108, R_squared:0.999180

2024-03-21 05:29:31,451 Epoch 68/300, Train Loss: 0.040922, Val Loss: 0.055448  
	Train = MSE:0.040922 , RMSE:0.202291 , MAE:0.154506 , MAPD:0.799273, R_squared:0.999292  
	Validation = MSE:0.055448 , RMSE:0.235474 , MAE:0.201116 , MAPD:1.098032, R_squared:0.999002

2024-03-21 05:29:46,914 Epoch 69/300, Train Loss: 0.046393, Val Loss: 0.078585  
	Train = MSE:0.046393 , RMSE:0.215391 , MAE:0.164347 , MAPD:0.846639, R_squared:0.999197  
	Validation = MSE:0.078585 , RMSE:0.280331 , MAE:0.253263 , MAPD:1.523093, R_squared:0.998586

2024-03-21 05:30:03,189 Epoch 70/300, Train Loss: 0.045244, Val Loss: 0.018665  
	Train = MSE:0.045244 , RMSE:0.212707 , MAE:0.159075 , MAPD:0.816528, R_squared:0.999217  
	Validation = MSE:0.018665 , RMSE:0.136621 , MAE:0.094746 , MAPD:0.507905, R_squared:0.999664

2024-03-21 05:30:18,960 Epoch 71/300, Train Loss: 0.038565, Val Loss: 0.038627  
	Train = MSE:0.038565 , RMSE:0.196380 , MAE:0.149561 , MAPD:0.777541, R_squared:0.999332  
	Validation = MSE:0.038627 , RMSE:0.196538 , MAE:0.150700 , MAPD:0.771948, R_squared:0.999305

2024-03-21 05:30:37,422 Epoch 72/300, Train Loss: 0.043881, Val Loss: 0.046250  
	Train = MSE:0.043881 , RMSE:0.209478 , MAE:0.160398 , MAPD:0.827686, R_squared:0.999240  
	Validation = MSE:0.046250 , RMSE:0.215059 , MAE:0.158255 , MAPD:0.749962, R_squared:0.999168

2024-03-21 05:30:53,818 Epoch 73/300, Train Loss: 0.044141, Val Loss: 0.040996  
	Train = MSE:0.044141 , RMSE:0.210098 , MAE:0.159038 , MAPD:0.821292, R_squared:0.999236  
	Validation = MSE:0.040996 , RMSE:0.202474 , MAE:0.166141 , MAPD:0.900375, R_squared:0.999262

2024-03-21 05:31:09,856 Epoch 74/300, Train Loss: 0.040859, Val Loss: 0.113061  
	Train = MSE:0.040859 , RMSE:0.202136 , MAE:0.153533 , MAPD:0.790509, R_squared:0.999293  
	Validation = MSE:0.113061 , RMSE:0.336246 , MAE:0.309689 , MAPD:1.782419, R_squared:0.997966

2024-03-21 05:31:26,825 Epoch 75/300, Train Loss: 0.034948, Val Loss: 0.019846  
	Train = MSE:0.034948 , RMSE:0.186943 , MAE:0.144637 , MAPD:0.746750, R_squared:0.999395  
	Validation = MSE:0.019846 , RMSE:0.140878 , MAE:0.105924 , MAPD:0.563134, R_squared:0.999643

2024-03-21 05:31:43,065 Epoch 76/300, Train Loss: 0.038749, Val Loss: 0.033849  
	Train = MSE:0.038749 , RMSE:0.196847 , MAE:0.147968 , MAPD:0.762348, R_squared:0.999329  
	Validation = MSE:0.033849 , RMSE:0.183981 , MAE:0.145683 , MAPD:0.826263, R_squared:0.999391

2024-03-21 05:31:58,822 Epoch 77/300, Train Loss: 0.038731, Val Loss: 0.025803  
	Train = MSE:0.038731 , RMSE:0.196801 , MAE:0.149156 , MAPD:0.770677, R_squared:0.999330  
	Validation = MSE:0.025803 , RMSE:0.160633 , MAE:0.111235 , MAPD:0.582120, R_squared:0.999536

2024-03-21 05:32:14,503 Epoch 78/300, Train Loss: 0.041489, Val Loss: 0.029494  
	Train = MSE:0.041489 , RMSE:0.203689 , MAE:0.155389 , MAPD:0.792600, R_squared:0.999282  
	Validation = MSE:0.029494 , RMSE:0.171738 , MAE:0.124257 , MAPD:0.623399, R_squared:0.999469

2024-03-21 05:32:31,234 Epoch 79/300, Train Loss: 0.039936, Val Loss: 0.020248  
	Train = MSE:0.039936 , RMSE:0.199839 , MAE:0.150899 , MAPD:0.774964, R_squared:0.999309  
	Validation = MSE:0.020248 , RMSE:0.142296 , MAE:0.105937 , MAPD:0.541907, R_squared:0.999636

2024-03-21 05:32:46,861 Epoch 80/300, Train Loss: 0.037257, Val Loss: 0.057269  
	Train = MSE:0.037257 , RMSE:0.193020 , MAE:0.146421 , MAPD:0.751484, R_squared:0.999355  
	Validation = MSE:0.057269 , RMSE:0.239309 , MAE:0.189295 , MAPD:0.913020, R_squared:0.998969

2024-03-21 05:33:02,006 Epoch 81/300, Train Loss: 0.039866, Val Loss: 0.025765  
	Train = MSE:0.039866 , RMSE:0.199664 , MAE:0.151457 , MAPD:0.782440, R_squared:0.999310  
	Validation = MSE:0.025765 , RMSE:0.160515 , MAE:0.132102 , MAPD:0.774496, R_squared:0.999536

2024-03-21 05:33:19,385 Epoch 82/300, Train Loss: 0.039182, Val Loss: 0.018340  
	Train = MSE:0.039182 , RMSE:0.197943 , MAE:0.150370 , MAPD:0.772985, R_squared:0.999322  
	Validation = MSE:0.018340 , RMSE:0.135424 , MAE:0.098083 , MAPD:0.527229, R_squared:0.999670

2024-03-21 05:33:34,018 Epoch 83/300, Train Loss: 0.037085, Val Loss: 0.023397  
	Train = MSE:0.037085 , RMSE:0.192576 , MAE:0.146954 , MAPD:0.755981, R_squared:0.999358  
	Validation = MSE:0.023397 , RMSE:0.152959 , MAE:0.119780 , MAPD:0.701318, R_squared:0.999579

2024-03-21 05:33:48,267 Epoch 84/300, Train Loss: 0.034930, Val Loss: 0.030692  
	Train = MSE:0.034930 , RMSE:0.186897 , MAE:0.142237 , MAPD:0.738033, R_squared:0.999395  
	Validation = MSE:0.030692 , RMSE:0.175192 , MAE:0.138052 , MAPD:0.811516, R_squared:0.999448

2024-03-21 05:34:03,187 Epoch 85/300, Train Loss: 0.039075, Val Loss: 0.025396  
	Train = MSE:0.039075 , RMSE:0.197675 , MAE:0.148904 , MAPD:0.763699, R_squared:0.999324  
	Validation = MSE:0.025396 , RMSE:0.159361 , MAE:0.110366 , MAPD:0.562298, R_squared:0.999543

2024-03-21 05:34:18,818 Epoch 86/300, Train Loss: 0.039918, Val Loss: 0.021323  
	Train = MSE:0.039918 , RMSE:0.199796 , MAE:0.150838 , MAPD:0.785269, R_squared:0.999309  
	Validation = MSE:0.021323 , RMSE:0.146022 , MAE:0.105509 , MAPD:0.553948, R_squared:0.999616

2024-03-21 05:34:33,941 Epoch 87/300, Train Loss: 0.037039, Val Loss: 0.040943  
	Train = MSE:0.037039 , RMSE:0.192456 , MAE:0.145104 , MAPD:0.741855, R_squared:0.999359  
	Validation = MSE:0.040943 , RMSE:0.202344 , MAE:0.153187 , MAPD:0.727561, R_squared:0.999263

2024-03-21 05:34:49,299 Epoch 88/300, Train Loss: 0.035442, Val Loss: 0.086786  
	Train = MSE:0.035442 , RMSE:0.188260 , MAE:0.143816 , MAPD:0.743978, R_squared:0.999386  
	Validation = MSE:0.086786 , RMSE:0.294595 , MAE:0.266241 , MAPD:1.394385, R_squared:0.998438

2024-03-21 05:35:04,465 Epoch 89/300, Train Loss: 0.038211, Val Loss: 0.037046  
	Train = MSE:0.038211 , RMSE:0.195476 , MAE:0.147747 , MAPD:0.764641, R_squared:0.999339  
	Validation = MSE:0.037046 , RMSE:0.192474 , MAE:0.151448 , MAPD:0.839287, R_squared:0.999333

2024-03-21 05:35:19,114 Epoch 90/300, Train Loss: 0.032872, Val Loss: 0.028568  
	Train = MSE:0.032872 , RMSE:0.181307 , MAE:0.137124 , MAPD:0.705837, R_squared:0.999431  
	Validation = MSE:0.028568 , RMSE:0.169022 , MAE:0.134702 , MAPD:0.777014, R_squared:0.999486

2024-03-21 05:35:34,854 Epoch 91/300, Train Loss: 0.039328, Val Loss: 0.086133  
	Train = MSE:0.039328 , RMSE:0.198313 , MAE:0.151082 , MAPD:0.781677, R_squared:0.999319  
	Validation = MSE:0.086133 , RMSE:0.293485 , MAE:0.264823 , MAPD:1.506684, R_squared:0.998450

2024-03-21 05:35:51,782 Epoch 92/300, Train Loss: 0.033019, Val Loss: 0.021646  
	Train = MSE:0.033019 , RMSE:0.181711 , MAE:0.139047 , MAPD:0.715234, R_squared:0.999428  
	Validation = MSE:0.021646 , RMSE:0.147125 , MAE:0.111140 , MAPD:0.617962, R_squared:0.999611

2024-03-21 05:36:06,411 Epoch 93/300, Train Loss: 0.040399, Val Loss: 0.043260  
	Train = MSE:0.040399 , RMSE:0.200996 , MAE:0.152087 , MAPD:0.793055, R_squared:0.999301  
	Validation = MSE:0.043260 , RMSE:0.207992 , MAE:0.184499 , MAPD:1.051960, R_squared:0.999222

2024-03-21 05:36:21,480 Epoch 94/300, Train Loss: 0.034029, Val Loss: 0.021993  
	Train = MSE:0.034029 , RMSE:0.184470 , MAE:0.140319 , MAPD:0.730419, R_squared:0.999411  
	Validation = MSE:0.021993 , RMSE:0.148301 , MAE:0.113367 , MAPD:0.594740, R_squared:0.999604

2024-03-21 05:36:36,243 Epoch 95/300, Train Loss: 0.031911, Val Loss: 0.044696  
	Train = MSE:0.031911 , RMSE:0.178637 , MAE:0.136032 , MAPD:0.699490, R_squared:0.999448  
	Validation = MSE:0.044696 , RMSE:0.211414 , MAE:0.176026 , MAPD:1.019254, R_squared:0.999196

2024-03-21 05:36:51,505 Epoch 96/300, Train Loss: 0.032036, Val Loss: 0.035878  
	Train = MSE:0.032036 , RMSE:0.178986 , MAE:0.133456 , MAPD:0.679548, R_squared:0.999445  
	Validation = MSE:0.035878 , RMSE:0.189415 , MAE:0.155646 , MAPD:0.932130, R_squared:0.999354

2024-03-21 05:37:07,355 Epoch 97/300, Train Loss: 0.032900, Val Loss: 0.039353  
	Train = MSE:0.032900 , RMSE:0.181384 , MAE:0.137504 , MAPD:0.704043, R_squared:0.999430  
	Validation = MSE:0.039353 , RMSE:0.198377 , MAE:0.164420 , MAPD:0.855006, R_squared:0.999292

2024-03-21 05:37:22,601 Epoch 98/300, Train Loss: 0.033520, Val Loss: 0.019156  
	Train = MSE:0.033520 , RMSE:0.183084 , MAE:0.141098 , MAPD:0.735954, R_squared:0.999420  
	Validation = MSE:0.019156 , RMSE:0.138406 , MAE:0.101772 , MAPD:0.557135, R_squared:0.999655

2024-03-21 05:37:37,296 Epoch 99/300, Train Loss: 0.032155, Val Loss: 0.038732  
	Train = MSE:0.032155 , RMSE:0.179318 , MAE:0.136002 , MAPD:0.706078, R_squared:0.999443  
	Validation = MSE:0.038732 , RMSE:0.196804 , MAE:0.159603 , MAPD:0.819970, R_squared:0.999303

2024-03-21 05:37:51,935 Epoch 100/300, Train Loss: 0.033483, Val Loss: 0.020973  
	Train = MSE:0.033483 , RMSE:0.182985 , MAE:0.139108 , MAPD:0.717761, R_squared:0.999420  
	Validation = MSE:0.020973 , RMSE:0.144819 , MAE:0.098407 , MAPD:0.501823, R_squared:0.999623

2024-03-21 05:38:06,714 Epoch 101/300, Train Loss: 0.033455, Val Loss: 0.023766  
	Train = MSE:0.033455 , RMSE:0.182908 , MAE:0.138763 , MAPD:0.723672, R_squared:0.999421  
	Validation = MSE:0.023766 , RMSE:0.154164 , MAE:0.117702 , MAPD:0.616561, R_squared:0.999572

2024-03-21 05:38:23,284 Epoch 102/300, Train Loss: 0.032678, Val Loss: 0.043047  
	Train = MSE:0.032678 , RMSE:0.180772 , MAE:0.137423 , MAPD:0.712849, R_squared:0.999434  
	Validation = MSE:0.043047 , RMSE:0.207478 , MAE:0.175393 , MAPD:0.996835, R_squared:0.999225

2024-03-21 05:38:38,547 Epoch 103/300, Train Loss: 0.032961, Val Loss: 0.029160  
	Train = MSE:0.032961 , RMSE:0.181551 , MAE:0.136525 , MAPD:0.700397, R_squared:0.999429  
	Validation = MSE:0.029160 , RMSE:0.170763 , MAE:0.131311 , MAPD:0.639765, R_squared:0.999475

2024-03-21 05:38:56,420 Epoch 104/300, Train Loss: 0.034940, Val Loss: 0.017118  
	Train = MSE:0.034940 , RMSE:0.186923 , MAE:0.140771 , MAPD:0.727069, R_squared:0.999395  
	Validation = MSE:0.017118 , RMSE:0.130837 , MAE:0.092696 , MAPD:0.482714, R_squared:0.999692

2024-03-21 05:39:11,807 Epoch 105/300, Train Loss: 0.031185, Val Loss: 0.029205  
	Train = MSE:0.031185 , RMSE:0.176593 , MAE:0.132254 , MAPD:0.683907, R_squared:0.999460  
	Validation = MSE:0.029205 , RMSE:0.170895 , MAE:0.131827 , MAPD:0.762464, R_squared:0.999474

2024-03-21 05:39:27,271 Epoch 106/300, Train Loss: 0.031756, Val Loss: 0.021290  
	Train = MSE:0.031756 , RMSE:0.178202 , MAE:0.134572 , MAPD:0.689506, R_squared:0.999450  
	Validation = MSE:0.021290 , RMSE:0.145912 , MAE:0.112387 , MAPD:0.633211, R_squared:0.999617

2024-03-21 05:39:43,015 Epoch 107/300, Train Loss: 0.033255, Val Loss: 0.049730  
	Train = MSE:0.033255 , RMSE:0.182359 , MAE:0.138274 , MAPD:0.718385, R_squared:0.999424  
	Validation = MSE:0.049730 , RMSE:0.223002 , MAE:0.170850 , MAPD:0.856397, R_squared:0.999105

2024-03-21 05:39:58,139 Epoch 108/300, Train Loss: 0.032083, Val Loss: 0.017157  
	Train = MSE:0.032083 , RMSE:0.179119 , MAE:0.136730 , MAPD:0.702587, R_squared:0.999445  
	Validation = MSE:0.017157 , RMSE:0.130984 , MAE:0.099939 , MAPD:0.549985, R_squared:0.999691

2024-03-21 05:40:12,348 Epoch 109/300, Train Loss: 0.032897, Val Loss: 0.036830  
	Train = MSE:0.032897 , RMSE:0.181377 , MAE:0.139038 , MAPD:0.716216, R_squared:0.999431  
	Validation = MSE:0.036830 , RMSE:0.191911 , MAE:0.135931 , MAPD:0.625181, R_squared:0.999337

2024-03-21 05:40:26,461 Epoch 110/300, Train Loss: 0.034699, Val Loss: 0.017109  
	Train = MSE:0.034699 , RMSE:0.186276 , MAE:0.141316 , MAPD:0.729785, R_squared:0.999399  
	Validation = MSE:0.017109 , RMSE:0.130801 , MAE:0.099619 , MAPD:0.548245, R_squared:0.999692

2024-03-21 05:40:40,963 Epoch 111/300, Train Loss: 0.030142, Val Loss: 0.015234  
	Train = MSE:0.030142 , RMSE:0.173613 , MAE:0.132071 , MAPD:0.683803, R_squared:0.999478  
	Validation = MSE:0.015234 , RMSE:0.123427 , MAE:0.087822 , MAPD:0.469409, R_squared:0.999726

2024-03-21 05:40:56,934 Epoch 112/300, Train Loss: 0.030467, Val Loss: 0.056934  
	Train = MSE:0.030467 , RMSE:0.174548 , MAE:0.132856 , MAPD:0.685845, R_squared:0.999473  
	Validation = MSE:0.056934 , RMSE:0.238608 , MAE:0.203626 , MAPD:1.107607, R_squared:0.998976

2024-03-21 05:41:10,747 Epoch 113/300, Train Loss: 0.029622, Val Loss: 0.032564  
	Train = MSE:0.029622 , RMSE:0.172111 , MAE:0.130322 , MAPD:0.674560, R_squared:0.999487  
	Validation = MSE:0.032564 , RMSE:0.180456 , MAE:0.147992 , MAPD:0.811219, R_squared:0.999414

2024-03-21 05:41:24,321 Epoch 114/300, Train Loss: 0.029411, Val Loss: 0.047962  
	Train = MSE:0.029411 , RMSE:0.171496 , MAE:0.129170 , MAPD:0.671487, R_squared:0.999491  
	Validation = MSE:0.047962 , RMSE:0.219002 , MAE:0.182207 , MAPD:0.936440, R_squared:0.999137

2024-03-21 05:41:37,809 Epoch 115/300, Train Loss: 0.030645, Val Loss: 0.017185  
	Train = MSE:0.030645 , RMSE:0.175057 , MAE:0.132628 , MAPD:0.684357, R_squared:0.999470  
	Validation = MSE:0.017185 , RMSE:0.131091 , MAE:0.093863 , MAPD:0.481194, R_squared:0.999691

2024-03-21 05:41:51,577 Epoch 116/300, Train Loss: 0.029700, Val Loss: 0.016625  
	Train = MSE:0.029700 , RMSE:0.172337 , MAE:0.130661 , MAPD:0.674540, R_squared:0.999486  
	Validation = MSE:0.016625 , RMSE:0.128937 , MAE:0.095096 , MAPD:0.508457, R_squared:0.999701

2024-03-21 05:42:04,772 Epoch 117/300, Train Loss: 0.033302, Val Loss: 0.016790  
	Train = MSE:0.033302 , RMSE:0.182488 , MAE:0.138478 , MAPD:0.712247, R_squared:0.999424  
	Validation = MSE:0.016790 , RMSE:0.129577 , MAE:0.096782 , MAPD:0.517682, R_squared:0.999698

2024-03-21 05:42:18,792 Epoch 118/300, Train Loss: 0.029200, Val Loss: 0.026201  
	Train = MSE:0.029200 , RMSE:0.170881 , MAE:0.130627 , MAPD:0.676264, R_squared:0.999495  
	Validation = MSE:0.026201 , RMSE:0.161868 , MAE:0.122126 , MAPD:0.625490, R_squared:0.999529

2024-03-21 05:42:32,701 Epoch 119/300, Train Loss: 0.030394, Val Loss: 0.035534  
	Train = MSE:0.030394 , RMSE:0.174337 , MAE:0.131223 , MAPD:0.681360, R_squared:0.999474  
	Validation = MSE:0.035534 , RMSE:0.188506 , MAE:0.133831 , MAPD:0.619044, R_squared:0.999361

2024-03-21 05:42:46,282 Epoch 120/300, Train Loss: 0.034870, Val Loss: 0.020352  
	Train = MSE:0.034870 , RMSE:0.186736 , MAE:0.141436 , MAPD:0.727175, R_squared:0.999396  
	Validation = MSE:0.020352 , RMSE:0.142659 , MAE:0.107214 , MAPD:0.562472, R_squared:0.999634

2024-03-21 05:42:59,753 Epoch 121/300, Train Loss: 0.030782, Val Loss: 0.024095  
	Train = MSE:0.030782 , RMSE:0.175447 , MAE:0.132716 , MAPD:0.686350, R_squared:0.999467  
	Validation = MSE:0.024095 , RMSE:0.155226 , MAE:0.112448 , MAPD:0.561375, R_squared:0.999566

2024-03-21 05:43:14,742 Epoch 122/300, Train Loss: 0.027630, Val Loss: 0.046377  
	Train = MSE:0.027630 , RMSE:0.166222 , MAE:0.127194 , MAPD:0.654814, R_squared:0.999522  
	Validation = MSE:0.046377 , RMSE:0.215354 , MAE:0.165752 , MAPD:0.773835, R_squared:0.999165

2024-03-21 05:43:28,486 Epoch 123/300, Train Loss: 0.028738, Val Loss: 0.033026  
	Train = MSE:0.028738 , RMSE:0.169522 , MAE:0.128807 , MAPD:0.667151, R_squared:0.999503  
	Validation = MSE:0.033026 , RMSE:0.181732 , MAE:0.152305 , MAPD:0.813486, R_squared:0.999406

2024-03-21 05:43:42,149 Epoch 124/300, Train Loss: 0.029730, Val Loss: 0.019507  
	Train = MSE:0.029730 , RMSE:0.172425 , MAE:0.131916 , MAPD:0.687385, R_squared:0.999485  
	Validation = MSE:0.019507 , RMSE:0.139667 , MAE:0.106411 , MAPD:0.642574, R_squared:0.999649

2024-03-21 05:43:56,122 Epoch 125/300, Train Loss: 0.030059, Val Loss: 0.040147  
	Train = MSE:0.030059 , RMSE:0.173375 , MAE:0.130878 , MAPD:0.677723, R_squared:0.999480  
	Validation = MSE:0.040147 , RMSE:0.200367 , MAE:0.159617 , MAPD:0.821974, R_squared:0.999278

2024-03-21 05:44:09,972 Epoch 126/300, Train Loss: 0.030439, Val Loss: 0.059753  
	Train = MSE:0.030439 , RMSE:0.174467 , MAE:0.131626 , MAPD:0.674641, R_squared:0.999473  
	Validation = MSE:0.059753 , RMSE:0.244445 , MAE:0.184544 , MAPD:0.836760, R_squared:0.998925

2024-03-21 05:44:23,658 Epoch 127/300, Train Loss: 0.028921, Val Loss: 0.017478  
	Train = MSE:0.028921 , RMSE:0.170061 , MAE:0.130397 , MAPD:0.670200, R_squared:0.999499  
	Validation = MSE:0.017478 , RMSE:0.132206 , MAE:0.093759 , MAPD:0.492893, R_squared:0.999685

2024-03-21 05:44:37,363 Epoch 128/300, Train Loss: 0.027818, Val Loss: 0.019027  
	Train = MSE:0.027818 , RMSE:0.166788 , MAE:0.127774 , MAPD:0.659257, R_squared:0.999518  
	Validation = MSE:0.019027 , RMSE:0.137937 , MAE:0.103314 , MAPD:0.552420, R_squared:0.999658

2024-03-21 05:44:51,348 Epoch 129/300, Train Loss: 0.028444, Val Loss: 0.053314  
	Train = MSE:0.028444 , RMSE:0.168653 , MAE:0.128124 , MAPD:0.662380, R_squared:0.999508  
	Validation = MSE:0.053314 , RMSE:0.230899 , MAE:0.205489 , MAPD:1.131912, R_squared:0.999041

2024-03-21 05:45:05,146 Epoch 130/300, Train Loss: 0.032886, Val Loss: 0.023713  
	Train = MSE:0.032886 , RMSE:0.181345 , MAE:0.138056 , MAPD:0.714634, R_squared:0.999431  
	Validation = MSE:0.023713 , RMSE:0.153990 , MAE:0.124792 , MAPD:0.694366, R_squared:0.999573

2024-03-21 05:45:18,558 Epoch 131/300, Train Loss: 0.027556, Val Loss: 0.016997  
	Train = MSE:0.027556 , RMSE:0.165999 , MAE:0.125705 , MAPD:0.649590, R_squared:0.999523  
	Validation = MSE:0.016997 , RMSE:0.130371 , MAE:0.099525 , MAPD:0.540531, R_squared:0.999694

2024-03-21 05:45:35,516 Epoch 132/300, Train Loss: 0.030634, Val Loss: 0.033065  
	Train = MSE:0.030634 , RMSE:0.175026 , MAE:0.132388 , MAPD:0.682433, R_squared:0.999470  
	Validation = MSE:0.033065 , RMSE:0.181838 , MAE:0.145657 , MAPD:0.743485, R_squared:0.999405

2024-03-21 05:45:49,297 Epoch 133/300, Train Loss: 0.026794, Val Loss: 0.041751  
	Train = MSE:0.026794 , RMSE:0.163690 , MAE:0.123748 , MAPD:0.642710, R_squared:0.999536  
	Validation = MSE:0.041751 , RMSE:0.204330 , MAE:0.176254 , MAPD:0.982028, R_squared:0.999249

2024-03-21 05:46:03,284 Epoch 134/300, Train Loss: 0.030916, Val Loss: 0.026666  
	Train = MSE:0.030916 , RMSE:0.175830 , MAE:0.131780 , MAPD:0.684326, R_squared:0.999465  
	Validation = MSE:0.026666 , RMSE:0.163297 , MAE:0.124817 , MAPD:0.649538, R_squared:0.999520

2024-03-21 05:46:16,831 Epoch 135/300, Train Loss: 0.029281, Val Loss: 0.031421  
	Train = MSE:0.029281 , RMSE:0.171117 , MAE:0.131363 , MAPD:0.682735, R_squared:0.999493  
	Validation = MSE:0.031421 , RMSE:0.177259 , MAE:0.139648 , MAPD:0.692663, R_squared:0.999435

2024-03-21 05:46:30,165 Epoch 136/300, Train Loss: 0.029468, Val Loss: 0.048171  
	Train = MSE:0.029468 , RMSE:0.171662 , MAE:0.131601 , MAPD:0.674927, R_squared:0.999490  
	Validation = MSE:0.048171 , RMSE:0.219478 , MAE:0.183093 , MAPD:0.959082, R_squared:0.999133

2024-03-21 05:46:44,001 Epoch 137/300, Train Loss: 0.028107, Val Loss: 0.045344  
	Train = MSE:0.028107 , RMSE:0.167651 , MAE:0.126512 , MAPD:0.650384, R_squared:0.999513  
	Validation = MSE:0.045344 , RMSE:0.212941 , MAE:0.170913 , MAPD:0.837814, R_squared:0.999184

2024-03-21 05:46:58,296 Epoch 138/300, Train Loss: 0.026962, Val Loss: 0.021604  
	Train = MSE:0.026962 , RMSE:0.164201 , MAE:0.126312 , MAPD:0.649044, R_squared:0.999533  
	Validation = MSE:0.021604 , RMSE:0.146982 , MAE:0.107961 , MAPD:0.550800, R_squared:0.999611

2024-03-21 05:47:12,156 Epoch 139/300, Train Loss: 0.030416, Val Loss: 0.023154  
	Train = MSE:0.030416 , RMSE:0.174402 , MAE:0.131091 , MAPD:0.679061, R_squared:0.999473  
	Validation = MSE:0.023154 , RMSE:0.152164 , MAE:0.117375 , MAPD:0.591370, R_squared:0.999583

2024-03-21 05:47:25,578 Epoch 140/300, Train Loss: 0.026934, Val Loss: 0.069381  
	Train = MSE:0.026934 , RMSE:0.164116 , MAE:0.124160 , MAPD:0.645895, R_squared:0.999534  
	Validation = MSE:0.069381 , RMSE:0.263403 , MAE:0.232177 , MAPD:1.251437, R_squared:0.998752

2024-03-21 05:47:39,529 Epoch 141/300, Train Loss: 0.027700, Val Loss: 0.059262  
	Train = MSE:0.027700 , RMSE:0.166433 , MAE:0.125281 , MAPD:0.647642, R_squared:0.999521  
	Validation = MSE:0.059262 , RMSE:0.243439 , MAE:0.197993 , MAPD:0.937630, R_squared:0.998934

2024-03-21 05:47:55,192 Epoch 142/300, Train Loss: 0.028780, Val Loss: 0.019352  
	Train = MSE:0.028780 , RMSE:0.169647 , MAE:0.129254 , MAPD:0.661456, R_squared:0.999502  
	Validation = MSE:0.019352 , RMSE:0.139110 , MAE:0.102289 , MAPD:0.511346, R_squared:0.999652

2024-03-21 05:48:09,254 Epoch 143/300, Train Loss: 0.026279, Val Loss: 0.023482  
	Train = MSE:0.026279 , RMSE:0.162109 , MAE:0.124648 , MAPD:0.646045, R_squared:0.999545  
	Validation = MSE:0.023482 , RMSE:0.153238 , MAE:0.117110 , MAPD:0.619243, R_squared:0.999577

2024-03-21 05:48:23,119 Epoch 144/300, Train Loss: 0.030035, Val Loss: 0.023807  
	Train = MSE:0.030035 , RMSE:0.173305 , MAE:0.131290 , MAPD:0.675962, R_squared:0.999480  
	Validation = MSE:0.023807 , RMSE:0.154296 , MAE:0.111420 , MAPD:0.570362, R_squared:0.999572

2024-03-21 05:48:37,097 Epoch 145/300, Train Loss: 0.024753, Val Loss: 0.035354  
	Train = MSE:0.024753 , RMSE:0.157332 , MAE:0.120267 , MAPD:0.619882, R_squared:0.999572  
	Validation = MSE:0.035354 , RMSE:0.188027 , MAE:0.158507 , MAPD:0.895214, R_squared:0.999364

2024-03-21 05:48:51,817 Epoch 146/300, Train Loss: 0.029994, Val Loss: 0.014425  
	Train = MSE:0.029994 , RMSE:0.173189 , MAE:0.131685 , MAPD:0.680800, R_squared:0.999481  
	Validation = MSE:0.014425 , RMSE:0.120106 , MAE:0.085587 , MAPD:0.478445, R_squared:0.999740

2024-03-21 05:49:05,554 Epoch 147/300, Train Loss: 0.028696, Val Loss: 0.022439  
	Train = MSE:0.028696 , RMSE:0.169398 , MAE:0.127991 , MAPD:0.660261, R_squared:0.999503  
	Validation = MSE:0.022439 , RMSE:0.149798 , MAE:0.110621 , MAPD:0.585834, R_squared:0.999596

2024-03-21 05:49:19,172 Epoch 148/300, Train Loss: 0.027863, Val Loss: 0.025462  
	Train = MSE:0.027863 , RMSE:0.166923 , MAE:0.126693 , MAPD:0.649287, R_squared:0.999518  
	Validation = MSE:0.025462 , RMSE:0.159569 , MAE:0.119012 , MAPD:0.588619, R_squared:0.999542

2024-03-21 05:49:32,955 Epoch 149/300, Train Loss: 0.029428, Val Loss: 0.014267  
	Train = MSE:0.029428 , RMSE:0.171546 , MAE:0.127323 , MAPD:0.658144, R_squared:0.999491  
	Validation = MSE:0.014267 , RMSE:0.119445 , MAE:0.086371 , MAPD:0.486687, R_squared:0.999743

2024-03-21 05:49:46,700 Epoch 150/300, Train Loss: 0.025555, Val Loss: 0.018768  
	Train = MSE:0.025555 , RMSE:0.159858 , MAE:0.122491 , MAPD:0.638348, R_squared:0.999558  
	Validation = MSE:0.018768 , RMSE:0.136998 , MAE:0.108820 , MAPD:0.594580, R_squared:0.999662

2024-03-21 05:50:00,528 Epoch 151/300, Train Loss: 0.028626, Val Loss: 0.016659  
	Train = MSE:0.028626 , RMSE:0.169192 , MAE:0.128794 , MAPD:0.665735, R_squared:0.999504  
	Validation = MSE:0.016659 , RMSE:0.129069 , MAE:0.095920 , MAPD:0.529222, R_squared:0.999700

2024-03-21 05:50:16,351 Epoch 152/300, Train Loss: 0.028075, Val Loss: 0.024541  
	Train = MSE:0.028075 , RMSE:0.167556 , MAE:0.123820 , MAPD:0.640114, R_squared:0.999514  
	Validation = MSE:0.024541 , RMSE:0.156656 , MAE:0.120935 , MAPD:0.639784, R_squared:0.999558

2024-03-21 05:50:30,604 Epoch 153/300, Train Loss: 0.026810, Val Loss: 0.047973  
	Train = MSE:0.026810 , RMSE:0.163738 , MAE:0.124151 , MAPD:0.642328, R_squared:0.999536  
	Validation = MSE:0.047973 , RMSE:0.219027 , MAE:0.186701 , MAPD:1.166989, R_squared:0.999137

2024-03-21 05:50:44,341 Epoch 154/300, Train Loss: 0.026006, Val Loss: 0.019349  
	Train = MSE:0.026006 , RMSE:0.161264 , MAE:0.123275 , MAPD:0.636366, R_squared:0.999550  
	Validation = MSE:0.019349 , RMSE:0.139101 , MAE:0.104898 , MAPD:0.586407, R_squared:0.999652

2024-03-21 05:50:57,975 Epoch 155/300, Train Loss: 0.025910, Val Loss: 0.045347  
	Train = MSE:0.025910 , RMSE:0.160967 , MAE:0.122860 , MAPD:0.637576, R_squared:0.999551  
	Validation = MSE:0.045347 , RMSE:0.212948 , MAE:0.182067 , MAPD:1.064668, R_squared:0.999184

2024-03-21 05:51:11,539 Epoch 156/300, Train Loss: 0.024299, Val Loss: 0.033417  
	Train = MSE:0.024299 , RMSE:0.155881 , MAE:0.118923 , MAPD:0.610882, R_squared:0.999579  
	Validation = MSE:0.033417 , RMSE:0.182804 , MAE:0.152344 , MAPD:0.783796, R_squared:0.999399

2024-03-21 05:51:25,755 Epoch 157/300, Train Loss: 0.026358, Val Loss: 0.013917  
	Train = MSE:0.026358 , RMSE:0.162352 , MAE:0.120277 , MAPD:0.622353, R_squared:0.999544  
	Validation = MSE:0.013917 , RMSE:0.117972 , MAE:0.088906 , MAPD:0.496685, R_squared:0.999750

2024-03-21 05:51:39,079 Epoch 158/300, Train Loss: 0.024623, Val Loss: 0.017205  
	Train = MSE:0.024623 , RMSE:0.156918 , MAE:0.119536 , MAPD:0.620991, R_squared:0.999574  
	Validation = MSE:0.017205 , RMSE:0.131170 , MAE:0.097316 , MAPD:0.532073, R_squared:0.999690

2024-03-21 05:51:53,721 Epoch 159/300, Train Loss: 0.027334, Val Loss: 0.015816  
	Train = MSE:0.027334 , RMSE:0.165330 , MAE:0.126515 , MAPD:0.657094, R_squared:0.999527  
	Validation = MSE:0.015816 , RMSE:0.125761 , MAE:0.089892 , MAPD:0.500665, R_squared:0.999715

2024-03-21 05:52:07,472 Epoch 160/300, Train Loss: 0.025107, Val Loss: 0.019391  
	Train = MSE:0.025107 , RMSE:0.158453 , MAE:0.119519 , MAPD:0.617700, R_squared:0.999565  
	Validation = MSE:0.019391 , RMSE:0.139253 , MAE:0.101019 , MAPD:0.521438, R_squared:0.999651

2024-03-21 05:52:21,771 Epoch 161/300, Train Loss: 0.028156, Val Loss: 0.023763  
	Train = MSE:0.028156 , RMSE:0.167799 , MAE:0.126898 , MAPD:0.652435, R_squared:0.999513  
	Validation = MSE:0.023763 , RMSE:0.154153 , MAE:0.126177 , MAPD:0.683394, R_squared:0.999572

2024-03-21 05:52:38,128 Epoch 162/300, Train Loss: 0.024898, Val Loss: 0.045773  
	Train = MSE:0.024898 , RMSE:0.157791 , MAE:0.119248 , MAPD:0.616052, R_squared:0.999569  
	Validation = MSE:0.045773 , RMSE:0.213947 , MAE:0.184376 , MAPD:1.008030, R_squared:0.999176

2024-03-21 05:52:51,920 Epoch 163/300, Train Loss: 0.024789, Val Loss: 0.016759  
	Train = MSE:0.024789 , RMSE:0.157444 , MAE:0.119738 , MAPD:0.614448, R_squared:0.999571  
	Validation = MSE:0.016759 , RMSE:0.129458 , MAE:0.092840 , MAPD:0.482943, R_squared:0.999698

2024-03-21 05:53:05,724 Epoch 164/300, Train Loss: 0.026837, Val Loss: 0.020168  
	Train = MSE:0.026837 , RMSE:0.163821 , MAE:0.125052 , MAPD:0.649122, R_squared:0.999535  
	Validation = MSE:0.020168 , RMSE:0.142013 , MAE:0.109394 , MAPD:0.559160, R_squared:0.999637

2024-03-21 05:53:19,969 Epoch 165/300, Train Loss: 0.026169, Val Loss: 0.097374  
	Train = MSE:0.026169 , RMSE:0.161767 , MAE:0.124308 , MAPD:0.647974, R_squared:0.999547  
	Validation = MSE:0.097374 , RMSE:0.312048 , MAE:0.282733 , MAPD:1.471825, R_squared:0.998248

2024-03-21 05:53:35,222 Epoch 166/300, Train Loss: 0.026723, Val Loss: 0.040173  
	Train = MSE:0.026723 , RMSE:0.163471 , MAE:0.123563 , MAPD:0.640372, R_squared:0.999537  
	Validation = MSE:0.040173 , RMSE:0.200433 , MAE:0.159571 , MAPD:0.775720, R_squared:0.999277

2024-03-21 05:53:48,832 Epoch 167/300, Train Loss: 0.023410, Val Loss: 0.022114  
	Train = MSE:0.023410 , RMSE:0.153003 , MAE:0.116694 , MAPD:0.602020, R_squared:0.999595  
	Validation = MSE:0.022114 , RMSE:0.148708 , MAE:0.120300 , MAPD:0.650566, R_squared:0.999602

2024-03-21 05:54:02,794 Epoch 168/300, Train Loss: 0.025187, Val Loss: 0.013139  
	Train = MSE:0.025187 , RMSE:0.158705 , MAE:0.119645 , MAPD:0.612945, R_squared:0.999564  
	Validation = MSE:0.013139 , RMSE:0.114627 , MAE:0.081651 , MAPD:0.446817, R_squared:0.999764

2024-03-21 05:54:16,678 Epoch 169/300, Train Loss: 0.023809, Val Loss: 0.014840  
	Train = MSE:0.023809 , RMSE:0.154301 , MAE:0.117190 , MAPD:0.607955, R_squared:0.999588  
	Validation = MSE:0.014840 , RMSE:0.121821 , MAE:0.087888 , MAPD:0.476952, R_squared:0.999733

2024-03-21 05:54:30,791 Epoch 170/300, Train Loss: 0.023334, Val Loss: 0.034355  
	Train = MSE:0.023334 , RMSE:0.152755 , MAE:0.116680 , MAPD:0.606420, R_squared:0.999596  
	Validation = MSE:0.034355 , RMSE:0.185352 , MAE:0.144316 , MAPD:0.689929, R_squared:0.999382

2024-03-21 05:54:44,825 Epoch 171/300, Train Loss: 0.025143, Val Loss: 0.017067  
	Train = MSE:0.025143 , RMSE:0.158565 , MAE:0.120378 , MAPD:0.623975, R_squared:0.999565  
	Validation = MSE:0.017067 , RMSE:0.130640 , MAE:0.095782 , MAPD:0.504792, R_squared:0.999693

2024-03-21 05:55:00,427 Epoch 172/300, Train Loss: 0.024189, Val Loss: 0.014021  
	Train = MSE:0.024189 , RMSE:0.155527 , MAE:0.118465 , MAPD:0.609593, R_squared:0.999581  
	Validation = MSE:0.014021 , RMSE:0.118412 , MAE:0.086364 , MAPD:0.469436, R_squared:0.999748

2024-03-21 05:55:15,960 Epoch 173/300, Train Loss: 0.023346, Val Loss: 0.029602  
	Train = MSE:0.023346 , RMSE:0.152793 , MAE:0.116314 , MAPD:0.600521, R_squared:0.999596  
	Validation = MSE:0.029602 , RMSE:0.172052 , MAE:0.142235 , MAPD:0.811783, R_squared:0.999467

2024-03-21 05:55:29,916 Epoch 174/300, Train Loss: 0.024510, Val Loss: 0.034255  
	Train = MSE:0.024510 , RMSE:0.156556 , MAE:0.119576 , MAPD:0.618222, R_squared:0.999576  
	Validation = MSE:0.034255 , RMSE:0.185080 , MAE:0.142217 , MAPD:0.688554, R_squared:0.999384

2024-03-21 05:55:44,509 Epoch 175/300, Train Loss: 0.023721, Val Loss: 0.022484  
	Train = MSE:0.023721 , RMSE:0.154017 , MAE:0.118119 , MAPD:0.610652, R_squared:0.999589  
	Validation = MSE:0.022484 , RMSE:0.149945 , MAE:0.112624 , MAPD:0.590770, R_squared:0.999595

2024-03-21 05:55:58,912 Epoch 176/300, Train Loss: 0.022694, Val Loss: 0.021472  
	Train = MSE:0.022694 , RMSE:0.150645 , MAE:0.115225 , MAPD:0.593282, R_squared:0.999607  
	Validation = MSE:0.021472 , RMSE:0.146532 , MAE:0.118301 , MAPD:0.642099, R_squared:0.999614

2024-03-21 05:56:13,375 Epoch 177/300, Train Loss: 0.024588, Val Loss: 0.017131  
	Train = MSE:0.024588 , RMSE:0.156807 , MAE:0.118137 , MAPD:0.608375, R_squared:0.999574  
	Validation = MSE:0.017131 , RMSE:0.130886 , MAE:0.098271 , MAPD:0.537946, R_squared:0.999692

2024-03-21 05:56:27,738 Epoch 178/300, Train Loss: 0.024038, Val Loss: 0.022029  
	Train = MSE:0.024038 , RMSE:0.155042 , MAE:0.119287 , MAPD:0.613964, R_squared:0.999584  
	Validation = MSE:0.022029 , RMSE:0.148422 , MAE:0.117121 , MAPD:0.669965, R_squared:0.999604

2024-03-21 05:56:42,249 Epoch 179/300, Train Loss: 0.022258, Val Loss: 0.017019  
	Train = MSE:0.022258 , RMSE:0.149193 , MAE:0.113742 , MAPD:0.589219, R_squared:0.999615  
	Validation = MSE:0.017019 , RMSE:0.130456 , MAE:0.091430 , MAPD:0.478624, R_squared:0.999694

2024-03-21 05:56:57,219 Epoch 180/300, Train Loss: 0.022930, Val Loss: 0.020727  
	Train = MSE:0.022930 , RMSE:0.151426 , MAE:0.115652 , MAPD:0.600007, R_squared:0.999603  
	Validation = MSE:0.020727 , RMSE:0.143970 , MAE:0.111891 , MAPD:0.646822, R_squared:0.999627

2024-03-21 05:57:10,908 Epoch 181/300, Train Loss: 0.022878, Val Loss: 0.013947  
	Train = MSE:0.022878 , RMSE:0.151254 , MAE:0.115693 , MAPD:0.596484, R_squared:0.999604  
	Validation = MSE:0.013947 , RMSE:0.118097 , MAE:0.083032 , MAPD:0.450031, R_squared:0.999749

2024-03-21 05:57:28,090 Epoch 182/300, Train Loss: 0.023590, Val Loss: 0.015487  
	Train = MSE:0.023590 , RMSE:0.153591 , MAE:0.115684 , MAPD:0.594212, R_squared:0.999592  
	Validation = MSE:0.015487 , RMSE:0.124445 , MAE:0.093082 , MAPD:0.480924, R_squared:0.999721

2024-03-21 05:57:42,665 Epoch 183/300, Train Loss: 0.026152, Val Loss: 0.016141  
	Train = MSE:0.026152 , RMSE:0.161717 , MAE:0.122888 , MAPD:0.638428, R_squared:0.999547  
	Validation = MSE:0.016141 , RMSE:0.127048 , MAE:0.090194 , MAPD:0.490681, R_squared:0.999710

2024-03-21 05:57:57,004 Epoch 184/300, Train Loss: 0.027086, Val Loss: 0.013813  
	Train = MSE:0.027086 , RMSE:0.164579 , MAE:0.124519 , MAPD:0.647617, R_squared:0.999531  
	Validation = MSE:0.013813 , RMSE:0.117528 , MAE:0.081969 , MAPD:0.437335, R_squared:0.999751

2024-03-21 05:58:11,023 Epoch 185/300, Train Loss: 0.025176, Val Loss: 0.035957  
	Train = MSE:0.025176 , RMSE:0.158669 , MAE:0.120741 , MAPD:0.630137, R_squared:0.999564  
	Validation = MSE:0.035957 , RMSE:0.189624 , MAE:0.166751 , MAPD:0.954760, R_squared:0.999353

2024-03-21 05:58:24,955 Epoch 186/300, Train Loss: 0.023893, Val Loss: 0.063824  
	Train = MSE:0.023893 , RMSE:0.154572 , MAE:0.115813 , MAPD:0.599470, R_squared:0.999586  
	Validation = MSE:0.063824 , RMSE:0.252634 , MAE:0.197104 , MAPD:0.891016, R_squared:0.998852

2024-03-21 05:58:39,676 Epoch 187/300, Train Loss: 0.024682, Val Loss: 0.019212  
	Train = MSE:0.024682 , RMSE:0.157104 , MAE:0.119240 , MAPD:0.617294, R_squared:0.999573  
	Validation = MSE:0.019212 , RMSE:0.138607 , MAE:0.101645 , MAPD:0.507817, R_squared:0.999654

2024-03-21 05:58:54,663 Epoch 188/300, Train Loss: 0.025793, Val Loss: 0.012701  
	Train = MSE:0.025793 , RMSE:0.160603 , MAE:0.121495 , MAPD:0.629922, R_squared:0.999554  
	Validation = MSE:0.012701 , RMSE:0.112698 , MAE:0.081724 , MAPD:0.449941, R_squared:0.999771

2024-03-21 05:59:09,327 Epoch 189/300, Train Loss: 0.023440, Val Loss: 0.017628  
	Train = MSE:0.023440 , RMSE:0.153100 , MAE:0.117107 , MAPD:0.604053, R_squared:0.999594  
	Validation = MSE:0.017628 , RMSE:0.132770 , MAE:0.100017 , MAPD:0.583820, R_squared:0.999683

2024-03-21 05:59:23,270 Epoch 190/300, Train Loss: 0.023448, Val Loss: 0.039252  
	Train = MSE:0.023448 , RMSE:0.153128 , MAE:0.116128 , MAPD:0.598533, R_squared:0.999594  
	Validation = MSE:0.039252 , RMSE:0.198122 , MAE:0.145816 , MAPD:0.665951, R_squared:0.999294

2024-03-21 05:59:37,187 Epoch 191/300, Train Loss: 0.024052, Val Loss: 0.018238  
	Train = MSE:0.024052 , RMSE:0.155088 , MAE:0.118287 , MAPD:0.613109, R_squared:0.999584  
	Validation = MSE:0.018238 , RMSE:0.135047 , MAE:0.103989 , MAPD:0.537969, R_squared:0.999672

2024-03-21 05:59:53,651 Epoch 192/300, Train Loss: 0.021659, Val Loss: 0.013134  
	Train = MSE:0.021659 , RMSE:0.147171 , MAE:0.111625 , MAPD:0.576866, R_squared:0.999625  
	Validation = MSE:0.013134 , RMSE:0.114602 , MAE:0.081265 , MAPD:0.453078, R_squared:0.999764

2024-03-21 06:00:07,381 Epoch 193/300, Train Loss: 0.022715, Val Loss: 0.014255  
	Train = MSE:0.022715 , RMSE:0.150716 , MAE:0.115198 , MAPD:0.596999, R_squared:0.999607  
	Validation = MSE:0.014255 , RMSE:0.119396 , MAE:0.085598 , MAPD:0.465633, R_squared:0.999743

2024-03-21 06:00:22,232 Epoch 194/300, Train Loss: 0.023718, Val Loss: 0.016293  
	Train = MSE:0.023718 , RMSE:0.154006 , MAE:0.115910 , MAPD:0.591119, R_squared:0.999589  
	Validation = MSE:0.016293 , RMSE:0.127646 , MAE:0.094682 , MAPD:0.498572, R_squared:0.999707

2024-03-21 06:00:36,088 Epoch 195/300, Train Loss: 0.021444, Val Loss: 0.017229  
	Train = MSE:0.021444 , RMSE:0.146439 , MAE:0.110898 , MAPD:0.576166, R_squared:0.999629  
	Validation = MSE:0.017229 , RMSE:0.131260 , MAE:0.098163 , MAPD:0.509786, R_squared:0.999690

2024-03-21 06:00:49,773 Epoch 196/300, Train Loss: 0.021826, Val Loss: 0.060237  
	Train = MSE:0.021826 , RMSE:0.147738 , MAE:0.112520 , MAPD:0.584043, R_squared:0.999622  
	Validation = MSE:0.060237 , RMSE:0.245433 , MAE:0.222910 , MAPD:1.234083, R_squared:0.998916

2024-03-21 06:01:04,451 Epoch 197/300, Train Loss: 0.025033, Val Loss: 0.013044  
	Train = MSE:0.025033 , RMSE:0.158218 , MAE:0.120733 , MAPD:0.620259, R_squared:0.999567  
	Validation = MSE:0.013044 , RMSE:0.114211 , MAE:0.082013 , MAPD:0.434284, R_squared:0.999765

2024-03-21 06:01:18,679 Epoch 198/300, Train Loss: 0.024356, Val Loss: 0.015541  
	Train = MSE:0.024356 , RMSE:0.156065 , MAE:0.118790 , MAPD:0.616867, R_squared:0.999578  
	Validation = MSE:0.015541 , RMSE:0.124665 , MAE:0.092413 , MAPD:0.491452, R_squared:0.999720

2024-03-21 06:01:33,459 Epoch 199/300, Train Loss: 0.023404, Val Loss: 0.037356  
	Train = MSE:0.023404 , RMSE:0.152985 , MAE:0.117816 , MAPD:0.611734, R_squared:0.999595  
	Validation = MSE:0.037356 , RMSE:0.193277 , MAE:0.165219 , MAPD:0.880931, R_squared:0.999328

2024-03-21 06:01:47,676 Epoch 200/300, Train Loss: 0.023501, Val Loss: 0.047396  
	Train = MSE:0.023501 , RMSE:0.153300 , MAE:0.116382 , MAPD:0.600197, R_squared:0.999593  
	Validation = MSE:0.047396 , RMSE:0.217706 , MAE:0.195504 , MAPD:1.114865, R_squared:0.999147

2024-03-21 06:02:03,015 Epoch 201/300, Train Loss: 0.025943, Val Loss: 0.040730  
	Train = MSE:0.025943 , RMSE:0.161067 , MAE:0.120279 , MAPD:0.620569, R_squared:0.999551  
	Validation = MSE:0.040730 , RMSE:0.201817 , MAE:0.178156 , MAPD:0.938738, R_squared:0.999267

2024-03-21 06:02:20,363 Epoch 202/300, Train Loss: 0.022381, Val Loss: 0.015599  
	Train = MSE:0.022381 , RMSE:0.149604 , MAE:0.113698 , MAPD:0.585843, R_squared:0.999613  
	Validation = MSE:0.015599 , RMSE:0.124894 , MAE:0.092875 , MAPD:0.495290, R_squared:0.999719

2024-03-21 06:02:35,300 Epoch 203/300, Train Loss: 0.023859, Val Loss: 0.014996  
	Train = MSE:0.023859 , RMSE:0.154464 , MAE:0.117551 , MAPD:0.616112, R_squared:0.999587  
	Validation = MSE:0.014996 , RMSE:0.122456 , MAE:0.087091 , MAPD:0.471090, R_squared:0.999730

2024-03-21 06:02:50,454 Epoch 204/300, Train Loss: 0.023802, Val Loss: 0.030584  
	Train = MSE:0.023802 , RMSE:0.154278 , MAE:0.116488 , MAPD:0.594851, R_squared:0.999588  
	Validation = MSE:0.030584 , RMSE:0.174884 , MAE:0.138056 , MAPD:0.678386, R_squared:0.999450

2024-03-21 06:03:05,175 Epoch 205/300, Train Loss: 0.023165, Val Loss: 0.022088  
	Train = MSE:0.023165 , RMSE:0.152200 , MAE:0.115450 , MAPD:0.600255, R_squared:0.999599  
	Validation = MSE:0.022088 , RMSE:0.148620 , MAE:0.121496 , MAPD:0.696762, R_squared:0.999603

2024-03-21 06:03:20,892 Epoch 206/300, Train Loss: 0.022091, Val Loss: 0.012863  
	Train = MSE:0.022091 , RMSE:0.148630 , MAE:0.113601 , MAPD:0.588324, R_squared:0.999618  
	Validation = MSE:0.012863 , RMSE:0.113417 , MAE:0.084173 , MAPD:0.443937, R_squared:0.999769

2024-03-21 06:03:35,095 Epoch 207/300, Train Loss: 0.022647, Val Loss: 0.027162  
	Train = MSE:0.022647 , RMSE:0.150491 , MAE:0.114155 , MAPD:0.586109, R_squared:0.999608  
	Validation = MSE:0.027162 , RMSE:0.164810 , MAE:0.126289 , MAPD:0.790799, R_squared:0.999511

2024-03-21 06:03:50,482 Epoch 208/300, Train Loss: 0.021756, Val Loss: 0.012960  
	Train = MSE:0.021756 , RMSE:0.147501 , MAE:0.112569 , MAPD:0.585397, R_squared:0.999623  
	Validation = MSE:0.012960 , RMSE:0.113843 , MAE:0.080500 , MAPD:0.439446, R_squared:0.999767

2024-03-21 06:04:05,390 Epoch 209/300, Train Loss: 0.020836, Val Loss: 0.024021  
	Train = MSE:0.020836 , RMSE:0.144348 , MAE:0.110362 , MAPD:0.571429, R_squared:0.999639  
	Validation = MSE:0.024021 , RMSE:0.154987 , MAE:0.128032 , MAPD:0.775649, R_squared:0.999568

2024-03-21 06:04:20,424 Epoch 210/300, Train Loss: 0.021416, Val Loss: 0.027270  
	Train = MSE:0.021416 , RMSE:0.146341 , MAE:0.111106 , MAPD:0.574827, R_squared:0.999629  
	Validation = MSE:0.027270 , RMSE:0.165136 , MAE:0.137876 , MAPD:0.707348, R_squared:0.999509

2024-03-21 06:04:35,724 Epoch 211/300, Train Loss: 0.022405, Val Loss: 0.026858  
	Train = MSE:0.022405 , RMSE:0.149682 , MAE:0.112480 , MAPD:0.577035, R_squared:0.999612  
	Validation = MSE:0.026858 , RMSE:0.163884 , MAE:0.125017 , MAPD:0.612424, R_squared:0.999517

2024-03-21 06:04:54,744 Epoch 212/300, Train Loss: 0.023246, Val Loss: 0.025191  
	Train = MSE:0.023246 , RMSE:0.152466 , MAE:0.115721 , MAPD:0.601941, R_squared:0.999598  
	Validation = MSE:0.025191 , RMSE:0.158717 , MAE:0.132033 , MAPD:0.783654, R_squared:0.999547

2024-03-21 06:05:10,938 Epoch 213/300, Train Loss: 0.023652, Val Loss: 0.014166  
	Train = MSE:0.023652 , RMSE:0.153793 , MAE:0.115103 , MAPD:0.593316, R_squared:0.999591  
	Validation = MSE:0.014166 , RMSE:0.119022 , MAE:0.085943 , MAPD:0.477564, R_squared:0.999745

2024-03-21 06:05:28,197 Epoch 214/300, Train Loss: 0.021689, Val Loss: 0.016224  
	Train = MSE:0.021689 , RMSE:0.147272 , MAE:0.111234 , MAPD:0.578576, R_squared:0.999625  
	Validation = MSE:0.016224 , RMSE:0.127374 , MAE:0.098215 , MAPD:0.515699, R_squared:0.999708

2024-03-21 06:05:43,834 Epoch 215/300, Train Loss: 0.024152, Val Loss: 0.021900  
	Train = MSE:0.024152 , RMSE:0.155410 , MAE:0.118555 , MAPD:0.615429, R_squared:0.999582  
	Validation = MSE:0.021900 , RMSE:0.147987 , MAE:0.121856 , MAPD:0.731700, R_squared:0.999606

2024-03-21 06:05:59,823 Epoch 216/300, Train Loss: 0.021454, Val Loss: 0.011998  
	Train = MSE:0.021454 , RMSE:0.146470 , MAE:0.110207 , MAPD:0.567526, R_squared:0.999629  
	Validation = MSE:0.011998 , RMSE:0.109536 , MAE:0.077444 , MAPD:0.425644, R_squared:0.999784

2024-03-21 06:06:17,296 Epoch 217/300, Train Loss: 0.022376, Val Loss: 0.019057  
	Train = MSE:0.022376 , RMSE:0.149586 , MAE:0.113980 , MAPD:0.592105, R_squared:0.999613  
	Validation = MSE:0.019057 , RMSE:0.138046 , MAE:0.106743 , MAPD:0.572917, R_squared:0.999657

2024-03-21 06:06:32,631 Epoch 218/300, Train Loss: 0.021586, Val Loss: 0.013037  
	Train = MSE:0.021586 , RMSE:0.146922 , MAE:0.111145 , MAPD:0.570396, R_squared:0.999626  
	Validation = MSE:0.013037 , RMSE:0.114180 , MAE:0.084688 , MAPD:0.469621, R_squared:0.999765

2024-03-21 06:06:48,791 Epoch 219/300, Train Loss: 0.020867, Val Loss: 0.015229  
	Train = MSE:0.020867 , RMSE:0.144454 , MAE:0.109450 , MAPD:0.565504, R_squared:0.999639  
	Validation = MSE:0.015229 , RMSE:0.123405 , MAE:0.094580 , MAPD:0.544810, R_squared:0.999726

2024-03-21 06:07:03,951 Epoch 220/300, Train Loss: 0.023462, Val Loss: 0.024923  
	Train = MSE:0.023462 , RMSE:0.153174 , MAE:0.114759 , MAPD:0.594844, R_squared:0.999594  
	Validation = MSE:0.024923 , RMSE:0.157870 , MAE:0.126581 , MAPD:0.740434, R_squared:0.999552

2024-03-21 06:07:18,538 Epoch 221/300, Train Loss: 0.022858, Val Loss: 0.014030  
	Train = MSE:0.022858 , RMSE:0.151188 , MAE:0.113518 , MAPD:0.589385, R_squared:0.999604  
	Validation = MSE:0.014030 , RMSE:0.118448 , MAE:0.087373 , MAPD:0.487776, R_squared:0.999748

2024-03-21 06:07:35,780 Epoch 222/300, Train Loss: 0.023815, Val Loss: 0.017936  
	Train = MSE:0.023815 , RMSE:0.154320 , MAE:0.116724 , MAPD:0.601203, R_squared:0.999588  
	Validation = MSE:0.017936 , RMSE:0.133927 , MAE:0.101902 , MAPD:0.550857, R_squared:0.999677

2024-03-21 06:07:50,327 Epoch 223/300, Train Loss: 0.022230, Val Loss: 0.015526  
	Train = MSE:0.022230 , RMSE:0.149096 , MAE:0.111997 , MAPD:0.580106, R_squared:0.999615  
	Validation = MSE:0.015526 , RMSE:0.124604 , MAE:0.094646 , MAPD:0.534181, R_squared:0.999721

2024-03-21 06:08:05,838 Epoch 224/300, Train Loss: 0.020431, Val Loss: 0.034123  
	Train = MSE:0.020431 , RMSE:0.142936 , MAE:0.108840 , MAPD:0.563848, R_squared:0.999646  
	Validation = MSE:0.034123 , RMSE:0.184724 , MAE:0.155872 , MAPD:0.917255, R_squared:0.999386

2024-03-21 06:08:20,439 Epoch 225/300, Train Loss: 0.020705, Val Loss: 0.027126  
	Train = MSE:0.020705 , RMSE:0.143892 , MAE:0.108425 , MAPD:0.558510, R_squared:0.999642  
	Validation = MSE:0.027126 , RMSE:0.164700 , MAE:0.127201 , MAPD:0.632914, R_squared:0.999512

2024-03-21 06:08:35,575 Epoch 226/300, Train Loss: 0.022936, Val Loss: 0.021554  
	Train = MSE:0.022936 , RMSE:0.151448 , MAE:0.115287 , MAPD:0.591866, R_squared:0.999603  
	Validation = MSE:0.021554 , RMSE:0.146814 , MAE:0.120018 , MAPD:0.712463, R_squared:0.999612

2024-03-21 06:08:49,941 Epoch 227/300, Train Loss: 0.021316, Val Loss: 0.014691  
	Train = MSE:0.021316 , RMSE:0.146001 , MAE:0.111306 , MAPD:0.570495, R_squared:0.999631  
	Validation = MSE:0.014691 , RMSE:0.121208 , MAE:0.091553 , MAPD:0.521681, R_squared:0.999736

2024-03-21 06:09:04,392 Epoch 228/300, Train Loss: 0.022309, Val Loss: 0.023900  
	Train = MSE:0.022309 , RMSE:0.149362 , MAE:0.111791 , MAPD:0.574628, R_squared:0.999614  
	Validation = MSE:0.023900 , RMSE:0.154595 , MAE:0.116583 , MAPD:0.578336, R_squared:0.999570

2024-03-21 06:09:19,595 Epoch 229/300, Train Loss: 0.021454, Val Loss: 0.029412  
	Train = MSE:0.021454 , RMSE:0.146472 , MAE:0.112080 , MAPD:0.582336, R_squared:0.999629  
	Validation = MSE:0.029412 , RMSE:0.171498 , MAE:0.137209 , MAPD:0.707997, R_squared:0.999471

2024-03-21 06:09:34,892 Epoch 230/300, Train Loss: 0.024071, Val Loss: 0.014631  
	Train = MSE:0.024071 , RMSE:0.155147 , MAE:0.114678 , MAPD:0.595058, R_squared:0.999583  
	Validation = MSE:0.014631 , RMSE:0.120959 , MAE:0.089540 , MAPD:0.479404, R_squared:0.999737

2024-03-21 06:09:49,599 Epoch 231/300, Train Loss: 0.021157, Val Loss: 0.015369  
	Train = MSE:0.021157 , RMSE:0.145454 , MAE:0.110088 , MAPD:0.563081, R_squared:0.999634  
	Validation = MSE:0.015369 , RMSE:0.123970 , MAE:0.090277 , MAPD:0.473835, R_squared:0.999723

2024-03-21 06:10:07,055 Epoch 232/300, Train Loss: 0.020674, Val Loss: 0.028765  
	Train = MSE:0.020674 , RMSE:0.143786 , MAE:0.110272 , MAPD:0.567255, R_squared:0.999642  
	Validation = MSE:0.028765 , RMSE:0.169603 , MAE:0.139816 , MAPD:0.812510, R_squared:0.999482

2024-03-21 06:10:22,487 Epoch 233/300, Train Loss: 0.020814, Val Loss: 0.019069  
	Train = MSE:0.020814 , RMSE:0.144272 , MAE:0.109583 , MAPD:0.571156, R_squared:0.999640  
	Validation = MSE:0.019069 , RMSE:0.138092 , MAE:0.104941 , MAPD:0.543862, R_squared:0.999657

2024-03-21 06:10:38,143 Epoch 234/300, Train Loss: 0.020977, Val Loss: 0.015523  
	Train = MSE:0.020977 , RMSE:0.144835 , MAE:0.111254 , MAPD:0.573389, R_squared:0.999637  
	Validation = MSE:0.015523 , RMSE:0.124589 , MAE:0.092599 , MAPD:0.499067, R_squared:0.999721

2024-03-21 06:10:52,584 Epoch 235/300, Train Loss: 0.022458, Val Loss: 0.013470  
	Train = MSE:0.022458 , RMSE:0.149861 , MAE:0.113869 , MAPD:0.582202, R_squared:0.999611  
	Validation = MSE:0.013470 , RMSE:0.116062 , MAE:0.081141 , MAPD:0.451352, R_squared:0.999758

2024-03-21 06:11:07,473 Epoch 236/300, Train Loss: 0.020427, Val Loss: 0.028878  
	Train = MSE:0.020427 , RMSE:0.142923 , MAE:0.109514 , MAPD:0.566463, R_squared:0.999646  
	Validation = MSE:0.028878 , RMSE:0.169934 , MAE:0.140083 , MAPD:0.783586, R_squared:0.999480

2024-03-21 06:11:23,174 Epoch 237/300, Train Loss: 0.021876, Val Loss: 0.022333  
	Train = MSE:0.021876 , RMSE:0.147906 , MAE:0.112451 , MAPD:0.578286, R_squared:0.999621  
	Validation = MSE:0.022333 , RMSE:0.149441 , MAE:0.111711 , MAPD:0.533300, R_squared:0.999598

2024-03-21 06:11:37,760 Epoch 238/300, Train Loss: 0.020840, Val Loss: 0.024657  
	Train = MSE:0.020840 , RMSE:0.144360 , MAE:0.110401 , MAPD:0.567877, R_squared:0.999639  
	Validation = MSE:0.024657 , RMSE:0.157026 , MAE:0.126945 , MAPD:0.682966, R_squared:0.999556

2024-03-21 06:11:53,282 Epoch 239/300, Train Loss: 0.020064, Val Loss: 0.027753  
	Train = MSE:0.020064 , RMSE:0.141648 , MAE:0.107008 , MAPD:0.551293, R_squared:0.999653  
	Validation = MSE:0.027753 , RMSE:0.166593 , MAE:0.135046 , MAPD:0.730046, R_squared:0.999501

2024-03-21 06:12:08,061 Epoch 240/300, Train Loss: 0.022697, Val Loss: 0.019507  
	Train = MSE:0.022697 , RMSE:0.150656 , MAE:0.113989 , MAPD:0.581645, R_squared:0.999607  
	Validation = MSE:0.019507 , RMSE:0.139667 , MAE:0.107614 , MAPD:0.625446, R_squared:0.999649

2024-03-21 06:12:22,770 Epoch 241/300, Train Loss: 0.021756, Val Loss: 0.018895  
	Train = MSE:0.021756 , RMSE:0.147498 , MAE:0.111206 , MAPD:0.571780, R_squared:0.999623  
	Validation = MSE:0.018895 , RMSE:0.137458 , MAE:0.106083 , MAPD:0.558879, R_squared:0.999660

2024-03-21 06:12:40,787 Epoch 242/300, Train Loss: 0.020996, Val Loss: 0.033573  
	Train = MSE:0.020996 , RMSE:0.144901 , MAE:0.109734 , MAPD:0.563549, R_squared:0.999637  
	Validation = MSE:0.033573 , RMSE:0.183229 , MAE:0.163525 , MAPD:0.924680, R_squared:0.999396

2024-03-21 06:12:56,154 Epoch 243/300, Train Loss: 0.020520, Val Loss: 0.014151  
	Train = MSE:0.020520 , RMSE:0.143247 , MAE:0.107500 , MAPD:0.554265, R_squared:0.999645  
	Validation = MSE:0.014151 , RMSE:0.118959 , MAE:0.086147 , MAPD:0.481086, R_squared:0.999745

2024-03-21 06:13:11,706 Epoch 244/300, Train Loss: 0.022440, Val Loss: 0.016506  
	Train = MSE:0.022440 , RMSE:0.149801 , MAE:0.112577 , MAPD:0.581357, R_squared:0.999612  
	Validation = MSE:0.016506 , RMSE:0.128477 , MAE:0.098806 , MAPD:0.571552, R_squared:0.999703

2024-03-21 06:13:26,479 Epoch 245/300, Train Loss: 0.021536, Val Loss: 0.032033  
	Train = MSE:0.021536 , RMSE:0.146750 , MAE:0.111135 , MAPD:0.572382, R_squared:0.999627  
	Validation = MSE:0.032033 , RMSE:0.178979 , MAE:0.150605 , MAPD:0.786185, R_squared:0.999424

2024-03-21 06:13:41,065 Epoch 246/300, Train Loss: 0.022161, Val Loss: 0.010521  
	Train = MSE:0.022161 , RMSE:0.148865 , MAE:0.110977 , MAPD:0.569254, R_squared:0.999616  
	Validation = MSE:0.010521 , RMSE:0.102572 , MAE:0.073595 , MAPD:0.405969, R_squared:0.999811

2024-03-21 06:13:55,944 Epoch 247/300, Train Loss: 0.021982, Val Loss: 0.022406  
	Train = MSE:0.021982 , RMSE:0.148264 , MAE:0.113126 , MAPD:0.577898, R_squared:0.999619  
	Validation = MSE:0.022406 , RMSE:0.149686 , MAE:0.108318 , MAPD:0.513892, R_squared:0.999597

2024-03-21 06:14:12,186 Epoch 248/300, Train Loss: 0.021644, Val Loss: 0.021090  
	Train = MSE:0.021644 , RMSE:0.147118 , MAE:0.111190 , MAPD:0.577119, R_squared:0.999625  
	Validation = MSE:0.021090 , RMSE:0.145223 , MAE:0.119940 , MAPD:0.656599, R_squared:0.999621

2024-03-21 06:14:27,166 Epoch 249/300, Train Loss: 0.022273, Val Loss: 0.054751  
	Train = MSE:0.022273 , RMSE:0.149240 , MAE:0.111375 , MAPD:0.570032, R_squared:0.999614  
	Validation = MSE:0.054751 , RMSE:0.233990 , MAE:0.207935 , MAPD:1.097718, R_squared:0.999015

2024-03-21 06:14:41,770 Epoch 250/300, Train Loss: 0.020389, Val Loss: 0.034835  
	Train = MSE:0.020389 , RMSE:0.142789 , MAE:0.108154 , MAPD:0.559416, R_squared:0.999647  
	Validation = MSE:0.034835 , RMSE:0.186642 , MAE:0.163122 , MAPD:0.961317, R_squared:0.999373

2024-03-21 06:14:56,654 Epoch 251/300, Train Loss: 0.019771, Val Loss: 0.049975  
	Train = MSE:0.019771 , RMSE:0.140610 , MAE:0.104945 , MAPD:0.537345, R_squared:0.999658  
	Validation = MSE:0.049975 , RMSE:0.223552 , MAE:0.192413 , MAPD:1.191413, R_squared:0.999101

2024-03-21 06:15:14,520 Epoch 252/300, Train Loss: 0.021296, Val Loss: 0.052638  
	Train = MSE:0.021296 , RMSE:0.145932 , MAE:0.109234 , MAPD:0.567438, R_squared:0.999631  
	Validation = MSE:0.052638 , RMSE:0.229430 , MAE:0.203958 , MAPD:1.073926, R_squared:0.999053

2024-03-21 06:15:29,679 Epoch 253/300, Train Loss: 0.021971, Val Loss: 0.012779  
	Train = MSE:0.021971 , RMSE:0.148227 , MAE:0.112091 , MAPD:0.577136, R_squared:0.999620  
	Validation = MSE:0.012779 , RMSE:0.113046 , MAE:0.081396 , MAPD:0.431868, R_squared:0.999770

2024-03-21 06:15:44,466 Epoch 254/300, Train Loss: 0.022092, Val Loss: 0.016243  
	Train = MSE:0.022092 , RMSE:0.148635 , MAE:0.111666 , MAPD:0.573446, R_squared:0.999618  
	Validation = MSE:0.016243 , RMSE:0.127447 , MAE:0.098063 , MAPD:0.543768, R_squared:0.999708

2024-03-21 06:15:58,812 Epoch 255/300, Train Loss: 0.020842, Val Loss: 0.014139  
	Train = MSE:0.020842 , RMSE:0.144366 , MAE:0.108689 , MAPD:0.559714, R_squared:0.999639  
	Validation = MSE:0.014139 , RMSE:0.118906 , MAE:0.087734 , MAPD:0.469939, R_squared:0.999746

2024-03-21 06:16:13,413 Epoch 256/300, Train Loss: 0.020737, Val Loss: 0.012359  
	Train = MSE:0.020737 , RMSE:0.144004 , MAE:0.108351 , MAPD:0.560169, R_squared:0.999641  
	Validation = MSE:0.012359 , RMSE:0.111171 , MAE:0.080250 , MAPD:0.435097, R_squared:0.999778

2024-03-21 06:16:28,010 Epoch 257/300, Train Loss: 0.021725, Val Loss: 0.015720  
	Train = MSE:0.021725 , RMSE:0.147395 , MAE:0.111096 , MAPD:0.570835, R_squared:0.999624  
	Validation = MSE:0.015720 , RMSE:0.125381 , MAE:0.091366 , MAPD:0.522339, R_squared:0.999717

2024-03-21 06:16:42,500 Epoch 258/300, Train Loss: 0.020200, Val Loss: 0.012973  
	Train = MSE:0.020200 , RMSE:0.142125 , MAE:0.108631 , MAPD:0.561068, R_squared:0.999650  
	Validation = MSE:0.012973 , RMSE:0.113897 , MAE:0.078563 , MAPD:0.436002, R_squared:0.999767

2024-03-21 06:16:57,494 Epoch 259/300, Train Loss: 0.018919, Val Loss: 0.016721  
	Train = MSE:0.018919 , RMSE:0.137546 , MAE:0.103407 , MAPD:0.528438, R_squared:0.999673  
	Validation = MSE:0.016721 , RMSE:0.129309 , MAE:0.094326 , MAPD:0.499827, R_squared:0.999699

2024-03-21 06:17:12,558 Epoch 260/300, Train Loss: 0.020942, Val Loss: 0.015147  
	Train = MSE:0.020942 , RMSE:0.144713 , MAE:0.109018 , MAPD:0.566731, R_squared:0.999637  
	Validation = MSE:0.015147 , RMSE:0.123072 , MAE:0.090536 , MAPD:0.472543, R_squared:0.999727

2024-03-21 06:17:27,942 Epoch 261/300, Train Loss: 0.020283, Val Loss: 0.012714  
	Train = MSE:0.020283 , RMSE:0.142419 , MAE:0.107456 , MAPD:0.552571, R_squared:0.999649  
	Validation = MSE:0.012714 , RMSE:0.112757 , MAE:0.080071 , MAPD:0.426855, R_squared:0.999771

2024-03-21 06:17:44,837 Epoch 262/300, Train Loss: 0.022565, Val Loss: 0.011449  
	Train = MSE:0.022565 , RMSE:0.150218 , MAE:0.111905 , MAPD:0.575540, R_squared:0.999609  
	Validation = MSE:0.011449 , RMSE:0.107002 , MAE:0.075636 , MAPD:0.405729, R_squared:0.999794

2024-03-21 06:17:59,531 Epoch 263/300, Train Loss: 0.020405, Val Loss: 0.020235  
	Train = MSE:0.020405 , RMSE:0.142844 , MAE:0.109076 , MAPD:0.563480, R_squared:0.999647  
	Validation = MSE:0.020235 , RMSE:0.142251 , MAE:0.112042 , MAPD:0.622625, R_squared:0.999636

2024-03-21 06:18:15,350 Epoch 264/300, Train Loss: 0.020073, Val Loss: 0.013776  
	Train = MSE:0.020073 , RMSE:0.141678 , MAE:0.107849 , MAPD:0.560639, R_squared:0.999653  
	Validation = MSE:0.013776 , RMSE:0.117371 , MAE:0.086310 , MAPD:0.458305, R_squared:0.999752

2024-03-21 06:18:29,933 Epoch 265/300, Train Loss: 0.020216, Val Loss: 0.026180  
	Train = MSE:0.020216 , RMSE:0.142183 , MAE:0.106804 , MAPD:0.550544, R_squared:0.999650  
	Validation = MSE:0.026180 , RMSE:0.161803 , MAE:0.131157 , MAPD:0.685185, R_squared:0.999529

2024-03-21 06:18:44,654 Epoch 266/300, Train Loss: 0.019931, Val Loss: 0.036184  
	Train = MSE:0.019931 , RMSE:0.141177 , MAE:0.106627 , MAPD:0.553909, R_squared:0.999655  
	Validation = MSE:0.036184 , RMSE:0.190221 , MAE:0.163980 , MAPD:0.959430, R_squared:0.999349

2024-03-21 06:18:59,127 Epoch 267/300, Train Loss: 0.019646, Val Loss: 0.015354  
	Train = MSE:0.019646 , RMSE:0.140164 , MAE:0.105773 , MAPD:0.543234, R_squared:0.999660  
	Validation = MSE:0.015354 , RMSE:0.123910 , MAE:0.093817 , MAPD:0.525777, R_squared:0.999724

2024-03-21 06:19:14,479 Epoch 268/300, Train Loss: 0.019317, Val Loss: 0.019205  
	Train = MSE:0.019317 , RMSE:0.138984 , MAE:0.106148 , MAPD:0.556704, R_squared:0.999666  
	Validation = MSE:0.019205 , RMSE:0.138584 , MAE:0.107275 , MAPD:0.634259, R_squared:0.999654

2024-03-21 06:19:29,148 Epoch 269/300, Train Loss: 0.019254, Val Loss: 0.012194  
	Train = MSE:0.019254 , RMSE:0.138759 , MAE:0.103819 , MAPD:0.533562, R_squared:0.999667  
	Validation = MSE:0.012194 , RMSE:0.110425 , MAE:0.080255 , MAPD:0.462098, R_squared:0.999781

2024-03-21 06:19:44,137 Epoch 270/300, Train Loss: 0.019681, Val Loss: 0.012078  
	Train = MSE:0.019681 , RMSE:0.140288 , MAE:0.105593 , MAPD:0.545426, R_squared:0.999659  
	Validation = MSE:0.012078 , RMSE:0.109900 , MAE:0.076469 , MAPD:0.418414, R_squared:0.999783

2024-03-21 06:19:58,764 Epoch 271/300, Train Loss: 0.019526, Val Loss: 0.014070  
	Train = MSE:0.019526 , RMSE:0.139736 , MAE:0.105977 , MAPD:0.545804, R_squared:0.999662  
	Validation = MSE:0.014070 , RMSE:0.118616 , MAE:0.087694 , MAPD:0.474990, R_squared:0.999747

2024-03-21 06:20:15,626 Epoch 272/300, Train Loss: 0.019066, Val Loss: 0.011752  
	Train = MSE:0.019066 , RMSE:0.138080 , MAE:0.105061 , MAPD:0.541567, R_squared:0.999670  
	Validation = MSE:0.011752 , RMSE:0.108406 , MAE:0.078024 , MAPD:0.434508, R_squared:0.999789

2024-03-21 06:20:29,947 Epoch 273/300, Train Loss: 0.018893, Val Loss: 0.066310  
	Train = MSE:0.018893 , RMSE:0.137451 , MAE:0.105224 , MAPD:0.545031, R_squared:0.999673  
	Validation = MSE:0.066310 , RMSE:0.257506 , MAE:0.233070 , MAPD:1.236003, R_squared:0.998807

2024-03-21 06:20:45,011 Epoch 274/300, Train Loss: 0.020622, Val Loss: 0.017956  
	Train = MSE:0.020622 , RMSE:0.143605 , MAE:0.107892 , MAPD:0.551092, R_squared:0.999643  
	Validation = MSE:0.017956 , RMSE:0.133999 , MAE:0.097762 , MAPD:0.487349, R_squared:0.999677

2024-03-21 06:20:59,534 Epoch 275/300, Train Loss: 0.019910, Val Loss: 0.016354  
	Train = MSE:0.019910 , RMSE:0.141103 , MAE:0.106992 , MAPD:0.555594, R_squared:0.999655  
	Validation = MSE:0.016354 , RMSE:0.127884 , MAE:0.100098 , MAPD:0.600449, R_squared:0.999706

2024-03-21 06:21:14,289 Epoch 276/300, Train Loss: 0.019583, Val Loss: 0.020695  
	Train = MSE:0.019583 , RMSE:0.139939 , MAE:0.105759 , MAPD:0.540913, R_squared:0.999661  
	Validation = MSE:0.020695 , RMSE:0.143859 , MAE:0.109715 , MAPD:0.616758, R_squared:0.999628

2024-03-21 06:21:28,637 Epoch 277/300, Train Loss: 0.019944, Val Loss: 0.016256  
	Train = MSE:0.019944 , RMSE:0.141224 , MAE:0.107634 , MAPD:0.555572, R_squared:0.999655  
	Validation = MSE:0.016256 , RMSE:0.127498 , MAE:0.096041 , MAPD:0.529979, R_squared:0.999707

2024-03-21 06:21:43,366 Epoch 278/300, Train Loss: 0.018974, Val Loss: 0.011653  
	Train = MSE:0.018974 , RMSE:0.137747 , MAE:0.104958 , MAPD:0.537483, R_squared:0.999672  
	Validation = MSE:0.011653 , RMSE:0.107947 , MAE:0.074697 , MAPD:0.396404, R_squared:0.999790

2024-03-21 06:21:57,696 Epoch 279/300, Train Loss: 0.018719, Val Loss: 0.023843  
	Train = MSE:0.018719 , RMSE:0.136819 , MAE:0.104326 , MAPD:0.535989, R_squared:0.999676  
	Validation = MSE:0.023843 , RMSE:0.154412 , MAE:0.121452 , MAPD:0.701013, R_squared:0.999571

2024-03-21 06:22:13,006 Epoch 280/300, Train Loss: 0.017866, Val Loss: 0.061318  
	Train = MSE:0.017866 , RMSE:0.133664 , MAE:0.099277 , MAPD:0.508898, R_squared:0.999691  
	Validation = MSE:0.061318 , RMSE:0.247624 , MAE:0.226396 , MAPD:1.247284, R_squared:0.998897

2024-03-21 06:22:27,559 Epoch 281/300, Train Loss: 0.019135, Val Loss: 0.015055  
	Train = MSE:0.019135 , RMSE:0.138331 , MAE:0.104786 , MAPD:0.537035, R_squared:0.999669  
	Validation = MSE:0.015055 , RMSE:0.122700 , MAE:0.089591 , MAPD:0.519950, R_squared:0.999729

2024-03-21 06:22:46,365 Epoch 282/300, Train Loss: 0.020443, Val Loss: 0.020047  
	Train = MSE:0.020443 , RMSE:0.142978 , MAE:0.106675 , MAPD:0.548151, R_squared:0.999646  
	Validation = MSE:0.020047 , RMSE:0.141587 , MAE:0.109406 , MAPD:0.583003, R_squared:0.999639

2024-03-21 06:23:01,384 Epoch 283/300, Train Loss: 0.020172, Val Loss: 0.011950  
	Train = MSE:0.020172 , RMSE:0.142028 , MAE:0.106831 , MAPD:0.551638, R_squared:0.999651  
	Validation = MSE:0.011950 , RMSE:0.109315 , MAE:0.075798 , MAPD:0.412244, R_squared:0.999785

2024-03-21 06:23:16,631 Epoch 284/300, Train Loss: 0.018978, Val Loss: 0.012927  
	Train = MSE:0.018978 , RMSE:0.137762 , MAE:0.104948 , MAPD:0.542031, R_squared:0.999671  
	Validation = MSE:0.012927 , RMSE:0.113696 , MAE:0.082954 , MAPD:0.461705, R_squared:0.999767

2024-03-21 06:23:31,170 Epoch 285/300, Train Loss: 0.018467, Val Loss: 0.029755  
	Train = MSE:0.018467 , RMSE:0.135895 , MAE:0.101008 , MAPD:0.522743, R_squared:0.999680  
	Validation = MSE:0.029755 , RMSE:0.172495 , MAE:0.139634 , MAPD:0.711374, R_squared:0.999465

2024-03-21 06:23:46,887 Epoch 286/300, Train Loss: 0.019636, Val Loss: 0.016039  
	Train = MSE:0.019636 , RMSE:0.140129 , MAE:0.105476 , MAPD:0.543516, R_squared:0.999660  
	Validation = MSE:0.016039 , RMSE:0.126644 , MAE:0.093702 , MAPD:0.518149, R_squared:0.999711

2024-03-21 06:24:01,233 Epoch 287/300, Train Loss: 0.018925, Val Loss: 0.012237  
	Train = MSE:0.018925 , RMSE:0.137569 , MAE:0.104919 , MAPD:0.541244, R_squared:0.999672  
	Validation = MSE:0.012237 , RMSE:0.110621 , MAE:0.080147 , MAPD:0.443614, R_squared:0.999780

2024-03-21 06:24:16,144 Epoch 288/300, Train Loss: 0.019242, Val Loss: 0.013925  
	Train = MSE:0.019242 , RMSE:0.138715 , MAE:0.104121 , MAPD:0.537470, R_squared:0.999667  
	Validation = MSE:0.013925 , RMSE:0.118005 , MAE:0.089686 , MAPD:0.523871, R_squared:0.999749

2024-03-21 06:24:30,679 Epoch 289/300, Train Loss: 0.020314, Val Loss: 0.011724  
	Train = MSE:0.020314 , RMSE:0.142527 , MAE:0.106666 , MAPD:0.549239, R_squared:0.999648  
	Validation = MSE:0.011724 , RMSE:0.108277 , MAE:0.077496 , MAPD:0.420787, R_squared:0.999789

2024-03-21 06:24:45,458 Epoch 290/300, Train Loss: 0.018693, Val Loss: 0.103918  
	Train = MSE:0.018693 , RMSE:0.136724 , MAE:0.104329 , MAPD:0.538973, R_squared:0.999676  
	Validation = MSE:0.103918 , RMSE:0.322364 , MAE:0.287601 , MAPD:1.528890, R_squared:0.998130

2024-03-21 06:25:01,361 Epoch 291/300, Train Loss: 0.017979, Val Loss: 0.027075  
	Train = MSE:0.017979 , RMSE:0.134085 , MAE:0.101140 , MAPD:0.525124, R_squared:0.999689  
	Validation = MSE:0.027075 , RMSE:0.164544 , MAE:0.126507 , MAPD:0.630694, R_squared:0.999513

2024-03-21 06:25:18,579 Epoch 292/300, Train Loss: 0.020238, Val Loss: 0.027935  
	Train = MSE:0.020238 , RMSE:0.142260 , MAE:0.107252 , MAPD:0.548597, R_squared:0.999650  
	Validation = MSE:0.027935 , RMSE:0.167139 , MAE:0.134489 , MAPD:0.749556, R_squared:0.999497

2024-03-21 06:25:33,018 Epoch 293/300, Train Loss: 0.018502, Val Loss: 0.031912  
	Train = MSE:0.018502 , RMSE:0.136022 , MAE:0.101054 , MAPD:0.521310, R_squared:0.999680  
	Validation = MSE:0.031912 , RMSE:0.178640 , MAE:0.151822 , MAPD:0.823421, R_squared:0.999426

2024-03-21 06:25:47,576 Epoch 294/300, Train Loss: 0.018273, Val Loss: 0.013740  
	Train = MSE:0.018273 , RMSE:0.135177 , MAE:0.103921 , MAPD:0.537429, R_squared:0.999684  
	Validation = MSE:0.013740 , RMSE:0.117218 , MAE:0.088934 , MAPD:0.480836, R_squared:0.999753

2024-03-21 06:26:02,606 Epoch 295/300, Train Loss: 0.017933, Val Loss: 0.014491  
	Train = MSE:0.017933 , RMSE:0.133916 , MAE:0.102379 , MAPD:0.528419, R_squared:0.999690  
	Validation = MSE:0.014491 , RMSE:0.120380 , MAE:0.087802 , MAPD:0.503525, R_squared:0.999739

2024-03-21 06:26:16,935 Epoch 296/300, Train Loss: 0.019661, Val Loss: 0.015744  
	Train = MSE:0.019661 , RMSE:0.140217 , MAE:0.106522 , MAPD:0.549654, R_squared:0.999660  
	Validation = MSE:0.015744 , RMSE:0.125475 , MAE:0.095594 , MAPD:0.551949, R_squared:0.999717

2024-03-21 06:26:32,243 Epoch 297/300, Train Loss: 0.018602, Val Loss: 0.019755  
	Train = MSE:0.018602 , RMSE:0.136391 , MAE:0.102903 , MAPD:0.530655, R_squared:0.999678  
	Validation = MSE:0.019755 , RMSE:0.140551 , MAE:0.107324 , MAPD:0.558740, R_squared:0.999645

2024-03-21 06:26:47,257 Epoch 298/300, Train Loss: 0.019306, Val Loss: 0.015838  
	Train = MSE:0.019306 , RMSE:0.138947 , MAE:0.105616 , MAPD:0.543181, R_squared:0.999666  
	Validation = MSE:0.015838 , RMSE:0.125848 , MAE:0.095475 , MAPD:0.510000, R_squared:0.999715

2024-03-21 06:27:01,777 Epoch 299/300, Train Loss: 0.018974, Val Loss: 0.011059  
	Train = MSE:0.018974 , RMSE:0.137745 , MAE:0.104551 , MAPD:0.540413, R_squared:0.999672  
	Validation = MSE:0.011059 , RMSE:0.105160 , MAE:0.072665 , MAPD:0.407673, R_squared:0.999801

2024-03-21 06:27:16,379 Epoch 300/300, Train Loss: 0.018582, Val Loss: 0.032343  
	Train = MSE:0.018582 , RMSE:0.136315 , MAE:0.103326 , MAPD:0.531113, R_squared:0.999678  
	Validation = MSE:0.032343 , RMSE:0.179842 , MAE:0.137527 , MAPD:0.641461, R_squared:0.999418

2024-03-21 06:27:16,382 Time for training the model: 4506.549001
2024-03-21 06:27:18,394 MSE for train: 0.032231
2024-03-21 06:27:18,394 RMSE for train: 0.179530
2024-03-21 06:27:18,394 MAE for train: 0.138786
2024-03-21 06:27:18,394 MAPD for train: 0.623144
2024-03-21 06:27:18,395 R^2 Score for train: 0.999442
2024-03-21 06:27:18,399 Inference time for train dataset: 0.948000

2024-03-21 06:27:18,536 MSE for val: 0.032343
2024-03-21 06:27:18,536 RMSE for val: 0.179842
2024-03-21 06:27:18,536 MAE for val: 0.137527
2024-03-21 06:27:18,536 MAPD for val: 0.641461
2024-03-21 06:27:18,536 R^2 Score for val: 0.999418
2024-03-21 06:27:18,539 Inference time for val dataset: 0.137002

2024-03-21 06:27:18,674 MSE for test: 0.037148
2024-03-21 06:27:18,674 RMSE for test: 0.192738
2024-03-21 06:27:18,674 MAE for test: 0.150657
2024-03-21 06:27:18,674 MAPD for test: 0.667683
2024-03-21 06:27:18,674 R^2 Score for test: 0.999387
2024-03-21 06:27:18,681 Inference time for test dataset: 0.134998

2024-03-21 06:27:21,403 Train label average: , [20.62097221]
2024-03-21 06:27:21,404 Test label average: , [21.41736175]
2024-03-21 06:27:21,404 validation label average: , [20.14607025]
2024-03-21 06:27:21,404 predicted (on validation dataset) values average: , 21.54896484375
