2024-03-21 05:20:04,420 train batches in dataset: 50
2024-03-21 05:20:04,420 val batches in dataset: 7
2024-03-21 05:20:04,421 test batches in dataset: 7
2024-03-21 05:20:04,435 Trainable parameter: net_core.0.weight - size: torch.Size([256, 35])
2024-03-21 05:20:04,439 Trainable parameter: net_core.0.bias - size: torch.Size([256])
2024-03-21 05:20:04,444 Trainable parameter: net_core.1.weight - size: torch.Size([128, 256])
2024-03-21 05:20:04,448 Trainable parameter: net_core.1.bias - size: torch.Size([128])
2024-03-21 05:20:04,454 Trainable parameter: net_core.2.weight - size: torch.Size([64, 128])
2024-03-21 05:20:04,459 Trainable parameter: net_core.2.bias - size: torch.Size([64])
2024-03-21 05:20:04,466 Trainable parameter: net_core.3.weight - size: torch.Size([16, 64])
2024-03-21 05:20:04,467 Trainable parameter: net_core.3.bias - size: torch.Size([16])
2024-03-21 05:20:04,467 Trainable parameter: net_core.4.weight - size: torch.Size([1, 16])
2024-03-21 05:20:04,467 Trainable parameter: net_core.4.bias - size: torch.Size([1])
2024-03-21 05:20:04,468 Number of trainable parameters: 51425
2024-03-21 05:20:04,468 Number of non-trainable parameters: 0
2024-03-21 05:20:11,177 Epoch 1/300, Train Loss: 187.703864, Val Loss: 43.585560  
	Train = MSE:187.751526 , RMSE:13.702246 , MAE:11.143548 , MAPD:54.389379, R_squared:-2.250011  
	Validation = MSE:42.324257 , RMSE:6.505710 , MAE:5.706915 , MAPD:34.024749, R_squared:0.238416

2024-03-21 05:20:17,983 Epoch 2/300, Train Loss: 28.959462, Val Loss: 16.521093  
	Train = MSE:28.961946 , RMSE:5.381630 , MAE:4.445380 , MAPD:24.744758, R_squared:0.498664  
	Validation = MSE:16.225376 , RMSE:4.028073 , MAE:3.470550 , MAPD:21.131759, R_squared:0.708040

2024-03-21 05:20:23,730 Epoch 3/300, Train Loss: 8.114098, Val Loss: 3.400943  
	Train = MSE:8.115717 , RMSE:2.848810 , MAE:2.266318 , MAPD:13.781948, R_squared:0.859516  
	Validation = MSE:3.350485 , RMSE:1.830433 , MAE:1.435297 , MAPD:9.035459, R_squared:0.939711

2024-03-21 05:20:29,355 Epoch 4/300, Train Loss: 2.598002, Val Loss: 2.082188  
	Train = MSE:2.598074 , RMSE:1.611854 , MAE:1.293471 , MAPD:7.534915, R_squared:0.955027  
	Validation = MSE:2.058091 , RMSE:1.434605 , MAE:1.157036 , MAPD:6.744368, R_squared:0.962967

2024-03-21 05:20:34,975 Epoch 5/300, Train Loss: 1.853446, Val Loss: 1.592701  
	Train = MSE:1.853553 , RMSE:1.361453 , MAE:1.112848 , MAPD:6.356274, R_squared:0.967915  
	Validation = MSE:1.567988 , RMSE:1.252193 , MAE:1.006158 , MAPD:5.904735, R_squared:0.971786

2024-03-21 05:20:40,390 Epoch 6/300, Train Loss: 1.452773, Val Loss: 1.231435  
	Train = MSE:1.452918 , RMSE:1.205370 , MAE:0.989937 , MAPD:5.601465, R_squared:0.974850  
	Validation = MSE:1.224240 , RMSE:1.106454 , MAE:0.898276 , MAPD:5.214200, R_squared:0.977971

2024-03-21 05:20:46,593 Epoch 7/300, Train Loss: 1.187148, Val Loss: 1.004861  
	Train = MSE:1.187212 , RMSE:1.089593 , MAE:0.896212 , MAPD:5.045138, R_squared:0.979449  
	Validation = MSE:1.009856 , RMSE:1.004916 , MAE:0.821984 , MAPD:4.618313, R_squared:0.981829

2024-03-21 05:20:53,441 Epoch 8/300, Train Loss: 0.982808, Val Loss: 0.809876  
	Train = MSE:0.982889 , RMSE:0.991408 , MAE:0.808625 , MAPD:4.492355, R_squared:0.982986  
	Validation = MSE:0.805707 , RMSE:0.897612 , MAE:0.730388 , MAPD:4.135340, R_squared:0.985502

2024-03-21 05:21:00,800 Epoch 9/300, Train Loss: 0.807451, Val Loss: 0.663151  
	Train = MSE:0.807496 , RMSE:0.898608 , MAE:0.729196 , MAPD:4.023724, R_squared:0.986022  
	Validation = MSE:0.665967 , RMSE:0.816068 , MAE:0.665485 , MAPD:3.660599, R_squared:0.988017

2024-03-21 05:21:06,302 Epoch 10/300, Train Loss: 0.661044, Val Loss: 0.524343  
	Train = MSE:0.661092 , RMSE:0.813076 , MAE:0.651772 , MAPD:3.571616, R_squared:0.988556  
	Validation = MSE:0.519178 , RMSE:0.720540 , MAE:0.582970 , MAPD:3.257152, R_squared:0.990658

2024-03-21 05:21:12,014 Epoch 11/300, Train Loss: 0.515484, Val Loss: 0.425561  
	Train = MSE:0.515477 , RMSE:0.717967 , MAE:0.565321 , MAPD:3.061711, R_squared:0.991077  
	Validation = MSE:0.429001 , RMSE:0.654981 , MAE:0.522346 , MAPD:2.829518, R_squared:0.992281

2024-03-21 05:21:19,391 Epoch 12/300, Train Loss: 0.402896, Val Loss: 0.343324  
	Train = MSE:0.402902 , RMSE:0.634745 , MAE:0.493977 , MAPD:2.670315, R_squared:0.993026  
	Validation = MSE:0.347333 , RMSE:0.589349 , MAE:0.463348 , MAPD:2.505018, R_squared:0.993750

2024-03-21 05:21:25,353 Epoch 13/300, Train Loss: 0.330198, Val Loss: 0.291262  
	Train = MSE:0.330217 , RMSE:0.574645 , MAE:0.440676 , MAPD:2.352606, R_squared:0.994284  
	Validation = MSE:0.295173 , RMSE:0.543298 , MAE:0.425336 , MAPD:2.376006, R_squared:0.994689

2024-03-21 05:21:31,788 Epoch 14/300, Train Loss: 0.284585, Val Loss: 0.261822  
	Train = MSE:0.284586 , RMSE:0.533466 , MAE:0.401653 , MAPD:2.137378, R_squared:0.995074  
	Validation = MSE:0.263656 , RMSE:0.513474 , MAE:0.392431 , MAPD:2.136379, R_squared:0.995256

2024-03-21 05:21:36,992 Epoch 15/300, Train Loss: 0.240882, Val Loss: 0.223882  
	Train = MSE:0.240911 , RMSE:0.490827 , MAE:0.365932 , MAPD:1.948142, R_squared:0.995830  
	Validation = MSE:0.222251 , RMSE:0.471435 , MAE:0.355001 , MAPD:1.959083, R_squared:0.996001

2024-03-21 05:21:42,361 Epoch 16/300, Train Loss: 0.209420, Val Loss: 0.200859  
	Train = MSE:0.209420 , RMSE:0.457624 , MAE:0.334949 , MAPD:1.769457, R_squared:0.996375  
	Validation = MSE:0.200449 , RMSE:0.447716 , MAE:0.337268 , MAPD:1.893577, R_squared:0.996393

2024-03-21 05:21:48,478 Epoch 17/300, Train Loss: 0.185557, Val Loss: 0.175931  
	Train = MSE:0.185525 , RMSE:0.430726 , MAE:0.312961 , MAPD:1.651913, R_squared:0.996789  
	Validation = MSE:0.176739 , RMSE:0.420403 , MAE:0.306307 , MAPD:1.692235, R_squared:0.996820

2024-03-21 05:21:54,170 Epoch 18/300, Train Loss: 0.164993, Val Loss: 0.164489  
	Train = MSE:0.165007 , RMSE:0.406211 , MAE:0.290806 , MAPD:1.539269, R_squared:0.997144  
	Validation = MSE:0.166756 , RMSE:0.408357 , MAE:0.293156 , MAPD:1.592802, R_squared:0.996999

2024-03-21 05:21:59,267 Epoch 19/300, Train Loss: 0.152912, Val Loss: 0.171902  
	Train = MSE:0.152907 , RMSE:0.391034 , MAE:0.282776 , MAPD:1.495898, R_squared:0.997353  
	Validation = MSE:0.175763 , RMSE:0.419241 , MAE:0.299605 , MAPD:1.596134, R_squared:0.996837

2024-03-21 05:22:04,952 Epoch 20/300, Train Loss: 0.141515, Val Loss: 0.142990  
	Train = MSE:0.141508 , RMSE:0.376175 , MAE:0.268863 , MAPD:1.423870, R_squared:0.997550  
	Validation = MSE:0.146758 , RMSE:0.383090 , MAE:0.273200 , MAPD:1.485962, R_squared:0.997359

2024-03-21 05:22:10,187 Epoch 21/300, Train Loss: 0.135679, Val Loss: 0.135101  
	Train = MSE:0.135682 , RMSE:0.368351 , MAE:0.265461 , MAPD:1.413808, R_squared:0.997651  
	Validation = MSE:0.139228 , RMSE:0.373133 , MAE:0.265033 , MAPD:1.443700, R_squared:0.997495

2024-03-21 05:22:17,280 Epoch 22/300, Train Loss: 0.128013, Val Loss: 0.131195  
	Train = MSE:0.128018 , RMSE:0.357796 , MAE:0.257348 , MAPD:1.368786, R_squared:0.997784  
	Validation = MSE:0.135075 , RMSE:0.367525 , MAE:0.266998 , MAPD:1.478470, R_squared:0.997569

2024-03-21 05:22:23,618 Epoch 23/300, Train Loss: 0.124624, Val Loss: 0.137460  
	Train = MSE:0.124640 , RMSE:0.353043 , MAE:0.254366 , MAPD:1.353075, R_squared:0.997842  
	Validation = MSE:0.142941 , RMSE:0.378076 , MAE:0.268702 , MAPD:1.436286, R_squared:0.997428

2024-03-21 05:22:30,219 Epoch 24/300, Train Loss: 0.118666, Val Loss: 0.116128  
	Train = MSE:0.118671 , RMSE:0.344487 , MAE:0.249700 , MAPD:1.329369, R_squared:0.997946  
	Validation = MSE:0.120390 , RMSE:0.346973 , MAE:0.247524 , MAPD:1.363402, R_squared:0.997834

2024-03-21 05:22:36,777 Epoch 25/300, Train Loss: 0.112580, Val Loss: 0.115758  
	Train = MSE:0.112578 , RMSE:0.335527 , MAE:0.242818 , MAPD:1.297791, R_squared:0.998051  
	Validation = MSE:0.119749 , RMSE:0.346048 , MAE:0.257411 , MAPD:1.443527, R_squared:0.997845

2024-03-21 05:22:42,972 Epoch 26/300, Train Loss: 0.107058, Val Loss: 0.108280  
	Train = MSE:0.107057 , RMSE:0.327196 , MAE:0.237472 , MAPD:1.270654, R_squared:0.998147  
	Validation = MSE:0.112484 , RMSE:0.335386 , MAE:0.235198 , MAPD:1.286128, R_squared:0.997976

2024-03-21 05:22:49,436 Epoch 27/300, Train Loss: 0.102722, Val Loss: 0.100895  
	Train = MSE:0.102735 , RMSE:0.320524 , MAE:0.229958 , MAPD:1.229946, R_squared:0.998222  
	Validation = MSE:0.105696 , RMSE:0.325109 , MAE:0.233481 , MAPD:1.286176, R_squared:0.998098

2024-03-21 05:22:57,869 Epoch 28/300, Train Loss: 0.096209, Val Loss: 0.114684  
	Train = MSE:0.096199 , RMSE:0.310160 , MAE:0.223249 , MAPD:1.201427, R_squared:0.998335  
	Validation = MSE:0.120353 , RMSE:0.346920 , MAE:0.247028 , MAPD:1.344611, R_squared:0.997834

2024-03-21 05:23:02,885 Epoch 29/300, Train Loss: 0.092248, Val Loss: 0.098795  
	Train = MSE:0.092251 , RMSE:0.303729 , MAE:0.218356 , MAPD:1.177568, R_squared:0.998403  
	Validation = MSE:0.102801 , RMSE:0.320626 , MAE:0.240161 , MAPD:1.350887, R_squared:0.998150

2024-03-21 05:23:08,303 Epoch 30/300, Train Loss: 0.094052, Val Loss: 0.090604  
	Train = MSE:0.094061 , RMSE:0.306694 , MAE:0.222504 , MAPD:1.196308, R_squared:0.998372  
	Validation = MSE:0.094805 , RMSE:0.307905 , MAE:0.223792 , MAPD:1.257863, R_squared:0.998294

2024-03-21 05:23:13,040 Epoch 31/300, Train Loss: 0.087431, Val Loss: 0.085332  
	Train = MSE:0.087422 , RMSE:0.295672 , MAE:0.212806 , MAPD:1.146605, R_squared:0.998487  
	Validation = MSE:0.089143 , RMSE:0.298569 , MAE:0.215109 , MAPD:1.200073, R_squared:0.998396

2024-03-21 05:23:19,837 Epoch 32/300, Train Loss: 0.083674, Val Loss: 0.084287  
	Train = MSE:0.083666 , RMSE:0.289251 , MAE:0.209538 , MAPD:1.134280, R_squared:0.998552  
	Validation = MSE:0.089514 , RMSE:0.299189 , MAE:0.212166 , MAPD:1.182457, R_squared:0.998389

2024-03-21 05:23:25,704 Epoch 33/300, Train Loss: 0.077081, Val Loss: 0.083844  
	Train = MSE:0.077077 , RMSE:0.277627 , MAE:0.198283 , MAPD:1.078217, R_squared:0.998666  
	Validation = MSE:0.089287 , RMSE:0.298809 , MAE:0.209121 , MAPD:1.157289, R_squared:0.998393

2024-03-21 05:23:31,786 Epoch 34/300, Train Loss: 0.079198, Val Loss: 0.074513  
	Train = MSE:0.079208 , RMSE:0.281439 , MAE:0.204377 , MAPD:1.108654, R_squared:0.998629  
	Validation = MSE:0.079059 , RMSE:0.281174 , MAE:0.198752 , MAPD:1.116350, R_squared:0.998577

2024-03-21 05:23:37,309 Epoch 35/300, Train Loss: 0.073711, Val Loss: 0.079099  
	Train = MSE:0.073713 , RMSE:0.271501 , MAE:0.195000 , MAPD:1.061045, R_squared:0.998724  
	Validation = MSE:0.082669 , RMSE:0.287522 , MAE:0.215299 , MAPD:1.212536, R_squared:0.998512

2024-03-21 05:23:41,704 Epoch 36/300, Train Loss: 0.073042, Val Loss: 0.071570  
	Train = MSE:0.073044 , RMSE:0.270266 , MAE:0.194058 , MAPD:1.054525, R_squared:0.998736  
	Validation = MSE:0.076454 , RMSE:0.276503 , MAE:0.193994 , MAPD:1.093790, R_squared:0.998624

2024-03-21 05:23:46,889 Epoch 37/300, Train Loss: 0.069312, Val Loss: 0.078058  
	Train = MSE:0.069284 , RMSE:0.263219 , MAE:0.188715 , MAPD:1.028719, R_squared:0.998801  
	Validation = MSE:0.081440 , RMSE:0.285376 , MAE:0.219768 , MAPD:1.237607, R_squared:0.998535

2024-03-21 05:23:51,328 Epoch 38/300, Train Loss: 0.070488, Val Loss: 0.071793  
	Train = MSE:0.070494 , RMSE:0.265508 , MAE:0.192759 , MAPD:1.043980, R_squared:0.998780  
	Validation = MSE:0.076805 , RMSE:0.277138 , MAE:0.191588 , MAPD:1.075251, R_squared:0.998618

2024-03-21 05:23:56,596 Epoch 39/300, Train Loss: 0.065631, Val Loss: 0.064331  
	Train = MSE:0.065635 , RMSE:0.256193 , MAE:0.184975 , MAPD:1.005444, R_squared:0.998864  
	Validation = MSE:0.068525 , RMSE:0.261773 , MAE:0.183299 , MAPD:1.038259, R_squared:0.998767

2024-03-21 05:24:01,287 Epoch 40/300, Train Loss: 0.068409, Val Loss: 0.071661  
	Train = MSE:0.068413 , RMSE:0.261559 , MAE:0.189055 , MAPD:1.028178, R_squared:0.998816  
	Validation = MSE:0.074990 , RMSE:0.273843 , MAE:0.211195 , MAPD:1.193169, R_squared:0.998651

2024-03-21 05:24:07,026 Epoch 41/300, Train Loss: 0.063925, Val Loss: 0.072817  
	Train = MSE:0.063924 , RMSE:0.252832 , MAE:0.183196 , MAPD:0.994569, R_squared:0.998893  
	Validation = MSE:0.076623 , RMSE:0.276808 , MAE:0.216242 , MAPD:1.248946, R_squared:0.998621

2024-03-21 05:24:12,801 Epoch 42/300, Train Loss: 0.062764, Val Loss: 0.060401  
	Train = MSE:0.062770 , RMSE:0.250540 , MAE:0.181362 , MAPD:0.985190, R_squared:0.998913  
	Validation = MSE:0.064542 , RMSE:0.254051 , MAE:0.176572 , MAPD:1.001675, R_squared:0.998839

2024-03-21 05:24:19,652 Epoch 43/300, Train Loss: 0.059045, Val Loss: 0.058797  
	Train = MSE:0.059049 , RMSE:0.243001 , MAE:0.175380 , MAPD:0.950265, R_squared:0.998978  
	Validation = MSE:0.062897 , RMSE:0.250793 , MAE:0.174532 , MAPD:0.991878, R_squared:0.998868

2024-03-21 05:24:25,274 Epoch 44/300, Train Loss: 0.057032, Val Loss: 0.057949  
	Train = MSE:0.057033 , RMSE:0.238817 , MAE:0.170854 , MAPD:0.929821, R_squared:0.999013  
	Validation = MSE:0.062186 , RMSE:0.249372 , MAE:0.170523 , MAPD:0.967062, R_squared:0.998881

2024-03-21 05:24:30,174 Epoch 45/300, Train Loss: 0.057934, Val Loss: 0.055890  
	Train = MSE:0.057934 , RMSE:0.240695 , MAE:0.173848 , MAPD:0.942790, R_squared:0.998997  
	Validation = MSE:0.060092 , RMSE:0.245136 , MAE:0.168572 , MAPD:0.957749, R_squared:0.998919

2024-03-21 05:24:35,521 Epoch 46/300, Train Loss: 0.056745, Val Loss: 0.057439  
	Train = MSE:0.056751 , RMSE:0.238225 , MAE:0.173091 , MAPD:0.942060, R_squared:0.999018  
	Validation = MSE:0.061849 , RMSE:0.248695 , MAE:0.168448 , MAPD:0.948864, R_squared:0.998887

2024-03-21 05:24:40,588 Epoch 47/300, Train Loss: 0.061022, Val Loss: 0.053900  
	Train = MSE:0.061024 , RMSE:0.247029 , MAE:0.181948 , MAPD:0.974438, R_squared:0.998944  
	Validation = MSE:0.057416 , RMSE:0.239617 , MAE:0.169087 , MAPD:0.956543, R_squared:0.998967

2024-03-21 05:24:45,724 Epoch 48/300, Train Loss: 0.054459, Val Loss: 0.069843  
	Train = MSE:0.054453 , RMSE:0.233352 , MAE:0.167808 , MAPD:0.907290, R_squared:0.999057  
	Validation = MSE:0.074492 , RMSE:0.272932 , MAE:0.190875 , MAPD:1.052310, R_squared:0.998660

2024-03-21 05:24:51,633 Epoch 49/300, Train Loss: 0.055657, Val Loss: 0.051207  
	Train = MSE:0.055656 , RMSE:0.235914 , MAE:0.171913 , MAPD:0.929144, R_squared:0.999037  
	Validation = MSE:0.055166 , RMSE:0.234875 , MAE:0.160700 , MAPD:0.912756, R_squared:0.999007

2024-03-21 05:24:56,537 Epoch 50/300, Train Loss: 0.050598, Val Loss: 0.051008  
	Train = MSE:0.050601 , RMSE:0.224946 , MAE:0.161922 , MAPD:0.874213, R_squared:0.999124  
	Validation = MSE:0.055095 , RMSE:0.234724 , MAE:0.161676 , MAPD:0.917589, R_squared:0.999009

2024-03-21 05:25:01,295 Epoch 51/300, Train Loss: 0.050733, Val Loss: 0.057862  
	Train = MSE:0.050723 , RMSE:0.225218 , MAE:0.161996 , MAPD:0.871273, R_squared:0.999122  
	Validation = MSE:0.062088 , RMSE:0.249174 , MAE:0.171828 , MAPD:0.939348, R_squared:0.998883

2024-03-21 05:25:08,073 Epoch 52/300, Train Loss: 0.051902, Val Loss: 0.053737  
	Train = MSE:0.051898 , RMSE:0.227812 , MAE:0.164046 , MAPD:0.884824, R_squared:0.999102  
	Validation = MSE:0.057819 , RMSE:0.240456 , MAE:0.162518 , MAPD:0.914636, R_squared:0.998960

2024-03-21 05:25:14,061 Epoch 53/300, Train Loss: 0.049026, Val Loss: 0.047358  
	Train = MSE:0.049028 , RMSE:0.221423 , MAE:0.158989 , MAPD:0.855489, R_squared:0.999151  
	Validation = MSE:0.050576 , RMSE:0.224892 , MAE:0.155647 , MAPD:0.879904, R_squared:0.999090

2024-03-21 05:25:21,484 Epoch 54/300, Train Loss: 0.051377, Val Loss: 0.053612  
	Train = MSE:0.051379 , RMSE:0.226669 , MAE:0.164993 , MAPD:0.889367, R_squared:0.999111  
	Validation = MSE:0.057612 , RMSE:0.240025 , MAE:0.162687 , MAPD:0.906966, R_squared:0.998963

2024-03-21 05:25:25,908 Epoch 55/300, Train Loss: 0.048880, Val Loss: 0.054292  
	Train = MSE:0.048883 , RMSE:0.221095 , MAE:0.159624 , MAPD:0.857462, R_squared:0.999154  
	Validation = MSE:0.058111 , RMSE:0.241062 , MAE:0.164241 , MAPD:0.909547, R_squared:0.998954

2024-03-21 05:25:31,225 Epoch 56/300, Train Loss: 0.047337, Val Loss: 0.046103  
	Train = MSE:0.047324 , RMSE:0.217540 , MAE:0.156770 , MAPD:0.838837, R_squared:0.999181  
	Validation = MSE:0.049274 , RMSE:0.221976 , MAE:0.152622 , MAPD:0.855553, R_squared:0.999113

2024-03-21 05:25:35,637 Epoch 57/300, Train Loss: 0.049060, Val Loss: 0.056382  
	Train = MSE:0.049061 , RMSE:0.221497 , MAE:0.161142 , MAPD:0.863967, R_squared:0.999151  
	Validation = MSE:0.060175 , RMSE:0.245305 , MAE:0.168665 , MAPD:0.899876, R_squared:0.998917

2024-03-21 05:25:40,605 Epoch 58/300, Train Loss: 0.048749, Val Loss: 0.047593  
	Train = MSE:0.048754 , RMSE:0.220803 , MAE:0.160337 , MAPD:0.855417, R_squared:0.999156  
	Validation = MSE:0.051545 , RMSE:0.227036 , MAE:0.152640 , MAPD:0.850349, R_squared:0.999072

2024-03-21 05:25:45,909 Epoch 59/300, Train Loss: 0.053874, Val Loss: 0.044742  
	Train = MSE:0.053881 , RMSE:0.232122 , MAE:0.171513 , MAPD:0.910656, R_squared:0.999067  
	Validation = MSE:0.047328 , RMSE:0.217550 , MAE:0.156643 , MAPD:0.877650, R_squared:0.999148

2024-03-21 05:25:50,930 Epoch 60/300, Train Loss: 0.046926, Val Loss: 0.048567  
	Train = MSE:0.046927 , RMSE:0.216626 , MAE:0.156964 , MAPD:0.836923, R_squared:0.999188  
	Validation = MSE:0.052164 , RMSE:0.228395 , MAE:0.154761 , MAPD:0.867183, R_squared:0.999061

2024-03-21 05:25:55,351 Epoch 61/300, Train Loss: 0.047171, Val Loss: 0.044205  
	Train = MSE:0.047171 , RMSE:0.217188 , MAE:0.158266 , MAPD:0.843158, R_squared:0.999183  
	Validation = MSE:0.047226 , RMSE:0.217316 , MAE:0.147164 , MAPD:0.828165, R_squared:0.999150

2024-03-21 05:26:03,257 Epoch 62/300, Train Loss: 0.046333, Val Loss: 0.043561  
	Train = MSE:0.046336 , RMSE:0.215258 , MAE:0.155875 , MAPD:0.825707, R_squared:0.999198  
	Validation = MSE:0.046153 , RMSE:0.214833 , MAE:0.155324 , MAPD:0.878462, R_squared:0.999170

2024-03-21 05:26:07,987 Epoch 63/300, Train Loss: 0.044049, Val Loss: 0.040963  
	Train = MSE:0.044054 , RMSE:0.209890 , MAE:0.151896 , MAPD:0.806997, R_squared:0.999237  
	Validation = MSE:0.044156 , RMSE:0.210133 , MAE:0.143888 , MAPD:0.814855, R_squared:0.999205

2024-03-21 05:26:14,695 Epoch 64/300, Train Loss: 0.045360, Val Loss: 0.047103  
	Train = MSE:0.045363 , RMSE:0.212985 , MAE:0.153552 , MAPD:0.815902, R_squared:0.999215  
	Validation = MSE:0.050374 , RMSE:0.224441 , MAE:0.152550 , MAPD:0.854748, R_squared:0.999094

2024-03-21 05:26:19,557 Epoch 65/300, Train Loss: 0.045382, Val Loss: 0.048570  
	Train = MSE:0.045380 , RMSE:0.213027 , MAE:0.156528 , MAPD:0.831529, R_squared:0.999214  
	Validation = MSE:0.051288 , RMSE:0.226469 , MAE:0.167521 , MAPD:0.948994, R_squared:0.999077

2024-03-21 05:26:24,354 Epoch 66/300, Train Loss: 0.046607, Val Loss: 0.039457  
	Train = MSE:0.046602 , RMSE:0.215876 , MAE:0.157912 , MAPD:0.839590, R_squared:0.999193  
	Validation = MSE:0.042529 , RMSE:0.206225 , MAE:0.140542 , MAPD:0.790583, R_squared:0.999235

2024-03-21 05:26:28,770 Epoch 67/300, Train Loss: 0.045507, Val Loss: 0.046960  
	Train = MSE:0.045509 , RMSE:0.213329 , MAE:0.155933 , MAPD:0.822650, R_squared:0.999212  
	Validation = MSE:0.048939 , RMSE:0.221222 , MAE:0.171130 , MAPD:0.958095, R_squared:0.999119

2024-03-21 05:26:34,902 Epoch 68/300, Train Loss: 0.044135, Val Loss: 0.038486  
	Train = MSE:0.044133 , RMSE:0.210079 , MAE:0.151567 , MAPD:0.801861, R_squared:0.999236  
	Validation = MSE:0.040984 , RMSE:0.202444 , MAE:0.138559 , MAPD:0.772367, R_squared:0.999263

2024-03-21 05:26:41,182 Epoch 69/300, Train Loss: 0.041950, Val Loss: 0.043412  
	Train = MSE:0.041953 , RMSE:0.204824 , MAE:0.148406 , MAPD:0.785139, R_squared:0.999274  
	Validation = MSE:0.046010 , RMSE:0.214498 , MAE:0.161273 , MAPD:0.925460, R_squared:0.999172

2024-03-21 05:26:47,354 Epoch 70/300, Train Loss: 0.042423, Val Loss: 0.038398  
	Train = MSE:0.042423 , RMSE:0.205969 , MAE:0.149481 , MAPD:0.792997, R_squared:0.999266  
	Validation = MSE:0.040595 , RMSE:0.201482 , MAE:0.140326 , MAPD:0.781060, R_squared:0.999270

2024-03-21 05:26:52,496 Epoch 71/300, Train Loss: 0.040827, Val Loss: 0.040648  
	Train = MSE:0.040827 , RMSE:0.202057 , MAE:0.145525 , MAPD:0.765228, R_squared:0.999293  
	Validation = MSE:0.043810 , RMSE:0.209309 , MAE:0.138801 , MAPD:0.766787, R_squared:0.999212

2024-03-21 05:26:59,181 Epoch 72/300, Train Loss: 0.043667, Val Loss: 0.040491  
	Train = MSE:0.043672 , RMSE:0.208977 , MAE:0.152525 , MAPD:0.799656, R_squared:0.999244  
	Validation = MSE:0.043416 , RMSE:0.208364 , MAE:0.140720 , MAPD:0.765674, R_squared:0.999219

2024-03-21 05:27:04,016 Epoch 73/300, Train Loss: 0.045556, Val Loss: 0.037125  
	Train = MSE:0.045560 , RMSE:0.213447 , MAE:0.155996 , MAPD:0.819142, R_squared:0.999211  
	Validation = MSE:0.039474 , RMSE:0.198680 , MAE:0.136560 , MAPD:0.754939, R_squared:0.999290

2024-03-21 05:27:09,708 Epoch 74/300, Train Loss: 0.038569, Val Loss: 0.037280  
	Train = MSE:0.038568 , RMSE:0.196386 , MAE:0.141931 , MAPD:0.745552, R_squared:0.999332  
	Validation = MSE:0.039552 , RMSE:0.198876 , MAE:0.140955 , MAPD:0.789634, R_squared:0.999288

2024-03-21 05:27:15,435 Epoch 75/300, Train Loss: 0.039362, Val Loss: 0.052084  
	Train = MSE:0.039355 , RMSE:0.198381 , MAE:0.143662 , MAPD:0.756540, R_squared:0.999319  
	Validation = MSE:0.053759 , RMSE:0.231860 , MAE:0.189885 , MAPD:1.090953, R_squared:0.999033

2024-03-21 05:27:21,177 Epoch 76/300, Train Loss: 0.040839, Val Loss: 0.036140  
	Train = MSE:0.040828 , RMSE:0.202060 , MAE:0.146162 , MAPD:0.769268, R_squared:0.999293  
	Validation = MSE:0.038537 , RMSE:0.196310 , MAE:0.137237 , MAPD:0.764673, R_squared:0.999307

2024-03-21 05:27:26,685 Epoch 77/300, Train Loss: 0.040158, Val Loss: 0.035645  
	Train = MSE:0.040158 , RMSE:0.200394 , MAE:0.145234 , MAPD:0.761911, R_squared:0.999305  
	Validation = MSE:0.038077 , RMSE:0.195134 , MAE:0.135141 , MAPD:0.750506, R_squared:0.999315

2024-03-21 05:27:31,030 Epoch 78/300, Train Loss: 0.037205, Val Loss: 0.039910  
	Train = MSE:0.037205 , RMSE:0.192885 , MAE:0.138557 , MAPD:0.727221, R_squared:0.999356  
	Validation = MSE:0.042810 , RMSE:0.206905 , MAE:0.139450 , MAPD:0.774064, R_squared:0.999230

2024-03-21 05:27:35,910 Epoch 79/300, Train Loss: 0.039781, Val Loss: 0.038628  
	Train = MSE:0.039776 , RMSE:0.199439 , MAE:0.145826 , MAPD:0.762356, R_squared:0.999311  
	Validation = MSE:0.041434 , RMSE:0.203553 , MAE:0.136868 , MAPD:0.754587, R_squared:0.999254

2024-03-21 05:27:41,396 Epoch 80/300, Train Loss: 0.046402, Val Loss: 0.062089  
	Train = MSE:0.046398 , RMSE:0.215401 , MAE:0.161737 , MAPD:0.850815, R_squared:0.999197  
	Validation = MSE:0.063325 , RMSE:0.251644 , MAE:0.212574 , MAPD:1.195618, R_squared:0.998861

2024-03-21 05:27:46,177 Epoch 81/300, Train Loss: 0.038738, Val Loss: 0.035861  
	Train = MSE:0.038741 , RMSE:0.196826 , MAE:0.142525 , MAPD:0.743614, R_squared:0.999329  
	Validation = MSE:0.037945 , RMSE:0.194795 , MAE:0.139887 , MAPD:0.780063, R_squared:0.999317

2024-03-21 05:27:52,110 Epoch 82/300, Train Loss: 0.044956, Val Loss: 0.036052  
	Train = MSE:0.044964 , RMSE:0.212046 , MAE:0.155799 , MAPD:0.812197, R_squared:0.999222  
	Validation = MSE:0.038730 , RMSE:0.196799 , MAE:0.130872 , MAPD:0.711425, R_squared:0.999303

2024-03-21 05:27:57,427 Epoch 83/300, Train Loss: 0.038698, Val Loss: 0.037182  
	Train = MSE:0.038696 , RMSE:0.196714 , MAE:0.142022 , MAPD:0.747689, R_squared:0.999330  
	Validation = MSE:0.040065 , RMSE:0.200163 , MAE:0.132555 , MAPD:0.721608, R_squared:0.999279

2024-03-21 05:28:01,838 Epoch 84/300, Train Loss: 0.038079, Val Loss: 0.050620  
	Train = MSE:0.038075 , RMSE:0.195128 , MAE:0.142947 , MAPD:0.744577, R_squared:0.999341  
	Validation = MSE:0.053523 , RMSE:0.231351 , MAE:0.168792 , MAPD:0.937583, R_squared:0.999037

2024-03-21 05:28:08,431 Epoch 85/300, Train Loss: 0.037495, Val Loss: 0.033140  
	Train = MSE:0.037496 , RMSE:0.193639 , MAE:0.141635 , MAPD:0.737831, R_squared:0.999351  
	Validation = MSE:0.035280 , RMSE:0.187829 , MAE:0.129573 , MAPD:0.716845, R_squared:0.999365

2024-03-21 05:28:13,822 Epoch 86/300, Train Loss: 0.035582, Val Loss: 0.037600  
	Train = MSE:0.035573 , RMSE:0.188609 , MAE:0.134843 , MAPD:0.705390, R_squared:0.999384  
	Validation = MSE:0.038947 , RMSE:0.197349 , MAE:0.145933 , MAPD:0.806053, R_squared:0.999299

2024-03-21 05:28:19,749 Epoch 87/300, Train Loss: 0.045422, Val Loss: 0.038433  
	Train = MSE:0.045425 , RMSE:0.213132 , MAE:0.159705 , MAPD:0.829406, R_squared:0.999214  
	Validation = MSE:0.040853 , RMSE:0.202120 , MAE:0.139104 , MAPD:0.755231, R_squared:0.999265

2024-03-21 05:28:24,794 Epoch 88/300, Train Loss: 0.037462, Val Loss: 0.038431  
	Train = MSE:0.037452 , RMSE:0.193524 , MAE:0.140907 , MAPD:0.739800, R_squared:0.999352  
	Validation = MSE:0.040156 , RMSE:0.200388 , MAE:0.153179 , MAPD:0.870182, R_squared:0.999277

2024-03-21 05:28:30,776 Epoch 89/300, Train Loss: 0.043045, Val Loss: 0.045056  
	Train = MSE:0.043026 , RMSE:0.207428 , MAE:0.155808 , MAPD:0.815379, R_squared:0.999255  
	Validation = MSE:0.047853 , RMSE:0.218752 , MAE:0.152093 , MAPD:0.788679, R_squared:0.999139

2024-03-21 05:28:36,393 Epoch 90/300, Train Loss: 0.036384, Val Loss: 0.035390  
	Train = MSE:0.036385 , RMSE:0.190748 , MAE:0.138318 , MAPD:0.718699, R_squared:0.999370  
	Validation = MSE:0.037137 , RMSE:0.192709 , MAE:0.143904 , MAPD:0.803809, R_squared:0.999332

2024-03-21 05:28:41,891 Epoch 91/300, Train Loss: 0.036746, Val Loss: 0.032208  
	Train = MSE:0.036748 , RMSE:0.191698 , MAE:0.139962 , MAPD:0.725766, R_squared:0.999364  
	Validation = MSE:0.034290 , RMSE:0.185174 , MAE:0.124752 , MAPD:0.678536, R_squared:0.999383

2024-03-21 05:28:49,348 Epoch 92/300, Train Loss: 0.033948, Val Loss: 0.030463  
	Train = MSE:0.033952 , RMSE:0.184262 , MAE:0.132915 , MAPD:0.690123, R_squared:0.999412  
	Validation = MSE:0.032472 , RMSE:0.180201 , MAE:0.119550 , MAPD:0.654441, R_squared:0.999416

2024-03-21 05:28:54,169 Epoch 93/300, Train Loss: 0.034057, Val Loss: 0.033122  
	Train = MSE:0.034056 , RMSE:0.184541 , MAE:0.132737 , MAPD:0.686993, R_squared:0.999410  
	Validation = MSE:0.034584 , RMSE:0.185968 , MAE:0.129151 , MAPD:0.703725, R_squared:0.999378

2024-03-21 05:28:59,794 Epoch 94/300, Train Loss: 0.036582, Val Loss: 0.046184  
	Train = MSE:0.036583 , RMSE:0.191267 , MAE:0.139442 , MAPD:0.725399, R_squared:0.999367  
	Validation = MSE:0.048320 , RMSE:0.219818 , MAE:0.153222 , MAPD:0.775450, R_squared:0.999131

2024-03-21 05:29:06,466 Epoch 95/300, Train Loss: 0.036046, Val Loss: 0.032067  
	Train = MSE:0.036040 , RMSE:0.189841 , MAE:0.137151 , MAPD:0.711588, R_squared:0.999376  
	Validation = MSE:0.033441 , RMSE:0.182868 , MAE:0.127612 , MAPD:0.683490, R_squared:0.999398

2024-03-21 05:29:11,670 Epoch 96/300, Train Loss: 0.035247, Val Loss: 0.037577  
	Train = MSE:0.035252 , RMSE:0.187754 , MAE:0.137640 , MAPD:0.708102, R_squared:0.999390  
	Validation = MSE:0.039755 , RMSE:0.199387 , MAE:0.137955 , MAPD:0.744564, R_squared:0.999285

2024-03-21 05:29:16,438 Epoch 97/300, Train Loss: 0.033247, Val Loss: 0.053603  
	Train = MSE:0.033250 , RMSE:0.182346 , MAE:0.132639 , MAPD:0.691511, R_squared:0.999424  
	Validation = MSE:0.056505 , RMSE:0.237709 , MAE:0.181127 , MAPD:0.996095, R_squared:0.998983

2024-03-21 05:29:21,621 Epoch 98/300, Train Loss: 0.033592, Val Loss: 0.037331  
	Train = MSE:0.033589 , RMSE:0.183274 , MAE:0.131418 , MAPD:0.680120, R_squared:0.999419  
	Validation = MSE:0.038434 , RMSE:0.196045 , MAE:0.155214 , MAPD:0.892022, R_squared:0.999308

2024-03-21 05:29:27,267 Epoch 99/300, Train Loss: 0.032580, Val Loss: 0.030008  
	Train = MSE:0.032578 , RMSE:0.180493 , MAE:0.131361 , MAPD:0.679637, R_squared:0.999436  
	Validation = MSE:0.031901 , RMSE:0.178608 , MAE:0.119702 , MAPD:0.642464, R_squared:0.999426

2024-03-21 05:29:31,872 Epoch 100/300, Train Loss: 0.033501, Val Loss: 0.042975  
	Train = MSE:0.033502 , RMSE:0.183035 , MAE:0.134412 , MAPD:0.699625, R_squared:0.999420  
	Validation = MSE:0.044024 , RMSE:0.209819 , MAE:0.166846 , MAPD:0.903153, R_squared:0.999208

2024-03-21 05:29:37,340 Epoch 101/300, Train Loss: 0.042746, Val Loss: 0.038711  
	Train = MSE:0.042749 , RMSE:0.206758 , MAE:0.154562 , MAPD:0.800412, R_squared:0.999260  
	Validation = MSE:0.041188 , RMSE:0.202948 , MAE:0.142594 , MAPD:0.749095, R_squared:0.999259

2024-03-21 05:29:45,674 Epoch 102/300, Train Loss: 0.044196, Val Loss: 0.030529  
	Train = MSE:0.044197 , RMSE:0.210230 , MAE:0.159300 , MAPD:0.825991, R_squared:0.999235  
	Validation = MSE:0.032101 , RMSE:0.179169 , MAE:0.125902 , MAPD:0.673777, R_squared:0.999422

2024-03-21 05:29:51,069 Epoch 103/300, Train Loss: 0.036371, Val Loss: 0.037324  
	Train = MSE:0.036370 , RMSE:0.190709 , MAE:0.140879 , MAPD:0.727134, R_squared:0.999370  
	Validation = MSE:0.039334 , RMSE:0.198327 , MAE:0.136643 , MAPD:0.713483, R_squared:0.999292

2024-03-21 05:29:57,470 Epoch 104/300, Train Loss: 0.040057, Val Loss: 0.056618  
	Train = MSE:0.040060 , RMSE:0.200149 , MAE:0.149919 , MAPD:0.776000, R_squared:0.999307  
	Validation = MSE:0.058711 , RMSE:0.242303 , MAE:0.187003 , MAPD:0.991277, R_squared:0.998944

2024-03-21 05:30:04,848 Epoch 105/300, Train Loss: 0.040799, Val Loss: 0.027508  
	Train = MSE:0.040795 , RMSE:0.201977 , MAE:0.150517 , MAPD:0.777005, R_squared:0.999294  
	Validation = MSE:0.028818 , RMSE:0.169757 , MAE:0.119108 , MAPD:0.656221, R_squared:0.999481

2024-03-21 05:30:11,594 Epoch 106/300, Train Loss: 0.028328, Val Loss: 0.034894  
	Train = MSE:0.028330 , RMSE:0.168316 , MAE:0.121614 , MAPD:0.629205, R_squared:0.999510  
	Validation = MSE:0.037083 , RMSE:0.192569 , MAE:0.134086 , MAPD:0.710024, R_squared:0.999333

2024-03-21 05:30:17,381 Epoch 107/300, Train Loss: 0.031313, Val Loss: 0.031296  
	Train = MSE:0.031311 , RMSE:0.176950 , MAE:0.130056 , MAPD:0.672255, R_squared:0.999458  
	Validation = MSE:0.032616 , RMSE:0.180599 , MAE:0.137513 , MAPD:0.774305, R_squared:0.999413

2024-03-21 05:30:23,586 Epoch 108/300, Train Loss: 0.031089, Val Loss: 0.038274  
	Train = MSE:0.031089 , RMSE:0.176322 , MAE:0.129754 , MAPD:0.671420, R_squared:0.999462  
	Validation = MSE:0.040149 , RMSE:0.200373 , MAE:0.145436 , MAPD:0.826961, R_squared:0.999278

2024-03-21 05:30:29,700 Epoch 109/300, Train Loss: 0.034714, Val Loss: 0.029592  
	Train = MSE:0.034710 , RMSE:0.186306 , MAE:0.140586 , MAPD:0.734839, R_squared:0.999399  
	Validation = MSE:0.031227 , RMSE:0.176710 , MAE:0.118503 , MAPD:0.623581, R_squared:0.999438

2024-03-21 05:30:37,805 Epoch 110/300, Train Loss: 0.030507, Val Loss: 0.028440  
	Train = MSE:0.030502 , RMSE:0.174648 , MAE:0.126735 , MAPD:0.655088, R_squared:0.999472  
	Validation = MSE:0.029711 , RMSE:0.172369 , MAE:0.117617 , MAPD:0.619832, R_squared:0.999465

2024-03-21 05:30:44,400 Epoch 111/300, Train Loss: 0.032480, Val Loss: 0.056100  
	Train = MSE:0.032473 , RMSE:0.180204 , MAE:0.133583 , MAPD:0.690748, R_squared:0.999438  
	Validation = MSE:0.058372 , RMSE:0.241602 , MAE:0.193677 , MAPD:1.046029, R_squared:0.998950

2024-03-21 05:30:51,805 Epoch 112/300, Train Loss: 0.034535, Val Loss: 0.037956  
	Train = MSE:0.034531 , RMSE:0.185826 , MAE:0.137715 , MAPD:0.713202, R_squared:0.999402  
	Validation = MSE:0.040364 , RMSE:0.200907 , MAE:0.140959 , MAPD:0.724125, R_squared:0.999274

2024-03-21 05:30:57,700 Epoch 113/300, Train Loss: 0.028755, Val Loss: 0.033856  
	Train = MSE:0.028759 , RMSE:0.169585 , MAE:0.123900 , MAPD:0.638097, R_squared:0.999502  
	Validation = MSE:0.035334 , RMSE:0.187972 , MAE:0.147086 , MAPD:0.800068, R_squared:0.999364

2024-03-21 05:31:03,571 Epoch 114/300, Train Loss: 0.030770, Val Loss: 0.025307  
	Train = MSE:0.030775 , RMSE:0.175427 , MAE:0.128629 , MAPD:0.666879, R_squared:0.999467  
	Validation = MSE:0.027152 , RMSE:0.164778 , MAE:0.109822 , MAPD:0.592575, R_squared:0.999511

2024-03-21 05:31:10,887 Epoch 115/300, Train Loss: 0.036675, Val Loss: 0.056586  
	Train = MSE:0.036653 , RMSE:0.191450 , MAE:0.142607 , MAPD:0.740801, R_squared:0.999366  
	Validation = MSE:0.058240 , RMSE:0.241330 , MAE:0.193166 , MAPD:1.030733, R_squared:0.998952

2024-03-21 05:31:17,196 Epoch 116/300, Train Loss: 0.032463, Val Loss: 0.024501  
	Train = MSE:0.032459 , RMSE:0.180163 , MAE:0.133956 , MAPD:0.690698, R_squared:0.999438  
	Validation = MSE:0.025994 , RMSE:0.161226 , MAE:0.115880 , MAPD:0.645067, R_squared:0.999532

2024-03-21 05:31:24,368 Epoch 117/300, Train Loss: 0.027564, Val Loss: 0.023127  
	Train = MSE:0.027567 , RMSE:0.166033 , MAE:0.120677 , MAPD:0.619032, R_squared:0.999523  
	Validation = MSE:0.024746 , RMSE:0.157309 , MAE:0.106409 , MAPD:0.568144, R_squared:0.999555

2024-03-21 05:31:32,418 Epoch 118/300, Train Loss: 0.027044, Val Loss: 0.027659  
	Train = MSE:0.027041 , RMSE:0.164442 , MAE:0.121048 , MAPD:0.620916, R_squared:0.999532  
	Validation = MSE:0.029346 , RMSE:0.171306 , MAE:0.116363 , MAPD:0.610636, R_squared:0.999472

2024-03-21 05:31:39,076 Epoch 119/300, Train Loss: 0.030340, Val Loss: 0.023353  
	Train = MSE:0.030332 , RMSE:0.174162 , MAE:0.131850 , MAPD:0.682982, R_squared:0.999475  
	Validation = MSE:0.025212 , RMSE:0.158783 , MAE:0.109738 , MAPD:0.597623, R_squared:0.999546

2024-03-21 05:31:45,029 Epoch 120/300, Train Loss: 0.027970, Val Loss: 0.027952  
	Train = MSE:0.027971 , RMSE:0.167246 , MAE:0.123711 , MAPD:0.637708, R_squared:0.999516  
	Validation = MSE:0.029331 , RMSE:0.171263 , MAE:0.130091 , MAPD:0.700268, R_squared:0.999472

2024-03-21 05:31:50,799 Epoch 121/300, Train Loss: 0.028472, Val Loss: 0.022459  
	Train = MSE:0.028458 , RMSE:0.168696 , MAE:0.125878 , MAPD:0.655779, R_squared:0.999507  
	Validation = MSE:0.024209 , RMSE:0.155594 , MAE:0.106544 , MAPD:0.575865, R_squared:0.999564

2024-03-21 05:31:58,181 Epoch 122/300, Train Loss: 0.031476, Val Loss: 0.043188  
	Train = MSE:0.031479 , RMSE:0.177422 , MAE:0.133442 , MAPD:0.693277, R_squared:0.999455  
	Validation = MSE:0.044757 , RMSE:0.211559 , MAE:0.160239 , MAPD:0.825582, R_squared:0.999195

2024-03-21 05:32:03,933 Epoch 123/300, Train Loss: 0.039645, Val Loss: 0.033118  
	Train = MSE:0.039652 , RMSE:0.199129 , MAE:0.153876 , MAPD:0.808349, R_squared:0.999314  
	Validation = MSE:0.035075 , RMSE:0.187284 , MAE:0.137331 , MAPD:0.723484, R_squared:0.999369

2024-03-21 05:32:09,766 Epoch 124/300, Train Loss: 0.025613, Val Loss: 0.021973  
	Train = MSE:0.025609 , RMSE:0.160028 , MAE:0.118465 , MAPD:0.611679, R_squared:0.999557  
	Validation = MSE:0.023711 , RMSE:0.153983 , MAE:0.105604 , MAPD:0.573614, R_squared:0.999573

2024-03-21 05:32:16,647 Epoch 125/300, Train Loss: 0.026951, Val Loss: 0.043536  
	Train = MSE:0.026951 , RMSE:0.164167 , MAE:0.122506 , MAPD:0.631770, R_squared:0.999533  
	Validation = MSE:0.044360 , RMSE:0.210618 , MAE:0.169335 , MAPD:0.854531, R_squared:0.999202

2024-03-21 05:32:22,864 Epoch 126/300, Train Loss: 0.027397, Val Loss: 0.026844  
	Train = MSE:0.027391 , RMSE:0.165502 , MAE:0.122946 , MAPD:0.636202, R_squared:0.999526  
	Validation = MSE:0.028027 , RMSE:0.167414 , MAE:0.130404 , MAPD:0.714998, R_squared:0.999496

2024-03-21 05:32:31,152 Epoch 127/300, Train Loss: 0.025812, Val Loss: 0.023860  
	Train = MSE:0.025818 , RMSE:0.160679 , MAE:0.118356 , MAPD:0.613943, R_squared:0.999553  
	Validation = MSE:0.025349 , RMSE:0.159213 , MAE:0.115324 , MAPD:0.601633, R_squared:0.999544

2024-03-21 05:32:38,303 Epoch 128/300, Train Loss: 0.025254, Val Loss: 0.031885  
	Train = MSE:0.025254 , RMSE:0.158914 , MAE:0.118730 , MAPD:0.615377, R_squared:0.999563  
	Validation = MSE:0.033102 , RMSE:0.181940 , MAE:0.146270 , MAPD:0.791103, R_squared:0.999404

2024-03-21 05:32:43,384 Epoch 129/300, Train Loss: 0.042127, Val Loss: 0.022440  
	Train = MSE:0.042132 , RMSE:0.205260 , MAE:0.159540 , MAPD:0.829686, R_squared:0.999271  
	Validation = MSE:0.023886 , RMSE:0.154551 , MAE:0.112771 , MAPD:0.598763, R_squared:0.999570

2024-03-21 05:32:49,241 Epoch 130/300, Train Loss: 0.025477, Val Loss: 0.022545  
	Train = MSE:0.025477 , RMSE:0.159614 , MAE:0.119407 , MAPD:0.619788, R_squared:0.999559  
	Validation = MSE:0.023979 , RMSE:0.154853 , MAE:0.110596 , MAPD:0.572525, R_squared:0.999569

2024-03-21 05:32:54,288 Epoch 131/300, Train Loss: 0.027045, Val Loss: 0.022288  
	Train = MSE:0.027043 , RMSE:0.164448 , MAE:0.122772 , MAPD:0.641123, R_squared:0.999532  
	Validation = MSE:0.023598 , RMSE:0.153616 , MAE:0.111996 , MAPD:0.584006, R_squared:0.999575

2024-03-21 05:33:01,987 Epoch 132/300, Train Loss: 0.034800, Val Loss: 0.062337  
	Train = MSE:0.034803 , RMSE:0.186555 , MAE:0.143839 , MAPD:0.748359, R_squared:0.999398  
	Validation = MSE:0.063294 , RMSE:0.251584 , MAE:0.208687 , MAPD:1.092295, R_squared:0.998861

2024-03-21 05:33:07,299 Epoch 133/300, Train Loss: 0.027913, Val Loss: 0.020287  
	Train = MSE:0.027916 , RMSE:0.167081 , MAE:0.123960 , MAPD:0.640923, R_squared:0.999517  
	Validation = MSE:0.021538 , RMSE:0.146759 , MAE:0.101209 , MAPD:0.541189, R_squared:0.999612

2024-03-21 05:33:12,990 Epoch 134/300, Train Loss: 0.023942, Val Loss: 0.021938  
	Train = MSE:0.023937 , RMSE:0.154715 , MAE:0.115025 , MAPD:0.595180, R_squared:0.999586  
	Validation = MSE:0.023190 , RMSE:0.152284 , MAE:0.106130 , MAPD:0.557558, R_squared:0.999583

2024-03-21 05:33:19,621 Epoch 135/300, Train Loss: 0.022806, Val Loss: 0.019302  
	Train = MSE:0.022809 , RMSE:0.151027 , MAE:0.111426 , MAPD:0.576492, R_squared:0.999605  
	Validation = MSE:0.020603 , RMSE:0.143538 , MAE:0.101277 , MAPD:0.541440, R_squared:0.999629

2024-03-21 05:33:24,719 Epoch 136/300, Train Loss: 0.021551, Val Loss: 0.018787  
	Train = MSE:0.021552 , RMSE:0.146805 , MAE:0.107932 , MAPD:0.559547, R_squared:0.999627  
	Validation = MSE:0.020201 , RMSE:0.142132 , MAE:0.097509 , MAPD:0.520405, R_squared:0.999636

2024-03-21 05:33:29,938 Epoch 137/300, Train Loss: 0.024271, Val Loss: 0.041261  
	Train = MSE:0.024273 , RMSE:0.155798 , MAE:0.115049 , MAPD:0.589984, R_squared:0.999580  
	Validation = MSE:0.042970 , RMSE:0.207292 , MAE:0.166240 , MAPD:0.874969, R_squared:0.999227

2024-03-21 05:33:35,449 Epoch 138/300, Train Loss: 0.028758, Val Loss: 0.019275  
	Train = MSE:0.028754 , RMSE:0.169569 , MAE:0.128662 , MAPD:0.664571, R_squared:0.999502  
	Validation = MSE:0.020462 , RMSE:0.143045 , MAE:0.099055 , MAPD:0.527110, R_squared:0.999632

2024-03-21 05:33:40,505 Epoch 139/300, Train Loss: 0.022606, Val Loss: 0.017750  
	Train = MSE:0.022608 , RMSE:0.150360 , MAE:0.111761 , MAPD:0.575783, R_squared:0.999609  
	Validation = MSE:0.019082 , RMSE:0.138138 , MAE:0.097153 , MAPD:0.527964, R_squared:0.999657

2024-03-21 05:33:45,524 Epoch 140/300, Train Loss: 0.024034, Val Loss: 0.022938  
	Train = MSE:0.024034 , RMSE:0.155028 , MAE:0.115742 , MAPD:0.601038, R_squared:0.999584  
	Validation = MSE:0.023991 , RMSE:0.154891 , MAE:0.120198 , MAPD:0.650798, R_squared:0.999568

2024-03-21 05:33:50,593 Epoch 141/300, Train Loss: 0.023724, Val Loss: 0.020584  
	Train = MSE:0.023725 , RMSE:0.154028 , MAE:0.115857 , MAPD:0.601414, R_squared:0.999589  
	Validation = MSE:0.021809 , RMSE:0.147677 , MAE:0.108047 , MAPD:0.613535, R_squared:0.999608

2024-03-21 05:33:57,901 Epoch 142/300, Train Loss: 0.028790, Val Loss: 0.021638  
	Train = MSE:0.028786 , RMSE:0.169663 , MAE:0.130419 , MAPD:0.676537, R_squared:0.999502  
	Validation = MSE:0.022888 , RMSE:0.151288 , MAE:0.107032 , MAPD:0.561228, R_squared:0.999588

2024-03-21 05:34:02,923 Epoch 143/300, Train Loss: 0.021663, Val Loss: 0.017557  
	Train = MSE:0.021659 , RMSE:0.147170 , MAE:0.109175 , MAPD:0.563907, R_squared:0.999625  
	Validation = MSE:0.018867 , RMSE:0.137357 , MAE:0.096052 , MAPD:0.514801, R_squared:0.999661

2024-03-21 05:34:08,381 Epoch 144/300, Train Loss: 0.022531, Val Loss: 0.040065  
	Train = MSE:0.022528 , RMSE:0.150095 , MAE:0.113195 , MAPD:0.587630, R_squared:0.999610  
	Validation = MSE:0.041021 , RMSE:0.202536 , MAE:0.164908 , MAPD:0.925685, R_squared:0.999262

2024-03-21 05:34:15,125 Epoch 145/300, Train Loss: 0.026221, Val Loss: 0.017330  
	Train = MSE:0.026217 , RMSE:0.161918 , MAE:0.122810 , MAPD:0.638928, R_squared:0.999546  
	Validation = MSE:0.018690 , RMSE:0.136711 , MAE:0.098335 , MAPD:0.533748, R_squared:0.999664

2024-03-21 05:34:21,504 Epoch 146/300, Train Loss: 0.035568, Val Loss: 0.029603  
	Train = MSE:0.035572 , RMSE:0.188607 , MAE:0.148101 , MAPD:0.773482, R_squared:0.999384  
	Validation = MSE:0.031202 , RMSE:0.176640 , MAE:0.137894 , MAPD:0.777112, R_squared:0.999439

2024-03-21 05:34:27,022 Epoch 147/300, Train Loss: 0.019585, Val Loss: 0.047228  
	Train = MSE:0.019587 , RMSE:0.139952 , MAE:0.103208 , MAPD:0.537113, R_squared:0.999661  
	Validation = MSE:0.048413 , RMSE:0.220029 , MAE:0.188627 , MAPD:0.991394, R_squared:0.999129

2024-03-21 05:34:32,703 Epoch 148/300, Train Loss: 0.021161, Val Loss: 0.026047  
	Train = MSE:0.021159 , RMSE:0.145460 , MAE:0.108602 , MAPD:0.564183, R_squared:0.999634  
	Validation = MSE:0.027343 , RMSE:0.165358 , MAE:0.122785 , MAPD:0.648288, R_squared:0.999508

2024-03-21 05:34:37,810 Epoch 149/300, Train Loss: 0.021639, Val Loss: 0.016706  
	Train = MSE:0.021637 , RMSE:0.147096 , MAE:0.110427 , MAPD:0.574591, R_squared:0.999625  
	Validation = MSE:0.017900 , RMSE:0.133792 , MAE:0.094615 , MAPD:0.507520, R_squared:0.999678

2024-03-21 05:34:43,275 Epoch 150/300, Train Loss: 0.022142, Val Loss: 0.018208  
	Train = MSE:0.022144 , RMSE:0.148810 , MAE:0.112129 , MAPD:0.583670, R_squared:0.999617  
	Validation = MSE:0.019627 , RMSE:0.140098 , MAE:0.100634 , MAPD:0.542814, R_squared:0.999647

2024-03-21 05:34:50,873 Epoch 151/300, Train Loss: 0.021948, Val Loss: 0.029938  
	Train = MSE:0.021944 , RMSE:0.148135 , MAE:0.110517 , MAPD:0.571771, R_squared:0.999620  
	Validation = MSE:0.031156 , RMSE:0.176510 , MAE:0.148678 , MAPD:0.845127, R_squared:0.999439

2024-03-21 05:34:57,386 Epoch 152/300, Train Loss: 0.019921, Val Loss: 0.017848  
	Train = MSE:0.019918 , RMSE:0.141133 , MAE:0.105496 , MAPD:0.546532, R_squared:0.999655  
	Validation = MSE:0.019342 , RMSE:0.139077 , MAE:0.098342 , MAPD:0.527428, R_squared:0.999652

2024-03-21 05:35:02,989 Epoch 153/300, Train Loss: 0.019213, Val Loss: 0.015939  
	Train = MSE:0.019213 , RMSE:0.138610 , MAE:0.102288 , MAPD:0.530553, R_squared:0.999667  
	Validation = MSE:0.017242 , RMSE:0.131310 , MAE:0.093319 , MAPD:0.500427, R_squared:0.999690

2024-03-21 05:35:08,043 Epoch 154/300, Train Loss: 0.019155, Val Loss: 0.025585  
	Train = MSE:0.019152 , RMSE:0.138391 , MAE:0.103075 , MAPD:0.534825, R_squared:0.999668  
	Validation = MSE:0.026941 , RMSE:0.164136 , MAE:0.123165 , MAPD:0.661229, R_squared:0.999515

2024-03-21 05:35:13,525 Epoch 155/300, Train Loss: 0.021574, Val Loss: 0.031156  
	Train = MSE:0.021575 , RMSE:0.146884 , MAE:0.110529 , MAPD:0.578124, R_squared:0.999627  
	Validation = MSE:0.032171 , RMSE:0.179363 , MAE:0.133943 , MAPD:0.700495, R_squared:0.999421

2024-03-21 05:35:18,879 Epoch 156/300, Train Loss: 0.019973, Val Loss: 0.027978  
	Train = MSE:0.019974 , RMSE:0.141328 , MAE:0.104950 , MAPD:0.538554, R_squared:0.999654  
	Validation = MSE:0.029434 , RMSE:0.171563 , MAE:0.132752 , MAPD:0.730256, R_squared:0.999470

2024-03-21 05:35:24,978 Epoch 157/300, Train Loss: 0.025344, Val Loss: 0.024131  
	Train = MSE:0.025338 , RMSE:0.159179 , MAE:0.121594 , MAPD:0.631372, R_squared:0.999561  
	Validation = MSE:0.025179 , RMSE:0.158678 , MAE:0.122620 , MAPD:0.629621, R_squared:0.999547

2024-03-21 05:35:31,320 Epoch 158/300, Train Loss: 0.018275, Val Loss: 0.016808  
	Train = MSE:0.018276 , RMSE:0.135189 , MAE:0.100658 , MAPD:0.522063, R_squared:0.999684  
	Validation = MSE:0.017967 , RMSE:0.134043 , MAE:0.095404 , MAPD:0.522453, R_squared:0.999677

2024-03-21 05:35:37,317 Epoch 159/300, Train Loss: 0.017691, Val Loss: 0.024481  
	Train = MSE:0.017689 , RMSE:0.133000 , MAE:0.098298 , MAPD:0.510586, R_squared:0.999694  
	Validation = MSE:0.025499 , RMSE:0.159685 , MAE:0.117227 , MAPD:0.626116, R_squared:0.999541

2024-03-21 05:35:42,400 Epoch 160/300, Train Loss: 0.022994, Val Loss: 0.035859  
	Train = MSE:0.022995 , RMSE:0.151640 , MAE:0.116554 , MAPD:0.610881, R_squared:0.999602  
	Validation = MSE:0.036633 , RMSE:0.191398 , MAE:0.151014 , MAPD:0.789505, R_squared:0.999341

2024-03-21 05:35:47,470 Epoch 161/300, Train Loss: 0.019804, Val Loss: 0.022307  
	Train = MSE:0.019802 , RMSE:0.140718 , MAE:0.106757 , MAPD:0.555924, R_squared:0.999657  
	Validation = MSE:0.023371 , RMSE:0.152877 , MAE:0.112018 , MAPD:0.587792, R_squared:0.999579

2024-03-21 05:35:54,674 Epoch 162/300, Train Loss: 0.021579, Val Loss: 0.022586  
	Train = MSE:0.021572 , RMSE:0.146875 , MAE:0.111226 , MAPD:0.575270, R_squared:0.999627  
	Validation = MSE:0.023825 , RMSE:0.154352 , MAE:0.114745 , MAPD:0.607926, R_squared:0.999571

2024-03-21 05:36:00,250 Epoch 163/300, Train Loss: 0.034157, Val Loss: 0.051017  
	Train = MSE:0.034162 , RMSE:0.184830 , MAE:0.147693 , MAPD:0.771883, R_squared:0.999409  
	Validation = MSE:0.052296 , RMSE:0.228684 , MAE:0.190901 , MAPD:0.994322, R_squared:0.999059

2024-03-21 05:36:05,293 Epoch 164/300, Train Loss: 0.020446, Val Loss: 0.016863  
	Train = MSE:0.020448 , RMSE:0.142995 , MAE:0.106510 , MAPD:0.555518, R_squared:0.999646  
	Validation = MSE:0.018167 , RMSE:0.134787 , MAE:0.096840 , MAPD:0.525804, R_squared:0.999673

2024-03-21 05:36:10,842 Epoch 165/300, Train Loss: 0.021891, Val Loss: 0.015887  
	Train = MSE:0.021893 , RMSE:0.147963 , MAE:0.112163 , MAPD:0.586288, R_squared:0.999621  
	Validation = MSE:0.017086 , RMSE:0.130714 , MAE:0.092504 , MAPD:0.500756, R_squared:0.999693

2024-03-21 05:36:16,697 Epoch 166/300, Train Loss: 0.020109, Val Loss: 0.018752  
	Train = MSE:0.020102 , RMSE:0.141782 , MAE:0.106179 , MAPD:0.561497, R_squared:0.999652  
	Validation = MSE:0.019695 , RMSE:0.140338 , MAE:0.104738 , MAPD:0.587453, R_squared:0.999646

2024-03-21 05:36:21,885 Epoch 167/300, Train Loss: 0.020733, Val Loss: 0.020407  
	Train = MSE:0.020733 , RMSE:0.143989 , MAE:0.109193 , MAPD:0.568260, R_squared:0.999641  
	Validation = MSE:0.021195 , RMSE:0.145585 , MAE:0.102182 , MAPD:0.521250, R_squared:0.999619

2024-03-21 05:36:27,032 Epoch 168/300, Train Loss: 0.016722, Val Loss: 0.016394  
	Train = MSE:0.016722 , RMSE:0.129315 , MAE:0.096293 , MAPD:0.501307, R_squared:0.999711  
	Validation = MSE:0.017389 , RMSE:0.131868 , MAE:0.094274 , MAPD:0.497551, R_squared:0.999687

2024-03-21 05:36:32,850 Epoch 169/300, Train Loss: 0.020853, Val Loss: 0.017386  
	Train = MSE:0.020853 , RMSE:0.144404 , MAE:0.110273 , MAPD:0.573471, R_squared:0.999639  
	Validation = MSE:0.018468 , RMSE:0.135897 , MAE:0.103639 , MAPD:0.586673, R_squared:0.999668

2024-03-21 05:36:37,951 Epoch 170/300, Train Loss: 0.021939, Val Loss: 0.016287  
	Train = MSE:0.021940 , RMSE:0.148121 , MAE:0.112778 , MAPD:0.592580, R_squared:0.999620  
	Validation = MSE:0.017386 , RMSE:0.131857 , MAE:0.093938 , MAPD:0.495805, R_squared:0.999687

2024-03-21 05:36:43,788 Epoch 171/300, Train Loss: 0.016914, Val Loss: 0.015032  
	Train = MSE:0.016916 , RMSE:0.130062 , MAE:0.096220 , MAPD:0.497329, R_squared:0.999707  
	Validation = MSE:0.016143 , RMSE:0.127054 , MAE:0.089719 , MAPD:0.476034, R_squared:0.999710

2024-03-21 05:36:50,826 Epoch 172/300, Train Loss: 0.016723, Val Loss: 0.016730  
	Train = MSE:0.016725 , RMSE:0.129326 , MAE:0.096058 , MAPD:0.495706, R_squared:0.999710  
	Validation = MSE:0.018062 , RMSE:0.134394 , MAE:0.095735 , MAPD:0.514094, R_squared:0.999675

2024-03-21 05:36:57,184 Epoch 173/300, Train Loss: 0.018687, Val Loss: 0.029814  
	Train = MSE:0.018688 , RMSE:0.136702 , MAE:0.102965 , MAPD:0.541754, R_squared:0.999677  
	Validation = MSE:0.031008 , RMSE:0.176091 , MAE:0.148843 , MAPD:0.812894, R_squared:0.999442

2024-03-21 05:37:03,312 Epoch 174/300, Train Loss: 0.020750, Val Loss: 0.015906  
	Train = MSE:0.020754 , RMSE:0.144063 , MAE:0.108879 , MAPD:0.570130, R_squared:0.999641  
	Validation = MSE:0.017154 , RMSE:0.130973 , MAE:0.091373 , MAPD:0.488127, R_squared:0.999691

2024-03-21 05:37:09,667 Epoch 175/300, Train Loss: 0.020981, Val Loss: 0.015958  
	Train = MSE:0.020984 , RMSE:0.144857 , MAE:0.111143 , MAPD:0.580984, R_squared:0.999637  
	Validation = MSE:0.017164 , RMSE:0.131010 , MAE:0.094586 , MAPD:0.491479, R_squared:0.999691

2024-03-21 05:37:15,913 Epoch 176/300, Train Loss: 0.026295, Val Loss: 0.022608  
	Train = MSE:0.026296 , RMSE:0.162160 , MAE:0.124120 , MAPD:0.647058, R_squared:0.999545  
	Validation = MSE:0.023546 , RMSE:0.153447 , MAE:0.115807 , MAPD:0.637428, R_squared:0.999576

2024-03-21 05:37:21,522 Epoch 177/300, Train Loss: 0.020024, Val Loss: 0.016713  
	Train = MSE:0.020015 , RMSE:0.141474 , MAE:0.107256 , MAPD:0.557527, R_squared:0.999654  
	Validation = MSE:0.017893 , RMSE:0.133764 , MAE:0.098459 , MAPD:0.511943, R_squared:0.999678

2024-03-21 05:37:26,710 Epoch 178/300, Train Loss: 0.022026, Val Loss: 0.020529  
	Train = MSE:0.022030 , RMSE:0.148425 , MAE:0.112892 , MAPD:0.589353, R_squared:0.999619  
	Validation = MSE:0.021648 , RMSE:0.147133 , MAE:0.119913 , MAPD:0.659757, R_squared:0.999610

2024-03-21 05:37:32,244 Epoch 179/300, Train Loss: 0.018072, Val Loss: 0.021465  
	Train = MSE:0.018070 , RMSE:0.134426 , MAE:0.100404 , MAPD:0.525126, R_squared:0.999687  
	Validation = MSE:0.022450 , RMSE:0.149832 , MAE:0.111432 , MAPD:0.556800, R_squared:0.999596

2024-03-21 05:37:37,558 Epoch 180/300, Train Loss: 0.018614, Val Loss: 0.027276  
	Train = MSE:0.018614 , RMSE:0.136435 , MAE:0.102736 , MAPD:0.531221, R_squared:0.999678  
	Validation = MSE:0.028059 , RMSE:0.167509 , MAE:0.128024 , MAPD:0.669674, R_squared:0.999495

2024-03-21 05:37:42,681 Epoch 181/300, Train Loss: 0.022110, Val Loss: 0.018441  
	Train = MSE:0.022112 , RMSE:0.148699 , MAE:0.114539 , MAPD:0.600546, R_squared:0.999617  
	Validation = MSE:0.019556 , RMSE:0.139842 , MAE:0.102109 , MAPD:0.552917, R_squared:0.999648

2024-03-21 05:37:49,323 Epoch 182/300, Train Loss: 0.016746, Val Loss: 0.026330  
	Train = MSE:0.016746 , RMSE:0.129406 , MAE:0.097182 , MAPD:0.501826, R_squared:0.999710  
	Validation = MSE:0.027406 , RMSE:0.165549 , MAE:0.137735 , MAPD:0.743005, R_squared:0.999507

2024-03-21 05:37:54,391 Epoch 183/300, Train Loss: 0.022646, Val Loss: 0.025972  
	Train = MSE:0.022643 , RMSE:0.150475 , MAE:0.117991 , MAPD:0.616754, R_squared:0.999608  
	Validation = MSE:0.026891 , RMSE:0.163984 , MAE:0.123682 , MAPD:0.605977, R_squared:0.999516

2024-03-21 05:38:00,379 Epoch 184/300, Train Loss: 0.020693, Val Loss: 0.018815  
	Train = MSE:0.020694 , RMSE:0.143855 , MAE:0.108957 , MAPD:0.566263, R_squared:0.999642  
	Validation = MSE:0.019803 , RMSE:0.140722 , MAE:0.105160 , MAPD:0.585789, R_squared:0.999644

2024-03-21 05:38:05,486 Epoch 185/300, Train Loss: 0.014328, Val Loss: 0.014468  
	Train = MSE:0.014331 , RMSE:0.119711 , MAE:0.088518 , MAPD:0.458428, R_squared:0.999752  
	Validation = MSE:0.015667 , RMSE:0.125168 , MAE:0.088143 , MAPD:0.469768, R_squared:0.999718

2024-03-21 05:38:11,877 Epoch 186/300, Train Loss: 0.016353, Val Loss: 0.014860  
	Train = MSE:0.016353 , RMSE:0.127880 , MAE:0.095901 , MAPD:0.493615, R_squared:0.999717  
	Validation = MSE:0.016031 , RMSE:0.126614 , MAE:0.089498 , MAPD:0.477031, R_squared:0.999712

2024-03-21 05:38:17,294 Epoch 187/300, Train Loss: 0.015462, Val Loss: 0.014160  
	Train = MSE:0.015459 , RMSE:0.124335 , MAE:0.092973 , MAPD:0.479696, R_squared:0.999732  
	Validation = MSE:0.015354 , RMSE:0.123912 , MAE:0.088632 , MAPD:0.470763, R_squared:0.999724

2024-03-21 05:38:22,370 Epoch 188/300, Train Loss: 0.018711, Val Loss: 0.019501  
	Train = MSE:0.018712 , RMSE:0.136791 , MAE:0.104314 , MAPD:0.550131, R_squared:0.999676  
	Validation = MSE:0.020205 , RMSE:0.142143 , MAE:0.102076 , MAPD:0.580821, R_squared:0.999636

2024-03-21 05:38:28,131 Epoch 189/300, Train Loss: 0.018983, Val Loss: 0.018060  
	Train = MSE:0.018973 , RMSE:0.137743 , MAE:0.104545 , MAPD:0.543719, R_squared:0.999672  
	Validation = MSE:0.019371 , RMSE:0.139179 , MAE:0.106299 , MAPD:0.583446, R_squared:0.999651

2024-03-21 05:38:34,231 Epoch 190/300, Train Loss: 0.021016, Val Loss: 0.030989  
	Train = MSE:0.021019 , RMSE:0.144978 , MAE:0.110794 , MAPD:0.594415, R_squared:0.999636  
	Validation = MSE:0.032040 , RMSE:0.178998 , MAE:0.143265 , MAPD:0.782077, R_squared:0.999423

2024-03-21 05:38:39,887 Epoch 191/300, Train Loss: 0.020493, Val Loss: 0.014197  
	Train = MSE:0.020496 , RMSE:0.143165 , MAE:0.108630 , MAPD:0.566319, R_squared:0.999645  
	Validation = MSE:0.015194 , RMSE:0.123266 , MAE:0.089442 , MAPD:0.478049, R_squared:0.999727

2024-03-21 05:38:51,570 Epoch 192/300, Train Loss: 0.016540, Val Loss: 0.025026  
	Train = MSE:0.016538 , RMSE:0.128598 , MAE:0.096739 , MAPD:0.500352, R_squared:0.999714  
	Validation = MSE:0.026027 , RMSE:0.161330 , MAE:0.126329 , MAPD:0.720073, R_squared:0.999532

2024-03-21 05:38:57,170 Epoch 193/300, Train Loss: 0.017557, Val Loss: 0.028635  
	Train = MSE:0.017558 , RMSE:0.132506 , MAE:0.101431 , MAPD:0.530226, R_squared:0.999696  
	Validation = MSE:0.029432 , RMSE:0.171559 , MAE:0.133553 , MAPD:0.701095, R_squared:0.999470

2024-03-21 05:39:03,391 Epoch 194/300, Train Loss: 0.018118, Val Loss: 0.019284  
	Train = MSE:0.018116 , RMSE:0.134595 , MAE:0.101303 , MAPD:0.527184, R_squared:0.999686  
	Validation = MSE:0.020245 , RMSE:0.142284 , MAE:0.110735 , MAPD:0.576596, R_squared:0.999636

2024-03-21 05:39:08,516 Epoch 195/300, Train Loss: 0.017372, Val Loss: 0.018315  
	Train = MSE:0.017373 , RMSE:0.131808 , MAE:0.100830 , MAPD:0.520415, R_squared:0.999699  
	Validation = MSE:0.019253 , RMSE:0.138755 , MAE:0.101849 , MAPD:0.547875, R_squared:0.999654

2024-03-21 05:39:14,358 Epoch 196/300, Train Loss: 0.022159, Val Loss: 0.016547  
	Train = MSE:0.022161 , RMSE:0.148866 , MAE:0.113835 , MAPD:0.595510, R_squared:0.999616  
	Validation = MSE:0.017591 , RMSE:0.132632 , MAE:0.095872 , MAPD:0.517272, R_squared:0.999683

2024-03-21 05:39:20,124 Epoch 197/300, Train Loss: 0.018713, Val Loss: 0.016730  
	Train = MSE:0.018707 , RMSE:0.136775 , MAE:0.105648 , MAPD:0.554810, R_squared:0.999676  
	Validation = MSE:0.017620 , RMSE:0.132742 , MAE:0.097137 , MAPD:0.513552, R_squared:0.999683

2024-03-21 05:39:27,261 Epoch 198/300, Train Loss: 0.020430, Val Loss: 0.018479  
	Train = MSE:0.020432 , RMSE:0.142940 , MAE:0.109198 , MAPD:0.575642, R_squared:0.999646  
	Validation = MSE:0.019331 , RMSE:0.139037 , MAE:0.104055 , MAPD:0.521596, R_squared:0.999652

2024-03-21 05:39:33,657 Epoch 199/300, Train Loss: 0.020391, Val Loss: 0.014234  
	Train = MSE:0.020393 , RMSE:0.142805 , MAE:0.108172 , MAPD:0.564974, R_squared:0.999647  
	Validation = MSE:0.015198 , RMSE:0.123281 , MAE:0.088363 , MAPD:0.463342, R_squared:0.999727

2024-03-21 05:39:40,736 Epoch 200/300, Train Loss: 0.020953, Val Loss: 0.016910  
	Train = MSE:0.020956 , RMSE:0.144763 , MAE:0.111786 , MAPD:0.585191, R_squared:0.999637  
	Validation = MSE:0.018028 , RMSE:0.134267 , MAE:0.095216 , MAPD:0.504738, R_squared:0.999676

2024-03-21 05:39:46,538 Epoch 201/300, Train Loss: 0.020447, Val Loss: 0.017054  
	Train = MSE:0.020449 , RMSE:0.143000 , MAE:0.107992 , MAPD:0.561696, R_squared:0.999646  
	Validation = MSE:0.017907 , RMSE:0.133818 , MAE:0.099938 , MAPD:0.540267, R_squared:0.999678

2024-03-21 05:39:53,681 Epoch 202/300, Train Loss: 0.019078, Val Loss: 0.014926  
	Train = MSE:0.019075 , RMSE:0.138112 , MAE:0.105227 , MAPD:0.551175, R_squared:0.999670  
	Validation = MSE:0.015785 , RMSE:0.125637 , MAE:0.088590 , MAPD:0.477062, R_squared:0.999716

2024-03-21 05:39:58,164 Epoch 203/300, Train Loss: 0.017973, Val Loss: 0.014196  
	Train = MSE:0.017976 , RMSE:0.134073 , MAE:0.101157 , MAPD:0.523575, R_squared:0.999689  
	Validation = MSE:0.015241 , RMSE:0.123454 , MAE:0.087441 , MAPD:0.464360, R_squared:0.999726

2024-03-21 05:40:02,315 Epoch 204/300, Train Loss: 0.015137, Val Loss: 0.017999  
	Train = MSE:0.015136 , RMSE:0.123028 , MAE:0.091888 , MAPD:0.481135, R_squared:0.999738  
	Validation = MSE:0.018935 , RMSE:0.137605 , MAE:0.103056 , MAPD:0.520440, R_squared:0.999659

2024-03-21 05:40:07,342 Epoch 205/300, Train Loss: 0.020930, Val Loss: 0.017709  
	Train = MSE:0.020931 , RMSE:0.144674 , MAE:0.111063 , MAPD:0.579815, R_squared:0.999638  
	Validation = MSE:0.018533 , RMSE:0.136136 , MAE:0.103995 , MAPD:0.557721, R_squared:0.999667

2024-03-21 05:40:13,681 Epoch 206/300, Train Loss: 0.024223, Val Loss: 0.017125  
	Train = MSE:0.024226 , RMSE:0.155648 , MAE:0.121514 , MAPD:0.632776, R_squared:0.999581  
	Validation = MSE:0.018067 , RMSE:0.134415 , MAE:0.097987 , MAPD:0.526503, R_squared:0.999675

2024-03-21 05:40:18,872 Epoch 207/300, Train Loss: 0.014957, Val Loss: 0.014058  
	Train = MSE:0.014957 , RMSE:0.122300 , MAE:0.091661 , MAPD:0.473585, R_squared:0.999741  
	Validation = MSE:0.015034 , RMSE:0.122612 , MAE:0.087878 , MAPD:0.461009, R_squared:0.999729

2024-03-21 05:40:23,278 Epoch 208/300, Train Loss: 0.016640, Val Loss: 0.016527  
	Train = MSE:0.016636 , RMSE:0.128979 , MAE:0.097008 , MAPD:0.502685, R_squared:0.999712  
	Validation = MSE:0.017445 , RMSE:0.132080 , MAE:0.093191 , MAPD:0.496294, R_squared:0.999686

2024-03-21 05:40:27,279 Epoch 209/300, Train Loss: 0.025494, Val Loss: 0.014316  
	Train = MSE:0.025498 , RMSE:0.159680 , MAE:0.125580 , MAPD:0.656320, R_squared:0.999559  
	Validation = MSE:0.015462 , RMSE:0.124347 , MAE:0.090248 , MAPD:0.478892, R_squared:0.999722

2024-03-21 05:40:31,880 Epoch 210/300, Train Loss: 0.017972, Val Loss: 0.018818  
	Train = MSE:0.017967 , RMSE:0.134041 , MAE:0.101461 , MAPD:0.526663, R_squared:0.999689  
	Validation = MSE:0.019801 , RMSE:0.140715 , MAE:0.109572 , MAPD:0.583611, R_squared:0.999644

2024-03-21 05:40:37,632 Epoch 211/300, Train Loss: 0.016069, Val Loss: 0.013610  
	Train = MSE:0.016068 , RMSE:0.126761 , MAE:0.096040 , MAPD:0.498815, R_squared:0.999722  
	Validation = MSE:0.014675 , RMSE:0.121139 , MAE:0.086029 , MAPD:0.458400, R_squared:0.999736

2024-03-21 05:40:45,323 Epoch 212/300, Train Loss: 0.016659, Val Loss: 0.044252  
	Train = MSE:0.016660 , RMSE:0.129075 , MAE:0.097942 , MAPD:0.513574, R_squared:0.999712  
	Validation = MSE:0.044119 , RMSE:0.210044 , MAE:0.175669 , MAPD:1.004029, R_squared:0.999206

2024-03-21 05:40:49,338 Epoch 213/300, Train Loss: 0.017025, Val Loss: 0.013085  
	Train = MSE:0.017025 , RMSE:0.130481 , MAE:0.098523 , MAPD:0.511395, R_squared:0.999705  
	Validation = MSE:0.014189 , RMSE:0.119119 , MAE:0.084701 , MAPD:0.447830, R_squared:0.999745

2024-03-21 05:40:53,440 Epoch 214/300, Train Loss: 0.014028, Val Loss: 0.013723  
	Train = MSE:0.014028 , RMSE:0.118439 , MAE:0.086837 , MAPD:0.447933, R_squared:0.999757  
	Validation = MSE:0.014776 , RMSE:0.121557 , MAE:0.089569 , MAPD:0.482951, R_squared:0.999734

2024-03-21 05:40:59,021 Epoch 215/300, Train Loss: 0.016146, Val Loss: 0.018242  
	Train = MSE:0.016148 , RMSE:0.127076 , MAE:0.096571 , MAPD:0.499988, R_squared:0.999720  
	Validation = MSE:0.019149 , RMSE:0.138379 , MAE:0.100293 , MAPD:0.519732, R_squared:0.999655

2024-03-21 05:41:03,305 Epoch 216/300, Train Loss: 0.014018, Val Loss: 0.014930  
	Train = MSE:0.014019 , RMSE:0.118402 , MAE:0.087053 , MAPD:0.449083, R_squared:0.999757  
	Validation = MSE:0.015875 , RMSE:0.125998 , MAE:0.093312 , MAPD:0.507488, R_squared:0.999714

2024-03-21 05:41:07,709 Epoch 217/300, Train Loss: 0.015433, Val Loss: 0.016916  
	Train = MSE:0.015436 , RMSE:0.124240 , MAE:0.093470 , MAPD:0.483037, R_squared:0.999733  
	Validation = MSE:0.017825 , RMSE:0.133510 , MAE:0.101937 , MAPD:0.572104, R_squared:0.999679

2024-03-21 05:41:11,884 Epoch 218/300, Train Loss: 0.015573, Val Loss: 0.019145  
	Train = MSE:0.015574 , RMSE:0.124794 , MAE:0.094050 , MAPD:0.483901, R_squared:0.999730  
	Validation = MSE:0.019989 , RMSE:0.141381 , MAE:0.112996 , MAPD:0.636349, R_squared:0.999640

2024-03-21 05:41:15,881 Epoch 219/300, Train Loss: 0.017666, Val Loss: 0.026241  
	Train = MSE:0.017661 , RMSE:0.132894 , MAE:0.100934 , MAPD:0.520988, R_squared:0.999694  
	Validation = MSE:0.027117 , RMSE:0.164673 , MAE:0.129409 , MAPD:0.710922, R_squared:0.999512

2024-03-21 05:41:20,746 Epoch 220/300, Train Loss: 0.015602, Val Loss: 0.032365  
	Train = MSE:0.015602 , RMSE:0.124907 , MAE:0.094361 , MAPD:0.490960, R_squared:0.999730  
	Validation = MSE:0.033067 , RMSE:0.181843 , MAE:0.155502 , MAPD:0.865629, R_squared:0.999405

2024-03-21 05:41:24,769 Epoch 221/300, Train Loss: 0.018343, Val Loss: 0.015244  
	Train = MSE:0.018342 , RMSE:0.135433 , MAE:0.103928 , MAPD:0.537320, R_squared:0.999682  
	Validation = MSE:0.016199 , RMSE:0.127275 , MAE:0.096316 , MAPD:0.514335, R_squared:0.999709

2024-03-21 05:41:30,412 Epoch 222/300, Train Loss: 0.017730, Val Loss: 0.013903  
	Train = MSE:0.017730 , RMSE:0.133156 , MAE:0.101876 , MAPD:0.529296, R_squared:0.999693  
	Validation = MSE:0.014903 , RMSE:0.122077 , MAE:0.086189 , MAPD:0.455671, R_squared:0.999732

2024-03-21 05:41:34,357 Epoch 223/300, Train Loss: 0.013967, Val Loss: 0.014829  
	Train = MSE:0.013970 , RMSE:0.118195 , MAE:0.089577 , MAPD:0.466567, R_squared:0.999758  
	Validation = MSE:0.015709 , RMSE:0.125337 , MAE:0.089813 , MAPD:0.489022, R_squared:0.999717

2024-03-21 05:41:38,358 Epoch 224/300, Train Loss: 0.013181, Val Loss: 0.013191  
	Train = MSE:0.013181 , RMSE:0.114808 , MAE:0.085160 , MAPD:0.442496, R_squared:0.999772  
	Validation = MSE:0.014192 , RMSE:0.119128 , MAE:0.084061 , MAPD:0.445416, R_squared:0.999745

2024-03-21 05:41:42,931 Epoch 225/300, Train Loss: 0.016111, Val Loss: 0.016530  
	Train = MSE:0.016109 , RMSE:0.126920 , MAE:0.095168 , MAPD:0.495486, R_squared:0.999721  
	Validation = MSE:0.017377 , RMSE:0.131823 , MAE:0.103413 , MAPD:0.551853, R_squared:0.999687

2024-03-21 05:41:47,242 Epoch 226/300, Train Loss: 0.018176, Val Loss: 0.028409  
	Train = MSE:0.018178 , RMSE:0.134827 , MAE:0.103608 , MAPD:0.548031, R_squared:0.999685  
	Validation = MSE:0.029024 , RMSE:0.170365 , MAE:0.130164 , MAPD:0.663868, R_squared:0.999478

2024-03-21 05:41:51,982 Epoch 227/300, Train Loss: 0.018686, Val Loss: 0.023874  
	Train = MSE:0.018681 , RMSE:0.136678 , MAE:0.104832 , MAPD:0.541205, R_squared:0.999677  
	Validation = MSE:0.024858 , RMSE:0.157663 , MAE:0.124628 , MAPD:0.696295, R_squared:0.999553

2024-03-21 05:41:55,977 Epoch 228/300, Train Loss: 0.020979, Val Loss: 0.014893  
	Train = MSE:0.020981 , RMSE:0.144848 , MAE:0.111457 , MAPD:0.581833, R_squared:0.999637  
	Validation = MSE:0.015975 , RMSE:0.126393 , MAE:0.092604 , MAPD:0.499053, R_squared:0.999713

2024-03-21 05:42:00,001 Epoch 229/300, Train Loss: 0.014698, Val Loss: 0.014229  
	Train = MSE:0.014699 , RMSE:0.121238 , MAE:0.091015 , MAPD:0.470500, R_squared:0.999746  
	Validation = MSE:0.015123 , RMSE:0.122977 , MAE:0.087022 , MAPD:0.474481, R_squared:0.999728

2024-03-21 05:42:04,044 Epoch 230/300, Train Loss: 0.022619, Val Loss: 0.030827  
	Train = MSE:0.022620 , RMSE:0.150401 , MAE:0.117025 , MAPD:0.612535, R_squared:0.999608  
	Validation = MSE:0.031882 , RMSE:0.178557 , MAE:0.150591 , MAPD:0.794542, R_squared:0.999426

2024-03-21 05:42:08,097 Epoch 231/300, Train Loss: 0.016533, Val Loss: 0.017755  
	Train = MSE:0.016535 , RMSE:0.128587 , MAE:0.097220 , MAPD:0.503987, R_squared:0.999714  
	Validation = MSE:0.018551 , RMSE:0.136201 , MAE:0.104473 , MAPD:0.527209, R_squared:0.999666

2024-03-21 05:42:14,328 Epoch 232/300, Train Loss: 0.022600, Val Loss: 0.018305  
	Train = MSE:0.022597 , RMSE:0.150323 , MAE:0.118193 , MAPD:0.620932, R_squared:0.999609  
	Validation = MSE:0.018919 , RMSE:0.137545 , MAE:0.105680 , MAPD:0.541085, R_squared:0.999660

2024-03-21 05:42:19,529 Epoch 233/300, Train Loss: 0.017861, Val Loss: 0.023167  
	Train = MSE:0.017863 , RMSE:0.133652 , MAE:0.102435 , MAPD:0.535977, R_squared:0.999691  
	Validation = MSE:0.024038 , RMSE:0.155041 , MAE:0.120092 , MAPD:0.659215, R_squared:0.999567

2024-03-21 05:42:23,913 Epoch 234/300, Train Loss: 0.014206, Val Loss: 0.013907  
	Train = MSE:0.014208 , RMSE:0.119196 , MAE:0.089764 , MAPD:0.464065, R_squared:0.999754  
	Validation = MSE:0.014969 , RMSE:0.122349 , MAE:0.086959 , MAPD:0.463345, R_squared:0.999731

2024-03-21 05:42:28,357 Epoch 235/300, Train Loss: 0.022678, Val Loss: 0.037176  
	Train = MSE:0.022679 , RMSE:0.150595 , MAE:0.115235 , MAPD:0.596763, R_squared:0.999607  
	Validation = MSE:0.038054 , RMSE:0.195075 , MAE:0.162905 , MAPD:0.917042, R_squared:0.999315

2024-03-21 05:42:32,905 Epoch 236/300, Train Loss: 0.018293, Val Loss: 0.014900  
	Train = MSE:0.018295 , RMSE:0.135259 , MAE:0.104235 , MAPD:0.544307, R_squared:0.999683  
	Validation = MSE:0.015899 , RMSE:0.126092 , MAE:0.095360 , MAPD:0.499026, R_squared:0.999714

2024-03-21 05:42:36,908 Epoch 237/300, Train Loss: 0.015257, Val Loss: 0.018151  
	Train = MSE:0.015258 , RMSE:0.123523 , MAE:0.092534 , MAPD:0.474905, R_squared:0.999736  
	Validation = MSE:0.019027 , RMSE:0.137940 , MAE:0.109712 , MAPD:0.616136, R_squared:0.999658

2024-03-21 05:42:40,893 Epoch 238/300, Train Loss: 0.014609, Val Loss: 0.012881  
	Train = MSE:0.014610 , RMSE:0.120871 , MAE:0.091592 , MAPD:0.475159, R_squared:0.999747  
	Validation = MSE:0.013801 , RMSE:0.117478 , MAE:0.084389 , MAPD:0.445043, R_squared:0.999752

2024-03-21 05:42:45,966 Epoch 239/300, Train Loss: 0.018393, Val Loss: 0.019701  
	Train = MSE:0.018394 , RMSE:0.135624 , MAE:0.104360 , MAPD:0.541330, R_squared:0.999682  
	Validation = MSE:0.020917 , RMSE:0.144626 , MAE:0.108934 , MAPD:0.591601, R_squared:0.999624

2024-03-21 05:42:50,056 Epoch 240/300, Train Loss: 0.017434, Val Loss: 0.016425  
	Train = MSE:0.017437 , RMSE:0.132050 , MAE:0.101675 , MAPD:0.527325, R_squared:0.999698  
	Validation = MSE:0.017421 , RMSE:0.131988 , MAE:0.098927 , MAPD:0.535780, R_squared:0.999687

2024-03-21 05:42:54,065 Epoch 241/300, Train Loss: 0.016052, Val Loss: 0.021826  
	Train = MSE:0.016046 , RMSE:0.126673 , MAE:0.096505 , MAPD:0.502938, R_squared:0.999722  
	Validation = MSE:0.022818 , RMSE:0.151058 , MAE:0.125693 , MAPD:0.714258, R_squared:0.999589

2024-03-21 05:43:00,744 Epoch 242/300, Train Loss: 0.018742, Val Loss: 0.016542  
	Train = MSE:0.018744 , RMSE:0.136908 , MAE:0.104144 , MAPD:0.543849, R_squared:0.999676  
	Validation = MSE:0.017406 , RMSE:0.131930 , MAE:0.103018 , MAPD:0.552909, R_squared:0.999687

2024-03-21 05:43:04,819 Epoch 243/300, Train Loss: 0.012687, Val Loss: 0.013960  
	Train = MSE:0.012687 , RMSE:0.112637 , MAE:0.083167 , MAPD:0.426879, R_squared:0.999780  
	Validation = MSE:0.014802 , RMSE:0.121664 , MAE:0.089574 , MAPD:0.483746, R_squared:0.999734

2024-03-21 05:43:08,871 Epoch 244/300, Train Loss: 0.016615, Val Loss: 0.017862  
	Train = MSE:0.016615 , RMSE:0.128901 , MAE:0.096740 , MAPD:0.501809, R_squared:0.999712  
	Validation = MSE:0.018852 , RMSE:0.137302 , MAE:0.101545 , MAPD:0.550137, R_squared:0.999661

2024-03-21 05:43:12,909 Epoch 245/300, Train Loss: 0.015355, Val Loss: 0.024316  
	Train = MSE:0.015356 , RMSE:0.123920 , MAE:0.095089 , MAPD:0.496358, R_squared:0.999734  
	Validation = MSE:0.025413 , RMSE:0.159414 , MAE:0.123082 , MAPD:0.638368, R_squared:0.999543

2024-03-21 05:43:17,622 Epoch 246/300, Train Loss: 0.014245, Val Loss: 0.012926  
	Train = MSE:0.014246 , RMSE:0.119357 , MAE:0.089265 , MAPD:0.465851, R_squared:0.999753  
	Validation = MSE:0.013903 , RMSE:0.117911 , MAE:0.082847 , MAPD:0.437201, R_squared:0.999750

2024-03-21 05:43:22,136 Epoch 247/300, Train Loss: 0.013646, Val Loss: 0.013827  
	Train = MSE:0.013647 , RMSE:0.116821 , MAE:0.087444 , MAPD:0.453261, R_squared:0.999764  
	Validation = MSE:0.014645 , RMSE:0.121015 , MAE:0.087961 , MAPD:0.469767, R_squared:0.999736

2024-03-21 05:43:26,477 Epoch 248/300, Train Loss: 0.013299, Val Loss: 0.012505  
	Train = MSE:0.013300 , RMSE:0.115327 , MAE:0.086723 , MAPD:0.446704, R_squared:0.999770  
	Validation = MSE:0.013425 , RMSE:0.115868 , MAE:0.082965 , MAPD:0.436518, R_squared:0.999758

2024-03-21 05:43:30,467 Epoch 249/300, Train Loss: 0.019265, Val Loss: 0.045299  
	Train = MSE:0.019268 , RMSE:0.138808 , MAE:0.106973 , MAPD:0.556542, R_squared:0.999666  
	Validation = MSE:0.046099 , RMSE:0.214706 , MAE:0.191557 , MAPD:1.036076, R_squared:0.999170

2024-03-21 05:43:34,485 Epoch 250/300, Train Loss: 0.015375, Val Loss: 0.020961  
	Train = MSE:0.015375 , RMSE:0.123995 , MAE:0.093789 , MAPD:0.488617, R_squared:0.999734  
	Validation = MSE:0.021596 , RMSE:0.146957 , MAE:0.113668 , MAPD:0.566721, R_squared:0.999611

2024-03-21 05:43:38,939 Epoch 251/300, Train Loss: 0.015820, Val Loss: 0.026016  
	Train = MSE:0.015812 , RMSE:0.125745 , MAE:0.094934 , MAPD:0.497052, R_squared:0.999726  
	Validation = MSE:0.026601 , RMSE:0.163098 , MAE:0.128843 , MAPD:0.646235, R_squared:0.999521

2024-03-21 05:43:46,329 Epoch 252/300, Train Loss: 0.021740, Val Loss: 0.014412  
	Train = MSE:0.021741 , RMSE:0.147450 , MAE:0.113894 , MAPD:0.593844, R_squared:0.999624  
	Validation = MSE:0.015465 , RMSE:0.124357 , MAE:0.089243 , MAPD:0.469890, R_squared:0.999722

2024-03-21 05:43:50,666 Epoch 253/300, Train Loss: 0.015071, Val Loss: 0.015456  
	Train = MSE:0.015073 , RMSE:0.122771 , MAE:0.093212 , MAPD:0.483206, R_squared:0.999739  
	Validation = MSE:0.016297 , RMSE:0.127659 , MAE:0.098802 , MAPD:0.539302, R_squared:0.999707

2024-03-21 05:43:54,658 Epoch 254/300, Train Loss: 0.018191, Val Loss: 0.015432  
	Train = MSE:0.018192 , RMSE:0.134877 , MAE:0.103430 , MAPD:0.542333, R_squared:0.999685  
	Validation = MSE:0.016193 , RMSE:0.127252 , MAE:0.093540 , MAPD:0.476656, R_squared:0.999709

2024-03-21 05:43:59,466 Epoch 255/300, Train Loss: 0.013249, Val Loss: 0.013428  
	Train = MSE:0.013243 , RMSE:0.115078 , MAE:0.086065 , MAPD:0.444376, R_squared:0.999771  
	Validation = MSE:0.014338 , RMSE:0.119739 , MAE:0.088818 , MAPD:0.465625, R_squared:0.999742

2024-03-21 05:44:04,151 Epoch 256/300, Train Loss: 0.016540, Val Loss: 0.016557  
	Train = MSE:0.016536 , RMSE:0.128592 , MAE:0.098519 , MAPD:0.508288, R_squared:0.999714  
	Validation = MSE:0.017612 , RMSE:0.132710 , MAE:0.096650 , MAPD:0.515562, R_squared:0.999683

2024-03-21 05:44:08,695 Epoch 257/300, Train Loss: 0.018884, Val Loss: 0.022816  
	Train = MSE:0.018886 , RMSE:0.137425 , MAE:0.105886 , MAPD:0.553579, R_squared:0.999673  
	Validation = MSE:0.023841 , RMSE:0.154404 , MAE:0.123112 , MAPD:0.692082, R_squared:0.999571

2024-03-21 05:44:13,724 Epoch 258/300, Train Loss: 0.013175, Val Loss: 0.013048  
	Train = MSE:0.013175 , RMSE:0.114780 , MAE:0.086695 , MAPD:0.449941, R_squared:0.999772  
	Validation = MSE:0.013918 , RMSE:0.117973 , MAE:0.082527 , MAPD:0.436674, R_squared:0.999750

2024-03-21 05:44:18,024 Epoch 259/300, Train Loss: 0.015496, Val Loss: 0.014244  
	Train = MSE:0.015492 , RMSE:0.124466 , MAE:0.094027 , MAPD:0.481772, R_squared:0.999732  
	Validation = MSE:0.015080 , RMSE:0.122800 , MAE:0.086101 , MAPD:0.457371, R_squared:0.999729

2024-03-21 05:44:22,034 Epoch 260/300, Train Loss: 0.019818, Val Loss: 0.012540  
	Train = MSE:0.019822 , RMSE:0.140790 , MAE:0.107273 , MAPD:0.564479, R_squared:0.999657  
	Validation = MSE:0.013451 , RMSE:0.115976 , MAE:0.084621 , MAPD:0.450564, R_squared:0.999758

2024-03-21 05:44:26,088 Epoch 261/300, Train Loss: 0.018091, Val Loss: 0.022426  
	Train = MSE:0.018093 , RMSE:0.134512 , MAE:0.103493 , MAPD:0.540653, R_squared:0.999687  
	Validation = MSE:0.023453 , RMSE:0.153144 , MAE:0.121623 , MAPD:0.679852, R_squared:0.999578

2024-03-21 05:44:31,594 Epoch 262/300, Train Loss: 0.015628, Val Loss: 0.013296  
	Train = MSE:0.015623 , RMSE:0.124994 , MAE:0.093166 , MAPD:0.483507, R_squared:0.999730  
	Validation = MSE:0.014242 , RMSE:0.119338 , MAE:0.086482 , MAPD:0.465798, R_squared:0.999744

2024-03-21 05:44:36,414 Epoch 263/300, Train Loss: 0.015293, Val Loss: 0.013363  
	Train = MSE:0.015295 , RMSE:0.123672 , MAE:0.093474 , MAPD:0.480606, R_squared:0.999735  
	Validation = MSE:0.014107 , RMSE:0.118772 , MAE:0.084599 , MAPD:0.443254, R_squared:0.999746

2024-03-21 05:44:40,779 Epoch 264/300, Train Loss: 0.013579, Val Loss: 0.012365  
	Train = MSE:0.013579 , RMSE:0.116531 , MAE:0.086803 , MAPD:0.448414, R_squared:0.999765  
	Validation = MSE:0.013253 , RMSE:0.115122 , MAE:0.084366 , MAPD:0.445769, R_squared:0.999762

2024-03-21 05:44:45,348 Epoch 265/300, Train Loss: 0.014740, Val Loss: 0.012553  
	Train = MSE:0.014741 , RMSE:0.121414 , MAE:0.093058 , MAPD:0.485376, R_squared:0.999745  
	Validation = MSE:0.013468 , RMSE:0.116053 , MAE:0.082511 , MAPD:0.436908, R_squared:0.999758

2024-03-21 05:44:50,600 Epoch 266/300, Train Loss: 0.015170, Val Loss: 0.031474  
	Train = MSE:0.015171 , RMSE:0.123169 , MAE:0.092370 , MAPD:0.479943, R_squared:0.999737  
	Validation = MSE:0.031906 , RMSE:0.178624 , MAE:0.140449 , MAPD:0.674696, R_squared:0.999426

2024-03-21 05:44:55,959 Epoch 267/300, Train Loss: 0.020441, Val Loss: 0.012648  
	Train = MSE:0.020442 , RMSE:0.142974 , MAE:0.110026 , MAPD:0.578100, R_squared:0.999646  
	Validation = MSE:0.013556 , RMSE:0.116432 , MAE:0.082849 , MAPD:0.446753, R_squared:0.999756

2024-03-21 05:45:00,474 Epoch 268/300, Train Loss: 0.018614, Val Loss: 0.018874  
	Train = MSE:0.018612 , RMSE:0.136427 , MAE:0.106074 , MAPD:0.556830, R_squared:0.999678  
	Validation = MSE:0.019632 , RMSE:0.140116 , MAE:0.107612 , MAPD:0.617751, R_squared:0.999647

2024-03-21 05:45:04,506 Epoch 269/300, Train Loss: 0.020433, Val Loss: 0.018827  
	Train = MSE:0.020436 , RMSE:0.142953 , MAE:0.110996 , MAPD:0.581870, R_squared:0.999646  
	Validation = MSE:0.019524 , RMSE:0.139730 , MAE:0.108626 , MAPD:0.553501, R_squared:0.999649

2024-03-21 05:45:08,545 Epoch 270/300, Train Loss: 0.017172, Val Loss: 0.032082  
	Train = MSE:0.017174 , RMSE:0.131048 , MAE:0.100397 , MAPD:0.527665, R_squared:0.999703  
	Validation = MSE:0.031971 , RMSE:0.178804 , MAE:0.146248 , MAPD:0.745204, R_squared:0.999425

2024-03-21 05:45:12,582 Epoch 271/300, Train Loss: 0.015823, Val Loss: 0.018787  
	Train = MSE:0.015825 , RMSE:0.125796 , MAE:0.094839 , MAPD:0.497692, R_squared:0.999726  
	Validation = MSE:0.019282 , RMSE:0.138858 , MAE:0.105082 , MAPD:0.613985, R_squared:0.999653

2024-03-21 05:45:18,146 Epoch 272/300, Train Loss: 0.016937, Val Loss: 0.012541  
	Train = MSE:0.016936 , RMSE:0.130140 , MAE:0.099540 , MAPD:0.523808, R_squared:0.999707  
	Validation = MSE:0.013489 , RMSE:0.116143 , MAE:0.081674 , MAPD:0.431042, R_squared:0.999757

2024-03-21 05:45:23,189 Epoch 273/300, Train Loss: 0.017774, Val Loss: 0.018101  
	Train = MSE:0.017776 , RMSE:0.133328 , MAE:0.102315 , MAPD:0.532509, R_squared:0.999692  
	Validation = MSE:0.018737 , RMSE:0.136883 , MAE:0.107486 , MAPD:0.579412, R_squared:0.999663

2024-03-21 05:45:29,125 Epoch 274/300, Train Loss: 0.014934, Val Loss: 0.024929  
	Train = MSE:0.014935 , RMSE:0.122209 , MAE:0.092553 , MAPD:0.478739, R_squared:0.999741  
	Validation = MSE:0.025401 , RMSE:0.159377 , MAE:0.125634 , MAPD:0.615978, R_squared:0.999543

2024-03-21 05:45:33,545 Epoch 275/300, Train Loss: 0.014993, Val Loss: 0.038193  
	Train = MSE:0.014992 , RMSE:0.122443 , MAE:0.092684 , MAPD:0.487330, R_squared:0.999740  
	Validation = MSE:0.038980 , RMSE:0.197434 , MAE:0.168432 , MAPD:0.940424, R_squared:0.999299

2024-03-21 05:45:39,008 Epoch 276/300, Train Loss: 0.016546, Val Loss: 0.029872  
	Train = MSE:0.016544 , RMSE:0.128624 , MAE:0.098880 , MAPD:0.517300, R_squared:0.999714  
	Validation = MSE:0.030311 , RMSE:0.174099 , MAE:0.139187 , MAPD:0.846270, R_squared:0.999455

2024-03-21 05:45:43,013 Epoch 277/300, Train Loss: 0.013293, Val Loss: 0.026468  
	Train = MSE:0.013293 , RMSE:0.115293 , MAE:0.086127 , MAPD:0.449318, R_squared:0.999770  
	Validation = MSE:0.027384 , RMSE:0.165480 , MAE:0.132602 , MAPD:0.728282, R_squared:0.999507

2024-03-21 05:45:47,523 Epoch 278/300, Train Loss: 0.013440, Val Loss: 0.011929  
	Train = MSE:0.013438 , RMSE:0.115923 , MAE:0.087371 , MAPD:0.455487, R_squared:0.999767  
	Validation = MSE:0.012783 , RMSE:0.113063 , MAE:0.080531 , MAPD:0.432729, R_squared:0.999770

2024-03-21 05:45:52,186 Epoch 279/300, Train Loss: 0.018316, Val Loss: 0.014901  
	Train = MSE:0.018319 , RMSE:0.135347 , MAE:0.102652 , MAPD:0.537567, R_squared:0.999683  
	Validation = MSE:0.015198 , RMSE:0.123278 , MAE:0.091020 , MAPD:0.470083, R_squared:0.999727

2024-03-21 05:45:57,241 Epoch 280/300, Train Loss: 0.018386, Val Loss: 0.021275  
	Train = MSE:0.018389 , RMSE:0.135605 , MAE:0.105153 , MAPD:0.547410, R_squared:0.999682  
	Validation = MSE:0.022212 , RMSE:0.149038 , MAE:0.123195 , MAPD:0.677283, R_squared:0.999600

2024-03-21 05:46:01,220 Epoch 281/300, Train Loss: 0.017877, Val Loss: 0.032184  
	Train = MSE:0.017877 , RMSE:0.133705 , MAE:0.104921 , MAPD:0.550368, R_squared:0.999691  
	Validation = MSE:0.033180 , RMSE:0.182155 , MAE:0.145479 , MAPD:0.733846, R_squared:0.999403

2024-03-21 05:46:07,958 Epoch 282/300, Train Loss: 0.013305, Val Loss: 0.016058  
	Train = MSE:0.013305 , RMSE:0.115348 , MAE:0.086088 , MAPD:0.443690, R_squared:0.999770  
	Validation = MSE:0.016924 , RMSE:0.130093 , MAE:0.098873 , MAPD:0.549726, R_squared:0.999695

2024-03-21 05:46:12,017 Epoch 283/300, Train Loss: 0.017080, Val Loss: 0.016614  
	Train = MSE:0.017081 , RMSE:0.130694 , MAE:0.101306 , MAPD:0.532629, R_squared:0.999704  
	Validation = MSE:0.017294 , RMSE:0.131507 , MAE:0.099088 , MAPD:0.503082, R_squared:0.999689

2024-03-21 05:46:16,589 Epoch 284/300, Train Loss: 0.016101, Val Loss: 0.013140  
	Train = MSE:0.016101 , RMSE:0.126889 , MAE:0.096559 , MAPD:0.502954, R_squared:0.999721  
	Validation = MSE:0.013976 , RMSE:0.118222 , MAE:0.085148 , MAPD:0.457112, R_squared:0.999749

2024-03-21 05:46:20,809 Epoch 285/300, Train Loss: 0.013584, Val Loss: 0.019565  
	Train = MSE:0.013583 , RMSE:0.116546 , MAE:0.087669 , MAPD:0.457131, R_squared:0.999765  
	Validation = MSE:0.020277 , RMSE:0.142397 , MAE:0.116290 , MAPD:0.633802, R_squared:0.999635

2024-03-21 05:46:24,902 Epoch 286/300, Train Loss: 0.013008, Val Loss: 0.016521  
	Train = MSE:0.013009 , RMSE:0.114058 , MAE:0.085585 , MAPD:0.442027, R_squared:0.999775  
	Validation = MSE:0.016932 , RMSE:0.130121 , MAE:0.097018 , MAPD:0.488924, R_squared:0.999695

2024-03-21 05:46:28,940 Epoch 287/300, Train Loss: 0.012803, Val Loss: 0.011774  
	Train = MSE:0.012803 , RMSE:0.113148 , MAE:0.084984 , MAPD:0.443742, R_squared:0.999778  
	Validation = MSE:0.012670 , RMSE:0.112563 , MAE:0.078058 , MAPD:0.416002, R_squared:0.999772

2024-03-21 05:46:34,349 Epoch 288/300, Train Loss: 0.011655, Val Loss: 0.013733  
	Train = MSE:0.011651 , RMSE:0.107942 , MAE:0.079925 , MAPD:0.419180, R_squared:0.999798  
	Validation = MSE:0.014447 , RMSE:0.120195 , MAE:0.085088 , MAPD:0.441425, R_squared:0.999740

2024-03-21 05:46:38,382 Epoch 289/300, Train Loss: 0.017558, Val Loss: 0.015601  
	Train = MSE:0.017561 , RMSE:0.132518 , MAE:0.101446 , MAPD:0.527280, R_squared:0.999696  
	Validation = MSE:0.016409 , RMSE:0.128096 , MAE:0.097232 , MAPD:0.538642, R_squared:0.999705

2024-03-21 05:46:42,426 Epoch 290/300, Train Loss: 0.018475, Val Loss: 0.013476  
	Train = MSE:0.018476 , RMSE:0.135927 , MAE:0.103358 , MAPD:0.540192, R_squared:0.999680  
	Validation = MSE:0.014197 , RMSE:0.119153 , MAE:0.087882 , MAPD:0.459253, R_squared:0.999745

2024-03-21 05:46:46,515 Epoch 291/300, Train Loss: 0.014667, Val Loss: 0.015624  
	Train = MSE:0.014669 , RMSE:0.121114 , MAE:0.091923 , MAPD:0.481056, R_squared:0.999746  
	Validation = MSE:0.016330 , RMSE:0.127789 , MAE:0.091951 , MAPD:0.494044, R_squared:0.999706

2024-03-21 05:46:52,596 Epoch 292/300, Train Loss: 0.013236, Val Loss: 0.013356  
	Train = MSE:0.013237 , RMSE:0.115052 , MAE:0.086293 , MAPD:0.450044, R_squared:0.999771  
	Validation = MSE:0.014010 , RMSE:0.118362 , MAE:0.082761 , MAPD:0.441730, R_squared:0.999748

2024-03-21 05:46:58,074 Epoch 293/300, Train Loss: 0.014081, Val Loss: 0.012361  
	Train = MSE:0.014083 , RMSE:0.118671 , MAE:0.088898 , MAPD:0.463811, R_squared:0.999756  
	Validation = MSE:0.013256 , RMSE:0.115137 , MAE:0.083741 , MAPD:0.456040, R_squared:0.999761

2024-03-21 05:47:02,260 Epoch 294/300, Train Loss: 0.012643, Val Loss: 0.012623  
	Train = MSE:0.012644 , RMSE:0.112444 , MAE:0.084964 , MAPD:0.444321, R_squared:0.999781  
	Validation = MSE:0.013450 , RMSE:0.115974 , MAE:0.084494 , MAPD:0.439791, R_squared:0.999758

2024-03-21 05:47:06,888 Epoch 295/300, Train Loss: 0.013348, Val Loss: 0.019711  
	Train = MSE:0.013348 , RMSE:0.115535 , MAE:0.087133 , MAPD:0.452786, R_squared:0.999769  
	Validation = MSE:0.020455 , RMSE:0.143021 , MAE:0.112242 , MAPD:0.633107, R_squared:0.999632

2024-03-21 05:47:11,960 Epoch 296/300, Train Loss: 0.012038, Val Loss: 0.011838  
	Train = MSE:0.012036 , RMSE:0.109711 , MAE:0.082282 , MAPD:0.427780, R_squared:0.999792  
	Validation = MSE:0.012613 , RMSE:0.112307 , MAE:0.079113 , MAPD:0.418716, R_squared:0.999773

2024-03-21 05:47:16,016 Epoch 297/300, Train Loss: 0.011605, Val Loss: 0.012374  
	Train = MSE:0.011605 , RMSE:0.107726 , MAE:0.079975 , MAPD:0.410876, R_squared:0.999799  
	Validation = MSE:0.013236 , RMSE:0.115049 , MAE:0.083385 , MAPD:0.431756, R_squared:0.999762

2024-03-21 05:47:20,223 Epoch 298/300, Train Loss: 0.021706, Val Loss: 0.012427  
	Train = MSE:0.021708 , RMSE:0.147338 , MAE:0.115553 , MAPD:0.601673, R_squared:0.999624  
	Validation = MSE:0.013151 , RMSE:0.114678 , MAE:0.080921 , MAPD:0.433938, R_squared:0.999763

2024-03-21 05:47:24,689 Epoch 299/300, Train Loss: 0.013969, Val Loss: 0.017762  
	Train = MSE:0.013970 , RMSE:0.118195 , MAE:0.088151 , MAPD:0.457321, R_squared:0.999758  
	Validation = MSE:0.018834 , RMSE:0.137238 , MAE:0.102632 , MAPD:0.522647, R_squared:0.999661

2024-03-21 05:47:28,743 Epoch 300/300, Train Loss: 0.013318, Val Loss: 0.012397  
	Train = MSE:0.013318 , RMSE:0.115405 , MAE:0.087415 , MAPD:0.455383, R_squared:0.999769  
	Validation = MSE:0.013021 , RMSE:0.114108 , MAE:0.080471 , MAPD:0.429024, R_squared:0.999766

2024-03-21 05:47:28,747 Time for training the model: 1643.086000
2024-03-21 05:47:31,013 MSE for train: 0.009450
2024-03-21 05:47:31,014 RMSE for train: 0.097209
2024-03-21 05:47:31,014 MAE for train: 0.071120
2024-03-21 05:47:31,014 MAPD for train: 0.366326
2024-03-21 05:47:31,014 R^2 Score for train: 0.999836
2024-03-21 05:47:31,017 Inference time for train dataset: 1.360999

2024-03-21 05:47:31,232 MSE for val: 0.013021
2024-03-21 05:47:31,232 RMSE for val: 0.114108
2024-03-21 05:47:31,232 MAE for val: 0.080471
2024-03-21 05:47:31,232 MAPD for val: 0.429024
2024-03-21 05:47:31,232 R^2 Score for val: 0.999766
2024-03-21 05:47:31,240 Inference time for val dataset: 0.216000

2024-03-21 05:47:31,445 MSE for test: 0.013766
2024-03-21 05:47:31,445 RMSE for test: 0.117329
2024-03-21 05:47:31,445 MAE for test: 0.078981
2024-03-21 05:47:31,445 MAPD for test: 0.401895
2024-03-21 05:47:31,445 R^2 Score for test: 0.999773
2024-03-21 05:47:31,450 Inference time for test dataset: 0.205000

2024-03-21 05:47:33,478 Train label average: , [20.62097221]
2024-03-21 05:47:33,478 Test label average: , [21.41736175]
2024-03-21 05:47:33,478 validation label average: , [20.14607025]
2024-03-21 05:47:33,478 predicted (on validation dataset) values average: , 21.42733154296875
