2024-03-21 05:47:41,627 train batches in dataset: 100
2024-03-21 05:47:41,627 val batches in dataset: 13
2024-03-21 05:47:41,627 test batches in dataset: 13
2024-03-21 05:47:41,639 Trainable parameter: net_core.0.weight - size: torch.Size([256, 35])
2024-03-21 05:47:41,642 Trainable parameter: net_core.0.bias - size: torch.Size([256])
2024-03-21 05:47:41,649 Trainable parameter: net_core.1.weight - size: torch.Size([128, 256])
2024-03-21 05:47:41,651 Trainable parameter: net_core.1.bias - size: torch.Size([128])
2024-03-21 05:47:41,654 Trainable parameter: net_core.2.weight - size: torch.Size([64, 128])
2024-03-21 05:47:41,659 Trainable parameter: net_core.2.bias - size: torch.Size([64])
2024-03-21 05:47:41,663 Trainable parameter: net_core.3.weight - size: torch.Size([16, 64])
2024-03-21 05:47:41,664 Trainable parameter: net_core.3.bias - size: torch.Size([16])
2024-03-21 05:47:41,664 Trainable parameter: net_core.4.weight - size: torch.Size([1, 16])
2024-03-21 05:47:41,664 Trainable parameter: net_core.4.bias - size: torch.Size([1])
2024-03-21 05:47:41,665 Number of trainable parameters: 51425
2024-03-21 05:47:41,665 Number of non-trainable parameters: 0
2024-03-21 05:47:47,031 Epoch 1/300, Train Loss: 174.137474, Val Loss: 37.317650  
	Train = MSE:174.181931 , RMSE:13.197801 , MAE:10.512275 , MAPD:50.803987, R_squared:-2.015119  
	Validation = MSE:36.830334 , RMSE:6.068800 , MAE:5.129804 , MAPD:29.082027, R_squared:0.337273

2024-03-21 05:47:52,765 Epoch 2/300, Train Loss: 23.711533, Val Loss: 9.770571  
	Train = MSE:23.714611 , RMSE:4.869765 , MAE:4.045691 , MAPD:22.990881, R_squared:0.589496  
	Validation = MSE:9.733659 , RMSE:3.119881 , MAE:2.635024 , MAPD:16.444167, R_squared:0.824852

2024-03-21 05:47:56,946 Epoch 3/300, Train Loss: 3.958856, Val Loss: 1.882995  
	Train = MSE:3.959534 , RMSE:1.989858 , MAE:1.539583 , MAPD:9.344401, R_squared:0.931460  
	Validation = MSE:1.872416 , RMSE:1.368362 , MAE:1.076759 , MAPD:6.432142, R_squared:0.966308

2024-03-21 05:48:01,156 Epoch 4/300, Train Loss: 1.472225, Val Loss: 0.904488  
	Train = MSE:1.472416 , RMSE:1.213431 , MAE:0.971244 , MAPD:5.552827, R_squared:0.974512  
	Validation = MSE:0.912246 , RMSE:0.955116 , MAE:0.758879 , MAPD:4.507180, R_squared:0.983585

2024-03-21 05:48:06,446 Epoch 5/300, Train Loss: 0.687536, Val Loss: 0.443865  
	Train = MSE:0.687586 , RMSE:0.829208 , MAE:0.653822 , MAPD:3.703670, R_squared:0.988098  
	Validation = MSE:0.444776 , RMSE:0.666915 , MAE:0.520997 , MAPD:2.913275, R_squared:0.991997

2024-03-21 05:48:12,484 Epoch 6/300, Train Loss: 0.411244, Val Loss: 0.298296  
	Train = MSE:0.411228 , RMSE:0.641271 , MAE:0.498423 , MAPD:2.707732, R_squared:0.992882  
	Validation = MSE:0.298845 , RMSE:0.546667 , MAE:0.422620 , MAPD:2.299424, R_squared:0.994623

2024-03-21 05:48:16,742 Epoch 7/300, Train Loss: 0.260891, Val Loss: 0.220016  
	Train = MSE:0.260921 , RMSE:0.510804 , MAE:0.388972 , MAPD:2.051753, R_squared:0.995483  
	Validation = MSE:0.224695 , RMSE:0.474020 , MAE:0.362934 , MAPD:1.937999, R_squared:0.995957

2024-03-21 05:48:21,737 Epoch 8/300, Train Loss: 0.197787, Val Loss: 0.167664  
	Train = MSE:0.197807 , RMSE:0.444755 , MAE:0.335084 , MAPD:1.774335, R_squared:0.996576  
	Validation = MSE:0.170191 , RMSE:0.412542 , MAE:0.322817 , MAPD:1.839204, R_squared:0.996938

2024-03-21 05:48:25,984 Epoch 9/300, Train Loss: 0.170237, Val Loss: 0.133280  
	Train = MSE:0.170261 , RMSE:0.412627 , MAE:0.311249 , MAPD:1.647710, R_squared:0.997053  
	Validation = MSE:0.135817 , RMSE:0.368534 , MAE:0.277296 , MAPD:1.536356, R_squared:0.997556

2024-03-21 05:48:30,232 Epoch 10/300, Train Loss: 0.142448, Val Loss: 0.122913  
	Train = MSE:0.142447 , RMSE:0.377422 , MAE:0.282387 , MAPD:1.502803, R_squared:0.997534  
	Validation = MSE:0.124280 , RMSE:0.352533 , MAE:0.269808 , MAPD:1.520223, R_squared:0.997764

2024-03-21 05:48:35,431 Epoch 11/300, Train Loss: 0.128776, Val Loss: 0.126137  
	Train = MSE:0.128766 , RMSE:0.358840 , MAE:0.266385 , MAPD:1.423512, R_squared:0.997771  
	Validation = MSE:0.127755 , RMSE:0.357428 , MAE:0.279159 , MAPD:1.612397, R_squared:0.997701

2024-03-21 05:48:43,287 Epoch 12/300, Train Loss: 0.133262, Val Loss: 0.122776  
	Train = MSE:0.133260 , RMSE:0.365048 , MAE:0.272026 , MAPD:1.433884, R_squared:0.997693  
	Validation = MSE:0.125885 , RMSE:0.354803 , MAE:0.263656 , MAPD:1.440842, R_squared:0.997735

2024-03-21 05:48:48,633 Epoch 13/300, Train Loss: 0.114341, Val Loss: 0.097056  
	Train = MSE:0.114350 , RMSE:0.338157 , MAE:0.250346 , MAPD:1.336126, R_squared:0.998021  
	Validation = MSE:0.098787 , RMSE:0.314304 , MAE:0.229751 , MAPD:1.289572, R_squared:0.998222

2024-03-21 05:48:52,899 Epoch 14/300, Train Loss: 0.106252, Val Loss: 0.095658  
	Train = MSE:0.106255 , RMSE:0.325967 , MAE:0.239266 , MAPD:1.277409, R_squared:0.998161  
	Validation = MSE:0.098035 , RMSE:0.313105 , MAE:0.228098 , MAPD:1.291708, R_squared:0.998236

2024-03-21 05:48:57,167 Epoch 15/300, Train Loss: 0.101203, Val Loss: 0.090218  
	Train = MSE:0.101221 , RMSE:0.318153 , MAE:0.234270 , MAPD:1.254032, R_squared:0.998248  
	Validation = MSE:0.092204 , RMSE:0.303651 , MAE:0.222196 , MAPD:1.269958, R_squared:0.998341

2024-03-21 05:49:01,457 Epoch 16/300, Train Loss: 0.099334, Val Loss: 0.089924  
	Train = MSE:0.099325 , RMSE:0.315158 , MAE:0.231691 , MAPD:1.249443, R_squared:0.998281  
	Validation = MSE:0.091105 , RMSE:0.301836 , MAE:0.216327 , MAPD:1.202821, R_squared:0.998361

2024-03-21 05:49:06,738 Epoch 17/300, Train Loss: 0.093872, Val Loss: 0.080847  
	Train = MSE:0.093851 , RMSE:0.306350 , MAE:0.224456 , MAPD:1.205904, R_squared:0.998375  
	Validation = MSE:0.082622 , RMSE:0.287440 , MAE:0.204590 , MAPD:1.162022, R_squared:0.998513

2024-03-21 05:49:11,024 Epoch 18/300, Train Loss: 0.094678, Val Loss: 0.097111  
	Train = MSE:0.094689 , RMSE:0.307716 , MAE:0.226947 , MAPD:1.220938, R_squared:0.998361  
	Validation = MSE:0.098637 , RMSE:0.314065 , MAE:0.245612 , MAPD:1.440392, R_squared:0.998225

2024-03-21 05:49:15,757 Epoch 19/300, Train Loss: 0.093428, Val Loss: 0.098171  
	Train = MSE:0.093441 , RMSE:0.305681 , MAE:0.224657 , MAPD:1.205371, R_squared:0.998383  
	Validation = MSE:0.100563 , RMSE:0.317117 , MAE:0.226396 , MAPD:1.211307, R_squared:0.998190

2024-03-21 05:49:20,094 Epoch 20/300, Train Loss: 0.083834, Val Loss: 0.081393  
	Train = MSE:0.083829 , RMSE:0.289533 , MAE:0.211398 , MAPD:1.137278, R_squared:0.998549  
	Validation = MSE:0.083672 , RMSE:0.289262 , MAE:0.206020 , MAPD:1.134692, R_squared:0.998494

2024-03-21 05:49:24,911 Epoch 21/300, Train Loss: 0.077387, Val Loss: 0.078868  
	Train = MSE:0.077390 , RMSE:0.278190 , MAE:0.203569 , MAPD:1.105197, R_squared:0.998660  
	Validation = MSE:0.080071 , RMSE:0.282969 , MAE:0.216285 , MAPD:1.250513, R_squared:0.998559

2024-03-21 05:49:30,577 Epoch 22/300, Train Loss: 0.074323, Val Loss: 0.068332  
	Train = MSE:0.074336 , RMSE:0.272646 , MAE:0.198018 , MAPD:1.076738, R_squared:0.998713  
	Validation = MSE:0.070084 , RMSE:0.264734 , MAE:0.186743 , MAPD:1.089655, R_squared:0.998739

2024-03-21 05:49:34,832 Epoch 23/300, Train Loss: 0.072793, Val Loss: 0.077970  
	Train = MSE:0.072782 , RMSE:0.269782 , MAE:0.194708 , MAPD:1.054679, R_squared:0.998740  
	Validation = MSE:0.078477 , RMSE:0.280137 , MAE:0.211238 , MAPD:1.138647, R_squared:0.998588

2024-03-21 05:49:39,454 Epoch 24/300, Train Loss: 0.073569, Val Loss: 0.069604  
	Train = MSE:0.073570 , RMSE:0.271238 , MAE:0.199877 , MAPD:1.092953, R_squared:0.998726  
	Validation = MSE:0.070812 , RMSE:0.266106 , MAE:0.188615 , MAPD:1.060622, R_squared:0.998726

2024-03-21 05:49:44,228 Epoch 25/300, Train Loss: 0.069039, Val Loss: 0.080271  
	Train = MSE:0.069019 , RMSE:0.262714 , MAE:0.190930 , MAPD:1.035838, R_squared:0.998805  
	Validation = MSE:0.082293 , RMSE:0.286867 , MAE:0.200012 , MAPD:1.066296, R_squared:0.998519

2024-03-21 05:49:48,483 Epoch 26/300, Train Loss: 0.065224, Val Loss: 0.066187  
	Train = MSE:0.065235 , RMSE:0.255411 , MAE:0.185296 , MAPD:1.006881, R_squared:0.998871  
	Validation = MSE:0.067346 , RMSE:0.259512 , MAE:0.197723 , MAPD:1.151679, R_squared:0.998788

2024-03-21 05:49:53,587 Epoch 27/300, Train Loss: 0.065786, Val Loss: 0.064906  
	Train = MSE:0.065797 , RMSE:0.256509 , MAE:0.187723 , MAPD:1.021008, R_squared:0.998861  
	Validation = MSE:0.066400 , RMSE:0.257681 , MAE:0.179111 , MAPD:1.040313, R_squared:0.998805

2024-03-21 05:49:58,252 Epoch 28/300, Train Loss: 0.072018, Val Loss: 0.062504  
	Train = MSE:0.072016 , RMSE:0.268359 , MAE:0.200907 , MAPD:1.083259, R_squared:0.998753  
	Validation = MSE:0.063956 , RMSE:0.252895 , MAE:0.176170 , MAPD:1.003391, R_squared:0.998849

2024-03-21 05:50:03,193 Epoch 29/300, Train Loss: 0.062704, Val Loss: 0.081911  
	Train = MSE:0.062704 , RMSE:0.250407 , MAE:0.182369 , MAPD:0.987796, R_squared:0.998915  
	Validation = MSE:0.082020 , RMSE:0.286392 , MAE:0.211224 , MAPD:1.100208, R_squared:0.998524

2024-03-21 05:50:07,925 Epoch 30/300, Train Loss: 0.068925, Val Loss: 0.057008  
	Train = MSE:0.068936 , RMSE:0.262556 , MAE:0.194416 , MAPD:1.047781, R_squared:0.998807  
	Validation = MSE:0.058671 , RMSE:0.242222 , MAE:0.167445 , MAPD:0.950729, R_squared:0.998944

2024-03-21 05:50:12,419 Epoch 31/300, Train Loss: 0.057580, Val Loss: 0.059450  
	Train = MSE:0.057570 , RMSE:0.239937 , MAE:0.172923 , MAPD:0.945622, R_squared:0.999003  
	Validation = MSE:0.060555 , RMSE:0.246079 , MAE:0.167860 , MAPD:0.955325, R_squared:0.998910

2024-03-21 05:50:19,200 Epoch 32/300, Train Loss: 0.067683, Val Loss: 0.090983  
	Train = MSE:0.067643 , RMSE:0.260083 , MAE:0.190663 , MAPD:1.018167, R_squared:0.998829  
	Validation = MSE:0.092532 , RMSE:0.304191 , MAE:0.214258 , MAPD:1.062771, R_squared:0.998335

2024-03-21 05:50:24,068 Epoch 33/300, Train Loss: 0.059925, Val Loss: 0.050230  
	Train = MSE:0.059932 , RMSE:0.244811 , MAE:0.179181 , MAPD:0.973474, R_squared:0.998963  
	Validation = MSE:0.051402 , RMSE:0.226721 , MAE:0.154954 , MAPD:0.878127, R_squared:0.999075

2024-03-21 05:50:29,225 Epoch 34/300, Train Loss: 0.061513, Val Loss: 0.069989  
	Train = MSE:0.061515 , RMSE:0.248023 , MAE:0.184173 , MAPD:0.995218, R_squared:0.998935  
	Validation = MSE:0.071603 , RMSE:0.267587 , MAE:0.191608 , MAPD:1.133528, R_squared:0.998712

2024-03-21 05:50:33,443 Epoch 35/300, Train Loss: 0.058997, Val Loss: 0.052327  
	Train = MSE:0.059003 , RMSE:0.242906 , MAE:0.181479 , MAPD:0.982687, R_squared:0.998979  
	Validation = MSE:0.053088 , RMSE:0.230409 , MAE:0.175640 , MAPD:1.030419, R_squared:0.999045

2024-03-21 05:50:37,744 Epoch 36/300, Train Loss: 0.054888, Val Loss: 0.077628  
	Train = MSE:0.054882 , RMSE:0.234270 , MAE:0.172564 , MAPD:0.929316, R_squared:0.999050  
	Validation = MSE:0.076486 , RMSE:0.276561 , MAE:0.210554 , MAPD:1.064730, R_squared:0.998624

2024-03-21 05:50:42,791 Epoch 37/300, Train Loss: 0.049220, Val Loss: 0.063547  
	Train = MSE:0.049211 , RMSE:0.221836 , MAE:0.160259 , MAPD:0.858908, R_squared:0.999148  
	Validation = MSE:0.062904 , RMSE:0.250807 , MAE:0.197634 , MAPD:1.067141, R_squared:0.998868

2024-03-21 05:50:47,604 Epoch 38/300, Train Loss: 0.056588, Val Loss: 0.043793  
	Train = MSE:0.056596 , RMSE:0.237899 , MAE:0.177300 , MAPD:0.953011, R_squared:0.999020  
	Validation = MSE:0.044905 , RMSE:0.211908 , MAE:0.143335 , MAPD:0.807856, R_squared:0.999192

2024-03-21 05:50:52,110 Epoch 39/300, Train Loss: 0.050271, Val Loss: 0.050569  
	Train = MSE:0.050281 , RMSE:0.224235 , MAE:0.166429 , MAPD:0.892590, R_squared:0.999130  
	Validation = MSE:0.051981 , RMSE:0.227993 , MAE:0.157306 , MAPD:0.847969, R_squared:0.999065

2024-03-21 05:50:56,747 Epoch 40/300, Train Loss: 0.052411, Val Loss: 0.048328  
	Train = MSE:0.052420 , RMSE:0.228955 , MAE:0.167272 , MAPD:0.891018, R_squared:0.999093  
	Validation = MSE:0.049190 , RMSE:0.221787 , MAE:0.156144 , MAPD:0.903708, R_squared:0.999115

2024-03-21 05:51:01,313 Epoch 41/300, Train Loss: 0.050021, Val Loss: 0.041656  
	Train = MSE:0.050019 , RMSE:0.223649 , MAE:0.163952 , MAPD:0.880684, R_squared:0.999134  
	Validation = MSE:0.042264 , RMSE:0.205581 , MAE:0.145098 , MAPD:0.815532, R_squared:0.999240

2024-03-21 05:51:07,044 Epoch 42/300, Train Loss: 0.048283, Val Loss: 0.046352  
	Train = MSE:0.048289 , RMSE:0.219748 , MAE:0.160876 , MAPD:0.857520, R_squared:0.999164  
	Validation = MSE:0.047608 , RMSE:0.218193 , MAE:0.148747 , MAPD:0.818629, R_squared:0.999143

2024-03-21 05:51:11,298 Epoch 43/300, Train Loss: 0.043974, Val Loss: 0.040990  
	Train = MSE:0.043978 , RMSE:0.209708 , MAE:0.154018 , MAPD:0.832444, R_squared:0.999239  
	Validation = MSE:0.041892 , RMSE:0.204676 , MAE:0.142612 , MAPD:0.782702, R_squared:0.999246

2024-03-21 05:51:15,648 Epoch 44/300, Train Loss: 0.045057, Val Loss: 0.057057  
	Train = MSE:0.045059 , RMSE:0.212270 , MAE:0.157194 , MAPD:0.847426, R_squared:0.999220  
	Validation = MSE:0.058362 , RMSE:0.241583 , MAE:0.176104 , MAPD:1.021780, R_squared:0.998950

2024-03-21 05:51:20,847 Epoch 45/300, Train Loss: 0.044050, Val Loss: 0.056199  
	Train = MSE:0.044053 , RMSE:0.209887 , MAE:0.155742 , MAPD:0.824899, R_squared:0.999237  
	Validation = MSE:0.057461 , RMSE:0.239711 , MAE:0.166478 , MAPD:0.846836, R_squared:0.998966

2024-03-21 05:51:26,244 Epoch 46/300, Train Loss: 0.047570, Val Loss: 0.038766  
	Train = MSE:0.047576 , RMSE:0.218119 , MAE:0.162902 , MAPD:0.865039, R_squared:0.999176  
	Validation = MSE:0.039175 , RMSE:0.197927 , MAE:0.138079 , MAPD:0.756869, R_squared:0.999295

2024-03-21 05:51:30,511 Epoch 47/300, Train Loss: 0.042033, Val Loss: 0.050756  
	Train = MSE:0.042032 , RMSE:0.205017 , MAE:0.152331 , MAPD:0.809629, R_squared:0.999272  
	Validation = MSE:0.051443 , RMSE:0.226811 , MAE:0.177287 , MAPD:1.039358, R_squared:0.999074

2024-03-21 05:51:34,781 Epoch 48/300, Train Loss: 0.048590, Val Loss: 0.074912  
	Train = MSE:0.048595 , RMSE:0.220442 , MAE:0.161559 , MAPD:0.855042, R_squared:0.999159  
	Validation = MSE:0.073738 , RMSE:0.271548 , MAE:0.235514 , MAPD:1.319514, R_squared:0.998673

2024-03-21 05:51:39,050 Epoch 49/300, Train Loss: 0.042061, Val Loss: 0.034103  
	Train = MSE:0.042060 , RMSE:0.205086 , MAE:0.150605 , MAPD:0.800296, R_squared:0.999272  
	Validation = MSE:0.034520 , RMSE:0.185797 , MAE:0.128559 , MAPD:0.719264, R_squared:0.999379

2024-03-21 05:51:44,637 Epoch 50/300, Train Loss: 0.044701, Val Loss: 0.071531  
	Train = MSE:0.044699 , RMSE:0.211420 , MAE:0.156741 , MAPD:0.840812, R_squared:0.999226  
	Validation = MSE:0.069824 , RMSE:0.264242 , MAE:0.193947 , MAPD:0.927655, R_squared:0.998744

2024-03-21 05:51:49,353 Epoch 51/300, Train Loss: 0.038373, Val Loss: 0.037404  
	Train = MSE:0.038365 , RMSE:0.195869 , MAE:0.144124 , MAPD:0.766214, R_squared:0.999336  
	Validation = MSE:0.037482 , RMSE:0.193603 , MAE:0.142827 , MAPD:0.788021, R_squared:0.999326

2024-03-21 05:51:56,566 Epoch 52/300, Train Loss: 0.045420, Val Loss: 0.052995  
	Train = MSE:0.045423 , RMSE:0.213126 , MAE:0.159324 , MAPD:0.843059, R_squared:0.999214  
	Validation = MSE:0.052436 , RMSE:0.228989 , MAE:0.191717 , MAPD:1.082011, R_squared:0.999056

2024-03-21 05:52:00,859 Epoch 53/300, Train Loss: 0.038116, Val Loss: 0.038287  
	Train = MSE:0.038118 , RMSE:0.195239 , MAE:0.145444 , MAPD:0.770902, R_squared:0.999340  
	Validation = MSE:0.038119 , RMSE:0.195240 , MAE:0.150477 , MAPD:0.819995, R_squared:0.999314

2024-03-21 05:52:05,128 Epoch 54/300, Train Loss: 0.038546, Val Loss: 0.038457  
	Train = MSE:0.038544 , RMSE:0.196325 , MAE:0.145818 , MAPD:0.778381, R_squared:0.999333  
	Validation = MSE:0.038103 , RMSE:0.195199 , MAE:0.142531 , MAPD:0.745237, R_squared:0.999314

2024-03-21 05:52:10,317 Epoch 55/300, Train Loss: 0.039503, Val Loss: 0.035696  
	Train = MSE:0.039498 , RMSE:0.198741 , MAE:0.148025 , MAPD:0.786279, R_squared:0.999316  
	Validation = MSE:0.036692 , RMSE:0.191550 , MAE:0.131884 , MAPD:0.731342, R_squared:0.999340

2024-03-21 05:52:15,239 Epoch 56/300, Train Loss: 0.034395, Val Loss: 0.032148  
	Train = MSE:0.034392 , RMSE:0.185451 , MAE:0.137153 , MAPD:0.729822, R_squared:0.999405  
	Validation = MSE:0.032655 , RMSE:0.180706 , MAE:0.132527 , MAPD:0.742719, R_squared:0.999412

2024-03-21 05:52:20,257 Epoch 57/300, Train Loss: 0.039004, Val Loss: 0.047169  
	Train = MSE:0.039008 , RMSE:0.197504 , MAE:0.149343 , MAPD:0.797681, R_squared:0.999325  
	Validation = MSE:0.046556 , RMSE:0.215769 , MAE:0.163325 , MAPD:0.834532, R_squared:0.999162

2024-03-21 05:52:24,990 Epoch 58/300, Train Loss: 0.039134, Val Loss: 0.029281  
	Train = MSE:0.039141 , RMSE:0.197840 , MAE:0.148969 , MAPD:0.797113, R_squared:0.999322  
	Validation = MSE:0.029615 , RMSE:0.172089 , MAE:0.117391 , MAPD:0.660344, R_squared:0.999467

2024-03-21 05:52:29,282 Epoch 59/300, Train Loss: 0.036378, Val Loss: 0.034468  
	Train = MSE:0.036376 , RMSE:0.190725 , MAE:0.143654 , MAPD:0.761769, R_squared:0.999370  
	Validation = MSE:0.035292 , RMSE:0.187861 , MAE:0.130286 , MAPD:0.709587, R_squared:0.999365

2024-03-21 05:52:33,816 Epoch 60/300, Train Loss: 0.047564, Val Loss: 0.069580  
	Train = MSE:0.047565 , RMSE:0.218094 , MAE:0.168897 , MAPD:0.891528, R_squared:0.999177  
	Validation = MSE:0.070015 , RMSE:0.264603 , MAE:0.185535 , MAPD:0.881047, R_squared:0.998740

2024-03-21 05:52:38,231 Epoch 61/300, Train Loss: 0.038178, Val Loss: 0.045672  
	Train = MSE:0.038179 , RMSE:0.195396 , MAE:0.147526 , MAPD:0.785274, R_squared:0.999339  
	Validation = MSE:0.045186 , RMSE:0.212571 , MAE:0.181178 , MAPD:1.047181, R_squared:0.999187

2024-03-21 05:52:44,654 Epoch 62/300, Train Loss: 0.031396, Val Loss: 0.026852  
	Train = MSE:0.031401 , RMSE:0.177202 , MAE:0.132114 , MAPD:0.705761, R_squared:0.999456  
	Validation = MSE:0.027261 , RMSE:0.165110 , MAE:0.118650 , MAPD:0.667192, R_squared:0.999509

2024-03-21 05:52:49,087 Epoch 63/300, Train Loss: 0.029207, Val Loss: 0.029343  
	Train = MSE:0.029211 , RMSE:0.170912 , MAE:0.127276 , MAPD:0.678073, R_squared:0.999494  
	Validation = MSE:0.029208 , RMSE:0.170904 , MAE:0.128986 , MAPD:0.746570, R_squared:0.999474

2024-03-21 05:52:54,146 Epoch 64/300, Train Loss: 0.034901, Val Loss: 0.034179  
	Train = MSE:0.034901 , RMSE:0.186818 , MAE:0.140930 , MAPD:0.743663, R_squared:0.999396  
	Validation = MSE:0.033357 , RMSE:0.182639 , MAE:0.140122 , MAPD:0.752298, R_squared:0.999400

2024-03-21 05:52:58,586 Epoch 65/300, Train Loss: 0.030823, Val Loss: 0.025094  
	Train = MSE:0.030826 , RMSE:0.175572 , MAE:0.131027 , MAPD:0.696677, R_squared:0.999466  
	Validation = MSE:0.025174 , RMSE:0.158664 , MAE:0.112397 , MAPD:0.623449, R_squared:0.999547

2024-03-21 05:53:03,088 Epoch 66/300, Train Loss: 0.025255, Val Loss: 0.029126  
	Train = MSE:0.025252 , RMSE:0.158909 , MAE:0.118108 , MAPD:0.623979, R_squared:0.999563  
	Validation = MSE:0.028926 , RMSE:0.170076 , MAE:0.127893 , MAPD:0.744427, R_squared:0.999480

2024-03-21 05:53:08,135 Epoch 67/300, Train Loss: 0.032706, Val Loss: 0.028072  
	Train = MSE:0.032700 , RMSE:0.180830 , MAE:0.137571 , MAPD:0.731697, R_squared:0.999434  
	Validation = MSE:0.028654 , RMSE:0.169274 , MAE:0.118429 , MAPD:0.659606, R_squared:0.999484

2024-03-21 05:53:12,712 Epoch 68/300, Train Loss: 0.035213, Val Loss: 0.024766  
	Train = MSE:0.035221 , RMSE:0.187671 , MAE:0.139745 , MAPD:0.731772, R_squared:0.999390  
	Validation = MSE:0.025026 , RMSE:0.158195 , MAE:0.112790 , MAPD:0.613695, R_squared:0.999550

2024-03-21 05:53:17,847 Epoch 69/300, Train Loss: 0.025853, Val Loss: 0.053759  
	Train = MSE:0.025846 , RMSE:0.160768 , MAE:0.120141 , MAPD:0.639639, R_squared:0.999553  
	Validation = MSE:0.054200 , RMSE:0.232809 , MAE:0.169764 , MAPD:0.827582, R_squared:0.999025

2024-03-21 05:53:23,807 Epoch 70/300, Train Loss: 0.029464, Val Loss: 0.027058  
	Train = MSE:0.029468 , RMSE:0.171663 , MAE:0.130744 , MAPD:0.693382, R_squared:0.999490  
	Validation = MSE:0.026727 , RMSE:0.163484 , MAE:0.125846 , MAPD:0.704653, R_squared:0.999519

2024-03-21 05:53:30,287 Epoch 71/300, Train Loss: 0.037256, Val Loss: 0.111006  
	Train = MSE:0.037251 , RMSE:0.193004 , MAE:0.146979 , MAPD:0.775649, R_squared:0.999355  
	Validation = MSE:0.112692 , RMSE:0.335696 , MAE:0.293201 , MAPD:1.788532, R_squared:0.997972

2024-03-21 05:53:36,402 Epoch 72/300, Train Loss: 0.030011, Val Loss: 0.039988  
	Train = MSE:0.030015 , RMSE:0.173247 , MAE:0.129365 , MAPD:0.689843, R_squared:0.999480  
	Validation = MSE:0.040957 , RMSE:0.202378 , MAE:0.156777 , MAPD:0.832123, R_squared:0.999263

2024-03-21 05:53:40,795 Epoch 73/300, Train Loss: 0.042374, Val Loss: 0.024263  
	Train = MSE:0.042362 , RMSE:0.205820 , MAE:0.160288 , MAPD:0.856062, R_squared:0.999267  
	Validation = MSE:0.024293 , RMSE:0.155862 , MAE:0.117816 , MAPD:0.689708, R_squared:0.999563

2024-03-21 05:53:45,427 Epoch 74/300, Train Loss: 0.024171, Val Loss: 0.024346  
	Train = MSE:0.024172 , RMSE:0.155475 , MAE:0.117133 , MAPD:0.625088, R_squared:0.999582  
	Validation = MSE:0.024805 , RMSE:0.157497 , MAE:0.113520 , MAPD:0.650057, R_squared:0.999554

2024-03-21 05:53:50,069 Epoch 75/300, Train Loss: 0.024453, Val Loss: 0.045545  
	Train = MSE:0.024451 , RMSE:0.156368 , MAE:0.117079 , MAPD:0.618858, R_squared:0.999577  
	Validation = MSE:0.046034 , RMSE:0.214555 , MAE:0.171699 , MAPD:1.062583, R_squared:0.999172

2024-03-21 05:53:54,930 Epoch 76/300, Train Loss: 0.024477, Val Loss: 0.023908  
	Train = MSE:0.024469 , RMSE:0.156426 , MAE:0.117532 , MAPD:0.619729, R_squared:0.999576  
	Validation = MSE:0.024540 , RMSE:0.156652 , MAE:0.109723 , MAPD:0.590423, R_squared:0.999558

2024-03-21 05:53:59,610 Epoch 77/300, Train Loss: 0.028610, Val Loss: 0.039755  
	Train = MSE:0.028612 , RMSE:0.169152 , MAE:0.128747 , MAPD:0.683632, R_squared:0.999505  
	Validation = MSE:0.040611 , RMSE:0.201521 , MAE:0.159812 , MAPD:0.942121, R_squared:0.999269

2024-03-21 05:54:04,225 Epoch 78/300, Train Loss: 0.027213, Val Loss: 0.020670  
	Train = MSE:0.027218 , RMSE:0.164979 , MAE:0.126701 , MAPD:0.684699, R_squared:0.999529  
	Validation = MSE:0.021018 , RMSE:0.144976 , MAE:0.103626 , MAPD:0.573939, R_squared:0.999622

2024-03-21 05:54:08,583 Epoch 79/300, Train Loss: 0.024377, Val Loss: 0.029861  
	Train = MSE:0.024377 , RMSE:0.156130 , MAE:0.116591 , MAPD:0.615990, R_squared:0.999578  
	Validation = MSE:0.029729 , RMSE:0.172422 , MAE:0.142314 , MAPD:0.824261, R_squared:0.999465

2024-03-21 05:54:13,665 Epoch 80/300, Train Loss: 0.030072, Val Loss: 0.020515  
	Train = MSE:0.030075 , RMSE:0.173422 , MAE:0.132725 , MAPD:0.703810, R_squared:0.999479  
	Validation = MSE:0.020742 , RMSE:0.144021 , MAE:0.108209 , MAPD:0.627503, R_squared:0.999627

2024-03-21 05:54:18,622 Epoch 81/300, Train Loss: 0.024151, Val Loss: 0.019612  
	Train = MSE:0.024156 , RMSE:0.155421 , MAE:0.117717 , MAPD:0.626845, R_squared:0.999582  
	Validation = MSE:0.020007 , RMSE:0.141445 , MAE:0.098502 , MAPD:0.550317, R_squared:0.999640

2024-03-21 05:54:24,676 Epoch 82/300, Train Loss: 0.022746, Val Loss: 0.038476  
	Train = MSE:0.022750 , RMSE:0.150830 , MAE:0.114574 , MAPD:0.604562, R_squared:0.999606  
	Validation = MSE:0.039214 , RMSE:0.198026 , MAE:0.153188 , MAPD:0.944158, R_squared:0.999294

2024-03-21 05:54:29,469 Epoch 83/300, Train Loss: 0.039321, Val Loss: 0.026849  
	Train = MSE:0.039323 , RMSE:0.198300 , MAE:0.151619 , MAPD:0.801090, R_squared:0.999319  
	Validation = MSE:0.026793 , RMSE:0.163685 , MAE:0.134883 , MAPD:0.747515, R_squared:0.999518

2024-03-21 05:54:34,392 Epoch 84/300, Train Loss: 0.024345, Val Loss: 0.037295  
	Train = MSE:0.024344 , RMSE:0.156026 , MAE:0.119792 , MAPD:0.637061, R_squared:0.999579  
	Validation = MSE:0.037870 , RMSE:0.194602 , MAE:0.147803 , MAPD:0.759526, R_squared:0.999319

2024-03-21 05:54:38,770 Epoch 85/300, Train Loss: 0.024300, Val Loss: 0.018076  
	Train = MSE:0.024294 , RMSE:0.155865 , MAE:0.119361 , MAPD:0.640739, R_squared:0.999579  
	Validation = MSE:0.018169 , RMSE:0.134791 , MAE:0.099567 , MAPD:0.558052, R_squared:0.999673

2024-03-21 05:54:43,847 Epoch 86/300, Train Loss: 0.023415, Val Loss: 0.022838  
	Train = MSE:0.023416 , RMSE:0.153023 , MAE:0.117176 , MAPD:0.622281, R_squared:0.999595  
	Validation = MSE:0.022927 , RMSE:0.151417 , MAE:0.121073 , MAPD:0.713898, R_squared:0.999587

2024-03-21 05:54:48,735 Epoch 87/300, Train Loss: 0.027792, Val Loss: 0.018557  
	Train = MSE:0.027798 , RMSE:0.166727 , MAE:0.128957 , MAPD:0.681506, R_squared:0.999519  
	Validation = MSE:0.018862 , RMSE:0.137341 , MAE:0.096639 , MAPD:0.524121, R_squared:0.999661

2024-03-21 05:54:53,156 Epoch 88/300, Train Loss: 0.023628, Val Loss: 0.022780  
	Train = MSE:0.023630 , RMSE:0.153719 , MAE:0.118631 , MAPD:0.630824, R_squared:0.999591  
	Validation = MSE:0.022761 , RMSE:0.150869 , MAE:0.120288 , MAPD:0.668613, R_squared:0.999590

2024-03-21 05:54:58,000 Epoch 89/300, Train Loss: 0.023907, Val Loss: 0.030536  
	Train = MSE:0.023907 , RMSE:0.154618 , MAE:0.117025 , MAPD:0.617687, R_squared:0.999586  
	Validation = MSE:0.030710 , RMSE:0.175242 , MAE:0.134550 , MAPD:0.719396, R_squared:0.999447

2024-03-21 05:55:02,508 Epoch 90/300, Train Loss: 0.022755, Val Loss: 0.025952  
	Train = MSE:0.022756 , RMSE:0.150850 , MAE:0.114578 , MAPD:0.609797, R_squared:0.999606  
	Validation = MSE:0.025997 , RMSE:0.161235 , MAE:0.134304 , MAPD:0.761431, R_squared:0.999532

2024-03-21 05:55:07,480 Epoch 91/300, Train Loss: 0.030036, Val Loss: 0.047291  
	Train = MSE:0.030040 , RMSE:0.173321 , MAE:0.133869 , MAPD:0.705821, R_squared:0.999480  
	Validation = MSE:0.047235 , RMSE:0.217337 , MAE:0.185699 , MAPD:1.150033, R_squared:0.999150

2024-03-21 05:55:15,600 Epoch 92/300, Train Loss: 0.027432, Val Loss: 0.017595  
	Train = MSE:0.027434 , RMSE:0.165632 , MAE:0.127412 , MAPD:0.674418, R_squared:0.999525  
	Validation = MSE:0.017930 , RMSE:0.133903 , MAE:0.095547 , MAPD:0.529118, R_squared:0.999677

2024-03-21 05:55:20,402 Epoch 93/300, Train Loss: 0.023346, Val Loss: 0.024909  
	Train = MSE:0.023344 , RMSE:0.152786 , MAE:0.117014 , MAPD:0.616668, R_squared:0.999596  
	Validation = MSE:0.024968 , RMSE:0.158012 , MAE:0.122665 , MAPD:0.756241, R_squared:0.999551

2024-03-21 05:55:24,863 Epoch 94/300, Train Loss: 0.020597, Val Loss: 0.022408  
	Train = MSE:0.020596 , RMSE:0.143511 , MAE:0.107760 , MAPD:0.566780, R_squared:0.999643  
	Validation = MSE:0.022799 , RMSE:0.150993 , MAE:0.110468 , MAPD:0.587787, R_squared:0.999590

2024-03-21 05:55:29,926 Epoch 95/300, Train Loss: 0.019237, Val Loss: 0.015746  
	Train = MSE:0.019238 , RMSE:0.138699 , MAE:0.104417 , MAPD:0.557370, R_squared:0.999667  
	Validation = MSE:0.016116 , RMSE:0.126950 , MAE:0.088105 , MAPD:0.492663, R_squared:0.999710

2024-03-21 05:55:35,862 Epoch 96/300, Train Loss: 0.024127, Val Loss: 0.022646  
	Train = MSE:0.024130 , RMSE:0.155339 , MAE:0.117624 , MAPD:0.626823, R_squared:0.999582  
	Validation = MSE:0.023120 , RMSE:0.152053 , MAE:0.110550 , MAPD:0.601360, R_squared:0.999584

2024-03-21 05:55:41,059 Epoch 97/300, Train Loss: 0.031776, Val Loss: 0.028427  
	Train = MSE:0.031781 , RMSE:0.178271 , MAE:0.138395 , MAPD:0.742238, R_squared:0.999450  
	Validation = MSE:0.028843 , RMSE:0.169831 , MAE:0.125644 , MAPD:0.772487, R_squared:0.999481

2024-03-21 05:55:45,948 Epoch 98/300, Train Loss: 0.020849, Val Loss: 0.079816  
	Train = MSE:0.020844 , RMSE:0.144376 , MAE:0.109588 , MAPD:0.577621, R_squared:0.999639  
	Validation = MSE:0.079379 , RMSE:0.281743 , MAE:0.255783 , MAPD:1.433466, R_squared:0.998572

2024-03-21 05:55:50,420 Epoch 99/300, Train Loss: 0.024023, Val Loss: 0.057544  
	Train = MSE:0.024020 , RMSE:0.154983 , MAE:0.118091 , MAPD:0.628564, R_squared:0.999584  
	Validation = MSE:0.057047 , RMSE:0.238846 , MAE:0.204759 , MAPD:1.095129, R_squared:0.998973

2024-03-21 05:55:56,110 Epoch 100/300, Train Loss: 0.019878, Val Loss: 0.017051  
	Train = MSE:0.019878 , RMSE:0.140989 , MAE:0.104808 , MAPD:0.552818, R_squared:0.999656  
	Validation = MSE:0.017351 , RMSE:0.131722 , MAE:0.097897 , MAPD:0.554623, R_squared:0.999688

2024-03-21 05:56:01,226 Epoch 101/300, Train Loss: 0.021412, Val Loss: 0.015932  
	Train = MSE:0.021416 , RMSE:0.146341 , MAE:0.111740 , MAPD:0.591421, R_squared:0.999629  
	Validation = MSE:0.016212 , RMSE:0.127326 , MAE:0.091937 , MAPD:0.505700, R_squared:0.999708

2024-03-21 05:56:08,410 Epoch 102/300, Train Loss: 0.021993, Val Loss: 0.032351  
	Train = MSE:0.021993 , RMSE:0.148301 , MAE:0.111834 , MAPD:0.589084, R_squared:0.999619  
	Validation = MSE:0.032797 , RMSE:0.181098 , MAE:0.140443 , MAPD:0.748925, R_squared:0.999410

2024-03-21 05:56:13,532 Epoch 103/300, Train Loss: 0.019502, Val Loss: 0.022875  
	Train = MSE:0.019500 , RMSE:0.139642 , MAE:0.106740 , MAPD:0.566369, R_squared:0.999662  
	Validation = MSE:0.023150 , RMSE:0.152150 , MAE:0.113198 , MAPD:0.600924, R_squared:0.999583

2024-03-21 05:56:18,457 Epoch 104/300, Train Loss: 0.026334, Val Loss: 0.037244  
	Train = MSE:0.026334 , RMSE:0.162278 , MAE:0.123549 , MAPD:0.656416, R_squared:0.999544  
	Validation = MSE:0.037020 , RMSE:0.192406 , MAE:0.142510 , MAPD:0.679465, R_squared:0.999334

2024-03-21 05:56:23,690 Epoch 105/300, Train Loss: 0.019672, Val Loss: 0.034122  
	Train = MSE:0.019671 , RMSE:0.140252 , MAE:0.105177 , MAPD:0.556000, R_squared:0.999659  
	Validation = MSE:0.034592 , RMSE:0.185990 , MAE:0.136578 , MAPD:0.647929, R_squared:0.999378

2024-03-21 05:56:29,216 Epoch 106/300, Train Loss: 0.020102, Val Loss: 0.017623  
	Train = MSE:0.020102 , RMSE:0.141782 , MAE:0.105185 , MAPD:0.559646, R_squared:0.999652  
	Validation = MSE:0.018025 , RMSE:0.134258 , MAE:0.096859 , MAPD:0.536662, R_squared:0.999676

2024-03-21 05:56:35,188 Epoch 107/300, Train Loss: 0.026882, Val Loss: 0.023113  
	Train = MSE:0.026886 , RMSE:0.163970 , MAE:0.123572 , MAPD:0.655103, R_squared:0.999535  
	Validation = MSE:0.023200 , RMSE:0.152316 , MAE:0.124299 , MAPD:0.736025, R_squared:0.999583

2024-03-21 05:56:39,629 Epoch 108/300, Train Loss: 0.015528, Val Loss: 0.018555  
	Train = MSE:0.015529 , RMSE:0.124616 , MAE:0.093345 , MAPD:0.494889, R_squared:0.999731  
	Validation = MSE:0.018676 , RMSE:0.136661 , MAE:0.104290 , MAPD:0.563275, R_squared:0.999664

2024-03-21 05:56:45,239 Epoch 109/300, Train Loss: 0.017521, Val Loss: 0.015239  
	Train = MSE:0.017522 , RMSE:0.132371 , MAE:0.101164 , MAPD:0.532823, R_squared:0.999697  
	Validation = MSE:0.015554 , RMSE:0.124717 , MAE:0.088190 , MAPD:0.490339, R_squared:0.999720

2024-03-21 05:56:51,204 Epoch 110/300, Train Loss: 0.017616, Val Loss: 0.021080  
	Train = MSE:0.017610 , RMSE:0.132704 , MAE:0.099897 , MAPD:0.527960, R_squared:0.999695  
	Validation = MSE:0.021579 , RMSE:0.146897 , MAE:0.108066 , MAPD:0.593144, R_squared:0.999612

2024-03-21 05:56:55,869 Epoch 111/300, Train Loss: 0.027599, Val Loss: 0.023615  
	Train = MSE:0.027605 , RMSE:0.166148 , MAE:0.128915 , MAPD:0.684658, R_squared:0.999522  
	Validation = MSE:0.023562 , RMSE:0.153501 , MAE:0.110323 , MAPD:0.550007, R_squared:0.999576

2024-03-21 05:57:02,243 Epoch 112/300, Train Loss: 0.018339, Val Loss: 0.022959  
	Train = MSE:0.018336 , RMSE:0.135411 , MAE:0.102896 , MAPD:0.546654, R_squared:0.999683  
	Validation = MSE:0.023476 , RMSE:0.153218 , MAE:0.115009 , MAPD:0.611846, R_squared:0.999578

2024-03-21 05:57:06,755 Epoch 113/300, Train Loss: 0.017300, Val Loss: 0.028726  
	Train = MSE:0.017300 , RMSE:0.131530 , MAE:0.100453 , MAPD:0.532098, R_squared:0.999701  
	Validation = MSE:0.028738 , RMSE:0.169522 , MAE:0.142392 , MAPD:0.867905, R_squared:0.999483

2024-03-21 05:57:11,244 Epoch 114/300, Train Loss: 0.023294, Val Loss: 0.036044  
	Train = MSE:0.023293 , RMSE:0.152621 , MAE:0.115187 , MAPD:0.607583, R_squared:0.999597  
	Validation = MSE:0.035854 , RMSE:0.189350 , MAE:0.164050 , MAPD:0.941961, R_squared:0.999355

2024-03-21 05:57:16,550 Epoch 115/300, Train Loss: 0.026229, Val Loss: 0.017403  
	Train = MSE:0.026234 , RMSE:0.161969 , MAE:0.124368 , MAPD:0.657025, R_squared:0.999546  
	Validation = MSE:0.017632 , RMSE:0.132786 , MAE:0.101699 , MAPD:0.575196, R_squared:0.999683

2024-03-21 05:57:21,031 Epoch 116/300, Train Loss: 0.019839, Val Loss: 0.019654  
	Train = MSE:0.019842 , RMSE:0.140860 , MAE:0.107321 , MAPD:0.567318, R_squared:0.999657  
	Validation = MSE:0.019752 , RMSE:0.140542 , MAE:0.108356 , MAPD:0.570352, R_squared:0.999645

2024-03-21 05:57:25,442 Epoch 117/300, Train Loss: 0.017323, Val Loss: 0.015025  
	Train = MSE:0.017321 , RMSE:0.131611 , MAE:0.101265 , MAPD:0.537355, R_squared:0.999700  
	Validation = MSE:0.015394 , RMSE:0.124073 , MAE:0.086674 , MAPD:0.485882, R_squared:0.999723

2024-03-21 05:57:32,441 Epoch 118/300, Train Loss: 0.021730, Val Loss: 0.028903  
	Train = MSE:0.021734 , RMSE:0.147424 , MAE:0.112583 , MAPD:0.590444, R_squared:0.999624  
	Validation = MSE:0.028809 , RMSE:0.169731 , MAE:0.133444 , MAPD:0.669724, R_squared:0.999482

2024-03-21 05:57:37,265 Epoch 119/300, Train Loss: 0.018747, Val Loss: 0.015921  
	Train = MSE:0.018748 , RMSE:0.136924 , MAE:0.104502 , MAPD:0.551106, R_squared:0.999675  
	Validation = MSE:0.016132 , RMSE:0.127011 , MAE:0.093090 , MAPD:0.511775, R_squared:0.999710

2024-03-21 05:57:41,608 Epoch 120/300, Train Loss: 0.022216, Val Loss: 0.026968  
	Train = MSE:0.022217 , RMSE:0.149055 , MAE:0.116028 , MAPD:0.622811, R_squared:0.999615  
	Validation = MSE:0.027005 , RMSE:0.164331 , MAE:0.137600 , MAPD:0.815812, R_squared:0.999514

2024-03-21 05:57:46,416 Epoch 121/300, Train Loss: 0.020435, Val Loss: 0.018283  
	Train = MSE:0.020427 , RMSE:0.142924 , MAE:0.110747 , MAPD:0.586509, R_squared:0.999646  
	Validation = MSE:0.018506 , RMSE:0.136038 , MAE:0.106832 , MAPD:0.639188, R_squared:0.999667

2024-03-21 05:57:52,962 Epoch 122/300, Train Loss: 0.021283, Val Loss: 0.015295  
	Train = MSE:0.021286 , RMSE:0.145896 , MAE:0.111445 , MAPD:0.582185, R_squared:0.999632  
	Validation = MSE:0.015543 , RMSE:0.124672 , MAE:0.090782 , MAPD:0.494368, R_squared:0.999720

2024-03-21 05:57:58,574 Epoch 123/300, Train Loss: 0.022576, Val Loss: 0.033903  
	Train = MSE:0.022579 , RMSE:0.150263 , MAE:0.114871 , MAPD:0.610820, R_squared:0.999609  
	Validation = MSE:0.033775 , RMSE:0.183778 , MAE:0.139753 , MAPD:0.693604, R_squared:0.999392

2024-03-21 05:58:03,598 Epoch 124/300, Train Loss: 0.020570, Val Loss: 0.018250  
	Train = MSE:0.020570 , RMSE:0.143423 , MAE:0.109208 , MAPD:0.574678, R_squared:0.999644  
	Validation = MSE:0.018630 , RMSE:0.136493 , MAE:0.098498 , MAPD:0.516388, R_squared:0.999665

2024-03-21 05:58:08,083 Epoch 125/300, Train Loss: 0.015914, Val Loss: 0.022465  
	Train = MSE:0.015915 , RMSE:0.126156 , MAE:0.095941 , MAPD:0.504543, R_squared:0.999725  
	Validation = MSE:0.022563 , RMSE:0.150211 , MAE:0.121757 , MAPD:0.728143, R_squared:0.999594

2024-03-21 05:58:12,609 Epoch 126/300, Train Loss: 0.021934, Val Loss: 0.028344  
	Train = MSE:0.021927 , RMSE:0.148076 , MAE:0.112043 , MAPD:0.594602, R_squared:0.999620  
	Validation = MSE:0.028676 , RMSE:0.169340 , MAE:0.134081 , MAPD:0.819703, R_squared:0.999484

2024-03-21 05:58:17,536 Epoch 127/300, Train Loss: 0.014539, Val Loss: 0.017194  
	Train = MSE:0.014542 , RMSE:0.120590 , MAE:0.090775 , MAPD:0.474482, R_squared:0.999748  
	Validation = MSE:0.017473 , RMSE:0.132185 , MAE:0.095640 , MAPD:0.541301, R_squared:0.999686

2024-03-21 05:58:22,393 Epoch 128/300, Train Loss: 0.017190, Val Loss: 0.016973  
	Train = MSE:0.017187 , RMSE:0.131100 , MAE:0.100726 , MAPD:0.532349, R_squared:0.999702  
	Validation = MSE:0.017185 , RMSE:0.131093 , MAE:0.094434 , MAPD:0.489265, R_squared:0.999691

2024-03-21 05:58:26,862 Epoch 129/300, Train Loss: 0.015668, Val Loss: 0.014764  
	Train = MSE:0.015668 , RMSE:0.125173 , MAE:0.095786 , MAPD:0.509654, R_squared:0.999729  
	Validation = MSE:0.015024 , RMSE:0.122573 , MAE:0.092052 , MAPD:0.530342, R_squared:0.999730

2024-03-21 05:58:32,100 Epoch 130/300, Train Loss: 0.017069, Val Loss: 0.019098  
	Train = MSE:0.017068 , RMSE:0.130645 , MAE:0.098807 , MAPD:0.524048, R_squared:0.999705  
	Validation = MSE:0.019327 , RMSE:0.139020 , MAE:0.104563 , MAPD:0.559050, R_squared:0.999652

2024-03-21 05:58:37,694 Epoch 131/300, Train Loss: 0.020490, Val Loss: 0.014894  
	Train = MSE:0.020490 , RMSE:0.143142 , MAE:0.109202 , MAPD:0.576097, R_squared:0.999645  
	Validation = MSE:0.015115 , RMSE:0.122941 , MAE:0.087773 , MAPD:0.475925, R_squared:0.999728

2024-03-21 05:58:45,023 Epoch 132/300, Train Loss: 0.020155, Val Loss: 0.024671  
	Train = MSE:0.020159 , RMSE:0.141981 , MAE:0.109163 , MAPD:0.581163, R_squared:0.999651  
	Validation = MSE:0.025163 , RMSE:0.158627 , MAE:0.118655 , MAPD:0.625042, R_squared:0.999547

2024-03-21 05:58:50,933 Epoch 133/300, Train Loss: 0.019085, Val Loss: 0.014056  
	Train = MSE:0.019087 , RMSE:0.138155 , MAE:0.104680 , MAPD:0.548749, R_squared:0.999670  
	Validation = MSE:0.014290 , RMSE:0.119541 , MAE:0.084613 , MAPD:0.459404, R_squared:0.999743

2024-03-21 05:58:56,254 Epoch 134/300, Train Loss: 0.017490, Val Loss: 0.035692  
	Train = MSE:0.017490 , RMSE:0.132249 , MAE:0.101442 , MAPD:0.536103, R_squared:0.999697  
	Validation = MSE:0.035723 , RMSE:0.189004 , MAE:0.144603 , MAPD:0.734507, R_squared:0.999357

2024-03-21 05:59:01,268 Epoch 135/300, Train Loss: 0.014547, Val Loss: 0.016982  
	Train = MSE:0.014547 , RMSE:0.120610 , MAE:0.091035 , MAPD:0.480076, R_squared:0.999748  
	Validation = MSE:0.017177 , RMSE:0.131061 , MAE:0.103317 , MAPD:0.585141, R_squared:0.999691

2024-03-21 05:59:07,052 Epoch 136/300, Train Loss: 0.017118, Val Loss: 0.017266  
	Train = MSE:0.017117 , RMSE:0.130834 , MAE:0.099079 , MAPD:0.530578, R_squared:0.999704  
	Validation = MSE:0.017576 , RMSE:0.132574 , MAE:0.101874 , MAPD:0.566577, R_squared:0.999684

2024-03-21 05:59:11,523 Epoch 137/300, Train Loss: 0.022112, Val Loss: 0.020851  
	Train = MSE:0.022115 , RMSE:0.148712 , MAE:0.111939 , MAPD:0.593984, R_squared:0.999617  
	Validation = MSE:0.020872 , RMSE:0.144472 , MAE:0.117692 , MAPD:0.655825, R_squared:0.999624

2024-03-21 05:59:16,120 Epoch 138/300, Train Loss: 0.019999, Val Loss: 0.025174  
	Train = MSE:0.019998 , RMSE:0.141415 , MAE:0.107826 , MAPD:0.560936, R_squared:0.999654  
	Validation = MSE:0.025472 , RMSE:0.159600 , MAE:0.126821 , MAPD:0.789651, R_squared:0.999542

2024-03-21 05:59:21,259 Epoch 139/300, Train Loss: 0.015880, Val Loss: 0.015461  
	Train = MSE:0.015881 , RMSE:0.126018 , MAE:0.096128 , MAPD:0.509512, R_squared:0.999725  
	Validation = MSE:0.015652 , RMSE:0.125107 , MAE:0.092829 , MAPD:0.496589, R_squared:0.999718

2024-03-21 05:59:25,661 Epoch 140/300, Train Loss: 0.019435, Val Loss: 0.020210  
	Train = MSE:0.019432 , RMSE:0.139399 , MAE:0.107038 , MAPD:0.570963, R_squared:0.999664  
	Validation = MSE:0.020597 , RMSE:0.143516 , MAE:0.106760 , MAPD:0.616246, R_squared:0.999629

2024-03-21 05:59:30,275 Epoch 141/300, Train Loss: 0.015638, Val Loss: 0.014706  
	Train = MSE:0.015640 , RMSE:0.125061 , MAE:0.094772 , MAPD:0.499140, R_squared:0.999729  
	Validation = MSE:0.014934 , RMSE:0.122205 , MAE:0.092069 , MAPD:0.533939, R_squared:0.999731

2024-03-21 05:59:36,136 Epoch 142/300, Train Loss: 0.014695, Val Loss: 0.017067  
	Train = MSE:0.014696 , RMSE:0.121226 , MAE:0.090332 , MAPD:0.472494, R_squared:0.999746  
	Validation = MSE:0.017256 , RMSE:0.131361 , MAE:0.095490 , MAPD:0.554728, R_squared:0.999690

2024-03-21 05:59:41,436 Epoch 143/300, Train Loss: 0.014129, Val Loss: 0.015124  
	Train = MSE:0.014128 , RMSE:0.118862 , MAE:0.089887 , MAPD:0.474502, R_squared:0.999755  
	Validation = MSE:0.015431 , RMSE:0.124221 , MAE:0.087297 , MAPD:0.490113, R_squared:0.999722

2024-03-21 05:59:47,472 Epoch 144/300, Train Loss: 0.035124, Val Loss: 0.029862  
	Train = MSE:0.035104 , RMSE:0.187361 , MAE:0.144325 , MAPD:0.776533, R_squared:0.999392  
	Validation = MSE:0.029858 , RMSE:0.172796 , MAE:0.140560 , MAPD:0.830195, R_squared:0.999463

2024-03-21 05:59:52,232 Epoch 145/300, Train Loss: 0.019290, Val Loss: 0.048747  
	Train = MSE:0.019288 , RMSE:0.138882 , MAE:0.106627 , MAPD:0.568212, R_squared:0.999666  
	Validation = MSE:0.048188 , RMSE:0.219517 , MAE:0.165020 , MAPD:0.756965, R_squared:0.999133

2024-03-21 05:59:56,657 Epoch 146/300, Train Loss: 0.016926, Val Loss: 0.019415  
	Train = MSE:0.016927 , RMSE:0.130103 , MAE:0.098617 , MAPD:0.516117, R_squared:0.999707  
	Validation = MSE:0.019659 , RMSE:0.140211 , MAE:0.101998 , MAPD:0.518276, R_squared:0.999646

2024-03-21 06:00:01,520 Epoch 147/300, Train Loss: 0.015013, Val Loss: 0.015266  
	Train = MSE:0.015015 , RMSE:0.122535 , MAE:0.091995 , MAPD:0.487603, R_squared:0.999740  
	Validation = MSE:0.015394 , RMSE:0.124074 , MAE:0.088845 , MAPD:0.474452, R_squared:0.999723

2024-03-21 06:00:06,010 Epoch 148/300, Train Loss: 0.017702, Val Loss: 0.015617  
	Train = MSE:0.017703 , RMSE:0.133054 , MAE:0.101514 , MAPD:0.538475, R_squared:0.999694  
	Validation = MSE:0.015674 , RMSE:0.125197 , MAE:0.091876 , MAPD:0.476148, R_squared:0.999718

2024-03-21 06:00:12,182 Epoch 149/300, Train Loss: 0.015932, Val Loss: 0.012458  
	Train = MSE:0.015931 , RMSE:0.126217 , MAE:0.095986 , MAPD:0.505574, R_squared:0.999724  
	Validation = MSE:0.012673 , RMSE:0.112576 , MAE:0.078740 , MAPD:0.431814, R_squared:0.999772

2024-03-21 06:00:17,243 Epoch 150/300, Train Loss: 0.012661, Val Loss: 0.017092  
	Train = MSE:0.012662 , RMSE:0.112526 , MAE:0.085488 , MAPD:0.451433, R_squared:0.999781  
	Validation = MSE:0.017339 , RMSE:0.131678 , MAE:0.096576 , MAPD:0.558559, R_squared:0.999688

2024-03-21 06:00:21,665 Epoch 151/300, Train Loss: 0.020361, Val Loss: 0.043973  
	Train = MSE:0.020360 , RMSE:0.142688 , MAE:0.109217 , MAPD:0.580310, R_squared:0.999648  
	Validation = MSE:0.043569 , RMSE:0.208732 , MAE:0.173843 , MAPD:0.866177, R_squared:0.999216

2024-03-21 06:00:28,052 Epoch 152/300, Train Loss: 0.033104, Val Loss: 0.027523  
	Train = MSE:0.033107 , RMSE:0.181953 , MAE:0.137859 , MAPD:0.739922, R_squared:0.999427  
	Validation = MSE:0.027515 , RMSE:0.165877 , MAE:0.141070 , MAPD:0.782160, R_squared:0.999505

2024-03-21 06:00:32,909 Epoch 153/300, Train Loss: 0.014099, Val Loss: 0.012805  
	Train = MSE:0.014101 , RMSE:0.118747 , MAE:0.090536 , MAPD:0.482721, R_squared:0.999756  
	Validation = MSE:0.013021 , RMSE:0.114108 , MAE:0.080295 , MAPD:0.433734, R_squared:0.999766

2024-03-21 06:00:37,759 Epoch 154/300, Train Loss: 0.012105, Val Loss: 0.014037  
	Train = MSE:0.012101 , RMSE:0.110006 , MAE:0.082304 , MAPD:0.432745, R_squared:0.999791  
	Validation = MSE:0.014208 , RMSE:0.119196 , MAE:0.090513 , MAPD:0.516983, R_squared:0.999744

2024-03-21 06:00:42,191 Epoch 155/300, Train Loss: 0.014596, Val Loss: 0.023023  
	Train = MSE:0.014596 , RMSE:0.120814 , MAE:0.092260 , MAPD:0.491284, R_squared:0.999747  
	Validation = MSE:0.023048 , RMSE:0.151816 , MAE:0.124077 , MAPD:0.673762, R_squared:0.999585

2024-03-21 06:00:47,034 Epoch 156/300, Train Loss: 0.014325, Val Loss: 0.019860  
	Train = MSE:0.014325 , RMSE:0.119687 , MAE:0.090004 , MAPD:0.475772, R_squared:0.999752  
	Validation = MSE:0.020120 , RMSE:0.141846 , MAE:0.103013 , MAPD:0.528150, R_squared:0.999638

2024-03-21 06:00:51,457 Epoch 157/300, Train Loss: 0.014427, Val Loss: 0.035073  
	Train = MSE:0.014429 , RMSE:0.120119 , MAE:0.091321 , MAPD:0.482810, R_squared:0.999750  
	Validation = MSE:0.034915 , RMSE:0.186856 , MAE:0.159575 , MAPD:0.860866, R_squared:0.999372

2024-03-21 06:00:56,227 Epoch 158/300, Train Loss: 0.013154, Val Loss: 0.012369  
	Train = MSE:0.013151 , RMSE:0.114677 , MAE:0.086347 , MAPD:0.454134, R_squared:0.999772  
	Validation = MSE:0.012650 , RMSE:0.112474 , MAE:0.076987 , MAPD:0.423657, R_squared:0.999772

2024-03-21 06:01:02,544 Epoch 159/300, Train Loss: 0.016224, Val Loss: 0.015320  
	Train = MSE:0.016225 , RMSE:0.127378 , MAE:0.097771 , MAPD:0.518071, R_squared:0.999719  
	Validation = MSE:0.015631 , RMSE:0.125024 , MAE:0.088745 , MAPD:0.466316, R_squared:0.999719

2024-03-21 06:01:07,567 Epoch 160/300, Train Loss: 0.014121, Val Loss: 0.018636  
	Train = MSE:0.014122 , RMSE:0.118835 , MAE:0.091330 , MAPD:0.484551, R_squared:0.999756  
	Validation = MSE:0.018715 , RMSE:0.136803 , MAE:0.102140 , MAPD:0.533476, R_squared:0.999663

2024-03-21 06:01:12,776 Epoch 161/300, Train Loss: 0.012902, Val Loss: 0.017115  
	Train = MSE:0.012901 , RMSE:0.113583 , MAE:0.086071 , MAPD:0.454901, R_squared:0.999777  
	Validation = MSE:0.017399 , RMSE:0.131907 , MAE:0.095669 , MAPD:0.485362, R_squared:0.999687

2024-03-21 06:01:19,196 Epoch 162/300, Train Loss: 0.015762, Val Loss: 0.014418  
	Train = MSE:0.015755 , RMSE:0.125518 , MAE:0.096256 , MAPD:0.510192, R_squared:0.999727  
	Validation = MSE:0.014620 , RMSE:0.120914 , MAE:0.087118 , MAPD:0.478978, R_squared:0.999737

2024-03-21 06:01:24,346 Epoch 163/300, Train Loss: 0.018933, Val Loss: 0.021611  
	Train = MSE:0.018934 , RMSE:0.137602 , MAE:0.106482 , MAPD:0.565953, R_squared:0.999672  
	Validation = MSE:0.021771 , RMSE:0.147550 , MAE:0.115185 , MAPD:0.630581, R_squared:0.999608

2024-03-21 06:01:29,565 Epoch 164/300, Train Loss: 0.014023, Val Loss: 0.017723  
	Train = MSE:0.014023 , RMSE:0.118419 , MAE:0.089655 , MAPD:0.474012, R_squared:0.999757  
	Validation = MSE:0.017947 , RMSE:0.133965 , MAE:0.098767 , MAPD:0.510807, R_squared:0.999677

2024-03-21 06:01:35,854 Epoch 165/300, Train Loss: 0.027952, Val Loss: 0.014818  
	Train = MSE:0.027955 , RMSE:0.167198 , MAE:0.126369 , MAPD:0.665898, R_squared:0.999516  
	Validation = MSE:0.015036 , RMSE:0.122621 , MAE:0.090767 , MAPD:0.496022, R_squared:0.999729

2024-03-21 06:01:40,554 Epoch 166/300, Train Loss: 0.013334, Val Loss: 0.013621  
	Train = MSE:0.013334 , RMSE:0.115473 , MAE:0.087036 , MAPD:0.463647, R_squared:0.999769  
	Validation = MSE:0.013826 , RMSE:0.117586 , MAE:0.085922 , MAPD:0.477153, R_squared:0.999751

2024-03-21 06:01:46,009 Epoch 167/300, Train Loss: 0.016210, Val Loss: 0.017694  
	Train = MSE:0.016212 , RMSE:0.127326 , MAE:0.096424 , MAPD:0.505549, R_squared:0.999719  
	Validation = MSE:0.017902 , RMSE:0.133797 , MAE:0.103722 , MAPD:0.548860, R_squared:0.999678

2024-03-21 06:01:51,554 Epoch 168/300, Train Loss: 0.013891, Val Loss: 0.020460  
	Train = MSE:0.013893 , RMSE:0.117868 , MAE:0.090813 , MAPD:0.482097, R_squared:0.999760  
	Validation = MSE:0.020787 , RMSE:0.144178 , MAE:0.108802 , MAPD:0.564074, R_squared:0.999626

2024-03-21 06:01:57,823 Epoch 169/300, Train Loss: 0.013455, Val Loss: 0.014887  
	Train = MSE:0.013456 , RMSE:0.115998 , MAE:0.087253 , MAPD:0.452466, R_squared:0.999767  
	Validation = MSE:0.014980 , RMSE:0.122392 , MAE:0.090084 , MAPD:0.476642, R_squared:0.999730

2024-03-21 06:02:03,606 Epoch 170/300, Train Loss: 0.019273, Val Loss: 0.022536  
	Train = MSE:0.019276 , RMSE:0.138837 , MAE:0.107706 , MAPD:0.570509, R_squared:0.999666  
	Validation = MSE:0.022698 , RMSE:0.150659 , MAE:0.107524 , MAPD:0.515288, R_squared:0.999592

2024-03-21 06:02:09,118 Epoch 171/300, Train Loss: 0.015136, Val Loss: 0.016537  
	Train = MSE:0.015139 , RMSE:0.123041 , MAE:0.092532 , MAPD:0.491194, R_squared:0.999738  
	Validation = MSE:0.016855 , RMSE:0.129826 , MAE:0.094726 , MAPD:0.515084, R_squared:0.999697

2024-03-21 06:02:16,205 Epoch 172/300, Train Loss: 0.018990, Val Loss: 0.022214  
	Train = MSE:0.018990 , RMSE:0.137804 , MAE:0.106168 , MAPD:0.562899, R_squared:0.999671  
	Validation = MSE:0.022274 , RMSE:0.149246 , MAE:0.117195 , MAPD:0.696472, R_squared:0.999599

2024-03-21 06:02:21,287 Epoch 173/300, Train Loss: 0.015534, Val Loss: 0.012328  
	Train = MSE:0.015534 , RMSE:0.124637 , MAE:0.095013 , MAPD:0.502956, R_squared:0.999731  
	Validation = MSE:0.012535 , RMSE:0.111959 , MAE:0.080041 , MAPD:0.436334, R_squared:0.999774

2024-03-21 06:02:26,800 Epoch 174/300, Train Loss: 0.014003, Val Loss: 0.025187  
	Train = MSE:0.014004 , RMSE:0.118336 , MAE:0.089329 , MAPD:0.472928, R_squared:0.999758  
	Validation = MSE:0.025182 , RMSE:0.158689 , MAE:0.121961 , MAPD:0.637075, R_squared:0.999547

2024-03-21 06:02:32,882 Epoch 175/300, Train Loss: 0.015077, Val Loss: 0.014371  
	Train = MSE:0.015079 , RMSE:0.122797 , MAE:0.094016 , MAPD:0.502108, R_squared:0.999739  
	Validation = MSE:0.014580 , RMSE:0.120747 , MAE:0.091567 , MAPD:0.529575, R_squared:0.999738

2024-03-21 06:02:38,669 Epoch 176/300, Train Loss: 0.011931, Val Loss: 0.021122  
	Train = MSE:0.011928 , RMSE:0.109217 , MAE:0.081816 , MAPD:0.435793, R_squared:0.999794  
	Validation = MSE:0.021107 , RMSE:0.145283 , MAE:0.108399 , MAPD:0.536249, R_squared:0.999620

2024-03-21 06:02:44,621 Epoch 177/300, Train Loss: 0.014635, Val Loss: 0.011991  
	Train = MSE:0.014632 , RMSE:0.120964 , MAE:0.092184 , MAPD:0.487941, R_squared:0.999747  
	Validation = MSE:0.012215 , RMSE:0.110521 , MAE:0.076884 , MAPD:0.422246, R_squared:0.999780

2024-03-21 06:02:50,536 Epoch 178/300, Train Loss: 0.019016, Val Loss: 0.036142  
	Train = MSE:0.019018 , RMSE:0.137907 , MAE:0.107625 , MAPD:0.575646, R_squared:0.999671  
	Validation = MSE:0.036461 , RMSE:0.190948 , MAE:0.163130 , MAPD:0.953943, R_squared:0.999344

2024-03-21 06:02:55,833 Epoch 179/300, Train Loss: 0.018478, Val Loss: 0.027183  
	Train = MSE:0.018480 , RMSE:0.135940 , MAE:0.105392 , MAPD:0.564706, R_squared:0.999680  
	Validation = MSE:0.027274 , RMSE:0.165147 , MAE:0.129054 , MAPD:0.811067, R_squared:0.999509

2024-03-21 06:03:01,409 Epoch 180/300, Train Loss: 0.015488, Val Loss: 0.013934  
	Train = MSE:0.015488 , RMSE:0.124449 , MAE:0.093581 , MAPD:0.497770, R_squared:0.999732  
	Validation = MSE:0.014151 , RMSE:0.118958 , MAE:0.083625 , MAPD:0.447632, R_squared:0.999745

2024-03-21 06:03:08,427 Epoch 181/300, Train Loss: 0.015133, Val Loss: 0.022117  
	Train = MSE:0.015134 , RMSE:0.123021 , MAE:0.094182 , MAPD:0.506255, R_squared:0.999738  
	Validation = MSE:0.022333 , RMSE:0.149441 , MAE:0.112046 , MAPD:0.580947, R_squared:0.999598

2024-03-21 06:03:15,462 Epoch 182/300, Train Loss: 0.019639, Val Loss: 0.019420  
	Train = MSE:0.019643 , RMSE:0.140152 , MAE:0.106879 , MAPD:0.565473, R_squared:0.999660  
	Validation = MSE:0.019597 , RMSE:0.139990 , MAE:0.109308 , MAPD:0.664437, R_squared:0.999647

2024-03-21 06:03:21,335 Epoch 183/300, Train Loss: 0.012315, Val Loss: 0.018824  
	Train = MSE:0.012316 , RMSE:0.110979 , MAE:0.083570 , MAPD:0.441244, R_squared:0.999787  
	Validation = MSE:0.019004 , RMSE:0.137856 , MAE:0.110827 , MAPD:0.608147, R_squared:0.999658

2024-03-21 06:03:26,112 Epoch 184/300, Train Loss: 0.017055, Val Loss: 0.013411  
	Train = MSE:0.017057 , RMSE:0.130601 , MAE:0.098581 , MAPD:0.527294, R_squared:0.999705  
	Validation = MSE:0.013596 , RMSE:0.116602 , MAE:0.084275 , MAPD:0.460291, R_squared:0.999755

2024-03-21 06:03:31,544 Epoch 185/300, Train Loss: 0.014527, Val Loss: 0.011912  
	Train = MSE:0.014528 , RMSE:0.120533 , MAE:0.090789 , MAPD:0.484220, R_squared:0.999749  
	Validation = MSE:0.012137 , RMSE:0.110166 , MAE:0.076595 , MAPD:0.422638, R_squared:0.999782

2024-03-21 06:03:36,568 Epoch 186/300, Train Loss: 0.012137, Val Loss: 0.015372  
	Train = MSE:0.012137 , RMSE:0.110166 , MAE:0.083355 , MAPD:0.441968, R_squared:0.999790  
	Validation = MSE:0.015537 , RMSE:0.124647 , MAE:0.096754 , MAPD:0.579558, R_squared:0.999720

2024-03-21 06:03:42,126 Epoch 187/300, Train Loss: 0.022898, Val Loss: 0.017154  
	Train = MSE:0.022899 , RMSE:0.151324 , MAE:0.116177 , MAPD:0.615312, R_squared:0.999604  
	Validation = MSE:0.017427 , RMSE:0.132010 , MAE:0.099957 , MAPD:0.567100, R_squared:0.999686

2024-03-21 06:03:48,467 Epoch 188/300, Train Loss: 0.013581, Val Loss: 0.015130  
	Train = MSE:0.013580 , RMSE:0.116531 , MAE:0.089702 , MAPD:0.476008, R_squared:0.999765  
	Validation = MSE:0.015301 , RMSE:0.123698 , MAE:0.086592 , MAPD:0.439945, R_squared:0.999725

2024-03-21 06:03:53,753 Epoch 189/300, Train Loss: 0.012876, Val Loss: 0.011794  
	Train = MSE:0.012873 , RMSE:0.113458 , MAE:0.087061 , MAPD:0.459111, R_squared:0.999777  
	Validation = MSE:0.012029 , RMSE:0.109678 , MAE:0.076573 , MAPD:0.421517, R_squared:0.999784

2024-03-21 06:04:00,669 Epoch 190/300, Train Loss: 0.013693, Val Loss: 0.012547  
	Train = MSE:0.013695 , RMSE:0.117025 , MAE:0.088935 , MAPD:0.468993, R_squared:0.999763  
	Validation = MSE:0.012678 , RMSE:0.112595 , MAE:0.081501 , MAPD:0.443259, R_squared:0.999772

2024-03-21 06:04:05,721 Epoch 191/300, Train Loss: 0.015160, Val Loss: 0.016047  
	Train = MSE:0.015162 , RMSE:0.123135 , MAE:0.093297 , MAPD:0.500217, R_squared:0.999738  
	Validation = MSE:0.016177 , RMSE:0.127190 , MAE:0.094253 , MAPD:0.498530, R_squared:0.999709

2024-03-21 06:04:13,455 Epoch 192/300, Train Loss: 0.016634, Val Loss: 0.023359  
	Train = MSE:0.016635 , RMSE:0.128978 , MAE:0.099794 , MAPD:0.530603, R_squared:0.999712  
	Validation = MSE:0.023319 , RMSE:0.152707 , MAE:0.122623 , MAPD:0.643720, R_squared:0.999580

2024-03-21 06:04:19,563 Epoch 193/300, Train Loss: 0.013632, Val Loss: 0.012435  
	Train = MSE:0.013632 , RMSE:0.116757 , MAE:0.087991 , MAPD:0.463420, R_squared:0.999764  
	Validation = MSE:0.012649 , RMSE:0.112470 , MAE:0.078839 , MAPD:0.428706, R_squared:0.999772

2024-03-21 06:04:25,323 Epoch 194/300, Train Loss: 0.013875, Val Loss: 0.018949  
	Train = MSE:0.013877 , RMSE:0.117803 , MAE:0.088143 , MAPD:0.471600, R_squared:0.999760  
	Validation = MSE:0.019240 , RMSE:0.138709 , MAE:0.105202 , MAPD:0.608872, R_squared:0.999654

2024-03-21 06:04:31,584 Epoch 195/300, Train Loss: 0.015426, Val Loss: 0.012447  
	Train = MSE:0.015429 , RMSE:0.124212 , MAE:0.095151 , MAPD:0.508360, R_squared:0.999733  
	Validation = MSE:0.012732 , RMSE:0.112838 , MAE:0.078805 , MAPD:0.434053, R_squared:0.999771

2024-03-21 06:04:37,414 Epoch 196/300, Train Loss: 0.014784, Val Loss: 0.017312  
	Train = MSE:0.014773 , RMSE:0.121543 , MAE:0.091931 , MAPD:0.486496, R_squared:0.999744  
	Validation = MSE:0.017574 , RMSE:0.132565 , MAE:0.098162 , MAPD:0.511933, R_squared:0.999684

2024-03-21 06:04:44,195 Epoch 197/300, Train Loss: 0.018115, Val Loss: 0.015789  
	Train = MSE:0.018116 , RMSE:0.134597 , MAE:0.102921 , MAPD:0.546138, R_squared:0.999686  
	Validation = MSE:0.015921 , RMSE:0.126180 , MAE:0.091242 , MAPD:0.515765, R_squared:0.999714

2024-03-21 06:04:50,661 Epoch 198/300, Train Loss: 0.014279, Val Loss: 0.016970  
	Train = MSE:0.014277 , RMSE:0.119487 , MAE:0.092026 , MAPD:0.486973, R_squared:0.999753  
	Validation = MSE:0.017132 , RMSE:0.130888 , MAE:0.101744 , MAPD:0.570008, R_squared:0.999692

2024-03-21 06:04:57,470 Epoch 199/300, Train Loss: 0.011561, Val Loss: 0.014690  
	Train = MSE:0.011561 , RMSE:0.107524 , MAE:0.081553 , MAPD:0.436442, R_squared:0.999800  
	Validation = MSE:0.014842 , RMSE:0.121829 , MAE:0.094108 , MAPD:0.548680, R_squared:0.999733

2024-03-21 06:05:03,520 Epoch 200/300, Train Loss: 0.016803, Val Loss: 0.013265  
	Train = MSE:0.016804 , RMSE:0.129629 , MAE:0.100582 , MAPD:0.538268, R_squared:0.999709  
	Validation = MSE:0.013487 , RMSE:0.116132 , MAE:0.083487 , MAPD:0.455236, R_squared:0.999757

2024-03-21 06:05:10,509 Epoch 201/300, Train Loss: 0.012353, Val Loss: 0.034247  
	Train = MSE:0.012353 , RMSE:0.111146 , MAE:0.082451 , MAPD:0.434410, R_squared:0.999786  
	Validation = MSE:0.034572 , RMSE:0.185936 , MAE:0.153631 , MAPD:0.937766, R_squared:0.999378

2024-03-21 06:05:18,913 Epoch 202/300, Train Loss: 0.015464, Val Loss: 0.014953  
	Train = MSE:0.015465 , RMSE:0.124360 , MAE:0.094135 , MAPD:0.502213, R_squared:0.999732  
	Validation = MSE:0.015149 , RMSE:0.123079 , MAE:0.093598 , MAPD:0.532224, R_squared:0.999727

2024-03-21 06:05:26,969 Epoch 203/300, Train Loss: 0.011520, Val Loss: 0.011844  
	Train = MSE:0.011522 , RMSE:0.107341 , MAE:0.081271 , MAPD:0.430119, R_squared:0.999801  
	Validation = MSE:0.012031 , RMSE:0.109687 , MAE:0.077609 , MAPD:0.412610, R_squared:0.999784

2024-03-21 06:05:33,295 Epoch 204/300, Train Loss: 0.012851, Val Loss: 0.014597  
	Train = MSE:0.012851 , RMSE:0.113364 , MAE:0.086448 , MAPD:0.458769, R_squared:0.999778  
	Validation = MSE:0.014726 , RMSE:0.121352 , MAE:0.087196 , MAPD:0.454542, R_squared:0.999735

2024-03-21 06:05:39,100 Epoch 205/300, Train Loss: 0.016166, Val Loss: 0.014390  
	Train = MSE:0.016167 , RMSE:0.127151 , MAE:0.097819 , MAPD:0.517094, R_squared:0.999720  
	Validation = MSE:0.014540 , RMSE:0.120581 , MAE:0.091786 , MAPD:0.514458, R_squared:0.999738

2024-03-21 06:05:45,494 Epoch 206/300, Train Loss: 0.013959, Val Loss: 0.017343  
	Train = MSE:0.013957 , RMSE:0.118140 , MAE:0.090554 , MAPD:0.484755, R_squared:0.999758  
	Validation = MSE:0.017351 , RMSE:0.131723 , MAE:0.096854 , MAPD:0.519481, R_squared:0.999688

2024-03-21 06:05:51,626 Epoch 207/300, Train Loss: 0.015616, Val Loss: 0.017622  
	Train = MSE:0.015614 , RMSE:0.124956 , MAE:0.096849 , MAPD:0.512660, R_squared:0.999730  
	Validation = MSE:0.017940 , RMSE:0.133941 , MAE:0.099041 , MAPD:0.550911, R_squared:0.999677

2024-03-21 06:05:58,396 Epoch 208/300, Train Loss: 0.016159, Val Loss: 0.012291  
	Train = MSE:0.016161 , RMSE:0.127126 , MAE:0.096344 , MAPD:0.510315, R_squared:0.999720  
	Validation = MSE:0.012540 , RMSE:0.111984 , MAE:0.080026 , MAPD:0.438049, R_squared:0.999774

2024-03-21 06:06:06,038 Epoch 209/300, Train Loss: 0.021022, Val Loss: 0.058914  
	Train = MSE:0.021026 , RMSE:0.145002 , MAE:0.107898 , MAPD:0.574619, R_squared:0.999636  
	Validation = MSE:0.058474 , RMSE:0.241814 , MAE:0.214508 , MAPD:1.131853, R_squared:0.998948

2024-03-21 06:06:14,569 Epoch 210/300, Train Loss: 0.018612, Val Loss: 0.016315  
	Train = MSE:0.018615 , RMSE:0.136436 , MAE:0.103891 , MAPD:0.545591, R_squared:0.999678  
	Validation = MSE:0.016395 , RMSE:0.128044 , MAE:0.100985 , MAPD:0.561481, R_squared:0.999705

2024-03-21 06:06:20,819 Epoch 211/300, Train Loss: 0.012021, Val Loss: 0.013984  
	Train = MSE:0.012023 , RMSE:0.109650 , MAE:0.083548 , MAPD:0.445049, R_squared:0.999792  
	Validation = MSE:0.014140 , RMSE:0.118910 , MAE:0.088764 , MAPD:0.525670, R_squared:0.999746

2024-03-21 06:06:28,464 Epoch 212/300, Train Loss: 0.013358, Val Loss: 0.013616  
	Train = MSE:0.013357 , RMSE:0.115574 , MAE:0.088334 , MAPD:0.469034, R_squared:0.999769  
	Validation = MSE:0.013868 , RMSE:0.117762 , MAE:0.084282 , MAPD:0.470308, R_squared:0.999750

2024-03-21 06:06:33,805 Epoch 213/300, Train Loss: 0.013490, Val Loss: 0.012768  
	Train = MSE:0.013490 , RMSE:0.116145 , MAE:0.088643 , MAPD:0.468006, R_squared:0.999766  
	Validation = MSE:0.012964 , RMSE:0.113859 , MAE:0.082188 , MAPD:0.458897, R_squared:0.999767

2024-03-21 06:06:40,551 Epoch 214/300, Train Loss: 0.013271, Val Loss: 0.012214  
	Train = MSE:0.013272 , RMSE:0.115203 , MAE:0.087076 , MAPD:0.462504, R_squared:0.999770  
	Validation = MSE:0.012370 , RMSE:0.111219 , MAE:0.076415 , MAPD:0.425780, R_squared:0.999777

2024-03-21 06:06:47,441 Epoch 215/300, Train Loss: 0.010483, Val Loss: 0.012652  
	Train = MSE:0.010484 , RMSE:0.102392 , MAE:0.077020 , MAPD:0.413068, R_squared:0.999819  
	Validation = MSE:0.012901 , RMSE:0.113581 , MAE:0.078460 , MAPD:0.418990, R_squared:0.999768

2024-03-21 06:06:54,174 Epoch 216/300, Train Loss: 0.012018, Val Loss: 0.015249  
	Train = MSE:0.012019 , RMSE:0.109631 , MAE:0.082697 , MAPD:0.441329, R_squared:0.999792  
	Validation = MSE:0.015296 , RMSE:0.123675 , MAE:0.092494 , MAPD:0.483437, R_squared:0.999725

2024-03-21 06:06:59,797 Epoch 217/300, Train Loss: 0.020705, Val Loss: 0.038621  
	Train = MSE:0.020692 , RMSE:0.143848 , MAE:0.108328 , MAPD:0.580470, R_squared:0.999642  
	Validation = MSE:0.038714 , RMSE:0.196759 , MAE:0.171106 , MAPD:1.044942, R_squared:0.999303

2024-03-21 06:07:04,978 Epoch 218/300, Train Loss: 0.018434, Val Loss: 0.012065  
	Train = MSE:0.018437 , RMSE:0.135782 , MAE:0.103995 , MAPD:0.558812, R_squared:0.999681  
	Validation = MSE:0.012227 , RMSE:0.110578 , MAE:0.080810 , MAPD:0.443685, R_squared:0.999780

2024-03-21 06:07:10,491 Epoch 219/300, Train Loss: 0.013533, Val Loss: 0.013233  
	Train = MSE:0.013535 , RMSE:0.116341 , MAE:0.088523 , MAPD:0.465768, R_squared:0.999766  
	Validation = MSE:0.013407 , RMSE:0.115787 , MAE:0.079078 , MAPD:0.437983, R_squared:0.999759

2024-03-21 06:07:15,832 Epoch 220/300, Train Loss: 0.014582, Val Loss: 0.017362  
	Train = MSE:0.014582 , RMSE:0.120756 , MAE:0.092517 , MAPD:0.491950, R_squared:0.999748  
	Validation = MSE:0.017431 , RMSE:0.132028 , MAE:0.105826 , MAPD:0.603237, R_squared:0.999686

2024-03-21 06:07:21,710 Epoch 221/300, Train Loss: 0.015313, Val Loss: 0.014385  
	Train = MSE:0.015313 , RMSE:0.123746 , MAE:0.095417 , MAPD:0.509919, R_squared:0.999735  
	Validation = MSE:0.014690 , RMSE:0.121201 , MAE:0.086814 , MAPD:0.466844, R_squared:0.999736

2024-03-21 06:07:30,165 Epoch 222/300, Train Loss: 0.012301, Val Loss: 0.011564  
	Train = MSE:0.012301 , RMSE:0.110911 , MAE:0.085105 , MAPD:0.450123, R_squared:0.999787  
	Validation = MSE:0.011690 , RMSE:0.108118 , MAE:0.076899 , MAPD:0.411640, R_squared:0.999790

2024-03-21 06:07:35,325 Epoch 223/300, Train Loss: 0.011765, Val Loss: 0.018171  
	Train = MSE:0.011767 , RMSE:0.108477 , MAE:0.083049 , MAPD:0.446252, R_squared:0.999796  
	Validation = MSE:0.018417 , RMSE:0.135710 , MAE:0.100913 , MAPD:0.549265, R_squared:0.999669

2024-03-21 06:07:40,543 Epoch 224/300, Train Loss: 0.012051, Val Loss: 0.024398  
	Train = MSE:0.012049 , RMSE:0.109769 , MAE:0.082392 , MAPD:0.427653, R_squared:0.999791  
	Validation = MSE:0.024380 , RMSE:0.156142 , MAE:0.124127 , MAPD:0.630226, R_squared:0.999561

2024-03-21 06:07:45,832 Epoch 225/300, Train Loss: 0.013563, Val Loss: 0.021179  
	Train = MSE:0.013558 , RMSE:0.116440 , MAE:0.088264 , MAPD:0.467311, R_squared:0.999765  
	Validation = MSE:0.021228 , RMSE:0.145699 , MAE:0.120966 , MAPD:0.688515, R_squared:0.999618

2024-03-21 06:07:51,282 Epoch 226/300, Train Loss: 0.014811, Val Loss: 0.037242  
	Train = MSE:0.014812 , RMSE:0.121704 , MAE:0.094175 , MAPD:0.502970, R_squared:0.999744  
	Validation = MSE:0.037403 , RMSE:0.193397 , MAE:0.150755 , MAPD:0.721842, R_squared:0.999327

2024-03-21 06:07:58,118 Epoch 227/300, Train Loss: 0.013468, Val Loss: 0.026703  
	Train = MSE:0.013468 , RMSE:0.116052 , MAE:0.089587 , MAPD:0.475148, R_squared:0.999767  
	Validation = MSE:0.026726 , RMSE:0.163480 , MAE:0.139270 , MAPD:0.828360, R_squared:0.999519

2024-03-21 06:08:03,615 Epoch 228/300, Train Loss: 0.014139, Val Loss: 0.010718  
	Train = MSE:0.014141 , RMSE:0.118916 , MAE:0.091031 , MAPD:0.481429, R_squared:0.999755  
	Validation = MSE:0.010930 , RMSE:0.104545 , MAE:0.072487 , MAPD:0.393934, R_squared:0.999803

2024-03-21 06:08:08,805 Epoch 229/300, Train Loss: 0.012182, Val Loss: 0.015927  
	Train = MSE:0.012182 , RMSE:0.110372 , MAE:0.083987 , MAPD:0.445073, R_squared:0.999789  
	Validation = MSE:0.016038 , RMSE:0.126642 , MAE:0.099585 , MAPD:0.575963, R_squared:0.999711

2024-03-21 06:08:13,940 Epoch 230/300, Train Loss: 0.010109, Val Loss: 0.023157  
	Train = MSE:0.010109 , RMSE:0.100545 , MAE:0.075604 , MAPD:0.398811, R_squared:0.999825  
	Validation = MSE:0.023117 , RMSE:0.152043 , MAE:0.117161 , MAPD:0.584171, R_squared:0.999584

2024-03-21 06:08:19,134 Epoch 231/300, Train Loss: 0.013571, Val Loss: 0.022244  
	Train = MSE:0.013568 , RMSE:0.116481 , MAE:0.088684 , MAPD:0.474417, R_squared:0.999765  
	Validation = MSE:0.022389 , RMSE:0.149630 , MAE:0.112868 , MAPD:0.593149, R_squared:0.999597

2024-03-21 06:08:26,165 Epoch 232/300, Train Loss: 0.031522, Val Loss: 0.019355  
	Train = MSE:0.031528 , RMSE:0.177562 , MAE:0.138012 , MAPD:0.726380, R_squared:0.999454  
	Validation = MSE:0.019410 , RMSE:0.139320 , MAE:0.113035 , MAPD:0.674725, R_squared:0.999651

2024-03-21 06:08:31,914 Epoch 233/300, Train Loss: 0.011268, Val Loss: 0.011505  
	Train = MSE:0.011268 , RMSE:0.106150 , MAE:0.080481 , MAPD:0.429079, R_squared:0.999805  
	Validation = MSE:0.011725 , RMSE:0.108280 , MAE:0.077796 , MAPD:0.441990, R_squared:0.999789

2024-03-21 06:08:37,555 Epoch 234/300, Train Loss: 0.010133, Val Loss: 0.013871  
	Train = MSE:0.010133 , RMSE:0.100662 , MAE:0.075617 , MAPD:0.400932, R_squared:0.999825  
	Validation = MSE:0.014085 , RMSE:0.118681 , MAE:0.088066 , MAPD:0.495254, R_squared:0.999747

2024-03-21 06:08:42,729 Epoch 235/300, Train Loss: 0.011864, Val Loss: 0.013459  
	Train = MSE:0.011865 , RMSE:0.108925 , MAE:0.082856 , MAPD:0.439717, R_squared:0.999795  
	Validation = MSE:0.013713 , RMSE:0.117102 , MAE:0.082967 , MAPD:0.434202, R_squared:0.999753

2024-03-21 06:08:47,908 Epoch 236/300, Train Loss: 0.014141, Val Loss: 0.043126  
	Train = MSE:0.014136 , RMSE:0.118893 , MAE:0.089795 , MAPD:0.468948, R_squared:0.999755  
	Validation = MSE:0.042883 , RMSE:0.207082 , MAE:0.177168 , MAPD:1.047187, R_squared:0.999228

2024-03-21 06:08:53,023 Epoch 237/300, Train Loss: 0.017732, Val Loss: 0.010593  
	Train = MSE:0.017736 , RMSE:0.133177 , MAE:0.102148 , MAPD:0.550472, R_squared:0.999693  
	Validation = MSE:0.010844 , RMSE:0.104135 , MAE:0.071165 , MAPD:0.390927, R_squared:0.999805

2024-03-21 06:08:58,224 Epoch 238/300, Train Loss: 0.011530, Val Loss: 0.013626  
	Train = MSE:0.011529 , RMSE:0.107374 , MAE:0.081491 , MAPD:0.433246, R_squared:0.999800  
	Validation = MSE:0.013835 , RMSE:0.117622 , MAE:0.085751 , MAPD:0.456188, R_squared:0.999751

2024-03-21 06:09:03,405 Epoch 239/300, Train Loss: 0.010077, Val Loss: 0.011276  
	Train = MSE:0.010078 , RMSE:0.100391 , MAE:0.074903 , MAPD:0.394719, R_squared:0.999826  
	Validation = MSE:0.011491 , RMSE:0.107197 , MAE:0.073526 , MAPD:0.402030, R_squared:0.999793

2024-03-21 06:09:08,606 Epoch 240/300, Train Loss: 0.010367, Val Loss: 0.014504  
	Train = MSE:0.010366 , RMSE:0.101812 , MAE:0.076593 , MAPD:0.404087, R_squared:0.999821  
	Validation = MSE:0.014787 , RMSE:0.121603 , MAE:0.088012 , MAPD:0.487314, R_squared:0.999734

2024-03-21 06:09:14,233 Epoch 241/300, Train Loss: 0.015790, Val Loss: 0.013711  
	Train = MSE:0.015791 , RMSE:0.125662 , MAE:0.095253 , MAPD:0.506018, R_squared:0.999727  
	Validation = MSE:0.013903 , RMSE:0.117910 , MAE:0.085982 , MAPD:0.468789, R_squared:0.999750

2024-03-21 06:09:20,977 Epoch 242/300, Train Loss: 0.018868, Val Loss: 0.013846  
	Train = MSE:0.018869 , RMSE:0.137365 , MAE:0.106406 , MAPD:0.563671, R_squared:0.999673  
	Validation = MSE:0.014077 , RMSE:0.118647 , MAE:0.084409 , MAPD:0.461880, R_squared:0.999747

2024-03-21 06:09:27,723 Epoch 243/300, Train Loss: 0.011920, Val Loss: 0.019570  
	Train = MSE:0.011921 , RMSE:0.109184 , MAE:0.083738 , MAPD:0.442417, R_squared:0.999794  
	Validation = MSE:0.019814 , RMSE:0.140764 , MAE:0.103439 , MAPD:0.512082, R_squared:0.999643

2024-03-21 06:09:32,954 Epoch 244/300, Train Loss: 0.014274, Val Loss: 0.021553  
	Train = MSE:0.014275 , RMSE:0.119478 , MAE:0.091267 , MAPD:0.483921, R_squared:0.999753  
	Validation = MSE:0.021675 , RMSE:0.147226 , MAE:0.113013 , MAPD:0.614014, R_squared:0.999610

2024-03-21 06:09:38,140 Epoch 245/300, Train Loss: 0.017314, Val Loss: 0.020830  
	Train = MSE:0.017316 , RMSE:0.131589 , MAE:0.102096 , MAPD:0.539212, R_squared:0.999700  
	Validation = MSE:0.020993 , RMSE:0.144889 , MAE:0.105192 , MAPD:0.536840, R_squared:0.999622

2024-03-21 06:09:43,302 Epoch 246/300, Train Loss: 0.011629, Val Loss: 0.010868  
	Train = MSE:0.011630 , RMSE:0.107843 , MAE:0.082619 , MAPD:0.440096, R_squared:0.999799  
	Validation = MSE:0.011094 , RMSE:0.105329 , MAE:0.072294 , MAPD:0.392871, R_squared:0.999800

2024-03-21 06:09:49,001 Epoch 247/300, Train Loss: 0.009271, Val Loss: 0.015466  
	Train = MSE:0.009272 , RMSE:0.096293 , MAE:0.071692 , MAPD:0.377710, R_squared:0.999839  
	Validation = MSE:0.015533 , RMSE:0.124632 , MAE:0.091003 , MAPD:0.462440, R_squared:0.999720

2024-03-21 06:09:54,743 Epoch 248/300, Train Loss: 0.010154, Val Loss: 0.020675  
	Train = MSE:0.010155 , RMSE:0.100770 , MAE:0.074936 , MAPD:0.397785, R_squared:0.999824  
	Validation = MSE:0.020663 , RMSE:0.143746 , MAE:0.112632 , MAPD:0.579925, R_squared:0.999628

2024-03-21 06:10:01,366 Epoch 249/300, Train Loss: 0.012025, Val Loss: 0.014684  
	Train = MSE:0.012024 , RMSE:0.109656 , MAE:0.082372 , MAPD:0.439309, R_squared:0.999792  
	Validation = MSE:0.014908 , RMSE:0.122098 , MAE:0.092910 , MAPD:0.507463, R_squared:0.999732

2024-03-21 06:10:06,682 Epoch 250/300, Train Loss: 0.010539, Val Loss: 0.014353  
	Train = MSE:0.010537 , RMSE:0.102652 , MAE:0.077921 , MAPD:0.418296, R_squared:0.999818  
	Validation = MSE:0.014508 , RMSE:0.120447 , MAE:0.089804 , MAPD:0.505315, R_squared:0.999739

2024-03-21 06:10:11,894 Epoch 251/300, Train Loss: 0.034133, Val Loss: 0.014526  
	Train = MSE:0.034125 , RMSE:0.184729 , MAE:0.141243 , MAPD:0.751416, R_squared:0.999409  
	Validation = MSE:0.014745 , RMSE:0.121428 , MAE:0.088334 , MAPD:0.464202, R_squared:0.999735

2024-03-21 06:10:18,845 Epoch 252/300, Train Loss: 0.013496, Val Loss: 0.010616  
	Train = MSE:0.013498 , RMSE:0.116183 , MAE:0.087785 , MAPD:0.463473, R_squared:0.999766  
	Validation = MSE:0.010826 , RMSE:0.104049 , MAE:0.071450 , MAPD:0.393441, R_squared:0.999805

2024-03-21 06:10:24,947 Epoch 253/300, Train Loss: 0.009778, Val Loss: 0.021925  
	Train = MSE:0.009779 , RMSE:0.098887 , MAE:0.074591 , MAPD:0.395295, R_squared:0.999831  
	Validation = MSE:0.022016 , RMSE:0.148377 , MAE:0.123500 , MAPD:0.704511, R_squared:0.999604

2024-03-21 06:10:32,081 Epoch 254/300, Train Loss: 0.011455, Val Loss: 0.010800  
	Train = MSE:0.011457 , RMSE:0.107037 , MAE:0.081318 , MAPD:0.431948, R_squared:0.999802  
	Validation = MSE:0.010979 , RMSE:0.104779 , MAE:0.074364 , MAPD:0.404428, R_squared:0.999802

2024-03-21 06:10:37,434 Epoch 255/300, Train Loss: 0.010753, Val Loss: 0.013894  
	Train = MSE:0.010755 , RMSE:0.103707 , MAE:0.078182 , MAPD:0.411056, R_squared:0.999814  
	Validation = MSE:0.014083 , RMSE:0.118671 , MAE:0.085119 , MAPD:0.486101, R_squared:0.999747

2024-03-21 06:10:42,568 Epoch 256/300, Train Loss: 0.012175, Val Loss: 0.014170  
	Train = MSE:0.012176 , RMSE:0.110345 , MAE:0.084676 , MAPD:0.451101, R_squared:0.999789  
	Validation = MSE:0.014266 , RMSE:0.119438 , MAE:0.084848 , MAPD:0.444019, R_squared:0.999743

2024-03-21 06:10:47,803 Epoch 257/300, Train Loss: 0.013984, Val Loss: 0.018434  
	Train = MSE:0.013984 , RMSE:0.118254 , MAE:0.091250 , MAPD:0.489373, R_squared:0.999758  
	Validation = MSE:0.018636 , RMSE:0.136514 , MAE:0.109018 , MAPD:0.618971, R_squared:0.999665

2024-03-21 06:10:52,976 Epoch 258/300, Train Loss: 0.010833, Val Loss: 0.013281  
	Train = MSE:0.010834 , RMSE:0.104085 , MAE:0.079200 , MAPD:0.424466, R_squared:0.999812  
	Validation = MSE:0.013418 , RMSE:0.115835 , MAE:0.082308 , MAPD:0.424582, R_squared:0.999759

2024-03-21 06:10:58,164 Epoch 259/300, Train Loss: 0.017473, Val Loss: 0.025500  
	Train = MSE:0.017470 , RMSE:0.132172 , MAE:0.102013 , MAPD:0.536138, R_squared:0.999698  
	Validation = MSE:0.025944 , RMSE:0.161073 , MAE:0.130015 , MAPD:0.730316, R_squared:0.999533

2024-03-21 06:11:03,756 Epoch 260/300, Train Loss: 0.012712, Val Loss: 0.011936  
	Train = MSE:0.012713 , RMSE:0.112753 , MAE:0.086808 , MAPD:0.463151, R_squared:0.999780  
	Validation = MSE:0.012147 , RMSE:0.110211 , MAE:0.079352 , MAPD:0.449012, R_squared:0.999781

2024-03-21 06:11:10,066 Epoch 261/300, Train Loss: 0.013110, Val Loss: 0.013690  
	Train = MSE:0.013112 , RMSE:0.114508 , MAE:0.087245 , MAPD:0.465079, R_squared:0.999773  
	Validation = MSE:0.014042 , RMSE:0.118498 , MAE:0.085350 , MAPD:0.469135, R_squared:0.999747

2024-03-21 06:11:18,026 Epoch 262/300, Train Loss: 0.009661, Val Loss: 0.014756  
	Train = MSE:0.009662 , RMSE:0.098297 , MAE:0.073571 , MAPD:0.392425, R_squared:0.999833  
	Validation = MSE:0.015003 , RMSE:0.122485 , MAE:0.090249 , MAPD:0.516440, R_squared:0.999730

2024-03-21 06:11:23,125 Epoch 263/300, Train Loss: 0.014279, Val Loss: 0.022183  
	Train = MSE:0.014279 , RMSE:0.119495 , MAE:0.091595 , MAPD:0.480484, R_squared:0.999753  
	Validation = MSE:0.022155 , RMSE:0.148846 , MAE:0.122597 , MAPD:0.690527, R_squared:0.999601

2024-03-21 06:11:28,329 Epoch 264/300, Train Loss: 0.016829, Val Loss: 0.030396  
	Train = MSE:0.016831 , RMSE:0.129734 , MAE:0.100749 , MAPD:0.528960, R_squared:0.999709  
	Validation = MSE:0.030361 , RMSE:0.174245 , MAE:0.148532 , MAPD:0.910960, R_squared:0.999454

2024-03-21 06:11:33,623 Epoch 265/300, Train Loss: 0.017929, Val Loss: 0.013452  
	Train = MSE:0.017933 , RMSE:0.133912 , MAE:0.102230 , MAPD:0.543979, R_squared:0.999690  
	Validation = MSE:0.013583 , RMSE:0.116546 , MAE:0.083360 , MAPD:0.444252, R_squared:0.999756

2024-03-21 06:11:38,989 Epoch 266/300, Train Loss: 0.010686, Val Loss: 0.020034  
	Train = MSE:0.010686 , RMSE:0.103371 , MAE:0.077807 , MAPD:0.414011, R_squared:0.999815  
	Validation = MSE:0.020260 , RMSE:0.142337 , MAE:0.104258 , MAPD:0.517343, R_squared:0.999635

2024-03-21 06:11:45,824 Epoch 267/300, Train Loss: 0.012347, Val Loss: 0.012915  
	Train = MSE:0.012347 , RMSE:0.111116 , MAE:0.084748 , MAPD:0.446876, R_squared:0.999786  
	Validation = MSE:0.013101 , RMSE:0.114459 , MAE:0.082835 , MAPD:0.466465, R_squared:0.999764

2024-03-21 06:11:51,061 Epoch 268/300, Train Loss: 0.012474, Val Loss: 0.011016  
	Train = MSE:0.012475 , RMSE:0.111693 , MAE:0.086017 , MAPD:0.458095, R_squared:0.999784  
	Validation = MSE:0.011246 , RMSE:0.106049 , MAE:0.076924 , MAPD:0.425598, R_squared:0.999798

2024-03-21 06:11:56,327 Epoch 269/300, Train Loss: 0.010362, Val Loss: 0.016994  
	Train = MSE:0.010363 , RMSE:0.101800 , MAE:0.076881 , MAPD:0.407722, R_squared:0.999821  
	Validation = MSE:0.017164 , RMSE:0.131012 , MAE:0.098025 , MAPD:0.498986, R_squared:0.999691

2024-03-21 06:12:01,543 Epoch 270/300, Train Loss: 0.012247, Val Loss: 0.020169  
	Train = MSE:0.012247 , RMSE:0.110667 , MAE:0.085268 , MAPD:0.454481, R_squared:0.999788  
	Validation = MSE:0.020529 , RMSE:0.143279 , MAE:0.113787 , MAPD:0.631901, R_squared:0.999631

2024-03-21 06:12:06,762 Epoch 271/300, Train Loss: 0.014665, Val Loss: 0.013405  
	Train = MSE:0.014666 , RMSE:0.121102 , MAE:0.093026 , MAPD:0.495200, R_squared:0.999746  
	Validation = MSE:0.013668 , RMSE:0.116910 , MAE:0.085729 , MAPD:0.469309, R_squared:0.999754

2024-03-21 06:12:14,525 Epoch 272/300, Train Loss: 0.013991, Val Loss: 0.011460  
	Train = MSE:0.013993 , RMSE:0.118293 , MAE:0.090113 , MAPD:0.480322, R_squared:0.999758  
	Validation = MSE:0.011721 , RMSE:0.108265 , MAE:0.077189 , MAPD:0.435195, R_squared:0.999789

2024-03-21 06:12:19,763 Epoch 273/300, Train Loss: 0.009509, Val Loss: 0.012944  
	Train = MSE:0.009511 , RMSE:0.097523 , MAE:0.073440 , MAPD:0.390491, R_squared:0.999835  
	Validation = MSE:0.013083 , RMSE:0.114382 , MAE:0.082600 , MAPD:0.458399, R_squared:0.999765

2024-03-21 06:12:25,215 Epoch 274/300, Train Loss: 0.014445, Val Loss: 0.013665  
	Train = MSE:0.014445 , RMSE:0.120186 , MAE:0.092654 , MAPD:0.490486, R_squared:0.999750  
	Validation = MSE:0.013863 , RMSE:0.117741 , MAE:0.083330 , MAPD:0.457781, R_squared:0.999751

2024-03-21 06:12:30,555 Epoch 275/300, Train Loss: 0.008566, Val Loss: 0.011963  
	Train = MSE:0.008565 , RMSE:0.092549 , MAE:0.069915 , MAPD:0.372713, R_squared:0.999852  
	Validation = MSE:0.012131 , RMSE:0.110141 , MAE:0.080244 , MAPD:0.447290, R_squared:0.999782

2024-03-21 06:12:35,728 Epoch 276/300, Train Loss: 0.010074, Val Loss: 0.010965  
	Train = MSE:0.010073 , RMSE:0.100363 , MAE:0.075778 , MAPD:0.400653, R_squared:0.999826  
	Validation = MSE:0.011237 , RMSE:0.106004 , MAE:0.073012 , MAPD:0.398795, R_squared:0.999798

2024-03-21 06:12:41,390 Epoch 277/300, Train Loss: 0.014302, Val Loss: 0.028473  
	Train = MSE:0.014304 , RMSE:0.119598 , MAE:0.092141 , MAPD:0.489029, R_squared:0.999752  
	Validation = MSE:0.028610 , RMSE:0.169144 , MAE:0.125648 , MAPD:0.589734, R_squared:0.999485

2024-03-21 06:12:47,393 Epoch 278/300, Train Loss: 0.010791, Val Loss: 0.011731  
	Train = MSE:0.010790 , RMSE:0.103877 , MAE:0.078699 , MAPD:0.418901, R_squared:0.999813  
	Validation = MSE:0.011961 , RMSE:0.109365 , MAE:0.077541 , MAPD:0.417239, R_squared:0.999785

2024-03-21 06:12:53,357 Epoch 279/300, Train Loss: 0.015996, Val Loss: 0.012112  
	Train = MSE:0.015999 , RMSE:0.126486 , MAE:0.099087 , MAPD:0.523451, R_squared:0.999723  
	Validation = MSE:0.012296 , RMSE:0.110888 , MAE:0.077075 , MAPD:0.424930, R_squared:0.999779

2024-03-21 06:13:00,382 Epoch 280/300, Train Loss: 0.010571, Val Loss: 0.011994  
	Train = MSE:0.010569 , RMSE:0.102804 , MAE:0.079067 , MAPD:0.418858, R_squared:0.999817  
	Validation = MSE:0.012192 , RMSE:0.110417 , MAE:0.081324 , MAPD:0.451062, R_squared:0.999781

2024-03-21 06:13:05,910 Epoch 281/300, Train Loss: 0.011708, Val Loss: 0.010732  
	Train = MSE:0.011709 , RMSE:0.108207 , MAE:0.082641 , MAPD:0.439478, R_squared:0.999797  
	Validation = MSE:0.010960 , RMSE:0.104688 , MAE:0.071669 , MAPD:0.393113, R_squared:0.999803

2024-03-21 06:13:12,596 Epoch 282/300, Train Loss: 0.013003, Val Loss: 0.018106  
	Train = MSE:0.013002 , RMSE:0.114027 , MAE:0.088196 , MAPD:0.469402, R_squared:0.999775  
	Validation = MSE:0.018114 , RMSE:0.134588 , MAE:0.093582 , MAPD:0.459288, R_squared:0.999674

2024-03-21 06:13:18,039 Epoch 283/300, Train Loss: 0.017602, Val Loss: 0.016039  
	Train = MSE:0.017602 , RMSE:0.132673 , MAE:0.102631 , MAPD:0.544481, R_squared:0.999695  
	Validation = MSE:0.015985 , RMSE:0.126430 , MAE:0.089129 , MAPD:0.452194, R_squared:0.999712

2024-03-21 06:13:23,823 Epoch 284/300, Train Loss: 0.014842, Val Loss: 0.013575  
	Train = MSE:0.014843 , RMSE:0.121832 , MAE:0.091750 , MAPD:0.487704, R_squared:0.999743  
	Validation = MSE:0.013751 , RMSE:0.117264 , MAE:0.082430 , MAPD:0.433475, R_squared:0.999753

2024-03-21 06:13:29,028 Epoch 285/300, Train Loss: 0.009856, Val Loss: 0.010862  
	Train = MSE:0.009854 , RMSE:0.099268 , MAE:0.074252 , MAPD:0.396040, R_squared:0.999829  
	Validation = MSE:0.011037 , RMSE:0.105059 , MAE:0.073629 , MAPD:0.406484, R_squared:0.999801

2024-03-21 06:13:34,697 Epoch 286/300, Train Loss: 0.009762, Val Loss: 0.013803  
	Train = MSE:0.009759 , RMSE:0.098788 , MAE:0.074702 , MAPD:0.396045, R_squared:0.999831  
	Validation = MSE:0.013998 , RMSE:0.118313 , MAE:0.086594 , MAPD:0.490721, R_squared:0.999748

2024-03-21 06:13:39,852 Epoch 287/300, Train Loss: 0.016849, Val Loss: 0.017607  
	Train = MSE:0.016849 , RMSE:0.129803 , MAE:0.098833 , MAPD:0.529606, R_squared:0.999708  
	Validation = MSE:0.017813 , RMSE:0.133466 , MAE:0.105439 , MAPD:0.577615, R_squared:0.999679

2024-03-21 06:13:45,030 Epoch 288/300, Train Loss: 0.011003, Val Loss: 0.017962  
	Train = MSE:0.011003 , RMSE:0.104894 , MAE:0.078821 , MAPD:0.418591, R_squared:0.999810  
	Validation = MSE:0.018094 , RMSE:0.134513 , MAE:0.107685 , MAPD:0.595481, R_squared:0.999674

2024-03-21 06:13:50,538 Epoch 289/300, Train Loss: 0.012627, Val Loss: 0.012331  
	Train = MSE:0.012629 , RMSE:0.112379 , MAE:0.084786 , MAPD:0.449889, R_squared:0.999781  
	Validation = MSE:0.012530 , RMSE:0.111937 , MAE:0.078832 , MAPD:0.440873, R_squared:0.999775

2024-03-21 06:13:56,419 Epoch 290/300, Train Loss: 0.012848, Val Loss: 0.018469  
	Train = MSE:0.012849 , RMSE:0.113352 , MAE:0.086984 , MAPD:0.466264, R_squared:0.999778  
	Validation = MSE:0.018611 , RMSE:0.136421 , MAE:0.109831 , MAPD:0.604771, R_squared:0.999665

2024-03-21 06:14:02,364 Epoch 291/300, Train Loss: 0.012351, Val Loss: 0.016628  
	Train = MSE:0.012352 , RMSE:0.111139 , MAE:0.084350 , MAPD:0.452176, R_squared:0.999786  
	Validation = MSE:0.016743 , RMSE:0.129394 , MAE:0.098066 , MAPD:0.580464, R_squared:0.999699

2024-03-21 06:14:11,291 Epoch 292/300, Train Loss: 0.010336, Val Loss: 0.010761  
	Train = MSE:0.010335 , RMSE:0.101660 , MAE:0.076945 , MAPD:0.410071, R_squared:0.999821  
	Validation = MSE:0.010978 , RMSE:0.104777 , MAE:0.073921 , MAPD:0.407650, R_squared:0.999802

2024-03-21 06:14:17,365 Epoch 293/300, Train Loss: 0.009559, Val Loss: 0.011312  
	Train = MSE:0.009560 , RMSE:0.097774 , MAE:0.073784 , MAPD:0.391870, R_squared:0.999835  
	Validation = MSE:0.011508 , RMSE:0.107274 , MAE:0.076471 , MAPD:0.423810, R_squared:0.999793

2024-03-21 06:14:23,024 Epoch 294/300, Train Loss: 0.010536, Val Loss: 0.012981  
	Train = MSE:0.010533 , RMSE:0.102633 , MAE:0.078234 , MAPD:0.417055, R_squared:0.999818  
	Validation = MSE:0.013163 , RMSE:0.114730 , MAE:0.084551 , MAPD:0.474302, R_squared:0.999763

2024-03-21 06:14:28,713 Epoch 295/300, Train Loss: 0.011898, Val Loss: 0.016796  
	Train = MSE:0.011899 , RMSE:0.109083 , MAE:0.082905 , MAPD:0.441767, R_squared:0.999794  
	Validation = MSE:0.017023 , RMSE:0.130471 , MAE:0.097853 , MAPD:0.560515, R_squared:0.999694

2024-03-21 06:14:34,284 Epoch 296/300, Train Loss: 0.016160, Val Loss: 0.030546  
	Train = MSE:0.016158 , RMSE:0.127113 , MAE:0.097242 , MAPD:0.518016, R_squared:0.999720  
	Validation = MSE:0.030751 , RMSE:0.175359 , MAE:0.146362 , MAPD:0.796453, R_squared:0.999447

2024-03-21 06:14:39,402 Epoch 297/300, Train Loss: 0.011941, Val Loss: 0.015913  
	Train = MSE:0.011943 , RMSE:0.109284 , MAE:0.083137 , MAPD:0.440326, R_squared:0.999793  
	Validation = MSE:0.016124 , RMSE:0.126981 , MAE:0.094624 , MAPD:0.500186, R_squared:0.999710

2024-03-21 06:14:44,533 Epoch 298/300, Train Loss: 0.010871, Val Loss: 0.023659  
	Train = MSE:0.010872 , RMSE:0.104270 , MAE:0.078881 , MAPD:0.419132, R_squared:0.999812  
	Validation = MSE:0.023748 , RMSE:0.154103 , MAE:0.116648 , MAPD:0.598680, R_squared:0.999573

2024-03-21 06:14:50,138 Epoch 299/300, Train Loss: 0.012744, Val Loss: 0.016014  
	Train = MSE:0.012743 , RMSE:0.112886 , MAE:0.086867 , MAPD:0.463045, R_squared:0.999779  
	Validation = MSE:0.016125 , RMSE:0.126983 , MAE:0.101625 , MAPD:0.591762, R_squared:0.999710

2024-03-21 06:14:55,727 Epoch 300/300, Train Loss: 0.012848, Val Loss: 0.012607  
	Train = MSE:0.012848 , RMSE:0.113347 , MAE:0.087534 , MAPD:0.459662, R_squared:0.999778  
	Validation = MSE:0.012730 , RMSE:0.112825 , MAE:0.077496 , MAPD:0.408269, R_squared:0.999771

2024-03-21 06:14:55,732 Time for training the model: 1632.950001
2024-03-21 06:14:58,586 MSE for train: 0.009033
2024-03-21 06:14:58,586 RMSE for train: 0.095041
2024-03-21 06:14:58,587 MAE for train: 0.068857
2024-03-21 06:14:58,587 MAPD for train: 0.341700
2024-03-21 06:14:58,587 R^2 Score for train: 0.999844
2024-03-21 06:14:58,591 Inference time for train dataset: 1.949999

2024-03-21 06:14:58,857 MSE for val: 0.012730
2024-03-21 06:14:58,857 RMSE for val: 0.112825
2024-03-21 06:14:58,857 MAE for val: 0.077496
2024-03-21 06:14:58,857 MAPD for val: 0.408269
2024-03-21 06:14:58,857 R^2 Score for val: 0.999771
2024-03-21 06:14:58,861 Inference time for val dataset: 0.266000

2024-03-21 06:14:59,099 MSE for test: 0.013861
2024-03-21 06:14:59,099 RMSE for test: 0.117733
2024-03-21 06:14:59,099 MAE for test: 0.080650
2024-03-21 06:14:59,099 MAPD for test: 0.396825
2024-03-21 06:14:59,099 R^2 Score for test: 0.999771
2024-03-21 06:14:59,105 Inference time for test dataset: 0.238000

2024-03-21 06:15:01,098 Train label average: , [20.62097221]
2024-03-21 06:15:01,099 Test label average: , [21.41736175]
2024-03-21 06:15:01,099 validation label average: , [20.14607025]
2024-03-21 06:15:01,099 predicted (on validation dataset) values average: , 21.381435546875
