2024-03-21 07:34:40,525 train batches in dataset: 13
2024-03-21 07:34:40,526 val batches in dataset: 2
2024-03-21 07:34:40,526 test batches in dataset: 2
2024-03-21 07:34:40,541 Trainable parameter: net_core.0.weight - size: torch.Size([256, 35])
2024-03-21 07:34:40,547 Trainable parameter: net_core.0.bias - size: torch.Size([256])
2024-03-21 07:34:40,553 Trainable parameter: net_core.1.weight - size: torch.Size([128, 256])
2024-03-21 07:34:40,558 Trainable parameter: net_core.1.bias - size: torch.Size([128])
2024-03-21 07:34:40,562 Trainable parameter: net_core.2.weight - size: torch.Size([64, 128])
2024-03-21 07:34:40,568 Trainable parameter: net_core.2.bias - size: torch.Size([64])
2024-03-21 07:34:40,575 Trainable parameter: net_core.3.weight - size: torch.Size([16, 64])
2024-03-21 07:34:40,575 Trainable parameter: net_core.3.bias - size: torch.Size([16])
2024-03-21 07:34:40,576 Trainable parameter: net_core.4.weight - size: torch.Size([1, 16])
2024-03-21 07:34:40,576 Trainable parameter: net_core.4.bias - size: torch.Size([1])
2024-03-21 07:34:40,576 Number of trainable parameters: 51425
2024-03-21 07:34:40,576 Number of non-trainable parameters: 0
2024-03-21 07:34:42,557 Epoch 1/300, Train Loss: 529.588902, Val Loss: 506.119385  
	Train = MSE:529.406128 , RMSE:23.008827 , MAE:21.730043 , MAPD:106.200925, R_squared:-8.164110  
	Validation = MSE:502.393188 , RMSE:22.414129 , MAE:21.152372 , MAPD:105.749712, R_squared:-8.040085

2024-03-21 07:34:44,732 Epoch 2/300, Train Loss: 523.002965, Val Loss: 498.206955  
	Train = MSE:521.281555 , RMSE:22.831591 , MAE:21.542101 , MAPD:105.160327, R_squared:-8.023472  
	Validation = MSE:494.510620 , RMSE:22.237595 , MAE:20.965843 , MAPD:104.701695, R_squared:-7.898245

2024-03-21 07:34:45,731 Epoch 3/300, Train Loss: 514.801028, Val Loss: 490.623383  
	Train = MSE:513.311218 , RMSE:22.656372 , MAE:21.357449 , MAPD:104.147971, R_squared:-7.885504  
	Validation = MSE:486.954559 , RMSE:22.067047 , MAE:20.785551 , MAPD:103.689696, R_squared:-7.762282

2024-03-21 07:34:46,450 Epoch 4/300, Train Loss: 505.839804, Val Loss: 483.880112  
	Train = MSE:505.954620 , RMSE:22.493435 , MAE:21.185524 , MAPD:103.203671, R_squared:-7.758161  
	Validation = MSE:480.236786 , RMSE:21.914305 , MAE:20.624321 , MAPD:102.786908, R_squared:-7.641401

2024-03-21 07:34:47,198 Epoch 5/300, Train Loss: 497.486593, Val Loss: 477.403549  
	Train = MSE:499.220215 , RMSE:22.343237 , MAE:21.027020 , MAPD:102.334151, R_squared:-7.641588  
	Validation = MSE:473.784302 , RMSE:21.766586 , MAE:20.468328 , MAPD:101.913044, R_squared:-7.525295

2024-03-21 07:34:47,927 Epoch 6/300, Train Loss: 494.491260, Val Loss: 471.068802  
	Train = MSE:492.682556 , RMSE:22.196453 , MAE:20.871967 , MAPD:101.482547, R_squared:-7.528419  
	Validation = MSE:467.474426 , RMSE:21.621157 , MAE:20.314587 , MAPD:101.051525, R_squared:-7.411754

2024-03-21 07:34:48,671 Epoch 7/300, Train Loss: 485.400834, Val Loss: 464.832153  
	Train = MSE:486.266449 , RMSE:22.051451 , MAE:20.718740 , MAPD:100.641686, R_squared:-7.417355  
	Validation = MSE:461.262970 , RMSE:21.477034 , MAE:20.162188 , MAPD:100.198045, R_squared:-7.299986

2024-03-21 07:34:49,435 Epoch 8/300, Train Loss: 480.981542, Val Loss: 458.682327  
	Train = MSE:479.935303 , RMSE:21.907425 , MAE:20.566872 , MAPD:99.811405, R_squared:-7.307761  
	Validation = MSE:455.140198 , RMSE:21.334015 , MAE:20.010923 , MAPD:99.351504, R_squared:-7.189812

2024-03-21 07:34:50,423 Epoch 9/300, Train Loss: 473.949606, Val Loss: 452.556076  
	Train = MSE:473.692474 , RMSE:21.764477 , MAE:20.415167 , MAPD:98.975633, R_squared:-7.199697  
	Validation = MSE:449.039886 , RMSE:21.190561 , MAE:19.859289 , MAPD:98.504124, R_squared:-7.080043

2024-03-21 07:34:51,236 Epoch 10/300, Train Loss: 465.106983, Val Loss: 446.450516  
	Train = MSE:467.458618 , RMSE:21.620790 , MAE:20.263323 , MAPD:98.144310, R_squared:-7.091788  
	Validation = MSE:442.961090 , RMSE:21.046640 , MAE:19.707333 , MAPD:97.656447, R_squared:-6.970660

2024-03-21 07:34:51,951 Epoch 11/300, Train Loss: 461.969386, Val Loss: 440.449371  
	Train = MSE:461.232300 , RMSE:21.476320 , MAE:20.111040 , MAPD:97.314503, R_squared:-6.984010  
	Validation = MSE:436.988129 , RMSE:20.904261 , MAE:19.555403 , MAPD:96.803704, R_squared:-6.863182

2024-03-21 07:34:54,056 Epoch 12/300, Train Loss: 454.878197, Val Loss: 435.021942  
	Train = MSE:455.276581 , RMSE:21.337212 , MAE:19.961168 , MAPD:96.484940, R_squared:-6.880915  
	Validation = MSE:431.573761 , RMSE:20.774353 , MAE:19.410578 , MAPD:95.966789, R_squared:-6.765757

2024-03-21 07:34:54,752 Epoch 13/300, Train Loss: 450.236384, Val Loss: 430.857697  
	Train = MSE:450.343262 , RMSE:21.221292 , MAE:19.829134 , MAPD:95.721707, R_squared:-6.795519  
	Validation = MSE:427.416107 , RMSE:20.674044 , MAE:19.294485 , MAPD:95.273846, R_squared:-6.690944

2024-03-21 07:34:55,602 Epoch 14/300, Train Loss: 447.723044, Val Loss: 427.728668  
	Train = MSE:446.655518 , RMSE:21.134226 , MAE:19.729000 , MAPD:95.134628, R_squared:-6.731683  
	Validation = MSE:424.291473 , RMSE:20.598337 , MAE:19.209406 , MAPD:94.771943, R_squared:-6.634719

2024-03-21 07:34:56,542 Epoch 15/300, Train Loss: 442.276243, Val Loss: 424.847137  
	Train = MSE:443.612640 , RMSE:21.062115 , MAE:19.649546 , MAPD:94.682838, R_squared:-6.679011  
	Validation = MSE:421.420166 , RMSE:20.528521 , MAE:19.133867 , MAPD:94.341549, R_squared:-6.583052

2024-03-21 07:34:57,252 Epoch 16/300, Train Loss: 440.163971, Val Loss: 422.017426  
	Train = MSE:440.707947 , RMSE:20.993046 , MAE:19.574734 , MAPD:94.263787, R_squared:-6.628730  
	Validation = MSE:418.601959 , RMSE:20.459764 , MAE:19.060163 , MAPD:93.926098, R_squared:-6.532341

2024-03-21 07:34:58,092 Epoch 17/300, Train Loss: 438.831214, Val Loss: 419.233932  
	Train = MSE:437.825165 , RMSE:20.924273 , MAE:19.501671 , MAPD:93.863804, R_squared:-6.578828  
	Validation = MSE:415.829071 , RMSE:20.391888 , MAE:18.987581 , MAPD:93.518184, R_squared:-6.482445

2024-03-21 07:34:59,021 Epoch 18/300, Train Loss: 433.793553, Val Loss: 416.446930  
	Train = MSE:434.974823 , RMSE:20.856050 , MAE:19.428810 , MAPD:93.462515, R_squared:-6.529488  
	Validation = MSE:413.052368 , RMSE:20.323690 , MAE:18.914700 , MAPD:93.108943, R_squared:-6.432482

2024-03-21 07:35:00,381 Epoch 19/300, Train Loss: 433.152670, Val Loss: 413.657181  
	Train = MSE:432.122162 , RMSE:20.787548 , MAE:19.355701 , MAPD:93.060531, R_squared:-6.480108  
	Validation = MSE:410.273895 , RMSE:20.255219 , MAE:18.841558 , MAPD:92.698629, R_squared:-6.382486

2024-03-21 07:35:01,887 Epoch 20/300, Train Loss: 431.104518, Val Loss: 410.855499  
	Train = MSE:429.258057 , RMSE:20.718544 , MAE:19.282175 , MAPD:92.656612, R_squared:-6.430530  
	Validation = MSE:407.484467 , RMSE:20.186245 , MAE:18.767918 , MAPD:92.286031, R_squared:-6.332293

2024-03-21 07:35:03,245 Epoch 21/300, Train Loss: 424.778015, Val Loss: 408.041763  
	Train = MSE:426.389404 , RMSE:20.649199 , MAE:19.208067 , MAPD:92.249609, R_squared:-6.380874  
	Validation = MSE:404.682159 , RMSE:20.116713 , MAE:18.693611 , MAPD:91.869621, R_squared:-6.281867

2024-03-21 07:35:05,438 Epoch 22/300, Train Loss: 425.835280, Val Loss: 405.420395  
	Train = MSE:423.584625 , RMSE:20.581171 , MAE:19.135031 , MAPD:91.847540, R_squared:-6.332322  
	Validation = MSE:402.073334 , RMSE:20.051765 , MAE:18.623798 , MAPD:91.477371, R_squared:-6.234925

2024-03-21 07:35:06,342 Epoch 23/300, Train Loss: 420.268597, Val Loss: 402.943069  
	Train = MSE:420.979004 , RMSE:20.517773 , MAE:19.067244 , MAPD:91.475305, R_squared:-6.287218  
	Validation = MSE:399.610321 , RMSE:19.990255 , MAE:18.557775 , MAPD:91.107138, R_squared:-6.190605

2024-03-21 07:35:07,122 Epoch 24/300, Train Loss: 419.761010, Val Loss: 400.478745  
	Train = MSE:418.465912 , RMSE:20.456440 , MAE:19.001614 , MAPD:91.115669, R_squared:-6.243717  
	Validation = MSE:397.159149 , RMSE:19.928852 , MAE:18.492226 , MAPD:90.741257, R_squared:-6.146499

2024-03-21 07:35:07,865 Epoch 25/300, Train Loss: 416.062040, Val Loss: 397.984558  
	Train = MSE:415.941223 , RMSE:20.394638 , MAE:18.935678 , MAPD:90.754759, R_squared:-6.200014  
	Validation = MSE:394.676880 , RMSE:19.866476 , MAE:18.425714 , MAPD:90.370543, R_squared:-6.101832

2024-03-21 07:35:08,749 Epoch 26/300, Train Loss: 414.971365, Val Loss: 395.483795  
	Train = MSE:413.382233 , RMSE:20.331804 , MAE:18.868778 , MAPD:90.389725, R_squared:-6.155717  
	Validation = MSE:392.186829 , RMSE:19.803707 , MAE:18.358589 , MAPD:89.995779, R_squared:-6.057026

2024-03-21 07:35:09,642 Epoch 27/300, Train Loss: 410.337085, Val Loss: 392.975235  
	Train = MSE:410.830078 , RMSE:20.268944 , MAE:18.801323 , MAPD:90.019645, R_squared:-6.111538  
	Validation = MSE:389.688995 , RMSE:19.740541 , MAE:18.290831 , MAPD:89.616527, R_squared:-6.012080

2024-03-21 07:35:10,560 Epoch 28/300, Train Loss: 407.874164, Val Loss: 390.480774  
	Train = MSE:408.267853 , RMSE:20.205639 , MAE:18.733614 , MAPD:89.648890, R_squared:-6.067186  
	Validation = MSE:387.205627 , RMSE:19.677542 , MAE:18.223021 , MAPD:89.235925, R_squared:-5.967394

2024-03-21 07:35:11,451 Epoch 29/300, Train Loss: 404.940768, Val Loss: 387.983398  
	Train = MSE:405.720276 , RMSE:20.142500 , MAE:18.665592 , MAPD:89.273836, R_squared:-6.023087  
	Validation = MSE:384.719452 , RMSE:19.614267 , MAE:18.154835 , MAPD:88.852846, R_squared:-5.922658

2024-03-21 07:35:12,279 Epoch 30/300, Train Loss: 401.619171, Val Loss: 385.490707  
	Train = MSE:403.165222 , RMSE:20.078974 , MAE:18.597248 , MAPD:88.897935, R_squared:-5.978859  
	Validation = MSE:382.238098 , RMSE:19.550911 , MAE:18.086494 , MAPD:88.468486, R_squared:-5.878008

2024-03-21 07:35:13,297 Epoch 31/300, Train Loss: 400.486974, Val Loss: 383.002655  
	Train = MSE:400.616211 , RMSE:20.015400 , MAE:18.528809 , MAPD:88.520968, R_squared:-5.934734  
	Validation = MSE:379.761597 , RMSE:19.487473 , MAE:18.018095 , MAPD:88.084018, R_squared:-5.833446

2024-03-21 07:35:15,264 Epoch 32/300, Train Loss: 399.450677, Val Loss: 380.514923  
	Train = MSE:398.065186 , RMSE:19.951571 , MAE:18.460224 , MAPD:88.144087, R_squared:-5.890576  
	Validation = MSE:377.285736 , RMSE:19.423845 , MAE:17.949520 , MAPD:87.698816, R_squared:-5.788895

2024-03-21 07:35:16,020 Epoch 33/300, Train Loss: 396.390141, Val Loss: 378.025787  
	Train = MSE:395.521973 , RMSE:19.887733 , MAE:18.391502 , MAPD:87.765648, R_squared:-5.846553  
	Validation = MSE:374.809265 , RMSE:19.359991 , MAE:17.880688 , MAPD:87.312268, R_squared:-5.744334

2024-03-21 07:35:16,837 Epoch 34/300, Train Loss: 393.869310, Val Loss: 375.588928  
	Train = MSE:393.004364 , RMSE:19.824337 , MAE:18.323057 , MAPD:87.388200, R_squared:-5.802972  
	Validation = MSE:372.385010 , RMSE:19.297279 , MAE:17.812979 , MAPD:86.931520, R_squared:-5.700712

2024-03-21 07:35:17,852 Epoch 35/300, Train Loss: 390.271219, Val Loss: 373.277832  
	Train = MSE:390.569641 , RMSE:19.762835 , MAE:18.256714 , MAPD:87.022963, R_squared:-5.760827  
	Validation = MSE:370.085632 , RMSE:19.237610 , MAE:17.748499 , MAPD:86.568828, R_squared:-5.659336

2024-03-21 07:35:18,590 Epoch 36/300, Train Loss: 388.799011, Val Loss: 371.076218  
	Train = MSE:388.252045 , RMSE:19.704113 , MAE:18.193457 , MAPD:86.674353, R_squared:-5.720709  
	Validation = MSE:367.895905 , RMSE:19.180613 , MAE:17.686701 , MAPD:86.220419, R_squared:-5.619934

2024-03-21 07:35:19,344 Epoch 37/300, Train Loss: 385.867570, Val Loss: 368.927963  
	Train = MSE:386.028839 , RMSE:19.647617 , MAE:18.132284 , MAPD:86.336619, R_squared:-5.682225  
	Validation = MSE:365.758789 , RMSE:19.124821 , MAE:17.626076 , MAPD:85.878243, R_squared:-5.581479

2024-03-21 07:35:20,095 Epoch 38/300, Train Loss: 383.661959, Val Loss: 366.818283  
	Train = MSE:383.858032 , RMSE:19.592295 , MAE:18.072119 , MAPD:86.003098, R_squared:-5.644648  
	Validation = MSE:363.660248 , RMSE:19.069878 , MAE:17.566336 , MAPD:85.541087, R_squared:-5.543718

2024-03-21 07:35:20,848 Epoch 39/300, Train Loss: 381.336473, Val Loss: 364.733734  
	Train = MSE:381.715851 , RMSE:19.537550 , MAE:18.012749 , MAPD:85.675141, R_squared:-5.607566  
	Validation = MSE:361.586182 , RMSE:19.015419 , MAE:17.507164 , MAPD:85.207435, R_squared:-5.506397

2024-03-21 07:35:21,599 Epoch 40/300, Train Loss: 379.507101, Val Loss: 362.665756  
	Train = MSE:379.595032 , RMSE:19.483198 , MAE:17.953754 , MAPD:85.349031, R_squared:-5.570855  
	Validation = MSE:359.529114 , RMSE:18.961252 , MAE:17.448360 , MAPD:84.876183, R_squared:-5.469382

2024-03-21 07:35:22,349 Epoch 41/300, Train Loss: 377.645780, Val Loss: 360.606659  
	Train = MSE:377.490204 , RMSE:19.429108 , MAE:17.895130 , MAPD:85.025028, R_squared:-5.534419  
	Validation = MSE:357.481293 , RMSE:18.907175 , MAE:17.389662 , MAPD:84.545656, R_squared:-5.432534

2024-03-21 07:35:24,627 Epoch 42/300, Train Loss: 376.818317, Val Loss: 358.549072  
	Train = MSE:375.398926 , RMSE:19.375214 , MAE:17.836443 , MAPD:84.700793, R_squared:-5.498219  
	Validation = MSE:355.434967 , RMSE:18.852983 , MAE:17.330946 , MAPD:84.215571, R_squared:-5.395712

2024-03-21 07:35:25,370 Epoch 43/300, Train Loss: 374.138472, Val Loss: 356.507141  
	Train = MSE:373.295898 , RMSE:19.320868 , MAE:17.778036 , MAPD:84.380899, R_squared:-5.461816  
	Validation = MSE:353.403687 , RMSE:18.799034 , MAE:17.272615 , MAPD:83.888340, R_squared:-5.359160

2024-03-21 07:35:26,110 Epoch 44/300, Train Loss: 372.787187, Val Loss: 354.471268  
	Train = MSE:371.208862 , RMSE:19.266781 , MAE:17.719717 , MAPD:84.060290, R_squared:-5.425688  
	Validation = MSE:351.377380 , RMSE:18.745062 , MAE:17.214270 , MAPD:83.561299, R_squared:-5.322700

2024-03-21 07:35:26,845 Epoch 45/300, Train Loss: 369.621580, Val Loss: 352.429901  
	Train = MSE:369.129883 , RMSE:19.212753 , MAE:17.661293 , MAPD:83.739375, R_squared:-5.389701  
	Validation = MSE:349.346375 , RMSE:18.690809 , MAE:17.155624 , MAPD:83.232854, R_squared:-5.286153

2024-03-21 07:35:27,589 Epoch 46/300, Train Loss: 366.032882, Val Loss: 350.390335  
	Train = MSE:367.043579 , RMSE:19.158381 , MAE:17.602606 , MAPD:83.417494, R_squared:-5.353587  
	Validation = MSE:347.316864 , RMSE:18.636438 , MAE:17.096821 , MAPD:82.903839, R_squared:-5.249635

2024-03-21 07:35:28,319 Epoch 47/300, Train Loss: 364.228009, Val Loss: 348.354202  
	Train = MSE:364.955231 , RMSE:19.103802 , MAE:17.543798 , MAPD:83.095635, R_squared:-5.317437  
	Validation = MSE:345.290344 , RMSE:18.581989 , MAE:17.037868 , MAPD:82.573825, R_squared:-5.213169

2024-03-21 07:35:29,093 Epoch 48/300, Train Loss: 361.945097, Val Loss: 346.307648  
	Train = MSE:362.873932 , RMSE:19.049250 , MAE:17.484617 , MAPD:82.770376, R_squared:-5.281410  
	Validation = MSE:343.253540 , RMSE:18.527103 , MAE:16.978392 , MAPD:82.240720, R_squared:-5.176519

2024-03-21 07:35:30,066 Epoch 49/300, Train Loss: 360.727640, Val Loss: 344.255600  
	Train = MSE:360.777283 , RMSE:18.994139 , MAE:17.425026 , MAPD:82.443436, R_squared:-5.245116  
	Validation = MSE:341.211395 , RMSE:18.471909 , MAE:16.918507 , MAPD:81.904962, R_squared:-5.139772

2024-03-21 07:35:30,868 Epoch 50/300, Train Loss: 356.360145, Val Loss: 342.186295  
	Train = MSE:358.675537 , RMSE:18.938730 , MAE:17.364845 , MAPD:82.112591, R_squared:-5.208734  
	Validation = MSE:339.152100 , RMSE:18.416082 , MAE:16.857956 , MAPD:81.565688, R_squared:-5.102717

2024-03-21 07:35:31,797 Epoch 51/300, Train Loss: 355.325216, Val Loss: 340.109970  
	Train = MSE:356.557129 , RMSE:18.882721 , MAE:17.304132 , MAPD:81.778812, R_squared:-5.172065  
	Validation = MSE:337.085846 , RMSE:18.359898 , MAE:16.796947 , MAPD:81.223617, R_squared:-5.065537

2024-03-21 07:35:34,005 Epoch 52/300, Train Loss: 354.601602, Val Loss: 338.019455  
	Train = MSE:354.425446 , RMSE:18.826191 , MAE:17.242834 , MAPD:81.442001, R_squared:-5.135165  
	Validation = MSE:335.005615 , RMSE:18.303158 , MAE:16.735292 , MAPD:80.877866, R_squared:-5.028106

2024-03-21 07:35:34,764 Epoch 53/300, Train Loss: 351.862159, Val Loss: 335.911514  
	Train = MSE:352.277344 , RMSE:18.769053 , MAE:17.180874 , MAPD:81.101856, R_squared:-5.097981  
	Validation = MSE:332.907898 , RMSE:18.245764 , MAE:16.672951 , MAPD:80.528536, R_squared:-4.990359

2024-03-21 07:35:35,502 Epoch 54/300, Train Loss: 350.026280, Val Loss: 333.789566  
	Train = MSE:350.109070 , RMSE:18.711203 , MAE:17.118206 , MAPD:80.758284, R_squared:-5.060447  
	Validation = MSE:330.796265 , RMSE:18.187805 , MAE:16.609949 , MAPD:80.175398, R_squared:-4.952361

2024-03-21 07:35:36,348 Epoch 55/300, Train Loss: 348.161076, Val Loss: 331.641037  
	Train = MSE:347.933624 , RMSE:18.652979 , MAE:17.054659 , MAPD:80.407581, R_squared:-5.022790  
	Validation = MSE:328.658203 , RMSE:18.128933 , MAE:16.545967 , MAPD:79.816990, R_squared:-4.913889

2024-03-21 07:35:37,367 Epoch 56/300, Train Loss: 346.263916, Val Loss: 329.485382  
	Train = MSE:345.722656 , RMSE:18.593618 , MAE:16.990486 , MAPD:80.056534, R_squared:-4.984518  
	Validation = MSE:326.512909 , RMSE:18.069668 , MAE:16.481510 , MAPD:79.455844, R_squared:-4.875287

2024-03-21 07:35:38,591 Epoch 57/300, Train Loss: 345.115596, Val Loss: 327.308014  
	Train = MSE:343.504028 , RMSE:18.533861 , MAE:16.925613 , MAPD:79.700527, R_squared:-4.946113  
	Validation = MSE:324.346069 , RMSE:18.009611 , MAE:16.416176 , MAPD:79.089915, R_squared:-4.836297

2024-03-21 07:35:39,892 Epoch 58/300, Train Loss: 341.622756, Val Loss: 325.115479  
	Train = MSE:341.257202 , RMSE:18.473148 , MAE:16.859966 , MAPD:79.342213, R_squared:-4.907220  
	Validation = MSE:322.164246 , RMSE:17.948935 , MAE:16.350151 , MAPD:78.720223, R_squared:-4.797037

2024-03-21 07:35:41,057 Epoch 59/300, Train Loss: 338.272637, Val Loss: 322.896225  
	Train = MSE:339.006714 , RMSE:18.412134 , MAE:16.793386 , MAPD:78.975423, R_squared:-4.868264  
	Validation = MSE:319.955780 , RMSE:17.887308 , MAE:16.283052 , MAPD:78.344492, R_squared:-4.757298

2024-03-21 07:35:42,056 Epoch 60/300, Train Loss: 336.595764, Val Loss: 320.688950  
	Train = MSE:336.728455 , RMSE:18.350163 , MAE:16.726131 , MAPD:78.607488, R_squared:-4.828827  
	Validation = MSE:317.757629 , RMSE:17.825758 , MAE:16.215771 , MAPD:77.966947, R_squared:-4.717744

2024-03-21 07:35:42,797 Epoch 61/300, Train Loss: 335.558277, Val Loss: 318.549316  
	Train = MSE:334.494141 , RMSE:18.289181 , MAE:16.659246 , MAPD:78.238100, R_squared:-4.790150  
	Validation = MSE:315.625000 , RMSE:17.765839 , MAE:16.149685 , MAPD:77.594176, R_squared:-4.679370

2024-03-21 07:35:45,008 Epoch 62/300, Train Loss: 331.747704, Val Loss: 316.443115  
	Train = MSE:332.324097 , RMSE:18.229759 , MAE:16.593973 , MAPD:77.878089, R_squared:-4.752586  
	Validation = MSE:313.528351 , RMSE:17.706732 , MAE:16.084820 , MAPD:77.229448, R_squared:-4.641643

2024-03-21 07:35:45,824 Epoch 63/300, Train Loss: 328.855182, Val Loss: 314.335709  
	Train = MSE:330.167694 , RMSE:18.170517 , MAE:16.529242 , MAPD:77.522322, R_squared:-4.715259  
	Validation = MSE:311.431366 , RMSE:17.647419 , MAE:16.020115 , MAPD:76.867437, R_squared:-4.603909

2024-03-21 07:35:46,579 Epoch 64/300, Train Loss: 328.015494, Val Loss: 312.221863  
	Train = MSE:328.001343 , RMSE:18.110807 , MAE:16.464333 , MAPD:77.166450, R_squared:-4.677759  
	Validation = MSE:309.328430 , RMSE:17.587736 , MAE:15.955039 , MAPD:76.503733, R_squared:-4.566068

2024-03-21 07:35:47,363 Epoch 65/300, Train Loss: 325.819127, Val Loss: 310.096680  
	Train = MSE:325.820953 , RMSE:18.050510 , MAE:16.398914 , MAPD:76.810122, R_squared:-4.640016  
	Validation = MSE:307.214325 , RMSE:17.527531 , MAE:15.889348 , MAPD:76.136508, R_squared:-4.528027

2024-03-21 07:35:48,109 Epoch 66/300, Train Loss: 322.411701, Val Loss: 307.947678  
	Train = MSE:323.635223 , RMSE:17.989864 , MAE:16.332628 , MAPD:76.446132, R_squared:-4.602181  
	Validation = MSE:305.076599 , RMSE:17.466442 , MAE:15.822602 , MAPD:75.763179, R_squared:-4.489561

2024-03-21 07:35:48,845 Epoch 67/300, Train Loss: 322.437235, Val Loss: 305.794830  
	Train = MSE:321.421356 , RMSE:17.928228 , MAE:16.265591 , MAPD:76.078861, R_squared:-4.563859  
	Validation = MSE:302.934967 , RMSE:17.405027 , MAE:15.755405 , MAPD:75.387038, R_squared:-4.451025

2024-03-21 07:35:49,655 Epoch 68/300, Train Loss: 320.208395, Val Loss: 303.619080  
	Train = MSE:319.201263 , RMSE:17.866205 , MAE:16.197821 , MAPD:75.707371, R_squared:-4.525428  
	Validation = MSE:300.770782 , RMSE:17.342745 , MAE:15.687243 , MAPD:75.005605, R_squared:-4.412082

2024-03-21 07:35:50,494 Epoch 69/300, Train Loss: 316.160652, Val Loss: 301.430359  
	Train = MSE:316.957794 , RMSE:17.803308 , MAE:16.129328 , MAPD:75.332391, R_squared:-4.486594  
	Validation = MSE:298.593872 , RMSE:17.279869 , MAE:15.618409 , MAPD:74.620530, R_squared:-4.372911

2024-03-21 07:35:51,482 Epoch 70/300, Train Loss: 312.700888, Val Loss: 299.225769  
	Train = MSE:314.706696 , RMSE:17.739975 , MAE:16.060032 , MAPD:74.952662, R_squared:-4.447626  
	Validation = MSE:296.401337 , RMSE:17.216311 , MAE:15.548718 , MAPD:74.230284, R_squared:-4.333458

2024-03-21 07:35:52,237 Epoch 71/300, Train Loss: 313.336614, Val Loss: 297.014450  
	Train = MSE:312.437286 , RMSE:17.675896 , MAE:15.990067 , MAPD:74.569231, R_squared:-4.408343  
	Validation = MSE:294.201843 , RMSE:17.152313 , MAE:15.478630 , MAPD:73.838541, R_squared:-4.293880

2024-03-21 07:35:54,528 Epoch 72/300, Train Loss: 309.194125, Val Loss: 294.773331  
	Train = MSE:310.161407 , RMSE:17.611401 , MAE:15.919228 , MAPD:74.179814, R_squared:-4.368947  
	Validation = MSE:291.972992 , RMSE:17.087217 , MAE:15.407234 , MAPD:73.439122, R_squared:-4.253774

2024-03-21 07:35:55,272 Epoch 73/300, Train Loss: 308.116091, Val Loss: 292.531662  
	Train = MSE:307.850494 , RMSE:17.545670 , MAE:15.847753 , MAPD:73.790403, R_squared:-4.328944  
	Validation = MSE:289.743683 , RMSE:17.021858 , MAE:15.335619 , MAPD:73.039139, R_squared:-4.213660

2024-03-21 07:35:56,010 Epoch 74/300, Train Loss: 305.427922, Val Loss: 290.272247  
	Train = MSE:305.533539 , RMSE:17.479517 , MAE:15.775519 , MAPD:73.395304, R_squared:-4.288837  
	Validation = MSE:287.496704 , RMSE:16.955729 , MAE:15.262993 , MAPD:72.632902, R_squared:-4.173228

2024-03-21 07:35:56,781 Epoch 75/300, Train Loss: 302.785677, Val Loss: 287.983902  
	Train = MSE:303.210663 , RMSE:17.412945 , MAE:15.702258 , MAPD:72.993312, R_squared:-4.248628  
	Validation = MSE:285.220978 , RMSE:16.888487 , MAE:15.189201 , MAPD:72.220714, R_squared:-4.132279

2024-03-21 07:35:57,733 Epoch 76/300, Train Loss: 300.493361, Val Loss: 285.684692  
	Train = MSE:300.857758 , RMSE:17.345251 , MAE:15.628049 , MAPD:72.586516, R_squared:-4.207899  
	Validation = MSE:282.934540 , RMSE:16.820658 , MAE:15.114697 , MAPD:71.804503, R_squared:-4.091136

2024-03-21 07:35:58,553 Epoch 77/300, Train Loss: 298.742840, Val Loss: 283.370102  
	Train = MSE:298.490234 , RMSE:17.276871 , MAE:15.553076 , MAPD:72.176036, R_squared:-4.166917  
	Validation = MSE:280.633026 , RMSE:16.752106 , MAE:15.039353 , MAPD:71.383650, R_squared:-4.049722

2024-03-21 07:35:59,315 Epoch 78/300, Train Loss: 294.688556, Val Loss: 281.051331  
	Train = MSE:296.094849 , RMSE:17.207407 , MAE:15.477483 , MAPD:71.765214, R_squared:-4.125452  
	Validation = MSE:278.327179 , RMSE:16.683140 , MAE:14.963492 , MAPD:70.959970, R_squared:-4.008231

2024-03-21 07:36:00,056 Epoch 79/300, Train Loss: 294.354436, Val Loss: 278.706589  
	Train = MSE:293.712799 , RMSE:17.138052 , MAE:15.400885 , MAPD:71.344199, R_squared:-4.084219  
	Validation = MSE:275.995361 , RMSE:16.613108 , MAE:14.886389 , MAPD:70.529324, R_squared:-3.966272

2024-03-21 07:36:00,812 Epoch 80/300, Train Loss: 291.255946, Val Loss: 276.359085  
	Train = MSE:291.298645 , RMSE:17.067472 , MAE:15.323452 , MAPD:70.920810, R_squared:-4.042430  
	Validation = MSE:273.660431 , RMSE:16.542685 , MAE:14.808674 , MAPD:70.094885, R_squared:-3.924258

2024-03-21 07:36:01,577 Epoch 81/300, Train Loss: 287.677347, Val Loss: 274.014526  
	Train = MSE:288.890015 , RMSE:16.996765 , MAE:15.245455 , MAPD:70.493018, R_squared:-4.000735  
	Validation = MSE:271.328674 , RMSE:16.472057 , MAE:14.730699 , MAPD:69.659110, R_squared:-3.882300

2024-03-21 07:36:03,590 Epoch 82/300, Train Loss: 285.323151, Val Loss: 271.685028  
	Train = MSE:286.481750 , RMSE:16.925772 , MAE:15.167520 , MAPD:70.067384, R_squared:-3.959048  
	Validation = MSE:269.011597 , RMSE:16.401573 , MAE:14.652854 , MAPD:69.224183, R_squared:-3.840606

2024-03-21 07:36:04,569 Epoch 83/300, Train Loss: 285.423748, Val Loss: 269.348831  
	Train = MSE:284.078003 , RMSE:16.854614 , MAE:15.089265 , MAPD:69.639767, R_squared:-3.917438  
	Validation = MSE:266.688507 , RMSE:16.330601 , MAE:14.574450 , MAPD:68.786354, R_squared:-3.798804

2024-03-21 07:36:05,334 Epoch 84/300, Train Loss: 282.392447, Val Loss: 266.985107  
	Train = MSE:281.667847 , RMSE:16.782963 , MAE:15.010138 , MAPD:69.205863, R_squared:-3.875718  
	Validation = MSE:264.338196 , RMSE:16.258480 , MAE:14.494779 , MAPD:68.341805, R_squared:-3.756512

2024-03-21 07:36:06,122 Epoch 85/300, Train Loss: 280.053361, Val Loss: 264.613655  
	Train = MSE:279.230560 , RMSE:16.710194 , MAE:14.930100 , MAPD:68.769321, R_squared:-3.833529  
	Validation = MSE:261.980194 , RMSE:16.185802 , MAE:14.414429 , MAPD:67.893493, R_squared:-3.714082

2024-03-21 07:36:06,877 Epoch 86/300, Train Loss: 275.853806, Val Loss: 262.220291  
	Train = MSE:276.791718 , RMSE:16.637058 , MAE:14.849005 , MAPD:68.324351, R_squared:-3.791312  
	Validation = MSE:259.600525 , RMSE:16.112123 , MAE:14.332928 , MAPD:67.438900, R_squared:-3.671263

2024-03-21 07:36:07,620 Epoch 87/300, Train Loss: 275.003090, Val Loss: 259.826340  
	Train = MSE:274.326599 , RMSE:16.562807 , MAE:14.767267 , MAPD:67.878891, R_squared:-3.748640  
	Validation = MSE:257.220520 , RMSE:16.038095 , MAE:14.250946 , MAPD:66.981594, R_squared:-3.628437

2024-03-21 07:36:08,696 Epoch 88/300, Train Loss: 271.936823, Val Loss: 257.413528  
	Train = MSE:271.852356 , RMSE:16.487946 , MAE:14.684735 , MAPD:67.428393, R_squared:-3.705811  
	Validation = MSE:254.821930 , RMSE:15.963142 , MAE:14.167915 , MAPD:66.518738, R_squared:-3.585277

2024-03-21 07:36:09,550 Epoch 89/300, Train Loss: 269.764571, Val Loss: 254.987640  
	Train = MSE:269.362000 , RMSE:16.412252 , MAE:14.601120 , MAPD:66.971766, R_squared:-3.662702  
	Validation = MSE:252.410416 , RMSE:15.887429 , MAE:14.083922 , MAPD:66.050301, R_squared:-3.541884

2024-03-21 07:36:10,422 Epoch 90/300, Train Loss: 267.891710, Val Loss: 252.548172  
	Train = MSE:266.855255 , RMSE:16.335705 , MAE:14.516551 , MAPD:66.509441, R_squared:-3.619310  
	Validation = MSE:249.985580 , RMSE:15.810932 , MAE:13.999012 , MAPD:65.576915, R_squared:-3.498251

2024-03-21 07:36:11,348 Epoch 91/300, Train Loss: 264.891310, Val Loss: 250.087219  
	Train = MSE:264.341095 , RMSE:16.258570 , MAE:14.430943 , MAPD:66.041434, R_squared:-3.575789  
	Validation = MSE:247.539612 , RMSE:15.733392 , MAE:13.912928 , MAPD:65.097298, R_squared:-3.454238

2024-03-21 07:36:13,302 Epoch 92/300, Train Loss: 260.937924, Val Loss: 247.628426  
	Train = MSE:261.798676 , RMSE:16.180195 , MAE:14.344604 , MAPD:65.572034, R_squared:-3.531779  
	Validation = MSE:245.095779 , RMSE:15.655535 , MAE:13.826388 , MAPD:64.615120, R_squared:-3.410264

2024-03-21 07:36:14,049 Epoch 93/300, Train Loss: 257.277372, Val Loss: 245.150406  
	Train = MSE:259.269318 , RMSE:16.101843 , MAE:14.257324 , MAPD:65.094201, R_squared:-3.487996  
	Validation = MSE:242.633118 , RMSE:15.576685 , MAE:13.738674 , MAPD:64.126550, R_squared:-3.365950

2024-03-21 07:36:14,784 Epoch 94/300, Train Loss: 254.400821, Val Loss: 242.671028  
	Train = MSE:256.716675 , RMSE:16.022381 , MAE:14.169274 , MAPD:64.614283, R_squared:-3.443809  
	Validation = MSE:240.169205 , RMSE:15.497394 , MAE:13.650373 , MAPD:63.634759, R_squared:-3.321615

2024-03-21 07:36:15,527 Epoch 95/300, Train Loss: 252.897156, Val Loss: 240.178368  
	Train = MSE:254.160904 , RMSE:15.942425 , MAE:14.080303 , MAPD:64.127682, R_squared:-3.399568  
	Validation = MSE:237.692230 , RMSE:15.417271 , MAE:13.561079 , MAPD:63.137660, R_squared:-3.277044

2024-03-21 07:36:16,285 Epoch 96/300, Train Loss: 251.583957, Val Loss: 237.687096  
	Train = MSE:251.572449 , RMSE:15.861035 , MAE:13.990759 , MAPD:63.643061, R_squared:-3.354762  
	Validation = MSE:235.216873 , RMSE:15.336782 , MAE:13.471287 , MAPD:62.637882, R_squared:-3.232502

2024-03-21 07:36:17,226 Epoch 97/300, Train Loss: 247.396569, Val Loss: 235.160454  
	Train = MSE:248.994797 , RMSE:15.779569 , MAE:13.899732 , MAPD:63.145768, R_squared:-3.310142  
	Validation = MSE:232.706253 , RMSE:15.254712 , MAE:13.379608 , MAPD:62.127577, R_squared:-3.187326

2024-03-21 07:36:17,998 Epoch 98/300, Train Loss: 247.475208, Val Loss: 232.628944  
	Train = MSE:246.386841 , RMSE:15.696714 , MAE:13.807601 , MAPD:62.643040, R_squared:-3.264998  
	Validation = MSE:230.191177 , RMSE:15.172052 , MAE:13.287180 , MAPD:61.613257, R_squared:-3.142070

2024-03-21 07:36:18,747 Epoch 99/300, Train Loss: 242.515316, Val Loss: 230.075874  
	Train = MSE:243.766922 , RMSE:15.613037 , MAE:13.714443 , MAPD:62.136533, R_squared:-3.219647  
	Validation = MSE:227.654739 , RMSE:15.088232 , MAE:13.193352 , MAPD:61.091197, R_squared:-3.096429

2024-03-21 07:36:19,498 Epoch 100/300, Train Loss: 241.054557, Val Loss: 227.525551  
	Train = MSE:241.127640 , RMSE:15.528285 , MAE:13.620150 , MAPD:61.622758, R_squared:-3.173960  
	Validation = MSE:225.121033 , RMSE:15.004034 , MAE:13.098935 , MAPD:60.565827, R_squared:-3.050837

2024-03-21 07:36:20,292 Epoch 101/300, Train Loss: 238.247636, Val Loss: 224.949196  
	Train = MSE:238.499023 , RMSE:15.443414 , MAE:13.524765 , MAPD:61.101280, R_squared:-3.128459  
	Validation = MSE:222.561874 , RMSE:14.918508 , MAE:13.002915 , MAPD:60.031598, R_squared:-3.004788

2024-03-21 07:36:22,579 Epoch 102/300, Train Loss: 236.185232, Val Loss: 222.383263  
	Train = MSE:235.832626 , RMSE:15.356843 , MAE:13.428408 , MAPD:60.577752, R_squared:-3.082303  
	Validation = MSE:220.012634 , RMSE:14.832823 , MAE:12.906548 , MAPD:59.495418, R_squared:-2.958917

2024-03-21 07:36:23,505 Epoch 103/300, Train Loss: 232.048613, Val Loss: 219.793869  
	Train = MSE:233.186035 , RMSE:15.270431 , MAE:13.331109 , MAPD:60.046471, R_squared:-3.036490  
	Validation = MSE:217.440353 , RMSE:14.745859 , MAE:12.808656 , MAPD:58.951030, R_squared:-2.912631

2024-03-21 07:36:24,460 Epoch 104/300, Train Loss: 230.917864, Val Loss: 217.214981  
	Train = MSE:230.513992 , RMSE:15.182687 , MAE:13.232924 , MAPD:59.512325, R_squared:-2.990236  
	Validation = MSE:214.878204 , RMSE:14.658725 , MAE:12.710335 , MAPD:58.403910, R_squared:-2.866528

2024-03-21 07:36:25,201 Epoch 105/300, Train Loss: 227.238707, Val Loss: 214.634216  
	Train = MSE:227.841644 , RMSE:15.094424 , MAE:13.134210 , MAPD:58.975739, R_squared:-2.943978  
	Validation = MSE:212.314651 , RMSE:14.571021 , MAE:12.611300 , MAPD:57.853127, R_squared:-2.820399

2024-03-21 07:36:25,972 Epoch 106/300, Train Loss: 225.985740, Val Loss: 212.049721  
	Train = MSE:225.171539 , RMSE:15.005717 , MAE:13.034486 , MAPD:58.432117, R_squared:-2.897757  
	Validation = MSE:209.747467 , RMSE:14.482661 , MAE:12.511387 , MAPD:57.297512, R_squared:-2.774205

2024-03-21 07:36:26,770 Epoch 107/300, Train Loss: 222.033394, Val Loss: 209.439095  
	Train = MSE:222.507339 , RMSE:14.916680 , MAE:12.933568 , MAPD:57.881546, R_squared:-2.851640  
	Validation = MSE:207.154099 , RMSE:14.392849 , MAE:12.409698 , MAPD:56.732183, R_squared:-2.727540

2024-03-21 07:36:27,589 Epoch 108/300, Train Loss: 219.574601, Val Loss: 206.840202  
	Train = MSE:219.815018 , RMSE:14.826159 , MAE:12.831422 , MAPD:57.325125, R_squared:-2.805035  
	Validation = MSE:204.572830 , RMSE:14.302896 , MAE:12.307652 , MAPD:56.164815, R_squared:-2.681092

2024-03-21 07:36:28,403 Epoch 109/300, Train Loss: 216.923302, Val Loss: 204.248047  
	Train = MSE:217.122269 , RMSE:14.735069 , MAE:12.728937 , MAPD:56.768056, R_squared:-2.758423  
	Validation = MSE:201.998199 , RMSE:14.212607 , MAE:12.204998 , MAPD:55.594032, R_squared:-2.634764

2024-03-21 07:36:29,246 Epoch 110/300, Train Loss: 214.758374, Val Loss: 201.647514  
	Train = MSE:214.440933 , RMSE:14.643802 , MAE:12.625532 , MAPD:56.205107, R_squared:-2.712009  
	Validation = MSE:199.415649 , RMSE:14.121461 , MAE:12.101234 , MAPD:55.017291, R_squared:-2.588293

2024-03-21 07:36:30,436 Epoch 111/300, Train Loss: 211.753189, Val Loss: 199.046730  
	Train = MSE:211.744843 , RMSE:14.551455 , MAE:12.521214 , MAPD:55.637087, R_squared:-2.665339  
	Validation = MSE:196.832916 , RMSE:14.029716 , MAE:11.996577 , MAPD:54.435481, R_squared:-2.541820

2024-03-21 07:36:32,500 Epoch 112/300, Train Loss: 209.905633, Val Loss: 196.436783  
	Train = MSE:209.056656 , RMSE:14.458792 , MAE:12.415775 , MAPD:55.062929, R_squared:-2.618806  
	Validation = MSE:194.241211 , RMSE:13.937044 , MAE:11.890690 , MAPD:53.846962, R_squared:-2.495185

2024-03-21 07:36:33,632 Epoch 113/300, Train Loss: 206.376613, Val Loss: 193.833450  
	Train = MSE:206.344833 , RMSE:14.364708 , MAE:12.309459 , MAPD:54.486362, R_squared:-2.571864  
	Validation = MSE:191.656296 , RMSE:13.843999 , MAE:11.784141 , MAPD:53.254669, R_squared:-2.448671

2024-03-21 07:36:34,392 Epoch 114/300, Train Loss: 204.374214, Val Loss: 191.212608  
	Train = MSE:203.658798 , RMSE:14.270907 , MAE:12.201794 , MAPD:53.898167, R_squared:-2.525368  
	Validation = MSE:189.054474 , RMSE:13.749708 , MAE:11.676059 , MAPD:52.654238, R_squared:-2.401854

2024-03-21 07:36:34,979 Epoch 115/300, Train Loss: 199.571652, Val Loss: 188.599876  
	Train = MSE:200.942749 , RMSE:14.175427 , MAE:12.093301 , MAPD:53.309051, R_squared:-2.478353  
	Validation = MSE:186.460815 , RMSE:13.655066 , MAE:11.567344 , MAPD:52.050340, R_squared:-2.355184

2024-03-21 07:36:35,671 Epoch 116/300, Train Loss: 198.367497, Val Loss: 185.996620  
	Train = MSE:198.240158 , RMSE:14.079779 , MAE:11.984026 , MAPD:52.715474, R_squared:-2.431571  
	Validation = MSE:183.876907 , RMSE:13.560122 , MAE:11.458056 , MAPD:51.443329, R_squared:-2.308689

2024-03-21 07:36:36,616 Epoch 117/300, Train Loss: 195.332887, Val Loss: 183.383987  
	Train = MSE:195.540222 , RMSE:13.983570 , MAE:11.873911 , MAPD:52.116886, R_squared:-2.384835  
	Validation = MSE:181.283829 , RMSE:13.464169 , MAE:11.347398 , MAPD:50.828782, R_squared:-2.262029

2024-03-21 07:36:37,371 Epoch 118/300, Train Loss: 192.607945, Val Loss: 180.776131  
	Train = MSE:192.831161 , RMSE:13.886366 , MAE:11.762489 , MAPD:51.510576, R_squared:-2.337940  
	Validation = MSE:178.695526 , RMSE:13.367704 , MAE:11.235884 , MAPD:50.209453, R_squared:-2.215455

2024-03-21 07:36:38,044 Epoch 119/300, Train Loss: 190.878391, Val Loss: 178.161949  
	Train = MSE:190.131287 , RMSE:13.788810 , MAE:11.650271 , MAPD:50.900748, R_squared:-2.291205  
	Validation = MSE:176.101303 , RMSE:13.270317 , MAE:11.123150 , MAPD:49.583762, R_squared:-2.168774

2024-03-21 07:36:38,674 Epoch 120/300, Train Loss: 187.770772, Val Loss: 175.543091  
	Train = MSE:187.426758 , RMSE:13.690390 , MAE:11.536982 , MAPD:50.285889, R_squared:-2.244389  
	Validation = MSE:173.502625 , RMSE:13.172039 , MAE:11.009209 , MAPD:48.951762, R_squared:-2.122013

2024-03-21 07:36:39,444 Epoch 121/300, Train Loss: 185.426250, Val Loss: 172.935059  
	Train = MSE:184.718994 , RMSE:13.591137 , MAE:11.423051 , MAPD:49.670706, R_squared:-2.197517  
	Validation = MSE:170.915131 , RMSE:13.073451 , MAE:10.896112 , MAPD:48.332864, R_squared:-2.075454

2024-03-21 07:36:41,641 Epoch 122/300, Train Loss: 181.761265, Val Loss: 170.350060  
	Train = MSE:181.999725 , RMSE:13.490727 , MAE:11.309265 , MAPD:49.062388, R_squared:-2.150446  
	Validation = MSE:168.350327 , RMSE:12.974989 , MAE:10.782949 , MAPD:47.714342, R_squared:-2.029303

2024-03-21 07:36:42,255 Epoch 123/300, Train Loss: 179.950552, Val Loss: 167.768929  
	Train = MSE:179.309555 , RMSE:13.390652 , MAE:11.195457 , MAPD:48.455139, R_squared:-2.103879  
	Validation = MSE:165.789841 , RMSE:12.875940 , MAE:10.669211 , MAPD:47.094783, R_squared:-1.983230

2024-03-21 07:36:42,981 Epoch 124/300, Train Loss: 176.850161, Val Loss: 165.164795  
	Train = MSE:176.638046 , RMSE:13.290524 , MAE:11.080525 , MAPD:47.840801, R_squared:-2.057635  
	Validation = MSE:163.206543 , RMSE:12.775231 , MAE:10.553631 , MAPD:46.467237, R_squared:-1.936745

2024-03-21 07:36:43,736 Epoch 125/300, Train Loss: 173.727156, Val Loss: 162.583580  
	Train = MSE:173.943787 , RMSE:13.188775 , MAE:10.964740 , MAPD:47.226878, R_squared:-2.010997  
	Validation = MSE:160.646515 , RMSE:12.674641 , MAE:10.438707 , MAPD:45.847754, R_squared:-1.890680

2024-03-21 07:36:44,368 Epoch 126/300, Train Loss: 170.913519, Val Loss: 160.009720  
	Train = MSE:171.274521 , RMSE:13.087189 , MAE:10.848923 , MAPD:46.615017, R_squared:-1.964791  
	Validation = MSE:158.093857 , RMSE:12.573538 , MAE:10.322995 , MAPD:45.224824, R_squared:-1.844747

2024-03-21 07:36:45,020 Epoch 127/300, Train Loss: 167.669283, Val Loss: 157.456833  
	Train = MSE:168.600571 , RMSE:12.984629 , MAE:10.732863 , MAPD:46.005689, R_squared:-1.918505  
	Validation = MSE:155.562302 , RMSE:12.472462 , MAE:10.206980 , MAPD:44.600353, R_squared:-1.799195

2024-03-21 07:36:45,623 Epoch 128/300, Train Loss: 164.904553, Val Loss: 154.917900  
	Train = MSE:165.946671 , RMSE:12.882029 , MAE:10.616987 , MAPD:45.399486, R_squared:-1.872565  
	Validation = MSE:153.044861 , RMSE:12.371130 , MAE:10.090294 , MAPD:43.972323, R_squared:-1.753896

2024-03-21 07:36:46,224 Epoch 129/300, Train Loss: 162.844702, Val Loss: 152.382866  
	Train = MSE:163.313171 , RMSE:12.779405 , MAE:10.500804 , MAPD:44.794491, R_squared:-1.826979  
	Validation = MSE:150.531525 , RMSE:12.269129 , MAE:9.972836 , MAPD:43.341981, R_squared:-1.708671

2024-03-21 07:36:46,828 Epoch 130/300, Train Loss: 160.207048, Val Loss: 149.866013  
	Train = MSE:160.673080 , RMSE:12.675689 , MAE:10.384419 , MAPD:44.194162, R_squared:-1.781278  
	Validation = MSE:148.036270 , RMSE:12.167016 , MAE:9.856645 , MAPD:42.726928, R_squared:-1.663771

2024-03-21 07:36:47,836 Epoch 131/300, Train Loss: 158.335057, Val Loss: 147.344353  
	Train = MSE:158.064148 , RMSE:12.572356 , MAE:10.268232 , MAPD:43.597266, R_squared:-1.736117  
	Validation = MSE:145.536575 , RMSE:12.063854 , MAE:9.740193 , MAPD:42.116942, R_squared:-1.618791

2024-03-21 07:36:49,856 Epoch 132/300, Train Loss: 155.955186, Val Loss: 144.852539  
	Train = MSE:155.433273 , RMSE:12.467288 , MAE:10.151228 , MAPD:42.999658, R_squared:-1.690577  
	Validation = MSE:143.066788 , RMSE:11.961053 , MAE:9.624260 , MAPD:41.512203, R_squared:-1.574350

2024-03-21 07:36:50,467 Epoch 133/300, Train Loss: 152.582800, Val Loss: 142.352882  
	Train = MSE:152.843140 , RMSE:12.362974 , MAE:10.033877 , MAPD:42.400299, R_squared:-1.645741  
	Validation = MSE:140.589203 , RMSE:11.857032 , MAE:9.506587 , MAPD:40.898738, R_squared:-1.529768

2024-03-21 07:36:51,074 Epoch 134/300, Train Loss: 150.320027, Val Loss: 139.881737  
	Train = MSE:150.244720 , RMSE:12.257435 , MAE:9.916565 , MAPD:41.807386, R_squared:-1.600762  
	Validation = MSE:138.140198 , RMSE:11.753305 , MAE:9.389312 , MAPD:40.289734, R_squared:-1.485701

2024-03-21 07:36:51,686 Epoch 135/300, Train Loss: 148.527218, Val Loss: 137.423088  
	Train = MSE:147.674042 , RMSE:12.152121 , MAE:9.799322 , MAPD:41.217367, R_squared:-1.556263  
	Validation = MSE:135.703918 , RMSE:11.649202 , MAE:9.271650 , MAPD:39.680916, R_squared:-1.441862

2024-03-21 07:36:52,287 Epoch 136/300, Train Loss: 145.029446, Val Loss: 134.972206  
	Train = MSE:145.121078 , RMSE:12.046621 , MAE:9.681803 , MAPD:40.627221, R_squared:-1.512071  
	Validation = MSE:133.275589 , RMSE:11.544505 , MAE:9.154955 , MAPD:39.086162, R_squared:-1.398167

2024-03-21 07:36:52,885 Epoch 137/300, Train Loss: 142.343724, Val Loss: 132.561440  
	Train = MSE:142.566406 , RMSE:11.940118 , MAE:9.564402 , MAPD:40.043744, R_squared:-1.467849  
	Validation = MSE:130.887390 , RMSE:11.440602 , MAE:9.040036 , MAPD:38.506506, R_squared:-1.355193

2024-03-21 07:36:53,523 Epoch 138/300, Train Loss: 140.592114, Val Loss: 130.160294  
	Train = MSE:140.058929 , RMSE:11.834649 , MAE:9.448287 , MAPD:39.471258, R_squared:-1.424444  
	Validation = MSE:128.508698 , RMSE:11.336167 , MAE:8.924935 , MAPD:37.929756, R_squared:-1.312391

2024-03-21 07:36:54,291 Epoch 139/300, Train Loss: 137.443731, Val Loss: 127.780766  
	Train = MSE:137.557541 , RMSE:11.728493 , MAE:9.332966 , MAPD:38.909711, R_squared:-1.381144  
	Validation = MSE:126.151985 , RMSE:11.231740 , MAE:8.809855 , MAPD:37.355248, R_squared:-1.269984

2024-03-21 07:36:55,021 Epoch 140/300, Train Loss: 135.970534, Val Loss: 125.425190  
	Train = MSE:135.086105 , RMSE:11.622655 , MAE:9.217911 , MAPD:38.352923, R_squared:-1.338363  
	Validation = MSE:123.819084 , RMSE:11.127402 , MAE:8.694507 , MAPD:36.780316, R_squared:-1.228006

2024-03-21 07:36:55,704 Epoch 141/300, Train Loss: 132.943000, Val Loss: 123.095436  
	Train = MSE:132.625244 , RMSE:11.516303 , MAE:9.104244 , MAPD:37.811582, R_squared:-1.295766  
	Validation = MSE:121.512032 , RMSE:11.023250 , MAE:8.579234 , MAPD:36.207572, R_squared:-1.186493

2024-03-21 07:36:57,513 Epoch 142/300, Train Loss: 130.893205, Val Loss: 120.789242  
	Train = MSE:130.196289 , RMSE:11.410358 , MAE:8.990157 , MAPD:37.267346, R_squared:-1.253720  
	Validation = MSE:119.228477 , RMSE:10.919179 , MAE:8.465874 , MAPD:35.653615, R_squared:-1.145402

2024-03-21 07:36:58,109 Epoch 143/300, Train Loss: 128.846047, Val Loss: 118.507019  
	Train = MSE:127.787094 , RMSE:11.304296 , MAE:8.877861 , MAPD:36.741316, R_squared:-1.212016  
	Validation = MSE:116.968849 , RMSE:10.815214 , MAE:8.354265 , MAPD:35.117183, R_squared:-1.104742

2024-03-21 07:36:58,783 Epoch 144/300, Train Loss: 125.405648, Val Loss: 116.247135  
	Train = MSE:125.408264 , RMSE:11.198584 , MAE:8.765549 , MAPD:36.216516, R_squared:-1.170838  
	Validation = MSE:114.731781 , RMSE:10.711292 , MAE:8.243332 , MAPD:34.588634, R_squared:-1.064488

2024-03-21 07:36:59,573 Epoch 145/300, Train Loss: 122.693305, Val Loss: 114.020241  
	Train = MSE:123.061104 , RMSE:11.093291 , MAE:8.654799 , MAPD:35.705922, R_squared:-1.130209  
	Validation = MSE:112.527657 , RMSE:10.607905 , MAE:8.133816 , MAPD:34.072478, R_squared:-1.024827

2024-03-21 07:37:00,517 Epoch 146/300, Train Loss: 119.820906, Val Loss: 111.831600  
	Train = MSE:120.740288 , RMSE:10.988189 , MAE:8.544326 , MAPD:35.198963, R_squared:-1.090035  
	Validation = MSE:110.361824 , RMSE:10.505323 , MAE:8.026234 , MAPD:33.572061, R_squared:-0.985855

2024-03-21 07:37:01,230 Epoch 147/300, Train Loss: 117.830066, Val Loss: 109.665627  
	Train = MSE:118.467438 , RMSE:10.884274 , MAE:8.435382 , MAPD:34.702758, R_squared:-1.050692  
	Validation = MSE:108.218674 , RMSE:10.402821 , MAE:7.919154 , MAPD:33.078184, R_squared:-0.947292

2024-03-21 07:37:01,838 Epoch 148/300, Train Loss: 116.775523, Val Loss: 107.548485  
	Train = MSE:116.200020 , RMSE:10.779612 , MAE:8.327933 , MAPD:34.223219, R_squared:-1.011442  
	Validation = MSE:106.124046 , RMSE:10.301653 , MAE:7.814597 , MAPD:32.602383, R_squared:-0.909600

2024-03-21 07:37:02,442 Epoch 149/300, Train Loss: 114.134556, Val Loss: 105.440639  
	Train = MSE:113.984718 , RMSE:10.676363 , MAE:8.221096 , MAPD:33.746576, R_squared:-0.973095  
	Validation = MSE:104.039131 , RMSE:10.199958 , MAE:7.710158 , MAPD:32.132279, R_squared:-0.872085

2024-03-21 07:37:03,058 Epoch 150/300, Train Loss: 110.703038, Val Loss: 103.364929  
	Train = MSE:111.790405 , RMSE:10.573098 , MAE:8.114448 , MAPD:33.275433, R_squared:-0.935111  
	Validation = MSE:101.986351 , RMSE:10.098829 , MAE:7.606421 , MAPD:31.668432, R_squared:-0.835147

2024-03-21 07:37:03,655 Epoch 151/300, Train Loss: 108.876991, Val Loss: 101.349983  
	Train = MSE:109.616814 , RMSE:10.469805 , MAE:8.009832 , MAPD:32.820049, R_squared:-0.897486  
	Validation = MSE:99.993942 , RMSE:9.999697 , MAE:7.506964 , MAPD:31.233815, R_squared:-0.799295

2024-03-21 07:37:06,042 Epoch 152/300, Train Loss: 107.363743, Val Loss: 99.363686  
	Train = MSE:107.500946 , RMSE:10.368266 , MAE:7.907512 , MAPD:32.380149, R_squared:-0.860860  
	Validation = MSE:98.030159 , RMSE:9.901018 , MAE:7.408430 , MAPD:30.807741, R_squared:-0.763959

2024-03-21 07:37:06,741 Epoch 153/300, Train Loss: 104.067523, Val Loss: 97.401798  
	Train = MSE:105.418213 , RMSE:10.267337 , MAE:7.806399 , MAPD:31.951036, R_squared:-0.824807  
	Validation = MSE:96.090965 , RMSE:9.802600 , MAE:7.309936 , MAPD:30.383576, R_squared:-0.729065

2024-03-21 07:37:07,350 Epoch 154/300, Train Loss: 103.453131, Val Loss: 95.478622  
	Train = MSE:103.370293 , RMSE:10.167118 , MAE:7.707127 , MAPD:31.535820, R_squared:-0.789357  
	Validation = MSE:94.190277 , RMSE:9.705168 , MAE:7.213546 , MAPD:29.975135, R_squared:-0.694864

2024-03-21 07:37:07,984 Epoch 155/300, Train Loss: 102.337144, Val Loss: 93.592556  
	Train = MSE:101.341255 , RMSE:10.066839 , MAE:7.608613 , MAPD:31.129087, R_squared:-0.754234  
	Validation = MSE:92.326637 , RMSE:9.608675 , MAE:7.118934 , MAPD:29.579894, R_squared:-0.661329

2024-03-21 07:37:08,605 Epoch 156/300, Train Loss: 99.900191, Val Loss: 91.735527  
	Train = MSE:99.339600 , RMSE:9.966926 , MAE:7.512205 , MAPD:30.738137, R_squared:-0.719585  
	Validation = MSE:90.492149 , RMSE:9.512736 , MAE:7.025149 , MAPD:29.191775, R_squared:-0.628320

2024-03-21 07:37:09,218 Epoch 157/300, Train Loss: 97.592199, Val Loss: 89.898029  
	Train = MSE:97.391647 , RMSE:9.868721 , MAE:7.415277 , MAPD:30.342280, R_squared:-0.685866  
	Validation = MSE:88.677383 , RMSE:9.416867 , MAE:6.931929 , MAPD:28.810873, R_squared:-0.595665

2024-03-21 07:37:09,819 Epoch 158/300, Train Loss: 95.153022, Val Loss: 88.087250  
	Train = MSE:95.477577 , RMSE:9.771263 , MAE:7.321585 , MAPD:29.972527, R_squared:-0.652733  
	Validation = MSE:86.889267 , RMSE:9.321442 , MAE:6.839551 , MAPD:28.438088, R_squared:-0.563489

2024-03-21 07:37:10,441 Epoch 159/300, Train Loss: 93.410427, Val Loss: 86.346291  
	Train = MSE:93.575142 , RMSE:9.673425 , MAE:7.228281 , MAPD:29.605728, R_squared:-0.619802  
	Validation = MSE:85.170486 , RMSE:9.228786 , MAE:6.751500 , MAPD:28.091000, R_squared:-0.532561

2024-03-21 07:37:11,191 Epoch 160/300, Train Loss: 92.282464, Val Loss: 84.635387  
	Train = MSE:91.739082 , RMSE:9.578053 , MAE:7.137910 , MAPD:29.258038, R_squared:-0.588019  
	Validation = MSE:83.481781 , RMSE:9.136836 , MAE:6.667291 , MAPD:27.772586, R_squared:-0.502175

2024-03-21 07:37:11,940 Epoch 161/300, Train Loss: 89.748101, Val Loss: 82.954060  
	Train = MSE:89.933853 , RMSE:9.483346 , MAE:7.049472 , MAPD:28.925249, R_squared:-0.556770  
	Validation = MSE:81.822784 , RMSE:9.045595 , MAE:6.585359 , MAPD:27.470996, R_squared:-0.472323

2024-03-21 07:37:13,985 Epoch 162/300, Train Loss: 87.777493, Val Loss: 81.318890  
	Train = MSE:88.163788 , RMSE:9.389558 , MAE:6.962998 , MAPD:28.604657, R_squared:-0.526130  
	Validation = MSE:80.209831 , RMSE:8.955995 , MAE:6.506683 , MAPD:27.190846, R_squared:-0.443299

2024-03-21 07:37:14,600 Epoch 163/300, Train Loss: 86.166094, Val Loss: 79.717415  
	Train = MSE:86.447853 , RMSE:9.297733 , MAE:6.876964 , MAPD:28.285264, R_squared:-0.496427  
	Validation = MSE:78.630310 , RMSE:8.867373 , MAE:6.430223 , MAPD:26.926532, R_squared:-0.414877

2024-03-21 07:37:15,197 Epoch 164/300, Train Loss: 84.712334, Val Loss: 78.165741  
	Train = MSE:84.750237 , RMSE:9.205989 , MAE:6.794010 , MAPD:27.988428, R_squared:-0.467041  
	Validation = MSE:77.100388 , RMSE:8.780683 , MAE:6.355218 , MAPD:26.669776, R_squared:-0.387348

2024-03-21 07:37:15,798 Epoch 165/300, Train Loss: 83.261628, Val Loss: 76.649773  
	Train = MSE:83.104691 , RMSE:9.116178 , MAE:6.712183 , MAPD:27.697318, R_squared:-0.438556  
	Validation = MSE:75.606133 , RMSE:8.695179 , MAE:6.281041 , MAPD:26.417989, R_squared:-0.360460

2024-03-21 07:37:16,398 Epoch 166/300, Train Loss: 81.817531, Val Loss: 75.165668  
	Train = MSE:81.502556 , RMSE:9.027877 , MAE:6.632929 , MAPD:27.423715, R_squared:-0.410823  
	Validation = MSE:74.143661 , RMSE:8.610671 , MAE:6.208861 , MAPD:26.179957, R_squared:-0.334144

2024-03-21 07:37:17,178 Epoch 167/300, Train Loss: 79.520467, Val Loss: 73.722214  
	Train = MSE:79.927399 , RMSE:8.940212 , MAE:6.555983 , MAPD:27.165235, R_squared:-0.383557  
	Validation = MSE:72.721794 , RMSE:8.527707 , MAE:6.138837 , MAPD:25.955372, R_squared:-0.308559

2024-03-21 07:37:17,894 Epoch 168/300, Train Loss: 78.311222, Val Loss: 72.321659  
	Train = MSE:78.400375 , RMSE:8.854399 , MAE:6.479877 , MAPD:26.909065, R_squared:-0.357124  
	Validation = MSE:71.342522 , RMSE:8.446450 , MAE:6.071176 , MAPD:25.744217, R_squared:-0.283740

2024-03-21 07:37:18,556 Epoch 169/300, Train Loss: 76.577599, Val Loss: 70.962997  
	Train = MSE:76.909027 , RMSE:8.769779 , MAE:6.407555 , MAPD:26.677769, R_squared:-0.331308  
	Validation = MSE:70.005066 , RMSE:8.366903 , MAE:6.005136 , MAPD:25.542304, R_squared:-0.259674

2024-03-21 07:37:19,351 Epoch 170/300, Train Loss: 75.106674, Val Loss: 69.622318  
	Train = MSE:75.484558 , RMSE:8.688185 , MAE:6.338631 , MAPD:26.469097, R_squared:-0.306651  
	Validation = MSE:68.685478 , RMSE:8.287670 , MAE:5.940629 , MAPD:25.353664, R_squared:-0.235929

2024-03-21 07:37:20,087 Epoch 171/300, Train Loss: 73.798921, Val Loss: 68.354660  
	Train = MSE:74.046654 , RMSE:8.605037 , MAE:6.270898 , MAPD:26.268072, R_squared:-0.281760  
	Validation = MSE:67.438347 , RMSE:8.212086 , MAE:5.880148 , MAPD:25.183355, R_squared:-0.213488

2024-03-21 07:37:21,957 Epoch 172/300, Train Loss: 72.417088, Val Loss: 67.100342  
	Train = MSE:72.701080 , RMSE:8.526493 , MAE:6.206572 , MAPD:26.084037, R_squared:-0.258468  
	Validation = MSE:66.204773 , RMSE:8.136632 , MAE:5.822009 , MAPD:25.030901, R_squared:-0.191291

2024-03-21 07:37:22,760 Epoch 173/300, Train Loss: 71.038084, Val Loss: 65.893745  
	Train = MSE:71.365250 , RMSE:8.447796 , MAE:6.142755 , MAPD:25.904340, R_squared:-0.235345  
	Validation = MSE:65.018372 , RMSE:8.063397 , MAE:5.766753 , MAPD:24.895565, R_squared:-0.169943

2024-03-21 07:37:23,477 Epoch 174/300, Train Loss: 70.206765, Val Loss: 64.739431  
	Train = MSE:70.065201 , RMSE:8.370496 , MAE:6.082349 , MAPD:25.743586, R_squared:-0.212841  
	Validation = MSE:63.883999 , RMSE:7.992747 , MAE:5.713409 , MAPD:24.766770, R_squared:-0.149531

2024-03-21 07:37:24,239 Epoch 175/300, Train Loss: 69.220323, Val Loss: 63.601761  
	Train = MSE:68.830086 , RMSE:8.296390 , MAE:6.024966 , MAPD:25.600944, R_squared:-0.191460  
	Validation = MSE:62.766319 , RMSE:7.922520 , MAE:5.663872 , MAPD:24.665530, R_squared:-0.129420

2024-03-21 07:37:24,852 Epoch 176/300, Train Loss: 67.538320, Val Loss: 62.506603  
	Train = MSE:67.612556 , RMSE:8.222686 , MAE:5.968398 , MAPD:25.462011, R_squared:-0.170385  
	Validation = MSE:61.691025 , RMSE:7.854363 , MAE:5.617981 , MAPD:24.583487, R_squared:-0.110071

2024-03-21 07:37:25,777 Epoch 177/300, Train Loss: 66.367290, Val Loss: 61.452316  
	Train = MSE:66.438210 , RMSE:8.150964 , MAE:5.915242 , MAPD:25.343097, R_squared:-0.150057  
	Validation = MSE:60.656105 , RMSE:7.788203 , MAE:5.575517 , MAPD:24.522325, R_squared:-0.091448

2024-03-21 07:37:26,669 Epoch 178/300, Train Loss: 65.473150, Val Loss: 60.434332  
	Train = MSE:65.307037 , RMSE:8.081277 , MAE:5.864168 , MAPD:25.234998, R_squared:-0.130476  
	Validation = MSE:59.657207 , RMSE:7.723808 , MAE:5.534824 , MAPD:24.469980, R_squared:-0.073474

2024-03-21 07:37:27,261 Epoch 179/300, Train Loss: 64.613133, Val Loss: 59.454151  
	Train = MSE:64.208046 , RMSE:8.012992 , MAE:5.814797 , MAPD:25.135996, R_squared:-0.111452  
	Validation = MSE:58.695976 , RMSE:7.661330 , MAE:5.495232 , MAPD:24.422280, R_squared:-0.056178

2024-03-21 07:37:27,858 Epoch 180/300, Train Loss: 62.798938, Val Loss: 58.503212  
	Train = MSE:63.149471 , RMSE:7.946664 , MAE:5.767090 , MAPD:25.042654, R_squared:-0.093128  
	Validation = MSE:57.763660 , RMSE:7.600241 , MAE:5.457129 , MAPD:24.381101, R_squared:-0.039402

2024-03-21 07:37:28,455 Epoch 181/300, Train Loss: 62.339153, Val Loss: 57.602879  
	Train = MSE:62.117252 , RMSE:7.881450 , MAE:5.723207 , MAPD:24.974010, R_squared:-0.075260  
	Validation = MSE:56.881470 , RMSE:7.541980 , MAE:5.423055 , MAPD:24.361343, R_squared:-0.023528

2024-03-21 07:37:30,445 Epoch 182/300, Train Loss: 60.689597, Val Loss: 56.718700  
	Train = MSE:61.148258 , RMSE:7.819735 , MAE:5.681776 , MAPD:24.916972, R_squared:-0.058487  
	Validation = MSE:56.015732 , RMSE:7.484366 , MAE:5.389637 , MAPD:24.349265, R_squared:-0.007949

2024-03-21 07:37:31,228 Epoch 183/300, Train Loss: 60.276716, Val Loss: 55.883114  
	Train = MSE:60.193558 , RMSE:7.758451 , MAE:5.641768 , MAPD:24.866260, R_squared:-0.041961  
	Validation = MSE:55.197655 , RMSE:7.429513 , MAE:5.357752 , MAPD:24.336160, R_squared:0.006771

2024-03-21 07:37:31,904 Epoch 184/300, Train Loss: 59.549052, Val Loss: 55.077904  
	Train = MSE:59.284248 , RMSE:7.699626 , MAE:5.603709 , MAPD:24.821438, R_squared:-0.026220  
	Validation = MSE:54.409946 , RMSE:7.376310 , MAE:5.327655 , MAPD:24.335221, R_squared:0.020945

2024-03-21 07:37:32,492 Epoch 185/300, Train Loss: 58.728686, Val Loss: 54.304115  
	Train = MSE:58.407139 , RMSE:7.642457 , MAE:5.567629 , MAPD:24.790401, R_squared:-0.011037  
	Validation = MSE:53.653507 , RMSE:7.324855 , MAE:5.299405 , MAPD:24.344524, R_squared:0.034557

2024-03-21 07:37:33,093 Epoch 186/300, Train Loss: 57.402409, Val Loss: 53.557503  
	Train = MSE:57.564384 , RMSE:7.587120 , MAE:5.534091 , MAPD:24.769474, R_squared:0.003551  
	Validation = MSE:52.923851 , RMSE:7.274878 , MAE:5.272451 , MAPD:24.357288, R_squared:0.047686

2024-03-21 07:37:33,695 Epoch 187/300, Train Loss: 56.860266, Val Loss: 52.858963  
	Train = MSE:56.742695 , RMSE:7.532775 , MAE:5.502867 , MAPD:24.760537, R_squared:0.017774  
	Validation = MSE:52.241745 , RMSE:7.227845 , MAE:5.247489 , MAPD:24.377684, R_squared:0.059960

2024-03-21 07:37:34,343 Epoch 188/300, Train Loss: 55.782258, Val Loss: 52.180885  
	Train = MSE:55.976410 , RMSE:7.481739 , MAE:5.473497 , MAPD:24.758501, R_squared:0.031039  
	Validation = MSE:51.579960 , RMSE:7.181919 , MAE:5.224496 , MAPD:24.408377, R_squared:0.071868

2024-03-21 07:37:35,103 Epoch 189/300, Train Loss: 55.381550, Val Loss: 51.536301  
	Train = MSE:55.227127 , RMSE:7.431496 , MAE:5.446565 , MAPD:24.771323, R_squared:0.044009  
	Validation = MSE:50.951244 , RMSE:7.138014 , MAE:5.205325 , MAPD:24.457514, R_squared:0.083181

2024-03-21 07:37:35,755 Epoch 190/300, Train Loss: 54.305440, Val Loss: 50.926252  
	Train = MSE:54.506165 , RMSE:7.382829 , MAE:5.420172 , MAPD:24.778234, R_squared:0.056489  
	Validation = MSE:50.356827 , RMSE:7.096254 , MAE:5.188424 , MAPD:24.517358, R_squared:0.093877

2024-03-21 07:37:36,353 Epoch 191/300, Train Loss: 54.114547, Val Loss: 50.331665  
	Train = MSE:53.835125 , RMSE:7.337242 , MAE:5.396561 , MAPD:24.806720, R_squared:0.068105  
	Validation = MSE:49.777760 , RMSE:7.055336 , MAE:5.172309 , MAPD:24.579725, R_squared:0.104297

2024-03-21 07:37:38,734 Epoch 192/300, Train Loss: 53.467305, Val Loss: 49.768423  
	Train = MSE:53.173988 , RMSE:7.292050 , MAE:5.374475 , MAPD:24.833065, R_squared:0.079549  
	Validation = MSE:49.229755 , RMSE:7.016392 , MAE:5.156973 , MAPD:24.644857, R_squared:0.114158

2024-03-21 07:37:39,397 Epoch 193/300, Train Loss: 52.363679, Val Loss: 49.220873  
	Train = MSE:52.552887 , RMSE:7.249337 , MAE:5.355036 , MAPD:24.882058, R_squared:0.090301  
	Validation = MSE:48.697556 , RMSE:6.978364 , MAE:5.143976 , MAPD:24.723785, R_squared:0.123734

2024-03-21 07:37:40,392 Epoch 194/300, Train Loss: 51.951294, Val Loss: 48.712530  
	Train = MSE:51.945011 , RMSE:7.207289 , MAE:5.336252 , MAPD:24.925321, R_squared:0.100823  
	Validation = MSE:48.203751 , RMSE:6.942892 , MAE:5.133091 , MAPD:24.806843, R_squared:0.132620

2024-03-21 07:37:41,533 Epoch 195/300, Train Loss: 51.207815, Val Loss: 48.228827  
	Train = MSE:51.372276 , RMSE:7.167446 , MAE:5.319238 , MAPD:24.975904, R_squared:0.110737  
	Validation = MSE:47.734413 , RMSE:6.909009 , MAE:5.124027 , MAPD:24.897852, R_squared:0.141065

2024-03-21 07:37:42,401 Epoch 196/300, Train Loss: 50.836867, Val Loss: 47.774191  
	Train = MSE:50.823933 , RMSE:7.129091 , MAE:5.303554 , MAPD:25.027478, R_squared:0.120229  
	Validation = MSE:47.293652 , RMSE:6.877038 , MAE:5.119236 , MAPD:25.010640, R_squared:0.148996

2024-03-21 07:37:43,214 Epoch 197/300, Train Loss: 50.264917, Val Loss: 47.333658  
	Train = MSE:50.303585 , RMSE:7.092502 , MAE:5.291037 , MAPD:25.099009, R_squared:0.129236  
	Validation = MSE:46.866924 , RMSE:6.845942 , MAE:5.113628 , MAPD:25.110714, R_squared:0.156675

2024-03-21 07:37:44,039 Epoch 198/300, Train Loss: 49.734225, Val Loss: 46.921932  
	Train = MSE:49.805031 , RMSE:7.057268 , MAE:5.279151 , MAPD:25.163957, R_squared:0.137866  
	Validation = MSE:46.468624 , RMSE:6.816790 , MAE:5.109692 , MAPD:25.222841, R_squared:0.163842

2024-03-21 07:37:44,968 Epoch 199/300, Train Loss: 49.700363, Val Loss: 46.526190  
	Train = MSE:49.330513 , RMSE:7.023569 , MAE:5.268826 , MAPD:25.241112, R_squared:0.146080  
	Validation = MSE:46.085888 , RMSE:6.788659 , MAE:5.106786 , MAPD:25.332444, R_squared:0.170728

2024-03-21 07:37:45,776 Epoch 200/300, Train Loss: 49.723633, Val Loss: 46.144344  
	Train = MSE:48.879963 , RMSE:6.991421 , MAE:5.259531 , MAPD:25.319922, R_squared:0.153880  
	Validation = MSE:45.717022 , RMSE:6.761436 , MAE:5.105480 , MAPD:25.453731, R_squared:0.177366

2024-03-21 07:37:46,721 Epoch 201/300, Train Loss: 47.770972, Val Loss: 45.774891  
	Train = MSE:48.447311 , RMSE:6.960410 , MAE:5.252069 , MAPD:25.409616, R_squared:0.161369  
	Validation = MSE:45.360615 , RMSE:6.735029 , MAE:5.105165 , MAPD:25.582231, R_squared:0.183779

2024-03-21 07:37:48,617 Epoch 202/300, Train Loss: 48.129417, Val Loss: 45.455971  
	Train = MSE:48.016460 , RMSE:6.929391 , MAE:5.242846 , MAPD:25.474063, R_squared:0.168827  
	Validation = MSE:45.052998 , RMSE:6.712153 , MAE:5.104596 , MAPD:25.688161, R_squared:0.189314

2024-03-21 07:37:49,214 Epoch 203/300, Train Loss: 47.337173, Val Loss: 45.126005  
	Train = MSE:47.651489 , RMSE:6.903006 , MAE:5.239147 , MAPD:25.581678, R_squared:0.175145  
	Validation = MSE:44.735317 , RMSE:6.688447 , MAE:5.105478 , MAPD:25.816840, R_squared:0.195031

2024-03-21 07:37:49,805 Epoch 204/300, Train Loss: 47.288533, Val Loss: 44.824951  
	Train = MSE:47.269470 , RMSE:6.875279 , MAE:5.233191 , MAPD:25.662749, R_squared:0.181757  
	Validation = MSE:44.445786 , RMSE:6.666767 , MAE:5.106174 , MAPD:25.929277, R_squared:0.200241

2024-03-21 07:37:50,396 Epoch 205/300, Train Loss: 46.823853, Val Loss: 44.539783  
	Train = MSE:46.917675 , RMSE:6.849648 , MAE:5.228407 , MAPD:25.750816, R_squared:0.187847  
	Validation = MSE:44.171841 , RMSE:6.646190 , MAE:5.108454 , MAPD:26.054134, R_squared:0.205170

2024-03-21 07:37:50,978 Epoch 206/300, Train Loss: 46.427453, Val Loss: 44.268843  
	Train = MSE:46.578697 , RMSE:6.824859 , MAE:5.224484 , MAPD:25.836965, R_squared:0.193715  
	Validation = MSE:43.911697 , RMSE:6.626590 , MAE:5.109779 , MAPD:26.162457, R_squared:0.209851

2024-03-21 07:37:51,581 Epoch 207/300, Train Loss: 46.424179, Val Loss: 44.012808  
	Train = MSE:46.254551 , RMSE:6.801070 , MAE:5.220312 , MAPD:25.920804, R_squared:0.199326  
	Validation = MSE:43.666317 , RMSE:6.608049 , MAE:5.113192 , MAPD:26.287303, R_squared:0.214266

2024-03-21 07:37:52,158 Epoch 208/300, Train Loss: 45.986651, Val Loss: 43.761030  
	Train = MSE:45.947552 , RMSE:6.778462 , MAE:5.217302 , MAPD:26.007234, R_squared:0.204640  
	Validation = MSE:43.425194 , RMSE:6.589779 , MAE:5.117593 , MAPD:26.413452, R_squared:0.218605

2024-03-21 07:37:52,878 Epoch 209/300, Train Loss: 45.405876, Val Loss: 43.519758  
	Train = MSE:45.652012 , RMSE:6.756627 , MAE:5.215270 , MAPD:26.101164, R_squared:0.209756  
	Validation = MSE:43.194141 , RMSE:6.572225 , MAE:5.121533 , MAPD:26.532764, R_squared:0.222763

2024-03-21 07:37:53,594 Epoch 210/300, Train Loss: 45.288612, Val Loss: 43.287420  
	Train = MSE:45.373310 , RMSE:6.735971 , MAE:5.213188 , MAPD:26.186986, R_squared:0.214580  
	Validation = MSE:42.971386 , RMSE:6.555256 , MAE:5.124861 , MAPD:26.642742, R_squared:0.226771

2024-03-21 07:37:54,211 Epoch 211/300, Train Loss: 44.894181, Val Loss: 43.074028  
	Train = MSE:45.095093 , RMSE:6.715288 , MAE:5.211040 , MAPD:26.269380, R_squared:0.219396  
	Validation = MSE:42.767513 , RMSE:6.539688 , MAE:5.129296 , MAPD:26.758348, R_squared:0.230440

2024-03-21 07:37:56,066 Epoch 212/300, Train Loss: 44.981974, Val Loss: 42.874371  
	Train = MSE:44.830826 , RMSE:6.695582 , MAE:5.207931 , MAPD:26.336504, R_squared:0.223971  
	Validation = MSE:42.576508 , RMSE:6.525068 , MAE:5.132546 , MAPD:26.857267, R_squared:0.233877

2024-03-21 07:37:56,867 Epoch 213/300, Train Loss: 44.633403, Val Loss: 42.676071  
	Train = MSE:44.593529 , RMSE:6.677839 , MAE:5.208545 , MAPD:26.434953, R_squared:0.228078  
	Validation = MSE:42.388039 , RMSE:6.510610 , MAE:5.138038 , MAPD:26.981735, R_squared:0.237268

2024-03-21 07:37:57,491 Epoch 214/300, Train Loss: 44.344269, Val Loss: 42.487679  
	Train = MSE:44.354744 , RMSE:6.659936 , MAE:5.207234 , MAPD:26.516151, R_squared:0.232212  
	Validation = MSE:42.208340 , RMSE:6.496795 , MAE:5.141851 , MAPD:27.085024, R_squared:0.240501

2024-03-21 07:37:58,130 Epoch 215/300, Train Loss: 43.967169, Val Loss: 42.312813  
	Train = MSE:44.125282 , RMSE:6.642686 , MAE:5.206966 , MAPD:26.596839, R_squared:0.236184  
	Validation = MSE:42.041622 , RMSE:6.483951 , MAE:5.145406 , MAPD:27.182721, R_squared:0.243501

2024-03-21 07:37:58,874 Epoch 216/300, Train Loss: 44.256626, Val Loss: 42.150196  
	Train = MSE:43.909817 , RMSE:6.626448 , MAE:5.206336 , MAPD:26.670222, R_squared:0.239914  
	Validation = MSE:41.886646 , RMSE:6.471989 , MAE:5.148867 , MAPD:27.276009, R_squared:0.246290

2024-03-21 07:37:59,534 Epoch 217/300, Train Loss: 43.482572, Val Loss: 41.988382  
	Train = MSE:43.711449 , RMSE:6.611464 , MAE:5.207730 , MAPD:26.758119, R_squared:0.243347  
	Validation = MSE:41.733109 , RMSE:6.460117 , MAE:5.153188 , MAPD:27.380133, R_squared:0.249053

2024-03-21 07:38:00,137 Epoch 218/300, Train Loss: 43.251255, Val Loss: 41.833288  
	Train = MSE:43.519890 , RMSE:6.596961 , MAE:5.208651 , MAPD:26.838577, R_squared:0.246663  
	Validation = MSE:41.585396 , RMSE:6.448674 , MAE:5.155922 , MAPD:27.465407, R_squared:0.251711

2024-03-21 07:38:00,717 Epoch 219/300, Train Loss: 43.173766, Val Loss: 41.694012  
	Train = MSE:43.328178 , RMSE:6.582414 , MAE:5.208364 , MAPD:26.902567, R_squared:0.249982  
	Validation = MSE:41.452881 , RMSE:6.438391 , MAE:5.158335 , MAPD:27.543215, R_squared:0.254095

2024-03-21 07:38:01,309 Epoch 220/300, Train Loss: 43.240503, Val Loss: 41.557966  
	Train = MSE:43.154129 , RMSE:6.569180 , MAE:5.210277 , MAPD:26.986796, R_squared:0.252995  
	Validation = MSE:41.324131 , RMSE:6.428385 , MAE:5.161743 , MAPD:27.633135, R_squared:0.256412

2024-03-21 07:38:01,876 Epoch 221/300, Train Loss: 42.819820, Val Loss: 41.423124  
	Train = MSE:42.986984 , RMSE:6.556446 , MAE:5.212094 , MAPD:27.069472, R_squared:0.255888  
	Validation = MSE:41.196789 , RMSE:6.418472 , MAE:5.165264 , MAPD:27.725584, R_squared:0.258703

2024-03-21 07:38:03,807 Epoch 222/300, Train Loss: 42.493325, Val Loss: 41.291161  
	Train = MSE:42.818619 , RMSE:6.543594 , MAE:5.212016 , MAPD:27.126750, R_squared:0.258802  
	Validation = MSE:41.070248 , RMSE:6.408607 , MAE:5.165766 , MAPD:27.780465, R_squared:0.260980

2024-03-21 07:38:04,479 Epoch 223/300, Train Loss: 42.512655, Val Loss: 41.170858  
	Train = MSE:42.658409 , RMSE:6.531341 , MAE:5.212387 , MAPD:27.188122, R_squared:0.261576  
	Validation = MSE:40.956127 , RMSE:6.399697 , MAE:5.167969 , MAPD:27.851735, R_squared:0.263034

2024-03-21 07:38:05,058 Epoch 224/300, Train Loss: 42.018102, Val Loss: 41.051811  
	Train = MSE:42.509369 , RMSE:6.519921 , MAE:5.213407 , MAPD:27.253894, R_squared:0.264156  
	Validation = MSE:40.842930 , RMSE:6.390847 , MAE:5.169806 , MAPD:27.917756, R_squared:0.265071

2024-03-21 07:38:05,650 Epoch 225/300, Train Loss: 42.495840, Val Loss: 40.937149  
	Train = MSE:42.364796 , RMSE:6.508824 , MAE:5.214674 , MAPD:27.319158, R_squared:0.266658  
	Validation = MSE:40.734375 , RMSE:6.382349 , MAE:5.172441 , MAPD:27.990331, R_squared:0.267024

2024-03-21 07:38:06,219 Epoch 226/300, Train Loss: 42.248516, Val Loss: 40.824301  
	Train = MSE:42.216694 , RMSE:6.497437 , MAE:5.213490 , MAPD:27.358473, R_squared:0.269222  
	Validation = MSE:40.626087 , RMSE:6.373860 , MAE:5.172524 , MAPD:28.032642, R_squared:0.268972

2024-03-21 07:38:06,800 Epoch 227/300, Train Loss: 42.397549, Val Loss: 40.719191  
	Train = MSE:42.077026 , RMSE:6.486681 , MAE:5.214667 , MAPD:27.422875, R_squared:0.271639  
	Validation = MSE:40.527645 , RMSE:6.366133 , MAE:5.176546 , MAPD:28.118142, R_squared:0.270744

2024-03-21 07:38:07,474 Epoch 228/300, Train Loss: 42.005704, Val Loss: 40.607843  
	Train = MSE:41.943897 , RMSE:6.476411 , MAE:5.216491 , MAPD:27.490840, R_squared:0.273944  
	Validation = MSE:40.421684 , RMSE:6.357805 , MAE:5.178144 , MAPD:28.178291, R_squared:0.272650

2024-03-21 07:38:08,241 Epoch 229/300, Train Loss: 41.998261, Val Loss: 40.500641  
	Train = MSE:41.807899 , RMSE:6.465903 , MAE:5.216822 , MAPD:27.543167, R_squared:0.276298  
	Validation = MSE:40.319420 , RMSE:6.349758 , MAE:5.179339 , MAPD:28.231181, R_squared:0.274491

2024-03-21 07:38:08,950 Epoch 230/300, Train Loss: 41.752674, Val Loss: 40.394896  
	Train = MSE:41.677132 , RMSE:6.455783 , MAE:5.216096 , MAPD:27.581795, R_squared:0.278562  
	Validation = MSE:40.217976 , RMSE:6.341764 , MAE:5.179850 , MAPD:28.275152, R_squared:0.276316

2024-03-21 07:38:09,671 Epoch 231/300, Train Loss: 41.435498, Val Loss: 40.295235  
	Train = MSE:41.554890 , RMSE:6.446308 , MAE:5.217476 , MAPD:27.639997, R_squared:0.280678  
	Validation = MSE:40.123951 , RMSE:6.334347 , MAE:5.182463 , MAPD:28.341079, R_squared:0.278008

2024-03-21 07:38:12,170 Epoch 232/300, Train Loss: 41.632394, Val Loss: 40.194376  
	Train = MSE:41.428005 , RMSE:6.436459 , MAE:5.216969 , MAPD:27.680599, R_squared:0.282874  
	Validation = MSE:40.027065 , RMSE:6.326694 , MAE:5.182400 , MAPD:28.377592, R_squared:0.279751

2024-03-21 07:38:12,943 Epoch 233/300, Train Loss: 41.368383, Val Loss: 40.100922  
	Train = MSE:41.306156 , RMSE:6.426987 , MAE:5.216603 , MAPD:27.722163, R_squared:0.284983  
	Validation = MSE:39.938965 , RMSE:6.319728 , MAE:5.184745 , MAPD:28.437602, R_squared:0.281337

2024-03-21 07:38:13,653 Epoch 234/300, Train Loss: 41.286480, Val Loss: 40.002319  
	Train = MSE:41.187687 , RMSE:6.417763 , MAE:5.215480 , MAPD:27.752020, R_squared:0.287034  
	Validation = MSE:39.843750 , RMSE:6.312191 , MAE:5.184115 , MAPD:28.465805, R_squared:0.283050

2024-03-21 07:38:14,242 Epoch 235/300, Train Loss: 41.071765, Val Loss: 39.909719  
	Train = MSE:41.070827 , RMSE:6.408653 , MAE:5.214988 , MAPD:27.790033, R_squared:0.289057  
	Validation = MSE:39.755653 , RMSE:6.305208 , MAE:5.185460 , MAPD:28.512881, R_squared:0.284635

2024-03-21 07:38:14,940 Epoch 236/300, Train Loss: 40.916814, Val Loss: 39.814865  
	Train = MSE:40.958569 , RMSE:6.399888 , MAE:5.214662 , MAPD:27.827768, R_squared:0.291000  
	Validation = MSE:39.664867 , RMSE:6.298005 , MAE:5.186164 , MAPD:28.553182, R_squared:0.286269

2024-03-21 07:38:15,606 Epoch 237/300, Train Loss: 40.856900, Val Loss: 39.718502  
	Train = MSE:40.846992 , RMSE:6.391165 , MAE:5.213710 , MAPD:27.858154, R_squared:0.292932  
	Validation = MSE:39.571896 , RMSE:6.290620 , MAE:5.185765 , MAPD:28.582062, R_squared:0.287942

2024-03-21 07:38:16,348 Epoch 238/300, Train Loss: 40.700383, Val Loss: 39.626598  
	Train = MSE:40.734329 , RMSE:6.382345 , MAE:5.211664 , MAPD:27.876911, R_squared:0.294882  
	Validation = MSE:39.483662 , RMSE:6.283603 , MAE:5.185661 , MAPD:28.613011, R_squared:0.289529

2024-03-21 07:38:17,088 Epoch 239/300, Train Loss: 40.361463, Val Loss: 39.535440  
	Train = MSE:40.626328 , RMSE:6.373878 , MAE:5.210706 , MAPD:27.906721, R_squared:0.296751  
	Validation = MSE:39.396271 , RMSE:6.276645 , MAE:5.185687 , MAPD:28.645571, R_squared:0.291102

2024-03-21 07:38:17,835 Epoch 240/300, Train Loss: 40.382712, Val Loss: 39.445595  
	Train = MSE:40.518177 , RMSE:6.365389 , MAE:5.208621 , MAPD:27.923535, R_squared:0.298623  
	Validation = MSE:39.309696 , RMSE:6.269744 , MAE:5.184916 , MAPD:28.669308, R_squared:0.292660

2024-03-21 07:38:18,544 Epoch 241/300, Train Loss: 40.397082, Val Loss: 39.352757  
	Train = MSE:40.412540 , RMSE:6.357086 , MAE:5.205990 , MAPD:27.934273, R_squared:0.300452  
	Validation = MSE:39.219444 , RMSE:6.262543 , MAE:5.182716 , MAPD:28.678481, R_squared:0.294284

2024-03-21 07:38:20,335 Epoch 242/300, Train Loss: 40.231077, Val Loss: 39.273287  
	Train = MSE:40.311737 , RMSE:6.349153 , MAE:5.206328 , MAPD:27.974964, R_squared:0.302197  
	Validation = MSE:39.145458 , RMSE:6.256633 , MAE:5.185872 , MAPD:28.742055, R_squared:0.295615

2024-03-21 07:38:20,863 Epoch 243/300, Train Loss: 40.184026, Val Loss: 39.175394  
	Train = MSE:40.202324 , RMSE:6.340530 , MAE:5.204849 , MAPD:28.000515, R_squared:0.304091  
	Validation = MSE:39.049328 , RMSE:6.248946 , MAE:5.182277 , MAPD:28.737446, R_squared:0.297345

2024-03-21 07:38:21,437 Epoch 244/300, Train Loss: 40.318292, Val Loss: 39.084959  
	Train = MSE:40.098576 , RMSE:6.332344 , MAE:5.199499 , MAPD:27.980235, R_squared:0.305887  
	Validation = MSE:38.961391 , RMSE:6.241906 , MAE:5.179971 , MAPD:28.744536, R_squared:0.298927

2024-03-21 07:38:21,973 Epoch 245/300, Train Loss: 39.915747, Val Loss: 39.000109  
	Train = MSE:39.998154 , RMSE:6.324409 , MAE:5.199571 , MAPD:28.019453, R_squared:0.307625  
	Validation = MSE:38.880646 , RMSE:6.235435 , MAE:5.180579 , MAPD:28.781979, R_squared:0.300380

2024-03-21 07:38:22,517 Epoch 246/300, Train Loss: 40.214472, Val Loss: 38.903442  
	Train = MSE:39.892197 , RMSE:6.316027 , MAE:5.194892 , MAPD:28.007506, R_squared:0.309459  
	Validation = MSE:38.785080 , RMSE:6.227767 , MAE:5.175636 , MAPD:28.762484, R_squared:0.302100

2024-03-21 07:38:23,063 Epoch 247/300, Train Loss: 39.821898, Val Loss: 38.823767  
	Train = MSE:39.786308 , RMSE:6.307639 , MAE:5.192523 , MAPD:28.022187, R_squared:0.311292  
	Validation = MSE:38.710304 , RMSE:6.221761 , MAE:5.177475 , MAPD:28.810693, R_squared:0.303445

2024-03-21 07:38:23,601 Epoch 248/300, Train Loss: 39.602445, Val Loss: 38.735020  
	Train = MSE:39.689819 , RMSE:6.299986 , MAE:5.193305 , MAPD:28.068598, R_squared:0.312962  
	Validation = MSE:38.624954 , RMSE:6.214898 , MAE:5.176991 , MAPD:28.836350, R_squared:0.304981

2024-03-21 07:38:24,161 Epoch 249/300, Train Loss: 39.705709, Val Loss: 38.636282  
	Train = MSE:39.583458 , RMSE:6.291539 , MAE:5.187540 , MAPD:28.044720, R_squared:0.314804  
	Validation = MSE:38.527176 , RMSE:6.207026 , MAE:5.171708 , MAPD:28.813514, R_squared:0.306740

2024-03-21 07:38:24,695 Epoch 250/300, Train Loss: 39.525502, Val Loss: 38.553123  
	Train = MSE:39.478664 , RMSE:6.283205 , MAE:5.183551 , MAPD:28.040571, R_squared:0.316618  
	Validation = MSE:38.447777 , RMSE:6.200627 , MAE:5.171218 , MAPD:28.837512, R_squared:0.308169

2024-03-21 07:38:25,239 Epoch 251/300, Train Loss: 39.388801, Val Loss: 38.462898  
	Train = MSE:39.379063 , RMSE:6.275274 , MAE:5.181952 , MAPD:28.061696, R_squared:0.318342  
	Validation = MSE:38.360329 , RMSE:6.193572 , MAE:5.169015 , MAPD:28.845454, R_squared:0.309743

2024-03-21 07:38:26,972 Epoch 252/300, Train Loss: 39.530827, Val Loss: 38.369816  
	Train = MSE:39.278755 , RMSE:6.267277 , MAE:5.178632 , MAPD:28.063512, R_squared:0.320078  
	Validation = MSE:38.269791 , RMSE:6.186258 , MAE:5.166393 , MAPD:28.849938, R_squared:0.311372

2024-03-21 07:38:27,489 Epoch 253/300, Train Loss: 39.119378, Val Loss: 38.276983  
	Train = MSE:39.176895 , RMSE:6.259145 , MAE:5.174048 , MAPD:28.052028, R_squared:0.321841  
	Validation = MSE:38.179169 , RMSE:6.178929 , MAE:5.162884 , MAPD:28.844648, R_squared:0.313002

2024-03-21 07:38:28,033 Epoch 254/300, Train Loss: 39.365406, Val Loss: 38.178844  
	Train = MSE:39.074413 , RMSE:6.250953 , MAE:5.168514 , MAPD:28.029292, R_squared:0.323615  
	Validation = MSE:38.081898 , RMSE:6.171053 , MAE:5.156335 , MAPD:28.807902, R_squared:0.314753

2024-03-21 07:38:28,701 Epoch 255/300, Train Loss: 38.782277, Val Loss: 38.098372  
	Train = MSE:38.975094 , RMSE:6.243003 , MAE:5.166070 , MAPD:28.040515, R_squared:0.325334  
	Validation = MSE:38.006039 , RMSE:6.164904 , MAE:5.157515 , MAPD:28.849972, R_squared:0.316118

2024-03-21 07:38:29,379 Epoch 256/300, Train Loss: 38.886937, Val Loss: 37.997330  
	Train = MSE:38.871201 , RMSE:6.234677 , MAE:5.162064 , MAPD:28.036507, R_squared:0.327133  
	Validation = MSE:37.905766 , RMSE:6.156766 , MAE:5.151158 , MAPD:28.816369, R_squared:0.317922

2024-03-21 07:38:29,901 Epoch 257/300, Train Loss: 38.419346, Val Loss: 37.904743  
	Train = MSE:38.769436 , RMSE:6.226511 , MAE:5.156653 , MAPD:28.015198, R_squared:0.328895  
	Validation = MSE:37.815567 , RMSE:6.149436 , MAE:5.147948 , MAPD:28.814612, R_squared:0.319545

2024-03-21 07:38:30,603 Epoch 258/300, Train Loss: 38.960315, Val Loss: 37.810854  
	Train = MSE:38.666389 , RMSE:6.218230 , MAE:5.152438 , MAPD:28.008851, R_squared:0.330678  
	Validation = MSE:37.723713 , RMSE:6.141963 , MAE:5.143865 , MAPD:28.803662, R_squared:0.321198

2024-03-21 07:38:31,310 Epoch 259/300, Train Loss: 38.726824, Val Loss: 37.715115  
	Train = MSE:38.563614 , RMSE:6.209961 , MAE:5.147342 , MAPD:27.991147, R_squared:0.332457  
	Validation = MSE:37.630360 , RMSE:6.134359 , MAE:5.140021 , MAPD:28.796096, R_squared:0.322878

2024-03-21 07:38:31,826 Epoch 260/300, Train Loss: 38.273994, Val Loss: 37.613728  
	Train = MSE:38.458626 , RMSE:6.201502 , MAE:5.142773 , MAPD:27.980835, R_squared:0.334275  
	Validation = MSE:37.531490 , RMSE:6.126295 , MAE:5.135417 , MAPD:28.782276, R_squared:0.324657

2024-03-21 07:38:32,349 Epoch 261/300, Train Loss: 38.288232, Val Loss: 37.460865  
	Train = MSE:38.337807 , RMSE:6.191753 , MAE:5.133676 , MAPD:27.925246, R_squared:0.336366  
	Validation = MSE:37.380856 , RMSE:6.113988 , MAE:5.121926 , MAPD:28.687478, R_squared:0.327367

2024-03-21 07:38:34,067 Epoch 262/300, Train Loss: 37.934599, Val Loss: 37.238361  
	Train = MSE:38.162926 , RMSE:6.177615 , MAE:5.119131 , MAPD:27.829615, R_squared:0.339393  
	Validation = MSE:37.158634 , RMSE:6.095788 , MAE:5.101748 , MAPD:28.551064, R_squared:0.331366

2024-03-21 07:38:34,611 Epoch 263/300, Train Loss: 38.049608, Val Loss: 36.994389  
	Train = MSE:37.933041 , RMSE:6.158980 , MAE:5.096960 , MAPD:27.677747, R_squared:0.343373  
	Validation = MSE:36.914646 , RMSE:6.075742 , MAE:5.079086 , MAPD:28.396324, R_squared:0.335756

2024-03-21 07:38:35,159 Epoch 264/300, Train Loss: 37.778220, Val Loss: 36.852198  
	Train = MSE:37.736565 , RMSE:6.143009 , MAE:5.082450 , MAPD:27.592092, R_squared:0.346774  
	Validation = MSE:36.774323 , RMSE:6.064184 , MAE:5.070199 , MAPD:28.347880, R_squared:0.338281

2024-03-21 07:38:35,688 Epoch 265/300, Train Loss: 37.557062, Val Loss: 36.724770  
	Train = MSE:37.604950 , RMSE:6.132288 , MAE:5.071652 , MAPD:27.520800, R_squared:0.349052  
	Validation = MSE:36.647076 , RMSE:6.053683 , MAE:5.059749 , MAPD:28.279881, R_squared:0.340571

2024-03-21 07:38:36,228 Epoch 266/300, Train Loss: 37.326510, Val Loss: 36.619997  
	Train = MSE:37.486954 , RMSE:6.122659 , MAE:5.064758 , MAPD:27.490517, R_squared:0.351094  
	Validation = MSE:36.545738 , RMSE:6.045307 , MAE:5.056773 , MAPD:28.286720, R_squared:0.342394

2024-03-21 07:38:36,852 Epoch 267/300, Train Loss: 37.577997, Val Loss: 36.514753  
	Train = MSE:37.367130 , RMSE:6.112866 , MAE:5.060723 , MAPD:27.495045, R_squared:0.353169  
	Validation = MSE:36.443584 , RMSE:6.036852 , MAE:5.053097 , MAPD:28.286327, R_squared:0.344233

2024-03-21 07:38:37,562 Epoch 268/300, Train Loss: 37.145365, Val Loss: 36.399490  
	Train = MSE:37.249310 , RMSE:6.103221 , MAE:5.054225 , MAPD:27.469866, R_squared:0.355208  
	Validation = MSE:36.330067 , RMSE:6.027443 , MAE:5.046349 , MAPD:28.255971, R_squared:0.346275

2024-03-21 07:38:38,248 Epoch 269/300, Train Loss: 37.137153, Val Loss: 36.297173  
	Train = MSE:37.128937 , RMSE:6.093352 , MAE:5.048414 , MAPD:27.454203, R_squared:0.357292  
	Validation = MSE:36.230915 , RMSE:6.019212 , MAE:5.042953 , MAPD:28.258158, R_squared:0.348059

2024-03-21 07:38:38,794 Epoch 270/300, Train Loss: 37.079487, Val Loss: 36.189375  
	Train = MSE:37.017265 , RMSE:6.084182 , MAE:5.045644 , MAPD:27.470082, R_squared:0.359225  
	Validation = MSE:36.126148 , RMSE:6.010503 , MAE:5.038852 , MAPD:28.254498, R_squared:0.349945

2024-03-21 07:38:39,336 Epoch 271/300, Train Loss: 36.829761, Val Loss: 36.073542  
	Train = MSE:36.896255 , RMSE:6.074229 , MAE:5.038041 , MAPD:27.433897, R_squared:0.361320  
	Validation = MSE:36.011822 , RMSE:6.000985 , MAE:5.031338 , MAPD:28.215847, R_squared:0.352002

2024-03-21 07:38:41,891 Epoch 272/300, Train Loss: 36.690726, Val Loss: 35.968021  
	Train = MSE:36.781193 , RMSE:6.064750 , MAE:5.031288 , MAPD:27.405522, R_squared:0.363311  
	Validation = MSE:35.909138 , RMSE:5.992424 , MAE:5.026920 , MAPD:28.208032, R_squared:0.353849

2024-03-21 07:38:42,428 Epoch 273/300, Train Loss: 36.553070, Val Loss: 35.854591  
	Train = MSE:36.663395 , RMSE:6.055030 , MAE:5.024430 , MAPD:27.376510, R_squared:0.365350  
	Validation = MSE:35.797009 , RMSE:5.983060 , MAE:5.018956 , MAPD:28.163398, R_squared:0.355867

2024-03-21 07:38:42,977 Epoch 274/300, Train Loss: 36.407257, Val Loss: 35.749319  
	Train = MSE:36.549198 , RMSE:6.045593 , MAE:5.017872 , MAPD:27.349697, R_squared:0.367327  
	Validation = MSE:35.694332 , RMSE:5.974473 , MAE:5.014277 , MAPD:28.152382, R_squared:0.357715

2024-03-21 07:38:43,520 Epoch 275/300, Train Loss: 36.675430, Val Loss: 35.637987  
	Train = MSE:36.434589 , RMSE:6.036107 , MAE:5.011951 , MAPD:27.330295, R_squared:0.369311  
	Validation = MSE:35.584873 , RMSE:5.965306 , MAE:5.007634 , MAPD:28.121493, R_squared:0.359684

2024-03-21 07:38:44,065 Epoch 276/300, Train Loss: 36.455406, Val Loss: 35.518185  
	Train = MSE:36.321041 , RMSE:6.026694 , MAE:5.002966 , MAPD:27.274365, R_squared:0.371277  
	Validation = MSE:35.465988 , RMSE:5.955333 , MAE:4.998016 , MAPD:28.060195, R_squared:0.361824

2024-03-21 07:38:44,596 Epoch 277/300, Train Loss: 36.456554, Val Loss: 35.421425  
	Train = MSE:36.202618 , RMSE:6.016861 , MAE:4.999164 , MAPD:27.281585, R_squared:0.373327  
	Validation = MSE:35.373661 , RMSE:5.947576 , MAE:4.997776 , MAPD:28.095604, R_squared:0.363485

2024-03-21 07:38:45,134 Epoch 278/300, Train Loss: 36.017258, Val Loss: 35.290575  
	Train = MSE:36.079105 , RMSE:6.006588 , MAE:4.992582 , MAPD:27.258099, R_squared:0.375465  
	Validation = MSE:35.243351 , RMSE:5.936611 , MAE:4.987060 , MAPD:28.026229, R_squared:0.365830

2024-03-21 07:38:45,678 Epoch 279/300, Train Loss: 35.777008, Val Loss: 35.176033  
	Train = MSE:35.957069 , RMSE:5.996421 , MAE:4.984019 , MAPD:27.211325, R_squared:0.377577  
	Validation = MSE:35.131760 , RMSE:5.927205 , MAE:4.982106 , MAPD:28.016798, R_squared:0.367838

2024-03-21 07:38:46,225 Epoch 280/300, Train Loss: 35.754107, Val Loss: 35.030354  
	Train = MSE:35.825615 , RMSE:5.985450 , MAE:4.974968 , MAPD:27.164374, R_squared:0.379853  
	Validation = MSE:34.987354 , RMSE:5.915011 , MAE:4.970304 , MAPD:27.942406, R_squared:0.370436

2024-03-21 07:38:46,761 Epoch 281/300, Train Loss: 35.663780, Val Loss: 34.856182  
	Train = MSE:35.669903 , RMSE:5.972428 , MAE:4.966332 , MAPD:27.132730, R_squared:0.382548  
	Validation = MSE:34.818096 , RMSE:5.900686 , MAE:4.961404 , MAPD:27.913688, R_squared:0.373482

2024-03-21 07:38:48,619 Epoch 282/300, Train Loss: 35.429862, Val Loss: 34.633724  
	Train = MSE:35.458748 , RMSE:5.954725 , MAE:4.950435 , MAPD:27.044877, R_squared:0.386203  
	Validation = MSE:34.595715 , RMSE:5.881812 , MAE:4.941462 , MAPD:27.784538, R_squared:0.377483

2024-03-21 07:38:49,220 Epoch 283/300, Train Loss: 35.286444, Val Loss: 34.468269  
	Train = MSE:35.260220 , RMSE:5.938032 , MAE:4.934558 , MAPD:26.949657, R_squared:0.389640  
	Validation = MSE:34.432465 , RMSE:5.867918 , MAE:4.931840 , MAPD:27.739807, R_squared:0.380421

2024-03-21 07:38:49,741 Epoch 284/300, Train Loss: 35.188421, Val Loss: 34.343870  
	Train = MSE:35.104710 , RMSE:5.924923 , MAE:4.927108 , MAPD:26.928611, R_squared:0.392332  
	Validation = MSE:34.310440 , RMSE:5.857512 , MAE:4.926146 , MAPD:27.725289, R_squared:0.382617

2024-03-21 07:38:50,268 Epoch 285/300, Train Loss: 34.946565, Val Loss: 34.223215  
	Train = MSE:34.974808 , RMSE:5.913950 , MAE:4.919895 , MAPD:26.901585, R_squared:0.394580  
	Validation = MSE:34.191715 , RMSE:5.847368 , MAE:4.919310 , MAPD:27.697209, R_squared:0.384753

2024-03-21 07:38:50,814 Epoch 286/300, Train Loss: 35.012709, Val Loss: 34.100157  
	Train = MSE:34.850216 , RMSE:5.903407 , MAE:4.911298 , MAPD:26.856121, R_squared:0.396737  
	Validation = MSE:34.069729 , RMSE:5.836928 , MAE:4.910275 , MAPD:27.645533, R_squared:0.386948

2024-03-21 07:38:51,347 Epoch 287/300, Train Loss: 34.679866, Val Loss: 33.985718  
	Train = MSE:34.727222 , RMSE:5.892981 , MAE:4.903886 , MAPD:26.824514, R_squared:0.398866  
	Validation = MSE:33.957382 , RMSE:5.827296 , MAE:4.904273 , MAPD:27.624846, R_squared:0.388969

2024-03-21 07:38:51,882 Epoch 288/300, Train Loss: 34.515412, Val Loss: 33.865652  
	Train = MSE:34.605476 , RMSE:5.882642 , MAE:4.896254 , MAPD:26.790634, R_squared:0.400973  
	Validation = MSE:33.838451 , RMSE:5.817083 , MAE:4.895830 , MAPD:27.579108, R_squared:0.391110

2024-03-21 07:38:52,464 Epoch 289/300, Train Loss: 34.455749, Val Loss: 33.748899  
	Train = MSE:34.484501 , RMSE:5.872351 , MAE:4.888440 , MAPD:26.753732, R_squared:0.403067  
	Validation = MSE:33.723370 , RMSE:5.807183 , MAE:4.888816 , MAPD:27.548179, R_squared:0.393180

2024-03-21 07:38:53,016 Epoch 290/300, Train Loss: 34.240818, Val Loss: 33.632498  
	Train = MSE:34.361671 , RMSE:5.861883 , MAE:4.880480 , MAPD:26.716147, R_squared:0.405194  
	Validation = MSE:33.608353 , RMSE:5.797271 , MAE:4.881334 , MAPD:27.511978, R_squared:0.395250

2024-03-21 07:38:53,534 Epoch 291/300, Train Loss: 33.994485, Val Loss: 33.522566  
	Train = MSE:34.242794 , RMSE:5.851734 , MAE:4.874645 , MAPD:26.702167, R_squared:0.407251  
	Validation = MSE:33.500927 , RMSE:5.787999 , MAE:4.877000 , MAPD:27.508916, R_squared:0.397183

2024-03-21 07:38:55,252 Epoch 292/300, Train Loss: 34.273185, Val Loss: 33.397280  
	Train = MSE:34.119934 , RMSE:5.841227 , MAE:4.866123 , MAPD:26.658017, R_squared:0.409378  
	Validation = MSE:33.375992 , RMSE:5.777196 , MAE:4.866663 , MAPD:27.444303, R_squared:0.399431

2024-03-21 07:38:55,787 Epoch 293/300, Train Loss: 33.949897, Val Loss: 33.278450  
	Train = MSE:33.997540 , RMSE:5.830741 , MAE:4.856775 , MAPD:26.604436, R_squared:0.411497  
	Validation = MSE:33.258480 , RMSE:5.767016 , MAE:4.859190 , MAPD:27.409723, R_squared:0.401545

2024-03-21 07:38:56,321 Epoch 294/300, Train Loss: 33.793286, Val Loss: 33.170803  
	Train = MSE:33.874901 , RMSE:5.820215 , MAE:4.851887 , MAPD:26.604100, R_squared:0.413620  
	Validation = MSE:33.153362 , RMSE:5.757895 , MAE:4.855765 , MAPD:27.416849, R_squared:0.403437

2024-03-21 07:38:56,855 Epoch 295/300, Train Loss: 33.732733, Val Loss: 33.030107  
	Train = MSE:33.749527 , RMSE:5.809434 , MAE:4.842385 , MAPD:26.550417, R_squared:0.415790  
	Validation = MSE:33.011314 , RMSE:5.745547 , MAE:4.840386 , MAPD:27.302103, R_squared:0.405993

2024-03-21 07:38:57,416 Epoch 296/300, Train Loss: 33.525316, Val Loss: 32.909769  
	Train = MSE:33.623798 , RMSE:5.798603 , MAE:4.831977 , MAPD:26.486038, R_squared:0.417966  
	Validation = MSE:32.892666 , RMSE:5.735213 , MAE:4.834330 , MAPD:27.284948, R_squared:0.408128

2024-03-21 07:38:57,947 Epoch 297/300, Train Loss: 33.409733, Val Loss: 32.781488  
	Train = MSE:33.491096 , RMSE:5.787149 , MAE:4.823688 , MAPD:26.450140, R_squared:0.420263  
	Validation = MSE:32.765236 , RMSE:5.724092 , MAE:4.825016 , MAPD:27.234663, R_squared:0.410421

2024-03-21 07:38:58,484 Epoch 298/300, Train Loss: 33.481198, Val Loss: 32.652582  
	Train = MSE:33.359222 , RMSE:5.775744 , MAE:4.814216 , MAPD:26.400760, R_squared:0.422546  
	Validation = MSE:32.637665 , RMSE:5.712938 , MAE:4.816503 , MAPD:27.194339, R_squared:0.412716

2024-03-21 07:38:59,025 Epoch 299/300, Train Loss: 33.230947, Val Loss: 32.517859  
	Train = MSE:33.223267 , RMSE:5.763963 , MAE:4.805418 , MAPD:26.361547, R_squared:0.424900  
	Validation = MSE:32.504082 , RMSE:5.701235 , MAE:4.807356 , MAPD:27.148730, R_squared:0.415120

2024-03-21 07:38:59,565 Epoch 300/300, Train Loss: 33.197452, Val Loss: 32.380013  
	Train = MSE:33.084652 , RMSE:5.751926 , MAE:4.794943 , MAPD:26.303106, R_squared:0.427299  
	Validation = MSE:32.367916 , RMSE:5.689281 , MAE:4.796809 , MAPD:27.086648, R_squared:0.417570

2024-03-21 07:38:59,567 Time for training the model: 257.815000
2024-03-21 07:39:00,576 MSE for train: 33.008392
2024-03-21 07:39:00,576 RMSE for train: 5.745293
2024-03-21 07:39:00,576 MAE for train: 4.789560
2024-03-21 07:39:00,576 MAPD for train: 26.275562
2024-03-21 07:39:00,576 R^2 Score for train: 0.428619
2024-03-21 07:39:00,579 Inference time for train dataset: 0.197001

2024-03-21 07:39:00,620 MSE for val: 32.367916
2024-03-21 07:39:00,620 RMSE for val: 5.689281
2024-03-21 07:39:00,620 MAE for val: 4.796809
2024-03-21 07:39:00,620 MAPD for val: 27.086648
2024-03-21 07:39:00,620 R^2 Score for val: 0.417570
2024-03-21 07:39:00,624 Inference time for val dataset: 0.041000

2024-03-21 07:39:00,665 MSE for test: 34.566338
2024-03-21 07:39:00,665 RMSE for test: 5.879314
2024-03-21 07:39:00,665 MAE for test: 4.897821
2024-03-21 07:39:00,665 MAPD for test: 25.449922
2024-03-21 07:39:00,665 R^2 Score for test: 0.429497
2024-03-21 07:39:00,668 Inference time for test dataset: 0.041000

2024-03-21 07:39:02,367 Train label average: , [20.62097221]
2024-03-21 07:39:02,368 Test label average: , [21.41736175]
2024-03-21 07:39:02,368 validation label average: , [20.14607025]
2024-03-21 07:39:02,368 predicted (on validation dataset) values average: , 21.0928662109375
