2024-03-21 05:13:27,154 train batches in dataset: 1600
2024-03-21 05:13:27,154 val batches in dataset: 200
2024-03-21 05:13:27,154 test batches in dataset: 200
2024-03-21 05:13:27,172 Trainable parameter: net_core.0.weight - size: torch.Size([256, 35])
2024-03-21 05:13:27,180 Trainable parameter: net_core.0.bias - size: torch.Size([256])
2024-03-21 05:13:27,192 Trainable parameter: net_core.1.weight - size: torch.Size([128, 256])
2024-03-21 05:13:27,204 Trainable parameter: net_core.1.bias - size: torch.Size([128])
2024-03-21 05:13:27,211 Trainable parameter: net_core.2.weight - size: torch.Size([64, 128])
2024-03-21 05:13:27,218 Trainable parameter: net_core.2.bias - size: torch.Size([64])
2024-03-21 05:13:27,224 Trainable parameter: net_core.3.weight - size: torch.Size([16, 64])
2024-03-21 05:13:27,225 Trainable parameter: net_core.3.bias - size: torch.Size([16])
2024-03-21 05:13:27,226 Trainable parameter: net_core.4.weight - size: torch.Size([1, 16])
2024-03-21 05:13:27,226 Trainable parameter: net_core.4.bias - size: torch.Size([1])
2024-03-21 05:13:27,226 Number of trainable parameters: 51425
2024-03-21 05:13:27,226 Number of non-trainable parameters: 0
2024-03-21 05:15:21,793 Epoch 1/300, Train Loss: 10.143641, Val Loss: 0.467824  
	Train = MSE:10.146267 , RMSE:3.185321 , MAE:1.422470 , MAPD:7.652107, R_squared:0.824366  
	Validation = MSE:0.467824 , RMSE:0.683977 , MAE:0.524549 , MAPD:2.503299, R_squared:0.991582

2024-03-21 05:17:06,202 Epoch 2/300, Train Loss: 0.246226, Val Loss: 0.147794  
	Train = MSE:0.246278 , RMSE:0.496264 , MAE:0.373870 , MAPD:1.983850, R_squared:0.995737  
	Validation = MSE:0.147794 , RMSE:0.384440 , MAE:0.320876 , MAPD:1.793858, R_squared:0.997341

2024-03-21 05:18:44,741 Epoch 3/300, Train Loss: 0.200142, Val Loss: 0.090934  
	Train = MSE:0.200135 , RMSE:0.447365 , MAE:0.341691 , MAPD:1.815533, R_squared:0.996536  
	Validation = MSE:0.090934 , RMSE:0.301552 , MAE:0.234101 , MAPD:1.363501, R_squared:0.998364

2024-03-21 05:20:18,928 Epoch 4/300, Train Loss: 0.212023, Val Loss: 0.094011  
	Train = MSE:0.211842 , RMSE:0.460263 , MAE:0.339400 , MAPD:1.778699, R_squared:0.996333  
	Validation = MSE:0.094011 , RMSE:0.306612 , MAE:0.235310 , MAPD:1.263239, R_squared:0.998308

2024-03-21 05:21:48,348 Epoch 5/300, Train Loss: 0.166345, Val Loss: 0.070401  
	Train = MSE:0.166392 , RMSE:0.407912 , MAE:0.315151 , MAPD:1.667760, R_squared:0.997120  
	Validation = MSE:0.070401 , RMSE:0.265331 , MAE:0.186441 , MAPD:0.993520, R_squared:0.998733

2024-03-21 05:23:17,695 Epoch 6/300, Train Loss: 0.168133, Val Loss: 0.061446  
	Train = MSE:0.167970 , RMSE:0.409841 , MAE:0.309261 , MAPD:1.633750, R_squared:0.997092  
	Validation = MSE:0.061446 , RMSE:0.247883 , MAE:0.179715 , MAPD:1.013581, R_squared:0.998894

2024-03-21 05:24:37,652 Epoch 7/300, Train Loss: 0.165141, Val Loss: 0.461079  
	Train = MSE:0.165113 , RMSE:0.406342 , MAE:0.303405 , MAPD:1.581053, R_squared:0.997142  
	Validation = MSE:0.461079 , RMSE:0.679028 , MAE:0.634187 , MAPD:3.489352, R_squared:0.991703

2024-03-21 05:25:55,827 Epoch 8/300, Train Loss: 0.146406, Val Loss: 0.065467  
	Train = MSE:0.146391 , RMSE:0.382611 , MAE:0.287950 , MAPD:1.512769, R_squared:0.997466  
	Validation = MSE:0.065467 , RMSE:0.255866 , MAE:0.193764 , MAPD:1.084176, R_squared:0.998822

2024-03-21 05:27:19,423 Epoch 9/300, Train Loss: 0.146676, Val Loss: 0.151404  
	Train = MSE:0.146588 , RMSE:0.382869 , MAE:0.279233 , MAPD:1.463433, R_squared:0.997463  
	Validation = MSE:0.151404 , RMSE:0.389106 , MAE:0.335319 , MAPD:1.759669, R_squared:0.997276

2024-03-21 05:28:39,537 Epoch 10/300, Train Loss: 0.138529, Val Loss: 0.097866  
	Train = MSE:0.138529 , RMSE:0.372195 , MAE:0.273831 , MAPD:1.424364, R_squared:0.997602  
	Validation = MSE:0.097866 , RMSE:0.312835 , MAE:0.251322 , MAPD:1.366977, R_squared:0.998239

2024-03-21 05:30:05,036 Epoch 11/300, Train Loss: 0.117530, Val Loss: 0.106260  
	Train = MSE:0.117550 , RMSE:0.342856 , MAE:0.260040 , MAPD:1.357742, R_squared:0.997965  
	Validation = MSE:0.106260 , RMSE:0.325976 , MAE:0.242843 , MAPD:1.228272, R_squared:0.998088

2024-03-21 05:31:45,003 Epoch 12/300, Train Loss: 0.131912, Val Loss: 0.104358  
	Train = MSE:0.131945 , RMSE:0.363242 , MAE:0.272006 , MAPD:1.406957, R_squared:0.997716  
	Validation = MSE:0.104358 , RMSE:0.323044 , MAE:0.257954 , MAPD:1.267554, R_squared:0.998122

2024-03-21 05:33:16,476 Epoch 13/300, Train Loss: 0.106057, Val Loss: 0.047953  
	Train = MSE:0.106090 , RMSE:0.325714 , MAE:0.242727 , MAPD:1.248037, R_squared:0.998164  
	Validation = MSE:0.047953 , RMSE:0.218981 , MAE:0.161839 , MAPD:0.880228, R_squared:0.999137

2024-03-21 05:34:39,459 Epoch 14/300, Train Loss: 0.129978, Val Loss: 0.035888  
	Train = MSE:0.130008 , RMSE:0.360566 , MAE:0.267104 , MAPD:1.387211, R_squared:0.997750  
	Validation = MSE:0.035888 , RMSE:0.189441 , MAE:0.136248 , MAPD:0.723161, R_squared:0.999354

2024-03-21 05:36:04,443 Epoch 15/300, Train Loss: 0.090646, Val Loss: 0.060776  
	Train = MSE:0.090660 , RMSE:0.301097 , MAE:0.226729 , MAPD:1.190424, R_squared:0.998431  
	Validation = MSE:0.060776 , RMSE:0.246527 , MAE:0.190874 , MAPD:1.124112, R_squared:0.998906

2024-03-21 05:37:29,759 Epoch 16/300, Train Loss: 0.103500, Val Loss: 0.058209  
	Train = MSE:0.103523 , RMSE:0.321750 , MAE:0.237073 , MAPD:1.222992, R_squared:0.998208  
	Validation = MSE:0.058209 , RMSE:0.241265 , MAE:0.185845 , MAPD:1.022955, R_squared:0.998953

2024-03-21 05:38:57,972 Epoch 17/300, Train Loss: 0.094864, Val Loss: 0.055323  
	Train = MSE:0.094818 , RMSE:0.307926 , MAE:0.231703 , MAPD:1.206800, R_squared:0.998359  
	Validation = MSE:0.055323 , RMSE:0.235209 , MAE:0.167596 , MAPD:0.870081, R_squared:0.999005

2024-03-21 05:40:23,304 Epoch 18/300, Train Loss: 0.075744, Val Loss: 0.035928  
	Train = MSE:0.075756 , RMSE:0.275238 , MAE:0.208037 , MAPD:1.076757, R_squared:0.998689  
	Validation = MSE:0.035928 , RMSE:0.189548 , MAE:0.134126 , MAPD:0.724856, R_squared:0.999354

2024-03-21 05:41:32,328 Epoch 19/300, Train Loss: 0.090158, Val Loss: 0.063263  
	Train = MSE:0.090063 , RMSE:0.300106 , MAE:0.227049 , MAPD:1.181778, R_squared:0.998441  
	Validation = MSE:0.063263 , RMSE:0.251520 , MAE:0.209039 , MAPD:1.257112, R_squared:0.998862

2024-03-21 05:42:37,733 Epoch 20/300, Train Loss: 0.086803, Val Loss: 0.095708  
	Train = MSE:0.086830 , RMSE:0.294670 , MAE:0.222665 , MAPD:1.140657, R_squared:0.998497  
	Validation = MSE:0.095708 , RMSE:0.309368 , MAE:0.229047 , MAPD:1.079263, R_squared:0.998278

2024-03-21 05:43:42,768 Epoch 21/300, Train Loss: 0.083448, Val Loss: 0.068112  
	Train = MSE:0.083473 , RMSE:0.288918 , MAE:0.217492 , MAPD:1.132553, R_squared:0.998555  
	Validation = MSE:0.068112 , RMSE:0.260983 , MAE:0.205995 , MAPD:1.121570, R_squared:0.998774

2024-03-21 05:44:53,207 Epoch 22/300, Train Loss: 0.066651, Val Loss: 0.152044  
	Train = MSE:0.066637 , RMSE:0.258141 , MAE:0.195687 , MAPD:1.006565, R_squared:0.998847  
	Validation = MSE:0.152044 , RMSE:0.389928 , MAE:0.339599 , MAPD:1.798844, R_squared:0.997264

2024-03-21 05:46:02,254 Epoch 23/300, Train Loss: 0.084539, Val Loss: 0.045714  
	Train = MSE:0.084565 , RMSE:0.290801 , MAE:0.220157 , MAPD:1.138540, R_squared:0.998536  
	Validation = MSE:0.045714 , RMSE:0.213809 , MAE:0.155879 , MAPD:0.818209, R_squared:0.999177

2024-03-21 05:47:09,691 Epoch 24/300, Train Loss: 0.069182, Val Loss: 0.034084  
	Train = MSE:0.069203 , RMSE:0.263065 , MAE:0.196511 , MAPD:1.008200, R_squared:0.998802  
	Validation = MSE:0.034084 , RMSE:0.184619 , MAE:0.133623 , MAPD:0.729111, R_squared:0.999387

2024-03-21 05:48:17,796 Epoch 25/300, Train Loss: 0.071701, Val Loss: 0.068437  
	Train = MSE:0.071721 , RMSE:0.267807 , MAE:0.201576 , MAPD:1.043559, R_squared:0.998759  
	Validation = MSE:0.068437 , RMSE:0.261604 , MAE:0.210182 , MAPD:1.026186, R_squared:0.998769

2024-03-21 05:49:27,026 Epoch 26/300, Train Loss: 0.072143, Val Loss: 0.040289  
	Train = MSE:0.072137 , RMSE:0.268583 , MAE:0.202500 , MAPD:1.042551, R_squared:0.998751  
	Validation = MSE:0.040289 , RMSE:0.200721 , MAE:0.163481 , MAPD:0.907254, R_squared:0.999275

2024-03-21 05:50:35,067 Epoch 27/300, Train Loss: 0.071021, Val Loss: 0.030280  
	Train = MSE:0.071031 , RMSE:0.266516 , MAE:0.202462 , MAPD:1.051590, R_squared:0.998770  
	Validation = MSE:0.030280 , RMSE:0.174011 , MAE:0.111061 , MAPD:0.587377, R_squared:0.999455

2024-03-21 05:51:41,956 Epoch 28/300, Train Loss: 0.067505, Val Loss: 0.032697  
	Train = MSE:0.067524 , RMSE:0.259854 , MAE:0.194352 , MAPD:1.008276, R_squared:0.998831  
	Validation = MSE:0.032697 , RMSE:0.180823 , MAE:0.143292 , MAPD:0.777197, R_squared:0.999412

2024-03-21 05:52:51,490 Epoch 29/300, Train Loss: 0.069377, Val Loss: 0.083328  
	Train = MSE:0.069369 , RMSE:0.263379 , MAE:0.201769 , MAPD:1.041428, R_squared:0.998799  
	Validation = MSE:0.083328 , RMSE:0.288667 , MAE:0.240589 , MAPD:1.547440, R_squared:0.998501

2024-03-21 05:54:03,388 Epoch 30/300, Train Loss: 0.057898, Val Loss: 0.038612  
	Train = MSE:0.057889 , RMSE:0.240602 , MAE:0.183339 , MAPD:0.951364, R_squared:0.998998  
	Validation = MSE:0.038612 , RMSE:0.196500 , MAE:0.158358 , MAPD:0.827724, R_squared:0.999305

2024-03-21 05:55:14,839 Epoch 31/300, Train Loss: 0.073794, Val Loss: 0.076489  
	Train = MSE:0.073811 , RMSE:0.271682 , MAE:0.206324 , MAPD:1.058995, R_squared:0.998722  
	Validation = MSE:0.076489 , RMSE:0.276566 , MAE:0.229407 , MAPD:1.250706, R_squared:0.998624

2024-03-21 05:56:31,311 Epoch 32/300, Train Loss: 0.064425, Val Loss: 0.025450  
	Train = MSE:0.064445 , RMSE:0.253861 , MAE:0.189098 , MAPD:0.969498, R_squared:0.998884  
	Validation = MSE:0.025450 , RMSE:0.159530 , MAE:0.121392 , MAPD:0.687565, R_squared:0.999542

2024-03-21 05:57:43,885 Epoch 33/300, Train Loss: 0.065529, Val Loss: 0.027659  
	Train = MSE:0.065549 , RMSE:0.256025 , MAE:0.192483 , MAPD:0.989888, R_squared:0.998865  
	Validation = MSE:0.027659 , RMSE:0.166309 , MAE:0.125868 , MAPD:0.694967, R_squared:0.999502

2024-03-21 05:58:58,569 Epoch 34/300, Train Loss: 0.065493, Val Loss: 0.121101  
	Train = MSE:0.065513 , RMSE:0.255955 , MAE:0.189064 , MAPD:0.973025, R_squared:0.998866  
	Validation = MSE:0.121101 , RMSE:0.347996 , MAE:0.318575 , MAPD:1.904813, R_squared:0.997821

2024-03-21 06:00:09,223 Epoch 35/300, Train Loss: 0.057429, Val Loss: 0.022039  
	Train = MSE:0.057446 , RMSE:0.239680 , MAE:0.181183 , MAPD:0.936875, R_squared:0.999006  
	Validation = MSE:0.022039 , RMSE:0.148456 , MAE:0.104523 , MAPD:0.557271, R_squared:0.999603

2024-03-21 06:01:22,359 Epoch 36/300, Train Loss: 0.051416, Val Loss: 0.027364  
	Train = MSE:0.051420 , RMSE:0.226759 , MAE:0.172111 , MAPD:0.887230, R_squared:0.999110  
	Validation = MSE:0.027364 , RMSE:0.165422 , MAE:0.122765 , MAPD:0.679808, R_squared:0.999508

2024-03-21 06:02:43,967 Epoch 37/300, Train Loss: 0.054899, Val Loss: 0.049271  
	Train = MSE:0.054912 , RMSE:0.234332 , MAE:0.173454 , MAPD:0.891774, R_squared:0.999049  
	Validation = MSE:0.049271 , RMSE:0.221971 , MAE:0.187418 , MAPD:1.042848, R_squared:0.999113

2024-03-21 06:04:06,456 Epoch 38/300, Train Loss: 0.068610, Val Loss: 0.046331  
	Train = MSE:0.068612 , RMSE:0.261940 , MAE:0.198990 , MAPD:1.021745, R_squared:0.998812  
	Validation = MSE:0.046331 , RMSE:0.215246 , MAE:0.182911 , MAPD:0.978347, R_squared:0.999166

2024-03-21 06:05:39,395 Epoch 39/300, Train Loss: 0.062807, Val Loss: 0.065889  
	Train = MSE:0.062826 , RMSE:0.250651 , MAE:0.186697 , MAPD:0.971980, R_squared:0.998912  
	Validation = MSE:0.065889 , RMSE:0.256689 , MAE:0.220270 , MAPD:1.137407, R_squared:0.998814

2024-03-21 06:07:12,263 Epoch 40/300, Train Loss: 0.043409, Val Loss: 0.041771  
	Train = MSE:0.043423 , RMSE:0.208381 , MAE:0.159047 , MAPD:0.820480, R_squared:0.999248  
	Validation = MSE:0.041771 , RMSE:0.204381 , MAE:0.160123 , MAPD:0.860871, R_squared:0.999248

2024-03-21 06:08:33,480 Epoch 41/300, Train Loss: 0.048115, Val Loss: 0.095714  
	Train = MSE:0.048104 , RMSE:0.219326 , MAE:0.168036 , MAPD:0.867871, R_squared:0.999167  
	Validation = MSE:0.095714 , RMSE:0.309376 , MAE:0.277751 , MAPD:1.600609, R_squared:0.998278

2024-03-21 06:09:53,351 Epoch 42/300, Train Loss: 0.054461, Val Loss: 0.056013  
	Train = MSE:0.054477 , RMSE:0.233403 , MAE:0.172672 , MAPD:0.883677, R_squared:0.999057  
	Validation = MSE:0.056013 , RMSE:0.236672 , MAE:0.197391 , MAPD:1.240175, R_squared:0.998992

2024-03-21 06:11:17,775 Epoch 43/300, Train Loss: 0.047597, Val Loss: 0.083109  
	Train = MSE:0.047568 , RMSE:0.218100 , MAE:0.164362 , MAPD:0.856341, R_squared:0.999177  
	Validation = MSE:0.083109 , RMSE:0.288287 , MAE:0.237453 , MAPD:1.270278, R_squared:0.998505

2024-03-21 06:12:36,100 Epoch 44/300, Train Loss: 0.050634, Val Loss: 0.019688  
	Train = MSE:0.050640 , RMSE:0.225034 , MAE:0.170336 , MAPD:0.874399, R_squared:0.999123  
	Validation = MSE:0.019688 , RMSE:0.140313 , MAE:0.098156 , MAPD:0.516167, R_squared:0.999646

2024-03-21 06:13:58,303 Epoch 45/300, Train Loss: 0.049478, Val Loss: 0.038316  
	Train = MSE:0.049471 , RMSE:0.222422 , MAE:0.170827 , MAPD:0.884452, R_squared:0.999144  
	Validation = MSE:0.038316 , RMSE:0.195744 , MAE:0.157287 , MAPD:0.862667, R_squared:0.999311

2024-03-21 06:15:24,320 Epoch 46/300, Train Loss: 0.049751, Val Loss: 0.046888  
	Train = MSE:0.049765 , RMSE:0.223080 , MAE:0.167396 , MAPD:0.873049, R_squared:0.999139  
	Validation = MSE:0.046888 , RMSE:0.216537 , MAE:0.176195 , MAPD:0.993858, R_squared:0.999156

2024-03-21 06:16:42,486 Epoch 47/300, Train Loss: 0.050475, Val Loss: 0.055852  
	Train = MSE:0.050487 , RMSE:0.224693 , MAE:0.172723 , MAPD:0.896717, R_squared:0.999126  
	Validation = MSE:0.055852 , RMSE:0.236330 , MAE:0.194830 , MAPD:1.035483, R_squared:0.998995

2024-03-21 06:18:04,332 Epoch 48/300, Train Loss: 0.050456, Val Loss: 0.257458  
	Train = MSE:0.050466 , RMSE:0.224646 , MAE:0.167628 , MAPD:0.864122, R_squared:0.999126  
	Validation = MSE:0.257458 , RMSE:0.507403 , MAE:0.475138 , MAPD:2.508514, R_squared:0.995367

2024-03-21 06:19:26,681 Epoch 49/300, Train Loss: 0.045773, Val Loss: 0.036695  
	Train = MSE:0.045787 , RMSE:0.213978 , MAE:0.161139 , MAPD:0.829763, R_squared:0.999207  
	Validation = MSE:0.036695 , RMSE:0.191560 , MAE:0.164582 , MAPD:0.935766, R_squared:0.999340

2024-03-21 06:20:46,352 Epoch 50/300, Train Loss: 0.047555, Val Loss: 0.019587  
	Train = MSE:0.047570 , RMSE:0.218105 , MAE:0.163662 , MAPD:0.846176, R_squared:0.999177  
	Validation = MSE:0.019587 , RMSE:0.139952 , MAE:0.098239 , MAPD:0.550528, R_squared:0.999648

2024-03-21 06:22:04,911 Epoch 51/300, Train Loss: 0.052795, Val Loss: 0.068637  
	Train = MSE:0.052811 , RMSE:0.229807 , MAE:0.175139 , MAPD:0.911071, R_squared:0.999086  
	Validation = MSE:0.068637 , RMSE:0.261987 , MAE:0.214443 , MAPD:1.032898, R_squared:0.998765

2024-03-21 06:23:28,875 Epoch 52/300, Train Loss: 0.049935, Val Loss: 0.086222  
	Train = MSE:0.049948 , RMSE:0.223491 , MAE:0.172544 , MAPD:0.890850, R_squared:0.999135  
	Validation = MSE:0.086222 , RMSE:0.293636 , MAE:0.255627 , MAPD:1.296147, R_squared:0.998449

2024-03-21 06:24:50,233 Epoch 53/300, Train Loss: 0.048559, Val Loss: 0.038209  
	Train = MSE:0.048550 , RMSE:0.220341 , MAE:0.168862 , MAPD:0.872244, R_squared:0.999160  
	Validation = MSE:0.038209 , RMSE:0.195471 , MAE:0.153283 , MAPD:0.814881, R_squared:0.999312

2024-03-21 06:26:11,984 Epoch 54/300, Train Loss: 0.042939, Val Loss: 0.086899  
	Train = MSE:0.042949 , RMSE:0.207242 , MAE:0.155756 , MAPD:0.815761, R_squared:0.999257  
	Validation = MSE:0.086899 , RMSE:0.294786 , MAE:0.232151 , MAPD:1.075271, R_squared:0.998436

2024-03-21 06:27:33,536 Epoch 55/300, Train Loss: 0.042023, Val Loss: 0.020081  
	Train = MSE:0.042036 , RMSE:0.205026 , MAE:0.156083 , MAPD:0.802889, R_squared:0.999272  
	Validation = MSE:0.020081 , RMSE:0.141706 , MAE:0.102748 , MAPD:0.546458, R_squared:0.999639

2024-03-21 06:28:41,613 Epoch 56/300, Train Loss: 0.049512, Val Loss: 0.233227  
	Train = MSE:0.049319 , RMSE:0.222079 , MAE:0.166814 , MAPD:0.865575, R_squared:0.999146  
	Validation = MSE:0.233227 , RMSE:0.482936 , MAE:0.443536 , MAPD:2.226663, R_squared:0.995803

2024-03-21 06:29:51,539 Epoch 57/300, Train Loss: 0.043687, Val Loss: 0.046511  
	Train = MSE:0.043688 , RMSE:0.209017 , MAE:0.158324 , MAPD:0.825165, R_squared:0.999244  
	Validation = MSE:0.046511 , RMSE:0.215663 , MAE:0.176596 , MAPD:0.866685, R_squared:0.999163

2024-03-21 06:31:05,645 Epoch 58/300, Train Loss: 0.047141, Val Loss: 0.024693  
	Train = MSE:0.047152 , RMSE:0.217146 , MAE:0.163460 , MAPD:0.845863, R_squared:0.999184  
	Validation = MSE:0.024693 , RMSE:0.157141 , MAE:0.117179 , MAPD:0.610511, R_squared:0.999556

2024-03-21 06:32:18,965 Epoch 59/300, Train Loss: 0.041567, Val Loss: 0.131234  
	Train = MSE:0.041570 , RMSE:0.203888 , MAE:0.156166 , MAPD:0.814991, R_squared:0.999280  
	Validation = MSE:0.131234 , RMSE:0.362263 , MAE:0.321563 , MAPD:1.599236, R_squared:0.997639

2024-03-21 06:33:39,902 Epoch 60/300, Train Loss: 0.036374, Val Loss: 0.028646  
	Train = MSE:0.036362 , RMSE:0.190688 , MAE:0.147501 , MAPD:0.763952, R_squared:0.999371  
	Validation = MSE:0.028646 , RMSE:0.169250 , MAE:0.136789 , MAPD:0.792095, R_squared:0.999485

2024-03-21 06:35:11,916 Epoch 61/300, Train Loss: 0.041278, Val Loss: 0.044513  
	Train = MSE:0.041289 , RMSE:0.203197 , MAE:0.152556 , MAPD:0.778115, R_squared:0.999285  
	Validation = MSE:0.044513 , RMSE:0.210980 , MAE:0.176854 , MAPD:0.913817, R_squared:0.999199

2024-03-21 06:36:40,615 Epoch 62/300, Train Loss: 0.040743, Val Loss: 0.021520  
	Train = MSE:0.040754 , RMSE:0.201877 , MAE:0.154351 , MAPD:0.795000, R_squared:0.999295  
	Validation = MSE:0.021520 , RMSE:0.146698 , MAE:0.104661 , MAPD:0.570250, R_squared:0.999613

2024-03-21 06:38:06,337 Epoch 63/300, Train Loss: 0.038287, Val Loss: 0.033847  
	Train = MSE:0.038299 , RMSE:0.195700 , MAE:0.151258 , MAPD:0.788123, R_squared:0.999337  
	Validation = MSE:0.033847 , RMSE:0.183976 , MAE:0.142691 , MAPD:0.787533, R_squared:0.999391

2024-03-21 06:39:29,311 Epoch 64/300, Train Loss: 0.043214, Val Loss: 0.053737  
	Train = MSE:0.043210 , RMSE:0.207871 , MAE:0.160160 , MAPD:0.834933, R_squared:0.999252  
	Validation = MSE:0.053737 , RMSE:0.231813 , MAE:0.206172 , MAPD:1.191456, R_squared:0.999033

2024-03-21 06:40:50,711 Epoch 65/300, Train Loss: 0.041982, Val Loss: 0.017988  
	Train = MSE:0.041986 , RMSE:0.204905 , MAE:0.155773 , MAPD:0.804939, R_squared:0.999273  
	Validation = MSE:0.017988 , RMSE:0.134121 , MAE:0.098499 , MAPD:0.535381, R_squared:0.999676

2024-03-21 06:42:06,452 Epoch 66/300, Train Loss: 0.042148, Val Loss: 0.018232  
	Train = MSE:0.042152 , RMSE:0.205309 , MAE:0.155365 , MAPD:0.801796, R_squared:0.999270  
	Validation = MSE:0.018232 , RMSE:0.135026 , MAE:0.099606 , MAPD:0.547117, R_squared:0.999672

2024-03-21 06:43:15,425 Epoch 67/300, Train Loss: 0.037860, Val Loss: 0.036841  
	Train = MSE:0.037868 , RMSE:0.194598 , MAE:0.150562 , MAPD:0.785456, R_squared:0.999344  
	Validation = MSE:0.036841 , RMSE:0.191940 , MAE:0.162534 , MAPD:0.895156, R_squared:0.999337

2024-03-21 06:44:20,141 Epoch 68/300, Train Loss: 0.039335, Val Loss: 0.015362  
	Train = MSE:0.039342 , RMSE:0.198348 , MAE:0.149303 , MAPD:0.766051, R_squared:0.999319  
	Validation = MSE:0.015362 , RMSE:0.123942 , MAE:0.083683 , MAPD:0.448334, R_squared:0.999724

2024-03-21 06:45:22,287 Epoch 69/300, Train Loss: 0.038242, Val Loss: 0.045193  
	Train = MSE:0.038249 , RMSE:0.195573 , MAE:0.150033 , MAPD:0.778177, R_squared:0.999338  
	Validation = MSE:0.045193 , RMSE:0.212588 , MAE:0.161859 , MAPD:0.773664, R_squared:0.999187

2024-03-21 06:46:25,820 Epoch 70/300, Train Loss: 0.036239, Val Loss: 0.016800  
	Train = MSE:0.036246 , RMSE:0.190384 , MAE:0.145903 , MAPD:0.755826, R_squared:0.999373  
	Validation = MSE:0.016800 , RMSE:0.129616 , MAE:0.089703 , MAPD:0.479056, R_squared:0.999698

2024-03-21 06:47:28,935 Epoch 71/300, Train Loss: 0.036778, Val Loss: 0.020920  
	Train = MSE:0.036788 , RMSE:0.191801 , MAE:0.148627 , MAPD:0.766712, R_squared:0.999363  
	Validation = MSE:0.020920 , RMSE:0.144639 , MAE:0.103044 , MAPD:0.547788, R_squared:0.999624

2024-03-21 06:48:34,896 Epoch 72/300, Train Loss: 0.043670, Val Loss: 0.042399  
	Train = MSE:0.043683 , RMSE:0.209006 , MAE:0.155436 , MAPD:0.796664, R_squared:0.999244  
	Validation = MSE:0.042399 , RMSE:0.205909 , MAE:0.155747 , MAPD:0.737946, R_squared:0.999237

2024-03-21 06:49:40,575 Epoch 73/300, Train Loss: 0.040287, Val Loss: 0.022502  
	Train = MSE:0.040297 , RMSE:0.200741 , MAE:0.152697 , MAPD:0.789343, R_squared:0.999302  
	Validation = MSE:0.022502 , RMSE:0.150007 , MAE:0.113235 , MAPD:0.622855, R_squared:0.999595

2024-03-21 06:50:43,833 Epoch 74/300, Train Loss: 0.035809, Val Loss: 0.021718  
	Train = MSE:0.035816 , RMSE:0.189252 , MAE:0.143062 , MAPD:0.743690, R_squared:0.999380  
	Validation = MSE:0.021718 , RMSE:0.147371 , MAE:0.109563 , MAPD:0.569053, R_squared:0.999609

2024-03-21 06:51:48,060 Epoch 75/300, Train Loss: 0.036990, Val Loss: 0.030393  
	Train = MSE:0.036999 , RMSE:0.192351 , MAE:0.146399 , MAPD:0.757239, R_squared:0.999360  
	Validation = MSE:0.030393 , RMSE:0.174336 , MAE:0.141183 , MAPD:0.748385, R_squared:0.999453

2024-03-21 06:52:51,451 Epoch 76/300, Train Loss: 0.031420, Val Loss: 0.028034  
	Train = MSE:0.031419 , RMSE:0.177253 , MAE:0.133620 , MAPD:0.696745, R_squared:0.999456  
	Validation = MSE:0.028034 , RMSE:0.167435 , MAE:0.122109 , MAPD:0.646937, R_squared:0.999496

2024-03-21 06:53:54,479 Epoch 77/300, Train Loss: 0.035781, Val Loss: 0.035646  
	Train = MSE:0.035748 , RMSE:0.189071 , MAE:0.144174 , MAPD:0.745896, R_squared:0.999381  
	Validation = MSE:0.035646 , RMSE:0.188802 , MAE:0.150865 , MAPD:0.830889, R_squared:0.999359

2024-03-21 06:54:58,933 Epoch 78/300, Train Loss: 0.031094, Val Loss: 0.022439  
	Train = MSE:0.031090 , RMSE:0.176324 , MAE:0.133557 , MAPD:0.684261, R_squared:0.999462  
	Validation = MSE:0.022439 , RMSE:0.149797 , MAE:0.110961 , MAPD:0.604097, R_squared:0.999596

2024-03-21 06:56:04,458 Epoch 79/300, Train Loss: 0.037528, Val Loss: 0.051402  
	Train = MSE:0.037539 , RMSE:0.193749 , MAE:0.149093 , MAPD:0.778704, R_squared:0.999350  
	Validation = MSE:0.051402 , RMSE:0.226720 , MAE:0.188772 , MAPD:0.952952, R_squared:0.999075

2024-03-21 06:57:08,055 Epoch 80/300, Train Loss: 0.038617, Val Loss: 0.021249  
	Train = MSE:0.038620 , RMSE:0.196520 , MAE:0.151068 , MAPD:0.779937, R_squared:0.999331  
	Validation = MSE:0.021249 , RMSE:0.145769 , MAE:0.103520 , MAPD:0.556755, R_squared:0.999618

2024-03-21 06:58:09,745 Epoch 81/300, Train Loss: 0.036256, Val Loss: 0.066290  
	Train = MSE:0.036221 , RMSE:0.190319 , MAE:0.144512 , MAPD:0.747421, R_squared:0.999373  
	Validation = MSE:0.066290 , RMSE:0.257469 , MAE:0.233603 , MAPD:1.369670, R_squared:0.998807

2024-03-21 06:59:18,051 Epoch 82/300, Train Loss: 0.035586, Val Loss: 0.018159  
	Train = MSE:0.035597 , RMSE:0.188673 , MAE:0.144187 , MAPD:0.744965, R_squared:0.999384  
	Validation = MSE:0.018159 , RMSE:0.134757 , MAE:0.092371 , MAPD:0.475241, R_squared:0.999673

2024-03-21 07:00:24,387 Epoch 83/300, Train Loss: 0.036212, Val Loss: 0.026771  
	Train = MSE:0.036218 , RMSE:0.190311 , MAE:0.142417 , MAPD:0.731570, R_squared:0.999373  
	Validation = MSE:0.026771 , RMSE:0.163619 , MAE:0.122036 , MAPD:0.695324, R_squared:0.999518

2024-03-21 07:01:29,143 Epoch 84/300, Train Loss: 0.035775, Val Loss: 0.056489  
	Train = MSE:0.035787 , RMSE:0.189173 , MAE:0.143044 , MAPD:0.746272, R_squared:0.999381  
	Validation = MSE:0.056489 , RMSE:0.237674 , MAE:0.172829 , MAPD:0.820644, R_squared:0.998984

2024-03-21 07:02:33,762 Epoch 85/300, Train Loss: 0.037737, Val Loss: 0.019188  
	Train = MSE:0.037746 , RMSE:0.194284 , MAE:0.145937 , MAPD:0.759101, R_squared:0.999347  
	Validation = MSE:0.019188 , RMSE:0.138520 , MAE:0.102657 , MAPD:0.544226, R_squared:0.999655

2024-03-21 07:03:41,171 Epoch 86/300, Train Loss: 0.030862, Val Loss: 0.167660  
	Train = MSE:0.030809 , RMSE:0.175525 , MAE:0.132424 , MAPD:0.680909, R_squared:0.999467  
	Validation = MSE:0.167660 , RMSE:0.409463 , MAE:0.382078 , MAPD:2.037622, R_squared:0.996983

2024-03-21 07:04:47,539 Epoch 87/300, Train Loss: 0.029355, Val Loss: 0.024491  
	Train = MSE:0.029364 , RMSE:0.171359 , MAE:0.128091 , MAPD:0.660094, R_squared:0.999492  
	Validation = MSE:0.024491 , RMSE:0.156494 , MAE:0.120349 , MAPD:0.629172, R_squared:0.999559

2024-03-21 07:05:54,016 Epoch 88/300, Train Loss: 0.034066, Val Loss: 0.063185  
	Train = MSE:0.034076 , RMSE:0.184596 , MAE:0.142308 , MAPD:0.746111, R_squared:0.999410  
	Validation = MSE:0.063185 , RMSE:0.251367 , MAE:0.228846 , MAPD:1.242233, R_squared:0.998863

2024-03-21 07:07:00,748 Epoch 89/300, Train Loss: 0.030928, Val Loss: 0.017787  
	Train = MSE:0.030937 , RMSE:0.175890 , MAE:0.136391 , MAPD:0.712421, R_squared:0.999464  
	Validation = MSE:0.017787 , RMSE:0.133368 , MAE:0.098158 , MAPD:0.513871, R_squared:0.999680

2024-03-21 07:08:08,270 Epoch 90/300, Train Loss: 0.029896, Val Loss: 0.022267  
	Train = MSE:0.029904 , RMSE:0.172927 , MAE:0.131561 , MAPD:0.677978, R_squared:0.999482  
	Validation = MSE:0.022267 , RMSE:0.149220 , MAE:0.112946 , MAPD:0.592662, R_squared:0.999599

2024-03-21 07:09:12,902 Epoch 91/300, Train Loss: 0.032999, Val Loss: 0.035592  
	Train = MSE:0.033009 , RMSE:0.181685 , MAE:0.139375 , MAPD:0.716634, R_squared:0.999429  
	Validation = MSE:0.035592 , RMSE:0.188659 , MAE:0.160830 , MAPD:0.913994, R_squared:0.999360

2024-03-21 07:10:21,108 Epoch 92/300, Train Loss: 0.031373, Val Loss: 0.015401  
	Train = MSE:0.031382 , RMSE:0.177150 , MAE:0.133877 , MAPD:0.691817, R_squared:0.999457  
	Validation = MSE:0.015401 , RMSE:0.124101 , MAE:0.087430 , MAPD:0.489242, R_squared:0.999723

2024-03-21 07:11:27,039 Epoch 93/300, Train Loss: 0.032947, Val Loss: 0.042031  
	Train = MSE:0.032906 , RMSE:0.181400 , MAE:0.137687 , MAPD:0.714775, R_squared:0.999430  
	Validation = MSE:0.042031 , RMSE:0.205014 , MAE:0.170951 , MAPD:1.008175, R_squared:0.999244

2024-03-21 07:12:23,946 Epoch 94/300, Train Loss: 0.036221, Val Loss: 0.033555  
	Train = MSE:0.036221 , RMSE:0.190318 , MAE:0.141300 , MAPD:0.732800, R_squared:0.999373  
	Validation = MSE:0.033555 , RMSE:0.183181 , MAE:0.152447 , MAPD:0.905245, R_squared:0.999396

2024-03-21 07:13:23,121 Epoch 95/300, Train Loss: 0.028738, Val Loss: 0.029363  
	Train = MSE:0.028747 , RMSE:0.169549 , MAE:0.128557 , MAPD:0.660885, R_squared:0.999502  
	Validation = MSE:0.029363 , RMSE:0.171357 , MAE:0.132105 , MAPD:0.748171, R_squared:0.999472

2024-03-21 07:14:19,352 Epoch 96/300, Train Loss: 0.033492, Val Loss: 0.014125  
	Train = MSE:0.033471 , RMSE:0.182951 , MAE:0.140074 , MAPD:0.725516, R_squared:0.999421  
	Validation = MSE:0.014125 , RMSE:0.118849 , MAE:0.082930 , MAPD:0.439749, R_squared:0.999746

2024-03-21 07:15:15,869 Epoch 97/300, Train Loss: 0.031790, Val Loss: 0.021062  
	Train = MSE:0.031800 , RMSE:0.178325 , MAE:0.137145 , MAPD:0.714369, R_squared:0.999450  
	Validation = MSE:0.021062 , RMSE:0.145129 , MAE:0.113644 , MAPD:0.611173, R_squared:0.999621

2024-03-21 07:16:17,563 Epoch 98/300, Train Loss: 0.028771, Val Loss: 0.078395  
	Train = MSE:0.028780 , RMSE:0.169647 , MAE:0.128894 , MAPD:0.670924, R_squared:0.999502  
	Validation = MSE:0.078395 , RMSE:0.279991 , MAE:0.228700 , MAPD:1.117908, R_squared:0.998589

2024-03-21 07:17:19,212 Epoch 99/300, Train Loss: 0.032934, Val Loss: 0.090641  
	Train = MSE:0.032920 , RMSE:0.181439 , MAE:0.139513 , MAPD:0.723451, R_squared:0.999430  
	Validation = MSE:0.090641 , RMSE:0.301066 , MAE:0.273338 , MAPD:1.450594, R_squared:0.998369

2024-03-21 07:18:21,249 Epoch 100/300, Train Loss: 0.033273, Val Loss: 0.039876  
	Train = MSE:0.033275 , RMSE:0.182415 , MAE:0.137417 , MAPD:0.715469, R_squared:0.999424  
	Validation = MSE:0.039876 , RMSE:0.199690 , MAE:0.161311 , MAPD:0.938806, R_squared:0.999282

2024-03-21 07:19:34,020 Epoch 101/300, Train Loss: 0.026706, Val Loss: 0.015899  
	Train = MSE:0.026711 , RMSE:0.163436 , MAE:0.125266 , MAPD:0.652960, R_squared:0.999538  
	Validation = MSE:0.015899 , RMSE:0.126092 , MAE:0.086001 , MAPD:0.458127, R_squared:0.999714

2024-03-21 07:20:47,000 Epoch 102/300, Train Loss: 0.030410, Val Loss: 0.127115  
	Train = MSE:0.030401 , RMSE:0.174360 , MAE:0.133036 , MAPD:0.683712, R_squared:0.999474  
	Validation = MSE:0.127115 , RMSE:0.356532 , MAE:0.331022 , MAPD:2.012009, R_squared:0.997713

2024-03-21 07:22:02,287 Epoch 103/300, Train Loss: 0.026623, Val Loss: 0.016989  
	Train = MSE:0.026623 , RMSE:0.163167 , MAE:0.124045 , MAPD:0.642802, R_squared:0.999539  
	Validation = MSE:0.016989 , RMSE:0.130342 , MAE:0.093845 , MAPD:0.477161, R_squared:0.999694

2024-03-21 07:23:13,189 Epoch 104/300, Train Loss: 0.032496, Val Loss: 0.013916  
	Train = MSE:0.032504 , RMSE:0.180289 , MAE:0.137330 , MAPD:0.708360, R_squared:0.999437  
	Validation = MSE:0.013916 , RMSE:0.117968 , MAE:0.079912 , MAPD:0.430455, R_squared:0.999750

2024-03-21 07:24:17,251 Epoch 105/300, Train Loss: 0.031076, Val Loss: 0.018945  
	Train = MSE:0.031074 , RMSE:0.176279 , MAE:0.135304 , MAPD:0.701862, R_squared:0.999462  
	Validation = MSE:0.018945 , RMSE:0.137641 , MAE:0.104467 , MAPD:0.552717, R_squared:0.999659

2024-03-21 07:25:19,352 Epoch 106/300, Train Loss: 0.030318, Val Loss: 0.036645  
	Train = MSE:0.030327 , RMSE:0.174147 , MAE:0.134430 , MAPD:0.695874, R_squared:0.999475  
	Validation = MSE:0.036645 , RMSE:0.191428 , MAE:0.144642 , MAPD:0.694558, R_squared:0.999341

2024-03-21 07:26:25,281 Epoch 107/300, Train Loss: 0.029886, Val Loss: 0.027961  
	Train = MSE:0.029895 , RMSE:0.172902 , MAE:0.132038 , MAPD:0.680222, R_squared:0.999483  
	Validation = MSE:0.027961 , RMSE:0.167217 , MAE:0.131137 , MAPD:0.751931, R_squared:0.999497

2024-03-21 07:27:34,481 Epoch 108/300, Train Loss: 0.026312, Val Loss: 0.024302  
	Train = MSE:0.026315 , RMSE:0.162219 , MAE:0.125275 , MAPD:0.652780, R_squared:0.999544  
	Validation = MSE:0.024302 , RMSE:0.155890 , MAE:0.111755 , MAPD:0.587390, R_squared:0.999563

2024-03-21 07:28:44,115 Epoch 109/300, Train Loss: 0.027937, Val Loss: 0.018229  
	Train = MSE:0.027945 , RMSE:0.167169 , MAE:0.128832 , MAPD:0.671560, R_squared:0.999516  
	Validation = MSE:0.018229 , RMSE:0.135014 , MAE:0.103037 , MAPD:0.574306, R_squared:0.999672

2024-03-21 07:29:54,161 Epoch 110/300, Train Loss: 0.033173, Val Loss: 0.025860  
	Train = MSE:0.033177 , RMSE:0.182146 , MAE:0.134569 , MAPD:0.693427, R_squared:0.999426  
	Validation = MSE:0.025860 , RMSE:0.160810 , MAE:0.125608 , MAPD:0.712631, R_squared:0.999535

2024-03-21 07:31:00,414 Epoch 111/300, Train Loss: 0.029801, Val Loss: 0.017953  
	Train = MSE:0.029806 , RMSE:0.172644 , MAE:0.130560 , MAPD:0.682502, R_squared:0.999484  
	Validation = MSE:0.017953 , RMSE:0.133989 , MAE:0.094293 , MAPD:0.492148, R_squared:0.999677

2024-03-21 07:32:10,609 Epoch 112/300, Train Loss: 0.031180, Val Loss: 0.053138  
	Train = MSE:0.031190 , RMSE:0.176607 , MAE:0.126334 , MAPD:0.652357, R_squared:0.999460  
	Validation = MSE:0.053138 , RMSE:0.230518 , MAE:0.194598 , MAPD:1.024653, R_squared:0.999044

2024-03-21 07:33:19,681 Epoch 113/300, Train Loss: 0.034919, Val Loss: 0.036124  
	Train = MSE:0.034930 , RMSE:0.186895 , MAE:0.143286 , MAPD:0.739635, R_squared:0.999395  
	Validation = MSE:0.036124 , RMSE:0.190063 , MAE:0.155863 , MAPD:0.767949, R_squared:0.999350

2024-03-21 07:34:29,951 Epoch 114/300, Train Loss: 0.030264, Val Loss: 0.015930  
	Train = MSE:0.030229 , RMSE:0.173864 , MAE:0.130730 , MAPD:0.677755, R_squared:0.999477  
	Validation = MSE:0.015930 , RMSE:0.126215 , MAE:0.089951 , MAPD:0.482064, R_squared:0.999713

2024-03-21 07:35:49,261 Epoch 115/300, Train Loss: 0.027592, Val Loss: 0.014832  
	Train = MSE:0.027601 , RMSE:0.166134 , MAE:0.126951 , MAPD:0.658292, R_squared:0.999522  
	Validation = MSE:0.014832 , RMSE:0.121788 , MAE:0.085959 , MAPD:0.456931, R_squared:0.999733

2024-03-21 07:36:59,790 Epoch 116/300, Train Loss: 0.028743, Val Loss: 0.018079  
	Train = MSE:0.028747 , RMSE:0.169550 , MAE:0.128078 , MAPD:0.661155, R_squared:0.999502  
	Validation = MSE:0.018079 , RMSE:0.134459 , MAE:0.092314 , MAPD:0.487097, R_squared:0.999675

2024-03-21 07:38:01,825 Epoch 117/300, Train Loss: 0.025738, Val Loss: 0.015843  
	Train = MSE:0.025746 , RMSE:0.160456 , MAE:0.123053 , MAPD:0.633533, R_squared:0.999554  
	Validation = MSE:0.015843 , RMSE:0.125870 , MAE:0.094427 , MAPD:0.532799, R_squared:0.999715

2024-03-21 07:38:55,073 Epoch 118/300, Train Loss: 0.027678, Val Loss: 0.023219  
	Train = MSE:0.027683 , RMSE:0.166382 , MAE:0.128391 , MAPD:0.668213, R_squared:0.999521  
	Validation = MSE:0.023219 , RMSE:0.152377 , MAE:0.118382 , MAPD:0.598706, R_squared:0.999582

2024-03-21 07:39:41,100 Epoch 119/300, Train Loss: 0.027974, Val Loss: 0.102667  
	Train = MSE:0.027959 , RMSE:0.167209 , MAE:0.126591 , MAPD:0.656744, R_squared:0.999516  
	Validation = MSE:0.102667 , RMSE:0.320417 , MAE:0.238517 , MAPD:1.065648, R_squared:0.998153

2024-03-21 07:40:23,036 Epoch 120/300, Train Loss: 0.030093, Val Loss: 0.067874  
	Train = MSE:0.030080 , RMSE:0.173435 , MAE:0.133712 , MAPD:0.693205, R_squared:0.999479  
	Validation = MSE:0.067874 , RMSE:0.260526 , MAE:0.226765 , MAPD:1.155255, R_squared:0.998779

2024-03-21 07:41:01,848 Epoch 121/300, Train Loss: 0.025400, Val Loss: 0.048022  
	Train = MSE:0.025393 , RMSE:0.159352 , MAE:0.120595 , MAPD:0.621855, R_squared:0.999560  
	Validation = MSE:0.048022 , RMSE:0.219140 , MAE:0.168471 , MAPD:0.770956, R_squared:0.999136

2024-03-21 07:41:45,536 Epoch 122/300, Train Loss: 0.032390, Val Loss: 0.025140  
	Train = MSE:0.032399 , RMSE:0.179997 , MAE:0.135924 , MAPD:0.699430, R_squared:0.999439  
	Validation = MSE:0.025140 , RMSE:0.158556 , MAE:0.126428 , MAPD:0.736497, R_squared:0.999548

2024-03-21 07:42:25,455 Epoch 123/300, Train Loss: 0.024492, Val Loss: 0.042487  
	Train = MSE:0.024492 , RMSE:0.156499 , MAE:0.120265 , MAPD:0.626149, R_squared:0.999576  
	Validation = MSE:0.042487 , RMSE:0.206125 , MAE:0.168793 , MAPD:0.858051, R_squared:0.999235

2024-03-21 07:43:02,296 Epoch 124/300, Train Loss: 0.035524, Val Loss: 0.031685  
	Train = MSE:0.035481 , RMSE:0.188365 , MAE:0.141655 , MAPD:0.735232, R_squared:0.999386  
	Validation = MSE:0.031685 , RMSE:0.178004 , MAE:0.147848 , MAPD:0.834240, R_squared:0.999430

2024-03-21 07:43:43,040 Epoch 125/300, Train Loss: 0.024648, Val Loss: 0.032196  
	Train = MSE:0.024656 , RMSE:0.157021 , MAE:0.118252 , MAPD:0.606713, R_squared:0.999573  
	Validation = MSE:0.032196 , RMSE:0.179431 , MAE:0.144993 , MAPD:0.897897, R_squared:0.999421

2024-03-21 07:44:17,904 Epoch 126/300, Train Loss: 0.029312, Val Loss: 0.025114  
	Train = MSE:0.029299 , RMSE:0.171169 , MAE:0.124853 , MAPD:0.643971, R_squared:0.999493  
	Validation = MSE:0.025114 , RMSE:0.158474 , MAE:0.125367 , MAPD:0.762737, R_squared:0.999548

2024-03-21 07:44:53,754 Epoch 127/300, Train Loss: 0.027556, Val Loss: 0.016521  
	Train = MSE:0.027563 , RMSE:0.166021 , MAE:0.127414 , MAPD:0.659601, R_squared:0.999523  
	Validation = MSE:0.016521 , RMSE:0.128536 , MAE:0.091432 , MAPD:0.514293, R_squared:0.999703

2024-03-21 07:45:28,646 Epoch 128/300, Train Loss: 0.025335, Val Loss: 0.014540  
	Train = MSE:0.025343 , RMSE:0.159194 , MAE:0.120497 , MAPD:0.618451, R_squared:0.999561  
	Validation = MSE:0.014540 , RMSE:0.120584 , MAE:0.084020 , MAPD:0.453391, R_squared:0.999738

2024-03-21 07:46:03,560 Epoch 129/300, Train Loss: 0.025702, Val Loss: 0.026931  
	Train = MSE:0.025710 , RMSE:0.160343 , MAE:0.122894 , MAPD:0.634490, R_squared:0.999555  
	Validation = MSE:0.026931 , RMSE:0.164107 , MAE:0.134626 , MAPD:0.734791, R_squared:0.999515

2024-03-21 07:46:39,422 Epoch 130/300, Train Loss: 0.031874, Val Loss: 0.024911  
	Train = MSE:0.031878 , RMSE:0.178543 , MAE:0.136133 , MAPD:0.702046, R_squared:0.999448  
	Validation = MSE:0.024911 , RMSE:0.157833 , MAE:0.125190 , MAPD:0.717880, R_squared:0.999552

2024-03-21 07:47:14,469 Epoch 131/300, Train Loss: 0.024240, Val Loss: 0.037165  
	Train = MSE:0.024240 , RMSE:0.155693 , MAE:0.117707 , MAPD:0.605012, R_squared:0.999580  
	Validation = MSE:0.037165 , RMSE:0.192783 , MAE:0.157487 , MAPD:0.881275, R_squared:0.999331

2024-03-21 07:47:53,516 Epoch 132/300, Train Loss: 0.026744, Val Loss: 0.017189  
	Train = MSE:0.026752 , RMSE:0.163561 , MAE:0.125760 , MAPD:0.656599, R_squared:0.999537  
	Validation = MSE:0.017189 , RMSE:0.131108 , MAE:0.092489 , MAPD:0.483642, R_squared:0.999691

2024-03-21 07:48:32,895 Epoch 133/300, Train Loss: 0.025638, Val Loss: 0.028834  
	Train = MSE:0.025645 , RMSE:0.160142 , MAE:0.122327 , MAPD:0.631375, R_squared:0.999556  
	Validation = MSE:0.028834 , RMSE:0.169805 , MAE:0.141019 , MAPD:0.775862, R_squared:0.999481

2024-03-21 07:49:09,758 Epoch 134/300, Train Loss: 0.027670, Val Loss: 0.023487  
	Train = MSE:0.027667 , RMSE:0.166335 , MAE:0.125542 , MAPD:0.648501, R_squared:0.999521  
	Validation = MSE:0.023487 , RMSE:0.153254 , MAE:0.116834 , MAPD:0.601185, R_squared:0.999577

2024-03-21 07:49:45,794 Epoch 135/300, Train Loss: 0.025946, Val Loss: 0.013719  
	Train = MSE:0.025949 , RMSE:0.161088 , MAE:0.123541 , MAPD:0.634409, R_squared:0.999551  
	Validation = MSE:0.013719 , RMSE:0.117129 , MAE:0.080707 , MAPD:0.423607, R_squared:0.999753

2024-03-21 07:50:21,514 Epoch 136/300, Train Loss: 0.028121, Val Loss: 0.061531  
	Train = MSE:0.028130 , RMSE:0.167720 , MAE:0.129698 , MAPD:0.676331, R_squared:0.999513  
	Validation = MSE:0.061531 , RMSE:0.248055 , MAE:0.213447 , MAPD:1.075736, R_squared:0.998893

2024-03-21 07:50:58,811 Epoch 137/300, Train Loss: 0.027735, Val Loss: 0.025327  
	Train = MSE:0.027733 , RMSE:0.166532 , MAE:0.128784 , MAPD:0.666399, R_squared:0.999520  
	Validation = MSE:0.025327 , RMSE:0.159145 , MAE:0.126065 , MAPD:0.656066, R_squared:0.999544

2024-03-21 07:51:35,596 Epoch 138/300, Train Loss: 0.024145, Val Loss: 0.014033  
	Train = MSE:0.024152 , RMSE:0.155408 , MAE:0.117618 , MAPD:0.611619, R_squared:0.999582  
	Validation = MSE:0.014033 , RMSE:0.118460 , MAE:0.081986 , MAPD:0.434504, R_squared:0.999747

2024-03-21 07:52:10,515 Epoch 139/300, Train Loss: 0.027611, Val Loss: 0.037877  
	Train = MSE:0.027600 , RMSE:0.166132 , MAE:0.128217 , MAPD:0.661601, R_squared:0.999522  
	Validation = MSE:0.037877 , RMSE:0.194621 , MAE:0.162089 , MAPD:0.852092, R_squared:0.999318

2024-03-21 07:52:47,277 Epoch 140/300, Train Loss: 0.027203, Val Loss: 0.017696  
	Train = MSE:0.027207 , RMSE:0.164946 , MAE:0.125953 , MAPD:0.652561, R_squared:0.999529  
	Validation = MSE:0.017696 , RMSE:0.133027 , MAE:0.095638 , MAPD:0.572407, R_squared:0.999682

2024-03-21 07:53:23,016 Epoch 141/300, Train Loss: 0.023109, Val Loss: 0.020815  
	Train = MSE:0.023116 , RMSE:0.152039 , MAE:0.117313 , MAPD:0.614353, R_squared:0.999600  
	Validation = MSE:0.020815 , RMSE:0.144273 , MAE:0.101306 , MAPD:0.529779, R_squared:0.999625

2024-03-21 07:54:02,378 Epoch 142/300, Train Loss: 0.029421, Val Loss: 0.033906  
	Train = MSE:0.029421 , RMSE:0.171526 , MAE:0.130450 , MAPD:0.678777, R_squared:0.999491  
	Validation = MSE:0.033906 , RMSE:0.184136 , MAE:0.150495 , MAPD:0.817723, R_squared:0.999390

2024-03-21 07:54:40,569 Epoch 143/300, Train Loss: 0.029040, Val Loss: 0.030200  
	Train = MSE:0.029007 , RMSE:0.170314 , MAE:0.127063 , MAPD:0.663271, R_squared:0.999498  
	Validation = MSE:0.030200 , RMSE:0.173781 , MAE:0.142147 , MAPD:0.812829, R_squared:0.999457

2024-03-21 07:55:15,986 Epoch 144/300, Train Loss: 0.024405, Val Loss: 0.025488  
	Train = MSE:0.024402 , RMSE:0.156211 , MAE:0.119594 , MAPD:0.620978, R_squared:0.999578  
	Validation = MSE:0.025488 , RMSE:0.159648 , MAE:0.127558 , MAPD:0.715913, R_squared:0.999541

2024-03-21 07:55:53,186 Epoch 145/300, Train Loss: 0.024069, Val Loss: 0.078377  
	Train = MSE:0.024065 , RMSE:0.155127 , MAE:0.119684 , MAPD:0.620701, R_squared:0.999583  
	Validation = MSE:0.078377 , RMSE:0.279959 , MAE:0.248463 , MAPD:1.323772, R_squared:0.998590

2024-03-21 07:56:28,817 Epoch 146/300, Train Loss: 0.028925, Val Loss: 0.015594  
	Train = MSE:0.028934 , RMSE:0.170099 , MAE:0.128838 , MAPD:0.661520, R_squared:0.999499  
	Validation = MSE:0.015594 , RMSE:0.124874 , MAE:0.085365 , MAPD:0.460727, R_squared:0.999719

2024-03-21 07:57:05,226 Epoch 147/300, Train Loss: 0.027678, Val Loss: 0.038945  
	Train = MSE:0.027674 , RMSE:0.166354 , MAE:0.125380 , MAPD:0.639529, R_squared:0.999521  
	Validation = MSE:0.038945 , RMSE:0.197344 , MAE:0.173754 , MAPD:1.022276, R_squared:0.999299

2024-03-21 07:57:36,697 Epoch 148/300, Train Loss: 0.023608, Val Loss: 0.024085  
	Train = MSE:0.023613 , RMSE:0.153665 , MAE:0.117041 , MAPD:0.605172, R_squared:0.999591  
	Validation = MSE:0.024085 , RMSE:0.155194 , MAE:0.122262 , MAPD:0.629986, R_squared:0.999567

2024-03-21 07:58:08,303 Epoch 149/300, Train Loss: 0.023411, Val Loss: 0.021901  
	Train = MSE:0.023417 , RMSE:0.153026 , MAE:0.116262 , MAPD:0.598010, R_squared:0.999595  
	Validation = MSE:0.021901 , RMSE:0.147991 , MAE:0.120232 , MAPD:0.673440, R_squared:0.999606

2024-03-21 07:58:38,256 Epoch 150/300, Train Loss: 0.027646, Val Loss: 0.016323  
	Train = MSE:0.027655 , RMSE:0.166297 , MAE:0.126695 , MAPD:0.656012, R_squared:0.999521  
	Validation = MSE:0.016323 , RMSE:0.127763 , MAE:0.094946 , MAPD:0.554179, R_squared:0.999706

2024-03-21 07:59:06,834 Epoch 151/300, Train Loss: 0.027207, Val Loss: 0.047338  
	Train = MSE:0.027207 , RMSE:0.164946 , MAE:0.122929 , MAPD:0.637335, R_squared:0.999529  
	Validation = MSE:0.047338 , RMSE:0.217572 , MAE:0.187428 , MAPD:1.000445, R_squared:0.999148

2024-03-21 07:59:38,381 Epoch 152/300, Train Loss: 0.024215, Val Loss: 0.014588  
	Train = MSE:0.024216 , RMSE:0.155613 , MAE:0.119014 , MAPD:0.614110, R_squared:0.999581  
	Validation = MSE:0.014588 , RMSE:0.120779 , MAE:0.084211 , MAPD:0.432986, R_squared:0.999738

2024-03-21 08:00:10,823 Epoch 153/300, Train Loss: 0.026530, Val Loss: 0.027497  
	Train = MSE:0.026537 , RMSE:0.162903 , MAE:0.121603 , MAPD:0.629202, R_squared:0.999541  
	Validation = MSE:0.027497 , RMSE:0.165821 , MAE:0.131014 , MAPD:0.808649, R_squared:0.999505

2024-03-21 08:00:37,432 Epoch 154/300, Train Loss: 0.023651, Val Loss: 0.028463  
	Train = MSE:0.023634 , RMSE:0.153734 , MAE:0.119300 , MAPD:0.622426, R_squared:0.999591  
	Validation = MSE:0.028463 , RMSE:0.168709 , MAE:0.122189 , MAPD:0.583566, R_squared:0.999488

2024-03-21 08:01:04,134 Epoch 155/300, Train Loss: 0.029070, Val Loss: 0.015222  
	Train = MSE:0.029077 , RMSE:0.170521 , MAE:0.128763 , MAPD:0.660489, R_squared:0.999497  
	Validation = MSE:0.015222 , RMSE:0.123379 , MAE:0.082274 , MAPD:0.432655, R_squared:0.999726

2024-03-21 08:01:32,093 Epoch 156/300, Train Loss: 0.023277, Val Loss: 0.105460  
	Train = MSE:0.023282 , RMSE:0.152583 , MAE:0.116609 , MAPD:0.599324, R_squared:0.999597  
	Validation = MSE:0.105460 , RMSE:0.324746 , MAE:0.304577 , MAPD:1.631476, R_squared:0.998102

2024-03-21 08:01:58,698 Epoch 157/300, Train Loss: 0.024424, Val Loss: 0.022308  
	Train = MSE:0.024431 , RMSE:0.156304 , MAE:0.118413 , MAPD:0.617265, R_squared:0.999577  
	Validation = MSE:0.022308 , RMSE:0.149360 , MAE:0.116504 , MAPD:0.706777, R_squared:0.999599

2024-03-21 08:02:25,365 Epoch 158/300, Train Loss: 0.023050, Val Loss: 0.026392  
	Train = MSE:0.023056 , RMSE:0.151844 , MAE:0.115750 , MAPD:0.592298, R_squared:0.999601  
	Validation = MSE:0.026392 , RMSE:0.162457 , MAE:0.126683 , MAPD:0.739833, R_squared:0.999525

2024-03-21 08:02:52,047 Epoch 159/300, Train Loss: 0.029903, Val Loss: 0.012578  
	Train = MSE:0.029912 , RMSE:0.172951 , MAE:0.129484 , MAPD:0.666130, R_squared:0.999482  
	Validation = MSE:0.012578 , RMSE:0.112153 , MAE:0.077804 , MAPD:0.427525, R_squared:0.999774

2024-03-21 08:03:19,701 Epoch 160/300, Train Loss: 0.025967, Val Loss: 0.020148  
	Train = MSE:0.025964 , RMSE:0.161135 , MAE:0.121848 , MAPD:0.626716, R_squared:0.999551  
	Validation = MSE:0.020148 , RMSE:0.141945 , MAE:0.104548 , MAPD:0.541056, R_squared:0.999637

2024-03-21 08:03:46,304 Epoch 161/300, Train Loss: 0.022487, Val Loss: 0.036694  
	Train = MSE:0.022469 , RMSE:0.149896 , MAE:0.114842 , MAPD:0.591718, R_squared:0.999611  
	Validation = MSE:0.036694 , RMSE:0.191556 , MAE:0.163827 , MAPD:0.873546, R_squared:0.999340

2024-03-21 08:04:14,640 Epoch 162/300, Train Loss: 0.022508, Val Loss: 0.017899  
	Train = MSE:0.022515 , RMSE:0.150050 , MAE:0.114665 , MAPD:0.587970, R_squared:0.999610  
	Validation = MSE:0.017899 , RMSE:0.133788 , MAE:0.098675 , MAPD:0.558659, R_squared:0.999678

2024-03-21 08:04:42,510 Epoch 163/300, Train Loss: 0.022602, Val Loss: 0.026441  
	Train = MSE:0.022604 , RMSE:0.150347 , MAE:0.114415 , MAPD:0.592500, R_squared:0.999609  
	Validation = MSE:0.026441 , RMSE:0.162606 , MAE:0.132094 , MAPD:0.683923, R_squared:0.999524

2024-03-21 08:05:07,515 Epoch 164/300, Train Loss: 0.026278, Val Loss: 0.080276  
	Train = MSE:0.026265 , RMSE:0.162064 , MAE:0.124994 , MAPD:0.641587, R_squared:0.999545  
	Validation = MSE:0.080276 , RMSE:0.283330 , MAE:0.261832 , MAPD:1.484026, R_squared:0.998556

2024-03-21 08:05:32,616 Epoch 165/300, Train Loss: 0.021349, Val Loss: 0.035941  
	Train = MSE:0.021346 , RMSE:0.146103 , MAE:0.111394 , MAPD:0.577049, R_squared:0.999630  
	Validation = MSE:0.035941 , RMSE:0.189582 , MAE:0.159891 , MAPD:0.919351, R_squared:0.999353

2024-03-21 08:05:58,279 Epoch 166/300, Train Loss: 0.022368, Val Loss: 0.012594  
	Train = MSE:0.022362 , RMSE:0.149541 , MAE:0.115254 , MAPD:0.594261, R_squared:0.999613  
	Validation = MSE:0.012594 , RMSE:0.112222 , MAE:0.077887 , MAPD:0.410492, R_squared:0.999773

2024-03-21 08:06:23,866 Epoch 167/300, Train Loss: 0.021333, Val Loss: 0.014119  
	Train = MSE:0.021340 , RMSE:0.146081 , MAE:0.112162 , MAPD:0.582181, R_squared:0.999631  
	Validation = MSE:0.014119 , RMSE:0.118824 , MAE:0.079704 , MAPD:0.425339, R_squared:0.999746

2024-03-21 08:06:49,834 Epoch 168/300, Train Loss: 0.025905, Val Loss: 0.015750  
	Train = MSE:0.025886 , RMSE:0.160892 , MAE:0.122695 , MAPD:0.638540, R_squared:0.999552  
	Validation = MSE:0.015750 , RMSE:0.125498 , MAE:0.088909 , MAPD:0.469144, R_squared:0.999717

2024-03-21 08:07:15,255 Epoch 169/300, Train Loss: 0.022292, Val Loss: 0.034897  
	Train = MSE:0.022288 , RMSE:0.149293 , MAE:0.111971 , MAPD:0.581099, R_squared:0.999614  
	Validation = MSE:0.034897 , RMSE:0.186809 , MAE:0.141672 , MAPD:0.669267, R_squared:0.999372

2024-03-21 08:07:40,683 Epoch 170/300, Train Loss: 0.026054, Val Loss: 0.024425  
	Train = MSE:0.026060 , RMSE:0.161431 , MAE:0.120687 , MAPD:0.627667, R_squared:0.999549  
	Validation = MSE:0.024425 , RMSE:0.156284 , MAE:0.115441 , MAPD:0.584525, R_squared:0.999561

2024-03-21 08:08:07,487 Epoch 171/300, Train Loss: 0.020775, Val Loss: 0.028095  
	Train = MSE:0.020773 , RMSE:0.144127 , MAE:0.108719 , MAPD:0.559911, R_squared:0.999640  
	Validation = MSE:0.028095 , RMSE:0.167615 , MAE:0.142532 , MAPD:0.828134, R_squared:0.999494

2024-03-21 08:08:35,456 Epoch 172/300, Train Loss: 0.025832, Val Loss: 0.023897  
	Train = MSE:0.025837 , RMSE:0.160740 , MAE:0.123358 , MAPD:0.632693, R_squared:0.999553  
	Validation = MSE:0.023897 , RMSE:0.154587 , MAE:0.123764 , MAPD:0.724059, R_squared:0.999570

2024-03-21 08:09:03,950 Epoch 173/300, Train Loss: 0.021256, Val Loss: 0.039574  
	Train = MSE:0.021249 , RMSE:0.145771 , MAE:0.108235 , MAPD:0.555250, R_squared:0.999632  
	Validation = MSE:0.039574 , RMSE:0.198932 , MAE:0.175583 , MAPD:0.992066, R_squared:0.999288

2024-03-21 08:09:30,205 Epoch 174/300, Train Loss: 0.027699, Val Loss: 0.016430  
	Train = MSE:0.027688 , RMSE:0.166398 , MAE:0.127000 , MAPD:0.654586, R_squared:0.999521  
	Validation = MSE:0.016430 , RMSE:0.128181 , MAE:0.095463 , MAPD:0.529868, R_squared:0.999704

2024-03-21 08:09:55,437 Epoch 175/300, Train Loss: 0.020951, Val Loss: 0.020481  
	Train = MSE:0.020958 , RMSE:0.144767 , MAE:0.112135 , MAPD:0.581447, R_squared:0.999637  
	Validation = MSE:0.020481 , RMSE:0.143114 , MAE:0.109216 , MAPD:0.570162, R_squared:0.999631

2024-03-21 08:10:20,589 Epoch 176/300, Train Loss: 0.023403, Val Loss: 0.037001  
	Train = MSE:0.023394 , RMSE:0.152952 , MAE:0.117814 , MAPD:0.606716, R_squared:0.999595  
	Validation = MSE:0.037001 , RMSE:0.192356 , MAE:0.154930 , MAPD:0.755832, R_squared:0.999334

2024-03-21 08:10:45,764 Epoch 177/300, Train Loss: 0.022315, Val Loss: 0.012103  
	Train = MSE:0.022322 , RMSE:0.149406 , MAE:0.113064 , MAPD:0.589994, R_squared:0.999614  
	Validation = MSE:0.012103 , RMSE:0.110012 , MAE:0.077589 , MAPD:0.410886, R_squared:0.999782

2024-03-21 08:11:11,355 Epoch 178/300, Train Loss: 0.019344, Val Loss: 0.018860  
	Train = MSE:0.019347 , RMSE:0.139095 , MAE:0.106906 , MAPD:0.553566, R_squared:0.999665  
	Validation = MSE:0.018860 , RMSE:0.137333 , MAE:0.106446 , MAPD:0.562959, R_squared:0.999661

2024-03-21 08:11:35,749 Epoch 179/300, Train Loss: 0.023101, Val Loss: 0.042833  
	Train = MSE:0.023102 , RMSE:0.151992 , MAE:0.114326 , MAPD:0.592499, R_squared:0.999600  
	Validation = MSE:0.042833 , RMSE:0.206961 , MAE:0.172734 , MAPD:0.940953, R_squared:0.999229

2024-03-21 08:11:55,612 Epoch 180/300, Train Loss: 0.021669, Val Loss: 0.028068  
	Train = MSE:0.021631 , RMSE:0.147074 , MAE:0.111827 , MAPD:0.578242, R_squared:0.999626  
	Validation = MSE:0.028068 , RMSE:0.167534 , MAE:0.134683 , MAPD:0.791582, R_squared:0.999495

2024-03-21 08:12:15,515 Epoch 181/300, Train Loss: 0.024144, Val Loss: 0.022044  
	Train = MSE:0.024148 , RMSE:0.155397 , MAE:0.119173 , MAPD:0.615380, R_squared:0.999582  
	Validation = MSE:0.022044 , RMSE:0.148472 , MAE:0.110031 , MAPD:0.541610, R_squared:0.999603

2024-03-21 08:12:37,736 Epoch 182/300, Train Loss: 0.019200, Val Loss: 0.016730  
	Train = MSE:0.019188 , RMSE:0.138520 , MAE:0.106457 , MAPD:0.551117, R_squared:0.999668  
	Validation = MSE:0.016730 , RMSE:0.129346 , MAE:0.094389 , MAPD:0.538623, R_squared:0.999699

2024-03-21 08:12:57,857 Epoch 183/300, Train Loss: 0.023510, Val Loss: 0.018883  
	Train = MSE:0.023517 , RMSE:0.153352 , MAE:0.114674 , MAPD:0.594524, R_squared:0.999593  
	Validation = MSE:0.018883 , RMSE:0.137415 , MAE:0.107158 , MAPD:0.649150, R_squared:0.999660

2024-03-21 08:13:18,447 Epoch 184/300, Train Loss: 0.026914, Val Loss: 0.027647  
	Train = MSE:0.026891 , RMSE:0.163985 , MAE:0.125087 , MAPD:0.641097, R_squared:0.999535  
	Validation = MSE:0.027647 , RMSE:0.166275 , MAE:0.140383 , MAPD:0.796505, R_squared:0.999503

2024-03-21 08:13:37,798 Epoch 185/300, Train Loss: 0.022126, Val Loss: 0.037000  
	Train = MSE:0.022132 , RMSE:0.148768 , MAE:0.113727 , MAPD:0.590783, R_squared:0.999617  
	Validation = MSE:0.037000 , RMSE:0.192354 , MAE:0.171702 , MAPD:0.949417, R_squared:0.999334

2024-03-21 08:13:57,647 Epoch 186/300, Train Loss: 0.023948, Val Loss: 0.058136  
	Train = MSE:0.023934 , RMSE:0.154708 , MAE:0.117297 , MAPD:0.604327, R_squared:0.999586  
	Validation = MSE:0.058136 , RMSE:0.241114 , MAE:0.218744 , MAPD:1.154806, R_squared:0.998954

2024-03-21 08:14:16,755 Epoch 187/300, Train Loss: 0.022116, Val Loss: 0.012978  
	Train = MSE:0.022123 , RMSE:0.148738 , MAE:0.113886 , MAPD:0.590168, R_squared:0.999617  
	Validation = MSE:0.012978 , RMSE:0.113922 , MAE:0.078833 , MAPD:0.435300, R_squared:0.999766

2024-03-21 08:14:36,551 Epoch 188/300, Train Loss: 0.020900, Val Loss: 0.026246  
	Train = MSE:0.020906 , RMSE:0.144591 , MAE:0.109777 , MAPD:0.566946, R_squared:0.999638  
	Validation = MSE:0.026246 , RMSE:0.162007 , MAE:0.120390 , MAPD:0.582557, R_squared:0.999528

2024-03-21 08:14:55,192 Epoch 189/300, Train Loss: 0.022333, Val Loss: 0.012658  
	Train = MSE:0.022339 , RMSE:0.149463 , MAE:0.112638 , MAPD:0.583841, R_squared:0.999613  
	Validation = MSE:0.012658 , RMSE:0.112510 , MAE:0.076018 , MAPD:0.414737, R_squared:0.999772

2024-03-21 08:15:12,667 Epoch 190/300, Train Loss: 0.021875, Val Loss: 0.024541  
	Train = MSE:0.021879 , RMSE:0.147914 , MAE:0.113732 , MAPD:0.584953, R_squared:0.999621  
	Validation = MSE:0.024541 , RMSE:0.156654 , MAE:0.120919 , MAPD:0.586361, R_squared:0.999558

2024-03-21 08:15:29,836 Epoch 191/300, Train Loss: 0.022405, Val Loss: 0.017206  
	Train = MSE:0.022412 , RMSE:0.149705 , MAE:0.114367 , MAPD:0.598480, R_squared:0.999612  
	Validation = MSE:0.017206 , RMSE:0.131172 , MAE:0.097155 , MAPD:0.518523, R_squared:0.999690

2024-03-21 08:15:48,513 Epoch 192/300, Train Loss: 0.022004, Val Loss: 0.016366  
	Train = MSE:0.022003 , RMSE:0.148335 , MAE:0.111020 , MAPD:0.578330, R_squared:0.999619  
	Validation = MSE:0.016366 , RMSE:0.127928 , MAE:0.093249 , MAPD:0.473531, R_squared:0.999706

2024-03-21 08:16:05,522 Epoch 193/300, Train Loss: 0.026392, Val Loss: 0.045261  
	Train = MSE:0.026382 , RMSE:0.162425 , MAE:0.122037 , MAPD:0.629018, R_squared:0.999543  
	Validation = MSE:0.045261 , RMSE:0.212747 , MAE:0.184482 , MAPD:1.063968, R_squared:0.999186

2024-03-21 08:16:23,331 Epoch 194/300, Train Loss: 0.018718, Val Loss: 0.040680  
	Train = MSE:0.018722 , RMSE:0.136827 , MAE:0.104175 , MAPD:0.540238, R_squared:0.999676  
	Validation = MSE:0.040680 , RMSE:0.201694 , MAE:0.154962 , MAPD:0.776392, R_squared:0.999268

2024-03-21 08:16:39,787 Epoch 195/300, Train Loss: 0.021414, Val Loss: 0.012700  
	Train = MSE:0.021420 , RMSE:0.146356 , MAE:0.109516 , MAPD:0.570628, R_squared:0.999629  
	Validation = MSE:0.012700 , RMSE:0.112693 , MAE:0.076600 , MAPD:0.411978, R_squared:0.999771

2024-03-21 08:16:56,382 Epoch 196/300, Train Loss: 0.020350, Val Loss: 0.014388  
	Train = MSE:0.020350 , RMSE:0.142655 , MAE:0.108346 , MAPD:0.559676, R_squared:0.999648  
	Validation = MSE:0.014388 , RMSE:0.119951 , MAE:0.086105 , MAPD:0.488831, R_squared:0.999741

2024-03-21 08:17:12,912 Epoch 197/300, Train Loss: 0.017827, Val Loss: 0.017477  
	Train = MSE:0.017832 , RMSE:0.133538 , MAE:0.101742 , MAPD:0.525000, R_squared:0.999691  
	Validation = MSE:0.017477 , RMSE:0.132200 , MAE:0.098337 , MAPD:0.498820, R_squared:0.999686

2024-03-21 08:17:29,599 Epoch 198/300, Train Loss: 0.021080, Val Loss: 0.027823  
	Train = MSE:0.021087 , RMSE:0.145213 , MAE:0.111734 , MAPD:0.579490, R_squared:0.999635  
	Validation = MSE:0.027823 , RMSE:0.166802 , MAE:0.135932 , MAPD:0.707369, R_squared:0.999499

2024-03-21 08:17:46,392 Epoch 199/300, Train Loss: 0.020122, Val Loss: 0.022864  
	Train = MSE:0.020128 , RMSE:0.141873 , MAE:0.107469 , MAPD:0.554726, R_squared:0.999652  
	Validation = MSE:0.022864 , RMSE:0.151209 , MAE:0.116908 , MAPD:0.618270, R_squared:0.999589

2024-03-21 08:18:03,437 Epoch 200/300, Train Loss: 0.021293, Val Loss: 0.013730  
	Train = MSE:0.021300 , RMSE:0.145944 , MAE:0.110209 , MAPD:0.574766, R_squared:0.999631  
	Validation = MSE:0.013730 , RMSE:0.117176 , MAE:0.083616 , MAPD:0.469784, R_squared:0.999753

2024-03-21 08:18:19,840 Epoch 201/300, Train Loss: 0.020588, Val Loss: 0.014924  
	Train = MSE:0.020594 , RMSE:0.143507 , MAE:0.109624 , MAPD:0.564473, R_squared:0.999644  
	Validation = MSE:0.014924 , RMSE:0.122166 , MAE:0.092447 , MAPD:0.511513, R_squared:0.999731

2024-03-21 08:18:38,324 Epoch 202/300, Train Loss: 0.020934, Val Loss: 0.016680  
	Train = MSE:0.020941 , RMSE:0.144709 , MAE:0.109056 , MAPD:0.570248, R_squared:0.999638  
	Validation = MSE:0.016680 , RMSE:0.129151 , MAE:0.093568 , MAPD:0.488051, R_squared:0.999700

2024-03-21 08:18:54,823 Epoch 203/300, Train Loss: 0.022504, Val Loss: 0.039405  
	Train = MSE:0.022505 , RMSE:0.150018 , MAE:0.113913 , MAPD:0.594763, R_squared:0.999610  
	Validation = MSE:0.039405 , RMSE:0.198506 , MAE:0.161224 , MAPD:0.795031, R_squared:0.999291

2024-03-21 08:19:13,950 Epoch 204/300, Train Loss: 0.018107, Val Loss: 0.056872  
	Train = MSE:0.018108 , RMSE:0.134566 , MAE:0.101908 , MAPD:0.531248, R_squared:0.999687  
	Validation = MSE:0.056872 , RMSE:0.238479 , MAE:0.203365 , MAPD:1.020594, R_squared:0.998977

2024-03-21 08:19:30,624 Epoch 205/300, Train Loss: 0.023603, Val Loss: 0.030505  
	Train = MSE:0.023610 , RMSE:0.153654 , MAE:0.118106 , MAPD:0.618548, R_squared:0.999591  
	Validation = MSE:0.030505 , RMSE:0.174656 , MAE:0.128071 , MAPD:0.621756, R_squared:0.999451

2024-03-21 08:19:47,331 Epoch 206/300, Train Loss: 0.019354, Val Loss: 0.014420  
	Train = MSE:0.019348 , RMSE:0.139098 , MAE:0.106192 , MAPD:0.552422, R_squared:0.999665  
	Validation = MSE:0.014420 , RMSE:0.120084 , MAE:0.090923 , MAPD:0.515023, R_squared:0.999741

2024-03-21 08:20:04,535 Epoch 207/300, Train Loss: 0.020262, Val Loss: 0.029277  
	Train = MSE:0.020267 , RMSE:0.142363 , MAE:0.109017 , MAPD:0.560846, R_squared:0.999649  
	Validation = MSE:0.029277 , RMSE:0.171105 , MAE:0.130548 , MAPD:0.668593, R_squared:0.999473

2024-03-21 08:20:21,581 Epoch 208/300, Train Loss: 0.021317, Val Loss: 0.019190  
	Train = MSE:0.021323 , RMSE:0.146026 , MAE:0.110482 , MAPD:0.577459, R_squared:0.999631  
	Validation = MSE:0.019190 , RMSE:0.138529 , MAE:0.108557 , MAPD:0.599754, R_squared:0.999655

2024-03-21 08:20:38,427 Epoch 209/300, Train Loss: 0.019895, Val Loss: 0.024402  
	Train = MSE:0.019901 , RMSE:0.141070 , MAE:0.106745 , MAPD:0.555012, R_squared:0.999656  
	Validation = MSE:0.024402 , RMSE:0.156211 , MAE:0.121376 , MAPD:0.660158, R_squared:0.999561

2024-03-21 08:20:55,608 Epoch 210/300, Train Loss: 0.019288, Val Loss: 0.036698  
	Train = MSE:0.019275 , RMSE:0.138835 , MAE:0.105631 , MAPD:0.546400, R_squared:0.999666  
	Validation = MSE:0.036698 , RMSE:0.191568 , MAE:0.168987 , MAPD:0.951740, R_squared:0.999340

2024-03-21 08:21:10,702 Epoch 211/300, Train Loss: 0.017268, Val Loss: 0.025895  
	Train = MSE:0.017273 , RMSE:0.131428 , MAE:0.099770 , MAPD:0.516460, R_squared:0.999701  
	Validation = MSE:0.025895 , RMSE:0.160919 , MAE:0.123031 , MAPD:0.622081, R_squared:0.999534

2024-03-21 08:21:29,052 Epoch 212/300, Train Loss: 0.020949, Val Loss: 0.040049  
	Train = MSE:0.020955 , RMSE:0.144760 , MAE:0.109380 , MAPD:0.566875, R_squared:0.999637  
	Validation = MSE:0.040049 , RMSE:0.200123 , MAE:0.170771 , MAPD:1.043998, R_squared:0.999279

2024-03-21 08:21:44,307 Epoch 213/300, Train Loss: 0.019241, Val Loss: 0.012975  
	Train = MSE:0.019247 , RMSE:0.138735 , MAE:0.104968 , MAPD:0.541254, R_squared:0.999667  
	Validation = MSE:0.012975 , RMSE:0.113909 , MAE:0.075980 , MAPD:0.431948, R_squared:0.999767

2024-03-21 08:22:00,911 Epoch 214/300, Train Loss: 0.021027, Val Loss: 0.019397  
	Train = MSE:0.021028 , RMSE:0.145010 , MAE:0.111642 , MAPD:0.575839, R_squared:0.999636  
	Validation = MSE:0.019397 , RMSE:0.139274 , MAE:0.105983 , MAPD:0.531549, R_squared:0.999651

2024-03-21 08:22:16,575 Epoch 215/300, Train Loss: 0.019581, Val Loss: 0.012553  
	Train = MSE:0.019587 , RMSE:0.139952 , MAE:0.106225 , MAPD:0.552221, R_squared:0.999661  
	Validation = MSE:0.012553 , RMSE:0.112038 , MAE:0.079855 , MAPD:0.436795, R_squared:0.999774

2024-03-21 08:22:31,795 Epoch 216/300, Train Loss: 0.020756, Val Loss: 0.027437  
	Train = MSE:0.020761 , RMSE:0.144086 , MAE:0.107977 , MAPD:0.558384, R_squared:0.999641  
	Validation = MSE:0.027437 , RMSE:0.165640 , MAE:0.138152 , MAPD:0.734136, R_squared:0.999506

2024-03-21 08:22:47,139 Epoch 217/300, Train Loss: 0.018942, Val Loss: 0.014381  
	Train = MSE:0.018948 , RMSE:0.137652 , MAE:0.104674 , MAPD:0.540654, R_squared:0.999672  
	Validation = MSE:0.014381 , RMSE:0.119922 , MAE:0.085334 , MAPD:0.444690, R_squared:0.999741

2024-03-21 08:23:02,748 Epoch 218/300, Train Loss: 0.019899, Val Loss: 0.016094  
	Train = MSE:0.019899 , RMSE:0.141064 , MAE:0.107978 , MAPD:0.563262, R_squared:0.999656  
	Validation = MSE:0.016094 , RMSE:0.126860 , MAE:0.088734 , MAPD:0.490275, R_squared:0.999710

2024-03-21 08:23:18,269 Epoch 219/300, Train Loss: 0.016932, Val Loss: 0.015968  
	Train = MSE:0.016937 , RMSE:0.130141 , MAE:0.098622 , MAPD:0.511060, R_squared:0.999707  
	Validation = MSE:0.015968 , RMSE:0.126363 , MAE:0.091830 , MAPD:0.467742, R_squared:0.999713

2024-03-21 08:23:33,524 Epoch 220/300, Train Loss: 0.019853, Val Loss: 0.024291  
	Train = MSE:0.019856 , RMSE:0.140912 , MAE:0.107668 , MAPD:0.554481, R_squared:0.999656  
	Validation = MSE:0.024291 , RMSE:0.155855 , MAE:0.126985 , MAPD:0.678147, R_squared:0.999563

2024-03-21 08:23:48,962 Epoch 221/300, Train Loss: 0.018727, Val Loss: 0.015488  
	Train = MSE:0.018733 , RMSE:0.136867 , MAE:0.103139 , MAPD:0.533955, R_squared:0.999676  
	Validation = MSE:0.015488 , RMSE:0.124450 , MAE:0.094739 , MAPD:0.523621, R_squared:0.999721

2024-03-21 08:24:06,372 Epoch 222/300, Train Loss: 0.018893, Val Loss: 0.018278  
	Train = MSE:0.018899 , RMSE:0.137474 , MAE:0.105837 , MAPD:0.551849, R_squared:0.999673  
	Validation = MSE:0.018278 , RMSE:0.135198 , MAE:0.102378 , MAPD:0.539654, R_squared:0.999671

2024-03-21 08:24:21,790 Epoch 223/300, Train Loss: 0.015996, Val Loss: 0.012323  
	Train = MSE:0.015998 , RMSE:0.126484 , MAE:0.096935 , MAPD:0.497920, R_squared:0.999723  
	Validation = MSE:0.012323 , RMSE:0.111008 , MAE:0.075928 , MAPD:0.419503, R_squared:0.999778

2024-03-21 08:24:38,340 Epoch 224/300, Train Loss: 0.018870, Val Loss: 0.015177  
	Train = MSE:0.018876 , RMSE:0.137389 , MAE:0.104507 , MAPD:0.538765, R_squared:0.999673  
	Validation = MSE:0.015177 , RMSE:0.123196 , MAE:0.089654 , MAPD:0.494011, R_squared:0.999727

2024-03-21 08:24:56,603 Epoch 225/300, Train Loss: 0.018409, Val Loss: 0.019033  
	Train = MSE:0.018411 , RMSE:0.135687 , MAE:0.103455 , MAPD:0.535196, R_squared:0.999681  
	Validation = MSE:0.019033 , RMSE:0.137960 , MAE:0.106365 , MAPD:0.534393, R_squared:0.999658

2024-03-21 08:25:11,938 Epoch 226/300, Train Loss: 0.019653, Val Loss: 0.015602  
	Train = MSE:0.019659 , RMSE:0.140209 , MAE:0.104884 , MAPD:0.541633, R_squared:0.999660  
	Validation = MSE:0.015602 , RMSE:0.124909 , MAE:0.088608 , MAPD:0.458865, R_squared:0.999719

2024-03-21 08:25:26,957 Epoch 227/300, Train Loss: 0.020003, Val Loss: 0.044495  
	Train = MSE:0.020007 , RMSE:0.141446 , MAE:0.107714 , MAPD:0.559375, R_squared:0.999654  
	Validation = MSE:0.044495 , RMSE:0.210937 , MAE:0.188407 , MAPD:1.022839, R_squared:0.999199

2024-03-21 08:25:42,652 Epoch 228/300, Train Loss: 0.019101, Val Loss: 0.012850  
	Train = MSE:0.019106 , RMSE:0.138224 , MAE:0.104973 , MAPD:0.541767, R_squared:0.999669  
	Validation = MSE:0.012850 , RMSE:0.113360 , MAE:0.083905 , MAPD:0.452777, R_squared:0.999769

2024-03-21 08:25:57,880 Epoch 229/300, Train Loss: 0.019768, Val Loss: 0.017885  
	Train = MSE:0.019774 , RMSE:0.140621 , MAE:0.107275 , MAPD:0.553116, R_squared:0.999658  
	Validation = MSE:0.017885 , RMSE:0.133735 , MAE:0.097309 , MAPD:0.544629, R_squared:0.999678

2024-03-21 08:26:12,950 Epoch 230/300, Train Loss: 0.018832, Val Loss: 0.018573  
	Train = MSE:0.018837 , RMSE:0.137246 , MAE:0.105220 , MAPD:0.547470, R_squared:0.999674  
	Validation = MSE:0.018573 , RMSE:0.136282 , MAE:0.107404 , MAPD:0.595830, R_squared:0.999666

2024-03-21 08:26:28,306 Epoch 231/300, Train Loss: 0.017328, Val Loss: 0.029972  
	Train = MSE:0.017318 , RMSE:0.131598 , MAE:0.100170 , MAPD:0.512972, R_squared:0.999700  
	Validation = MSE:0.029972 , RMSE:0.173126 , MAE:0.136204 , MAPD:0.672110, R_squared:0.999461

2024-03-21 08:26:45,659 Epoch 232/300, Train Loss: 0.021178, Val Loss: 0.012252  
	Train = MSE:0.021184 , RMSE:0.145549 , MAE:0.111976 , MAPD:0.584781, R_squared:0.999633  
	Validation = MSE:0.012252 , RMSE:0.110688 , MAE:0.076129 , MAPD:0.417212, R_squared:0.999780

2024-03-21 08:27:00,740 Epoch 233/300, Train Loss: 0.019003, Val Loss: 0.016042  
	Train = MSE:0.019006 , RMSE:0.137863 , MAE:0.105736 , MAPD:0.545846, R_squared:0.999671  
	Validation = MSE:0.016042 , RMSE:0.126658 , MAE:0.087099 , MAPD:0.456083, R_squared:0.999711

2024-03-21 08:27:16,798 Epoch 234/300, Train Loss: 0.018647, Val Loss: 0.020059  
	Train = MSE:0.018652 , RMSE:0.136572 , MAE:0.104556 , MAPD:0.538821, R_squared:0.999677  
	Validation = MSE:0.020059 , RMSE:0.141631 , MAE:0.100962 , MAPD:0.500878, R_squared:0.999639

2024-03-21 08:27:33,202 Epoch 235/300, Train Loss: 0.017095, Val Loss: 0.014164  
	Train = MSE:0.017099 , RMSE:0.130761 , MAE:0.100977 , MAPD:0.524329, R_squared:0.999704  
	Validation = MSE:0.014164 , RMSE:0.119011 , MAE:0.083428 , MAPD:0.447380, R_squared:0.999745

2024-03-21 08:27:48,189 Epoch 236/300, Train Loss: 0.019816, Val Loss: 0.044267  
	Train = MSE:0.019791 , RMSE:0.140682 , MAE:0.106994 , MAPD:0.555409, R_squared:0.999657  
	Validation = MSE:0.044267 , RMSE:0.210397 , MAE:0.178051 , MAPD:0.969223, R_squared:0.999203

2024-03-21 08:28:03,311 Epoch 237/300, Train Loss: 0.019955, Val Loss: 0.016682  
	Train = MSE:0.019960 , RMSE:0.141280 , MAE:0.108112 , MAPD:0.562935, R_squared:0.999654  
	Validation = MSE:0.016682 , RMSE:0.129159 , MAE:0.092858 , MAPD:0.486288, R_squared:0.999700

2024-03-21 08:28:19,506 Epoch 238/300, Train Loss: 0.018315, Val Loss: 0.031371  
	Train = MSE:0.018297 , RMSE:0.135267 , MAE:0.103754 , MAPD:0.539872, R_squared:0.999683  
	Validation = MSE:0.031371 , RMSE:0.177118 , MAE:0.144248 , MAPD:0.759932, R_squared:0.999436

2024-03-21 08:28:34,619 Epoch 239/300, Train Loss: 0.020097, Val Loss: 0.058863  
	Train = MSE:0.020104 , RMSE:0.141787 , MAE:0.109331 , MAPD:0.568020, R_squared:0.999652  
	Validation = MSE:0.058863 , RMSE:0.242617 , MAE:0.212803 , MAPD:1.150870, R_squared:0.998941

2024-03-21 08:28:50,019 Epoch 240/300, Train Loss: 0.016962, Val Loss: 0.014723  
	Train = MSE:0.016967 , RMSE:0.130258 , MAE:0.099250 , MAPD:0.511753, R_squared:0.999706  
	Validation = MSE:0.014723 , RMSE:0.121340 , MAE:0.087221 , MAPD:0.470904, R_squared:0.999735

2024-03-21 08:29:05,277 Epoch 241/300, Train Loss: 0.020973, Val Loss: 0.016133  
	Train = MSE:0.020979 , RMSE:0.144842 , MAE:0.108884 , MAPD:0.559180, R_squared:0.999637  
	Validation = MSE:0.016133 , RMSE:0.127015 , MAE:0.090447 , MAPD:0.475952, R_squared:0.999710

2024-03-21 08:29:25,186 Epoch 242/300, Train Loss: 0.017073, Val Loss: 0.013859  
	Train = MSE:0.017076 , RMSE:0.130676 , MAE:0.098278 , MAPD:0.506303, R_squared:0.999704  
	Validation = MSE:0.013859 , RMSE:0.117725 , MAE:0.078940 , MAPD:0.421051, R_squared:0.999751

2024-03-21 08:29:40,291 Epoch 243/300, Train Loss: 0.018246, Val Loss: 0.014267  
	Train = MSE:0.018250 , RMSE:0.135092 , MAE:0.102926 , MAPD:0.528279, R_squared:0.999684  
	Validation = MSE:0.014267 , RMSE:0.119446 , MAE:0.081704 , MAPD:0.450816, R_squared:0.999743

2024-03-21 08:29:56,649 Epoch 244/300, Train Loss: 0.018858, Val Loss: 0.013448  
	Train = MSE:0.018840 , RMSE:0.137258 , MAE:0.105202 , MAPD:0.543842, R_squared:0.999674  
	Validation = MSE:0.013448 , RMSE:0.115966 , MAE:0.084896 , MAPD:0.479661, R_squared:0.999758

2024-03-21 08:30:12,271 Epoch 245/300, Train Loss: 0.017374, Val Loss: 0.014853  
	Train = MSE:0.017378 , RMSE:0.131827 , MAE:0.100496 , MAPD:0.517123, R_squared:0.999699  
	Validation = MSE:0.014853 , RMSE:0.121874 , MAE:0.083843 , MAPD:0.435522, R_squared:0.999733

2024-03-21 08:30:28,091 Epoch 246/300, Train Loss: 0.016933, Val Loss: 0.012783  
	Train = MSE:0.016936 , RMSE:0.130137 , MAE:0.100100 , MAPD:0.519107, R_squared:0.999707  
	Validation = MSE:0.012783 , RMSE:0.113062 , MAE:0.080300 , MAPD:0.453483, R_squared:0.999770

2024-03-21 08:30:43,427 Epoch 247/300, Train Loss: 0.017974, Val Loss: 0.024878  
	Train = MSE:0.017971 , RMSE:0.134055 , MAE:0.102203 , MAPD:0.527250, R_squared:0.999689  
	Validation = MSE:0.024878 , RMSE:0.157726 , MAE:0.124702 , MAPD:0.679121, R_squared:0.999552

2024-03-21 08:30:59,302 Epoch 248/300, Train Loss: 0.016720, Val Loss: 0.024542  
	Train = MSE:0.016725 , RMSE:0.129326 , MAE:0.098197 , MAPD:0.511946, R_squared:0.999710  
	Validation = MSE:0.024542 , RMSE:0.156658 , MAE:0.107722 , MAPD:0.502401, R_squared:0.999558

2024-03-21 08:31:14,384 Epoch 249/300, Train Loss: 0.019399, Val Loss: 0.012820  
	Train = MSE:0.019403 , RMSE:0.139296 , MAE:0.104263 , MAPD:0.534089, R_squared:0.999664  
	Validation = MSE:0.012820 , RMSE:0.113224 , MAE:0.078611 , MAPD:0.430974, R_squared:0.999769

2024-03-21 08:31:29,554 Epoch 250/300, Train Loss: 0.016150, Val Loss: 0.013675  
	Train = MSE:0.016151 , RMSE:0.127087 , MAE:0.097232 , MAPD:0.504158, R_squared:0.999720  
	Validation = MSE:0.013675 , RMSE:0.116941 , MAE:0.086994 , MAPD:0.485663, R_squared:0.999754

2024-03-21 08:31:44,924 Epoch 251/300, Train Loss: 0.021506, Val Loss: 0.017731  
	Train = MSE:0.021482 , RMSE:0.146568 , MAE:0.110732 , MAPD:0.575294, R_squared:0.999628  
	Validation = MSE:0.017731 , RMSE:0.133158 , MAE:0.096865 , MAPD:0.519192, R_squared:0.999681

2024-03-21 08:32:02,477 Epoch 252/300, Train Loss: 0.015456, Val Loss: 0.013961  
	Train = MSE:0.015461 , RMSE:0.124341 , MAE:0.094470 , MAPD:0.498232, R_squared:0.999732  
	Validation = MSE:0.013961 , RMSE:0.118158 , MAE:0.085300 , MAPD:0.475448, R_squared:0.999749

2024-03-21 08:32:17,534 Epoch 253/300, Train Loss: 0.018366, Val Loss: 0.044515  
	Train = MSE:0.018371 , RMSE:0.135539 , MAE:0.102693 , MAPD:0.532190, R_squared:0.999682  
	Validation = MSE:0.044515 , RMSE:0.210986 , MAE:0.182317 , MAPD:0.972785, R_squared:0.999199

2024-03-21 08:32:33,325 Epoch 254/300, Train Loss: 0.018118, Val Loss: 0.016359  
	Train = MSE:0.018107 , RMSE:0.134564 , MAE:0.103268 , MAPD:0.534918, R_squared:0.999687  
	Validation = MSE:0.016359 , RMSE:0.127902 , MAE:0.094758 , MAPD:0.515556, R_squared:0.999706

2024-03-21 08:32:48,746 Epoch 255/300, Train Loss: 0.017565, Val Loss: 0.019044  
	Train = MSE:0.017566 , RMSE:0.132536 , MAE:0.100408 , MAPD:0.520678, R_squared:0.999696  
	Validation = MSE:0.019044 , RMSE:0.137999 , MAE:0.107810 , MAPD:0.633747, R_squared:0.999657

2024-03-21 08:33:06,246 Epoch 256/300, Train Loss: 0.016512, Val Loss: 0.017567  
	Train = MSE:0.016517 , RMSE:0.128519 , MAE:0.097705 , MAPD:0.506636, R_squared:0.999714  
	Validation = MSE:0.017567 , RMSE:0.132541 , MAE:0.099848 , MAPD:0.530635, R_squared:0.999684

2024-03-21 08:33:21,851 Epoch 257/300, Train Loss: 0.017576, Val Loss: 0.020097  
	Train = MSE:0.017581 , RMSE:0.132592 , MAE:0.099740 , MAPD:0.517914, R_squared:0.999696  
	Validation = MSE:0.020097 , RMSE:0.141762 , MAE:0.107542 , MAPD:0.618449, R_squared:0.999638

2024-03-21 08:33:37,436 Epoch 258/300, Train Loss: 0.015487, Val Loss: 0.015973  
	Train = MSE:0.015483 , RMSE:0.124432 , MAE:0.095435 , MAPD:0.498711, R_squared:0.999732  
	Validation = MSE:0.015973 , RMSE:0.126385 , MAE:0.087087 , MAPD:0.465413, R_squared:0.999713

2024-03-21 08:33:52,472 Epoch 259/300, Train Loss: 0.018934, Val Loss: 0.016028  
	Train = MSE:0.018939 , RMSE:0.137619 , MAE:0.104430 , MAPD:0.536407, R_squared:0.999672  
	Validation = MSE:0.016028 , RMSE:0.126602 , MAE:0.088808 , MAPD:0.462426, R_squared:0.999712

2024-03-21 08:34:06,222 Epoch 260/300, Train Loss: 0.016052, Val Loss: 0.023563  
	Train = MSE:0.016040 , RMSE:0.126650 , MAE:0.096549 , MAPD:0.497719, R_squared:0.999722  
	Validation = MSE:0.023563 , RMSE:0.153504 , MAE:0.116730 , MAPD:0.658999, R_squared:0.999576

2024-03-21 08:34:19,940 Epoch 261/300, Train Loss: 0.018566, Val Loss: 0.030893  
	Train = MSE:0.018569 , RMSE:0.136269 , MAE:0.103484 , MAPD:0.538231, R_squared:0.999679  
	Validation = MSE:0.030893 , RMSE:0.175765 , MAE:0.147624 , MAPD:0.793723, R_squared:0.999444

2024-03-21 08:34:36,100 Epoch 262/300, Train Loss: 0.017563, Val Loss: 0.065665  
	Train = MSE:0.017568 , RMSE:0.132545 , MAE:0.100923 , MAPD:0.525240, R_squared:0.999696  
	Validation = MSE:0.065665 , RMSE:0.256252 , MAE:0.234122 , MAPD:1.236524, R_squared:0.998818

2024-03-21 08:34:49,775 Epoch 263/300, Train Loss: 0.019548, Val Loss: 0.019317  
	Train = MSE:0.019554 , RMSE:0.139834 , MAE:0.105264 , MAPD:0.548827, R_squared:0.999662  
	Validation = MSE:0.019317 , RMSE:0.138987 , MAE:0.101139 , MAPD:0.512453, R_squared:0.999652

2024-03-21 08:35:04,197 Epoch 264/300, Train Loss: 0.019105, Val Loss: 0.019343  
	Train = MSE:0.019106 , RMSE:0.138226 , MAE:0.102665 , MAPD:0.525709, R_squared:0.999669  
	Validation = MSE:0.019343 , RMSE:0.139078 , MAE:0.098949 , MAPD:0.587943, R_squared:0.999652

2024-03-21 08:35:18,335 Epoch 265/300, Train Loss: 0.016732, Val Loss: 0.017073  
	Train = MSE:0.016728 , RMSE:0.129337 , MAE:0.098914 , MAPD:0.515146, R_squared:0.999710  
	Validation = MSE:0.017073 , RMSE:0.130663 , MAE:0.092032 , MAPD:0.452390, R_squared:0.999693

2024-03-21 08:35:34,235 Epoch 266/300, Train Loss: 0.016528, Val Loss: 0.012113  
	Train = MSE:0.016533 , RMSE:0.128579 , MAE:0.098277 , MAPD:0.511783, R_squared:0.999714  
	Validation = MSE:0.012113 , RMSE:0.110057 , MAE:0.074107 , MAPD:0.401772, R_squared:0.999782

2024-03-21 08:35:48,937 Epoch 267/300, Train Loss: 0.016208, Val Loss: 0.046305  
	Train = MSE:0.016184 , RMSE:0.127218 , MAE:0.097493 , MAPD:0.504788, R_squared:0.999720  
	Validation = MSE:0.046305 , RMSE:0.215185 , MAE:0.176324 , MAPD:0.923698, R_squared:0.999167

2024-03-21 08:36:01,732 Epoch 268/300, Train Loss: 0.019456, Val Loss: 0.024401  
	Train = MSE:0.019443 , RMSE:0.139439 , MAE:0.107771 , MAPD:0.567699, R_squared:0.999663  
	Validation = MSE:0.024401 , RMSE:0.156207 , MAE:0.126836 , MAPD:0.725727, R_squared:0.999561

2024-03-21 08:36:14,059 Epoch 269/300, Train Loss: 0.018252, Val Loss: 0.028442  
	Train = MSE:0.018257 , RMSE:0.135118 , MAE:0.102258 , MAPD:0.530398, R_squared:0.999684  
	Validation = MSE:0.028442 , RMSE:0.168647 , MAE:0.138444 , MAPD:0.844823, R_squared:0.999488

2024-03-21 08:36:26,433 Epoch 270/300, Train Loss: 0.015529, Val Loss: 0.061183  
	Train = MSE:0.015516 , RMSE:0.124564 , MAE:0.094343 , MAPD:0.488514, R_squared:0.999731  
	Validation = MSE:0.061183 , RMSE:0.247353 , MAE:0.221634 , MAPD:1.163250, R_squared:0.998899

2024-03-21 08:36:38,748 Epoch 271/300, Train Loss: 0.017342, Val Loss: 0.019033  
	Train = MSE:0.017346 , RMSE:0.131705 , MAE:0.100415 , MAPD:0.521333, R_squared:0.999700  
	Validation = MSE:0.019033 , RMSE:0.137962 , MAE:0.101829 , MAPD:0.589678, R_squared:0.999658

2024-03-21 08:36:55,246 Epoch 272/300, Train Loss: 0.016616, Val Loss: 0.020328  
	Train = MSE:0.016616 , RMSE:0.128902 , MAE:0.097099 , MAPD:0.507337, R_squared:0.999712  
	Validation = MSE:0.020328 , RMSE:0.142576 , MAE:0.108372 , MAPD:0.592398, R_squared:0.999634

2024-03-21 08:37:07,919 Epoch 273/300, Train Loss: 0.017713, Val Loss: 0.038407  
	Train = MSE:0.017711 , RMSE:0.133081 , MAE:0.102183 , MAPD:0.526352, R_squared:0.999693  
	Validation = MSE:0.038407 , RMSE:0.195978 , MAE:0.167862 , MAPD:0.905682, R_squared:0.999309

2024-03-21 08:37:22,171 Epoch 274/300, Train Loss: 0.016724, Val Loss: 0.018056  
	Train = MSE:0.016729 , RMSE:0.129341 , MAE:0.099211 , MAPD:0.516367, R_squared:0.999710  
	Validation = MSE:0.018056 , RMSE:0.134372 , MAE:0.104441 , MAPD:0.587749, R_squared:0.999675

2024-03-21 08:37:33,659 Epoch 275/300, Train Loss: 0.016849, Val Loss: 0.022148  
	Train = MSE:0.016853 , RMSE:0.129819 , MAE:0.099995 , MAPD:0.522194, R_squared:0.999708  
	Validation = MSE:0.022148 , RMSE:0.148823 , MAE:0.116523 , MAPD:0.643481, R_squared:0.999601

2024-03-21 08:37:45,756 Epoch 276/300, Train Loss: 0.016491, Val Loss: 0.019412  
	Train = MSE:0.016486 , RMSE:0.128399 , MAE:0.099458 , MAPD:0.514695, R_squared:0.999715  
	Validation = MSE:0.019412 , RMSE:0.139328 , MAE:0.105129 , MAPD:0.550595, R_squared:0.999651

2024-03-21 08:37:56,883 Epoch 277/300, Train Loss: 0.017579, Val Loss: 0.017367  
	Train = MSE:0.017584 , RMSE:0.132604 , MAE:0.100366 , MAPD:0.519807, R_squared:0.999696  
	Validation = MSE:0.017367 , RMSE:0.131783 , MAE:0.093236 , MAPD:0.475728, R_squared:0.999688

2024-03-21 08:38:07,991 Epoch 278/300, Train Loss: 0.017530, Val Loss: 0.012602  
	Train = MSE:0.017534 , RMSE:0.132416 , MAE:0.100375 , MAPD:0.520338, R_squared:0.999696  
	Validation = MSE:0.012602 , RMSE:0.112256 , MAE:0.078040 , MAPD:0.421499, R_squared:0.999773

2024-03-21 08:38:19,143 Epoch 279/300, Train Loss: 0.018350, Val Loss: 0.022262  
	Train = MSE:0.018354 , RMSE:0.135476 , MAE:0.101174 , MAPD:0.526851, R_squared:0.999682  
	Validation = MSE:0.022262 , RMSE:0.149205 , MAE:0.121639 , MAPD:0.668528, R_squared:0.999599

2024-03-21 08:38:30,393 Epoch 280/300, Train Loss: 0.016609, Val Loss: 0.032087  
	Train = MSE:0.016589 , RMSE:0.128800 , MAE:0.099307 , MAPD:0.507850, R_squared:0.999713  
	Validation = MSE:0.032087 , RMSE:0.179130 , MAE:0.157929 , MAPD:0.893294, R_squared:0.999423

2024-03-21 08:38:41,870 Epoch 281/300, Train Loss: 0.017024, Val Loss: 0.016758  
	Train = MSE:0.017029 , RMSE:0.130495 , MAE:0.098551 , MAPD:0.514156, R_squared:0.999705  
	Validation = MSE:0.016758 , RMSE:0.129454 , MAE:0.092611 , MAPD:0.511697, R_squared:0.999698

2024-03-21 08:38:55,638 Epoch 282/300, Train Loss: 0.018833, Val Loss: 0.013970  
	Train = MSE:0.018836 , RMSE:0.137243 , MAE:0.101918 , MAPD:0.528077, R_squared:0.999674  
	Validation = MSE:0.013970 , RMSE:0.118195 , MAE:0.084159 , MAPD:0.435496, R_squared:0.999749

2024-03-21 08:39:06,924 Epoch 283/300, Train Loss: 0.014966, Val Loss: 0.012234  
	Train = MSE:0.014967 , RMSE:0.122338 , MAE:0.093057 , MAPD:0.483669, R_squared:0.999741  
	Validation = MSE:0.012234 , RMSE:0.110606 , MAE:0.075299 , MAPD:0.413729, R_squared:0.999780

2024-03-21 08:39:18,326 Epoch 284/300, Train Loss: 0.016606, Val Loss: 0.012248  
	Train = MSE:0.016610 , RMSE:0.128881 , MAE:0.097992 , MAPD:0.510745, R_squared:0.999712  
	Validation = MSE:0.012248 , RMSE:0.110670 , MAE:0.074660 , MAPD:0.406217, R_squared:0.999780

2024-03-21 08:39:29,784 Epoch 285/300, Train Loss: 0.016490, Val Loss: 0.012573  
	Train = MSE:0.016495 , RMSE:0.128432 , MAE:0.097146 , MAPD:0.505233, R_squared:0.999714  
	Validation = MSE:0.012573 , RMSE:0.112131 , MAE:0.077310 , MAPD:0.427818, R_squared:0.999774

2024-03-21 08:39:41,223 Epoch 286/300, Train Loss: 0.018032, Val Loss: 0.016940  
	Train = MSE:0.018037 , RMSE:0.134301 , MAE:0.101753 , MAPD:0.529473, R_squared:0.999688  
	Validation = MSE:0.016940 , RMSE:0.130156 , MAE:0.094597 , MAPD:0.533709, R_squared:0.999695

2024-03-21 08:39:52,714 Epoch 287/300, Train Loss: 0.016531, Val Loss: 0.033801  
	Train = MSE:0.016535 , RMSE:0.128588 , MAE:0.097667 , MAPD:0.504830, R_squared:0.999714  
	Validation = MSE:0.033801 , RMSE:0.183852 , MAE:0.142270 , MAPD:0.685516, R_squared:0.999392

2024-03-21 08:40:04,217 Epoch 288/300, Train Loss: 0.017252, Val Loss: 0.019031  
	Train = MSE:0.017255 , RMSE:0.131358 , MAE:0.100531 , MAPD:0.521519, R_squared:0.999701  
	Validation = MSE:0.019031 , RMSE:0.137952 , MAE:0.100737 , MAPD:0.506521, R_squared:0.999658

2024-03-21 08:40:15,429 Epoch 289/300, Train Loss: 0.016096, Val Loss: 0.013432  
	Train = MSE:0.016100 , RMSE:0.126886 , MAE:0.096323 , MAPD:0.500366, R_squared:0.999721  
	Validation = MSE:0.013432 , RMSE:0.115895 , MAE:0.081104 , MAPD:0.449217, R_squared:0.999758

2024-03-21 08:40:26,682 Epoch 290/300, Train Loss: 0.017543, Val Loss: 0.023874  
	Train = MSE:0.017525 , RMSE:0.132381 , MAE:0.100365 , MAPD:0.516406, R_squared:0.999697  
	Validation = MSE:0.023874 , RMSE:0.154511 , MAE:0.115791 , MAPD:0.628587, R_squared:0.999570

2024-03-21 08:40:38,336 Epoch 291/300, Train Loss: 0.015954, Val Loss: 0.017777  
	Train = MSE:0.015954 , RMSE:0.126307 , MAE:0.096272 , MAPD:0.502013, R_squared:0.999724  
	Validation = MSE:0.017777 , RMSE:0.133331 , MAE:0.094958 , MAPD:0.498413, R_squared:0.999680

2024-03-21 08:40:52,782 Epoch 292/300, Train Loss: 0.016780, Val Loss: 0.022383  
	Train = MSE:0.016785 , RMSE:0.129558 , MAE:0.099113 , MAPD:0.517380, R_squared:0.999709  
	Validation = MSE:0.022383 , RMSE:0.149609 , MAE:0.116789 , MAPD:0.661190, R_squared:0.999597

2024-03-21 08:41:02,871 Epoch 293/300, Train Loss: 0.017594, Val Loss: 0.015565  
	Train = MSE:0.017599 , RMSE:0.132660 , MAE:0.101061 , MAPD:0.517987, R_squared:0.999695  
	Validation = MSE:0.015565 , RMSE:0.124760 , MAE:0.093189 , MAPD:0.498341, R_squared:0.999720

2024-03-21 08:41:13,027 Epoch 294/300, Train Loss: 0.015614, Val Loss: 0.013572  
	Train = MSE:0.015619 , RMSE:0.124976 , MAE:0.093811 , MAPD:0.486416, R_squared:0.999730  
	Validation = MSE:0.013572 , RMSE:0.116498 , MAE:0.085698 , MAPD:0.494227, R_squared:0.999756

2024-03-21 08:41:23,239 Epoch 295/300, Train Loss: 0.017503, Val Loss: 0.014502  
	Train = MSE:0.017506 , RMSE:0.132311 , MAE:0.101266 , MAPD:0.525825, R_squared:0.999697  
	Validation = MSE:0.014502 , RMSE:0.120426 , MAE:0.084558 , MAPD:0.489481, R_squared:0.999739

2024-03-21 08:41:33,940 Epoch 296/300, Train Loss: 0.015692, Val Loss: 0.013537  
	Train = MSE:0.015696 , RMSE:0.125285 , MAE:0.095322 , MAPD:0.495309, R_squared:0.999728  
	Validation = MSE:0.013537 , RMSE:0.116347 , MAE:0.078952 , MAPD:0.436394, R_squared:0.999756

2024-03-21 08:41:44,183 Epoch 297/300, Train Loss: 0.016732, Val Loss: 0.014096  
	Train = MSE:0.016728 , RMSE:0.129336 , MAE:0.098992 , MAPD:0.511718, R_squared:0.999710  
	Validation = MSE:0.014096 , RMSE:0.118728 , MAE:0.084775 , MAPD:0.462030, R_squared:0.999746

2024-03-21 08:41:54,407 Epoch 298/300, Train Loss: 0.017166, Val Loss: 0.024463  
	Train = MSE:0.017169 , RMSE:0.131030 , MAE:0.100459 , MAPD:0.522492, R_squared:0.999703  
	Validation = MSE:0.024463 , RMSE:0.156405 , MAE:0.124033 , MAPD:0.749263, R_squared:0.999560

2024-03-21 08:42:04,680 Epoch 299/300, Train Loss: 0.017010, Val Loss: 0.012362  
	Train = MSE:0.017003 , RMSE:0.130395 , MAE:0.100305 , MAPD:0.517148, R_squared:0.999706  
	Validation = MSE:0.012362 , RMSE:0.111185 , MAE:0.076913 , MAPD:0.430185, R_squared:0.999778

2024-03-21 08:42:14,891 Epoch 300/300, Train Loss: 0.017397, Val Loss: 0.016147  
	Train = MSE:0.017399 , RMSE:0.131907 , MAE:0.100632 , MAPD:0.519851, R_squared:0.999699  
	Validation = MSE:0.016147 , RMSE:0.127072 , MAE:0.088430 , MAPD:0.494662, R_squared:0.999709

2024-03-21 08:42:14,892 Time for training the model: 12526.423000
2024-03-21 08:42:20,215 MSE for train: 0.010555
2024-03-21 08:42:20,216 RMSE for train: 0.102737
2024-03-21 08:42:20,216 MAE for train: 0.078169
2024-03-21 08:42:20,216 MAPD for train: 0.417457
2024-03-21 08:42:20,216 R^2 Score for train: 0.999817
2024-03-21 08:42:20,217 Inference time for train dataset: 2.432000

2024-03-21 08:42:20,528 MSE for val: 0.016147
2024-03-21 08:42:20,528 RMSE for val: 0.127072
2024-03-21 08:42:20,528 MAE for val: 0.088430
2024-03-21 08:42:20,528 MAPD for val: 0.494662
2024-03-21 08:42:20,528 R^2 Score for val: 0.999709
2024-03-21 08:42:20,529 Inference time for val dataset: 0.312000

2024-03-21 08:42:20,841 MSE for test: 0.014731
2024-03-21 08:42:20,841 RMSE for test: 0.121372
2024-03-21 08:42:20,841 MAE for test: 0.090198
2024-03-21 08:42:20,841 MAPD for test: 0.461673
2024-03-21 08:42:20,841 R^2 Score for test: 0.999757
2024-03-21 08:42:20,842 Inference time for test dataset: 0.313000

2024-03-21 08:42:23,922 Train label average: , [20.62097221]
2024-03-21 08:42:23,922 Test label average: , [21.41736175]
2024-03-21 08:42:23,922 validation label average: , [20.14607025]
2024-03-21 08:42:23,923 predicted (on validation dataset) values average: , 21.35638427734375
