2024-03-21 03:39:33,619 train batches in dataset: 1600
2024-03-21 03:39:33,619 val batches in dataset: 200
2024-03-21 03:39:33,619 test batches in dataset: 200
2024-03-21 03:39:33,631 Trainable parameter: net_core.0.weight - size: torch.Size([256, 35])
2024-03-21 03:39:33,669 Trainable parameter: net_core.0.bias - size: torch.Size([256])
2024-03-21 03:39:33,673 Trainable parameter: net_core.1.weight - size: torch.Size([128, 256])
2024-03-21 03:39:33,680 Trainable parameter: net_core.1.bias - size: torch.Size([128])
2024-03-21 03:39:33,691 Trainable parameter: net_core.2.weight - size: torch.Size([64, 128])
2024-03-21 03:39:33,693 Trainable parameter: net_core.2.bias - size: torch.Size([64])
2024-03-21 03:39:33,701 Trainable parameter: net_core.3.weight - size: torch.Size([16, 64])
2024-03-21 03:39:33,714 Trainable parameter: net_core.3.bias - size: torch.Size([16])
2024-03-21 03:39:33,725 Trainable parameter: net_core.4.weight - size: torch.Size([1, 16])
2024-03-21 03:39:33,750 Trainable parameter: net_core.4.bias - size: torch.Size([1])
2024-03-21 03:39:33,755 Number of trainable parameters: 51425
2024-03-21 03:39:33,755 Number of non-trainable parameters: 0
2024-03-21 03:43:31,621 Epoch 1/300, Train Loss: 5665516.460796, Val Loss: 321.435748  
	Train = MSE:5667287.000000 , RMSE:2380.606445 , MAE:79.806694 , MAPD:380.615262, R_squared:-98100.707128  
	Validation = MSE:321.435760 , RMSE:17.928629 , MAE:16.305269 , MAPD:78.376115, R_squared:-4.783928

2024-03-21 03:47:28,482 Epoch 2/300, Train Loss: 208.121796, Val Loss: 98.177224  
	Train = MSE:208.125504 , RMSE:14.426556 , MAE:12.043864 , MAPD:53.083135, R_squared:-2.602688  
	Validation = MSE:98.177223 , RMSE:9.908442 , MAE:7.247587 , MAPD:30.123319, R_squared:-0.766605

2024-03-21 03:51:51,121 Epoch 3/300, Train Loss: 72.316744, Val Loss: 55.672366  
	Train = MSE:72.321609 , RMSE:8.504211 , MAE:6.319459 , MAPD:28.804553, R_squared:-0.251899  
	Validation = MSE:55.672363 , RMSE:7.461391 , MAE:5.952725 , MAPD:31.791014, R_squared:-0.001771

2024-03-21 03:55:42,937 Epoch 4/300, Train Loss: 57.875034, Val Loss: 55.984775  
	Train = MSE:57.872677 , RMSE:7.607409 , MAE:6.163810 , MAPD:32.761552, R_squared:-0.001786  
	Validation = MSE:55.984776 , RMSE:7.482297 , MAE:6.200349 , MAPD:34.565163, R_squared:-0.007392

2024-03-21 03:59:26,615 Epoch 5/300, Train Loss: 57.880292, Val Loss: 55.864305  
	Train = MSE:57.891792 , RMSE:7.608665 , MAE:6.230440 , MAPD:33.506233, R_squared:-0.002117  
	Validation = MSE:55.864307 , RMSE:7.474243 , MAE:6.168158 , MAPD:34.240510, R_squared:-0.005225

2024-03-21 04:03:26,241 Epoch 6/300, Train Loss: 58.080182, Val Loss: 57.325354  
	Train = MSE:58.046265 , RMSE:7.618810 , MAE:6.221495 , MAPD:33.365612, R_squared:-0.004791  
	Validation = MSE:57.325352 , RMSE:7.571351 , MAE:6.434261 , MAPD:36.824612, R_squared:-0.031515

2024-03-21 04:07:49,830 Epoch 7/300, Train Loss: 58.333285, Val Loss: 55.704521  
	Train = MSE:58.351326 , RMSE:7.638804 , MAE:6.253129 , MAPD:33.623403, R_squared:-0.010071  
	Validation = MSE:55.704521 , RMSE:7.463546 , MAE:6.114456 , MAPD:33.687089, R_squared:-0.002350

2024-03-21 04:12:21,538 Epoch 8/300, Train Loss: 58.387892, Val Loss: 55.732689  
	Train = MSE:58.398190 , RMSE:7.641871 , MAE:6.256701 , MAPD:33.629923, R_squared:-0.010883  
	Validation = MSE:55.732689 , RMSE:7.465433 , MAE:6.125382 , MAPD:33.801267, R_squared:-0.002856

2024-03-21 04:16:40,621 Epoch 9/300, Train Loss: 59.000325, Val Loss: 56.915698  
	Train = MSE:58.935371 , RMSE:7.676938 , MAE:6.265399 , MAPD:33.624206, R_squared:-0.020181  
	Validation = MSE:56.915699 , RMSE:7.544250 , MAE:6.375482 , MAPD:36.267711, R_squared:-0.024143

2024-03-21 04:20:50,193 Epoch 10/300, Train Loss: 58.961018, Val Loss: 55.948287  
	Train = MSE:58.976456 , RMSE:7.679613 , MAE:6.282205 , MAPD:33.756920, R_squared:-0.020893  
	Validation = MSE:55.948292 , RMSE:7.479859 , MAE:6.191084 , MAPD:34.472157, R_squared:-0.006736

2024-03-21 04:25:00,698 Epoch 11/300, Train Loss: 59.484009, Val Loss: 56.816154  
	Train = MSE:59.502155 , RMSE:7.713764 , MAE:6.286242 , MAPD:33.724115, R_squared:-0.029992  
	Validation = MSE:56.816151 , RMSE:7.537649 , MAE:6.360106 , MAPD:36.120979, R_squared:-0.022352

2024-03-21 04:29:09,139 Epoch 12/300, Train Loss: 59.106768, Val Loss: 56.251530  
	Train = MSE:59.040897 , RMSE:7.683807 , MAE:6.279321 , MAPD:33.683578, R_squared:-0.022008  
	Validation = MSE:56.251534 , RMSE:7.500102 , MAE:6.260297 , MAPD:35.156502, R_squared:-0.012192

2024-03-21 04:33:19,273 Epoch 13/300, Train Loss: 58.934831, Val Loss: 56.676071  
	Train = MSE:58.947773 , RMSE:7.677745 , MAE:6.269912 , MAPD:33.659832, R_squared:-0.020396  
	Validation = MSE:56.676075 , RMSE:7.528351 , MAE:6.337777 , MAPD:35.905993, R_squared:-0.019832

2024-03-21 04:37:26,335 Epoch 14/300, Train Loss: 59.269812, Val Loss: 55.585712  
	Train = MSE:59.288223 , RMSE:7.699884 , MAE:6.306269 , MAPD:33.849000, R_squared:-0.026289  
	Validation = MSE:55.585712 , RMSE:7.455583 , MAE:5.997467 , MAPD:32.345624, R_squared:-0.000212

2024-03-21 04:41:36,202 Epoch 15/300, Train Loss: 59.163184, Val Loss: 55.577819  
	Train = MSE:59.169193 , RMSE:7.692152 , MAE:6.264494 , MAPD:33.675947, R_squared:-0.024229  
	Validation = MSE:55.577816 , RMSE:7.455053 , MAE:6.007643 , MAPD:32.471077, R_squared:-0.000070

2024-03-21 04:45:49,812 Epoch 16/300, Train Loss: 58.927811, Val Loss: 55.627298  
	Train = MSE:58.917610 , RMSE:7.675781 , MAE:6.253406 , MAPD:33.561289, R_squared:-0.019874  
	Validation = MSE:55.627300 , RMSE:7.458371 , MAE:6.077269 , MAPD:33.291602, R_squared:-0.000960

2024-03-21 04:49:58,109 Epoch 17/300, Train Loss: 59.150323, Val Loss: 62.897870  
	Train = MSE:59.166595 , RMSE:7.691983 , MAE:6.295751 , MAPD:33.692948, R_squared:-0.024184  
	Validation = MSE:62.897873 , RMSE:7.930818 , MAE:6.976312 , MAPD:41.716491, R_squared:-0.131787

2024-03-21 04:54:06,979 Epoch 18/300, Train Loss: 59.323323, Val Loss: 58.276688  
	Train = MSE:59.230537 , RMSE:7.696138 , MAE:6.293455 , MAPD:33.822011, R_squared:-0.025291  
	Validation = MSE:58.276688 , RMSE:7.633917 , MAE:5.760550 , MAPD:28.703806, R_squared:-0.048633

2024-03-21 04:58:15,864 Epoch 19/300, Train Loss: 59.039236, Val Loss: 57.225743  
	Train = MSE:58.978882 , RMSE:7.679771 , MAE:6.293815 , MAPD:33.769917, R_squared:-0.020935  
	Validation = MSE:57.225742 , RMSE:7.564770 , MAE:6.420526 , MAPD:36.695137, R_squared:-0.029722

2024-03-21 05:02:25,747 Epoch 20/300, Train Loss: 59.068821, Val Loss: 57.672527  
	Train = MSE:59.054371 , RMSE:7.684684 , MAE:6.273795 , MAPD:33.679392, R_squared:-0.022241  
	Validation = MSE:57.672531 , RMSE:7.594244 , MAE:6.479348 , MAPD:37.249428, R_squared:-0.037762

2024-03-21 05:06:41,693 Epoch 21/300, Train Loss: 58.724605, Val Loss: 55.578180  
	Train = MSE:58.739880 , RMSE:7.664195 , MAE:6.249660 , MAPD:33.543414, R_squared:-0.016797  
	Validation = MSE:55.578182 , RMSE:7.455078 , MAE:6.036531 , MAPD:32.820634, R_squared:-0.000076

2024-03-21 05:11:38,959 Epoch 22/300, Train Loss: 58.963560, Val Loss: 60.490710  
	Train = MSE:58.950008 , RMSE:7.677891 , MAE:6.287682 , MAPD:33.738476, R_squared:-0.020435  
	Validation = MSE:60.490707 , RMSE:7.777577 , MAE:6.773569 , MAPD:39.937036, R_squared:-0.088472

2024-03-21 05:15:45,723 Epoch 23/300, Train Loss: 59.373554, Val Loss: 56.000764  
	Train = MSE:59.386578 , RMSE:7.706269 , MAE:6.291815 , MAPD:33.796440, R_squared:-0.027992  
	Validation = MSE:56.000763 , RMSE:7.483366 , MAE:5.882455 , MAPD:30.892461, R_squared:-0.007680

2024-03-21 05:18:59,914 Epoch 24/300, Train Loss: 59.519701, Val Loss: 61.633413  
	Train = MSE:59.529877 , RMSE:7.715561 , MAE:6.308370 , MAPD:33.812410, R_squared:-0.030472  
	Validation = MSE:61.633411 , RMSE:7.850695 , MAE:6.873238 , MAPD:40.818826, R_squared:-0.109034

2024-03-21 05:21:59,274 Epoch 25/300, Train Loss: 59.250612, Val Loss: 56.861063  
	Train = MSE:59.268738 , RMSE:7.698619 , MAE:6.299500 , MAPD:33.877538, R_squared:-0.025952  
	Validation = MSE:56.861065 , RMSE:7.540627 , MAE:6.367089 , MAPD:36.187748, R_squared:-0.023160

2024-03-21 05:24:44,499 Epoch 26/300, Train Loss: 58.853155, Val Loss: 57.940116  
	Train = MSE:58.845428 , RMSE:7.671077 , MAE:6.247629 , MAPD:33.560907, R_squared:-0.018624  
	Validation = MSE:57.940117 , RMSE:7.611841 , MAE:6.511887 , MAPD:37.554637, R_squared:-0.042577

2024-03-21 05:27:22,833 Epoch 27/300, Train Loss: 59.096718, Val Loss: 55.942331  
	Train = MSE:59.106956 , RMSE:7.688105 , MAE:6.281313 , MAPD:33.737925, R_squared:-0.023151  
	Validation = MSE:55.942333 , RMSE:7.479461 , MAE:5.891496 , MAPD:31.012325, R_squared:-0.006629

2024-03-21 05:30:05,586 Epoch 28/300, Train Loss: 59.293254, Val Loss: 55.894237  
	Train = MSE:59.299255 , RMSE:7.700601 , MAE:6.294369 , MAPD:33.790042, R_squared:-0.026480  
	Validation = MSE:55.894238 , RMSE:7.476245 , MAE:6.176627 , MAPD:34.326302, R_squared:-0.005763

2024-03-21 05:33:12,310 Epoch 29/300, Train Loss: 59.368798, Val Loss: 56.223981  
	Train = MSE:59.386490 , RMSE:7.706263 , MAE:6.308956 , MAPD:33.886950, R_squared:-0.027990  
	Validation = MSE:56.223984 , RMSE:7.498265 , MAE:5.854207 , MAPD:30.505186, R_squared:-0.011697

2024-03-21 05:35:58,097 Epoch 30/300, Train Loss: 58.881943, Val Loss: 55.581153  
	Train = MSE:58.895863 , RMSE:7.674364 , MAE:6.268543 , MAPD:33.628976, R_squared:-0.019497  
	Validation = MSE:55.581154 , RMSE:7.455277 , MAE:6.041192 , MAPD:32.875895, R_squared:-0.000130

2024-03-21 05:38:43,826 Epoch 31/300, Train Loss: 59.075131, Val Loss: 58.554534  
	Train = MSE:59.091904 , RMSE:7.687126 , MAE:6.277028 , MAPD:33.705316, R_squared:-0.022891  
	Validation = MSE:58.554531 , RMSE:7.652093 , MAE:6.581982 , MAPD:38.203810, R_squared:-0.053633

2024-03-21 05:41:22,179 Epoch 32/300, Train Loss: 59.414975, Val Loss: 55.650040  
	Train = MSE:59.421444 , RMSE:7.708530 , MAE:6.273817 , MAPD:33.730657, R_squared:-0.028595  
	Validation = MSE:55.650040 , RMSE:7.459896 , MAE:6.089702 , MAPD:33.425925, R_squared:-0.001369

2024-03-21 05:43:28,876 Epoch 33/300, Train Loss: 59.193758, Val Loss: 55.574903  
	Train = MSE:59.203266 , RMSE:7.694366 , MAE:6.289032 , MAPD:33.746466, R_squared:-0.024819  
	Validation = MSE:55.574902 , RMSE:7.454857 , MAE:6.028633 , MAPD:32.726064, R_squared:-0.000017

2024-03-21 05:45:43,248 Epoch 34/300, Train Loss: 58.839148, Val Loss: 57.702045  
	Train = MSE:58.852760 , RMSE:7.671555 , MAE:6.253114 , MAPD:33.475171, R_squared:-0.018751  
	Validation = MSE:57.702042 , RMSE:7.596186 , MAE:6.483004 , MAPD:37.283867, R_squared:-0.038293

2024-03-21 05:47:54,569 Epoch 35/300, Train Loss: 59.248060, Val Loss: 56.385525  
	Train = MSE:59.203930 , RMSE:7.694409 , MAE:6.279783 , MAPD:33.754469, R_squared:-0.024830  
	Validation = MSE:56.385517 , RMSE:7.509029 , MAE:5.838297 , MAPD:30.273671, R_squared:-0.014604

2024-03-21 05:50:08,824 Epoch 36/300, Train Loss: 59.201200, Val Loss: 56.074163  
	Train = MSE:59.216240 , RMSE:7.695209 , MAE:6.287473 , MAPD:33.771579, R_squared:-0.025043  
	Validation = MSE:56.074162 , RMSE:7.488268 , MAE:5.872130 , MAPD:30.754000, R_squared:-0.009001

2024-03-21 05:52:23,657 Epoch 37/300, Train Loss: 59.065331, Val Loss: 55.581399  
	Train = MSE:59.083260 , RMSE:7.686563 , MAE:6.262020 , MAPD:33.612424, R_squared:-0.022741  
	Validation = MSE:55.581398 , RMSE:7.455293 , MAE:6.041528 , MAPD:32.879897, R_squared:-0.000134

2024-03-21 05:54:39,293 Epoch 38/300, Train Loss: 59.130064, Val Loss: 55.901632  
	Train = MSE:59.147156 , RMSE:7.690719 , MAE:6.277099 , MAPD:33.702583, R_squared:-0.023847  
	Validation = MSE:55.901630 , RMSE:7.476739 , MAE:6.178673 , MAPD:34.346949, R_squared:-0.005896

2024-03-21 05:57:05,398 Epoch 39/300, Train Loss: 58.701545, Val Loss: 56.004676  
	Train = MSE:58.717449 , RMSE:7.662731 , MAE:6.260904 , MAPD:33.590010, R_squared:-0.016409  
	Validation = MSE:56.004677 , RMSE:7.483627 , MAE:6.205259 , MAPD:34.614288, R_squared:-0.007751

2024-03-21 05:59:27,445 Epoch 40/300, Train Loss: 58.907098, Val Loss: 55.644609  
	Train = MSE:58.918606 , RMSE:7.675846 , MAE:6.254130 , MAPD:33.579115, R_squared:-0.019891  
	Validation = MSE:55.644608 , RMSE:7.459531 , MAE:6.086864 , MAPD:33.395624, R_squared:-0.001271

2024-03-21 06:01:50,224 Epoch 41/300, Train Loss: 59.357967, Val Loss: 56.703614  
	Train = MSE:59.359829 , RMSE:7.704533 , MAE:6.292704 , MAPD:33.766648, R_squared:-0.027529  
	Validation = MSE:56.703613 , RMSE:7.530180 , MAE:6.342275 , MAPD:35.949297, R_squared:-0.020327

2024-03-21 06:04:34,981 Epoch 42/300, Train Loss: 59.024679, Val Loss: 58.340484  
	Train = MSE:59.042549 , RMSE:7.683915 , MAE:6.278746 , MAPD:33.709190, R_squared:-0.022037  
	Validation = MSE:58.340485 , RMSE:7.638094 , MAE:6.558105 , MAPD:37.984356, R_squared:-0.049781

2024-03-21 06:07:36,897 Epoch 43/300, Train Loss: 58.651124, Val Loss: 55.984469  
	Train = MSE:58.663269 , RMSE:7.659195 , MAE:6.257482 , MAPD:33.644185, R_squared:-0.015471  
	Validation = MSE:55.984467 , RMSE:7.482277 , MAE:5.884911 , MAPD:30.925014, R_squared:-0.007387

2024-03-21 06:10:13,678 Epoch 44/300, Train Loss: 59.171264, Val Loss: 57.100934  
	Train = MSE:59.162933 , RMSE:7.691744 , MAE:6.259944 , MAPD:33.563943, R_squared:-0.024120  
	Validation = MSE:57.100933 , RMSE:7.556516 , MAE:6.402950 , MAPD:36.528357, R_squared:-0.027477

2024-03-21 06:12:52,468 Epoch 45/300, Train Loss: 58.942109, Val Loss: 55.717333  
	Train = MSE:58.949417 , RMSE:7.677852 , MAE:6.260849 , MAPD:33.631899, R_squared:-0.020424  
	Validation = MSE:55.717335 , RMSE:7.464405 , MAE:5.938762 , MAPD:31.616501, R_squared:-0.002580

2024-03-21 06:15:36,652 Epoch 46/300, Train Loss: 59.124215, Val Loss: 55.641567  
	Train = MSE:59.139091 , RMSE:7.690195 , MAE:6.265313 , MAPD:33.627553, R_squared:-0.023708  
	Validation = MSE:55.641571 , RMSE:7.459328 , MAE:6.085245 , MAPD:33.378223, R_squared:-0.001217

2024-03-21 06:18:14,698 Epoch 47/300, Train Loss: 59.235991, Val Loss: 55.579575  
	Train = MSE:59.254131 , RMSE:7.697670 , MAE:6.281185 , MAPD:33.689860, R_squared:-0.025699  
	Validation = MSE:55.579575 , RMSE:7.455171 , MAE:6.004826 , MAPD:32.436350, R_squared:-0.000101

2024-03-21 06:20:51,106 Epoch 48/300, Train Loss: 59.211808, Val Loss: 55.585552  
	Train = MSE:59.218460 , RMSE:7.695353 , MAE:6.298322 , MAPD:33.839024, R_squared:-0.025082  
	Validation = MSE:55.585552 , RMSE:7.455572 , MAE:6.046559 , MAPD:32.939542, R_squared:-0.000209

2024-03-21 06:23:28,575 Epoch 49/300, Train Loss: 58.824198, Val Loss: 55.757997  
	Train = MSE:58.842445 , RMSE:7.670883 , MAE:6.262511 , MAPD:33.620388, R_squared:-0.018573  
	Validation = MSE:55.757999 , RMSE:7.467128 , MAE:5.927937 , MAPD:31.481212, R_squared:-0.003312

2024-03-21 06:26:08,530 Epoch 50/300, Train Loss: 59.302067, Val Loss: 57.498319  
	Train = MSE:59.208912 , RMSE:7.694733 , MAE:6.269496 , MAPD:33.704296, R_squared:-0.024916  
	Validation = MSE:57.498322 , RMSE:7.582765 , MAE:5.776710 , MAPD:29.189319, R_squared:-0.034627

2024-03-21 06:28:34,068 Epoch 51/300, Train Loss: 58.792265, Val Loss: 56.836915  
	Train = MSE:58.805870 , RMSE:7.668499 , MAE:6.266067 , MAPD:33.642251, R_squared:-0.017940  
	Validation = MSE:56.836914 , RMSE:7.539026 , MAE:6.363347 , MAPD:36.151979, R_squared:-0.022726

2024-03-21 06:30:56,872 Epoch 52/300, Train Loss: 59.310253, Val Loss: 57.368170  
	Train = MSE:59.305843 , RMSE:7.701029 , MAE:6.294743 , MAPD:33.822554, R_squared:-0.026594  
	Validation = MSE:57.368168 , RMSE:7.574178 , MAE:6.440050 , MAPD:36.879152, R_squared:-0.032285

2024-03-21 06:33:21,618 Epoch 53/300, Train Loss: 59.044849, Val Loss: 56.494464  
	Train = MSE:59.054264 , RMSE:7.684677 , MAE:6.285413 , MAPD:33.741966, R_squared:-0.022239  
	Validation = MSE:56.494461 , RMSE:7.516280 , MAE:6.306594 , MAPD:35.605761, R_squared:-0.016564

2024-03-21 06:36:19,803 Epoch 54/300, Train Loss: 58.950557, Val Loss: 55.582917  
	Train = MSE:58.968983 , RMSE:7.679126 , MAE:6.279641 , MAPD:33.733024, R_squared:-0.020763  
	Validation = MSE:55.582916 , RMSE:7.455395 , MAE:6.043500 , MAPD:32.903267, R_squared:-0.000161

2024-03-21 06:39:06,955 Epoch 55/300, Train Loss: 59.260729, Val Loss: 56.258295  
	Train = MSE:59.269115 , RMSE:7.698644 , MAE:6.299272 , MAPD:33.777828, R_squared:-0.025959  
	Validation = MSE:56.258289 , RMSE:7.500553 , MAE:6.261671 , MAPD:35.169922, R_squared:-0.012314

2024-03-21 06:41:42,832 Epoch 56/300, Train Loss: 59.119271, Val Loss: 56.320654  
	Train = MSE:59.137321 , RMSE:7.690079 , MAE:6.270120 , MAPD:33.696845, R_squared:-0.023677  
	Validation = MSE:56.320656 , RMSE:7.504709 , MAE:6.274022 , MAPD:35.290637, R_squared:-0.013436

2024-03-21 06:43:55,925 Epoch 57/300, Train Loss: 59.201597, Val Loss: 56.025835  
	Train = MSE:59.217999 , RMSE:7.695323 , MAE:6.280477 , MAPD:33.676612, R_squared:-0.025074  
	Validation = MSE:56.025833 , RMSE:7.485041 , MAE:6.210433 , MAPD:34.665663, R_squared:-0.008131

2024-03-21 06:45:59,115 Epoch 58/300, Train Loss: 58.828575, Val Loss: 59.640540  
	Train = MSE:58.793251 , RMSE:7.667675 , MAE:6.246721 , MAPD:33.541576, R_squared:-0.017721  
	Validation = MSE:59.640541 , RMSE:7.722729 , MAE:6.693785 , MAPD:39.221697, R_squared:-0.073174

2024-03-21 06:48:01,221 Epoch 59/300, Train Loss: 59.366476, Val Loss: 57.246562  
	Train = MSE:59.375591 , RMSE:7.705556 , MAE:6.301625 , MAPD:33.797367, R_squared:-0.027802  
	Validation = MSE:57.246563 , RMSE:7.566146 , MAE:6.423422 , MAPD:36.722474, R_squared:-0.030097

2024-03-21 06:50:08,457 Epoch 60/300, Train Loss: 58.949569, Val Loss: 55.730807  
	Train = MSE:58.927200 , RMSE:7.676405 , MAE:6.269198 , MAPD:33.614277, R_squared:-0.020040  
	Validation = MSE:55.730804 , RMSE:7.465307 , MAE:6.124671 , MAPD:33.793904, R_squared:-0.002822

2024-03-21 06:52:10,514 Epoch 61/300, Train Loss: 59.185141, Val Loss: 55.624220  
	Train = MSE:59.179329 , RMSE:7.692810 , MAE:6.283665 , MAPD:33.750797, R_squared:-0.024404  
	Validation = MSE:55.624218 , RMSE:7.458165 , MAE:6.075442 , MAPD:33.271590, R_squared:-0.000905

2024-03-21 06:54:15,138 Epoch 62/300, Train Loss: 58.883590, Val Loss: 56.761023  
	Train = MSE:58.900295 , RMSE:7.674653 , MAE:6.252824 , MAPD:33.566123, R_squared:-0.019574  
	Validation = MSE:56.761024 , RMSE:7.533991 , MAE:6.351477 , MAPD:36.037894, R_squared:-0.021360

2024-03-21 06:56:20,581 Epoch 63/300, Train Loss: 59.347569, Val Loss: 57.642121  
	Train = MSE:59.363266 , RMSE:7.704756 , MAE:6.298802 , MAPD:33.858977, R_squared:-0.027588  
	Validation = MSE:57.642120 , RMSE:7.592241 , MAE:5.772360 , MAPD:29.086934, R_squared:-0.037215

2024-03-21 06:58:25,022 Epoch 64/300, Train Loss: 58.938372, Val Loss: 55.580654  
	Train = MSE:58.943741 , RMSE:7.677483 , MAE:6.269459 , MAPD:33.653185, R_squared:-0.020326  
	Validation = MSE:55.580654 , RMSE:7.455244 , MAE:6.040487 , MAPD:32.867550, R_squared:-0.000121

2024-03-21 07:00:33,059 Epoch 65/300, Train Loss: 58.728287, Val Loss: 61.609003  
	Train = MSE:58.738979 , RMSE:7.664136 , MAE:6.255350 , MAPD:33.518674, R_squared:-0.016782  
	Validation = MSE:61.609005 , RMSE:7.849140 , MAE:6.871179 , MAPD:40.800755, R_squared:-0.108595

2024-03-21 07:02:38,859 Epoch 66/300, Train Loss: 59.046123, Val Loss: 55.707122  
	Train = MSE:59.046215 , RMSE:7.684154 , MAE:6.275839 , MAPD:33.718527, R_squared:-0.022100  
	Validation = MSE:55.707123 , RMSE:7.463720 , MAE:5.941714 , MAPD:31.653398, R_squared:-0.002396

2024-03-21 07:04:48,355 Epoch 67/300, Train Loss: 59.112131, Val Loss: 63.420634  
	Train = MSE:59.109039 , RMSE:7.688241 , MAE:6.272789 , MAPD:33.637232, R_squared:-0.023187  
	Validation = MSE:63.420635 , RMSE:7.963707 , MAE:7.017513 , MAPD:42.070055, R_squared:-0.141194

2024-03-21 07:06:56,749 Epoch 68/300, Train Loss: 59.213575, Val Loss: 55.630763  
	Train = MSE:59.224640 , RMSE:7.695755 , MAE:6.303445 , MAPD:33.809795, R_squared:-0.025189  
	Validation = MSE:55.630760 , RMSE:7.458603 , MAE:6.079261 , MAPD:33.313442, R_squared:-0.001022

2024-03-21 07:09:05,197 Epoch 69/300, Train Loss: 59.192041, Val Loss: 57.148035  
	Train = MSE:59.185730 , RMSE:7.693226 , MAE:6.280266 , MAPD:33.736256, R_squared:-0.024515  
	Validation = MSE:57.148037 , RMSE:7.559632 , MAE:6.409664 , MAPD:36.592070, R_squared:-0.028324

2024-03-21 07:11:15,376 Epoch 70/300, Train Loss: 59.215288, Val Loss: 58.634214  
	Train = MSE:59.218006 , RMSE:7.695323 , MAE:6.278412 , MAPD:33.700751, R_squared:-0.025074  
	Validation = MSE:58.634212 , RMSE:7.657298 , MAE:6.590693 , MAPD:38.283679, R_squared:-0.055067

2024-03-21 07:13:06,137 Epoch 71/300, Train Loss: 59.392104, Val Loss: 58.357069  
	Train = MSE:59.407242 , RMSE:7.707609 , MAE:6.300135 , MAPD:33.820265, R_squared:-0.028349  
	Validation = MSE:58.357071 , RMSE:7.639180 , MAE:6.559973 , MAPD:38.001586, R_squared:-0.050080

2024-03-21 07:14:57,555 Epoch 72/300, Train Loss: 58.640958, Val Loss: 55.650551  
	Train = MSE:58.658073 , RMSE:7.658856 , MAE:6.263939 , MAPD:33.665373, R_squared:-0.015381  
	Validation = MSE:55.650547 , RMSE:7.459929 , MAE:5.960669 , MAPD:31.890289, R_squared:-0.001378

2024-03-21 07:16:53,936 Epoch 73/300, Train Loss: 58.994346, Val Loss: 58.628338  
	Train = MSE:59.005646 , RMSE:7.681513 , MAE:6.275712 , MAPD:33.652792, R_squared:-0.021398  
	Validation = MSE:58.628342 , RMSE:7.656915 , MAE:6.590055 , MAPD:38.277825, R_squared:-0.054961

2024-03-21 07:19:01,287 Epoch 74/300, Train Loss: 58.929286, Val Loss: 56.397245  
	Train = MSE:58.941677 , RMSE:7.677348 , MAE:6.262529 , MAPD:33.702038, R_squared:-0.020290  
	Validation = MSE:56.397247 , RMSE:7.509810 , MAE:6.288627 , MAPD:35.432774, R_squared:-0.014814

2024-03-21 07:21:25,766 Epoch 75/300, Train Loss: 59.370578, Val Loss: 55.574802  
	Train = MSE:59.383774 , RMSE:7.706087 , MAE:6.284421 , MAPD:33.730036, R_squared:-0.027943  
	Validation = MSE:55.574806 , RMSE:7.454851 , MAE:6.028248 , MAPD:32.721455, R_squared:-0.000015

2024-03-21 07:23:40,703 Epoch 76/300, Train Loss: 59.472864, Val Loss: 57.103830  
	Train = MSE:59.445671 , RMSE:7.710102 , MAE:6.304833 , MAPD:33.837659, R_squared:-0.029015  
	Validation = MSE:57.103832 , RMSE:7.556708 , MAE:6.403366 , MAPD:36.532302, R_squared:-0.027529

2024-03-21 07:25:47,089 Epoch 77/300, Train Loss: 59.303056, Val Loss: 56.958588  
	Train = MSE:59.321102 , RMSE:7.702019 , MAE:6.286599 , MAPD:33.778413, R_squared:-0.026858  
	Validation = MSE:56.958584 , RMSE:7.547091 , MAE:6.382003 , MAPD:36.329586, R_squared:-0.024915

2024-03-21 07:27:59,894 Epoch 78/300, Train Loss: 58.725277, Val Loss: 55.729067  
	Train = MSE:58.742001 , RMSE:7.664333 , MAE:6.267166 , MAPD:33.688875, R_squared:-0.016834  
	Validation = MSE:55.729069 , RMSE:7.465190 , MAE:5.935495 , MAPD:31.575684, R_squared:-0.002791

2024-03-21 07:30:11,746 Epoch 79/300, Train Loss: 58.816761, Val Loss: 57.781761  
	Train = MSE:58.811043 , RMSE:7.668836 , MAE:6.270813 , MAPD:33.656073, R_squared:-0.018029  
	Validation = MSE:57.781757 , RMSE:7.601431 , MAE:6.492774 , MAPD:37.375806, R_squared:-0.039727

2024-03-21 07:32:23,396 Epoch 80/300, Train Loss: 58.877341, Val Loss: 56.676869  
	Train = MSE:58.889214 , RMSE:7.673931 , MAE:6.251478 , MAPD:33.594368, R_squared:-0.019382  
	Validation = MSE:56.676868 , RMSE:7.528404 , MAE:6.337908 , MAPD:35.907254, R_squared:-0.019846

2024-03-21 07:34:39,867 Epoch 81/300, Train Loss: 59.117106, Val Loss: 55.782541  
	Train = MSE:59.100353 , RMSE:7.687675 , MAE:6.260996 , MAPD:33.667897, R_squared:-0.023037  
	Validation = MSE:55.782539 , RMSE:7.468771 , MAE:5.921980 , MAPD:31.406753, R_squared:-0.003753

2024-03-21 07:37:05,164 Epoch 82/300, Train Loss: 59.135385, Val Loss: 56.490051  
	Train = MSE:59.138191 , RMSE:7.690136 , MAE:6.267321 , MAPD:33.685810, R_squared:-0.023692  
	Validation = MSE:56.490047 , RMSE:7.515986 , MAE:5.829322 , MAPD:30.138543, R_squared:-0.016484

2024-03-21 07:38:56,145 Epoch 83/300, Train Loss: 59.027020, Val Loss: 55.752143  
	Train = MSE:59.036320 , RMSE:7.683510 , MAE:6.271219 , MAPD:33.627281, R_squared:-0.021929  
	Validation = MSE:55.752144 , RMSE:7.466736 , MAE:6.132529 , MAPD:33.875062, R_squared:-0.003206

2024-03-21 07:40:20,156 Epoch 84/300, Train Loss: 59.155409, Val Loss: 58.511932  
	Train = MSE:59.168022 , RMSE:7.692075 , MAE:6.282503 , MAPD:33.734389, R_squared:-0.024208  
	Validation = MSE:58.511932 , RMSE:7.649309 , MAE:6.577277 , MAPD:38.160670, R_squared:-0.052866

2024-03-21 07:41:39,126 Epoch 85/300, Train Loss: 58.724887, Val Loss: 58.828899  
	Train = MSE:58.728676 , RMSE:7.663464 , MAE:6.274103 , MAPD:33.675463, R_squared:-0.016603  
	Validation = MSE:58.828896 , RMSE:7.670000 , MAE:6.611513 , MAPD:38.474556, R_squared:-0.058570

2024-03-21 07:42:52,161 Epoch 86/300, Train Loss: 59.150032, Val Loss: 56.854251  
	Train = MSE:59.164589 , RMSE:7.691852 , MAE:6.292472 , MAPD:33.740471, R_squared:-0.024149  
	Validation = MSE:56.854248 , RMSE:7.540175 , MAE:6.366037 , MAPD:36.177692, R_squared:-0.023038

2024-03-21 07:44:06,025 Epoch 87/300, Train Loss: 59.321856, Val Loss: 55.806090  
	Train = MSE:59.335133 , RMSE:7.702930 , MAE:6.291434 , MAPD:33.785070, R_squared:-0.027101  
	Validation = MSE:55.806087 , RMSE:7.470347 , MAE:6.150731 , MAPD:34.061847, R_squared:-0.004177

2024-03-21 07:45:12,995 Epoch 88/300, Train Loss: 59.328699, Val Loss: 56.279546  
	Train = MSE:59.347221 , RMSE:7.703715 , MAE:6.261559 , MAPD:33.586635, R_squared:-0.027311  
	Validation = MSE:56.279545 , RMSE:7.501969 , MAE:6.265941 , MAPD:35.211657, R_squared:-0.012697

2024-03-21 07:46:19,261 Epoch 89/300, Train Loss: 59.181694, Val Loss: 58.787504  
	Train = MSE:59.199154 , RMSE:7.694098 , MAE:6.283438 , MAPD:33.689519, R_squared:-0.024747  
	Validation = MSE:58.787498 , RMSE:7.667301 , MAE:6.607139 , MAPD:38.434459, R_squared:-0.057825

2024-03-21 07:47:28,352 Epoch 90/300, Train Loss: 59.100472, Val Loss: 55.759268  
	Train = MSE:59.047359 , RMSE:7.684228 , MAE:6.290372 , MAPD:33.709465, R_squared:-0.022120  
	Validation = MSE:55.759266 , RMSE:7.467213 , MAE:6.135078 , MAPD:33.901215, R_squared:-0.003335

2024-03-21 07:48:40,025 Epoch 91/300, Train Loss: 58.892279, Val Loss: 56.261817  
	Train = MSE:58.908485 , RMSE:7.675186 , MAE:6.274310 , MAPD:33.753843, R_squared:-0.019716  
	Validation = MSE:56.261818 , RMSE:7.500788 , MAE:5.850129 , MAPD:30.447617, R_squared:-0.012378

2024-03-21 07:49:50,584 Epoch 92/300, Train Loss: 58.964957, Val Loss: 56.130042  
	Train = MSE:58.887112 , RMSE:7.673794 , MAE:6.260651 , MAPD:33.554451, R_squared:-0.019346  
	Validation = MSE:56.130039 , RMSE:7.491998 , MAE:5.865101 , MAPD:30.656997, R_squared:-0.010006

2024-03-21 07:50:59,954 Epoch 93/300, Train Loss: 59.047989, Val Loss: 56.364148  
	Train = MSE:59.057575 , RMSE:7.684893 , MAE:6.261407 , MAPD:33.608864, R_squared:-0.022297  
	Validation = MSE:56.364151 , RMSE:7.507606 , MAE:5.840268 , MAPD:30.302700, R_squared:-0.014219

2024-03-21 07:52:08,125 Epoch 94/300, Train Loss: 58.924143, Val Loss: 55.624156  
	Train = MSE:58.869236 , RMSE:7.672629 , MAE:6.260940 , MAPD:33.637470, R_squared:-0.019037  
	Validation = MSE:55.624161 , RMSE:7.458161 , MAE:5.972033 , MAPD:32.032069, R_squared:-0.000903

2024-03-21 07:53:17,041 Epoch 95/300, Train Loss: 59.071549, Val Loss: 55.574382  
	Train = MSE:59.089989 , RMSE:7.687001 , MAE:6.271997 , MAPD:33.653439, R_squared:-0.022858  
	Validation = MSE:55.574387 , RMSE:7.454823 , MAE:6.026316 , MAPD:32.698250, R_squared:-0.000008

2024-03-21 07:54:28,383 Epoch 96/300, Train Loss: 59.047549, Val Loss: 55.982951  
	Train = MSE:58.993870 , RMSE:7.680747 , MAE:6.279801 , MAPD:33.710751, R_squared:-0.021194  
	Validation = MSE:55.982948 , RMSE:7.482175 , MAE:6.199893 , MAPD:34.560600, R_squared:-0.007360

2024-03-21 07:55:38,178 Epoch 97/300, Train Loss: 58.799064, Val Loss: 55.650570  
	Train = MSE:58.811054 , RMSE:7.668837 , MAE:6.250228 , MAPD:33.561735, R_squared:-0.018029  
	Validation = MSE:55.650566 , RMSE:7.459931 , MAE:5.960660 , MAPD:31.890191, R_squared:-0.001379

2024-03-21 07:56:47,141 Epoch 98/300, Train Loss: 58.890410, Val Loss: 59.095765  
	Train = MSE:58.902458 , RMSE:7.674794 , MAE:6.272388 , MAPD:33.674925, R_squared:-0.019612  
	Validation = MSE:59.095768 , RMSE:7.687377 , MAE:6.639230 , MAPD:38.727911, R_squared:-0.063372

2024-03-21 07:57:48,271 Epoch 99/300, Train Loss: 59.008699, Val Loss: 58.487800  
	Train = MSE:59.003769 , RMSE:7.681391 , MAE:6.278941 , MAPD:33.754632, R_squared:-0.021365  
	Validation = MSE:58.487804 , RMSE:7.647732 , MAE:5.758031 , MAPD:28.592449, R_squared:-0.052432

2024-03-21 07:58:45,946 Epoch 100/300, Train Loss: 59.014561, Val Loss: 56.115479  
	Train = MSE:59.028835 , RMSE:7.683022 , MAE:6.268090 , MAPD:33.588071, R_squared:-0.021799  
	Validation = MSE:56.115479 , RMSE:7.491026 , MAE:5.866871 , MAPD:30.681648, R_squared:-0.009744

2024-03-21 07:59:41,786 Epoch 101/300, Train Loss: 59.112083, Val Loss: 56.576790  
	Train = MSE:59.112007 , RMSE:7.688433 , MAE:6.273860 , MAPD:33.656771, R_squared:-0.023239  
	Validation = MSE:56.576794 , RMSE:7.521755 , MAE:6.321079 , MAPD:35.745221, R_squared:-0.018045

2024-03-21 08:00:38,042 Epoch 102/300, Train Loss: 59.196159, Val Loss: 55.862200  
	Train = MSE:59.214657 , RMSE:7.695106 , MAE:6.293474 , MAPD:33.863800, R_squared:-0.025016  
	Validation = MSE:55.862198 , RMSE:7.474102 , MAE:5.905261 , MAPD:31.193963, R_squared:-0.005187

2024-03-21 08:01:29,213 Epoch 103/300, Train Loss: 58.852698, Val Loss: 55.952599  
	Train = MSE:58.870926 , RMSE:7.672739 , MAE:6.262282 , MAPD:33.607605, R_squared:-0.019066  
	Validation = MSE:55.952599 , RMSE:7.480147 , MAE:5.889858 , MAPD:30.990609, R_squared:-0.006813

2024-03-21 08:02:18,616 Epoch 104/300, Train Loss: 59.143293, Val Loss: 57.712621  
	Train = MSE:59.146950 , RMSE:7.690705 , MAE:6.288403 , MAPD:33.792587, R_squared:-0.023844  
	Validation = MSE:57.712616 , RMSE:7.596882 , MAE:6.484307 , MAPD:37.296146, R_squared:-0.038483

2024-03-21 08:03:09,035 Epoch 105/300, Train Loss: 59.123883, Val Loss: 55.614875  
	Train = MSE:59.065979 , RMSE:7.685440 , MAE:6.278535 , MAPD:33.678333, R_squared:-0.022442  
	Validation = MSE:55.614872 , RMSE:7.457538 , MAE:5.976821 , MAPD:32.091104, R_squared:-0.000736

2024-03-21 08:04:00,326 Epoch 106/300, Train Loss: 59.309041, Val Loss: 56.340896  
	Train = MSE:59.306686 , RMSE:7.701084 , MAE:6.292069 , MAPD:33.773221, R_squared:-0.026609  
	Validation = MSE:56.340897 , RMSE:7.506057 , MAE:5.842443 , MAPD:30.334723, R_squared:-0.013800

2024-03-21 08:04:49,524 Epoch 107/300, Train Loss: 58.928591, Val Loss: 56.369253  
	Train = MSE:58.946121 , RMSE:7.677638 , MAE:6.245473 , MAPD:33.517989, R_squared:-0.020367  
	Validation = MSE:56.369247 , RMSE:7.507946 , MAE:6.283297 , MAPD:35.381273, R_squared:-0.014311

2024-03-21 08:05:36,140 Epoch 108/300, Train Loss: 59.176159, Val Loss: 55.732149  
	Train = MSE:59.187496 , RMSE:7.693341 , MAE:6.300626 , MAPD:33.863381, R_squared:-0.024546  
	Validation = MSE:55.732155 , RMSE:7.465397 , MAE:5.934659 , MAPD:31.565224, R_squared:-0.002847

2024-03-21 08:06:23,324 Epoch 109/300, Train Loss: 59.273962, Val Loss: 56.208753  
	Train = MSE:59.234463 , RMSE:7.696393 , MAE:6.288980 , MAPD:33.723894, R_squared:-0.025359  
	Validation = MSE:56.208755 , RMSE:7.497250 , MAE:6.251509 , MAPD:35.070319, R_squared:-0.011423

2024-03-21 08:07:10,681 Epoch 110/300, Train Loss: 59.147458, Val Loss: 57.416187  
	Train = MSE:59.093719 , RMSE:7.687244 , MAE:6.285171 , MAPD:33.741120, R_squared:-0.022922  
	Validation = MSE:57.416187 , RMSE:7.577347 , MAE:6.446460 , MAPD:36.939547, R_squared:-0.033149

2024-03-21 08:07:57,922 Epoch 111/300, Train Loss: 58.749655, Val Loss: 55.655266  
	Train = MSE:58.762924 , RMSE:7.665698 , MAE:6.264432 , MAPD:33.650720, R_squared:-0.017196  
	Validation = MSE:55.655262 , RMSE:7.460246 , MAE:6.092362 , MAPD:33.454200, R_squared:-0.001463

2024-03-21 08:08:48,375 Epoch 112/300, Train Loss: 58.894958, Val Loss: 58.702714  
	Train = MSE:58.899940 , RMSE:7.674630 , MAE:6.255462 , MAPD:33.555424, R_squared:-0.019568  
	Validation = MSE:58.702713 , RMSE:7.661769 , MAE:6.598092 , MAPD:38.351513, R_squared:-0.056299

2024-03-21 08:09:39,761 Epoch 113/300, Train Loss: 59.326915, Val Loss: 56.110474  
	Train = MSE:59.344723 , RMSE:7.703553 , MAE:6.301513 , MAPD:33.817155, R_squared:-0.027267  
	Validation = MSE:56.110474 , RMSE:7.490693 , MAE:5.867484 , MAPD:30.690196, R_squared:-0.009654

2024-03-21 08:10:25,976 Epoch 114/300, Train Loss: 59.142003, Val Loss: 60.016021  
	Train = MSE:59.117096 , RMSE:7.688764 , MAE:6.276235 , MAPD:33.671592, R_squared:-0.023327  
	Validation = MSE:60.016026 , RMSE:7.747001 , MAE:6.729747 , MAPD:39.545083, R_squared:-0.079931

2024-03-21 08:11:13,292 Epoch 115/300, Train Loss: 59.170693, Val Loss: 55.694690  
	Train = MSE:59.189152 , RMSE:7.693449 , MAE:6.282184 , MAPD:33.771762, R_squared:-0.024574  
	Validation = MSE:55.694691 , RMSE:7.462888 , MAE:5.945467 , MAPD:31.700293, R_squared:-0.002173

2024-03-21 08:11:53,824 Epoch 116/300, Train Loss: 59.078963, Val Loss: 59.920877  
	Train = MSE:59.094303 , RMSE:7.687282 , MAE:6.267393 , MAPD:33.590689, R_squared:-0.022932  
	Validation = MSE:59.920879 , RMSE:7.740858 , MAE:6.720782 , MAPD:39.464476, R_squared:-0.078219

2024-03-21 08:12:30,090 Epoch 117/300, Train Loss: 58.967334, Val Loss: 55.603788  
	Train = MSE:58.975628 , RMSE:7.679559 , MAE:6.285305 , MAPD:33.728558, R_squared:-0.020878  
	Validation = MSE:55.603790 , RMSE:7.456795 , MAE:6.062044 , MAPD:33.121746, R_squared:-0.000537

2024-03-21 08:13:06,735 Epoch 118/300, Train Loss: 58.703797, Val Loss: 55.576622  
	Train = MSE:58.690163 , RMSE:7.660951 , MAE:6.264052 , MAPD:33.613418, R_squared:-0.015937  
	Validation = MSE:55.576622 , RMSE:7.454973 , MAE:6.009953 , MAPD:32.499570, R_squared:-0.000048

2024-03-21 08:13:41,540 Epoch 119/300, Train Loss: 59.208684, Val Loss: 58.220560  
	Train = MSE:59.223122 , RMSE:7.695656 , MAE:6.279917 , MAPD:33.670938, R_squared:-0.025162  
	Validation = MSE:58.220566 , RMSE:7.630240 , MAE:6.544437 , MAPD:37.858201, R_squared:-0.047623

2024-03-21 08:14:16,542 Epoch 120/300, Train Loss: 59.286709, Val Loss: 57.283538  
	Train = MSE:59.240425 , RMSE:7.696780 , MAE:6.277666 , MAPD:33.669302, R_squared:-0.025462  
	Validation = MSE:57.283539 , RMSE:7.568589 , MAE:6.428540 , MAPD:36.770700, R_squared:-0.030762

2024-03-21 08:14:51,553 Epoch 121/300, Train Loss: 59.161418, Val Loss: 56.717197  
	Train = MSE:59.179550 , RMSE:7.692824 , MAE:6.274292 , MAPD:33.701586, R_squared:-0.024408  
	Validation = MSE:56.717197 , RMSE:7.531082 , MAE:6.344473 , MAPD:35.970458, R_squared:-0.020572

2024-03-21 08:15:23,188 Epoch 122/300, Train Loss: 58.776375, Val Loss: 56.039520  
	Train = MSE:58.750614 , RMSE:7.664895 , MAE:6.268425 , MAPD:33.676329, R_squared:-0.016983  
	Validation = MSE:56.039520 , RMSE:7.485955 , MAE:6.213751 , MAPD:34.698427, R_squared:-0.008377

2024-03-21 08:15:52,426 Epoch 123/300, Train Loss: 58.993738, Val Loss: 58.081875  
	Train = MSE:58.980530 , RMSE:7.679878 , MAE:6.253514 , MAPD:33.509430, R_squared:-0.020963  
	Validation = MSE:58.081875 , RMSE:7.621147 , MAE:6.528461 , MAPD:37.709712, R_squared:-0.045128

2024-03-21 08:16:23,587 Epoch 124/300, Train Loss: 59.196706, Val Loss: 62.198969  
	Train = MSE:59.215076 , RMSE:7.695133 , MAE:6.295262 , MAPD:33.834960, R_squared:-0.025023  
	Validation = MSE:62.198971 , RMSE:7.886632 , MAE:5.770483 , MAPD:27.319635, R_squared:-0.119211

2024-03-21 08:16:52,540 Epoch 125/300, Train Loss: 58.902487, Val Loss: 55.710170  
	Train = MSE:58.914440 , RMSE:7.675574 , MAE:6.272455 , MAPD:33.585613, R_squared:-0.019819  
	Validation = MSE:55.710167 , RMSE:7.463924 , MAE:5.940822 , MAPD:31.642240, R_squared:-0.002451

2024-03-21 08:17:21,347 Epoch 126/300, Train Loss: 58.906108, Val Loss: 57.541117  
	Train = MSE:58.910568 , RMSE:7.675322 , MAE:6.245388 , MAPD:33.492019, R_squared:-0.019752  
	Validation = MSE:57.541119 , RMSE:7.585586 , MAE:6.462756 , MAPD:37.093094, R_squared:-0.035397

2024-03-21 08:17:50,849 Epoch 127/300, Train Loss: 59.100845, Val Loss: 56.013192  
	Train = MSE:59.116257 , RMSE:7.688710 , MAE:6.302120 , MAPD:33.867373, R_squared:-0.023312  
	Validation = MSE:56.013195 , RMSE:7.484196 , MAE:5.880613 , MAPD:30.868048, R_squared:-0.007904

2024-03-21 08:18:20,304 Epoch 128/300, Train Loss: 59.530937, Val Loss: 64.915344  
	Train = MSE:59.454052 , RMSE:7.710645 , MAE:6.293400 , MAPD:33.838341, R_squared:-0.029160  
	Validation = MSE:64.915344 , RMSE:8.057006 , MAE:5.825136 , MAPD:26.881922, R_squared:-0.168089

2024-03-21 08:18:49,253 Epoch 129/300, Train Loss: 59.109167, Val Loss: 55.737572  
	Train = MSE:59.113655 , RMSE:7.688540 , MAE:6.280282 , MAPD:33.661682, R_squared:-0.023267  
	Validation = MSE:55.737572 , RMSE:7.465760 , MAE:6.127206 , MAPD:33.820151, R_squared:-0.002944

2024-03-21 08:19:21,246 Epoch 130/300, Train Loss: 58.931582, Val Loss: 57.595563  
	Train = MSE:58.938980 , RMSE:7.677173 , MAE:6.253352 , MAPD:33.585879, R_squared:-0.020244  
	Validation = MSE:57.595562 , RMSE:7.589174 , MAE:5.773691 , MAPD:29.119362, R_squared:-0.036377

2024-03-21 08:19:50,572 Epoch 131/300, Train Loss: 59.038060, Val Loss: 56.699361  
	Train = MSE:59.047134 , RMSE:7.684213 , MAE:6.265512 , MAPD:33.577817, R_squared:-0.022116  
	Validation = MSE:56.699364 , RMSE:7.529898 , MAE:6.341583 , MAPD:35.942644, R_squared:-0.020251

2024-03-21 08:20:21,629 Epoch 132/300, Train Loss: 59.118758, Val Loss: 58.362583  
	Train = MSE:59.106308 , RMSE:7.688063 , MAE:6.282856 , MAPD:33.695669, R_squared:-0.023140  
	Validation = MSE:58.362583 , RMSE:7.639541 , MAE:6.560592 , MAPD:38.007303, R_squared:-0.050179

2024-03-21 08:20:52,230 Epoch 133/300, Train Loss: 59.291369, Val Loss: 55.603943  
	Train = MSE:59.271130 , RMSE:7.698774 , MAE:6.295164 , MAPD:33.799355, R_squared:-0.025993  
	Validation = MSE:55.603947 , RMSE:7.456805 , MAE:6.062153 , MAPD:33.123017, R_squared:-0.000540

2024-03-21 08:21:18,688 Epoch 134/300, Train Loss: 59.192278, Val Loss: 55.913730  
	Train = MSE:59.177792 , RMSE:7.692710 , MAE:6.280437 , MAPD:33.729602, R_squared:-0.024378  
	Validation = MSE:55.913731 , RMSE:7.477549 , MAE:6.181972 , MAPD:34.380228, R_squared:-0.006114

2024-03-21 08:21:44,897 Epoch 135/300, Train Loss: 59.046504, Val Loss: 55.847831  
	Train = MSE:59.013023 , RMSE:7.681993 , MAE:6.272986 , MAPD:33.640837, R_squared:-0.021525  
	Validation = MSE:55.847832 , RMSE:7.473141 , MAE:6.163397 , MAPD:34.191819, R_squared:-0.004928

2024-03-21 08:22:13,032 Epoch 136/300, Train Loss: 58.985783, Val Loss: 58.858858  
	Train = MSE:58.994736 , RMSE:7.680803 , MAE:6.279897 , MAPD:33.697301, R_squared:-0.021209  
	Validation = MSE:58.858856 , RMSE:7.671953 , MAE:6.614661 , MAPD:38.503416, R_squared:-0.059109

2024-03-21 08:22:39,158 Epoch 137/300, Train Loss: 59.108612, Val Loss: 56.932262  
	Train = MSE:59.115074 , RMSE:7.688633 , MAE:6.285100 , MAPD:33.775340, R_squared:-0.023292  
	Validation = MSE:56.932266 , RMSE:7.545347 , MAE:6.378013 , MAPD:36.291722, R_squared:-0.024442

2024-03-21 08:23:05,568 Epoch 138/300, Train Loss: 59.281958, Val Loss: 61.562826  
	Train = MSE:59.282421 , RMSE:7.699508 , MAE:6.265293 , MAPD:33.656447, R_squared:-0.026189  
	Validation = MSE:61.562828 , RMSE:7.846198 , MAE:6.867270 , MAPD:40.766468, R_squared:-0.107764

2024-03-21 08:23:31,801 Epoch 139/300, Train Loss: 59.045628, Val Loss: 58.614001  
	Train = MSE:59.049488 , RMSE:7.684367 , MAE:6.284329 , MAPD:33.788159, R_squared:-0.022157  
	Validation = MSE:58.614002 , RMSE:7.655978 , MAE:6.588494 , MAPD:38.263518, R_squared:-0.054703

2024-03-21 08:23:58,471 Epoch 140/300, Train Loss: 59.267146, Val Loss: 57.164113  
	Train = MSE:59.285309 , RMSE:7.699696 , MAE:6.283846 , MAPD:33.746660, R_squared:-0.026239  
	Validation = MSE:57.164112 , RMSE:7.560695 , MAE:6.411933 , MAPD:36.613601, R_squared:-0.028613

2024-03-21 08:24:25,297 Epoch 141/300, Train Loss: 58.877543, Val Loss: 63.596026  
	Train = MSE:58.883324 , RMSE:7.673547 , MAE:6.254768 , MAPD:33.583079, R_squared:-0.019280  
	Validation = MSE:63.596024 , RMSE:7.974711 , MAE:7.031056 , MAPD:42.186152, R_squared:-0.144350

2024-03-21 08:24:56,856 Epoch 142/300, Train Loss: 58.991981, Val Loss: 64.606492  
	Train = MSE:58.992947 , RMSE:7.680686 , MAE:6.280884 , MAPD:33.683215, R_squared:-0.021178  
	Validation = MSE:64.606491 , RMSE:8.037816 , MAE:7.106977 , MAPD:42.834324, R_squared:-0.162532

2024-03-21 08:25:23,061 Epoch 143/300, Train Loss: 59.357582, Val Loss: 61.038337  
	Train = MSE:59.310722 , RMSE:7.701345 , MAE:6.290684 , MAPD:33.778829, R_squared:-0.026679  
	Validation = MSE:61.038342 , RMSE:7.812704 , MAE:6.822292 , MAPD:40.369603, R_squared:-0.098326

2024-03-21 08:25:50,013 Epoch 144/300, Train Loss: 59.103436, Val Loss: 58.417147  
	Train = MSE:59.104362 , RMSE:7.687936 , MAE:6.283281 , MAPD:33.757802, R_squared:-0.023107  
	Validation = MSE:58.417149 , RMSE:7.643111 , MAE:6.566689 , MAPD:38.063574, R_squared:-0.051161

2024-03-21 08:26:15,818 Epoch 145/300, Train Loss: 59.013245, Val Loss: 55.870069  
	Train = MSE:58.994850 , RMSE:7.680810 , MAE:6.274355 , MAPD:33.671671, R_squared:-0.021211  
	Validation = MSE:55.870068 , RMSE:7.474628 , MAE:6.169807 , MAPD:34.257294, R_squared:-0.005328

2024-03-21 08:26:42,631 Epoch 146/300, Train Loss: 59.008283, Val Loss: 57.209447  
	Train = MSE:59.021168 , RMSE:7.682524 , MAE:6.272899 , MAPD:33.672101, R_squared:-0.021666  
	Validation = MSE:57.209450 , RMSE:7.563693 , MAE:5.787735 , MAPD:29.416675, R_squared:-0.029429

2024-03-21 08:27:09,669 Epoch 147/300, Train Loss: 58.903006, Val Loss: 55.878942  
	Train = MSE:58.921001 , RMSE:7.676002 , MAE:6.278937 , MAPD:33.697140, R_squared:-0.019933  
	Validation = MSE:55.878944 , RMSE:7.475222 , MAE:6.172319 , MAPD:34.282832, R_squared:-0.005488

2024-03-21 08:27:36,978 Epoch 148/300, Train Loss: 59.267996, Val Loss: 55.769164  
	Train = MSE:59.267204 , RMSE:7.698520 , MAE:6.283323 , MAPD:33.749660, R_squared:-0.025925  
	Validation = MSE:55.769161 , RMSE:7.467875 , MAE:6.138537 , MAPD:33.936722, R_squared:-0.003513

2024-03-21 08:28:02,949 Epoch 149/300, Train Loss: 59.146243, Val Loss: 55.752462  
	Train = MSE:59.142944 , RMSE:7.690445 , MAE:6.275020 , MAPD:33.692951, R_squared:-0.023774  
	Validation = MSE:55.752460 , RMSE:7.466757 , MAE:5.929335 , MAPD:31.498678, R_squared:-0.003212

2024-03-21 08:28:30,199 Epoch 150/300, Train Loss: 59.030672, Val Loss: 55.606545  
	Train = MSE:59.039925 , RMSE:7.683744 , MAE:6.264881 , MAPD:33.622208, R_squared:-0.021991  
	Validation = MSE:55.606544 , RMSE:7.456980 , MAE:6.063994 , MAPD:33.144064, R_squared:-0.000587

2024-03-21 08:28:56,375 Epoch 151/300, Train Loss: 59.142212, Val Loss: 57.132085  
	Train = MSE:59.124458 , RMSE:7.689243 , MAE:6.277781 , MAPD:33.669162, R_squared:-0.023454  
	Validation = MSE:57.132084 , RMSE:7.558577 , MAE:6.407403 , MAPD:36.570603, R_squared:-0.028037

2024-03-21 08:29:25,329 Epoch 152/300, Train Loss: 59.195089, Val Loss: 55.711708  
	Train = MSE:59.179832 , RMSE:7.692843 , MAE:6.278210 , MAPD:33.735902, R_squared:-0.024413  
	Validation = MSE:55.711708 , RMSE:7.464027 , MAE:6.117301 , MAPD:33.717080, R_squared:-0.002479

2024-03-21 08:29:52,863 Epoch 153/300, Train Loss: 59.126755, Val Loss: 55.744720  
	Train = MSE:59.141724 , RMSE:7.690366 , MAE:6.274055 , MAPD:33.697893, R_squared:-0.023753  
	Validation = MSE:55.744720 , RMSE:7.466238 , MAE:6.129828 , MAPD:33.847297, R_squared:-0.003073

2024-03-21 08:30:20,217 Epoch 154/300, Train Loss: 58.917657, Val Loss: 55.630582  
	Train = MSE:58.857056 , RMSE:7.671835 , MAE:6.255554 , MAPD:33.566128, R_squared:-0.018826  
	Validation = MSE:55.630581 , RMSE:7.458591 , MAE:5.969009 , MAPD:31.994530, R_squared:-0.001019

2024-03-21 08:30:46,452 Epoch 155/300, Train Loss: 58.709813, Val Loss: 56.104012  
	Train = MSE:58.709999 , RMSE:7.662245 , MAE:6.255833 , MAPD:33.624338, R_squared:-0.016280  
	Validation = MSE:56.104015 , RMSE:7.490262 , MAE:6.228842 , MAPD:34.847052, R_squared:-0.009538

2024-03-21 08:31:13,239 Epoch 156/300, Train Loss: 59.053506, Val Loss: 56.020897  
	Train = MSE:59.045742 , RMSE:7.684123 , MAE:6.280107 , MAPD:33.731357, R_squared:-0.022092  
	Validation = MSE:56.020897 , RMSE:7.484711 , MAE:6.209236 , MAPD:34.653780, R_squared:-0.008042

2024-03-21 08:31:39,502 Epoch 157/300, Train Loss: 59.181556, Val Loss: 55.974732  
	Train = MSE:59.196854 , RMSE:7.693949 , MAE:6.294543 , MAPD:33.720730, R_squared:-0.024708  
	Validation = MSE:55.974731 , RMSE:7.481626 , MAE:6.197827 , MAPD:34.539919, R_squared:-0.007212

2024-03-21 08:32:06,053 Epoch 158/300, Train Loss: 59.235556, Val Loss: 56.770936  
	Train = MSE:59.245487 , RMSE:7.697109 , MAE:6.289442 , MAPD:33.747441, R_squared:-0.025549  
	Validation = MSE:56.770939 , RMSE:7.534649 , MAE:6.353043 , MAPD:36.052973, R_squared:-0.021539

2024-03-21 08:32:32,974 Epoch 159/300, Train Loss: 58.821419, Val Loss: 57.292949  
	Train = MSE:58.836941 , RMSE:7.670524 , MAE:6.290732 , MAPD:33.768442, R_squared:-0.018477  
	Validation = MSE:57.292950 , RMSE:7.569211 , MAE:6.429834 , MAPD:36.782889, R_squared:-0.030932

2024-03-21 08:33:01,269 Epoch 160/300, Train Loss: 58.981080, Val Loss: 57.291228  
	Train = MSE:58.994614 , RMSE:7.680795 , MAE:6.265481 , MAPD:33.609803, R_squared:-0.021207  
	Validation = MSE:57.291225 , RMSE:7.569097 , MAE:6.429597 , MAPD:36.780663, R_squared:-0.030901

2024-03-21 08:33:29,301 Epoch 161/300, Train Loss: 59.203408, Val Loss: 56.340856  
	Train = MSE:59.221542 , RMSE:7.695553 , MAE:6.296937 , MAPD:33.817722, R_squared:-0.025135  
	Validation = MSE:56.340858 , RMSE:7.506055 , MAE:5.842446 , MAPD:30.334778, R_squared:-0.013800

2024-03-21 08:33:55,500 Epoch 162/300, Train Loss: 59.029243, Val Loss: 57.331781  
	Train = MSE:59.034416 , RMSE:7.683386 , MAE:6.295007 , MAPD:33.778517, R_squared:-0.021896  
	Validation = MSE:57.331783 , RMSE:7.571775 , MAE:6.435135 , MAPD:36.832842, R_squared:-0.031630

2024-03-21 08:34:18,648 Epoch 163/300, Train Loss: 59.656687, Val Loss: 56.494230  
	Train = MSE:59.640678 , RMSE:7.722738 , MAE:6.303841 , MAPD:33.868255, R_squared:-0.032390  
	Validation = MSE:56.494228 , RMSE:7.516264 , MAE:6.306552 , MAPD:35.605356, R_squared:-0.016560

2024-03-21 08:34:42,321 Epoch 164/300, Train Loss: 58.903943, Val Loss: 55.773006  
	Train = MSE:58.895611 , RMSE:7.674347 , MAE:6.278169 , MAPD:33.690318, R_squared:-0.019493  
	Validation = MSE:55.773006 , RMSE:7.468132 , MAE:6.139857 , MAPD:33.950262, R_squared:-0.003582

2024-03-21 08:35:06,700 Epoch 165/300, Train Loss: 58.901156, Val Loss: 56.359394  
	Train = MSE:58.916481 , RMSE:7.675707 , MAE:6.260563 , MAPD:33.604815, R_squared:-0.019854  
	Validation = MSE:56.359394 , RMSE:7.507289 , MAE:5.840711 , MAPD:30.309208, R_squared:-0.014133

2024-03-21 08:35:32,214 Epoch 166/300, Train Loss: 59.196683, Val Loss: 56.188663  
	Train = MSE:59.160725 , RMSE:7.691601 , MAE:6.281311 , MAPD:33.719849, R_squared:-0.024082  
	Validation = MSE:56.188663 , RMSE:7.495910 , MAE:6.247316 , MAPD:35.029012, R_squared:-0.011061

2024-03-21 08:35:56,935 Epoch 167/300, Train Loss: 58.974882, Val Loss: 56.497185  
	Train = MSE:58.978142 , RMSE:7.679723 , MAE:6.269868 , MAPD:33.698917, R_squared:-0.020922  
	Validation = MSE:56.497189 , RMSE:7.516461 , MAE:5.828764 , MAPD:30.129794, R_squared:-0.016613

2024-03-21 08:36:17,477 Epoch 168/300, Train Loss: 59.062212, Val Loss: 55.599302  
	Train = MSE:59.075062 , RMSE:7.686030 , MAE:6.287959 , MAPD:33.773236, R_squared:-0.022599  
	Validation = MSE:55.599308 , RMSE:7.456494 , MAE:5.986297 , MAPD:32.207927, R_squared:-0.000456

2024-03-21 08:36:37,956 Epoch 169/300, Train Loss: 58.896253, Val Loss: 55.717438  
	Train = MSE:58.885139 , RMSE:7.673666 , MAE:6.253355 , MAPD:33.578198, R_squared:-0.019312  
	Validation = MSE:55.717438 , RMSE:7.464411 , MAE:6.119530 , MAPD:33.740497, R_squared:-0.002582

2024-03-21 08:36:59,853 Epoch 170/300, Train Loss: 59.250077, Val Loss: 56.091775  
	Train = MSE:59.267910 , RMSE:7.698565 , MAE:6.280668 , MAPD:33.725792, R_squared:-0.025938  
	Validation = MSE:56.091778 , RMSE:7.489444 , MAE:6.226052 , MAPD:34.819576, R_squared:-0.009318

2024-03-21 08:37:22,811 Epoch 171/300, Train Loss: 59.059430, Val Loss: 55.734001  
	Train = MSE:59.073463 , RMSE:7.685926 , MAE:6.278742 , MAPD:33.714546, R_squared:-0.022572  
	Validation = MSE:55.733997 , RMSE:7.465520 , MAE:5.934160 , MAPD:31.558987, R_squared:-0.002880

2024-03-21 08:37:43,318 Epoch 172/300, Train Loss: 59.314550, Val Loss: 55.582999  
	Train = MSE:59.330009 , RMSE:7.702598 , MAE:6.299200 , MAPD:33.764604, R_squared:-0.027013  
	Validation = MSE:55.582996 , RMSE:7.455400 , MAE:6.000398 , MAPD:32.381769, R_squared:-0.000163

2024-03-21 08:38:01,366 Epoch 173/300, Train Loss: 59.037779, Val Loss: 55.576696  
	Train = MSE:59.021168 , RMSE:7.682524 , MAE:6.269551 , MAPD:33.665833, R_squared:-0.021667  
	Validation = MSE:55.576698 , RMSE:7.454978 , MAE:6.009798 , MAPD:32.497635, R_squared:-0.000049

2024-03-21 08:38:19,383 Epoch 174/300, Train Loss: 58.970115, Val Loss: 58.174350  
	Train = MSE:58.951683 , RMSE:7.678000 , MAE:6.257298 , MAPD:33.601595, R_squared:-0.020464  
	Validation = MSE:58.174347 , RMSE:7.627211 , MAE:6.539098 , MAPD:37.808873, R_squared:-0.046792

2024-03-21 08:38:37,852 Epoch 175/300, Train Loss: 59.099770, Val Loss: 56.116817  
	Train = MSE:59.115036 , RMSE:7.688630 , MAE:6.285953 , MAPD:33.734439, R_squared:-0.023291  
	Validation = MSE:56.116817 , RMSE:7.491116 , MAE:6.231726 , MAPD:34.875464, R_squared:-0.009768

2024-03-21 08:38:56,630 Epoch 176/300, Train Loss: 59.059051, Val Loss: 56.905757  
	Train = MSE:59.076649 , RMSE:7.686133 , MAE:6.262992 , MAPD:33.603855, R_squared:-0.022627  
	Validation = MSE:56.905758 , RMSE:7.543591 , MAE:6.373956 , MAPD:36.253228, R_squared:-0.023965

2024-03-21 08:39:15,165 Epoch 177/300, Train Loss: 58.988271, Val Loss: 55.734855  
	Train = MSE:59.001823 , RMSE:7.681264 , MAE:6.240367 , MAPD:33.512704, R_squared:-0.021332  
	Validation = MSE:55.734852 , RMSE:7.465578 , MAE:6.126195 , MAPD:33.809678, R_squared:-0.002895

2024-03-21 08:39:33,740 Epoch 178/300, Train Loss: 59.155888, Val Loss: 56.291430  
	Train = MSE:59.171654 , RMSE:7.692311 , MAE:6.286462 , MAPD:33.753458, R_squared:-0.024271  
	Validation = MSE:56.291431 , RMSE:7.502761 , MAE:6.268301 , MAPD:35.234720, R_squared:-0.012910

2024-03-21 08:39:52,366 Epoch 179/300, Train Loss: 59.273850, Val Loss: 57.322367  
	Train = MSE:59.227901 , RMSE:7.695967 , MAE:6.287038 , MAPD:33.761857, R_squared:-0.025245  
	Validation = MSE:57.322365 , RMSE:7.571154 , MAE:6.433856 , MAPD:36.820782, R_squared:-0.031461

2024-03-21 08:40:10,928 Epoch 180/300, Train Loss: 59.213487, Val Loss: 59.945847  
	Train = MSE:59.158379 , RMSE:7.691448 , MAE:6.276211 , MAPD:33.679194, R_squared:-0.024042  
	Validation = MSE:59.945850 , RMSE:7.742471 , MAE:6.723145 , MAPD:39.485715, R_squared:-0.078668

2024-03-21 08:40:29,055 Epoch 181/300, Train Loss: 58.821903, Val Loss: 55.606636  
	Train = MSE:58.840137 , RMSE:7.670732 , MAE:6.270342 , MAPD:33.658639, R_squared:-0.018533  
	Validation = MSE:55.606640 , RMSE:7.456986 , MAE:5.981552 , MAPD:32.149430, R_squared:-0.000588

2024-03-21 08:40:49,851 Epoch 182/300, Train Loss: 59.187096, Val Loss: 57.528819  
	Train = MSE:59.204994 , RMSE:7.694478 , MAE:6.264941 , MAPD:33.639371, R_squared:-0.024849  
	Validation = MSE:57.528820 , RMSE:7.584775 , MAE:5.775724 , MAPD:29.167026, R_squared:-0.035176

2024-03-21 08:41:05,714 Epoch 183/300, Train Loss: 59.366556, Val Loss: 55.949413  
	Train = MSE:59.352745 , RMSE:7.704073 , MAE:6.292146 , MAPD:33.764789, R_squared:-0.027406  
	Validation = MSE:55.949413 , RMSE:7.479934 , MAE:6.191373 , MAPD:34.475079, R_squared:-0.006756

2024-03-21 08:41:22,038 Epoch 184/300, Train Loss: 59.194028, Val Loss: 55.982600  
	Train = MSE:59.204002 , RMSE:7.694414 , MAE:6.275870 , MAPD:33.638589, R_squared:-0.024831  
	Validation = MSE:55.982601 , RMSE:7.482152 , MAE:6.199805 , MAPD:34.559721, R_squared:-0.007353

2024-03-21 08:41:38,354 Epoch 185/300, Train Loss: 59.384729, Val Loss: 57.267515  
	Train = MSE:59.393940 , RMSE:7.706747 , MAE:6.291375 , MAPD:33.742220, R_squared:-0.028119  
	Validation = MSE:57.267513 , RMSE:7.567530 , MAE:6.426329 , MAPD:36.749867, R_squared:-0.030474

2024-03-21 08:41:54,276 Epoch 186/300, Train Loss: 59.002782, Val Loss: 55.597033  
	Train = MSE:59.001221 , RMSE:7.681225 , MAE:6.284233 , MAPD:33.752713, R_squared:-0.021321  
	Validation = MSE:55.597031 , RMSE:7.456342 , MAE:6.056983 , MAPD:33.062924, R_squared:-0.000415

2024-03-21 08:42:10,096 Epoch 187/300, Train Loss: 59.134271, Val Loss: 58.795626  
	Train = MSE:59.127121 , RMSE:7.689416 , MAE:6.299382 , MAPD:33.799545, R_squared:-0.023501  
	Validation = MSE:58.795624 , RMSE:7.667830 , MAE:6.607999 , MAPD:38.442347, R_squared:-0.057971

2024-03-21 08:42:26,994 Epoch 188/300, Train Loss: 59.099375, Val Loss: 55.622137  
	Train = MSE:59.112209 , RMSE:7.688447 , MAE:6.277946 , MAPD:33.752384, R_squared:-0.023242  
	Validation = MSE:55.622139 , RMSE:7.458025 , MAE:5.973033 , MAPD:32.044406, R_squared:-0.000867

2024-03-21 08:42:41,116 Epoch 189/300, Train Loss: 59.396275, Val Loss: 56.197800  
	Train = MSE:59.380951 , RMSE:7.705904 , MAE:6.290898 , MAPD:33.771580, R_squared:-0.027894  
	Validation = MSE:56.197803 , RMSE:7.496520 , MAE:5.857159 , MAPD:30.546326, R_squared:-0.011226

2024-03-21 08:42:55,367 Epoch 190/300, Train Loss: 59.056243, Val Loss: 57.074777  
	Train = MSE:59.072903 , RMSE:7.685890 , MAE:6.268469 , MAPD:33.661622, R_squared:-0.022562  
	Validation = MSE:57.074776 , RMSE:7.554785 , MAE:6.399177 , MAPD:36.492549, R_squared:-0.027006

2024-03-21 08:43:09,024 Epoch 191/300, Train Loss: 59.126094, Val Loss: 55.589835  
	Train = MSE:59.138607 , RMSE:7.690163 , MAE:6.275569 , MAPD:33.721009, R_squared:-0.023699  
	Validation = MSE:55.589832 , RMSE:7.455859 , MAE:5.993598 , MAPD:32.297944, R_squared:-0.000286

2024-03-21 08:43:23,912 Epoch 192/300, Train Loss: 58.789669, Val Loss: 57.197663  
	Train = MSE:58.793186 , RMSE:7.667672 , MAE:6.275960 , MAPD:33.629012, R_squared:-0.017720  
	Validation = MSE:57.197666 , RMSE:7.562914 , MAE:6.416631 , MAPD:36.658179, R_squared:-0.029217

2024-03-21 08:43:37,784 Epoch 193/300, Train Loss: 59.053933, Val Loss: 55.579225  
	Train = MSE:59.065186 , RMSE:7.685388 , MAE:6.279122 , MAPD:33.699277, R_squared:-0.022429  
	Validation = MSE:55.579227 , RMSE:7.455148 , MAE:6.038314 , MAPD:32.841788, R_squared:-0.000095

2024-03-21 08:43:51,339 Epoch 194/300, Train Loss: 59.018605, Val Loss: 57.132223  
	Train = MSE:59.020729 , RMSE:7.682495 , MAE:6.269674 , MAPD:33.607041, R_squared:-0.021659  
	Validation = MSE:57.132221 , RMSE:7.558586 , MAE:6.407422 , MAPD:36.570789, R_squared:-0.028040

2024-03-21 08:44:04,860 Epoch 195/300, Train Loss: 59.166712, Val Loss: 55.581194  
	Train = MSE:59.185200 , RMSE:7.693192 , MAE:6.288731 , MAPD:33.772817, R_squared:-0.024506  
	Validation = MSE:55.581192 , RMSE:7.455279 , MAE:6.002603 , MAPD:32.408937, R_squared:-0.000130

2024-03-21 08:44:18,583 Epoch 196/300, Train Loss: 58.833078, Val Loss: 55.625379  
	Train = MSE:58.850803 , RMSE:7.671428 , MAE:6.260573 , MAPD:33.598302, R_squared:-0.018717  
	Validation = MSE:55.625381 , RMSE:7.458242 , MAE:6.076136 , MAPD:33.279192, R_squared:-0.000925

2024-03-21 08:44:32,048 Epoch 197/300, Train Loss: 59.060467, Val Loss: 55.592054  
	Train = MSE:58.993427 , RMSE:7.680718 , MAE:6.253157 , MAPD:33.596513, R_squared:-0.021186  
	Validation = MSE:55.592056 , RMSE:7.456008 , MAE:5.991725 , MAPD:32.274841, R_squared:-0.000326

2024-03-21 08:44:45,513 Epoch 198/300, Train Loss: 59.351934, Val Loss: 55.604054  
	Train = MSE:59.346973 , RMSE:7.703699 , MAE:6.287794 , MAPD:33.821494, R_squared:-0.027306  
	Validation = MSE:55.604053 , RMSE:7.456812 , MAE:5.983156 , MAPD:32.169197, R_squared:-0.000542

2024-03-21 08:44:59,425 Epoch 199/300, Train Loss: 59.013530, Val Loss: 59.957683  
	Train = MSE:59.027088 , RMSE:7.682909 , MAE:6.262232 , MAPD:33.603382, R_squared:-0.021769  
	Validation = MSE:59.957687 , RMSE:7.743235 , MAE:6.724262 , MAPD:39.495762, R_squared:-0.078881

2024-03-21 08:45:12,897 Epoch 200/300, Train Loss: 58.938979, Val Loss: 58.756417  
	Train = MSE:58.905384 , RMSE:7.674984 , MAE:6.274167 , MAPD:33.685794, R_squared:-0.019662  
	Validation = MSE:58.756416 , RMSE:7.665273 , MAE:6.603836 , MAPD:38.404177, R_squared:-0.057265

2024-03-21 08:45:26,589 Epoch 201/300, Train Loss: 58.940131, Val Loss: 60.576724  
	Train = MSE:58.954483 , RMSE:7.678182 , MAE:6.283490 , MAPD:33.785614, R_squared:-0.020512  
	Validation = MSE:60.576725 , RMSE:7.783105 , MAE:5.754773 , MAPD:27.754391, R_squared:-0.090020

2024-03-21 08:45:41,357 Epoch 202/300, Train Loss: 58.948846, Val Loss: 63.717471  
	Train = MSE:58.928089 , RMSE:7.676463 , MAE:6.248800 , MAPD:33.472075, R_squared:-0.020055  
	Validation = MSE:63.717472 , RMSE:7.982323 , MAE:7.040347 , MAPD:42.265798, R_squared:-0.146535

2024-03-21 08:45:55,240 Epoch 203/300, Train Loss: 59.032578, Val Loss: 57.683360  
	Train = MSE:59.049057 , RMSE:7.684339 , MAE:6.275569 , MAPD:33.780480, R_squared:-0.022149  
	Validation = MSE:57.683361 , RMSE:7.594956 , MAE:5.771218 , MAPD:29.058651, R_squared:-0.037957

2024-03-21 08:46:08,853 Epoch 204/300, Train Loss: 58.740476, Val Loss: 55.584515  
	Train = MSE:58.727760 , RMSE:7.663404 , MAE:6.249079 , MAPD:33.525446, R_squared:-0.016588  
	Validation = MSE:55.584518 , RMSE:7.455503 , MAE:6.045401 , MAPD:32.925814, R_squared:-0.000190

2024-03-21 08:46:22,275 Epoch 205/300, Train Loss: 58.933549, Val Loss: 55.740240  
	Train = MSE:58.930748 , RMSE:7.676637 , MAE:6.255236 , MAPD:33.613342, R_squared:-0.020101  
	Validation = MSE:55.740238 , RMSE:7.465939 , MAE:5.932499 , MAPD:31.538235, R_squared:-0.002992

2024-03-21 08:46:35,795 Epoch 206/300, Train Loss: 59.054175, Val Loss: 57.405433  
	Train = MSE:59.052315 , RMSE:7.684550 , MAE:6.269612 , MAPD:33.615928, R_squared:-0.022206  
	Validation = MSE:57.405430 , RMSE:7.576637 , MAE:6.445032 , MAPD:36.926090, R_squared:-0.032956

2024-03-21 08:46:49,258 Epoch 207/300, Train Loss: 59.069231, Val Loss: 58.453249  
	Train = MSE:59.072433 , RMSE:7.685859 , MAE:6.279436 , MAPD:33.680852, R_squared:-0.022554  
	Validation = MSE:58.453251 , RMSE:7.645473 , MAE:6.570738 , MAPD:38.100730, R_squared:-0.051810

2024-03-21 08:47:03,046 Epoch 208/300, Train Loss: 59.090505, Val Loss: 58.483057  
	Train = MSE:59.106098 , RMSE:7.688049 , MAE:6.277000 , MAPD:33.684125, R_squared:-0.023137  
	Validation = MSE:58.483055 , RMSE:7.647421 , MAE:6.574068 , MAPD:38.131252, R_squared:-0.052347

2024-03-21 08:47:17,009 Epoch 209/300, Train Loss: 59.073046, Val Loss: 55.581532  
	Train = MSE:59.075218 , RMSE:7.686040 , MAE:6.291512 , MAPD:33.822265, R_squared:-0.022602  
	Validation = MSE:55.581532 , RMSE:7.455302 , MAE:6.002171 , MAPD:32.403620, R_squared:-0.000136

2024-03-21 08:47:30,635 Epoch 210/300, Train Loss: 58.887031, Val Loss: 55.689706  
	Train = MSE:58.897221 , RMSE:7.674452 , MAE:6.267830 , MAPD:33.638116, R_squared:-0.019521  
	Validation = MSE:55.689709 , RMSE:7.462554 , MAE:5.947024 , MAPD:31.719764, R_squared:-0.002083

2024-03-21 08:47:44,061 Epoch 211/300, Train Loss: 59.142720, Val Loss: 56.983023  
	Train = MSE:59.155804 , RMSE:7.691281 , MAE:6.264095 , MAPD:33.668595, R_squared:-0.023997  
	Validation = MSE:56.983021 , RMSE:7.548710 , MAE:5.798375 , MAPD:29.616226, R_squared:-0.025355

2024-03-21 08:47:58,623 Epoch 212/300, Train Loss: 59.193482, Val Loss: 60.598824  
	Train = MSE:59.201263 , RMSE:7.694236 , MAE:6.274922 , MAPD:33.602304, R_squared:-0.024784  
	Validation = MSE:60.598824 , RMSE:7.784524 , MAE:6.783296 , MAPD:40.023832, R_squared:-0.090418

2024-03-21 08:48:12,522 Epoch 213/300, Train Loss: 59.164433, Val Loss: 55.778455  
	Train = MSE:59.158772 , RMSE:7.691474 , MAE:6.273654 , MAPD:33.675334, R_squared:-0.024048  
	Validation = MSE:55.778458 , RMSE:7.468498 , MAE:6.141707 , MAPD:33.969245, R_squared:-0.003680

2024-03-21 08:48:26,514 Epoch 214/300, Train Loss: 58.932289, Val Loss: 68.671301  
	Train = MSE:58.912193 , RMSE:7.675428 , MAE:6.264510 , MAPD:33.549718, R_squared:-0.019780  
	Validation = MSE:68.671295 , RMSE:8.286815 , MAE:7.384831 , MAPD:45.169407, R_squared:-0.235674

2024-03-21 08:48:40,001 Epoch 215/300, Train Loss: 59.205476, Val Loss: 58.187444  
	Train = MSE:59.222492 , RMSE:7.695615 , MAE:6.273810 , MAPD:33.714325, R_squared:-0.025151  
	Validation = MSE:58.187443 , RMSE:7.628069 , MAE:6.540609 , MAPD:37.822863, R_squared:-0.047027

2024-03-21 08:48:53,477 Epoch 216/300, Train Loss: 58.800816, Val Loss: 59.520973  
	Train = MSE:58.804920 , RMSE:7.668437 , MAE:6.251940 , MAPD:33.626390, R_squared:-0.017923  
	Validation = MSE:59.520977 , RMSE:7.714984 , MAE:6.681992 , MAPD:39.115634, R_squared:-0.071023

2024-03-21 08:49:06,858 Epoch 217/300, Train Loss: 59.043039, Val Loss: 56.621490  
	Train = MSE:59.060986 , RMSE:7.685114 , MAE:6.272342 , MAPD:33.694792, R_squared:-0.022356  
	Validation = MSE:56.621490 , RMSE:7.524725 , MAE:5.819694 , MAPD:29.984138, R_squared:-0.018849

2024-03-21 08:49:20,309 Epoch 218/300, Train Loss: 59.152448, Val Loss: 55.709223  
	Train = MSE:59.153202 , RMSE:7.691112 , MAE:6.287170 , MAPD:33.747449, R_squared:-0.023952  
	Validation = MSE:55.709229 , RMSE:7.463861 , MAE:6.116326 , MAPD:33.706801, R_squared:-0.002434

2024-03-21 08:49:34,446 Epoch 219/300, Train Loss: 59.033747, Val Loss: 58.403335  
	Train = MSE:59.034973 , RMSE:7.683422 , MAE:6.270189 , MAPD:33.657358, R_squared:-0.021905  
	Validation = MSE:58.403336 , RMSE:7.642208 , MAE:6.565151 , MAPD:38.049381, R_squared:-0.050912

2024-03-21 08:49:47,324 Epoch 220/300, Train Loss: 58.906480, Val Loss: 58.920428  
	Train = MSE:58.883835 , RMSE:7.673580 , MAE:6.263790 , MAPD:33.659578, R_squared:-0.019289  
	Validation = MSE:58.920429 , RMSE:7.675964 , MAE:6.621085 , MAPD:38.562319, R_squared:-0.060217

2024-03-21 08:49:58,833 Epoch 221/300, Train Loss: 59.058475, Val Loss: 55.772986  
	Train = MSE:59.056286 , RMSE:7.684809 , MAE:6.263108 , MAPD:33.641831, R_squared:-0.022274  
	Validation = MSE:55.772984 , RMSE:7.468131 , MAE:6.139850 , MAPD:33.950190, R_squared:-0.003581

2024-03-21 08:50:11,147 Epoch 222/300, Train Loss: 59.278150, Val Loss: 55.832251  
	Train = MSE:59.292568 , RMSE:7.700167 , MAE:6.294581 , MAPD:33.795845, R_squared:-0.026364  
	Validation = MSE:55.832253 , RMSE:7.472098 , MAE:6.158790 , MAPD:34.144551, R_squared:-0.004648

2024-03-21 08:50:21,685 Epoch 223/300, Train Loss: 58.967932, Val Loss: 56.107940  
	Train = MSE:58.898956 , RMSE:7.674565 , MAE:6.251738 , MAPD:33.584222, R_squared:-0.019551  
	Validation = MSE:56.107941 , RMSE:7.490523 , MAE:5.867795 , MAPD:30.694540, R_squared:-0.009609

2024-03-21 08:50:30,804 Epoch 224/300, Train Loss: 59.473478, Val Loss: 55.623335  
	Train = MSE:59.492069 , RMSE:7.713110 , MAE:6.290608 , MAPD:33.825794, R_squared:-0.029818  
	Validation = MSE:55.623341 , RMSE:7.458106 , MAE:6.074917 , MAPD:33.265773, R_squared:-0.000889

2024-03-21 08:50:39,828 Epoch 225/300, Train Loss: 58.830836, Val Loss: 56.065948  
	Train = MSE:58.848587 , RMSE:7.671283 , MAE:6.259715 , MAPD:33.509334, R_squared:-0.018679  
	Validation = MSE:56.065948 , RMSE:7.487720 , MAE:6.220054 , MAPD:34.760502, R_squared:-0.008853

2024-03-21 08:50:48,331 Epoch 226/300, Train Loss: 59.258442, Val Loss: 55.574341  
	Train = MSE:59.272633 , RMSE:7.698872 , MAE:6.288137 , MAPD:33.808009, R_squared:-0.026019  
	Validation = MSE:55.574341 , RMSE:7.454820 , MAE:6.017086 , MAPD:32.586651, R_squared:-0.000007

2024-03-21 08:50:57,650 Epoch 227/300, Train Loss: 59.006263, Val Loss: 55.903821  
	Train = MSE:58.986774 , RMSE:7.680285 , MAE:6.262415 , MAPD:33.596751, R_squared:-0.021071  
	Validation = MSE:55.903824 , RMSE:7.476886 , MAE:6.179275 , MAPD:34.353017, R_squared:-0.005936

2024-03-21 08:51:06,827 Epoch 228/300, Train Loss: 59.157946, Val Loss: 55.607427  
	Train = MSE:59.160885 , RMSE:7.691611 , MAE:6.290594 , MAPD:33.802587, R_squared:-0.024085  
	Validation = MSE:55.607426 , RMSE:7.457039 , MAE:5.981074 , MAPD:32.143538, R_squared:-0.000602

2024-03-21 08:51:15,711 Epoch 229/300, Train Loss: 59.123097, Val Loss: 55.587847  
	Train = MSE:59.123386 , RMSE:7.689173 , MAE:6.267768 , MAPD:33.667521, R_squared:-0.023436  
	Validation = MSE:55.587852 , RMSE:7.455726 , MAE:5.995392 , MAPD:32.320049, R_squared:-0.000250

2024-03-21 08:51:24,904 Epoch 230/300, Train Loss: 59.188645, Val Loss: 55.586051  
	Train = MSE:59.169262 , RMSE:7.692156 , MAE:6.279192 , MAPD:33.695987, R_squared:-0.024230  
	Validation = MSE:55.586056 , RMSE:7.455606 , MAE:5.997125 , MAPD:32.341418, R_squared:-0.000218

2024-03-21 08:51:34,080 Epoch 231/300, Train Loss: 59.094056, Val Loss: 55.576946  
	Train = MSE:59.090000 , RMSE:7.687002 , MAE:6.266770 , MAPD:33.669877, R_squared:-0.022858  
	Validation = MSE:55.576950 , RMSE:7.454995 , MAE:6.009284 , MAPD:32.491298, R_squared:-0.000054

2024-03-21 08:51:43,766 Epoch 232/300, Train Loss: 58.910307, Val Loss: 61.149560  
	Train = MSE:58.927418 , RMSE:7.676420 , MAE:6.270343 , MAPD:33.643031, R_squared:-0.020044  
	Validation = MSE:61.149559 , RMSE:7.819818 , MAE:6.831997 , MAPD:40.455266, R_squared:-0.100328

2024-03-21 08:51:53,085 Epoch 233/300, Train Loss: 59.230140, Val Loss: 56.039699  
	Train = MSE:59.234272 , RMSE:7.696381 , MAE:6.283916 , MAPD:33.770702, R_squared:-0.025355  
	Validation = MSE:56.039696 , RMSE:7.485967 , MAE:5.876807 , MAPD:30.817292, R_squared:-0.008381

2024-03-21 08:52:01,527 Epoch 234/300, Train Loss: 58.777458, Val Loss: 57.326313  
	Train = MSE:58.776882 , RMSE:7.666608 , MAE:6.248621 , MAPD:33.522810, R_squared:-0.017438  
	Validation = MSE:57.326309 , RMSE:7.571414 , MAE:6.434392 , MAPD:36.825842, R_squared:-0.031532

2024-03-21 08:52:10,727 Epoch 235/300, Train Loss: 58.969978, Val Loss: 55.729027  
	Train = MSE:58.980591 , RMSE:7.679882 , MAE:6.271036 , MAPD:33.637530, R_squared:-0.020964  
	Validation = MSE:55.729023 , RMSE:7.465188 , MAE:6.123995 , MAPD:33.786909, R_squared:-0.002790

2024-03-21 08:52:20,009 Epoch 236/300, Train Loss: 59.209040, Val Loss: 56.298656  
	Train = MSE:59.226357 , RMSE:7.695866 , MAE:6.282628 , MAPD:33.722223, R_squared:-0.025218  
	Validation = MSE:56.298656 , RMSE:7.503243 , MAE:5.846478 , MAPD:30.394165, R_squared:-0.013040

2024-03-21 08:52:29,250 Epoch 237/300, Train Loss: 59.021675, Val Loss: 62.087577  
	Train = MSE:59.038658 , RMSE:7.683662 , MAE:6.285973 , MAPD:33.832115, R_squared:-0.021969  
	Validation = MSE:62.087578 , RMSE:7.879567 , MAE:5.769258 , MAPD:27.346446, R_squared:-0.117206

2024-03-21 08:52:38,167 Epoch 238/300, Train Loss: 59.026522, Val Loss: 56.092900  
	Train = MSE:59.036064 , RMSE:7.683493 , MAE:6.259108 , MAPD:33.577238, R_squared:-0.021924  
	Validation = MSE:56.092899 , RMSE:7.489519 , MAE:5.869702 , MAPD:30.720745, R_squared:-0.009338

2024-03-21 08:52:47,141 Epoch 239/300, Train Loss: 59.015619, Val Loss: 56.520202  
	Train = MSE:59.033653 , RMSE:7.683336 , MAE:6.275947 , MAPD:33.735443, R_squared:-0.021883  
	Validation = MSE:56.520199 , RMSE:7.517992 , MAE:5.826979 , MAPD:30.101793, R_squared:-0.017027

2024-03-21 08:52:56,313 Epoch 240/300, Train Loss: 59.160666, Val Loss: 55.604540  
	Train = MSE:59.171429 , RMSE:7.692297 , MAE:6.278367 , MAPD:33.664403, R_squared:-0.024268  
	Validation = MSE:55.604542 , RMSE:7.456845 , MAE:5.982849 , MAPD:32.165420, R_squared:-0.000550

2024-03-21 08:53:05,462 Epoch 241/300, Train Loss: 59.238088, Val Loss: 56.358006  
	Train = MSE:59.251640 , RMSE:7.697509 , MAE:6.292546 , MAPD:33.811576, R_squared:-0.025656  
	Validation = MSE:56.358002 , RMSE:7.507196 , MAE:6.281173 , MAPD:35.360537, R_squared:-0.014108

2024-03-21 08:53:16,061 Epoch 242/300, Train Loss: 59.304845, Val Loss: 55.662305  
	Train = MSE:59.243816 , RMSE:7.697001 , MAE:6.277520 , MAPD:33.729026, R_squared:-0.025521  
	Validation = MSE:55.662304 , RMSE:7.460717 , MAE:5.956266 , MAPD:31.835265, R_squared:-0.001590

2024-03-21 08:53:25,186 Epoch 243/300, Train Loss: 58.996788, Val Loss: 59.057640  
	Train = MSE:59.004814 , RMSE:7.681459 , MAE:6.279315 , MAPD:33.711115, R_squared:-0.021383  
	Validation = MSE:59.057636 , RMSE:7.684896 , MAE:6.635308 , MAPD:38.692194, R_squared:-0.062686

2024-03-21 08:53:32,064 Epoch 244/300, Train Loss: 59.263718, Val Loss: 55.588363  
	Train = MSE:59.228764 , RMSE:7.696023 , MAE:6.274626 , MAPD:33.670134, R_squared:-0.025260  
	Validation = MSE:55.588364 , RMSE:7.455760 , MAE:5.994915 , MAPD:32.314167, R_squared:-0.000259

2024-03-21 08:53:38,262 Epoch 245/300, Train Loss: 59.018347, Val Loss: 55.593203  
	Train = MSE:59.036751 , RMSE:7.683537 , MAE:6.260684 , MAPD:33.601025, R_squared:-0.021936  
	Validation = MSE:55.593204 , RMSE:7.456085 , MAE:5.990800 , MAPD:32.263440, R_squared:-0.000346

2024-03-21 08:53:44,190 Epoch 246/300, Train Loss: 59.221012, Val Loss: 59.801172  
	Train = MSE:59.239525 , RMSE:7.696722 , MAE:6.290821 , MAPD:33.735890, R_squared:-0.025446  
	Validation = MSE:59.801170 , RMSE:7.733122 , MAE:6.709364 , MAPD:39.361795, R_squared:-0.076065

2024-03-21 08:53:50,280 Epoch 247/300, Train Loss: 59.015157, Val Loss: 56.674814  
	Train = MSE:59.032326 , RMSE:7.683249 , MAE:6.293410 , MAPD:33.807959, R_squared:-0.021860  
	Validation = MSE:56.674820 , RMSE:7.528268 , MAE:6.337570 , MAPD:35.904004, R_squared:-0.019809

2024-03-21 08:53:56,187 Epoch 248/300, Train Loss: 59.118316, Val Loss: 56.517684  
	Train = MSE:59.131817 , RMSE:7.689722 , MAE:6.281447 , MAPD:33.725978, R_squared:-0.023582  
	Validation = MSE:56.517685 , RMSE:7.517825 , MAE:5.827173 , MAPD:30.104839, R_squared:-0.016982

2024-03-21 08:54:01,962 Epoch 249/300, Train Loss: 59.252016, Val Loss: 57.250066  
	Train = MSE:59.230148 , RMSE:7.696113 , MAE:6.282312 , MAPD:33.628982, R_squared:-0.025284  
	Validation = MSE:57.250069 , RMSE:7.566378 , MAE:6.423909 , MAPD:36.727068, R_squared:-0.030160

2024-03-21 08:54:07,997 Epoch 250/300, Train Loss: 59.051124, Val Loss: 55.650009  
	Train = MSE:58.976051 , RMSE:7.679587 , MAE:6.257950 , MAPD:33.586808, R_squared:-0.020886  
	Validation = MSE:55.650009 , RMSE:7.459893 , MAE:5.960879 , MAPD:31.892923, R_squared:-0.001369

2024-03-21 08:54:14,032 Epoch 251/300, Train Loss: 59.442187, Val Loss: 56.413496  
	Train = MSE:59.459175 , RMSE:7.710978 , MAE:6.296661 , MAPD:33.827202, R_squared:-0.029249  
	Validation = MSE:56.413498 , RMSE:7.510892 , MAE:6.291702 , MAPD:35.462374, R_squared:-0.015107

2024-03-21 08:54:20,965 Epoch 252/300, Train Loss: 59.252801, Val Loss: 56.412056  
	Train = MSE:59.271214 , RMSE:7.698780 , MAE:6.297855 , MAPD:33.816650, R_squared:-0.025995  
	Validation = MSE:56.412060 , RMSE:7.510796 , MAE:5.835887 , MAPD:30.238172, R_squared:-0.015081

2024-03-21 08:54:26,996 Epoch 253/300, Train Loss: 59.091519, Val Loss: 56.038245  
	Train = MSE:59.109989 , RMSE:7.688302 , MAE:6.278940 , MAPD:33.709240, R_squared:-0.023204  
	Validation = MSE:56.038242 , RMSE:7.485869 , MAE:5.877009 , MAPD:30.820021, R_squared:-0.008355

2024-03-21 08:54:32,676 Epoch 254/300, Train Loss: 59.278907, Val Loss: 55.695025  
	Train = MSE:59.236862 , RMSE:7.696549 , MAE:6.276496 , MAPD:33.697481, R_squared:-0.025400  
	Validation = MSE:55.695023 , RMSE:7.462910 , MAE:6.110574 , MAPD:33.646165, R_squared:-0.002179

2024-03-21 08:54:38,577 Epoch 255/300, Train Loss: 59.156899, Val Loss: 55.934206  
	Train = MSE:59.113689 , RMSE:7.688543 , MAE:6.276642 , MAPD:33.696494, R_squared:-0.023268  
	Validation = MSE:55.934208 , RMSE:7.478918 , MAE:6.187424 , MAPD:34.435234, R_squared:-0.006482

2024-03-21 08:54:44,724 Epoch 256/300, Train Loss: 58.727429, Val Loss: 56.427901  
	Train = MSE:58.737183 , RMSE:7.664019 , MAE:6.252780 , MAPD:33.592827, R_squared:-0.016751  
	Validation = MSE:56.427902 , RMSE:7.511851 , MAE:6.294402 , MAPD:35.488375, R_squared:-0.015366

2024-03-21 08:54:50,696 Epoch 257/300, Train Loss: 59.478016, Val Loss: 55.626430  
	Train = MSE:59.493958 , RMSE:7.713233 , MAE:6.280329 , MAPD:33.697185, R_squared:-0.029851  
	Validation = MSE:55.626431 , RMSE:7.458313 , MAE:6.076758 , MAPD:33.286015, R_squared:-0.000944

2024-03-21 08:54:56,716 Epoch 258/300, Train Loss: 59.184345, Val Loss: 57.849595  
	Train = MSE:59.125683 , RMSE:7.689322 , MAE:6.287368 , MAPD:33.716790, R_squared:-0.023476  
	Validation = MSE:57.849598 , RMSE:7.605892 , MAE:6.501042 , MAPD:37.453171, R_squared:-0.040948

2024-03-21 08:55:02,391 Epoch 259/300, Train Loss: 59.383553, Val Loss: 58.946127  
	Train = MSE:59.381496 , RMSE:7.705939 , MAE:6.295236 , MAPD:33.811375, R_squared:-0.027904  
	Validation = MSE:58.946129 , RMSE:7.677638 , MAE:5.753815 , MAPD:28.369021, R_squared:-0.060679

2024-03-21 08:55:08,385 Epoch 260/300, Train Loss: 59.150143, Val Loss: 56.956788  
	Train = MSE:59.101681 , RMSE:7.687762 , MAE:6.253082 , MAPD:33.549513, R_squared:-0.023060  
	Validation = MSE:56.956787 , RMSE:7.546972 , MAE:6.381732 , MAPD:36.327009, R_squared:-0.024883

2024-03-21 08:55:14,440 Epoch 261/300, Train Loss: 59.000074, Val Loss: 56.424056  
	Train = MSE:58.997322 , RMSE:7.680972 , MAE:6.272066 , MAPD:33.659746, R_squared:-0.021254  
	Validation = MSE:56.424057 , RMSE:7.511595 , MAE:6.293684 , MAPD:35.481457, R_squared:-0.015297

2024-03-21 08:55:21,420 Epoch 262/300, Train Loss: 59.092511, Val Loss: 56.909152  
	Train = MSE:59.110775 , RMSE:7.688353 , MAE:6.284201 , MAPD:33.729123, R_squared:-0.023218  
	Validation = MSE:56.909157 , RMSE:7.543816 , MAE:5.802316 , MAPD:29.686277, R_squared:-0.024026

2024-03-21 08:55:27,456 Epoch 263/300, Train Loss: 59.689721, Val Loss: 60.986934  
	Train = MSE:59.701000 , RMSE:7.726642 , MAE:6.294439 , MAPD:33.823258, R_squared:-0.033434  
	Validation = MSE:60.986935 , RMSE:7.809413 , MAE:6.817773 , MAPD:40.329718, R_squared:-0.097401

2024-03-21 08:55:33,413 Epoch 264/300, Train Loss: 58.996735, Val Loss: 57.066511  
	Train = MSE:58.979221 , RMSE:7.679793 , MAE:6.271521 , MAPD:33.679300, R_squared:-0.020940  
	Validation = MSE:57.066513 , RMSE:7.554238 , MAE:5.794231 , MAPD:29.540224, R_squared:-0.026857

2024-03-21 08:55:38,471 Epoch 265/300, Train Loss: 59.114277, Val Loss: 59.644708  
	Train = MSE:59.077484 , RMSE:7.686188 , MAE:6.272569 , MAPD:33.696536, R_squared:-0.022641  
	Validation = MSE:59.644711 , RMSE:7.722999 , MAE:5.751974 , MAPD:28.078175, R_squared:-0.073249

2024-03-21 08:55:44,241 Epoch 266/300, Train Loss: 58.788008, Val Loss: 56.971672  
	Train = MSE:58.805828 , RMSE:7.668496 , MAE:6.271868 , MAPD:33.610015, R_squared:-0.017939  
	Validation = MSE:56.971668 , RMSE:7.547958 , MAE:6.383972 , MAPD:36.348270, R_squared:-0.025151

2024-03-21 08:55:50,370 Epoch 267/300, Train Loss: 59.115785, Val Loss: 56.354049  
	Train = MSE:59.118641 , RMSE:7.688865 , MAE:6.287257 , MAPD:33.737872, R_squared:-0.023354  
	Validation = MSE:56.354050 , RMSE:7.506933 , MAE:6.280424 , MAPD:35.353212, R_squared:-0.014037

2024-03-21 08:55:56,322 Epoch 268/300, Train Loss: 59.436868, Val Loss: 55.584120  
	Train = MSE:59.454704 , RMSE:7.710688 , MAE:6.290926 , MAPD:33.769891, R_squared:-0.029171  
	Validation = MSE:55.584122 , RMSE:7.455476 , MAE:6.044944 , MAPD:32.920403, R_squared:-0.000183

2024-03-21 08:56:02,119 Epoch 269/300, Train Loss: 59.157549, Val Loss: 55.955048  
	Train = MSE:59.165520 , RMSE:7.691913 , MAE:6.282867 , MAPD:33.735248, R_squared:-0.024165  
	Validation = MSE:55.955048 , RMSE:7.480310 , MAE:6.192816 , MAPD:34.489639, R_squared:-0.006858

2024-03-21 08:56:08,098 Epoch 270/300, Train Loss: 59.145506, Val Loss: 55.768072  
	Train = MSE:59.150124 , RMSE:7.690912 , MAE:6.294230 , MAPD:33.790999, R_squared:-0.023899  
	Validation = MSE:55.768070 , RMSE:7.467802 , MAE:5.925446 , MAPD:31.450081, R_squared:-0.003493

2024-03-21 08:56:14,252 Epoch 271/300, Train Loss: 59.405032, Val Loss: 61.549204  
	Train = MSE:59.394165 , RMSE:7.706761 , MAE:6.283476 , MAPD:33.661556, R_squared:-0.028123  
	Validation = MSE:61.549206 , RMSE:7.845330 , MAE:6.866115 , MAPD:40.756328, R_squared:-0.107519

2024-03-21 08:56:21,265 Epoch 272/300, Train Loss: 59.035452, Val Loss: 55.970646  
	Train = MSE:59.041889 , RMSE:7.683872 , MAE:6.283887 , MAPD:33.761535, R_squared:-0.022025  
	Validation = MSE:55.970646 , RMSE:7.481353 , MAE:5.887032 , MAPD:30.953140, R_squared:-0.007138

2024-03-21 08:56:27,408 Epoch 273/300, Train Loss: 59.071415, Val Loss: 55.598730  
	Train = MSE:59.070507 , RMSE:7.685734 , MAE:6.270999 , MAPD:33.635517, R_squared:-0.022520  
	Validation = MSE:55.598732 , RMSE:7.456456 , MAE:5.986695 , MAPD:32.212831, R_squared:-0.000446

2024-03-21 08:56:33,490 Epoch 274/300, Train Loss: 58.874032, Val Loss: 55.622214  
	Train = MSE:58.859859 , RMSE:7.672018 , MAE:6.273200 , MAPD:33.644048, R_squared:-0.018874  
	Validation = MSE:55.622215 , RMSE:7.458030 , MAE:5.972995 , MAPD:32.043936, R_squared:-0.000868

2024-03-21 08:56:39,474 Epoch 275/300, Train Loss: 59.141561, Val Loss: 56.637859  
	Train = MSE:59.149948 , RMSE:7.690900 , MAE:6.269178 , MAPD:33.606447, R_squared:-0.023896  
	Validation = MSE:56.637863 , RMSE:7.525813 , MAE:6.331443 , MAPD:35.845007, R_squared:-0.019144

2024-03-21 08:56:44,923 Epoch 276/300, Train Loss: 59.077322, Val Loss: 60.542119  
	Train = MSE:59.093143 , RMSE:7.687206 , MAE:6.262526 , MAPD:33.634595, R_squared:-0.022912  
	Validation = MSE:60.542118 , RMSE:7.780881 , MAE:6.778193 , MAPD:39.978365, R_squared:-0.089397

2024-03-21 08:56:51,037 Epoch 277/300, Train Loss: 59.117550, Val Loss: 64.616011  
	Train = MSE:59.117828 , RMSE:7.688812 , MAE:6.289364 , MAPD:33.747580, R_squared:-0.023340  
	Validation = MSE:64.616013 , RMSE:8.038408 , MAE:7.107672 , MAPD:42.840261, R_squared:-0.162703

2024-03-21 08:56:57,129 Epoch 278/300, Train Loss: 58.940044, Val Loss: 56.542936  
	Train = MSE:58.958282 , RMSE:7.678430 , MAE:6.276340 , MAPD:33.723345, R_squared:-0.020578  
	Validation = MSE:56.542938 , RMSE:7.519504 , MAE:6.315197 , MAPD:35.688593, R_squared:-0.017436

2024-03-21 08:57:03,055 Epoch 279/300, Train Loss: 59.085071, Val Loss: 55.635311  
	Train = MSE:59.094521 , RMSE:7.687296 , MAE:6.277836 , MAPD:33.737666, R_squared:-0.022936  
	Validation = MSE:55.635311 , RMSE:7.458908 , MAE:5.966915 , MAPD:31.968366, R_squared:-0.001104

2024-03-21 08:57:09,164 Epoch 280/300, Train Loss: 59.053672, Val Loss: 55.574229  
	Train = MSE:59.053493 , RMSE:7.684627 , MAE:6.275314 , MAPD:33.643119, R_squared:-0.022226  
	Validation = MSE:55.574230 , RMSE:7.454813 , MAE:6.017778 , MAPD:32.595076, R_squared:-0.000005

2024-03-21 08:57:15,239 Epoch 281/300, Train Loss: 58.695077, Val Loss: 55.795139  
	Train = MSE:58.713245 , RMSE:7.662457 , MAE:6.255764 , MAPD:33.611232, R_squared:-0.016336  
	Validation = MSE:55.795135 , RMSE:7.469614 , MAE:5.919106 , MAPD:31.370481, R_squared:-0.003980

2024-03-21 08:57:22,210 Epoch 282/300, Train Loss: 59.110968, Val Loss: 55.574013  
	Train = MSE:59.125778 , RMSE:7.689329 , MAE:6.262554 , MAPD:33.637245, R_squared:-0.023477  
	Validation = MSE:55.574013 , RMSE:7.454798 , MAE:6.019743 , MAPD:32.618992, R_squared:-0.000001

2024-03-21 08:57:28,121 Epoch 283/300, Train Loss: 58.951838, Val Loss: 57.520136  
	Train = MSE:58.967422 , RMSE:7.679025 , MAE:6.271156 , MAPD:33.657092, R_squared:-0.020736  
	Validation = MSE:57.520138 , RMSE:7.584203 , MAE:6.460056 , MAPD:37.067654, R_squared:-0.035020

2024-03-21 08:57:34,123 Epoch 284/300, Train Loss: 59.091984, Val Loss: 59.312728  
	Train = MSE:59.106411 , RMSE:7.688069 , MAE:6.284588 , MAPD:33.779573, R_squared:-0.023142  
	Validation = MSE:59.312725 , RMSE:7.701476 , MAE:6.661276 , MAPD:38.928153, R_squared:-0.067276

2024-03-21 08:57:40,227 Epoch 285/300, Train Loss: 59.182676, Val Loss: 55.576897  
	Train = MSE:59.195316 , RMSE:7.693849 , MAE:6.298259 , MAPD:33.802665, R_squared:-0.024681  
	Validation = MSE:55.576893 , RMSE:7.454991 , MAE:6.034019 , MAPD:32.790743, R_squared:-0.000053

2024-03-21 08:57:45,883 Epoch 286/300, Train Loss: 59.267536, Val Loss: 58.533273  
	Train = MSE:59.217560 , RMSE:7.695295 , MAE:6.274250 , MAPD:33.667412, R_squared:-0.025066  
	Validation = MSE:58.533272 , RMSE:7.650704 , MAE:6.579638 , MAPD:38.182320, R_squared:-0.053250

2024-03-21 08:57:51,955 Epoch 287/300, Train Loss: 59.132158, Val Loss: 55.671465  
	Train = MSE:59.149426 , RMSE:7.690866 , MAE:6.276486 , MAPD:33.709630, R_squared:-0.023887  
	Validation = MSE:55.671463 , RMSE:7.461331 , MAE:5.953035 , MAPD:31.794883, R_squared:-0.001755

2024-03-21 08:57:58,077 Epoch 288/300, Train Loss: 58.929580, Val Loss: 55.609450  
	Train = MSE:58.939640 , RMSE:7.677216 , MAE:6.277554 , MAPD:33.677383, R_squared:-0.020255  
	Validation = MSE:55.609451 , RMSE:7.457174 , MAE:6.066001 , MAPD:33.166780, R_squared:-0.000639

2024-03-21 08:58:03,745 Epoch 289/300, Train Loss: 58.774028, Val Loss: 58.150929  
	Train = MSE:58.758137 , RMSE:7.665386 , MAE:6.257792 , MAPD:33.610385, R_squared:-0.017113  
	Validation = MSE:58.150928 , RMSE:7.625676 , MAE:6.536405 , MAPD:37.783849, R_squared:-0.046370

2024-03-21 08:58:09,841 Epoch 290/300, Train Loss: 59.326424, Val Loss: 55.933088  
	Train = MSE:59.328297 , RMSE:7.702487 , MAE:6.303503 , MAPD:33.822360, R_squared:-0.026983  
	Validation = MSE:55.933086 , RMSE:7.478843 , MAE:6.187130 , MAPD:34.432270, R_squared:-0.006462

2024-03-21 08:58:16,074 Epoch 291/300, Train Loss: 58.953412, Val Loss: 56.028430  
	Train = MSE:58.941090 , RMSE:7.677310 , MAE:6.274742 , MAPD:33.705885, R_squared:-0.020280  
	Validation = MSE:56.028431 , RMSE:7.485214 , MAE:5.878390 , MAPD:30.838581, R_squared:-0.008178

2024-03-21 08:58:22,992 Epoch 292/300, Train Loss: 59.079710, Val Loss: 56.732174  
	Train = MSE:59.083485 , RMSE:7.686578 , MAE:6.269298 , MAPD:33.535514, R_squared:-0.022745  
	Validation = MSE:56.732174 , RMSE:7.532076 , MAE:6.346881 , MAPD:35.993646, R_squared:-0.020841

2024-03-21 08:58:28,796 Epoch 293/300, Train Loss: 59.071349, Val Loss: 57.405851  
	Train = MSE:59.059380 , RMSE:7.685010 , MAE:6.279118 , MAPD:33.718821, R_squared:-0.022328  
	Validation = MSE:57.405849 , RMSE:7.576665 , MAE:6.445088 , MAPD:36.926614, R_squared:-0.032963

2024-03-21 08:58:34,759 Epoch 294/300, Train Loss: 59.026682, Val Loss: 55.678173  
	Train = MSE:59.041214 , RMSE:7.683828 , MAE:6.272717 , MAPD:33.694903, R_squared:-0.022013  
	Validation = MSE:55.678173 , RMSE:7.461781 , MAE:6.103288 , MAPD:33.569367, R_squared:-0.001875

2024-03-21 08:58:40,928 Epoch 295/300, Train Loss: 58.875120, Val Loss: 56.558564  
	Train = MSE:58.890385 , RMSE:7.674007 , MAE:6.259920 , MAPD:33.613969, R_squared:-0.019403  
	Validation = MSE:56.558563 , RMSE:7.520543 , MAE:6.317925 , MAPD:35.714854, R_squared:-0.017717

2024-03-21 08:58:46,695 Epoch 296/300, Train Loss: 59.590439, Val Loss: 55.575475  
	Train = MSE:59.604462 , RMSE:7.720393 , MAE:6.292280 , MAPD:33.858948, R_squared:-0.031763  
	Validation = MSE:55.575478 , RMSE:7.454896 , MAE:6.012752 , MAPD:32.533934, R_squared:-0.000027

2024-03-21 08:58:52,488 Epoch 297/300, Train Loss: 59.356940, Val Loss: 55.643081  
	Train = MSE:59.335320 , RMSE:7.702942 , MAE:6.284303 , MAPD:33.662988, R_squared:-0.027105  
	Validation = MSE:55.643085 , RMSE:7.459429 , MAE:5.963644 , MAPD:31.927477, R_squared:-0.001244

2024-03-21 08:58:58,455 Epoch 298/300, Train Loss: 58.789770, Val Loss: 56.257219  
	Train = MSE:58.800858 , RMSE:7.668172 , MAE:6.274984 , MAPD:33.703869, R_squared:-0.017853  
	Validation = MSE:56.257217 , RMSE:7.500481 , MAE:6.261453 , MAPD:35.167793, R_squared:-0.012295

2024-03-21 08:59:04,314 Epoch 299/300, Train Loss: 58.882491, Val Loss: 57.173204  
	Train = MSE:58.888237 , RMSE:7.673867 , MAE:6.276791 , MAPD:33.653647, R_squared:-0.019365  
	Validation = MSE:57.173203 , RMSE:7.561296 , MAE:6.413211 , MAPD:36.625725, R_squared:-0.028777

2024-03-21 08:59:10,361 Epoch 300/300, Train Loss: 59.106785, Val Loss: 62.291253  
	Train = MSE:59.107456 , RMSE:7.688138 , MAE:6.273496 , MAPD:33.657254, R_squared:-0.023160  
	Validation = MSE:62.291248 , RMSE:7.892480 , MAE:6.927579 , MAPD:41.294227, R_squared:-0.120871

2024-03-21 08:59:10,361 Time for training the model: 19175.203589
2024-03-21 08:59:12,112 MSE for train: 62.250664
2024-03-21 08:59:12,112 RMSE for train: 7.889909
2024-03-21 08:59:12,113 MAE for train: 6.885014
2024-03-21 08:59:12,113 MAPD for train: 40.053270
2024-03-21 08:59:12,113 R^2 Score for train: -0.077570
2024-03-21 08:59:12,113 Inference time for train dataset: 1.079000

2024-03-21 08:59:12,263 MSE for val: 62.291248
2024-03-21 08:59:12,263 RMSE for val: 7.892480
2024-03-21 08:59:12,263 MAE for val: 6.927579
2024-03-21 08:59:12,263 MAPD for val: 41.294227
2024-03-21 08:59:12,263 R^2 Score for val: -0.120871
2024-03-21 08:59:12,264 Inference time for val dataset: 0.150001

2024-03-21 08:59:12,415 MSE for test: 62.332901
2024-03-21 08:59:12,415 RMSE for test: 7.895119
2024-03-21 08:59:12,415 MAE for test: 6.858364
2024-03-21 08:59:12,415 MAPD for test: 38.016478
2024-03-21 08:59:12,415 R^2 Score for test: -0.028779
2024-03-21 08:59:12,416 Inference time for test dataset: 0.152000

2024-03-21 08:59:14,158 Train label average: , [20.62097221]
2024-03-21 08:59:14,158 Test label average: , [21.41736175]
2024-03-21 08:59:14,158 validation label average: , [20.14607025]
2024-03-21 08:59:14,158 predicted (on validation dataset) values average: , 22.73784912109375
