2024-03-21 04:15:39,054 train batches in dataset: 800
2024-03-21 04:15:39,054 val batches in dataset: 100
2024-03-21 04:15:39,055 test batches in dataset: 100
2024-03-21 04:15:39,072 Trainable parameter: net_core.0.weight - size: torch.Size([256, 35])
2024-03-21 04:15:39,078 Trainable parameter: net_core.0.bias - size: torch.Size([256])
2024-03-21 04:15:39,087 Trainable parameter: net_core.1.weight - size: torch.Size([128, 256])
2024-03-21 04:15:39,096 Trainable parameter: net_core.1.bias - size: torch.Size([128])
2024-03-21 04:15:39,103 Trainable parameter: net_core.2.weight - size: torch.Size([64, 128])
2024-03-21 04:15:39,110 Trainable parameter: net_core.2.bias - size: torch.Size([64])
2024-03-21 04:15:39,117 Trainable parameter: net_core.3.weight - size: torch.Size([16, 64])
2024-03-21 04:15:39,118 Trainable parameter: net_core.3.bias - size: torch.Size([16])
2024-03-21 04:15:39,118 Trainable parameter: net_core.4.weight - size: torch.Size([1, 16])
2024-03-21 04:15:39,119 Trainable parameter: net_core.4.bias - size: torch.Size([1])
2024-03-21 04:15:39,119 Number of trainable parameters: 51425
2024-03-21 04:15:39,119 Number of non-trainable parameters: 0
2024-03-21 04:16:41,330 Epoch 1/300, Train Loss: 7.317077, Val Loss: 0.402777  
	Train = MSE:7.319154 , RMSE:2.705394 , MAE:1.268377 , MAPD:6.771376, R_squared:0.873304  
	Validation = MSE:0.402777 , RMSE:0.634647 , MAE:0.488861 , MAPD:2.381994, R_squared:0.992752

2024-03-21 04:17:46,878 Epoch 2/300, Train Loss: 0.336501, Val Loss: 0.124001  
	Train = MSE:0.336547 , RMSE:0.580126 , MAE:0.442638 , MAPD:2.296546, R_squared:0.994174  
	Validation = MSE:0.124001 , RMSE:0.352137 , MAE:0.257202 , MAPD:1.371938, R_squared:0.997769

2024-03-21 04:18:47,521 Epoch 3/300, Train Loss: 0.370002, Val Loss: 0.157450  
	Train = MSE:0.370069 , RMSE:0.608333 , MAE:0.464326 , MAPD:2.361847, R_squared:0.993594  
	Validation = MSE:0.157450 , RMSE:0.396799 , MAE:0.343839 , MAPD:1.960400, R_squared:0.997167

2024-03-21 04:19:50,071 Epoch 4/300, Train Loss: 0.379613, Val Loss: 0.103936  
	Train = MSE:0.379613 , RMSE:0.616127 , MAE:0.453043 , MAPD:2.298235, R_squared:0.993429  
	Validation = MSE:0.103936 , RMSE:0.322390 , MAE:0.230073 , MAPD:1.205068, R_squared:0.998130

2024-03-21 04:20:55,674 Epoch 5/300, Train Loss: 0.382256, Val Loss: 0.159452  
	Train = MSE:0.382364 , RMSE:0.618356 , MAE:0.469669 , MAPD:2.417770, R_squared:0.993381  
	Validation = MSE:0.159452 , RMSE:0.399314 , MAE:0.308665 , MAPD:1.706762, R_squared:0.997131

2024-03-21 04:21:57,275 Epoch 6/300, Train Loss: 0.371473, Val Loss: 0.120720  
	Train = MSE:0.371537 , RMSE:0.609538 , MAE:0.461088 , MAPD:2.364195, R_squared:0.993569  
	Validation = MSE:0.120720 , RMSE:0.347448 , MAE:0.272024 , MAPD:1.507468, R_squared:0.997828

2024-03-21 04:23:02,381 Epoch 7/300, Train Loss: 0.217448, Val Loss: 0.245240  
	Train = MSE:0.217459 , RMSE:0.466325 , MAE:0.356172 , MAPD:1.846266, R_squared:0.996236  
	Validation = MSE:0.245240 , RMSE:0.495217 , MAE:0.434557 , MAPD:2.394799, R_squared:0.995587

2024-03-21 04:24:08,018 Epoch 8/300, Train Loss: 0.279288, Val Loss: 0.185643  
	Train = MSE:0.279299 , RMSE:0.528487 , MAE:0.387735 , MAPD:1.953956, R_squared:0.995165  
	Validation = MSE:0.185643 , RMSE:0.430863 , MAE:0.357464 , MAPD:2.142386, R_squared:0.996660

2024-03-21 04:25:11,190 Epoch 9/300, Train Loss: 0.208401, Val Loss: 0.343893  
	Train = MSE:0.208434 , RMSE:0.456546 , MAE:0.331405 , MAPD:1.702980, R_squared:0.996392  
	Validation = MSE:0.343893 , RMSE:0.586424 , MAE:0.534163 , MAPD:2.938338, R_squared:0.993812

2024-03-21 04:26:14,866 Epoch 10/300, Train Loss: 0.176236, Val Loss: 0.077959  
	Train = MSE:0.176278 , RMSE:0.419855 , MAE:0.311125 , MAPD:1.598003, R_squared:0.996949  
	Validation = MSE:0.077959 , RMSE:0.279212 , MAE:0.192478 , MAPD:0.978042, R_squared:0.998597

2024-03-21 04:27:17,532 Epoch 11/300, Train Loss: 0.228133, Val Loss: 0.361946  
	Train = MSE:0.228109 , RMSE:0.477608 , MAE:0.340540 , MAPD:1.737152, R_squared:0.996051  
	Validation = MSE:0.361946 , RMSE:0.601620 , MAE:0.528225 , MAPD:3.053305, R_squared:0.993487

2024-03-21 04:28:20,984 Epoch 12/300, Train Loss: 0.224405, Val Loss: 0.136896  
	Train = MSE:0.224402 , RMSE:0.473710 , MAE:0.359252 , MAPD:1.845777, R_squared:0.996116  
	Validation = MSE:0.136896 , RMSE:0.369994 , MAE:0.301173 , MAPD:1.749151, R_squared:0.997537

2024-03-21 04:29:23,618 Epoch 13/300, Train Loss: 0.259686, Val Loss: 0.045701  
	Train = MSE:0.259766 , RMSE:0.509673 , MAE:0.363333 , MAPD:1.840125, R_squared:0.995503  
	Validation = MSE:0.045701 , RMSE:0.213777 , MAE:0.146032 , MAPD:0.795344, R_squared:0.999178

2024-03-21 04:30:25,461 Epoch 14/300, Train Loss: 0.140624, Val Loss: 0.182763  
	Train = MSE:0.140644 , RMSE:0.375025 , MAE:0.272433 , MAPD:1.396524, R_squared:0.997565  
	Validation = MSE:0.182763 , RMSE:0.427507 , MAE:0.316735 , MAPD:1.481754, R_squared:0.996711

2024-03-21 04:31:29,043 Epoch 15/300, Train Loss: 0.138614, Val Loss: 0.178077  
	Train = MSE:0.138568 , RMSE:0.372247 , MAE:0.275339 , MAPD:1.418651, R_squared:0.997601  
	Validation = MSE:0.178077 , RMSE:0.421991 , MAE:0.349731 , MAPD:2.191685, R_squared:0.996796

2024-03-21 04:32:33,131 Epoch 16/300, Train Loss: 0.224330, Val Loss: 0.092173  
	Train = MSE:0.224389 , RMSE:0.473697 , MAE:0.345095 , MAPD:1.759380, R_squared:0.996116  
	Validation = MSE:0.092173 , RMSE:0.303601 , MAE:0.234509 , MAPD:1.306206, R_squared:0.998341

2024-03-21 04:33:39,010 Epoch 17/300, Train Loss: 0.136238, Val Loss: 0.232129  
	Train = MSE:0.136244 , RMSE:0.369113 , MAE:0.274926 , MAPD:1.411232, R_squared:0.997642  
	Validation = MSE:0.232129 , RMSE:0.481798 , MAE:0.423365 , MAPD:2.190830, R_squared:0.995823

2024-03-21 04:34:41,710 Epoch 18/300, Train Loss: 0.129108, Val Loss: 0.132354  
	Train = MSE:0.129096 , RMSE:0.359299 , MAE:0.269920 , MAPD:1.382962, R_squared:0.997765  
	Validation = MSE:0.132354 , RMSE:0.363804 , MAE:0.292717 , MAPD:1.413589, R_squared:0.997618

2024-03-21 04:35:44,151 Epoch 19/300, Train Loss: 0.121535, Val Loss: 0.068949  
	Train = MSE:0.121525 , RMSE:0.348604 , MAE:0.264701 , MAPD:1.358319, R_squared:0.997896  
	Validation = MSE:0.068949 , RMSE:0.262582 , MAE:0.199987 , MAPD:1.140794, R_squared:0.998759

2024-03-21 04:36:46,132 Epoch 20/300, Train Loss: 0.145969, Val Loss: 0.103962  
	Train = MSE:0.146006 , RMSE:0.382107 , MAE:0.284766 , MAPD:1.479283, R_squared:0.997473  
	Validation = MSE:0.103962 , RMSE:0.322432 , MAE:0.231888 , MAPD:1.097769, R_squared:0.998129

2024-03-21 04:37:50,848 Epoch 21/300, Train Loss: 0.129434, Val Loss: 0.220783  
	Train = MSE:0.129399 , RMSE:0.359720 , MAE:0.271890 , MAPD:1.392577, R_squared:0.997760  
	Validation = MSE:0.220783 , RMSE:0.469876 , MAE:0.403179 , MAPD:1.989507, R_squared:0.996027

2024-03-21 04:38:53,937 Epoch 22/300, Train Loss: 0.133332, Val Loss: 0.122758  
	Train = MSE:0.133365 , RMSE:0.365192 , MAE:0.278198 , MAPD:1.416415, R_squared:0.997691  
	Validation = MSE:0.122758 , RMSE:0.350369 , MAE:0.305316 , MAPD:1.551165, R_squared:0.997791

2024-03-21 04:39:56,894 Epoch 23/300, Train Loss: 0.112322, Val Loss: 0.071992  
	Train = MSE:0.112352 , RMSE:0.335190 , MAE:0.253408 , MAPD:1.303888, R_squared:0.998055  
	Validation = MSE:0.071992 , RMSE:0.268314 , MAE:0.191862 , MAPD:0.979877, R_squared:0.998705

2024-03-21 04:41:00,473 Epoch 24/300, Train Loss: 0.127648, Val Loss: 0.066716  
	Train = MSE:0.127670 , RMSE:0.357309 , MAE:0.268007 , MAPD:1.371567, R_squared:0.997790  
	Validation = MSE:0.066716 , RMSE:0.258295 , MAE:0.186264 , MAPD:0.929695, R_squared:0.998800

2024-03-21 04:42:03,700 Epoch 25/300, Train Loss: 0.152220, Val Loss: 0.135997  
	Train = MSE:0.152232 , RMSE:0.390169 , MAE:0.277083 , MAPD:1.405100, R_squared:0.997365  
	Validation = MSE:0.135997 , RMSE:0.368778 , MAE:0.295515 , MAPD:1.569471, R_squared:0.997553

2024-03-21 04:43:05,965 Epoch 26/300, Train Loss: 0.109245, Val Loss: 0.097484  
	Train = MSE:0.109263 , RMSE:0.330550 , MAE:0.249055 , MAPD:1.272100, R_squared:0.998109  
	Validation = MSE:0.097484 , RMSE:0.312224 , MAE:0.251429 , MAPD:1.223435, R_squared:0.998246

2024-03-21 04:44:12,833 Epoch 27/300, Train Loss: 0.090657, Val Loss: 0.049673  
	Train = MSE:0.090684 , RMSE:0.301138 , MAE:0.231662 , MAPD:1.192714, R_squared:0.998430  
	Validation = MSE:0.049673 , RMSE:0.222875 , MAE:0.155426 , MAPD:0.781180, R_squared:0.999106

2024-03-21 04:45:16,886 Epoch 28/300, Train Loss: 0.100051, Val Loss: 0.061919  
	Train = MSE:0.100068 , RMSE:0.316335 , MAE:0.238480 , MAPD:1.229120, R_squared:0.998268  
	Validation = MSE:0.061919 , RMSE:0.248834 , MAE:0.191521 , MAPD:1.039559, R_squared:0.998886

2024-03-21 04:46:23,807 Epoch 29/300, Train Loss: 0.101587, Val Loss: 0.038761  
	Train = MSE:0.101616 , RMSE:0.318772 , MAE:0.236260 , MAPD:1.209386, R_squared:0.998241  
	Validation = MSE:0.038761 , RMSE:0.196878 , MAE:0.139696 , MAPD:0.753110, R_squared:0.999303

2024-03-21 04:47:25,043 Epoch 30/300, Train Loss: 0.104965, Val Loss: 0.147553  
	Train = MSE:0.104978 , RMSE:0.324003 , MAE:0.243774 , MAPD:1.245849, R_squared:0.998183  
	Validation = MSE:0.147553 , RMSE:0.384127 , MAE:0.338858 , MAPD:1.987522, R_squared:0.997345

2024-03-21 04:48:26,890 Epoch 31/300, Train Loss: 0.106746, Val Loss: 0.066551  
	Train = MSE:0.106719 , RMSE:0.326678 , MAE:0.245935 , MAPD:1.257320, R_squared:0.998153  
	Validation = MSE:0.066551 , RMSE:0.257976 , MAE:0.193954 , MAPD:1.050076, R_squared:0.998802

2024-03-21 04:49:33,096 Epoch 32/300, Train Loss: 0.081560, Val Loss: 0.044769  
	Train = MSE:0.081552 , RMSE:0.285572 , MAE:0.215685 , MAPD:1.101685, R_squared:0.998588  
	Validation = MSE:0.044769 , RMSE:0.211587 , MAE:0.162680 , MAPD:0.881808, R_squared:0.999194

2024-03-21 04:50:34,712 Epoch 33/300, Train Loss: 0.120188, Val Loss: 0.097751  
	Train = MSE:0.120218 , RMSE:0.346725 , MAE:0.256067 , MAPD:1.297811, R_squared:0.997919  
	Validation = MSE:0.097751 , RMSE:0.312652 , MAE:0.262904 , MAPD:1.373458, R_squared:0.998241

2024-03-21 04:51:37,500 Epoch 34/300, Train Loss: 0.079916, Val Loss: 0.051694  
	Train = MSE:0.079936 , RMSE:0.282729 , MAE:0.214214 , MAPD:1.093913, R_squared:0.998616  
	Validation = MSE:0.051694 , RMSE:0.227364 , MAE:0.189826 , MAPD:1.079746, R_squared:0.999070

2024-03-21 04:52:39,991 Epoch 35/300, Train Loss: 0.094408, Val Loss: 0.082484  
	Train = MSE:0.094436 , RMSE:0.307305 , MAE:0.228778 , MAPD:1.187203, R_squared:0.998365  
	Validation = MSE:0.082484 , RMSE:0.287201 , MAE:0.255378 , MAPD:1.404053, R_squared:0.998516

2024-03-21 04:53:42,283 Epoch 36/300, Train Loss: 0.075905, Val Loss: 0.027649  
	Train = MSE:0.075923 , RMSE:0.275542 , MAE:0.208013 , MAPD:1.066871, R_squared:0.998686  
	Validation = MSE:0.027649 , RMSE:0.166280 , MAE:0.117083 , MAPD:0.613155, R_squared:0.999502

2024-03-21 04:54:48,064 Epoch 37/300, Train Loss: 0.074409, Val Loss: 0.107471  
	Train = MSE:0.074409 , RMSE:0.272780 , MAE:0.208050 , MAPD:1.068666, R_squared:0.998712  
	Validation = MSE:0.107471 , RMSE:0.327828 , MAE:0.240243 , MAPD:1.156869, R_squared:0.998066

2024-03-21 04:55:50,833 Epoch 38/300, Train Loss: 0.099643, Val Loss: 0.047668  
	Train = MSE:0.099659 , RMSE:0.315688 , MAE:0.234777 , MAPD:1.213401, R_squared:0.998275  
	Validation = MSE:0.047668 , RMSE:0.218330 , MAE:0.183865 , MAPD:1.045825, R_squared:0.999142

2024-03-21 04:56:54,719 Epoch 39/300, Train Loss: 0.077941, Val Loss: 0.084204  
	Train = MSE:0.077961 , RMSE:0.279214 , MAE:0.214310 , MAPD:1.102092, R_squared:0.998650  
	Validation = MSE:0.084204 , RMSE:0.290179 , MAE:0.248546 , MAPD:1.427923, R_squared:0.998485

2024-03-21 04:57:56,870 Epoch 40/300, Train Loss: 0.074072, Val Loss: 0.039613  
	Train = MSE:0.074085 , RMSE:0.272185 , MAE:0.201328 , MAPD:1.029950, R_squared:0.998718  
	Validation = MSE:0.039613 , RMSE:0.199030 , MAE:0.149654 , MAPD:0.837104, R_squared:0.999287

2024-03-21 04:59:00,062 Epoch 41/300, Train Loss: 0.090041, Val Loss: 0.085999  
	Train = MSE:0.090053 , RMSE:0.300088 , MAE:0.226000 , MAPD:1.148603, R_squared:0.998441  
	Validation = MSE:0.085999 , RMSE:0.293256 , MAE:0.247244 , MAPD:1.314533, R_squared:0.998453

2024-03-21 05:00:03,799 Epoch 42/300, Train Loss: 0.085107, Val Loss: 0.061837  
	Train = MSE:0.085130 , RMSE:0.291771 , MAE:0.214258 , MAPD:1.091986, R_squared:0.998526  
	Validation = MSE:0.061837 , RMSE:0.248670 , MAE:0.189383 , MAPD:1.060354, R_squared:0.998887

2024-03-21 05:01:08,786 Epoch 43/300, Train Loss: 0.073776, Val Loss: 0.144301  
	Train = MSE:0.073769 , RMSE:0.271605 , MAE:0.203675 , MAPD:1.046271, R_squared:0.998723  
	Validation = MSE:0.144301 , RMSE:0.379870 , MAE:0.307720 , MAPD:1.466359, R_squared:0.997403

2024-03-21 05:02:13,379 Epoch 44/300, Train Loss: 0.117006, Val Loss: 0.145160  
	Train = MSE:0.117038 , RMSE:0.342108 , MAE:0.248057 , MAPD:1.268116, R_squared:0.997974  
	Validation = MSE:0.145160 , RMSE:0.380998 , MAE:0.326734 , MAPD:1.648538, R_squared:0.997388

2024-03-21 05:03:13,971 Epoch 45/300, Train Loss: 0.066437, Val Loss: 0.066730  
	Train = MSE:0.066421 , RMSE:0.257723 , MAE:0.193708 , MAPD:0.989518, R_squared:0.998850  
	Validation = MSE:0.066730 , RMSE:0.258322 , MAE:0.182193 , MAPD:0.867538, R_squared:0.998799

2024-03-21 05:04:17,983 Epoch 46/300, Train Loss: 0.077464, Val Loss: 0.037948  
	Train = MSE:0.077484 , RMSE:0.278359 , MAE:0.211806 , MAPD:1.081929, R_squared:0.998659  
	Validation = MSE:0.037948 , RMSE:0.194803 , MAE:0.145662 , MAPD:0.747843, R_squared:0.999317

2024-03-21 05:05:22,927 Epoch 47/300, Train Loss: 0.072111, Val Loss: 0.035511  
	Train = MSE:0.072112 , RMSE:0.268537 , MAE:0.203702 , MAPD:1.034843, R_squared:0.998752  
	Validation = MSE:0.035511 , RMSE:0.188443 , MAE:0.139828 , MAPD:0.750874, R_squared:0.999361

2024-03-21 05:06:31,881 Epoch 48/300, Train Loss: 0.066442, Val Loss: 0.024306  
	Train = MSE:0.066456 , RMSE:0.257791 , MAE:0.194468 , MAPD:0.999731, R_squared:0.998850  
	Validation = MSE:0.024306 , RMSE:0.155905 , MAE:0.110635 , MAPD:0.608312, R_squared:0.999563

2024-03-21 05:07:48,795 Epoch 49/300, Train Loss: 0.075230, Val Loss: 0.031321  
	Train = MSE:0.075248 , RMSE:0.274314 , MAE:0.209619 , MAPD:1.080869, R_squared:0.998697  
	Validation = MSE:0.031321 , RMSE:0.176976 , MAE:0.138454 , MAPD:0.803007, R_squared:0.999436

2024-03-21 05:09:04,479 Epoch 50/300, Train Loss: 0.071445, Val Loss: 0.029669  
	Train = MSE:0.071455 , RMSE:0.267311 , MAE:0.199881 , MAPD:1.029834, R_squared:0.998763  
	Validation = MSE:0.029669 , RMSE:0.172248 , MAE:0.133425 , MAPD:0.734950, R_squared:0.999466

2024-03-21 05:10:16,034 Epoch 51/300, Train Loss: 0.081242, Val Loss: 0.042606  
	Train = MSE:0.081260 , RMSE:0.285062 , MAE:0.215723 , MAPD:1.104053, R_squared:0.998593  
	Validation = MSE:0.042606 , RMSE:0.206413 , MAE:0.145303 , MAPD:0.749550, R_squared:0.999233

2024-03-21 05:11:32,606 Epoch 52/300, Train Loss: 0.069299, Val Loss: 0.040170  
	Train = MSE:0.069310 , RMSE:0.263269 , MAE:0.200100 , MAPD:1.020406, R_squared:0.998800  
	Validation = MSE:0.040170 , RMSE:0.200425 , MAE:0.151189 , MAPD:0.819525, R_squared:0.999277

2024-03-21 05:12:46,908 Epoch 53/300, Train Loss: 0.059172, Val Loss: 0.032345  
	Train = MSE:0.059187 , RMSE:0.243284 , MAE:0.183871 , MAPD:0.940748, R_squared:0.998975  
	Validation = MSE:0.032345 , RMSE:0.179847 , MAE:0.128457 , MAPD:0.682204, R_squared:0.999418

2024-03-21 05:13:54,450 Epoch 54/300, Train Loss: 0.084288, Val Loss: 0.488472  
	Train = MSE:0.084254 , RMSE:0.290265 , MAE:0.219442 , MAPD:1.115655, R_squared:0.998542  
	Validation = MSE:0.488472 , RMSE:0.698907 , MAE:0.655155 , MAPD:3.369546, R_squared:0.991210

2024-03-21 05:14:52,198 Epoch 55/300, Train Loss: 0.056482, Val Loss: 0.131216  
	Train = MSE:0.056494 , RMSE:0.237685 , MAE:0.178831 , MAPD:0.922264, R_squared:0.999022  
	Validation = MSE:0.131216 , RMSE:0.362238 , MAE:0.321601 , MAPD:1.752277, R_squared:0.997639

2024-03-21 05:15:45,367 Epoch 56/300, Train Loss: 0.090819, Val Loss: 0.039394  
	Train = MSE:0.090842 , RMSE:0.301400 , MAE:0.229142 , MAPD:1.164351, R_squared:0.998428  
	Validation = MSE:0.039394 , RMSE:0.198479 , MAE:0.141038 , MAPD:0.695211, R_squared:0.999291

2024-03-21 05:16:36,166 Epoch 57/300, Train Loss: 0.068203, Val Loss: 0.033758  
	Train = MSE:0.068184 , RMSE:0.261120 , MAE:0.196419 , MAPD:1.002019, R_squared:0.998820  
	Validation = MSE:0.033758 , RMSE:0.183734 , MAE:0.126980 , MAPD:0.656751, R_squared:0.999393

2024-03-21 05:17:27,087 Epoch 58/300, Train Loss: 0.088958, Val Loss: 0.032379  
	Train = MSE:0.088981 , RMSE:0.298297 , MAE:0.217958 , MAPD:1.113350, R_squared:0.998460  
	Validation = MSE:0.032379 , RMSE:0.179942 , MAE:0.129769 , MAPD:0.682652, R_squared:0.999417

2024-03-21 05:18:17,269 Epoch 59/300, Train Loss: 0.058090, Val Loss: 0.056993  
	Train = MSE:0.058080 , RMSE:0.240998 , MAE:0.179218 , MAPD:0.908329, R_squared:0.998995  
	Validation = MSE:0.056993 , RMSE:0.238733 , MAE:0.184855 , MAPD:1.058890, R_squared:0.998974

2024-03-21 05:19:03,459 Epoch 60/300, Train Loss: 0.068907, Val Loss: 0.155165  
	Train = MSE:0.068770 , RMSE:0.262241 , MAE:0.194955 , MAPD:1.000642, R_squared:0.998810  
	Validation = MSE:0.155165 , RMSE:0.393910 , MAE:0.303911 , MAPD:1.356762, R_squared:0.997208

2024-03-21 05:19:50,967 Epoch 61/300, Train Loss: 0.072499, Val Loss: 0.035401  
	Train = MSE:0.072472 , RMSE:0.269206 , MAE:0.205856 , MAPD:1.044377, R_squared:0.998745  
	Validation = MSE:0.035401 , RMSE:0.188151 , MAE:0.147008 , MAPD:0.769963, R_squared:0.999363

2024-03-21 05:20:38,070 Epoch 62/300, Train Loss: 0.063982, Val Loss: 0.025341  
	Train = MSE:0.063993 , RMSE:0.252968 , MAE:0.188739 , MAPD:0.951285, R_squared:0.998892  
	Validation = MSE:0.025341 , RMSE:0.159188 , MAE:0.109264 , MAPD:0.594314, R_squared:0.999544

2024-03-21 05:21:24,608 Epoch 63/300, Train Loss: 0.053472, Val Loss: 0.059023  
	Train = MSE:0.053485 , RMSE:0.231269 , MAE:0.171447 , MAPD:0.865396, R_squared:0.999074  
	Validation = MSE:0.059023 , RMSE:0.242947 , MAE:0.188522 , MAPD:0.956685, R_squared:0.998938

2024-03-21 05:22:06,750 Epoch 64/300, Train Loss: 0.066684, Val Loss: 0.025754  
	Train = MSE:0.066703 , RMSE:0.258269 , MAE:0.195960 , MAPD:1.004907, R_squared:0.998845  
	Validation = MSE:0.025754 , RMSE:0.160480 , MAE:0.111038 , MAPD:0.605029, R_squared:0.999537

2024-03-21 05:22:53,818 Epoch 65/300, Train Loss: 0.054131, Val Loss: 0.101714  
	Train = MSE:0.054138 , RMSE:0.232677 , MAE:0.174619 , MAPD:0.890398, R_squared:0.999063  
	Validation = MSE:0.101714 , RMSE:0.318926 , MAE:0.280917 , MAPD:1.581381, R_squared:0.998170

2024-03-21 05:23:36,940 Epoch 66/300, Train Loss: 0.062097, Val Loss: 0.058325  
	Train = MSE:0.062113 , RMSE:0.249225 , MAE:0.185978 , MAPD:0.951805, R_squared:0.998925  
	Validation = MSE:0.058325 , RMSE:0.241506 , MAE:0.195550 , MAPD:0.969122, R_squared:0.998950

2024-03-21 05:24:13,836 Epoch 67/300, Train Loss: 0.068635, Val Loss: 0.236799  
	Train = MSE:0.068642 , RMSE:0.261995 , MAE:0.198076 , MAPD:1.010056, R_squared:0.998812  
	Validation = MSE:0.236799 , RMSE:0.486620 , MAE:0.451088 , MAPD:2.318706, R_squared:0.995739

2024-03-21 05:24:55,417 Epoch 68/300, Train Loss: 0.096210, Val Loss: 0.023388  
	Train = MSE:0.096238 , RMSE:0.310222 , MAE:0.217265 , MAPD:1.098235, R_squared:0.998334  
	Validation = MSE:0.023388 , RMSE:0.152930 , MAE:0.105808 , MAPD:0.557846, R_squared:0.999579

2024-03-21 05:25:35,597 Epoch 69/300, Train Loss: 0.050152, Val Loss: 0.047437  
	Train = MSE:0.050158 , RMSE:0.223960 , MAE:0.168189 , MAPD:0.859278, R_squared:0.999132  
	Validation = MSE:0.047437 , RMSE:0.217801 , MAE:0.187167 , MAPD:1.101066, R_squared:0.999146

2024-03-21 05:26:15,823 Epoch 70/300, Train Loss: 0.055868, Val Loss: 0.075071  
	Train = MSE:0.055877 , RMSE:0.236384 , MAE:0.177007 , MAPD:0.911093, R_squared:0.999033  
	Validation = MSE:0.075071 , RMSE:0.273992 , MAE:0.225128 , MAPD:1.129332, R_squared:0.998649

2024-03-21 05:26:56,567 Epoch 71/300, Train Loss: 0.051377, Val Loss: 0.030645  
	Train = MSE:0.051390 , RMSE:0.226694 , MAE:0.171222 , MAPD:0.868961, R_squared:0.999110  
	Validation = MSE:0.030645 , RMSE:0.175058 , MAE:0.136019 , MAPD:0.769941, R_squared:0.999449

2024-03-21 05:27:38,125 Epoch 72/300, Train Loss: 0.062531, Val Loss: 0.035258  
	Train = MSE:0.062549 , RMSE:0.250098 , MAE:0.186304 , MAPD:0.963509, R_squared:0.998917  
	Validation = MSE:0.035258 , RMSE:0.187770 , MAE:0.139918 , MAPD:0.752519, R_squared:0.999366

2024-03-21 05:28:18,548 Epoch 73/300, Train Loss: 0.057054, Val Loss: 0.065689  
	Train = MSE:0.057049 , RMSE:0.238850 , MAE:0.177994 , MAPD:0.906100, R_squared:0.999012  
	Validation = MSE:0.065689 , RMSE:0.256299 , MAE:0.230322 , MAPD:1.293834, R_squared:0.998818

2024-03-21 05:29:00,283 Epoch 74/300, Train Loss: 0.065032, Val Loss: 0.037711  
	Train = MSE:0.065048 , RMSE:0.255045 , MAE:0.193024 , MAPD:0.992250, R_squared:0.998874  
	Validation = MSE:0.037711 , RMSE:0.194193 , MAE:0.153707 , MAPD:0.880042, R_squared:0.999321

2024-03-21 05:29:41,937 Epoch 75/300, Train Loss: 0.052978, Val Loss: 0.124513  
	Train = MSE:0.052984 , RMSE:0.230183 , MAE:0.177127 , MAPD:0.901358, R_squared:0.999083  
	Validation = MSE:0.124513 , RMSE:0.352865 , MAE:0.300497 , MAPD:1.468928, R_squared:0.997760

2024-03-21 05:30:28,801 Epoch 76/300, Train Loss: 0.058652, Val Loss: 0.028243  
	Train = MSE:0.058623 , RMSE:0.242121 , MAE:0.181955 , MAPD:0.928030, R_squared:0.998985  
	Validation = MSE:0.028243 , RMSE:0.168056 , MAE:0.124780 , MAPD:0.626610, R_squared:0.999492

2024-03-21 05:31:19,080 Epoch 77/300, Train Loss: 0.069091, Val Loss: 0.075111  
	Train = MSE:0.069063 , RMSE:0.262798 , MAE:0.190348 , MAPD:0.978830, R_squared:0.998805  
	Validation = MSE:0.075111 , RMSE:0.274063 , MAE:0.201895 , MAPD:0.940017, R_squared:0.998648

2024-03-21 05:32:07,488 Epoch 78/300, Train Loss: 0.069695, Val Loss: 0.313580  
	Train = MSE:0.069697 , RMSE:0.264003 , MAE:0.189571 , MAPD:0.958262, R_squared:0.998794  
	Validation = MSE:0.313580 , RMSE:0.559982 , MAE:0.524284 , MAPD:2.801981, R_squared:0.994357

2024-03-21 05:32:54,820 Epoch 79/300, Train Loss: 0.074642, Val Loss: 0.035595  
	Train = MSE:0.074648 , RMSE:0.273218 , MAE:0.197547 , MAPD:0.997465, R_squared:0.998708  
	Validation = MSE:0.035595 , RMSE:0.188666 , MAE:0.132558 , MAPD:0.687194, R_squared:0.999360

2024-03-21 05:33:36,849 Epoch 80/300, Train Loss: 0.053274, Val Loss: 0.033094  
	Train = MSE:0.053288 , RMSE:0.230841 , MAE:0.173257 , MAPD:0.887809, R_squared:0.999078  
	Validation = MSE:0.033094 , RMSE:0.181918 , MAE:0.135314 , MAPD:0.737191, R_squared:0.999405

2024-03-21 05:34:18,673 Epoch 81/300, Train Loss: 0.052522, Val Loss: 0.078250  
	Train = MSE:0.052495 , RMSE:0.229118 , MAE:0.170828 , MAPD:0.874028, R_squared:0.999091  
	Validation = MSE:0.078250 , RMSE:0.279731 , MAE:0.241610 , MAPD:1.469396, R_squared:0.998592

2024-03-21 05:35:03,937 Epoch 82/300, Train Loss: 0.050572, Val Loss: 0.027197  
	Train = MSE:0.050587 , RMSE:0.224916 , MAE:0.168169 , MAPD:0.866482, R_squared:0.999124  
	Validation = MSE:0.027197 , RMSE:0.164916 , MAE:0.113856 , MAPD:0.579003, R_squared:0.999511

2024-03-21 05:35:45,973 Epoch 83/300, Train Loss: 0.058746, Val Loss: 0.237619  
	Train = MSE:0.058704 , RMSE:0.242289 , MAE:0.184490 , MAPD:0.937780, R_squared:0.998984  
	Validation = MSE:0.237619 , RMSE:0.487462 , MAE:0.406335 , MAPD:1.872483, R_squared:0.995724

2024-03-21 05:36:26,554 Epoch 84/300, Train Loss: 0.050228, Val Loss: 0.292090  
	Train = MSE:0.050242 , RMSE:0.224146 , MAE:0.169695 , MAPD:0.875427, R_squared:0.999130  
	Validation = MSE:0.292090 , RMSE:0.540453 , MAE:0.438026 , MAPD:2.001688, R_squared:0.994744

2024-03-21 05:37:11,305 Epoch 85/300, Train Loss: 0.055151, Val Loss: 0.034115  
	Train = MSE:0.055148 , RMSE:0.234837 , MAE:0.170943 , MAPD:0.876096, R_squared:0.999045  
	Validation = MSE:0.034115 , RMSE:0.184702 , MAE:0.137570 , MAPD:0.777367, R_squared:0.999386

2024-03-21 05:37:51,974 Epoch 86/300, Train Loss: 0.066433, Val Loss: 0.095190  
	Train = MSE:0.066453 , RMSE:0.257784 , MAE:0.187352 , MAPD:0.959286, R_squared:0.998850  
	Validation = MSE:0.095190 , RMSE:0.308529 , MAE:0.269120 , MAPD:1.532825, R_squared:0.998287

2024-03-21 05:38:34,405 Epoch 87/300, Train Loss: 0.049077, Val Loss: 0.072678  
	Train = MSE:0.049090 , RMSE:0.221562 , MAE:0.165049 , MAPD:0.832798, R_squared:0.999150  
	Validation = MSE:0.072678 , RMSE:0.269589 , MAE:0.225019 , MAPD:1.165938, R_squared:0.998692

2024-03-21 05:39:21,730 Epoch 88/300, Train Loss: 0.055818, Val Loss: 0.612775  
	Train = MSE:0.055803 , RMSE:0.236227 , MAE:0.178906 , MAPD:0.918814, R_squared:0.999034  
	Validation = MSE:0.612775 , RMSE:0.782800 , MAE:0.709807 , MAPD:3.469708, R_squared:0.988974

2024-03-21 05:40:06,048 Epoch 89/300, Train Loss: 0.060632, Val Loss: 0.044131  
	Train = MSE:0.060633 , RMSE:0.246238 , MAE:0.184344 , MAPD:0.941772, R_squared:0.998950  
	Validation = MSE:0.044131 , RMSE:0.210074 , MAE:0.167938 , MAPD:1.008197, R_squared:0.999206

2024-03-21 05:40:45,179 Epoch 90/300, Train Loss: 0.051430, Val Loss: 0.033766  
	Train = MSE:0.051401 , RMSE:0.226717 , MAE:0.168760 , MAPD:0.863847, R_squared:0.999110  
	Validation = MSE:0.033766 , RMSE:0.183756 , MAE:0.138234 , MAPD:0.738193, R_squared:0.999392

2024-03-21 05:41:17,843 Epoch 91/300, Train Loss: 0.063278, Val Loss: 0.039040  
	Train = MSE:0.063290 , RMSE:0.251576 , MAE:0.181542 , MAPD:0.911779, R_squared:0.998904  
	Validation = MSE:0.039040 , RMSE:0.197586 , MAE:0.144776 , MAPD:0.719809, R_squared:0.999298

2024-03-21 05:41:52,790 Epoch 92/300, Train Loss: 0.051334, Val Loss: 0.050292  
	Train = MSE:0.051337 , RMSE:0.226576 , MAE:0.166350 , MAPD:0.840670, R_squared:0.999111  
	Validation = MSE:0.050292 , RMSE:0.224259 , MAE:0.185309 , MAPD:1.110513, R_squared:0.999095

2024-03-21 05:42:26,246 Epoch 93/300, Train Loss: 0.053607, Val Loss: 0.108068  
	Train = MSE:0.053606 , RMSE:0.231530 , MAE:0.175659 , MAPD:0.900741, R_squared:0.999072  
	Validation = MSE:0.108068 , RMSE:0.328737 , MAE:0.283880 , MAPD:1.494841, R_squared:0.998055

2024-03-21 05:42:58,769 Epoch 94/300, Train Loss: 0.077030, Val Loss: 0.037231  
	Train = MSE:0.077045 , RMSE:0.277570 , MAE:0.194419 , MAPD:0.988272, R_squared:0.998666  
	Validation = MSE:0.037231 , RMSE:0.192953 , MAE:0.147274 , MAPD:0.879326, R_squared:0.999330

2024-03-21 05:43:30,632 Epoch 95/300, Train Loss: 0.046730, Val Loss: 0.035554  
	Train = MSE:0.046725 , RMSE:0.216159 , MAE:0.162863 , MAPD:0.824427, R_squared:0.999191  
	Validation = MSE:0.035554 , RMSE:0.188559 , MAE:0.153488 , MAPD:0.841905, R_squared:0.999360

2024-03-21 05:44:05,456 Epoch 96/300, Train Loss: 0.049633, Val Loss: 0.027043  
	Train = MSE:0.049639 , RMSE:0.222799 , MAE:0.165636 , MAPD:0.846943, R_squared:0.999141  
	Validation = MSE:0.027043 , RMSE:0.164449 , MAE:0.125015 , MAPD:0.702085, R_squared:0.999513

2024-03-21 05:44:39,125 Epoch 97/300, Train Loss: 0.051030, Val Loss: 0.025798  
	Train = MSE:0.051038 , RMSE:0.225916 , MAE:0.169075 , MAPD:0.857768, R_squared:0.999117  
	Validation = MSE:0.025798 , RMSE:0.160617 , MAE:0.113292 , MAPD:0.611417, R_squared:0.999536

2024-03-21 05:45:13,240 Epoch 98/300, Train Loss: 0.068093, Val Loss: 0.021085  
	Train = MSE:0.068111 , RMSE:0.260980 , MAE:0.193321 , MAPD:0.984857, R_squared:0.998821  
	Validation = MSE:0.021085 , RMSE:0.145205 , MAE:0.100741 , MAPD:0.527974, R_squared:0.999621

2024-03-21 05:45:48,943 Epoch 99/300, Train Loss: 0.055882, Val Loss: 0.076929  
	Train = MSE:0.055881 , RMSE:0.236391 , MAE:0.172979 , MAPD:0.882631, R_squared:0.999033  
	Validation = MSE:0.076929 , RMSE:0.277360 , MAE:0.247741 , MAPD:1.355736, R_squared:0.998616

2024-03-21 05:46:22,585 Epoch 100/300, Train Loss: 0.046246, Val Loss: 0.027834  
	Train = MSE:0.046249 , RMSE:0.215057 , MAE:0.159580 , MAPD:0.800993, R_squared:0.999199  
	Validation = MSE:0.027834 , RMSE:0.166834 , MAE:0.124233 , MAPD:0.723387, R_squared:0.999499

2024-03-21 05:46:55,473 Epoch 101/300, Train Loss: 0.054205, Val Loss: 0.043630  
	Train = MSE:0.054220 , RMSE:0.232852 , MAE:0.176063 , MAPD:0.901190, R_squared:0.999061  
	Validation = MSE:0.043630 , RMSE:0.208877 , MAE:0.151313 , MAPD:0.722467, R_squared:0.999215

2024-03-21 05:47:31,478 Epoch 102/300, Train Loss: 0.043467, Val Loss: 0.029822  
	Train = MSE:0.043470 , RMSE:0.208495 , MAE:0.157339 , MAPD:0.802349, R_squared:0.999248  
	Validation = MSE:0.029822 , RMSE:0.172689 , MAE:0.130660 , MAPD:0.721516, R_squared:0.999463

2024-03-21 05:48:05,876 Epoch 103/300, Train Loss: 0.043333, Val Loss: 0.031424  
	Train = MSE:0.043340 , RMSE:0.208183 , MAE:0.158857 , MAPD:0.810933, R_squared:0.999250  
	Validation = MSE:0.031424 , RMSE:0.177267 , MAE:0.141477 , MAPD:0.751899, R_squared:0.999435

2024-03-21 05:48:43,061 Epoch 104/300, Train Loss: 0.070688, Val Loss: 0.111667  
	Train = MSE:0.070685 , RMSE:0.265867 , MAE:0.187964 , MAPD:0.962732, R_squared:0.998776  
	Validation = MSE:0.111667 , RMSE:0.334166 , MAE:0.292604 , MAPD:1.835984, R_squared:0.997991

2024-03-21 05:49:16,620 Epoch 105/300, Train Loss: 0.055381, Val Loss: 0.085831  
	Train = MSE:0.055390 , RMSE:0.235351 , MAE:0.177065 , MAPD:0.893179, R_squared:0.999041  
	Validation = MSE:0.085831 , RMSE:0.292970 , MAE:0.264612 , MAPD:1.580630, R_squared:0.998456

2024-03-21 05:49:49,916 Epoch 106/300, Train Loss: 0.044664, Val Loss: 0.094958  
	Train = MSE:0.044641 , RMSE:0.211284 , MAE:0.157296 , MAPD:0.803359, R_squared:0.999227  
	Validation = MSE:0.094958 , RMSE:0.308152 , MAE:0.244143 , MAPD:1.210034, R_squared:0.998291

2024-03-21 05:50:25,656 Epoch 107/300, Train Loss: 0.045721, Val Loss: 0.021071  
	Train = MSE:0.045732 , RMSE:0.213850 , MAE:0.163934 , MAPD:0.841737, R_squared:0.999208  
	Validation = MSE:0.021071 , RMSE:0.145160 , MAE:0.103611 , MAPD:0.564188, R_squared:0.999621

2024-03-21 05:50:58,925 Epoch 108/300, Train Loss: 0.062473, Val Loss: 0.030274  
	Train = MSE:0.062484 , RMSE:0.249968 , MAE:0.187183 , MAPD:0.942844, R_squared:0.998918  
	Validation = MSE:0.030274 , RMSE:0.173994 , MAE:0.127404 , MAPD:0.637497, R_squared:0.999455

2024-03-21 05:51:32,858 Epoch 109/300, Train Loss: 0.050782, Val Loss: 0.029624  
	Train = MSE:0.050777 , RMSE:0.225338 , MAE:0.171260 , MAPD:0.882717, R_squared:0.999121  
	Validation = MSE:0.029624 , RMSE:0.172115 , MAE:0.116055 , MAPD:0.580221, R_squared:0.999467

2024-03-21 05:52:08,909 Epoch 110/300, Train Loss: 0.048314, Val Loss: 0.027998  
	Train = MSE:0.048289 , RMSE:0.219747 , MAE:0.162887 , MAPD:0.817829, R_squared:0.999164  
	Validation = MSE:0.027998 , RMSE:0.167325 , MAE:0.115978 , MAPD:0.587423, R_squared:0.999496

2024-03-21 05:52:42,830 Epoch 111/300, Train Loss: 0.041775, Val Loss: 0.023583  
	Train = MSE:0.041787 , RMSE:0.204420 , MAE:0.154051 , MAPD:0.780044, R_squared:0.999277  
	Validation = MSE:0.023583 , RMSE:0.153568 , MAE:0.109475 , MAPD:0.571696, R_squared:0.999576

2024-03-21 05:53:20,042 Epoch 112/300, Train Loss: 0.086252, Val Loss: 0.024520  
	Train = MSE:0.086271 , RMSE:0.293719 , MAE:0.188926 , MAPD:0.956837, R_squared:0.998507  
	Validation = MSE:0.024520 , RMSE:0.156590 , MAE:0.111112 , MAPD:0.580223, R_squared:0.999559

2024-03-21 05:53:56,862 Epoch 113/300, Train Loss: 0.045137, Val Loss: 0.093070  
	Train = MSE:0.045145 , RMSE:0.212474 , MAE:0.161235 , MAPD:0.814724, R_squared:0.999219  
	Validation = MSE:0.093070 , RMSE:0.305074 , MAE:0.230730 , MAPD:1.070874, R_squared:0.998325

2024-03-21 05:54:31,841 Epoch 114/300, Train Loss: 0.054548, Val Loss: 0.072398  
	Train = MSE:0.054551 , RMSE:0.233562 , MAE:0.173566 , MAPD:0.875384, R_squared:0.999056  
	Validation = MSE:0.072398 , RMSE:0.269069 , MAE:0.234104 , MAPD:1.297275, R_squared:0.998697

2024-03-21 05:55:06,122 Epoch 115/300, Train Loss: 0.045524, Val Loss: 0.042616  
	Train = MSE:0.045531 , RMSE:0.213380 , MAE:0.162979 , MAPD:0.836291, R_squared:0.999212  
	Validation = MSE:0.042616 , RMSE:0.206436 , MAE:0.172602 , MAPD:0.974768, R_squared:0.999233

2024-03-21 05:55:45,513 Epoch 116/300, Train Loss: 0.044748, Val Loss: 0.041325  
	Train = MSE:0.044756 , RMSE:0.211556 , MAE:0.154522 , MAPD:0.774982, R_squared:0.999225  
	Validation = MSE:0.041325 , RMSE:0.203286 , MAE:0.151930 , MAPD:0.804948, R_squared:0.999256

2024-03-21 05:56:23,202 Epoch 117/300, Train Loss: 0.058265, Val Loss: 0.025625  
	Train = MSE:0.058282 , RMSE:0.241417 , MAE:0.182273 , MAPD:0.920202, R_squared:0.998991  
	Validation = MSE:0.025625 , RMSE:0.160079 , MAE:0.113156 , MAPD:0.582450, R_squared:0.999539

2024-03-21 05:57:01,904 Epoch 118/300, Train Loss: 0.078938, Val Loss: 0.034661  
	Train = MSE:0.078962 , RMSE:0.281002 , MAE:0.193340 , MAPD:0.970294, R_squared:0.998633  
	Validation = MSE:0.034661 , RMSE:0.186175 , MAE:0.130583 , MAPD:0.643932, R_squared:0.999376

2024-03-21 05:57:38,221 Epoch 119/300, Train Loss: 0.035456, Val Loss: 0.021557  
	Train = MSE:0.035456 , RMSE:0.188297 , MAE:0.140107 , MAPD:0.705215, R_squared:0.999386  
	Validation = MSE:0.021557 , RMSE:0.146824 , MAE:0.105526 , MAPD:0.551870, R_squared:0.999612

2024-03-21 05:58:13,566 Epoch 120/300, Train Loss: 0.048618, Val Loss: 0.044370  
	Train = MSE:0.048593 , RMSE:0.220438 , MAE:0.163198 , MAPD:0.822339, R_squared:0.999159  
	Validation = MSE:0.044370 , RMSE:0.210642 , MAE:0.161739 , MAPD:0.828079, R_squared:0.999202

2024-03-21 05:58:52,337 Epoch 121/300, Train Loss: 0.047060, Val Loss: 0.234026  
	Train = MSE:0.047057 , RMSE:0.216926 , MAE:0.164404 , MAPD:0.827237, R_squared:0.999185  
	Validation = MSE:0.234026 , RMSE:0.483762 , MAE:0.413860 , MAPD:1.946704, R_squared:0.995789

2024-03-21 05:59:31,232 Epoch 122/300, Train Loss: 0.068898, Val Loss: 0.030952  
	Train = MSE:0.068918 , RMSE:0.262523 , MAE:0.188173 , MAPD:0.936030, R_squared:0.998807  
	Validation = MSE:0.030952 , RMSE:0.175931 , MAE:0.126098 , MAPD:0.655884, R_squared:0.999443

2024-03-21 06:00:06,911 Epoch 123/300, Train Loss: 0.051179, Val Loss: 0.025983  
	Train = MSE:0.051186 , RMSE:0.226243 , MAE:0.168654 , MAPD:0.839254, R_squared:0.999114  
	Validation = MSE:0.025983 , RMSE:0.161193 , MAE:0.121844 , MAPD:0.661780, R_squared:0.999532

2024-03-21 06:00:42,900 Epoch 124/300, Train Loss: 0.039359, Val Loss: 0.024747  
	Train = MSE:0.039364 , RMSE:0.198403 , MAE:0.148799 , MAPD:0.757718, R_squared:0.999319  
	Validation = MSE:0.024747 , RMSE:0.157313 , MAE:0.112339 , MAPD:0.578404, R_squared:0.999555

2024-03-21 06:01:20,574 Epoch 125/300, Train Loss: 0.056731, Val Loss: 0.216915  
	Train = MSE:0.056734 , RMSE:0.238190 , MAE:0.176883 , MAPD:0.896036, R_squared:0.999018  
	Validation = MSE:0.216915 , RMSE:0.465741 , MAE:0.383936 , MAPD:1.755309, R_squared:0.996097

2024-03-21 06:02:00,468 Epoch 126/300, Train Loss: 0.045082, Val Loss: 0.121727  
	Train = MSE:0.045014 , RMSE:0.212164 , MAE:0.157162 , MAPD:0.784493, R_squared:0.999221  
	Validation = MSE:0.121727 , RMSE:0.348894 , MAE:0.311021 , MAPD:1.599962, R_squared:0.997810

2024-03-21 06:02:42,976 Epoch 127/300, Train Loss: 0.051997, Val Loss: 0.022465  
	Train = MSE:0.052013 , RMSE:0.228063 , MAE:0.164840 , MAPD:0.840689, R_squared:0.999100  
	Validation = MSE:0.022465 , RMSE:0.149884 , MAE:0.110466 , MAPD:0.597751, R_squared:0.999596

2024-03-21 06:03:24,757 Epoch 128/300, Train Loss: 0.039384, Val Loss: 0.025636  
	Train = MSE:0.039392 , RMSE:0.198475 , MAE:0.150030 , MAPD:0.756449, R_squared:0.999318  
	Validation = MSE:0.025636 , RMSE:0.160112 , MAE:0.114815 , MAPD:0.600870, R_squared:0.999539

2024-03-21 06:04:05,793 Epoch 129/300, Train Loss: 0.046375, Val Loss: 0.093434  
	Train = MSE:0.046381 , RMSE:0.215361 , MAE:0.161925 , MAPD:0.818789, R_squared:0.999197  
	Validation = MSE:0.093434 , RMSE:0.305670 , MAE:0.258281 , MAPD:1.307648, R_squared:0.998319

2024-03-21 06:04:50,397 Epoch 130/300, Train Loss: 0.044137, Val Loss: 0.030670  
	Train = MSE:0.044130 , RMSE:0.210071 , MAE:0.157562 , MAPD:0.797379, R_squared:0.999236  
	Validation = MSE:0.030670 , RMSE:0.175129 , MAE:0.136405 , MAPD:0.766663, R_squared:0.999448

2024-03-21 06:05:39,465 Epoch 131/300, Train Loss: 0.039411, Val Loss: 0.021513  
	Train = MSE:0.039386 , RMSE:0.198458 , MAE:0.148559 , MAPD:0.754219, R_squared:0.999318  
	Validation = MSE:0.021513 , RMSE:0.146671 , MAE:0.105481 , MAPD:0.540290, R_squared:0.999613

2024-03-21 06:06:31,130 Epoch 132/300, Train Loss: 0.050612, Val Loss: 0.025774  
	Train = MSE:0.050610 , RMSE:0.224967 , MAE:0.165554 , MAPD:0.830179, R_squared:0.999124  
	Validation = MSE:0.025774 , RMSE:0.160543 , MAE:0.122339 , MAPD:0.649281, R_squared:0.999536

2024-03-21 06:07:14,472 Epoch 133/300, Train Loss: 0.049030, Val Loss: 0.021013  
	Train = MSE:0.049035 , RMSE:0.221438 , MAE:0.165184 , MAPD:0.836323, R_squared:0.999151  
	Validation = MSE:0.021013 , RMSE:0.144959 , MAE:0.104345 , MAPD:0.572802, R_squared:0.999622

2024-03-21 06:07:55,925 Epoch 134/300, Train Loss: 0.055419, Val Loss: 0.038691  
	Train = MSE:0.055433 , RMSE:0.235441 , MAE:0.173895 , MAPD:0.871210, R_squared:0.999040  
	Validation = MSE:0.038691 , RMSE:0.196701 , MAE:0.147776 , MAPD:0.747496, R_squared:0.999304

2024-03-21 06:08:36,842 Epoch 135/300, Train Loss: 0.039727, Val Loss: 0.019235  
	Train = MSE:0.039738 , RMSE:0.199343 , MAE:0.149151 , MAPD:0.755024, R_squared:0.999312  
	Validation = MSE:0.019235 , RMSE:0.138691 , MAE:0.101163 , MAPD:0.538263, R_squared:0.999654

2024-03-21 06:09:15,706 Epoch 136/300, Train Loss: 0.049520, Val Loss: 0.031529  
	Train = MSE:0.049532 , RMSE:0.222557 , MAE:0.163029 , MAPD:0.820715, R_squared:0.999143  
	Validation = MSE:0.031529 , RMSE:0.177564 , MAE:0.135513 , MAPD:0.734112, R_squared:0.999433

2024-03-21 06:09:56,727 Epoch 137/300, Train Loss: 0.041288, Val Loss: 0.092584  
	Train = MSE:0.041293 , RMSE:0.203206 , MAE:0.154146 , MAPD:0.782065, R_squared:0.999285  
	Validation = MSE:0.092584 , RMSE:0.304276 , MAE:0.271991 , MAPD:1.451420, R_squared:0.998334

2024-03-21 06:10:39,599 Epoch 138/300, Train Loss: 0.042390, Val Loss: 0.032757  
	Train = MSE:0.042398 , RMSE:0.205908 , MAE:0.153231 , MAPD:0.767272, R_squared:0.999266  
	Validation = MSE:0.032757 , RMSE:0.180988 , MAE:0.130070 , MAPD:0.636204, R_squared:0.999411

2024-03-21 06:11:20,705 Epoch 139/300, Train Loss: 0.053733, Val Loss: 0.050675  
	Train = MSE:0.053743 , RMSE:0.231826 , MAE:0.174646 , MAPD:0.892561, R_squared:0.999070  
	Validation = MSE:0.050675 , RMSE:0.225111 , MAE:0.189420 , MAPD:1.049625, R_squared:0.999088

2024-03-21 06:12:00,586 Epoch 140/300, Train Loss: 0.046233, Val Loss: 0.073575  
	Train = MSE:0.046242 , RMSE:0.215041 , MAE:0.158824 , MAPD:0.802584, R_squared:0.999200  
	Validation = MSE:0.073575 , RMSE:0.271248 , MAE:0.236881 , MAPD:1.267410, R_squared:0.998676

2024-03-21 06:12:39,603 Epoch 141/300, Train Loss: 0.049603, Val Loss: 0.024731  
	Train = MSE:0.049597 , RMSE:0.222704 , MAE:0.162495 , MAPD:0.819827, R_squared:0.999141  
	Validation = MSE:0.024731 , RMSE:0.157262 , MAE:0.112163 , MAPD:0.581516, R_squared:0.999555

2024-03-21 06:13:25,774 Epoch 142/300, Train Loss: 0.041094, Val Loss: 0.027551  
	Train = MSE:0.041096 , RMSE:0.202722 , MAE:0.152857 , MAPD:0.777760, R_squared:0.999289  
	Validation = MSE:0.027551 , RMSE:0.165986 , MAE:0.123093 , MAPD:0.639352, R_squared:0.999504

2024-03-21 06:14:07,894 Epoch 143/300, Train Loss: 0.047767, Val Loss: 0.023710  
	Train = MSE:0.047780 , RMSE:0.218587 , MAE:0.162598 , MAPD:0.835688, R_squared:0.999173  
	Validation = MSE:0.023710 , RMSE:0.153979 , MAE:0.115692 , MAPD:0.659468, R_squared:0.999573

2024-03-21 06:14:49,221 Epoch 144/300, Train Loss: 0.061922, Val Loss: 0.022769  
	Train = MSE:0.061938 , RMSE:0.248873 , MAE:0.177486 , MAPD:0.898990, R_squared:0.998928  
	Validation = MSE:0.022769 , RMSE:0.150894 , MAE:0.107444 , MAPD:0.527349, R_squared:0.999590

2024-03-21 06:15:32,922 Epoch 145/300, Train Loss: 0.040881, Val Loss: 0.036323  
	Train = MSE:0.040873 , RMSE:0.202171 , MAE:0.153903 , MAPD:0.782810, R_squared:0.999292  
	Validation = MSE:0.036323 , RMSE:0.190586 , MAE:0.159325 , MAPD:0.939086, R_squared:0.999346

2024-03-21 06:16:11,490 Epoch 146/300, Train Loss: 0.038885, Val Loss: 0.034830  
	Train = MSE:0.038891 , RMSE:0.197207 , MAE:0.143208 , MAPD:0.724896, R_squared:0.999327  
	Validation = MSE:0.034830 , RMSE:0.186629 , MAE:0.157854 , MAPD:0.920337, R_squared:0.999373

2024-03-21 06:16:51,381 Epoch 147/300, Train Loss: 0.034651, Val Loss: 0.024831  
	Train = MSE:0.034656 , RMSE:0.186161 , MAE:0.138800 , MAPD:0.709095, R_squared:0.999400  
	Validation = MSE:0.024831 , RMSE:0.157580 , MAE:0.115792 , MAPD:0.638722, R_squared:0.999553

2024-03-21 06:17:33,090 Epoch 148/300, Train Loss: 0.054768, Val Loss: 0.027527  
	Train = MSE:0.054780 , RMSE:0.234050 , MAE:0.172958 , MAPD:0.875354, R_squared:0.999052  
	Validation = MSE:0.027527 , RMSE:0.165913 , MAE:0.120515 , MAPD:0.626872, R_squared:0.999505

2024-03-21 06:18:15,401 Epoch 149/300, Train Loss: 0.045107, Val Loss: 0.047619  
	Train = MSE:0.045116 , RMSE:0.212405 , MAE:0.154701 , MAPD:0.776843, R_squared:0.999219  
	Validation = MSE:0.047619 , RMSE:0.218219 , MAE:0.177906 , MAPD:0.914648, R_squared:0.999143

2024-03-21 06:18:54,800 Epoch 150/300, Train Loss: 0.039916, Val Loss: 0.027628  
	Train = MSE:0.039917 , RMSE:0.199793 , MAE:0.147963 , MAPD:0.743232, R_squared:0.999309  
	Validation = MSE:0.027628 , RMSE:0.166218 , MAE:0.118310 , MAPD:0.597935, R_squared:0.999503

2024-03-21 06:19:35,746 Epoch 151/300, Train Loss: 0.051182, Val Loss: 0.060477  
	Train = MSE:0.051182 , RMSE:0.226235 , MAE:0.166750 , MAPD:0.851902, R_squared:0.999114  
	Validation = MSE:0.060477 , RMSE:0.245921 , MAE:0.208641 , MAPD:1.112995, R_squared:0.998912

2024-03-21 06:20:18,039 Epoch 152/300, Train Loss: 0.043122, Val Loss: 0.025036  
	Train = MSE:0.043126 , RMSE:0.207669 , MAE:0.152895 , MAPD:0.760676, R_squared:0.999253  
	Validation = MSE:0.025036 , RMSE:0.158227 , MAE:0.117887 , MAPD:0.654205, R_squared:0.999550

2024-03-21 06:20:57,979 Epoch 153/300, Train Loss: 0.037893, Val Loss: 0.021811  
	Train = MSE:0.037893 , RMSE:0.194661 , MAE:0.143529 , MAPD:0.728563, R_squared:0.999344  
	Validation = MSE:0.021811 , RMSE:0.147686 , MAE:0.108243 , MAPD:0.589666, R_squared:0.999608

2024-03-21 06:21:37,342 Epoch 154/300, Train Loss: 0.041500, Val Loss: 0.049060  
	Train = MSE:0.041496 , RMSE:0.203706 , MAE:0.155243 , MAPD:0.785611, R_squared:0.999282  
	Validation = MSE:0.049060 , RMSE:0.221495 , MAE:0.182000 , MAPD:0.985905, R_squared:0.999117

2024-03-21 06:22:18,459 Epoch 155/300, Train Loss: 0.051547, Val Loss: 0.038821  
	Train = MSE:0.051561 , RMSE:0.227071 , MAE:0.164135 , MAPD:0.830083, R_squared:0.999107  
	Validation = MSE:0.038821 , RMSE:0.197030 , MAE:0.145157 , MAPD:0.681328, R_squared:0.999301

2024-03-21 06:22:59,668 Epoch 156/300, Train Loss: 0.037274, Val Loss: 0.030274  
	Train = MSE:0.037279 , RMSE:0.193078 , MAE:0.143717 , MAPD:0.727854, R_squared:0.999355  
	Validation = MSE:0.030274 , RMSE:0.173995 , MAE:0.143088 , MAPD:0.808799, R_squared:0.999455

2024-03-21 06:23:42,377 Epoch 157/300, Train Loss: 0.046474, Val Loss: 0.027069  
	Train = MSE:0.046484 , RMSE:0.215600 , MAE:0.161492 , MAPD:0.822968, R_squared:0.999195  
	Validation = MSE:0.027069 , RMSE:0.164525 , MAE:0.126291 , MAPD:0.687075, R_squared:0.999513

2024-03-21 06:24:22,023 Epoch 158/300, Train Loss: 0.043995, Val Loss: 0.026229  
	Train = MSE:0.044005 , RMSE:0.209774 , MAE:0.152764 , MAPD:0.781323, R_squared:0.999238  
	Validation = MSE:0.026229 , RMSE:0.161954 , MAE:0.126129 , MAPD:0.698325, R_squared:0.999528

2024-03-21 06:25:04,959 Epoch 159/300, Train Loss: 0.036627, Val Loss: 0.019070  
	Train = MSE:0.036634 , RMSE:0.191400 , MAE:0.143931 , MAPD:0.723945, R_squared:0.999366  
	Validation = MSE:0.019070 , RMSE:0.138095 , MAE:0.097374 , MAPD:0.506511, R_squared:0.999657

2024-03-21 06:25:45,124 Epoch 160/300, Train Loss: 0.056449, Val Loss: 0.091658  
	Train = MSE:0.056422 , RMSE:0.237533 , MAE:0.170345 , MAPD:0.859409, R_squared:0.999023  
	Validation = MSE:0.091658 , RMSE:0.302750 , MAE:0.259312 , MAPD:1.436172, R_squared:0.998351

2024-03-21 06:26:24,851 Epoch 161/300, Train Loss: 0.038963, Val Loss: 0.039367  
	Train = MSE:0.038942 , RMSE:0.197337 , MAE:0.148212 , MAPD:0.749459, R_squared:0.999326  
	Validation = MSE:0.039367 , RMSE:0.198411 , MAE:0.161727 , MAPD:0.862606, R_squared:0.999292

2024-03-21 06:27:09,637 Epoch 162/300, Train Loss: 0.039810, Val Loss: 0.062424  
	Train = MSE:0.039789 , RMSE:0.199471 , MAE:0.147563 , MAPD:0.742884, R_squared:0.999311  
	Validation = MSE:0.062424 , RMSE:0.249847 , MAE:0.188313 , MAPD:0.855197, R_squared:0.998877

2024-03-21 06:27:47,161 Epoch 163/300, Train Loss: 0.050132, Val Loss: 0.287347  
	Train = MSE:0.050110 , RMSE:0.223853 , MAE:0.164140 , MAPD:0.829251, R_squared:0.999133  
	Validation = MSE:0.287347 , RMSE:0.536048 , MAE:0.484398 , MAPD:2.435989, R_squared:0.994829

2024-03-21 06:28:21,156 Epoch 164/300, Train Loss: 0.053501, Val Loss: 0.033128  
	Train = MSE:0.053513 , RMSE:0.231329 , MAE:0.169516 , MAPD:0.852901, R_squared:0.999074  
	Validation = MSE:0.033128 , RMSE:0.182011 , MAE:0.145286 , MAPD:0.826050, R_squared:0.999404

2024-03-21 06:28:56,606 Epoch 165/300, Train Loss: 0.033265, Val Loss: 0.018337  
	Train = MSE:0.033270 , RMSE:0.182401 , MAE:0.135297 , MAPD:0.685207, R_squared:0.999424  
	Validation = MSE:0.018337 , RMSE:0.135413 , MAE:0.095250 , MAPD:0.511615, R_squared:0.999670

2024-03-21 06:29:30,813 Epoch 166/300, Train Loss: 0.047192, Val Loss: 0.030074  
	Train = MSE:0.047197 , RMSE:0.217250 , MAE:0.160919 , MAPD:0.815373, R_squared:0.999183  
	Validation = MSE:0.030074 , RMSE:0.173417 , MAE:0.140747 , MAPD:0.798907, R_squared:0.999459

2024-03-21 06:30:09,842 Epoch 167/300, Train Loss: 0.042751, Val Loss: 0.043163  
	Train = MSE:0.042757 , RMSE:0.206779 , MAE:0.154667 , MAPD:0.781974, R_squared:0.999260  
	Validation = MSE:0.043163 , RMSE:0.207757 , MAE:0.153919 , MAPD:0.716168, R_squared:0.999223

2024-03-21 06:30:47,002 Epoch 168/300, Train Loss: 0.037982, Val Loss: 0.048982  
	Train = MSE:0.037988 , RMSE:0.194906 , MAE:0.145691 , MAPD:0.736121, R_squared:0.999342  
	Validation = MSE:0.048982 , RMSE:0.221318 , MAE:0.165844 , MAPD:0.786823, R_squared:0.999119

2024-03-21 06:31:23,501 Epoch 169/300, Train Loss: 0.043725, Val Loss: 0.033711  
	Train = MSE:0.043735 , RMSE:0.209130 , MAE:0.151274 , MAPD:0.753614, R_squared:0.999243  
	Validation = MSE:0.033711 , RMSE:0.183607 , MAE:0.143174 , MAPD:0.746397, R_squared:0.999393

2024-03-21 06:32:01,246 Epoch 170/300, Train Loss: 0.039466, Val Loss: 0.044596  
	Train = MSE:0.039477 , RMSE:0.198687 , MAE:0.149800 , MAPD:0.764924, R_squared:0.999317  
	Validation = MSE:0.044596 , RMSE:0.211179 , MAE:0.166149 , MAPD:0.842810, R_squared:0.999198

2024-03-21 06:32:36,438 Epoch 171/300, Train Loss: 0.037080, Val Loss: 0.029655  
	Train = MSE:0.037091 , RMSE:0.192590 , MAE:0.143609 , MAPD:0.724962, R_squared:0.999358  
	Validation = MSE:0.029655 , RMSE:0.172205 , MAE:0.123279 , MAPD:0.600770, R_squared:0.999466

2024-03-21 06:33:16,576 Epoch 172/300, Train Loss: 0.059235, Val Loss: 0.021755  
	Train = MSE:0.059251 , RMSE:0.243415 , MAE:0.179227 , MAPD:0.890646, R_squared:0.998974  
	Validation = MSE:0.021755 , RMSE:0.147496 , MAE:0.109893 , MAPD:0.567668, R_squared:0.999609

2024-03-21 06:34:05,324 Epoch 173/300, Train Loss: 0.030288, Val Loss: 0.085786  
	Train = MSE:0.030276 , RMSE:0.173999 , MAE:0.130205 , MAPD:0.661289, R_squared:0.999476  
	Validation = MSE:0.085786 , RMSE:0.292893 , MAE:0.248614 , MAPD:1.239638, R_squared:0.998456

2024-03-21 06:34:52,227 Epoch 174/300, Train Loss: 0.042054, Val Loss: 0.031777  
	Train = MSE:0.042062 , RMSE:0.205091 , MAE:0.154359 , MAPD:0.788628, R_squared:0.999272  
	Validation = MSE:0.031777 , RMSE:0.178262 , MAE:0.146850 , MAPD:0.842099, R_squared:0.999428

2024-03-21 06:35:39,336 Epoch 175/300, Train Loss: 0.040681, Val Loss: 0.024272  
	Train = MSE:0.040693 , RMSE:0.201725 , MAE:0.151262 , MAPD:0.769372, R_squared:0.999296  
	Validation = MSE:0.024272 , RMSE:0.155794 , MAE:0.107636 , MAPD:0.519963, R_squared:0.999563

2024-03-21 06:36:19,874 Epoch 176/300, Train Loss: 0.041480, Val Loss: 0.130484  
	Train = MSE:0.041487 , RMSE:0.203683 , MAE:0.152547 , MAPD:0.767191, R_squared:0.999282  
	Validation = MSE:0.130484 , RMSE:0.361225 , MAE:0.332507 , MAPD:1.935175, R_squared:0.997652

2024-03-21 06:37:05,706 Epoch 177/300, Train Loss: 0.042865, Val Loss: 0.021972  
	Train = MSE:0.042870 , RMSE:0.207051 , MAE:0.156102 , MAPD:0.790694, R_squared:0.999258  
	Validation = MSE:0.021972 , RMSE:0.148229 , MAE:0.111165 , MAPD:0.626760, R_squared:0.999605

2024-03-21 06:37:48,733 Epoch 178/300, Train Loss: 0.044493, Val Loss: 0.021953  
	Train = MSE:0.044498 , RMSE:0.210947 , MAE:0.155718 , MAPD:0.793992, R_squared:0.999230  
	Validation = MSE:0.021953 , RMSE:0.148166 , MAE:0.106685 , MAPD:0.587969, R_squared:0.999605

2024-03-21 06:38:30,780 Epoch 179/300, Train Loss: 0.034298, Val Loss: 0.025889  
	Train = MSE:0.034306 , RMSE:0.185219 , MAE:0.136641 , MAPD:0.691569, R_squared:0.999406  
	Validation = MSE:0.025889 , RMSE:0.160900 , MAE:0.122391 , MAPD:0.628205, R_squared:0.999534

2024-03-21 06:39:11,904 Epoch 180/300, Train Loss: 0.047800, Val Loss: 0.028109  
	Train = MSE:0.047813 , RMSE:0.218662 , MAE:0.167545 , MAPD:0.849458, R_squared:0.999172  
	Validation = MSE:0.028109 , RMSE:0.167658 , MAE:0.130293 , MAPD:0.683074, R_squared:0.999494

2024-03-21 06:39:53,084 Epoch 181/300, Train Loss: 0.040112, Val Loss: 0.026833  
	Train = MSE:0.040119 , RMSE:0.200297 , MAE:0.148153 , MAPD:0.746716, R_squared:0.999306  
	Validation = MSE:0.026833 , RMSE:0.163808 , MAE:0.123103 , MAPD:0.636925, R_squared:0.999517

2024-03-21 06:40:37,012 Epoch 182/300, Train Loss: 0.031689, Val Loss: 0.068859  
	Train = MSE:0.031699 , RMSE:0.178042 , MAE:0.132260 , MAPD:0.668658, R_squared:0.999451  
	Validation = MSE:0.068859 , RMSE:0.262410 , MAE:0.193373 , MAPD:0.869115, R_squared:0.998761

2024-03-21 06:41:15,947 Epoch 183/300, Train Loss: 0.039456, Val Loss: 0.043429  
	Train = MSE:0.039462 , RMSE:0.198651 , MAE:0.150978 , MAPD:0.767617, R_squared:0.999317  
	Validation = MSE:0.043429 , RMSE:0.208397 , MAE:0.175523 , MAPD:1.033519, R_squared:0.999219

2024-03-21 06:41:53,141 Epoch 184/300, Train Loss: 0.050150, Val Loss: 0.025908  
	Train = MSE:0.050163 , RMSE:0.223971 , MAE:0.169185 , MAPD:0.858279, R_squared:0.999132  
	Validation = MSE:0.025908 , RMSE:0.160960 , MAE:0.116423 , MAPD:0.596192, R_squared:0.999534

2024-03-21 06:42:32,339 Epoch 185/300, Train Loss: 0.041162, Val Loss: 0.041424  
	Train = MSE:0.041161 , RMSE:0.202881 , MAE:0.153480 , MAPD:0.777867, R_squared:0.999287  
	Validation = MSE:0.041424 , RMSE:0.203529 , MAE:0.144000 , MAPD:0.658237, R_squared:0.999255

2024-03-21 06:43:05,234 Epoch 186/300, Train Loss: 0.044029, Val Loss: 0.032690  
	Train = MSE:0.044027 , RMSE:0.209827 , MAE:0.155618 , MAPD:0.779447, R_squared:0.999238  
	Validation = MSE:0.032690 , RMSE:0.180803 , MAE:0.143031 , MAPD:0.800777, R_squared:0.999412

2024-03-21 06:43:36,072 Epoch 187/300, Train Loss: 0.041591, Val Loss: 0.018281  
	Train = MSE:0.041603 , RMSE:0.203969 , MAE:0.150472 , MAPD:0.766414, R_squared:0.999280  
	Validation = MSE:0.018281 , RMSE:0.135208 , MAE:0.093418 , MAPD:0.477704, R_squared:0.999671

2024-03-21 06:44:09,103 Epoch 188/300, Train Loss: 0.034276, Val Loss: 0.021816  
	Train = MSE:0.034284 , RMSE:0.185161 , MAE:0.137811 , MAPD:0.699389, R_squared:0.999407  
	Validation = MSE:0.021816 , RMSE:0.147702 , MAE:0.100764 , MAPD:0.510993, R_squared:0.999607

2024-03-21 06:44:40,986 Epoch 189/300, Train Loss: 0.043016, Val Loss: 0.030332  
	Train = MSE:0.043018 , RMSE:0.207407 , MAE:0.156601 , MAPD:0.792454, R_squared:0.999255  
	Validation = MSE:0.030332 , RMSE:0.174160 , MAE:0.128389 , MAPD:0.652732, R_squared:0.999454

2024-03-21 06:45:12,871 Epoch 190/300, Train Loss: 0.061457, Val Loss: 0.058544  
	Train = MSE:0.061471 , RMSE:0.247934 , MAE:0.176451 , MAPD:0.896879, R_squared:0.998936  
	Validation = MSE:0.058544 , RMSE:0.241959 , MAE:0.182036 , MAPD:0.837783, R_squared:0.998947

2024-03-21 06:45:45,022 Epoch 191/300, Train Loss: 0.032948, Val Loss: 0.033526  
	Train = MSE:0.032948 , RMSE:0.181516 , MAE:0.135738 , MAPD:0.683696, R_squared:0.999430  
	Validation = MSE:0.033526 , RMSE:0.183101 , MAE:0.147605 , MAPD:0.793764, R_squared:0.999397

2024-03-21 06:46:18,273 Epoch 192/300, Train Loss: 0.048425, Val Loss: 0.022677  
	Train = MSE:0.048435 , RMSE:0.220079 , MAE:0.161303 , MAPD:0.812945, R_squared:0.999162  
	Validation = MSE:0.022677 , RMSE:0.150589 , MAE:0.115057 , MAPD:0.638943, R_squared:0.999592

2024-03-21 06:46:50,929 Epoch 193/300, Train Loss: 0.041408, Val Loss: 0.050812  
	Train = MSE:0.041413 , RMSE:0.203503 , MAE:0.148191 , MAPD:0.764846, R_squared:0.999283  
	Validation = MSE:0.050812 , RMSE:0.225416 , MAE:0.190974 , MAPD:1.014138, R_squared:0.999086

2024-03-21 06:47:22,184 Epoch 194/300, Train Loss: 0.036021, Val Loss: 0.067172  
	Train = MSE:0.035979 , RMSE:0.189680 , MAE:0.139977 , MAPD:0.706568, R_squared:0.999377  
	Validation = MSE:0.067172 , RMSE:0.259175 , MAE:0.216663 , MAPD:1.074102, R_squared:0.998791

2024-03-21 06:47:54,510 Epoch 195/300, Train Loss: 0.038261, Val Loss: 0.020313  
	Train = MSE:0.038271 , RMSE:0.195629 , MAE:0.148523 , MAPD:0.761509, R_squared:0.999338  
	Validation = MSE:0.020313 , RMSE:0.142524 , MAE:0.101349 , MAPD:0.523079, R_squared:0.999634

2024-03-21 06:48:25,811 Epoch 196/300, Train Loss: 0.040629, Val Loss: 0.046835  
	Train = MSE:0.040578 , RMSE:0.201441 , MAE:0.151560 , MAPD:0.764527, R_squared:0.999298  
	Validation = MSE:0.046835 , RMSE:0.216413 , MAE:0.150851 , MAPD:0.697045, R_squared:0.999157

2024-03-21 06:49:01,183 Epoch 197/300, Train Loss: 0.042789, Val Loss: 0.016464  
	Train = MSE:0.042774 , RMSE:0.206819 , MAE:0.153197 , MAPD:0.772596, R_squared:0.999260  
	Validation = MSE:0.016464 , RMSE:0.128313 , MAE:0.089167 , MAPD:0.458903, R_squared:0.999704

2024-03-21 06:49:33,279 Epoch 198/300, Train Loss: 0.031365, Val Loss: 0.022851  
	Train = MSE:0.031371 , RMSE:0.177119 , MAE:0.134044 , MAPD:0.681806, R_squared:0.999457  
	Validation = MSE:0.022851 , RMSE:0.151164 , MAE:0.109964 , MAPD:0.598929, R_squared:0.999589

2024-03-21 06:50:05,063 Epoch 199/300, Train Loss: 0.044839, Val Loss: 0.097570  
	Train = MSE:0.044837 , RMSE:0.211747 , MAE:0.154053 , MAPD:0.775134, R_squared:0.999224  
	Validation = MSE:0.097570 , RMSE:0.312362 , MAE:0.260288 , MAPD:1.257642, R_squared:0.998244

2024-03-21 06:50:37,556 Epoch 200/300, Train Loss: 0.048618, Val Loss: 0.057298  
	Train = MSE:0.048547 , RMSE:0.220333 , MAE:0.156312 , MAPD:0.788431, R_squared:0.999160  
	Validation = MSE:0.057298 , RMSE:0.239371 , MAE:0.203715 , MAPD:1.059970, R_squared:0.998969

2024-03-21 06:51:07,773 Epoch 201/300, Train Loss: 0.030363, Val Loss: 0.048798  
	Train = MSE:0.030366 , RMSE:0.174259 , MAE:0.132854 , MAPD:0.677064, R_squared:0.999474  
	Validation = MSE:0.048798 , RMSE:0.220902 , MAE:0.184600 , MAPD:0.991627, R_squared:0.999122

2024-03-21 06:51:44,274 Epoch 202/300, Train Loss: 0.048702, Val Loss: 0.019961  
	Train = MSE:0.048712 , RMSE:0.220707 , MAE:0.161201 , MAPD:0.808933, R_squared:0.999157  
	Validation = MSE:0.019961 , RMSE:0.141284 , MAE:0.103778 , MAPD:0.532966, R_squared:0.999641

2024-03-21 06:52:15,272 Epoch 203/300, Train Loss: 0.037467, Val Loss: 0.050299  
	Train = MSE:0.037445 , RMSE:0.193508 , MAE:0.144275 , MAPD:0.726201, R_squared:0.999352  
	Validation = MSE:0.050299 , RMSE:0.224274 , MAE:0.193679 , MAPD:1.099347, R_squared:0.999095

2024-03-21 06:52:48,425 Epoch 204/300, Train Loss: 0.041626, Val Loss: 0.048434  
	Train = MSE:0.041630 , RMSE:0.204034 , MAE:0.153081 , MAPD:0.773336, R_squared:0.999279  
	Validation = MSE:0.048434 , RMSE:0.220077 , MAE:0.184291 , MAPD:0.961075, R_squared:0.999128

2024-03-21 06:53:20,267 Epoch 205/300, Train Loss: 0.037262, Val Loss: 0.019761  
	Train = MSE:0.037268 , RMSE:0.193050 , MAE:0.144300 , MAPD:0.731841, R_squared:0.999355  
	Validation = MSE:0.019761 , RMSE:0.140573 , MAE:0.105254 , MAPD:0.547988, R_squared:0.999644

2024-03-21 06:53:51,882 Epoch 206/300, Train Loss: 0.035877, Val Loss: 0.025745  
	Train = MSE:0.035881 , RMSE:0.189423 , MAE:0.140903 , MAPD:0.705856, R_squared:0.999379  
	Validation = MSE:0.025745 , RMSE:0.160451 , MAE:0.117020 , MAPD:0.598075, R_squared:0.999537

2024-03-21 06:54:24,048 Epoch 207/300, Train Loss: 0.038368, Val Loss: 0.068009  
	Train = MSE:0.038374 , RMSE:0.195893 , MAE:0.145746 , MAPD:0.732140, R_squared:0.999336  
	Validation = MSE:0.068009 , RMSE:0.260786 , MAE:0.202094 , MAPD:0.983777, R_squared:0.998776

2024-03-21 06:54:56,892 Epoch 208/300, Train Loss: 0.044241, Val Loss: 0.030111  
	Train = MSE:0.044237 , RMSE:0.210326 , MAE:0.156788 , MAPD:0.792793, R_squared:0.999234  
	Validation = MSE:0.030111 , RMSE:0.173526 , MAE:0.129320 , MAPD:0.738542, R_squared:0.999458

2024-03-21 06:55:28,391 Epoch 209/300, Train Loss: 0.034379, Val Loss: 0.024563  
	Train = MSE:0.034383 , RMSE:0.185427 , MAE:0.137334 , MAPD:0.697008, R_squared:0.999405  
	Validation = MSE:0.024563 , RMSE:0.156727 , MAE:0.114465 , MAPD:0.604283, R_squared:0.999558

2024-03-21 06:56:02,352 Epoch 210/300, Train Loss: 0.033301, Val Loss: 0.043586  
	Train = MSE:0.033307 , RMSE:0.182502 , MAE:0.135965 , MAPD:0.690964, R_squared:0.999423  
	Validation = MSE:0.043586 , RMSE:0.208773 , MAE:0.174613 , MAPD:1.067082, R_squared:0.999216

2024-03-21 06:56:32,919 Epoch 211/300, Train Loss: 0.035202, Val Loss: 0.019892  
	Train = MSE:0.035210 , RMSE:0.187643 , MAE:0.139835 , MAPD:0.705638, R_squared:0.999391  
	Validation = MSE:0.019892 , RMSE:0.141039 , MAE:0.103949 , MAPD:0.543295, R_squared:0.999642

2024-03-21 06:57:08,668 Epoch 212/300, Train Loss: 0.043016, Val Loss: 0.025734  
	Train = MSE:0.043019 , RMSE:0.207410 , MAE:0.154551 , MAPD:0.777922, R_squared:0.999255  
	Validation = MSE:0.025734 , RMSE:0.160418 , MAE:0.120267 , MAPD:0.616121, R_squared:0.999537

2024-03-21 06:57:40,019 Epoch 213/300, Train Loss: 0.033126, Val Loss: 0.130913  
	Train = MSE:0.033124 , RMSE:0.182001 , MAE:0.136832 , MAPD:0.697307, R_squared:0.999427  
	Validation = MSE:0.130913 , RMSE:0.361819 , MAE:0.323663 , MAPD:1.665600, R_squared:0.997644

2024-03-21 06:58:11,778 Epoch 214/300, Train Loss: 0.031084, Val Loss: 0.062921  
	Train = MSE:0.031092 , RMSE:0.176330 , MAE:0.130979 , MAPD:0.665016, R_squared:0.999462  
	Validation = MSE:0.062921 , RMSE:0.250841 , MAE:0.212509 , MAPD:1.084814, R_squared:0.998868

2024-03-21 06:58:44,710 Epoch 215/300, Train Loss: 0.043031, Val Loss: 0.049938  
	Train = MSE:0.043034 , RMSE:0.207447 , MAE:0.152013 , MAPD:0.771043, R_squared:0.999255  
	Validation = MSE:0.049938 , RMSE:0.223469 , MAE:0.187110 , MAPD:1.023071, R_squared:0.999101

2024-03-21 06:59:18,357 Epoch 216/300, Train Loss: 0.035693, Val Loss: 0.034522  
	Train = MSE:0.035696 , RMSE:0.188935 , MAE:0.140107 , MAPD:0.708390, R_squared:0.999382  
	Validation = MSE:0.034522 , RMSE:0.185800 , MAE:0.137244 , MAPD:0.714930, R_squared:0.999379

2024-03-21 06:59:52,723 Epoch 217/300, Train Loss: 0.042877, Val Loss: 0.097070  
	Train = MSE:0.042890 , RMSE:0.207099 , MAE:0.152743 , MAPD:0.769502, R_squared:0.999258  
	Validation = MSE:0.097070 , RMSE:0.311561 , MAE:0.261775 , MAPD:1.327047, R_squared:0.998253

2024-03-21 07:00:25,019 Epoch 218/300, Train Loss: 0.031020, Val Loss: 0.114210  
	Train = MSE:0.031013 , RMSE:0.176104 , MAE:0.130414 , MAPD:0.665824, R_squared:0.999463  
	Validation = MSE:0.114210 , RMSE:0.337950 , MAE:0.294187 , MAPD:1.487214, R_squared:0.997945

2024-03-21 07:00:56,261 Epoch 219/300, Train Loss: 0.033668, Val Loss: 0.019179  
	Train = MSE:0.033666 , RMSE:0.183484 , MAE:0.136583 , MAPD:0.696488, R_squared:0.999417  
	Validation = MSE:0.019179 , RMSE:0.138487 , MAE:0.100681 , MAPD:0.518397, R_squared:0.999655

2024-03-21 07:01:30,165 Epoch 220/300, Train Loss: 0.035694, Val Loss: 0.019054  
	Train = MSE:0.035703 , RMSE:0.188953 , MAE:0.140563 , MAPD:0.712232, R_squared:0.999382  
	Validation = MSE:0.019054 , RMSE:0.138037 , MAE:0.099996 , MAPD:0.532080, R_squared:0.999657

2024-03-21 07:02:01,496 Epoch 221/300, Train Loss: 0.031376, Val Loss: 0.019908  
	Train = MSE:0.031381 , RMSE:0.177147 , MAE:0.133819 , MAPD:0.677785, R_squared:0.999457  
	Validation = MSE:0.019908 , RMSE:0.141095 , MAE:0.102666 , MAPD:0.544718, R_squared:0.999642

2024-03-21 07:02:37,674 Epoch 222/300, Train Loss: 0.037422, Val Loss: 0.079810  
	Train = MSE:0.037432 , RMSE:0.193474 , MAE:0.144026 , MAPD:0.741988, R_squared:0.999352  
	Validation = MSE:0.079810 , RMSE:0.282506 , MAE:0.219342 , MAPD:0.997543, R_squared:0.998564

2024-03-21 07:03:10,154 Epoch 223/300, Train Loss: 0.054271, Val Loss: 0.024960  
	Train = MSE:0.054277 , RMSE:0.232974 , MAE:0.160590 , MAPD:0.802070, R_squared:0.999060  
	Validation = MSE:0.024960 , RMSE:0.157989 , MAE:0.117966 , MAPD:0.627316, R_squared:0.999551

2024-03-21 07:03:45,107 Epoch 224/300, Train Loss: 0.035598, Val Loss: 0.021860  
	Train = MSE:0.035607 , RMSE:0.188698 , MAE:0.136656 , MAPD:0.698981, R_squared:0.999384  
	Validation = MSE:0.021860 , RMSE:0.147852 , MAE:0.105095 , MAPD:0.517232, R_squared:0.999607

2024-03-21 07:04:18,291 Epoch 225/300, Train Loss: 0.033809, Val Loss: 0.036745  
	Train = MSE:0.033817 , RMSE:0.183894 , MAE:0.138786 , MAPD:0.708888, R_squared:0.999415  
	Validation = MSE:0.036745 , RMSE:0.191690 , MAE:0.154772 , MAPD:0.812247, R_squared:0.999339

2024-03-21 07:04:52,276 Epoch 226/300, Train Loss: 0.029291, Val Loss: 0.019586  
	Train = MSE:0.029294 , RMSE:0.171156 , MAE:0.127255 , MAPD:0.635899, R_squared:0.999493  
	Validation = MSE:0.019586 , RMSE:0.139950 , MAE:0.101203 , MAPD:0.550527, R_squared:0.999648

2024-03-21 07:05:26,731 Epoch 227/300, Train Loss: 0.030477, Val Loss: 0.019632  
	Train = MSE:0.030473 , RMSE:0.174565 , MAE:0.130272 , MAPD:0.660115, R_squared:0.999473  
	Validation = MSE:0.019632 , RMSE:0.140115 , MAE:0.102262 , MAPD:0.562199, R_squared:0.999647

2024-03-21 07:05:58,998 Epoch 228/300, Train Loss: 0.033996, Val Loss: 0.017452  
	Train = MSE:0.034004 , RMSE:0.184402 , MAE:0.139177 , MAPD:0.707818, R_squared:0.999411  
	Validation = MSE:0.017452 , RMSE:0.132105 , MAE:0.093724 , MAPD:0.491165, R_squared:0.999686

2024-03-21 07:06:30,444 Epoch 229/300, Train Loss: 0.035086, Val Loss: 0.037241  
	Train = MSE:0.035094 , RMSE:0.187333 , MAE:0.139857 , MAPD:0.713103, R_squared:0.999393  
	Validation = MSE:0.037241 , RMSE:0.192979 , MAE:0.141015 , MAPD:0.676504, R_squared:0.999330

2024-03-21 07:07:04,702 Epoch 230/300, Train Loss: 0.035960, Val Loss: 0.023781  
	Train = MSE:0.035971 , RMSE:0.189659 , MAE:0.142010 , MAPD:0.724762, R_squared:0.999377  
	Validation = MSE:0.023781 , RMSE:0.154212 , MAE:0.114626 , MAPD:0.584243, R_squared:0.999572

2024-03-21 07:07:38,002 Epoch 231/300, Train Loss: 0.035652, Val Loss: 0.024704  
	Train = MSE:0.035657 , RMSE:0.188830 , MAE:0.141980 , MAPD:0.723814, R_squared:0.999383  
	Validation = MSE:0.024704 , RMSE:0.157174 , MAE:0.124776 , MAPD:0.690731, R_squared:0.999555

2024-03-21 07:08:16,211 Epoch 232/300, Train Loss: 0.041296, Val Loss: 0.095142  
	Train = MSE:0.041300 , RMSE:0.203224 , MAE:0.150797 , MAPD:0.769636, R_squared:0.999285  
	Validation = MSE:0.095142 , RMSE:0.308451 , MAE:0.238022 , MAPD:1.087910, R_squared:0.998288

2024-03-21 07:08:48,847 Epoch 233/300, Train Loss: 0.031408, Val Loss: 0.025758  
	Train = MSE:0.031417 , RMSE:0.177248 , MAE:0.131995 , MAPD:0.659881, R_squared:0.999456  
	Validation = MSE:0.025758 , RMSE:0.160492 , MAE:0.129649 , MAPD:0.721702, R_squared:0.999537

2024-03-21 07:09:22,719 Epoch 234/300, Train Loss: 0.038862, Val Loss: 0.039586  
	Train = MSE:0.038863 , RMSE:0.197138 , MAE:0.147253 , MAPD:0.757729, R_squared:0.999327  
	Validation = MSE:0.039586 , RMSE:0.198961 , MAE:0.155153 , MAPD:0.800209, R_squared:0.999288

2024-03-21 07:09:55,428 Epoch 235/300, Train Loss: 0.033776, Val Loss: 0.059509  
	Train = MSE:0.033786 , RMSE:0.183811 , MAE:0.136929 , MAPD:0.691798, R_squared:0.999415  
	Validation = MSE:0.059509 , RMSE:0.243946 , MAE:0.208445 , MAPD:1.154907, R_squared:0.998929

2024-03-21 07:10:28,760 Epoch 236/300, Train Loss: 0.041163, Val Loss: 0.016755  
	Train = MSE:0.041170 , RMSE:0.202905 , MAE:0.152076 , MAPD:0.765449, R_squared:0.999287  
	Validation = MSE:0.016755 , RMSE:0.129440 , MAE:0.091140 , MAPD:0.477937, R_squared:0.999699

2024-03-21 07:11:05,408 Epoch 237/300, Train Loss: 0.047574, Val Loss: 0.043312  
	Train = MSE:0.047587 , RMSE:0.218143 , MAE:0.159047 , MAPD:0.797600, R_squared:0.999176  
	Validation = MSE:0.043312 , RMSE:0.208115 , MAE:0.166775 , MAPD:0.946889, R_squared:0.999221

2024-03-21 07:11:33,412 Epoch 238/300, Train Loss: 0.034282, Val Loss: 0.020219  
	Train = MSE:0.034277 , RMSE:0.185141 , MAE:0.139574 , MAPD:0.714157, R_squared:0.999407  
	Validation = MSE:0.020219 , RMSE:0.142193 , MAE:0.109392 , MAPD:0.611437, R_squared:0.999636

2024-03-21 07:12:01,132 Epoch 239/300, Train Loss: 0.033194, Val Loss: 0.025490  
	Train = MSE:0.033199 , RMSE:0.182206 , MAE:0.136342 , MAPD:0.696086, R_squared:0.999425  
	Validation = MSE:0.025489 , RMSE:0.159654 , MAE:0.112422 , MAPD:0.542472, R_squared:0.999541

2024-03-21 07:12:31,195 Epoch 240/300, Train Loss: 0.039774, Val Loss: 0.074195  
	Train = MSE:0.039768 , RMSE:0.199418 , MAE:0.149597 , MAPD:0.760647, R_squared:0.999312  
	Validation = MSE:0.074195 , RMSE:0.272388 , MAE:0.234001 , MAPD:1.200447, R_squared:0.998665

2024-03-21 07:12:58,951 Epoch 241/300, Train Loss: 0.037056, Val Loss: 0.022124  
	Train = MSE:0.037058 , RMSE:0.192503 , MAE:0.142308 , MAPD:0.731213, R_squared:0.999359  
	Validation = MSE:0.022124 , RMSE:0.148742 , MAE:0.108076 , MAPD:0.535814, R_squared:0.999602

2024-03-21 07:13:32,211 Epoch 242/300, Train Loss: 0.030341, Val Loss: 0.033688  
	Train = MSE:0.030346 , RMSE:0.174201 , MAE:0.131762 , MAPD:0.680321, R_squared:0.999475  
	Validation = MSE:0.033688 , RMSE:0.183544 , MAE:0.142043 , MAPD:0.824836, R_squared:0.999394

2024-03-21 07:13:59,739 Epoch 243/300, Train Loss: 0.038822, Val Loss: 0.026160  
	Train = MSE:0.038831 , RMSE:0.197056 , MAE:0.148124 , MAPD:0.753710, R_squared:0.999328  
	Validation = MSE:0.026160 , RMSE:0.161740 , MAE:0.115974 , MAPD:0.597704, R_squared:0.999529

2024-03-21 07:14:28,598 Epoch 244/300, Train Loss: 0.030036, Val Loss: 0.017892  
	Train = MSE:0.030033 , RMSE:0.173301 , MAE:0.127077 , MAPD:0.649182, R_squared:0.999480  
	Validation = MSE:0.017892 , RMSE:0.133762 , MAE:0.097451 , MAPD:0.508224, R_squared:0.999678

2024-03-21 07:14:56,809 Epoch 245/300, Train Loss: 0.037859, Val Loss: 0.186487  
	Train = MSE:0.037802 , RMSE:0.194427 , MAE:0.141973 , MAPD:0.728054, R_squared:0.999346  
	Validation = MSE:0.186487 , RMSE:0.431841 , MAE:0.371185 , MAPD:1.789400, R_squared:0.996644

2024-03-21 07:15:26,875 Epoch 246/300, Train Loss: 0.032304, Val Loss: 0.018323  
	Train = MSE:0.032299 , RMSE:0.179720 , MAE:0.133783 , MAPD:0.688462, R_squared:0.999441  
	Validation = MSE:0.018323 , RMSE:0.135361 , MAE:0.096030 , MAPD:0.487736, R_squared:0.999670

2024-03-21 07:15:58,041 Epoch 247/300, Train Loss: 0.034486, Val Loss: 0.064652  
	Train = MSE:0.034464 , RMSE:0.185645 , MAE:0.139983 , MAPD:0.716480, R_squared:0.999403  
	Validation = MSE:0.064652 , RMSE:0.254267 , MAE:0.218925 , MAPD:1.135499, R_squared:0.998837

2024-03-21 07:16:27,045 Epoch 248/300, Train Loss: 0.031526, Val Loss: 0.041524  
	Train = MSE:0.031532 , RMSE:0.177574 , MAE:0.133231 , MAPD:0.681419, R_squared:0.999454  
	Validation = MSE:0.041524 , RMSE:0.203775 , MAE:0.152912 , MAPD:0.733887, R_squared:0.999253

2024-03-21 07:16:57,522 Epoch 249/300, Train Loss: 0.040231, Val Loss: 0.047406  
	Train = MSE:0.040239 , RMSE:0.200597 , MAE:0.149663 , MAPD:0.755690, R_squared:0.999303  
	Validation = MSE:0.047406 , RMSE:0.217730 , MAE:0.163963 , MAPD:0.779848, R_squared:0.999147

2024-03-21 07:17:30,776 Epoch 250/300, Train Loss: 0.028113, Val Loss: 0.050477  
	Train = MSE:0.028111 , RMSE:0.167664 , MAE:0.126845 , MAPD:0.661493, R_squared:0.999513  
	Validation = MSE:0.050477 , RMSE:0.224670 , MAE:0.198692 , MAPD:1.171347, R_squared:0.999092

2024-03-21 07:18:00,633 Epoch 251/300, Train Loss: 0.047400, Val Loss: 0.038894  
	Train = MSE:0.047391 , RMSE:0.217695 , MAE:0.160287 , MAPD:0.812712, R_squared:0.999180  
	Validation = MSE:0.038894 , RMSE:0.197216 , MAE:0.150701 , MAPD:0.729049, R_squared:0.999300

2024-03-21 07:18:36,421 Epoch 252/300, Train Loss: 0.029414, Val Loss: 0.017347  
	Train = MSE:0.029423 , RMSE:0.171530 , MAE:0.128474 , MAPD:0.652175, R_squared:0.999491  
	Validation = MSE:0.017347 , RMSE:0.131709 , MAE:0.097811 , MAPD:0.513050, R_squared:0.999688

2024-03-21 07:19:13,229 Epoch 253/300, Train Loss: 0.035872, Val Loss: 0.035997  
	Train = MSE:0.035860 , RMSE:0.189366 , MAE:0.142323 , MAPD:0.728803, R_squared:0.999379  
	Validation = MSE:0.035997 , RMSE:0.189730 , MAE:0.161393 , MAPD:0.892674, R_squared:0.999352

2024-03-21 07:19:53,254 Epoch 254/300, Train Loss: 0.039245, Val Loss: 0.017105  
	Train = MSE:0.039245 , RMSE:0.198103 , MAE:0.146858 , MAPD:0.745394, R_squared:0.999321  
	Validation = MSE:0.017105 , RMSE:0.130788 , MAE:0.091392 , MAPD:0.475082, R_squared:0.999692

2024-03-21 07:20:28,433 Epoch 255/300, Train Loss: 0.028436, Val Loss: 0.038071  
	Train = MSE:0.028440 , RMSE:0.168643 , MAE:0.125347 , MAPD:0.629350, R_squared:0.999508  
	Validation = MSE:0.038071 , RMSE:0.195119 , MAE:0.159125 , MAPD:0.881615, R_squared:0.999315

2024-03-21 07:21:04,422 Epoch 256/300, Train Loss: 0.033184, Val Loss: 0.044672  
	Train = MSE:0.033173 , RMSE:0.182136 , MAE:0.135653 , MAPD:0.693749, R_squared:0.999426  
	Validation = MSE:0.044672 , RMSE:0.211357 , MAE:0.171097 , MAPD:0.907790, R_squared:0.999196

2024-03-21 07:21:41,650 Epoch 257/300, Train Loss: 0.036316, Val Loss: 0.022495  
	Train = MSE:0.036319 , RMSE:0.190575 , MAE:0.141754 , MAPD:0.725478, R_squared:0.999371  
	Validation = MSE:0.022495 , RMSE:0.149985 , MAE:0.109603 , MAPD:0.572770, R_squared:0.999595

2024-03-21 07:22:17,323 Epoch 258/300, Train Loss: 0.035172, Val Loss: 0.023864  
	Train = MSE:0.035166 , RMSE:0.187527 , MAE:0.138473 , MAPD:0.703183, R_squared:0.999391  
	Validation = MSE:0.023864 , RMSE:0.154481 , MAE:0.118498 , MAPD:0.642688, R_squared:0.999571

2024-03-21 07:22:55,018 Epoch 259/300, Train Loss: 0.037076, Val Loss: 0.076827  
	Train = MSE:0.037069 , RMSE:0.192532 , MAE:0.141353 , MAPD:0.734578, R_squared:0.999358  
	Validation = MSE:0.076827 , RMSE:0.277178 , MAE:0.247900 , MAPD:1.331599, R_squared:0.998618

2024-03-21 07:23:27,887 Epoch 260/300, Train Loss: 0.030293, Val Loss: 0.029994  
	Train = MSE:0.030287 , RMSE:0.174032 , MAE:0.127896 , MAPD:0.649370, R_squared:0.999476  
	Validation = MSE:0.029994 , RMSE:0.173187 , MAE:0.129844 , MAPD:0.655803, R_squared:0.999460

2024-03-21 07:23:58,616 Epoch 261/300, Train Loss: 0.032569, Val Loss: 0.018147  
	Train = MSE:0.032551 , RMSE:0.180418 , MAE:0.134196 , MAPD:0.686823, R_squared:0.999437  
	Validation = MSE:0.018147 , RMSE:0.134710 , MAE:0.099167 , MAPD:0.512084, R_squared:0.999673

2024-03-21 07:24:35,996 Epoch 262/300, Train Loss: 0.033191, Val Loss: 0.018231  
	Train = MSE:0.033197 , RMSE:0.182200 , MAE:0.138291 , MAPD:0.717332, R_squared:0.999425  
	Validation = MSE:0.018231 , RMSE:0.135021 , MAE:0.097082 , MAPD:0.512176, R_squared:0.999672

2024-03-21 07:25:07,542 Epoch 263/300, Train Loss: 0.034388, Val Loss: 0.056371  
	Train = MSE:0.034393 , RMSE:0.185455 , MAE:0.138586 , MAPD:0.707716, R_squared:0.999405  
	Validation = MSE:0.056371 , RMSE:0.237425 , MAE:0.197711 , MAPD:0.991819, R_squared:0.998986

2024-03-21 07:25:41,319 Epoch 264/300, Train Loss: 0.036323, Val Loss: 0.038679  
	Train = MSE:0.036326 , RMSE:0.190595 , MAE:0.141723 , MAPD:0.725018, R_squared:0.999371  
	Validation = MSE:0.038679 , RMSE:0.196670 , MAE:0.157495 , MAPD:0.789834, R_squared:0.999304

2024-03-21 07:26:13,905 Epoch 265/300, Train Loss: 0.031744, Val Loss: 0.033631  
	Train = MSE:0.031754 , RMSE:0.178195 , MAE:0.135465 , MAPD:0.695306, R_squared:0.999450  
	Validation = MSE:0.033631 , RMSE:0.183388 , MAE:0.131761 , MAPD:0.627295, R_squared:0.999395

2024-03-21 07:26:44,196 Epoch 266/300, Train Loss: 0.033995, Val Loss: 0.023762  
	Train = MSE:0.034005 , RMSE:0.184405 , MAE:0.136982 , MAPD:0.704840, R_squared:0.999411  
	Validation = MSE:0.023762 , RMSE:0.154148 , MAE:0.110970 , MAPD:0.564432, R_squared:0.999572

2024-03-21 07:27:21,152 Epoch 267/300, Train Loss: 0.031474, Val Loss: 0.021941  
	Train = MSE:0.031481 , RMSE:0.177429 , MAE:0.132090 , MAPD:0.682149, R_squared:0.999455  
	Validation = MSE:0.021941 , RMSE:0.148125 , MAE:0.108761 , MAPD:0.561535, R_squared:0.999605

2024-03-21 07:27:59,122 Epoch 268/300, Train Loss: 0.037413, Val Loss: 0.059176  
	Train = MSE:0.037421 , RMSE:0.193446 , MAE:0.141983 , MAPD:0.729156, R_squared:0.999352  
	Validation = MSE:0.059176 , RMSE:0.243260 , MAE:0.200981 , MAPD:1.028573, R_squared:0.998935

2024-03-21 07:28:32,003 Epoch 269/300, Train Loss: 0.039154, Val Loss: 0.032587  
	Train = MSE:0.039166 , RMSE:0.197903 , MAE:0.146672 , MAPD:0.739594, R_squared:0.999322  
	Validation = MSE:0.032587 , RMSE:0.180520 , MAE:0.133811 , MAPD:0.636792, R_squared:0.999414

2024-03-21 07:29:08,134 Epoch 270/300, Train Loss: 0.034026, Val Loss: 0.020674  
	Train = MSE:0.034031 , RMSE:0.184476 , MAE:0.132727 , MAPD:0.678142, R_squared:0.999411  
	Validation = MSE:0.020674 , RMSE:0.143784 , MAE:0.110192 , MAPD:0.616023, R_squared:0.999628

2024-03-21 07:29:41,248 Epoch 271/300, Train Loss: 0.030359, Val Loss: 0.174251  
	Train = MSE:0.030322 , RMSE:0.174134 , MAE:0.129139 , MAPD:0.666153, R_squared:0.999475  
	Validation = MSE:0.174251 , RMSE:0.417434 , MAE:0.327669 , MAPD:2.010354, R_squared:0.996865

2024-03-21 07:30:18,717 Epoch 272/300, Train Loss: 0.034724, Val Loss: 0.015738  
	Train = MSE:0.034729 , RMSE:0.186358 , MAE:0.129272 , MAPD:0.667075, R_squared:0.999399  
	Validation = MSE:0.015738 , RMSE:0.125450 , MAE:0.091509 , MAPD:0.474911, R_squared:0.999717

2024-03-21 07:30:50,429 Epoch 273/300, Train Loss: 0.040060, Val Loss: 0.040712  
	Train = MSE:0.040064 , RMSE:0.200159 , MAE:0.146987 , MAPD:0.755856, R_squared:0.999306  
	Validation = MSE:0.040712 , RMSE:0.201772 , MAE:0.166888 , MAPD:0.897575, R_squared:0.999267

2024-03-21 07:31:25,639 Epoch 274/300, Train Loss: 0.033850, Val Loss: 0.033766  
	Train = MSE:0.033854 , RMSE:0.183995 , MAE:0.137758 , MAPD:0.693516, R_squared:0.999414  
	Validation = MSE:0.033766 , RMSE:0.183754 , MAE:0.137127 , MAPD:0.670220, R_squared:0.999392

2024-03-21 07:32:00,179 Epoch 275/300, Train Loss: 0.024595, Val Loss: 0.029440  
	Train = MSE:0.024595 , RMSE:0.156827 , MAE:0.117486 , MAPD:0.598223, R_squared:0.999574  
	Validation = MSE:0.029440 , RMSE:0.171581 , MAE:0.124443 , MAPD:0.593070, R_squared:0.999470

2024-03-21 07:32:36,023 Epoch 276/300, Train Loss: 0.035374, Val Loss: 0.020347  
	Train = MSE:0.035384 , RMSE:0.188106 , MAE:0.135927 , MAPD:0.694207, R_squared:0.999387  
	Validation = MSE:0.020347 , RMSE:0.142641 , MAE:0.103542 , MAPD:0.545774, R_squared:0.999634

2024-03-21 07:33:09,558 Epoch 277/300, Train Loss: 0.026691, Val Loss: 0.032110  
	Train = MSE:0.026696 , RMSE:0.163390 , MAE:0.122886 , MAPD:0.631011, R_squared:0.999538  
	Validation = MSE:0.032110 , RMSE:0.179193 , MAE:0.144649 , MAPD:0.739160, R_squared:0.999422

2024-03-21 07:33:42,598 Epoch 278/300, Train Loss: 0.026477, Val Loss: 0.018072  
	Train = MSE:0.026482 , RMSE:0.162732 , MAE:0.120761 , MAPD:0.611318, R_squared:0.999542  
	Validation = MSE:0.018072 , RMSE:0.134433 , MAE:0.092862 , MAPD:0.461173, R_squared:0.999675

2024-03-21 07:34:17,184 Epoch 279/300, Train Loss: 0.033525, Val Loss: 0.031954  
	Train = MSE:0.033520 , RMSE:0.183085 , MAE:0.135573 , MAPD:0.693100, R_squared:0.999420  
	Validation = MSE:0.031954 , RMSE:0.178756 , MAE:0.135942 , MAPD:0.667125, R_squared:0.999425

2024-03-21 07:34:56,990 Epoch 280/300, Train Loss: 0.028583, Val Loss: 0.052113  
	Train = MSE:0.028581 , RMSE:0.169061 , MAE:0.125410 , MAPD:0.637896, R_squared:0.999505  
	Validation = MSE:0.052113 , RMSE:0.228282 , MAE:0.193740 , MAPD:1.061053, R_squared:0.999062

2024-03-21 07:35:37,055 Epoch 281/300, Train Loss: 0.027743, Val Loss: 0.023588  
	Train = MSE:0.027742 , RMSE:0.166560 , MAE:0.125896 , MAPD:0.641290, R_squared:0.999520  
	Validation = MSE:0.023588 , RMSE:0.153583 , MAE:0.121213 , MAPD:0.642008, R_squared:0.999576

2024-03-21 07:36:17,915 Epoch 282/300, Train Loss: 0.031598, Val Loss: 0.032534  
	Train = MSE:0.031600 , RMSE:0.177764 , MAE:0.133130 , MAPD:0.682603, R_squared:0.999453  
	Validation = MSE:0.032534 , RMSE:0.180373 , MAE:0.150080 , MAPD:0.840180, R_squared:0.999415

2024-03-21 07:36:52,907 Epoch 283/300, Train Loss: 0.035215, Val Loss: 0.037465  
	Train = MSE:0.035218 , RMSE:0.187664 , MAE:0.138840 , MAPD:0.708897, R_squared:0.999390  
	Validation = MSE:0.037465 , RMSE:0.193558 , MAE:0.166284 , MAPD:0.962179, R_squared:0.999326

2024-03-21 07:37:23,679 Epoch 284/300, Train Loss: 0.027533, Val Loss: 0.020742  
	Train = MSE:0.027540 , RMSE:0.165951 , MAE:0.124239 , MAPD:0.630149, R_squared:0.999523  
	Validation = MSE:0.020742 , RMSE:0.144019 , MAE:0.115344 , MAPD:0.645843, R_squared:0.999627

2024-03-21 07:37:55,800 Epoch 285/300, Train Loss: 0.032978, Val Loss: 0.048909  
	Train = MSE:0.032983 , RMSE:0.181611 , MAE:0.131871 , MAPD:0.672095, R_squared:0.999429  
	Validation = MSE:0.048909 , RMSE:0.221154 , MAE:0.164549 , MAPD:0.756949, R_squared:0.999120

2024-03-21 07:38:24,581 Epoch 286/300, Train Loss: 0.041359, Val Loss: 0.031480  
	Train = MSE:0.041342 , RMSE:0.203326 , MAE:0.145436 , MAPD:0.758898, R_squared:0.999284  
	Validation = MSE:0.031480 , RMSE:0.177425 , MAE:0.144862 , MAPD:0.751874, R_squared:0.999434

2024-03-21 07:38:50,132 Epoch 287/300, Train Loss: 0.032832, Val Loss: 0.021417  
	Train = MSE:0.032834 , RMSE:0.181200 , MAE:0.133031 , MAPD:0.672524, R_squared:0.999432  
	Validation = MSE:0.021417 , RMSE:0.146345 , MAE:0.102969 , MAPD:0.497222, R_squared:0.999615

2024-03-21 07:39:14,465 Epoch 288/300, Train Loss: 0.032154, Val Loss: 0.017480  
	Train = MSE:0.032164 , RMSE:0.179343 , MAE:0.132161 , MAPD:0.673766, R_squared:0.999443  
	Validation = MSE:0.017480 , RMSE:0.132211 , MAE:0.097402 , MAPD:0.540122, R_squared:0.999685

2024-03-21 07:39:36,392 Epoch 289/300, Train Loss: 0.036252, Val Loss: 0.019596  
	Train = MSE:0.036258 , RMSE:0.190416 , MAE:0.139441 , MAPD:0.714544, R_squared:0.999372  
	Validation = MSE:0.019596 , RMSE:0.139985 , MAE:0.104228 , MAPD:0.588092, R_squared:0.999647

2024-03-21 07:39:58,191 Epoch 290/300, Train Loss: 0.037751, Val Loss: 0.024076  
	Train = MSE:0.037756 , RMSE:0.194310 , MAE:0.142948 , MAPD:0.734427, R_squared:0.999346  
	Validation = MSE:0.024076 , RMSE:0.155163 , MAE:0.118617 , MAPD:0.634337, R_squared:0.999567

2024-03-21 07:40:17,852 Epoch 291/300, Train Loss: 0.024891, Val Loss: 0.038175  
	Train = MSE:0.024882 , RMSE:0.157740 , MAE:0.118145 , MAPD:0.609522, R_squared:0.999569  
	Validation = MSE:0.038175 , RMSE:0.195384 , MAE:0.150432 , MAPD:0.786627, R_squared:0.999313

2024-03-21 07:40:43,342 Epoch 292/300, Train Loss: 0.042090, Val Loss: 0.047863  
	Train = MSE:0.042067 , RMSE:0.205102 , MAE:0.155449 , MAPD:0.781827, R_squared:0.999272  
	Validation = MSE:0.047863 , RMSE:0.218777 , MAE:0.191024 , MAPD:1.033949, R_squared:0.999139

2024-03-21 07:41:03,123 Epoch 293/300, Train Loss: 0.026530, Val Loss: 0.045529  
	Train = MSE:0.026523 , RMSE:0.162859 , MAE:0.121365 , MAPD:0.619761, R_squared:0.999541  
	Validation = MSE:0.045529 , RMSE:0.213376 , MAE:0.188795 , MAPD:1.048792, R_squared:0.999181

2024-03-21 07:41:24,575 Epoch 294/300, Train Loss: 0.023294, Val Loss: 0.039695  
	Train = MSE:0.023292 , RMSE:0.152617 , MAE:0.116706 , MAPD:0.606451, R_squared:0.999597  
	Validation = MSE:0.039695 , RMSE:0.199237 , MAE:0.166599 , MAPD:0.864861, R_squared:0.999286

2024-03-21 07:41:45,326 Epoch 295/300, Train Loss: 0.028737, Val Loss: 0.018570  
	Train = MSE:0.028727 , RMSE:0.169489 , MAE:0.127083 , MAPD:0.648590, R_squared:0.999503  
	Validation = MSE:0.018570 , RMSE:0.136270 , MAE:0.103441 , MAPD:0.603073, R_squared:0.999666

2024-03-21 07:42:05,581 Epoch 296/300, Train Loss: 0.028930, Val Loss: 0.066368  
	Train = MSE:0.028938 , RMSE:0.170111 , MAE:0.125886 , MAPD:0.655913, R_squared:0.999499  
	Validation = MSE:0.066368 , RMSE:0.257620 , MAE:0.217052 , MAPD:1.142066, R_squared:0.998806

2024-03-21 07:42:25,532 Epoch 297/300, Train Loss: 0.026928, Val Loss: 0.020122  
	Train = MSE:0.026931 , RMSE:0.164106 , MAE:0.122855 , MAPD:0.638437, R_squared:0.999534  
	Validation = MSE:0.020122 , RMSE:0.141853 , MAE:0.106735 , MAPD:0.585333, R_squared:0.999638

2024-03-21 07:42:43,988 Epoch 298/300, Train Loss: 0.027056, Val Loss: 0.030256  
	Train = MSE:0.027060 , RMSE:0.164500 , MAE:0.120888 , MAPD:0.621985, R_squared:0.999532  
	Validation = MSE:0.030256 , RMSE:0.173941 , MAE:0.147437 , MAPD:0.866696, R_squared:0.999456

2024-03-21 07:43:02,699 Epoch 299/300, Train Loss: 0.041394, Val Loss: 0.020137  
	Train = MSE:0.041405 , RMSE:0.203483 , MAE:0.148966 , MAPD:0.766953, R_squared:0.999283  
	Validation = MSE:0.020137 , RMSE:0.141904 , MAE:0.103378 , MAPD:0.541145, R_squared:0.999638

2024-03-21 07:43:21,677 Epoch 300/300, Train Loss: 0.022798, Val Loss: 0.029919  
	Train = MSE:0.022804 , RMSE:0.151012 , MAE:0.114555 , MAPD:0.581742, R_squared:0.999605  
	Validation = MSE:0.029919 , RMSE:0.172972 , MAE:0.137348 , MAPD:0.696169, R_squared:0.999462

2024-03-21 07:43:21,681 Time for training the model: 12461.357000
2024-03-21 07:43:28,903 MSE for train: 0.026284
2024-03-21 07:43:28,904 RMSE for train: 0.162124
2024-03-21 07:43:28,904 MAE for train: 0.130600
2024-03-21 07:43:28,904 MAPD for train: 0.644834
2024-03-21 07:43:28,904 R^2 Score for train: 0.999545
2024-03-21 07:43:28,907 Inference time for train dataset: 5.991001

2024-03-21 07:43:29,843 MSE for val: 0.029919
2024-03-21 07:43:29,843 RMSE for val: 0.172972
2024-03-21 07:43:29,843 MAE for val: 0.137348
2024-03-21 07:43:29,843 MAPD for val: 0.696169
2024-03-21 07:43:29,843 R^2 Score for val: 0.999462
2024-03-21 07:43:29,846 Inference time for val dataset: 0.936002

2024-03-21 07:43:30,805 MSE for test: 0.029528
2024-03-21 07:43:30,806 RMSE for test: 0.171836
2024-03-21 07:43:30,806 MAE for test: 0.137902
2024-03-21 07:43:30,806 MAPD for test: 0.668637
2024-03-21 07:43:30,806 R^2 Score for test: 0.999513
2024-03-21 07:43:30,808 Inference time for test dataset: 0.959998

2024-03-21 07:43:34,742 Train label average: , [20.62097221]
2024-03-21 07:43:34,742 Test label average: , [21.41736175]
2024-03-21 07:43:34,742 validation label average: , [20.14607025]
2024-03-21 07:43:34,742 predicted (on validation dataset) values average: , 21.29671875
