2024-03-21 05:19:36,709 train batches in dataset: 100
2024-03-21 05:19:36,709 val batches in dataset: 13
2024-03-21 05:19:36,709 test batches in dataset: 13
2024-03-21 05:19:36,724 Trainable parameter: net_core.0.weight - size: torch.Size([256, 35])
2024-03-21 05:19:36,727 Trainable parameter: net_core.0.bias - size: torch.Size([256])
2024-03-21 05:19:36,728 Trainable parameter: net_core.1.weight - size: torch.Size([128, 256])
2024-03-21 05:19:36,731 Trainable parameter: net_core.1.bias - size: torch.Size([128])
2024-03-21 05:19:36,732 Trainable parameter: net_core.2.weight - size: torch.Size([64, 128])
2024-03-21 05:19:36,733 Trainable parameter: net_core.2.bias - size: torch.Size([64])
2024-03-21 05:19:36,734 Trainable parameter: net_core.3.weight - size: torch.Size([16, 64])
2024-03-21 05:19:36,735 Trainable parameter: net_core.3.bias - size: torch.Size([16])
2024-03-21 05:19:36,735 Trainable parameter: net_core.4.weight - size: torch.Size([1, 16])
2024-03-21 05:19:36,735 Trainable parameter: net_core.4.bias - size: torch.Size([1])
2024-03-21 05:19:36,736 Number of trainable parameters: 51425
2024-03-21 05:19:36,736 Number of non-trainable parameters: 0
2024-03-21 05:19:43,562 Epoch 1/300, Train Loss: 109.543332, Val Loss: 18.548717  
	Train = MSE:109.574005 , RMSE:10.467760 , MAE:7.849929 , MAPD:39.918436, R_squared:-0.896745  
	Validation = MSE:18.432589 , RMSE:4.293319 , MAE:3.737505 , MAPD:22.974962, R_squared:0.668323

2024-03-21 05:19:51,846 Epoch 2/300, Train Loss: 5.888986, Val Loss: 2.015306  
	Train = MSE:5.889878 , RMSE:2.426907 , MAE:1.861339 , MAPD:10.994446, R_squared:0.898045  
	Validation = MSE:2.007566 , RMSE:1.416886 , MAE:1.150672 , MAPD:6.558733, R_squared:0.963876

2024-03-21 05:19:59,497 Epoch 3/300, Train Loss: 1.594882, Val Loss: 1.112225  
	Train = MSE:1.595040 , RMSE:1.262949 , MAE:1.029454 , MAPD:5.804878, R_squared:0.972390  
	Validation = MSE:1.112183 , RMSE:1.054601 , MAE:0.862033 , MAPD:4.848600, R_squared:0.979987

2024-03-21 05:20:06,447 Epoch 4/300, Train Loss: 0.960080, Val Loss: 0.743589  
	Train = MSE:0.960182 , RMSE:0.979889 , MAE:0.794176 , MAPD:4.417694, R_squared:0.983379  
	Validation = MSE:0.738190 , RMSE:0.859180 , MAE:0.689815 , MAPD:3.984121, R_squared:0.986717

2024-03-21 05:20:12,411 Epoch 5/300, Train Loss: 0.637506, Val Loss: 0.458843  
	Train = MSE:0.637533 , RMSE:0.798457 , MAE:0.636391 , MAPD:3.457041, R_squared:0.988964  
	Validation = MSE:0.461094 , RMSE:0.679039 , MAE:0.544031 , MAPD:3.019845, R_squared:0.991703

2024-03-21 05:20:18,150 Epoch 6/300, Train Loss: 0.441161, Val Loss: 0.322768  
	Train = MSE:0.441202 , RMSE:0.664230 , MAE:0.516859 , MAPD:2.780485, R_squared:0.992363  
	Validation = MSE:0.321591 , RMSE:0.567090 , MAE:0.443337 , MAPD:2.413250, R_squared:0.994213

2024-03-21 05:20:24,007 Epoch 7/300, Train Loss: 0.301002, Val Loss: 0.253538  
	Train = MSE:0.301042 , RMSE:0.548673 , MAE:0.413997 , MAPD:2.204467, R_squared:0.994789  
	Validation = MSE:0.252030 , RMSE:0.502026 , MAE:0.385232 , MAPD:2.158701, R_squared:0.995465

2024-03-21 05:20:29,889 Epoch 8/300, Train Loss: 0.234718, Val Loss: 0.204048  
	Train = MSE:0.234753 , RMSE:0.484513 , MAE:0.359019 , MAPD:1.910910, R_squared:0.995936  
	Validation = MSE:0.204089 , RMSE:0.451762 , MAE:0.341894 , MAPD:1.924423, R_squared:0.996328

2024-03-21 05:20:35,801 Epoch 9/300, Train Loss: 0.192635, Val Loss: 0.198196  
	Train = MSE:0.192655 , RMSE:0.438925 , MAE:0.323795 , MAPD:1.729363, R_squared:0.996665  
	Validation = MSE:0.199162 , RMSE:0.446276 , MAE:0.324058 , MAPD:1.752717, R_squared:0.996416

2024-03-21 05:20:41,264 Epoch 10/300, Train Loss: 0.163140, Val Loss: 0.153094  
	Train = MSE:0.163136 , RMSE:0.403901 , MAE:0.292892 , MAPD:1.568435, R_squared:0.997176  
	Validation = MSE:0.154047 , RMSE:0.392489 , MAE:0.282680 , MAPD:1.551786, R_squared:0.997228

2024-03-21 05:20:47,651 Epoch 11/300, Train Loss: 0.151952, Val Loss: 0.161462  
	Train = MSE:0.151942 , RMSE:0.389798 , MAE:0.284423 , MAPD:1.524479, R_squared:0.997370  
	Validation = MSE:0.163143 , RMSE:0.403910 , MAE:0.316991 , MAPD:1.837407, R_squared:0.997064

2024-03-21 05:20:56,610 Epoch 12/300, Train Loss: 0.155336, Val Loss: 0.142038  
	Train = MSE:0.155355 , RMSE:0.394151 , MAE:0.292258 , MAPD:1.567289, R_squared:0.997311  
	Validation = MSE:0.143843 , RMSE:0.379267 , MAE:0.289549 , MAPD:1.672267, R_squared:0.997412

2024-03-21 05:21:03,057 Epoch 13/300, Train Loss: 0.126561, Val Loss: 0.125099  
	Train = MSE:0.126574 , RMSE:0.355773 , MAE:0.261585 , MAPD:1.413971, R_squared:0.997809  
	Validation = MSE:0.126160 , RMSE:0.355190 , MAE:0.262443 , MAPD:1.442651, R_squared:0.997730

2024-03-21 05:21:09,311 Epoch 14/300, Train Loss: 0.115031, Val Loss: 0.111796  
	Train = MSE:0.115045 , RMSE:0.339183 , MAE:0.247098 , MAPD:1.337837, R_squared:0.998009  
	Validation = MSE:0.113486 , RMSE:0.336877 , MAE:0.251282 , MAPD:1.436216, R_squared:0.997958

2024-03-21 05:21:15,215 Epoch 15/300, Train Loss: 0.106318, Val Loss: 0.100666  
	Train = MSE:0.106328 , RMSE:0.326080 , MAE:0.238430 , MAPD:1.297084, R_squared:0.998159  
	Validation = MSE:0.102195 , RMSE:0.319680 , MAE:0.229626 , MAPD:1.300485, R_squared:0.998161

2024-03-21 05:21:21,347 Epoch 16/300, Train Loss: 0.111426, Val Loss: 0.104463  
	Train = MSE:0.111402 , RMSE:0.333770 , MAE:0.245759 , MAPD:1.327059, R_squared:0.998072  
	Validation = MSE:0.106641 , RMSE:0.326560 , MAE:0.229248 , MAPD:1.259107, R_squared:0.998081

2024-03-21 05:21:28,457 Epoch 17/300, Train Loss: 0.107080, Val Loss: 0.121314  
	Train = MSE:0.107073 , RMSE:0.327220 , MAE:0.241425 , MAPD:1.303906, R_squared:0.998147  
	Validation = MSE:0.123436 , RMSE:0.351334 , MAE:0.245468 , MAPD:1.306169, R_squared:0.997779

2024-03-21 05:21:34,013 Epoch 18/300, Train Loss: 0.095702, Val Loss: 0.104542  
	Train = MSE:0.095706 , RMSE:0.309364 , MAE:0.226845 , MAPD:1.233453, R_squared:0.998343  
	Validation = MSE:0.105662 , RMSE:0.325058 , MAE:0.257046 , MAPD:1.436575, R_squared:0.998099

2024-03-21 05:21:39,371 Epoch 19/300, Train Loss: 0.102777, Val Loss: 0.081940  
	Train = MSE:0.102796 , RMSE:0.320618 , MAE:0.238618 , MAPD:1.285057, R_squared:0.998221  
	Validation = MSE:0.083837 , RMSE:0.289547 , MAE:0.200016 , MAPD:1.135721, R_squared:0.998491

2024-03-21 05:21:45,923 Epoch 20/300, Train Loss: 0.083895, Val Loss: 0.077644  
	Train = MSE:0.083894 , RMSE:0.289644 , MAE:0.211422 , MAPD:1.152869, R_squared:0.998548  
	Validation = MSE:0.079361 , RMSE:0.281711 , MAE:0.205470 , MAPD:1.181272, R_squared:0.998572

2024-03-21 05:21:51,301 Epoch 21/300, Train Loss: 0.083612, Val Loss: 0.074927  
	Train = MSE:0.083617 , RMSE:0.289165 , MAE:0.214180 , MAPD:1.161324, R_squared:0.998553  
	Validation = MSE:0.076430 , RMSE:0.276459 , MAE:0.198524 , MAPD:1.119125, R_squared:0.998625

2024-03-21 05:21:58,021 Epoch 22/300, Train Loss: 0.076200, Val Loss: 0.071887  
	Train = MSE:0.076210 , RMSE:0.276062 , MAE:0.201220 , MAPD:1.095170, R_squared:0.998681  
	Validation = MSE:0.073613 , RMSE:0.271316 , MAE:0.193930 , MAPD:1.112751, R_squared:0.998675

2024-03-21 05:22:03,870 Epoch 23/300, Train Loss: 0.078606, Val Loss: 0.093505  
	Train = MSE:0.078615 , RMSE:0.280383 , MAE:0.206806 , MAPD:1.117525, R_squared:0.998639  
	Validation = MSE:0.095580 , RMSE:0.309160 , MAE:0.218415 , MAPD:1.224260, R_squared:0.998280

2024-03-21 05:22:09,299 Epoch 24/300, Train Loss: 0.070903, Val Loss: 0.067249  
	Train = MSE:0.070906 , RMSE:0.266282 , MAE:0.194049 , MAPD:1.057285, R_squared:0.998773  
	Validation = MSE:0.068915 , RMSE:0.262516 , MAE:0.181233 , MAPD:1.028647, R_squared:0.998760

2024-03-21 05:22:15,293 Epoch 25/300, Train Loss: 0.067694, Val Loss: 0.068424  
	Train = MSE:0.067689 , RMSE:0.260171 , MAE:0.190462 , MAPD:1.035385, R_squared:0.998828  
	Validation = MSE:0.069869 , RMSE:0.264328 , MAE:0.197449 , MAPD:1.120810, R_squared:0.998743

2024-03-21 05:22:22,118 Epoch 26/300, Train Loss: 0.066226, Val Loss: 0.067729  
	Train = MSE:0.066235 , RMSE:0.257361 , MAE:0.186977 , MAPD:1.017736, R_squared:0.998853  
	Validation = MSE:0.069310 , RMSE:0.263267 , MAE:0.180732 , MAPD:1.029443, R_squared:0.998753

2024-03-21 05:22:28,821 Epoch 27/300, Train Loss: 0.063816, Val Loss: 0.064165  
	Train = MSE:0.063830 , RMSE:0.252647 , MAE:0.181786 , MAPD:0.987810, R_squared:0.998895  
	Validation = MSE:0.065737 , RMSE:0.256392 , MAE:0.183013 , MAPD:1.032197, R_squared:0.998817

2024-03-21 05:22:35,003 Epoch 28/300, Train Loss: 0.063709, Val Loss: 0.058282  
	Train = MSE:0.063705 , RMSE:0.252399 , MAE:0.184021 , MAPD:0.995760, R_squared:0.998897  
	Validation = MSE:0.059930 , RMSE:0.244807 , MAE:0.170281 , MAPD:0.969819, R_squared:0.998922

2024-03-21 05:22:41,836 Epoch 29/300, Train Loss: 0.064932, Val Loss: 0.068899  
	Train = MSE:0.064940 , RMSE:0.254833 , MAE:0.188181 , MAPD:1.013660, R_squared:0.998876  
	Validation = MSE:0.070608 , RMSE:0.265722 , MAE:0.184500 , MAPD:1.029829, R_squared:0.998729

2024-03-21 05:22:47,971 Epoch 30/300, Train Loss: 0.069642, Val Loss: 0.074075  
	Train = MSE:0.069650 , RMSE:0.263914 , MAE:0.193596 , MAPD:1.038828, R_squared:0.998794  
	Validation = MSE:0.076107 , RMSE:0.275875 , MAE:0.192343 , MAPD:1.076789, R_squared:0.998631

2024-03-21 05:22:55,607 Epoch 31/300, Train Loss: 0.059531, Val Loss: 0.064069  
	Train = MSE:0.059526 , RMSE:0.243980 , MAE:0.177942 , MAPD:0.961847, R_squared:0.998970  
	Validation = MSE:0.065847 , RMSE:0.256606 , MAE:0.174772 , MAPD:0.962130, R_squared:0.998815

2024-03-21 05:23:02,807 Epoch 32/300, Train Loss: 0.058950, Val Loss: 0.076784  
	Train = MSE:0.058938 , RMSE:0.242772 , MAE:0.178160 , MAPD:0.957720, R_squared:0.998980  
	Validation = MSE:0.077358 , RMSE:0.278134 , MAE:0.223788 , MAPD:1.219296, R_squared:0.998608

2024-03-21 05:23:08,374 Epoch 33/300, Train Loss: 0.058997, Val Loss: 0.055376  
	Train = MSE:0.059001 , RMSE:0.242901 , MAE:0.178091 , MAPD:0.954562, R_squared:0.998979  
	Validation = MSE:0.056476 , RMSE:0.237647 , MAE:0.177295 , MAPD:1.016809, R_squared:0.998984

2024-03-21 05:23:13,491 Epoch 34/300, Train Loss: 0.057357, Val Loss: 0.063905  
	Train = MSE:0.057346 , RMSE:0.239469 , MAE:0.175177 , MAPD:0.940543, R_squared:0.999007  
	Validation = MSE:0.065325 , RMSE:0.255587 , MAE:0.183397 , MAPD:1.064391, R_squared:0.998825

2024-03-21 05:23:19,184 Epoch 35/300, Train Loss: 0.052880, Val Loss: 0.094188  
	Train = MSE:0.052866 , RMSE:0.229925 , MAE:0.168280 , MAPD:0.900842, R_squared:0.999085  
	Validation = MSE:0.094366 , RMSE:0.307191 , MAE:0.243746 , MAPD:1.229892, R_squared:0.998302

2024-03-21 05:23:25,081 Epoch 36/300, Train Loss: 0.056779, Val Loss: 0.055744  
	Train = MSE:0.056779 , RMSE:0.238284 , MAE:0.176371 , MAPD:0.934548, R_squared:0.999017  
	Validation = MSE:0.057152 , RMSE:0.239064 , MAE:0.165400 , MAPD:0.932581, R_squared:0.998972

2024-03-21 05:23:31,457 Epoch 37/300, Train Loss: 0.052855, Val Loss: 0.053597  
	Train = MSE:0.052851 , RMSE:0.229893 , MAE:0.169894 , MAPD:0.909856, R_squared:0.999085  
	Validation = MSE:0.055042 , RMSE:0.234610 , MAE:0.161013 , MAPD:0.896217, R_squared:0.999010

2024-03-21 05:23:37,087 Epoch 38/300, Train Loss: 0.051606, Val Loss: 0.049011  
	Train = MSE:0.051593 , RMSE:0.227140 , MAE:0.167314 , MAPD:0.887856, R_squared:0.999107  
	Validation = MSE:0.050020 , RMSE:0.223652 , MAE:0.162023 , MAPD:0.905223, R_squared:0.999100

2024-03-21 05:23:41,668 Epoch 39/300, Train Loss: 0.058493, Val Loss: 0.047995  
	Train = MSE:0.058504 , RMSE:0.241876 , MAE:0.178594 , MAPD:0.942423, R_squared:0.998987  
	Validation = MSE:0.049370 , RMSE:0.222193 , MAE:0.148925 , MAPD:0.817691, R_squared:0.999112

2024-03-21 05:23:47,008 Epoch 40/300, Train Loss: 0.049180, Val Loss: 0.051554  
	Train = MSE:0.049178 , RMSE:0.221761 , MAE:0.164297 , MAPD:0.874155, R_squared:0.999149  
	Validation = MSE:0.052895 , RMSE:0.229989 , MAE:0.157862 , MAPD:0.851241, R_squared:0.999048

2024-03-21 05:23:51,620 Epoch 41/300, Train Loss: 0.051219, Val Loss: 0.044408  
	Train = MSE:0.051215 , RMSE:0.226308 , MAE:0.169196 , MAPD:0.897925, R_squared:0.999113  
	Validation = MSE:0.045320 , RMSE:0.212886 , MAE:0.154803 , MAPD:0.871011, R_squared:0.999185

2024-03-21 05:23:58,042 Epoch 42/300, Train Loss: 0.050838, Val Loss: 0.041243  
	Train = MSE:0.050839 , RMSE:0.225476 , MAE:0.168132 , MAPD:0.891027, R_squared:0.999120  
	Validation = MSE:0.042304 , RMSE:0.205680 , MAE:0.137708 , MAPD:0.769251, R_squared:0.999239

2024-03-21 05:24:03,683 Epoch 43/300, Train Loss: 0.048548, Val Loss: 0.098892  
	Train = MSE:0.048543 , RMSE:0.220324 , MAE:0.162182 , MAPD:0.852497, R_squared:0.999160  
	Validation = MSE:0.100116 , RMSE:0.316411 , MAE:0.251409 , MAPD:1.296042, R_squared:0.998199

2024-03-21 05:24:09,365 Epoch 44/300, Train Loss: 0.054068, Val Loss: 0.048455  
	Train = MSE:0.054077 , RMSE:0.232545 , MAE:0.175489 , MAPD:0.926936, R_squared:0.999064  
	Validation = MSE:0.049581 , RMSE:0.222667 , MAE:0.152774 , MAPD:0.819088, R_squared:0.999108

2024-03-21 05:24:13,867 Epoch 45/300, Train Loss: 0.040434, Val Loss: 0.041732  
	Train = MSE:0.040436 , RMSE:0.201087 , MAE:0.147363 , MAPD:0.776237, R_squared:0.999300  
	Validation = MSE:0.042887 , RMSE:0.207093 , MAE:0.140013 , MAPD:0.768788, R_squared:0.999228

2024-03-21 05:24:21,026 Epoch 46/300, Train Loss: 0.059105, Val Loss: 0.043245  
	Train = MSE:0.059107 , RMSE:0.243120 , MAE:0.185573 , MAPD:0.970779, R_squared:0.998977  
	Validation = MSE:0.044450 , RMSE:0.210832 , MAE:0.143672 , MAPD:0.798513, R_squared:0.999200

2024-03-21 05:24:27,039 Epoch 47/300, Train Loss: 0.046820, Val Loss: 0.039434  
	Train = MSE:0.046812 , RMSE:0.216360 , MAE:0.164169 , MAPD:0.868797, R_squared:0.999190  
	Validation = MSE:0.040424 , RMSE:0.201058 , MAE:0.139329 , MAPD:0.768251, R_squared:0.999273

2024-03-21 05:24:31,769 Epoch 48/300, Train Loss: 0.047907, Val Loss: 0.038694  
	Train = MSE:0.047912 , RMSE:0.218888 , MAE:0.164400 , MAPD:0.857862, R_squared:0.999171  
	Validation = MSE:0.039487 , RMSE:0.198713 , MAE:0.143030 , MAPD:0.810067, R_squared:0.999289

2024-03-21 05:24:37,919 Epoch 49/300, Train Loss: 0.044970, Val Loss: 0.083976  
	Train = MSE:0.044948 , RMSE:0.212010 , MAE:0.158913 , MAPD:0.834426, R_squared:0.999222  
	Validation = MSE:0.084017 , RMSE:0.289857 , MAE:0.256737 , MAPD:1.463725, R_squared:0.998488

2024-03-21 05:24:42,893 Epoch 50/300, Train Loss: 0.051460, Val Loss: 0.036812  
	Train = MSE:0.051465 , RMSE:0.226859 , MAE:0.170499 , MAPD:0.898031, R_squared:0.999109  
	Validation = MSE:0.037640 , RMSE:0.194010 , MAE:0.134715 , MAPD:0.738137, R_squared:0.999323

2024-03-21 05:24:48,349 Epoch 51/300, Train Loss: 0.039802, Val Loss: 0.037991  
	Train = MSE:0.039799 , RMSE:0.199497 , MAE:0.147835 , MAPD:0.780335, R_squared:0.999311  
	Validation = MSE:0.038588 , RMSE:0.196439 , MAE:0.145263 , MAPD:0.800721, R_squared:0.999306

2024-03-21 05:24:55,360 Epoch 52/300, Train Loss: 0.042072, Val Loss: 0.034856  
	Train = MSE:0.042074 , RMSE:0.205120 , MAE:0.155231 , MAPD:0.821451, R_squared:0.999272  
	Validation = MSE:0.035552 , RMSE:0.188551 , MAE:0.132558 , MAPD:0.723812, R_squared:0.999360

2024-03-21 05:25:00,338 Epoch 53/300, Train Loss: 0.047249, Val Loss: 0.042961  
	Train = MSE:0.047245 , RMSE:0.217358 , MAE:0.165955 , MAPD:0.877643, R_squared:0.999182  
	Validation = MSE:0.043789 , RMSE:0.209257 , MAE:0.148286 , MAPD:0.797572, R_squared:0.999212

2024-03-21 05:25:05,402 Epoch 54/300, Train Loss: 0.036705, Val Loss: 0.035646  
	Train = MSE:0.036702 , RMSE:0.191578 , MAE:0.143239 , MAPD:0.754361, R_squared:0.999365  
	Validation = MSE:0.036554 , RMSE:0.191190 , MAE:0.129034 , MAPD:0.715053, R_squared:0.999342

2024-03-21 05:25:10,999 Epoch 55/300, Train Loss: 0.035898, Val Loss: 0.036736  
	Train = MSE:0.035895 , RMSE:0.189459 , MAE:0.140548 , MAPD:0.736945, R_squared:0.999379  
	Validation = MSE:0.037303 , RMSE:0.193139 , MAE:0.148789 , MAPD:0.821212, R_squared:0.999329

2024-03-21 05:25:18,207 Epoch 56/300, Train Loss: 0.035756, Val Loss: 0.033002  
	Train = MSE:0.035757 , RMSE:0.189094 , MAE:0.141907 , MAPD:0.747384, R_squared:0.999381  
	Validation = MSE:0.033796 , RMSE:0.183837 , MAE:0.128048 , MAPD:0.724402, R_squared:0.999392

2024-03-21 05:25:24,395 Epoch 57/300, Train Loss: 0.042981, Val Loss: 0.042376  
	Train = MSE:0.042983 , RMSE:0.207324 , MAE:0.158356 , MAPD:0.833725, R_squared:0.999256  
	Validation = MSE:0.043297 , RMSE:0.208080 , MAE:0.155461 , MAPD:0.878957, R_squared:0.999221

2024-03-21 05:25:29,848 Epoch 58/300, Train Loss: 0.037974, Val Loss: 0.032073  
	Train = MSE:0.037979 , RMSE:0.194881 , MAE:0.147082 , MAPD:0.770790, R_squared:0.999343  
	Validation = MSE:0.032556 , RMSE:0.180433 , MAE:0.127982 , MAPD:0.690771, R_squared:0.999414

2024-03-21 05:25:34,472 Epoch 59/300, Train Loss: 0.037974, Val Loss: 0.031675  
	Train = MSE:0.037976 , RMSE:0.194873 , MAE:0.147836 , MAPD:0.777651, R_squared:0.999343  
	Validation = MSE:0.032356 , RMSE:0.179878 , MAE:0.124073 , MAPD:0.676906, R_squared:0.999418

2024-03-21 05:25:39,604 Epoch 60/300, Train Loss: 0.036335, Val Loss: 0.029540  
	Train = MSE:0.036334 , RMSE:0.190616 , MAE:0.143322 , MAPD:0.759761, R_squared:0.999371  
	Validation = MSE:0.029882 , RMSE:0.172863 , MAE:0.126040 , MAPD:0.718420, R_squared:0.999462

2024-03-21 05:25:44,660 Epoch 61/300, Train Loss: 0.031406, Val Loss: 0.032670  
	Train = MSE:0.031408 , RMSE:0.177222 , MAE:0.132916 , MAPD:0.700276, R_squared:0.999456  
	Validation = MSE:0.032977 , RMSE:0.181594 , MAE:0.141158 , MAPD:0.818317, R_squared:0.999407

2024-03-21 05:25:51,519 Epoch 62/300, Train Loss: 0.031589, Val Loss: 0.027207  
	Train = MSE:0.031593 , RMSE:0.177745 , MAE:0.133944 , MAPD:0.712041, R_squared:0.999453  
	Validation = MSE:0.027702 , RMSE:0.166440 , MAE:0.115962 , MAPD:0.639652, R_squared:0.999502

2024-03-21 05:25:56,613 Epoch 63/300, Train Loss: 0.030192, Val Loss: 0.027521  
	Train = MSE:0.030187 , RMSE:0.173745 , MAE:0.130506 , MAPD:0.692310, R_squared:0.999477  
	Validation = MSE:0.027924 , RMSE:0.167104 , MAE:0.120118 , MAPD:0.656543, R_squared:0.999498

2024-03-21 05:26:03,076 Epoch 64/300, Train Loss: 0.057740, Val Loss: 0.072545  
	Train = MSE:0.057752 , RMSE:0.240317 , MAE:0.188438 , MAPD:0.982010, R_squared:0.999000  
	Validation = MSE:0.072945 , RMSE:0.270083 , MAE:0.217984 , MAPD:1.103715, R_squared:0.998687

2024-03-21 05:26:07,981 Epoch 65/300, Train Loss: 0.031520, Val Loss: 0.027262  
	Train = MSE:0.031522 , RMSE:0.177545 , MAE:0.133919 , MAPD:0.708723, R_squared:0.999454  
	Validation = MSE:0.027616 , RMSE:0.166181 , MAE:0.124019 , MAPD:0.707522, R_squared:0.999503

2024-03-21 05:26:14,832 Epoch 66/300, Train Loss: 0.032368, Val Loss: 0.025403  
	Train = MSE:0.032365 , RMSE:0.179904 , MAE:0.135923 , MAPD:0.715946, R_squared:0.999440  
	Validation = MSE:0.025858 , RMSE:0.160805 , MAE:0.112985 , MAPD:0.627332, R_squared:0.999535

2024-03-21 05:26:19,852 Epoch 67/300, Train Loss: 0.031656, Val Loss: 0.023451  
	Train = MSE:0.031657 , RMSE:0.177923 , MAE:0.136774 , MAPD:0.727277, R_squared:0.999452  
	Validation = MSE:0.023939 , RMSE:0.154722 , MAE:0.107529 , MAPD:0.602230, R_squared:0.999569

2024-03-21 05:26:24,828 Epoch 68/300, Train Loss: 0.031749, Val Loss: 0.035558  
	Train = MSE:0.031753 , RMSE:0.178195 , MAE:0.134384 , MAPD:0.710857, R_squared:0.999450  
	Validation = MSE:0.035982 , RMSE:0.189690 , MAE:0.150835 , MAPD:0.825745, R_squared:0.999353

2024-03-21 05:26:29,497 Epoch 69/300, Train Loss: 0.028682, Val Loss: 0.025525  
	Train = MSE:0.028686 , RMSE:0.169368 , MAE:0.128672 , MAPD:0.680114, R_squared:0.999503  
	Validation = MSE:0.025907 , RMSE:0.160957 , MAE:0.118023 , MAPD:0.664065, R_squared:0.999534

2024-03-21 05:26:36,014 Epoch 70/300, Train Loss: 0.023591, Val Loss: 0.025974  
	Train = MSE:0.023594 , RMSE:0.153603 , MAE:0.114776 , MAPD:0.609551, R_squared:0.999592  
	Validation = MSE:0.026309 , RMSE:0.162201 , MAE:0.121488 , MAPD:0.689657, R_squared:0.999527

2024-03-21 05:26:42,980 Epoch 71/300, Train Loss: 0.031850, Val Loss: 0.053766  
	Train = MSE:0.031852 , RMSE:0.178471 , MAE:0.135963 , MAPD:0.718234, R_squared:0.999449  
	Validation = MSE:0.054468 , RMSE:0.233383 , MAE:0.190839 , MAPD:1.095119, R_squared:0.999020

2024-03-21 05:26:49,314 Epoch 72/300, Train Loss: 0.037577, Val Loss: 0.054414  
	Train = MSE:0.037580 , RMSE:0.193855 , MAE:0.147205 , MAPD:0.769592, R_squared:0.999349  
	Validation = MSE:0.054897 , RMSE:0.234302 , MAE:0.185899 , MAPD:0.960721, R_squared:0.999012

2024-03-21 05:26:55,302 Epoch 73/300, Train Loss: 0.028103, Val Loss: 0.029517  
	Train = MSE:0.028100 , RMSE:0.167630 , MAE:0.128430 , MAPD:0.678018, R_squared:0.999514  
	Validation = MSE:0.029827 , RMSE:0.172704 , MAE:0.131484 , MAPD:0.691802, R_squared:0.999463

2024-03-21 05:27:00,660 Epoch 74/300, Train Loss: 0.029654, Val Loss: 0.022107  
	Train = MSE:0.029649 , RMSE:0.172189 , MAE:0.132397 , MAPD:0.704137, R_squared:0.999487  
	Validation = MSE:0.022462 , RMSE:0.149875 , MAE:0.102424 , MAPD:0.564934, R_squared:0.999596

2024-03-21 05:27:05,783 Epoch 75/300, Train Loss: 0.027573, Val Loss: 0.021550  
	Train = MSE:0.027570 , RMSE:0.166042 , MAE:0.126418 , MAPD:0.671755, R_squared:0.999523  
	Validation = MSE:0.021967 , RMSE:0.148212 , MAE:0.103355 , MAPD:0.573733, R_squared:0.999605

2024-03-21 05:27:12,515 Epoch 76/300, Train Loss: 0.025412, Val Loss: 0.024842  
	Train = MSE:0.025401 , RMSE:0.159378 , MAE:0.120823 , MAPD:0.640354, R_squared:0.999560  
	Validation = MSE:0.025212 , RMSE:0.158782 , MAE:0.116886 , MAPD:0.626129, R_squared:0.999546

2024-03-21 05:27:18,014 Epoch 77/300, Train Loss: 0.028550, Val Loss: 0.021691  
	Train = MSE:0.028548 , RMSE:0.168963 , MAE:0.130472 , MAPD:0.692865, R_squared:0.999506  
	Validation = MSE:0.022172 , RMSE:0.148904 , MAE:0.103260 , MAPD:0.562797, R_squared:0.999601

2024-03-21 05:27:23,298 Epoch 78/300, Train Loss: 0.023347, Val Loss: 0.024166  
	Train = MSE:0.023350 , RMSE:0.152807 , MAE:0.115943 , MAPD:0.611062, R_squared:0.999596  
	Validation = MSE:0.024557 , RMSE:0.156708 , MAE:0.115723 , MAPD:0.660402, R_squared:0.999558

2024-03-21 05:27:28,974 Epoch 79/300, Train Loss: 0.026852, Val Loss: 0.022826  
	Train = MSE:0.026848 , RMSE:0.163854 , MAE:0.124644 , MAPD:0.661812, R_squared:0.999535  
	Validation = MSE:0.023370 , RMSE:0.152874 , MAE:0.105463 , MAPD:0.587476, R_squared:0.999579

2024-03-21 05:27:33,549 Epoch 80/300, Train Loss: 0.037746, Val Loss: 0.025009  
	Train = MSE:0.037752 , RMSE:0.194298 , MAE:0.149228 , MAPD:0.782749, R_squared:0.999347  
	Validation = MSE:0.025184 , RMSE:0.158694 , MAE:0.124268 , MAPD:0.703652, R_squared:0.999547

2024-03-21 05:27:38,602 Epoch 81/300, Train Loss: 0.030409, Val Loss: 0.021038  
	Train = MSE:0.030414 , RMSE:0.174396 , MAE:0.134846 , MAPD:0.715624, R_squared:0.999474  
	Validation = MSE:0.021361 , RMSE:0.146154 , MAE:0.104064 , MAPD:0.574866, R_squared:0.999616

2024-03-21 05:27:45,408 Epoch 82/300, Train Loss: 0.025691, Val Loss: 0.026748  
	Train = MSE:0.025682 , RMSE:0.160256 , MAE:0.122176 , MAPD:0.653144, R_squared:0.999555  
	Validation = MSE:0.026996 , RMSE:0.164306 , MAE:0.121153 , MAPD:0.670575, R_squared:0.999514

2024-03-21 05:27:50,801 Epoch 83/300, Train Loss: 0.030981, Val Loss: 0.023812  
	Train = MSE:0.030981 , RMSE:0.176014 , MAE:0.133990 , MAPD:0.709908, R_squared:0.999464  
	Validation = MSE:0.024291 , RMSE:0.155854 , MAE:0.112631 , MAPD:0.624892, R_squared:0.999563

2024-03-21 05:27:56,275 Epoch 84/300, Train Loss: 0.037050, Val Loss: 0.021292  
	Train = MSE:0.037055 , RMSE:0.192498 , MAE:0.150079 , MAPD:0.792490, R_squared:0.999359  
	Validation = MSE:0.021718 , RMSE:0.147370 , MAE:0.109277 , MAPD:0.604754, R_squared:0.999609

2024-03-21 05:28:00,825 Epoch 85/300, Train Loss: 0.024031, Val Loss: 0.048514  
	Train = MSE:0.024033 , RMSE:0.155025 , MAE:0.117248 , MAPD:0.620395, R_squared:0.999584  
	Validation = MSE:0.048557 , RMSE:0.220356 , MAE:0.186493 , MAPD:0.988808, R_squared:0.999126

2024-03-21 05:28:07,516 Epoch 86/300, Train Loss: 0.032447, Val Loss: 0.023331  
	Train = MSE:0.032445 , RMSE:0.180125 , MAE:0.138482 , MAPD:0.730359, R_squared:0.999438  
	Validation = MSE:0.023829 , RMSE:0.154365 , MAE:0.113254 , MAPD:0.597622, R_squared:0.999571

2024-03-21 05:28:12,842 Epoch 87/300, Train Loss: 0.037846, Val Loss: 0.022056  
	Train = MSE:0.037856 , RMSE:0.194565 , MAE:0.151225 , MAPD:0.793665, R_squared:0.999345  
	Validation = MSE:0.022480 , RMSE:0.149932 , MAE:0.107090 , MAPD:0.592728, R_squared:0.999595

2024-03-21 05:28:18,962 Epoch 88/300, Train Loss: 0.021970, Val Loss: 0.020225  
	Train = MSE:0.021969 , RMSE:0.148220 , MAE:0.112403 , MAPD:0.598719, R_squared:0.999620  
	Validation = MSE:0.020568 , RMSE:0.143415 , MAE:0.099662 , MAPD:0.544207, R_squared:0.999630

2024-03-21 05:28:24,405 Epoch 89/300, Train Loss: 0.023796, Val Loss: 0.025998  
	Train = MSE:0.023794 , RMSE:0.154253 , MAE:0.118280 , MAPD:0.635413, R_squared:0.999588  
	Validation = MSE:0.026506 , RMSE:0.162806 , MAE:0.120245 , MAPD:0.668948, R_squared:0.999523

2024-03-21 05:28:30,383 Epoch 90/300, Train Loss: 0.028347, Val Loss: 0.024673  
	Train = MSE:0.028350 , RMSE:0.168376 , MAE:0.129153 , MAPD:0.679239, R_squared:0.999509  
	Validation = MSE:0.024914 , RMSE:0.157842 , MAE:0.122698 , MAPD:0.699063, R_squared:0.999552

2024-03-21 05:28:36,035 Epoch 91/300, Train Loss: 0.025741, Val Loss: 0.024178  
	Train = MSE:0.025741 , RMSE:0.160441 , MAE:0.123524 , MAPD:0.649482, R_squared:0.999554  
	Validation = MSE:0.024645 , RMSE:0.156989 , MAE:0.116975 , MAPD:0.658031, R_squared:0.999557

2024-03-21 05:28:42,835 Epoch 92/300, Train Loss: 0.026280, Val Loss: 0.019047  
	Train = MSE:0.026268 , RMSE:0.162073 , MAE:0.123369 , MAPD:0.655467, R_squared:0.999545  
	Validation = MSE:0.019418 , RMSE:0.139347 , MAE:0.097594 , MAPD:0.530295, R_squared:0.999651

2024-03-21 05:28:48,928 Epoch 93/300, Train Loss: 0.028231, Val Loss: 0.026990  
	Train = MSE:0.028232 , RMSE:0.168025 , MAE:0.129761 , MAPD:0.684235, R_squared:0.999511  
	Validation = MSE:0.027093 , RMSE:0.164600 , MAE:0.128713 , MAPD:0.682946, R_squared:0.999512

2024-03-21 05:28:54,042 Epoch 94/300, Train Loss: 0.021856, Val Loss: 0.046684  
	Train = MSE:0.021844 , RMSE:0.147799 , MAE:0.110250 , MAPD:0.586661, R_squared:0.999622  
	Validation = MSE:0.046853 , RMSE:0.216455 , MAE:0.180075 , MAPD:1.052286, R_squared:0.999157

2024-03-21 05:28:59,856 Epoch 95/300, Train Loss: 0.028693, Val Loss: 0.018093  
	Train = MSE:0.028698 , RMSE:0.169405 , MAE:0.130015 , MAPD:0.688849, R_squared:0.999503  
	Validation = MSE:0.018498 , RMSE:0.136007 , MAE:0.093910 , MAPD:0.515246, R_squared:0.999667

2024-03-21 05:29:06,671 Epoch 96/300, Train Loss: 0.019432, Val Loss: 0.025327  
	Train = MSE:0.019432 , RMSE:0.139400 , MAE:0.105273 , MAPD:0.558154, R_squared:0.999664  
	Validation = MSE:0.025634 , RMSE:0.160105 , MAE:0.120072 , MAPD:0.657133, R_squared:0.999539

2024-03-21 05:29:12,194 Epoch 97/300, Train Loss: 0.020088, Val Loss: 0.019135  
	Train = MSE:0.020088 , RMSE:0.141732 , MAE:0.107633 , MAPD:0.568906, R_squared:0.999652  
	Validation = MSE:0.019506 , RMSE:0.139664 , MAE:0.099328 , MAPD:0.526079, R_squared:0.999649

2024-03-21 05:29:17,007 Epoch 98/300, Train Loss: 0.026988, Val Loss: 0.022617  
	Train = MSE:0.026994 , RMSE:0.164298 , MAE:0.126341 , MAPD:0.666840, R_squared:0.999533  
	Validation = MSE:0.023028 , RMSE:0.151750 , MAE:0.113057 , MAPD:0.599124, R_squared:0.999586

2024-03-21 05:29:22,574 Epoch 99/300, Train Loss: 0.023395, Val Loss: 0.028968  
	Train = MSE:0.023394 , RMSE:0.152952 , MAE:0.117885 , MAPD:0.618056, R_squared:0.999595  
	Validation = MSE:0.029483 , RMSE:0.171707 , MAE:0.132822 , MAPD:0.705763, R_squared:0.999469

2024-03-21 05:29:28,129 Epoch 100/300, Train Loss: 0.041225, Val Loss: 0.132513  
	Train = MSE:0.041233 , RMSE:0.203060 , MAE:0.158238 , MAPD:0.833168, R_squared:0.999286  
	Validation = MSE:0.131373 , RMSE:0.362453 , MAE:0.334073 , MAPD:1.784123, R_squared:0.997636

2024-03-21 05:29:33,146 Epoch 101/300, Train Loss: 0.034980, Val Loss: 0.016891  
	Train = MSE:0.034987 , RMSE:0.187049 , MAE:0.142884 , MAPD:0.748952, R_squared:0.999394  
	Validation = MSE:0.017263 , RMSE:0.131389 , MAE:0.091216 , MAPD:0.492116, R_squared:0.999689

2024-03-21 05:29:41,928 Epoch 102/300, Train Loss: 0.025623, Val Loss: 0.022079  
	Train = MSE:0.025616 , RMSE:0.160051 , MAE:0.120720 , MAPD:0.637487, R_squared:0.999557  
	Validation = MSE:0.022510 , RMSE:0.150033 , MAE:0.110999 , MAPD:0.631548, R_squared:0.999595

2024-03-21 05:29:47,796 Epoch 103/300, Train Loss: 0.023063, Val Loss: 0.028415  
	Train = MSE:0.023067 , RMSE:0.151879 , MAE:0.117249 , MAPD:0.620011, R_squared:0.999601  
	Validation = MSE:0.028570 , RMSE:0.169028 , MAE:0.138243 , MAPD:0.740538, R_squared:0.999486

2024-03-21 05:29:54,195 Epoch 104/300, Train Loss: 0.019935, Val Loss: 0.018268  
	Train = MSE:0.019931 , RMSE:0.141178 , MAE:0.107846 , MAPD:0.568064, R_squared:0.999655  
	Validation = MSE:0.018611 , RMSE:0.136423 , MAE:0.096287 , MAPD:0.513330, R_squared:0.999665

2024-03-21 05:30:00,816 Epoch 105/300, Train Loss: 0.024470, Val Loss: 0.026913  
	Train = MSE:0.024473 , RMSE:0.156440 , MAE:0.120251 , MAPD:0.636302, R_squared:0.999576  
	Validation = MSE:0.027348 , RMSE:0.165373 , MAE:0.123847 , MAPD:0.656889, R_squared:0.999508

2024-03-21 05:30:08,371 Epoch 106/300, Train Loss: 0.023667, Val Loss: 0.016546  
	Train = MSE:0.023666 , RMSE:0.153837 , MAE:0.117825 , MAPD:0.620169, R_squared:0.999590  
	Validation = MSE:0.016788 , RMSE:0.129567 , MAE:0.095291 , MAPD:0.517031, R_squared:0.999698

2024-03-21 05:30:14,976 Epoch 107/300, Train Loss: 0.021969, Val Loss: 0.030014  
	Train = MSE:0.021973 , RMSE:0.148232 , MAE:0.113282 , MAPD:0.593610, R_squared:0.999620  
	Validation = MSE:0.030454 , RMSE:0.174511 , MAE:0.137645 , MAPD:0.758109, R_squared:0.999452

2024-03-21 05:30:21,337 Epoch 108/300, Train Loss: 0.023594, Val Loss: 0.031180  
	Train = MSE:0.023590 , RMSE:0.153591 , MAE:0.118582 , MAPD:0.622889, R_squared:0.999592  
	Validation = MSE:0.031505 , RMSE:0.177497 , MAE:0.143485 , MAPD:0.848276, R_squared:0.999433

2024-03-21 05:30:26,985 Epoch 109/300, Train Loss: 0.021637, Val Loss: 0.023326  
	Train = MSE:0.021636 , RMSE:0.147093 , MAE:0.110805 , MAPD:0.585267, R_squared:0.999625  
	Validation = MSE:0.023712 , RMSE:0.153987 , MAE:0.121526 , MAPD:0.662229, R_squared:0.999573

2024-03-21 05:30:33,625 Epoch 110/300, Train Loss: 0.022778, Val Loss: 0.019503  
	Train = MSE:0.022763 , RMSE:0.150873 , MAE:0.115282 , MAPD:0.603406, R_squared:0.999606  
	Validation = MSE:0.019959 , RMSE:0.141277 , MAE:0.100385 , MAPD:0.541856, R_squared:0.999641

2024-03-21 05:30:42,196 Epoch 111/300, Train Loss: 0.022164, Val Loss: 0.020478  
	Train = MSE:0.022166 , RMSE:0.148883 , MAE:0.115107 , MAPD:0.610782, R_squared:0.999616  
	Validation = MSE:0.020603 , RMSE:0.143537 , MAE:0.104376 , MAPD:0.530543, R_squared:0.999629

2024-03-21 05:30:50,518 Epoch 112/300, Train Loss: 0.022616, Val Loss: 0.021360  
	Train = MSE:0.022614 , RMSE:0.150379 , MAE:0.115775 , MAPD:0.611928, R_squared:0.999609  
	Validation = MSE:0.021458 , RMSE:0.146487 , MAE:0.116382 , MAPD:0.645616, R_squared:0.999614

2024-03-21 05:30:56,641 Epoch 113/300, Train Loss: 0.022986, Val Loss: 0.026097  
	Train = MSE:0.022989 , RMSE:0.151623 , MAE:0.116534 , MAPD:0.618503, R_squared:0.999602  
	Validation = MSE:0.026373 , RMSE:0.162398 , MAE:0.120932 , MAPD:0.672198, R_squared:0.999525

2024-03-21 05:31:02,709 Epoch 114/300, Train Loss: 0.020860, Val Loss: 0.032598  
	Train = MSE:0.020861 , RMSE:0.144433 , MAE:0.111473 , MAPD:0.580768, R_squared:0.999639  
	Validation = MSE:0.032700 , RMSE:0.180831 , MAE:0.153221 , MAPD:0.876124, R_squared:0.999412

2024-03-21 05:31:10,160 Epoch 115/300, Train Loss: 0.020107, Val Loss: 0.028903  
	Train = MSE:0.020112 , RMSE:0.141817 , MAE:0.108690 , MAPD:0.573197, R_squared:0.999652  
	Validation = MSE:0.029210 , RMSE:0.170910 , MAE:0.135331 , MAPD:0.746402, R_squared:0.999474

2024-03-21 05:31:16,456 Epoch 116/300, Train Loss: 0.019273, Val Loss: 0.061887  
	Train = MSE:0.019276 , RMSE:0.138838 , MAE:0.106369 , MAPD:0.567743, R_squared:0.999666  
	Validation = MSE:0.061438 , RMSE:0.247866 , MAE:0.217258 , MAPD:1.167996, R_squared:0.998894

2024-03-21 05:31:24,007 Epoch 117/300, Train Loss: 0.021330, Val Loss: 0.020185  
	Train = MSE:0.021335 , RMSE:0.146064 , MAE:0.112620 , MAPD:0.597315, R_squared:0.999631  
	Validation = MSE:0.020553 , RMSE:0.143364 , MAE:0.104308 , MAPD:0.603244, R_squared:0.999630

2024-03-21 05:31:32,240 Epoch 118/300, Train Loss: 0.017299, Val Loss: 0.017816  
	Train = MSE:0.017301 , RMSE:0.131532 , MAE:0.100715 , MAPD:0.534394, R_squared:0.999701  
	Validation = MSE:0.018116 , RMSE:0.134594 , MAE:0.098142 , MAPD:0.533782, R_squared:0.999674

2024-03-21 05:31:39,066 Epoch 119/300, Train Loss: 0.019710, Val Loss: 0.016114  
	Train = MSE:0.019704 , RMSE:0.140372 , MAE:0.107794 , MAPD:0.563798, R_squared:0.999659  
	Validation = MSE:0.016391 , RMSE:0.128027 , MAE:0.092090 , MAPD:0.506369, R_squared:0.999705

2024-03-21 05:31:45,210 Epoch 120/300, Train Loss: 0.020340, Val Loss: 0.032663  
	Train = MSE:0.020342 , RMSE:0.142626 , MAE:0.108500 , MAPD:0.574044, R_squared:0.999648  
	Validation = MSE:0.032801 , RMSE:0.181110 , MAE:0.135591 , MAPD:0.665740, R_squared:0.999410

2024-03-21 05:31:51,453 Epoch 121/300, Train Loss: 0.021207, Val Loss: 0.014934  
	Train = MSE:0.021208 , RMSE:0.145628 , MAE:0.112279 , MAPD:0.595257, R_squared:0.999633  
	Validation = MSE:0.015272 , RMSE:0.123581 , MAE:0.087012 , MAPD:0.468621, R_squared:0.999725

2024-03-21 05:31:59,612 Epoch 122/300, Train Loss: 0.024419, Val Loss: 0.015808  
	Train = MSE:0.024415 , RMSE:0.156252 , MAE:0.121221 , MAPD:0.632115, R_squared:0.999577  
	Validation = MSE:0.016130 , RMSE:0.127005 , MAE:0.090794 , MAPD:0.494479, R_squared:0.999710

2024-03-21 05:32:05,262 Epoch 123/300, Train Loss: 0.026276, Val Loss: 0.039851  
	Train = MSE:0.026279 , RMSE:0.162107 , MAE:0.123102 , MAPD:0.643152, R_squared:0.999545  
	Validation = MSE:0.039856 , RMSE:0.199640 , MAE:0.168803 , MAPD:0.971098, R_squared:0.999283

2024-03-21 05:32:11,236 Epoch 124/300, Train Loss: 0.018536, Val Loss: 0.047788  
	Train = MSE:0.018525 , RMSE:0.136106 , MAE:0.102651 , MAPD:0.538415, R_squared:0.999679  
	Validation = MSE:0.047970 , RMSE:0.219021 , MAE:0.174978 , MAPD:0.851806, R_squared:0.999137

2024-03-21 05:32:18,677 Epoch 125/300, Train Loss: 0.027651, Val Loss: 0.022757  
	Train = MSE:0.027641 , RMSE:0.166257 , MAE:0.131969 , MAPD:0.687177, R_squared:0.999522  
	Validation = MSE:0.023118 , RMSE:0.152045 , MAE:0.116437 , MAPD:0.617171, R_squared:0.999584

2024-03-21 05:32:25,366 Epoch 126/300, Train Loss: 0.020664, Val Loss: 0.016697  
	Train = MSE:0.020662 , RMSE:0.143744 , MAE:0.110434 , MAPD:0.579176, R_squared:0.999642  
	Validation = MSE:0.016958 , RMSE:0.130223 , MAE:0.092034 , MAPD:0.499493, R_squared:0.999695

2024-03-21 05:32:34,080 Epoch 127/300, Train Loss: 0.020224, Val Loss: 0.020096  
	Train = MSE:0.020228 , RMSE:0.142225 , MAE:0.108388 , MAPD:0.561012, R_squared:0.999650  
	Validation = MSE:0.020349 , RMSE:0.142650 , MAE:0.105529 , MAPD:0.576815, R_squared:0.999634

2024-03-21 05:32:40,294 Epoch 128/300, Train Loss: 0.014317, Val Loss: 0.014696  
	Train = MSE:0.014315 , RMSE:0.119646 , MAE:0.090142 , MAPD:0.477622, R_squared:0.999752  
	Validation = MSE:0.014988 , RMSE:0.122427 , MAE:0.086571 , MAPD:0.470639, R_squared:0.999730

2024-03-21 05:32:45,608 Epoch 129/300, Train Loss: 0.018247, Val Loss: 0.035091  
	Train = MSE:0.018242 , RMSE:0.135062 , MAE:0.103389 , MAPD:0.539695, R_squared:0.999684  
	Validation = MSE:0.035603 , RMSE:0.188687 , MAE:0.153855 , MAPD:0.833978, R_squared:0.999359

2024-03-21 05:32:51,582 Epoch 130/300, Train Loss: 0.015644, Val Loss: 0.016053  
	Train = MSE:0.015645 , RMSE:0.125081 , MAE:0.093933 , MAPD:0.496440, R_squared:0.999729  
	Validation = MSE:0.016315 , RMSE:0.127729 , MAE:0.092556 , MAPD:0.498547, R_squared:0.999706

2024-03-21 05:32:57,535 Epoch 131/300, Train Loss: 0.022138, Val Loss: 0.019474  
	Train = MSE:0.022139 , RMSE:0.148792 , MAE:0.114181 , MAPD:0.602007, R_squared:0.999617  
	Validation = MSE:0.019870 , RMSE:0.140962 , MAE:0.107942 , MAPD:0.628088, R_squared:0.999642

2024-03-21 05:33:04,731 Epoch 132/300, Train Loss: 0.019900, Val Loss: 0.021921  
	Train = MSE:0.019895 , RMSE:0.141048 , MAE:0.110008 , MAPD:0.578953, R_squared:0.999656  
	Validation = MSE:0.022272 , RMSE:0.149239 , MAE:0.110979 , MAPD:0.571496, R_squared:0.999599

2024-03-21 05:33:09,892 Epoch 133/300, Train Loss: 0.060181, Val Loss: 0.046798  
	Train = MSE:0.060172 , RMSE:0.245299 , MAE:0.201322 , MAPD:1.062695, R_squared:0.998958  
	Validation = MSE:0.046551 , RMSE:0.215757 , MAE:0.172245 , MAPD:0.832724, R_squared:0.999162

2024-03-21 05:33:16,424 Epoch 134/300, Train Loss: 0.030137, Val Loss: 0.026300  
	Train = MSE:0.030143 , RMSE:0.173616 , MAE:0.130875 , MAPD:0.691344, R_squared:0.999478  
	Validation = MSE:0.026652 , RMSE:0.163254 , MAE:0.123509 , MAPD:0.638330, R_squared:0.999520

2024-03-21 05:33:22,602 Epoch 135/300, Train Loss: 0.016998, Val Loss: 0.014008  
	Train = MSE:0.017000 , RMSE:0.130382 , MAE:0.099847 , MAPD:0.528216, R_squared:0.999706  
	Validation = MSE:0.014258 , RMSE:0.119405 , MAE:0.086230 , MAPD:0.466562, R_squared:0.999743

2024-03-21 05:33:27,831 Epoch 136/300, Train Loss: 0.021072, Val Loss: 0.050287  
	Train = MSE:0.021074 , RMSE:0.145168 , MAE:0.111981 , MAPD:0.593789, R_squared:0.999635  
	Validation = MSE:0.050580 , RMSE:0.224901 , MAE:0.196555 , MAPD:1.110832, R_squared:0.999090

2024-03-21 05:33:33,701 Epoch 137/300, Train Loss: 0.022250, Val Loss: 0.039015  
	Train = MSE:0.022253 , RMSE:0.149175 , MAE:0.115319 , MAPD:0.610534, R_squared:0.999615  
	Validation = MSE:0.038804 , RMSE:0.196988 , MAE:0.168573 , MAPD:0.960454, R_squared:0.999302

2024-03-21 05:33:38,964 Epoch 138/300, Train Loss: 0.015986, Val Loss: 0.013856  
	Train = MSE:0.015979 , RMSE:0.126408 , MAE:0.095443 , MAPD:0.502245, R_squared:0.999723  
	Validation = MSE:0.014143 , RMSE:0.118924 , MAE:0.086719 , MAPD:0.470503, R_squared:0.999746

2024-03-21 05:33:44,170 Epoch 139/300, Train Loss: 0.014510, Val Loss: 0.015343  
	Train = MSE:0.014508 , RMSE:0.120448 , MAE:0.091236 , MAPD:0.478741, R_squared:0.999749  
	Validation = MSE:0.015573 , RMSE:0.124794 , MAE:0.092741 , MAPD:0.532158, R_squared:0.999720

2024-03-21 05:33:49,428 Epoch 140/300, Train Loss: 0.018616, Val Loss: 0.032786  
	Train = MSE:0.018615 , RMSE:0.136438 , MAE:0.106416 , MAPD:0.557384, R_squared:0.999678  
	Validation = MSE:0.032976 , RMSE:0.181592 , MAE:0.144053 , MAPD:0.880223, R_squared:0.999407

2024-03-21 05:33:55,167 Epoch 141/300, Train Loss: 0.017048, Val Loss: 0.021032  
	Train = MSE:0.017049 , RMSE:0.130571 , MAE:0.100290 , MAPD:0.528986, R_squared:0.999705  
	Validation = MSE:0.021383 , RMSE:0.146231 , MAE:0.109316 , MAPD:0.580375, R_squared:0.999615

2024-03-21 05:34:02,729 Epoch 142/300, Train Loss: 0.015559, Val Loss: 0.017576  
	Train = MSE:0.015557 , RMSE:0.124729 , MAE:0.094950 , MAPD:0.499116, R_squared:0.999731  
	Validation = MSE:0.017806 , RMSE:0.133439 , MAE:0.097460 , MAPD:0.529473, R_squared:0.999680

2024-03-21 05:34:08,367 Epoch 143/300, Train Loss: 0.017140, Val Loss: 0.023008  
	Train = MSE:0.017141 , RMSE:0.130923 , MAE:0.101050 , MAPD:0.536369, R_squared:0.999703  
	Validation = MSE:0.023096 , RMSE:0.151974 , MAE:0.118691 , MAPD:0.626771, R_squared:0.999584

2024-03-21 05:34:15,286 Epoch 144/300, Train Loss: 0.018323, Val Loss: 0.019772  
	Train = MSE:0.018324 , RMSE:0.135366 , MAE:0.104348 , MAPD:0.552065, R_squared:0.999683  
	Validation = MSE:0.020055 , RMSE:0.141616 , MAE:0.106142 , MAPD:0.620963, R_squared:0.999639

2024-03-21 05:34:21,838 Epoch 145/300, Train Loss: 0.020124, Val Loss: 0.015815  
	Train = MSE:0.020124 , RMSE:0.141860 , MAE:0.110258 , MAPD:0.584683, R_squared:0.999652  
	Validation = MSE:0.016143 , RMSE:0.127057 , MAE:0.089834 , MAPD:0.486790, R_squared:0.999710

2024-03-21 05:34:27,551 Epoch 146/300, Train Loss: 0.016594, Val Loss: 0.026024  
	Train = MSE:0.016594 , RMSE:0.128819 , MAE:0.098800 , MAPD:0.516932, R_squared:0.999713  
	Validation = MSE:0.026359 , RMSE:0.162353 , MAE:0.120948 , MAPD:0.604017, R_squared:0.999526

2024-03-21 05:34:33,406 Epoch 147/300, Train Loss: 0.022146, Val Loss: 0.027227  
	Train = MSE:0.022147 , RMSE:0.148820 , MAE:0.116337 , MAPD:0.617295, R_squared:0.999617  
	Validation = MSE:0.027550 , RMSE:0.165981 , MAE:0.128667 , MAPD:0.666365, R_squared:0.999504

2024-03-21 05:34:38,655 Epoch 148/300, Train Loss: 0.014866, Val Loss: 0.015730  
	Train = MSE:0.014868 , RMSE:0.121934 , MAE:0.092125 , MAPD:0.484965, R_squared:0.999743  
	Validation = MSE:0.015832 , RMSE:0.125826 , MAE:0.096516 , MAPD:0.547997, R_squared:0.999715

2024-03-21 05:34:44,820 Epoch 149/300, Train Loss: 0.028769, Val Loss: 0.015075  
	Train = MSE:0.028773 , RMSE:0.169627 , MAE:0.131614 , MAPD:0.692127, R_squared:0.999502  
	Validation = MSE:0.015321 , RMSE:0.123779 , MAE:0.089327 , MAPD:0.502411, R_squared:0.999724

2024-03-21 05:34:52,567 Epoch 150/300, Train Loss: 0.014848, Val Loss: 0.014886  
	Train = MSE:0.014847 , RMSE:0.121846 , MAE:0.093375 , MAPD:0.494617, R_squared:0.999743  
	Validation = MSE:0.015182 , RMSE:0.123217 , MAE:0.085834 , MAPD:0.468039, R_squared:0.999727

2024-03-21 05:34:57,783 Epoch 151/300, Train Loss: 0.018570, Val Loss: 0.015533  
	Train = MSE:0.018570 , RMSE:0.136273 , MAE:0.104160 , MAPD:0.545735, R_squared:0.999679  
	Validation = MSE:0.015692 , RMSE:0.125267 , MAE:0.092391 , MAPD:0.493636, R_squared:0.999718

2024-03-21 05:35:04,728 Epoch 152/300, Train Loss: 0.015347, Val Loss: 0.015501  
	Train = MSE:0.015345 , RMSE:0.123875 , MAE:0.094617 , MAPD:0.501197, R_squared:0.999734  
	Validation = MSE:0.015749 , RMSE:0.125495 , MAE:0.090807 , MAPD:0.491023, R_squared:0.999717

2024-03-21 05:35:09,935 Epoch 153/300, Train Loss: 0.020699, Val Loss: 0.034579  
	Train = MSE:0.020701 , RMSE:0.143880 , MAE:0.111479 , MAPD:0.587270, R_squared:0.999642  
	Validation = MSE:0.034522 , RMSE:0.185801 , MAE:0.156581 , MAPD:0.824759, R_squared:0.999379

2024-03-21 05:35:15,882 Epoch 154/300, Train Loss: 0.016476, Val Loss: 0.020222  
	Train = MSE:0.016466 , RMSE:0.128319 , MAE:0.098310 , MAPD:0.518182, R_squared:0.999715  
	Validation = MSE:0.020514 , RMSE:0.143226 , MAE:0.106732 , MAPD:0.585890, R_squared:0.999631

2024-03-21 05:35:21,155 Epoch 155/300, Train Loss: 0.018323, Val Loss: 0.018164  
	Train = MSE:0.018324 , RMSE:0.135366 , MAE:0.105439 , MAPD:0.557546, R_squared:0.999683  
	Validation = MSE:0.018435 , RMSE:0.135775 , MAE:0.098587 , MAPD:0.543202, R_squared:0.999668

2024-03-21 05:35:28,239 Epoch 156/300, Train Loss: 0.018238, Val Loss: 0.015084  
	Train = MSE:0.018227 , RMSE:0.135006 , MAE:0.103712 , MAPD:0.544766, R_squared:0.999684  
	Validation = MSE:0.015382 , RMSE:0.124025 , MAE:0.088445 , MAPD:0.480119, R_squared:0.999723

2024-03-21 05:35:34,569 Epoch 157/300, Train Loss: 0.021769, Val Loss: 0.034011  
	Train = MSE:0.021768 , RMSE:0.147541 , MAE:0.115099 , MAPD:0.603836, R_squared:0.999623  
	Validation = MSE:0.034057 , RMSE:0.184545 , MAE:0.158181 , MAPD:0.865843, R_squared:0.999387

2024-03-21 05:35:40,102 Epoch 158/300, Train Loss: 0.017790, Val Loss: 0.041199  
	Train = MSE:0.017791 , RMSE:0.133383 , MAE:0.102834 , MAPD:0.540110, R_squared:0.999692  
	Validation = MSE:0.041270 , RMSE:0.203149 , MAE:0.163285 , MAPD:0.832312, R_squared:0.999257

2024-03-21 05:35:45,411 Epoch 159/300, Train Loss: 0.014561, Val Loss: 0.015458  
	Train = MSE:0.014560 , RMSE:0.120666 , MAE:0.091484 , MAPD:0.485475, R_squared:0.999748  
	Validation = MSE:0.015677 , RMSE:0.125209 , MAE:0.091376 , MAPD:0.487609, R_squared:0.999718

2024-03-21 05:35:51,310 Epoch 160/300, Train Loss: 0.017432, Val Loss: 0.014598  
	Train = MSE:0.017427 , RMSE:0.132013 , MAE:0.101977 , MAPD:0.540959, R_squared:0.999698  
	Validation = MSE:0.014881 , RMSE:0.121987 , MAE:0.088535 , MAPD:0.495462, R_squared:0.999732

2024-03-21 05:35:56,456 Epoch 161/300, Train Loss: 0.016151, Val Loss: 0.019278  
	Train = MSE:0.016152 , RMSE:0.127090 , MAE:0.098436 , MAPD:0.525215, R_squared:0.999720  
	Validation = MSE:0.019425 , RMSE:0.139372 , MAE:0.109187 , MAPD:0.615598, R_squared:0.999650

2024-03-21 05:36:03,358 Epoch 162/300, Train Loss: 0.019071, Val Loss: 0.013923  
	Train = MSE:0.019073 , RMSE:0.138106 , MAE:0.107252 , MAPD:0.563255, R_squared:0.999670  
	Validation = MSE:0.014228 , RMSE:0.119281 , MAE:0.083313 , MAPD:0.447500, R_squared:0.999744

2024-03-21 05:36:08,616 Epoch 163/300, Train Loss: 0.013775, Val Loss: 0.015167  
	Train = MSE:0.013774 , RMSE:0.117364 , MAE:0.089736 , MAPD:0.475741, R_squared:0.999762  
	Validation = MSE:0.015420 , RMSE:0.124177 , MAE:0.088863 , MAPD:0.482341, R_squared:0.999723

2024-03-21 05:36:14,950 Epoch 164/300, Train Loss: 0.012800, Val Loss: 0.013612  
	Train = MSE:0.012800 , RMSE:0.113136 , MAE:0.085454 , MAPD:0.450145, R_squared:0.999778  
	Validation = MSE:0.013926 , RMSE:0.118009 , MAE:0.084154 , MAPD:0.455585, R_squared:0.999749

2024-03-21 05:36:20,430 Epoch 165/300, Train Loss: 0.018888, Val Loss: 0.031546  
	Train = MSE:0.018890 , RMSE:0.137442 , MAE:0.106445 , MAPD:0.565560, R_squared:0.999673  
	Validation = MSE:0.031852 , RMSE:0.178471 , MAE:0.147351 , MAPD:0.887803, R_squared:0.999427

2024-03-21 05:36:25,756 Epoch 166/300, Train Loss: 0.016259, Val Loss: 0.015691  
	Train = MSE:0.016258 , RMSE:0.127509 , MAE:0.097670 , MAPD:0.520528, R_squared:0.999719  
	Validation = MSE:0.015990 , RMSE:0.126450 , MAE:0.090355 , MAPD:0.488749, R_squared:0.999712

2024-03-21 05:36:31,742 Epoch 167/300, Train Loss: 0.015276, Val Loss: 0.013403  
	Train = MSE:0.015276 , RMSE:0.123597 , MAE:0.094656 , MAPD:0.499514, R_squared:0.999736  
	Validation = MSE:0.013674 , RMSE:0.116934 , MAE:0.082679 , MAPD:0.448527, R_squared:0.999754

2024-03-21 05:36:37,024 Epoch 168/300, Train Loss: 0.015861, Val Loss: 0.025303  
	Train = MSE:0.015861 , RMSE:0.125940 , MAE:0.096061 , MAPD:0.509574, R_squared:0.999725  
	Validation = MSE:0.025625 , RMSE:0.160077 , MAE:0.130229 , MAPD:0.761970, R_squared:0.999539

2024-03-21 05:36:43,067 Epoch 169/300, Train Loss: 0.018969, Val Loss: 0.013664  
	Train = MSE:0.018973 , RMSE:0.137742 , MAE:0.107104 , MAPD:0.569655, R_squared:0.999672  
	Validation = MSE:0.013950 , RMSE:0.118109 , MAE:0.081643 , MAPD:0.437898, R_squared:0.999749

2024-03-21 05:36:49,029 Epoch 170/300, Train Loss: 0.021586, Val Loss: 0.023210  
	Train = MSE:0.021583 , RMSE:0.146910 , MAE:0.112497 , MAPD:0.596832, R_squared:0.999626  
	Validation = MSE:0.023456 , RMSE:0.153154 , MAE:0.114681 , MAPD:0.593113, R_squared:0.999578

2024-03-21 05:36:55,187 Epoch 171/300, Train Loss: 0.022646, Val Loss: 0.028069  
	Train = MSE:0.022650 , RMSE:0.150500 , MAE:0.117897 , MAPD:0.630868, R_squared:0.999608  
	Validation = MSE:0.028494 , RMSE:0.168801 , MAE:0.136570 , MAPD:0.789667, R_squared:0.999487

2024-03-21 05:37:03,824 Epoch 172/300, Train Loss: 0.019893, Val Loss: 0.066325  
	Train = MSE:0.019883 , RMSE:0.141009 , MAE:0.109823 , MAPD:0.575292, R_squared:0.999656  
	Validation = MSE:0.066295 , RMSE:0.257478 , MAE:0.228614 , MAPD:1.349830, R_squared:0.998807

2024-03-21 05:37:10,670 Epoch 173/300, Train Loss: 0.021651, Val Loss: 0.015152  
	Train = MSE:0.021651 , RMSE:0.147144 , MAE:0.110031 , MAPD:0.595962, R_squared:0.999625  
	Validation = MSE:0.015402 , RMSE:0.124103 , MAE:0.091806 , MAPD:0.493120, R_squared:0.999723

2024-03-21 05:37:16,766 Epoch 174/300, Train Loss: 0.017923, Val Loss: 0.014669  
	Train = MSE:0.017922 , RMSE:0.133872 , MAE:0.102257 , MAPD:0.533038, R_squared:0.999690  
	Validation = MSE:0.014920 , RMSE:0.122149 , MAE:0.086987 , MAPD:0.472292, R_squared:0.999732

2024-03-21 05:37:22,606 Epoch 175/300, Train Loss: 0.021175, Val Loss: 0.022609  
	Train = MSE:0.021175 , RMSE:0.145518 , MAE:0.112176 , MAPD:0.591429, R_squared:0.999633  
	Validation = MSE:0.022608 , RMSE:0.150361 , MAE:0.117299 , MAPD:0.605273, R_squared:0.999593

2024-03-21 05:37:27,939 Epoch 176/300, Train Loss: 0.015442, Val Loss: 0.024918  
	Train = MSE:0.015438 , RMSE:0.124249 , MAE:0.095742 , MAPD:0.506695, R_squared:0.999733  
	Validation = MSE:0.024962 , RMSE:0.157994 , MAE:0.126759 , MAPD:0.661262, R_squared:0.999551

2024-03-21 05:37:33,816 Epoch 177/300, Train Loss: 0.013790, Val Loss: 0.017319  
	Train = MSE:0.013789 , RMSE:0.117426 , MAE:0.088500 , MAPD:0.466417, R_squared:0.999761  
	Validation = MSE:0.017406 , RMSE:0.131931 , MAE:0.101195 , MAPD:0.584913, R_squared:0.999687

2024-03-21 05:37:39,123 Epoch 178/300, Train Loss: 0.018281, Val Loss: 0.014652  
	Train = MSE:0.018283 , RMSE:0.135215 , MAE:0.103929 , MAPD:0.546847, R_squared:0.999684  
	Validation = MSE:0.014889 , RMSE:0.122021 , MAE:0.093347 , MAPD:0.513233, R_squared:0.999732

2024-03-21 05:37:44,907 Epoch 179/300, Train Loss: 0.011900, Val Loss: 0.013027  
	Train = MSE:0.011900 , RMSE:0.109089 , MAE:0.081600 , MAPD:0.429762, R_squared:0.999794  
	Validation = MSE:0.013258 , RMSE:0.115145 , MAE:0.082937 , MAPD:0.456327, R_squared:0.999761

2024-03-21 05:37:50,241 Epoch 180/300, Train Loss: 0.022376, Val Loss: 0.017577  
	Train = MSE:0.022378 , RMSE:0.149594 , MAE:0.117800 , MAPD:0.621320, R_squared:0.999613  
	Validation = MSE:0.017662 , RMSE:0.132900 , MAE:0.099739 , MAPD:0.592652, R_squared:0.999682

2024-03-21 05:37:55,517 Epoch 181/300, Train Loss: 0.012667, Val Loss: 0.017410  
	Train = MSE:0.012665 , RMSE:0.112538 , MAE:0.085896 , MAPD:0.453840, R_squared:0.999781  
	Validation = MSE:0.017659 , RMSE:0.132887 , MAE:0.095221 , MAPD:0.520755, R_squared:0.999682

2024-03-21 05:38:02,813 Epoch 182/300, Train Loss: 0.013988, Val Loss: 0.016566  
	Train = MSE:0.013989 , RMSE:0.118275 , MAE:0.089738 , MAPD:0.468673, R_squared:0.999758  
	Validation = MSE:0.016799 , RMSE:0.129613 , MAE:0.090170 , MAPD:0.498402, R_squared:0.999698

2024-03-21 05:38:09,141 Epoch 183/300, Train Loss: 0.011652, Val Loss: 0.016005  
	Train = MSE:0.011653 , RMSE:0.107951 , MAE:0.080725 , MAPD:0.424167, R_squared:0.999798  
	Validation = MSE:0.016176 , RMSE:0.127184 , MAE:0.097350 , MAPD:0.567373, R_squared:0.999709

2024-03-21 05:38:14,964 Epoch 184/300, Train Loss: 0.017384, Val Loss: 0.014667  
	Train = MSE:0.017380 , RMSE:0.131835 , MAE:0.102245 , MAPD:0.536903, R_squared:0.999699  
	Validation = MSE:0.014929 , RMSE:0.122186 , MAE:0.088488 , MAPD:0.494309, R_squared:0.999731

2024-03-21 05:38:20,270 Epoch 185/300, Train Loss: 0.026329, Val Loss: 0.014648  
	Train = MSE:0.026331 , RMSE:0.162268 , MAE:0.123982 , MAPD:0.652225, R_squared:0.999544  
	Validation = MSE:0.014833 , RMSE:0.121793 , MAE:0.086527 , MAPD:0.475479, R_squared:0.999733

2024-03-21 05:38:25,888 Epoch 186/300, Train Loss: 0.019851, Val Loss: 0.018073  
	Train = MSE:0.019850 , RMSE:0.140892 , MAE:0.109649 , MAPD:0.577983, R_squared:0.999656  
	Validation = MSE:0.018272 , RMSE:0.135175 , MAE:0.100239 , MAPD:0.555051, R_squared:0.999671

2024-03-21 05:38:32,457 Epoch 187/300, Train Loss: 0.015227, Val Loss: 0.014115  
	Train = MSE:0.015228 , RMSE:0.123403 , MAE:0.094244 , MAPD:0.496493, R_squared:0.999736  
	Validation = MSE:0.014356 , RMSE:0.119815 , MAE:0.083809 , MAPD:0.455560, R_squared:0.999742

2024-03-21 05:38:37,752 Epoch 188/300, Train Loss: 0.012119, Val Loss: 0.027064  
	Train = MSE:0.012117 , RMSE:0.110079 , MAE:0.082867 , MAPD:0.435663, R_squared:0.999790  
	Validation = MSE:0.027305 , RMSE:0.165241 , MAE:0.133005 , MAPD:0.740863, R_squared:0.999509

2024-03-21 05:38:45,819 Epoch 189/300, Train Loss: 0.020956, Val Loss: 0.031719  
	Train = MSE:0.020959 , RMSE:0.144772 , MAE:0.114347 , MAPD:0.603451, R_squared:0.999637  
	Validation = MSE:0.031704 , RMSE:0.178057 , MAE:0.146995 , MAPD:0.768805, R_squared:0.999430

2024-03-21 05:38:54,653 Epoch 190/300, Train Loss: 0.017162, Val Loss: 0.012277  
	Train = MSE:0.017161 , RMSE:0.131002 , MAE:0.101166 , MAPD:0.543831, R_squared:0.999703  
	Validation = MSE:0.012510 , RMSE:0.111848 , MAE:0.079181 , MAPD:0.437532, R_squared:0.999775

2024-03-21 05:39:00,012 Epoch 191/300, Train Loss: 0.015553, Val Loss: 0.018190  
	Train = MSE:0.015549 , RMSE:0.124695 , MAE:0.095951 , MAPD:0.504601, R_squared:0.999731  
	Validation = MSE:0.018355 , RMSE:0.135480 , MAE:0.099456 , MAPD:0.534327, R_squared:0.999670

2024-03-21 05:39:07,105 Epoch 192/300, Train Loss: 0.020317, Val Loss: 0.014205  
	Train = MSE:0.020315 , RMSE:0.142531 , MAE:0.110618 , MAPD:0.578565, R_squared:0.999648  
	Validation = MSE:0.014428 , RMSE:0.120117 , MAE:0.087614 , MAPD:0.471020, R_squared:0.999740

2024-03-21 05:39:13,139 Epoch 193/300, Train Loss: 0.016891, Val Loss: 0.016550  
	Train = MSE:0.016883 , RMSE:0.129935 , MAE:0.102134 , MAPD:0.540927, R_squared:0.999708  
	Validation = MSE:0.016758 , RMSE:0.129452 , MAE:0.094632 , MAPD:0.485217, R_squared:0.999698

2024-03-21 05:39:18,939 Epoch 194/300, Train Loss: 0.017272, Val Loss: 0.018194  
	Train = MSE:0.017274 , RMSE:0.131432 , MAE:0.099585 , MAPD:0.534440, R_squared:0.999701  
	Validation = MSE:0.018354 , RMSE:0.135477 , MAE:0.098458 , MAPD:0.570102, R_squared:0.999670

2024-03-21 05:39:26,196 Epoch 195/300, Train Loss: 0.018353, Val Loss: 0.014985  
	Train = MSE:0.018356 , RMSE:0.135485 , MAE:0.105073 , MAPD:0.557937, R_squared:0.999682  
	Validation = MSE:0.015201 , RMSE:0.123293 , MAE:0.085735 , MAPD:0.472379, R_squared:0.999726

2024-03-21 05:39:32,627 Epoch 196/300, Train Loss: 0.011847, Val Loss: 0.029265  
	Train = MSE:0.011838 , RMSE:0.108805 , MAE:0.081923 , MAPD:0.428932, R_squared:0.999795  
	Validation = MSE:0.029308 , RMSE:0.171195 , MAE:0.146973 , MAPD:0.797367, R_squared:0.999473

2024-03-21 05:39:39,749 Epoch 197/300, Train Loss: 0.017689, Val Loss: 0.014578  
	Train = MSE:0.017691 , RMSE:0.133009 , MAE:0.100118 , MAPD:0.528936, R_squared:0.999694  
	Validation = MSE:0.014784 , RMSE:0.121591 , MAE:0.086675 , MAPD:0.463096, R_squared:0.999734

2024-03-21 05:39:46,081 Epoch 198/300, Train Loss: 0.013621, Val Loss: 0.018720  
	Train = MSE:0.013616 , RMSE:0.116688 , MAE:0.089329 , MAPD:0.468099, R_squared:0.999764  
	Validation = MSE:0.018953 , RMSE:0.137671 , MAE:0.101485 , MAPD:0.549673, R_squared:0.999659

2024-03-21 05:39:52,988 Epoch 199/300, Train Loss: 0.011315, Val Loss: 0.015802  
	Train = MSE:0.011313 , RMSE:0.106361 , MAE:0.079954 , MAPD:0.419691, R_squared:0.999804  
	Validation = MSE:0.016009 , RMSE:0.126528 , MAE:0.095159 , MAPD:0.498735, R_squared:0.999712

2024-03-21 05:39:57,674 Epoch 200/300, Train Loss: 0.017727, Val Loss: 0.017761  
	Train = MSE:0.017724 , RMSE:0.133130 , MAE:0.102938 , MAPD:0.540371, R_squared:0.999693  
	Validation = MSE:0.017906 , RMSE:0.133815 , MAE:0.101060 , MAPD:0.532091, R_squared:0.999678

2024-03-21 05:40:01,898 Epoch 201/300, Train Loss: 0.013521, Val Loss: 0.015759  
	Train = MSE:0.013519 , RMSE:0.116272 , MAE:0.089572 , MAPD:0.471987, R_squared:0.999766  
	Validation = MSE:0.015943 , RMSE:0.126266 , MAE:0.093231 , MAPD:0.492448, R_squared:0.999713

2024-03-21 05:40:09,785 Epoch 202/300, Train Loss: 0.013022, Val Loss: 0.015713  
	Train = MSE:0.013022 , RMSE:0.114115 , MAE:0.088271 , MAPD:0.463592, R_squared:0.999775  
	Validation = MSE:0.015966 , RMSE:0.126358 , MAE:0.094474 , MAPD:0.518823, R_squared:0.999713

2024-03-21 05:40:16,408 Epoch 203/300, Train Loss: 0.016313, Val Loss: 0.013375  
	Train = MSE:0.016312 , RMSE:0.127717 , MAE:0.099305 , MAPD:0.515421, R_squared:0.999718  
	Validation = MSE:0.013655 , RMSE:0.116854 , MAE:0.082481 , MAPD:0.465157, R_squared:0.999754

2024-03-21 05:40:21,283 Epoch 204/300, Train Loss: 0.012056, Val Loss: 0.014181  
	Train = MSE:0.012056 , RMSE:0.109800 , MAE:0.082987 , MAPD:0.438707, R_squared:0.999791  
	Validation = MSE:0.014463 , RMSE:0.120262 , MAE:0.084396 , MAPD:0.455573, R_squared:0.999740

2024-03-21 05:40:25,426 Epoch 205/300, Train Loss: 0.021838, Val Loss: 0.016708  
	Train = MSE:0.021842 , RMSE:0.147789 , MAE:0.116074 , MAPD:0.610606, R_squared:0.999622  
	Validation = MSE:0.017051 , RMSE:0.130581 , MAE:0.093955 , MAPD:0.512107, R_squared:0.999693

2024-03-21 05:40:29,971 Epoch 206/300, Train Loss: 0.013095, Val Loss: 0.012753  
	Train = MSE:0.013095 , RMSE:0.114435 , MAE:0.087059 , MAPD:0.458299, R_squared:0.999773  
	Validation = MSE:0.013001 , RMSE:0.114021 , MAE:0.080133 , MAPD:0.431728, R_squared:0.999766

2024-03-21 05:40:35,499 Epoch 207/300, Train Loss: 0.014862, Val Loss: 0.023587  
	Train = MSE:0.014863 , RMSE:0.121912 , MAE:0.094119 , MAPD:0.496173, R_squared:0.999743  
	Validation = MSE:0.023920 , RMSE:0.154660 , MAE:0.118340 , MAPD:0.659520, R_squared:0.999570

2024-03-21 05:40:42,361 Epoch 208/300, Train Loss: 0.015326, Val Loss: 0.017520  
	Train = MSE:0.015327 , RMSE:0.123804 , MAE:0.095114 , MAPD:0.502438, R_squared:0.999735  
	Validation = MSE:0.017703 , RMSE:0.133053 , MAE:0.099812 , MAPD:0.582520, R_squared:0.999681

2024-03-21 05:40:47,202 Epoch 209/300, Train Loss: 0.016801, Val Loss: 0.011657  
	Train = MSE:0.016803 , RMSE:0.129627 , MAE:0.100969 , MAPD:0.528822, R_squared:0.999709  
	Validation = MSE:0.011939 , RMSE:0.109266 , MAE:0.076059 , MAPD:0.414863, R_squared:0.999785

2024-03-21 05:40:51,349 Epoch 210/300, Train Loss: 0.009258, Val Loss: 0.015332  
	Train = MSE:0.009257 , RMSE:0.096212 , MAE:0.071713 , MAPD:0.373441, R_squared:0.999840  
	Validation = MSE:0.015523 , RMSE:0.124589 , MAE:0.089515 , MAPD:0.492922, R_squared:0.999721

2024-03-21 05:40:55,891 Epoch 211/300, Train Loss: 0.015658, Val Loss: 0.015758  
	Train = MSE:0.015651 , RMSE:0.125104 , MAE:0.096536 , MAPD:0.503384, R_squared:0.999729  
	Validation = MSE:0.015909 , RMSE:0.126131 , MAE:0.092701 , MAPD:0.479107, R_squared:0.999714

2024-03-21 05:41:02,505 Epoch 212/300, Train Loss: 0.020289, Val Loss: 0.011827  
	Train = MSE:0.020292 , RMSE:0.142452 , MAE:0.111570 , MAPD:0.589637, R_squared:0.999649  
	Validation = MSE:0.012065 , RMSE:0.109842 , MAE:0.077785 , MAPD:0.416519, R_squared:0.999783

2024-03-21 05:41:06,991 Epoch 213/300, Train Loss: 0.012159, Val Loss: 0.014240  
	Train = MSE:0.012155 , RMSE:0.110251 , MAE:0.084473 , MAPD:0.443638, R_squared:0.999790  
	Validation = MSE:0.014448 , RMSE:0.120199 , MAE:0.084025 , MAPD:0.464426, R_squared:0.999740

2024-03-21 05:41:11,365 Epoch 214/300, Train Loss: 0.020753, Val Loss: 0.016477  
	Train = MSE:0.020753 , RMSE:0.144058 , MAE:0.113842 , MAPD:0.603471, R_squared:0.999641  
	Validation = MSE:0.016576 , RMSE:0.128746 , MAE:0.090199 , MAPD:0.470558, R_squared:0.999702

2024-03-21 05:41:15,576 Epoch 215/300, Train Loss: 0.016390, Val Loss: 0.014353  
	Train = MSE:0.016393 , RMSE:0.128035 , MAE:0.099100 , MAPD:0.517734, R_squared:0.999716  
	Validation = MSE:0.014518 , RMSE:0.120490 , MAE:0.085291 , MAPD:0.458086, R_squared:0.999739

2024-03-21 05:41:20,585 Epoch 216/300, Train Loss: 0.013057, Val Loss: 0.025827  
	Train = MSE:0.013055 , RMSE:0.114260 , MAE:0.088584 , MAPD:0.467651, R_squared:0.999774  
	Validation = MSE:0.025986 , RMSE:0.161202 , MAE:0.133800 , MAPD:0.705549, R_squared:0.999532

2024-03-21 05:41:24,774 Epoch 217/300, Train Loss: 0.012573, Val Loss: 0.021827  
	Train = MSE:0.012573 , RMSE:0.112130 , MAE:0.086157 , MAPD:0.453265, R_squared:0.999782  
	Validation = MSE:0.022044 , RMSE:0.148471 , MAE:0.110010 , MAPD:0.552579, R_squared:0.999603

2024-03-21 05:41:29,437 Epoch 218/300, Train Loss: 0.014835, Val Loss: 0.043955  
	Train = MSE:0.014833 , RMSE:0.121791 , MAE:0.094976 , MAPD:0.500469, R_squared:0.999743  
	Validation = MSE:0.043800 , RMSE:0.209284 , MAE:0.185927 , MAPD:0.976200, R_squared:0.999212

2024-03-21 05:41:33,624 Epoch 219/300, Train Loss: 0.013636, Val Loss: 0.018280  
	Train = MSE:0.013638 , RMSE:0.116781 , MAE:0.090305 , MAPD:0.478708, R_squared:0.999764  
	Validation = MSE:0.018578 , RMSE:0.136300 , MAE:0.098104 , MAPD:0.501122, R_squared:0.999666

2024-03-21 05:41:37,781 Epoch 220/300, Train Loss: 0.011839, Val Loss: 0.013346  
	Train = MSE:0.011840 , RMSE:0.108813 , MAE:0.082944 , MAPD:0.435832, R_squared:0.999795  
	Validation = MSE:0.013547 , RMSE:0.116391 , MAE:0.085278 , MAPD:0.494847, R_squared:0.999756

2024-03-21 05:41:42,311 Epoch 221/300, Train Loss: 0.014097, Val Loss: 0.015670  
	Train = MSE:0.014098 , RMSE:0.118734 , MAE:0.091516 , MAPD:0.484504, R_squared:0.999756  
	Validation = MSE:0.015788 , RMSE:0.125650 , MAE:0.097728 , MAPD:0.554474, R_squared:0.999716

2024-03-21 05:41:48,197 Epoch 222/300, Train Loss: 0.014076, Val Loss: 0.012188  
	Train = MSE:0.014079 , RMSE:0.118654 , MAE:0.090452 , MAPD:0.474443, R_squared:0.999756  
	Validation = MSE:0.012447 , RMSE:0.111566 , MAE:0.077900 , MAPD:0.430599, R_squared:0.999776

2024-03-21 05:41:53,095 Epoch 223/300, Train Loss: 0.012800, Val Loss: 0.015501  
	Train = MSE:0.012802 , RMSE:0.113147 , MAE:0.086424 , MAPD:0.456838, R_squared:0.999778  
	Validation = MSE:0.015703 , RMSE:0.125312 , MAE:0.090463 , MAPD:0.503954, R_squared:0.999717

2024-03-21 05:41:57,244 Epoch 224/300, Train Loss: 0.016351, Val Loss: 0.026691  
	Train = MSE:0.016351 , RMSE:0.127870 , MAE:0.099216 , MAPD:0.520000, R_squared:0.999717  
	Validation = MSE:0.026672 , RMSE:0.163315 , MAE:0.121811 , MAPD:0.598120, R_squared:0.999520

2024-03-21 05:42:01,441 Epoch 225/300, Train Loss: 0.010735, Val Loss: 0.019235  
	Train = MSE:0.010734 , RMSE:0.103606 , MAE:0.078787 , MAPD:0.419873, R_squared:0.999814  
	Validation = MSE:0.019471 , RMSE:0.139539 , MAE:0.107105 , MAPD:0.604418, R_squared:0.999650

2024-03-21 05:42:05,657 Epoch 226/300, Train Loss: 0.012368, Val Loss: 0.011951  
	Train = MSE:0.012368 , RMSE:0.111210 , MAE:0.085377 , MAPD:0.452421, R_squared:0.999786  
	Validation = MSE:0.012159 , RMSE:0.110266 , MAE:0.076748 , MAPD:0.416765, R_squared:0.999781

2024-03-21 05:42:10,312 Epoch 227/300, Train Loss: 0.013859, Val Loss: 0.013455  
	Train = MSE:0.013860 , RMSE:0.117730 , MAE:0.089616 , MAPD:0.479957, R_squared:0.999760  
	Validation = MSE:0.013683 , RMSE:0.116975 , MAE:0.082630 , MAPD:0.458608, R_squared:0.999754

2024-03-21 05:42:15,216 Epoch 228/300, Train Loss: 0.011547, Val Loss: 0.011686  
	Train = MSE:0.011548 , RMSE:0.107461 , MAE:0.081780 , MAPD:0.427597, R_squared:0.999800  
	Validation = MSE:0.011888 , RMSE:0.109034 , MAE:0.073034 , MAPD:0.400023, R_squared:0.999786

2024-03-21 05:42:20,957 Epoch 229/300, Train Loss: 0.024673, Val Loss: 0.029816  
	Train = MSE:0.024677 , RMSE:0.157090 , MAE:0.122702 , MAPD:0.646297, R_squared:0.999573  
	Validation = MSE:0.029991 , RMSE:0.173178 , MAE:0.146047 , MAPD:0.874557, R_squared:0.999460

2024-03-21 05:42:25,402 Epoch 230/300, Train Loss: 0.010305, Val Loss: 0.014382  
	Train = MSE:0.010306 , RMSE:0.101516 , MAE:0.076409 , MAPD:0.398678, R_squared:0.999822  
	Validation = MSE:0.014551 , RMSE:0.120627 , MAE:0.089324 , MAPD:0.457551, R_squared:0.999738

2024-03-21 05:42:29,736 Epoch 231/300, Train Loss: 0.011846, Val Loss: 0.012193  
	Train = MSE:0.011845 , RMSE:0.108836 , MAE:0.083237 , MAPD:0.441122, R_squared:0.999795  
	Validation = MSE:0.012401 , RMSE:0.111361 , MAE:0.078167 , MAPD:0.435002, R_squared:0.999777

2024-03-21 05:42:35,616 Epoch 232/300, Train Loss: 0.013005, Val Loss: 0.013345  
	Train = MSE:0.013007 , RMSE:0.114047 , MAE:0.088444 , MAPD:0.469270, R_squared:0.999775  
	Validation = MSE:0.013481 , RMSE:0.116107 , MAE:0.087548 , MAPD:0.501425, R_squared:0.999757

2024-03-21 05:42:39,775 Epoch 233/300, Train Loss: 0.012847, Val Loss: 0.016586  
	Train = MSE:0.012844 , RMSE:0.113333 , MAE:0.086780 , MAPD:0.451315, R_squared:0.999778  
	Validation = MSE:0.016823 , RMSE:0.129704 , MAE:0.095229 , MAPD:0.551390, R_squared:0.999697

2024-03-21 05:42:44,954 Epoch 234/300, Train Loss: 0.010285, Val Loss: 0.012388  
	Train = MSE:0.010286 , RMSE:0.101420 , MAE:0.077159 , MAPD:0.409352, R_squared:0.999822  
	Validation = MSE:0.012624 , RMSE:0.112355 , MAE:0.077964 , MAPD:0.422607, R_squared:0.999773

2024-03-21 05:42:49,183 Epoch 235/300, Train Loss: 0.011711, Val Loss: 0.012904  
	Train = MSE:0.011713 , RMSE:0.108225 , MAE:0.083038 , MAPD:0.439820, R_squared:0.999797  
	Validation = MSE:0.013018 , RMSE:0.114098 , MAE:0.077586 , MAPD:0.441490, R_squared:0.999766

2024-03-21 05:42:53,380 Epoch 236/300, Train Loss: 0.018374, Val Loss: 0.015189  
	Train = MSE:0.018369 , RMSE:0.135532 , MAE:0.105179 , MAPD:0.545673, R_squared:0.999682  
	Validation = MSE:0.015391 , RMSE:0.124060 , MAE:0.092751 , MAPD:0.486543, R_squared:0.999723

2024-03-21 05:42:58,356 Epoch 237/300, Train Loss: 0.015573, Val Loss: 0.014431  
	Train = MSE:0.015577 , RMSE:0.124807 , MAE:0.096618 , MAPD:0.505833, R_squared:0.999730  
	Validation = MSE:0.014632 , RMSE:0.120961 , MAE:0.089661 , MAPD:0.484377, R_squared:0.999737

2024-03-21 05:43:02,705 Epoch 238/300, Train Loss: 0.017119, Val Loss: 0.012257  
	Train = MSE:0.017121 , RMSE:0.130848 , MAE:0.099684 , MAPD:0.522366, R_squared:0.999704  
	Validation = MSE:0.012518 , RMSE:0.111886 , MAE:0.075635 , MAPD:0.406497, R_squared:0.999775

2024-03-21 05:43:06,877 Epoch 239/300, Train Loss: 0.010127, Val Loss: 0.013513  
	Train = MSE:0.010129 , RMSE:0.100645 , MAE:0.075772 , MAPD:0.395369, R_squared:0.999825  
	Validation = MSE:0.013621 , RMSE:0.116708 , MAE:0.085898 , MAPD:0.468098, R_squared:0.999755

2024-03-21 05:43:11,089 Epoch 240/300, Train Loss: 0.014690, Val Loss: 0.014725  
	Train = MSE:0.014693 , RMSE:0.121213 , MAE:0.092972 , MAPD:0.487054, R_squared:0.999746  
	Validation = MSE:0.014876 , RMSE:0.121966 , MAE:0.088567 , MAPD:0.512919, R_squared:0.999732

2024-03-21 05:43:15,298 Epoch 241/300, Train Loss: 0.009647, Val Loss: 0.014949  
	Train = MSE:0.009647 , RMSE:0.098219 , MAE:0.073760 , MAPD:0.388222, R_squared:0.999833  
	Validation = MSE:0.015105 , RMSE:0.122904 , MAE:0.093476 , MAPD:0.491643, R_squared:0.999728

2024-03-21 05:43:22,916 Epoch 242/300, Train Loss: 0.011579, Val Loss: 0.020550  
	Train = MSE:0.011580 , RMSE:0.107611 , MAE:0.082435 , MAPD:0.434463, R_squared:0.999800  
	Validation = MSE:0.020798 , RMSE:0.144214 , MAE:0.113660 , MAPD:0.642367, R_squared:0.999626

2024-03-21 05:43:27,176 Epoch 243/300, Train Loss: 0.011536, Val Loss: 0.012647  
	Train = MSE:0.011536 , RMSE:0.107404 , MAE:0.081997 , MAPD:0.427583, R_squared:0.999800  
	Validation = MSE:0.012827 , RMSE:0.113255 , MAE:0.082630 , MAPD:0.444652, R_squared:0.999769

2024-03-21 05:43:31,329 Epoch 244/300, Train Loss: 0.016522, Val Loss: 0.044333  
	Train = MSE:0.016517 , RMSE:0.128520 , MAE:0.099225 , MAPD:0.519965, R_squared:0.999714  
	Validation = MSE:0.044429 , RMSE:0.210781 , MAE:0.180878 , MAPD:0.981147, R_squared:0.999201

2024-03-21 05:43:35,731 Epoch 245/300, Train Loss: 0.014431, Val Loss: 0.015537  
	Train = MSE:0.014431 , RMSE:0.120131 , MAE:0.094144 , MAPD:0.496389, R_squared:0.999750  
	Validation = MSE:0.015753 , RMSE:0.125511 , MAE:0.090496 , MAPD:0.485861, R_squared:0.999717

2024-03-21 05:43:40,640 Epoch 246/300, Train Loss: 0.010716, Val Loss: 0.013861  
	Train = MSE:0.010717 , RMSE:0.103525 , MAE:0.078956 , MAPD:0.414308, R_squared:0.999814  
	Validation = MSE:0.014021 , RMSE:0.118410 , MAE:0.087565 , MAPD:0.467522, R_squared:0.999748

2024-03-21 05:43:46,803 Epoch 247/300, Train Loss: 0.011713, Val Loss: 0.014428  
	Train = MSE:0.011712 , RMSE:0.108221 , MAE:0.082321 , MAPD:0.433113, R_squared:0.999797  
	Validation = MSE:0.014563 , RMSE:0.120678 , MAE:0.088576 , MAPD:0.453116, R_squared:0.999738

2024-03-21 05:43:51,171 Epoch 248/300, Train Loss: 0.014416, Val Loss: 0.016900  
	Train = MSE:0.014420 , RMSE:0.120082 , MAE:0.092857 , MAPD:0.482760, R_squared:0.999750  
	Validation = MSE:0.017017 , RMSE:0.130449 , MAE:0.101906 , MAPD:0.540329, R_squared:0.999694

2024-03-21 05:43:55,343 Epoch 249/300, Train Loss: 0.010538, Val Loss: 0.012094  
	Train = MSE:0.010538 , RMSE:0.102656 , MAE:0.078610 , MAPD:0.414577, R_squared:0.999818  
	Validation = MSE:0.012286 , RMSE:0.110843 , MAE:0.078700 , MAPD:0.417882, R_squared:0.999779

2024-03-21 05:44:00,688 Epoch 250/300, Train Loss: 0.014114, Val Loss: 0.017463  
	Train = MSE:0.014112 , RMSE:0.118794 , MAE:0.089301 , MAPD:0.472297, R_squared:0.999756  
	Validation = MSE:0.017600 , RMSE:0.132665 , MAE:0.103315 , MAPD:0.574503, R_squared:0.999683

2024-03-21 05:44:05,147 Epoch 251/300, Train Loss: 0.015318, Val Loss: 0.015661  
	Train = MSE:0.015318 , RMSE:0.123768 , MAE:0.095831 , MAPD:0.504427, R_squared:0.999735  
	Validation = MSE:0.015789 , RMSE:0.125654 , MAE:0.098013 , MAPD:0.522781, R_squared:0.999716

2024-03-21 05:44:11,287 Epoch 252/300, Train Loss: 0.015090, Val Loss: 0.015700  
	Train = MSE:0.015093 , RMSE:0.122854 , MAE:0.095654 , MAPD:0.502239, R_squared:0.999739  
	Validation = MSE:0.015735 , RMSE:0.125440 , MAE:0.094223 , MAPD:0.515982, R_squared:0.999717

2024-03-21 05:44:16,511 Epoch 253/300, Train Loss: 0.011654, Val Loss: 0.023606  
	Train = MSE:0.011653 , RMSE:0.107949 , MAE:0.081987 , MAPD:0.437176, R_squared:0.999798  
	Validation = MSE:0.023673 , RMSE:0.153860 , MAE:0.120497 , MAPD:0.605289, R_squared:0.999574

2024-03-21 05:44:20,692 Epoch 254/300, Train Loss: 0.017416, Val Loss: 0.015194  
	Train = MSE:0.017417 , RMSE:0.131974 , MAE:0.104251 , MAPD:0.550735, R_squared:0.999699  
	Validation = MSE:0.015336 , RMSE:0.123838 , MAE:0.094732 , MAPD:0.532788, R_squared:0.999724

2024-03-21 05:44:24,900 Epoch 255/300, Train Loss: 0.012809, Val Loss: 0.020233  
	Train = MSE:0.012811 , RMSE:0.113185 , MAE:0.086401 , MAPD:0.459839, R_squared:0.999778  
	Validation = MSE:0.020436 , RMSE:0.142953 , MAE:0.117518 , MAPD:0.666023, R_squared:0.999632

2024-03-21 05:44:29,576 Epoch 256/300, Train Loss: 0.010868, Val Loss: 0.014541  
	Train = MSE:0.010863 , RMSE:0.104228 , MAE:0.079420 , MAPD:0.413145, R_squared:0.999812  
	Validation = MSE:0.014671 , RMSE:0.121122 , MAE:0.089729 , MAPD:0.480650, R_squared:0.999736

2024-03-21 05:44:33,935 Epoch 257/300, Train Loss: 0.011296, Val Loss: 0.011143  
	Train = MSE:0.011296 , RMSE:0.106284 , MAE:0.081642 , MAPD:0.433403, R_squared:0.999804  
	Validation = MSE:0.011300 , RMSE:0.106301 , MAE:0.073291 , MAPD:0.405099, R_squared:0.999797

2024-03-21 05:44:39,091 Epoch 258/300, Train Loss: 0.011561, Val Loss: 0.012258  
	Train = MSE:0.011563 , RMSE:0.107533 , MAE:0.082114 , MAPD:0.432842, R_squared:0.999800  
	Validation = MSE:0.012446 , RMSE:0.111562 , MAE:0.082225 , MAPD:0.443112, R_squared:0.999776

2024-03-21 05:44:43,793 Epoch 259/300, Train Loss: 0.021774, Val Loss: 0.023437  
	Train = MSE:0.021777 , RMSE:0.147570 , MAE:0.113968 , MAPD:0.598104, R_squared:0.999623  
	Validation = MSE:0.023471 , RMSE:0.153204 , MAE:0.127271 , MAPD:0.692054, R_squared:0.999578

2024-03-21 05:44:48,774 Epoch 260/300, Train Loss: 0.017822, Val Loss: 0.018142  
	Train = MSE:0.017822 , RMSE:0.133499 , MAE:0.106948 , MAPD:0.560077, R_squared:0.999691  
	Validation = MSE:0.018231 , RMSE:0.135021 , MAE:0.103658 , MAPD:0.540335, R_squared:0.999672

2024-03-21 05:44:54,162 Epoch 261/300, Train Loss: 0.011863, Val Loss: 0.012500  
	Train = MSE:0.011865 , RMSE:0.108925 , MAE:0.084066 , MAPD:0.444607, R_squared:0.999795  
	Validation = MSE:0.012671 , RMSE:0.112565 , MAE:0.078416 , MAPD:0.420520, R_squared:0.999772

2024-03-21 05:45:00,522 Epoch 262/300, Train Loss: 0.014578, Val Loss: 0.035366  
	Train = MSE:0.014574 , RMSE:0.120723 , MAE:0.092544 , MAPD:0.491269, R_squared:0.999748  
	Validation = MSE:0.035573 , RMSE:0.188609 , MAE:0.162657 , MAPD:0.868876, R_squared:0.999360

2024-03-21 05:45:04,712 Epoch 263/300, Train Loss: 0.014404, Val Loss: 0.014004  
	Train = MSE:0.014406 , RMSE:0.120026 , MAE:0.091600 , MAPD:0.473400, R_squared:0.999751  
	Validation = MSE:0.014177 , RMSE:0.119068 , MAE:0.085518 , MAPD:0.452236, R_squared:0.999745

2024-03-21 05:45:08,921 Epoch 264/300, Train Loss: 0.012086, Val Loss: 0.029922  
	Train = MSE:0.012085 , RMSE:0.109933 , MAE:0.084137 , MAPD:0.440580, R_squared:0.999791  
	Validation = MSE:0.030174 , RMSE:0.173706 , MAE:0.146464 , MAPD:0.846199, R_squared:0.999457

2024-03-21 05:45:13,374 Epoch 265/300, Train Loss: 0.015861, Val Loss: 0.013449  
	Train = MSE:0.015863 , RMSE:0.125950 , MAE:0.098494 , MAPD:0.517650, R_squared:0.999725  
	Validation = MSE:0.013490 , RMSE:0.116148 , MAE:0.081609 , MAPD:0.428962, R_squared:0.999757

2024-03-21 05:45:17,754 Epoch 266/300, Train Loss: 0.010438, Val Loss: 0.022947  
	Train = MSE:0.010434 , RMSE:0.102145 , MAE:0.078012 , MAPD:0.404631, R_squared:0.999819  
	Validation = MSE:0.022860 , RMSE:0.151195 , MAE:0.113806 , MAPD:0.556257, R_squared:0.999589

2024-03-21 05:45:22,967 Epoch 267/300, Train Loss: 0.012745, Val Loss: 0.039879  
	Train = MSE:0.012746 , RMSE:0.112896 , MAE:0.086868 , MAPD:0.455620, R_squared:0.999779  
	Validation = MSE:0.039981 , RMSE:0.199952 , MAE:0.169296 , MAPD:0.843601, R_squared:0.999281

2024-03-21 05:45:29,022 Epoch 268/300, Train Loss: 0.016663, Val Loss: 0.025285  
	Train = MSE:0.016660 , RMSE:0.129075 , MAE:0.100855 , MAPD:0.529362, R_squared:0.999712  
	Validation = MSE:0.025442 , RMSE:0.159505 , MAE:0.129140 , MAPD:0.738186, R_squared:0.999542

2024-03-21 05:45:33,629 Epoch 269/300, Train Loss: 0.013651, Val Loss: 0.011819  
	Train = MSE:0.013653 , RMSE:0.116845 , MAE:0.090706 , MAPD:0.478338, R_squared:0.999764  
	Validation = MSE:0.011974 , RMSE:0.109425 , MAE:0.077280 , MAPD:0.416998, R_squared:0.999785

2024-03-21 05:45:39,238 Epoch 270/300, Train Loss: 0.010232, Val Loss: 0.010943  
	Train = MSE:0.010232 , RMSE:0.101151 , MAE:0.076692 , MAPD:0.401010, R_squared:0.999823  
	Validation = MSE:0.011069 , RMSE:0.105211 , MAE:0.073668 , MAPD:0.395044, R_squared:0.999801

2024-03-21 05:45:43,401 Epoch 271/300, Train Loss: 0.009078, Val Loss: 0.013094  
	Train = MSE:0.009076 , RMSE:0.095267 , MAE:0.071921 , MAPD:0.376715, R_squared:0.999843  
	Validation = MSE:0.013171 , RMSE:0.114764 , MAE:0.083499 , MAPD:0.430708, R_squared:0.999763

2024-03-21 05:45:49,359 Epoch 272/300, Train Loss: 0.014300, Val Loss: 0.017093  
	Train = MSE:0.014288 , RMSE:0.119534 , MAE:0.092818 , MAPD:0.489626, R_squared:0.999753  
	Validation = MSE:0.017055 , RMSE:0.130593 , MAE:0.100537 , MAPD:0.530859, R_squared:0.999693

2024-03-21 05:45:55,008 Epoch 273/300, Train Loss: 0.013237, Val Loss: 0.010913  
	Train = MSE:0.013238 , RMSE:0.115057 , MAE:0.088902 , MAPD:0.470212, R_squared:0.999771  
	Validation = MSE:0.011082 , RMSE:0.105272 , MAE:0.072076 , MAPD:0.393842, R_squared:0.999801

2024-03-21 05:45:59,345 Epoch 274/300, Train Loss: 0.011517, Val Loss: 0.012078  
	Train = MSE:0.011517 , RMSE:0.107320 , MAE:0.082359 , MAPD:0.440094, R_squared:0.999801  
	Validation = MSE:0.012300 , RMSE:0.110904 , MAE:0.078329 , MAPD:0.427133, R_squared:0.999779

2024-03-21 05:46:04,401 Epoch 275/300, Train Loss: 0.008902, Val Loss: 0.014276  
	Train = MSE:0.008902 , RMSE:0.094348 , MAE:0.071669 , MAPD:0.377180, R_squared:0.999846  
	Validation = MSE:0.014415 , RMSE:0.120064 , MAE:0.091082 , MAPD:0.492541, R_squared:0.999741

2024-03-21 05:46:08,543 Epoch 276/300, Train Loss: 0.010909, Val Loss: 0.013914  
	Train = MSE:0.010909 , RMSE:0.104445 , MAE:0.080064 , MAPD:0.417041, R_squared:0.999811  
	Validation = MSE:0.013955 , RMSE:0.118133 , MAE:0.085639 , MAPD:0.438041, R_squared:0.999749

2024-03-21 05:46:12,774 Epoch 277/300, Train Loss: 0.009305, Val Loss: 0.022089  
	Train = MSE:0.009304 , RMSE:0.096460 , MAE:0.073767 , MAPD:0.389814, R_squared:0.999839  
	Validation = MSE:0.022346 , RMSE:0.149485 , MAE:0.119792 , MAPD:0.656001, R_squared:0.999598

2024-03-21 05:46:17,595 Epoch 278/300, Train Loss: 0.012676, Val Loss: 0.011273  
	Train = MSE:0.012676 , RMSE:0.112589 , MAE:0.087447 , MAPD:0.460820, R_squared:0.999781  
	Validation = MSE:0.011540 , RMSE:0.107425 , MAE:0.073346 , MAPD:0.398206, R_squared:0.999792

2024-03-21 05:46:21,915 Epoch 279/300, Train Loss: 0.010769, Val Loss: 0.018570  
	Train = MSE:0.010769 , RMSE:0.103772 , MAE:0.079646 , MAPD:0.418844, R_squared:0.999814  
	Validation = MSE:0.018540 , RMSE:0.136161 , MAE:0.104610 , MAPD:0.523391, R_squared:0.999666

2024-03-21 05:46:26,120 Epoch 280/300, Train Loss: 0.015437, Val Loss: 0.028025  
	Train = MSE:0.015439 , RMSE:0.124252 , MAE:0.096037 , MAPD:0.498119, R_squared:0.999733  
	Validation = MSE:0.027905 , RMSE:0.167047 , MAE:0.131662 , MAPD:0.675392, R_squared:0.999498

2024-03-21 05:46:30,326 Epoch 281/300, Train Loss: 0.010701, Val Loss: 0.011458  
	Train = MSE:0.010701 , RMSE:0.103444 , MAE:0.079493 , MAPD:0.419084, R_squared:0.999815  
	Validation = MSE:0.011607 , RMSE:0.107735 , MAE:0.078123 , MAPD:0.431846, R_squared:0.999791

2024-03-21 05:46:37,664 Epoch 282/300, Train Loss: 0.009534, Val Loss: 0.016598  
	Train = MSE:0.009531 , RMSE:0.097627 , MAE:0.074308 , MAPD:0.390609, R_squared:0.999835  
	Validation = MSE:0.016786 , RMSE:0.129560 , MAE:0.097447 , MAPD:0.594674, R_squared:0.999698

2024-03-21 05:46:41,843 Epoch 283/300, Train Loss: 0.011953, Val Loss: 0.012849  
	Train = MSE:0.011954 , RMSE:0.109333 , MAE:0.084224 , MAPD:0.443138, R_squared:0.999793  
	Validation = MSE:0.013033 , RMSE:0.114164 , MAE:0.083049 , MAPD:0.453424, R_squared:0.999765

2024-03-21 05:46:46,134 Epoch 284/300, Train Loss: 0.009996, Val Loss: 0.023391  
	Train = MSE:0.009996 , RMSE:0.099982 , MAE:0.075688 , MAPD:0.395383, R_squared:0.999827  
	Validation = MSE:0.023517 , RMSE:0.153353 , MAE:0.125133 , MAPD:0.693217, R_squared:0.999577

2024-03-21 05:46:51,282 Epoch 285/300, Train Loss: 0.011590, Val Loss: 0.018848  
	Train = MSE:0.011591 , RMSE:0.107660 , MAE:0.082291 , MAPD:0.435334, R_squared:0.999799  
	Validation = MSE:0.018932 , RMSE:0.137595 , MAE:0.110428 , MAPD:0.563004, R_squared:0.999659

2024-03-21 05:46:55,745 Epoch 286/300, Train Loss: 0.012829, Val Loss: 0.013962  
	Train = MSE:0.012831 , RMSE:0.113276 , MAE:0.087921 , MAPD:0.463663, R_squared:0.999778  
	Validation = MSE:0.014127 , RMSE:0.118855 , MAE:0.083168 , MAPD:0.427400, R_squared:0.999746

2024-03-21 05:47:01,310 Epoch 287/300, Train Loss: 0.010021, Val Loss: 0.010491  
	Train = MSE:0.010019 , RMSE:0.100097 , MAE:0.076604 , MAPD:0.403103, R_squared:0.999827  
	Validation = MSE:0.010636 , RMSE:0.103131 , MAE:0.071350 , MAPD:0.389410, R_squared:0.999809

2024-03-21 05:47:05,897 Epoch 288/300, Train Loss: 0.012925, Val Loss: 0.014390  
	Train = MSE:0.012926 , RMSE:0.113693 , MAE:0.088016 , MAPD:0.465875, R_squared:0.999776  
	Validation = MSE:0.014526 , RMSE:0.120525 , MAE:0.091664 , MAPD:0.485709, R_squared:0.999739

2024-03-21 05:47:11,301 Epoch 289/300, Train Loss: 0.013098, Val Loss: 0.013303  
	Train = MSE:0.013101 , RMSE:0.114461 , MAE:0.088127 , MAPD:0.465707, R_squared:0.999773  
	Validation = MSE:0.013445 , RMSE:0.115954 , MAE:0.082937 , MAPD:0.441239, R_squared:0.999758

2024-03-21 05:47:15,536 Epoch 290/300, Train Loss: 0.016266, Val Loss: 0.013051  
	Train = MSE:0.016249 , RMSE:0.127472 , MAE:0.099805 , MAPD:0.523214, R_squared:0.999719  
	Validation = MSE:0.013235 , RMSE:0.115044 , MAE:0.079253 , MAPD:0.419116, R_squared:0.999762

2024-03-21 05:47:19,769 Epoch 291/300, Train Loss: 0.015988, Val Loss: 0.011968  
	Train = MSE:0.015990 , RMSE:0.126453 , MAE:0.097184 , MAPD:0.510486, R_squared:0.999723  
	Validation = MSE:0.012081 , RMSE:0.109914 , MAE:0.079694 , MAPD:0.430117, R_squared:0.999783

2024-03-21 05:47:25,757 Epoch 292/300, Train Loss: 0.010127, Val Loss: 0.030386  
	Train = MSE:0.010127 , RMSE:0.100635 , MAE:0.076711 , MAPD:0.399880, R_squared:0.999825  
	Validation = MSE:0.030548 , RMSE:0.174780 , MAE:0.144540 , MAPD:0.752684, R_squared:0.999450

2024-03-21 05:47:30,242 Epoch 293/300, Train Loss: 0.012393, Val Loss: 0.011913  
	Train = MSE:0.012392 , RMSE:0.111320 , MAE:0.086468 , MAPD:0.460000, R_squared:0.999785  
	Validation = MSE:0.012046 , RMSE:0.109753 , MAE:0.075978 , MAPD:0.414889, R_squared:0.999783

2024-03-21 05:47:35,699 Epoch 294/300, Train Loss: 0.011782, Val Loss: 0.013347  
	Train = MSE:0.011783 , RMSE:0.108552 , MAE:0.085043 , MAPD:0.446988, R_squared:0.999796  
	Validation = MSE:0.013499 , RMSE:0.116186 , MAE:0.083484 , MAPD:0.481213, R_squared:0.999757

2024-03-21 05:47:40,434 Epoch 295/300, Train Loss: 0.010199, Val Loss: 0.026959  
	Train = MSE:0.010200 , RMSE:0.100996 , MAE:0.077181 , MAPD:0.404418, R_squared:0.999823  
	Validation = MSE:0.027216 , RMSE:0.164973 , MAE:0.135533 , MAPD:0.738538, R_squared:0.999510

2024-03-21 05:47:45,191 Epoch 296/300, Train Loss: 0.017148, Val Loss: 0.043667  
	Train = MSE:0.017151 , RMSE:0.130962 , MAE:0.104493 , MAPD:0.547236, R_squared:0.999703  
	Validation = MSE:0.043358 , RMSE:0.208225 , MAE:0.179537 , MAPD:1.007546, R_squared:0.999220

2024-03-21 05:47:49,766 Epoch 297/300, Train Loss: 0.012993, Val Loss: 0.010711  
	Train = MSE:0.012995 , RMSE:0.113997 , MAE:0.087938 , MAPD:0.465097, R_squared:0.999775  
	Validation = MSE:0.010840 , RMSE:0.104114 , MAE:0.071534 , MAPD:0.384767, R_squared:0.999805

2024-03-21 05:47:54,299 Epoch 298/300, Train Loss: 0.010864, Val Loss: 0.014589  
	Train = MSE:0.010864 , RMSE:0.104232 , MAE:0.080801 , MAPD:0.426116, R_squared:0.999812  
	Validation = MSE:0.014625 , RMSE:0.120933 , MAE:0.088433 , MAPD:0.469190, R_squared:0.999737

2024-03-21 05:47:58,511 Epoch 299/300, Train Loss: 0.008781, Val Loss: 0.018892  
	Train = MSE:0.008781 , RMSE:0.093704 , MAE:0.070200 , MAPD:0.369896, R_squared:0.999848  
	Validation = MSE:0.019131 , RMSE:0.138316 , MAE:0.106265 , MAPD:0.569973, R_squared:0.999656

2024-03-21 05:48:02,699 Epoch 300/300, Train Loss: 0.009565, Val Loss: 0.015225  
	Train = MSE:0.009565 , RMSE:0.097800 , MAE:0.075044 , MAPD:0.394081, R_squared:0.999834  
	Validation = MSE:0.015392 , RMSE:0.124064 , MAE:0.090967 , MAPD:0.476345, R_squared:0.999723

2024-03-21 05:48:02,704 Time for training the model: 1704.786000
2024-03-21 05:48:05,474 MSE for train: 0.009810
2024-03-21 05:48:05,474 RMSE for train: 0.099046
2024-03-21 05:48:05,474 MAE for train: 0.076613
2024-03-21 05:48:05,474 MAPD for train: 0.381347
2024-03-21 05:48:05,474 R^2 Score for train: 0.999830
2024-03-21 05:48:05,480 Inference time for train dataset: 1.829000

2024-03-21 05:48:05,770 MSE for val: 0.015392
2024-03-21 05:48:05,770 RMSE for val: 0.124064
2024-03-21 05:48:05,770 MAE for val: 0.090967
2024-03-21 05:48:05,770 MAPD for val: 0.476345
2024-03-21 05:48:05,770 R^2 Score for val: 0.999723
2024-03-21 05:48:05,779 Inference time for val dataset: 0.290000

2024-03-21 05:48:06,070 MSE for test: 0.013415
2024-03-21 05:48:06,070 RMSE for test: 0.115822
2024-03-21 05:48:06,070 MAE for test: 0.085043
2024-03-21 05:48:06,070 MAPD for test: 0.413864
2024-03-21 05:48:06,070 R^2 Score for test: 0.999779
2024-03-21 05:48:06,074 Inference time for test dataset: 0.292000

2024-03-21 05:48:08,322 Train label average: , [20.62097221]
2024-03-21 05:48:08,323 Test label average: , [21.41736175]
2024-03-21 05:48:08,323 validation label average: , [20.14607025]
2024-03-21 05:48:08,323 predicted (on validation dataset) values average: , 21.35950927734375
