2024-03-21 05:40:19,812 train batches in dataset: 400
2024-03-21 05:40:19,812 val batches in dataset: 50
2024-03-21 05:40:19,812 test batches in dataset: 50
2024-03-21 05:40:19,821 Trainable parameter: net_core.0.weight - size: torch.Size([256, 35])
2024-03-21 05:40:19,826 Trainable parameter: net_core.0.bias - size: torch.Size([256])
2024-03-21 05:40:19,829 Trainable parameter: net_core.1.weight - size: torch.Size([128, 256])
2024-03-21 05:40:19,833 Trainable parameter: net_core.1.bias - size: torch.Size([128])
2024-03-21 05:40:19,838 Trainable parameter: net_core.2.weight - size: torch.Size([64, 128])
2024-03-21 05:40:19,841 Trainable parameter: net_core.2.bias - size: torch.Size([64])
2024-03-21 05:40:19,845 Trainable parameter: net_core.3.weight - size: torch.Size([16, 64])
2024-03-21 05:40:19,846 Trainable parameter: net_core.3.bias - size: torch.Size([16])
2024-03-21 05:40:19,846 Trainable parameter: net_core.4.weight - size: torch.Size([1, 16])
2024-03-21 05:40:19,847 Trainable parameter: net_core.4.bias - size: torch.Size([1])
2024-03-21 05:40:19,847 Number of trainable parameters: 51425
2024-03-21 05:40:19,847 Number of non-trainable parameters: 0
2024-03-21 05:40:40,770 Epoch 1/300, Train Loss: 55.727475, Val Loss: 2.184080  
	Train = MSE:55.744614 , RMSE:7.466231 , MAE:4.763720 , MAPD:24.903718, R_squared:0.035051  
	Validation = MSE:2.184080 , RMSE:1.477863 , MAE:1.155035 , MAPD:7.018398, R_squared:0.960700

2024-03-21 05:41:01,184 Epoch 2/300, Train Loss: 1.058535, Val Loss: 0.473488  
	Train = MSE:1.058605 , RMSE:1.028885 , MAE:0.804434 , MAPD:4.553537, R_squared:0.981675  
	Validation = MSE:0.473488 , RMSE:0.688105 , MAE:0.551882 , MAPD:2.982467, R_squared:0.991480

2024-03-21 05:41:18,253 Epoch 3/300, Train Loss: 0.307460, Val Loss: 0.165953  
	Train = MSE:0.307508 , RMSE:0.554534 , MAE:0.428435 , MAPD:2.307004, R_squared:0.994677  
	Validation = MSE:0.165953 , RMSE:0.407373 , MAE:0.308122 , MAPD:1.707785, R_squared:0.997014

2024-03-21 05:41:35,963 Epoch 4/300, Train Loss: 0.192118, Val Loss: 0.135653  
	Train = MSE:0.192104 , RMSE:0.438297 , MAE:0.331509 , MAPD:1.755930, R_squared:0.996675  
	Validation = MSE:0.135653 , RMSE:0.368311 , MAE:0.271710 , MAPD:1.515684, R_squared:0.997559

2024-03-21 05:41:54,019 Epoch 5/300, Train Loss: 0.136387, Val Loss: 0.109535  
	Train = MSE:0.136402 , RMSE:0.369327 , MAE:0.274804 , MAPD:1.463734, R_squared:0.997639  
	Validation = MSE:0.109535 , RMSE:0.330961 , MAE:0.252483 , MAPD:1.439154, R_squared:0.998029

2024-03-21 05:42:10,888 Epoch 6/300, Train Loss: 0.141060, Val Loss: 0.100391  
	Train = MSE:0.141079 , RMSE:0.375605 , MAE:0.277590 , MAPD:1.472045, R_squared:0.997558  
	Validation = MSE:0.100391 , RMSE:0.316846 , MAE:0.235977 , MAPD:1.354750, R_squared:0.998194

2024-03-21 05:42:30,262 Epoch 7/300, Train Loss: 0.119930, Val Loss: 0.097069  
	Train = MSE:0.119943 , RMSE:0.346328 , MAE:0.259007 , MAPD:1.380952, R_squared:0.997924  
	Validation = MSE:0.097069 , RMSE:0.311558 , MAE:0.218937 , MAPD:1.204268, R_squared:0.998253

2024-03-21 05:42:48,038 Epoch 8/300, Train Loss: 0.110412, Val Loss: 0.092337  
	Train = MSE:0.110439 , RMSE:0.332323 , MAE:0.246812 , MAPD:1.318202, R_squared:0.998088  
	Validation = MSE:0.092337 , RMSE:0.303870 , MAE:0.209744 , MAPD:1.144587, R_squared:0.998338

2024-03-21 05:43:05,484 Epoch 9/300, Train Loss: 0.114351, Val Loss: 0.083377  
	Train = MSE:0.114374 , RMSE:0.338192 , MAE:0.253398 , MAPD:1.346379, R_squared:0.998020  
	Validation = MSE:0.083377 , RMSE:0.288751 , MAE:0.225217 , MAPD:1.279303, R_squared:0.998500

2024-03-21 05:43:23,519 Epoch 10/300, Train Loss: 0.091539, Val Loss: 0.092895  
	Train = MSE:0.091548 , RMSE:0.302569 , MAE:0.226193 , MAPD:1.209048, R_squared:0.998415  
	Validation = MSE:0.092895 , RMSE:0.304787 , MAE:0.229395 , MAPD:1.229294, R_squared:0.998328

2024-03-21 05:43:40,831 Epoch 11/300, Train Loss: 0.087469, Val Loss: 0.062595  
	Train = MSE:0.087464 , RMSE:0.295743 , MAE:0.220085 , MAPD:1.179767, R_squared:0.998486  
	Validation = MSE:0.062595 , RMSE:0.250189 , MAE:0.172620 , MAPD:0.985939, R_squared:0.998874

2024-03-21 05:44:01,605 Epoch 12/300, Train Loss: 0.098154, Val Loss: 0.061550  
	Train = MSE:0.098170 , RMSE:0.313321 , MAE:0.236536 , MAPD:1.255096, R_squared:0.998301  
	Validation = MSE:0.061550 , RMSE:0.248092 , MAE:0.172853 , MAPD:0.966524, R_squared:0.998892

2024-03-21 05:44:20,094 Epoch 13/300, Train Loss: 0.101730, Val Loss: 0.083583  
	Train = MSE:0.101749 , RMSE:0.318981 , MAE:0.241765 , MAPD:1.272152, R_squared:0.998239  
	Validation = MSE:0.083583 , RMSE:0.289108 , MAE:0.206814 , MAPD:1.186156, R_squared:0.998496

2024-03-21 05:44:38,196 Epoch 14/300, Train Loss: 0.086891, Val Loss: 0.075551  
	Train = MSE:0.086898 , RMSE:0.294785 , MAE:0.221533 , MAPD:1.182268, R_squared:0.998496  
	Validation = MSE:0.075551 , RMSE:0.274865 , MAE:0.217716 , MAPD:1.265342, R_squared:0.998641

2024-03-21 05:44:58,070 Epoch 15/300, Train Loss: 0.097182, Val Loss: 0.149772  
	Train = MSE:0.097196 , RMSE:0.311762 , MAE:0.235070 , MAPD:1.241827, R_squared:0.998318  
	Validation = MSE:0.149772 , RMSE:0.387004 , MAE:0.292783 , MAPD:1.361642, R_squared:0.997305

2024-03-21 05:45:15,179 Epoch 16/300, Train Loss: 0.100973, Val Loss: 0.153957  
	Train = MSE:0.100988 , RMSE:0.317786 , MAE:0.242558 , MAPD:1.286213, R_squared:0.998252  
	Validation = MSE:0.153957 , RMSE:0.392373 , MAE:0.298247 , MAPD:1.432981, R_squared:0.997230

2024-03-21 05:45:35,421 Epoch 17/300, Train Loss: 0.082868, Val Loss: 0.089222  
	Train = MSE:0.082863 , RMSE:0.287860 , MAE:0.214098 , MAPD:1.134293, R_squared:0.998566  
	Validation = MSE:0.089222 , RMSE:0.298701 , MAE:0.238033 , MAPD:1.210489, R_squared:0.998395

2024-03-21 05:45:54,819 Epoch 18/300, Train Loss: 0.064921, Val Loss: 0.054063  
	Train = MSE:0.064927 , RMSE:0.254807 , MAE:0.193103 , MAPD:1.030425, R_squared:0.998876  
	Validation = MSE:0.054063 , RMSE:0.232514 , MAE:0.160699 , MAPD:0.878718, R_squared:0.999027

2024-03-21 05:46:12,367 Epoch 19/300, Train Loss: 0.063720, Val Loss: 0.043466  
	Train = MSE:0.063738 , RMSE:0.252464 , MAE:0.190988 , MAPD:1.011392, R_squared:0.998897  
	Validation = MSE:0.043466 , RMSE:0.208486 , MAE:0.143154 , MAPD:0.786642, R_squared:0.999218

2024-03-21 05:46:29,650 Epoch 20/300, Train Loss: 0.076633, Val Loss: 0.115655  
	Train = MSE:0.076625 , RMSE:0.276812 , MAE:0.206872 , MAPD:1.096819, R_squared:0.998674  
	Validation = MSE:0.115655 , RMSE:0.340081 , MAE:0.296119 , MAPD:1.833262, R_squared:0.997919

2024-03-21 05:46:48,120 Epoch 21/300, Train Loss: 0.066557, Val Loss: 0.043082  
	Train = MSE:0.066562 , RMSE:0.257995 , MAE:0.195617 , MAPD:1.037386, R_squared:0.998848  
	Validation = MSE:0.043082 , RMSE:0.207562 , MAE:0.148393 , MAPD:0.786434, R_squared:0.999225

2024-03-21 05:47:08,818 Epoch 22/300, Train Loss: 0.065581, Val Loss: 0.041075  
	Train = MSE:0.065582 , RMSE:0.256090 , MAE:0.190391 , MAPD:0.999209, R_squared:0.998865  
	Validation = MSE:0.041075 , RMSE:0.202671 , MAE:0.147072 , MAPD:0.811099, R_squared:0.999261

2024-03-21 05:47:26,404 Epoch 23/300, Train Loss: 0.061790, Val Loss: 0.058041  
	Train = MSE:0.061773 , RMSE:0.248541 , MAE:0.187949 , MAPD:0.994312, R_squared:0.998931  
	Validation = MSE:0.058041 , RMSE:0.240917 , MAE:0.186040 , MAPD:0.966837, R_squared:0.998956

2024-03-21 05:47:45,642 Epoch 24/300, Train Loss: 0.058171, Val Loss: 0.087871  
	Train = MSE:0.058175 , RMSE:0.241195 , MAE:0.181975 , MAPD:0.964082, R_squared:0.998993  
	Validation = MSE:0.087871 , RMSE:0.296430 , MAE:0.254454 , MAPD:1.417006, R_squared:0.998419

2024-03-21 05:48:02,981 Epoch 25/300, Train Loss: 0.060223, Val Loss: 0.056340  
	Train = MSE:0.060227 , RMSE:0.245412 , MAE:0.187724 , MAPD:0.994796, R_squared:0.998957  
	Validation = MSE:0.056340 , RMSE:0.237361 , MAE:0.165570 , MAPD:0.820247, R_squared:0.998986

2024-03-21 05:48:23,213 Epoch 26/300, Train Loss: 0.049791, Val Loss: 0.051338  
	Train = MSE:0.049763 , RMSE:0.223075 , MAE:0.168704 , MAPD:0.888487, R_squared:0.999139  
	Validation = MSE:0.051338 , RMSE:0.226579 , MAE:0.171989 , MAPD:1.009408, R_squared:0.999076

2024-03-21 05:48:43,993 Epoch 27/300, Train Loss: 0.052360, Val Loss: 0.032254  
	Train = MSE:0.052374 , RMSE:0.228853 , MAE:0.172386 , MAPD:0.906651, R_squared:0.999093  
	Validation = MSE:0.032254 , RMSE:0.179595 , MAE:0.120619 , MAPD:0.665839, R_squared:0.999420

2024-03-21 05:49:01,662 Epoch 28/300, Train Loss: 0.047255, Val Loss: 0.054542  
	Train = MSE:0.047261 , RMSE:0.217396 , MAE:0.166291 , MAPD:0.883316, R_squared:0.999182  
	Validation = MSE:0.054542 , RMSE:0.233542 , MAE:0.176479 , MAPD:0.962801, R_squared:0.999019

2024-03-21 05:49:19,977 Epoch 29/300, Train Loss: 0.062474, Val Loss: 0.035291  
	Train = MSE:0.062486 , RMSE:0.249973 , MAE:0.189063 , MAPD:0.992060, R_squared:0.998918  
	Validation = MSE:0.035291 , RMSE:0.187860 , MAE:0.131578 , MAPD:0.711195, R_squared:0.999365

2024-03-21 05:49:38,158 Epoch 30/300, Train Loss: 0.060512, Val Loss: 0.057197  
	Train = MSE:0.060514 , RMSE:0.245995 , MAE:0.183153 , MAPD:0.958910, R_squared:0.998952  
	Validation = MSE:0.057197 , RMSE:0.239159 , MAE:0.184617 , MAPD:0.997146, R_squared:0.998971

2024-03-21 05:49:56,298 Epoch 31/300, Train Loss: 0.050274, Val Loss: 0.038134  
	Train = MSE:0.050278 , RMSE:0.224228 , MAE:0.170210 , MAPD:0.897391, R_squared:0.999130  
	Validation = MSE:0.038134 , RMSE:0.195279 , MAE:0.150087 , MAPD:0.829671, R_squared:0.999314

2024-03-21 05:50:16,660 Epoch 32/300, Train Loss: 0.048027, Val Loss: 0.033622  
	Train = MSE:0.048011 , RMSE:0.219113 , MAE:0.168435 , MAPD:0.889150, R_squared:0.999169  
	Validation = MSE:0.033622 , RMSE:0.183363 , MAE:0.127034 , MAPD:0.694588, R_squared:0.999395

2024-03-21 05:50:35,668 Epoch 33/300, Train Loss: 0.045955, Val Loss: 0.052684  
	Train = MSE:0.045964 , RMSE:0.214393 , MAE:0.163208 , MAPD:0.857252, R_squared:0.999204  
	Validation = MSE:0.052684 , RMSE:0.229530 , MAE:0.178309 , MAPD:0.918857, R_squared:0.999052

2024-03-21 05:50:54,374 Epoch 34/300, Train Loss: 0.041268, Val Loss: 0.042197  
	Train = MSE:0.041276 , RMSE:0.203164 , MAE:0.153419 , MAPD:0.815512, R_squared:0.999286  
	Validation = MSE:0.042197 , RMSE:0.205420 , MAE:0.147661 , MAPD:0.762192, R_squared:0.999241

2024-03-21 05:51:11,947 Epoch 35/300, Train Loss: 0.039967, Val Loss: 0.060467  
	Train = MSE:0.039929 , RMSE:0.199821 , MAE:0.151692 , MAPD:0.797334, R_squared:0.999309  
	Validation = MSE:0.060467 , RMSE:0.245901 , MAE:0.200457 , MAPD:1.182961, R_squared:0.998912

2024-03-21 05:51:30,909 Epoch 36/300, Train Loss: 0.044704, Val Loss: 0.053671  
	Train = MSE:0.044685 , RMSE:0.211389 , MAE:0.160454 , MAPD:0.840540, R_squared:0.999226  
	Validation = MSE:0.053671 , RMSE:0.231671 , MAE:0.197644 , MAPD:1.181230, R_squared:0.999034

2024-03-21 05:51:49,620 Epoch 37/300, Train Loss: 0.059629, Val Loss: 0.050038  
	Train = MSE:0.059644 , RMSE:0.244221 , MAE:0.188162 , MAPD:0.990225, R_squared:0.998968  
	Validation = MSE:0.050038 , RMSE:0.223691 , MAE:0.192073 , MAPD:1.048311, R_squared:0.999100

2024-03-21 05:52:09,567 Epoch 38/300, Train Loss: 0.041445, Val Loss: 0.026814  
	Train = MSE:0.041451 , RMSE:0.203595 , MAE:0.153276 , MAPD:0.804512, R_squared:0.999282  
	Validation = MSE:0.026814 , RMSE:0.163749 , MAE:0.118051 , MAPD:0.664584, R_squared:0.999518

2024-03-21 05:52:28,256 Epoch 39/300, Train Loss: 0.040698, Val Loss: 0.043221  
	Train = MSE:0.040702 , RMSE:0.201747 , MAE:0.152443 , MAPD:0.802764, R_squared:0.999295  
	Validation = MSE:0.043221 , RMSE:0.207897 , MAE:0.157731 , MAPD:0.823766, R_squared:0.999222

2024-03-21 05:52:46,781 Epoch 40/300, Train Loss: 0.038352, Val Loss: 0.023093  
	Train = MSE:0.038352 , RMSE:0.195837 , MAE:0.147155 , MAPD:0.775074, R_squared:0.999336  
	Validation = MSE:0.023093 , RMSE:0.151965 , MAE:0.105462 , MAPD:0.575303, R_squared:0.999584

2024-03-21 05:53:04,792 Epoch 41/300, Train Loss: 0.040590, Val Loss: 0.028038  
	Train = MSE:0.040577 , RMSE:0.201436 , MAE:0.154294 , MAPD:0.813825, R_squared:0.999298  
	Validation = MSE:0.028038 , RMSE:0.167445 , MAE:0.123119 , MAPD:0.739137, R_squared:0.999495

2024-03-21 05:53:26,787 Epoch 42/300, Train Loss: 0.039353, Val Loss: 0.024001  
	Train = MSE:0.039363 , RMSE:0.198401 , MAE:0.146407 , MAPD:0.770105, R_squared:0.999319  
	Validation = MSE:0.024001 , RMSE:0.154922 , MAE:0.105801 , MAPD:0.596739, R_squared:0.999568

2024-03-21 05:53:46,906 Epoch 43/300, Train Loss: 0.041557, Val Loss: 0.028417  
	Train = MSE:0.041566 , RMSE:0.203877 , MAE:0.153882 , MAPD:0.809094, R_squared:0.999280  
	Validation = MSE:0.028417 , RMSE:0.168572 , MAE:0.123266 , MAPD:0.683470, R_squared:0.999489

2024-03-21 05:54:05,280 Epoch 44/300, Train Loss: 0.033571, Val Loss: 0.022354  
	Train = MSE:0.033579 , RMSE:0.183246 , MAE:0.141185 , MAPD:0.744150, R_squared:0.999419  
	Validation = MSE:0.022354 , RMSE:0.149512 , MAE:0.105338 , MAPD:0.576212, R_squared:0.999598

2024-03-21 05:54:24,364 Epoch 45/300, Train Loss: 0.042990, Val Loss: 0.029594  
	Train = MSE:0.042990 , RMSE:0.207340 , MAE:0.157740 , MAPD:0.827837, R_squared:0.999256  
	Validation = MSE:0.029594 , RMSE:0.172029 , MAE:0.139336 , MAPD:0.807352, R_squared:0.999467

2024-03-21 05:54:42,943 Epoch 46/300, Train Loss: 0.032168, Val Loss: 0.029212  
	Train = MSE:0.032173 , RMSE:0.179368 , MAE:0.136317 , MAPD:0.721079, R_squared:0.999443  
	Validation = MSE:0.029212 , RMSE:0.170914 , MAE:0.122141 , MAPD:0.602906, R_squared:0.999474

2024-03-21 05:55:01,541 Epoch 47/300, Train Loss: 0.045434, Val Loss: 0.024210  
	Train = MSE:0.045446 , RMSE:0.213180 , MAE:0.161844 , MAPD:0.849326, R_squared:0.999213  
	Validation = MSE:0.024210 , RMSE:0.155595 , MAE:0.114220 , MAPD:0.667588, R_squared:0.999564

2024-03-21 05:55:23,140 Epoch 48/300, Train Loss: 0.035758, Val Loss: 0.040913  
	Train = MSE:0.035767 , RMSE:0.189122 , MAE:0.145205 , MAPD:0.762402, R_squared:0.999381  
	Validation = MSE:0.040913 , RMSE:0.202269 , MAE:0.161255 , MAPD:0.952489, R_squared:0.999264

2024-03-21 05:55:43,963 Epoch 49/300, Train Loss: 0.041350, Val Loss: 0.038387  
	Train = MSE:0.041349 , RMSE:0.203344 , MAE:0.149177 , MAPD:0.780269, R_squared:0.999284  
	Validation = MSE:0.038387 , RMSE:0.195926 , MAE:0.156994 , MAPD:0.972518, R_squared:0.999309

2024-03-21 05:56:03,989 Epoch 50/300, Train Loss: 0.028125, Val Loss: 0.020647  
	Train = MSE:0.028134 , RMSE:0.167731 , MAE:0.126748 , MAPD:0.664311, R_squared:0.999513  
	Validation = MSE:0.020647 , RMSE:0.143691 , MAE:0.101722 , MAPD:0.542658, R_squared:0.999628

2024-03-21 05:56:24,433 Epoch 51/300, Train Loss: 0.032810, Val Loss: 0.064322  
	Train = MSE:0.032813 , RMSE:0.181144 , MAE:0.139493 , MAPD:0.740445, R_squared:0.999432  
	Validation = MSE:0.064322 , RMSE:0.253619 , MAE:0.214850 , MAPD:1.293900, R_squared:0.998843

2024-03-21 05:56:46,732 Epoch 52/300, Train Loss: 0.036391, Val Loss: 0.033287  
	Train = MSE:0.036362 , RMSE:0.190689 , MAE:0.146039 , MAPD:0.765016, R_squared:0.999371  
	Validation = MSE:0.033287 , RMSE:0.182448 , MAE:0.136747 , MAPD:0.773721, R_squared:0.999401

2024-03-21 05:57:07,066 Epoch 53/300, Train Loss: 0.030062, Val Loss: 0.027625  
	Train = MSE:0.030066 , RMSE:0.173395 , MAE:0.133555 , MAPD:0.707117, R_squared:0.999480  
	Validation = MSE:0.027625 , RMSE:0.166208 , MAE:0.125839 , MAPD:0.645108, R_squared:0.999503

2024-03-21 05:57:25,537 Epoch 54/300, Train Loss: 0.029759, Val Loss: 0.032655  
	Train = MSE:0.029764 , RMSE:0.172522 , MAE:0.131166 , MAPD:0.689845, R_squared:0.999485  
	Validation = MSE:0.032655 , RMSE:0.180707 , MAE:0.148348 , MAPD:0.767444, R_squared:0.999412

2024-03-21 05:57:46,244 Epoch 55/300, Train Loss: 0.038722, Val Loss: 0.018206  
	Train = MSE:0.038729 , RMSE:0.196796 , MAE:0.150735 , MAPD:0.807883, R_squared:0.999330  
	Validation = MSE:0.018206 , RMSE:0.134928 , MAE:0.092657 , MAPD:0.497939, R_squared:0.999672

2024-03-21 05:58:06,334 Epoch 56/300, Train Loss: 0.032770, Val Loss: 0.039168  
	Train = MSE:0.032777 , RMSE:0.181044 , MAE:0.135055 , MAPD:0.710701, R_squared:0.999433  
	Validation = MSE:0.039168 , RMSE:0.197908 , MAE:0.163445 , MAPD:0.915654, R_squared:0.999295

2024-03-21 05:58:24,809 Epoch 57/300, Train Loss: 0.027528, Val Loss: 0.029114  
	Train = MSE:0.027525 , RMSE:0.165906 , MAE:0.125731 , MAPD:0.660701, R_squared:0.999524  
	Validation = MSE:0.029114 , RMSE:0.170627 , MAE:0.130198 , MAPD:0.742603, R_squared:0.999476

2024-03-21 05:58:47,529 Epoch 58/300, Train Loss: 0.035917, Val Loss: 0.035990  
	Train = MSE:0.035926 , RMSE:0.189542 , MAE:0.143972 , MAPD:0.759707, R_squared:0.999378  
	Validation = MSE:0.035990 , RMSE:0.189711 , MAE:0.151610 , MAPD:0.795998, R_squared:0.999352

2024-03-21 05:59:08,296 Epoch 59/300, Train Loss: 0.032539, Val Loss: 0.019486  
	Train = MSE:0.032515 , RMSE:0.180320 , MAE:0.138182 , MAPD:0.733753, R_squared:0.999437  
	Validation = MSE:0.019486 , RMSE:0.139592 , MAE:0.098469 , MAPD:0.548401, R_squared:0.999649

2024-03-21 05:59:26,590 Epoch 60/300, Train Loss: 0.030224, Val Loss: 0.027335  
	Train = MSE:0.030203 , RMSE:0.173789 , MAE:0.133370 , MAPD:0.703218, R_squared:0.999477  
	Validation = MSE:0.027335 , RMSE:0.165333 , MAE:0.118475 , MAPD:0.597625, R_squared:0.999508

2024-03-21 05:59:47,171 Epoch 61/300, Train Loss: 0.026688, Val Loss: 0.021584  
	Train = MSE:0.026688 , RMSE:0.163364 , MAE:0.124621 , MAPD:0.653879, R_squared:0.999538  
	Validation = MSE:0.021584 , RMSE:0.146914 , MAE:0.106690 , MAPD:0.581612, R_squared:0.999612

2024-03-21 06:00:06,441 Epoch 62/300, Train Loss: 0.025240, Val Loss: 0.018517  
	Train = MSE:0.025244 , RMSE:0.158882 , MAE:0.122626 , MAPD:0.646168, R_squared:0.999563  
	Validation = MSE:0.018517 , RMSE:0.136078 , MAE:0.098894 , MAPD:0.532286, R_squared:0.999667

2024-03-21 06:00:26,817 Epoch 63/300, Train Loss: 0.027401, Val Loss: 0.035073  
	Train = MSE:0.027384 , RMSE:0.165482 , MAE:0.125214 , MAPD:0.652033, R_squared:0.999526  
	Validation = MSE:0.035073 , RMSE:0.187277 , MAE:0.143615 , MAPD:0.742652, R_squared:0.999369

2024-03-21 06:00:45,501 Epoch 64/300, Train Loss: 0.026556, Val Loss: 0.021861  
	Train = MSE:0.026562 , RMSE:0.162977 , MAE:0.124920 , MAPD:0.659017, R_squared:0.999540  
	Validation = MSE:0.021861 , RMSE:0.147854 , MAE:0.105145 , MAPD:0.544964, R_squared:0.999607

2024-03-21 06:01:05,826 Epoch 65/300, Train Loss: 0.030779, Val Loss: 0.153119  
	Train = MSE:0.030733 , RMSE:0.175308 , MAE:0.134415 , MAPD:0.702930, R_squared:0.999468  
	Validation = MSE:0.153119 , RMSE:0.391304 , MAE:0.345712 , MAPD:1.715238, R_squared:0.997245

2024-03-21 06:01:25,790 Epoch 66/300, Train Loss: 0.034606, Val Loss: 0.023982  
	Train = MSE:0.034593 , RMSE:0.185992 , MAE:0.141144 , MAPD:0.749820, R_squared:0.999401  
	Validation = MSE:0.023982 , RMSE:0.154861 , MAE:0.114617 , MAPD:0.602158, R_squared:0.999568

2024-03-21 06:01:47,208 Epoch 67/300, Train Loss: 0.030056, Val Loss: 0.056758  
	Train = MSE:0.030046 , RMSE:0.173339 , MAE:0.131139 , MAPD:0.694824, R_squared:0.999480  
	Validation = MSE:0.056758 , RMSE:0.238238 , MAE:0.198264 , MAPD:1.199849, R_squared:0.998979

2024-03-21 06:02:11,389 Epoch 68/300, Train Loss: 0.025178, Val Loss: 0.025729  
	Train = MSE:0.025184 , RMSE:0.158694 , MAE:0.121634 , MAPD:0.646848, R_squared:0.999564  
	Validation = MSE:0.025729 , RMSE:0.160401 , MAE:0.130909 , MAPD:0.772412, R_squared:0.999537

2024-03-21 06:02:33,140 Epoch 69/300, Train Loss: 0.026985, Val Loss: 0.023722  
	Train = MSE:0.026988 , RMSE:0.164280 , MAE:0.124142 , MAPD:0.644764, R_squared:0.999533  
	Validation = MSE:0.023722 , RMSE:0.154018 , MAE:0.127649 , MAPD:0.700619, R_squared:0.999573

2024-03-21 06:02:55,824 Epoch 70/300, Train Loss: 0.024583, Val Loss: 0.015256  
	Train = MSE:0.024577 , RMSE:0.156771 , MAE:0.118857 , MAPD:0.628775, R_squared:0.999575  
	Validation = MSE:0.015256 , RMSE:0.123517 , MAE:0.088352 , MAPD:0.474019, R_squared:0.999725

2024-03-21 06:03:19,248 Epoch 71/300, Train Loss: 0.024325, Val Loss: 0.028586  
	Train = MSE:0.024328 , RMSE:0.155974 , MAE:0.120956 , MAPD:0.639014, R_squared:0.999579  
	Validation = MSE:0.028586 , RMSE:0.169075 , MAE:0.134807 , MAPD:0.777679, R_squared:0.999486

2024-03-21 06:03:41,393 Epoch 72/300, Train Loss: 0.023401, Val Loss: 0.022608  
	Train = MSE:0.023398 , RMSE:0.152964 , MAE:0.115136 , MAPD:0.611683, R_squared:0.999595  
	Validation = MSE:0.022608 , RMSE:0.150360 , MAE:0.115314 , MAPD:0.630812, R_squared:0.999593

2024-03-21 06:04:04,706 Epoch 73/300, Train Loss: 0.022427, Val Loss: 0.013450  
	Train = MSE:0.022433 , RMSE:0.149778 , MAE:0.114950 , MAPD:0.605686, R_squared:0.999612  
	Validation = MSE:0.013450 , RMSE:0.115972 , MAE:0.080787 , MAPD:0.436709, R_squared:0.999758

2024-03-21 06:04:27,622 Epoch 74/300, Train Loss: 0.082463, Val Loss: 0.028385  
	Train = MSE:0.082485 , RMSE:0.287202 , MAE:0.181004 , MAPD:0.967720, R_squared:0.998572  
	Validation = MSE:0.028385 , RMSE:0.168478 , MAE:0.137428 , MAPD:0.788097, R_squared:0.999489

2024-03-21 06:04:52,786 Epoch 75/300, Train Loss: 0.020212, Val Loss: 0.021074  
	Train = MSE:0.020209 , RMSE:0.142159 , MAE:0.110273 , MAPD:0.585211, R_squared:0.999650  
	Validation = MSE:0.021074 , RMSE:0.145169 , MAE:0.111894 , MAPD:0.627589, R_squared:0.999621

2024-03-21 06:05:20,130 Epoch 76/300, Train Loss: 0.024664, Val Loss: 0.044479  
	Train = MSE:0.024654 , RMSE:0.157017 , MAE:0.118865 , MAPD:0.625083, R_squared:0.999573  
	Validation = MSE:0.044479 , RMSE:0.210900 , MAE:0.184026 , MAPD:1.086532, R_squared:0.999200

2024-03-21 06:05:46,322 Epoch 77/300, Train Loss: 0.025153, Val Loss: 0.050855  
	Train = MSE:0.025150 , RMSE:0.158587 , MAE:0.120528 , MAPD:0.635241, R_squared:0.999565  
	Validation = MSE:0.050855 , RMSE:0.225510 , MAE:0.193004 , MAPD:1.004785, R_squared:0.999085

2024-03-21 06:06:15,120 Epoch 78/300, Train Loss: 0.023620, Val Loss: 0.028684  
	Train = MSE:0.023622 , RMSE:0.153696 , MAE:0.119073 , MAPD:0.630521, R_squared:0.999591  
	Validation = MSE:0.028684 , RMSE:0.169362 , MAE:0.136203 , MAPD:0.759323, R_squared:0.999484

2024-03-21 06:06:39,321 Epoch 79/300, Train Loss: 0.022335, Val Loss: 0.024440  
	Train = MSE:0.022340 , RMSE:0.149467 , MAE:0.115004 , MAPD:0.601713, R_squared:0.999613  
	Validation = MSE:0.024440 , RMSE:0.156334 , MAE:0.117018 , MAPD:0.598527, R_squared:0.999560

2024-03-21 06:07:03,885 Epoch 80/300, Train Loss: 0.024662, Val Loss: 0.067078  
	Train = MSE:0.024661 , RMSE:0.157039 , MAE:0.119968 , MAPD:0.626950, R_squared:0.999573  
	Validation = MSE:0.067078 , RMSE:0.258994 , MAE:0.218073 , MAPD:1.088870, R_squared:0.998793

2024-03-21 06:07:26,768 Epoch 81/300, Train Loss: 0.024219, Val Loss: 0.020048  
	Train = MSE:0.024214 , RMSE:0.155608 , MAE:0.116461 , MAPD:0.612397, R_squared:0.999581  
	Validation = MSE:0.020048 , RMSE:0.141590 , MAE:0.102651 , MAPD:0.540553, R_squared:0.999639

2024-03-21 06:07:48,901 Epoch 82/300, Train Loss: 0.028641, Val Loss: 0.014338  
	Train = MSE:0.028647 , RMSE:0.169253 , MAE:0.127970 , MAPD:0.673789, R_squared:0.999504  
	Validation = MSE:0.014338 , RMSE:0.119741 , MAE:0.086921 , MAPD:0.482728, R_squared:0.999742

2024-03-21 06:08:11,401 Epoch 83/300, Train Loss: 0.021529, Val Loss: 0.019976  
	Train = MSE:0.021531 , RMSE:0.146736 , MAE:0.111748 , MAPD:0.584459, R_squared:0.999627  
	Validation = MSE:0.019976 , RMSE:0.141337 , MAE:0.107614 , MAPD:0.592234, R_squared:0.999641

2024-03-21 06:08:33,278 Epoch 84/300, Train Loss: 0.024341, Val Loss: 0.042328  
	Train = MSE:0.024345 , RMSE:0.156029 , MAE:0.119322 , MAPD:0.630124, R_squared:0.999579  
	Validation = MSE:0.042328 , RMSE:0.205739 , MAE:0.177452 , MAPD:1.046466, R_squared:0.999238

2024-03-21 06:08:54,079 Epoch 85/300, Train Loss: 0.021944, Val Loss: 0.017098  
	Train = MSE:0.021941 , RMSE:0.148125 , MAE:0.115750 , MAPD:0.611339, R_squared:0.999620  
	Validation = MSE:0.017098 , RMSE:0.130758 , MAE:0.100163 , MAPD:0.543598, R_squared:0.999692

2024-03-21 06:09:15,565 Epoch 86/300, Train Loss: 0.024075, Val Loss: 0.017673  
	Train = MSE:0.024081 , RMSE:0.155182 , MAE:0.119715 , MAPD:0.634928, R_squared:0.999583  
	Validation = MSE:0.017673 , RMSE:0.132942 , MAE:0.100629 , MAPD:0.552089, R_squared:0.999682

2024-03-21 06:09:37,735 Epoch 87/300, Train Loss: 0.025221, Val Loss: 0.028784  
	Train = MSE:0.025224 , RMSE:0.158819 , MAE:0.123359 , MAPD:0.652986, R_squared:0.999563  
	Validation = MSE:0.028784 , RMSE:0.169660 , MAE:0.141581 , MAPD:0.834165, R_squared:0.999482

2024-03-21 06:10:00,418 Epoch 88/300, Train Loss: 0.028508, Val Loss: 0.033813  
	Train = MSE:0.028513 , RMSE:0.168858 , MAE:0.129735 , MAPD:0.688753, R_squared:0.999506  
	Validation = MSE:0.033813 , RMSE:0.183883 , MAE:0.152678 , MAPD:0.899266, R_squared:0.999392

2024-03-21 06:10:23,297 Epoch 89/300, Train Loss: 0.022769, Val Loss: 0.032374  
	Train = MSE:0.022766 , RMSE:0.150884 , MAE:0.114998 , MAPD:0.599995, R_squared:0.999606  
	Validation = MSE:0.032374 , RMSE:0.179928 , MAE:0.152024 , MAPD:0.855712, R_squared:0.999417

2024-03-21 06:10:45,794 Epoch 90/300, Train Loss: 0.019433, Val Loss: 0.029687  
	Train = MSE:0.019436 , RMSE:0.139412 , MAE:0.107339 , MAPD:0.565569, R_squared:0.999664  
	Validation = MSE:0.029687 , RMSE:0.172298 , MAE:0.137695 , MAPD:0.759371, R_squared:0.999466

2024-03-21 06:11:06,680 Epoch 91/300, Train Loss: 0.021142, Val Loss: 0.029063  
	Train = MSE:0.021144 , RMSE:0.145410 , MAE:0.111239 , MAPD:0.582170, R_squared:0.999634  
	Validation = MSE:0.029063 , RMSE:0.170479 , MAE:0.143975 , MAPD:0.755149, R_squared:0.999477

2024-03-21 06:11:30,847 Epoch 92/300, Train Loss: 0.029008, Val Loss: 0.016116  
	Train = MSE:0.029013 , RMSE:0.170333 , MAE:0.129182 , MAPD:0.686459, R_squared:0.999498  
	Validation = MSE:0.016116 , RMSE:0.126948 , MAE:0.091594 , MAPD:0.474145, R_squared:0.999710

2024-03-21 06:11:53,340 Epoch 93/300, Train Loss: 0.018712, Val Loss: 0.028080  
	Train = MSE:0.018717 , RMSE:0.136809 , MAE:0.103595 , MAPD:0.544663, R_squared:0.999676  
	Validation = MSE:0.028080 , RMSE:0.167571 , MAE:0.140218 , MAPD:0.737104, R_squared:0.999495

2024-03-21 06:12:14,749 Epoch 94/300, Train Loss: 0.020571, Val Loss: 0.027113  
	Train = MSE:0.020576 , RMSE:0.143443 , MAE:0.111148 , MAPD:0.584130, R_squared:0.999644  
	Validation = MSE:0.027113 , RMSE:0.164661 , MAE:0.130272 , MAPD:0.764330, R_squared:0.999512

2024-03-21 06:12:35,585 Epoch 95/300, Train Loss: 0.025356, Val Loss: 0.015140  
	Train = MSE:0.025362 , RMSE:0.159253 , MAE:0.119878 , MAPD:0.629376, R_squared:0.999561  
	Validation = MSE:0.015140 , RMSE:0.123046 , MAE:0.091543 , MAPD:0.531449, R_squared:0.999728

2024-03-21 06:12:59,848 Epoch 96/300, Train Loss: 0.019279, Val Loss: 0.013548  
	Train = MSE:0.019282 , RMSE:0.138860 , MAE:0.106687 , MAPD:0.560358, R_squared:0.999666  
	Validation = MSE:0.013548 , RMSE:0.116397 , MAE:0.082809 , MAPD:0.446965, R_squared:0.999756

2024-03-21 06:13:22,074 Epoch 97/300, Train Loss: 0.021224, Val Loss: 0.016128  
	Train = MSE:0.021229 , RMSE:0.145703 , MAE:0.112492 , MAPD:0.590084, R_squared:0.999633  
	Validation = MSE:0.016128 , RMSE:0.126997 , MAE:0.093360 , MAPD:0.515212, R_squared:0.999710

2024-03-21 06:13:43,237 Epoch 98/300, Train Loss: 0.025231, Val Loss: 0.019621  
	Train = MSE:0.025237 , RMSE:0.158862 , MAE:0.122598 , MAPD:0.642267, R_squared:0.999563  
	Validation = MSE:0.019621 , RMSE:0.140075 , MAE:0.105960 , MAPD:0.593080, R_squared:0.999647

2024-03-21 06:14:07,372 Epoch 99/300, Train Loss: 0.020744, Val Loss: 0.012099  
	Train = MSE:0.020733 , RMSE:0.143989 , MAE:0.111318 , MAPD:0.589583, R_squared:0.999641  
	Validation = MSE:0.012099 , RMSE:0.109997 , MAE:0.077969 , MAPD:0.425959, R_squared:0.999782

2024-03-21 06:14:30,896 Epoch 100/300, Train Loss: 0.024327, Val Loss: 0.039337  
	Train = MSE:0.024328 , RMSE:0.155973 , MAE:0.117980 , MAPD:0.617447, R_squared:0.999579  
	Validation = MSE:0.039337 , RMSE:0.198337 , MAE:0.167277 , MAPD:1.016800, R_squared:0.999292

2024-03-21 06:14:51,962 Epoch 101/300, Train Loss: 0.019057, Val Loss: 0.033980  
	Train = MSE:0.019058 , RMSE:0.138052 , MAE:0.106665 , MAPD:0.565075, R_squared:0.999670  
	Validation = MSE:0.033980 , RMSE:0.184336 , MAE:0.154914 , MAPD:0.952803, R_squared:0.999389

2024-03-21 06:15:17,395 Epoch 102/300, Train Loss: 0.025199, Val Loss: 0.018735  
	Train = MSE:0.025198 , RMSE:0.158740 , MAE:0.121724 , MAPD:0.634970, R_squared:0.999564  
	Validation = MSE:0.018735 , RMSE:0.136877 , MAE:0.096650 , MAPD:0.488863, R_squared:0.999663

2024-03-21 06:15:39,722 Epoch 103/300, Train Loss: 0.022607, Val Loss: 0.022471  
	Train = MSE:0.022611 , RMSE:0.150368 , MAE:0.114326 , MAPD:0.602948, R_squared:0.999609  
	Validation = MSE:0.022471 , RMSE:0.149903 , MAE:0.105839 , MAPD:0.505946, R_squared:0.999596

2024-03-21 06:16:00,529 Epoch 104/300, Train Loss: 0.016888, Val Loss: 0.012939  
	Train = MSE:0.016890 , RMSE:0.129962 , MAE:0.100301 , MAPD:0.529507, R_squared:0.999708  
	Validation = MSE:0.012939 , RMSE:0.113749 , MAE:0.077574 , MAPD:0.427421, R_squared:0.999767

2024-03-21 06:16:22,027 Epoch 105/300, Train Loss: 0.029168, Val Loss: 0.017530  
	Train = MSE:0.029175 , RMSE:0.170807 , MAE:0.130406 , MAPD:0.687767, R_squared:0.999495  
	Validation = MSE:0.017530 , RMSE:0.132402 , MAE:0.097920 , MAPD:0.524971, R_squared:0.999685

2024-03-21 06:16:42,931 Epoch 106/300, Train Loss: 0.025021, Val Loss: 0.027523  
	Train = MSE:0.025019 , RMSE:0.158175 , MAE:0.118122 , MAPD:0.621611, R_squared:0.999567  
	Validation = MSE:0.027523 , RMSE:0.165900 , MAE:0.131168 , MAPD:0.714020, R_squared:0.999505

2024-03-21 06:17:04,861 Epoch 107/300, Train Loss: 0.018529, Val Loss: 0.013648  
	Train = MSE:0.018515 , RMSE:0.136070 , MAE:0.104082 , MAPD:0.554220, R_squared:0.999680  
	Validation = MSE:0.013648 , RMSE:0.116825 , MAE:0.086425 , MAPD:0.493583, R_squared:0.999754

2024-03-21 06:17:28,623 Epoch 108/300, Train Loss: 0.024013, Val Loss: 0.015001  
	Train = MSE:0.024016 , RMSE:0.154973 , MAE:0.119726 , MAPD:0.632746, R_squared:0.999584  
	Validation = MSE:0.015001 , RMSE:0.122479 , MAE:0.091326 , MAPD:0.514136, R_squared:0.999730

2024-03-21 06:17:50,602 Epoch 109/300, Train Loss: 0.019968, Val Loss: 0.032951  
	Train = MSE:0.019974 , RMSE:0.141328 , MAE:0.108628 , MAPD:0.568624, R_squared:0.999654  
	Validation = MSE:0.032951 , RMSE:0.181525 , MAE:0.153047 , MAPD:0.814389, R_squared:0.999407

2024-03-21 06:18:14,324 Epoch 110/300, Train Loss: 0.017123, Val Loss: 0.027256  
	Train = MSE:0.017121 , RMSE:0.130848 , MAE:0.099270 , MAPD:0.526104, R_squared:0.999704  
	Validation = MSE:0.027256 , RMSE:0.165094 , MAE:0.140173 , MAPD:0.786370, R_squared:0.999510

2024-03-21 06:18:35,410 Epoch 111/300, Train Loss: 0.022307, Val Loss: 0.012459  
	Train = MSE:0.022312 , RMSE:0.149373 , MAE:0.114615 , MAPD:0.605603, R_squared:0.999614  
	Validation = MSE:0.012459 , RMSE:0.111620 , MAE:0.078285 , MAPD:0.424418, R_squared:0.999776

2024-03-21 06:18:58,100 Epoch 112/300, Train Loss: 0.017447, Val Loss: 0.015997  
	Train = MSE:0.017450 , RMSE:0.132099 , MAE:0.101902 , MAPD:0.540549, R_squared:0.999698  
	Validation = MSE:0.015997 , RMSE:0.126477 , MAE:0.098633 , MAPD:0.570303, R_squared:0.999712

2024-03-21 06:19:21,360 Epoch 113/300, Train Loss: 0.016544, Val Loss: 0.014609  
	Train = MSE:0.016546 , RMSE:0.128630 , MAE:0.098463 , MAPD:0.519432, R_squared:0.999714  
	Validation = MSE:0.014609 , RMSE:0.120868 , MAE:0.084719 , MAPD:0.446441, R_squared:0.999737

2024-03-21 06:19:43,068 Epoch 114/300, Train Loss: 0.020728, Val Loss: 0.039559  
	Train = MSE:0.020687 , RMSE:0.143831 , MAE:0.110607 , MAPD:0.582913, R_squared:0.999642  
	Validation = MSE:0.039559 , RMSE:0.198894 , MAE:0.167757 , MAPD:0.940372, R_squared:0.999288

2024-03-21 06:20:04,258 Epoch 115/300, Train Loss: 0.022462, Val Loss: 0.027327  
	Train = MSE:0.022451 , RMSE:0.149837 , MAE:0.111051 , MAPD:0.584696, R_squared:0.999611  
	Validation = MSE:0.027327 , RMSE:0.165310 , MAE:0.138228 , MAPD:0.809216, R_squared:0.999508

2024-03-21 06:20:25,545 Epoch 116/300, Train Loss: 0.018047, Val Loss: 0.022463  
	Train = MSE:0.018049 , RMSE:0.134347 , MAE:0.102708 , MAPD:0.547215, R_squared:0.999688  
	Validation = MSE:0.022463 , RMSE:0.149875 , MAE:0.116405 , MAPD:0.598110, R_squared:0.999596

2024-03-21 06:20:48,225 Epoch 117/300, Train Loss: 0.020272, Val Loss: 0.015700  
	Train = MSE:0.020277 , RMSE:0.142397 , MAE:0.109084 , MAPD:0.572616, R_squared:0.999649  
	Validation = MSE:0.015700 , RMSE:0.125299 , MAE:0.092167 , MAPD:0.478102, R_squared:0.999717

2024-03-21 06:21:09,556 Epoch 118/300, Train Loss: 0.019764, Val Loss: 0.028909  
	Train = MSE:0.019765 , RMSE:0.140589 , MAE:0.107308 , MAPD:0.563616, R_squared:0.999658  
	Validation = MSE:0.028909 , RMSE:0.170026 , MAE:0.131980 , MAPD:0.659278, R_squared:0.999480

2024-03-21 06:21:30,119 Epoch 119/300, Train Loss: 0.017173, Val Loss: 0.014455  
	Train = MSE:0.017176 , RMSE:0.131055 , MAE:0.100461 , MAPD:0.532747, R_squared:0.999703  
	Validation = MSE:0.014455 , RMSE:0.120230 , MAE:0.088044 , MAPD:0.465740, R_squared:0.999740

2024-03-21 06:21:51,593 Epoch 120/300, Train Loss: 0.018632, Val Loss: 0.019142  
	Train = MSE:0.018635 , RMSE:0.136510 , MAE:0.104275 , MAPD:0.555031, R_squared:0.999677  
	Validation = MSE:0.019142 , RMSE:0.138354 , MAE:0.100184 , MAPD:0.564059, R_squared:0.999656

2024-03-21 06:22:14,212 Epoch 121/300, Train Loss: 0.018722, Val Loss: 0.013785  
	Train = MSE:0.018719 , RMSE:0.136818 , MAE:0.104609 , MAPD:0.553749, R_squared:0.999676  
	Validation = MSE:0.013785 , RMSE:0.117409 , MAE:0.084571 , MAPD:0.477518, R_squared:0.999752

2024-03-21 06:22:37,944 Epoch 122/300, Train Loss: 0.016218, Val Loss: 0.014902  
	Train = MSE:0.016222 , RMSE:0.127367 , MAE:0.097167 , MAPD:0.512759, R_squared:0.999719  
	Validation = MSE:0.014902 , RMSE:0.122075 , MAE:0.085815 , MAPD:0.462581, R_squared:0.999732

2024-03-21 06:23:00,459 Epoch 123/300, Train Loss: 0.024308, Val Loss: 0.019140  
	Train = MSE:0.024314 , RMSE:0.155928 , MAE:0.116959 , MAPD:0.618693, R_squared:0.999579  
	Validation = MSE:0.019140 , RMSE:0.138346 , MAE:0.107922 , MAPD:0.617865, R_squared:0.999656

2024-03-21 06:23:23,039 Epoch 124/300, Train Loss: 0.016558, Val Loss: 0.015905  
	Train = MSE:0.016561 , RMSE:0.128688 , MAE:0.098063 , MAPD:0.521904, R_squared:0.999713  
	Validation = MSE:0.015905 , RMSE:0.126114 , MAE:0.093237 , MAPD:0.498282, R_squared:0.999714

2024-03-21 06:23:46,631 Epoch 125/300, Train Loss: 0.018229, Val Loss: 0.014384  
	Train = MSE:0.018214 , RMSE:0.134959 , MAE:0.102378 , MAPD:0.546545, R_squared:0.999685  
	Validation = MSE:0.014384 , RMSE:0.119933 , MAE:0.085646 , MAPD:0.453669, R_squared:0.999741

2024-03-21 06:24:07,737 Epoch 126/300, Train Loss: 0.019125, Val Loss: 0.017244  
	Train = MSE:0.019129 , RMSE:0.138308 , MAE:0.107532 , MAPD:0.569916, R_squared:0.999669  
	Validation = MSE:0.017244 , RMSE:0.131315 , MAE:0.104167 , MAPD:0.612184, R_squared:0.999690

2024-03-21 06:24:29,348 Epoch 127/300, Train Loss: 0.019473, Val Loss: 0.013630  
	Train = MSE:0.019473 , RMSE:0.139546 , MAE:0.106375 , MAPD:0.565853, R_squared:0.999663  
	Validation = MSE:0.013630 , RMSE:0.116749 , MAE:0.085042 , MAPD:0.432355, R_squared:0.999755

2024-03-21 06:24:51,753 Epoch 128/300, Train Loss: 0.017980, Val Loss: 0.020064  
	Train = MSE:0.017961 , RMSE:0.134017 , MAE:0.101902 , MAPD:0.539687, R_squared:0.999689  
	Validation = MSE:0.020064 , RMSE:0.141648 , MAE:0.114756 , MAPD:0.689260, R_squared:0.999639

2024-03-21 06:25:15,900 Epoch 129/300, Train Loss: 0.019854, Val Loss: 0.025733  
	Train = MSE:0.019857 , RMSE:0.140916 , MAE:0.108104 , MAPD:0.567410, R_squared:0.999656  
	Validation = MSE:0.025733 , RMSE:0.160414 , MAE:0.136518 , MAPD:0.789277, R_squared:0.999537

2024-03-21 06:25:37,946 Epoch 130/300, Train Loss: 0.017996, Val Loss: 0.019039  
	Train = MSE:0.018000 , RMSE:0.134163 , MAE:0.105064 , MAPD:0.558428, R_squared:0.999688  
	Validation = MSE:0.019039 , RMSE:0.137981 , MAE:0.111015 , MAPD:0.615119, R_squared:0.999657

2024-03-21 06:25:58,977 Epoch 131/300, Train Loss: 0.017769, Val Loss: 0.013042  
	Train = MSE:0.017773 , RMSE:0.133316 , MAE:0.101316 , MAPD:0.535457, R_squared:0.999692  
	Validation = MSE:0.013042 , RMSE:0.114201 , MAE:0.083548 , MAPD:0.455526, R_squared:0.999765

2024-03-21 06:26:21,425 Epoch 132/300, Train Loss: 0.015334, Val Loss: 0.012505  
	Train = MSE:0.015335 , RMSE:0.123834 , MAE:0.095717 , MAPD:0.503917, R_squared:0.999735  
	Validation = MSE:0.012505 , RMSE:0.111826 , MAE:0.081387 , MAPD:0.434595, R_squared:0.999775

2024-03-21 06:26:45,506 Epoch 133/300, Train Loss: 0.017159, Val Loss: 0.011820  
	Train = MSE:0.017162 , RMSE:0.131003 , MAE:0.100779 , MAPD:0.528812, R_squared:0.999703  
	Validation = MSE:0.011820 , RMSE:0.108720 , MAE:0.077418 , MAPD:0.413420, R_squared:0.999787

2024-03-21 06:27:07,061 Epoch 134/300, Train Loss: 0.022574, Val Loss: 0.017651  
	Train = MSE:0.022557 , RMSE:0.150189 , MAE:0.112105 , MAPD:0.588308, R_squared:0.999610  
	Validation = MSE:0.017651 , RMSE:0.132857 , MAE:0.098309 , MAPD:0.539025, R_squared:0.999682

2024-03-21 06:27:28,654 Epoch 135/300, Train Loss: 0.018683, Val Loss: 0.012068  
	Train = MSE:0.018687 , RMSE:0.136702 , MAE:0.105335 , MAPD:0.557792, R_squared:0.999677  
	Validation = MSE:0.012068 , RMSE:0.109854 , MAE:0.081320 , MAPD:0.443053, R_squared:0.999783

2024-03-21 06:27:47,801 Epoch 136/300, Train Loss: 0.021111, Val Loss: 0.034042  
	Train = MSE:0.021116 , RMSE:0.145314 , MAE:0.112522 , MAPD:0.600036, R_squared:0.999634  
	Validation = MSE:0.034042 , RMSE:0.184505 , MAE:0.155211 , MAPD:0.812120, R_squared:0.999387

2024-03-21 06:28:06,000 Epoch 137/300, Train Loss: 0.021420, Val Loss: 0.017154  
	Train = MSE:0.021413 , RMSE:0.146331 , MAE:0.113389 , MAPD:0.592716, R_squared:0.999629  
	Validation = MSE:0.017154 , RMSE:0.130972 , MAE:0.099511 , MAPD:0.540074, R_squared:0.999691

2024-03-21 06:28:24,588 Epoch 138/300, Train Loss: 0.015962, Val Loss: 0.013986  
	Train = MSE:0.015965 , RMSE:0.126353 , MAE:0.097190 , MAPD:0.512729, R_squared:0.999724  
	Validation = MSE:0.013986 , RMSE:0.118261 , MAE:0.087134 , MAPD:0.485908, R_squared:0.999748

2024-03-21 06:28:44,577 Epoch 139/300, Train Loss: 0.015293, Val Loss: 0.015921  
	Train = MSE:0.015295 , RMSE:0.123673 , MAE:0.094872 , MAPD:0.504642, R_squared:0.999735  
	Validation = MSE:0.015921 , RMSE:0.126178 , MAE:0.096871 , MAPD:0.537383, R_squared:0.999714

2024-03-21 06:29:02,544 Epoch 140/300, Train Loss: 0.016005, Val Loss: 0.012815  
	Train = MSE:0.016008 , RMSE:0.126522 , MAE:0.095656 , MAPD:0.503805, R_squared:0.999723  
	Validation = MSE:0.012815 , RMSE:0.113204 , MAE:0.081440 , MAPD:0.444676, R_squared:0.999769

2024-03-21 06:29:20,687 Epoch 141/300, Train Loss: 0.013571, Val Loss: 0.012823  
	Train = MSE:0.013574 , RMSE:0.116508 , MAE:0.088675 , MAPD:0.470271, R_squared:0.999765  
	Validation = MSE:0.012823 , RMSE:0.113238 , MAE:0.080356 , MAPD:0.450274, R_squared:0.999769

2024-03-21 06:29:42,542 Epoch 142/300, Train Loss: 0.017864, Val Loss: 0.039727  
	Train = MSE:0.017857 , RMSE:0.133631 , MAE:0.102739 , MAPD:0.551659, R_squared:0.999691  
	Validation = MSE:0.039727 , RMSE:0.199316 , MAE:0.179892 , MAPD:1.038570, R_squared:0.999285

2024-03-21 06:30:03,155 Epoch 143/300, Train Loss: 0.017867, Val Loss: 0.011545  
	Train = MSE:0.017870 , RMSE:0.133679 , MAE:0.103829 , MAPD:0.546987, R_squared:0.999691  
	Validation = MSE:0.011545 , RMSE:0.107447 , MAE:0.074664 , MAPD:0.407911, R_squared:0.999792

2024-03-21 06:30:23,927 Epoch 144/300, Train Loss: 0.015938, Val Loss: 0.014471  
	Train = MSE:0.015941 , RMSE:0.126257 , MAE:0.097203 , MAPD:0.512331, R_squared:0.999724  
	Validation = MSE:0.014471 , RMSE:0.120297 , MAE:0.088921 , MAPD:0.491216, R_squared:0.999740

2024-03-21 06:30:44,265 Epoch 145/300, Train Loss: 0.015327, Val Loss: 0.018670  
	Train = MSE:0.015309 , RMSE:0.123730 , MAE:0.094956 , MAPD:0.499295, R_squared:0.999735  
	Validation = MSE:0.018670 , RMSE:0.136639 , MAE:0.100641 , MAPD:0.536150, R_squared:0.999664

2024-03-21 06:31:03,276 Epoch 146/300, Train Loss: 0.018776, Val Loss: 0.017090  
	Train = MSE:0.018770 , RMSE:0.137005 , MAE:0.104114 , MAPD:0.554445, R_squared:0.999675  
	Validation = MSE:0.017090 , RMSE:0.130727 , MAE:0.094320 , MAPD:0.495786, R_squared:0.999692

2024-03-21 06:31:23,864 Epoch 147/300, Train Loss: 0.016786, Val Loss: 0.015490  
	Train = MSE:0.016783 , RMSE:0.129550 , MAE:0.098842 , MAPD:0.523777, R_squared:0.999709  
	Validation = MSE:0.015490 , RMSE:0.124460 , MAE:0.091517 , MAPD:0.470380, R_squared:0.999721

2024-03-21 06:31:45,247 Epoch 148/300, Train Loss: 0.015107, Val Loss: 0.018484  
	Train = MSE:0.015109 , RMSE:0.122919 , MAE:0.093703 , MAPD:0.492278, R_squared:0.999738  
	Validation = MSE:0.018484 , RMSE:0.135957 , MAE:0.112095 , MAPD:0.657816, R_squared:0.999667

2024-03-21 06:32:04,504 Epoch 149/300, Train Loss: 0.015451, Val Loss: 0.034576  
	Train = MSE:0.015450 , RMSE:0.124297 , MAE:0.094986 , MAPD:0.498691, R_squared:0.999733  
	Validation = MSE:0.034576 , RMSE:0.185947 , MAE:0.162731 , MAPD:0.934008, R_squared:0.999378

2024-03-21 06:32:23,216 Epoch 150/300, Train Loss: 0.016108, Val Loss: 0.011302  
	Train = MSE:0.016111 , RMSE:0.126929 , MAE:0.097769 , MAPD:0.514114, R_squared:0.999721  
	Validation = MSE:0.011302 , RMSE:0.106310 , MAE:0.076320 , MAPD:0.433948, R_squared:0.999797

2024-03-21 06:32:43,888 Epoch 151/300, Train Loss: 0.020061, Val Loss: 0.011467  
	Train = MSE:0.020066 , RMSE:0.141654 , MAE:0.106904 , MAPD:0.565660, R_squared:0.999653  
	Validation = MSE:0.011467 , RMSE:0.107086 , MAE:0.073009 , MAPD:0.403597, R_squared:0.999794

2024-03-21 06:33:03,882 Epoch 152/300, Train Loss: 0.017310, Val Loss: 0.028274  
	Train = MSE:0.017312 , RMSE:0.131576 , MAE:0.101335 , MAPD:0.536134, R_squared:0.999700  
	Validation = MSE:0.028274 , RMSE:0.168149 , MAE:0.143920 , MAPD:0.764965, R_squared:0.999491

2024-03-21 06:33:29,030 Epoch 153/300, Train Loss: 0.016017, Val Loss: 0.036810  
	Train = MSE:0.016012 , RMSE:0.126537 , MAE:0.094207 , MAPD:0.496097, R_squared:0.999723  
	Validation = MSE:0.036810 , RMSE:0.191859 , MAE:0.167694 , MAPD:0.958405, R_squared:0.999338

2024-03-21 06:33:55,338 Epoch 154/300, Train Loss: 0.013521, Val Loss: 0.010928  
	Train = MSE:0.013516 , RMSE:0.116258 , MAE:0.088061 , MAPD:0.466056, R_squared:0.999766  
	Validation = MSE:0.010928 , RMSE:0.104535 , MAE:0.075306 , MAPD:0.407685, R_squared:0.999803

2024-03-21 06:34:20,511 Epoch 155/300, Train Loss: 0.015324, Val Loss: 0.030534  
	Train = MSE:0.015326 , RMSE:0.123797 , MAE:0.092983 , MAPD:0.487987, R_squared:0.999735  
	Validation = MSE:0.030534 , RMSE:0.174740 , MAE:0.144028 , MAPD:0.737121, R_squared:0.999451

2024-03-21 06:34:45,327 Epoch 156/300, Train Loss: 0.014615, Val Loss: 0.011745  
	Train = MSE:0.014617 , RMSE:0.120900 , MAE:0.092134 , MAPD:0.482629, R_squared:0.999747  
	Validation = MSE:0.011745 , RMSE:0.108376 , MAE:0.076136 , MAPD:0.412372, R_squared:0.999789

2024-03-21 06:35:11,007 Epoch 157/300, Train Loss: 0.012889, Val Loss: 0.022168  
	Train = MSE:0.012891 , RMSE:0.113538 , MAE:0.087038 , MAPD:0.460119, R_squared:0.999777  
	Validation = MSE:0.022168 , RMSE:0.148888 , MAE:0.117934 , MAPD:0.680050, R_squared:0.999601

2024-03-21 06:35:36,498 Epoch 158/300, Train Loss: 0.017683, Val Loss: 0.039337  
	Train = MSE:0.017676 , RMSE:0.132953 , MAE:0.102597 , MAPD:0.540945, R_squared:0.999694  
	Validation = MSE:0.039337 , RMSE:0.198336 , MAE:0.170710 , MAPD:1.062530, R_squared:0.999292

2024-03-21 06:35:58,607 Epoch 159/300, Train Loss: 0.016085, Val Loss: 0.015633  
	Train = MSE:0.016080 , RMSE:0.126806 , MAE:0.097886 , MAPD:0.514072, R_squared:0.999722  
	Validation = MSE:0.015633 , RMSE:0.125033 , MAE:0.090613 , MAPD:0.466991, R_squared:0.999719

2024-03-21 06:36:20,978 Epoch 160/300, Train Loss: 0.017209, Val Loss: 0.054425  
	Train = MSE:0.017213 , RMSE:0.131198 , MAE:0.101117 , MAPD:0.534035, R_squared:0.999702  
	Validation = MSE:0.054425 , RMSE:0.233291 , MAE:0.211724 , MAPD:1.187055, R_squared:0.999021

2024-03-21 06:36:45,888 Epoch 161/300, Train Loss: 0.013645, Val Loss: 0.016196  
	Train = MSE:0.013639 , RMSE:0.116786 , MAE:0.088529 , MAPD:0.467360, R_squared:0.999764  
	Validation = MSE:0.016196 , RMSE:0.127265 , MAE:0.088981 , MAPD:0.438501, R_squared:0.999709

2024-03-21 06:37:11,107 Epoch 162/300, Train Loss: 0.016606, Val Loss: 0.012502  
	Train = MSE:0.016606 , RMSE:0.128866 , MAE:0.096931 , MAPD:0.506187, R_squared:0.999713  
	Validation = MSE:0.012502 , RMSE:0.111812 , MAE:0.080849 , MAPD:0.439640, R_squared:0.999775

2024-03-21 06:37:33,852 Epoch 163/300, Train Loss: 0.015523, Val Loss: 0.012993  
	Train = MSE:0.015524 , RMSE:0.124594 , MAE:0.096109 , MAPD:0.506533, R_squared:0.999731  
	Validation = MSE:0.012993 , RMSE:0.113987 , MAE:0.083044 , MAPD:0.448915, R_squared:0.999766

2024-03-21 06:37:58,132 Epoch 164/300, Train Loss: 0.018367, Val Loss: 0.016942  
	Train = MSE:0.018369 , RMSE:0.135531 , MAE:0.103414 , MAPD:0.547201, R_squared:0.999682  
	Validation = MSE:0.016942 , RMSE:0.130161 , MAE:0.100150 , MAPD:0.552894, R_squared:0.999695

2024-03-21 06:38:19,846 Epoch 165/300, Train Loss: 0.017444, Val Loss: 0.020578  
	Train = MSE:0.017431 , RMSE:0.132025 , MAE:0.102463 , MAPD:0.539882, R_squared:0.999698  
	Validation = MSE:0.020578 , RMSE:0.143450 , MAE:0.117594 , MAPD:0.616749, R_squared:0.999630

2024-03-21 06:38:43,339 Epoch 166/300, Train Loss: 0.012929, Val Loss: 0.013543  
	Train = MSE:0.012927 , RMSE:0.113695 , MAE:0.086654 , MAPD:0.461014, R_squared:0.999776  
	Validation = MSE:0.013543 , RMSE:0.116376 , MAE:0.087890 , MAPD:0.519195, R_squared:0.999756

2024-03-21 06:39:05,249 Epoch 167/300, Train Loss: 0.013533, Val Loss: 0.013954  
	Train = MSE:0.013535 , RMSE:0.116340 , MAE:0.089099 , MAPD:0.469093, R_squared:0.999766  
	Validation = MSE:0.013954 , RMSE:0.118125 , MAE:0.087932 , MAPD:0.499773, R_squared:0.999749

2024-03-21 06:39:28,007 Epoch 168/300, Train Loss: 0.014377, Val Loss: 0.011577  
	Train = MSE:0.014378 , RMSE:0.119906 , MAE:0.091065 , MAPD:0.483586, R_squared:0.999751  
	Validation = MSE:0.011577 , RMSE:0.107599 , MAE:0.079727 , MAPD:0.451828, R_squared:0.999792

2024-03-21 06:39:49,986 Epoch 169/300, Train Loss: 0.013799, Val Loss: 0.011743  
	Train = MSE:0.013801 , RMSE:0.117476 , MAE:0.089418 , MAPD:0.466483, R_squared:0.999761  
	Validation = MSE:0.011743 , RMSE:0.108366 , MAE:0.080371 , MAPD:0.442662, R_squared:0.999789

2024-03-21 06:40:13,635 Epoch 170/300, Train Loss: 0.012909, Val Loss: 0.030477  
	Train = MSE:0.012904 , RMSE:0.113595 , MAE:0.087012 , MAPD:0.459315, R_squared:0.999777  
	Validation = MSE:0.030477 , RMSE:0.174577 , MAE:0.145996 , MAPD:0.872387, R_squared:0.999452

2024-03-21 06:40:34,880 Epoch 171/300, Train Loss: 0.020505, Val Loss: 0.021217  
	Train = MSE:0.020507 , RMSE:0.143203 , MAE:0.109591 , MAPD:0.581240, R_squared:0.999645  
	Validation = MSE:0.021217 , RMSE:0.145662 , MAE:0.118330 , MAPD:0.641344, R_squared:0.999618

2024-03-21 06:40:57,772 Epoch 172/300, Train Loss: 0.016503, Val Loss: 0.011063  
	Train = MSE:0.016508 , RMSE:0.128482 , MAE:0.099110 , MAPD:0.520894, R_squared:0.999714  
	Validation = MSE:0.011063 , RMSE:0.105180 , MAE:0.072216 , MAPD:0.401984, R_squared:0.999801

2024-03-21 06:41:19,368 Epoch 173/300, Train Loss: 0.013046, Val Loss: 0.020632  
	Train = MSE:0.013049 , RMSE:0.114233 , MAE:0.085944 , MAPD:0.457341, R_squared:0.999774  
	Validation = MSE:0.020632 , RMSE:0.143639 , MAE:0.119713 , MAPD:0.651364, R_squared:0.999629

2024-03-21 06:41:39,478 Epoch 174/300, Train Loss: 0.016057, Val Loss: 0.013233  
	Train = MSE:0.016060 , RMSE:0.126730 , MAE:0.096825 , MAPD:0.508290, R_squared:0.999722  
	Validation = MSE:0.013233 , RMSE:0.115035 , MAE:0.085012 , MAPD:0.437354, R_squared:0.999762

2024-03-21 06:42:00,118 Epoch 175/300, Train Loss: 0.016737, Val Loss: 0.017397  
	Train = MSE:0.016742 , RMSE:0.129392 , MAE:0.096934 , MAPD:0.516407, R_squared:0.999710  
	Validation = MSE:0.017397 , RMSE:0.131899 , MAE:0.101063 , MAPD:0.526276, R_squared:0.999687

2024-03-21 06:42:20,852 Epoch 176/300, Train Loss: 0.015945, Val Loss: 0.039589  
	Train = MSE:0.015941 , RMSE:0.126258 , MAE:0.095797 , MAPD:0.500602, R_squared:0.999724  
	Validation = MSE:0.039589 , RMSE:0.198971 , MAE:0.161953 , MAPD:0.775515, R_squared:0.999288

2024-03-21 06:42:41,162 Epoch 177/300, Train Loss: 0.018007, Val Loss: 0.017406  
	Train = MSE:0.018008 , RMSE:0.134193 , MAE:0.102351 , MAPD:0.541543, R_squared:0.999688  
	Validation = MSE:0.017406 , RMSE:0.131931 , MAE:0.104303 , MAPD:0.545842, R_squared:0.999687

2024-03-21 06:42:59,101 Epoch 178/300, Train Loss: 0.012846, Val Loss: 0.009691  
	Train = MSE:0.012847 , RMSE:0.113346 , MAE:0.087101 , MAPD:0.461619, R_squared:0.999778  
	Validation = MSE:0.009691 , RMSE:0.098443 , MAE:0.067323 , MAPD:0.375110, R_squared:0.999826

2024-03-21 06:43:15,387 Epoch 179/300, Train Loss: 0.012752, Val Loss: 0.017909  
	Train = MSE:0.012755 , RMSE:0.112938 , MAE:0.085843 , MAPD:0.450338, R_squared:0.999779  
	Validation = MSE:0.017909 , RMSE:0.133825 , MAE:0.106717 , MAPD:0.624491, R_squared:0.999678

2024-03-21 06:43:32,267 Epoch 180/300, Train Loss: 0.012679, Val Loss: 0.010042  
	Train = MSE:0.012678 , RMSE:0.112595 , MAE:0.085018 , MAPD:0.449834, R_squared:0.999781  
	Validation = MSE:0.010042 , RMSE:0.100211 , MAE:0.069088 , MAPD:0.388963, R_squared:0.999819

2024-03-21 06:43:50,301 Epoch 181/300, Train Loss: 0.010531, Val Loss: 0.025229  
	Train = MSE:0.010533 , RMSE:0.102628 , MAE:0.078376 , MAPD:0.412834, R_squared:0.999818  
	Validation = MSE:0.025229 , RMSE:0.158837 , MAE:0.127973 , MAPD:0.633187, R_squared:0.999546

2024-03-21 06:44:08,750 Epoch 182/300, Train Loss: 0.015896, Val Loss: 0.022925  
	Train = MSE:0.015893 , RMSE:0.126069 , MAE:0.095641 , MAPD:0.506650, R_squared:0.999725  
	Validation = MSE:0.022925 , RMSE:0.151410 , MAE:0.126465 , MAPD:0.704464, R_squared:0.999587

2024-03-21 06:44:26,412 Epoch 183/300, Train Loss: 0.015672, Val Loss: 0.012408  
	Train = MSE:0.015670 , RMSE:0.125180 , MAE:0.094952 , MAPD:0.498162, R_squared:0.999729  
	Validation = MSE:0.012408 , RMSE:0.111391 , MAE:0.079550 , MAPD:0.448006, R_squared:0.999777

2024-03-21 06:44:43,879 Epoch 184/300, Train Loss: 0.013783, Val Loss: 0.010641  
	Train = MSE:0.013778 , RMSE:0.117380 , MAE:0.087278 , MAPD:0.456279, R_squared:0.999762  
	Validation = MSE:0.010641 , RMSE:0.103155 , MAE:0.072597 , MAPD:0.385319, R_squared:0.999809

2024-03-21 06:45:01,107 Epoch 185/300, Train Loss: 0.012865, Val Loss: 0.010704  
	Train = MSE:0.012867 , RMSE:0.113432 , MAE:0.087180 , MAPD:0.458505, R_squared:0.999777  
	Validation = MSE:0.010704 , RMSE:0.103461 , MAE:0.071900 , MAPD:0.409106, R_squared:0.999807

2024-03-21 06:45:17,224 Epoch 186/300, Train Loss: 0.015160, Val Loss: 0.028974  
	Train = MSE:0.015156 , RMSE:0.123109 , MAE:0.094033 , MAPD:0.495437, R_squared:0.999738  
	Validation = MSE:0.028974 , RMSE:0.170217 , MAE:0.142059 , MAPD:0.757412, R_squared:0.999479

2024-03-21 06:45:34,284 Epoch 187/300, Train Loss: 0.013913, Val Loss: 0.018916  
	Train = MSE:0.013916 , RMSE:0.117968 , MAE:0.089319 , MAPD:0.464819, R_squared:0.999759  
	Validation = MSE:0.018916 , RMSE:0.137535 , MAE:0.114051 , MAPD:0.644894, R_squared:0.999660

2024-03-21 06:45:52,672 Epoch 188/300, Train Loss: 0.014285, Val Loss: 0.010894  
	Train = MSE:0.014285 , RMSE:0.119522 , MAE:0.092613 , MAPD:0.488346, R_squared:0.999753  
	Validation = MSE:0.010894 , RMSE:0.104374 , MAE:0.074323 , MAPD:0.408971, R_squared:0.999804

2024-03-21 06:46:09,189 Epoch 189/300, Train Loss: 0.018717, Val Loss: 0.012955  
	Train = MSE:0.018722 , RMSE:0.136828 , MAE:0.104332 , MAPD:0.546658, R_squared:0.999676  
	Validation = MSE:0.012955 , RMSE:0.113819 , MAE:0.083114 , MAPD:0.440827, R_squared:0.999767

2024-03-21 06:46:26,149 Epoch 190/300, Train Loss: 0.014884, Val Loss: 0.015748  
	Train = MSE:0.014887 , RMSE:0.122011 , MAE:0.093639 , MAPD:0.498193, R_squared:0.999742  
	Validation = MSE:0.015748 , RMSE:0.125492 , MAE:0.091471 , MAPD:0.529254, R_squared:0.999717

2024-03-21 06:46:43,477 Epoch 191/300, Train Loss: 0.010533, Val Loss: 0.015627  
	Train = MSE:0.010535 , RMSE:0.102642 , MAE:0.078228 , MAPD:0.411496, R_squared:0.999818  
	Validation = MSE:0.015627 , RMSE:0.125009 , MAE:0.098994 , MAPD:0.561350, R_squared:0.999719

2024-03-21 06:47:02,046 Epoch 192/300, Train Loss: 0.014195, Val Loss: 0.047115  
	Train = MSE:0.014193 , RMSE:0.119135 , MAE:0.091943 , MAPD:0.490421, R_squared:0.999754  
	Validation = MSE:0.047115 , RMSE:0.217061 , MAE:0.196935 , MAPD:1.190919, R_squared:0.999152

2024-03-21 06:47:19,084 Epoch 193/300, Train Loss: 0.017072, Val Loss: 0.011767  
	Train = MSE:0.017074 , RMSE:0.130666 , MAE:0.099191 , MAPD:0.524750, R_squared:0.999704  
	Validation = MSE:0.011767 , RMSE:0.108477 , MAE:0.079139 , MAPD:0.434993, R_squared:0.999788

2024-03-21 06:47:36,816 Epoch 194/300, Train Loss: 0.012565, Val Loss: 0.019612  
	Train = MSE:0.012567 , RMSE:0.112103 , MAE:0.085479 , MAPD:0.445913, R_squared:0.999782  
	Validation = MSE:0.019612 , RMSE:0.140044 , MAE:0.116929 , MAPD:0.650153, R_squared:0.999647

2024-03-21 06:47:53,762 Epoch 195/300, Train Loss: 0.012679, Val Loss: 0.024235  
	Train = MSE:0.012682 , RMSE:0.112613 , MAE:0.085891 , MAPD:0.451581, R_squared:0.999780  
	Validation = MSE:0.024235 , RMSE:0.155676 , MAE:0.129511 , MAPD:0.766900, R_squared:0.999564

2024-03-21 06:48:09,940 Epoch 196/300, Train Loss: 0.011303, Val Loss: 0.011296  
	Train = MSE:0.011301 , RMSE:0.106307 , MAE:0.081735 , MAPD:0.431551, R_squared:0.999804  
	Validation = MSE:0.011296 , RMSE:0.106283 , MAE:0.077862 , MAPD:0.451428, R_squared:0.999797

2024-03-21 06:48:28,174 Epoch 197/300, Train Loss: 0.015024, Val Loss: 0.030898  
	Train = MSE:0.015027 , RMSE:0.122586 , MAE:0.094028 , MAPD:0.495808, R_squared:0.999740  
	Validation = MSE:0.030898 , RMSE:0.175778 , MAE:0.131593 , MAPD:0.612734, R_squared:0.999444

2024-03-21 06:48:46,553 Epoch 198/300, Train Loss: 0.015578, Val Loss: 0.013462  
	Train = MSE:0.015581 , RMSE:0.124823 , MAE:0.096964 , MAPD:0.509833, R_squared:0.999730  
	Validation = MSE:0.013462 , RMSE:0.116026 , MAE:0.085444 , MAPD:0.437616, R_squared:0.999758

2024-03-21 06:49:05,369 Epoch 199/300, Train Loss: 0.016465, Val Loss: 0.064455  
	Train = MSE:0.016469 , RMSE:0.128333 , MAE:0.097313 , MAPD:0.515244, R_squared:0.999715  
	Validation = MSE:0.064455 , RMSE:0.253880 , MAE:0.217070 , MAPD:1.072841, R_squared:0.998840

2024-03-21 06:49:21,788 Epoch 200/300, Train Loss: 0.014860, Val Loss: 0.013322  
	Train = MSE:0.014863 , RMSE:0.121914 , MAE:0.092703 , MAPD:0.489325, R_squared:0.999743  
	Validation = MSE:0.013322 , RMSE:0.115423 , MAE:0.088266 , MAPD:0.481495, R_squared:0.999760

2024-03-21 06:49:40,213 Epoch 201/300, Train Loss: 0.014058, Val Loss: 0.021545  
	Train = MSE:0.014058 , RMSE:0.118565 , MAE:0.089937 , MAPD:0.472262, R_squared:0.999757  
	Validation = MSE:0.021545 , RMSE:0.146782 , MAE:0.117879 , MAPD:0.657897, R_squared:0.999612

2024-03-21 06:49:59,620 Epoch 202/300, Train Loss: 0.013803, Val Loss: 0.013778  
	Train = MSE:0.013802 , RMSE:0.117483 , MAE:0.089094 , MAPD:0.466215, R_squared:0.999761  
	Validation = MSE:0.013778 , RMSE:0.117378 , MAE:0.089175 , MAPD:0.492559, R_squared:0.999752

2024-03-21 06:50:18,182 Epoch 203/300, Train Loss: 0.012759, Val Loss: 0.015718  
	Train = MSE:0.012762 , RMSE:0.112969 , MAE:0.086189 , MAPD:0.453863, R_squared:0.999779  
	Validation = MSE:0.015718 , RMSE:0.125370 , MAE:0.089100 , MAPD:0.450655, R_squared:0.999717

2024-03-21 06:50:34,455 Epoch 204/300, Train Loss: 0.016644, Val Loss: 0.012259  
	Train = MSE:0.016647 , RMSE:0.129023 , MAE:0.098193 , MAPD:0.518292, R_squared:0.999712  
	Validation = MSE:0.012259 , RMSE:0.110722 , MAE:0.080698 , MAPD:0.448321, R_squared:0.999779

2024-03-21 06:50:50,929 Epoch 205/300, Train Loss: 0.009704, Val Loss: 0.011280  
	Train = MSE:0.009706 , RMSE:0.098518 , MAE:0.074360 , MAPD:0.394000, R_squared:0.999832  
	Validation = MSE:0.011280 , RMSE:0.106206 , MAE:0.075578 , MAPD:0.405612, R_squared:0.999797

2024-03-21 06:51:07,169 Epoch 206/300, Train Loss: 0.013385, Val Loss: 0.024350  
	Train = MSE:0.013382 , RMSE:0.115680 , MAE:0.086406 , MAPD:0.450551, R_squared:0.999768  
	Validation = MSE:0.024350 , RMSE:0.156044 , MAE:0.130227 , MAPD:0.759569, R_squared:0.999562

2024-03-21 06:51:26,318 Epoch 207/300, Train Loss: 0.015045, Val Loss: 0.012176  
	Train = MSE:0.015048 , RMSE:0.122670 , MAE:0.094031 , MAPD:0.494617, R_squared:0.999740  
	Validation = MSE:0.012176 , RMSE:0.110346 , MAE:0.079734 , MAPD:0.444934, R_squared:0.999781

2024-03-21 06:51:43,638 Epoch 208/300, Train Loss: 0.013409, Val Loss: 0.016040  
	Train = MSE:0.013410 , RMSE:0.115803 , MAE:0.087393 , MAPD:0.454450, R_squared:0.999768  
	Validation = MSE:0.016040 , RMSE:0.126649 , MAE:0.092312 , MAPD:0.449468, R_squared:0.999711

2024-03-21 06:52:00,304 Epoch 209/300, Train Loss: 0.011438, Val Loss: 0.010972  
	Train = MSE:0.011439 , RMSE:0.106951 , MAE:0.082959 , MAPD:0.443995, R_squared:0.999802  
	Validation = MSE:0.010972 , RMSE:0.104748 , MAE:0.073155 , MAPD:0.398525, R_squared:0.999803

2024-03-21 06:52:17,069 Epoch 210/300, Train Loss: 0.016403, Val Loss: 0.010481  
	Train = MSE:0.016397 , RMSE:0.128052 , MAE:0.096152 , MAPD:0.505803, R_squared:0.999716  
	Validation = MSE:0.010481 , RMSE:0.102379 , MAE:0.071895 , MAPD:0.397158, R_squared:0.999811

2024-03-21 06:52:35,568 Epoch 211/300, Train Loss: 0.012590, Val Loss: 0.009540  
	Train = MSE:0.012590 , RMSE:0.112204 , MAE:0.085462 , MAPD:0.447738, R_squared:0.999782  
	Validation = MSE:0.009540 , RMSE:0.097673 , MAE:0.066949 , MAPD:0.364775, R_squared:0.999828

2024-03-21 06:52:54,346 Epoch 212/300, Train Loss: 0.011000, Val Loss: 0.013924  
	Train = MSE:0.010997 , RMSE:0.104865 , MAE:0.079517 , MAPD:0.417443, R_squared:0.999810  
	Validation = MSE:0.013924 , RMSE:0.118000 , MAE:0.090305 , MAPD:0.479574, R_squared:0.999749

2024-03-21 06:53:11,721 Epoch 213/300, Train Loss: 0.018423, Val Loss: 0.022154  
	Train = MSE:0.018421 , RMSE:0.135723 , MAE:0.101422 , MAPD:0.542576, R_squared:0.999681  
	Validation = MSE:0.022154 , RMSE:0.148844 , MAE:0.116284 , MAPD:0.657928, R_squared:0.999601

2024-03-21 06:53:28,815 Epoch 214/300, Train Loss: 0.012817, Val Loss: 0.014802  
	Train = MSE:0.012817 , RMSE:0.113212 , MAE:0.084561 , MAPD:0.444219, R_squared:0.999778  
	Validation = MSE:0.014802 , RMSE:0.121662 , MAE:0.086412 , MAPD:0.413780, R_squared:0.999734

2024-03-21 06:53:45,849 Epoch 215/300, Train Loss: 0.010906, Val Loss: 0.043356  
	Train = MSE:0.010905 , RMSE:0.104426 , MAE:0.079278 , MAPD:0.414509, R_squared:0.999811  
	Validation = MSE:0.043356 , RMSE:0.208220 , MAE:0.183822 , MAPD:0.950226, R_squared:0.999220

2024-03-21 06:54:03,215 Epoch 216/300, Train Loss: 0.011305, Val Loss: 0.012848  
	Train = MSE:0.011304 , RMSE:0.106321 , MAE:0.080748 , MAPD:0.423383, R_squared:0.999804  
	Validation = MSE:0.012848 , RMSE:0.113351 , MAE:0.079528 , MAPD:0.423281, R_squared:0.999769

2024-03-21 06:54:20,667 Epoch 217/300, Train Loss: 0.015154, Val Loss: 0.025752  
	Train = MSE:0.015151 , RMSE:0.123087 , MAE:0.093624 , MAPD:0.501862, R_squared:0.999738  
	Validation = MSE:0.025752 , RMSE:0.160475 , MAE:0.118858 , MAPD:0.579151, R_squared:0.999537

2024-03-21 06:54:38,541 Epoch 218/300, Train Loss: 0.012517, Val Loss: 0.008935  
	Train = MSE:0.012519 , RMSE:0.111890 , MAE:0.084304 , MAPD:0.440665, R_squared:0.999783  
	Validation = MSE:0.008935 , RMSE:0.094523 , MAE:0.063266 , MAPD:0.350255, R_squared:0.999839

2024-03-21 06:54:55,983 Epoch 219/300, Train Loss: 0.012031, Val Loss: 0.008922  
	Train = MSE:0.012034 , RMSE:0.109699 , MAE:0.084162 , MAPD:0.443302, R_squared:0.999792  
	Validation = MSE:0.008922 , RMSE:0.094457 , MAE:0.064053 , MAPD:0.352649, R_squared:0.999839

2024-03-21 06:55:12,345 Epoch 220/300, Train Loss: 0.011679, Val Loss: 0.011498  
	Train = MSE:0.011681 , RMSE:0.108081 , MAE:0.082399 , MAPD:0.433953, R_squared:0.999798  
	Validation = MSE:0.011498 , RMSE:0.107229 , MAE:0.076721 , MAPD:0.415839, R_squared:0.999793

2024-03-21 06:55:29,896 Epoch 221/300, Train Loss: 0.010933, Val Loss: 0.008782  
	Train = MSE:0.010933 , RMSE:0.104560 , MAE:0.080361 , MAPD:0.418348, R_squared:0.999811  
	Validation = MSE:0.008782 , RMSE:0.093711 , MAE:0.063858 , MAPD:0.350248, R_squared:0.999842

2024-03-21 06:55:50,184 Epoch 222/300, Train Loss: 0.014392, Val Loss: 0.011487  
	Train = MSE:0.014395 , RMSE:0.119978 , MAE:0.092319 , MAPD:0.482730, R_squared:0.999751  
	Validation = MSE:0.011487 , RMSE:0.107177 , MAE:0.075766 , MAPD:0.400565, R_squared:0.999793

2024-03-21 06:56:07,724 Epoch 223/300, Train Loss: 0.015868, Val Loss: 0.010995  
	Train = MSE:0.015871 , RMSE:0.125981 , MAE:0.094883 , MAPD:0.500159, R_squared:0.999725  
	Validation = MSE:0.010995 , RMSE:0.104856 , MAE:0.074391 , MAPD:0.400206, R_squared:0.999802

2024-03-21 06:56:24,117 Epoch 224/300, Train Loss: 0.011805, Val Loss: 0.011312  
	Train = MSE:0.011808 , RMSE:0.108663 , MAE:0.082870 , MAPD:0.435309, R_squared:0.999796  
	Validation = MSE:0.011312 , RMSE:0.106356 , MAE:0.075443 , MAPD:0.393655, R_squared:0.999796

2024-03-21 06:56:41,758 Epoch 225/300, Train Loss: 0.011200, Val Loss: 0.009563  
	Train = MSE:0.011201 , RMSE:0.105837 , MAE:0.079876 , MAPD:0.422775, R_squared:0.999806  
	Validation = MSE:0.009563 , RMSE:0.097788 , MAE:0.066970 , MAPD:0.365467, R_squared:0.999828

2024-03-21 06:56:59,888 Epoch 226/300, Train Loss: 0.014335, Val Loss: 0.009326  
	Train = MSE:0.014337 , RMSE:0.119736 , MAE:0.092911 , MAPD:0.492516, R_squared:0.999752  
	Validation = MSE:0.009326 , RMSE:0.096573 , MAE:0.065262 , MAPD:0.354278, R_squared:0.999832

2024-03-21 06:57:16,675 Epoch 227/300, Train Loss: 0.012053, Val Loss: 0.013952  
	Train = MSE:0.012046 , RMSE:0.109755 , MAE:0.084383 , MAPD:0.442392, R_squared:0.999791  
	Validation = MSE:0.013952 , RMSE:0.118118 , MAE:0.090663 , MAPD:0.477839, R_squared:0.999749

2024-03-21 06:57:34,077 Epoch 228/300, Train Loss: 0.011116, Val Loss: 0.013618  
	Train = MSE:0.011115 , RMSE:0.105427 , MAE:0.080606 , MAPD:0.428381, R_squared:0.999808  
	Validation = MSE:0.013618 , RMSE:0.116696 , MAE:0.086139 , MAPD:0.489853, R_squared:0.999755

2024-03-21 06:57:50,611 Epoch 229/300, Train Loss: 0.013663, Val Loss: 0.022050  
	Train = MSE:0.013666 , RMSE:0.116902 , MAE:0.090073 , MAPD:0.472734, R_squared:0.999763  
	Validation = MSE:0.022050 , RMSE:0.148492 , MAE:0.119229 , MAPD:0.596040, R_squared:0.999603

2024-03-21 06:58:07,340 Epoch 230/300, Train Loss: 0.010770, Val Loss: 0.040656  
	Train = MSE:0.010763 , RMSE:0.103747 , MAE:0.078492 , MAPD:0.414050, R_squared:0.999814  
	Validation = MSE:0.040656 , RMSE:0.201634 , MAE:0.177637 , MAPD:1.084958, R_squared:0.999268

2024-03-21 06:58:26,532 Epoch 231/300, Train Loss: 0.012600, Val Loss: 0.011187  
	Train = MSE:0.012602 , RMSE:0.112258 , MAE:0.082768 , MAPD:0.439230, R_squared:0.999782  
	Validation = MSE:0.011187 , RMSE:0.105770 , MAE:0.076769 , MAPD:0.425692, R_squared:0.999799

2024-03-21 06:58:45,735 Epoch 232/300, Train Loss: 0.011168, Val Loss: 0.008844  
	Train = MSE:0.011168 , RMSE:0.105677 , MAE:0.080364 , MAPD:0.424283, R_squared:0.999807  
	Validation = MSE:0.008844 , RMSE:0.094041 , MAE:0.063693 , MAPD:0.349699, R_squared:0.999841

2024-03-21 06:59:04,723 Epoch 233/300, Train Loss: 0.010538, Val Loss: 0.015988  
	Train = MSE:0.010532 , RMSE:0.102628 , MAE:0.077553 , MAPD:0.406520, R_squared:0.999818  
	Validation = MSE:0.015988 , RMSE:0.126443 , MAE:0.091762 , MAPD:0.452105, R_squared:0.999712

2024-03-21 06:59:23,292 Epoch 234/300, Train Loss: 0.010927, Val Loss: 0.022717  
	Train = MSE:0.010927 , RMSE:0.104532 , MAE:0.080340 , MAPD:0.424596, R_squared:0.999811  
	Validation = MSE:0.022717 , RMSE:0.150722 , MAE:0.119963 , MAPD:0.649655, R_squared:0.999591

2024-03-21 06:59:40,262 Epoch 235/300, Train Loss: 0.012519, Val Loss: 0.013156  
	Train = MSE:0.012518 , RMSE:0.111886 , MAE:0.083728 , MAPD:0.437038, R_squared:0.999783  
	Validation = MSE:0.013156 , RMSE:0.114700 , MAE:0.083895 , MAPD:0.471533, R_squared:0.999763

2024-03-21 06:59:58,861 Epoch 236/300, Train Loss: 0.013137, Val Loss: 0.026234  
	Train = MSE:0.013138 , RMSE:0.114622 , MAE:0.087816 , MAPD:0.461474, R_squared:0.999773  
	Validation = MSE:0.026234 , RMSE:0.161969 , MAE:0.115164 , MAPD:0.531318, R_squared:0.999528

2024-03-21 07:00:15,640 Epoch 237/300, Train Loss: 0.009215, Val Loss: 0.022899  
	Train = MSE:0.009217 , RMSE:0.096007 , MAE:0.072508 , MAPD:0.381581, R_squared:0.999840  
	Validation = MSE:0.022899 , RMSE:0.151323 , MAE:0.108975 , MAPD:0.516594, R_squared:0.999588

2024-03-21 07:00:34,345 Epoch 238/300, Train Loss: 0.013978, Val Loss: 0.013159  
	Train = MSE:0.013970 , RMSE:0.118197 , MAE:0.090376 , MAPD:0.479030, R_squared:0.999758  
	Validation = MSE:0.013159 , RMSE:0.114713 , MAE:0.089303 , MAPD:0.519068, R_squared:0.999763

2024-03-21 07:00:50,881 Epoch 239/300, Train Loss: 0.013754, Val Loss: 0.015126  
	Train = MSE:0.013757 , RMSE:0.117292 , MAE:0.090173 , MAPD:0.472164, R_squared:0.999762  
	Validation = MSE:0.015126 , RMSE:0.122988 , MAE:0.095309 , MAPD:0.581935, R_squared:0.999728

2024-03-21 07:01:09,107 Epoch 240/300, Train Loss: 0.008416, Val Loss: 0.013923  
	Train = MSE:0.008417 , RMSE:0.091745 , MAE:0.069464 , MAPD:0.369371, R_squared:0.999854  
	Validation = MSE:0.013923 , RMSE:0.117995 , MAE:0.087072 , MAPD:0.501999, R_squared:0.999749

2024-03-21 07:01:26,783 Epoch 241/300, Train Loss: 0.011891, Val Loss: 0.016106  
	Train = MSE:0.011890 , RMSE:0.109041 , MAE:0.082531 , MAPD:0.437950, R_squared:0.999794  
	Validation = MSE:0.016106 , RMSE:0.126908 , MAE:0.101700 , MAPD:0.606547, R_squared:0.999710

2024-03-21 07:01:44,971 Epoch 242/300, Train Loss: 0.011166, Val Loss: 0.010871  
	Train = MSE:0.011168 , RMSE:0.105679 , MAE:0.081459 , MAPD:0.430304, R_squared:0.999807  
	Validation = MSE:0.010871 , RMSE:0.104263 , MAE:0.072809 , MAPD:0.407837, R_squared:0.999804

2024-03-21 07:02:02,778 Epoch 243/300, Train Loss: 0.010645, Val Loss: 0.013422  
	Train = MSE:0.010648 , RMSE:0.103189 , MAE:0.078235 , MAPD:0.412702, R_squared:0.999816  
	Validation = MSE:0.013422 , RMSE:0.115855 , MAE:0.083455 , MAPD:0.437115, R_squared:0.999758

2024-03-21 07:02:20,274 Epoch 244/300, Train Loss: 0.014304, Val Loss: 0.009208  
	Train = MSE:0.014304 , RMSE:0.119601 , MAE:0.091844 , MAPD:0.484072, R_squared:0.999752  
	Validation = MSE:0.009208 , RMSE:0.095957 , MAE:0.067309 , MAPD:0.364266, R_squared:0.999834

2024-03-21 07:02:39,422 Epoch 245/300, Train Loss: 0.011467, Val Loss: 0.009644  
	Train = MSE:0.011470 , RMSE:0.107098 , MAE:0.082518 , MAPD:0.434540, R_squared:0.999801  
	Validation = MSE:0.009644 , RMSE:0.098202 , MAE:0.066445 , MAPD:0.372634, R_squared:0.999826

2024-03-21 07:02:57,072 Epoch 246/300, Train Loss: 0.011069, Val Loss: 0.011600  
	Train = MSE:0.011070 , RMSE:0.105213 , MAE:0.080676 , MAPD:0.426842, R_squared:0.999808  
	Validation = MSE:0.011600 , RMSE:0.107703 , MAE:0.081743 , MAPD:0.436005, R_squared:0.999791

2024-03-21 07:03:14,002 Epoch 247/300, Train Loss: 0.010053, Val Loss: 0.011330  
	Train = MSE:0.010056 , RMSE:0.100278 , MAE:0.077039 , MAPD:0.406081, R_squared:0.999826  
	Validation = MSE:0.011330 , RMSE:0.106443 , MAE:0.077781 , MAPD:0.429145, R_squared:0.999796

2024-03-21 07:03:34,002 Epoch 248/300, Train Loss: 0.011616, Val Loss: 0.020745  
	Train = MSE:0.011618 , RMSE:0.107787 , MAE:0.082099 , MAPD:0.435007, R_squared:0.999799  
	Validation = MSE:0.020745 , RMSE:0.144032 , MAE:0.113270 , MAPD:0.662896, R_squared:0.999627

2024-03-21 07:03:52,177 Epoch 249/300, Train Loss: 0.009874, Val Loss: 0.021905  
	Train = MSE:0.009875 , RMSE:0.099372 , MAE:0.074550 , MAPD:0.390744, R_squared:0.999829  
	Validation = MSE:0.021905 , RMSE:0.148005 , MAE:0.121146 , MAPD:0.611195, R_squared:0.999606

2024-03-21 07:04:09,711 Epoch 250/300, Train Loss: 0.012860, Val Loss: 0.017745  
	Train = MSE:0.012859 , RMSE:0.113398 , MAE:0.086574 , MAPD:0.458011, R_squared:0.999777  
	Validation = MSE:0.017745 , RMSE:0.133210 , MAE:0.098766 , MAPD:0.496867, R_squared:0.999681

2024-03-21 07:04:28,491 Epoch 251/300, Train Loss: 0.011604, Val Loss: 0.022412  
	Train = MSE:0.011603 , RMSE:0.107716 , MAE:0.081695 , MAPD:0.430264, R_squared:0.999799  
	Validation = MSE:0.022412 , RMSE:0.149705 , MAE:0.111135 , MAPD:0.526020, R_squared:0.999597

2024-03-21 07:04:47,616 Epoch 252/300, Train Loss: 0.012030, Val Loss: 0.009776  
	Train = MSE:0.012029 , RMSE:0.109675 , MAE:0.084542 , MAPD:0.440201, R_squared:0.999792  
	Validation = MSE:0.009776 , RMSE:0.098874 , MAE:0.067565 , MAPD:0.370986, R_squared:0.999824

2024-03-21 07:05:05,989 Epoch 253/300, Train Loss: 0.011322, Val Loss: 0.010121  
	Train = MSE:0.011324 , RMSE:0.106412 , MAE:0.080429 , MAPD:0.425446, R_squared:0.999804  
	Validation = MSE:0.010121 , RMSE:0.100604 , MAE:0.070450 , MAPD:0.398356, R_squared:0.999818

2024-03-21 07:05:25,175 Epoch 254/300, Train Loss: 0.012919, Val Loss: 0.009678  
	Train = MSE:0.012920 , RMSE:0.113664 , MAE:0.087347 , MAPD:0.462262, R_squared:0.999776  
	Validation = MSE:0.009678 , RMSE:0.098375 , MAE:0.067240 , MAPD:0.363714, R_squared:0.999826

2024-03-21 07:05:42,574 Epoch 255/300, Train Loss: 0.009695, Val Loss: 0.021580  
	Train = MSE:0.009693 , RMSE:0.098455 , MAE:0.075557 , MAPD:0.398678, R_squared:0.999832  
	Validation = MSE:0.021580 , RMSE:0.146901 , MAE:0.109444 , MAPD:0.559414, R_squared:0.999612

2024-03-21 07:06:01,028 Epoch 256/300, Train Loss: 0.010721, Val Loss: 0.012852  
	Train = MSE:0.010719 , RMSE:0.103531 , MAE:0.078363 , MAPD:0.416292, R_squared:0.999814  
	Validation = MSE:0.012852 , RMSE:0.113367 , MAE:0.079802 , MAPD:0.427995, R_squared:0.999769

2024-03-21 07:06:18,685 Epoch 257/300, Train Loss: 0.010334, Val Loss: 0.012250  
	Train = MSE:0.010336 , RMSE:0.101664 , MAE:0.077272 , MAPD:0.406273, R_squared:0.999821  
	Validation = MSE:0.012250 , RMSE:0.110681 , MAE:0.081736 , MAPD:0.427880, R_squared:0.999780

2024-03-21 07:06:36,408 Epoch 258/300, Train Loss: 0.014506, Val Loss: 0.010206  
	Train = MSE:0.014508 , RMSE:0.120448 , MAE:0.092948 , MAPD:0.487505, R_squared:0.999749  
	Validation = MSE:0.010206 , RMSE:0.101025 , MAE:0.070243 , MAPD:0.381227, R_squared:0.999816

2024-03-21 07:06:55,903 Epoch 259/300, Train Loss: 0.010025, Val Loss: 0.011706  
	Train = MSE:0.010027 , RMSE:0.100133 , MAE:0.076834 , MAPD:0.405994, R_squared:0.999826  
	Validation = MSE:0.011706 , RMSE:0.108196 , MAE:0.075661 , MAPD:0.399018, R_squared:0.999789

2024-03-21 07:07:12,957 Epoch 260/300, Train Loss: 0.011723, Val Loss: 0.012521  
	Train = MSE:0.011722 , RMSE:0.108270 , MAE:0.082463 , MAPD:0.433379, R_squared:0.999797  
	Validation = MSE:0.012521 , RMSE:0.111898 , MAE:0.080544 , MAPD:0.430819, R_squared:0.999775

2024-03-21 07:07:31,168 Epoch 261/300, Train Loss: 0.011210, Val Loss: 0.009462  
	Train = MSE:0.011209 , RMSE:0.105875 , MAE:0.081223 , MAPD:0.427417, R_squared:0.999806  
	Validation = MSE:0.009462 , RMSE:0.097272 , MAE:0.064445 , MAPD:0.350971, R_squared:0.999830

2024-03-21 07:07:51,624 Epoch 262/300, Train Loss: 0.011428, Val Loss: 0.034947  
	Train = MSE:0.011423 , RMSE:0.106877 , MAE:0.081452 , MAPD:0.428179, R_squared:0.999802  
	Validation = MSE:0.034947 , RMSE:0.186942 , MAE:0.150393 , MAPD:0.982883, R_squared:0.999371

2024-03-21 07:08:09,864 Epoch 263/300, Train Loss: 0.014738, Val Loss: 0.010800  
	Train = MSE:0.014743 , RMSE:0.121419 , MAE:0.091842 , MAPD:0.483233, R_squared:0.999745  
	Validation = MSE:0.010800 , RMSE:0.103922 , MAE:0.073814 , MAPD:0.409581, R_squared:0.999806

2024-03-21 07:08:27,126 Epoch 264/300, Train Loss: 0.009126, Val Loss: 0.019637  
	Train = MSE:0.009126 , RMSE:0.095531 , MAE:0.072312 , MAPD:0.382411, R_squared:0.999842  
	Validation = MSE:0.019637 , RMSE:0.140134 , MAE:0.117738 , MAPD:0.654271, R_squared:0.999647

2024-03-21 07:08:44,820 Epoch 265/300, Train Loss: 0.011340, Val Loss: 0.022693  
	Train = MSE:0.011341 , RMSE:0.106496 , MAE:0.080411 , MAPD:0.423279, R_squared:0.999804  
	Validation = MSE:0.022693 , RMSE:0.150641 , MAE:0.127500 , MAPD:0.765374, R_squared:0.999592

2024-03-21 07:09:02,693 Epoch 266/300, Train Loss: 0.010195, Val Loss: 0.012198  
	Train = MSE:0.010196 , RMSE:0.100975 , MAE:0.077108 , MAPD:0.408922, R_squared:0.999824  
	Validation = MSE:0.012198 , RMSE:0.110447 , MAE:0.080558 , MAPD:0.446838, R_squared:0.999781

2024-03-21 07:09:21,133 Epoch 267/300, Train Loss: 0.009964, Val Loss: 0.017977  
	Train = MSE:0.009966 , RMSE:0.099828 , MAE:0.076254 , MAPD:0.402357, R_squared:0.999827  
	Validation = MSE:0.017977 , RMSE:0.134079 , MAE:0.108772 , MAPD:0.658442, R_squared:0.999677

2024-03-21 07:09:38,489 Epoch 268/300, Train Loss: 0.012825, Val Loss: 0.017706  
	Train = MSE:0.012828 , RMSE:0.113261 , MAE:0.086137 , MAPD:0.452222, R_squared:0.999778  
	Validation = MSE:0.017706 , RMSE:0.133064 , MAE:0.105354 , MAPD:0.567057, R_squared:0.999681

2024-03-21 07:09:56,265 Epoch 269/300, Train Loss: 0.011448, Val Loss: 0.009877  
	Train = MSE:0.011448 , RMSE:0.106996 , MAE:0.081159 , MAPD:0.429159, R_squared:0.999802  
	Validation = MSE:0.009877 , RMSE:0.099385 , MAE:0.067827 , MAPD:0.377100, R_squared:0.999822

2024-03-21 07:10:14,084 Epoch 270/300, Train Loss: 0.013330, Val Loss: 0.008831  
	Train = MSE:0.013332 , RMSE:0.115463 , MAE:0.087809 , MAPD:0.464088, R_squared:0.999769  
	Validation = MSE:0.008831 , RMSE:0.093971 , MAE:0.062048 , MAPD:0.339991, R_squared:0.999841

2024-03-21 07:10:33,010 Epoch 271/300, Train Loss: 0.008545, Val Loss: 0.022503  
	Train = MSE:0.008543 , RMSE:0.092431 , MAE:0.070419 , MAPD:0.370309, R_squared:0.999852  
	Validation = MSE:0.022503 , RMSE:0.150008 , MAE:0.107547 , MAPD:0.493264, R_squared:0.999595

2024-03-21 07:10:55,338 Epoch 272/300, Train Loss: 0.011728, Val Loss: 0.014003  
	Train = MSE:0.011730 , RMSE:0.108304 , MAE:0.084218 , MAPD:0.445175, R_squared:0.999797  
	Validation = MSE:0.014003 , RMSE:0.118334 , MAE:0.090709 , MAPD:0.520692, R_squared:0.999748

2024-03-21 07:11:11,610 Epoch 273/300, Train Loss: 0.010708, Val Loss: 0.034544  
	Train = MSE:0.010708 , RMSE:0.103477 , MAE:0.079319 , MAPD:0.419399, R_squared:0.999815  
	Validation = MSE:0.034544 , RMSE:0.185859 , MAE:0.164899 , MAPD:0.979611, R_squared:0.999378

2024-03-21 07:11:26,927 Epoch 274/300, Train Loss: 0.015293, Val Loss: 0.044680  
	Train = MSE:0.015282 , RMSE:0.123621 , MAE:0.093212 , MAPD:0.487924, R_squared:0.999735  
	Validation = MSE:0.044680 , RMSE:0.211377 , MAE:0.185695 , MAPD:1.160834, R_squared:0.999196

2024-03-21 07:11:42,010 Epoch 275/300, Train Loss: 0.011252, Val Loss: 0.027891  
	Train = MSE:0.011248 , RMSE:0.106058 , MAE:0.080147 , MAPD:0.421509, R_squared:0.999805  
	Validation = MSE:0.027891 , RMSE:0.167005 , MAE:0.137274 , MAPD:0.691979, R_squared:0.999498

2024-03-21 07:11:56,364 Epoch 276/300, Train Loss: 0.010173, Val Loss: 0.009579  
	Train = MSE:0.010175 , RMSE:0.100871 , MAE:0.078384 , MAPD:0.412425, R_squared:0.999824  
	Validation = MSE:0.009579 , RMSE:0.097871 , MAE:0.065843 , MAPD:0.360802, R_squared:0.999828

2024-03-21 07:12:12,779 Epoch 277/300, Train Loss: 0.010173, Val Loss: 0.030259  
	Train = MSE:0.010174 , RMSE:0.100869 , MAE:0.077226 , MAPD:0.411472, R_squared:0.999824  
	Validation = MSE:0.030259 , RMSE:0.173952 , MAE:0.147147 , MAPD:0.850094, R_squared:0.999456

2024-03-21 07:12:28,658 Epoch 278/300, Train Loss: 0.009759, Val Loss: 0.011839  
	Train = MSE:0.009761 , RMSE:0.098799 , MAE:0.075593 , MAPD:0.400823, R_squared:0.999831  
	Validation = MSE:0.011839 , RMSE:0.108807 , MAE:0.076133 , MAPD:0.448350, R_squared:0.999787

2024-03-21 07:12:43,737 Epoch 279/300, Train Loss: 0.008161, Val Loss: 0.018506  
	Train = MSE:0.008159 , RMSE:0.090329 , MAE:0.068858 , MAPD:0.363516, R_squared:0.999859  
	Validation = MSE:0.018506 , RMSE:0.136037 , MAE:0.108826 , MAPD:0.637395, R_squared:0.999667

2024-03-21 07:12:58,668 Epoch 280/300, Train Loss: 0.010937, Val Loss: 0.009423  
	Train = MSE:0.010936 , RMSE:0.104574 , MAE:0.080556 , MAPD:0.424525, R_squared:0.999811  
	Validation = MSE:0.009423 , RMSE:0.097074 , MAE:0.063490 , MAPD:0.347069, R_squared:0.999830

2024-03-21 07:13:15,295 Epoch 281/300, Train Loss: 0.014806, Val Loss: 0.009075  
	Train = MSE:0.014805 , RMSE:0.121674 , MAE:0.093393 , MAPD:0.496201, R_squared:0.999744  
	Validation = MSE:0.009075 , RMSE:0.095264 , MAE:0.064173 , MAPD:0.351906, R_squared:0.999837

2024-03-21 07:13:33,499 Epoch 282/300, Train Loss: 0.011492, Val Loss: 0.016107  
	Train = MSE:0.011489 , RMSE:0.107188 , MAE:0.082939 , MAPD:0.439243, R_squared:0.999801  
	Validation = MSE:0.016107 , RMSE:0.126913 , MAE:0.097091 , MAPD:0.507718, R_squared:0.999710

2024-03-21 07:13:47,670 Epoch 283/300, Train Loss: 0.009386, Val Loss: 0.018668  
	Train = MSE:0.009389 , RMSE:0.096895 , MAE:0.074142 , MAPD:0.392545, R_squared:0.999837  
	Validation = MSE:0.018668 , RMSE:0.136631 , MAE:0.109645 , MAPD:0.656023, R_squared:0.999664

2024-03-21 07:14:03,961 Epoch 284/300, Train Loss: 0.011027, Val Loss: 0.014456  
	Train = MSE:0.011030 , RMSE:0.105023 , MAE:0.080530 , MAPD:0.425473, R_squared:0.999809  
	Validation = MSE:0.014456 , RMSE:0.120235 , MAE:0.088448 , MAPD:0.487909, R_squared:0.999740

2024-03-21 07:14:18,644 Epoch 285/300, Train Loss: 0.011795, Val Loss: 0.015805  
	Train = MSE:0.011797 , RMSE:0.108614 , MAE:0.081813 , MAPD:0.426485, R_squared:0.999796  
	Validation = MSE:0.015805 , RMSE:0.125719 , MAE:0.098415 , MAPD:0.504255, R_squared:0.999716

2024-03-21 07:14:33,601 Epoch 286/300, Train Loss: 0.013301, Val Loss: 0.009270  
	Train = MSE:0.013304 , RMSE:0.115341 , MAE:0.086994 , MAPD:0.459092, R_squared:0.999770  
	Validation = MSE:0.009270 , RMSE:0.096282 , MAE:0.067700 , MAPD:0.368966, R_squared:0.999833

2024-03-21 07:14:48,733 Epoch 287/300, Train Loss: 0.011437, Val Loss: 0.010645  
	Train = MSE:0.011438 , RMSE:0.106949 , MAE:0.080295 , MAPD:0.421283, R_squared:0.999802  
	Validation = MSE:0.010645 , RMSE:0.103173 , MAE:0.072084 , MAPD:0.393569, R_squared:0.999808

2024-03-21 07:15:03,773 Epoch 288/300, Train Loss: 0.010448, Val Loss: 0.008807  
	Train = MSE:0.010451 , RMSE:0.102228 , MAE:0.076961 , MAPD:0.401934, R_squared:0.999819  
	Validation = MSE:0.008807 , RMSE:0.093848 , MAE:0.064490 , MAPD:0.348540, R_squared:0.999842

2024-03-21 07:15:19,585 Epoch 289/300, Train Loss: 0.009444, Val Loss: 0.012336  
	Train = MSE:0.009447 , RMSE:0.097194 , MAE:0.073937 , MAPD:0.389535, R_squared:0.999836  
	Validation = MSE:0.012336 , RMSE:0.111065 , MAE:0.083783 , MAPD:0.451200, R_squared:0.999778

2024-03-21 07:15:36,061 Epoch 290/300, Train Loss: 0.015785, Val Loss: 0.014705  
	Train = MSE:0.015783 , RMSE:0.125629 , MAE:0.095226 , MAPD:0.504607, R_squared:0.999727  
	Validation = MSE:0.014705 , RMSE:0.121262 , MAE:0.089350 , MAPD:0.449916, R_squared:0.999735

2024-03-21 07:15:53,103 Epoch 291/300, Train Loss: 0.009884, Val Loss: 0.014871  
	Train = MSE:0.009883 , RMSE:0.099416 , MAE:0.076339 , MAPD:0.400878, R_squared:0.999829  
	Validation = MSE:0.014871 , RMSE:0.121948 , MAE:0.094626 , MAPD:0.581934, R_squared:0.999732

2024-03-21 07:16:10,857 Epoch 292/300, Train Loss: 0.009834, Val Loss: 0.008890  
	Train = MSE:0.009835 , RMSE:0.099172 , MAE:0.076147 , MAPD:0.402230, R_squared:0.999830  
	Validation = MSE:0.008890 , RMSE:0.094285 , MAE:0.063733 , MAPD:0.355374, R_squared:0.999840

2024-03-21 07:16:25,986 Epoch 293/300, Train Loss: 0.009787, Val Loss: 0.022369  
	Train = MSE:0.009788 , RMSE:0.098934 , MAE:0.074064 , MAPD:0.386442, R_squared:0.999831  
	Validation = MSE:0.022369 , RMSE:0.149563 , MAE:0.109997 , MAPD:0.526379, R_squared:0.999597

2024-03-21 07:16:42,798 Epoch 294/300, Train Loss: 0.009071, Val Loss: 0.009125  
	Train = MSE:0.009067 , RMSE:0.095223 , MAE:0.072002 , MAPD:0.379622, R_squared:0.999843  
	Validation = MSE:0.009125 , RMSE:0.095525 , MAE:0.065162 , MAPD:0.350199, R_squared:0.999836

2024-03-21 07:16:58,294 Epoch 295/300, Train Loss: 0.010829, Val Loss: 0.012257  
	Train = MSE:0.010825 , RMSE:0.104044 , MAE:0.079460 , MAPD:0.417589, R_squared:0.999813  
	Validation = MSE:0.012257 , RMSE:0.110710 , MAE:0.080324 , MAPD:0.416157, R_squared:0.999779

2024-03-21 07:17:16,725 Epoch 296/300, Train Loss: 0.009984, Val Loss: 0.016724  
	Train = MSE:0.009986 , RMSE:0.099931 , MAE:0.076208 , MAPD:0.400648, R_squared:0.999827  
	Validation = MSE:0.016724 , RMSE:0.129321 , MAE:0.093959 , MAPD:0.455543, R_squared:0.999699

2024-03-21 07:17:33,238 Epoch 297/300, Train Loss: 0.009838, Val Loss: 0.010530  
	Train = MSE:0.009839 , RMSE:0.099193 , MAE:0.075650 , MAPD:0.399841, R_squared:0.999830  
	Validation = MSE:0.010530 , RMSE:0.102614 , MAE:0.072886 , MAPD:0.406461, R_squared:0.999811

2024-03-21 07:17:49,312 Epoch 298/300, Train Loss: 0.009017, Val Loss: 0.016789  
	Train = MSE:0.009014 , RMSE:0.094945 , MAE:0.071568 , MAPD:0.379451, R_squared:0.999844  
	Validation = MSE:0.016789 , RMSE:0.129574 , MAE:0.101540 , MAPD:0.591240, R_squared:0.999698

2024-03-21 07:18:05,940 Epoch 299/300, Train Loss: 0.013860, Val Loss: 0.009070  
	Train = MSE:0.013863 , RMSE:0.117742 , MAE:0.087192 , MAPD:0.462140, R_squared:0.999760  
	Validation = MSE:0.009070 , RMSE:0.095238 , MAE:0.063961 , MAPD:0.343103, R_squared:0.999837

2024-03-21 07:18:22,829 Epoch 300/300, Train Loss: 0.009374, Val Loss: 0.022562  
	Train = MSE:0.009376 , RMSE:0.096829 , MAE:0.073292 , MAPD:0.384193, R_squared:0.999838  
	Validation = MSE:0.022562 , RMSE:0.150208 , MAE:0.121516 , MAPD:0.626019, R_squared:0.999594

2024-03-21 07:18:22,831 Time for training the model: 5881.865000
2024-03-21 07:18:29,777 MSE for train: 0.020248
2024-03-21 07:18:29,778 RMSE for train: 0.142295
2024-03-21 07:18:29,778 MAE for train: 0.119227
2024-03-21 07:18:29,778 MAPD for train: 0.591353
2024-03-21 07:18:29,778 R^2 Score for train: 0.999650
2024-03-21 07:18:29,781 Inference time for train dataset: 5.987002

2024-03-21 07:18:30,392 MSE for val: 0.022562
2024-03-21 07:18:30,392 RMSE for val: 0.150208
2024-03-21 07:18:30,392 MAE for val: 0.121516
2024-03-21 07:18:30,392 MAPD for val: 0.626019
2024-03-21 07:18:30,392 R^2 Score for val: 0.999594
2024-03-21 07:18:30,396 Inference time for val dataset: 0.611000

2024-03-21 07:18:30,987 MSE for test: 0.024220
2024-03-21 07:18:30,987 RMSE for test: 0.155629
2024-03-21 07:18:30,987 MAE for test: 0.125951
2024-03-21 07:18:30,987 MAPD for test: 0.605811
2024-03-21 07:18:30,987 R^2 Score for test: 0.999600
2024-03-21 07:18:30,990 Inference time for test dataset: 0.591001

2024-03-21 07:18:34,813 Train label average: , [20.62097221]
2024-03-21 07:18:34,813 Test label average: , [21.41736175]
2024-03-21 07:18:34,813 validation label average: , [20.14607025]
2024-03-21 07:18:34,813 predicted (on validation dataset) values average: , 21.5323046875
