2024-03-21 03:39:33,418 train batches in dataset: 13
2024-03-21 03:39:33,419 val batches in dataset: 2
2024-03-21 03:39:33,419 test batches in dataset: 2
2024-03-21 03:39:33,427 Trainable parameter: net_core.0.weight - size: torch.Size([256, 35])
2024-03-21 03:39:33,430 Trainable parameter: net_core.0.bias - size: torch.Size([256])
2024-03-21 03:39:33,432 Trainable parameter: net_core.1.weight - size: torch.Size([128, 256])
2024-03-21 03:39:33,437 Trainable parameter: net_core.1.bias - size: torch.Size([128])
2024-03-21 03:39:33,439 Trainable parameter: net_core.2.weight - size: torch.Size([64, 128])
2024-03-21 03:39:33,461 Trainable parameter: net_core.2.bias - size: torch.Size([64])
2024-03-21 03:39:33,468 Trainable parameter: net_core.3.weight - size: torch.Size([16, 64])
2024-03-21 03:39:33,480 Trainable parameter: net_core.3.bias - size: torch.Size([16])
2024-03-21 03:39:33,486 Trainable parameter: net_core.4.weight - size: torch.Size([1, 16])
2024-03-21 03:39:33,493 Trainable parameter: net_core.4.bias - size: torch.Size([1])
2024-03-21 03:39:33,537 Number of trainable parameters: 51425
2024-03-21 03:39:33,538 Number of non-trainable parameters: 0
2024-03-21 03:39:35,585 Epoch 1/300, Train Loss: 2771.346165, Val Loss: 146.706467  
	Train = MSE:2873.203125 , RMSE:53.602268 , MAE:29.322741 , MAPD:151.830668, R_squared:-48.735642  
	Validation = MSE:145.044617 , RMSE:12.043447 , MAE:9.486994 , MAPD:40.360699, R_squared:-1.609939

2024-03-21 03:39:38,688 Epoch 2/300, Train Loss: 69.022348, Val Loss: 8.351425  
	Train = MSE:70.928299 , RMSE:8.421894 , MAE:6.533608 , MAPD:33.646234, R_squared:-0.227781  
	Validation = MSE:8.460199 , RMSE:2.908642 , MAE:2.321858 , MAPD:13.623220, R_squared:0.847767

2024-03-21 03:39:40,905 Epoch 3/300, Train Loss: 14.327287, Val Loss: 7.118901  
	Train = MSE:14.744896 , RMSE:3.839908 , MAE:3.077448 , MAPD:15.709640, R_squared:0.744763  
	Validation = MSE:7.016309 , RMSE:2.648832 , MAE:1.893975 , MAPD:10.767859, R_squared:0.873748

2024-03-21 03:39:42,267 Epoch 4/300, Train Loss: 5.456574, Val Loss: 1.768722  
	Train = MSE:5.512019 , RMSE:2.347769 , MAE:1.852212 , MAPD:10.109762, R_squared:0.904586  
	Validation = MSE:1.774970 , RMSE:1.332280 , MAE:1.033398 , MAPD:6.169773, R_squared:0.968061

2024-03-21 03:39:44,366 Epoch 5/300, Train Loss: 2.596083, Val Loss: 1.573534  
	Train = MSE:2.630063 , RMSE:1.621747 , MAE:1.264997 , MAPD:6.762602, R_squared:0.954473  
	Validation = MSE:1.549097 , RMSE:1.244627 , MAE:0.985009 , MAPD:6.027836, R_squared:0.972125

2024-03-21 03:39:45,478 Epoch 6/300, Train Loss: 1.541005, Val Loss: 1.207911  
	Train = MSE:1.559875 , RMSE:1.248950 , MAE:0.997568 , MAPD:5.722413, R_squared:0.972998  
	Validation = MSE:1.180594 , RMSE:1.086552 , MAE:0.837802 , MAPD:4.890544, R_squared:0.978756

2024-03-21 03:39:46,581 Epoch 7/300, Train Loss: 1.068962, Val Loss: 0.951444  
	Train = MSE:1.083645 , RMSE:1.040982 , MAE:0.821319 , MAPD:4.656694, R_squared:0.981242  
	Validation = MSE:0.978320 , RMSE:0.989101 , MAE:0.802058 , MAPD:4.365310, R_squared:0.982396

2024-03-21 03:39:47,954 Epoch 8/300, Train Loss: 0.845292, Val Loss: 0.773304  
	Train = MSE:0.854805 , RMSE:0.924556 , MAE:0.722203 , MAPD:4.028115, R_squared:0.985203  
	Validation = MSE:0.763894 , RMSE:0.874010 , MAE:0.684982 , MAPD:4.083813, R_squared:0.986254

2024-03-21 03:39:49,281 Epoch 9/300, Train Loss: 0.583690, Val Loss: 0.407540  
	Train = MSE:0.589461 , RMSE:0.767763 , MAE:0.583151 , MAPD:3.306823, R_squared:0.989796  
	Validation = MSE:0.428524 , RMSE:0.654618 , MAE:0.507893 , MAPD:2.884937, R_squared:0.992289

2024-03-21 03:39:50,399 Epoch 10/300, Train Loss: 0.389958, Val Loss: 0.324692  
	Train = MSE:0.392469 , RMSE:0.626474 , MAE:0.471113 , MAPD:2.692167, R_squared:0.993206  
	Validation = MSE:0.341592 , RMSE:0.584458 , MAE:0.449313 , MAPD:2.507418, R_squared:0.993853

2024-03-21 03:39:51,477 Epoch 11/300, Train Loss: 0.284103, Val Loss: 0.215953  
	Train = MSE:0.284472 , RMSE:0.533359 , MAE:0.399701 , MAPD:2.268368, R_squared:0.995076  
	Validation = MSE:0.224571 , RMSE:0.473890 , MAE:0.353264 , MAPD:2.054212, R_squared:0.995959

2024-03-21 03:39:54,947 Epoch 12/300, Train Loss: 0.238223, Val Loss: 0.185485  
	Train = MSE:0.238919 , RMSE:0.488794 , MAE:0.367634 , MAPD:2.065925, R_squared:0.995864  
	Validation = MSE:0.191373 , RMSE:0.437462 , MAE:0.323092 , MAPD:1.883040, R_squared:0.996556

2024-03-21 03:39:58,027 Epoch 13/300, Train Loss: 0.201773, Val Loss: 0.186985  
	Train = MSE:0.202454 , RMSE:0.449949 , MAE:0.336558 , MAPD:1.882357, R_squared:0.996495  
	Validation = MSE:0.185705 , RMSE:0.430936 , MAE:0.331988 , MAPD:1.946463, R_squared:0.996658

2024-03-21 03:39:59,426 Epoch 14/300, Train Loss: 0.217126, Val Loss: 0.155317  
	Train = MSE:0.216516 , RMSE:0.465313 , MAE:0.349204 , MAPD:1.897319, R_squared:0.996252  
	Validation = MSE:0.156947 , RMSE:0.396165 , MAE:0.287874 , MAPD:1.680775, R_squared:0.997176

2024-03-21 03:40:00,674 Epoch 15/300, Train Loss: 0.182231, Val Loss: 0.150560  
	Train = MSE:0.183530 , RMSE:0.428405 , MAE:0.318880 , MAPD:1.744042, R_squared:0.996823  
	Validation = MSE:0.150348 , RMSE:0.387747 , MAE:0.278081 , MAPD:1.626232, R_squared:0.997295

2024-03-21 03:40:01,815 Epoch 16/300, Train Loss: 0.169293, Val Loss: 0.154914  
	Train = MSE:0.169971 , RMSE:0.412276 , MAE:0.303147 , MAPD:1.658668, R_squared:0.997058  
	Validation = MSE:0.151108 , RMSE:0.388726 , MAE:0.287750 , MAPD:1.656962, R_squared:0.997281

2024-03-21 03:40:02,885 Epoch 17/300, Train Loss: 0.178122, Val Loss: 0.158930  
	Train = MSE:0.176467 , RMSE:0.420079 , MAE:0.310955 , MAPD:1.670495, R_squared:0.996945  
	Validation = MSE:0.159788 , RMSE:0.399735 , MAE:0.291953 , MAPD:1.642563, R_squared:0.997125

2024-03-21 03:40:03,977 Epoch 18/300, Train Loss: 0.149735, Val Loss: 0.168180  
	Train = MSE:0.151727 , RMSE:0.389522 , MAE:0.287530 , MAPD:1.560230, R_squared:0.997374  
	Validation = MSE:0.162012 , RMSE:0.402507 , MAE:0.308160 , MAPD:1.744106, R_squared:0.997085

2024-03-21 03:40:05,647 Epoch 19/300, Train Loss: 0.183959, Val Loss: 0.387479  
	Train = MSE:0.185030 , RMSE:0.430151 , MAE:0.319947 , MAPD:1.681036, R_squared:0.996797  
	Validation = MSE:0.391328 , RMSE:0.625562 , MAE:0.520650 , MAPD:2.682092, R_squared:0.992958

2024-03-21 03:40:06,779 Epoch 20/300, Train Loss: 0.213093, Val Loss: 0.146923  
	Train = MSE:0.215899 , RMSE:0.464649 , MAE:0.354042 , MAPD:1.831806, R_squared:0.996263  
	Validation = MSE:0.141601 , RMSE:0.376299 , MAE:0.287240 , MAPD:1.663986, R_squared:0.997452

2024-03-21 03:40:07,837 Epoch 21/300, Train Loss: 0.138845, Val Loss: 0.123004  
	Train = MSE:0.139522 , RMSE:0.373527 , MAE:0.277384 , MAPD:1.487398, R_squared:0.997585  
	Validation = MSE:0.121838 , RMSE:0.349053 , MAE:0.248028 , MAPD:1.420953, R_squared:0.997808

2024-03-21 03:40:10,531 Epoch 22/300, Train Loss: 0.123531, Val Loss: 0.120380  
	Train = MSE:0.123953 , RMSE:0.352070 , MAE:0.257255 , MAPD:1.398057, R_squared:0.997854  
	Validation = MSE:0.119211 , RMSE:0.345270 , MAE:0.243404 , MAPD:1.391004, R_squared:0.997855

2024-03-21 03:40:11,609 Epoch 23/300, Train Loss: 0.129732, Val Loss: 0.144260  
	Train = MSE:0.128031 , RMSE:0.357815 , MAE:0.261886 , MAPD:1.409970, R_squared:0.997784  
	Validation = MSE:0.144294 , RMSE:0.379861 , MAE:0.274877 , MAPD:1.522692, R_squared:0.997404

2024-03-21 03:40:13,310 Epoch 24/300, Train Loss: 0.125543, Val Loss: 0.142151  
	Train = MSE:0.126116 , RMSE:0.355128 , MAE:0.262600 , MAPD:1.411462, R_squared:0.997817  
	Validation = MSE:0.136696 , RMSE:0.369724 , MAE:0.281712 , MAPD:1.587310, R_squared:0.997540

2024-03-21 03:40:14,476 Epoch 25/300, Train Loss: 0.163917, Val Loss: 0.155858  
	Train = MSE:0.162943 , RMSE:0.403662 , MAE:0.301187 , MAPD:1.568240, R_squared:0.997179  
	Validation = MSE:0.149133 , RMSE:0.386178 , MAE:0.298021 , MAPD:1.650620, R_squared:0.997316

2024-03-21 03:40:15,824 Epoch 26/300, Train Loss: 0.139989, Val Loss: 0.105449  
	Train = MSE:0.141102 , RMSE:0.375636 , MAE:0.280847 , MAPD:1.477343, R_squared:0.997557  
	Validation = MSE:0.102770 , RMSE:0.320577 , MAE:0.221858 , MAPD:1.286969, R_squared:0.998151

2024-03-21 03:40:16,884 Epoch 27/300, Train Loss: 0.136981, Val Loss: 0.113776  
	Train = MSE:0.137210 , RMSE:0.370419 , MAE:0.273711 , MAPD:1.449749, R_squared:0.997625  
	Validation = MSE:0.112943 , RMSE:0.336070 , MAE:0.234352 , MAPD:1.309716, R_squared:0.997968

2024-03-21 03:40:18,205 Epoch 28/300, Train Loss: 0.140514, Val Loss: 0.119735  
	Train = MSE:0.141821 , RMSE:0.376592 , MAE:0.279108 , MAPD:1.458382, R_squared:0.997545  
	Validation = MSE:0.115435 , RMSE:0.339757 , MAE:0.250023 , MAPD:1.431962, R_squared:0.997923

2024-03-21 03:40:19,495 Epoch 29/300, Train Loss: 0.106856, Val Loss: 0.101836  
	Train = MSE:0.107884 , RMSE:0.328457 , MAE:0.238338 , MAPD:1.281755, R_squared:0.998133  
	Validation = MSE:0.100260 , RMSE:0.316639 , MAE:0.218422 , MAPD:1.244958, R_squared:0.998196

2024-03-21 03:40:20,570 Epoch 30/300, Train Loss: 0.104655, Val Loss: 0.098995  
	Train = MSE:0.105590 , RMSE:0.324946 , MAE:0.238225 , MAPD:1.275002, R_squared:0.998172  
	Validation = MSE:0.096453 , RMSE:0.310569 , MAE:0.215339 , MAPD:1.249549, R_squared:0.998264

2024-03-21 03:40:21,631 Epoch 31/300, Train Loss: 0.126252, Val Loss: 0.144638  
	Train = MSE:0.123765 , RMSE:0.351802 , MAE:0.258933 , MAPD:1.357982, R_squared:0.997858  
	Validation = MSE:0.145379 , RMSE:0.381286 , MAE:0.278508 , MAPD:1.513008, R_squared:0.997384

2024-03-21 03:40:24,117 Epoch 32/300, Train Loss: 0.155329, Val Loss: 0.101413  
	Train = MSE:0.153847 , RMSE:0.392234 , MAE:0.295890 , MAPD:1.514883, R_squared:0.997337  
	Validation = MSE:0.100803 , RMSE:0.317495 , MAE:0.217495 , MAPD:1.223738, R_squared:0.998186

2024-03-21 03:40:26,209 Epoch 33/300, Train Loss: 0.127533, Val Loss: 0.119362  
	Train = MSE:0.127235 , RMSE:0.356700 , MAE:0.263095 , MAPD:1.371405, R_squared:0.997798  
	Validation = MSE:0.119394 , RMSE:0.345534 , MAE:0.246103 , MAPD:1.360699, R_squared:0.997852

2024-03-21 03:40:27,956 Epoch 34/300, Train Loss: 0.105630, Val Loss: 0.096725  
	Train = MSE:0.106418 , RMSE:0.326217 , MAE:0.238986 , MAPD:1.268970, R_squared:0.998158  
	Validation = MSE:0.094066 , RMSE:0.306702 , MAE:0.213532 , MAPD:1.220886, R_squared:0.998307

2024-03-21 03:40:29,668 Epoch 35/300, Train Loss: 0.118662, Val Loss: 0.117592  
	Train = MSE:0.119068 , RMSE:0.345062 , MAE:0.252301 , MAPD:1.332577, R_squared:0.997939  
	Validation = MSE:0.118144 , RMSE:0.343720 , MAE:0.237286 , MAPD:1.273458, R_squared:0.997874

2024-03-21 03:40:30,827 Epoch 36/300, Train Loss: 0.096997, Val Loss: 0.119195  
	Train = MSE:0.097371 , RMSE:0.312043 , MAE:0.226304 , MAPD:1.205172, R_squared:0.998314  
	Validation = MSE:0.114769 , RMSE:0.338776 , MAE:0.247380 , MAPD:1.356484, R_squared:0.997935

2024-03-21 03:40:31,903 Epoch 37/300, Train Loss: 0.130934, Val Loss: 0.121852  
	Train = MSE:0.129680 , RMSE:0.360111 , MAE:0.265384 , MAPD:1.372188, R_squared:0.997755  
	Validation = MSE:0.122461 , RMSE:0.349945 , MAE:0.241713 , MAPD:1.282284, R_squared:0.997796

2024-03-21 03:40:33,267 Epoch 38/300, Train Loss: 0.119688, Val Loss: 0.115323  
	Train = MSE:0.121251 , RMSE:0.348211 , MAE:0.262309 , MAPD:1.359567, R_squared:0.997901  
	Validation = MSE:0.111853 , RMSE:0.334444 , MAE:0.255954 , MAPD:1.470784, R_squared:0.997987

2024-03-21 03:40:34,330 Epoch 39/300, Train Loss: 0.221988, Val Loss: 0.232553  
	Train = MSE:0.225978 , RMSE:0.475371 , MAE:0.366516 , MAPD:1.853128, R_squared:0.996088  
	Validation = MSE:0.223310 , RMSE:0.472557 , MAE:0.377749 , MAPD:1.935259, R_squared:0.995982

2024-03-21 03:40:35,407 Epoch 40/300, Train Loss: 0.309459, Val Loss: 0.228419  
	Train = MSE:0.316178 , RMSE:0.562297 , MAE:0.441956 , MAPD:2.197187, R_squared:0.994527  
	Validation = MSE:0.230535 , RMSE:0.480141 , MAE:0.365924 , MAPD:1.805955, R_squared:0.995852

2024-03-21 03:40:36,714 Epoch 41/300, Train Loss: 0.315360, Val Loss: 0.432893  
	Train = MSE:0.315246 , RMSE:0.561467 , MAE:0.442106 , MAPD:2.196079, R_squared:0.994543  
	Validation = MSE:0.436288 , RMSE:0.660521 , MAE:0.538531 , MAPD:2.602828, R_squared:0.992149

2024-03-21 03:40:39,814 Epoch 42/300, Train Loss: 0.224080, Val Loss: 0.089125  
	Train = MSE:0.228438 , RMSE:0.477952 , MAE:0.372116 , MAPD:1.873459, R_squared:0.996046  
	Validation = MSE:0.089010 , RMSE:0.298345 , MAE:0.202773 , MAPD:1.139113, R_squared:0.998398

2024-03-21 03:40:41,403 Epoch 43/300, Train Loss: 0.090429, Val Loss: 0.115645  
	Train = MSE:0.089997 , RMSE:0.299995 , MAE:0.214019 , MAPD:1.144426, R_squared:0.998442  
	Validation = MSE:0.116639 , RMSE:0.341524 , MAE:0.245328 , MAPD:1.358161, R_squared:0.997901

2024-03-21 03:40:42,440 Epoch 44/300, Train Loss: 0.086536, Val Loss: 0.090375  
	Train = MSE:0.086529 , RMSE:0.294158 , MAE:0.212160 , MAPD:1.129670, R_squared:0.998502  
	Validation = MSE:0.090582 , RMSE:0.300968 , MAE:0.203516 , MAPD:1.130855, R_squared:0.998370

2024-03-21 03:40:43,495 Epoch 45/300, Train Loss: 0.093378, Val Loss: 0.127234  
	Train = MSE:0.093508 , RMSE:0.305791 , MAE:0.217967 , MAPD:1.147911, R_squared:0.998381  
	Validation = MSE:0.128831 , RMSE:0.358931 , MAE:0.253594 , MAPD:1.323782, R_squared:0.997682

2024-03-21 03:40:44,984 Epoch 46/300, Train Loss: 0.113842, Val Loss: 0.277105  
	Train = MSE:0.109013 , RMSE:0.330171 , MAE:0.243997 , MAPD:1.271096, R_squared:0.998113  
	Validation = MSE:0.281079 , RMSE:0.530169 , MAE:0.437435 , MAPD:2.223131, R_squared:0.994942

2024-03-21 03:40:46,303 Epoch 47/300, Train Loss: 0.121236, Val Loss: 0.125704  
	Train = MSE:0.121576 , RMSE:0.348678 , MAE:0.256229 , MAPD:1.330021, R_squared:0.997895  
	Validation = MSE:0.127870 , RMSE:0.357589 , MAE:0.255691 , MAPD:1.335375, R_squared:0.997699

2024-03-21 03:40:47,542 Epoch 48/300, Train Loss: 0.095021, Val Loss: 0.082739  
	Train = MSE:0.095403 , RMSE:0.308873 , MAE:0.221986 , MAPD:1.155142, R_squared:0.998349  
	Validation = MSE:0.083204 , RMSE:0.288450 , MAE:0.193705 , MAPD:1.077369, R_squared:0.998503

2024-03-21 03:40:48,602 Epoch 49/300, Train Loss: 0.072760, Val Loss: 0.100044  
	Train = MSE:0.073273 , RMSE:0.270690 , MAE:0.189828 , MAPD:1.014093, R_squared:0.998732  
	Validation = MSE:0.101628 , RMSE:0.318791 , MAE:0.220290 , MAPD:1.197017, R_squared:0.998171

2024-03-21 03:40:49,964 Epoch 50/300, Train Loss: 0.120665, Val Loss: 0.095876  
	Train = MSE:0.122591 , RMSE:0.350130 , MAE:0.255918 , MAPD:1.321364, R_squared:0.997878  
	Validation = MSE:0.093722 , RMSE:0.306140 , MAE:0.209399 , MAPD:1.132206, R_squared:0.998314

2024-03-21 03:40:51,571 Epoch 51/300, Train Loss: 0.222408, Val Loss: 0.110978  
	Train = MSE:0.228377 , RMSE:0.477888 , MAE:0.366847 , MAPD:1.828194, R_squared:0.996047  
	Validation = MSE:0.113476 , RMSE:0.336861 , MAE:0.225684 , MAPD:1.168413, R_squared:0.997958

2024-03-21 03:40:54,317 Epoch 52/300, Train Loss: 0.140125, Val Loss: 0.078224  
	Train = MSE:0.143028 , RMSE:0.378191 , MAE:0.288253 , MAPD:1.460715, R_squared:0.997524  
	Validation = MSE:0.077703 , RMSE:0.278752 , MAE:0.188765 , MAPD:1.075988, R_squared:0.998602

2024-03-21 03:40:55,527 Epoch 53/300, Train Loss: 0.074745, Val Loss: 0.119548  
	Train = MSE:0.073970 , RMSE:0.271975 , MAE:0.189738 , MAPD:1.010356, R_squared:0.998720  
	Validation = MSE:0.116077 , RMSE:0.340700 , MAE:0.258824 , MAPD:1.394861, R_squared:0.997911

2024-03-21 03:40:56,708 Epoch 54/300, Train Loss: 0.165763, Val Loss: 0.289903  
	Train = MSE:0.160361 , RMSE:0.400452 , MAE:0.306054 , MAPD:1.534898, R_squared:0.997224  
	Validation = MSE:0.282013 , RMSE:0.531049 , MAE:0.464616 , MAPD:2.442100, R_squared:0.994925

2024-03-21 03:40:57,764 Epoch 55/300, Train Loss: 0.473144, Val Loss: 0.108224  
	Train = MSE:0.477904 , RMSE:0.691306 , MAE:0.577622 , MAPD:2.844227, R_squared:0.991727  
	Validation = MSE:0.105272 , RMSE:0.324456 , MAE:0.217665 , MAPD:1.145263, R_squared:0.998106

2024-03-21 03:40:58,820 Epoch 56/300, Train Loss: 0.272196, Val Loss: 1.292282  
	Train = MSE:0.251764 , RMSE:0.501761 , MAE:0.390762 , MAPD:1.971483, R_squared:0.995642  
	Validation = MSE:1.293745 , RMSE:1.137429 , MAE:1.055808 , MAPD:5.363287, R_squared:0.976720

2024-03-21 03:40:59,923 Epoch 57/300, Train Loss: 0.609652, Val Loss: 0.354569  
	Train = MSE:0.614308 , RMSE:0.783778 , MAE:0.643850 , MAPD:3.185716, R_squared:0.989366  
	Validation = MSE:0.346108 , RMSE:0.588309 , MAE:0.519292 , MAPD:2.731416, R_squared:0.993772

2024-03-21 03:41:00,982 Epoch 58/300, Train Loss: 0.537270, Val Loss: 0.086869  
	Train = MSE:0.543609 , RMSE:0.737298 , MAE:0.601202 , MAPD:2.980395, R_squared:0.990590  
	Validation = MSE:0.086215 , RMSE:0.293624 , MAE:0.208706 , MAPD:1.214180, R_squared:0.998449

2024-03-21 03:41:02,046 Epoch 59/300, Train Loss: 0.234932, Val Loss: 0.152676  
	Train = MSE:0.240770 , RMSE:0.490683 , MAE:0.356625 , MAPD:1.831313, R_squared:0.995832  
	Validation = MSE:0.156272 , RMSE:0.395313 , MAE:0.316104 , MAPD:1.755847, R_squared:0.997188

2024-03-21 03:41:03,325 Epoch 60/300, Train Loss: 0.165497, Val Loss: 0.241682  
	Train = MSE:0.160244 , RMSE:0.400305 , MAE:0.310673 , MAPD:1.601919, R_squared:0.997226  
	Validation = MSE:0.246785 , RMSE:0.496774 , MAE:0.399808 , MAPD:2.013738, R_squared:0.995559

2024-03-21 03:41:04,644 Epoch 61/300, Train Loss: 0.206939, Val Loss: 0.550715  
	Train = MSE:0.190321 , RMSE:0.436257 , MAE:0.324588 , MAPD:1.641965, R_squared:0.996706  
	Validation = MSE:0.536777 , RMSE:0.732651 , MAE:0.652349 , MAPD:3.329310, R_squared:0.990341

2024-03-21 03:41:07,344 Epoch 62/300, Train Loss: 0.984140, Val Loss: 0.287858  
	Train = MSE:0.981427 , RMSE:0.990670 , MAE:0.808521 , MAPD:3.991021, R_squared:0.983011  
	Validation = MSE:0.290290 , RMSE:0.538786 , MAE:0.436271 , MAPD:2.124408, R_squared:0.994777

2024-03-21 03:41:09,220 Epoch 63/300, Train Loss: 0.336239, Val Loss: 0.145557  
	Train = MSE:0.345399 , RMSE:0.587706 , MAE:0.442483 , MAPD:2.238123, R_squared:0.994021  
	Validation = MSE:0.149483 , RMSE:0.386630 , MAE:0.270857 , MAPD:1.349743, R_squared:0.997310

2024-03-21 03:41:10,456 Epoch 64/300, Train Loss: 0.157902, Val Loss: 0.091525  
	Train = MSE:0.154523 , RMSE:0.393095 , MAE:0.303020 , MAPD:1.557530, R_squared:0.997325  
	Validation = MSE:0.090064 , RMSE:0.300107 , MAE:0.212808 , MAPD:1.159894, R_squared:0.998379

2024-03-21 03:41:12,136 Epoch 65/300, Train Loss: 0.123968, Val Loss: 0.156229  
	Train = MSE:0.124093 , RMSE:0.352268 , MAE:0.265755 , MAPD:1.369636, R_squared:0.997852  
	Validation = MSE:0.151298 , RMSE:0.388970 , MAE:0.310136 , MAPD:1.632675, R_squared:0.997278

2024-03-21 03:41:13,202 Epoch 66/300, Train Loss: 0.124547, Val Loss: 0.083649  
	Train = MSE:0.123871 , RMSE:0.351953 , MAE:0.265405 , MAPD:1.352289, R_squared:0.997856  
	Validation = MSE:0.085119 , RMSE:0.291752 , MAE:0.199486 , MAPD:1.127276, R_squared:0.998468

2024-03-21 03:41:15,133 Epoch 67/300, Train Loss: 0.101544, Val Loss: 0.071064  
	Train = MSE:0.103433 , RMSE:0.321610 , MAE:0.239763 , MAPD:1.244762, R_squared:0.998210  
	Validation = MSE:0.073383 , RMSE:0.270893 , MAE:0.175652 , MAPD:0.975065, R_squared:0.998680

2024-03-21 03:41:16,335 Epoch 68/300, Train Loss: 0.106990, Val Loss: 0.115587  
	Train = MSE:0.108798 , RMSE:0.329846 , MAE:0.241699 , MAPD:1.240736, R_squared:0.998117  
	Validation = MSE:0.119278 , RMSE:0.345366 , MAE:0.248895 , MAPD:1.306176, R_squared:0.997854

2024-03-21 03:41:17,413 Epoch 69/300, Train Loss: 0.252538, Val Loss: 0.363399  
	Train = MSE:0.239088 , RMSE:0.488967 , MAE:0.368409 , MAPD:1.853463, R_squared:0.995861  
	Validation = MSE:0.368435 , RMSE:0.606988 , MAE:0.491365 , MAPD:2.340996, R_squared:0.993370

2024-03-21 03:41:18,447 Epoch 70/300, Train Loss: 0.198944, Val Loss: 0.133250  
	Train = MSE:0.202056 , RMSE:0.449507 , MAE:0.351500 , MAPD:1.766009, R_squared:0.996502  
	Validation = MSE:0.130332 , RMSE:0.361015 , MAE:0.293834 , MAPD:1.615002, R_squared:0.997655

2024-03-21 03:41:19,629 Epoch 71/300, Train Loss: 0.224290, Val Loss: 0.189786  
	Train = MSE:0.219710 , RMSE:0.468733 , MAE:0.356920 , MAPD:1.799938, R_squared:0.996197  
	Validation = MSE:0.184861 , RMSE:0.429955 , MAE:0.363092 , MAPD:1.919947, R_squared:0.996674

2024-03-21 03:41:22,495 Epoch 72/300, Train Loss: 0.518860, Val Loss: 0.606416  
	Train = MSE:0.519240 , RMSE:0.720583 , MAE:0.554364 , MAPD:2.767258, R_squared:0.991012  
	Validation = MSE:0.611629 , RMSE:0.782067 , MAE:0.661214 , MAPD:3.150560, R_squared:0.988994

2024-03-21 03:41:23,933 Epoch 73/300, Train Loss: 0.875757, Val Loss: 0.307940  
	Train = MSE:0.860521 , RMSE:0.927643 , MAE:0.760826 , MAPD:3.800921, R_squared:0.985104  
	Validation = MSE:0.300432 , RMSE:0.548117 , MAE:0.476609 , MAPD:2.487233, R_squared:0.994594

2024-03-21 03:41:24,994 Epoch 74/300, Train Loss: 0.308718, Val Loss: 0.489404  
	Train = MSE:0.306262 , RMSE:0.553409 , MAE:0.448251 , MAPD:2.293300, R_squared:0.994699  
	Validation = MSE:0.480011 , RMSE:0.692828 , MAE:0.645985 , MAPD:3.506398, R_squared:0.991363

2024-03-21 03:41:26,028 Epoch 75/300, Train Loss: 0.266080, Val Loss: 0.070048  
	Train = MSE:0.274041 , RMSE:0.523490 , MAE:0.420879 , MAPD:2.146557, R_squared:0.995256  
	Validation = MSE:0.070066 , RMSE:0.264700 , MAE:0.180702 , MAPD:1.011436, R_squared:0.998739

2024-03-21 03:41:27,053 Epoch 76/300, Train Loss: 0.075583, Val Loss: 0.083542  
	Train = MSE:0.075144 , RMSE:0.274123 , MAE:0.196544 , MAPD:1.029364, R_squared:0.998699  
	Validation = MSE:0.085032 , RMSE:0.291602 , MAE:0.215818 , MAPD:1.256056, R_squared:0.998470

2024-03-21 03:41:28,194 Epoch 77/300, Train Loss: 0.128488, Val Loss: 0.065499  
	Train = MSE:0.129347 , RMSE:0.359649 , MAE:0.265140 , MAPD:1.372627, R_squared:0.997761  
	Validation = MSE:0.067476 , RMSE:0.259761 , MAE:0.172113 , MAPD:0.958778, R_squared:0.998786

2024-03-21 03:41:29,441 Epoch 78/300, Train Loss: 0.179559, Val Loss: 0.229735  
	Train = MSE:0.168956 , RMSE:0.411042 , MAE:0.310630 , MAPD:1.582210, R_squared:0.997075  
	Validation = MSE:0.224459 , RMSE:0.473771 , MAE:0.418875 , MAPD:2.250844, R_squared:0.995961

2024-03-21 03:41:30,605 Epoch 79/300, Train Loss: 0.105625, Val Loss: 0.463050  
	Train = MSE:0.102339 , RMSE:0.319905 , MAE:0.226226 , MAPD:1.157301, R_squared:0.998228  
	Validation = MSE:0.469035 , RMSE:0.684862 , MAE:0.607555 , MAPD:3.085715, R_squared:0.991560

2024-03-21 03:41:31,941 Epoch 80/300, Train Loss: 0.347758, Val Loss: 0.079362  
	Train = MSE:0.357788 , RMSE:0.598153 , MAE:0.478509 , MAPD:2.413747, R_squared:0.993807  
	Validation = MSE:0.082847 , RMSE:0.287832 , MAE:0.190459 , MAPD:1.015100, R_squared:0.998509

2024-03-21 03:41:33,055 Epoch 81/300, Train Loss: 0.086781, Val Loss: 0.098592  
	Train = MSE:0.087758 , RMSE:0.296240 , MAE:0.217383 , MAPD:1.122133, R_squared:0.998481  
	Validation = MSE:0.097880 , RMSE:0.312858 , MAE:0.246001 , MAPD:1.408261, R_squared:0.998239

2024-03-21 03:41:35,651 Epoch 82/300, Train Loss: 0.098506, Val Loss: 0.092730  
	Train = MSE:0.099403 , RMSE:0.315282 , MAE:0.239014 , MAPD:1.235566, R_squared:0.998279  
	Validation = MSE:0.096113 , RMSE:0.310021 , MAE:0.206529 , MAPD:1.051037, R_squared:0.998271

2024-03-21 03:41:37,192 Epoch 83/300, Train Loss: 0.657916, Val Loss: 0.229939  
	Train = MSE:0.682269 , RMSE:0.825995 , MAE:0.647465 , MAPD:3.236751, R_squared:0.988190  
	Validation = MSE:0.235008 , RMSE:0.484776 , MAE:0.406203 , MAPD:2.116044, R_squared:0.995771

2024-03-21 03:41:38,950 Epoch 84/300, Train Loss: 0.261378, Val Loss: 0.087354  
	Train = MSE:0.267974 , RMSE:0.517662 , MAE:0.410845 , MAPD:2.090072, R_squared:0.995361  
	Validation = MSE:0.090771 , RMSE:0.301282 , MAE:0.204322 , MAPD:1.073393, R_squared:0.998367

2024-03-21 03:41:40,211 Epoch 85/300, Train Loss: 0.154054, Val Loss: 0.179042  
	Train = MSE:0.156307 , RMSE:0.395357 , MAE:0.302971 , MAPD:1.546784, R_squared:0.997294  
	Validation = MSE:0.183966 , RMSE:0.428913 , MAE:0.346832 , MAPD:1.782101, R_squared:0.996690

2024-03-21 03:41:41,542 Epoch 86/300, Train Loss: 0.574184, Val Loss: 0.396856  
	Train = MSE:0.560171 , RMSE:0.748446 , MAE:0.634125 , MAPD:3.199955, R_squared:0.990303  
	Validation = MSE:0.403090 , RMSE:0.634894 , MAE:0.578592 , MAPD:3.043000, R_squared:0.992747

2024-03-21 03:41:42,549 Epoch 87/300, Train Loss: 0.933968, Val Loss: 0.951091  
	Train = MSE:0.921699 , RMSE:0.960052 , MAE:0.796192 , MAPD:4.000010, R_squared:0.984045  
	Validation = MSE:0.931603 , RMSE:0.965196 , MAE:0.873389 , MAPD:4.425487, R_squared:0.983237

2024-03-21 03:41:43,559 Epoch 88/300, Train Loss: 0.559589, Val Loss: 0.108451  
	Train = MSE:0.562239 , RMSE:0.749826 , MAE:0.634990 , MAPD:3.238404, R_squared:0.990268  
	Validation = MSE:0.110628 , RMSE:0.332608 , MAE:0.242881 , MAPD:1.300141, R_squared:0.998009

2024-03-21 03:41:44,621 Epoch 89/300, Train Loss: 0.167221, Val Loss: 0.076156  
	Train = MSE:0.170446 , RMSE:0.412851 , MAE:0.324316 , MAPD:1.686231, R_squared:0.997050  
	Validation = MSE:0.077690 , RMSE:0.278729 , MAE:0.188009 , MAPD:1.063152, R_squared:0.998602

2024-03-21 03:41:45,638 Epoch 90/300, Train Loss: 0.076318, Val Loss: 0.065973  
	Train = MSE:0.077266 , RMSE:0.277967 , MAE:0.201457 , MAPD:1.054645, R_squared:0.998663  
	Validation = MSE:0.066779 , RMSE:0.258417 , MAE:0.170828 , MAPD:0.946339, R_squared:0.998798

2024-03-21 03:41:46,874 Epoch 91/300, Train Loss: 0.141966, Val Loss: 0.277955  
	Train = MSE:0.137185 , RMSE:0.370385 , MAE:0.286357 , MAPD:1.473478, R_squared:0.997625  
	Validation = MSE:0.270884 , RMSE:0.520465 , MAE:0.445177 , MAPD:2.273891, R_squared:0.995126

2024-03-21 03:41:50,557 Epoch 92/300, Train Loss: 0.106869, Val Loss: 0.167040  
	Train = MSE:0.105381 , RMSE:0.324624 , MAE:0.236617 , MAPD:1.221471, R_squared:0.998176  
	Validation = MSE:0.163904 , RMSE:0.404850 , MAE:0.348639 , MAPD:1.904534, R_squared:0.997051

2024-03-21 03:41:51,932 Epoch 93/300, Train Loss: 0.340829, Val Loss: 0.098664  
	Train = MSE:0.346546 , RMSE:0.588682 , MAE:0.482544 , MAPD:2.439898, R_squared:0.994001  
	Validation = MSE:0.098817 , RMSE:0.314352 , MAE:0.256300 , MAPD:1.533779, R_squared:0.998222

2024-03-21 03:41:53,013 Epoch 94/300, Train Loss: 0.343355, Val Loss: 0.192720  
	Train = MSE:0.331361 , RMSE:0.575639 , MAE:0.476656 , MAPD:2.470296, R_squared:0.994264  
	Validation = MSE:0.196431 , RMSE:0.443205 , MAE:0.375966 , MAPD:2.060623, R_squared:0.996465

2024-03-21 03:41:54,398 Epoch 95/300, Train Loss: 1.188402, Val Loss: 0.079828  
	Train = MSE:1.195524 , RMSE:1.093400 , MAE:0.914043 , MAPD:4.650444, R_squared:0.979305  
	Validation = MSE:0.083404 , RMSE:0.288797 , MAE:0.205762 , MAPD:1.151995, R_squared:0.998499

2024-03-21 03:41:55,590 Epoch 96/300, Train Loss: 0.869361, Val Loss: 0.725991  
	Train = MSE:0.882732 , RMSE:0.939538 , MAE:0.768793 , MAPD:3.921416, R_squared:0.984720  
	Validation = MSE:0.717512 , RMSE:0.847061 , MAE:0.785462 , MAPD:4.235882, R_squared:0.987089

2024-03-21 03:41:56,729 Epoch 97/300, Train Loss: 0.312226, Val Loss: 0.068903  
	Train = MSE:0.322123 , RMSE:0.567559 , MAE:0.442736 , MAPD:2.298586, R_squared:0.994424  
	Validation = MSE:0.069815 , RMSE:0.264225 , MAE:0.172505 , MAPD:0.984104, R_squared:0.998744

2024-03-21 03:41:57,819 Epoch 98/300, Train Loss: 0.080002, Val Loss: 0.063530  
	Train = MSE:0.080352 , RMSE:0.283464 , MAE:0.207084 , MAPD:1.091639, R_squared:0.998609  
	Validation = MSE:0.065045 , RMSE:0.255039 , MAE:0.171287 , MAPD:0.949593, R_squared:0.998830

2024-03-21 03:41:59,542 Epoch 99/300, Train Loss: 0.087277, Val Loss: 0.122482  
	Train = MSE:0.079711 , RMSE:0.282332 , MAE:0.199319 , MAPD:1.039199, R_squared:0.998620  
	Validation = MSE:0.121143 , RMSE:0.348056 , MAE:0.283974 , MAPD:1.571629, R_squared:0.997820

2024-03-21 03:42:00,927 Epoch 100/300, Train Loss: 0.075036, Val Loss: 0.168952  
	Train = MSE:0.075066 , RMSE:0.273982 , MAE:0.198562 , MAPD:1.026971, R_squared:0.998701  
	Validation = MSE:0.165414 , RMSE:0.406712 , MAE:0.351410 , MAPD:1.919555, R_squared:0.997024

2024-03-21 03:42:02,260 Epoch 101/300, Train Loss: 0.246983, Val Loss: 0.100812  
	Train = MSE:0.250617 , RMSE:0.500617 , MAE:0.411406 , MAPD:2.079555, R_squared:0.995662  
	Validation = MSE:0.104240 , RMSE:0.322862 , MAE:0.247240 , MAPD:1.407692, R_squared:0.998124

2024-03-21 03:42:04,678 Epoch 102/300, Train Loss: 0.258143, Val Loss: 0.141573  
	Train = MSE:0.264588 , RMSE:0.514381 , MAE:0.403189 , MAPD:2.039004, R_squared:0.995420  
	Validation = MSE:0.145483 , RMSE:0.381422 , MAE:0.316015 , MAPD:1.847631, R_squared:0.997382

2024-03-21 03:42:05,793 Epoch 103/300, Train Loss: 0.117121, Val Loss: 0.061436  
	Train = MSE:0.120198 , RMSE:0.346695 , MAE:0.269608 , MAPD:1.409415, R_squared:0.997919  
	Validation = MSE:0.062804 , RMSE:0.250607 , MAE:0.166832 , MAPD:0.933649, R_squared:0.998870

2024-03-21 03:42:06,834 Epoch 104/300, Train Loss: 0.220518, Val Loss: 0.102813  
	Train = MSE:0.226190 , RMSE:0.475594 , MAE:0.362525 , MAPD:1.833295, R_squared:0.996085  
	Validation = MSE:0.107553 , RMSE:0.327953 , MAE:0.224326 , MAPD:1.117769, R_squared:0.998065

2024-03-21 03:42:08,161 Epoch 105/300, Train Loss: 0.136758, Val Loss: 0.390651  
	Train = MSE:0.131416 , RMSE:0.362514 , MAE:0.277636 , MAPD:1.424350, R_squared:0.997725  
	Validation = MSE:0.397517 , RMSE:0.630489 , MAE:0.581098 , MAPD:3.127401, R_squared:0.992847

2024-03-21 03:42:09,296 Epoch 106/300, Train Loss: 0.604252, Val Loss: 0.870576  
	Train = MSE:0.596466 , RMSE:0.772312 , MAE:0.642875 , MAPD:3.219818, R_squared:0.989675  
	Validation = MSE:0.874965 , RMSE:0.935396 , MAE:0.863403 , MAPD:4.409191, R_squared:0.984256

2024-03-21 03:42:10,327 Epoch 107/300, Train Loss: 0.662699, Val Loss: 0.949212  
	Train = MSE:0.679697 , RMSE:0.824437 , MAE:0.690949 , MAPD:3.487181, R_squared:0.988234  
	Validation = MSE:0.934154 , RMSE:0.966517 , MAE:0.916213 , MAPD:4.946318, R_squared:0.983191

2024-03-21 03:42:11,551 Epoch 108/300, Train Loss: 1.176673, Val Loss: 1.054320  
	Train = MSE:1.184650 , RMSE:1.088416 , MAE:0.920990 , MAPD:4.647349, R_squared:0.979494  
	Validation = MSE:1.058633 , RMSE:1.028899 , MAE:0.992932 , MAPD:5.462016, R_squared:0.980951

2024-03-21 03:42:12,712 Epoch 109/300, Train Loss: 0.254713, Val Loss: 0.067310  
	Train = MSE:0.260563 , RMSE:0.510454 , MAE:0.391130 , MAPD:2.023240, R_squared:0.995490  
	Validation = MSE:0.068314 , RMSE:0.261369 , MAE:0.173151 , MAPD:0.976495, R_squared:0.998771

2024-03-21 03:42:13,759 Epoch 110/300, Train Loss: 0.136349, Val Loss: 0.436260  
	Train = MSE:0.130214 , RMSE:0.360851 , MAE:0.272955 , MAPD:1.419144, R_squared:0.997746  
	Validation = MSE:0.440780 , RMSE:0.663912 , MAE:0.533688 , MAPD:2.481413, R_squared:0.992069

2024-03-21 03:42:15,082 Epoch 111/300, Train Loss: 0.659554, Val Loss: 0.928646  
	Train = MSE:0.647174 , RMSE:0.804471 , MAE:0.676734 , MAPD:3.410441, R_squared:0.988797  
	Validation = MSE:0.910982 , RMSE:0.954454 , MAE:0.876064 , MAPD:4.497132, R_squared:0.983608

2024-03-21 03:42:18,014 Epoch 112/300, Train Loss: 0.248911, Val Loss: 0.137915  
	Train = MSE:0.251955 , RMSE:0.501951 , MAE:0.376515 , MAPD:1.946873, R_squared:0.995639  
	Validation = MSE:0.142959 , RMSE:0.378099 , MAE:0.273632 , MAPD:1.350721, R_squared:0.997428

2024-03-21 03:42:19,046 Epoch 113/300, Train Loss: 0.147565, Val Loss: 0.061260  
	Train = MSE:0.146509 , RMSE:0.382765 , MAE:0.288620 , MAPD:1.495759, R_squared:0.997464  
	Validation = MSE:0.063440 , RMSE:0.251872 , MAE:0.171205 , MAPD:0.973661, R_squared:0.998858

2024-03-21 03:42:20,400 Epoch 114/300, Train Loss: 0.190133, Val Loss: 0.229370  
	Train = MSE:0.190670 , RMSE:0.436658 , MAE:0.349327 , MAPD:1.792979, R_squared:0.996699  
	Validation = MSE:0.234941 , RMSE:0.484707 , MAE:0.417673 , MAPD:2.203970, R_squared:0.995772

2024-03-21 03:42:21,612 Epoch 115/300, Train Loss: 0.133067, Val Loss: 0.100964  
	Train = MSE:0.132755 , RMSE:0.364356 , MAE:0.284528 , MAPD:1.457058, R_squared:0.997702  
	Validation = MSE:0.102162 , RMSE:0.319628 , MAE:0.261914 , MAPD:1.569215, R_squared:0.998162

2024-03-21 03:42:22,940 Epoch 116/300, Train Loss: 0.094210, Val Loss: 0.065850  
	Train = MSE:0.095251 , RMSE:0.308628 , MAE:0.236440 , MAPD:1.238124, R_squared:0.998351  
	Validation = MSE:0.066746 , RMSE:0.258352 , MAE:0.164354 , MAPD:0.880480, R_squared:0.998799

2024-03-21 03:42:24,095 Epoch 117/300, Train Loss: 0.252280, Val Loss: 0.701922  
	Train = MSE:0.246627 , RMSE:0.496616 , MAE:0.391848 , MAPD:2.002449, R_squared:0.995731  
	Validation = MSE:0.684997 , RMSE:0.827646 , MAE:0.727235 , MAPD:3.563922, R_squared:0.987674

2024-03-21 03:42:25,516 Epoch 118/300, Train Loss: 0.872300, Val Loss: 2.317036  
	Train = MSE:0.852744 , RMSE:0.923442 , MAE:0.783092 , MAPD:3.980169, R_squared:0.985239  
	Validation = MSE:2.315697 , RMSE:1.521741 , MAE:1.454361 , MAPD:7.496383, R_squared:0.958331

2024-03-21 03:42:26,535 Epoch 119/300, Train Loss: 1.011350, Val Loss: 0.334703  
	Train = MSE:1.021088 , RMSE:1.010489 , MAE:0.863647 , MAPD:4.392493, R_squared:0.982325  
	Validation = MSE:0.334083 , RMSE:0.577999 , MAE:0.525485 , MAPD:2.986869, R_squared:0.993989

2024-03-21 03:42:27,912 Epoch 120/300, Train Loss: 0.222357, Val Loss: 0.112426  
	Train = MSE:0.228345 , RMSE:0.477854 , MAE:0.384630 , MAPD:2.002632, R_squared:0.996047  
	Validation = MSE:0.110858 , RMSE:0.332954 , MAE:0.274103 , MAPD:1.588973, R_squared:0.998005

2024-03-21 03:42:29,744 Epoch 121/300, Train Loss: 0.236070, Val Loss: 0.586354  
	Train = MSE:0.236016 , RMSE:0.485815 , MAE:0.396562 , MAPD:2.029552, R_squared:0.995915  
	Validation = MSE:0.591172 , RMSE:0.768877 , MAE:0.687885 , MAPD:3.491335, R_squared:0.989362

2024-03-21 03:42:32,616 Epoch 122/300, Train Loss: 0.418905, Val Loss: 0.214589  
	Train = MSE:0.399026 , RMSE:0.631685 , MAE:0.524701 , MAPD:2.659540, R_squared:0.993093  
	Validation = MSE:0.209128 , RMSE:0.457305 , MAE:0.407686 , MAPD:2.283316, R_squared:0.996237

2024-03-21 03:42:34,021 Epoch 123/300, Train Loss: 0.528577, Val Loss: 0.686443  
	Train = MSE:0.539898 , RMSE:0.734777 , MAE:0.610710 , MAPD:3.118968, R_squared:0.990654  
	Validation = MSE:0.675246 , RMSE:0.821734 , MAE:0.771914 , MAPD:4.109191, R_squared:0.987850

2024-03-21 03:42:36,108 Epoch 124/300, Train Loss: 0.376002, Val Loss: 0.094823  
	Train = MSE:0.383956 , RMSE:0.619641 , MAE:0.508880 , MAPD:2.594674, R_squared:0.993354  
	Validation = MSE:0.098246 , RMSE:0.313443 , MAE:0.222681 , MAPD:1.198159, R_squared:0.998232

2024-03-21 03:42:38,102 Epoch 125/300, Train Loss: 0.088352, Val Loss: 0.086714  
	Train = MSE:0.088948 , RMSE:0.298241 , MAE:0.223410 , MAPD:1.169113, R_squared:0.998460  
	Validation = MSE:0.090065 , RMSE:0.300109 , MAE:0.206305 , MAPD:1.065413, R_squared:0.998379

2024-03-21 03:42:39,626 Epoch 126/300, Train Loss: 0.148268, Val Loss: 0.168986  
	Train = MSE:0.149826 , RMSE:0.387073 , MAE:0.294626 , MAPD:1.501630, R_squared:0.997406  
	Validation = MSE:0.165669 , RMSE:0.407025 , MAE:0.343030 , MAPD:1.820114, R_squared:0.997019

2024-03-21 03:42:40,750 Epoch 127/300, Train Loss: 0.106746, Val Loss: 0.059958  
	Train = MSE:0.109572 , RMSE:0.331016 , MAE:0.254235 , MAPD:1.297342, R_squared:0.998103  
	Validation = MSE:0.063102 , RMSE:0.251201 , MAE:0.161087 , MAPD:0.884307, R_squared:0.998865

2024-03-21 03:42:41,767 Epoch 128/300, Train Loss: 0.067068, Val Loss: 0.069186  
	Train = MSE:0.067219 , RMSE:0.259267 , MAE:0.184796 , MAPD:0.954016, R_squared:0.998836  
	Validation = MSE:0.069968 , RMSE:0.264514 , MAE:0.198739 , MAPD:1.142012, R_squared:0.998741

2024-03-21 03:42:43,360 Epoch 129/300, Train Loss: 0.130440, Val Loss: 0.070153  
	Train = MSE:0.129502 , RMSE:0.359865 , MAE:0.282589 , MAPD:1.462578, R_squared:0.997758  
	Validation = MSE:0.070782 , RMSE:0.266049 , MAE:0.194196 , MAPD:1.091380, R_squared:0.998726

2024-03-21 03:42:45,156 Epoch 130/300, Train Loss: 0.118386, Val Loss: 0.238202  
	Train = MSE:0.117016 , RMSE:0.342076 , MAE:0.265077 , MAPD:1.360037, R_squared:0.997974  
	Validation = MSE:0.243897 , RMSE:0.493860 , MAE:0.416573 , MAPD:2.111710, R_squared:0.995611

2024-03-21 03:42:46,973 Epoch 131/300, Train Loss: 0.231838, Val Loss: 0.166129  
	Train = MSE:0.233242 , RMSE:0.482951 , MAE:0.396931 , MAPD:1.987561, R_squared:0.995963  
	Validation = MSE:0.171495 , RMSE:0.414119 , MAE:0.334905 , MAPD:1.722741, R_squared:0.996914

2024-03-21 03:42:49,905 Epoch 132/300, Train Loss: 0.349754, Val Loss: 0.200967  
	Train = MSE:0.361190 , RMSE:0.600991 , MAE:0.487687 , MAPD:2.471714, R_squared:0.993748  
	Validation = MSE:0.197301 , RMSE:0.444186 , MAE:0.389460 , MAPD:2.103915, R_squared:0.996450

2024-03-21 03:42:50,971 Epoch 133/300, Train Loss: 0.489198, Val Loss: 0.067834  
	Train = MSE:0.492793 , RMSE:0.701992 , MAE:0.597552 , MAPD:3.038886, R_squared:0.991470  
	Validation = MSE:0.068849 , RMSE:0.262391 , MAE:0.185107 , MAPD:1.049541, R_squared:0.998761

2024-03-21 03:42:52,019 Epoch 134/300, Train Loss: 5.444809, Val Loss: 0.897590  
	Train = MSE:4.701294 , RMSE:2.168247 , MAE:1.397905 , MAPD:7.009473, R_squared:0.918620  
	Validation = MSE:0.901283 , RMSE:0.949359 , MAE:0.762095 , MAPD:3.420354, R_squared:0.983782

2024-03-21 03:42:53,075 Epoch 135/300, Train Loss: 105.517429, Val Loss: 60.188034  
	Train = MSE:106.694420 , RMSE:10.329299 , MAE:8.334353 , MAPD:42.101116, R_squared:-0.846898  
	Validation = MSE:59.269024 , RMSE:7.698638 , MAE:5.672328 , MAPD:26.664805, R_squared:-0.066489

2024-03-21 03:42:54,213 Epoch 136/300, Train Loss: 57.981486, Val Loss: 9.416127  
	Train = MSE:58.521915 , RMSE:7.649962 , MAE:6.014469 , MAPD:29.756039, R_squared:-0.013024  
	Validation = MSE:9.387190 , RMSE:3.063852 , MAE:2.609140 , MAPD:14.881979, R_squared:0.831087

2024-03-21 03:42:55,439 Epoch 137/300, Train Loss: 15.528777, Val Loss: 17.211387  
	Train = MSE:16.075775 , RMSE:4.009461 , MAE:3.077967 , MAPD:15.656211, R_squared:0.721726  
	Validation = MSE:16.950203 , RMSE:4.117063 , MAE:3.495793 , MAPD:17.940537, R_squared:0.694997

2024-03-21 03:42:56,469 Epoch 138/300, Train Loss: 5.368892, Val Loss: 3.436570  
	Train = MSE:5.533957 , RMSE:2.352436 , MAE:1.801469 , MAPD:9.604473, R_squared:0.904206  
	Validation = MSE:3.489769 , RMSE:1.868092 , MAE:1.635417 , MAPD:8.238374, R_squared:0.937205

2024-03-21 03:42:57,604 Epoch 139/300, Train Loss: 1.824196, Val Loss: 0.941059  
	Train = MSE:1.848972 , RMSE:1.359769 , MAE:1.101088 , MAPD:6.221821, R_squared:0.967994  
	Validation = MSE:0.945611 , RMSE:0.972425 , MAE:0.749547 , MAPD:4.865152, R_squared:0.982985

2024-03-21 03:42:58,766 Epoch 140/300, Train Loss: 0.820008, Val Loss: 0.547660  
	Train = MSE:0.829148 , RMSE:0.910576 , MAE:0.709792 , MAPD:4.406134, R_squared:0.985647  
	Validation = MSE:0.569443 , RMSE:0.754615 , MAE:0.617964 , MAPD:3.743565, R_squared:0.989753

2024-03-21 03:43:00,015 Epoch 141/300, Train Loss: 0.498674, Val Loss: 0.317632  
	Train = MSE:0.501828 , RMSE:0.708398 , MAE:0.546859 , MAPD:3.346665, R_squared:0.991313  
	Validation = MSE:0.332941 , RMSE:0.577010 , MAE:0.424168 , MAPD:2.745146, R_squared:0.994009

2024-03-21 03:43:03,152 Epoch 142/300, Train Loss: 0.311288, Val Loss: 0.225635  
	Train = MSE:0.314360 , RMSE:0.560678 , MAE:0.408132 , MAPD:2.539772, R_squared:0.994558  
	Validation = MSE:0.240827 , RMSE:0.490741 , MAE:0.357058 , MAPD:2.228256, R_squared:0.995667

2024-03-21 03:43:04,645 Epoch 143/300, Train Loss: 0.241966, Val Loss: 0.201788  
	Train = MSE:0.240407 , RMSE:0.490313 , MAE:0.354013 , MAPD:2.152431, R_squared:0.995839  
	Validation = MSE:0.209222 , RMSE:0.457408 , MAE:0.331062 , MAPD:2.025631, R_squared:0.996235

2024-03-21 03:43:05,698 Epoch 144/300, Train Loss: 0.195758, Val Loss: 0.164470  
	Train = MSE:0.195430 , RMSE:0.442074 , MAE:0.320873 , MAPD:1.918490, R_squared:0.996617  
	Validation = MSE:0.172077 , RMSE:0.414821 , MAE:0.302382 , MAPD:1.801675, R_squared:0.996904

2024-03-21 03:43:06,697 Epoch 145/300, Train Loss: 0.169225, Val Loss: 0.153289  
	Train = MSE:0.169753 , RMSE:0.412011 , MAE:0.301133 , MAPD:1.764004, R_squared:0.997062  
	Validation = MSE:0.159607 , RMSE:0.399508 , MAE:0.294964 , MAPD:1.724483, R_squared:0.997128

2024-03-21 03:43:08,040 Epoch 146/300, Train Loss: 0.153947, Val Loss: 0.140464  
	Train = MSE:0.155012 , RMSE:0.393715 , MAE:0.289903 , MAPD:1.668146, R_squared:0.997317  
	Validation = MSE:0.144096 , RMSE:0.379599 , MAE:0.279769 , MAPD:1.634261, R_squared:0.997407

2024-03-21 03:43:09,088 Epoch 147/300, Train Loss: 0.154754, Val Loss: 0.144204  
	Train = MSE:0.154582 , RMSE:0.393169 , MAE:0.292037 , MAPD:1.649637, R_squared:0.997324  
	Validation = MSE:0.148634 , RMSE:0.385531 , MAE:0.288526 , MAPD:1.631799, R_squared:0.997325

2024-03-21 03:43:10,335 Epoch 148/300, Train Loss: 0.152798, Val Loss: 0.131482  
	Train = MSE:0.152833 , RMSE:0.390939 , MAE:0.292363 , MAPD:1.622282, R_squared:0.997354  
	Validation = MSE:0.134157 , RMSE:0.366274 , MAE:0.270676 , MAPD:1.544794, R_squared:0.997586

2024-03-21 03:43:11,790 Epoch 149/300, Train Loss: 0.133165, Val Loss: 0.126807  
	Train = MSE:0.133707 , RMSE:0.365660 , MAE:0.270862 , MAPD:1.512902, R_squared:0.997686  
	Validation = MSE:0.128558 , RMSE:0.358550 , MAE:0.263397 , MAPD:1.497988, R_squared:0.997687

2024-03-21 03:43:13,605 Epoch 150/300, Train Loss: 0.159428, Val Loss: 0.230889  
	Train = MSE:0.159241 , RMSE:0.399050 , MAE:0.302771 , MAPD:1.627458, R_squared:0.997244  
	Validation = MSE:0.223568 , RMSE:0.472830 , MAE:0.363236 , MAPD:1.941090, R_squared:0.995977

2024-03-21 03:43:15,082 Epoch 151/300, Train Loss: 0.216891, Val Loss: 0.261595  
	Train = MSE:0.219835 , RMSE:0.468865 , MAE:0.357004 , MAPD:1.838874, R_squared:0.996195  
	Validation = MSE:0.252791 , RMSE:0.502784 , MAE:0.389738 , MAPD:2.044544, R_squared:0.995451

2024-03-21 03:43:17,909 Epoch 152/300, Train Loss: 0.179383, Val Loss: 0.123817  
	Train = MSE:0.180980 , RMSE:0.425417 , MAE:0.321451 , MAPD:1.685901, R_squared:0.996867  
	Validation = MSE:0.122659 , RMSE:0.350227 , MAE:0.254445 , MAPD:1.428324, R_squared:0.997793

2024-03-21 03:43:19,293 Epoch 153/300, Train Loss: 0.141263, Val Loss: 0.123970  
	Train = MSE:0.142435 , RMSE:0.377406 , MAE:0.281060 , MAPD:1.506479, R_squared:0.997534  
	Validation = MSE:0.122573 , RMSE:0.350104 , MAE:0.254033 , MAPD:1.414633, R_squared:0.997794

2024-03-21 03:43:20,483 Epoch 154/300, Train Loss: 0.120986, Val Loss: 0.116536  
	Train = MSE:0.119311 , RMSE:0.345415 , MAE:0.255198 , MAPD:1.385428, R_squared:0.997935  
	Validation = MSE:0.116819 , RMSE:0.341788 , MAE:0.249596 , MAPD:1.417833, R_squared:0.997898

2024-03-21 03:43:22,178 Epoch 155/300, Train Loss: 0.113757, Val Loss: 0.114640  
	Train = MSE:0.113883 , RMSE:0.337466 , MAE:0.248896 , MAPD:1.355265, R_squared:0.998029  
	Validation = MSE:0.114827 , RMSE:0.338862 , MAE:0.246632 , MAPD:1.393191, R_squared:0.997934

2024-03-21 03:43:23,267 Epoch 156/300, Train Loss: 0.111758, Val Loss: 0.117173  
	Train = MSE:0.112351 , RMSE:0.335188 , MAE:0.245628 , MAPD:1.337902, R_squared:0.998055  
	Validation = MSE:0.116663 , RMSE:0.341560 , MAE:0.249779 , MAPD:1.422109, R_squared:0.997901

2024-03-21 03:43:24,291 Epoch 157/300, Train Loss: 0.112931, Val Loss: 0.115364  
	Train = MSE:0.113856 , RMSE:0.337426 , MAE:0.249059 , MAPD:1.344367, R_squared:0.998029  
	Validation = MSE:0.116310 , RMSE:0.341043 , MAE:0.250063 , MAPD:1.389955, R_squared:0.997907

2024-03-21 03:43:25,301 Epoch 158/300, Train Loss: 0.109757, Val Loss: 0.113226  
	Train = MSE:0.110168 , RMSE:0.331916 , MAE:0.245174 , MAPD:1.327338, R_squared:0.998093  
	Validation = MSE:0.114186 , RMSE:0.337914 , MAE:0.246812 , MAPD:1.374363, R_squared:0.997945

2024-03-21 03:43:26,395 Epoch 159/300, Train Loss: 0.108528, Val Loss: 0.113188  
	Train = MSE:0.109291 , RMSE:0.330592 , MAE:0.244284 , MAPD:1.316329, R_squared:0.998108  
	Validation = MSE:0.112465 , RMSE:0.335358 , MAE:0.244670 , MAPD:1.378683, R_squared:0.997976

2024-03-21 03:43:27,625 Epoch 160/300, Train Loss: 0.116684, Val Loss: 0.111324  
	Train = MSE:0.114190 , RMSE:0.337920 , MAE:0.251191 , MAPD:1.340491, R_squared:0.998023  
	Validation = MSE:0.111779 , RMSE:0.334334 , MAE:0.243502 , MAPD:1.366155, R_squared:0.997989

2024-03-21 03:43:28,769 Epoch 161/300, Train Loss: 0.104973, Val Loss: 0.122044  
	Train = MSE:0.105542 , RMSE:0.324872 , MAE:0.237928 , MAPD:1.282913, R_squared:0.998173  
	Validation = MSE:0.123898 , RMSE:0.351991 , MAE:0.260054 , MAPD:1.405924, R_squared:0.997771

2024-03-21 03:43:31,947 Epoch 162/300, Train Loss: 0.104955, Val Loss: 0.114720  
	Train = MSE:0.106088 , RMSE:0.325712 , MAE:0.240260 , MAPD:1.291333, R_squared:0.998164  
	Validation = MSE:0.113510 , RMSE:0.336912 , MAE:0.246056 , MAPD:1.384118, R_squared:0.997957

2024-03-21 03:43:33,610 Epoch 163/300, Train Loss: 0.108889, Val Loss: 0.108821  
	Train = MSE:0.109351 , RMSE:0.330683 , MAE:0.242730 , MAPD:1.296041, R_squared:0.998107  
	Validation = MSE:0.108720 , RMSE:0.329727 , MAE:0.239585 , MAPD:1.347297, R_squared:0.998044

2024-03-21 03:43:34,834 Epoch 164/300, Train Loss: 0.105687, Val Loss: 0.111115  
	Train = MSE:0.106174 , RMSE:0.325844 , MAE:0.240994 , MAPD:1.289079, R_squared:0.998162  
	Validation = MSE:0.110333 , RMSE:0.332164 , MAE:0.241366 , MAPD:1.356842, R_squared:0.998015

2024-03-21 03:43:36,202 Epoch 165/300, Train Loss: 0.102071, Val Loss: 0.107991  
	Train = MSE:0.102874 , RMSE:0.320739 , MAE:0.235210 , MAPD:1.261070, R_squared:0.998219  
	Validation = MSE:0.107635 , RMSE:0.328077 , MAE:0.236773 , MAPD:1.325039, R_squared:0.998063

2024-03-21 03:43:38,082 Epoch 166/300, Train Loss: 0.106075, Val Loss: 0.123101  
	Train = MSE:0.105142 , RMSE:0.324257 , MAE:0.237607 , MAPD:1.265890, R_squared:0.998180  
	Validation = MSE:0.120798 , RMSE:0.347560 , MAE:0.254291 , MAPD:1.401132, R_squared:0.997826

2024-03-21 03:43:39,194 Epoch 167/300, Train Loss: 0.106150, Val Loss: 0.107556  
	Train = MSE:0.106655 , RMSE:0.326581 , MAE:0.240482 , MAPD:1.275528, R_squared:0.998154  
	Validation = MSE:0.108631 , RMSE:0.329592 , MAE:0.238660 , MAPD:1.319648, R_squared:0.998045

2024-03-21 03:43:40,469 Epoch 168/300, Train Loss: 0.103040, Val Loss: 0.153921  
	Train = MSE:0.102144 , RMSE:0.319600 , MAE:0.234220 , MAPD:1.248959, R_squared:0.998232  
	Validation = MSE:0.157941 , RMSE:0.397418 , MAE:0.298321 , MAPD:1.552487, R_squared:0.997158

2024-03-21 03:43:41,607 Epoch 169/300, Train Loss: 0.106076, Val Loss: 0.110063  
	Train = MSE:0.107503 , RMSE:0.327877 , MAE:0.243431 , MAPD:1.287321, R_squared:0.998139  
	Validation = MSE:0.111600 , RMSE:0.334066 , MAE:0.241861 , MAPD:1.324850, R_squared:0.997992

2024-03-21 03:43:42,905 Epoch 170/300, Train Loss: 0.102432, Val Loss: 0.106332  
	Train = MSE:0.101864 , RMSE:0.319162 , MAE:0.233887 , MAPD:1.245427, R_squared:0.998237  
	Validation = MSE:0.106937 , RMSE:0.327012 , MAE:0.236226 , MAPD:1.321032, R_squared:0.998076

2024-03-21 03:43:44,013 Epoch 171/300, Train Loss: 0.106981, Val Loss: 0.105516  
	Train = MSE:0.106729 , RMSE:0.326694 , MAE:0.240217 , MAPD:1.270459, R_squared:0.998153  
	Validation = MSE:0.105765 , RMSE:0.325215 , MAE:0.234430 , MAPD:1.313475, R_squared:0.998097

2024-03-21 03:43:46,509 Epoch 172/300, Train Loss: 0.104036, Val Loss: 0.111856  
	Train = MSE:0.103001 , RMSE:0.320938 , MAE:0.233671 , MAPD:1.234551, R_squared:0.998217  
	Validation = MSE:0.113902 , RMSE:0.337494 , MAE:0.246304 , MAPD:1.332062, R_squared:0.997950

2024-03-21 03:43:47,556 Epoch 173/300, Train Loss: 0.098017, Val Loss: 0.110034  
	Train = MSE:0.097253 , RMSE:0.311854 , MAE:0.226917 , MAPD:1.207300, R_squared:0.998317  
	Validation = MSE:0.112085 , RMSE:0.334791 , MAE:0.243332 , MAPD:1.321058, R_squared:0.997983

2024-03-21 03:43:48,787 Epoch 174/300, Train Loss: 0.097537, Val Loss: 0.103922  
	Train = MSE:0.098278 , RMSE:0.313494 , MAE:0.229164 , MAPD:1.218819, R_squared:0.998299  
	Validation = MSE:0.105053 , RMSE:0.324119 , MAE:0.232135 , MAPD:1.276135, R_squared:0.998110

2024-03-21 03:43:50,027 Epoch 175/300, Train Loss: 0.095525, Val Loss: 0.105891  
	Train = MSE:0.095713 , RMSE:0.309376 , MAE:0.225708 , MAPD:1.196538, R_squared:0.998343  
	Validation = MSE:0.105474 , RMSE:0.324768 , MAE:0.231699 , MAPD:1.286085, R_squared:0.998102

2024-03-21 03:43:51,083 Epoch 176/300, Train Loss: 0.097146, Val Loss: 0.104421  
	Train = MSE:0.096800 , RMSE:0.311126 , MAE:0.225503 , MAPD:1.194683, R_squared:0.998324  
	Validation = MSE:0.106013 , RMSE:0.325596 , MAE:0.232403 , MAPD:1.274240, R_squared:0.998092

2024-03-21 03:43:52,244 Epoch 177/300, Train Loss: 0.095375, Val Loss: 0.104791  
	Train = MSE:0.095606 , RMSE:0.309202 , MAE:0.224232 , MAPD:1.184887, R_squared:0.998345  
	Validation = MSE:0.104341 , RMSE:0.323019 , MAE:0.229915 , MAPD:1.277838, R_squared:0.998122

2024-03-21 03:43:53,712 Epoch 178/300, Train Loss: 0.094320, Val Loss: 0.109310  
	Train = MSE:0.094219 , RMSE:0.306951 , MAE:0.221736 , MAPD:1.176668, R_squared:0.998369  
	Validation = MSE:0.111838 , RMSE:0.334422 , MAE:0.241285 , MAPD:1.304361, R_squared:0.997988

2024-03-21 03:43:55,921 Epoch 179/300, Train Loss: 0.101238, Val Loss: 0.118198  
	Train = MSE:0.101069 , RMSE:0.317914 , MAE:0.231288 , MAPD:1.211456, R_squared:0.998250  
	Validation = MSE:0.116343 , RMSE:0.341091 , MAE:0.248354 , MAPD:1.374866, R_squared:0.997907

2024-03-21 03:43:57,200 Epoch 180/300, Train Loss: 0.111096, Val Loss: 0.100848  
	Train = MSE:0.110141 , RMSE:0.331874 , MAE:0.243344 , MAPD:1.262680, R_squared:0.998093  
	Validation = MSE:0.101715 , RMSE:0.318929 , MAE:0.226968 , MAPD:1.263419, R_squared:0.998170

2024-03-21 03:43:58,978 Epoch 181/300, Train Loss: 0.098101, Val Loss: 0.162299  
	Train = MSE:0.098426 , RMSE:0.313729 , MAE:0.228532 , MAPD:1.209314, R_squared:0.998296  
	Validation = MSE:0.167146 , RMSE:0.408836 , MAE:0.300650 , MAPD:1.527409, R_squared:0.996992

2024-03-21 03:44:01,836 Epoch 182/300, Train Loss: 0.111696, Val Loss: 0.107792  
	Train = MSE:0.111648 , RMSE:0.334138 , MAE:0.247642 , MAPD:1.284895, R_squared:0.998067  
	Validation = MSE:0.107417 , RMSE:0.327745 , MAE:0.237511 , MAPD:1.345348, R_squared:0.998067

2024-03-21 03:44:03,220 Epoch 183/300, Train Loss: 0.098584, Val Loss: 0.101605  
	Train = MSE:0.099699 , RMSE:0.315752 , MAE:0.230955 , MAPD:1.218464, R_squared:0.998274  
	Validation = MSE:0.102864 , RMSE:0.320724 , MAE:0.229836 , MAPD:1.282808, R_squared:0.998149

2024-03-21 03:44:04,270 Epoch 184/300, Train Loss: 0.110196, Val Loss: 0.121427  
	Train = MSE:0.110253 , RMSE:0.332044 , MAE:0.244076 , MAPD:1.265490, R_squared:0.998091  
	Validation = MSE:0.125095 , RMSE:0.353688 , MAE:0.255807 , MAPD:1.355923, R_squared:0.997749

2024-03-21 03:44:05,651 Epoch 185/300, Train Loss: 0.096617, Val Loss: 0.100470  
	Train = MSE:0.096681 , RMSE:0.310936 , MAE:0.225009 , MAPD:1.190002, R_squared:0.998326  
	Validation = MSE:0.102159 , RMSE:0.319624 , MAE:0.227549 , MAPD:1.252983, R_squared:0.998162

2024-03-21 03:44:06,755 Epoch 186/300, Train Loss: 0.094617, Val Loss: 0.109250  
	Train = MSE:0.094954 , RMSE:0.308146 , MAE:0.223080 , MAPD:1.180307, R_squared:0.998356  
	Validation = MSE:0.112323 , RMSE:0.335146 , MAE:0.241035 , MAPD:1.304817, R_squared:0.997979

2024-03-21 03:44:08,120 Epoch 187/300, Train Loss: 0.092874, Val Loss: 0.099107  
	Train = MSE:0.094060 , RMSE:0.306692 , MAE:0.220420 , MAPD:1.165307, R_squared:0.998372  
	Validation = MSE:0.100066 , RMSE:0.316333 , MAE:0.224894 , MAPD:1.247640, R_squared:0.998199

2024-03-21 03:44:09,177 Epoch 188/300, Train Loss: 0.095875, Val Loss: 0.106750  
	Train = MSE:0.096071 , RMSE:0.309952 , MAE:0.226633 , MAPD:1.193458, R_squared:0.998337  
	Validation = MSE:0.106082 , RMSE:0.325702 , MAE:0.232076 , MAPD:1.277680, R_squared:0.998091

2024-03-21 03:44:10,603 Epoch 189/300, Train Loss: 0.106551, Val Loss: 0.105082  
	Train = MSE:0.104639 , RMSE:0.323480 , MAE:0.236028 , MAPD:1.230316, R_squared:0.998189  
	Validation = MSE:0.107777 , RMSE:0.328294 , MAE:0.235254 , MAPD:1.281652, R_squared:0.998061

2024-03-21 03:44:11,785 Epoch 190/300, Train Loss: 0.094007, Val Loss: 0.121019  
	Train = MSE:0.094353 , RMSE:0.307170 , MAE:0.224090 , MAPD:1.185054, R_squared:0.998367  
	Validation = MSE:0.124823 , RMSE:0.353303 , MAE:0.256386 , MAPD:1.359228, R_squared:0.997754

2024-03-21 03:44:12,856 Epoch 191/300, Train Loss: 0.112841, Val Loss: 0.098505  
	Train = MSE:0.111175 , RMSE:0.333429 , MAE:0.248064 , MAPD:1.285607, R_squared:0.998076  
	Validation = MSE:0.100170 , RMSE:0.316496 , MAE:0.223182 , MAPD:1.235705, R_squared:0.998198

2024-03-21 03:44:16,570 Epoch 192/300, Train Loss: 0.121945, Val Loss: 0.175179  
	Train = MSE:0.123651 , RMSE:0.351641 , MAE:0.259931 , MAPD:1.346683, R_squared:0.997860  
	Validation = MSE:0.170529 , RMSE:0.412952 , MAE:0.324185 , MAPD:1.772967, R_squared:0.996931

2024-03-21 03:44:17,883 Epoch 193/300, Train Loss: 0.129886, Val Loss: 0.123658  
	Train = MSE:0.132229 , RMSE:0.363632 , MAE:0.272218 , MAPD:1.396012, R_squared:0.997711  
	Validation = MSE:0.127520 , RMSE:0.357099 , MAE:0.258565 , MAPD:1.360508, R_squared:0.997705

2024-03-21 03:44:19,302 Epoch 194/300, Train Loss: 0.100690, Val Loss: 0.104331  
	Train = MSE:0.099938 , RMSE:0.316130 , MAE:0.229016 , MAPD:1.191456, R_squared:0.998270  
	Validation = MSE:0.103761 , RMSE:0.322120 , MAE:0.229144 , MAPD:1.273512, R_squared:0.998133

2024-03-21 03:44:20,626 Epoch 195/300, Train Loss: 0.117241, Val Loss: 0.114287  
	Train = MSE:0.118857 , RMSE:0.344756 , MAE:0.251251 , MAPD:1.283470, R_squared:0.997943  
	Validation = MSE:0.117773 , RMSE:0.343181 , MAE:0.249100 , MAPD:1.334345, R_squared:0.997881

2024-03-21 03:44:22,176 Epoch 196/300, Train Loss: 0.097910, Val Loss: 0.097197  
	Train = MSE:0.098470 , RMSE:0.313799 , MAE:0.229285 , MAPD:1.198452, R_squared:0.998295  
	Validation = MSE:0.097944 , RMSE:0.312960 , MAE:0.219721 , MAPD:1.221420, R_squared:0.998238

2024-03-21 03:44:23,431 Epoch 197/300, Train Loss: 0.106652, Val Loss: 0.108121  
	Train = MSE:0.106719 , RMSE:0.326678 , MAE:0.239111 , MAPD:1.244260, R_squared:0.998153  
	Validation = MSE:0.111492 , RMSE:0.333904 , MAE:0.240149 , MAPD:1.297030, R_squared:0.997994

2024-03-21 03:44:24,727 Epoch 198/300, Train Loss: 0.101382, Val Loss: 0.105184  
	Train = MSE:0.101475 , RMSE:0.318551 , MAE:0.230359 , MAPD:1.189770, R_squared:0.998243  
	Validation = MSE:0.104754 , RMSE:0.323656 , MAE:0.229946 , MAPD:1.277401, R_squared:0.998115

2024-03-21 03:44:25,858 Epoch 199/300, Train Loss: 0.093758, Val Loss: 0.106343  
	Train = MSE:0.094255 , RMSE:0.307010 , MAE:0.222867 , MAPD:1.172249, R_squared:0.998368  
	Validation = MSE:0.109325 , RMSE:0.330644 , MAE:0.235256 , MAPD:1.264050, R_squared:0.998033

2024-03-21 03:44:26,998 Epoch 200/300, Train Loss: 0.094604, Val Loss: 0.096463  
	Train = MSE:0.095122 , RMSE:0.308419 , MAE:0.223762 , MAPD:1.171446, R_squared:0.998353  
	Validation = MSE:0.097620 , RMSE:0.312442 , MAE:0.218140 , MAPD:1.213371, R_squared:0.998243

2024-03-21 03:44:28,693 Epoch 201/300, Train Loss: 0.089381, Val Loss: 0.095625  
	Train = MSE:0.088765 , RMSE:0.297934 , MAE:0.213166 , MAPD:1.124374, R_squared:0.998463  
	Validation = MSE:0.097015 , RMSE:0.311472 , MAE:0.217799 , MAPD:1.202087, R_squared:0.998254

2024-03-21 03:44:31,380 Epoch 202/300, Train Loss: 0.103732, Val Loss: 0.115227  
	Train = MSE:0.102101 , RMSE:0.319532 , MAE:0.232059 , MAPD:1.199061, R_squared:0.998233  
	Validation = MSE:0.119022 , RMSE:0.344995 , MAE:0.246566 , MAPD:1.302973, R_squared:0.997858

2024-03-21 03:44:32,416 Epoch 203/300, Train Loss: 0.101250, Val Loss: 0.109600  
	Train = MSE:0.101026 , RMSE:0.317846 , MAE:0.230120 , MAPD:1.185561, R_squared:0.998251  
	Validation = MSE:0.108538 , RMSE:0.329451 , MAE:0.237214 , MAPD:1.315502, R_squared:0.998047

2024-03-21 03:44:33,426 Epoch 204/300, Train Loss: 0.092697, Val Loss: 0.118081  
	Train = MSE:0.090942 , RMSE:0.301565 , MAE:0.216449 , MAPD:1.140528, R_squared:0.998426  
	Validation = MSE:0.116245 , RMSE:0.340947 , MAE:0.246487 , MAPD:1.347610, R_squared:0.997908

2024-03-21 03:44:34,439 Epoch 205/300, Train Loss: 0.120423, Val Loss: 0.099348  
	Train = MSE:0.118676 , RMSE:0.344494 , MAE:0.254880 , MAPD:1.316048, R_squared:0.997946  
	Validation = MSE:0.101749 , RMSE:0.318981 , MAE:0.225768 , MAPD:1.236008, R_squared:0.998169

2024-03-21 03:44:35,440 Epoch 206/300, Train Loss: 0.104599, Val Loss: 0.113514  
	Train = MSE:0.106023 , RMSE:0.325612 , MAE:0.235548 , MAPD:1.214832, R_squared:0.998165  
	Validation = MSE:0.117483 , RMSE:0.342758 , MAE:0.244331 , MAPD:1.294242, R_squared:0.997886

2024-03-21 03:44:36,514 Epoch 207/300, Train Loss: 0.091132, Val Loss: 0.102717  
	Train = MSE:0.091798 , RMSE:0.302982 , MAE:0.218829 , MAPD:1.142441, R_squared:0.998411  
	Validation = MSE:0.102225 , RMSE:0.319726 , MAE:0.225528 , MAPD:1.242337, R_squared:0.998161

2024-03-21 03:44:38,419 Epoch 208/300, Train Loss: 0.094552, Val Loss: 0.099000  
	Train = MSE:0.094628 , RMSE:0.307617 , MAE:0.221538 , MAPD:1.157534, R_squared:0.998362  
	Validation = MSE:0.101744 , RMSE:0.318974 , MAE:0.223408 , MAPD:1.215417, R_squared:0.998169

2024-03-21 03:44:40,021 Epoch 209/300, Train Loss: 0.092105, Val Loss: 0.093898  
	Train = MSE:0.093028 , RMSE:0.305004 , MAE:0.217348 , MAPD:1.135002, R_squared:0.998390  
	Validation = MSE:0.095222 , RMSE:0.308581 , MAE:0.213305 , MAPD:1.182411, R_squared:0.998287

2024-03-21 03:44:41,026 Epoch 210/300, Train Loss: 0.099570, Val Loss: 0.093718  
	Train = MSE:0.097605 , RMSE:0.312418 , MAE:0.224653 , MAPD:1.173191, R_squared:0.998310  
	Validation = MSE:0.095551 , RMSE:0.309113 , MAE:0.216077 , MAPD:1.194430, R_squared:0.998281

2024-03-21 03:44:42,038 Epoch 211/300, Train Loss: 0.092943, Val Loss: 0.096066  
	Train = MSE:0.093620 , RMSE:0.305973 , MAE:0.221821 , MAPD:1.158810, R_squared:0.998379  
	Validation = MSE:0.098498 , RMSE:0.313843 , MAE:0.219326 , MAPD:1.195748, R_squared:0.998228

2024-03-21 03:44:45,551 Epoch 212/300, Train Loss: 0.085380, Val Loss: 0.108291  
	Train = MSE:0.085985 , RMSE:0.293232 , MAE:0.208251 , MAPD:1.093454, R_squared:0.998512  
	Validation = MSE:0.107631 , RMSE:0.328071 , MAE:0.237727 , MAPD:1.328053, R_squared:0.998063

2024-03-21 03:44:47,069 Epoch 213/300, Train Loss: 0.092500, Val Loss: 0.096409  
	Train = MSE:0.093241 , RMSE:0.305354 , MAE:0.220159 , MAPD:1.156226, R_squared:0.998386  
	Validation = MSE:0.098505 , RMSE:0.313854 , MAE:0.217762 , MAPD:1.189757, R_squared:0.998228

2024-03-21 03:44:48,137 Epoch 214/300, Train Loss: 0.088088, Val Loss: 0.093306  
	Train = MSE:0.088744 , RMSE:0.297899 , MAE:0.213243 , MAPD:1.115266, R_squared:0.998464  
	Validation = MSE:0.094888 , RMSE:0.308039 , MAE:0.211240 , MAPD:1.160298, R_squared:0.998293

2024-03-21 03:44:49,439 Epoch 215/300, Train Loss: 0.095039, Val Loss: 0.092381  
	Train = MSE:0.094187 , RMSE:0.306899 , MAE:0.218606 , MAPD:1.134209, R_squared:0.998370  
	Validation = MSE:0.093595 , RMSE:0.305934 , MAE:0.211019 , MAPD:1.169646, R_squared:0.998316

2024-03-21 03:44:50,487 Epoch 216/300, Train Loss: 0.096060, Val Loss: 0.175198  
	Train = MSE:0.096154 , RMSE:0.310086 , MAE:0.223483 , MAPD:1.159871, R_squared:0.998336  
	Validation = MSE:0.181252 , RMSE:0.425737 , MAE:0.310313 , MAPD:1.539304, R_squared:0.996739

2024-03-21 03:44:51,487 Epoch 217/300, Train Loss: 0.095652, Val Loss: 0.102152  
	Train = MSE:0.095855 , RMSE:0.309605 , MAE:0.222593 , MAPD:1.154651, R_squared:0.998341  
	Validation = MSE:0.102207 , RMSE:0.319698 , MAE:0.230016 , MAPD:1.295125, R_squared:0.998161

2024-03-21 03:44:52,752 Epoch 218/300, Train Loss: 0.101160, Val Loss: 0.099283  
	Train = MSE:0.098457 , RMSE:0.313779 , MAE:0.223380 , MAPD:1.153224, R_squared:0.998296  
	Validation = MSE:0.099388 , RMSE:0.315259 , MAE:0.225045 , MAPD:1.263617, R_squared:0.998212

2024-03-21 03:44:53,759 Epoch 219/300, Train Loss: 0.111073, Val Loss: 0.122752  
	Train = MSE:0.112035 , RMSE:0.334716 , MAE:0.244439 , MAPD:1.252237, R_squared:0.998061  
	Validation = MSE:0.127796 , RMSE:0.357485 , MAE:0.254507 , MAPD:1.330853, R_squared:0.997700

2024-03-21 03:44:54,773 Epoch 220/300, Train Loss: 0.108879, Val Loss: 0.139962  
	Train = MSE:0.109637 , RMSE:0.331115 , MAE:0.238771 , MAPD:1.217450, R_squared:0.998102  
	Validation = MSE:0.145180 , RMSE:0.381025 , MAE:0.273398 , MAPD:1.396327, R_squared:0.997388

2024-03-21 03:44:55,803 Epoch 221/300, Train Loss: 0.114423, Val Loss: 0.116679  
	Train = MSE:0.114478 , RMSE:0.338346 , MAE:0.246708 , MAPD:1.257481, R_squared:0.998018  
	Validation = MSE:0.121293 , RMSE:0.348271 , MAE:0.246631 , MAPD:1.298889, R_squared:0.997817

2024-03-21 03:44:58,488 Epoch 222/300, Train Loss: 0.093319, Val Loss: 0.090261  
	Train = MSE:0.090694 , RMSE:0.301155 , MAE:0.214522 , MAPD:1.107598, R_squared:0.998430  
	Validation = MSE:0.091693 , RMSE:0.302808 , MAE:0.206517 , MAPD:1.137264, R_squared:0.998350

2024-03-21 03:44:59,650 Epoch 223/300, Train Loss: 0.084819, Val Loss: 0.091929  
	Train = MSE:0.084776 , RMSE:0.291163 , MAE:0.206645 , MAPD:1.078072, R_squared:0.998533  
	Validation = MSE:0.093338 , RMSE:0.305513 , MAE:0.211276 , MAPD:1.177896, R_squared:0.998320

2024-03-21 03:45:01,003 Epoch 224/300, Train Loss: 0.098804, Val Loss: 0.096232  
	Train = MSE:0.098119 , RMSE:0.313239 , MAE:0.227662 , MAPD:1.181426, R_squared:0.998302  
	Validation = MSE:0.099566 , RMSE:0.315541 , MAE:0.218407 , MAPD:1.174179, R_squared:0.998208

2024-03-21 03:45:02,149 Epoch 225/300, Train Loss: 0.101268, Val Loss: 0.096091  
	Train = MSE:0.099136 , RMSE:0.314859 , MAE:0.224983 , MAPD:1.155603, R_squared:0.998284  
	Validation = MSE:0.096321 , RMSE:0.310357 , MAE:0.215512 , MAPD:1.185378, R_squared:0.998267

2024-03-21 03:45:03,158 Epoch 226/300, Train Loss: 0.085937, Val Loss: 0.091847  
	Train = MSE:0.084650 , RMSE:0.290947 , MAE:0.206584 , MAPD:1.083541, R_squared:0.998535  
	Validation = MSE:0.092537 , RMSE:0.304200 , MAE:0.209535 , MAPD:1.152794, R_squared:0.998335

2024-03-21 03:45:04,166 Epoch 227/300, Train Loss: 0.086808, Val Loss: 0.099634  
	Train = MSE:0.085944 , RMSE:0.293163 , MAE:0.208254 , MAPD:1.088401, R_squared:0.998512  
	Validation = MSE:0.099385 , RMSE:0.315254 , MAE:0.219905 , MAPD:1.197590, R_squared:0.998212

2024-03-21 03:45:05,481 Epoch 228/300, Train Loss: 0.094304, Val Loss: 0.099228  
	Train = MSE:0.095018 , RMSE:0.308250 , MAE:0.221467 , MAPD:1.138411, R_squared:0.998355  
	Validation = MSE:0.103120 , RMSE:0.321123 , MAE:0.223797 , MAPD:1.200997, R_squared:0.998144

2024-03-21 03:45:06,498 Epoch 229/300, Train Loss: 0.092351, Val Loss: 0.091266  
	Train = MSE:0.092984 , RMSE:0.304934 , MAE:0.219283 , MAPD:1.136393, R_squared:0.998390  
	Validation = MSE:0.094556 , RMSE:0.307499 , MAE:0.210406 , MAPD:1.139608, R_squared:0.998299

2024-03-21 03:45:07,823 Epoch 230/300, Train Loss: 0.095990, Val Loss: 0.137435  
	Train = MSE:0.095789 , RMSE:0.309499 , MAE:0.225314 , MAPD:1.164872, R_squared:0.998342  
	Validation = MSE:0.142925 , RMSE:0.378054 , MAE:0.265977 , MAPD:1.340112, R_squared:0.997428

2024-03-21 03:45:08,989 Epoch 231/300, Train Loss: 0.145926, Val Loss: 0.087465  
	Train = MSE:0.147114 , RMSE:0.383555 , MAE:0.288072 , MAPD:1.445043, R_squared:0.997453  
	Validation = MSE:0.090166 , RMSE:0.300276 , MAE:0.202930 , MAPD:1.116756, R_squared:0.998378

2024-03-21 03:45:12,448 Epoch 232/300, Train Loss: 0.103258, Val Loss: 0.089637  
	Train = MSE:0.103081 , RMSE:0.321062 , MAE:0.229676 , MAPD:1.167795, R_squared:0.998216  
	Validation = MSE:0.090589 , RMSE:0.300979 , MAE:0.205138 , MAPD:1.123905, R_squared:0.998370

2024-03-21 03:45:13,524 Epoch 233/300, Train Loss: 0.102876, Val Loss: 0.087489  
	Train = MSE:0.104233 , RMSE:0.322851 , MAE:0.233206 , MAPD:1.180243, R_squared:0.998196  
	Validation = MSE:0.089145 , RMSE:0.298572 , MAE:0.203462 , MAPD:1.124717, R_squared:0.998396

2024-03-21 03:45:15,137 Epoch 234/300, Train Loss: 0.086718, Val Loss: 0.090546  
	Train = MSE:0.086444 , RMSE:0.294013 , MAE:0.208652 , MAPD:1.083989, R_squared:0.998504  
	Validation = MSE:0.093774 , RMSE:0.306225 , MAE:0.208660 , MAPD:1.123097, R_squared:0.998313

2024-03-21 03:45:17,049 Epoch 235/300, Train Loss: 0.113804, Val Loss: 0.088549  
	Train = MSE:0.112816 , RMSE:0.335881 , MAE:0.243772 , MAPD:1.235126, R_squared:0.998047  
	Validation = MSE:0.091327 , RMSE:0.302203 , MAE:0.205036 , MAPD:1.110907, R_squared:0.998357

2024-03-21 03:45:18,164 Epoch 236/300, Train Loss: 0.086773, Val Loss: 0.085768  
	Train = MSE:0.087772 , RMSE:0.296263 , MAE:0.210221 , MAPD:1.078237, R_squared:0.998481  
	Validation = MSE:0.087739 , RMSE:0.296208 , MAE:0.199789 , MAPD:1.090176, R_squared:0.998421

2024-03-21 03:45:20,751 Epoch 237/300, Train Loss: 0.081754, Val Loss: 0.085730  
	Train = MSE:0.082603 , RMSE:0.287408 , MAE:0.202425 , MAPD:1.048142, R_squared:0.998570  
	Validation = MSE:0.087676 , RMSE:0.296101 , MAE:0.199291 , MAPD:1.092661, R_squared:0.998422

2024-03-21 03:45:21,980 Epoch 238/300, Train Loss: 0.104556, Val Loss: 0.177190  
	Train = MSE:0.104424 , RMSE:0.323148 , MAE:0.231871 , MAPD:1.181890, R_squared:0.998192  
	Validation = MSE:0.184225 , RMSE:0.429214 , MAE:0.315092 , MAPD:1.572849, R_squared:0.996685

2024-03-21 03:45:23,486 Epoch 239/300, Train Loss: 0.103069, Val Loss: 0.087614  
	Train = MSE:0.104132 , RMSE:0.322694 , MAE:0.231318 , MAPD:1.171182, R_squared:0.998197  
	Validation = MSE:0.088527 , RMSE:0.297535 , MAE:0.204785 , MAPD:1.128404, R_squared:0.998407

2024-03-21 03:45:24,713 Epoch 240/300, Train Loss: 0.091576, Val Loss: 0.085396  
	Train = MSE:0.092223 , RMSE:0.303682 , MAE:0.218682 , MAPD:1.126298, R_squared:0.998404  
	Validation = MSE:0.087835 , RMSE:0.296369 , MAE:0.199621 , MAPD:1.084062, R_squared:0.998419

2024-03-21 03:45:26,013 Epoch 241/300, Train Loss: 0.085123, Val Loss: 0.126849  
	Train = MSE:0.083027 , RMSE:0.288144 , MAE:0.201972 , MAPD:1.039614, R_squared:0.998563  
	Validation = MSE:0.132293 , RMSE:0.363721 , MAE:0.252054 , MAPD:1.280552, R_squared:0.997620

2024-03-21 03:45:28,946 Epoch 242/300, Train Loss: 0.104977, Val Loss: 0.115031  
	Train = MSE:0.105896 , RMSE:0.325417 , MAE:0.239454 , MAPD:1.223017, R_squared:0.998167  
	Validation = MSE:0.120504 , RMSE:0.347136 , MAE:0.239389 , MAPD:1.237383, R_squared:0.997832

2024-03-21 03:45:30,739 Epoch 243/300, Train Loss: 0.104221, Val Loss: 0.117220  
	Train = MSE:0.104023 , RMSE:0.322527 , MAE:0.236188 , MAPD:1.201840, R_squared:0.998199  
	Validation = MSE:0.115438 , RMSE:0.339762 , MAE:0.236581 , MAPD:1.234624, R_squared:0.997923

2024-03-21 03:45:32,133 Epoch 244/300, Train Loss: 0.095336, Val Loss: 0.085935  
	Train = MSE:0.096540 , RMSE:0.310709 , MAE:0.219955 , MAPD:1.127932, R_squared:0.998329  
	Validation = MSE:0.087330 , RMSE:0.295516 , MAE:0.197574 , MAPD:1.079230, R_squared:0.998429

2024-03-21 03:45:33,461 Epoch 245/300, Train Loss: 0.087152, Val Loss: 0.100410  
	Train = MSE:0.085555 , RMSE:0.292498 , MAE:0.206023 , MAPD:1.057587, R_squared:0.998519  
	Validation = MSE:0.104471 , RMSE:0.323219 , MAE:0.218736 , MAPD:1.139112, R_squared:0.998120

2024-03-21 03:45:35,196 Epoch 246/300, Train Loss: 0.081270, Val Loss: 0.089078  
	Train = MSE:0.081483 , RMSE:0.285452 , MAE:0.205045 , MAPD:1.057090, R_squared:0.998590  
	Validation = MSE:0.093199 , RMSE:0.305286 , MAE:0.209195 , MAPD:1.123578, R_squared:0.998323

2024-03-21 03:45:37,669 Epoch 247/300, Train Loss: 0.108667, Val Loss: 0.135644  
	Train = MSE:0.101884 , RMSE:0.319192 , MAE:0.226570 , MAPD:1.150932, R_squared:0.998236  
	Validation = MSE:0.133044 , RMSE:0.364752 , MAE:0.276283 , MAPD:1.479619, R_squared:0.997606

2024-03-21 03:45:39,047 Epoch 248/300, Train Loss: 0.115816, Val Loss: 0.093792  
	Train = MSE:0.116017 , RMSE:0.340613 , MAE:0.247345 , MAPD:1.253542, R_squared:0.997992  
	Validation = MSE:0.094820 , RMSE:0.307928 , MAE:0.228058 , MAPD:1.288643, R_squared:0.998294

2024-03-21 03:45:40,095 Epoch 249/300, Train Loss: 0.093115, Val Loss: 0.118069  
	Train = MSE:0.092688 , RMSE:0.304447 , MAE:0.220965 , MAPD:1.149820, R_squared:0.998396  
	Validation = MSE:0.123246 , RMSE:0.351065 , MAE:0.238539 , MAPD:1.213081, R_squared:0.997782

2024-03-21 03:45:41,122 Epoch 250/300, Train Loss: 0.125168, Val Loss: 0.099019  
	Train = MSE:0.120625 , RMSE:0.347311 , MAE:0.255483 , MAPD:1.287038, R_squared:0.997912  
	Validation = MSE:0.098880 , RMSE:0.314452 , MAE:0.223473 , MAPD:1.221138, R_squared:0.998221

2024-03-21 03:45:42,324 Epoch 251/300, Train Loss: 0.130313, Val Loss: 0.083316  
	Train = MSE:0.132159 , RMSE:0.363536 , MAE:0.268489 , MAPD:1.355188, R_squared:0.997712  
	Validation = MSE:0.085300 , RMSE:0.292061 , MAE:0.194427 , MAPD:1.053079, R_squared:0.998465

2024-03-21 03:45:44,839 Epoch 252/300, Train Loss: 0.086285, Val Loss: 0.109100  
	Train = MSE:0.086547 , RMSE:0.294188 , MAE:0.210319 , MAPD:1.082596, R_squared:0.998502  
	Validation = MSE:0.114705 , RMSE:0.338681 , MAE:0.231660 , MAPD:1.201829, R_squared:0.997936

2024-03-21 03:45:45,935 Epoch 253/300, Train Loss: 0.096187, Val Loss: 0.107761  
	Train = MSE:0.095443 , RMSE:0.308939 , MAE:0.223081 , MAPD:1.138405, R_squared:0.998348  
	Validation = MSE:0.106650 , RMSE:0.326573 , MAE:0.227896 , MAPD:1.201658, R_squared:0.998081

2024-03-21 03:45:46,961 Epoch 254/300, Train Loss: 0.111108, Val Loss: 0.082523  
	Train = MSE:0.111032 , RMSE:0.333215 , MAE:0.243882 , MAPD:1.232803, R_squared:0.998078  
	Validation = MSE:0.084139 , RMSE:0.290067 , MAE:0.199232 , MAPD:1.095353, R_squared:0.998486

2024-03-21 03:45:48,062 Epoch 255/300, Train Loss: 0.090753, Val Loss: 0.093154  
	Train = MSE:0.092004 , RMSE:0.303321 , MAE:0.217643 , MAPD:1.119108, R_squared:0.998407  
	Validation = MSE:0.097457 , RMSE:0.312181 , MAE:0.210714 , MAPD:1.107816, R_squared:0.998246

2024-03-21 03:45:49,411 Epoch 256/300, Train Loss: 0.090131, Val Loss: 0.082610  
	Train = MSE:0.089171 , RMSE:0.298616 , MAE:0.212143 , MAPD:1.087063, R_squared:0.998456  
	Validation = MSE:0.084490 , RMSE:0.290671 , MAE:0.198166 , MAPD:1.092437, R_squared:0.998480

2024-03-21 03:45:50,791 Epoch 257/300, Train Loss: 0.084988, Val Loss: 0.129935  
	Train = MSE:0.084638 , RMSE:0.290925 , MAE:0.205150 , MAPD:1.056277, R_squared:0.998535  
	Validation = MSE:0.135149 , RMSE:0.367627 , MAE:0.254250 , MAPD:1.279955, R_squared:0.997568

2024-03-21 03:45:51,995 Epoch 258/300, Train Loss: 0.110754, Val Loss: 0.329871  
	Train = MSE:0.108327 , RMSE:0.329131 , MAE:0.238568 , MAPD:1.199565, R_squared:0.998125  
	Validation = MSE:0.320240 , RMSE:0.565898 , MAE:0.480469 , MAPD:2.458535, R_squared:0.994238

2024-03-21 03:45:53,158 Epoch 259/300, Train Loss: 0.191912, Val Loss: 0.113790  
	Train = MSE:0.196790 , RMSE:0.443610 , MAE:0.337123 , MAPD:1.678312, R_squared:0.996594  
	Validation = MSE:0.119370 , RMSE:0.345500 , MAE:0.239798 , MAPD:1.238953, R_squared:0.997852

2024-03-21 03:45:54,221 Epoch 260/300, Train Loss: 0.131131, Val Loss: 0.085467  
	Train = MSE:0.131903 , RMSE:0.363184 , MAE:0.268619 , MAPD:1.344652, R_squared:0.997717  
	Validation = MSE:0.086408 , RMSE:0.293953 , MAE:0.200770 , MAPD:1.095482, R_squared:0.998445

2024-03-21 03:45:55,488 Epoch 261/300, Train Loss: 0.095628, Val Loss: 0.086574  
	Train = MSE:0.097245 , RMSE:0.311842 , MAE:0.224804 , MAPD:1.139496, R_squared:0.998317  
	Validation = MSE:0.090780 , RMSE:0.301296 , MAE:0.205043 , MAPD:1.102099, R_squared:0.998367

2024-03-21 03:45:58,351 Epoch 262/300, Train Loss: 0.122968, Val Loss: 0.080391  
	Train = MSE:0.121280 , RMSE:0.348253 , MAE:0.253584 , MAPD:1.277710, R_squared:0.997901  
	Validation = MSE:0.082445 , RMSE:0.287133 , MAE:0.197455 , MAPD:1.084848, R_squared:0.998516

2024-03-21 03:45:59,497 Epoch 263/300, Train Loss: 0.128840, Val Loss: 0.082802  
	Train = MSE:0.129012 , RMSE:0.359182 , MAE:0.268083 , MAPD:1.351090, R_squared:0.997767  
	Validation = MSE:0.086152 , RMSE:0.293517 , MAE:0.198610 , MAPD:1.074038, R_squared:0.998450

2024-03-21 03:46:00,518 Epoch 264/300, Train Loss: 0.170062, Val Loss: 0.214755  
	Train = MSE:0.164852 , RMSE:0.406019 , MAE:0.307776 , MAPD:1.538398, R_squared:0.997146  
	Validation = MSE:0.222379 , RMSE:0.471571 , MAE:0.355510 , MAPD:1.740324, R_squared:0.995999

2024-03-21 03:46:01,544 Epoch 265/300, Train Loss: 0.249428, Val Loss: 0.151442  
	Train = MSE:0.245576 , RMSE:0.495556 , MAE:0.384864 , MAPD:1.891354, R_squared:0.995749  
	Validation = MSE:0.148932 , RMSE:0.385917 , MAE:0.313770 , MAPD:1.739769, R_squared:0.997320

2024-03-21 03:46:03,006 Epoch 266/300, Train Loss: 0.125054, Val Loss: 0.079414  
	Train = MSE:0.127035 , RMSE:0.356419 , MAE:0.267578 , MAPD:1.366511, R_squared:0.997801  
	Validation = MSE:0.081457 , RMSE:0.285406 , MAE:0.195825 , MAPD:1.078082, R_squared:0.998534

2024-03-21 03:46:04,614 Epoch 267/300, Train Loss: 0.106818, Val Loss: 0.114301  
	Train = MSE:0.105310 , RMSE:0.324515 , MAE:0.236291 , MAPD:1.193884, R_squared:0.998177  
	Validation = MSE:0.112663 , RMSE:0.335653 , MAE:0.241769 , MAPD:1.276026, R_squared:0.997973

2024-03-21 03:46:05,662 Epoch 268/300, Train Loss: 0.166178, Val Loss: 0.452579  
	Train = MSE:0.168075 , RMSE:0.409969 , MAE:0.308550 , MAPD:1.523335, R_squared:0.997091  
	Validation = MSE:0.461932 , RMSE:0.679656 , MAE:0.602611 , MAPD:3.100137, R_squared:0.991688

2024-03-21 03:46:06,735 Epoch 269/300, Train Loss: 0.150524, Val Loss: 0.105730  
	Train = MSE:0.153195 , RMSE:0.391401 , MAE:0.294462 , MAPD:1.491848, R_squared:0.997348  
	Validation = MSE:0.105677 , RMSE:0.325080 , MAE:0.251283 , MAPD:1.433110, R_squared:0.998098

2024-03-21 03:46:07,987 Epoch 270/300, Train Loss: 0.114816, Val Loss: 0.081673  
	Train = MSE:0.115715 , RMSE:0.340169 , MAE:0.255028 , MAPD:1.307673, R_squared:0.997997  
	Validation = MSE:0.084937 , RMSE:0.291439 , MAE:0.196524 , MAPD:1.060468, R_squared:0.998472

2024-03-21 03:46:09,361 Epoch 271/300, Train Loss: 0.148633, Val Loss: 0.090746  
	Train = MSE:0.150082 , RMSE:0.387404 , MAE:0.293410 , MAPD:1.475428, R_squared:0.997402  
	Validation = MSE:0.094503 , RMSE:0.307413 , MAE:0.214869 , MAPD:1.152997, R_squared:0.998300

2024-03-21 03:46:13,504 Epoch 272/300, Train Loss: 0.098982, Val Loss: 0.079528  
	Train = MSE:0.100178 , RMSE:0.316510 , MAE:0.233220 , MAPD:1.192839, R_squared:0.998266  
	Validation = MSE:0.081238 , RMSE:0.285022 , MAE:0.194157 , MAPD:1.065504, R_squared:0.998538

2024-03-21 03:46:14,535 Epoch 273/300, Train Loss: 0.074623, Val Loss: 0.095366  
	Train = MSE:0.074191 , RMSE:0.272381 , MAE:0.189559 , MAPD:0.977470, R_squared:0.998716  
	Validation = MSE:0.100332 , RMSE:0.316753 , MAE:0.217624 , MAPD:1.149694, R_squared:0.998195

2024-03-21 03:46:15,551 Epoch 274/300, Train Loss: 0.081770, Val Loss: 0.086210  
	Train = MSE:0.083093 , RMSE:0.288259 , MAE:0.204444 , MAPD:1.047188, R_squared:0.998562  
	Validation = MSE:0.086582 , RMSE:0.294248 , MAE:0.205988 , MAPD:1.125153, R_squared:0.998442

2024-03-21 03:46:16,798 Epoch 275/300, Train Loss: 0.121497, Val Loss: 0.077737  
	Train = MSE:0.122357 , RMSE:0.349795 , MAE:0.259606 , MAPD:1.295891, R_squared:0.997882  
	Validation = MSE:0.079864 , RMSE:0.282603 , MAE:0.188542 , MAPD:1.030439, R_squared:0.998563

2024-03-21 03:46:18,247 Epoch 276/300, Train Loss: 0.084936, Val Loss: 0.109880  
	Train = MSE:0.085068 , RMSE:0.291664 , MAE:0.205643 , MAPD:1.049137, R_squared:0.998527  
	Validation = MSE:0.114969 , RMSE:0.339071 , MAE:0.231263 , MAPD:1.186888, R_squared:0.997931

2024-03-21 03:46:19,291 Epoch 277/300, Train Loss: 0.083215, Val Loss: 0.161030  
	Train = MSE:0.082444 , RMSE:0.287130 , MAE:0.203769 , MAPD:1.036912, R_squared:0.998573  
	Validation = MSE:0.168204 , RMSE:0.410127 , MAE:0.302956 , MAPD:1.529316, R_squared:0.996973

2024-03-21 03:46:20,496 Epoch 278/300, Train Loss: 0.117628, Val Loss: 0.083773  
	Train = MSE:0.118201 , RMSE:0.343804 , MAE:0.253255 , MAPD:1.269102, R_squared:0.997954  
	Validation = MSE:0.084456 , RMSE:0.290614 , MAE:0.214557 , MAPD:1.198350, R_squared:0.998480

2024-03-21 03:46:21,949 Epoch 279/300, Train Loss: 0.113190, Val Loss: 0.076184  
	Train = MSE:0.115429 , RMSE:0.339749 , MAE:0.249488 , MAPD:1.252403, R_squared:0.998002  
	Validation = MSE:0.078841 , RMSE:0.280787 , MAE:0.187579 , MAPD:1.022867, R_squared:0.998581

2024-03-21 03:46:23,266 Epoch 280/300, Train Loss: 0.083343, Val Loss: 0.075779  
	Train = MSE:0.082811 , RMSE:0.287769 , MAE:0.202359 , MAPD:1.033355, R_squared:0.998567  
	Validation = MSE:0.078010 , RMSE:0.279302 , MAE:0.184027 , MAPD:0.994872, R_squared:0.998596

2024-03-21 03:46:24,594 Epoch 281/300, Train Loss: 0.250040, Val Loss: 0.354528  
	Train = MSE:0.257798 , RMSE:0.507739 , MAE:0.393694 , MAPD:1.961907, R_squared:0.995537  
	Validation = MSE:0.364429 , RMSE:0.603680 , MAE:0.525903 , MAPD:2.706898, R_squared:0.993442

2024-03-21 03:46:27,141 Epoch 282/300, Train Loss: 0.297997, Val Loss: 0.205067  
	Train = MSE:0.300995 , RMSE:0.548630 , MAE:0.435159 , MAPD:2.160503, R_squared:0.994790  
	Validation = MSE:0.212598 , RMSE:0.461083 , MAE:0.321703 , MAPD:1.499656, R_squared:0.996175

2024-03-21 03:46:28,132 Epoch 283/300, Train Loss: 0.189663, Val Loss: 0.086573  
	Train = MSE:0.193348 , RMSE:0.439714 , MAE:0.328729 , MAPD:1.638636, R_squared:0.996653  
	Validation = MSE:0.087168 , RMSE:0.295242 , MAE:0.210661 , MAPD:1.165208, R_squared:0.998431

2024-03-21 03:46:29,192 Epoch 284/300, Train Loss: 0.084952, Val Loss: 0.076101  
	Train = MSE:0.085055 , RMSE:0.291642 , MAE:0.209860 , MAPD:1.074776, R_squared:0.998528  
	Validation = MSE:0.077597 , RMSE:0.278562 , MAE:0.191755 , MAPD:1.050831, R_squared:0.998604

2024-03-21 03:46:30,256 Epoch 285/300, Train Loss: 0.080103, Val Loss: 0.073166  
	Train = MSE:0.080829 , RMSE:0.284304 , MAE:0.202093 , MAPD:1.038688, R_squared:0.998601  
	Validation = MSE:0.075636 , RMSE:0.275020 , MAE:0.181495 , MAPD:0.979919, R_squared:0.998639

2024-03-21 03:46:31,556 Epoch 286/300, Train Loss: 0.076434, Val Loss: 0.082351  
	Train = MSE:0.076813 , RMSE:0.277152 , MAE:0.195699 , MAPD:1.001446, R_squared:0.998670  
	Validation = MSE:0.086507 , RMSE:0.294121 , MAE:0.193927 , MAPD:1.018600, R_squared:0.998443

2024-03-21 03:46:32,710 Epoch 287/300, Train Loss: 0.106126, Val Loss: 0.087009  
	Train = MSE:0.108375 , RMSE:0.329203 , MAE:0.236252 , MAPD:1.182909, R_squared:0.998124  
	Validation = MSE:0.087221 , RMSE:0.295333 , MAE:0.212350 , MAPD:1.160292, R_squared:0.998431

2024-03-21 03:46:33,901 Epoch 288/300, Train Loss: 0.094080, Val Loss: 0.125211  
	Train = MSE:0.093407 , RMSE:0.305625 , MAE:0.217687 , MAPD:1.101656, R_squared:0.998383  
	Validation = MSE:0.131125 , RMSE:0.362112 , MAE:0.245496 , MAPD:1.217564, R_squared:0.997641

2024-03-21 03:46:34,932 Epoch 289/300, Train Loss: 0.110514, Val Loss: 0.151470  
	Train = MSE:0.111675 , RMSE:0.334179 , MAE:0.243590 , MAPD:1.221116, R_squared:0.998067  
	Validation = MSE:0.158377 , RMSE:0.397966 , MAE:0.304299 , MAPD:1.591411, R_squared:0.997150

2024-03-21 03:46:36,084 Epoch 290/300, Train Loss: 0.101235, Val Loss: 0.166156  
	Train = MSE:0.102325 , RMSE:0.319884 , MAE:0.231122 , MAPD:1.169161, R_squared:0.998229  
	Validation = MSE:0.172111 , RMSE:0.414862 , MAE:0.296725 , MAPD:1.434767, R_squared:0.996903

2024-03-21 03:46:37,441 Epoch 291/300, Train Loss: 0.252985, Val Loss: 0.112789  
	Train = MSE:0.260134 , RMSE:0.510034 , MAE:0.403489 , MAPD:1.994692, R_squared:0.995497  
	Validation = MSE:0.118850 , RMSE:0.344746 , MAE:0.240816 , MAPD:1.257384, R_squared:0.997861

2024-03-21 03:46:40,534 Epoch 292/300, Train Loss: 0.111054, Val Loss: 0.282753  
	Train = MSE:0.111791 , RMSE:0.334352 , MAE:0.246793 , MAPD:1.253108, R_squared:0.998065  
	Validation = MSE:0.290680 , RMSE:0.539147 , MAE:0.444950 , MAPD:2.235355, R_squared:0.994769

2024-03-21 03:46:41,831 Epoch 293/300, Train Loss: 0.114616, Val Loss: 0.076888  
	Train = MSE:0.116769 , RMSE:0.341714 , MAE:0.249579 , MAPD:1.259014, R_squared:0.997979  
	Validation = MSE:0.080136 , RMSE:0.283083 , MAE:0.187050 , MAPD:1.000148, R_squared:0.998558

2024-03-21 03:46:42,921 Epoch 294/300, Train Loss: 0.070701, Val Loss: 0.085769  
	Train = MSE:0.069420 , RMSE:0.263476 , MAE:0.184312 , MAPD:0.946782, R_squared:0.998798  
	Validation = MSE:0.090487 , RMSE:0.300811 , MAE:0.198456 , MAPD:1.037207, R_squared:0.998372

2024-03-21 03:46:44,942 Epoch 295/300, Train Loss: 0.107247, Val Loss: 0.116613  
	Train = MSE:0.108843 , RMSE:0.329914 , MAE:0.246239 , MAPD:1.251775, R_squared:0.998116  
	Validation = MSE:0.121626 , RMSE:0.348749 , MAE:0.255824 , MAPD:1.351298, R_squared:0.997811

2024-03-21 03:46:47,056 Epoch 296/300, Train Loss: 0.381008, Val Loss: 0.175894  
	Train = MSE:0.373878 , RMSE:0.611456 , MAE:0.495699 , MAPD:2.442224, R_squared:0.993528  
	Validation = MSE:0.171390 , RMSE:0.413992 , MAE:0.335898 , MAPD:1.764957, R_squared:0.996916

2024-03-21 03:46:48,432 Epoch 297/300, Train Loss: 0.160137, Val Loss: 0.101335  
	Train = MSE:0.155466 , RMSE:0.394292 , MAE:0.300224 , MAPD:1.508195, R_squared:0.997309  
	Validation = MSE:0.101159 , RMSE:0.318055 , MAE:0.235223 , MAPD:1.286171, R_squared:0.998180

2024-03-21 03:46:49,740 Epoch 298/300, Train Loss: 0.092130, Val Loss: 0.083993  
	Train = MSE:0.093168 , RMSE:0.305234 , MAE:0.220451 , MAPD:1.112554, R_squared:0.998387  
	Validation = MSE:0.084720 , RMSE:0.291067 , MAE:0.203003 , MAPD:1.103027, R_squared:0.998476

2024-03-21 03:46:51,052 Epoch 299/300, Train Loss: 0.093026, Val Loss: 0.079697  
	Train = MSE:0.093838 , RMSE:0.306329 , MAE:0.219799 , MAPD:1.112710, R_squared:0.998376  
	Validation = MSE:0.083278 , RMSE:0.288579 , MAE:0.193787 , MAPD:1.027831, R_squared:0.998501

2024-03-21 03:46:52,276 Epoch 300/300, Train Loss: 0.075639, Val Loss: 0.121535  
	Train = MSE:0.075886 , RMSE:0.275474 , MAE:0.195290 , MAPD:0.999003, R_squared:0.998686  
	Validation = MSE:0.127162 , RMSE:0.356597 , MAE:0.245050 , MAPD:1.216166, R_squared:0.997712

2024-03-21 03:46:52,287 Time for training the model: 437.543587
2024-03-21 03:46:53,647 MSE for train: 0.105036
2024-03-21 03:46:53,647 RMSE for train: 0.324092
2024-03-21 03:46:53,647 MAE for train: 0.232775
2024-03-21 03:46:53,647 MAPD for train: 1.112167
2024-03-21 03:46:53,647 R^2 Score for train: 0.998182
2024-03-21 03:46:53,656 Inference time for train dataset: 0.413999

2024-03-21 03:46:53,747 MSE for val: 0.127162
2024-03-21 03:46:53,747 RMSE for val: 0.356597
2024-03-21 03:46:53,747 MAE for val: 0.245050
2024-03-21 03:46:53,747 MAPD for val: 1.216166
2024-03-21 03:46:53,747 R^2 Score for val: 0.997712
2024-03-21 03:46:53,754 Inference time for val dataset: 0.090998

2024-03-21 03:46:53,831 MSE for test: 0.111064
2024-03-21 03:46:53,832 RMSE for test: 0.333263
2024-03-21 03:46:53,832 MAE for test: 0.244361
2024-03-21 03:46:53,832 MAPD for test: 1.117648
2024-03-21 03:46:53,832 R^2 Score for test: 0.998167
2024-03-21 03:46:53,835 Inference time for test dataset: 0.078000

2024-03-21 03:46:55,909 Train label average: , [20.62097221]
2024-03-21 03:46:55,909 Test label average: , [21.41736175]
2024-03-21 03:46:55,909 validation label average: , [20.14607025]
2024-03-21 03:46:55,910 predicted (on validation dataset) values average: , 21.2245166015625
