2024-03-21 05:28:27,204 train batches in dataset: 7
2024-03-21 05:28:27,205 val batches in dataset: 1
2024-03-21 05:28:27,205 test batches in dataset: 1
2024-03-21 05:28:27,221 Trainable parameter: net_core.0.weight - size: torch.Size([256, 35])
2024-03-21 05:28:27,229 Trainable parameter: net_core.0.bias - size: torch.Size([256])
2024-03-21 05:28:27,233 Trainable parameter: net_core.1.weight - size: torch.Size([128, 256])
2024-03-21 05:28:27,238 Trainable parameter: net_core.1.bias - size: torch.Size([128])
2024-03-21 05:28:27,244 Trainable parameter: net_core.2.weight - size: torch.Size([64, 128])
2024-03-21 05:28:27,249 Trainable parameter: net_core.2.bias - size: torch.Size([64])
2024-03-21 05:28:27,254 Trainable parameter: net_core.3.weight - size: torch.Size([16, 64])
2024-03-21 05:28:27,255 Trainable parameter: net_core.3.bias - size: torch.Size([16])
2024-03-21 05:28:27,255 Trainable parameter: net_core.4.weight - size: torch.Size([1, 16])
2024-03-21 05:28:27,255 Trainable parameter: net_core.4.bias - size: torch.Size([1])
2024-03-21 05:28:27,256 Number of trainable parameters: 51425
2024-03-21 05:28:27,256 Number of non-trainable parameters: 0
2024-03-21 05:28:28,915 Epoch 1/300, Train Loss: 440.304792, Val Loss: 351.508606  
	Train = MSE:446.261383 , RMSE:21.124899 , MAE:19.699203 , MAPD:95.039681, R_squared:-6.724860  
	Validation = MSE:351.508606 , RMSE:18.748562 , MAE:17.213709 , MAPD:83.536654, R_squared:-5.325061

2024-03-21 05:28:30,883 Epoch 2/300, Train Loss: 343.302159, Val Loss: 279.041901  
	Train = MSE:343.074005 , RMSE:18.522257 , MAE:16.902901 , MAPD:79.551312, R_squared:-4.938670  
	Validation = MSE:279.041901 , RMSE:16.704548 , MAE:14.982391 , MAPD:71.047694, R_squared:-4.021092

2024-03-21 05:28:31,562 Epoch 3/300, Train Loss: 257.690805, Val Loss: 184.134125  
	Train = MSE:259.691803 , RMSE:16.114956 , MAE:14.247312 , MAPD:65.043732, R_squared:-3.495310  
	Validation = MSE:184.134125 , RMSE:13.569603 , MAE:11.448864 , MAPD:51.335679, R_squared:-2.313317

2024-03-21 05:28:32,071 Epoch 4/300, Train Loss: 151.350148, Val Loss: 86.376648  
	Train = MSE:156.645065 , RMSE:12.515793 , MAE:10.166909 , MAPD:43.288079, R_squared:-1.711553  
	Validation = MSE:86.376648 , RMSE:9.293903 , MAE:6.783724 , MAPD:28.223856, R_squared:-0.554265

2024-03-21 05:28:32,603 Epoch 5/300, Train Loss: 64.380887, Val Loss: 45.184902  
	Train = MSE:67.236938 , RMSE:8.199813 , MAE:6.029979 , MAPD:26.753686, R_squared:-0.163883  
	Validation = MSE:45.184902 , RMSE:6.721972 , MAE:5.748343 , MAPD:32.958839, R_squared:0.186941

2024-03-21 05:28:33,348 Epoch 6/300, Train Loss: 52.266632, Val Loss: 61.890781  
	Train = MSE:52.286339 , RMSE:7.230929 , MAE:6.363349 , MAPD:38.219103, R_squared:0.094915  
	Validation = MSE:61.890778 , RMSE:7.867069 , MAE:7.069164 , MAPD:44.991034, R_squared:-0.113665

2024-03-21 05:28:33,910 Epoch 7/300, Train Loss: 51.998474, Val Loss: 42.157860  
	Train = MSE:53.016403 , RMSE:7.281236 , MAE:6.477399 , MAPD:39.940324, R_squared:0.082277  
	Validation = MSE:42.157860 , RMSE:6.492908 , MAE:5.696025 , MAPD:33.949847, R_squared:0.241410

2024-03-21 05:28:34,442 Epoch 8/300, Train Loss: 39.833432, Val Loss: 37.430210  
	Train = MSE:40.154217 , RMSE:6.336736 , MAE:5.301368 , MAPD:29.315513, R_squared:0.304924  
	Validation = MSE:37.430206 , RMSE:6.118023 , MAE:4.875597 , MAPD:25.895741, R_squared:0.326479

2024-03-21 05:28:34,979 Epoch 9/300, Train Loss: 38.427926, Val Loss: 33.831219  
	Train = MSE:38.251781 , RMSE:6.184803 , MAE:4.862725 , MAPD:24.904502, R_squared:0.337855  
	Validation = MSE:33.831223 , RMSE:5.816462 , MAE:4.699053 , MAPD:25.361552, R_squared:0.391240

2024-03-21 05:28:35,500 Epoch 10/300, Train Loss: 32.910194, Val Loss: 30.368435  
	Train = MSE:33.420795 , RMSE:5.781072 , MAE:4.738423 , MAPD:25.613194, R_squared:0.421480  
	Validation = MSE:30.368433 , RMSE:5.510756 , MAE:4.741970 , MAPD:27.644856, R_squared:0.453549

2024-03-21 05:28:36,046 Epoch 11/300, Train Loss: 29.361202, Val Loss: 27.612438  
	Train = MSE:29.648977 , RMSE:5.445087 , MAE:4.679448 , MAPD:26.953448, R_squared:0.486771  
	Validation = MSE:27.612438 , RMSE:5.254754 , MAE:4.578221 , MAPD:27.312794, R_squared:0.503141

2024-03-21 05:28:38,068 Epoch 12/300, Train Loss: 25.819004, Val Loss: 23.679262  
	Train = MSE:26.225935 , RMSE:5.121126 , MAE:4.393028 , MAPD:25.394685, R_squared:0.546025  
	Validation = MSE:23.679262 , RMSE:4.866134 , MAE:4.171945 , MAPD:24.417598, R_squared:0.573914

2024-03-21 05:28:38,646 Epoch 13/300, Train Loss: 22.683796, Val Loss: 20.366070  
	Train = MSE:22.741365 , RMSE:4.768791 , MAE:4.018665 , MAPD:22.759969, R_squared:0.606343  
	Validation = MSE:20.366070 , RMSE:4.512878 , MAE:3.829484 , MAPD:22.273841, R_squared:0.633532

2024-03-21 05:28:39,168 Epoch 14/300, Train Loss: 19.368525, Val Loss: 17.382692  
	Train = MSE:19.453480 , RMSE:4.410610 , MAE:3.716521 , MAPD:21.234997, R_squared:0.663257  
	Validation = MSE:17.382692 , RMSE:4.169256 , MAE:3.573433 , MAPD:21.329151, R_squared:0.687215

2024-03-21 05:28:39,710 Epoch 15/300, Train Loss: 16.066522, Val Loss: 14.513140  
	Train = MSE:16.408169 , RMSE:4.050700 , MAE:3.435340 , MAPD:20.201236, R_squared:0.715972  
	Validation = MSE:14.513140 , RMSE:3.809612 , MAE:3.263700 , MAPD:19.867428, R_squared:0.738850

2024-03-21 05:28:40,210 Epoch 16/300, Train Loss: 13.633853, Val Loss: 11.743941  
	Train = MSE:13.484222 , RMSE:3.672087 , MAE:3.097896 , MAPD:18.456402, R_squared:0.766586  
	Validation = MSE:11.743943 , RMSE:3.426944 , MAE:2.896181 , MAPD:17.639188, R_squared:0.788679

2024-03-21 05:28:40,703 Epoch 17/300, Train Loss: 11.118266, Val Loss: 9.366895  
	Train = MSE:10.922865 , RMSE:3.304976 , MAE:2.742521 , MAPD:16.263092, R_squared:0.810923  
	Validation = MSE:9.366895 , RMSE:3.060538 , MAE:2.550547 , MAPD:15.616527, R_squared:0.831452

2024-03-21 05:28:41,191 Epoch 18/300, Train Loss: 8.619227, Val Loss: 7.463263  
	Train = MSE:8.657601 , RMSE:2.942380 , MAE:2.410671 , MAPD:14.641359, R_squared:0.850135  
	Validation = MSE:7.463262 , RMSE:2.731897 , MAE:2.237605 , MAPD:14.193695, R_squared:0.865706

2024-03-21 05:28:41,685 Epoch 19/300, Train Loss: 6.665054, Val Loss: 5.850817  
	Train = MSE:6.828310 , RMSE:2.613104 , MAE:2.109522 , MAPD:13.088483, R_squared:0.881801  
	Validation = MSE:5.850817 , RMSE:2.418846 , MAE:1.946989 , MAPD:12.340449, R_squared:0.894720

2024-03-21 05:28:42,264 Epoch 20/300, Train Loss: 5.389636, Val Loss: 4.691709  
	Train = MSE:5.402305 , RMSE:2.324286 , MAE:1.850825 , MAPD:11.473881, R_squared:0.906485  
	Validation = MSE:4.691709 , RMSE:2.166035 , MAE:1.721425 , MAPD:10.952160, R_squared:0.915577

2024-03-21 05:28:42,933 Epoch 21/300, Train Loss: 4.327136, Val Loss: 3.882608  
	Train = MSE:4.373371 , RMSE:2.091260 , MAE:1.645708 , MAPD:10.312938, R_squared:0.924296  
	Validation = MSE:3.882607 , RMSE:1.970433 , MAE:1.550325 , MAPD:9.878819, R_squared:0.930136

2024-03-21 05:28:44,821 Epoch 22/300, Train Loss: 3.695495, Val Loss: 3.307906  
	Train = MSE:3.669172 , RMSE:1.915508 , MAE:1.505915 , MAPD:9.354106, R_squared:0.936486  
	Validation = MSE:3.307906 , RMSE:1.818765 , MAE:1.427736 , MAPD:8.895626, R_squared:0.940477

2024-03-21 05:28:45,334 Epoch 23/300, Train Loss: 3.187161, Val Loss: 2.939151  
	Train = MSE:3.192068 , RMSE:1.786636 , MAE:1.415000 , MAPD:8.581741, R_squared:0.944745  
	Validation = MSE:2.939151 , RMSE:1.714395 , MAE:1.351320 , MAPD:8.251003, R_squared:0.947113

2024-03-21 05:28:45,867 Epoch 24/300, Train Loss: 2.874100, Val Loss: 2.686755  
	Train = MSE:2.873353 , RMSE:1.695097 , MAE:1.352081 , MAPD:8.061990, R_squared:0.950262  
	Validation = MSE:2.686755 , RMSE:1.639132 , MAE:1.295688 , MAPD:7.799426, R_squared:0.951654

2024-03-21 05:28:46,433 Epoch 25/300, Train Loss: 2.639706, Val Loss: 2.500634  
	Train = MSE:2.646248 , RMSE:1.626729 , MAE:1.299881 , MAPD:7.682866, R_squared:0.954193  
	Validation = MSE:2.500634 , RMSE:1.581339 , MAE:1.251370 , MAPD:7.463682, R_squared:0.955003

2024-03-21 05:28:46,954 Epoch 26/300, Train Loss: 2.485539, Val Loss: 2.345648  
	Train = MSE:2.475435 , RMSE:1.573352 , MAE:1.263452 , MAPD:7.378628, R_squared:0.957150  
	Validation = MSE:2.345648 , RMSE:1.531551 , MAE:1.221271 , MAPD:7.183491, R_squared:0.957792

2024-03-21 05:28:47,543 Epoch 27/300, Train Loss: 2.325755, Val Loss: 2.217212  
	Train = MSE:2.337991 , RMSE:1.529049 , MAE:1.230334 , MAPD:7.141102, R_squared:0.959529  
	Validation = MSE:2.217212 , RMSE:1.489031 , MAE:1.188473 , MAPD:6.971752, R_squared:0.960103

2024-03-21 05:28:48,283 Epoch 28/300, Train Loss: 2.206025, Val Loss: 2.104413  
	Train = MSE:2.216775 , RMSE:1.488884 , MAE:1.205281 , MAPD:6.938525, R_squared:0.961627  
	Validation = MSE:2.104413 , RMSE:1.450659 , MAE:1.164907 , MAPD:6.790764, R_squared:0.962133

2024-03-21 05:28:49,082 Epoch 29/300, Train Loss: 2.078387, Val Loss: 2.005902  
	Train = MSE:2.110390 , RMSE:1.452718 , MAE:1.177142 , MAPD:6.777989, R_squared:0.963469  
	Validation = MSE:2.005902 , RMSE:1.416299 , MAE:1.133581 , MAPD:6.642605, R_squared:0.963906

2024-03-21 05:28:49,621 Epoch 30/300, Train Loss: 2.009072, Val Loss: 1.913820  
	Train = MSE:2.017095 , RMSE:1.420245 , MAE:1.150656 , MAPD:6.628036, R_squared:0.965084  
	Validation = MSE:1.913820 , RMSE:1.383409 , MAE:1.116071 , MAPD:6.473779, R_squared:0.965563

2024-03-21 05:28:50,121 Epoch 31/300, Train Loss: 1.933400, Val Loss: 1.829709  
	Train = MSE:1.931983 , RMSE:1.389958 , MAE:1.133551 , MAPD:6.470317, R_squared:0.966557  
	Validation = MSE:1.829709 , RMSE:1.352667 , MAE:1.091094 , MAPD:6.329236, R_squared:0.967076

2024-03-21 05:28:51,774 Epoch 32/300, Train Loss: 1.832158, Val Loss: 1.754329  
	Train = MSE:1.852430 , RMSE:1.361040 , MAE:1.106330 , MAPD:6.337038, R_squared:0.967934  
	Validation = MSE:1.754329 , RMSE:1.324511 , MAE:1.069638 , MAPD:6.200834, R_squared:0.968433

2024-03-21 05:28:52,263 Epoch 33/300, Train Loss: 1.788852, Val Loss: 1.686675  
	Train = MSE:1.779585 , RMSE:1.334011 , MAE:1.088718 , MAPD:6.210217, R_squared:0.969195  
	Validation = MSE:1.686674 , RMSE:1.298720 , MAE:1.054207 , MAPD:6.082597, R_squared:0.969650

2024-03-21 05:28:52,753 Epoch 34/300, Train Loss: 1.713135, Val Loss: 1.619432  
	Train = MSE:1.714420 , RMSE:1.309359 , MAE:1.070514 , MAPD:6.100675, R_squared:0.970323  
	Validation = MSE:1.619432 , RMSE:1.272569 , MAE:1.031900 , MAPD:5.973432, R_squared:0.970860

2024-03-21 05:28:53,236 Epoch 35/300, Train Loss: 1.683135, Val Loss: 1.557124  
	Train = MSE:1.650711 , RMSE:1.284800 , MAE:1.051844 , MAPD:5.994643, R_squared:0.971426  
	Validation = MSE:1.557124 , RMSE:1.247848 , MAE:1.014349 , MAPD:5.857035, R_squared:0.971981

2024-03-21 05:28:53,731 Epoch 36/300, Train Loss: 1.585962, Val Loss: 1.497014  
	Train = MSE:1.593105 , RMSE:1.262183 , MAE:1.035073 , MAPD:5.885685, R_squared:0.972423  
	Validation = MSE:1.497014 , RMSE:1.223525 , MAE:0.993135 , MAPD:5.744330, R_squared:0.973063

2024-03-21 05:28:54,246 Epoch 37/300, Train Loss: 1.580012, Val Loss: 1.444571  
	Train = MSE:1.537291 , RMSE:1.239876 , MAE:1.017521 , MAPD:5.773954, R_squared:0.973389  
	Validation = MSE:1.444571 , RMSE:1.201903 , MAE:0.979143 , MAPD:5.630643, R_squared:0.974006

2024-03-21 05:28:54,955 Epoch 38/300, Train Loss: 1.467056, Val Loss: 1.390861  
	Train = MSE:1.484441 , RMSE:1.218376 , MAE:1.000696 , MAPD:5.667119, R_squared:0.974304  
	Validation = MSE:1.390861 , RMSE:1.179348 , MAE:0.959566 , MAPD:5.526149, R_squared:0.974973

2024-03-21 05:28:55,447 Epoch 39/300, Train Loss: 1.414654, Val Loss: 1.343840  
	Train = MSE:1.434348 , RMSE:1.197643 , MAE:0.983870 , MAPD:5.566116, R_squared:0.975171  
	Validation = MSE:1.343840 , RMSE:1.159241 , MAE:0.945122 , MAPD:5.424227, R_squared:0.975819

2024-03-21 05:28:56,115 Epoch 40/300, Train Loss: 1.374910, Val Loss: 1.293868  
	Train = MSE:1.389947 , RMSE:1.178960 , MAE:0.970639 , MAPD:5.475074, R_squared:0.975940  
	Validation = MSE:1.293868 , RMSE:1.137483 , MAE:0.923570 , MAPD:5.331188, R_squared:0.976718

2024-03-21 05:28:56,820 Epoch 41/300, Train Loss: 1.349812, Val Loss: 1.252033  
	Train = MSE:1.350281 , RMSE:1.162016 , MAE:0.949774 , MAPD:5.403494, R_squared:0.976626  
	Validation = MSE:1.252033 , RMSE:1.118943 , MAE:0.911695 , MAPD:5.231854, R_squared:0.977471

2024-03-21 05:28:58,587 Epoch 42/300, Train Loss: 1.298627, Val Loss: 1.211928  
	Train = MSE:1.307191 , RMSE:1.143324 , MAE:0.945038 , MAPD:5.301275, R_squared:0.977372  
	Validation = MSE:1.211928 , RMSE:1.100876 , MAE:0.897766 , MAPD:5.140230, R_squared:0.978193

2024-03-21 05:28:59,076 Epoch 43/300, Train Loss: 1.255819, Val Loss: 1.168106  
	Train = MSE:1.262515 , RMSE:1.123617 , MAE:0.924249 , MAPD:5.219161, R_squared:0.978146  
	Validation = MSE:1.168106 , RMSE:1.080789 , MAE:0.877456 , MAPD:5.072207, R_squared:0.978981

2024-03-21 05:28:59,570 Epoch 44/300, Train Loss: 1.232033, Val Loss: 1.139060  
	Train = MSE:1.226337 , RMSE:1.107401 , MAE:0.908036 , MAPD:5.145577, R_squared:0.978772  
	Validation = MSE:1.139060 , RMSE:1.067267 , MAE:0.871381 , MAPD:4.970250, R_squared:0.979504

2024-03-21 05:29:00,156 Epoch 45/300, Train Loss: 1.208511, Val Loss: 1.093987  
	Train = MSE:1.194498 , RMSE:1.092931 , MAE:0.902753 , MAPD:5.046596, R_squared:0.979323  
	Validation = MSE:1.093987 , RMSE:1.045938 , MAE:0.851411 , MAPD:4.886428, R_squared:0.980315

2024-03-21 05:29:00,824 Epoch 46/300, Train Loss: 1.154550, Val Loss: 1.061512  
	Train = MSE:1.154918 , RMSE:1.074671 , MAE:0.883067 , MAPD:4.972467, R_squared:0.980008  
	Validation = MSE:1.061512 , RMSE:1.030297 , MAE:0.838729 , MAPD:4.811444, R_squared:0.980899

2024-03-21 05:29:01,523 Epoch 47/300, Train Loss: 1.114755, Val Loss: 1.028852  
	Train = MSE:1.121487 , RMSE:1.059003 , MAE:0.869682 , MAPD:4.896954, R_squared:0.980587  
	Validation = MSE:1.028852 , RMSE:1.014323 , MAE:0.826090 , MAPD:4.727475, R_squared:0.981487

2024-03-21 05:29:02,184 Epoch 48/300, Train Loss: 1.101650, Val Loss: 0.994268  
	Train = MSE:1.091370 , RMSE:1.044687 , MAE:0.860138 , MAPD:4.805094, R_squared:0.981108  
	Validation = MSE:0.994268 , RMSE:0.997130 , MAE:0.811820 , MAPD:4.642622, R_squared:0.982109

2024-03-21 05:29:02,694 Epoch 49/300, Train Loss: 1.047227, Val Loss: 0.966046  
	Train = MSE:1.063418 , RMSE:1.031222 , MAE:0.842699 , MAPD:4.736753, R_squared:0.981592  
	Validation = MSE:0.966046 , RMSE:0.982877 , MAE:0.800808 , MAPD:4.557236, R_squared:0.982617

2024-03-21 05:29:03,228 Epoch 50/300, Train Loss: 1.015181, Val Loss: 0.935388  
	Train = MSE:1.030387 , RMSE:1.015080 , MAE:0.834220 , MAPD:4.640141, R_squared:0.982164  
	Validation = MSE:0.935388 , RMSE:0.967154 , MAE:0.787757 , MAPD:4.478493, R_squared:0.983169

2024-03-21 05:29:03,890 Epoch 51/300, Train Loss: 0.996436, Val Loss: 0.906520  
	Train = MSE:1.001849 , RMSE:1.000924 , MAE:0.818268 , MAPD:4.568401, R_squared:0.982658  
	Validation = MSE:0.906520 , RMSE:0.952113 , MAE:0.775240 , MAPD:4.402303, R_squared:0.983688

2024-03-21 05:29:06,048 Epoch 52/300, Train Loss: 0.958311, Val Loss: 0.885766  
	Train = MSE:0.973684 , RMSE:0.986754 , MAE:0.808448 , MAPD:4.483913, R_squared:0.983145  
	Validation = MSE:0.885766 , RMSE:0.941152 , MAE:0.768142 , MAPD:4.331024, R_squared:0.984061

2024-03-21 05:29:06,707 Epoch 53/300, Train Loss: 0.935029, Val Loss: 0.854973  
	Train = MSE:0.946889 , RMSE:0.973082 , MAE:0.796067 , MAPD:4.411918, R_squared:0.983609  
	Validation = MSE:0.854973 , RMSE:0.924648 , MAE:0.752995 , MAPD:4.269972, R_squared:0.984616

2024-03-21 05:29:07,195 Epoch 54/300, Train Loss: 0.923061, Val Loss: 0.839390  
	Train = MSE:0.922294 , RMSE:0.960361 , MAE:0.783591 , MAPD:4.344486, R_squared:0.984035  
	Validation = MSE:0.839390 , RMSE:0.916182 , MAE:0.748556 , MAPD:4.198999, R_squared:0.984896

2024-03-21 05:29:07,860 Epoch 55/300, Train Loss: 0.900500, Val Loss: 0.809593  
	Train = MSE:0.898063 , RMSE:0.947662 , MAE:0.775000 , MAPD:4.273619, R_squared:0.984454  
	Validation = MSE:0.809593 , RMSE:0.899774 , MAE:0.732714 , MAPD:4.173694, R_squared:0.985432

2024-03-21 05:29:08,556 Epoch 56/300, Train Loss: 0.898072, Val Loss: 0.800287  
	Train = MSE:0.877056 , RMSE:0.936512 , MAE:0.759595 , MAPD:4.231424, R_squared:0.984818  
	Validation = MSE:0.800287 , RMSE:0.894588 , MAE:0.731370 , MAPD:4.093838, R_squared:0.985600

2024-03-21 05:29:09,154 Epoch 57/300, Train Loss: 0.852364, Val Loss: 0.763957  
	Train = MSE:0.852425 , RMSE:0.923269 , MAE:0.753467 , MAPD:4.146065, R_squared:0.985244  
	Validation = MSE:0.763957 , RMSE:0.874046 , MAE:0.712831 , MAPD:4.028694, R_squared:0.986253

2024-03-21 05:29:09,654 Epoch 58/300, Train Loss: 0.806317, Val Loss: 0.742307  
	Train = MSE:0.828610 , RMSE:0.910280 , MAE:0.739655 , MAPD:4.077559, R_squared:0.985657  
	Validation = MSE:0.742307 , RMSE:0.861572 , MAE:0.703093 , MAPD:3.946353, R_squared:0.986643

2024-03-21 05:29:10,151 Epoch 59/300, Train Loss: 0.786105, Val Loss: 0.720826  
	Train = MSE:0.803759 , RMSE:0.896526 , MAE:0.725832 , MAPD:4.005907, R_squared:0.986087  
	Validation = MSE:0.720826 , RMSE:0.849015 , MAE:0.692954 , MAPD:3.876234, R_squared:0.987029

2024-03-21 05:29:10,663 Epoch 60/300, Train Loss: 0.772696, Val Loss: 0.698248  
	Train = MSE:0.786215 , RMSE:0.886688 , MAE:0.721155 , MAPD:3.931434, R_squared:0.986390  
	Validation = MSE:0.698248 , RMSE:0.835612 , MAE:0.681564 , MAPD:3.824865, R_squared:0.987436

2024-03-21 05:29:11,167 Epoch 61/300, Train Loss: 0.759442, Val Loss: 0.687799  
	Train = MSE:0.762850 , RMSE:0.873413 , MAE:0.703534 , MAPD:3.883393, R_squared:0.986795  
	Validation = MSE:0.687799 , RMSE:0.829337 , MAE:0.677063 , MAPD:3.761999, R_squared:0.987624

2024-03-21 05:29:12,930 Epoch 62/300, Train Loss: 0.742306, Val Loss: 0.660686  
	Train = MSE:0.744690 , RMSE:0.862954 , MAE:0.699163 , MAPD:3.801572, R_squared:0.987109  
	Validation = MSE:0.660686 , RMSE:0.812826 , MAE:0.662832 , MAPD:3.721988, R_squared:0.988112

2024-03-21 05:29:13,432 Epoch 63/300, Train Loss: 0.725341, Val Loss: 0.648824  
	Train = MSE:0.722876 , RMSE:0.850221 , MAE:0.683293 , MAPD:3.756786, R_squared:0.987487  
	Validation = MSE:0.648824 , RMSE:0.805496 , MAE:0.657130 , MAPD:3.644777, R_squared:0.988325

2024-03-21 05:29:13,948 Epoch 64/300, Train Loss: 0.695975, Val Loss: 0.626815  
	Train = MSE:0.700619 , RMSE:0.837030 , MAE:0.673083 , MAPD:3.666762, R_squared:0.987872  
	Validation = MSE:0.626814 , RMSE:0.791716 , MAE:0.645456 , MAPD:3.572801, R_squared:0.988721

2024-03-21 05:29:14,431 Epoch 65/300, Train Loss: 0.674505, Val Loss: 0.606660  
	Train = MSE:0.681836 , RMSE:0.825734 , MAE:0.664227 , MAPD:3.595971, R_squared:0.988197  
	Validation = MSE:0.606660 , RMSE:0.778884 , MAE:0.634560 , MAPD:3.530500, R_squared:0.989084

2024-03-21 05:29:14,907 Epoch 66/300, Train Loss: 0.657586, Val Loss: 0.597062  
	Train = MSE:0.665332 , RMSE:0.815679 , MAE:0.651318 , MAPD:3.557586, R_squared:0.988483  
	Validation = MSE:0.597061 , RMSE:0.772698 , MAE:0.628786 , MAPD:3.470171, R_squared:0.989256

2024-03-21 05:29:15,415 Epoch 67/300, Train Loss: 0.644873, Val Loss: 0.585372  
	Train = MSE:0.647372 , RMSE:0.804595 , MAE:0.641645 , MAPD:3.495303, R_squared:0.988794  
	Validation = MSE:0.585372 , RMSE:0.765096 , MAE:0.621796 , MAPD:3.417803, R_squared:0.989467

2024-03-21 05:29:15,909 Epoch 68/300, Train Loss: 0.619938, Val Loss: 0.563740  
	Train = MSE:0.633901 , RMSE:0.796179 , MAE:0.638961 , MAPD:3.426415, R_squared:0.989027  
	Validation = MSE:0.563740 , RMSE:0.750826 , MAE:0.611191 , MAPD:3.426793, R_squared:0.989856

2024-03-21 05:29:16,417 Epoch 69/300, Train Loss: 0.618457, Val Loss: 0.561402  
	Train = MSE:0.616550 , RMSE:0.785207 , MAE:0.622848 , MAPD:3.411591, R_squared:0.989327  
	Validation = MSE:0.561402 , RMSE:0.749268 , MAE:0.606873 , MAPD:3.316809, R_squared:0.989898

2024-03-21 05:29:16,934 Epoch 70/300, Train Loss: 0.581732, Val Loss: 0.531156  
	Train = MSE:0.590296 , RMSE:0.768308 , MAE:0.613106 , MAPD:3.299804, R_squared:0.989782  
	Validation = MSE:0.531156 , RMSE:0.728805 , MAE:0.591757 , MAPD:3.308271, R_squared:0.990442

2024-03-21 05:29:17,429 Epoch 71/300, Train Loss: 0.585847, Val Loss: 0.537346  
	Train = MSE:0.578759 , RMSE:0.760762 , MAE:0.600655 , MAPD:3.268067, R_squared:0.989982  
	Validation = MSE:0.537346 , RMSE:0.733039 , MAE:0.590472 , MAPD:3.188691, R_squared:0.990331

2024-03-21 05:29:19,473 Epoch 72/300, Train Loss: 0.560721, Val Loss: 0.500671  
	Train = MSE:0.562122 , RMSE:0.749748 , MAE:0.595282 , MAPD:3.187721, R_squared:0.990270  
	Validation = MSE:0.500671 , RMSE:0.707581 , MAE:0.572131 , MAPD:3.157923, R_squared:0.990991

2024-03-21 05:29:19,961 Epoch 73/300, Train Loss: 0.540944, Val Loss: 0.491612  
	Train = MSE:0.543402 , RMSE:0.737158 , MAE:0.583194 , MAPD:3.125314, R_squared:0.990594  
	Validation = MSE:0.491612 , RMSE:0.701150 , MAE:0.565445 , MAPD:3.095263, R_squared:0.991154

2024-03-21 05:29:20,452 Epoch 74/300, Train Loss: 0.513630, Val Loss: 0.485279  
	Train = MSE:0.528120 , RMSE:0.726719 , MAE:0.571441 , MAPD:3.082329, R_squared:0.990858  
	Validation = MSE:0.485279 , RMSE:0.696620 , MAE:0.559376 , MAPD:3.029653, R_squared:0.991268

2024-03-21 05:29:20,996 Epoch 75/300, Train Loss: 0.521659, Val Loss: 0.461477  
	Train = MSE:0.513288 , RMSE:0.716441 , MAE:0.565549 , MAPD:3.011627, R_squared:0.991115  
	Validation = MSE:0.461477 , RMSE:0.679321 , MAE:0.546878 , MAPD:3.026723, R_squared:0.991696

2024-03-21 05:29:21,665 Epoch 76/300, Train Loss: 0.499288, Val Loss: 0.467646  
	Train = MSE:0.499452 , RMSE:0.706719 , MAE:0.553464 , MAPD:2.980186, R_squared:0.991354  
	Validation = MSE:0.467646 , RMSE:0.683847 , MAE:0.546377 , MAPD:2.933192, R_squared:0.991585

2024-03-21 05:29:22,306 Epoch 77/300, Train Loss: 0.481234, Val Loss: 0.439259  
	Train = MSE:0.485040 , RMSE:0.696448 , MAE:0.547859 , MAPD:2.917735, R_squared:0.991604  
	Validation = MSE:0.439259 , RMSE:0.662766 , MAE:0.531678 , MAPD:2.924639, R_squared:0.992096

2024-03-21 05:29:22,961 Epoch 78/300, Train Loss: 0.473342, Val Loss: 0.431929  
	Train = MSE:0.471769 , RMSE:0.686855 , MAE:0.539250 , MAPD:2.871994, R_squared:0.991834  
	Validation = MSE:0.431929 , RMSE:0.657213 , MAE:0.524470 , MAPD:2.848793, R_squared:0.992228

2024-03-21 05:29:23,641 Epoch 79/300, Train Loss: 0.465431, Val Loss: 0.420272  
	Train = MSE:0.455382 , RMSE:0.674820 , MAE:0.524639 , MAPD:2.813033, R_squared:0.992117  
	Validation = MSE:0.420272 , RMSE:0.648284 , MAE:0.516360 , MAPD:2.800712, R_squared:0.992438

2024-03-21 05:29:24,256 Epoch 80/300, Train Loss: 0.437540, Val Loss: 0.404695  
	Train = MSE:0.442540 , RMSE:0.665236 , MAE:0.519328 , MAPD:2.753409, R_squared:0.992340  
	Validation = MSE:0.404695 , RMSE:0.636156 , MAE:0.506673 , MAPD:2.764048, R_squared:0.992718

2024-03-21 05:29:24,752 Epoch 81/300, Train Loss: 0.434381, Val Loss: 0.397614  
	Train = MSE:0.429692 , RMSE:0.655509 , MAE:0.508066 , MAPD:2.715927, R_squared:0.992562  
	Validation = MSE:0.397614 , RMSE:0.630567 , MAE:0.500749 , MAPD:2.713177, R_squared:0.992845

2024-03-21 05:29:26,868 Epoch 82/300, Train Loss: 0.414578, Val Loss: 0.382825  
	Train = MSE:0.416722 , RMSE:0.645540 , MAE:0.500714 , MAPD:2.656010, R_squared:0.992786  
	Validation = MSE:0.382825 , RMSE:0.618728 , MAE:0.491406 , MAPD:2.678820, R_squared:0.993111

2024-03-21 05:29:27,373 Epoch 83/300, Train Loss: 0.409026, Val Loss: 0.376102  
	Train = MSE:0.406187 , RMSE:0.637328 , MAE:0.491472 , MAPD:2.609339, R_squared:0.992969  
	Validation = MSE:0.376102 , RMSE:0.613271 , MAE:0.484931 , MAPD:2.620084, R_squared:0.993232

2024-03-21 05:29:27,869 Epoch 84/300, Train Loss: 0.405493, Val Loss: 0.372965  
	Train = MSE:0.394418 , RMSE:0.628027 , MAE:0.482954 , MAPD:2.575578, R_squared:0.993173  
	Validation = MSE:0.372965 , RMSE:0.610708 , MAE:0.481712 , MAPD:2.597136, R_squared:0.993289

2024-03-21 05:29:28,373 Epoch 85/300, Train Loss: 0.382771, Val Loss: 0.355229  
	Train = MSE:0.383731 , RMSE:0.619460 , MAE:0.477819 , MAPD:2.524569, R_squared:0.993358  
	Validation = MSE:0.355229 , RMSE:0.596011 , MAE:0.470923 , MAPD:2.575794, R_squared:0.993608

2024-03-21 05:29:28,868 Epoch 86/300, Train Loss: 0.370760, Val Loss: 0.347135  
	Train = MSE:0.372477 , RMSE:0.610309 , MAE:0.468971 , MAPD:2.490019, R_squared:0.993552  
	Validation = MSE:0.347135 , RMSE:0.589181 , MAE:0.464060 , MAPD:2.528339, R_squared:0.993754

2024-03-21 05:29:29,399 Epoch 87/300, Train Loss: 0.361576, Val Loss: 0.340641  
	Train = MSE:0.362164 , RMSE:0.601801 , MAE:0.461123 , MAPD:2.459661, R_squared:0.993731  
	Validation = MSE:0.340641 , RMSE:0.583644 , MAE:0.458386 , MAPD:2.477704, R_squared:0.993870

2024-03-21 05:29:29,898 Epoch 88/300, Train Loss: 0.357339, Val Loss: 0.325506  
	Train = MSE:0.350997 , RMSE:0.592450 , MAE:0.452722 , MAPD:2.393074, R_squared:0.993924  
	Validation = MSE:0.325506 , RMSE:0.570531 , MAE:0.447399 , MAPD:2.433456, R_squared:0.994143

2024-03-21 05:29:30,415 Epoch 89/300, Train Loss: 0.346484, Val Loss: 0.327913  
	Train = MSE:0.341242 , RMSE:0.584159 , MAE:0.445495 , MAPD:2.361615, R_squared:0.994093  
	Validation = MSE:0.327913 , RMSE:0.572637 , MAE:0.447397 , MAPD:2.410730, R_squared:0.994100

2024-03-21 05:29:30,912 Epoch 90/300, Train Loss: 0.326501, Val Loss: 0.315031  
	Train = MSE:0.333629 , RMSE:0.577606 , MAE:0.440091 , MAPD:2.336391, R_squared:0.994225  
	Validation = MSE:0.315031 , RMSE:0.561276 , MAE:0.437847 , MAPD:2.371251, R_squared:0.994331

2024-03-21 05:29:31,421 Epoch 91/300, Train Loss: 0.329829, Val Loss: 0.304158  
	Train = MSE:0.323820 , RMSE:0.569052 , MAE:0.433252 , MAPD:2.287208, R_squared:0.994395  
	Validation = MSE:0.304158 , RMSE:0.551505 , MAE:0.429706 , MAPD:2.341876, R_squared:0.994527

2024-03-21 05:29:33,262 Epoch 92/300, Train Loss: 0.317451, Val Loss: 0.305461  
	Train = MSE:0.315693 , RMSE:0.561865 , MAE:0.425427 , MAPD:2.257578, R_squared:0.994535  
	Validation = MSE:0.305461 , RMSE:0.552685 , MAE:0.428352 , MAPD:2.308763, R_squared:0.994504

2024-03-21 05:29:33,928 Epoch 93/300, Train Loss: 0.310075, Val Loss: 0.293860  
	Train = MSE:0.308005 , RMSE:0.554982 , MAE:0.419852 , MAPD:2.218438, R_squared:0.994668  
	Validation = MSE:0.293861 , RMSE:0.542089 , MAE:0.419683 , MAPD:2.280607, R_squared:0.994712

2024-03-21 05:29:34,613 Epoch 94/300, Train Loss: 0.292880, Val Loss: 0.289985  
	Train = MSE:0.299841 , RMSE:0.547578 , MAE:0.412831 , MAPD:2.185044, R_squared:0.994810  
	Validation = MSE:0.289985 , RMSE:0.538503 , MAE:0.415556 , MAPD:2.251662, R_squared:0.994782

2024-03-21 05:29:35,263 Epoch 95/300, Train Loss: 0.292120, Val Loss: 0.284811  
	Train = MSE:0.293214 , RMSE:0.541492 , MAE:0.406917 , MAPD:2.150148, R_squared:0.994924  
	Validation = MSE:0.284811 , RMSE:0.533677 , MAE:0.410512 , MAPD:2.219292, R_squared:0.994875

2024-03-21 05:29:35,762 Epoch 96/300, Train Loss: 0.281537, Val Loss: 0.274208  
	Train = MSE:0.286196 , RMSE:0.534973 , MAE:0.401141 , MAPD:2.114407, R_squared:0.995046  
	Validation = MSE:0.274208 , RMSE:0.523648 , MAE:0.402603 , MAPD:2.203027, R_squared:0.995066

2024-03-21 05:29:36,253 Epoch 97/300, Train Loss: 0.278562, Val Loss: 0.277526  
	Train = MSE:0.280673 , RMSE:0.529786 , MAE:0.396917 , MAPD:2.104282, R_squared:0.995141  
	Validation = MSE:0.277526 , RMSE:0.526807 , MAE:0.403117 , MAPD:2.180004, R_squared:0.995006

2024-03-21 05:29:36,756 Epoch 98/300, Train Loss: 0.269242, Val Loss: 0.272291  
	Train = MSE:0.274574 , RMSE:0.523998 , MAE:0.392238 , MAPD:2.080817, R_squared:0.995247  
	Validation = MSE:0.272291 , RMSE:0.521815 , MAE:0.397656 , MAPD:2.146308, R_squared:0.995100

2024-03-21 05:29:37,311 Epoch 99/300, Train Loss: 0.283614, Val Loss: 0.259366  
	Train = MSE:0.272052 , RMSE:0.521586 , MAE:0.390507 , MAPD:2.052503, R_squared:0.995291  
	Validation = MSE:0.259366 , RMSE:0.509280 , MAE:0.389632 , MAPD:2.155641, R_squared:0.995333

2024-03-21 05:29:38,230 Epoch 100/300, Train Loss: 0.265749, Val Loss: 0.268601  
	Train = MSE:0.262518 , RMSE:0.512365 , MAE:0.381818 , MAPD:2.028926, R_squared:0.995456  
	Validation = MSE:0.268601 , RMSE:0.518268 , MAE:0.392523 , MAPD:2.109769, R_squared:0.995167

2024-03-21 05:29:38,915 Epoch 101/300, Train Loss: 0.260556, Val Loss: 0.250208  
	Train = MSE:0.256769 , RMSE:0.506724 , MAE:0.378207 , MAPD:1.999121, R_squared:0.995555  
	Validation = MSE:0.250208 , RMSE:0.500208 , MAE:0.380148 , MAPD:2.095251, R_squared:0.995498

2024-03-21 05:29:41,367 Epoch 102/300, Train Loss: 0.247524, Val Loss: 0.251639  
	Train = MSE:0.251587 , RMSE:0.501585 , MAE:0.372734 , MAPD:1.976651, R_squared:0.995645  
	Validation = MSE:0.251639 , RMSE:0.501636 , MAE:0.378476 , MAPD:2.052355, R_squared:0.995472

2024-03-21 05:29:42,059 Epoch 103/300, Train Loss: 0.245979, Val Loss: 0.244817  
	Train = MSE:0.245808 , RMSE:0.495790 , MAE:0.366914 , MAPD:1.949058, R_squared:0.995745  
	Validation = MSE:0.244817 , RMSE:0.494789 , MAE:0.372025 , MAPD:2.020775, R_squared:0.995595

2024-03-21 05:29:42,733 Epoch 104/300, Train Loss: 0.244644, Val Loss: 0.238807  
	Train = MSE:0.240774 , RMSE:0.490687 , MAE:0.362719 , MAPD:1.920835, R_squared:0.995832  
	Validation = MSE:0.238807 , RMSE:0.488678 , MAE:0.367288 , MAPD:2.005244, R_squared:0.995703

2024-03-21 05:29:43,371 Epoch 105/300, Train Loss: 0.236134, Val Loss: 0.237227  
	Train = MSE:0.236294 , RMSE:0.486100 , MAE:0.358537 , MAPD:1.904254, R_squared:0.995910  
	Validation = MSE:0.237227 , RMSE:0.487060 , MAE:0.364619 , MAPD:1.979909, R_squared:0.995731

2024-03-21 05:29:44,010 Epoch 106/300, Train Loss: 0.234447, Val Loss: 0.229533  
	Train = MSE:0.232095 , RMSE:0.481762 , MAE:0.354515 , MAPD:1.876408, R_squared:0.995982  
	Validation = MSE:0.229533 , RMSE:0.479096 , MAE:0.359214 , MAPD:1.969777, R_squared:0.995870

2024-03-21 05:29:44,671 Epoch 107/300, Train Loss: 0.236717, Val Loss: 0.227225  
	Train = MSE:0.227813 , RMSE:0.477297 , MAE:0.351546 , MAPD:1.868932, R_squared:0.996057  
	Validation = MSE:0.227225 , RMSE:0.476681 , MAE:0.356814 , MAPD:1.963237, R_squared:0.995911

2024-03-21 05:29:45,320 Epoch 108/300, Train Loss: 0.230783, Val Loss: 0.229386  
	Train = MSE:0.224484 , RMSE:0.473797 , MAE:0.349836 , MAPD:1.873073, R_squared:0.996114  
	Validation = MSE:0.229386 , RMSE:0.478943 , MAE:0.356611 , MAPD:1.939669, R_squared:0.995872

2024-03-21 05:29:45,840 Epoch 109/300, Train Loss: 0.217940, Val Loss: 0.222069  
	Train = MSE:0.219640 , RMSE:0.468657 , MAE:0.344608 , MAPD:1.839767, R_squared:0.996198  
	Validation = MSE:0.222069 , RMSE:0.471241 , MAE:0.350062 , MAPD:1.908150, R_squared:0.996004

2024-03-21 05:29:46,334 Epoch 110/300, Train Loss: 0.221292, Val Loss: 0.220666  
	Train = MSE:0.215825 , RMSE:0.464569 , MAE:0.339861 , MAPD:1.807196, R_squared:0.996264  
	Validation = MSE:0.220666 , RMSE:0.469751 , MAE:0.347967 , MAPD:1.893428, R_squared:0.996029

2024-03-21 05:29:46,820 Epoch 111/300, Train Loss: 0.211025, Val Loss: 0.213239  
	Train = MSE:0.213682 , RMSE:0.462258 , MAE:0.338975 , MAPD:1.799652, R_squared:0.996301  
	Validation = MSE:0.213239 , RMSE:0.461778 , MAE:0.343243 , MAPD:1.892641, R_squared:0.996163

2024-03-21 05:29:48,693 Epoch 112/300, Train Loss: 0.205969, Val Loss: 0.214202  
	Train = MSE:0.208044 , RMSE:0.456119 , MAE:0.332333 , MAPD:1.768752, R_squared:0.996399  
	Validation = MSE:0.214202 , RMSE:0.462819 , MAE:0.340765 , MAPD:1.858640, R_squared:0.996146

2024-03-21 05:29:49,210 Epoch 113/300, Train Loss: 0.204754, Val Loss: 0.217498  
	Train = MSE:0.204967 , RMSE:0.452733 , MAE:0.329051 , MAPD:1.752843, R_squared:0.996452  
	Validation = MSE:0.217498 , RMSE:0.466367 , MAE:0.342340 , MAPD:1.854863, R_squared:0.996086

2024-03-21 05:29:49,712 Epoch 114/300, Train Loss: 0.200595, Val Loss: 0.205399  
	Train = MSE:0.205517 , RMSE:0.453340 , MAE:0.329775 , MAPD:1.751295, R_squared:0.996442  
	Validation = MSE:0.205399 , RMSE:0.453210 , MAE:0.336088 , MAPD:1.864095, R_squared:0.996304

2024-03-21 05:29:50,314 Epoch 115/300, Train Loss: 0.195636, Val Loss: 0.202158  
	Train = MSE:0.201111 , RMSE:0.448454 , MAE:0.325877 , MAPD:1.732192, R_squared:0.996519  
	Validation = MSE:0.202158 , RMSE:0.449620 , MAE:0.331033 , MAPD:1.827876, R_squared:0.996362

2024-03-21 05:29:51,220 Epoch 116/300, Train Loss: 0.199863, Val Loss: 0.209314  
	Train = MSE:0.198337 , RMSE:0.445350 , MAE:0.324345 , MAPD:1.736961, R_squared:0.996567  
	Validation = MSE:0.209314 , RMSE:0.457509 , MAE:0.334218 , MAPD:1.812250, R_squared:0.996234

2024-03-21 05:29:52,030 Epoch 117/300, Train Loss: 0.197076, Val Loss: 0.203649  
	Train = MSE:0.194403 , RMSE:0.440912 , MAE:0.319051 , MAPD:1.702812, R_squared:0.996635  
	Validation = MSE:0.203649 , RMSE:0.451275 , MAE:0.329141 , MAPD:1.795104, R_squared:0.996336

2024-03-21 05:29:52,713 Epoch 118/300, Train Loss: 0.188627, Val Loss: 0.195658  
	Train = MSE:0.192476 , RMSE:0.438721 , MAE:0.317584 , MAPD:1.691161, R_squared:0.996668  
	Validation = MSE:0.195658 , RMSE:0.442332 , MAE:0.323916 , MAPD:1.790233, R_squared:0.996479

2024-03-21 05:29:53,488 Epoch 119/300, Train Loss: 0.191235, Val Loss: 0.192239  
	Train = MSE:0.189108 , RMSE:0.434866 , MAE:0.314248 , MAPD:1.674127, R_squared:0.996727  
	Validation = MSE:0.192239 , RMSE:0.438451 , MAE:0.321909 , MAPD:1.786382, R_squared:0.996541

2024-03-21 05:29:54,058 Epoch 120/300, Train Loss: 0.192277, Val Loss: 0.209092  
	Train = MSE:0.187014 , RMSE:0.432451 , MAE:0.315023 , MAPD:1.693862, R_squared:0.996763  
	Validation = MSE:0.209092 , RMSE:0.457266 , MAE:0.333603 , MAPD:1.793447, R_squared:0.996238

2024-03-21 05:29:54,670 Epoch 121/300, Train Loss: 0.189426, Val Loss: 0.188559  
	Train = MSE:0.184438 , RMSE:0.429462 , MAE:0.310789 , MAPD:1.658321, R_squared:0.996807  
	Validation = MSE:0.188559 , RMSE:0.434233 , MAE:0.318803 , MAPD:1.775020, R_squared:0.996607

2024-03-21 05:29:56,646 Epoch 122/300, Train Loss: 0.181561, Val Loss: 0.190509  
	Train = MSE:0.180817 , RMSE:0.425226 , MAE:0.307491 , MAPD:1.647927, R_squared:0.996870  
	Validation = MSE:0.190509 , RMSE:0.436473 , MAE:0.316169 , MAPD:1.729987, R_squared:0.996572

2024-03-21 05:29:57,216 Epoch 123/300, Train Loss: 0.176753, Val Loss: 0.185554  
	Train = MSE:0.178008 , RMSE:0.421910 , MAE:0.303911 , MAPD:1.623833, R_squared:0.996919  
	Validation = MSE:0.185554 , RMSE:0.430760 , MAE:0.312584 , MAPD:1.726166, R_squared:0.996661

2024-03-21 05:29:57,797 Epoch 124/300, Train Loss: 0.175716, Val Loss: 0.186413  
	Train = MSE:0.177693 , RMSE:0.421537 , MAE:0.303335 , MAPD:1.623502, R_squared:0.996924  
	Validation = MSE:0.186413 , RMSE:0.431756 , MAE:0.310909 , MAPD:1.700008, R_squared:0.996646

2024-03-21 05:29:58,386 Epoch 125/300, Train Loss: 0.179570, Val Loss: 0.183514  
	Train = MSE:0.174073 , RMSE:0.417221 , MAE:0.300908 , MAPD:1.611032, R_squared:0.996987  
	Validation = MSE:0.183514 , RMSE:0.428385 , MAE:0.308471 , MAPD:1.694578, R_squared:0.996698

2024-03-21 05:29:59,181 Epoch 126/300, Train Loss: 0.172212, Val Loss: 0.181745  
	Train = MSE:0.171531 , RMSE:0.414164 , MAE:0.298218 , MAPD:1.598097, R_squared:0.997031  
	Validation = MSE:0.181745 , RMSE:0.426315 , MAE:0.306932 , MAPD:1.687382, R_squared:0.996730

2024-03-21 05:29:59,920 Epoch 127/300, Train Loss: 0.168756, Val Loss: 0.182292  
	Train = MSE:0.169537 , RMSE:0.411748 , MAE:0.296252 , MAPD:1.587673, R_squared:0.997065  
	Validation = MSE:0.182292 , RMSE:0.426957 , MAE:0.306746 , MAPD:1.677364, R_squared:0.996720

2024-03-21 05:30:00,687 Epoch 128/300, Train Loss: 0.169355, Val Loss: 0.175391  
	Train = MSE:0.169765 , RMSE:0.412026 , MAE:0.295669 , MAPD:1.576443, R_squared:0.997061  
	Validation = MSE:0.175391 , RMSE:0.418797 , MAE:0.301093 , MAPD:1.665505, R_squared:0.996844

2024-03-21 05:30:01,800 Epoch 129/300, Train Loss: 0.161935, Val Loss: 0.175220  
	Train = MSE:0.166346 , RMSE:0.407855 , MAE:0.292399 , MAPD:1.562162, R_squared:0.997121  
	Validation = MSE:0.175220 , RMSE:0.418593 , MAE:0.301836 , MAPD:1.665930, R_squared:0.996847

2024-03-21 05:30:02,621 Epoch 130/300, Train Loss: 0.163890, Val Loss: 0.177406  
	Train = MSE:0.164617 , RMSE:0.405730 , MAE:0.291673 , MAPD:1.566269, R_squared:0.997150  
	Validation = MSE:0.177406 , RMSE:0.421196 , MAE:0.301609 , MAPD:1.643857, R_squared:0.996808

2024-03-21 05:30:03,198 Epoch 131/300, Train Loss: 0.164584, Val Loss: 0.175740  
	Train = MSE:0.163247 , RMSE:0.404039 , MAE:0.289537 , MAPD:1.549237, R_squared:0.997174  
	Validation = MSE:0.175740 , RMSE:0.419214 , MAE:0.298858 , MAPD:1.632485, R_squared:0.996838

2024-03-21 05:30:05,843 Epoch 132/300, Train Loss: 0.159638, Val Loss: 0.171557  
	Train = MSE:0.161075 , RMSE:0.401341 , MAE:0.286311 , MAPD:1.530898, R_squared:0.997212  
	Validation = MSE:0.171557 , RMSE:0.414195 , MAE:0.296231 , MAPD:1.631589, R_squared:0.996913

2024-03-21 05:30:06,690 Epoch 133/300, Train Loss: 0.157114, Val Loss: 0.168547  
	Train = MSE:0.158836 , RMSE:0.398542 , MAE:0.285066 , MAPD:1.528835, R_squared:0.997251  
	Validation = MSE:0.168547 , RMSE:0.410545 , MAE:0.293394 , MAPD:1.623857, R_squared:0.996967

2024-03-21 05:30:07,354 Epoch 134/300, Train Loss: 0.159774, Val Loss: 0.167164  
	Train = MSE:0.157558 , RMSE:0.396936 , MAE:0.283856 , MAPD:1.522548, R_squared:0.997273  
	Validation = MSE:0.167164 , RMSE:0.408857 , MAE:0.292418 , MAPD:1.615947, R_squared:0.996992

2024-03-21 05:30:07,939 Epoch 135/300, Train Loss: 0.165902, Val Loss: 0.168948  
	Train = MSE:0.157645 , RMSE:0.397045 , MAE:0.285403 , MAPD:1.532088, R_squared:0.997271  
	Validation = MSE:0.168948 , RMSE:0.411033 , MAE:0.293456 , MAPD:1.605341, R_squared:0.996960

2024-03-21 05:30:08,526 Epoch 136/300, Train Loss: 0.154853, Val Loss: 0.184512  
	Train = MSE:0.156253 , RMSE:0.395289 , MAE:0.285251 , MAPD:1.536104, R_squared:0.997295  
	Validation = MSE:0.184512 , RMSE:0.429548 , MAE:0.309585 , MAPD:1.658663, R_squared:0.996680

2024-03-21 05:30:09,121 Epoch 137/300, Train Loss: 0.157433, Val Loss: 0.160803  
	Train = MSE:0.157961 , RMSE:0.397444 , MAE:0.286484 , MAPD:1.531368, R_squared:0.997266  
	Validation = MSE:0.160803 , RMSE:0.401002 , MAE:0.291540 , MAPD:1.633390, R_squared:0.997107

2024-03-21 05:30:09,908 Epoch 138/300, Train Loss: 0.152745, Val Loss: 0.161937  
	Train = MSE:0.153148 , RMSE:0.391342 , MAE:0.280223 , MAPD:1.501837, R_squared:0.997349  
	Validation = MSE:0.161937 , RMSE:0.402413 , MAE:0.287932 , MAPD:1.588411, R_squared:0.997086

2024-03-21 05:30:10,743 Epoch 139/300, Train Loss: 0.149266, Val Loss: 0.172758  
	Train = MSE:0.150652 , RMSE:0.388139 , MAE:0.279638 , MAPD:1.508524, R_squared:0.997392  
	Validation = MSE:0.172758 , RMSE:0.415642 , MAE:0.296989 , MAPD:1.602607, R_squared:0.996891

2024-03-21 05:30:11,394 Epoch 140/300, Train Loss: 0.151207, Val Loss: 0.157028  
	Train = MSE:0.150220 , RMSE:0.387583 , MAE:0.277523 , MAPD:1.490406, R_squared:0.997400  
	Validation = MSE:0.157028 , RMSE:0.396267 , MAE:0.283175 , MAPD:1.569587, R_squared:0.997174

2024-03-21 05:30:11,986 Epoch 141/300, Train Loss: 0.148788, Val Loss: 0.155411  
	Train = MSE:0.149395 , RMSE:0.386516 , MAE:0.275410 , MAPD:1.474433, R_squared:0.997414  
	Validation = MSE:0.155411 , RMSE:0.394222 , MAE:0.284594 , MAPD:1.590105, R_squared:0.997204

2024-03-21 05:30:13,974 Epoch 142/300, Train Loss: 0.153160, Val Loss: 0.155470  
	Train = MSE:0.151375 , RMSE:0.389069 , MAE:0.278956 , MAPD:1.497919, R_squared:0.997380  
	Validation = MSE:0.155470 , RMSE:0.394296 , MAE:0.281794 , MAPD:1.562348, R_squared:0.997202

2024-03-21 05:30:14,549 Epoch 143/300, Train Loss: 0.150986, Val Loss: 0.181920  
	Train = MSE:0.149572 , RMSE:0.386746 , MAE:0.281296 , MAPD:1.520979, R_squared:0.997411  
	Validation = MSE:0.181920 , RMSE:0.426520 , MAE:0.306391 , MAPD:1.638458, R_squared:0.996727

2024-03-21 05:30:15,131 Epoch 144/300, Train Loss: 0.156346, Val Loss: 0.165453  
	Train = MSE:0.151661 , RMSE:0.389436 , MAE:0.281224 , MAPD:1.510317, R_squared:0.997375  
	Validation = MSE:0.165453 , RMSE:0.406760 , MAE:0.288362 , MAPD:1.559388, R_squared:0.997023

2024-03-21 05:30:15,697 Epoch 145/300, Train Loss: 0.148840, Val Loss: 0.152993  
	Train = MSE:0.147724 , RMSE:0.384349 , MAE:0.273932 , MAPD:1.463790, R_squared:0.997443  
	Validation = MSE:0.152993 , RMSE:0.391144 , MAE:0.285696 , MAPD:1.607089, R_squared:0.997247

2024-03-21 05:30:16,283 Epoch 146/300, Train Loss: 0.143547, Val Loss: 0.151818  
	Train = MSE:0.144071 , RMSE:0.379566 , MAE:0.271659 , MAPD:1.458459, R_squared:0.997506  
	Validation = MSE:0.151818 , RMSE:0.389638 , MAE:0.275747 , MAPD:1.512038, R_squared:0.997268

2024-03-21 05:30:16,867 Epoch 147/300, Train Loss: 0.136789, Val Loss: 0.154053  
	Train = MSE:0.140345 , RMSE:0.374627 , MAE:0.268027 , MAPD:1.443824, R_squared:0.997571  
	Validation = MSE:0.154053 , RMSE:0.392495 , MAE:0.278331 , MAPD:1.519641, R_squared:0.997228

2024-03-21 05:30:17,454 Epoch 148/300, Train Loss: 0.140625, Val Loss: 0.147713  
	Train = MSE:0.137992 , RMSE:0.371473 , MAE:0.264662 , MAPD:1.425431, R_squared:0.997611  
	Validation = MSE:0.147713 , RMSE:0.384334 , MAE:0.275448 , MAPD:1.537093, R_squared:0.997342

2024-03-21 05:30:18,014 Epoch 149/300, Train Loss: 0.138398, Val Loss: 0.148635  
	Train = MSE:0.139876 , RMSE:0.374000 , MAE:0.266188 , MAPD:1.428783, R_squared:0.997579  
	Validation = MSE:0.148635 , RMSE:0.385532 , MAE:0.272189 , MAPD:1.498247, R_squared:0.997325

2024-03-21 05:30:18,595 Epoch 150/300, Train Loss: 0.141195, Val Loss: 0.153418  
	Train = MSE:0.137557 , RMSE:0.370887 , MAE:0.265731 , MAPD:1.434247, R_squared:0.997619  
	Validation = MSE:0.153418 , RMSE:0.391686 , MAE:0.278332 , MAPD:1.512831, R_squared:0.997239

2024-03-21 05:30:19,215 Epoch 151/300, Train Loss: 0.135453, Val Loss: 0.146072  
	Train = MSE:0.135640 , RMSE:0.368293 , MAE:0.263692 , MAPD:1.425436, R_squared:0.997652  
	Validation = MSE:0.146072 , RMSE:0.382193 , MAE:0.271543 , MAPD:1.492801, R_squared:0.997372

2024-03-21 05:30:21,808 Epoch 152/300, Train Loss: 0.133285, Val Loss: 0.145332  
	Train = MSE:0.133546 , RMSE:0.365440 , MAE:0.260290 , MAPD:1.402651, R_squared:0.997688  
	Validation = MSE:0.145332 , RMSE:0.381224 , MAE:0.269790 , MAPD:1.482397, R_squared:0.997385

2024-03-21 05:30:22,377 Epoch 153/300, Train Loss: 0.131205, Val Loss: 0.148636  
	Train = MSE:0.132599 , RMSE:0.364141 , MAE:0.259142 , MAPD:1.396277, R_squared:0.997705  
	Validation = MSE:0.148636 , RMSE:0.385533 , MAE:0.272878 , MAPD:1.485993, R_squared:0.997325

2024-03-21 05:30:22,949 Epoch 154/300, Train Loss: 0.145408, Val Loss: 0.141966  
	Train = MSE:0.132361 , RMSE:0.363814 , MAE:0.258402 , MAPD:1.388179, R_squared:0.997709  
	Validation = MSE:0.141966 , RMSE:0.376784 , MAE:0.266988 , MAPD:1.472417, R_squared:0.997445

2024-03-21 05:30:23,528 Epoch 155/300, Train Loss: 0.132375, Val Loss: 0.141975  
	Train = MSE:0.130736 , RMSE:0.361575 , MAE:0.256680 , MAPD:1.382350, R_squared:0.997737  
	Validation = MSE:0.141975 , RMSE:0.376796 , MAE:0.267366 , MAPD:1.469395, R_squared:0.997445

2024-03-21 05:30:24,102 Epoch 156/300, Train Loss: 0.128217, Val Loss: 0.140838  
	Train = MSE:0.129339 , RMSE:0.359638 , MAE:0.255851 , MAPD:1.379477, R_squared:0.997761  
	Validation = MSE:0.140838 , RMSE:0.375284 , MAE:0.266945 , MAPD:1.473603, R_squared:0.997466

2024-03-21 05:30:24,687 Epoch 157/300, Train Loss: 0.127823, Val Loss: 0.140215  
	Train = MSE:0.128396 , RMSE:0.358324 , MAE:0.255503 , MAPD:1.380092, R_squared:0.997777  
	Validation = MSE:0.140215 , RMSE:0.374453 , MAE:0.264492 , MAPD:1.457187, R_squared:0.997477

2024-03-21 05:30:25,269 Epoch 158/300, Train Loss: 0.125894, Val Loss: 0.141410  
	Train = MSE:0.127788 , RMSE:0.357475 , MAE:0.254041 , MAPD:1.368348, R_squared:0.997788  
	Validation = MSE:0.141410 , RMSE:0.376046 , MAE:0.265310 , MAPD:1.452932, R_squared:0.997455

2024-03-21 05:30:25,863 Epoch 159/300, Train Loss: 0.123029, Val Loss: 0.139261  
	Train = MSE:0.126805 , RMSE:0.356097 , MAE:0.254574 , MAPD:1.375581, R_squared:0.997805  
	Validation = MSE:0.139261 , RMSE:0.373177 , MAE:0.263849 , MAPD:1.445407, R_squared:0.997494

2024-03-21 05:30:26,444 Epoch 160/300, Train Loss: 0.134872, Val Loss: 0.140829  
	Train = MSE:0.125676 , RMSE:0.354508 , MAE:0.252904 , MAPD:1.365530, R_squared:0.997825  
	Validation = MSE:0.140829 , RMSE:0.375271 , MAE:0.264350 , MAPD:1.443486, R_squared:0.997466

2024-03-21 05:30:27,048 Epoch 161/300, Train Loss: 0.125815, Val Loss: 0.136318  
	Train = MSE:0.125088 , RMSE:0.353678 , MAE:0.250392 , MAPD:1.347538, R_squared:0.997835  
	Validation = MSE:0.136318 , RMSE:0.369212 , MAE:0.259928 , MAPD:1.429249, R_squared:0.997547

2024-03-21 05:30:29,116 Epoch 162/300, Train Loss: 0.118555, Val Loss: 0.135670  
	Train = MSE:0.123581 , RMSE:0.351542 , MAE:0.249840 , MAPD:1.348492, R_squared:0.997861  
	Validation = MSE:0.135670 , RMSE:0.368334 , MAE:0.260482 , MAPD:1.431419, R_squared:0.997559

2024-03-21 05:30:29,973 Epoch 163/300, Train Loss: 0.120501, Val Loss: 0.136231  
	Train = MSE:0.122776 , RMSE:0.350394 , MAE:0.250187 , MAPD:1.352709, R_squared:0.997875  
	Validation = MSE:0.136231 , RMSE:0.369095 , MAE:0.259247 , MAPD:1.416763, R_squared:0.997549

2024-03-21 05:30:30,765 Epoch 164/300, Train Loss: 0.120883, Val Loss: 0.134201  
	Train = MSE:0.122130 , RMSE:0.349471 , MAE:0.247883 , MAPD:1.335700, R_squared:0.997886  
	Validation = MSE:0.134201 , RMSE:0.366334 , MAE:0.256090 , MAPD:1.404641, R_squared:0.997585

2024-03-21 05:30:31,392 Epoch 165/300, Train Loss: 0.120996, Val Loss: 0.135854  
	Train = MSE:0.120838 , RMSE:0.347618 , MAE:0.248321 , MAPD:1.339424, R_squared:0.997908  
	Validation = MSE:0.135854 , RMSE:0.368584 , MAE:0.258230 , MAPD:1.408527, R_squared:0.997555

2024-03-21 05:30:31,961 Epoch 166/300, Train Loss: 0.119712, Val Loss: 0.130151  
	Train = MSE:0.119713 , RMSE:0.345995 , MAE:0.246687 , MAPD:1.328527, R_squared:0.997928  
	Validation = MSE:0.130151 , RMSE:0.360764 , MAE:0.251815 , MAPD:1.386626, R_squared:0.997658

2024-03-21 05:30:32,543 Epoch 167/300, Train Loss: 0.116672, Val Loss: 0.128997  
	Train = MSE:0.118470 , RMSE:0.344195 , MAE:0.244714 , MAPD:1.319774, R_squared:0.997949  
	Validation = MSE:0.128997 , RMSE:0.359162 , MAE:0.252458 , MAPD:1.391912, R_squared:0.997679

2024-03-21 05:30:33,095 Epoch 168/300, Train Loss: 0.119307, Val Loss: 0.130985  
	Train = MSE:0.117534 , RMSE:0.342832 , MAE:0.244459 , MAPD:1.320755, R_squared:0.997965  
	Validation = MSE:0.130985 , RMSE:0.361919 , MAE:0.253265 , MAPD:1.388026, R_squared:0.997643

2024-03-21 05:30:33,769 Epoch 169/300, Train Loss: 0.113585, Val Loss: 0.126537  
	Train = MSE:0.117425 , RMSE:0.342673 , MAE:0.244252 , MAPD:1.318857, R_squared:0.997967  
	Validation = MSE:0.126537 , RMSE:0.355721 , MAE:0.250732 , MAPD:1.386186, R_squared:0.997723

2024-03-21 05:30:34,582 Epoch 170/300, Train Loss: 0.118119, Val Loss: 0.125948  
	Train = MSE:0.116339 , RMSE:0.341086 , MAE:0.242038 , MAPD:1.305945, R_squared:0.997986  
	Validation = MSE:0.125948 , RMSE:0.354891 , MAE:0.247264 , MAPD:1.363613, R_squared:0.997734

2024-03-21 05:30:35,546 Epoch 171/300, Train Loss: 0.113530, Val Loss: 0.129029  
	Train = MSE:0.115230 , RMSE:0.339455 , MAE:0.241347 , MAPD:1.305696, R_squared:0.998005  
	Validation = MSE:0.129029 , RMSE:0.359206 , MAE:0.252176 , MAPD:1.380516, R_squared:0.997678

2024-03-21 05:30:38,424 Epoch 172/300, Train Loss: 0.116544, Val Loss: 0.124267  
	Train = MSE:0.114701 , RMSE:0.338676 , MAE:0.240948 , MAPD:1.304100, R_squared:0.998015  
	Validation = MSE:0.124267 , RMSE:0.352515 , MAE:0.246549 , MAPD:1.360311, R_squared:0.997764

2024-03-21 05:30:39,247 Epoch 173/300, Train Loss: 0.115420, Val Loss: 0.123923  
	Train = MSE:0.113770 , RMSE:0.337298 , MAE:0.239499 , MAPD:1.295069, R_squared:0.998031  
	Validation = MSE:0.123923 , RMSE:0.352027 , MAE:0.246525 , MAPD:1.357468, R_squared:0.997770

2024-03-21 05:30:39,789 Epoch 174/300, Train Loss: 0.112428, Val Loss: 0.121942  
	Train = MSE:0.113123 , RMSE:0.336337 , MAE:0.238663 , MAPD:1.290282, R_squared:0.998042  
	Validation = MSE:0.121942 , RMSE:0.349202 , MAE:0.250761 , MAPD:1.407241, R_squared:0.997806

2024-03-21 05:30:40,369 Epoch 175/300, Train Loss: 0.113931, Val Loss: 0.123017  
	Train = MSE:0.114719 , RMSE:0.338702 , MAE:0.242827 , MAPD:1.317573, R_squared:0.998014  
	Validation = MSE:0.123017 , RMSE:0.350738 , MAE:0.244572 , MAPD:1.344645, R_squared:0.997786

2024-03-21 05:30:40,935 Epoch 176/300, Train Loss: 0.110466, Val Loss: 0.131834  
	Train = MSE:0.112521 , RMSE:0.335442 , MAE:0.240544 , MAPD:1.303426, R_squared:0.998052  
	Validation = MSE:0.131834 , RMSE:0.363089 , MAE:0.255099 , MAPD:1.382816, R_squared:0.997628

2024-03-21 05:30:41,498 Epoch 177/300, Train Loss: 0.112010, Val Loss: 0.119782  
	Train = MSE:0.112023 , RMSE:0.334698 , MAE:0.238014 , MAPD:1.289944, R_squared:0.998061  
	Validation = MSE:0.119782 , RMSE:0.346096 , MAE:0.242626 , MAPD:1.344000, R_squared:0.997845

2024-03-21 05:30:42,109 Epoch 178/300, Train Loss: 0.110770, Val Loss: 0.120441  
	Train = MSE:0.110543 , RMSE:0.332481 , MAE:0.235457 , MAPD:1.274984, R_squared:0.998086  
	Validation = MSE:0.120441 , RMSE:0.347047 , MAE:0.242616 , MAPD:1.336080, R_squared:0.997833

2024-03-21 05:30:42,858 Epoch 179/300, Train Loss: 0.111179, Val Loss: 0.120432  
	Train = MSE:0.109596 , RMSE:0.331053 , MAE:0.236072 , MAPD:1.280522, R_squared:0.998103  
	Validation = MSE:0.120432 , RMSE:0.347033 , MAE:0.243029 , MAPD:1.336706, R_squared:0.997833

2024-03-21 05:30:43,629 Epoch 180/300, Train Loss: 0.107985, Val Loss: 0.117015  
	Train = MSE:0.108751 , RMSE:0.329774 , MAE:0.233926 , MAPD:1.265999, R_squared:0.998118  
	Validation = MSE:0.117015 , RMSE:0.342075 , MAE:0.238133 , MAPD:1.317691, R_squared:0.997894

2024-03-21 05:30:44,256 Epoch 181/300, Train Loss: 0.107281, Val Loss: 0.127066  
	Train = MSE:0.107911 , RMSE:0.328497 , MAE:0.234499 , MAPD:1.269039, R_squared:0.998132  
	Validation = MSE:0.127066 , RMSE:0.356463 , MAE:0.249456 , MAPD:1.351672, R_squared:0.997714

2024-03-21 05:30:46,951 Epoch 182/300, Train Loss: 0.110243, Val Loss: 0.119443  
	Train = MSE:0.109445 , RMSE:0.330825 , MAE:0.236626 , MAPD:1.284541, R_squared:0.998105  
	Validation = MSE:0.119442 , RMSE:0.345605 , MAE:0.241723 , MAPD:1.325668, R_squared:0.997851

2024-03-21 05:30:47,514 Epoch 183/300, Train Loss: 0.108093, Val Loss: 0.114844  
	Train = MSE:0.108441 , RMSE:0.329303 , MAE:0.233454 , MAPD:1.259975, R_squared:0.998123  
	Validation = MSE:0.114844 , RMSE:0.338887 , MAE:0.237895 , MAPD:1.321495, R_squared:0.997933

2024-03-21 05:30:48,086 Epoch 184/300, Train Loss: 0.107760, Val Loss: 0.114962  
	Train = MSE:0.107184 , RMSE:0.327389 , MAE:0.231834 , MAPD:1.252979, R_squared:0.998145  
	Validation = MSE:0.114962 , RMSE:0.339061 , MAE:0.240293 , MAPD:1.338957, R_squared:0.997931

2024-03-21 05:30:48,677 Epoch 185/300, Train Loss: 0.105575, Val Loss: 0.115587  
	Train = MSE:0.106638 , RMSE:0.326555 , MAE:0.233217 , MAPD:1.265367, R_squared:0.998154  
	Validation = MSE:0.115587 , RMSE:0.339981 , MAE:0.236833 , MAPD:1.302922, R_squared:0.997920

2024-03-21 05:30:49,260 Epoch 186/300, Train Loss: 0.102896, Val Loss: 0.114578  
	Train = MSE:0.104752 , RMSE:0.323654 , MAE:0.229562 , MAPD:1.243579, R_squared:0.998187  
	Validation = MSE:0.114578 , RMSE:0.338494 , MAE:0.235237 , MAPD:1.297127, R_squared:0.997938

2024-03-21 05:30:49,833 Epoch 187/300, Train Loss: 0.099606, Val Loss: 0.113310  
	Train = MSE:0.104036 , RMSE:0.322547 , MAE:0.228683 , MAPD:1.239601, R_squared:0.998199  
	Validation = MSE:0.113310 , RMSE:0.336615 , MAE:0.234657 , MAPD:1.297998, R_squared:0.997961

2024-03-21 05:30:50,416 Epoch 188/300, Train Loss: 0.103787, Val Loss: 0.111798  
	Train = MSE:0.104461 , RMSE:0.323204 , MAE:0.229206 , MAPD:1.241478, R_squared:0.998192  
	Validation = MSE:0.111798 , RMSE:0.334362 , MAE:0.234748 , MAPD:1.303436, R_squared:0.997988

2024-03-21 05:30:50,995 Epoch 189/300, Train Loss: 0.106913, Val Loss: 0.112010  
	Train = MSE:0.103226 , RMSE:0.321287 , MAE:0.228421 , MAPD:1.237558, R_squared:0.998213  
	Validation = MSE:0.112010 , RMSE:0.334679 , MAE:0.232831 , MAPD:1.284197, R_squared:0.997984

2024-03-21 05:30:51,609 Epoch 190/300, Train Loss: 0.100451, Val Loss: 0.114020  
	Train = MSE:0.102601 , RMSE:0.320314 , MAE:0.227751 , MAPD:1.236153, R_squared:0.998224  
	Validation = MSE:0.114020 , RMSE:0.337668 , MAE:0.233949 , MAPD:1.284004, R_squared:0.997948

2024-03-21 05:30:52,216 Epoch 191/300, Train Loss: 0.099552, Val Loss: 0.110526  
	Train = MSE:0.101893 , RMSE:0.319206 , MAE:0.226733 , MAPD:1.232530, R_squared:0.998236  
	Validation = MSE:0.110526 , RMSE:0.332455 , MAE:0.233012 , MAPD:1.290800, R_squared:0.998011

2024-03-21 05:30:54,236 Epoch 192/300, Train Loss: 0.100374, Val Loss: 0.109294  
	Train = MSE:0.101486 , RMSE:0.318569 , MAE:0.226433 , MAPD:1.230608, R_squared:0.998243  
	Validation = MSE:0.109294 , RMSE:0.330597 , MAE:0.230669 , MAPD:1.276722, R_squared:0.998033

2024-03-21 05:30:54,822 Epoch 193/300, Train Loss: 0.096913, Val Loss: 0.108667  
	Train = MSE:0.101328 , RMSE:0.318321 , MAE:0.226601 , MAPD:1.229156, R_squared:0.998246  
	Validation = MSE:0.108667 , RMSE:0.329647 , MAE:0.229999 , MAPD:1.273583, R_squared:0.998045

2024-03-21 05:30:55,411 Epoch 194/300, Train Loss: 0.103638, Val Loss: 0.110520  
	Train = MSE:0.100289 , RMSE:0.316685 , MAE:0.225562 , MAPD:1.224322, R_squared:0.998264  
	Validation = MSE:0.110520 , RMSE:0.332446 , MAE:0.230858 , MAPD:1.271240, R_squared:0.998011

2024-03-21 05:30:56,013 Epoch 195/300, Train Loss: 0.094733, Val Loss: 0.113044  
	Train = MSE:0.099962 , RMSE:0.316167 , MAE:0.225294 , MAPD:1.223082, R_squared:0.998270  
	Validation = MSE:0.113044 , RMSE:0.336220 , MAE:0.232496 , MAPD:1.274351, R_squared:0.997966

2024-03-21 05:30:56,587 Epoch 196/300, Train Loss: 0.101369, Val Loss: 0.114133  
	Train = MSE:0.100241 , RMSE:0.316609 , MAE:0.225485 , MAPD:1.221619, R_squared:0.998265  
	Validation = MSE:0.114133 , RMSE:0.337835 , MAE:0.233855 , MAPD:1.277995, R_squared:0.997946

2024-03-21 05:30:57,180 Epoch 197/300, Train Loss: 0.100095, Val Loss: 0.113622  
	Train = MSE:0.099831 , RMSE:0.315960 , MAE:0.225950 , MAPD:1.228330, R_squared:0.998272  
	Validation = MSE:0.113622 , RMSE:0.337079 , MAE:0.233815 , MAPD:1.274389, R_squared:0.997955

2024-03-21 05:30:57,769 Epoch 198/300, Train Loss: 0.100587, Val Loss: 0.113034  
	Train = MSE:0.099503 , RMSE:0.315441 , MAE:0.225953 , MAPD:1.224926, R_squared:0.998278  
	Validation = MSE:0.113034 , RMSE:0.336206 , MAE:0.232520 , MAPD:1.271528, R_squared:0.997966

2024-03-21 05:30:58,343 Epoch 199/300, Train Loss: 0.099548, Val Loss: 0.109842  
	Train = MSE:0.099082 , RMSE:0.314773 , MAE:0.223271 , MAPD:1.208760, R_squared:0.998285  
	Validation = MSE:0.109842 , RMSE:0.331425 , MAE:0.229241 , MAPD:1.256952, R_squared:0.998023

2024-03-21 05:30:58,904 Epoch 200/300, Train Loss: 0.096949, Val Loss: 0.107642  
	Train = MSE:0.099002 , RMSE:0.314645 , MAE:0.224702 , MAPD:1.223656, R_squared:0.998286  
	Validation = MSE:0.107642 , RMSE:0.328088 , MAE:0.227240 , MAPD:1.250486, R_squared:0.998063

2024-03-21 05:30:59,487 Epoch 201/300, Train Loss: 0.099435, Val Loss: 0.104585  
	Train = MSE:0.096822 , RMSE:0.311162 , MAE:0.220421 , MAPD:1.195732, R_squared:0.998324  
	Validation = MSE:0.104585 , RMSE:0.323396 , MAE:0.227586 , MAPD:1.267235, R_squared:0.998118

2024-03-21 05:31:01,516 Epoch 202/300, Train Loss: 0.095818, Val Loss: 0.104404  
	Train = MSE:0.098019 , RMSE:0.313081 , MAE:0.223450 , MAPD:1.209122, R_squared:0.998303  
	Validation = MSE:0.104404 , RMSE:0.323117 , MAE:0.229553 , MAPD:1.282022, R_squared:0.998121

2024-03-21 05:31:02,104 Epoch 203/300, Train Loss: 0.094823, Val Loss: 0.103790  
	Train = MSE:0.097781 , RMSE:0.312700 , MAE:0.224069 , MAPD:1.217468, R_squared:0.998307  
	Validation = MSE:0.103790 , RMSE:0.322165 , MAE:0.227623 , MAPD:1.269642, R_squared:0.998132

2024-03-21 05:31:02,693 Epoch 204/300, Train Loss: 0.103874, Val Loss: 0.103363  
	Train = MSE:0.098475 , RMSE:0.313807 , MAE:0.226335 , MAPD:1.224707, R_squared:0.998295  
	Validation = MSE:0.103363 , RMSE:0.321500 , MAE:0.223281 , MAPD:1.234126, R_squared:0.998140

2024-03-21 05:31:03,274 Epoch 205/300, Train Loss: 0.096533, Val Loss: 0.116088  
	Train = MSE:0.097683 , RMSE:0.312543 , MAE:0.227158 , MAPD:1.231896, R_squared:0.998309  
	Validation = MSE:0.116088 , RMSE:0.340717 , MAE:0.238432 , MAPD:1.294686, R_squared:0.997911

2024-03-21 05:31:03,850 Epoch 206/300, Train Loss: 0.094443, Val Loss: 0.110350  
	Train = MSE:0.097427 , RMSE:0.312133 , MAE:0.225041 , MAPD:1.222320, R_squared:0.998314  
	Validation = MSE:0.110350 , RMSE:0.332190 , MAE:0.230690 , MAPD:1.261020, R_squared:0.998014

2024-03-21 05:31:04,626 Epoch 207/300, Train Loss: 0.094013, Val Loss: 0.116431  
	Train = MSE:0.096481 , RMSE:0.310614 , MAE:0.222244 , MAPD:1.206111, R_squared:0.998330  
	Validation = MSE:0.116431 , RMSE:0.341220 , MAE:0.239235 , MAPD:1.301262, R_squared:0.997905

2024-03-21 05:31:05,431 Epoch 208/300, Train Loss: 0.092623, Val Loss: 0.105544  
	Train = MSE:0.095407 , RMSE:0.308880 , MAE:0.222365 , MAPD:1.207049, R_squared:0.998348  
	Validation = MSE:0.105544 , RMSE:0.324876 , MAE:0.224784 , MAPD:1.234066, R_squared:0.998101

2024-03-21 05:31:06,225 Epoch 209/300, Train Loss: 0.093427, Val Loss: 0.100067  
	Train = MSE:0.094509 , RMSE:0.307424 , MAE:0.218601 , MAPD:1.187234, R_squared:0.998364  
	Validation = MSE:0.100067 , RMSE:0.316334 , MAE:0.223390 , MAPD:1.246449, R_squared:0.998199

2024-03-21 05:31:07,052 Epoch 210/300, Train Loss: 0.094175, Val Loss: 0.100350  
	Train = MSE:0.093385 , RMSE:0.305589 , MAE:0.216740 , MAPD:1.176064, R_squared:0.998383  
	Validation = MSE:0.100350 , RMSE:0.316781 , MAE:0.225377 , MAPD:1.261141, R_squared:0.998194

2024-03-21 05:31:07,843 Epoch 211/300, Train Loss: 0.090821, Val Loss: 0.099570  
	Train = MSE:0.094037 , RMSE:0.306654 , MAE:0.219397 , MAPD:1.189603, R_squared:0.998372  
	Validation = MSE:0.099570 , RMSE:0.315548 , MAE:0.222645 , MAPD:1.241245, R_squared:0.998208

2024-03-21 05:31:09,934 Epoch 212/300, Train Loss: 0.090193, Val Loss: 0.099391  
	Train = MSE:0.092140 , RMSE:0.303546 , MAE:0.216736 , MAPD:1.178728, R_squared:0.998405  
	Validation = MSE:0.099391 , RMSE:0.315263 , MAE:0.220055 , MAPD:1.222373, R_squared:0.998212

2024-03-21 05:31:10,498 Epoch 213/300, Train Loss: 0.091573, Val Loss: 0.099689  
	Train = MSE:0.091823 , RMSE:0.303024 , MAE:0.215735 , MAPD:1.170993, R_squared:0.998411  
	Validation = MSE:0.099689 , RMSE:0.315736 , MAE:0.220788 , MAPD:1.225156, R_squared:0.998206

2024-03-21 05:31:11,103 Epoch 214/300, Train Loss: 0.089877, Val Loss: 0.098017  
	Train = MSE:0.090745 , RMSE:0.301239 , MAE:0.213827 , MAPD:1.162489, R_squared:0.998429  
	Validation = MSE:0.098017 , RMSE:0.313077 , MAE:0.220507 , MAPD:1.229422, R_squared:0.998236

2024-03-21 05:31:11,799 Epoch 215/300, Train Loss: 0.091237, Val Loss: 0.098188  
	Train = MSE:0.091617 , RMSE:0.302682 , MAE:0.215993 , MAPD:1.172427, R_squared:0.998414  
	Validation = MSE:0.098188 , RMSE:0.313349 , MAE:0.222243 , MAPD:1.240763, R_squared:0.998233

2024-03-21 05:31:12,609 Epoch 216/300, Train Loss: 0.091739, Val Loss: 0.100366  
	Train = MSE:0.090486 , RMSE:0.300809 , MAE:0.216068 , MAPD:1.176938, R_squared:0.998434  
	Validation = MSE:0.100366 , RMSE:0.316807 , MAE:0.220004 , MAPD:1.212741, R_squared:0.998194

2024-03-21 05:31:13,230 Epoch 217/300, Train Loss: 0.090047, Val Loss: 0.097305  
	Train = MSE:0.089193 , RMSE:0.298652 , MAE:0.212320 , MAPD:1.154387, R_squared:0.998456  
	Validation = MSE:0.097305 , RMSE:0.311937 , MAE:0.218304 , MAPD:1.214704, R_squared:0.998249

2024-03-21 05:31:13,829 Epoch 218/300, Train Loss: 0.089806, Val Loss: 0.099058  
	Train = MSE:0.088757 , RMSE:0.297920 , MAE:0.212502 , MAPD:1.157157, R_squared:0.998464  
	Validation = MSE:0.099058 , RMSE:0.314734 , MAE:0.218338 , MAPD:1.205665, R_squared:0.998218

2024-03-21 05:31:15,168 Epoch 219/300, Train Loss: 0.086868, Val Loss: 0.096956  
	Train = MSE:0.088216 , RMSE:0.297011 , MAE:0.211324 , MAPD:1.150327, R_squared:0.998473  
	Validation = MSE:0.096956 , RMSE:0.311378 , MAE:0.216325 , MAPD:1.199457, R_squared:0.998255

2024-03-21 05:31:15,748 Epoch 220/300, Train Loss: 0.088896, Val Loss: 0.097296  
	Train = MSE:0.088836 , RMSE:0.298054 , MAE:0.212633 , MAPD:1.155449, R_squared:0.998462  
	Validation = MSE:0.097296 , RMSE:0.311924 , MAE:0.216620 , MAPD:1.198930, R_squared:0.998249

2024-03-21 05:31:16,343 Epoch 221/300, Train Loss: 0.088634, Val Loss: 0.095423  
	Train = MSE:0.089352 , RMSE:0.298918 , MAE:0.213458 , MAPD:1.160747, R_squared:0.998453  
	Validation = MSE:0.095423 , RMSE:0.308907 , MAE:0.216943 , MAPD:1.208898, R_squared:0.998283

2024-03-21 05:31:18,681 Epoch 222/300, Train Loss: 0.093951, Val Loss: 0.095042  
	Train = MSE:0.089197 , RMSE:0.298658 , MAE:0.211553 , MAPD:1.148932, R_squared:0.998456  
	Validation = MSE:0.095042 , RMSE:0.308289 , MAE:0.217679 , MAPD:1.215089, R_squared:0.998290

2024-03-21 05:31:19,867 Epoch 223/300, Train Loss: 0.088314, Val Loss: 0.094749  
	Train = MSE:0.088979 , RMSE:0.298294 , MAE:0.211743 , MAPD:1.150626, R_squared:0.998460  
	Validation = MSE:0.094749 , RMSE:0.307813 , MAE:0.218880 , MAPD:1.224874, R_squared:0.998295

2024-03-21 05:31:20,693 Epoch 224/300, Train Loss: 0.085026, Val Loss: 0.094629  
	Train = MSE:0.087772 , RMSE:0.296264 , MAE:0.210582 , MAPD:1.144496, R_squared:0.998481  
	Validation = MSE:0.094629 , RMSE:0.307618 , MAE:0.215693 , MAPD:1.202269, R_squared:0.998297

2024-03-21 05:31:21,517 Epoch 225/300, Train Loss: 0.090153, Val Loss: 0.094100  
	Train = MSE:0.086635 , RMSE:0.294338 , MAE:0.209063 , MAPD:1.135794, R_squared:0.998500  
	Validation = MSE:0.094100 , RMSE:0.306758 , MAE:0.216889 , MAPD:1.211990, R_squared:0.998307

2024-03-21 05:31:22,102 Epoch 226/300, Train Loss: 0.085793, Val Loss: 0.094292  
	Train = MSE:0.085915 , RMSE:0.293113 , MAE:0.208817 , MAPD:1.135760, R_squared:0.998513  
	Validation = MSE:0.094292 , RMSE:0.307070 , MAE:0.215093 , MAPD:1.194924, R_squared:0.998303

2024-03-21 05:31:22,682 Epoch 227/300, Train Loss: 0.088581, Val Loss: 0.093306  
	Train = MSE:0.085873 , RMSE:0.293041 , MAE:0.209699 , MAPD:1.142113, R_squared:0.998514  
	Validation = MSE:0.093306 , RMSE:0.305460 , MAE:0.214090 , MAPD:1.189724, R_squared:0.998321

2024-03-21 05:31:23,288 Epoch 228/300, Train Loss: 0.081612, Val Loss: 0.096362  
	Train = MSE:0.084960 , RMSE:0.291479 , MAE:0.208338 , MAPD:1.135020, R_squared:0.998529  
	Validation = MSE:0.096362 , RMSE:0.310422 , MAE:0.215918 , MAPD:1.190843, R_squared:0.998266

2024-03-21 05:31:23,863 Epoch 229/300, Train Loss: 0.084515, Val Loss: 0.097065  
	Train = MSE:0.085870 , RMSE:0.293036 , MAE:0.209199 , MAPD:1.142468, R_squared:0.998514  
	Validation = MSE:0.097065 , RMSE:0.311552 , MAE:0.216840 , MAPD:1.194897, R_squared:0.998253

2024-03-21 05:31:24,452 Epoch 230/300, Train Loss: 0.086086, Val Loss: 0.092323  
	Train = MSE:0.085241 , RMSE:0.291960 , MAE:0.207759 , MAPD:1.131784, R_squared:0.998524  
	Validation = MSE:0.092323 , RMSE:0.303847 , MAE:0.212870 , MAPD:1.186082, R_squared:0.998339

2024-03-21 05:31:25,133 Epoch 231/300, Train Loss: 0.084281, Val Loss: 0.092513  
	Train = MSE:0.086243 , RMSE:0.293672 , MAE:0.209236 , MAPD:1.136326, R_squared:0.998507  
	Validation = MSE:0.092513 , RMSE:0.304159 , MAE:0.212324 , MAPD:1.178583, R_squared:0.998335

2024-03-21 05:31:27,692 Epoch 232/300, Train Loss: 0.084400, Val Loss: 0.096371  
	Train = MSE:0.085795 , RMSE:0.292907 , MAE:0.209539 , MAPD:1.140657, R_squared:0.998515  
	Validation = MSE:0.096371 , RMSE:0.310437 , MAE:0.215966 , MAPD:1.189408, R_squared:0.998266

2024-03-21 05:31:28,682 Epoch 233/300, Train Loss: 0.085331, Val Loss: 0.093684  
	Train = MSE:0.087662 , RMSE:0.296078 , MAE:0.211357 , MAPD:1.148929, R_squared:0.998483  
	Validation = MSE:0.093684 , RMSE:0.306078 , MAE:0.212102 , MAPD:1.173132, R_squared:0.998314

2024-03-21 05:31:29,383 Epoch 234/300, Train Loss: 0.086509, Val Loss: 0.105359  
	Train = MSE:0.088159 , RMSE:0.296916 , MAE:0.212516 , MAPD:1.154096, R_squared:0.998474  
	Validation = MSE:0.105359 , RMSE:0.324590 , MAE:0.226898 , MAPD:1.236500, R_squared:0.998104

2024-03-21 05:31:30,041 Epoch 235/300, Train Loss: 0.088162, Val Loss: 0.096697  
	Train = MSE:0.091034 , RMSE:0.301719 , MAE:0.218119 , MAPD:1.183843, R_squared:0.998424  
	Validation = MSE:0.096697 , RMSE:0.310962 , MAE:0.215774 , MAPD:1.186033, R_squared:0.998260

2024-03-21 05:31:30,705 Epoch 236/300, Train Loss: 0.087963, Val Loss: 0.090981  
	Train = MSE:0.088979 , RMSE:0.298294 , MAE:0.214342 , MAPD:1.158814, R_squared:0.998460  
	Validation = MSE:0.090981 , RMSE:0.301631 , MAE:0.209315 , MAPD:1.161909, R_squared:0.998363

2024-03-21 05:31:31,368 Epoch 237/300, Train Loss: 0.085084, Val Loss: 0.095205  
	Train = MSE:0.086350 , RMSE:0.293853 , MAE:0.210752 , MAPD:1.143528, R_squared:0.998505  
	Validation = MSE:0.095205 , RMSE:0.308554 , MAE:0.214481 , MAPD:1.180968, R_squared:0.998287

2024-03-21 05:31:32,021 Epoch 238/300, Train Loss: 0.084538, Val Loss: 0.091614  
	Train = MSE:0.085940 , RMSE:0.293156 , MAE:0.208147 , MAPD:1.127687, R_squared:0.998512  
	Validation = MSE:0.091614 , RMSE:0.302677 , MAE:0.209641 , MAPD:1.161473, R_squared:0.998352

2024-03-21 05:31:32,605 Epoch 239/300, Train Loss: 0.081246, Val Loss: 0.090081  
	Train = MSE:0.084272 , RMSE:0.290297 , MAE:0.207325 , MAPD:1.126006, R_squared:0.998541  
	Validation = MSE:0.090081 , RMSE:0.300134 , MAE:0.208948 , MAPD:1.164118, R_squared:0.998379

2024-03-21 05:31:33,181 Epoch 240/300, Train Loss: 0.081193, Val Loss: 0.089306  
	Train = MSE:0.082536 , RMSE:0.287292 , MAE:0.203748 , MAPD:1.105663, R_squared:0.998571  
	Validation = MSE:0.089306 , RMSE:0.298841 , MAE:0.208945 , MAPD:1.167725, R_squared:0.998393

2024-03-21 05:31:33,765 Epoch 241/300, Train Loss: 0.083645, Val Loss: 0.089088  
	Train = MSE:0.081578 , RMSE:0.285619 , MAE:0.201961 , MAPD:1.096765, R_squared:0.998588  
	Validation = MSE:0.089088 , RMSE:0.298476 , MAE:0.212015 , MAPD:1.189792, R_squared:0.998397

2024-03-21 05:31:36,041 Epoch 242/300, Train Loss: 0.080004, Val Loss: 0.088507  
	Train = MSE:0.080591 , RMSE:0.283885 , MAE:0.201984 , MAPD:1.104060, R_squared:0.998605  
	Validation = MSE:0.088507 , RMSE:0.297501 , MAE:0.209173 , MAPD:1.170046, R_squared:0.998407

2024-03-21 05:31:36,884 Epoch 243/300, Train Loss: 0.080633, Val Loss: 0.088395  
	Train = MSE:0.080886 , RMSE:0.284404 , MAE:0.202865 , MAPD:1.106656, R_squared:0.998600  
	Validation = MSE:0.088395 , RMSE:0.297314 , MAE:0.207658 , MAPD:1.160058, R_squared:0.998409

2024-03-21 05:31:37,528 Epoch 244/300, Train Loss: 0.080541, Val Loss: 0.088223  
	Train = MSE:0.080728 , RMSE:0.284127 , MAE:0.202292 , MAPD:1.102204, R_squared:0.998603  
	Validation = MSE:0.088223 , RMSE:0.297023 , MAE:0.206735 , MAPD:1.153178, R_squared:0.998413

2024-03-21 05:31:38,097 Epoch 245/300, Train Loss: 0.084610, Val Loss: 0.087845  
	Train = MSE:0.081427 , RMSE:0.285353 , MAE:0.202660 , MAPD:1.100634, R_squared:0.998590  
	Validation = MSE:0.087845 , RMSE:0.296386 , MAE:0.206482 , MAPD:1.151694, R_squared:0.998419

2024-03-21 05:31:38,677 Epoch 246/300, Train Loss: 0.083501, Val Loss: 0.088588  
	Train = MSE:0.080509 , RMSE:0.283742 , MAE:0.203173 , MAPD:1.109772, R_squared:0.998606  
	Validation = MSE:0.088588 , RMSE:0.297637 , MAE:0.207125 , MAPD:1.149334, R_squared:0.998406

2024-03-21 05:31:39,285 Epoch 247/300, Train Loss: 0.081582, Val Loss: 0.088255  
	Train = MSE:0.080003 , RMSE:0.282848 , MAE:0.202291 , MAPD:1.101857, R_squared:0.998615  
	Validation = MSE:0.088255 , RMSE:0.297077 , MAE:0.205838 , MAPD:1.142935, R_squared:0.998412

2024-03-21 05:31:39,868 Epoch 248/300, Train Loss: 0.083389, Val Loss: 0.086814  
	Train = MSE:0.079096 , RMSE:0.281240 , MAE:0.200538 , MAPD:1.092705, R_squared:0.998631  
	Validation = MSE:0.086814 , RMSE:0.294642 , MAE:0.206648 , MAPD:1.155254, R_squared:0.998438

2024-03-21 05:31:40,448 Epoch 249/300, Train Loss: 0.080155, Val Loss: 0.086073  
	Train = MSE:0.078435 , RMSE:0.280062 , MAE:0.199335 , MAPD:1.085779, R_squared:0.998642  
	Validation = MSE:0.086073 , RMSE:0.293382 , MAE:0.204710 , MAPD:1.142011, R_squared:0.998451

2024-03-21 05:31:41,018 Epoch 250/300, Train Loss: 0.081655, Val Loss: 0.086619  
	Train = MSE:0.078249 , RMSE:0.279730 , MAE:0.198502 , MAPD:1.078453, R_squared:0.998646  
	Validation = MSE:0.086619 , RMSE:0.294311 , MAE:0.210432 , MAPD:1.182715, R_squared:0.998441

2024-03-21 05:31:41,608 Epoch 251/300, Train Loss: 0.078258, Val Loss: 0.084902  
	Train = MSE:0.078371 , RMSE:0.279949 , MAE:0.201852 , MAPD:1.100003, R_squared:0.998643  
	Validation = MSE:0.084902 , RMSE:0.291380 , MAE:0.202888 , MAPD:1.134151, R_squared:0.998472

2024-03-21 05:31:44,521 Epoch 252/300, Train Loss: 0.075163, Val Loss: 0.085130  
	Train = MSE:0.076324 , RMSE:0.276267 , MAE:0.197627 , MAPD:1.077044, R_squared:0.998679  
	Validation = MSE:0.085130 , RMSE:0.291771 , MAE:0.204081 , MAPD:1.135484, R_squared:0.998468

2024-03-21 05:31:45,121 Epoch 253/300, Train Loss: 0.078653, Val Loss: 0.087759  
	Train = MSE:0.075571 , RMSE:0.274901 , MAE:0.196473 , MAPD:1.070656, R_squared:0.998692  
	Validation = MSE:0.087759 , RMSE:0.296242 , MAE:0.206333 , MAPD:1.139587, R_squared:0.998421

2024-03-21 05:31:45,692 Epoch 254/300, Train Loss: 0.079239, Val Loss: 0.087563  
	Train = MSE:0.075819 , RMSE:0.275352 , MAE:0.197458 , MAPD:1.078332, R_squared:0.998688  
	Validation = MSE:0.087563 , RMSE:0.295911 , MAE:0.205654 , MAPD:1.140731, R_squared:0.998424

2024-03-21 05:31:46,267 Epoch 255/300, Train Loss: 0.074658, Val Loss: 0.087081  
	Train = MSE:0.075164 , RMSE:0.274160 , MAE:0.196578 , MAPD:1.070924, R_squared:0.998699  
	Validation = MSE:0.087081 , RMSE:0.295095 , MAE:0.205293 , MAPD:1.137440, R_squared:0.998433

2024-03-21 05:31:46,847 Epoch 256/300, Train Loss: 0.075466, Val Loss: 0.097388  
	Train = MSE:0.075442 , RMSE:0.274668 , MAE:0.197292 , MAPD:1.076359, R_squared:0.998694  
	Validation = MSE:0.097388 , RMSE:0.312070 , MAE:0.218858 , MAPD:1.193359, R_squared:0.998248

2024-03-21 05:31:47,435 Epoch 257/300, Train Loss: 0.077881, Val Loss: 0.088082  
	Train = MSE:0.078683 , RMSE:0.280505 , MAE:0.202424 , MAPD:1.101445, R_squared:0.998638  
	Validation = MSE:0.088082 , RMSE:0.296787 , MAE:0.205337 , MAPD:1.139908, R_squared:0.998415

2024-03-21 05:31:48,015 Epoch 258/300, Train Loss: 0.074780, Val Loss: 0.085605  
	Train = MSE:0.074372 , RMSE:0.272712 , MAE:0.194346 , MAPD:1.061142, R_squared:0.998713  
	Validation = MSE:0.085605 , RMSE:0.292584 , MAE:0.203467 , MAPD:1.126126, R_squared:0.998460

2024-03-21 05:31:48,640 Epoch 259/300, Train Loss: 0.072533, Val Loss: 0.084823  
	Train = MSE:0.073905 , RMSE:0.271855 , MAE:0.194824 , MAPD:1.061217, R_squared:0.998721  
	Validation = MSE:0.084823 , RMSE:0.291244 , MAE:0.200942 , MAPD:1.120972, R_squared:0.998474

2024-03-21 05:31:49,229 Epoch 260/300, Train Loss: 0.072795, Val Loss: 0.084940  
	Train = MSE:0.073843 , RMSE:0.271740 , MAE:0.193648 , MAPD:1.056190, R_squared:0.998722  
	Validation = MSE:0.084940 , RMSE:0.291445 , MAE:0.202322 , MAPD:1.121671, R_squared:0.998472

2024-03-21 05:31:49,806 Epoch 261/300, Train Loss: 0.071404, Val Loss: 0.081544  
	Train = MSE:0.073445 , RMSE:0.271007 , MAE:0.192663 , MAPD:1.050726, R_squared:0.998729  
	Validation = MSE:0.081544 , RMSE:0.285559 , MAE:0.198928 , MAPD:1.114660, R_squared:0.998533

2024-03-21 05:31:52,367 Epoch 262/300, Train Loss: 0.075688, Val Loss: 0.081775  
	Train = MSE:0.073381 , RMSE:0.270890 , MAE:0.193236 , MAPD:1.054390, R_squared:0.998730  
	Validation = MSE:0.081775 , RMSE:0.285963 , MAE:0.204426 , MAPD:1.151753, R_squared:0.998529

2024-03-21 05:31:53,182 Epoch 263/300, Train Loss: 0.073637, Val Loss: 0.081275  
	Train = MSE:0.074770 , RMSE:0.273441 , MAE:0.196752 , MAPD:1.075423, R_squared:0.998706  
	Validation = MSE:0.081275 , RMSE:0.285087 , MAE:0.201156 , MAPD:1.132075, R_squared:0.998538

2024-03-21 05:31:53,894 Epoch 264/300, Train Loss: 0.072663, Val Loss: 0.081239  
	Train = MSE:0.072709 , RMSE:0.269647 , MAE:0.193461 , MAPD:1.057209, R_squared:0.998741  
	Validation = MSE:0.081239 , RMSE:0.285025 , MAE:0.197802 , MAPD:1.106744, R_squared:0.998538

2024-03-21 05:31:54,482 Epoch 265/300, Train Loss: 0.069888, Val Loss: 0.083434  
	Train = MSE:0.072481 , RMSE:0.269222 , MAE:0.191044 , MAPD:1.041787, R_squared:0.998745  
	Validation = MSE:0.083434 , RMSE:0.288849 , MAE:0.202217 , MAPD:1.123615, R_squared:0.998499

2024-03-21 05:31:55,032 Epoch 266/300, Train Loss: 0.073288, Val Loss: 0.084255  
	Train = MSE:0.072655 , RMSE:0.269546 , MAE:0.193572 , MAPD:1.054651, R_squared:0.998742  
	Validation = MSE:0.084255 , RMSE:0.290267 , MAE:0.201296 , MAPD:1.125951, R_squared:0.998484

2024-03-21 05:31:55,613 Epoch 267/300, Train Loss: 0.071463, Val Loss: 0.081749  
	Train = MSE:0.072609 , RMSE:0.269460 , MAE:0.192308 , MAPD:1.048472, R_squared:0.998743  
	Validation = MSE:0.081749 , RMSE:0.285918 , MAE:0.198928 , MAPD:1.108249, R_squared:0.998529

2024-03-21 05:31:56,166 Epoch 268/300, Train Loss: 0.070553, Val Loss: 0.079624  
	Train = MSE:0.072131 , RMSE:0.268572 , MAE:0.189552 , MAPD:1.034523, R_squared:0.998751  
	Validation = MSE:0.079624 , RMSE:0.282178 , MAE:0.199934 , MAPD:1.125748, R_squared:0.998567

2024-03-21 05:31:56,735 Epoch 269/300, Train Loss: 0.073129, Val Loss: 0.080646  
	Train = MSE:0.071944 , RMSE:0.268224 , MAE:0.192857 , MAPD:1.049582, R_squared:0.998755  
	Validation = MSE:0.080646 , RMSE:0.283983 , MAE:0.200067 , MAPD:1.119132, R_squared:0.998549

2024-03-21 05:31:57,303 Epoch 270/300, Train Loss: 0.071339, Val Loss: 0.080634  
	Train = MSE:0.072435 , RMSE:0.269138 , MAE:0.190668 , MAPD:1.035651, R_squared:0.998746  
	Validation = MSE:0.080634 , RMSE:0.283962 , MAE:0.203547 , MAPD:1.148385, R_squared:0.998549

2024-03-21 05:31:57,886 Epoch 271/300, Train Loss: 0.071833, Val Loss: 0.079242  
	Train = MSE:0.071386 , RMSE:0.267181 , MAE:0.192352 , MAPD:1.053063, R_squared:0.998764  
	Validation = MSE:0.079242 , RMSE:0.281500 , MAE:0.195377 , MAPD:1.093861, R_squared:0.998574

2024-03-21 05:31:59,933 Epoch 272/300, Train Loss: 0.071326, Val Loss: 0.080248  
	Train = MSE:0.071634 , RMSE:0.267645 , MAE:0.190464 , MAPD:1.035148, R_squared:0.998760  
	Validation = MSE:0.080248 , RMSE:0.283280 , MAE:0.198706 , MAPD:1.108057, R_squared:0.998556

2024-03-21 05:32:00,528 Epoch 273/300, Train Loss: 0.071376, Val Loss: 0.081697  
	Train = MSE:0.071467 , RMSE:0.267334 , MAE:0.191434 , MAPD:1.040186, R_squared:0.998763  
	Validation = MSE:0.081697 , RMSE:0.285827 , MAE:0.197359 , MAPD:1.104709, R_squared:0.998530

2024-03-21 05:32:01,107 Epoch 274/300, Train Loss: 0.069479, Val Loss: 0.084845  
	Train = MSE:0.071758 , RMSE:0.267877 , MAE:0.191381 , MAPD:1.045916, R_squared:0.998758  
	Validation = MSE:0.084845 , RMSE:0.291282 , MAE:0.202382 , MAPD:1.114630, R_squared:0.998473

2024-03-21 05:32:01,688 Epoch 275/300, Train Loss: 0.073337, Val Loss: 0.079610  
	Train = MSE:0.071774 , RMSE:0.267906 , MAE:0.190566 , MAPD:1.031597, R_squared:0.998758  
	Validation = MSE:0.079610 , RMSE:0.282153 , MAE:0.195041 , MAPD:1.090934, R_squared:0.998567

2024-03-21 05:32:02,265 Epoch 276/300, Train Loss: 0.068117, Val Loss: 0.077867  
	Train = MSE:0.069363 , RMSE:0.263369 , MAE:0.189144 , MAPD:1.033913, R_squared:0.998799  
	Validation = MSE:0.077867 , RMSE:0.279046 , MAE:0.194632 , MAPD:1.092596, R_squared:0.998599

2024-03-21 05:32:02,861 Epoch 277/300, Train Loss: 0.069179, Val Loss: 0.077802  
	Train = MSE:0.069869 , RMSE:0.264327 , MAE:0.187935 , MAPD:1.022368, R_squared:0.998791  
	Validation = MSE:0.077802 , RMSE:0.278930 , MAE:0.197435 , MAPD:1.111530, R_squared:0.998600

2024-03-21 05:32:03,438 Epoch 278/300, Train Loss: 0.071662, Val Loss: 0.078361  
	Train = MSE:0.069897 , RMSE:0.264380 , MAE:0.189594 , MAPD:1.031384, R_squared:0.998790  
	Validation = MSE:0.078361 , RMSE:0.279931 , MAE:0.196766 , MAPD:1.098566, R_squared:0.998590

2024-03-21 05:32:04,016 Epoch 279/300, Train Loss: 0.071449, Val Loss: 0.077132  
	Train = MSE:0.071173 , RMSE:0.266782 , MAE:0.190772 , MAPD:1.037615, R_squared:0.998768  
	Validation = MSE:0.077132 , RMSE:0.277726 , MAE:0.194964 , MAPD:1.095920, R_squared:0.998612

2024-03-21 05:32:04,654 Epoch 280/300, Train Loss: 0.068712, Val Loss: 0.077741  
	Train = MSE:0.070029 , RMSE:0.264629 , MAE:0.189053 , MAPD:1.031726, R_squared:0.998788  
	Validation = MSE:0.077741 , RMSE:0.278821 , MAE:0.192499 , MAPD:1.079229, R_squared:0.998601

2024-03-21 05:32:05,234 Epoch 281/300, Train Loss: 0.068716, Val Loss: 0.078711  
	Train = MSE:0.069461 , RMSE:0.263554 , MAE:0.187947 , MAPD:1.025950, R_squared:0.998798  
	Validation = MSE:0.078711 , RMSE:0.280555 , MAE:0.194704 , MAPD:1.085109, R_squared:0.998584

2024-03-21 05:32:07,304 Epoch 282/300, Train Loss: 0.070681, Val Loss: 0.076655  
	Train = MSE:0.069716 , RMSE:0.264038 , MAE:0.190081 , MAPD:1.033142, R_squared:0.998793  
	Validation = MSE:0.076655 , RMSE:0.276867 , MAE:0.191889 , MAPD:1.075552, R_squared:0.998621

2024-03-21 05:32:07,873 Epoch 283/300, Train Loss: 0.070573, Val Loss: 0.075887  
	Train = MSE:0.068237 , RMSE:0.261221 , MAE:0.186104 , MAPD:1.012526, R_squared:0.998819  
	Validation = MSE:0.075887 , RMSE:0.275475 , MAE:0.192891 , MAPD:1.085640, R_squared:0.998634

2024-03-21 05:32:08,447 Epoch 284/300, Train Loss: 0.068225, Val Loss: 0.075773  
	Train = MSE:0.067421 , RMSE:0.259656 , MAE:0.184656 , MAPD:1.008215, R_squared:0.998833  
	Validation = MSE:0.075773 , RMSE:0.275268 , MAE:0.191973 , MAPD:1.078141, R_squared:0.998637

2024-03-21 05:32:09,013 Epoch 285/300, Train Loss: 0.067723, Val Loss: 0.076445  
	Train = MSE:0.068200 , RMSE:0.261152 , MAE:0.187377 , MAPD:1.021820, R_squared:0.998819  
	Validation = MSE:0.076445 , RMSE:0.276488 , MAE:0.197143 , MAPD:1.104786, R_squared:0.998624

2024-03-21 05:32:09,572 Epoch 286/300, Train Loss: 0.067846, Val Loss: 0.075654  
	Train = MSE:0.069081 , RMSE:0.262832 , MAE:0.187601 , MAPD:1.020588, R_squared:0.998804  
	Validation = MSE:0.075654 , RMSE:0.275052 , MAE:0.196147 , MAPD:1.107049, R_squared:0.998639

2024-03-21 05:32:10,136 Epoch 287/300, Train Loss: 0.067317, Val Loss: 0.076206  
	Train = MSE:0.067805 , RMSE:0.260393 , MAE:0.186290 , MAPD:1.014429, R_squared:0.998826  
	Validation = MSE:0.076206 , RMSE:0.276055 , MAE:0.190513 , MAPD:1.069138, R_squared:0.998629

2024-03-21 05:32:10,701 Epoch 288/300, Train Loss: 0.066382, Val Loss: 0.076257  
	Train = MSE:0.066708 , RMSE:0.258280 , MAE:0.183562 , MAPD:1.001687, R_squared:0.998845  
	Validation = MSE:0.076257 , RMSE:0.276148 , MAE:0.190461 , MAPD:1.067243, R_squared:0.998628

2024-03-21 05:32:11,286 Epoch 289/300, Train Loss: 0.066097, Val Loss: 0.076449  
	Train = MSE:0.067155 , RMSE:0.259144 , MAE:0.185227 , MAPD:1.009694, R_squared:0.998838  
	Validation = MSE:0.076449 , RMSE:0.276494 , MAE:0.190487 , MAPD:1.068224, R_squared:0.998624

2024-03-21 05:32:11,854 Epoch 290/300, Train Loss: 0.068488, Val Loss: 0.075883  
	Train = MSE:0.066671 , RMSE:0.258207 , MAE:0.182747 , MAPD:0.995853, R_squared:0.998846  
	Validation = MSE:0.075883 , RMSE:0.275469 , MAE:0.192230 , MAPD:1.073986, R_squared:0.998635

2024-03-21 05:32:12,470 Epoch 291/300, Train Loss: 0.068510, Val Loss: 0.074957  
	Train = MSE:0.066477 , RMSE:0.257832 , MAE:0.184622 , MAPD:1.004954, R_squared:0.998849  
	Validation = MSE:0.074957 , RMSE:0.273783 , MAE:0.194148 , MAPD:1.089776, R_squared:0.998651

2024-03-21 05:32:15,790 Epoch 292/300, Train Loss: 0.065193, Val Loss: 0.073685  
	Train = MSE:0.067312 , RMSE:0.259446 , MAE:0.185827 , MAPD:1.011124, R_squared:0.998835  
	Validation = MSE:0.073685 , RMSE:0.271449 , MAE:0.190977 , MAPD:1.076100, R_squared:0.998674

2024-03-21 05:32:16,503 Epoch 293/300, Train Loss: 0.067143, Val Loss: 0.074016  
	Train = MSE:0.065785 , RMSE:0.256487 , MAE:0.182252 , MAPD:0.993417, R_squared:0.998861  
	Validation = MSE:0.074016 , RMSE:0.272058 , MAE:0.194689 , MAPD:1.098283, R_squared:0.998668

2024-03-21 05:32:17,329 Epoch 294/300, Train Loss: 0.067091, Val Loss: 0.073685  
	Train = MSE:0.065657 , RMSE:0.256235 , MAE:0.183299 , MAPD:1.001671, R_squared:0.998863  
	Validation = MSE:0.073685 , RMSE:0.271449 , MAE:0.188632 , MAPD:1.057261, R_squared:0.998674

2024-03-21 05:32:18,042 Epoch 295/300, Train Loss: 0.064354, Val Loss: 0.075207  
	Train = MSE:0.065689 , RMSE:0.256298 , MAE:0.181250 , MAPD:0.984523, R_squared:0.998863  
	Validation = MSE:0.075207 , RMSE:0.274238 , MAE:0.194331 , MAPD:1.090226, R_squared:0.998647

2024-03-21 05:32:18,651 Epoch 296/300, Train Loss: 0.067091, Val Loss: 0.073895  
	Train = MSE:0.065268 , RMSE:0.255476 , MAE:0.183086 , MAPD:1.000220, R_squared:0.998870  
	Validation = MSE:0.073895 , RMSE:0.271836 , MAE:0.189637 , MAPD:1.060136, R_squared:0.998670

2024-03-21 05:32:19,233 Epoch 297/300, Train Loss: 0.065867, Val Loss: 0.072997  
	Train = MSE:0.065624 , RMSE:0.256172 , MAE:0.182160 , MAPD:0.987595, R_squared:0.998864  
	Validation = MSE:0.072997 , RMSE:0.270180 , MAE:0.191557 , MAPD:1.080772, R_squared:0.998686

2024-03-21 05:32:19,813 Epoch 298/300, Train Loss: 0.065609, Val Loss: 0.072415  
	Train = MSE:0.064811 , RMSE:0.254581 , MAE:0.182002 , MAPD:0.994312, R_squared:0.998878  
	Validation = MSE:0.072415 , RMSE:0.269100 , MAE:0.187267 , MAPD:1.050764, R_squared:0.998697

2024-03-21 05:32:20,404 Epoch 299/300, Train Loss: 0.063797, Val Loss: 0.073425  
	Train = MSE:0.064278 , RMSE:0.253531 , MAE:0.181456 , MAPD:0.988655, R_squared:0.998887  
	Validation = MSE:0.073425 , RMSE:0.270971 , MAE:0.188220 , MAPD:1.053274, R_squared:0.998679

2024-03-21 05:32:20,986 Epoch 300/300, Train Loss: 0.063895, Val Loss: 0.073905  
	Train = MSE:0.065314 , RMSE:0.255565 , MAE:0.181575 , MAPD:0.986616, R_squared:0.998869  
	Validation = MSE:0.073905 , RMSE:0.271855 , MAE:0.187664 , MAPD:1.051150, R_squared:0.998670

2024-03-21 05:32:20,988 Time for training the model: 232.559000
2024-03-21 05:32:22,097 MSE for train: 0.063869
2024-03-21 05:32:22,097 RMSE for train: 0.252722
2024-03-21 05:32:22,097 MAE for train: 0.177899
2024-03-21 05:32:22,097 MAPD for train: 0.968300
2024-03-21 05:32:22,097 R^2 Score for train: 0.998894
2024-03-21 05:32:22,100 Inference time for train dataset: 0.222000

2024-03-21 05:32:22,155 MSE for val: 0.073905
2024-03-21 05:32:22,156 RMSE for val: 0.271855
2024-03-21 05:32:22,156 MAE for val: 0.187664
2024-03-21 05:32:22,156 MAPD for val: 1.051150
2024-03-21 05:32:22,156 R^2 Score for val: 0.998670
2024-03-21 05:32:22,161 Inference time for val dataset: 0.055999

2024-03-21 05:32:22,212 MSE for test: 0.072470
2024-03-21 05:32:22,213 RMSE for test: 0.269202
2024-03-21 05:32:22,213 MAE for test: 0.182117
2024-03-21 05:32:22,213 MAPD for test: 0.953919
2024-03-21 05:32:22,213 R^2 Score for test: 0.998804
2024-03-21 05:32:22,218 Inference time for test dataset: 0.052000

2024-03-21 05:32:24,179 Train label average: , [20.62097221]
2024-03-21 05:32:24,180 Test label average: , [21.41736175]
2024-03-21 05:32:24,180 validation label average: , [20.14607025]
2024-03-21 05:32:24,180 predicted (on validation dataset) values average: , 21.3743017578125
