2024-03-21 03:39:34,097 train batches in dataset: 200
2024-03-21 03:39:34,097 val batches in dataset: 25
2024-03-21 03:39:34,097 test batches in dataset: 25
2024-03-21 03:39:34,321 Trainable parameter: net_core.0.weight - size: torch.Size([256, 35])
2024-03-21 03:39:34,325 Trainable parameter: net_core.0.bias - size: torch.Size([256])
2024-03-21 03:39:34,329 Trainable parameter: net_core.1.weight - size: torch.Size([128, 256])
2024-03-21 03:39:34,334 Trainable parameter: net_core.1.bias - size: torch.Size([128])
2024-03-21 03:39:34,341 Trainable parameter: net_core.2.weight - size: torch.Size([64, 128])
2024-03-21 03:39:34,358 Trainable parameter: net_core.2.bias - size: torch.Size([64])
2024-03-21 03:39:34,364 Trainable parameter: net_core.3.weight - size: torch.Size([16, 64])
2024-03-21 03:39:34,568 Trainable parameter: net_core.3.bias - size: torch.Size([16])
2024-03-21 03:39:34,571 Trainable parameter: net_core.4.weight - size: torch.Size([1, 16])
2024-03-21 03:39:34,573 Trainable parameter: net_core.4.bias - size: torch.Size([1])
2024-03-21 03:39:34,577 Number of trainable parameters: 51425
2024-03-21 03:39:34,577 Number of non-trainable parameters: 0
2024-03-21 03:39:54,738 Epoch 1/300, Train Loss: 43251851.504083, Val Loss: 533.533728  
	Train = MSE:43265380.000000 , RMSE:6577.642578 , MAE:482.371979 , MAPD:2874.806095, R_squared:-748930.007162  
	Validation = MSE:533.533691 , RMSE:23.098349 , MAE:21.862293 , MAPD:109.662403, R_squared:-8.600429

2024-03-21 03:40:12,423 Epoch 2/300, Train Loss: 547.396049, Val Loss: 514.081577  
	Train = MSE:547.390564 , RMSE:23.396379 , MAE:22.127281 , MAPD:108.309827, R_squared:-8.475424  
	Validation = MSE:514.081543 , RMSE:22.673367 , MAE:21.412792 , MAPD:107.131698, R_squared:-8.250406

2024-03-21 03:40:29,187 Epoch 3/300, Train Loss: 524.371355, Val Loss: 488.787845  
	Train = MSE:524.380859 , RMSE:22.899364 , MAE:21.601646 , MAPD:105.417129, R_squared:-8.077122  
	Validation = MSE:488.787811 , RMSE:22.108545 , MAE:20.813789 , MAPD:103.759298, R_squared:-7.795269

2024-03-21 03:40:44,961 Epoch 4/300, Train Loss: 496.147774, Val Loss: 459.037383  
	Train = MSE:496.150787 , RMSE:22.274443 , MAE:20.938290 , MAPD:101.757934, R_squared:-7.588454  
	Validation = MSE:459.037384 , RMSE:21.425158 , MAE:20.086399 , MAPD:99.664048, R_squared:-7.259938

2024-03-21 03:41:00,115 Epoch 5/300, Train Loss: 463.910981, Val Loss: 425.995450  
	Train = MSE:463.958801 , RMSE:21.539703 , MAE:20.153708 , MAPD:97.426638, R_squared:-7.031206  
	Validation = MSE:425.995483 , RMSE:20.639658 , MAE:19.246336 , MAPD:94.934464, R_squared:-6.665380

2024-03-21 03:41:17,205 Epoch 6/300, Train Loss: 428.866677, Val Loss: 390.752073  
	Train = MSE:428.865967 , RMSE:20.709080 , MAE:19.262178 , MAPD:92.502116, R_squared:-6.423743  
	Validation = MSE:390.752075 , RMSE:19.767450 , MAE:18.307869 , MAPD:89.650849, R_squared:-6.031209

2024-03-21 03:41:32,119 Epoch 7/300, Train Loss: 391.900960, Val Loss: 354.084617  
	Train = MSE:391.878479 , RMSE:19.795921 , MAE:18.275658 , MAPD:87.055809, R_squared:-5.783484  
	Validation = MSE:354.084595 , RMSE:18.817135 , MAE:17.277460 , MAPD:83.849603, R_squared:-5.371414

2024-03-21 03:41:47,729 Epoch 8/300, Train Loss: 353.898166, Val Loss: 317.025970  
	Train = MSE:353.925903 , RMSE:18.812918 , MAE:17.208429 , MAPD:81.186767, R_squared:-5.126518  
	Validation = MSE:317.025970 , RMSE:17.805223 , MAE:16.169477 , MAPD:77.611606, R_squared:-4.704579

2024-03-21 03:42:04,580 Epoch 9/300, Train Loss: 315.986494, Val Loss: 280.454973  
	Train = MSE:315.974335 , RMSE:17.775667 , MAE:16.061174 , MAPD:74.821014, R_squared:-4.469569  
	Validation = MSE:280.454956 , RMSE:16.746790 , MAE:14.996034 , MAPD:71.005059, R_squared:-4.046519

2024-03-21 03:42:18,930 Epoch 10/300, Train Loss: 278.869654, Val Loss: 245.223787  
	Train = MSE:278.909637 , RMSE:16.700588 , MAE:14.860384 , MAPD:68.187750, R_squared:-3.827973  
	Validation = MSE:245.223785 , RMSE:15.659623 , MAE:13.771341 , MAPD:64.109987, R_squared:-3.412567

2024-03-21 03:42:36,663 Epoch 11/300, Train Loss: 243.518740, Val Loss: 212.208605  
	Train = MSE:243.519730 , RMSE:15.605119 , MAE:13.621449 , MAPD:61.373443, R_squared:-3.215368  
	Validation = MSE:212.208588 , RMSE:14.567381 , MAE:12.515376 , MAPD:57.038849, R_squared:-2.818491

2024-03-21 03:42:54,927 Epoch 12/300, Train Loss: 210.525432, Val Loss: 181.789883  
	Train = MSE:210.501068 , RMSE:14.508655 , MAE:12.361048 , MAPD:54.452406, R_squared:-2.643809  
	Validation = MSE:181.789886 , RMSE:13.482948 , MAE:11.236697 , MAPD:49.852068, R_squared:-2.271135

2024-03-21 03:43:09,469 Epoch 13/300, Train Loss: 180.470753, Val Loss: 154.612062  
	Train = MSE:180.463699 , RMSE:13.433678 , MAE:11.093513 , MAPD:47.539388, R_squared:-2.123858  
	Validation = MSE:154.612061 , RMSE:12.434310 , MAE:9.997915 , MAPD:43.110825, R_squared:-1.782096

2024-03-21 03:43:25,977 Epoch 14/300, Train Loss: 153.874616, Val Loss: 131.112267  
	Train = MSE:153.878601 , RMSE:12.404781 , MAE:9.902245 , MAPD:41.380429, R_squared:-1.663665  
	Validation = MSE:131.112259 , RMSE:11.450426 , MAE:8.865165 , MAPD:37.308654, R_squared:-1.359240

2024-03-21 03:43:42,817 Epoch 15/300, Train Loss: 130.981309, Val Loss: 111.235038  
	Train = MSE:131.001068 , RMSE:11.445570 , MAE:8.841143 , MAPD:36.318858, R_squared:-1.267651  
	Validation = MSE:111.235039 , RMSE:10.546803 , MAE:7.888818 , MAPD:32.775031, R_squared:-1.001568

2024-03-21 03:43:58,906 Epoch 16/300, Train Loss: 111.934527, Val Loss: 95.163608  
	Train = MSE:111.936493 , RMSE:10.580005 , MAE:7.946957 , MAPD:32.527823, R_squared:-0.937640  
	Validation = MSE:95.163612 , RMSE:9.755184 , MAE:7.098485 , MAPD:29.548315, R_squared:-0.712378

2024-03-21 03:44:14,421 Epoch 17/300, Train Loss: 96.517711, Val Loss: 82.576021  
	Train = MSE:96.511780 , RMSE:9.824041 , MAE:7.217667 , MAPD:29.766385, R_squared:-0.670635  
	Validation = MSE:82.576027 , RMSE:9.087135 , MAE:6.499987 , MAPD:27.554953, R_squared:-0.485876

2024-03-21 03:44:31,415 Epoch 18/300, Train Loss: 84.467861, Val Loss: 73.044406  
	Train = MSE:84.459633 , RMSE:9.190192 , MAE:6.672942 , MAPD:28.156919, R_squared:-0.462011  
	Validation = MSE:73.044403 , RMSE:8.546602 , MAE:6.096319 , MAPD:26.712692, R_squared:-0.314364

2024-03-21 03:44:47,628 Epoch 19/300, Train Loss: 75.408126, Val Loss: 66.252473  
	Train = MSE:75.414642 , RMSE:8.684160 , MAE:6.295971 , MAPD:27.457106, R_squared:-0.305440  
	Validation = MSE:66.252472 , RMSE:8.139563 , MAE:5.862289 , MAPD:26.766818, R_squared:-0.192150

2024-03-21 03:45:02,102 Epoch 20/300, Train Loss: 68.915503, Val Loss: 61.645831  
	Train = MSE:68.919525 , RMSE:8.301779 , MAE:6.070933 , MAPD:27.516688, R_squared:-0.193009  
	Validation = MSE:61.645828 , RMSE:7.851486 , MAE:5.764694 , MAPD:27.457378, R_squared:-0.109258

2024-03-21 03:45:17,821 Epoch 21/300, Train Loss: 64.464287, Val Loss: 58.677856  
	Train = MSE:64.465797 , RMSE:8.029059 , MAE:5.964313 , MAPD:28.083862, R_squared:-0.115914  
	Validation = MSE:58.677853 , RMSE:7.660147 , MAE:5.755938 , MAPD:28.496137, R_squared:-0.055852

2024-03-21 03:45:39,037 Epoch 22/300, Train Loss: 61.590029, Val Loss: 57.010573  
	Train = MSE:61.586864 , RMSE:7.847730 , MAE:5.945898 , MAPD:28.991255, R_squared:-0.066079  
	Validation = MSE:57.010574 , RMSE:7.550535 , MAE:5.796940 , MAPD:29.590619, R_squared:-0.025851

2024-03-21 03:45:53,236 Epoch 23/300, Train Loss: 59.812585, Val Loss: 56.090133  
	Train = MSE:59.818775 , RMSE:7.734260 , MAE:5.969419 , MAPD:29.890485, R_squared:-0.035473  
	Validation = MSE:56.090137 , RMSE:7.489335 , MAE:5.870059 , MAPD:30.725617, R_squared:-0.009288

2024-03-21 03:46:08,327 Epoch 24/300, Train Loss: 58.791281, Val Loss: 55.701861  
	Train = MSE:58.787159 , RMSE:7.667278 , MAE:6.012938 , MAPD:30.771040, R_squared:-0.017616  
	Validation = MSE:55.701859 , RMSE:7.463368 , MAE:5.943280 , MAPD:31.672966, R_squared:-0.002302

2024-03-21 03:46:25,117 Epoch 25/300, Train Loss: 58.243655, Val Loss: 55.579139  
	Train = MSE:58.243484 , RMSE:7.631742 , MAE:6.065359 , MAPD:31.561826, R_squared:-0.008205  
	Validation = MSE:55.579140 , RMSE:7.455142 , MAE:6.005480 , MAPD:32.444420, R_squared:-0.000093

2024-03-21 03:46:39,846 Epoch 26/300, Train Loss: 57.978976, Val Loss: 55.587818  
	Train = MSE:57.975040 , RMSE:7.614134 , MAE:6.107780 , MAPD:32.130222, R_squared:-0.003558  
	Validation = MSE:55.587818 , RMSE:7.455724 , MAE:6.048921 , MAPD:32.967553, R_squared:-0.000250

2024-03-21 03:46:59,540 Epoch 27/300, Train Loss: 57.852116, Val Loss: 55.642814  
	Train = MSE:57.854359 , RMSE:7.606205 , MAE:6.155545 , MAPD:32.691186, R_squared:-0.001469  
	Validation = MSE:55.642818 , RMSE:7.459412 , MAE:6.085913 , MAPD:33.385400, R_squared:-0.001239

2024-03-21 03:47:16,202 Epoch 28/300, Train Loss: 57.802092, Val Loss: 55.700351  
	Train = MSE:57.803413 , RMSE:7.602856 , MAE:6.175304 , MAPD:32.922846, R_squared:-0.000587  
	Validation = MSE:55.700352 , RMSE:7.463267 , MAE:6.112770 , MAPD:33.669306, R_squared:-0.002274

2024-03-21 03:47:33,674 Epoch 29/300, Train Loss: 57.779948, Val Loss: 55.743126  
	Train = MSE:57.785950 , RMSE:7.601707 , MAE:6.198310 , MAPD:33.184388, R_squared:-0.000285  
	Validation = MSE:55.743126 , RMSE:7.466132 , MAE:6.129248 , MAPD:33.841291, R_squared:-0.003044

2024-03-21 03:47:52,156 Epoch 30/300, Train Loss: 57.789067, Val Loss: 55.772167  
	Train = MSE:57.783234 , RMSE:7.601528 , MAE:6.205675 , MAPD:33.264101, R_squared:-0.000238  
	Validation = MSE:55.772167 , RMSE:7.468077 , MAE:6.139570 , MAPD:33.947319, R_squared:-0.003567

2024-03-21 03:48:09,794 Epoch 31/300, Train Loss: 57.790884, Val Loss: 55.776675  
	Train = MSE:57.781464 , RMSE:7.601412 , MAE:6.211216 , MAPD:33.324394, R_squared:-0.000207  
	Validation = MSE:55.776680 , RMSE:7.468379 , MAE:6.141106 , MAPD:33.963073, R_squared:-0.003648

2024-03-21 03:48:32,290 Epoch 32/300, Train Loss: 57.786434, Val Loss: 55.791885  
	Train = MSE:57.782314 , RMSE:7.601468 , MAE:6.210252 , MAPD:33.314046, R_squared:-0.000222  
	Validation = MSE:55.791885 , RMSE:7.469397 , MAE:6.146164 , MAPD:34.014979, R_squared:-0.003922

2024-03-21 03:48:50,004 Epoch 33/300, Train Loss: 57.772764, Val Loss: 55.802439  
	Train = MSE:57.778431 , RMSE:7.601213 , MAE:6.218261 , MAPD:33.402207, R_squared:-0.000154  
	Validation = MSE:55.802437 , RMSE:7.470103 , MAE:6.149571 , MAPD:34.049938, R_squared:-0.004111

2024-03-21 03:49:06,305 Epoch 34/300, Train Loss: 57.795646, Val Loss: 55.771276  
	Train = MSE:57.789066 , RMSE:7.601912 , MAE:6.225319 , MAPD:33.477464, R_squared:-0.000338  
	Validation = MSE:55.771275 , RMSE:7.468017 , MAE:6.139265 , MAPD:33.944179, R_squared:-0.003551

2024-03-21 03:49:24,447 Epoch 35/300, Train Loss: 57.792346, Val Loss: 55.766332  
	Train = MSE:57.787632 , RMSE:7.601818 , MAE:6.223852 , MAPD:33.455730, R_squared:-0.000314  
	Validation = MSE:55.766327 , RMSE:7.467686 , MAE:6.137556 , MAPD:33.926652, R_squared:-0.003462

2024-03-21 03:49:40,609 Epoch 36/300, Train Loss: 57.790655, Val Loss: 55.806215  
	Train = MSE:57.779774 , RMSE:7.601301 , MAE:6.209185 , MAPD:33.303689, R_squared:-0.000178  
	Validation = MSE:55.806217 , RMSE:7.470356 , MAE:6.150770 , MAPD:34.062253, R_squared:-0.004179

2024-03-21 03:49:58,108 Epoch 37/300, Train Loss: 57.788720, Val Loss: 55.846764  
	Train = MSE:57.788723 , RMSE:7.601890 , MAE:6.214824 , MAPD:33.359658, R_squared:-0.000333  
	Validation = MSE:55.846764 , RMSE:7.473069 , MAE:6.163086 , MAPD:34.188625, R_squared:-0.004909

2024-03-21 03:50:15,323 Epoch 38/300, Train Loss: 57.791560, Val Loss: 55.808240  
	Train = MSE:57.788429 , RMSE:7.601870 , MAE:6.224873 , MAPD:33.470219, R_squared:-0.000328  
	Validation = MSE:55.808243 , RMSE:7.470491 , MAE:6.151410 , MAPD:34.068814, R_squared:-0.004216

2024-03-21 03:50:31,696 Epoch 39/300, Train Loss: 57.805346, Val Loss: 55.836744  
	Train = MSE:57.803307 , RMSE:7.602849 , MAE:6.217412 , MAPD:33.389397, R_squared:-0.000585  
	Validation = MSE:55.836746 , RMSE:7.472399 , MAE:6.160133 , MAPD:34.158323, R_squared:-0.004729

2024-03-21 03:50:49,524 Epoch 40/300, Train Loss: 57.795531, Val Loss: 55.847976  
	Train = MSE:57.803879 , RMSE:7.602886 , MAE:6.215495 , MAPD:33.359358, R_squared:-0.000595  
	Validation = MSE:55.847977 , RMSE:7.473150 , MAE:6.163440 , MAPD:34.192255, R_squared:-0.004931

2024-03-21 03:51:10,150 Epoch 41/300, Train Loss: 57.794926, Val Loss: 55.858645  
	Train = MSE:57.788212 , RMSE:7.601856 , MAE:6.221833 , MAPD:33.439210, R_squared:-0.000324  
	Validation = MSE:55.858646 , RMSE:7.473864 , MAE:6.166522 , MAPD:34.223864, R_squared:-0.005123

2024-03-21 03:51:30,496 Epoch 42/300, Train Loss: 57.776020, Val Loss: 55.674060  
	Train = MSE:57.787273 , RMSE:7.601794 , MAE:6.237177 , MAPD:33.611841, R_squared:-0.000307  
	Validation = MSE:55.674061 , RMSE:7.461505 , MAE:6.101422 , MAPD:33.549702, R_squared:-0.001801

2024-03-21 03:51:50,212 Epoch 43/300, Train Loss: 57.816681, Val Loss: 55.853014  
	Train = MSE:57.821503 , RMSE:7.604045 , MAE:6.198286 , MAPD:33.167373, R_squared:-0.000900  
	Validation = MSE:55.853012 , RMSE:7.473487 , MAE:6.164900 , MAPD:34.207245, R_squared:-0.005021

2024-03-21 03:52:08,839 Epoch 44/300, Train Loss: 57.812739, Val Loss: 55.948040  
	Train = MSE:57.801891 , RMSE:7.602756 , MAE:6.213634 , MAPD:33.339001, R_squared:-0.000561  
	Validation = MSE:55.948036 , RMSE:7.479842 , MAE:6.191019 , MAPD:34.471514, R_squared:-0.006731

2024-03-21 03:52:26,459 Epoch 45/300, Train Loss: 57.807431, Val Loss: 55.822050  
	Train = MSE:57.815025 , RMSE:7.603619 , MAE:6.239284 , MAPD:33.620969, R_squared:-0.000788  
	Validation = MSE:55.822052 , RMSE:7.471416 , MAE:6.155699 , MAPD:34.112822, R_squared:-0.004464

2024-03-21 03:52:42,148 Epoch 46/300, Train Loss: 57.807178, Val Loss: 55.932763  
	Train = MSE:57.815468 , RMSE:7.603648 , MAE:6.214574 , MAPD:33.353836, R_squared:-0.000796  
	Validation = MSE:55.932762 , RMSE:7.478821 , MAE:6.187045 , MAPD:34.431409, R_squared:-0.006457

2024-03-21 03:52:58,574 Epoch 47/300, Train Loss: 57.787348, Val Loss: 56.163301  
	Train = MSE:57.784405 , RMSE:7.601605 , MAE:6.208202 , MAPD:33.307645, R_squared:-0.000258  
	Validation = MSE:56.163300 , RMSE:7.494218 , MAE:6.241922 , MAPD:34.975889, R_squared:-0.010605

2024-03-21 03:53:13,318 Epoch 48/300, Train Loss: 57.819146, Val Loss: 55.987438  
	Train = MSE:57.815758 , RMSE:7.603667 , MAE:6.233159 , MAPD:33.557068, R_squared:-0.000801  
	Validation = MSE:55.987438 , RMSE:7.482475 , MAE:6.201013 , MAPD:34.571802, R_squared:-0.007440

2024-03-21 03:53:29,307 Epoch 49/300, Train Loss: 57.814585, Val Loss: 55.930573  
	Train = MSE:57.820568 , RMSE:7.603984 , MAE:6.216727 , MAPD:33.372439, R_squared:-0.000884  
	Validation = MSE:55.930576 , RMSE:7.478675 , MAE:6.186467 , MAPD:34.425589, R_squared:-0.006417

2024-03-21 03:53:44,665 Epoch 50/300, Train Loss: 57.827496, Val Loss: 55.902939  
	Train = MSE:57.827240 , RMSE:7.604423 , MAE:6.226273 , MAPD:33.479565, R_squared:-0.000999  
	Validation = MSE:55.902939 , RMSE:7.476827 , MAE:6.179033 , MAPD:34.350574, R_squared:-0.005920

2024-03-21 03:54:00,913 Epoch 51/300, Train Loss: 57.840781, Val Loss: 55.745644  
	Train = MSE:57.838722 , RMSE:7.605177 , MAE:6.231740 , MAPD:33.537729, R_squared:-0.001198  
	Validation = MSE:55.745644 , RMSE:7.466300 , MAE:6.130164 , MAPD:33.850762, R_squared:-0.003089

2024-03-21 03:54:18,598 Epoch 52/300, Train Loss: 57.814037, Val Loss: 55.826214  
	Train = MSE:57.809853 , RMSE:7.603279 , MAE:6.212756 , MAPD:33.335697, R_squared:-0.000698  
	Validation = MSE:55.826218 , RMSE:7.471694 , MAE:6.156969 , MAPD:34.125854, R_squared:-0.004539

2024-03-21 03:54:33,889 Epoch 53/300, Train Loss: 57.868813, Val Loss: 55.757742  
	Train = MSE:57.859058 , RMSE:7.606514 , MAE:6.225161 , MAPD:33.467693, R_squared:-0.001550  
	Validation = MSE:55.757744 , RMSE:7.467111 , MAE:6.134536 , MAPD:33.895657, R_squared:-0.003307

2024-03-21 03:54:49,421 Epoch 54/300, Train Loss: 57.845321, Val Loss: 55.870702  
	Train = MSE:57.847118 , RMSE:7.605729 , MAE:6.213718 , MAPD:33.336260, R_squared:-0.001343  
	Validation = MSE:55.870705 , RMSE:7.474671 , MAE:6.169987 , MAPD:34.259129, R_squared:-0.005340

2024-03-21 03:55:05,238 Epoch 55/300, Train Loss: 57.783791, Val Loss: 55.584985  
	Train = MSE:57.778702 , RMSE:7.601230 , MAE:6.233490 , MAPD:33.549193, R_squared:-0.000159  
	Validation = MSE:55.584984 , RMSE:7.455534 , MAE:6.045933 , MAPD:32.932123, R_squared:-0.000199

2024-03-21 03:55:20,473 Epoch 56/300, Train Loss: 57.860828, Val Loss: 55.714741  
	Train = MSE:57.860905 , RMSE:7.606636 , MAE:6.221112 , MAPD:33.375012, R_squared:-0.001582  
	Validation = MSE:55.714745 , RMSE:7.464231 , MAE:6.118480 , MAPD:33.729499, R_squared:-0.002533

2024-03-21 03:55:37,248 Epoch 57/300, Train Loss: 57.896554, Val Loss: 55.585154  
	Train = MSE:57.896809 , RMSE:7.608995 , MAE:6.225054 , MAPD:33.437266, R_squared:-0.002204  
	Validation = MSE:55.585155 , RMSE:7.455545 , MAE:6.046121 , MAPD:32.934350, R_squared:-0.000202

2024-03-21 03:55:52,841 Epoch 58/300, Train Loss: 57.877319, Val Loss: 56.155403  
	Train = MSE:57.870918 , RMSE:7.607294 , MAE:6.214699 , MAPD:33.334866, R_squared:-0.001755  
	Validation = MSE:56.155399 , RMSE:7.493690 , MAE:6.240219 , MAPD:34.959113, R_squared:-0.010463

2024-03-21 03:56:10,663 Epoch 59/300, Train Loss: 57.822874, Val Loss: 55.790537  
	Train = MSE:57.829323 , RMSE:7.604559 , MAE:6.224330 , MAPD:33.484332, R_squared:-0.001035  
	Validation = MSE:55.790539 , RMSE:7.469306 , MAE:6.145723 , MAPD:34.010454, R_squared:-0.003897

2024-03-21 03:56:25,762 Epoch 60/300, Train Loss: 57.941308, Val Loss: 55.747975  
	Train = MSE:57.939552 , RMSE:7.611804 , MAE:6.229604 , MAPD:33.474413, R_squared:-0.002943  
	Validation = MSE:55.747974 , RMSE:7.466456 , MAE:6.131014 , MAPD:33.859517, R_squared:-0.003131

2024-03-21 03:56:41,187 Epoch 61/300, Train Loss: 57.881126, Val Loss: 56.604789  
	Train = MSE:57.871433 , RMSE:7.607327 , MAE:6.214430 , MAPD:33.288444, R_squared:-0.001764  
	Validation = MSE:56.604790 , RMSE:7.523615 , MAE:6.325869 , MAPD:35.791337, R_squared:-0.018549

2024-03-21 03:57:00,128 Epoch 62/300, Train Loss: 58.010029, Val Loss: 55.597072  
	Train = MSE:58.003914 , RMSE:7.616030 , MAE:6.252451 , MAPD:33.681414, R_squared:-0.004058  
	Validation = MSE:55.597069 , RMSE:7.456344 , MAE:6.057013 , MAPD:33.063278, R_squared:-0.000416

2024-03-21 03:57:14,228 Epoch 63/300, Train Loss: 57.864717, Val Loss: 55.576462  
	Train = MSE:57.871574 , RMSE:7.607337 , MAE:6.227540 , MAPD:33.491522, R_squared:-0.001767  
	Validation = MSE:55.576466 , RMSE:7.454962 , MAE:6.033063 , MAPD:32.779264, R_squared:-0.000045

2024-03-21 03:57:28,197 Epoch 64/300, Train Loss: 57.835069, Val Loss: 55.919924  
	Train = MSE:57.841190 , RMSE:7.605340 , MAE:6.209017 , MAPD:33.262200, R_squared:-0.001241  
	Validation = MSE:55.919922 , RMSE:7.477962 , MAE:6.183638 , MAPD:34.397038, R_squared:-0.006225

2024-03-21 03:57:43,189 Epoch 65/300, Train Loss: 58.025562, Val Loss: 56.330835  
	Train = MSE:58.025833 , RMSE:7.617469 , MAE:6.224854 , MAPD:33.407822, R_squared:-0.004437  
	Validation = MSE:56.330833 , RMSE:7.505387 , MAE:6.275989 , MAPD:35.309859, R_squared:-0.013619

2024-03-21 03:57:58,253 Epoch 66/300, Train Loss: 58.001559, Val Loss: 55.981274  
	Train = MSE:58.001522 , RMSE:7.615873 , MAE:6.234302 , MAPD:33.548044, R_squared:-0.004016  
	Validation = MSE:55.981274 , RMSE:7.482063 , MAE:6.199473 , MAPD:34.556398, R_squared:-0.007329

2024-03-21 03:58:13,343 Epoch 67/300, Train Loss: 57.901470, Val Loss: 55.713818  
	Train = MSE:57.904575 , RMSE:7.609506 , MAE:6.217428 , MAPD:33.373367, R_squared:-0.002338  
	Validation = MSE:55.713818 , RMSE:7.464169 , MAE:6.118123 , MAPD:33.725733, R_squared:-0.002517

2024-03-21 03:58:29,048 Epoch 68/300, Train Loss: 57.926948, Val Loss: 56.904106  
	Train = MSE:57.925766 , RMSE:7.610898 , MAE:6.231155 , MAPD:33.469117, R_squared:-0.002705  
	Validation = MSE:56.904106 , RMSE:7.543481 , MAE:6.373703 , MAPD:36.250819, R_squared:-0.023935

2024-03-21 03:58:43,320 Epoch 69/300, Train Loss: 57.947248, Val Loss: 55.594791  
	Train = MSE:57.951195 , RMSE:7.612568 , MAE:6.235878 , MAPD:33.567607, R_squared:-0.003145  
	Validation = MSE:55.594795 , RMSE:7.456192 , MAE:5.989567 , MAPD:32.248236, R_squared:-0.000375

2024-03-21 03:58:58,159 Epoch 70/300, Train Loss: 58.239872, Val Loss: 55.603169  
	Train = MSE:58.243122 , RMSE:7.631718 , MAE:6.246310 , MAPD:33.561046, R_squared:-0.008198  
	Validation = MSE:55.603165 , RMSE:7.456753 , MAE:6.061602 , MAPD:33.116629, R_squared:-0.000526

2024-03-21 03:59:14,470 Epoch 71/300, Train Loss: 57.948308, Val Loss: 55.586778  
	Train = MSE:57.945530 , RMSE:7.612196 , MAE:6.213526 , MAPD:33.318337, R_squared:-0.003047  
	Validation = MSE:55.586777 , RMSE:7.455654 , MAE:6.047863 , MAPD:32.955004, R_squared:-0.000231

2024-03-21 03:59:31,860 Epoch 72/300, Train Loss: 58.229031, Val Loss: 55.602904  
	Train = MSE:58.230747 , RMSE:7.630908 , MAE:6.257020 , MAPD:33.622911, R_squared:-0.007984  
	Validation = MSE:55.602901 , RMSE:7.456735 , MAE:5.983891 , MAPD:32.178270, R_squared:-0.000521

2024-03-21 03:59:46,802 Epoch 73/300, Train Loss: 57.959512, Val Loss: 55.646609  
	Train = MSE:57.964645 , RMSE:7.613451 , MAE:6.220457 , MAPD:33.398544, R_squared:-0.003378  
	Validation = MSE:55.646610 , RMSE:7.459666 , MAE:5.962220 , MAPD:31.909677, R_squared:-0.001307

2024-03-21 04:00:00,964 Epoch 74/300, Train Loss: 58.205581, Val Loss: 57.296636  
	Train = MSE:58.205864 , RMSE:7.629277 , MAE:6.232526 , MAPD:33.471321, R_squared:-0.007553  
	Validation = MSE:57.296635 , RMSE:7.569454 , MAE:6.430340 , MAPD:36.787657, R_squared:-0.030998

2024-03-21 04:00:14,354 Epoch 75/300, Train Loss: 58.121112, Val Loss: 55.641663  
	Train = MSE:58.121983 , RMSE:7.623777 , MAE:6.237095 , MAPD:33.562172, R_squared:-0.006101  
	Validation = MSE:55.641659 , RMSE:7.459334 , MAE:5.964227 , MAPD:31.934765, R_squared:-0.001218

2024-03-21 04:00:30,650 Epoch 76/300, Train Loss: 58.026292, Val Loss: 55.574647  
	Train = MSE:58.027988 , RMSE:7.617610 , MAE:6.220417 , MAPD:33.384675, R_squared:-0.004474  
	Validation = MSE:55.574650 , RMSE:7.454841 , MAE:6.015594 , MAPD:32.568515, R_squared:-0.000013

2024-03-21 04:00:48,547 Epoch 77/300, Train Loss: 58.123093, Val Loss: 56.359507  
	Train = MSE:58.125546 , RMSE:7.624011 , MAE:6.224377 , MAPD:33.359803, R_squared:-0.006163  
	Validation = MSE:56.359509 , RMSE:7.507297 , MAE:6.281457 , MAPD:35.363310, R_squared:-0.014135

2024-03-21 04:01:02,214 Epoch 78/300, Train Loss: 58.307432, Val Loss: 55.591850  
	Train = MSE:58.304371 , RMSE:7.635730 , MAE:6.271572 , MAPD:33.792815, R_squared:-0.009259  
	Validation = MSE:55.591850 , RMSE:7.455994 , MAE:6.052687 , MAPD:33.012210, R_squared:-0.000322

2024-03-21 04:01:21,002 Epoch 79/300, Train Loss: 58.454043, Val Loss: 56.050512  
	Train = MSE:58.446907 , RMSE:7.645058 , MAE:6.234070 , MAPD:33.390052, R_squared:-0.011726  
	Validation = MSE:56.050507 , RMSE:7.486689 , MAE:6.216394 , MAPD:34.724452, R_squared:-0.008575

2024-03-21 04:01:37,342 Epoch 80/300, Train Loss: 58.437534, Val Loss: 56.021390  
	Train = MSE:58.440441 , RMSE:7.644635 , MAE:6.248203 , MAPD:33.581791, R_squared:-0.011614  
	Validation = MSE:56.021393 , RMSE:7.484744 , MAE:5.879413 , MAPD:30.852131, R_squared:-0.008051

2024-03-21 04:01:57,131 Epoch 81/300, Train Loss: 57.965650, Val Loss: 55.708190  
	Train = MSE:57.974468 , RMSE:7.614097 , MAE:6.232469 , MAPD:33.522847, R_squared:-0.003548  
	Validation = MSE:55.708187 , RMSE:7.463792 , MAE:5.941400 , MAPD:31.649477, R_squared:-0.002416

2024-03-21 04:02:18,929 Epoch 82/300, Train Loss: 58.135839, Val Loss: 55.871396  
	Train = MSE:58.141850 , RMSE:7.625080 , MAE:6.226901 , MAPD:33.412588, R_squared:-0.006445  
	Validation = MSE:55.871395 , RMSE:7.474717 , MAE:5.903562 , MAPD:31.171779, R_squared:-0.005352

2024-03-21 04:02:35,769 Epoch 83/300, Train Loss: 58.203600, Val Loss: 56.790290  
	Train = MSE:58.201469 , RMSE:7.628989 , MAE:6.222562 , MAPD:33.335779, R_squared:-0.007477  
	Validation = MSE:56.790287 , RMSE:7.535933 , MAE:6.356082 , MAPD:36.082237, R_squared:-0.021887

2024-03-21 04:02:51,745 Epoch 84/300, Train Loss: 58.227115, Val Loss: 55.605030  
	Train = MSE:58.231792 , RMSE:7.630976 , MAE:6.241524 , MAPD:33.524489, R_squared:-0.008002  
	Validation = MSE:55.605030 , RMSE:7.456878 , MAE:6.062927 , MAPD:33.131892, R_squared:-0.000559

2024-03-21 04:03:09,613 Epoch 85/300, Train Loss: 58.256303, Val Loss: 56.445682  
	Train = MSE:58.257397 , RMSE:7.632653 , MAE:6.234913 , MAPD:33.486566, R_squared:-0.008445  
	Validation = MSE:56.445683 , RMSE:7.513034 , MAE:6.297704 , MAPD:35.520167, R_squared:-0.015686

2024-03-21 04:03:25,823 Epoch 86/300, Train Loss: 57.958667, Val Loss: 55.574040  
	Train = MSE:57.961105 , RMSE:7.613219 , MAE:6.238507 , MAPD:33.588404, R_squared:-0.003317  
	Validation = MSE:55.574039 , RMSE:7.454800 , MAE:6.019401 , MAPD:32.614815, R_squared:-0.000002

2024-03-21 04:03:44,417 Epoch 87/300, Train Loss: 58.129302, Val Loss: 55.709816  
	Train = MSE:58.132435 , RMSE:7.624463 , MAE:6.229377 , MAPD:33.420202, R_squared:-0.006282  
	Validation = MSE:55.709816 , RMSE:7.463901 , MAE:6.116560 , MAPD:33.709262, R_squared:-0.002445

2024-03-21 04:04:02,956 Epoch 88/300, Train Loss: 58.388721, Val Loss: 56.117908  
	Train = MSE:58.386570 , RMSE:7.641110 , MAE:6.228163 , MAPD:33.463799, R_squared:-0.010681  
	Validation = MSE:56.117908 , RMSE:7.491189 , MAE:6.231970 , MAPD:34.877870, R_squared:-0.009788

2024-03-21 04:04:19,982 Epoch 89/300, Train Loss: 58.125322, Val Loss: 57.907883  
	Train = MSE:58.127537 , RMSE:7.624142 , MAE:6.225587 , MAPD:33.363613, R_squared:-0.006198  
	Validation = MSE:57.907883 , RMSE:7.609723 , MAE:6.508049 , MAPD:37.518733, R_squared:-0.041997

2024-03-21 04:04:39,080 Epoch 90/300, Train Loss: 58.282110, Val Loss: 57.594941  
	Train = MSE:58.285007 , RMSE:7.634462 , MAE:6.247428 , MAPD:33.578954, R_squared:-0.008923  
	Validation = MSE:57.594940 , RMSE:7.589133 , MAE:6.469618 , MAPD:37.157739, R_squared:-0.036366

2024-03-21 04:04:55,976 Epoch 91/300, Train Loss: 58.282019, Val Loss: 58.231475  
	Train = MSE:58.283527 , RMSE:7.634365 , MAE:6.255292 , MAPD:33.628220, R_squared:-0.008898  
	Validation = MSE:58.231476 , RMSE:7.630955 , MAE:6.545693 , MAPD:37.869800, R_squared:-0.047820

2024-03-21 04:05:16,364 Epoch 92/300, Train Loss: 58.421321, Val Loss: 56.110579  
	Train = MSE:58.425144 , RMSE:7.643634 , MAE:6.269977 , MAPD:33.724177, R_squared:-0.011349  
	Validation = MSE:56.110577 , RMSE:7.490699 , MAE:6.230325 , MAPD:34.861664, R_squared:-0.009656

2024-03-21 04:05:35,714 Epoch 93/300, Train Loss: 58.206701, Val Loss: 55.618024  
	Train = MSE:58.213562 , RMSE:7.629781 , MAE:6.246775 , MAPD:33.632685, R_squared:-0.007687  
	Validation = MSE:55.618023 , RMSE:7.457749 , MAE:5.975141 , MAPD:32.070386, R_squared:-0.000793

2024-03-21 04:05:52,354 Epoch 94/300, Train Loss: 58.361558, Val Loss: 56.100784  
	Train = MSE:58.370308 , RMSE:7.640046 , MAE:6.234830 , MAPD:33.448615, R_squared:-0.010400  
	Validation = MSE:56.100784 , RMSE:7.490046 , MAE:5.868694 , MAPD:30.706933, R_squared:-0.009480

2024-03-21 04:06:11,086 Epoch 95/300, Train Loss: 58.225504, Val Loss: 56.490536  
	Train = MSE:58.223038 , RMSE:7.630402 , MAE:6.240757 , MAPD:33.505344, R_squared:-0.007851  
	Validation = MSE:56.490536 , RMSE:7.516018 , MAE:5.829285 , MAPD:30.137947, R_squared:-0.016493

2024-03-21 04:06:28,101 Epoch 96/300, Train Loss: 58.218744, Val Loss: 56.053772  
	Train = MSE:58.213402 , RMSE:7.629771 , MAE:6.229433 , MAPD:33.435774, R_squared:-0.007684  
	Validation = MSE:56.053776 , RMSE:7.486907 , MAE:6.217172 , MAPD:34.732114, R_squared:-0.008634

2024-03-21 04:06:45,944 Epoch 97/300, Train Loss: 58.459990, Val Loss: 56.097788  
	Train = MSE:58.460232 , RMSE:7.645929 , MAE:6.256739 , MAPD:33.609154, R_squared:-0.011957  
	Validation = MSE:56.097782 , RMSE:7.489845 , MAE:6.227426 , MAPD:34.833116, R_squared:-0.009426

2024-03-21 04:07:04,212 Epoch 98/300, Train Loss: 58.282943, Val Loss: 56.918341  
	Train = MSE:58.281567 , RMSE:7.634236 , MAE:6.229541 , MAPD:33.415454, R_squared:-0.008864  
	Validation = MSE:56.918339 , RMSE:7.544425 , MAE:6.375887 , MAPD:36.271553, R_squared:-0.024191

2024-03-21 04:07:22,835 Epoch 99/300, Train Loss: 57.844614, Val Loss: 55.760362  
	Train = MSE:57.845852 , RMSE:7.605646 , MAE:6.226476 , MAPD:33.514573, R_squared:-0.001322  
	Validation = MSE:55.760361 , RMSE:7.467286 , MAE:5.927346 , MAPD:31.473832, R_squared:-0.003354

2024-03-21 04:07:40,553 Epoch 100/300, Train Loss: 58.189957, Val Loss: 56.973563  
	Train = MSE:58.183807 , RMSE:7.627831 , MAE:6.236050 , MAPD:33.437192, R_squared:-0.007172  
	Validation = MSE:56.973564 , RMSE:7.548083 , MAE:6.384256 , MAPD:36.350963, R_squared:-0.025185

2024-03-21 04:08:00,969 Epoch 101/300, Train Loss: 58.232311, Val Loss: 55.925799  
	Train = MSE:58.216316 , RMSE:7.629962 , MAE:6.232132 , MAPD:33.458920, R_squared:-0.007734  
	Validation = MSE:55.925797 , RMSE:7.478355 , MAE:5.894183 , MAPD:31.047940, R_squared:-0.006331

2024-03-21 04:08:23,552 Epoch 102/300, Train Loss: 58.071881, Val Loss: 56.538503  
	Train = MSE:58.071564 , RMSE:7.620470 , MAE:6.230905 , MAPD:33.440734, R_squared:-0.005229  
	Validation = MSE:56.538506 , RMSE:7.519209 , MAE:6.314419 , MAPD:35.681104, R_squared:-0.017356

2024-03-21 04:08:41,661 Epoch 103/300, Train Loss: 58.023186, Val Loss: 55.670010  
	Train = MSE:58.028503 , RMSE:7.617644 , MAE:6.243604 , MAPD:33.575417, R_squared:-0.004483  
	Validation = MSE:55.670010 , RMSE:7.461234 , MAE:5.953537 , MAPD:31.801167, R_squared:-0.001729

2024-03-21 04:09:01,180 Epoch 104/300, Train Loss: 58.088551, Val Loss: 56.209641  
	Train = MSE:58.086395 , RMSE:7.621443 , MAE:6.223109 , MAPD:33.374965, R_squared:-0.005485  
	Validation = MSE:56.209641 , RMSE:7.497309 , MAE:6.251693 , MAPD:35.072129, R_squared:-0.011439

2024-03-21 04:09:19,912 Epoch 105/300, Train Loss: 58.206343, Val Loss: 55.947430  
	Train = MSE:58.211960 , RMSE:7.629676 , MAE:6.252663 , MAPD:33.635606, R_squared:-0.007659  
	Validation = MSE:55.947433 , RMSE:7.479802 , MAE:5.890680 , MAPD:31.001507, R_squared:-0.006720

2024-03-21 04:09:37,216 Epoch 106/300, Train Loss: 58.168889, Val Loss: 56.875751  
	Train = MSE:58.162823 , RMSE:7.626455 , MAE:6.234259 , MAPD:33.441173, R_squared:-0.006808  
	Validation = MSE:56.875751 , RMSE:7.541601 , MAE:6.369348 , MAPD:36.209340, R_squared:-0.023425

2024-03-21 04:09:57,121 Epoch 107/300, Train Loss: 58.091874, Val Loss: 55.724479  
	Train = MSE:58.095478 , RMSE:7.622039 , MAE:6.238130 , MAPD:33.512405, R_squared:-0.005643  
	Validation = MSE:55.724476 , RMSE:7.464883 , MAE:5.936758 , MAPD:31.591455, R_squared:-0.002709

2024-03-21 04:10:15,427 Epoch 108/300, Train Loss: 58.004496, Val Loss: 55.841429  
	Train = MSE:58.001205 , RMSE:7.615852 , MAE:6.227956 , MAPD:33.459136, R_squared:-0.004011  
	Validation = MSE:55.841427 , RMSE:7.472712 , MAE:6.161520 , MAPD:34.172561, R_squared:-0.004813

2024-03-21 04:10:36,080 Epoch 109/300, Train Loss: 58.408985, Val Loss: 55.686653  
	Train = MSE:58.408615 , RMSE:7.642553 , MAE:6.252754 , MAPD:33.550848, R_squared:-0.011063  
	Validation = MSE:55.686649 , RMSE:7.462349 , MAE:6.107022 , MAPD:33.608728, R_squared:-0.002028

2024-03-21 04:10:54,981 Epoch 110/300, Train Loss: 58.464892, Val Loss: 55.580809  
	Train = MSE:58.459965 , RMSE:7.645912 , MAE:6.256316 , MAPD:33.601791, R_squared:-0.011952  
	Validation = MSE:55.580811 , RMSE:7.455254 , MAE:6.003105 , MAPD:32.415135, R_squared:-0.000123

2024-03-21 04:11:12,446 Epoch 111/300, Train Loss: 58.281937, Val Loss: 57.315392  
	Train = MSE:58.274422 , RMSE:7.633769 , MAE:6.244877 , MAPD:33.581322, R_squared:-0.008740  
	Validation = MSE:57.315392 , RMSE:7.570693 , MAE:6.432905 , MAPD:36.811828, R_squared:-0.031336

2024-03-21 04:11:31,954 Epoch 112/300, Train Loss: 58.188163, Val Loss: 55.884712  
	Train = MSE:58.189995 , RMSE:7.628237 , MAE:6.238594 , MAPD:33.465538, R_squared:-0.007279  
	Validation = MSE:55.884716 , RMSE:7.475608 , MAE:6.173956 , MAPD:34.299357, R_squared:-0.005592

2024-03-21 04:11:49,277 Epoch 113/300, Train Loss: 58.082176, Val Loss: 55.652637  
	Train = MSE:58.076538 , RMSE:7.620796 , MAE:6.229270 , MAPD:33.485895, R_squared:-0.005315  
	Validation = MSE:55.652637 , RMSE:7.460070 , MAE:6.091033 , MAPD:33.440083, R_squared:-0.001416

2024-03-21 04:12:09,054 Epoch 114/300, Train Loss: 58.168148, Val Loss: 57.672847  
	Train = MSE:58.164352 , RMSE:7.626556 , MAE:6.221572 , MAPD:33.355817, R_squared:-0.006835  
	Validation = MSE:57.672852 , RMSE:7.594265 , MAE:6.479388 , MAPD:37.249804, R_squared:-0.037768

2024-03-21 04:12:25,884 Epoch 115/300, Train Loss: 58.060855, Val Loss: 55.584073  
	Train = MSE:58.067375 , RMSE:7.620195 , MAE:6.245247 , MAPD:33.656752, R_squared:-0.005156  
	Validation = MSE:55.584072 , RMSE:7.455472 , MAE:5.999191 , MAPD:32.366886, R_squared:-0.000182

2024-03-21 04:12:43,361 Epoch 116/300, Train Loss: 58.443786, Val Loss: 55.890217  
	Train = MSE:58.444309 , RMSE:7.644888 , MAE:6.238344 , MAPD:33.433993, R_squared:-0.011681  
	Validation = MSE:55.890213 , RMSE:7.475976 , MAE:6.175505 , MAPD:34.314978, R_squared:-0.005691

2024-03-21 04:13:01,266 Epoch 117/300, Train Loss: 58.367233, Val Loss: 56.206390  
	Train = MSE:58.362839 , RMSE:7.639557 , MAE:6.254316 , MAPD:33.597455, R_squared:-0.010271  
	Validation = MSE:56.206387 , RMSE:7.497092 , MAE:5.856183 , MAPD:30.532735, R_squared:-0.011380

2024-03-21 04:13:18,377 Epoch 118/300, Train Loss: 58.416089, Val Loss: 57.820239  
	Train = MSE:58.420345 , RMSE:7.643320 , MAE:6.243615 , MAPD:33.521208, R_squared:-0.011266  
	Validation = MSE:57.820240 , RMSE:7.603962 , MAE:6.497479 , MAPD:37.419833, R_squared:-0.040420

2024-03-21 04:13:36,164 Epoch 119/300, Train Loss: 58.163015, Val Loss: 57.120103  
	Train = MSE:58.167000 , RMSE:7.626729 , MAE:6.227616 , MAPD:33.395326, R_squared:-0.006881  
	Validation = MSE:57.120102 , RMSE:7.557784 , MAE:6.405695 , MAPD:36.554405, R_squared:-0.027822

2024-03-21 04:13:55,638 Epoch 120/300, Train Loss: 58.227837, Val Loss: 55.602378  
	Train = MSE:58.226055 , RMSE:7.630600 , MAE:6.244425 , MAPD:33.575404, R_squared:-0.007903  
	Validation = MSE:55.602379 , RMSE:7.456700 , MAE:6.061031 , MAPD:33.110030, R_squared:-0.000512

2024-03-21 04:14:13,388 Epoch 121/300, Train Loss: 58.126584, Val Loss: 57.250016  
	Train = MSE:58.131840 , RMSE:7.624424 , MAE:6.226913 , MAPD:33.414246, R_squared:-0.006272  
	Validation = MSE:57.250019 , RMSE:7.566374 , MAE:6.423903 , MAPD:36.727003, R_squared:-0.030159

2024-03-21 04:14:35,927 Epoch 122/300, Train Loss: 58.191674, Val Loss: 55.781522  
	Train = MSE:58.193752 , RMSE:7.628483 , MAE:6.242931 , MAPD:33.583819, R_squared:-0.007344  
	Validation = MSE:55.781525 , RMSE:7.468703 , MAE:6.142737 , MAPD:33.979818, R_squared:-0.003735

2024-03-21 04:14:52,755 Epoch 123/300, Train Loss: 58.006190, Val Loss: 58.578006  
	Train = MSE:58.009098 , RMSE:7.616370 , MAE:6.224126 , MAPD:33.321091, R_squared:-0.004147  
	Validation = MSE:58.578003 , RMSE:7.653627 , MAE:6.584560 , MAPD:38.227447, R_squared:-0.054055

2024-03-21 04:15:09,361 Epoch 124/300, Train Loss: 58.206718, Val Loss: 56.008633  
	Train = MSE:58.202221 , RMSE:7.629038 , MAE:6.244867 , MAPD:33.629206, R_squared:-0.007490  
	Validation = MSE:56.008633 , RMSE:7.483891 , MAE:6.206234 , MAPD:34.623984, R_squared:-0.007822

2024-03-21 04:15:31,727 Epoch 125/300, Train Loss: 58.223036, Val Loss: 55.672295  
	Train = MSE:58.224243 , RMSE:7.630481 , MAE:6.247671 , MAPD:33.555685, R_squared:-0.007872  
	Validation = MSE:55.672295 , RMSE:7.461387 , MAE:6.100610 , MAPD:33.541143, R_squared:-0.001770

2024-03-21 04:15:48,360 Epoch 126/300, Train Loss: 58.544677, Val Loss: 56.016659  
	Train = MSE:58.535324 , RMSE:7.650838 , MAE:6.252611 , MAPD:33.528388, R_squared:-0.013256  
	Validation = MSE:56.016659 , RMSE:7.484428 , MAE:5.880104 , MAPD:30.861298, R_squared:-0.007966

2024-03-21 04:16:05,654 Epoch 127/300, Train Loss: 58.188288, Val Loss: 55.667211  
	Train = MSE:58.191257 , RMSE:7.628319 , MAE:6.252103 , MAPD:33.649655, R_squared:-0.007300  
	Validation = MSE:55.667206 , RMSE:7.461046 , MAE:5.954515 , MAPD:31.813390, R_squared:-0.001678

2024-03-21 04:16:22,206 Epoch 128/300, Train Loss: 58.272305, Val Loss: 55.998770  
	Train = MSE:58.269718 , RMSE:7.633461 , MAE:6.228315 , MAPD:33.448059, R_squared:-0.008659  
	Validation = MSE:55.998768 , RMSE:7.483232 , MAE:6.203814 , MAPD:34.599831, R_squared:-0.007644

2024-03-21 04:16:38,998 Epoch 129/300, Train Loss: 58.344005, Val Loss: 55.654231  
	Train = MSE:58.339668 , RMSE:7.638041 , MAE:6.231336 , MAPD:33.453865, R_squared:-0.009870  
	Validation = MSE:55.654228 , RMSE:7.460176 , MAE:6.091838 , MAPD:33.448655, R_squared:-0.001445

2024-03-21 04:16:56,842 Epoch 130/300, Train Loss: 58.144044, Val Loss: 57.270088  
	Train = MSE:58.144547 , RMSE:7.625257 , MAE:6.232284 , MAPD:33.466073, R_squared:-0.006492  
	Validation = MSE:57.270088 , RMSE:7.567700 , MAE:6.426684 , MAPD:36.753219, R_squared:-0.030520

2024-03-21 04:17:14,247 Epoch 131/300, Train Loss: 58.251114, Val Loss: 55.743776  
	Train = MSE:58.232582 , RMSE:7.631028 , MAE:6.241058 , MAPD:33.477289, R_squared:-0.008016  
	Validation = MSE:55.743774 , RMSE:7.466176 , MAE:6.129485 , MAPD:33.843743, R_squared:-0.003056

2024-03-21 04:17:33,294 Epoch 132/300, Train Loss: 58.100905, Val Loss: 56.364064  
	Train = MSE:58.103088 , RMSE:7.622538 , MAE:6.239320 , MAPD:33.477896, R_squared:-0.005774  
	Validation = MSE:56.364063 , RMSE:7.507600 , MAE:6.282318 , MAPD:35.371715, R_squared:-0.014217

2024-03-21 04:17:49,574 Epoch 133/300, Train Loss: 58.598707, Val Loss: 55.628111  
	Train = MSE:58.601192 , RMSE:7.655141 , MAE:6.259404 , MAPD:33.724770, R_squared:-0.014397  
	Validation = MSE:55.628117 , RMSE:7.458426 , MAE:6.077742 , MAPD:33.296788, R_squared:-0.000975

2024-03-21 04:18:05,881 Epoch 134/300, Train Loss: 58.223495, Val Loss: 55.809186  
	Train = MSE:58.223145 , RMSE:7.630409 , MAE:6.231181 , MAPD:33.420939, R_squared:-0.007852  
	Validation = MSE:55.809189 , RMSE:7.470555 , MAE:6.151708 , MAPD:34.071870, R_squared:-0.004233

2024-03-21 04:18:22,899 Epoch 135/300, Train Loss: 58.334473, Val Loss: 56.437581  
	Train = MSE:58.332565 , RMSE:7.637576 , MAE:6.236230 , MAPD:33.487090, R_squared:-0.009747  
	Validation = MSE:56.437576 , RMSE:7.512495 , MAE:6.296204 , MAPD:35.505722, R_squared:-0.015540

2024-03-21 04:18:39,760 Epoch 136/300, Train Loss: 58.186294, Val Loss: 55.598536  
	Train = MSE:58.182781 , RMSE:7.627764 , MAE:6.243028 , MAPD:33.580296, R_squared:-0.007154  
	Validation = MSE:55.598534 , RMSE:7.456442 , MAE:5.986831 , MAPD:32.214507, R_squared:-0.000442

2024-03-21 04:18:56,300 Epoch 137/300, Train Loss: 58.344119, Val Loss: 57.036963  
	Train = MSE:58.349220 , RMSE:7.638666 , MAE:6.245397 , MAPD:33.517757, R_squared:-0.010035  
	Validation = MSE:57.036964 , RMSE:7.552282 , MAE:6.393663 , MAPD:36.440228, R_squared:-0.026326

2024-03-21 04:19:13,110 Epoch 138/300, Train Loss: 58.184704, Val Loss: 55.609002  
	Train = MSE:58.172104 , RMSE:7.627064 , MAE:6.240674 , MAPD:33.505037, R_squared:-0.006969  
	Validation = MSE:55.609005 , RMSE:7.457145 , MAE:6.065697 , MAPD:33.163335, R_squared:-0.000631

2024-03-21 04:19:30,195 Epoch 139/300, Train Loss: 58.236651, Val Loss: 57.128636  
	Train = MSE:58.229446 , RMSE:7.630822 , MAE:6.242926 , MAPD:33.532027, R_squared:-0.007962  
	Validation = MSE:57.128632 , RMSE:7.558349 , MAE:6.406911 , MAPD:36.565945, R_squared:-0.027975

2024-03-21 04:19:47,597 Epoch 140/300, Train Loss: 58.393145, Val Loss: 55.663340  
	Train = MSE:58.393658 , RMSE:7.641574 , MAE:6.236800 , MAPD:33.474635, R_squared:-0.010804  
	Validation = MSE:55.663342 , RMSE:7.460787 , MAE:6.096371 , MAPD:33.496458, R_squared:-0.001609

2024-03-21 04:20:04,838 Epoch 141/300, Train Loss: 58.220626, Val Loss: 55.679454  
	Train = MSE:58.217720 , RMSE:7.630054 , MAE:6.235013 , MAPD:33.491572, R_squared:-0.007759  
	Validation = MSE:55.679455 , RMSE:7.461867 , MAE:6.103862 , MAPD:33.575414, R_squared:-0.001898

2024-03-21 04:20:25,411 Epoch 142/300, Train Loss: 58.377772, Val Loss: 55.573968  
	Train = MSE:58.365490 , RMSE:7.639731 , MAE:6.242634 , MAPD:33.553345, R_squared:-0.010317  
	Validation = MSE:55.573963 , RMSE:7.454794 , MAE:6.022521 , MAPD:32.652673, R_squared:-0.000000

2024-03-21 04:20:43,275 Epoch 143/300, Train Loss: 58.103492, Val Loss: 57.854680  
	Train = MSE:58.094551 , RMSE:7.621978 , MAE:6.232109 , MAPD:33.483557, R_squared:-0.005626  
	Validation = MSE:57.854683 , RMSE:7.606226 , MAE:6.501657 , MAPD:37.458922, R_squared:-0.041040

2024-03-21 04:20:59,627 Epoch 144/300, Train Loss: 58.363792, Val Loss: 55.577460  
	Train = MSE:58.368160 , RMSE:7.639906 , MAE:6.250381 , MAPD:33.600694, R_squared:-0.010363  
	Validation = MSE:55.577461 , RMSE:7.455029 , MAE:6.035167 , MAPD:32.804471, R_squared:-0.000063

2024-03-21 04:21:16,410 Epoch 145/300, Train Loss: 58.000542, Val Loss: 55.714805  
	Train = MSE:57.999008 , RMSE:7.615708 , MAE:6.237399 , MAPD:33.578351, R_squared:-0.003973  
	Validation = MSE:55.714806 , RMSE:7.464235 , MAE:5.939482 , MAPD:31.625506, R_squared:-0.002535

2024-03-21 04:21:32,152 Epoch 146/300, Train Loss: 58.246579, Val Loss: 55.647226  
	Train = MSE:58.239689 , RMSE:7.631493 , MAE:6.249608 , MAPD:33.579918, R_squared:-0.008139  
	Validation = MSE:55.647228 , RMSE:7.459707 , MAE:5.961975 , MAPD:31.906607, R_squared:-0.001319

2024-03-21 04:21:50,900 Epoch 147/300, Train Loss: 58.089851, Val Loss: 56.060373  
	Train = MSE:58.093075 , RMSE:7.621881 , MAE:6.230361 , MAPD:33.395583, R_squared:-0.005601  
	Validation = MSE:56.060375 , RMSE:7.487348 , MAE:5.873960 , MAPD:30.778945, R_squared:-0.008753

2024-03-21 04:22:07,799 Epoch 148/300, Train Loss: 58.343556, Val Loss: 56.265381  
	Train = MSE:58.335686 , RMSE:7.637780 , MAE:6.235937 , MAPD:33.430012, R_squared:-0.009801  
	Validation = MSE:56.265381 , RMSE:7.501025 , MAE:6.263102 , MAPD:35.183911, R_squared:-0.012442

2024-03-21 04:22:24,682 Epoch 149/300, Train Loss: 58.176241, Val Loss: 55.632542  
	Train = MSE:58.177517 , RMSE:7.627419 , MAE:6.238091 , MAPD:33.526687, R_squared:-0.007063  
	Validation = MSE:55.632545 , RMSE:7.458723 , MAE:6.080274 , MAPD:33.324464, R_squared:-0.001054

2024-03-21 04:22:42,978 Epoch 150/300, Train Loss: 58.019599, Val Loss: 55.609784  
	Train = MSE:58.024277 , RMSE:7.617367 , MAE:6.230478 , MAPD:33.481696, R_squared:-0.004410  
	Validation = MSE:55.609787 , RMSE:7.457197 , MAE:5.979681 , MAPD:32.126369, R_squared:-0.000645

2024-03-21 04:23:00,732 Epoch 151/300, Train Loss: 58.308651, Val Loss: 55.635262  
	Train = MSE:58.312294 , RMSE:7.636249 , MAE:6.245800 , MAPD:33.535052, R_squared:-0.009396  
	Validation = MSE:55.635265 , RMSE:7.458905 , MAE:5.966937 , MAPD:31.968633, R_squared:-0.001103

2024-03-21 04:23:18,976 Epoch 152/300, Train Loss: 58.351811, Val Loss: 57.085545  
	Train = MSE:58.346264 , RMSE:7.638473 , MAE:6.241650 , MAPD:33.495344, R_squared:-0.009984  
	Validation = MSE:57.085548 , RMSE:7.555498 , MAE:6.400734 , MAPD:36.507327, R_squared:-0.027200

2024-03-21 04:23:37,185 Epoch 153/300, Train Loss: 58.408164, Val Loss: 55.588178  
	Train = MSE:58.406116 , RMSE:7.642389 , MAE:6.248806 , MAPD:33.653314, R_squared:-0.011020  
	Validation = MSE:55.588181 , RMSE:7.455748 , MAE:5.995085 , MAPD:32.316262, R_squared:-0.000256

2024-03-21 04:23:56,160 Epoch 154/300, Train Loss: 58.531062, Val Loss: 55.925763  
	Train = MSE:58.520485 , RMSE:7.649868 , MAE:6.235960 , MAPD:33.438018, R_squared:-0.013000  
	Validation = MSE:55.925762 , RMSE:7.478353 , MAE:6.185195 , MAPD:34.412744, R_squared:-0.006331

2024-03-21 04:24:12,989 Epoch 155/300, Train Loss: 58.103925, Val Loss: 58.017747  
	Train = MSE:58.105808 , RMSE:7.622716 , MAE:6.228901 , MAPD:33.414903, R_squared:-0.005821  
	Validation = MSE:58.017746 , RMSE:7.616938 , MAE:6.521022 , MAPD:37.640118, R_squared:-0.043974

2024-03-21 04:24:29,389 Epoch 156/300, Train Loss: 58.288950, Val Loss: 55.765255  
	Train = MSE:58.298176 , RMSE:7.635324 , MAE:6.254583 , MAPD:33.632158, R_squared:-0.009151  
	Validation = MSE:55.765255 , RMSE:7.467614 , MAE:6.137182 , MAPD:33.922807, R_squared:-0.003442

2024-03-21 04:24:46,763 Epoch 157/300, Train Loss: 58.036296, Val Loss: 57.122548  
	Train = MSE:58.040363 , RMSE:7.618423 , MAE:6.230403 , MAPD:33.394108, R_squared:-0.004689  
	Validation = MSE:57.122547 , RMSE:7.557946 , MAE:6.406044 , MAPD:36.557714, R_squared:-0.027866

2024-03-21 04:25:05,829 Epoch 158/300, Train Loss: 58.053139, Val Loss: 55.790818  
	Train = MSE:58.047115 , RMSE:7.618866 , MAE:6.236158 , MAPD:33.558809, R_squared:-0.004805  
	Validation = MSE:55.790821 , RMSE:7.469326 , MAE:5.920075 , MAPD:31.382767, R_squared:-0.003902

2024-03-21 04:25:21,580 Epoch 159/300, Train Loss: 58.426978, Val Loss: 55.826888  
	Train = MSE:58.428055 , RMSE:7.643825 , MAE:6.244964 , MAPD:33.547099, R_squared:-0.011399  
	Validation = MSE:55.826889 , RMSE:7.471739 , MAE:6.157173 , MAPD:34.127949, R_squared:-0.004551

2024-03-21 04:25:38,826 Epoch 160/300, Train Loss: 58.270143, Val Loss: 57.066125  
	Train = MSE:58.276707 , RMSE:7.633918 , MAE:6.233961 , MAPD:33.444824, R_squared:-0.008780  
	Validation = MSE:57.066128 , RMSE:7.554213 , MAE:6.397921 , MAPD:36.480637, R_squared:-0.026850

2024-03-21 04:25:56,415 Epoch 161/300, Train Loss: 58.031982, Val Loss: 55.577757  
	Train = MSE:58.037979 , RMSE:7.618266 , MAE:6.240374 , MAPD:33.563226, R_squared:-0.004647  
	Validation = MSE:55.577759 , RMSE:7.455049 , MAE:6.035746 , MAPD:32.811327, R_squared:-0.000069

2024-03-21 04:26:15,801 Epoch 162/300, Train Loss: 58.442840, Val Loss: 55.574642  
	Train = MSE:58.435619 , RMSE:7.644320 , MAE:6.259180 , MAPD:33.623164, R_squared:-0.011530  
	Validation = MSE:55.574642 , RMSE:7.454840 , MAE:6.027584 , MAPD:32.713474, R_squared:-0.000012

2024-03-21 04:26:34,220 Epoch 163/300, Train Loss: 58.171727, Val Loss: 55.871085  
	Train = MSE:58.174797 , RMSE:7.627241 , MAE:6.224470 , MAPD:33.394049, R_squared:-0.007016  
	Validation = MSE:55.871082 , RMSE:7.474696 , MAE:6.170096 , MAPD:34.260236, R_squared:-0.005347

2024-03-21 04:26:50,715 Epoch 164/300, Train Loss: 58.073304, Val Loss: 55.642337  
	Train = MSE:58.067215 , RMSE:7.620185 , MAE:6.238669 , MAPD:33.542427, R_squared:-0.005153  
	Validation = MSE:55.642334 , RMSE:7.459379 , MAE:6.085657 , MAPD:33.382658, R_squared:-0.001231

2024-03-21 04:27:07,875 Epoch 165/300, Train Loss: 58.151705, Val Loss: 55.574158  
	Train = MSE:58.154556 , RMSE:7.625914 , MAE:6.235881 , MAPD:33.488889, R_squared:-0.006665  
	Validation = MSE:55.574162 , RMSE:7.454808 , MAE:6.024852 , MAPD:32.680666, R_squared:-0.000004

2024-03-21 04:27:24,092 Epoch 166/300, Train Loss: 58.064146, Val Loss: 56.789141  
	Train = MSE:58.067009 , RMSE:7.620171 , MAE:6.217093 , MAPD:33.338984, R_squared:-0.005150  
	Validation = MSE:56.789139 , RMSE:7.535857 , MAE:6.355902 , MAPD:36.080507, R_squared:-0.021866

2024-03-21 04:27:41,297 Epoch 167/300, Train Loss: 58.144716, Val Loss: 56.306177  
	Train = MSE:58.137249 , RMSE:7.624779 , MAE:6.239568 , MAPD:33.573634, R_squared:-0.006366  
	Validation = MSE:56.306175 , RMSE:7.503744 , MAE:6.271202 , MAPD:35.263078, R_squared:-0.013176

2024-03-21 04:27:58,226 Epoch 168/300, Train Loss: 58.375687, Val Loss: 55.674365  
	Train = MSE:58.378429 , RMSE:7.640578 , MAE:6.249878 , MAPD:33.591761, R_squared:-0.010541  
	Validation = MSE:55.674366 , RMSE:7.461526 , MAE:6.101562 , MAPD:33.551171, R_squared:-0.001807

2024-03-21 04:28:15,324 Epoch 169/300, Train Loss: 58.418683, Val Loss: 55.851702  
	Train = MSE:58.415737 , RMSE:7.643019 , MAE:6.232128 , MAPD:33.448953, R_squared:-0.011186  
	Validation = MSE:55.851700 , RMSE:7.473400 , MAE:5.907283 , MAPD:31.219966, R_squared:-0.004998

2024-03-21 04:28:32,640 Epoch 170/300, Train Loss: 58.051074, Val Loss: 55.576343  
	Train = MSE:58.052826 , RMSE:7.619240 , MAE:6.232059 , MAPD:33.484593, R_squared:-0.004904  
	Validation = MSE:55.576344 , RMSE:7.454954 , MAE:6.010565 , MAPD:32.507102, R_squared:-0.000043

2024-03-21 04:28:49,260 Epoch 171/300, Train Loss: 58.115769, Val Loss: 55.984688  
	Train = MSE:58.108707 , RMSE:7.622907 , MAE:6.233205 , MAPD:33.460136, R_squared:-0.005872  
	Validation = MSE:55.984688 , RMSE:7.482292 , MAE:6.200327 , MAPD:34.564943, R_squared:-0.007391

2024-03-21 04:29:06,630 Epoch 172/300, Train Loss: 58.099721, Val Loss: 55.584818  
	Train = MSE:58.107864 , RMSE:7.622851 , MAE:6.243610 , MAPD:33.511534, R_squared:-0.005857  
	Validation = MSE:55.584816 , RMSE:7.455523 , MAE:5.998392 , MAPD:32.357031, R_squared:-0.000196

2024-03-21 04:29:24,367 Epoch 173/300, Train Loss: 58.193568, Val Loss: 56.145088  
	Train = MSE:58.194622 , RMSE:7.628540 , MAE:6.236213 , MAPD:33.507176, R_squared:-0.007359  
	Validation = MSE:56.145092 , RMSE:7.493003 , MAE:6.237977 , MAPD:34.937031, R_squared:-0.010277

2024-03-21 04:29:40,960 Epoch 174/300, Train Loss: 58.280714, Val Loss: 58.356216  
	Train = MSE:58.285431 , RMSE:7.634490 , MAE:6.237083 , MAPD:33.432570, R_squared:-0.008931  
	Validation = MSE:58.356216 , RMSE:7.639124 , MAE:6.559877 , MAPD:38.000701, R_squared:-0.050064

2024-03-21 04:29:59,348 Epoch 175/300, Train Loss: 58.345536, Val Loss: 56.911331  
	Train = MSE:58.344761 , RMSE:7.638374 , MAE:6.236276 , MAPD:33.491084, R_squared:-0.009958  
	Validation = MSE:56.911331 , RMSE:7.543960 , MAE:6.374812 , MAPD:36.261356, R_squared:-0.024065

2024-03-21 04:30:15,788 Epoch 176/300, Train Loss: 58.224012, Val Loss: 55.643400  
	Train = MSE:58.228489 , RMSE:7.630759 , MAE:6.239754 , MAPD:33.557345, R_squared:-0.007945  
	Validation = MSE:55.643398 , RMSE:7.459450 , MAE:5.963513 , MAPD:31.925847, R_squared:-0.001250

2024-03-21 04:30:33,055 Epoch 177/300, Train Loss: 58.231728, Val Loss: 56.597455  
	Train = MSE:58.232552 , RMSE:7.631026 , MAE:6.236814 , MAPD:33.477482, R_squared:-0.008015  
	Validation = MSE:56.597458 , RMSE:7.523128 , MAE:6.324620 , MAPD:35.779319, R_squared:-0.018417

2024-03-21 04:30:49,489 Epoch 178/300, Train Loss: 58.246830, Val Loss: 55.616929  
	Train = MSE:58.243519 , RMSE:7.631744 , MAE:6.246712 , MAPD:33.555583, R_squared:-0.008205  
	Validation = MSE:55.616928 , RMSE:7.457676 , MAE:6.070964 , MAPD:33.222007, R_squared:-0.000773

2024-03-21 04:31:05,444 Epoch 179/300, Train Loss: 58.249753, Val Loss: 56.207744  
	Train = MSE:58.243103 , RMSE:7.631717 , MAE:6.233228 , MAPD:33.435786, R_squared:-0.008198  
	Validation = MSE:56.207745 , RMSE:7.497182 , MAE:6.251301 , MAPD:35.068261, R_squared:-0.011405

2024-03-21 04:31:24,277 Epoch 180/300, Train Loss: 58.473341, Val Loss: 56.294244  
	Train = MSE:58.471298 , RMSE:7.646653 , MAE:6.270483 , MAPD:33.756123, R_squared:-0.012148  
	Validation = MSE:56.294247 , RMSE:7.502949 , MAE:5.846907 , MAPD:30.400474, R_squared:-0.012961

2024-03-21 04:31:41,680 Epoch 181/300, Train Loss: 58.176859, Val Loss: 57.193044  
	Train = MSE:58.175858 , RMSE:7.627310 , MAE:6.237698 , MAPD:33.483960, R_squared:-0.007034  
	Validation = MSE:57.193047 , RMSE:7.562608 , MAE:6.415987 , MAPD:36.652069, R_squared:-0.029134

2024-03-21 04:32:00,788 Epoch 182/300, Train Loss: 58.404351, Val Loss: 55.573956  
	Train = MSE:58.411465 , RMSE:7.642739 , MAE:6.256968 , MAPD:33.703681, R_squared:-0.011112  
	Validation = MSE:55.573956 , RMSE:7.454794 , MAE:6.022131 , MAPD:32.647990, R_squared:-0.000000

2024-03-21 04:32:19,157 Epoch 183/300, Train Loss: 58.153788, Val Loss: 55.605035  
	Train = MSE:58.151836 , RMSE:7.625735 , MAE:6.226266 , MAPD:33.411174, R_squared:-0.006618  
	Validation = MSE:55.605038 , RMSE:7.456879 , MAE:6.062932 , MAPD:33.131941, R_squared:-0.000559

2024-03-21 04:32:35,365 Epoch 184/300, Train Loss: 57.993830, Val Loss: 56.134906  
	Train = MSE:57.995205 , RMSE:7.615458 , MAE:6.218001 , MAPD:33.373425, R_squared:-0.003907  
	Validation = MSE:56.134903 , RMSE:7.492323 , MAE:6.235744 , MAPD:34.915035, R_squared:-0.010094

2024-03-21 04:32:54,327 Epoch 185/300, Train Loss: 58.316113, Val Loss: 55.589887  
	Train = MSE:58.308495 , RMSE:7.636000 , MAE:6.245001 , MAPD:33.496494, R_squared:-0.009330  
	Validation = MSE:55.589890 , RMSE:7.455863 , MAE:6.050913 , MAPD:32.991178, R_squared:-0.000287

2024-03-21 04:33:10,254 Epoch 186/300, Train Loss: 58.074798, Val Loss: 55.604923  
	Train = MSE:58.081501 , RMSE:7.621122 , MAE:6.242667 , MAPD:33.601840, R_squared:-0.005401  
	Validation = MSE:55.604923 , RMSE:7.456871 , MAE:5.982609 , MAPD:32.162461, R_squared:-0.000557

2024-03-21 04:33:30,820 Epoch 187/300, Train Loss: 58.137832, Val Loss: 55.623937  
	Train = MSE:58.119873 , RMSE:7.623639 , MAE:6.238577 , MAPD:33.513100, R_squared:-0.006065  
	Validation = MSE:55.623936 , RMSE:7.458146 , MAE:5.972140 , MAPD:32.033393, R_squared:-0.000899

2024-03-21 04:33:46,649 Epoch 188/300, Train Loss: 58.182077, Val Loss: 55.722999  
	Train = MSE:58.184307 , RMSE:7.627864 , MAE:6.226824 , MAPD:33.408516, R_squared:-0.007180  
	Validation = MSE:55.723000 , RMSE:7.464784 , MAE:6.121675 , MAPD:33.762902, R_squared:-0.002682

2024-03-21 04:34:02,426 Epoch 189/300, Train Loss: 58.138794, Val Loss: 55.752897  
	Train = MSE:58.138889 , RMSE:7.624886 , MAE:6.232546 , MAPD:33.450840, R_squared:-0.006394  
	Validation = MSE:55.752895 , RMSE:7.466786 , MAE:6.132801 , MAPD:33.877849, R_squared:-0.003220

2024-03-21 04:34:20,812 Epoch 190/300, Train Loss: 58.213068, Val Loss: 55.578297  
	Train = MSE:58.203819 , RMSE:7.629143 , MAE:6.241135 , MAPD:33.542118, R_squared:-0.007518  
	Validation = MSE:55.578297 , RMSE:7.455085 , MAE:6.006821 , MAPD:32.460953, R_squared:-0.000078

2024-03-21 04:34:38,607 Epoch 191/300, Train Loss: 58.282981, Val Loss: 55.593143  
	Train = MSE:58.277325 , RMSE:7.633959 , MAE:6.234169 , MAPD:33.492403, R_squared:-0.008790  
	Validation = MSE:55.593140 , RMSE:7.456081 , MAE:5.990849 , MAPD:32.264035, R_squared:-0.000345

2024-03-21 04:34:55,937 Epoch 192/300, Train Loss: 58.515099, Val Loss: 57.284062  
	Train = MSE:58.510193 , RMSE:7.649196 , MAE:6.241416 , MAPD:33.386065, R_squared:-0.012821  
	Validation = MSE:57.284061 , RMSE:7.568624 , MAE:6.428612 , MAPD:36.771379, R_squared:-0.030772

2024-03-21 04:35:13,514 Epoch 193/300, Train Loss: 58.228997, Val Loss: 55.693846  
	Train = MSE:58.218204 , RMSE:7.630085 , MAE:6.254953 , MAPD:33.716800, R_squared:-0.007767  
	Validation = MSE:55.693848 , RMSE:7.462831 , MAE:6.110081 , MAPD:33.640970, R_squared:-0.002157

2024-03-21 04:35:30,775 Epoch 194/300, Train Loss: 58.038048, Val Loss: 56.083659  
	Train = MSE:58.024033 , RMSE:7.617351 , MAE:6.223439 , MAPD:33.400410, R_squared:-0.004406  
	Validation = MSE:56.083656 , RMSE:7.488902 , MAE:5.870894 , MAPD:30.737071, R_squared:-0.009172

2024-03-21 04:35:47,565 Epoch 195/300, Train Loss: 58.095220, Val Loss: 55.610159  
	Train = MSE:58.097309 , RMSE:7.622159 , MAE:6.226673 , MAPD:33.456006, R_squared:-0.005674  
	Validation = MSE:55.610157 , RMSE:7.457222 , MAE:6.066483 , MAPD:33.172196, R_squared:-0.000652

2024-03-21 04:36:05,440 Epoch 196/300, Train Loss: 58.144951, Val Loss: 56.423684  
	Train = MSE:58.148022 , RMSE:7.625485 , MAE:6.230552 , MAPD:33.469864, R_squared:-0.006552  
	Validation = MSE:56.423683 , RMSE:7.511570 , MAE:6.293613 , MAPD:35.480785, R_squared:-0.015290

2024-03-21 04:36:23,248 Epoch 197/300, Train Loss: 58.467688, Val Loss: 57.117316  
	Train = MSE:58.468021 , RMSE:7.646439 , MAE:6.258191 , MAPD:33.707700, R_squared:-0.012091  
	Validation = MSE:57.117313 , RMSE:7.557600 , MAE:6.405297 , MAPD:36.550627, R_squared:-0.027771

2024-03-21 04:36:39,026 Epoch 198/300, Train Loss: 58.277018, Val Loss: 57.620334  
	Train = MSE:58.284573 , RMSE:7.634433 , MAE:6.223416 , MAPD:33.345747, R_squared:-0.008916  
	Validation = MSE:57.620338 , RMSE:7.590806 , MAE:6.472823 , MAPD:37.187940, R_squared:-0.036823

2024-03-21 04:36:54,834 Epoch 199/300, Train Loss: 58.208535, Val Loss: 55.901751  
	Train = MSE:58.206493 , RMSE:7.629318 , MAE:6.235768 , MAPD:33.461224, R_squared:-0.007564  
	Validation = MSE:55.901749 , RMSE:7.476747 , MAE:6.178707 , MAPD:34.347282, R_squared:-0.005898

2024-03-21 04:37:11,817 Epoch 200/300, Train Loss: 58.410538, Val Loss: 57.644806  
	Train = MSE:58.407207 , RMSE:7.642461 , MAE:6.235454 , MAPD:33.408728, R_squared:-0.011039  
	Validation = MSE:57.644806 , RMSE:7.592418 , MAE:6.475893 , MAPD:37.216866, R_squared:-0.037263

2024-03-21 04:37:28,976 Epoch 201/300, Train Loss: 58.158093, Val Loss: 56.475030  
	Train = MSE:58.155937 , RMSE:7.626004 , MAE:6.266761 , MAPD:33.918351, R_squared:-0.006689  
	Validation = MSE:56.475029 , RMSE:7.514987 , MAE:5.830504 , MAPD:30.157078, R_squared:-0.016214

2024-03-21 04:37:49,580 Epoch 202/300, Train Loss: 58.405098, Val Loss: 57.349177  
	Train = MSE:58.401848 , RMSE:7.642110 , MAE:6.217507 , MAPD:33.276094, R_squared:-0.010946  
	Validation = MSE:57.349178 , RMSE:7.572924 , MAE:6.437491 , MAPD:36.855039, R_squared:-0.031944

2024-03-21 04:38:06,669 Epoch 203/300, Train Loss: 58.045267, Val Loss: 55.640312  
	Train = MSE:58.054039 , RMSE:7.619320 , MAE:6.252393 , MAPD:33.672329, R_squared:-0.004925  
	Validation = MSE:55.640312 , RMSE:7.459243 , MAE:5.964787 , MAPD:31.941771, R_squared:-0.001194

2024-03-21 04:38:24,582 Epoch 204/300, Train Loss: 58.749875, Val Loss: 55.600054  
	Train = MSE:58.753460 , RMSE:7.665081 , MAE:6.264053 , MAPD:33.608111, R_squared:-0.017032  
	Validation = MSE:55.600060 , RMSE:7.456545 , MAE:6.059307 , MAPD:33.090071, R_squared:-0.000470

2024-03-21 04:38:41,643 Epoch 205/300, Train Loss: 58.332243, Val Loss: 55.600631  
	Train = MSE:58.330143 , RMSE:7.637417 , MAE:6.242471 , MAPD:33.534318, R_squared:-0.009705  
	Validation = MSE:55.600636 , RMSE:7.456583 , MAE:6.059742 , MAPD:33.095101, R_squared:-0.000480

2024-03-21 04:38:57,951 Epoch 206/300, Train Loss: 58.196486, Val Loss: 56.555957  
	Train = MSE:58.198490 , RMSE:7.628794 , MAE:6.241507 , MAPD:33.488640, R_squared:-0.007426  
	Validation = MSE:56.555958 , RMSE:7.520370 , MAE:6.317471 , MAPD:35.710489, R_squared:-0.017670

2024-03-21 04:39:17,448 Epoch 207/300, Train Loss: 58.292149, Val Loss: 57.522318  
	Train = MSE:58.286907 , RMSE:7.634586 , MAE:6.243039 , MAPD:33.464913, R_squared:-0.008956  
	Validation = MSE:57.522320 , RMSE:7.584347 , MAE:6.460338 , MAPD:37.070307, R_squared:-0.035059

2024-03-21 04:39:33,783 Epoch 208/300, Train Loss: 58.453053, Val Loss: 55.576088  
	Train = MSE:58.454205 , RMSE:7.645535 , MAE:6.258832 , MAPD:33.624976, R_squared:-0.011852  
	Validation = MSE:55.576084 , RMSE:7.454937 , MAE:6.032170 , MAPD:32.768539, R_squared:-0.000038

2024-03-21 04:39:49,986 Epoch 209/300, Train Loss: 58.072054, Val Loss: 55.655236  
	Train = MSE:58.074387 , RMSE:7.620655 , MAE:6.243901 , MAPD:33.590577, R_squared:-0.005278  
	Validation = MSE:55.655235 , RMSE:7.460244 , MAE:6.092346 , MAPD:33.454037, R_squared:-0.001463

2024-03-21 04:40:07,597 Epoch 210/300, Train Loss: 58.147887, Val Loss: 55.752795  
	Train = MSE:58.150219 , RMSE:7.625629 , MAE:6.232382 , MAPD:33.450901, R_squared:-0.006590  
	Validation = MSE:55.752792 , RMSE:7.466779 , MAE:6.132764 , MAPD:33.877473, R_squared:-0.003218

2024-03-21 04:40:24,780 Epoch 211/300, Train Loss: 58.269693, Val Loss: 56.885274  
	Train = MSE:58.272606 , RMSE:7.633649 , MAE:6.234668 , MAPD:33.485620, R_squared:-0.008709  
	Validation = MSE:56.885273 , RMSE:7.542233 , MAE:6.370806 , MAPD:36.223275, R_squared:-0.023596

2024-03-21 04:40:41,601 Epoch 212/300, Train Loss: 58.306207, Val Loss: 56.449088  
	Train = MSE:58.305378 , RMSE:7.635796 , MAE:6.239477 , MAPD:33.499863, R_squared:-0.009276  
	Validation = MSE:56.449093 , RMSE:7.513261 , MAE:6.298333 , MAPD:35.526218, R_squared:-0.015747

2024-03-21 04:40:59,595 Epoch 213/300, Train Loss: 58.399526, Val Loss: 55.771914  
	Train = MSE:58.402344 , RMSE:7.642143 , MAE:6.253321 , MAPD:33.646035, R_squared:-0.010954  
	Validation = MSE:55.771915 , RMSE:7.468060 , MAE:5.924513 , MAPD:31.438422, R_squared:-0.003562

2024-03-21 04:41:17,220 Epoch 214/300, Train Loss: 58.433293, Val Loss: 56.129166  
	Train = MSE:58.437637 , RMSE:7.644452 , MAE:6.234641 , MAPD:33.412687, R_squared:-0.011565  
	Validation = MSE:56.129169 , RMSE:7.491940 , MAE:6.234476 , MAPD:34.902550, R_squared:-0.009991

2024-03-21 04:41:34,030 Epoch 215/300, Train Loss: 58.390189, Val Loss: 55.600196  
	Train = MSE:58.395298 , RMSE:7.641682 , MAE:6.253281 , MAPD:33.656016, R_squared:-0.010833  
	Validation = MSE:55.600197 , RMSE:7.456554 , MAE:6.059414 , MAPD:33.091309, R_squared:-0.000472

2024-03-21 04:41:51,211 Epoch 216/300, Train Loss: 58.272166, Val Loss: 56.597610  
	Train = MSE:58.271786 , RMSE:7.633596 , MAE:6.234185 , MAPD:33.464926, R_squared:-0.008695  
	Validation = MSE:56.597607 , RMSE:7.523138 , MAE:6.324646 , MAPD:35.779572, R_squared:-0.018420

2024-03-21 04:42:08,884 Epoch 217/300, Train Loss: 58.217878, Val Loss: 55.583077  
	Train = MSE:58.221489 , RMSE:7.630301 , MAE:6.246090 , MAPD:33.627468, R_squared:-0.007824  
	Validation = MSE:55.583076 , RMSE:7.455406 , MAE:6.000309 , MAPD:32.380672, R_squared:-0.000164

2024-03-21 04:42:26,496 Epoch 218/300, Train Loss: 58.130743, Val Loss: 56.105435  
	Train = MSE:58.123672 , RMSE:7.623888 , MAE:6.230914 , MAPD:33.443240, R_squared:-0.006131  
	Validation = MSE:56.105434 , RMSE:7.490356 , MAE:5.868105 , MAPD:30.698845, R_squared:-0.009564

2024-03-21 04:42:42,535 Epoch 219/300, Train Loss: 58.078954, Val Loss: 55.816187  
	Train = MSE:58.079193 , RMSE:7.620971 , MAE:6.227354 , MAPD:33.392089, R_squared:-0.005361  
	Validation = MSE:55.816185 , RMSE:7.471023 , MAE:6.153893 , MAPD:34.094292, R_squared:-0.004359

2024-03-21 04:42:59,353 Epoch 220/300, Train Loss: 57.879800, Val Loss: 55.814996  
	Train = MSE:57.883881 , RMSE:7.608146 , MAE:6.220725 , MAPD:33.396537, R_squared:-0.001980  
	Validation = MSE:55.814995 , RMSE:7.470943 , MAE:6.153523 , MAPD:34.090502, R_squared:-0.004337

2024-03-21 04:43:16,306 Epoch 221/300, Train Loss: 58.183651, Val Loss: 55.665296  
	Train = MSE:58.193382 , RMSE:7.628458 , MAE:6.252478 , MAPD:33.644407, R_squared:-0.007337  
	Validation = MSE:55.665295 , RMSE:7.460918 , MAE:5.955193 , MAPD:31.821857, R_squared:-0.001644

2024-03-21 04:43:33,895 Epoch 222/300, Train Loss: 58.019334, Val Loss: 55.590156  
	Train = MSE:58.030869 , RMSE:7.617799 , MAE:6.223527 , MAPD:33.415378, R_squared:-0.004524  
	Validation = MSE:55.590157 , RMSE:7.455881 , MAE:6.051162 , MAPD:32.994133, R_squared:-0.000292

2024-03-21 04:43:52,050 Epoch 223/300, Train Loss: 58.262606, Val Loss: 55.695917  
	Train = MSE:58.256741 , RMSE:7.632610 , MAE:6.256003 , MAPD:33.622996, R_squared:-0.008434  
	Validation = MSE:55.695919 , RMSE:7.462970 , MAE:5.945087 , MAPD:31.695557, R_squared:-0.002195

2024-03-21 04:44:13,177 Epoch 224/300, Train Loss: 58.339093, Val Loss: 55.881518  
	Train = MSE:58.348316 , RMSE:7.638607 , MAE:6.253262 , MAPD:33.583459, R_squared:-0.010019  
	Validation = MSE:55.881523 , RMSE:7.475395 , MAE:5.901721 , MAPD:31.147753, R_squared:-0.005534

2024-03-21 04:44:30,517 Epoch 225/300, Train Loss: 58.364440, Val Loss: 56.175795  
	Train = MSE:58.353546 , RMSE:7.638949 , MAE:6.227213 , MAPD:33.365114, R_squared:-0.010110  
	Validation = MSE:56.175797 , RMSE:7.495051 , MAE:5.859689 , MAPD:30.581577, R_squared:-0.010830

2024-03-21 04:44:48,352 Epoch 226/300, Train Loss: 58.207798, Val Loss: 57.231224  
	Train = MSE:58.204987 , RMSE:7.629219 , MAE:6.243942 , MAPD:33.484896, R_squared:-0.007538  
	Validation = MSE:57.231220 , RMSE:7.565132 , MAE:6.421282 , MAPD:36.702315, R_squared:-0.029821

2024-03-21 04:45:04,817 Epoch 227/300, Train Loss: 58.530470, Val Loss: 57.721002  
	Train = MSE:58.528511 , RMSE:7.650393 , MAE:6.259445 , MAPD:33.671893, R_squared:-0.013138  
	Validation = MSE:57.721004 , RMSE:7.597434 , MAE:6.485337 , MAPD:37.305857, R_squared:-0.038634

2024-03-21 04:45:22,430 Epoch 228/300, Train Loss: 58.155116, Val Loss: 56.857291  
	Train = MSE:58.157970 , RMSE:7.626137 , MAE:6.233624 , MAPD:33.459471, R_squared:-0.006724  
	Validation = MSE:56.857288 , RMSE:7.540377 , MAE:6.366507 , MAPD:36.182184, R_squared:-0.023093

2024-03-21 04:45:39,598 Epoch 229/300, Train Loss: 58.471029, Val Loss: 56.657496  
	Train = MSE:58.472118 , RMSE:7.646707 , MAE:6.264699 , MAPD:33.643578, R_squared:-0.012162  
	Validation = MSE:56.657494 , RMSE:7.527117 , MAE:6.334712 , MAPD:35.876482, R_squared:-0.019497

2024-03-21 04:46:00,012 Epoch 230/300, Train Loss: 58.081961, Val Loss: 55.903586  
	Train = MSE:58.077835 , RMSE:7.620882 , MAE:6.236663 , MAPD:33.523465, R_squared:-0.005337  
	Validation = MSE:55.903584 , RMSE:7.476870 , MAE:6.179210 , MAPD:34.352362, R_squared:-0.005931

2024-03-21 04:46:18,392 Epoch 231/300, Train Loss: 58.103472, Val Loss: 55.580479  
	Train = MSE:58.101959 , RMSE:7.622464 , MAE:6.231585 , MAPD:33.450650, R_squared:-0.005755  
	Validation = MSE:55.580479 , RMSE:7.455232 , MAE:6.003550 , MAPD:32.420618, R_squared:-0.000117

2024-03-21 04:46:36,453 Epoch 232/300, Train Loss: 58.283734, Val Loss: 56.391255  
	Train = MSE:58.279770 , RMSE:7.634119 , MAE:6.230613 , MAPD:33.409891, R_squared:-0.008833  
	Validation = MSE:56.391254 , RMSE:7.509411 , MAE:6.287485 , MAPD:35.421788, R_squared:-0.014707

2024-03-21 04:46:52,838 Epoch 233/300, Train Loss: 58.145423, Val Loss: 55.744984  
	Train = MSE:58.146439 , RMSE:7.625381 , MAE:6.249994 , MAPD:33.692772, R_squared:-0.006525  
	Validation = MSE:55.744984 , RMSE:7.466256 , MAE:5.931257 , MAPD:31.522710, R_squared:-0.003078

2024-03-21 04:47:10,413 Epoch 234/300, Train Loss: 58.258118, Val Loss: 55.617779  
	Train = MSE:58.265869 , RMSE:7.633208 , MAE:6.235575 , MAPD:33.449274, R_squared:-0.008592  
	Validation = MSE:55.617779 , RMSE:7.457733 , MAE:5.975269 , MAPD:32.071974, R_squared:-0.000789

2024-03-21 04:47:27,027 Epoch 235/300, Train Loss: 58.200862, Val Loss: 55.584203  
	Train = MSE:58.198837 , RMSE:7.628816 , MAE:6.242893 , MAPD:33.573223, R_squared:-0.007432  
	Validation = MSE:55.584209 , RMSE:7.455482 , MAE:5.999050 , MAPD:32.365142, R_squared:-0.000185

2024-03-21 04:47:44,796 Epoch 236/300, Train Loss: 58.131220, Val Loss: 55.912549  
	Train = MSE:58.141327 , RMSE:7.625046 , MAE:6.231396 , MAPD:33.478879, R_squared:-0.006436  
	Validation = MSE:55.912548 , RMSE:7.477469 , MAE:6.181653 , MAPD:34.377003, R_squared:-0.006093

2024-03-21 04:48:00,920 Epoch 237/300, Train Loss: 58.494610, Val Loss: 56.100708  
	Train = MSE:58.503536 , RMSE:7.648760 , MAE:6.252846 , MAPD:33.533296, R_squared:-0.012706  
	Validation = MSE:56.100708 , RMSE:7.490041 , MAE:6.228091 , MAPD:34.839669, R_squared:-0.009479

2024-03-21 04:48:17,595 Epoch 238/300, Train Loss: 58.262426, Val Loss: 55.584178  
	Train = MSE:58.265560 , RMSE:7.633188 , MAE:6.241839 , MAPD:33.539439, R_squared:-0.008587  
	Validation = MSE:55.584179 , RMSE:7.455480 , MAE:6.045013 , MAPD:32.921216, R_squared:-0.000184

2024-03-21 04:48:35,064 Epoch 239/300, Train Loss: 58.068092, Val Loss: 55.577372  
	Train = MSE:58.072815 , RMSE:7.620552 , MAE:6.234522 , MAPD:33.520831, R_squared:-0.005250  
	Validation = MSE:55.577374 , RMSE:7.455023 , MAE:6.034993 , MAPD:32.802393, R_squared:-0.000062

2024-03-21 04:48:52,990 Epoch 240/300, Train Loss: 58.219837, Val Loss: 55.830819  
	Train = MSE:58.218632 , RMSE:7.630114 , MAE:6.232893 , MAPD:33.496630, R_squared:-0.007774  
	Validation = MSE:55.830822 , RMSE:7.472003 , MAE:5.911438 , MAPD:31.273292, R_squared:-0.004622

2024-03-21 04:49:09,960 Epoch 241/300, Train Loss: 58.097761, Val Loss: 56.588901  
	Train = MSE:58.094608 , RMSE:7.621982 , MAE:6.213975 , MAPD:33.275850, R_squared:-0.005627  
	Validation = MSE:56.588902 , RMSE:7.522560 , MAE:6.323159 , MAPD:35.765248, R_squared:-0.018263

2024-03-21 04:49:27,562 Epoch 242/300, Train Loss: 58.174691, Val Loss: 55.666916  
	Train = MSE:58.180710 , RMSE:7.627628 , MAE:6.240509 , MAPD:33.538382, R_squared:-0.007118  
	Validation = MSE:55.666916 , RMSE:7.461027 , MAE:6.098087 , MAPD:33.514550, R_squared:-0.001673

2024-03-21 04:49:45,702 Epoch 243/300, Train Loss: 57.928417, Val Loss: 55.687535  
	Train = MSE:57.932819 , RMSE:7.611361 , MAE:6.213034 , MAPD:33.348641, R_squared:-0.002827  
	Validation = MSE:55.687534 , RMSE:7.462408 , MAE:6.107403 , MAPD:33.612740, R_squared:-0.002044

2024-03-21 04:50:02,091 Epoch 244/300, Train Loss: 58.051265, Val Loss: 55.919066  
	Train = MSE:58.051651 , RMSE:7.619164 , MAE:6.231232 , MAPD:33.498675, R_squared:-0.004884  
	Validation = MSE:55.919067 , RMSE:7.477905 , MAE:5.895294 , MAPD:31.062679, R_squared:-0.006210

2024-03-21 04:50:19,039 Epoch 245/300, Train Loss: 58.314081, Val Loss: 55.794336  
	Train = MSE:58.321629 , RMSE:7.636860 , MAE:6.244765 , MAPD:33.499532, R_squared:-0.009557  
	Validation = MSE:55.794334 , RMSE:7.469561 , MAE:6.146962 , MAPD:34.023170, R_squared:-0.003966

2024-03-21 04:50:37,398 Epoch 246/300, Train Loss: 57.975635, Val Loss: 60.682224  
	Train = MSE:57.976906 , RMSE:7.614257 , MAE:6.213127 , MAPD:33.289976, R_squared:-0.003590  
	Validation = MSE:60.682217 , RMSE:7.789879 , MAE:6.790800 , MAPD:40.090467, R_squared:-0.091919

2024-03-21 04:50:54,943 Epoch 247/300, Train Loss: 58.337481, Val Loss: 57.726814  
	Train = MSE:58.337502 , RMSE:7.637899 , MAE:6.259335 , MAPD:33.672653, R_squared:-0.009832  
	Validation = MSE:57.726818 , RMSE:7.597816 , MAE:6.486051 , MAPD:37.312579, R_squared:-0.038739

2024-03-21 04:51:11,933 Epoch 248/300, Train Loss: 58.029505, Val Loss: 55.681167  
	Train = MSE:58.035442 , RMSE:7.618100 , MAE:6.240930 , MAPD:33.557227, R_squared:-0.004603  
	Validation = MSE:55.681171 , RMSE:7.461982 , MAE:6.104624 , MAPD:33.583448, R_squared:-0.001929

2024-03-21 04:51:28,144 Epoch 249/300, Train Loss: 58.181071, Val Loss: 56.576194  
	Train = MSE:58.179626 , RMSE:7.627557 , MAE:6.229972 , MAPD:33.440126, R_squared:-0.007099  
	Validation = MSE:56.576195 , RMSE:7.521715 , MAE:6.320977 , MAPD:35.744232, R_squared:-0.018034

2024-03-21 04:51:44,432 Epoch 250/300, Train Loss: 58.127959, Val Loss: 56.488122  
	Train = MSE:58.119293 , RMSE:7.623601 , MAE:6.218543 , MAPD:33.429136, R_squared:-0.006055  
	Validation = MSE:56.488121 , RMSE:7.515858 , MAE:6.305452 , MAPD:35.594763, R_squared:-0.016450

2024-03-21 04:52:02,918 Epoch 251/300, Train Loss: 58.143169, Val Loss: 57.885302  
	Train = MSE:58.144302 , RMSE:7.625241 , MAE:6.248906 , MAPD:33.545356, R_squared:-0.006488  
	Validation = MSE:57.885303 , RMSE:7.608239 , MAE:6.505345 , MAPD:37.493433, R_squared:-0.041591

2024-03-21 04:52:20,480 Epoch 252/300, Train Loss: 58.248274, Val Loss: 56.090506  
	Train = MSE:58.240788 , RMSE:7.631565 , MAE:6.241713 , MAPD:33.518494, R_squared:-0.008158  
	Validation = MSE:56.090504 , RMSE:7.489359 , MAE:5.870010 , MAPD:30.724960, R_squared:-0.009295

2024-03-21 04:52:37,377 Epoch 253/300, Train Loss: 57.997767, Val Loss: 55.645989  
	Train = MSE:58.000038 , RMSE:7.615776 , MAE:6.231609 , MAPD:33.462916, R_squared:-0.003991  
	Validation = MSE:55.645985 , RMSE:7.459624 , MAE:5.962467 , MAPD:31.912773, R_squared:-0.001296

2024-03-21 04:52:53,119 Epoch 254/300, Train Loss: 58.215168, Val Loss: 58.653094  
	Train = MSE:58.219276 , RMSE:7.630156 , MAE:6.219551 , MAPD:33.314796, R_squared:-0.007786  
	Validation = MSE:58.653095 , RMSE:7.658531 , MAE:6.592741 , MAPD:38.302452, R_squared:-0.055406

2024-03-21 04:53:11,758 Epoch 255/300, Train Loss: 58.401991, Val Loss: 55.599006  
	Train = MSE:58.404991 , RMSE:7.642316 , MAE:6.259129 , MAPD:33.652544, R_squared:-0.011000  
	Validation = MSE:55.599010 , RMSE:7.456474 , MAE:5.986502 , MAPD:32.210452, R_squared:-0.000451

2024-03-21 04:53:29,262 Epoch 256/300, Train Loss: 58.100702, Val Loss: 56.692112  
	Train = MSE:58.103401 , RMSE:7.622559 , MAE:6.229999 , MAPD:33.436273, R_squared:-0.005780  
	Validation = MSE:56.692116 , RMSE:7.529417 , MAE:6.340404 , MAPD:35.931278, R_squared:-0.020120

2024-03-21 04:53:45,079 Epoch 257/300, Train Loss: 58.435167, Val Loss: 56.195234  
	Train = MSE:58.439278 , RMSE:7.644559 , MAE:6.248071 , MAPD:33.545912, R_squared:-0.011594  
	Validation = MSE:56.195236 , RMSE:7.496348 , MAE:6.248695 , MAPD:35.042595, R_squared:-0.011179

2024-03-21 04:54:04,413 Epoch 258/300, Train Loss: 57.992675, Val Loss: 55.874125  
	Train = MSE:57.984848 , RMSE:7.614778 , MAE:6.225753 , MAPD:33.400193, R_squared:-0.003728  
	Validation = MSE:55.874123 , RMSE:7.474899 , MAE:6.170958 , MAPD:34.269007, R_squared:-0.005401

2024-03-21 04:54:20,935 Epoch 259/300, Train Loss: 58.487708, Val Loss: 56.686291  
	Train = MSE:58.484730 , RMSE:7.647531 , MAE:6.259602 , MAPD:33.675917, R_squared:-0.012381  
	Validation = MSE:56.686291 , RMSE:7.529030 , MAE:6.339452 , MAPD:35.922124, R_squared:-0.020016

2024-03-21 04:54:38,755 Epoch 260/300, Train Loss: 58.160770, Val Loss: 57.428170  
	Train = MSE:58.161533 , RMSE:7.626371 , MAE:6.234167 , MAPD:33.494453, R_squared:-0.006786  
	Validation = MSE:57.428173 , RMSE:7.578138 , MAE:5.779010 , MAPD:29.241290, R_squared:-0.033365

2024-03-21 04:54:56,895 Epoch 261/300, Train Loss: 57.970541, Val Loss: 55.779069  
	Train = MSE:57.970406 , RMSE:7.613830 , MAE:6.232448 , MAPD:33.455414, R_squared:-0.003478  
	Validation = MSE:55.779072 , RMSE:7.468539 , MAE:5.922800 , MAPD:31.417009, R_squared:-0.003691

2024-03-21 04:55:14,885 Epoch 262/300, Train Loss: 58.438837, Val Loss: 56.527839  
	Train = MSE:58.445549 , RMSE:7.644969 , MAE:6.254302 , MAPD:33.624322, R_squared:-0.011702  
	Validation = MSE:56.527843 , RMSE:7.518500 , MAE:5.826392 , MAPD:30.092577, R_squared:-0.017164

2024-03-21 04:55:33,453 Epoch 263/300, Train Loss: 58.551898, Val Loss: 55.752210  
	Train = MSE:58.554981 , RMSE:7.652122 , MAE:6.252901 , MAPD:33.503924, R_squared:-0.013597  
	Validation = MSE:55.752209 , RMSE:7.466740 , MAE:6.132553 , MAPD:33.875306, R_squared:-0.003208

2024-03-21 04:55:49,182 Epoch 264/300, Train Loss: 58.261191, Val Loss: 55.981242  
	Train = MSE:58.248837 , RMSE:7.632092 , MAE:6.234203 , MAPD:33.479680, R_squared:-0.008297  
	Validation = MSE:55.981247 , RMSE:7.482062 , MAE:6.199465 , MAPD:34.556319, R_squared:-0.007329

2024-03-21 04:56:07,148 Epoch 265/300, Train Loss: 58.146467, Val Loss: 55.578116  
	Train = MSE:58.143974 , RMSE:7.625220 , MAE:6.247364 , MAPD:33.614877, R_squared:-0.006482  
	Validation = MSE:55.578114 , RMSE:7.455073 , MAE:6.036414 , MAPD:32.819252, R_squared:-0.000075

2024-03-21 04:56:25,315 Epoch 266/300, Train Loss: 58.196118, Val Loss: 55.695569  
	Train = MSE:58.202412 , RMSE:7.629051 , MAE:6.219337 , MAPD:33.324314, R_squared:-0.007494  
	Validation = MSE:55.695572 , RMSE:7.462946 , MAE:6.110800 , MAPD:33.648550, R_squared:-0.002188

2024-03-21 04:56:41,635 Epoch 267/300, Train Loss: 58.114910, Val Loss: 57.403889  
	Train = MSE:58.113033 , RMSE:7.623190 , MAE:6.231692 , MAPD:33.468603, R_squared:-0.005946  
	Validation = MSE:57.403885 , RMSE:7.576535 , MAE:6.444827 , MAPD:36.924156, R_squared:-0.032928

2024-03-21 04:56:58,437 Epoch 268/300, Train Loss: 58.309413, Val Loss: 56.317895  
	Train = MSE:58.315674 , RMSE:7.636470 , MAE:6.254505 , MAPD:33.620558, R_squared:-0.009454  
	Validation = MSE:56.317890 , RMSE:7.504525 , MAE:6.273486 , MAPD:35.285404, R_squared:-0.013387

2024-03-21 04:57:17,065 Epoch 269/300, Train Loss: 57.967088, Val Loss: 57.526857  
	Train = MSE:57.974102 , RMSE:7.614073 , MAE:6.222085 , MAPD:33.411785, R_squared:-0.003542  
	Validation = MSE:57.526855 , RMSE:7.584646 , MAE:6.460923 , MAPD:37.075819, R_squared:-0.035141

2024-03-21 04:57:32,771 Epoch 270/300, Train Loss: 58.112814, Val Loss: 56.008992  
	Train = MSE:58.107288 , RMSE:7.622814 , MAE:6.237998 , MAPD:33.536190, R_squared:-0.005847  
	Validation = MSE:56.008995 , RMSE:7.483916 , MAE:6.206322 , MAPD:34.624858, R_squared:-0.007828

2024-03-21 04:57:49,940 Epoch 271/300, Train Loss: 58.185366, Val Loss: 55.748620  
	Train = MSE:58.190292 , RMSE:7.628256 , MAE:6.240186 , MAPD:33.554045, R_squared:-0.007284  
	Validation = MSE:55.748623 , RMSE:7.466500 , MAE:5.930317 , MAPD:31.510963, R_squared:-0.003143

2024-03-21 04:58:08,101 Epoch 272/300, Train Loss: 58.166948, Val Loss: 55.922609  
	Train = MSE:58.168320 , RMSE:7.626816 , MAE:6.236498 , MAPD:33.544143, R_squared:-0.006903  
	Validation = MSE:55.922607 , RMSE:7.478142 , MAE:5.894708 , MAPD:31.054903, R_squared:-0.006274

2024-03-21 04:58:24,979 Epoch 273/300, Train Loss: 58.176152, Val Loss: 56.534985  
	Train = MSE:58.168060 , RMSE:7.626799 , MAE:6.224103 , MAPD:33.388693, R_squared:-0.006899  
	Validation = MSE:56.534985 , RMSE:7.518975 , MAE:6.313801 , MAPD:35.675149, R_squared:-0.017293

2024-03-21 04:58:40,757 Epoch 274/300, Train Loss: 58.611867, Val Loss: 55.735996  
	Train = MSE:58.622040 , RMSE:7.656503 , MAE:6.271718 , MAPD:33.779574, R_squared:-0.014757  
	Validation = MSE:55.735996 , RMSE:7.465654 , MAE:5.933626 , MAPD:31.552308, R_squared:-0.002916

2024-03-21 04:58:59,558 Epoch 275/300, Train Loss: 58.212387, Val Loss: 55.578749  
	Train = MSE:58.207016 , RMSE:7.629352 , MAE:6.224925 , MAPD:33.385495, R_squared:-0.007573  
	Validation = MSE:55.578751 , RMSE:7.455116 , MAE:6.006084 , MAPD:32.451858, R_squared:-0.000086

2024-03-21 04:59:17,112 Epoch 276/300, Train Loss: 58.035983, Val Loss: 56.344958  
	Train = MSE:58.037846 , RMSE:7.618258 , MAE:6.216263 , MAPD:33.379720, R_squared:-0.004645  
	Validation = MSE:56.344959 , RMSE:7.506328 , MAE:6.278695 , MAPD:35.336313, R_squared:-0.013874

2024-03-21 04:59:33,104 Epoch 277/300, Train Loss: 58.083735, Val Loss: 57.497743  
	Train = MSE:58.077152 , RMSE:7.620837 , MAE:6.232655 , MAPD:33.438822, R_squared:-0.005325  
	Validation = MSE:57.497746 , RMSE:7.582727 , MAE:6.457160 , MAPD:37.040352, R_squared:-0.034617

2024-03-21 04:59:49,939 Epoch 278/300, Train Loss: 58.433107, Val Loss: 55.644921  
	Train = MSE:58.438156 , RMSE:7.644485 , MAE:6.252360 , MAPD:33.621260, R_squared:-0.011574  
	Validation = MSE:55.644920 , RMSE:7.459552 , MAE:6.087029 , MAPD:33.397391, R_squared:-0.001277

2024-03-21 05:00:07,087 Epoch 279/300, Train Loss: 58.098226, Val Loss: 55.833346  
	Train = MSE:58.107594 , RMSE:7.622834 , MAE:6.239351 , MAPD:33.539380, R_squared:-0.005852  
	Validation = MSE:55.833344 , RMSE:7.472171 , MAE:6.159119 , MAPD:34.147918, R_squared:-0.004668

2024-03-21 05:00:24,606 Epoch 280/300, Train Loss: 58.317084, Val Loss: 55.738748  
	Train = MSE:58.319855 , RMSE:7.636744 , MAE:6.251348 , MAPD:33.597780, R_squared:-0.009527  
	Validation = MSE:55.738750 , RMSE:7.465839 , MAE:6.127642 , MAPD:33.824658, R_squared:-0.002965

2024-03-21 05:00:42,476 Epoch 281/300, Train Loss: 57.924308, Val Loss: 55.599799  
	Train = MSE:57.922089 , RMSE:7.610656 , MAE:6.204502 , MAPD:33.336946, R_squared:-0.002641  
	Validation = MSE:55.599796 , RMSE:7.456527 , MAE:6.059113 , MAPD:33.087820, R_squared:-0.000465

2024-03-21 05:01:00,553 Epoch 282/300, Train Loss: 58.134737, Val Loss: 56.240934  
	Train = MSE:58.136612 , RMSE:7.624737 , MAE:6.232564 , MAPD:33.498108, R_squared:-0.006355  
	Validation = MSE:56.240932 , RMSE:7.499395 , MAE:6.258133 , MAPD:35.135344, R_squared:-0.012002

2024-03-21 05:01:19,996 Epoch 283/300, Train Loss: 58.102921, Val Loss: 58.743651  
	Train = MSE:58.110611 , RMSE:7.623032 , MAE:6.220751 , MAPD:33.340514, R_squared:-0.005905  
	Validation = MSE:58.743649 , RMSE:7.664441 , MAE:6.602475 , MAPD:38.391697, R_squared:-0.057036

2024-03-21 05:01:36,222 Epoch 284/300, Train Loss: 58.095323, Val Loss: 56.361908  
	Train = MSE:58.095127 , RMSE:7.622016 , MAE:6.242058 , MAPD:33.546947, R_squared:-0.005636  
	Validation = MSE:56.361904 , RMSE:7.507457 , MAE:6.281911 , MAPD:35.367744, R_squared:-0.014179

2024-03-21 05:01:55,119 Epoch 285/300, Train Loss: 58.363615, Val Loss: 55.871769  
	Train = MSE:58.371078 , RMSE:7.640097 , MAE:6.263731 , MAPD:33.696324, R_squared:-0.010413  
	Validation = MSE:55.871769 , RMSE:7.474742 , MAE:6.170291 , MAPD:34.262215, R_squared:-0.005359

2024-03-21 05:02:11,977 Epoch 286/300, Train Loss: 58.172225, Val Loss: 55.874456  
	Train = MSE:58.161476 , RMSE:7.626367 , MAE:6.216779 , MAPD:33.335812, R_squared:-0.006785  
	Validation = MSE:55.874454 , RMSE:7.474922 , MAE:6.171052 , MAPD:34.269964, R_squared:-0.005407

2024-03-21 05:02:28,726 Epoch 287/300, Train Loss: 58.161998, Val Loss: 56.363236  
	Train = MSE:58.169018 , RMSE:7.626862 , MAE:6.255456 , MAPD:33.720460, R_squared:-0.006916  
	Validation = MSE:56.363232 , RMSE:7.507545 , MAE:5.840353 , MAPD:30.303947, R_squared:-0.014202

2024-03-21 05:02:46,121 Epoch 288/300, Train Loss: 58.240510, Val Loss: 55.721428  
	Train = MSE:58.239712 , RMSE:7.631495 , MAE:6.230223 , MAPD:33.362993, R_squared:-0.008139  
	Validation = MSE:55.721432 , RMSE:7.464679 , MAE:6.121073 , MAPD:33.756617, R_squared:-0.002654

2024-03-21 05:03:02,423 Epoch 289/300, Train Loss: 58.194143, Val Loss: 56.497160  
	Train = MSE:58.198009 , RMSE:7.628762 , MAE:6.235092 , MAPD:33.487027, R_squared:-0.007418  
	Validation = MSE:56.497158 , RMSE:7.516459 , MAE:6.307079 , MAPD:35.610424, R_squared:-0.016612

2024-03-21 05:03:18,410 Epoch 290/300, Train Loss: 58.203451, Val Loss: 55.602092  
	Train = MSE:58.203259 , RMSE:7.629106 , MAE:6.257895 , MAPD:33.641631, R_squared:-0.007508  
	Validation = MSE:55.602089 , RMSE:7.456681 , MAE:6.060823 , MAPD:33.107618, R_squared:-0.000506

2024-03-21 05:03:36,692 Epoch 291/300, Train Loss: 58.320767, Val Loss: 55.914098  
	Train = MSE:58.319450 , RMSE:7.636717 , MAE:6.240402 , MAPD:33.506770, R_squared:-0.009520  
	Validation = MSE:55.914101 , RMSE:7.477573 , MAE:6.182072 , MAPD:34.381235, R_squared:-0.006121

2024-03-21 05:03:54,969 Epoch 292/300, Train Loss: 58.151877, Val Loss: 55.715285  
	Train = MSE:58.149612 , RMSE:7.625589 , MAE:6.222341 , MAPD:33.366227, R_squared:-0.006580  
	Validation = MSE:55.715286 , RMSE:7.464267 , MAE:6.118690 , MAPD:33.731715, R_squared:-0.002543

2024-03-21 05:04:13,066 Epoch 293/300, Train Loss: 58.279956, Val Loss: 57.018922  
	Train = MSE:58.284748 , RMSE:7.634445 , MAE:6.241927 , MAPD:33.581629, R_squared:-0.008919  
	Validation = MSE:57.018925 , RMSE:7.551088 , MAE:6.391007 , MAPD:36.415029, R_squared:-0.026001

2024-03-21 05:04:29,253 Epoch 294/300, Train Loss: 58.424545, Val Loss: 56.131529  
	Train = MSE:58.424854 , RMSE:7.643615 , MAE:6.255778 , MAPD:33.661625, R_squared:-0.011344  
	Validation = MSE:56.131527 , RMSE:7.492098 , MAE:5.864922 , MAPD:30.654495, R_squared:-0.010033

2024-03-21 05:04:46,855 Epoch 295/300, Train Loss: 58.083100, Val Loss: 55.620991  
	Train = MSE:58.085648 , RMSE:7.621394 , MAE:6.211900 , MAPD:33.256992, R_squared:-0.005472  
	Validation = MSE:55.620987 , RMSE:7.457948 , MAE:6.073501 , MAPD:33.250102, R_squared:-0.000846

2024-03-21 05:05:05,609 Epoch 296/300, Train Loss: 58.317715, Val Loss: 57.781619  
	Train = MSE:58.328140 , RMSE:7.637286 , MAE:6.250830 , MAPD:33.546672, R_squared:-0.009670  
	Validation = MSE:57.781620 , RMSE:7.601422 , MAE:6.492756 , MAPD:37.375643, R_squared:-0.039725

2024-03-21 05:05:23,528 Epoch 297/300, Train Loss: 58.242219, Val Loss: 55.771394  
	Train = MSE:58.236530 , RMSE:7.631286 , MAE:6.239403 , MAPD:33.570939, R_squared:-0.008084  
	Validation = MSE:55.771397 , RMSE:7.468025 , MAE:6.139305 , MAPD:33.944597, R_squared:-0.003553

2024-03-21 05:05:42,304 Epoch 298/300, Train Loss: 58.488371, Val Loss: 55.623895  
	Train = MSE:58.496365 , RMSE:7.648292 , MAE:6.254166 , MAPD:33.574571, R_squared:-0.012582  
	Validation = MSE:55.623898 , RMSE:7.458143 , MAE:6.075249 , MAPD:33.269456, R_squared:-0.000899

2024-03-21 05:05:59,295 Epoch 299/300, Train Loss: 58.059220, Val Loss: 55.781358  
	Train = MSE:58.060101 , RMSE:7.619718 , MAE:6.228677 , MAPD:33.443396, R_squared:-0.005030  
	Validation = MSE:55.781357 , RMSE:7.468692 , MAE:6.142682 , MAPD:33.979251, R_squared:-0.003732

2024-03-21 05:06:18,847 Epoch 300/300, Train Loss: 58.034189, Val Loss: 56.483255  
	Train = MSE:58.030975 , RMSE:7.617806 , MAE:6.225539 , MAPD:33.427818, R_squared:-0.004526  
	Validation = MSE:56.483253 , RMSE:7.515534 , MAE:6.304573 , MAPD:35.586298, R_squared:-0.016362

2024-03-21 05:06:18,856 Time for training the model: 5201.612590
2024-03-21 05:06:25,614 MSE for train: 57.998631
2024-03-21 05:06:25,615 RMSE for train: 7.615683
2024-03-21 05:06:25,615 MAE for train: 6.351959
2024-03-21 05:06:25,615 MAPD for train: 34.829921
2024-03-21 05:06:25,615 R^2 Score for train: -0.003966
2024-03-21 05:06:25,622 Inference time for train dataset: 5.907001

2024-03-21 05:06:26,332 MSE for val: 56.483253
2024-03-21 05:06:26,332 RMSE for val: 7.515534
2024-03-21 05:06:26,332 MAE for val: 6.304573
2024-03-21 05:06:26,332 MAPD for val: 35.586298
2024-03-21 05:06:26,332 R^2 Score for val: -0.016362
2024-03-21 05:06:26,340 Inference time for val dataset: 0.709002

2024-03-21 05:06:27,054 MSE for test: 60.690166
2024-03-21 05:06:27,054 RMSE for test: 7.790390
2024-03-21 05:06:27,054 MAE for test: 6.473421
2024-03-21 05:06:27,054 MAPD for test: 33.589430
2024-03-21 05:06:27,054 R^2 Score for test: -0.001666
2024-03-21 05:06:27,063 Inference time for test dataset: 0.714999

2024-03-21 05:06:28,755 Train label average: , [20.62097221]
2024-03-21 05:06:28,756 Test label average: , [21.41736175]
2024-03-21 05:06:28,756 validation label average: , [20.14607025]
2024-03-21 05:06:28,756 predicted (on validation dataset) values average: , 21.0996435546875
