2024-03-21 07:02:40,367 train batches in dataset: 100
2024-03-21 07:02:40,368 val batches in dataset: 13
2024-03-21 07:02:40,368 test batches in dataset: 13
2024-03-21 07:02:40,376 Trainable parameter: net_core.0.weight - size: torch.Size([256, 35])
2024-03-21 07:02:40,378 Trainable parameter: net_core.0.bias - size: torch.Size([256])
2024-03-21 07:02:40,379 Trainable parameter: net_core.1.weight - size: torch.Size([128, 256])
2024-03-21 07:02:40,383 Trainable parameter: net_core.1.bias - size: torch.Size([128])
2024-03-21 07:02:40,387 Trainable parameter: net_core.2.weight - size: torch.Size([64, 128])
2024-03-21 07:02:40,390 Trainable parameter: net_core.2.bias - size: torch.Size([64])
2024-03-21 07:02:40,393 Trainable parameter: net_core.3.weight - size: torch.Size([16, 64])
2024-03-21 07:02:40,394 Trainable parameter: net_core.3.bias - size: torch.Size([16])
2024-03-21 07:02:40,394 Trainable parameter: net_core.4.weight - size: torch.Size([1, 16])
2024-03-21 07:02:40,395 Trainable parameter: net_core.4.bias - size: torch.Size([1])
2024-03-21 07:02:40,395 Number of trainable parameters: 51425
2024-03-21 07:02:40,395 Number of non-trainable parameters: 0
2024-03-21 07:02:45,807 Epoch 1/300, Train Loss: 441.341432, Val Loss: 369.669340  
	Train = MSE:441.328705 , RMSE:21.007824 , MAE:19.582531 , MAPD:94.393088, R_squared:-6.639475  
	Validation = MSE:367.472260 , RMSE:19.169565 , MAE:17.673256 , MAPD:86.136614, R_squared:-5.612311

2024-03-21 07:02:51,208 Epoch 2/300, Train Loss: 349.250977, Val Loss: 294.554108  
	Train = MSE:349.264862 , RMSE:18.688629 , MAE:17.082613 , MAPD:80.548165, R_squared:-5.045834  
	Validation = MSE:292.531067 , RMSE:17.103540 , MAE:15.425565 , MAPD:73.544551, R_squared:-4.263816

2024-03-21 07:02:55,513 Epoch 3/300, Train Loss: 264.238020, Val Loss: 203.584828  
	Train = MSE:264.252838 , RMSE:16.255856 , MAE:14.406896 , MAPD:65.941013, R_squared:-3.574262  
	Validation = MSE:201.830521 , RMSE:14.206707 , MAE:12.192082 , MAPD:55.506071, R_squared:-2.631747

2024-03-21 07:02:59,781 Epoch 4/300, Train Loss: 164.719622, Val Loss: 107.875487  
	Train = MSE:164.736252 , RMSE:12.834962 , MAE:10.538183 , MAPD:45.232530, R_squared:-1.851612  
	Validation = MSE:106.533005 , RMSE:10.321483 , MAE:7.820187 , MAPD:32.607793, R_squared:-0.916960

2024-03-21 07:03:04,084 Epoch 5/300, Train Loss: 80.602104, Val Loss: 52.556920  
	Train = MSE:80.612984 , RMSE:8.978474 , MAE:6.598022 , MAPD:27.713555, R_squared:-0.395424  
	Validation = MSE:51.665073 , RMSE:7.187842 , MAE:5.238554 , MAPD:24.595755, R_squared:0.070336

2024-03-21 07:03:08,418 Epoch 6/300, Train Loss: 47.167972, Val Loss: 41.724118  
	Train = MSE:47.171333 , RMSE:6.868139 , MAE:5.297372 , MAPD:26.369303, R_squared:0.183456  
	Validation = MSE:41.094570 , RMSE:6.410505 , MAE:5.224788 , MAPD:28.450126, R_squared:0.260543

2024-03-21 07:03:12,695 Epoch 7/300, Train Loss: 40.233379, Val Loss: 37.749678  
	Train = MSE:40.233276 , RMSE:6.342971 , MAE:5.202095 , MAPD:27.968397, R_squared:0.303555  
	Validation = MSE:37.237057 , RMSE:6.102217 , MAE:5.111695 , MAPD:28.643397, R_squared:0.329955

2024-03-21 07:03:16,930 Epoch 8/300, Train Loss: 36.188082, Val Loss: 33.827689  
	Train = MSE:36.191643 , RMSE:6.015949 , MAE:4.994127 , MAPD:27.264295, R_squared:0.373517  
	Validation = MSE:33.398979 , RMSE:5.779185 , MAE:4.874607 , MAPD:27.547991, R_squared:0.399017

2024-03-21 07:03:21,742 Epoch 9/300, Train Loss: 32.061492, Val Loss: 29.628795  
	Train = MSE:32.058723 , RMSE:5.662042 , MAE:4.735701 , MAPD:26.095461, R_squared:0.445058  
	Validation = MSE:29.264093 , RMSE:5.409630 , MAE:4.521335 , MAPD:25.363869, R_squared:0.473421

2024-03-21 07:03:26,922 Epoch 10/300, Train Loss: 27.713673, Val Loss: 25.181539  
	Train = MSE:27.714193 , RMSE:5.264427 , MAE:4.401647 , MAPD:24.339418, R_squared:0.520263  
	Validation = MSE:24.898569 , RMSE:4.989847 , MAE:4.187390 , MAPD:23.659539, R_squared:0.551974

2024-03-21 07:03:32,389 Epoch 11/300, Train Loss: 22.898372, Val Loss: 20.165495  
	Train = MSE:22.897993 , RMSE:4.785185 , MAE:3.987998 , MAPD:22.099917, R_squared:0.603632  
	Validation = MSE:19.970968 , RMSE:4.468889 , MAE:3.780473 , MAPD:21.681245, R_squared:0.640642

2024-03-21 07:03:38,691 Epoch 12/300, Train Loss: 17.831804, Val Loss: 15.332506  
	Train = MSE:17.832747 , RMSE:4.222884 , MAE:3.510350 , MAPD:19.580589, R_squared:0.691312  
	Validation = MSE:15.211010 , RMSE:3.900130 , MAE:3.304219 , MAPD:19.181192, R_squared:0.726292

2024-03-21 07:03:42,977 Epoch 13/300, Train Loss: 13.149234, Val Loss: 10.870108  
	Train = MSE:13.148591 , RMSE:3.626099 , MAE:3.009568 , MAPD:16.993416, R_squared:0.772396  
	Validation = MSE:10.807905 , RMSE:3.287538 , MAE:2.767842 , MAPD:16.219605, R_squared:0.805522

2024-03-21 07:03:47,743 Epoch 14/300, Train Loss: 9.018393, Val Loss: 7.193132  
	Train = MSE:9.018454 , RMSE:3.003074 , MAE:2.472007 , MAPD:14.110897, R_squared:0.843889  
	Validation = MSE:7.172065 , RMSE:2.678071 , MAE:2.225487 , MAPD:13.157834, R_squared:0.870946

2024-03-21 07:03:52,093 Epoch 15/300, Train Loss: 5.886828, Val Loss: 4.691530  
	Train = MSE:5.887529 , RMSE:2.426423 , MAE:1.970061 , MAPD:11.476022, R_squared:0.898086  
	Validation = MSE:4.694474 , RMSE:2.166673 , MAE:1.765347 , MAPD:10.861716, R_squared:0.915527

2024-03-21 07:03:56,426 Epoch 16/300, Train Loss: 3.813243, Val Loss: 3.081726  
	Train = MSE:3.812865 , RMSE:1.952656 , MAE:1.570585 , MAPD:9.296281, R_squared:0.933999  
	Validation = MSE:3.090474 , RMSE:1.757974 , MAE:1.393610 , MAPD:8.345395, R_squared:0.944390

2024-03-21 07:04:00,680 Epoch 17/300, Train Loss: 2.662441, Val Loss: 2.214101  
	Train = MSE:2.662481 , RMSE:1.631711 , MAE:1.302530 , MAPD:7.737170, R_squared:0.953912  
	Validation = MSE:2.223143 , RMSE:1.491021 , MAE:1.171617 , MAPD:7.128202, R_squared:0.959997

2024-03-21 07:04:05,283 Epoch 18/300, Train Loss: 1.980660, Val Loss: 1.702294  
	Train = MSE:1.980696 , RMSE:1.407372 , MAE:1.121984 , MAPD:6.627031, R_squared:0.965714  
	Validation = MSE:1.710615 , RMSE:1.307905 , MAE:1.027932 , MAPD:6.090212, R_squared:0.969219

2024-03-21 07:04:09,836 Epoch 19/300, Train Loss: 1.633219, Val Loss: 1.415820  
	Train = MSE:1.633441 , RMSE:1.278061 , MAE:1.021678 , MAPD:5.932845, R_squared:0.971725  
	Validation = MSE:1.425923 , RMSE:1.194120 , MAE:0.947615 , MAPD:5.659350, R_squared:0.974342

2024-03-21 07:04:14,760 Epoch 20/300, Train Loss: 1.402276, Val Loss: 1.207600  
	Train = MSE:1.402399 , RMSE:1.184229 , MAE:0.946448 , MAPD:5.438798, R_squared:0.975724  
	Validation = MSE:1.219280 , RMSE:1.104210 , MAE:0.881363 , MAPD:5.166882, R_squared:0.978060

2024-03-21 07:04:19,076 Epoch 21/300, Train Loss: 1.240280, Val Loss: 1.061219  
	Train = MSE:1.240278 , RMSE:1.113678 , MAE:0.890824 , MAPD:5.060727, R_squared:0.978531  
	Validation = MSE:1.071908 , RMSE:1.035330 , MAE:0.828232 , MAPD:4.787592, R_squared:0.980712

2024-03-21 07:04:25,094 Epoch 22/300, Train Loss: 1.105509, Val Loss: 0.940297  
	Train = MSE:1.105600 , RMSE:1.051475 , MAE:0.837370 , MAPD:4.719449, R_squared:0.980862  
	Validation = MSE:0.951464 , RMSE:0.975430 , MAE:0.781646 , MAPD:4.438308, R_squared:0.982879

2024-03-21 07:04:30,495 Epoch 23/300, Train Loss: 1.000021, Val Loss: 0.847041  
	Train = MSE:0.999906 , RMSE:0.999953 , MAE:0.795654 , MAPD:4.440755, R_squared:0.982691  
	Validation = MSE:0.857189 , RMSE:0.925845 , MAE:0.741585 , MAPD:4.190082, R_squared:0.984576

2024-03-21 07:04:34,978 Epoch 24/300, Train Loss: 0.906465, Val Loss: 0.781429  
	Train = MSE:0.906500 , RMSE:0.952103 , MAE:0.755228 , MAPD:4.189647, R_squared:0.984308  
	Validation = MSE:0.790465 , RMSE:0.889081 , MAE:0.710435 , MAPD:3.951612, R_squared:0.985776

2024-03-21 07:04:39,521 Epoch 25/300, Train Loss: 0.827544, Val Loss: 0.694446  
	Train = MSE:0.827536 , RMSE:0.909690 , MAE:0.718683 , MAPD:3.961236, R_squared:0.985675  
	Validation = MSE:0.702358 , RMSE:0.838068 , MAE:0.669270 , MAPD:3.769920, R_squared:0.987362

2024-03-21 07:04:43,753 Epoch 26/300, Train Loss: 0.750022, Val Loss: 0.633010  
	Train = MSE:0.749891 , RMSE:0.865962 , MAE:0.682481 , MAPD:3.753150, R_squared:0.987019  
	Validation = MSE:0.640377 , RMSE:0.800236 , MAE:0.635960 , MAPD:3.540685, R_squared:0.988477

2024-03-21 07:04:47,999 Epoch 27/300, Train Loss: 0.685318, Val Loss: 0.573143  
	Train = MSE:0.685317 , RMSE:0.827839 , MAE:0.650778 , MAPD:3.562381, R_squared:0.988137  
	Validation = MSE:0.580646 , RMSE:0.762002 , MAE:0.607753 , MAPD:3.400925, R_squared:0.989552

2024-03-21 07:04:52,808 Epoch 28/300, Train Loss: 0.620762, Val Loss: 0.520526  
	Train = MSE:0.620786 , RMSE:0.787900 , MAE:0.617627 , MAPD:3.355210, R_squared:0.989254  
	Validation = MSE:0.526329 , RMSE:0.725485 , MAE:0.573973 , MAPD:3.155809, R_squared:0.990529

2024-03-21 07:04:57,640 Epoch 29/300, Train Loss: 0.563569, Val Loss: 0.488547  
	Train = MSE:0.563633 , RMSE:0.750755 , MAE:0.585781 , MAPD:3.159714, R_squared:0.990243  
	Validation = MSE:0.494377 , RMSE:0.703120 , MAE:0.553733 , MAPD:3.004978, R_squared:0.991104

2024-03-21 07:05:01,848 Epoch 30/300, Train Loss: 0.519978, Val Loss: 0.450834  
	Train = MSE:0.520021 , RMSE:0.721125 , MAE:0.561990 , MAPD:3.025055, R_squared:0.990998  
	Validation = MSE:0.454664 , RMSE:0.674288 , MAE:0.528898 , MAPD:2.859549, R_squared:0.991819

2024-03-21 07:05:06,538 Epoch 31/300, Train Loss: 0.479495, Val Loss: 0.414813  
	Train = MSE:0.479506 , RMSE:0.692464 , MAE:0.537164 , MAPD:2.875981, R_squared:0.991700  
	Validation = MSE:0.417822 , RMSE:0.646392 , MAE:0.506048 , MAPD:2.742100, R_squared:0.992482

2024-03-21 07:05:12,218 Epoch 32/300, Train Loss: 0.441386, Val Loss: 0.383179  
	Train = MSE:0.441280 , RMSE:0.664289 , MAE:0.513098 , MAPD:2.744723, R_squared:0.992361  
	Validation = MSE:0.385400 , RMSE:0.620806 , MAE:0.484665 , MAPD:2.637291, R_squared:0.993065

2024-03-21 07:05:16,955 Epoch 33/300, Train Loss: 0.406605, Val Loss: 0.359599  
	Train = MSE:0.406574 , RMSE:0.637631 , MAE:0.491582 , MAPD:2.625037, R_squared:0.992962  
	Validation = MSE:0.362962 , RMSE:0.602463 , MAE:0.468673 , MAPD:2.536967, R_squared:0.993469

2024-03-21 07:05:21,941 Epoch 34/300, Train Loss: 0.374030, Val Loss: 0.362801  
	Train = MSE:0.374052 , RMSE:0.611597 , MAE:0.469942 , MAPD:2.512613, R_squared:0.993525  
	Validation = MSE:0.365827 , RMSE:0.604836 , MAE:0.470121 , MAPD:2.510618, R_squared:0.993417

2024-03-21 07:05:26,673 Epoch 35/300, Train Loss: 0.346656, Val Loss: 0.320407  
	Train = MSE:0.346657 , RMSE:0.588776 , MAE:0.451631 , MAPD:2.411251, R_squared:0.993999  
	Validation = MSE:0.323236 , RMSE:0.568539 , MAE:0.438987 , MAPD:2.359712, R_squared:0.994184

2024-03-21 07:05:30,827 Epoch 36/300, Train Loss: 0.319607, Val Loss: 0.292499  
	Train = MSE:0.319563 , RMSE:0.565299 , MAE:0.431900 , MAPD:2.308396, R_squared:0.994468  
	Validation = MSE:0.294792 , RMSE:0.542948 , MAE:0.417531 , MAPD:2.256111, R_squared:0.994696

2024-03-21 07:05:34,954 Epoch 37/300, Train Loss: 0.298467, Val Loss: 0.267221  
	Train = MSE:0.298434 , RMSE:0.546291 , MAE:0.416432 , MAPD:2.221637, R_squared:0.994834  
	Validation = MSE:0.269306 , RMSE:0.518947 , MAE:0.397260 , MAPD:2.161499, R_squared:0.995154

2024-03-21 07:05:39,117 Epoch 38/300, Train Loss: 0.277581, Val Loss: 0.254630  
	Train = MSE:0.277581 , RMSE:0.526859 , MAE:0.400561 , MAPD:2.140813, R_squared:0.995195  
	Validation = MSE:0.256582 , RMSE:0.506540 , MAE:0.386963 , MAPD:2.103532, R_squared:0.995383

2024-03-21 07:05:43,720 Epoch 39/300, Train Loss: 0.264120, Val Loss: 0.233130  
	Train = MSE:0.264126 , RMSE:0.513932 , MAE:0.389910 , MAPD:2.088001, R_squared:0.995428  
	Validation = MSE:0.234377 , RMSE:0.484125 , MAE:0.369033 , MAPD:2.025726, R_squared:0.995783

2024-03-21 07:05:48,005 Epoch 40/300, Train Loss: 0.245126, Val Loss: 0.217432  
	Train = MSE:0.245173 , RMSE:0.495150 , MAE:0.376943 , MAPD:2.015458, R_squared:0.995756  
	Validation = MSE:0.217794 , RMSE:0.466684 , MAE:0.356184 , MAPD:1.976028, R_squared:0.996081

2024-03-21 07:05:52,178 Epoch 41/300, Train Loss: 0.232937, Val Loss: 0.205908  
	Train = MSE:0.232922 , RMSE:0.482620 , MAE:0.366929 , MAPD:1.961981, R_squared:0.995968  
	Validation = MSE:0.206659 , RMSE:0.454598 , MAE:0.345310 , MAPD:1.914689, R_squared:0.996281

2024-03-21 07:05:58,637 Epoch 42/300, Train Loss: 0.220148, Val Loss: 0.200368  
	Train = MSE:0.220172 , RMSE:0.469225 , MAE:0.356979 , MAPD:1.912303, R_squared:0.996189  
	Validation = MSE:0.200868 , RMSE:0.448183 , MAE:0.338983 , MAPD:1.869330, R_squared:0.996386

2024-03-21 07:06:02,863 Epoch 43/300, Train Loss: 0.212119, Val Loss: 0.188860  
	Train = MSE:0.212134 , RMSE:0.460580 , MAE:0.350293 , MAPD:1.874581, R_squared:0.996328  
	Validation = MSE:0.188018 , RMSE:0.433610 , MAE:0.329964 , MAPD:1.837921, R_squared:0.996617

2024-03-21 07:06:07,526 Epoch 44/300, Train Loss: 0.200415, Val Loss: 0.179916  
	Train = MSE:0.200442 , RMSE:0.447707 , MAE:0.339443 , MAPD:1.815527, R_squared:0.996530  
	Validation = MSE:0.180357 , RMSE:0.424685 , MAE:0.324197 , MAPD:1.817874, R_squared:0.996755

2024-03-21 07:06:11,752 Epoch 45/300, Train Loss: 0.192323, Val Loss: 0.175591  
	Train = MSE:0.192325 , RMSE:0.438548 , MAE:0.331364 , MAPD:1.771979, R_squared:0.996671  
	Validation = MSE:0.176818 , RMSE:0.420497 , MAE:0.318511 , MAPD:1.764895, R_squared:0.996818

2024-03-21 07:06:15,943 Epoch 46/300, Train Loss: 0.184176, Val Loss: 0.166680  
	Train = MSE:0.184198 , RMSE:0.429183 , MAE:0.325165 , MAPD:1.739218, R_squared:0.996812  
	Validation = MSE:0.166295 , RMSE:0.407793 , MAE:0.310694 , MAPD:1.743956, R_squared:0.997008

2024-03-21 07:06:20,019 Epoch 47/300, Train Loss: 0.177753, Val Loss: 0.161001  
	Train = MSE:0.177753 , RMSE:0.421608 , MAE:0.318802 , MAPD:1.704531, R_squared:0.996923  
	Validation = MSE:0.160884 , RMSE:0.401104 , MAE:0.302564 , MAPD:1.686796, R_squared:0.997105

2024-03-21 07:06:24,357 Epoch 48/300, Train Loss: 0.173103, Val Loss: 0.155116  
	Train = MSE:0.173094 , RMSE:0.416045 , MAE:0.313986 , MAPD:1.680738, R_squared:0.997004  
	Validation = MSE:0.155289 , RMSE:0.394067 , MAE:0.297936 , MAPD:1.665952, R_squared:0.997206

2024-03-21 07:06:28,880 Epoch 49/300, Train Loss: 0.165404, Val Loss: 0.150323  
	Train = MSE:0.165414 , RMSE:0.406711 , MAE:0.305979 , MAPD:1.638224, R_squared:0.997137  
	Validation = MSE:0.151055 , RMSE:0.388658 , MAE:0.293399 , MAPD:1.645607, R_squared:0.997282

2024-03-21 07:06:33,195 Epoch 50/300, Train Loss: 0.162854, Val Loss: 0.151065  
	Train = MSE:0.162852 , RMSE:0.403550 , MAE:0.303323 , MAPD:1.621043, R_squared:0.997181  
	Validation = MSE:0.151912 , RMSE:0.389759 , MAE:0.293233 , MAPD:1.631665, R_squared:0.997266

2024-03-21 07:06:37,953 Epoch 51/300, Train Loss: 0.157705, Val Loss: 0.142718  
	Train = MSE:0.157676 , RMSE:0.397084 , MAE:0.298923 , MAPD:1.603474, R_squared:0.997271  
	Validation = MSE:0.143351 , RMSE:0.378617 , MAE:0.284637 , MAPD:1.599538, R_squared:0.997421

2024-03-21 07:06:44,790 Epoch 52/300, Train Loss: 0.152988, Val Loss: 0.139050  
	Train = MSE:0.152987 , RMSE:0.391136 , MAE:0.294069 , MAPD:1.574684, R_squared:0.997352  
	Validation = MSE:0.139361 , RMSE:0.373311 , MAE:0.280426 , MAPD:1.571561, R_squared:0.997492

2024-03-21 07:06:49,114 Epoch 53/300, Train Loss: 0.148464, Val Loss: 0.136640  
	Train = MSE:0.148468 , RMSE:0.385316 , MAE:0.289897 , MAPD:1.554476, R_squared:0.997430  
	Validation = MSE:0.137193 , RMSE:0.370396 , MAE:0.276915 , MAPD:1.552740, R_squared:0.997531

2024-03-21 07:06:53,795 Epoch 54/300, Train Loss: 0.145670, Val Loss: 0.132158  
	Train = MSE:0.145684 , RMSE:0.381686 , MAE:0.285094 , MAPD:1.530021, R_squared:0.997478  
	Validation = MSE:0.132963 , RMSE:0.364641 , MAE:0.273514 , MAPD:1.548808, R_squared:0.997607

2024-03-21 07:06:58,258 Epoch 55/300, Train Loss: 0.139850, Val Loss: 0.137210  
	Train = MSE:0.139858 , RMSE:0.373976 , MAE:0.279616 , MAPD:1.502127, R_squared:0.997579  
	Validation = MSE:0.138140 , RMSE:0.371671 , MAE:0.276399 , MAPD:1.546820, R_squared:0.997514

2024-03-21 07:07:02,529 Epoch 56/300, Train Loss: 0.136560, Val Loss: 0.128245  
	Train = MSE:0.136527 , RMSE:0.369495 , MAE:0.276371 , MAPD:1.487496, R_squared:0.997637  
	Validation = MSE:0.129195 , RMSE:0.359437 , MAE:0.266349 , MAPD:1.497581, R_squared:0.997675

2024-03-21 07:07:06,675 Epoch 57/300, Train Loss: 0.135829, Val Loss: 0.127964  
	Train = MSE:0.135836 , RMSE:0.368560 , MAE:0.273755 , MAPD:1.471543, R_squared:0.997649  
	Validation = MSE:0.129692 , RMSE:0.360127 , MAE:0.267050 , MAPD:1.492112, R_squared:0.997666

2024-03-21 07:07:11,277 Epoch 58/300, Train Loss: 0.137829, Val Loss: 0.128414  
	Train = MSE:0.137854 , RMSE:0.371287 , MAE:0.279052 , MAPD:1.505780, R_squared:0.997614  
	Validation = MSE:0.130102 , RMSE:0.360696 , MAE:0.266185 , MAPD:1.489106, R_squared:0.997659

2024-03-21 07:07:16,182 Epoch 59/300, Train Loss: 0.129870, Val Loss: 0.117203  
	Train = MSE:0.129886 , RMSE:0.360397 , MAE:0.268143 , MAPD:1.452469, R_squared:0.997752  
	Validation = MSE:0.118357 , RMSE:0.344031 , MAE:0.253115 , MAPD:1.432708, R_squared:0.997870

2024-03-21 07:07:20,787 Epoch 60/300, Train Loss: 0.126131, Val Loss: 0.116098  
	Train = MSE:0.126142 , RMSE:0.355164 , MAE:0.263681 , MAPD:1.427104, R_squared:0.997816  
	Validation = MSE:0.117245 , RMSE:0.342410 , MAE:0.250753 , MAPD:1.422349, R_squared:0.997890

2024-03-21 07:07:24,982 Epoch 61/300, Train Loss: 0.119917, Val Loss: 0.113928  
	Train = MSE:0.119916 , RMSE:0.346288 , MAE:0.256598 , MAPD:1.388626, R_squared:0.997924  
	Validation = MSE:0.114913 , RMSE:0.338988 , MAE:0.250508 , MAPD:1.433766, R_squared:0.997932

2024-03-21 07:07:30,787 Epoch 62/300, Train Loss: 0.118414, Val Loss: 0.110798  
	Train = MSE:0.118424 , RMSE:0.344128 , MAE:0.253782 , MAPD:1.377323, R_squared:0.997950  
	Validation = MSE:0.112011 , RMSE:0.334681 , MAE:0.245040 , MAPD:1.390198, R_squared:0.997984

2024-03-21 07:07:35,556 Epoch 63/300, Train Loss: 0.114914, Val Loss: 0.112402  
	Train = MSE:0.114933 , RMSE:0.339017 , MAE:0.250987 , MAPD:1.362159, R_squared:0.998010  
	Validation = MSE:0.113924 , RMSE:0.337526 , MAE:0.244522 , MAPD:1.380617, R_squared:0.997950

2024-03-21 07:07:40,489 Epoch 64/300, Train Loss: 0.112234, Val Loss: 0.111043  
	Train = MSE:0.112255 , RMSE:0.335045 , MAE:0.245302 , MAPD:1.332112, R_squared:0.998057  
	Validation = MSE:0.111590 , RMSE:0.334051 , MAE:0.250576 , MAPD:1.432804, R_squared:0.997992

2024-03-21 07:07:45,934 Epoch 65/300, Train Loss: 0.112087, Val Loss: 0.115116  
	Train = MSE:0.112096 , RMSE:0.334808 , MAE:0.246140 , MAPD:1.332705, R_squared:0.998060  
	Validation = MSE:0.117122 , RMSE:0.342231 , MAE:0.248532 , MAPD:1.389024, R_squared:0.997893

2024-03-21 07:07:50,238 Epoch 66/300, Train Loss: 0.110313, Val Loss: 0.112284  
	Train = MSE:0.110310 , RMSE:0.332130 , MAE:0.244622 , MAPD:1.327601, R_squared:0.998091  
	Validation = MSE:0.112845 , RMSE:0.335923 , MAE:0.255961 , MAPD:1.476053, R_squared:0.997969

2024-03-21 07:07:54,518 Epoch 67/300, Train Loss: 0.109507, Val Loss: 0.102002  
	Train = MSE:0.109499 , RMSE:0.330907 , MAE:0.242364 , MAPD:1.321786, R_squared:0.998105  
	Validation = MSE:0.103295 , RMSE:0.321396 , MAE:0.232937 , MAPD:1.325140, R_squared:0.998141

2024-03-21 07:07:58,859 Epoch 68/300, Train Loss: 0.106176, Val Loss: 0.103603  
	Train = MSE:0.106175 , RMSE:0.325844 , MAE:0.239174 , MAPD:1.300133, R_squared:0.998162  
	Validation = MSE:0.104282 , RMSE:0.322927 , MAE:0.239177 , MAPD:1.368630, R_squared:0.998124

2024-03-21 07:08:03,124 Epoch 69/300, Train Loss: 0.105018, Val Loss: 0.101085  
	Train = MSE:0.105016 , RMSE:0.324061 , MAE:0.237410 , MAPD:1.298504, R_squared:0.998182  
	Validation = MSE:0.102695 , RMSE:0.320461 , MAE:0.229265 , MAPD:1.297582, R_squared:0.998152

2024-03-21 07:08:08,761 Epoch 70/300, Train Loss: 0.101668, Val Loss: 0.098745  
	Train = MSE:0.101668 , RMSE:0.318855 , MAE:0.232760 , MAPD:1.273697, R_squared:0.998240  
	Validation = MSE:0.099934 , RMSE:0.316123 , MAE:0.231053 , MAPD:1.320965, R_squared:0.998202

2024-03-21 07:08:13,004 Epoch 71/300, Train Loss: 0.099666, Val Loss: 0.096984  
	Train = MSE:0.099674 , RMSE:0.315712 , MAE:0.230090 , MAPD:1.255638, R_squared:0.998275  
	Validation = MSE:0.098540 , RMSE:0.313911 , MAE:0.223200 , MAPD:1.267166, R_squared:0.998227

2024-03-21 07:08:18,563 Epoch 72/300, Train Loss: 0.100021, Val Loss: 0.096939  
	Train = MSE:0.100020 , RMSE:0.316259 , MAE:0.231279 , MAPD:1.260915, R_squared:0.998269  
	Validation = MSE:0.098633 , RMSE:0.314060 , MAE:0.226905 , MAPD:1.290966, R_squared:0.998225

2024-03-21 07:08:22,954 Epoch 73/300, Train Loss: 0.101344, Val Loss: 0.108643  
	Train = MSE:0.101345 , RMSE:0.318348 , MAE:0.232568 , MAPD:1.272513, R_squared:0.998246  
	Validation = MSE:0.110806 , RMSE:0.332875 , MAE:0.238242 , MAPD:1.340274, R_squared:0.998006

2024-03-21 07:08:27,269 Epoch 74/300, Train Loss: 0.097125, Val Loss: 0.092420  
	Train = MSE:0.097136 , RMSE:0.311666 , MAE:0.228186 , MAPD:1.248168, R_squared:0.998319  
	Validation = MSE:0.094132 , RMSE:0.306810 , MAE:0.220084 , MAPD:1.255923, R_squared:0.998306

2024-03-21 07:08:31,936 Epoch 75/300, Train Loss: 0.094002, Val Loss: 0.094748  
	Train = MSE:0.093998 , RMSE:0.306592 , MAE:0.221909 , MAPD:1.216264, R_squared:0.998373  
	Validation = MSE:0.096272 , RMSE:0.310278 , MAE:0.225620 , MAPD:1.293744, R_squared:0.998268

2024-03-21 07:08:36,774 Epoch 76/300, Train Loss: 0.093255, Val Loss: 0.092300  
	Train = MSE:0.093229 , RMSE:0.305334 , MAE:0.220700 , MAPD:1.211666, R_squared:0.998386  
	Validation = MSE:0.093844 , RMSE:0.306340 , MAE:0.219440 , MAPD:1.249456, R_squared:0.998311

2024-03-21 07:08:41,052 Epoch 77/300, Train Loss: 0.094795, Val Loss: 0.090009  
	Train = MSE:0.094803 , RMSE:0.307901 , MAE:0.225639 , MAPD:1.235370, R_squared:0.998359  
	Validation = MSE:0.091419 , RMSE:0.302355 , MAE:0.216059 , MAPD:1.233365, R_squared:0.998355

2024-03-21 07:08:45,353 Epoch 78/300, Train Loss: 0.088468, Val Loss: 0.093053  
	Train = MSE:0.088475 , RMSE:0.297448 , MAE:0.215630 , MAPD:1.181109, R_squared:0.998468  
	Validation = MSE:0.094342 , RMSE:0.307151 , MAE:0.227158 , MAPD:1.308178, R_squared:0.998302

2024-03-21 07:08:49,862 Epoch 79/300, Train Loss: 0.088967, Val Loss: 0.088086  
	Train = MSE:0.088953 , RMSE:0.298251 , MAE:0.215849 , MAPD:1.181387, R_squared:0.998460  
	Validation = MSE:0.089229 , RMSE:0.298712 , MAE:0.215938 , MAPD:1.231803, R_squared:0.998394

2024-03-21 07:08:54,450 Epoch 80/300, Train Loss: 0.088081, Val Loss: 0.090037  
	Train = MSE:0.088087 , RMSE:0.296795 , MAE:0.216245 , MAPD:1.187635, R_squared:0.998475  
	Validation = MSE:0.091331 , RMSE:0.302211 , MAE:0.223631 , MAPD:1.289623, R_squared:0.998357

2024-03-21 07:08:58,836 Epoch 81/300, Train Loss: 0.090183, Val Loss: 0.086244  
	Train = MSE:0.090188 , RMSE:0.300313 , MAE:0.219622 , MAPD:1.203523, R_squared:0.998439  
	Validation = MSE:0.087975 , RMSE:0.296605 , MAE:0.208961 , MAPD:1.188009, R_squared:0.998417

2024-03-21 07:09:04,568 Epoch 82/300, Train Loss: 0.084867, Val Loss: 0.093117  
	Train = MSE:0.084864 , RMSE:0.291314 , MAE:0.210859 , MAPD:1.155257, R_squared:0.998531  
	Validation = MSE:0.095338 , RMSE:0.308769 , MAE:0.216481 , MAPD:1.206176, R_squared:0.998284

2024-03-21 07:09:08,857 Epoch 83/300, Train Loss: 0.082803, Val Loss: 0.088733  
	Train = MSE:0.082803 , RMSE:0.287754 , MAE:0.208015 , MAPD:1.141638, R_squared:0.998567  
	Validation = MSE:0.090315 , RMSE:0.300525 , MAE:0.221205 , MAPD:1.286689, R_squared:0.998375

2024-03-21 07:09:13,117 Epoch 84/300, Train Loss: 0.084871, Val Loss: 0.082863  
	Train = MSE:0.084874 , RMSE:0.291331 , MAE:0.210619 , MAPD:1.158880, R_squared:0.998531  
	Validation = MSE:0.084560 , RMSE:0.290792 , MAE:0.207571 , MAPD:1.188103, R_squared:0.998478

2024-03-21 07:09:18,086 Epoch 85/300, Train Loss: 0.084757, Val Loss: 0.083552  
	Train = MSE:0.084762 , RMSE:0.291139 , MAE:0.210724 , MAPD:1.153260, R_squared:0.998533  
	Validation = MSE:0.085467 , RMSE:0.292347 , MAE:0.205609 , MAPD:1.162724, R_squared:0.998462

2024-03-21 07:09:23,458 Epoch 86/300, Train Loss: 0.082004, Val Loss: 0.081326  
	Train = MSE:0.081987 , RMSE:0.286335 , MAE:0.206534 , MAPD:1.138376, R_squared:0.998581  
	Validation = MSE:0.082947 , RMSE:0.288005 , MAE:0.207142 , MAPD:1.192012, R_squared:0.998507

2024-03-21 07:09:27,747 Epoch 87/300, Train Loss: 0.079575, Val Loss: 0.081280  
	Train = MSE:0.079581 , RMSE:0.282101 , MAE:0.202442 , MAPD:1.113953, R_squared:0.998622  
	Validation = MSE:0.083008 , RMSE:0.288111 , MAE:0.201888 , MAPD:1.151901, R_squared:0.998506

2024-03-21 07:09:32,223 Epoch 88/300, Train Loss: 0.079087, Val Loss: 0.081091  
	Train = MSE:0.079060 , RMSE:0.281176 , MAE:0.202349 , MAPD:1.115763, R_squared:0.998631  
	Validation = MSE:0.082329 , RMSE:0.286930 , MAE:0.209024 , MAPD:1.198120, R_squared:0.998519

2024-03-21 07:09:36,467 Epoch 89/300, Train Loss: 0.078584, Val Loss: 0.083971  
	Train = MSE:0.078553 , RMSE:0.280272 , MAE:0.201884 , MAPD:1.110495, R_squared:0.998640  
	Validation = MSE:0.086039 , RMSE:0.293323 , MAE:0.204253 , MAPD:1.146532, R_squared:0.998452

2024-03-21 07:09:41,069 Epoch 90/300, Train Loss: 0.078440, Val Loss: 0.084170  
	Train = MSE:0.078447 , RMSE:0.280084 , MAE:0.201891 , MAPD:1.110773, R_squared:0.998642  
	Validation = MSE:0.086249 , RMSE:0.293681 , MAE:0.203304 , MAPD:1.140583, R_squared:0.998448

2024-03-21 07:09:45,645 Epoch 91/300, Train Loss: 0.076457, Val Loss: 0.078437  
	Train = MSE:0.076423 , RMSE:0.276447 , MAE:0.198068 , MAPD:1.090792, R_squared:0.998677  
	Validation = MSE:0.080149 , RMSE:0.283107 , MAE:0.196446 , MAPD:1.114983, R_squared:0.998558

2024-03-21 07:09:51,094 Epoch 92/300, Train Loss: 0.075131, Val Loss: 0.086786  
	Train = MSE:0.075141 , RMSE:0.274118 , MAE:0.197173 , MAPD:1.084198, R_squared:0.998699  
	Validation = MSE:0.088852 , RMSE:0.298081 , MAE:0.208376 , MAPD:1.179436, R_squared:0.998401

2024-03-21 07:09:55,751 Epoch 93/300, Train Loss: 0.073813, Val Loss: 0.080632  
	Train = MSE:0.073800 , RMSE:0.271661 , MAE:0.193927 , MAPD:1.070259, R_squared:0.998723  
	Validation = MSE:0.081498 , RMSE:0.285478 , MAE:0.212267 , MAPD:1.202918, R_squared:0.998534

2024-03-21 07:10:00,364 Epoch 94/300, Train Loss: 0.074598, Val Loss: 0.076101  
	Train = MSE:0.074605 , RMSE:0.273138 , MAE:0.195421 , MAPD:1.077087, R_squared:0.998709  
	Validation = MSE:0.077894 , RMSE:0.279094 , MAE:0.195185 , MAPD:1.103834, R_squared:0.998598

2024-03-21 07:10:04,629 Epoch 95/300, Train Loss: 0.073081, Val Loss: 0.075483  
	Train = MSE:0.073066 , RMSE:0.270308 , MAE:0.194012 , MAPD:1.071159, R_squared:0.998735  
	Validation = MSE:0.077219 , RMSE:0.277883 , MAE:0.190416 , MAPD:1.082705, R_squared:0.998611

2024-03-21 07:10:09,247 Epoch 96/300, Train Loss: 0.071663, Val Loss: 0.073975  
	Train = MSE:0.071671 , RMSE:0.267715 , MAE:0.191488 , MAPD:1.054434, R_squared:0.998759  
	Validation = MSE:0.075154 , RMSE:0.274143 , MAE:0.196286 , MAPD:1.120299, R_squared:0.998648

2024-03-21 07:10:13,892 Epoch 97/300, Train Loss: 0.071575, Val Loss: 0.086825  
	Train = MSE:0.071571 , RMSE:0.267528 , MAE:0.191551 , MAPD:1.057971, R_squared:0.998761  
	Validation = MSE:0.089056 , RMSE:0.298423 , MAE:0.209274 , MAPD:1.163264, R_squared:0.998398

2024-03-21 07:10:18,563 Epoch 98/300, Train Loss: 0.071645, Val Loss: 0.089797  
	Train = MSE:0.071659 , RMSE:0.267691 , MAE:0.191427 , MAPD:1.056836, R_squared:0.998760  
	Validation = MSE:0.092077 , RMSE:0.303442 , MAE:0.215074 , MAPD:1.155379, R_squared:0.998343

2024-03-21 07:10:22,794 Epoch 99/300, Train Loss: 0.069883, Val Loss: 0.080953  
	Train = MSE:0.069847 , RMSE:0.264285 , MAE:0.189266 , MAPD:1.044500, R_squared:0.998791  
	Validation = MSE:0.082907 , RMSE:0.287936 , MAE:0.200046 , MAPD:1.130181, R_squared:0.998508

2024-03-21 07:10:27,502 Epoch 100/300, Train Loss: 0.070332, Val Loss: 0.072276  
	Train = MSE:0.070328 , RMSE:0.265194 , MAE:0.191405 , MAPD:1.054101, R_squared:0.998783  
	Validation = MSE:0.073704 , RMSE:0.271485 , MAE:0.197405 , MAPD:1.142800, R_squared:0.998674

2024-03-21 07:10:33,277 Epoch 101/300, Train Loss: 0.069136, Val Loss: 0.076468  
	Train = MSE:0.069143 , RMSE:0.262951 , MAE:0.188406 , MAPD:1.037503, R_squared:0.998803  
	Validation = MSE:0.078352 , RMSE:0.279914 , MAE:0.194344 , MAPD:1.090293, R_squared:0.998590

2024-03-21 07:10:39,497 Epoch 102/300, Train Loss: 0.070655, Val Loss: 0.103600  
	Train = MSE:0.070648 , RMSE:0.265797 , MAE:0.192538 , MAPD:1.059678, R_squared:0.998777  
	Validation = MSE:0.106027 , RMSE:0.325618 , MAE:0.237586 , MAPD:1.345588, R_squared:0.998092

2024-03-21 07:10:44,232 Epoch 103/300, Train Loss: 0.069673, Val Loss: 0.068674  
	Train = MSE:0.069678 , RMSE:0.263966 , MAE:0.188927 , MAPD:1.041786, R_squared:0.998794  
	Validation = MSE:0.070167 , RMSE:0.264890 , MAE:0.183945 , MAPD:1.041985, R_squared:0.998737

2024-03-21 07:10:50,422 Epoch 104/300, Train Loss: 0.067692, Val Loss: 0.067990  
	Train = MSE:0.067682 , RMSE:0.260158 , MAE:0.187081 , MAPD:1.030480, R_squared:0.998828  
	Validation = MSE:0.069263 , RMSE:0.263178 , MAE:0.185678 , MAPD:1.054325, R_squared:0.998754

2024-03-21 07:10:55,049 Epoch 105/300, Train Loss: 0.065754, Val Loss: 0.069045  
	Train = MSE:0.065758 , RMSE:0.256433 , MAE:0.183346 , MAPD:1.009231, R_squared:0.998862  
	Validation = MSE:0.070534 , RMSE:0.265582 , MAE:0.181860 , MAPD:1.033041, R_squared:0.998731

2024-03-21 07:11:00,125 Epoch 106/300, Train Loss: 0.064202, Val Loss: 0.066901  
	Train = MSE:0.064211 , RMSE:0.253399 , MAE:0.179885 , MAPD:0.993148, R_squared:0.998888  
	Validation = MSE:0.068124 , RMSE:0.261006 , MAE:0.184571 , MAPD:1.054780, R_squared:0.998774

2024-03-21 07:11:04,250 Epoch 107/300, Train Loss: 0.065964, Val Loss: 0.069408  
	Train = MSE:0.065938 , RMSE:0.256784 , MAE:0.183089 , MAPD:1.006675, R_squared:0.998859  
	Validation = MSE:0.070353 , RMSE:0.265242 , MAE:0.195580 , MAPD:1.131018, R_squared:0.998734

2024-03-21 07:11:07,790 Epoch 108/300, Train Loss: 0.068937, Val Loss: 0.070203  
	Train = MSE:0.068927 , RMSE:0.262540 , MAE:0.191181 , MAPD:1.055846, R_squared:0.998807  
	Validation = MSE:0.071083 , RMSE:0.266615 , MAE:0.198217 , MAPD:1.150926, R_squared:0.998721

2024-03-21 07:11:11,674 Epoch 109/300, Train Loss: 0.064463, Val Loss: 0.065193  
	Train = MSE:0.064469 , RMSE:0.253908 , MAE:0.181054 , MAPD:1.000125, R_squared:0.998884  
	Validation = MSE:0.066370 , RMSE:0.257624 , MAE:0.182494 , MAPD:1.047588, R_squared:0.998806

2024-03-21 07:11:15,532 Epoch 110/300, Train Loss: 0.064398, Val Loss: 0.064670  
	Train = MSE:0.064400 , RMSE:0.253771 , MAE:0.181681 , MAPD:1.001479, R_squared:0.998885  
	Validation = MSE:0.065812 , RMSE:0.256539 , MAE:0.177380 , MAPD:1.008883, R_squared:0.998816

2024-03-21 07:11:19,102 Epoch 111/300, Train Loss: 0.063493, Val Loss: 0.072216  
	Train = MSE:0.063505 , RMSE:0.252001 , MAE:0.181683 , MAPD:1.002699, R_squared:0.998901  
	Validation = MSE:0.073803 , RMSE:0.271668 , MAE:0.185488 , MAPD:1.064691, R_squared:0.998672

2024-03-21 07:11:24,213 Epoch 112/300, Train Loss: 0.065163, Val Loss: 0.065488  
	Train = MSE:0.065163 , RMSE:0.255271 , MAE:0.184455 , MAPD:1.020513, R_squared:0.998872  
	Validation = MSE:0.067065 , RMSE:0.258969 , MAE:0.177373 , MAPD:1.006967, R_squared:0.998793

2024-03-21 07:11:28,114 Epoch 113/300, Train Loss: 0.062377, Val Loss: 0.075970  
	Train = MSE:0.062381 , RMSE:0.249762 , MAE:0.178638 , MAPD:0.985565, R_squared:0.998920  
	Validation = MSE:0.078029 , RMSE:0.279337 , MAE:0.195025 , MAPD:1.073183, R_squared:0.998596

2024-03-21 07:11:31,687 Epoch 114/300, Train Loss: 0.062591, Val Loss: 0.063121  
	Train = MSE:0.062598 , RMSE:0.250196 , MAE:0.179050 , MAPD:0.986646, R_squared:0.998916  
	Validation = MSE:0.064133 , RMSE:0.253244 , MAE:0.180288 , MAPD:1.025532, R_squared:0.998846

2024-03-21 07:11:35,919 Epoch 115/300, Train Loss: 0.061435, Val Loss: 0.075554  
	Train = MSE:0.061447 , RMSE:0.247886 , MAE:0.176578 , MAPD:0.968595, R_squared:0.998936  
	Validation = MSE:0.077513 , RMSE:0.278411 , MAE:0.194737 , MAPD:1.091980, R_squared:0.998605

2024-03-21 07:11:39,789 Epoch 116/300, Train Loss: 0.061040, Val Loss: 0.062231  
	Train = MSE:0.061036 , RMSE:0.247055 , MAE:0.176659 , MAPD:0.973915, R_squared:0.998943  
	Validation = MSE:0.063455 , RMSE:0.251902 , MAE:0.177661 , MAPD:1.032666, R_squared:0.998858

2024-03-21 07:11:43,668 Epoch 117/300, Train Loss: 0.060877, Val Loss: 0.065644  
	Train = MSE:0.060880 , RMSE:0.246738 , MAE:0.176427 , MAPD:0.970314, R_squared:0.998946  
	Validation = MSE:0.067204 , RMSE:0.259238 , MAE:0.179214 , MAPD:1.007423, R_squared:0.998791

2024-03-21 07:11:47,248 Epoch 118/300, Train Loss: 0.059881, Val Loss: 0.060848  
	Train = MSE:0.059882 , RMSE:0.244708 , MAE:0.174561 , MAPD:0.960256, R_squared:0.998963  
	Validation = MSE:0.062041 , RMSE:0.249080 , MAE:0.170980 , MAPD:0.973334, R_squared:0.998884

2024-03-21 07:11:51,165 Epoch 119/300, Train Loss: 0.059299, Val Loss: 0.062736  
	Train = MSE:0.059287 , RMSE:0.243489 , MAE:0.173620 , MAPD:0.953203, R_squared:0.998974  
	Validation = MSE:0.063908 , RMSE:0.252801 , MAE:0.173359 , MAPD:0.986194, R_squared:0.998850

2024-03-21 07:11:54,717 Epoch 120/300, Train Loss: 0.060020, Val Loss: 0.060779  
	Train = MSE:0.060020 , RMSE:0.244990 , MAE:0.176793 , MAPD:0.972856, R_squared:0.998961  
	Validation = MSE:0.061679 , RMSE:0.248353 , MAE:0.173949 , MAPD:0.987481, R_squared:0.998890

2024-03-21 07:11:58,224 Epoch 121/300, Train Loss: 0.058482, Val Loss: 0.059300  
	Train = MSE:0.058478 , RMSE:0.241822 , MAE:0.172777 , MAPD:0.949167, R_squared:0.998988  
	Validation = MSE:0.060497 , RMSE:0.245962 , MAE:0.169924 , MAPD:0.967611, R_squared:0.998911

2024-03-21 07:12:03,611 Epoch 122/300, Train Loss: 0.057985, Val Loss: 0.058632  
	Train = MSE:0.057976 , RMSE:0.240782 , MAE:0.171589 , MAPD:0.939244, R_squared:0.998996  
	Validation = MSE:0.059798 , RMSE:0.244536 , MAE:0.170734 , MAPD:0.973998, R_squared:0.998924

2024-03-21 07:12:07,364 Epoch 123/300, Train Loss: 0.056569, Val Loss: 0.059602  
	Train = MSE:0.056576 , RMSE:0.237857 , MAE:0.169288 , MAPD:0.931274, R_squared:0.999021  
	Validation = MSE:0.060391 , RMSE:0.245746 , MAE:0.176479 , MAPD:1.007339, R_squared:0.998913

2024-03-21 07:12:11,988 Epoch 124/300, Train Loss: 0.057296, Val Loss: 0.059297  
	Train = MSE:0.057304 , RMSE:0.239382 , MAE:0.170843 , MAPD:0.937033, R_squared:0.999008  
	Validation = MSE:0.060685 , RMSE:0.246344 , MAE:0.168487 , MAPD:0.957014, R_squared:0.998908

2024-03-21 07:12:17,199 Epoch 125/300, Train Loss: 0.058599, Val Loss: 0.057531  
	Train = MSE:0.058597 , RMSE:0.242068 , MAE:0.175251 , MAPD:0.961669, R_squared:0.998986  
	Validation = MSE:0.058367 , RMSE:0.241593 , MAE:0.170078 , MAPD:0.976129, R_squared:0.998950

2024-03-21 07:12:20,759 Epoch 126/300, Train Loss: 0.057164, Val Loss: 0.058168  
	Train = MSE:0.057137 , RMSE:0.239034 , MAE:0.171755 , MAPD:0.945648, R_squared:0.999011  
	Validation = MSE:0.059088 , RMSE:0.243080 , MAE:0.168494 , MAPD:0.953851, R_squared:0.998937

2024-03-21 07:12:24,324 Epoch 127/300, Train Loss: 0.055793, Val Loss: 0.063877  
	Train = MSE:0.055802 , RMSE:0.236224 , MAE:0.167831 , MAPD:0.921104, R_squared:0.999034  
	Validation = MSE:0.065352 , RMSE:0.255641 , MAE:0.176701 , MAPD:1.001982, R_squared:0.998824

2024-03-21 07:12:28,519 Epoch 128/300, Train Loss: 0.055459, Val Loss: 0.062225  
	Train = MSE:0.055450 , RMSE:0.235479 , MAE:0.168442 , MAPD:0.927648, R_squared:0.999040  
	Validation = MSE:0.063870 , RMSE:0.252726 , MAE:0.174168 , MAPD:0.968266, R_squared:0.998851

2024-03-21 07:12:32,352 Epoch 129/300, Train Loss: 0.055413, Val Loss: 0.056971  
	Train = MSE:0.055413 , RMSE:0.235401 , MAE:0.167792 , MAPD:0.921937, R_squared:0.999041  
	Validation = MSE:0.057886 , RMSE:0.240596 , MAE:0.166721 , MAPD:0.945306, R_squared:0.998958

2024-03-21 07:12:35,907 Epoch 130/300, Train Loss: 0.054271, Val Loss: 0.059819  
	Train = MSE:0.054269 , RMSE:0.232957 , MAE:0.165707 , MAPD:0.909914, R_squared:0.999061  
	Validation = MSE:0.061122 , RMSE:0.247229 , MAE:0.167244 , MAPD:0.953950, R_squared:0.998900

2024-03-21 07:12:39,852 Epoch 131/300, Train Loss: 0.053945, Val Loss: 0.056956  
	Train = MSE:0.053930 , RMSE:0.232228 , MAE:0.164484 , MAPD:0.902328, R_squared:0.999066  
	Validation = MSE:0.057963 , RMSE:0.240755 , MAE:0.172744 , MAPD:1.002071, R_squared:0.998957

2024-03-21 07:12:45,057 Epoch 132/300, Train Loss: 0.054627, Val Loss: 0.055948  
	Train = MSE:0.054634 , RMSE:0.233738 , MAE:0.166881 , MAPD:0.915978, R_squared:0.999054  
	Validation = MSE:0.056778 , RMSE:0.238281 , MAE:0.166620 , MAPD:0.951599, R_squared:0.998978

2024-03-21 07:12:49,238 Epoch 133/300, Train Loss: 0.054590, Val Loss: 0.056784  
	Train = MSE:0.054597 , RMSE:0.233661 , MAE:0.167210 , MAPD:0.915424, R_squared:0.999055  
	Validation = MSE:0.058047 , RMSE:0.240930 , MAE:0.168299 , MAPD:0.945966, R_squared:0.998955

2024-03-21 07:12:52,830 Epoch 134/300, Train Loss: 0.054191, Val Loss: 0.060100  
	Train = MSE:0.054192 , RMSE:0.232793 , MAE:0.166262 , MAPD:0.909406, R_squared:0.999062  
	Validation = MSE:0.060645 , RMSE:0.246263 , MAE:0.182729 , MAPD:1.043379, R_squared:0.998909

2024-03-21 07:12:56,809 Epoch 135/300, Train Loss: 0.052973, Val Loss: 0.055888  
	Train = MSE:0.052976 , RMSE:0.230165 , MAE:0.164089 , MAPD:0.900280, R_squared:0.999083  
	Validation = MSE:0.056686 , RMSE:0.238089 , MAE:0.172518 , MAPD:0.984678, R_squared:0.998980

2024-03-21 07:13:01,720 Epoch 136/300, Train Loss: 0.051689, Val Loss: 0.053547  
	Train = MSE:0.051687 , RMSE:0.227348 , MAE:0.162128 , MAPD:0.888073, R_squared:0.999105  
	Validation = MSE:0.054657 , RMSE:0.233789 , MAE:0.161033 , MAPD:0.914659, R_squared:0.999016

2024-03-21 07:13:05,673 Epoch 137/300, Train Loss: 0.053635, Val Loss: 0.055518  
	Train = MSE:0.053635 , RMSE:0.231592 , MAE:0.164704 , MAPD:0.899936, R_squared:0.999072  
	Validation = MSE:0.056080 , RMSE:0.236813 , MAE:0.168965 , MAPD:0.970053, R_squared:0.998991

2024-03-21 07:13:09,864 Epoch 138/300, Train Loss: 0.053372, Val Loss: 0.052806  
	Train = MSE:0.053370 , RMSE:0.231020 , MAE:0.167214 , MAPD:0.916311, R_squared:0.999076  
	Validation = MSE:0.053709 , RMSE:0.231752 , MAE:0.163668 , MAPD:0.933973, R_squared:0.999034

2024-03-21 07:13:13,698 Epoch 139/300, Train Loss: 0.053547, Val Loss: 0.054866  
	Train = MSE:0.053556 , RMSE:0.231422 , MAE:0.165835 , MAPD:0.906862, R_squared:0.999073  
	Validation = MSE:0.056169 , RMSE:0.236999 , MAE:0.160688 , MAPD:0.908696, R_squared:0.998989

2024-03-21 07:13:17,748 Epoch 140/300, Train Loss: 0.052560, Val Loss: 0.052771  
	Train = MSE:0.052558 , RMSE:0.229256 , MAE:0.163156 , MAPD:0.889767, R_squared:0.999090  
	Validation = MSE:0.053382 , RMSE:0.231045 , MAE:0.164293 , MAPD:0.937471, R_squared:0.999039

2024-03-21 07:13:22,741 Epoch 141/300, Train Loss: 0.052561, Val Loss: 0.051476  
	Train = MSE:0.052553 , RMSE:0.229245 , MAE:0.165319 , MAPD:0.909963, R_squared:0.999090  
	Validation = MSE:0.052422 , RMSE:0.228959 , MAE:0.158972 , MAPD:0.905688, R_squared:0.999057

2024-03-21 07:13:27,936 Epoch 142/300, Train Loss: 0.050294, Val Loss: 0.052499  
	Train = MSE:0.050297 , RMSE:0.224270 , MAE:0.158858 , MAPD:0.867740, R_squared:0.999129  
	Validation = MSE:0.053426 , RMSE:0.231141 , MAE:0.163320 , MAPD:0.938767, R_squared:0.999039

2024-03-21 07:13:31,731 Epoch 143/300, Train Loss: 0.050580, Val Loss: 0.051589  
	Train = MSE:0.050581 , RMSE:0.224901 , MAE:0.159267 , MAPD:0.870088, R_squared:0.999124  
	Validation = MSE:0.052514 , RMSE:0.229160 , MAE:0.156301 , MAPD:0.888332, R_squared:0.999055

2024-03-21 07:13:35,306 Epoch 144/300, Train Loss: 0.052772, Val Loss: 0.051999  
	Train = MSE:0.052759 , RMSE:0.229692 , MAE:0.165981 , MAPD:0.908502, R_squared:0.999087  
	Validation = MSE:0.052809 , RMSE:0.229801 , MAE:0.156355 , MAPD:0.886265, R_squared:0.999050

2024-03-21 07:13:39,221 Epoch 145/300, Train Loss: 0.050553, Val Loss: 0.051589  
	Train = MSE:0.050553 , RMSE:0.224840 , MAE:0.161182 , MAPD:0.877706, R_squared:0.999125  
	Validation = MSE:0.052300 , RMSE:0.228692 , MAE:0.162457 , MAPD:0.924796, R_squared:0.999059

2024-03-21 07:13:42,816 Epoch 146/300, Train Loss: 0.050184, Val Loss: 0.051443  
	Train = MSE:0.050189 , RMSE:0.224029 , MAE:0.159408 , MAPD:0.867999, R_squared:0.999131  
	Validation = MSE:0.052233 , RMSE:0.228546 , MAE:0.159915 , MAPD:0.902464, R_squared:0.999060

2024-03-21 07:13:46,353 Epoch 147/300, Train Loss: 0.049733, Val Loss: 0.049816  
	Train = MSE:0.049737 , RMSE:0.223019 , MAE:0.158038 , MAPD:0.861415, R_squared:0.999139  
	Validation = MSE:0.050668 , RMSE:0.225096 , MAE:0.154247 , MAPD:0.879293, R_squared:0.999088

2024-03-21 07:13:50,903 Epoch 148/300, Train Loss: 0.048468, Val Loss: 0.051574  
	Train = MSE:0.048468 , RMSE:0.220154 , MAE:0.156023 , MAPD:0.853646, R_squared:0.999161  
	Validation = MSE:0.052450 , RMSE:0.229019 , MAE:0.156430 , MAPD:0.886996, R_squared:0.999056

2024-03-21 07:13:54,719 Epoch 149/300, Train Loss: 0.049150, Val Loss: 0.051380  
	Train = MSE:0.049156 , RMSE:0.221711 , MAE:0.158801 , MAPD:0.866309, R_squared:0.999149  
	Validation = MSE:0.052181 , RMSE:0.228431 , MAE:0.158999 , MAPD:0.926132, R_squared:0.999061

2024-03-21 07:13:58,271 Epoch 150/300, Train Loss: 0.049560, Val Loss: 0.055959  
	Train = MSE:0.049565 , RMSE:0.222631 , MAE:0.157794 , MAPD:0.861444, R_squared:0.999142  
	Validation = MSE:0.055858 , RMSE:0.236344 , MAE:0.171795 , MAPD:0.944451, R_squared:0.998995

2024-03-21 07:14:02,664 Epoch 151/300, Train Loss: 0.051615, Val Loss: 0.048770  
	Train = MSE:0.051619 , RMSE:0.227197 , MAE:0.163985 , MAPD:0.892867, R_squared:0.999106  
	Validation = MSE:0.049373 , RMSE:0.222201 , MAE:0.153203 , MAPD:0.867024, R_squared:0.999112

2024-03-21 07:14:07,452 Epoch 152/300, Train Loss: 0.048948, Val Loss: 0.049480  
	Train = MSE:0.048949 , RMSE:0.221244 , MAE:0.157856 , MAPD:0.859856, R_squared:0.999153  
	Validation = MSE:0.050372 , RMSE:0.224437 , MAE:0.152592 , MAPD:0.864863, R_squared:0.999094

2024-03-21 07:14:11,029 Epoch 153/300, Train Loss: 0.046987, Val Loss: 0.049500  
	Train = MSE:0.046971 , RMSE:0.216729 , MAE:0.153818 , MAPD:0.835296, R_squared:0.999187  
	Validation = MSE:0.050537 , RMSE:0.224805 , MAE:0.151973 , MAPD:0.860794, R_squared:0.999091

2024-03-21 07:14:15,468 Epoch 154/300, Train Loss: 0.047634, Val Loss: 0.048830  
	Train = MSE:0.047618 , RMSE:0.218214 , MAE:0.154860 , MAPD:0.844950, R_squared:0.999176  
	Validation = MSE:0.049338 , RMSE:0.222121 , MAE:0.154741 , MAPD:0.867733, R_squared:0.999112

2024-03-21 07:14:18,985 Epoch 155/300, Train Loss: 0.047603, Val Loss: 0.053980  
	Train = MSE:0.047605 , RMSE:0.218186 , MAE:0.156280 , MAPD:0.853446, R_squared:0.999176  
	Validation = MSE:0.054396 , RMSE:0.233229 , MAE:0.177055 , MAPD:1.027621, R_squared:0.999021

2024-03-21 07:14:22,559 Epoch 156/300, Train Loss: 0.046625, Val Loss: 0.050954  
	Train = MSE:0.046615 , RMSE:0.215905 , MAE:0.152818 , MAPD:0.830773, R_squared:0.999193  
	Validation = MSE:0.051239 , RMSE:0.226361 , MAE:0.161780 , MAPD:0.909019, R_squared:0.999078

2024-03-21 07:14:27,078 Epoch 157/300, Train Loss: 0.047836, Val Loss: 0.049041  
	Train = MSE:0.047837 , RMSE:0.218717 , MAE:0.157179 , MAPD:0.853829, R_squared:0.999172  
	Validation = MSE:0.049947 , RMSE:0.223488 , MAE:0.153263 , MAPD:0.865285, R_squared:0.999101

2024-03-21 07:14:30,621 Epoch 158/300, Train Loss: 0.050416, Val Loss: 0.048258  
	Train = MSE:0.050419 , RMSE:0.224542 , MAE:0.163303 , MAPD:0.892403, R_squared:0.999127  
	Validation = MSE:0.048712 , RMSE:0.220707 , MAE:0.160434 , MAPD:0.913342, R_squared:0.999123

2024-03-21 07:14:34,498 Epoch 159/300, Train Loss: 0.047516, Val Loss: 0.046905  
	Train = MSE:0.047521 , RMSE:0.217993 , MAE:0.157458 , MAPD:0.855807, R_squared:0.999177  
	Validation = MSE:0.047373 , RMSE:0.217653 , MAE:0.151483 , MAPD:0.854756, R_squared:0.999148

2024-03-21 07:14:38,404 Epoch 160/300, Train Loss: 0.046028, Val Loss: 0.054455  
	Train = MSE:0.046034 , RMSE:0.214556 , MAE:0.153246 , MAPD:0.836309, R_squared:0.999203  
	Validation = MSE:0.055497 , RMSE:0.235579 , MAE:0.162639 , MAPD:0.929820, R_squared:0.999001

2024-03-21 07:14:41,934 Epoch 161/300, Train Loss: 0.050435, Val Loss: 0.045693  
	Train = MSE:0.050436 , RMSE:0.224580 , MAE:0.163633 , MAPD:0.890083, R_squared:0.999127  
	Validation = MSE:0.046242 , RMSE:0.215040 , MAE:0.147010 , MAPD:0.839005, R_squared:0.999168

2024-03-21 07:14:47,138 Epoch 162/300, Train Loss: 0.047169, Val Loss: 0.048743  
	Train = MSE:0.047167 , RMSE:0.217179 , MAE:0.155315 , MAPD:0.844055, R_squared:0.999184  
	Validation = MSE:0.049403 , RMSE:0.222267 , MAE:0.162616 , MAPD:0.943331, R_squared:0.999111

2024-03-21 07:14:50,978 Epoch 163/300, Train Loss: 0.046078, Val Loss: 0.045625  
	Train = MSE:0.046068 , RMSE:0.214635 , MAE:0.153580 , MAPD:0.837457, R_squared:0.999203  
	Validation = MSE:0.046273 , RMSE:0.215112 , MAE:0.149184 , MAPD:0.836068, R_squared:0.999167

2024-03-21 07:14:55,150 Epoch 164/300, Train Loss: 0.043944, Val Loss: 0.047154  
	Train = MSE:0.043948 , RMSE:0.209637 , MAE:0.148159 , MAPD:0.801998, R_squared:0.999239  
	Validation = MSE:0.048066 , RMSE:0.219239 , MAE:0.148375 , MAPD:0.834019, R_squared:0.999135

2024-03-21 07:14:58,717 Epoch 165/300, Train Loss: 0.045374, Val Loss: 0.046594  
	Train = MSE:0.045367 , RMSE:0.212994 , MAE:0.152114 , MAPD:0.828599, R_squared:0.999215  
	Validation = MSE:0.047266 , RMSE:0.217408 , MAE:0.146912 , MAPD:0.829384, R_squared:0.999149

2024-03-21 07:15:02,583 Epoch 166/300, Train Loss: 0.044181, Val Loss: 0.047694  
	Train = MSE:0.044182 , RMSE:0.210196 , MAE:0.149427 , MAPD:0.810046, R_squared:0.999235  
	Validation = MSE:0.048265 , RMSE:0.219692 , MAE:0.161551 , MAPD:0.937584, R_squared:0.999132

2024-03-21 07:15:06,157 Epoch 167/300, Train Loss: 0.045286, Val Loss: 0.048201  
	Train = MSE:0.045279 , RMSE:0.212788 , MAE:0.151775 , MAPD:0.830453, R_squared:0.999216  
	Validation = MSE:0.048560 , RMSE:0.220363 , MAE:0.162497 , MAPD:0.938899, R_squared:0.999126

2024-03-21 07:15:10,043 Epoch 168/300, Train Loss: 0.045103, Val Loss: 0.047210  
	Train = MSE:0.045110 , RMSE:0.212390 , MAE:0.152123 , MAPD:0.824204, R_squared:0.999219  
	Validation = MSE:0.048254 , RMSE:0.219669 , MAE:0.151349 , MAPD:0.842505, R_squared:0.999132

2024-03-21 07:15:14,131 Epoch 169/300, Train Loss: 0.045410, Val Loss: 0.045229  
	Train = MSE:0.045407 , RMSE:0.213089 , MAE:0.153787 , MAPD:0.831616, R_squared:0.999214  
	Validation = MSE:0.045880 , RMSE:0.214197 , MAE:0.146020 , MAPD:0.823332, R_squared:0.999174

2024-03-21 07:15:18,832 Epoch 170/300, Train Loss: 0.043169, Val Loss: 0.044243  
	Train = MSE:0.043166 , RMSE:0.207765 , MAE:0.148077 , MAPD:0.801566, R_squared:0.999253  
	Validation = MSE:0.044724 , RMSE:0.211480 , MAE:0.149726 , MAPD:0.855915, R_squared:0.999195

2024-03-21 07:15:22,445 Epoch 171/300, Train Loss: 0.042813, Val Loss: 0.051495  
	Train = MSE:0.042814 , RMSE:0.206916 , MAE:0.147069 , MAPD:0.797900, R_squared:0.999259  
	Validation = MSE:0.052622 , RMSE:0.229394 , MAE:0.157306 , MAPD:0.880275, R_squared:0.999053

2024-03-21 07:15:28,788 Epoch 172/300, Train Loss: 0.044681, Val Loss: 0.044081  
	Train = MSE:0.044690 , RMSE:0.211400 , MAE:0.151487 , MAPD:0.823033, R_squared:0.999226  
	Validation = MSE:0.044732 , RMSE:0.211500 , MAE:0.144222 , MAPD:0.812231, R_squared:0.999195

2024-03-21 07:15:32,468 Epoch 173/300, Train Loss: 0.045009, Val Loss: 0.046679  
	Train = MSE:0.044983 , RMSE:0.212091 , MAE:0.153237 , MAPD:0.826362, R_squared:0.999221  
	Validation = MSE:0.047443 , RMSE:0.217815 , MAE:0.146510 , MAPD:0.826254, R_squared:0.999146

2024-03-21 07:15:36,803 Epoch 174/300, Train Loss: 0.041658, Val Loss: 0.043157  
	Train = MSE:0.041665 , RMSE:0.204121 , MAE:0.144658 , MAPD:0.783338, R_squared:0.999279  
	Validation = MSE:0.043701 , RMSE:0.209048 , MAE:0.141071 , MAPD:0.796651, R_squared:0.999214

2024-03-21 07:15:41,103 Epoch 175/300, Train Loss: 0.044227, Val Loss: 0.046847  
	Train = MSE:0.044231 , RMSE:0.210312 , MAE:0.150180 , MAPD:0.812282, R_squared:0.999234  
	Validation = MSE:0.046906 , RMSE:0.216577 , MAE:0.152606 , MAPD:0.844950, R_squared:0.999156

2024-03-21 07:15:45,122 Epoch 176/300, Train Loss: 0.041789, Val Loss: 0.044476  
	Train = MSE:0.041795 , RMSE:0.204438 , MAE:0.145740 , MAPD:0.787233, R_squared:0.999277  
	Validation = MSE:0.045284 , RMSE:0.212801 , MAE:0.145327 , MAPD:0.808755, R_squared:0.999185

2024-03-21 07:15:49,110 Epoch 177/300, Train Loss: 0.044503, Val Loss: 0.042009  
	Train = MSE:0.044500 , RMSE:0.210951 , MAE:0.151845 , MAPD:0.823661, R_squared:0.999230  
	Validation = MSE:0.042547 , RMSE:0.206270 , MAE:0.143502 , MAPD:0.807735, R_squared:0.999234

2024-03-21 07:15:55,032 Epoch 178/300, Train Loss: 0.041645, Val Loss: 0.042303  
	Train = MSE:0.041653 , RMSE:0.204090 , MAE:0.146830 , MAPD:0.799063, R_squared:0.999279  
	Validation = MSE:0.042800 , RMSE:0.206882 , MAE:0.143778 , MAPD:0.806875, R_squared:0.999230

2024-03-21 07:15:59,027 Epoch 179/300, Train Loss: 0.041444, Val Loss: 0.042456  
	Train = MSE:0.041450 , RMSE:0.203592 , MAE:0.144672 , MAPD:0.783952, R_squared:0.999283  
	Validation = MSE:0.042658 , RMSE:0.206538 , MAE:0.143435 , MAPD:0.803949, R_squared:0.999232

2024-03-21 07:16:02,935 Epoch 180/300, Train Loss: 0.041389, Val Loss: 0.041542  
	Train = MSE:0.041396 , RMSE:0.203461 , MAE:0.144999 , MAPD:0.781419, R_squared:0.999283  
	Validation = MSE:0.042012 , RMSE:0.204967 , MAE:0.141848 , MAPD:0.801008, R_squared:0.999244

2024-03-21 07:16:07,067 Epoch 181/300, Train Loss: 0.040418, Val Loss: 0.042521  
	Train = MSE:0.040417 , RMSE:0.201039 , MAE:0.142902 , MAPD:0.773966, R_squared:0.999300  
	Validation = MSE:0.043296 , RMSE:0.208076 , MAE:0.142031 , MAPD:0.795440, R_squared:0.999221

2024-03-21 07:16:11,976 Epoch 182/300, Train Loss: 0.041217, Val Loss: 0.041653  
	Train = MSE:0.041223 , RMSE:0.203034 , MAE:0.144815 , MAPD:0.777688, R_squared:0.999286  
	Validation = MSE:0.042092 , RMSE:0.205163 , MAE:0.140457 , MAPD:0.786888, R_squared:0.999243

2024-03-21 07:16:15,970 Epoch 183/300, Train Loss: 0.039544, Val Loss: 0.041717  
	Train = MSE:0.039544 , RMSE:0.198857 , MAE:0.140360 , MAPD:0.759082, R_squared:0.999315  
	Validation = MSE:0.042294 , RMSE:0.205655 , MAE:0.141268 , MAPD:0.789255, R_squared:0.999239

2024-03-21 07:16:19,865 Epoch 184/300, Train Loss: 0.040298, Val Loss: 0.048538  
	Train = MSE:0.040295 , RMSE:0.200737 , MAE:0.143252 , MAPD:0.773731, R_squared:0.999302  
	Validation = MSE:0.049244 , RMSE:0.221911 , MAE:0.154315 , MAPD:0.881198, R_squared:0.999114

2024-03-21 07:16:23,922 Epoch 185/300, Train Loss: 0.039979, Val Loss: 0.050498  
	Train = MSE:0.039984 , RMSE:0.199960 , MAE:0.142326 , MAPD:0.769324, R_squared:0.999308  
	Validation = MSE:0.050632 , RMSE:0.225015 , MAE:0.176218 , MAPD:1.027654, R_squared:0.999089

2024-03-21 07:16:27,795 Epoch 186/300, Train Loss: 0.043225, Val Loss: 0.040565  
	Train = MSE:0.043228 , RMSE:0.207914 , MAE:0.150495 , MAPD:0.812821, R_squared:0.999252  
	Validation = MSE:0.040991 , RMSE:0.202462 , MAE:0.138933 , MAPD:0.778546, R_squared:0.999262

2024-03-21 07:16:33,165 Epoch 187/300, Train Loss: 0.041888, Val Loss: 0.045314  
	Train = MSE:0.041890 , RMSE:0.204671 , MAE:0.147433 , MAPD:0.793842, R_squared:0.999275  
	Validation = MSE:0.045958 , RMSE:0.214379 , MAE:0.145500 , MAPD:0.817516, R_squared:0.999173

2024-03-21 07:16:36,820 Epoch 188/300, Train Loss: 0.040430, Val Loss: 0.041746  
	Train = MSE:0.040430 , RMSE:0.201073 , MAE:0.143275 , MAPD:0.779109, R_squared:0.999300  
	Validation = MSE:0.042103 , RMSE:0.205191 , MAE:0.142042 , MAPD:0.795059, R_squared:0.999242

2024-03-21 07:16:40,754 Epoch 189/300, Train Loss: 0.040075, Val Loss: 0.045295  
	Train = MSE:0.040074 , RMSE:0.200185 , MAE:0.143865 , MAPD:0.775092, R_squared:0.999306  
	Validation = MSE:0.046000 , RMSE:0.214476 , MAE:0.145286 , MAPD:0.815496, R_squared:0.999172

2024-03-21 07:16:44,711 Epoch 190/300, Train Loss: 0.041184, Val Loss: 0.046463  
	Train = MSE:0.041190 , RMSE:0.202953 , MAE:0.145508 , MAPD:0.783850, R_squared:0.999287  
	Validation = MSE:0.047269 , RMSE:0.217414 , MAE:0.147639 , MAPD:0.831816, R_squared:0.999149

2024-03-21 07:16:48,781 Epoch 191/300, Train Loss: 0.041108, Val Loss: 0.048178  
	Train = MSE:0.041111 , RMSE:0.202758 , MAE:0.145465 , MAPD:0.786229, R_squared:0.999288  
	Validation = MSE:0.048109 , RMSE:0.219337 , MAE:0.169875 , MAPD:0.980953, R_squared:0.999134

2024-03-21 07:16:53,736 Epoch 192/300, Train Loss: 0.038643, Val Loss: 0.040463  
	Train = MSE:0.038642 , RMSE:0.196577 , MAE:0.139754 , MAPD:0.749330, R_squared:0.999331  
	Validation = MSE:0.040860 , RMSE:0.202139 , MAE:0.141293 , MAPD:0.799718, R_squared:0.999265

2024-03-21 07:16:57,877 Epoch 193/300, Train Loss: 0.039541, Val Loss: 0.039847  
	Train = MSE:0.039547 , RMSE:0.198864 , MAE:0.142054 , MAPD:0.760308, R_squared:0.999315  
	Validation = MSE:0.040062 , RMSE:0.200156 , MAE:0.140862 , MAPD:0.789571, R_squared:0.999279

2024-03-21 07:17:01,504 Epoch 194/300, Train Loss: 0.038704, Val Loss: 0.041107  
	Train = MSE:0.038691 , RMSE:0.196699 , MAE:0.139581 , MAPD:0.749699, R_squared:0.999330  
	Validation = MSE:0.041227 , RMSE:0.203044 , MAE:0.145434 , MAPD:0.815096, R_squared:0.999258

2024-03-21 07:17:05,797 Epoch 195/300, Train Loss: 0.038468, Val Loss: 0.039189  
	Train = MSE:0.038474 , RMSE:0.196149 , MAE:0.139082 , MAPD:0.745265, R_squared:0.999334  
	Validation = MSE:0.039620 , RMSE:0.199048 , MAE:0.136002 , MAPD:0.761164, R_squared:0.999287

2024-03-21 07:17:10,732 Epoch 196/300, Train Loss: 0.038833, Val Loss: 0.041117  
	Train = MSE:0.038832 , RMSE:0.197058 , MAE:0.142343 , MAPD:0.763241, R_squared:0.999328  
	Validation = MSE:0.041665 , RMSE:0.204120 , MAE:0.140335 , MAPD:0.776643, R_squared:0.999250

2024-03-21 07:17:16,704 Epoch 197/300, Train Loss: 0.039219, Val Loss: 0.042479  
	Train = MSE:0.039218 , RMSE:0.198034 , MAE:0.142357 , MAPD:0.765657, R_squared:0.999321  
	Validation = MSE:0.042933 , RMSE:0.207202 , MAE:0.141329 , MAPD:0.794215, R_squared:0.999227

2024-03-21 07:17:21,291 Epoch 198/300, Train Loss: 0.038201, Val Loss: 0.039981  
	Train = MSE:0.038205 , RMSE:0.195461 , MAE:0.140982 , MAPD:0.756634, R_squared:0.999339  
	Validation = MSE:0.039939 , RMSE:0.199846 , MAE:0.142061 , MAPD:0.792187, R_squared:0.999281

2024-03-21 07:17:25,550 Epoch 199/300, Train Loss: 0.037923, Val Loss: 0.039336  
	Train = MSE:0.037926 , RMSE:0.194747 , MAE:0.139332 , MAPD:0.750407, R_squared:0.999343  
	Validation = MSE:0.039595 , RMSE:0.198986 , MAE:0.138300 , MAPD:0.774562, R_squared:0.999288

2024-03-21 07:17:29,633 Epoch 200/300, Train Loss: 0.037934, Val Loss: 0.042211  
	Train = MSE:0.037935 , RMSE:0.194769 , MAE:0.138145 , MAPD:0.741371, R_squared:0.999343  
	Validation = MSE:0.042097 , RMSE:0.205176 , MAE:0.151669 , MAPD:0.849586, R_squared:0.999243

2024-03-21 07:17:33,729 Epoch 201/300, Train Loss: 0.037744, Val Loss: 0.040982  
	Train = MSE:0.037741 , RMSE:0.194272 , MAE:0.138056 , MAPD:0.737762, R_squared:0.999347  
	Validation = MSE:0.040890 , RMSE:0.202213 , MAE:0.140160 , MAPD:0.770968, R_squared:0.999264

2024-03-21 07:17:39,200 Epoch 202/300, Train Loss: 0.039046, Val Loss: 0.038552  
	Train = MSE:0.039047 , RMSE:0.197604 , MAE:0.142684 , MAPD:0.767981, R_squared:0.999324  
	Validation = MSE:0.038726 , RMSE:0.196790 , MAE:0.135259 , MAPD:0.751975, R_squared:0.999303

2024-03-21 07:17:43,075 Epoch 203/300, Train Loss: 0.036316, Val Loss: 0.038373  
	Train = MSE:0.036322 , RMSE:0.190584 , MAE:0.135582 , MAPD:0.726688, R_squared:0.999371  
	Validation = MSE:0.038759 , RMSE:0.196872 , MAE:0.138527 , MAPD:0.786274, R_squared:0.999303

2024-03-21 07:17:47,083 Epoch 204/300, Train Loss: 0.037905, Val Loss: 0.039023  
	Train = MSE:0.037900 , RMSE:0.194680 , MAE:0.139383 , MAPD:0.750945, R_squared:0.999344  
	Validation = MSE:0.039239 , RMSE:0.198089 , MAE:0.138173 , MAPD:0.778897, R_squared:0.999294

2024-03-21 07:17:51,220 Epoch 205/300, Train Loss: 0.036587, Val Loss: 0.043890  
	Train = MSE:0.036593 , RMSE:0.191292 , MAE:0.136819 , MAPD:0.730751, R_squared:0.999367  
	Validation = MSE:0.044669 , RMSE:0.211351 , MAE:0.143604 , MAPD:0.802704, R_squared:0.999196

2024-03-21 07:17:55,231 Epoch 206/300, Train Loss: 0.037245, Val Loss: 0.038176  
	Train = MSE:0.037250 , RMSE:0.193003 , MAE:0.137861 , MAPD:0.740105, R_squared:0.999355  
	Validation = MSE:0.038642 , RMSE:0.196576 , MAE:0.133012 , MAPD:0.742429, R_squared:0.999305

2024-03-21 07:17:59,597 Epoch 207/300, Train Loss: 0.036210, Val Loss: 0.040428  
	Train = MSE:0.036213 , RMSE:0.190298 , MAE:0.135552 , MAPD:0.725203, R_squared:0.999373  
	Validation = MSE:0.040489 , RMSE:0.201218 , MAE:0.147953 , MAPD:0.839071, R_squared:0.999271

2024-03-21 07:18:04,631 Epoch 208/300, Train Loss: 0.037167, Val Loss: 0.040508  
	Train = MSE:0.037160 , RMSE:0.192768 , MAE:0.138723 , MAPD:0.746878, R_squared:0.999357  
	Validation = MSE:0.041290 , RMSE:0.203201 , MAE:0.138105 , MAPD:0.754008, R_squared:0.999257

2024-03-21 07:18:08,730 Epoch 209/300, Train Loss: 0.039120, Val Loss: 0.037173  
	Train = MSE:0.039122 , RMSE:0.197794 , MAE:0.143916 , MAPD:0.775901, R_squared:0.999323  
	Validation = MSE:0.037338 , RMSE:0.193230 , MAE:0.135042 , MAPD:0.756407, R_squared:0.999328

2024-03-21 07:18:12,813 Epoch 210/300, Train Loss: 0.035998, Val Loss: 0.041081  
	Train = MSE:0.035979 , RMSE:0.189680 , MAE:0.134498 , MAPD:0.719043, R_squared:0.999377  
	Validation = MSE:0.041916 , RMSE:0.204735 , MAE:0.137628 , MAPD:0.751627, R_squared:0.999246

2024-03-21 07:18:16,760 Epoch 211/300, Train Loss: 0.035615, Val Loss: 0.038760  
	Train = MSE:0.035620 , RMSE:0.188732 , MAE:0.133972 , MAPD:0.717799, R_squared:0.999383  
	Validation = MSE:0.039217 , RMSE:0.198032 , MAE:0.133467 , MAPD:0.745087, R_squared:0.999294

2024-03-21 07:18:23,178 Epoch 212/300, Train Loss: 0.035641, Val Loss: 0.040750  
	Train = MSE:0.035640 , RMSE:0.188785 , MAE:0.135273 , MAPD:0.725132, R_squared:0.999383  
	Validation = MSE:0.041297 , RMSE:0.203217 , MAE:0.137763 , MAPD:0.776175, R_squared:0.999257

2024-03-21 07:18:27,603 Epoch 213/300, Train Loss: 0.035244, Val Loss: 0.037197  
	Train = MSE:0.035249 , RMSE:0.187747 , MAE:0.134530 , MAPD:0.719577, R_squared:0.999390  
	Validation = MSE:0.037534 , RMSE:0.193736 , MAE:0.130808 , MAPD:0.729438, R_squared:0.999325

2024-03-21 07:18:32,223 Epoch 214/300, Train Loss: 0.035191, Val Loss: 0.042827  
	Train = MSE:0.035192 , RMSE:0.187595 , MAE:0.133528 , MAPD:0.714660, R_squared:0.999391  
	Validation = MSE:0.042873 , RMSE:0.207057 , MAE:0.160711 , MAPD:0.923988, R_squared:0.999229

2024-03-21 07:18:37,703 Epoch 215/300, Train Loss: 0.034856, Val Loss: 0.041527  
	Train = MSE:0.034859 , RMSE:0.186705 , MAE:0.133527 , MAPD:0.713675, R_squared:0.999397  
	Validation = MSE:0.042204 , RMSE:0.205437 , MAE:0.140094 , MAPD:0.780189, R_squared:0.999241

2024-03-21 07:18:42,419 Epoch 216/300, Train Loss: 0.035612, Val Loss: 0.036790  
	Train = MSE:0.035614 , RMSE:0.188716 , MAE:0.135421 , MAPD:0.721874, R_squared:0.999384  
	Validation = MSE:0.036916 , RMSE:0.192135 , MAE:0.134325 , MAPD:0.749635, R_squared:0.999336

2024-03-21 07:18:47,461 Epoch 217/300, Train Loss: 0.034625, Val Loss: 0.037193  
	Train = MSE:0.034632 , RMSE:0.186097 , MAE:0.133507 , MAPD:0.715561, R_squared:0.999401  
	Validation = MSE:0.037194 , RMSE:0.192858 , MAE:0.135113 , MAPD:0.758460, R_squared:0.999331

2024-03-21 07:18:52,340 Epoch 218/300, Train Loss: 0.034649, Val Loss: 0.037509  
	Train = MSE:0.034631 , RMSE:0.186094 , MAE:0.131372 , MAPD:0.698784, R_squared:0.999401  
	Validation = MSE:0.037911 , RMSE:0.194707 , MAE:0.137127 , MAPD:0.771027, R_squared:0.999318

2024-03-21 07:18:57,453 Epoch 219/300, Train Loss: 0.035430, Val Loss: 0.038183  
	Train = MSE:0.035433 , RMSE:0.188237 , MAE:0.135092 , MAPD:0.724746, R_squared:0.999387  
	Validation = MSE:0.038610 , RMSE:0.196494 , MAE:0.131950 , MAPD:0.741660, R_squared:0.999305

2024-03-21 07:19:02,359 Epoch 220/300, Train Loss: 0.033747, Val Loss: 0.038729  
	Train = MSE:0.033752 , RMSE:0.183718 , MAE:0.129936 , MAPD:0.692048, R_squared:0.999416  
	Validation = MSE:0.039238 , RMSE:0.198085 , MAE:0.133459 , MAPD:0.744123, R_squared:0.999294

2024-03-21 07:19:07,272 Epoch 221/300, Train Loss: 0.033908, Val Loss: 0.036484  
	Train = MSE:0.033906 , RMSE:0.184135 , MAE:0.129903 , MAPD:0.692137, R_squared:0.999413  
	Validation = MSE:0.036927 , RMSE:0.192164 , MAE:0.127566 , MAPD:0.709763, R_squared:0.999336

2024-03-21 07:19:13,534 Epoch 222/300, Train Loss: 0.033588, Val Loss: 0.035979  
	Train = MSE:0.033590 , RMSE:0.183275 , MAE:0.130647 , MAPD:0.696312, R_squared:0.999419  
	Validation = MSE:0.036004 , RMSE:0.189747 , MAE:0.132579 , MAPD:0.742345, R_squared:0.999352

2024-03-21 07:19:18,699 Epoch 223/300, Train Loss: 0.034500, Val Loss: 0.035769  
	Train = MSE:0.034502 , RMSE:0.185746 , MAE:0.132679 , MAPD:0.707789, R_squared:0.999403  
	Validation = MSE:0.036044 , RMSE:0.189852 , MAE:0.131510 , MAPD:0.734416, R_squared:0.999351

2024-03-21 07:19:23,708 Epoch 224/300, Train Loss: 0.033822, Val Loss: 0.037071  
	Train = MSE:0.033822 , RMSE:0.183907 , MAE:0.132124 , MAPD:0.703896, R_squared:0.999415  
	Validation = MSE:0.037066 , RMSE:0.192526 , MAE:0.137935 , MAPD:0.788025, R_squared:0.999333

2024-03-21 07:19:28,689 Epoch 225/300, Train Loss: 0.034345, Val Loss: 0.045975  
	Train = MSE:0.034338 , RMSE:0.185305 , MAE:0.133159 , MAPD:0.711692, R_squared:0.999406  
	Validation = MSE:0.045689 , RMSE:0.213750 , MAE:0.171796 , MAPD:0.992657, R_squared:0.999178

2024-03-21 07:19:34,855 Epoch 226/300, Train Loss: 0.034916, Val Loss: 0.035394  
	Train = MSE:0.034911 , RMSE:0.186846 , MAE:0.134212 , MAPD:0.715647, R_squared:0.999396  
	Validation = MSE:0.035592 , RMSE:0.188659 , MAE:0.127132 , MAPD:0.708352, R_squared:0.999360

2024-03-21 07:19:40,644 Epoch 227/300, Train Loss: 0.035033, Val Loss: 0.036372  
	Train = MSE:0.035019 , RMSE:0.187134 , MAE:0.133554 , MAPD:0.714246, R_squared:0.999394  
	Validation = MSE:0.036120 , RMSE:0.190053 , MAE:0.136926 , MAPD:0.758187, R_squared:0.999350

2024-03-21 07:19:46,502 Epoch 228/300, Train Loss: 0.033349, Val Loss: 0.034967  
	Train = MSE:0.033353 , RMSE:0.182629 , MAE:0.130451 , MAPD:0.697746, R_squared:0.999423  
	Validation = MSE:0.034885 , RMSE:0.186775 , MAE:0.130590 , MAPD:0.731244, R_squared:0.999372

2024-03-21 07:19:52,177 Epoch 229/300, Train Loss: 0.035976, Val Loss: 0.038603  
	Train = MSE:0.035980 , RMSE:0.189684 , MAE:0.137655 , MAPD:0.735066, R_squared:0.999377  
	Validation = MSE:0.039097 , RMSE:0.197729 , MAE:0.132709 , MAPD:0.740450, R_squared:0.999296

2024-03-21 07:19:57,103 Epoch 230/300, Train Loss: 0.033711, Val Loss: 0.036945  
	Train = MSE:0.033710 , RMSE:0.183602 , MAE:0.131068 , MAPD:0.697235, R_squared:0.999416  
	Validation = MSE:0.037294 , RMSE:0.193118 , MAE:0.130302 , MAPD:0.728855, R_squared:0.999329

2024-03-21 07:20:01,832 Epoch 231/300, Train Loss: 0.032799, Val Loss: 0.035741  
	Train = MSE:0.032797 , RMSE:0.181099 , MAE:0.129367 , MAPD:0.688710, R_squared:0.999432  
	Validation = MSE:0.035623 , RMSE:0.188741 , MAE:0.134114 , MAPD:0.745527, R_squared:0.999359

2024-03-21 07:20:07,552 Epoch 232/300, Train Loss: 0.034201, Val Loss: 0.040509  
	Train = MSE:0.034198 , RMSE:0.184927 , MAE:0.134144 , MAPD:0.718415, R_squared:0.999408  
	Validation = MSE:0.041159 , RMSE:0.202877 , MAE:0.139188 , MAPD:0.768106, R_squared:0.999259

2024-03-21 07:20:12,343 Epoch 233/300, Train Loss: 0.034293, Val Loss: 0.036056  
	Train = MSE:0.034294 , RMSE:0.185186 , MAE:0.132925 , MAPD:0.705988, R_squared:0.999406  
	Validation = MSE:0.035964 , RMSE:0.189641 , MAE:0.129724 , MAPD:0.721234, R_squared:0.999353

2024-03-21 07:20:17,135 Epoch 234/300, Train Loss: 0.032559, Val Loss: 0.035534  
	Train = MSE:0.032564 , RMSE:0.180455 , MAE:0.128841 , MAPD:0.689615, R_squared:0.999436  
	Validation = MSE:0.035964 , RMSE:0.189643 , MAE:0.127290 , MAPD:0.707757, R_squared:0.999353

2024-03-21 07:20:22,443 Epoch 235/300, Train Loss: 0.032348, Val Loss: 0.037890  
	Train = MSE:0.032345 , RMSE:0.179848 , MAE:0.129116 , MAPD:0.687294, R_squared:0.999440  
	Validation = MSE:0.038041 , RMSE:0.195041 , MAE:0.132236 , MAPD:0.741281, R_squared:0.999315

2024-03-21 07:20:26,917 Epoch 236/300, Train Loss: 0.032349, Val Loss: 0.035050  
	Train = MSE:0.032349 , RMSE:0.179859 , MAE:0.129447 , MAPD:0.688891, R_squared:0.999440  
	Validation = MSE:0.035266 , RMSE:0.187791 , MAE:0.126117 , MAPD:0.703038, R_squared:0.999365

2024-03-21 07:20:31,615 Epoch 237/300, Train Loss: 0.032218, Val Loss: 0.033977  
	Train = MSE:0.032224 , RMSE:0.179510 , MAE:0.127723 , MAPD:0.680654, R_squared:0.999442  
	Validation = MSE:0.034129 , RMSE:0.184740 , MAE:0.125733 , MAPD:0.697664, R_squared:0.999386

2024-03-21 07:20:36,046 Epoch 238/300, Train Loss: 0.032700, Val Loss: 0.045139  
	Train = MSE:0.032692 , RMSE:0.180809 , MAE:0.129223 , MAPD:0.688362, R_squared:0.999434  
	Validation = MSE:0.045853 , RMSE:0.214132 , MAE:0.150914 , MAPD:0.850612, R_squared:0.999175

2024-03-21 07:20:40,807 Epoch 239/300, Train Loss: 0.032026, Val Loss: 0.034713  
	Train = MSE:0.032029 , RMSE:0.178967 , MAE:0.128447 , MAPD:0.685827, R_squared:0.999446  
	Validation = MSE:0.034714 , RMSE:0.186317 , MAE:0.133273 , MAPD:0.752805, R_squared:0.999375

2024-03-21 07:20:45,205 Epoch 240/300, Train Loss: 0.032897, Val Loss: 0.039697  
	Train = MSE:0.032902 , RMSE:0.181390 , MAE:0.130731 , MAPD:0.696261, R_squared:0.999430  
	Validation = MSE:0.040267 , RMSE:0.200667 , MAE:0.137206 , MAPD:0.757879, R_squared:0.999275

2024-03-21 07:20:50,048 Epoch 241/300, Train Loss: 0.033174, Val Loss: 0.033898  
	Train = MSE:0.033176 , RMSE:0.182143 , MAE:0.131109 , MAPD:0.694461, R_squared:0.999426  
	Validation = MSE:0.034150 , RMSE:0.184797 , MAE:0.127478 , MAPD:0.707851, R_squared:0.999386

2024-03-21 07:20:55,725 Epoch 242/300, Train Loss: 0.032423, Val Loss: 0.034354  
	Train = MSE:0.032425 , RMSE:0.180069 , MAE:0.128887 , MAPD:0.687176, R_squared:0.999439  
	Validation = MSE:0.034536 , RMSE:0.185838 , MAE:0.131552 , MAPD:0.738095, R_squared:0.999379

2024-03-21 07:21:01,361 Epoch 243/300, Train Loss: 0.031819, Val Loss: 0.037081  
	Train = MSE:0.031820 , RMSE:0.178382 , MAE:0.127970 , MAPD:0.679913, R_squared:0.999449  
	Validation = MSE:0.036898 , RMSE:0.192089 , MAE:0.143347 , MAPD:0.828605, R_squared:0.999336

2024-03-21 07:21:07,606 Epoch 244/300, Train Loss: 0.031400, Val Loss: 0.033936  
	Train = MSE:0.031400 , RMSE:0.177202 , MAE:0.126321 , MAPD:0.671095, R_squared:0.999456  
	Validation = MSE:0.033831 , RMSE:0.183932 , MAE:0.130911 , MAPD:0.732440, R_squared:0.999391

2024-03-21 07:21:12,216 Epoch 245/300, Train Loss: 0.031450, Val Loss: 0.032851  
	Train = MSE:0.031450 , RMSE:0.177341 , MAE:0.126863 , MAPD:0.670596, R_squared:0.999456  
	Validation = MSE:0.032861 , RMSE:0.181276 , MAE:0.126124 , MAPD:0.710850, R_squared:0.999409

2024-03-21 07:21:17,270 Epoch 246/300, Train Loss: 0.031762, Val Loss: 0.038148  
	Train = MSE:0.031764 , RMSE:0.178223 , MAE:0.127379 , MAPD:0.678069, R_squared:0.999450  
	Validation = MSE:0.037415 , RMSE:0.193428 , MAE:0.140616 , MAPD:0.766054, R_squared:0.999327

2024-03-21 07:21:23,215 Epoch 247/300, Train Loss: 0.033030, Val Loss: 0.034502  
	Train = MSE:0.033036 , RMSE:0.181758 , MAE:0.130969 , MAPD:0.697339, R_squared:0.999428  
	Validation = MSE:0.034456 , RMSE:0.185624 , MAE:0.134948 , MAPD:0.767329, R_squared:0.999380

2024-03-21 07:21:28,045 Epoch 248/300, Train Loss: 0.031115, Val Loss: 0.033070  
	Train = MSE:0.031120 , RMSE:0.176408 , MAE:0.126401 , MAPD:0.668892, R_squared:0.999461  
	Validation = MSE:0.032839 , RMSE:0.181216 , MAE:0.123319 , MAPD:0.678831, R_squared:0.999409

2024-03-21 07:21:33,050 Epoch 249/300, Train Loss: 0.031144, Val Loss: 0.039078  
	Train = MSE:0.031134 , RMSE:0.176449 , MAE:0.127083 , MAPD:0.670758, R_squared:0.999461  
	Validation = MSE:0.039533 , RMSE:0.198828 , MAE:0.135705 , MAPD:0.758320, R_squared:0.999289

2024-03-21 07:21:38,378 Epoch 250/300, Train Loss: 0.030853, Val Loss: 0.034017  
	Train = MSE:0.030853 , RMSE:0.175649 , MAE:0.124023 , MAPD:0.653896, R_squared:0.999466  
	Validation = MSE:0.033865 , RMSE:0.184024 , MAE:0.132912 , MAPD:0.745403, R_squared:0.999391

2024-03-21 07:21:43,357 Epoch 251/300, Train Loss: 0.032175, Val Loss: 0.032653  
	Train = MSE:0.032177 , RMSE:0.179381 , MAE:0.129611 , MAPD:0.690239, R_squared:0.999443  
	Validation = MSE:0.032697 , RMSE:0.180822 , MAE:0.120782 , MAPD:0.670821, R_squared:0.999412

2024-03-21 07:21:49,760 Epoch 252/300, Train Loss: 0.029651, Val Loss: 0.037197  
	Train = MSE:0.029657 , RMSE:0.172212 , MAE:0.122217 , MAPD:0.644502, R_squared:0.999487  
	Validation = MSE:0.037733 , RMSE:0.194251 , MAE:0.131464 , MAPD:0.721327, R_squared:0.999321

2024-03-21 07:21:54,186 Epoch 253/300, Train Loss: 0.031219, Val Loss: 0.043351  
	Train = MSE:0.031219 , RMSE:0.176688 , MAE:0.126720 , MAPD:0.673677, R_squared:0.999460  
	Validation = MSE:0.043958 , RMSE:0.209661 , MAE:0.149294 , MAPD:0.839350, R_squared:0.999209

2024-03-21 07:21:59,770 Epoch 254/300, Train Loss: 0.030068, Val Loss: 0.031584  
	Train = MSE:0.030071 , RMSE:0.173410 , MAE:0.124276 , MAPD:0.659548, R_squared:0.999479  
	Validation = MSE:0.031736 , RMSE:0.178146 , MAE:0.119064 , MAPD:0.661037, R_squared:0.999429

2024-03-21 07:22:04,238 Epoch 255/300, Train Loss: 0.030305, Val Loss: 0.032899  
	Train = MSE:0.030309 , RMSE:0.174094 , MAE:0.125953 , MAPD:0.670426, R_squared:0.999475  
	Validation = MSE:0.033039 , RMSE:0.181767 , MAE:0.121414 , MAPD:0.674036, R_squared:0.999405

2024-03-21 07:22:09,079 Epoch 256/300, Train Loss: 0.029553, Val Loss: 0.032744  
	Train = MSE:0.029554 , RMSE:0.171914 , MAE:0.121906 , MAPD:0.644230, R_squared:0.999488  
	Validation = MSE:0.033077 , RMSE:0.181870 , MAE:0.123080 , MAPD:0.677871, R_squared:0.999405

2024-03-21 07:22:13,568 Epoch 257/300, Train Loss: 0.030851, Val Loss: 0.033929  
	Train = MSE:0.030847 , RMSE:0.175634 , MAE:0.125893 , MAPD:0.668179, R_squared:0.999466  
	Validation = MSE:0.033536 , RMSE:0.183129 , MAE:0.124711 , MAPD:0.676585, R_squared:0.999397

2024-03-21 07:22:18,156 Epoch 258/300, Train Loss: 0.031060, Val Loss: 0.033457  
	Train = MSE:0.031066 , RMSE:0.176255 , MAE:0.126800 , MAPD:0.670124, R_squared:0.999462  
	Validation = MSE:0.033713 , RMSE:0.183610 , MAE:0.122849 , MAPD:0.684559, R_squared:0.999393

2024-03-21 07:22:24,424 Epoch 259/300, Train Loss: 0.031275, Val Loss: 0.031896  
	Train = MSE:0.031274 , RMSE:0.176845 , MAE:0.128098 , MAPD:0.681115, R_squared:0.999459  
	Validation = MSE:0.031898 , RMSE:0.178601 , MAE:0.119326 , MAPD:0.661066, R_squared:0.999426

2024-03-21 07:22:28,824 Epoch 260/300, Train Loss: 0.029627, Val Loss: 0.033401  
	Train = MSE:0.029625 , RMSE:0.172120 , MAE:0.122764 , MAPD:0.648454, R_squared:0.999487  
	Validation = MSE:0.033016 , RMSE:0.181704 , MAE:0.122896 , MAPD:0.671536, R_squared:0.999406

2024-03-21 07:22:33,832 Epoch 261/300, Train Loss: 0.029500, Val Loss: 0.030980  
	Train = MSE:0.029502 , RMSE:0.171762 , MAE:0.121740 , MAPD:0.645478, R_squared:0.999489  
	Validation = MSE:0.030856 , RMSE:0.175658 , MAE:0.118615 , MAPD:0.653282, R_squared:0.999445

2024-03-21 07:22:40,614 Epoch 262/300, Train Loss: 0.029652, Val Loss: 0.031666  
	Train = MSE:0.029654 , RMSE:0.172202 , MAE:0.123152 , MAPD:0.647636, R_squared:0.999487  
	Validation = MSE:0.031775 , RMSE:0.178256 , MAE:0.118786 , MAPD:0.660356, R_squared:0.999428

2024-03-21 07:22:46,270 Epoch 263/300, Train Loss: 0.030032, Val Loss: 0.031065  
	Train = MSE:0.030033 , RMSE:0.173300 , MAE:0.124397 , MAPD:0.658465, R_squared:0.999480  
	Validation = MSE:0.031249 , RMSE:0.176773 , MAE:0.119220 , MAPD:0.655522, R_squared:0.999438

2024-03-21 07:22:51,264 Epoch 264/300, Train Loss: 0.029378, Val Loss: 0.034067  
	Train = MSE:0.029363 , RMSE:0.171357 , MAE:0.122183 , MAPD:0.649005, R_squared:0.999492  
	Validation = MSE:0.034515 , RMSE:0.185781 , MAE:0.125016 , MAPD:0.685067, R_squared:0.999379

2024-03-21 07:22:55,831 Epoch 265/300, Train Loss: 0.030806, Val Loss: 0.030928  
	Train = MSE:0.030808 , RMSE:0.175522 , MAE:0.125675 , MAPD:0.662187, R_squared:0.999467  
	Validation = MSE:0.031147 , RMSE:0.176485 , MAE:0.118694 , MAPD:0.655013, R_squared:0.999440

2024-03-21 07:23:00,426 Epoch 266/300, Train Loss: 0.029982, Val Loss: 0.030325  
	Train = MSE:0.029978 , RMSE:0.173143 , MAE:0.122634 , MAPD:0.644994, R_squared:0.999481  
	Validation = MSE:0.030275 , RMSE:0.173998 , MAE:0.117535 , MAPD:0.650716, R_squared:0.999455

2024-03-21 07:23:04,609 Epoch 267/300, Train Loss: 0.027969, Val Loss: 0.031929  
	Train = MSE:0.027971 , RMSE:0.167247 , MAE:0.118640 , MAPD:0.623498, R_squared:0.999516  
	Validation = MSE:0.032255 , RMSE:0.179597 , MAE:0.119419 , MAPD:0.654069, R_squared:0.999420

2024-03-21 07:23:08,855 Epoch 268/300, Train Loss: 0.029382, Val Loss: 0.034469  
	Train = MSE:0.029379 , RMSE:0.171403 , MAE:0.122857 , MAPD:0.646939, R_squared:0.999491  
	Validation = MSE:0.034756 , RMSE:0.186429 , MAE:0.126508 , MAPD:0.707668, R_squared:0.999375

2024-03-21 07:23:14,599 Epoch 269/300, Train Loss: 0.032748, Val Loss: 0.030426  
	Train = MSE:0.032753 , RMSE:0.180978 , MAE:0.132573 , MAPD:0.708798, R_squared:0.999433  
	Validation = MSE:0.030268 , RMSE:0.173977 , MAE:0.117070 , MAPD:0.643807, R_squared:0.999455

2024-03-21 07:23:18,891 Epoch 270/300, Train Loss: 0.028218, Val Loss: 0.029913  
	Train = MSE:0.028223 , RMSE:0.167996 , MAE:0.119829 , MAPD:0.628158, R_squared:0.999511  
	Validation = MSE:0.030004 , RMSE:0.173217 , MAE:0.115824 , MAPD:0.639117, R_squared:0.999460

2024-03-21 07:23:23,042 Epoch 271/300, Train Loss: 0.028782, Val Loss: 0.030842  
	Train = MSE:0.028767 , RMSE:0.169609 , MAE:0.121136 , MAPD:0.636665, R_squared:0.999502  
	Validation = MSE:0.030966 , RMSE:0.175972 , MAE:0.118120 , MAPD:0.651629, R_squared:0.999443

2024-03-21 07:23:28,372 Epoch 272/300, Train Loss: 0.028559, Val Loss: 0.031734  
	Train = MSE:0.028565 , RMSE:0.169011 , MAE:0.120196 , MAPD:0.635427, R_squared:0.999506  
	Validation = MSE:0.031912 , RMSE:0.178638 , MAE:0.118646 , MAPD:0.653230, R_squared:0.999426

2024-03-21 07:23:32,488 Epoch 273/300, Train Loss: 0.028578, Val Loss: 0.029449  
	Train = MSE:0.028579 , RMSE:0.169054 , MAE:0.120013 , MAPD:0.631755, R_squared:0.999505  
	Validation = MSE:0.029476 , RMSE:0.171685 , MAE:0.114365 , MAPD:0.633461, R_squared:0.999470

2024-03-21 07:23:36,629 Epoch 274/300, Train Loss: 0.029028, Val Loss: 0.030324  
	Train = MSE:0.029029 , RMSE:0.170380 , MAE:0.122156 , MAPD:0.643163, R_squared:0.999497  
	Validation = MSE:0.030130 , RMSE:0.173579 , MAE:0.118585 , MAPD:0.653707, R_squared:0.999458

2024-03-21 07:23:40,768 Epoch 275/300, Train Loss: 0.028846, Val Loss: 0.031365  
	Train = MSE:0.028848 , RMSE:0.169848 , MAE:0.122310 , MAPD:0.648364, R_squared:0.999501  
	Validation = MSE:0.031707 , RMSE:0.178066 , MAE:0.119637 , MAPD:0.649726, R_squared:0.999429

2024-03-21 07:23:44,926 Epoch 276/300, Train Loss: 0.028793, Val Loss: 0.032262  
	Train = MSE:0.028792 , RMSE:0.169682 , MAE:0.121836 , MAPD:0.645334, R_squared:0.999502  
	Validation = MSE:0.032312 , RMSE:0.179755 , MAE:0.120413 , MAPD:0.669929, R_squared:0.999419

2024-03-21 07:23:49,066 Epoch 277/300, Train Loss: 0.027928, Val Loss: 0.029761  
	Train = MSE:0.027927 , RMSE:0.167114 , MAE:0.119205 , MAPD:0.625870, R_squared:0.999517  
	Validation = MSE:0.029774 , RMSE:0.172551 , MAE:0.115388 , MAPD:0.634883, R_squared:0.999464

2024-03-21 07:23:53,392 Epoch 278/300, Train Loss: 0.027896, Val Loss: 0.031453  
	Train = MSE:0.027897 , RMSE:0.167025 , MAE:0.119659 , MAPD:0.630224, R_squared:0.999517  
	Validation = MSE:0.031213 , RMSE:0.176671 , MAE:0.126357 , MAPD:0.702579, R_squared:0.999438

2024-03-21 07:23:57,924 Epoch 279/300, Train Loss: 0.029478, Val Loss: 0.035525  
	Train = MSE:0.029482 , RMSE:0.171702 , MAE:0.123821 , MAPD:0.656622, R_squared:0.999490  
	Validation = MSE:0.036036 , RMSE:0.189831 , MAE:0.130214 , MAPD:0.705935, R_squared:0.999352

2024-03-21 07:24:03,395 Epoch 280/300, Train Loss: 0.027853, Val Loss: 0.029199  
	Train = MSE:0.027853 , RMSE:0.166893 , MAE:0.117638 , MAPD:0.614622, R_squared:0.999518  
	Validation = MSE:0.029235 , RMSE:0.170983 , MAE:0.113777 , MAPD:0.628742, R_squared:0.999474

2024-03-21 07:24:07,838 Epoch 281/300, Train Loss: 0.028138, Val Loss: 0.029864  
	Train = MSE:0.028140 , RMSE:0.167751 , MAE:0.120610 , MAPD:0.636809, R_squared:0.999513  
	Validation = MSE:0.029692 , RMSE:0.172313 , MAE:0.118642 , MAPD:0.646699, R_squared:0.999466

2024-03-21 07:24:13,543 Epoch 282/300, Train Loss: 0.028529, Val Loss: 0.033959  
	Train = MSE:0.028525 , RMSE:0.168892 , MAE:0.122244 , MAPD:0.648208, R_squared:0.999506  
	Validation = MSE:0.033308 , RMSE:0.182505 , MAE:0.129555 , MAPD:0.688362, R_squared:0.999401

2024-03-21 07:24:17,936 Epoch 283/300, Train Loss: 0.027996, Val Loss: 0.038815  
	Train = MSE:0.027993 , RMSE:0.167310 , MAE:0.119509 , MAPD:0.627546, R_squared:0.999515  
	Validation = MSE:0.039378 , RMSE:0.198440 , MAE:0.142332 , MAPD:0.790475, R_squared:0.999291

2024-03-21 07:24:22,092 Epoch 284/300, Train Loss: 0.028069, Val Loss: 0.031098  
	Train = MSE:0.028062 , RMSE:0.167518 , MAE:0.119335 , MAPD:0.627678, R_squared:0.999514  
	Validation = MSE:0.031292 , RMSE:0.176895 , MAE:0.124189 , MAPD:0.705328, R_squared:0.999437

2024-03-21 07:24:26,615 Epoch 285/300, Train Loss: 0.028360, Val Loss: 0.029016  
	Train = MSE:0.028355 , RMSE:0.168391 , MAE:0.120212 , MAPD:0.635475, R_squared:0.999509  
	Validation = MSE:0.028975 , RMSE:0.170219 , MAE:0.112445 , MAPD:0.619490, R_squared:0.999479

2024-03-21 07:24:30,764 Epoch 286/300, Train Loss: 0.027534, Val Loss: 0.030302  
	Train = MSE:0.027535 , RMSE:0.165938 , MAE:0.118219 , MAPD:0.618871, R_squared:0.999523  
	Validation = MSE:0.030529 , RMSE:0.174725 , MAE:0.115220 , MAPD:0.630744, R_squared:0.999451

2024-03-21 07:24:34,942 Epoch 287/300, Train Loss: 0.026997, Val Loss: 0.028997  
	Train = MSE:0.026996 , RMSE:0.164304 , MAE:0.116513 , MAPD:0.610843, R_squared:0.999533  
	Validation = MSE:0.029248 , RMSE:0.171021 , MAE:0.113570 , MAPD:0.623262, R_squared:0.999474

2024-03-21 07:24:39,072 Epoch 288/300, Train Loss: 0.029737, Val Loss: 0.029695  
	Train = MSE:0.029738 , RMSE:0.172447 , MAE:0.125207 , MAPD:0.660757, R_squared:0.999485  
	Validation = MSE:0.029876 , RMSE:0.172847 , MAE:0.114522 , MAPD:0.633632, R_squared:0.999462

2024-03-21 07:24:43,245 Epoch 289/300, Train Loss: 0.027623, Val Loss: 0.030232  
	Train = MSE:0.027628 , RMSE:0.166215 , MAE:0.118474 , MAPD:0.621244, R_squared:0.999522  
	Validation = MSE:0.030339 , RMSE:0.174182 , MAE:0.116914 , MAPD:0.645065, R_squared:0.999454

2024-03-21 07:24:47,751 Epoch 290/300, Train Loss: 0.026875, Val Loss: 0.028318  
	Train = MSE:0.026880 , RMSE:0.163952 , MAE:0.116972 , MAPD:0.613272, R_squared:0.999535  
	Validation = MSE:0.028314 , RMSE:0.168268 , MAE:0.115713 , MAPD:0.640036, R_squared:0.999491

2024-03-21 07:24:52,295 Epoch 291/300, Train Loss: 0.026653, Val Loss: 0.028745  
	Train = MSE:0.026652 , RMSE:0.163255 , MAE:0.115993 , MAPD:0.608059, R_squared:0.999539  
	Validation = MSE:0.028826 , RMSE:0.169784 , MAE:0.111834 , MAPD:0.614498, R_squared:0.999481

2024-03-21 07:24:57,674 Epoch 292/300, Train Loss: 0.027989, Val Loss: 0.027861  
	Train = MSE:0.027992 , RMSE:0.167308 , MAE:0.121863 , MAPD:0.645225, R_squared:0.999515  
	Validation = MSE:0.027884 , RMSE:0.166985 , MAE:0.110909 , MAPD:0.608029, R_squared:0.999498

2024-03-21 07:25:01,917 Epoch 293/300, Train Loss: 0.027393, Val Loss: 0.032197  
	Train = MSE:0.027391 , RMSE:0.165504 , MAE:0.118739 , MAPD:0.624795, R_squared:0.999526  
	Validation = MSE:0.031830 , RMSE:0.178411 , MAE:0.133279 , MAPD:0.753370, R_squared:0.999427

2024-03-21 07:25:06,085 Epoch 294/300, Train Loss: 0.026565, Val Loss: 0.033316  
	Train = MSE:0.026568 , RMSE:0.162997 , MAE:0.116579 , MAPD:0.609626, R_squared:0.999540  
	Validation = MSE:0.033335 , RMSE:0.182579 , MAE:0.125543 , MAPD:0.709332, R_squared:0.999400

2024-03-21 07:25:10,409 Epoch 295/300, Train Loss: 0.027245, Val Loss: 0.027476  
	Train = MSE:0.027245 , RMSE:0.165061 , MAE:0.117327 , MAPD:0.616538, R_squared:0.999528  
	Validation = MSE:0.027394 , RMSE:0.165511 , MAE:0.111213 , MAPD:0.611951, R_squared:0.999507

2024-03-21 07:25:14,577 Epoch 296/300, Train Loss: 0.027717, Val Loss: 0.030481  
	Train = MSE:0.027720 , RMSE:0.166493 , MAE:0.118327 , MAPD:0.621229, R_squared:0.999520  
	Validation = MSE:0.030314 , RMSE:0.174109 , MAE:0.127231 , MAPD:0.718518, R_squared:0.999455

2024-03-21 07:25:18,766 Epoch 297/300, Train Loss: 0.026850, Val Loss: 0.030093  
	Train = MSE:0.026852 , RMSE:0.163866 , MAE:0.117316 , MAPD:0.617320, R_squared:0.999535  
	Validation = MSE:0.029855 , RMSE:0.172787 , MAE:0.124546 , MAPD:0.699761, R_squared:0.999463

2024-03-21 07:25:23,008 Epoch 298/300, Train Loss: 0.027115, Val Loss: 0.029038  
	Train = MSE:0.027118 , RMSE:0.164676 , MAE:0.117471 , MAPD:0.619891, R_squared:0.999531  
	Validation = MSE:0.028917 , RMSE:0.170050 , MAE:0.114256 , MAPD:0.630471, R_squared:0.999480

2024-03-21 07:25:27,408 Epoch 299/300, Train Loss: 0.027630, Val Loss: 0.032037  
	Train = MSE:0.027627 , RMSE:0.166213 , MAE:0.120550 , MAPD:0.634998, R_squared:0.999522  
	Validation = MSE:0.031645 , RMSE:0.177890 , MAE:0.132989 , MAPD:0.741146, R_squared:0.999431

2024-03-21 07:25:32,938 Epoch 300/300, Train Loss: 0.025831, Val Loss: 0.027564  
	Train = MSE:0.025831 , RMSE:0.160721 , MAE:0.114281 , MAPD:0.596293, R_squared:0.999553  
	Validation = MSE:0.027574 , RMSE:0.166055 , MAE:0.111818 , MAPD:0.612728, R_squared:0.999504

2024-03-21 07:25:32,943 Time for training the model: 1371.412000
2024-03-21 07:25:35,172 MSE for train: 0.024228
2024-03-21 07:25:35,173 RMSE for train: 0.155654
2024-03-21 07:25:35,173 MAE for train: 0.109740
2024-03-21 07:25:35,173 MAPD for train: 0.571091
2024-03-21 07:25:35,173 R^2 Score for train: 0.999581
2024-03-21 07:25:35,177 Inference time for train dataset: 1.368998

2024-03-21 07:25:35,375 MSE for val: 0.027574
2024-03-21 07:25:35,375 RMSE for val: 0.166055
2024-03-21 07:25:35,375 MAE for val: 0.111818
2024-03-21 07:25:35,376 MAPD for val: 0.612728
2024-03-21 07:25:35,376 R^2 Score for val: 0.999504
2024-03-21 07:25:35,379 Inference time for val dataset: 0.198998

2024-03-21 07:25:35,576 MSE for test: 0.036306
2024-03-21 07:25:35,576 RMSE for test: 0.190541
2024-03-21 07:25:35,576 MAE for test: 0.120688
2024-03-21 07:25:35,576 MAPD for test: 0.613655
2024-03-21 07:25:35,576 R^2 Score for test: 0.999401
2024-03-21 07:25:35,580 Inference time for test dataset: 0.197999

2024-03-21 07:25:37,360 Train label average: , [20.62097221]
2024-03-21 07:25:37,361 Test label average: , [21.41736175]
2024-03-21 07:25:37,361 validation label average: , [20.14607025]
2024-03-21 07:25:37,361 predicted (on validation dataset) values average: , 21.41281494140625
