2024-03-21 03:39:34,101 train batches in dataset: 100
2024-03-21 03:39:34,102 val batches in dataset: 13
2024-03-21 03:39:34,102 test batches in dataset: 13
2024-03-21 03:39:34,323 Trainable parameter: net_core.0.weight - size: torch.Size([256, 35])
2024-03-21 03:39:34,327 Trainable parameter: net_core.0.bias - size: torch.Size([256])
2024-03-21 03:39:34,332 Trainable parameter: net_core.1.weight - size: torch.Size([128, 256])
2024-03-21 03:39:34,342 Trainable parameter: net_core.1.bias - size: torch.Size([128])
2024-03-21 03:39:34,350 Trainable parameter: net_core.2.weight - size: torch.Size([64, 128])
2024-03-21 03:39:34,357 Trainable parameter: net_core.2.bias - size: torch.Size([64])
2024-03-21 03:39:34,367 Trainable parameter: net_core.3.weight - size: torch.Size([16, 64])
2024-03-21 03:39:34,568 Trainable parameter: net_core.3.bias - size: torch.Size([16])
2024-03-21 03:39:34,571 Trainable parameter: net_core.4.weight - size: torch.Size([1, 16])
2024-03-21 03:39:34,573 Trainable parameter: net_core.4.bias - size: torch.Size([1])
2024-03-21 03:39:34,577 Number of trainable parameters: 51425
2024-03-21 03:39:34,578 Number of non-trainable parameters: 0
2024-03-21 03:39:53,979 Epoch 1/300, Train Loss: 105264139.302035, Val Loss: 543.518332  
	Train = MSE:105297032.000000 , RMSE:10261.434570 , MAE:1038.655396 , MAPD:5364.568182, R_squared:-1822708.630916  
	Validation = MSE:540.996155 , RMSE:23.259323 , MAE:22.032299 , MAPD:110.619555, R_squared:-8.734708

2024-03-21 03:40:12,027 Epoch 2/300, Train Loss: 561.396826, Val Loss: 537.338879  
	Train = MSE:561.401550 , RMSE:23.693914 , MAE:22.441799 , MAPD:110.046740, R_squared:-8.717957  
	Validation = MSE:534.826599 , RMSE:23.126318 , MAE:21.891840 , MAPD:109.828761, R_squared:-8.623692

2024-03-21 03:40:28,644 Epoch 3/300, Train Loss: 554.085180, Val Loss: 529.249887  
	Train = MSE:554.088989 , RMSE:23.539095 , MAE:22.278509 , MAPD:109.148144, R_squared:-8.591375  
	Validation = MSE:526.750610 , RMSE:22.951048 , MAE:21.706602 , MAPD:108.785876, R_squared:-8.478373

2024-03-21 03:40:44,335 Epoch 4/300, Train Loss: 545.018636, Val Loss: 519.584599  
	Train = MSE:545.021423 , RMSE:23.345694 , MAE:22.074207 , MAPD:108.021174, R_squared:-8.434413  
	Validation = MSE:517.101013 , RMSE:22.739855 , MAE:21.483181 , MAPD:107.527993, R_squared:-8.304737

2024-03-21 03:40:59,486 Epoch 5/300, Train Loss: 534.455255, Val Loss: 508.580956  
	Train = MSE:534.472717 , RMSE:23.118666 , MAE:21.833700 , MAPD:106.693465, R_squared:-8.251813  
	Validation = MSE:506.115479 , RMSE:22.497011 , MAE:21.225964 , MAPD:106.079845, R_squared:-8.107063

2024-03-21 03:41:16,423 Epoch 6/300, Train Loss: 522.648001, Val Loss: 496.407590  
	Train = MSE:522.633789 , RMSE:22.861185 , MAE:21.560616 , MAPD:105.184999, R_squared:-8.046879  
	Validation = MSE:493.962280 , RMSE:22.225262 , MAE:20.937725 , MAPD:104.457054, R_squared:-7.888378

2024-03-21 03:41:30,877 Epoch 7/300, Train Loss: 509.682357, Val Loss: 483.175018  
	Train = MSE:509.657227 , RMSE:22.575588 , MAE:21.257307 , MAPD:103.510518, R_squared:-7.822254  
	Validation = MSE:480.752106 , RMSE:21.926060 , MAE:20.619848 , MAPD:102.667388, R_squared:-7.650673

2024-03-21 03:41:46,133 Epoch 8/300, Train Loss: 495.654465, Val Loss: 469.018609  
	Train = MSE:495.664612 , RMSE:22.263527 , MAE:20.926279 , MAPD:101.690142, R_squared:-7.580039  
	Validation = MSE:466.619934 , RMSE:21.601387 , MAE:20.274269 , MAPD:100.721764, R_squared:-7.396379

2024-03-21 03:42:03,240 Epoch 9/300, Train Loss: 480.801014, Val Loss: 454.021616  
	Train = MSE:480.781525 , RMSE:21.926731 , MAE:20.565987 , MAPD:99.690989, R_squared:-7.322410  
	Validation = MSE:451.649109 , RMSE:21.252037 , MAE:19.901638 , MAPD:98.623834, R_squared:-7.126993

2024-03-21 03:42:17,553 Epoch 10/300, Train Loss: 465.101955, Val Loss: 438.331679  
	Train = MSE:465.112549 , RMSE:21.566467 , MAE:20.180935 , MAPD:97.563719, R_squared:-7.051177  
	Validation = MSE:435.987122 , RMSE:20.880304 , MAE:19.504183 , MAPD:96.386143, R_squared:-6.845170

2024-03-21 03:42:34,056 Epoch 11/300, Train Loss: 448.787717, Val Loss: 422.079658  
	Train = MSE:448.761261 , RMSE:21.183987 , MAE:19.772532 , MAPD:95.317469, R_squared:-6.768133  
	Validation = MSE:419.764618 , RMSE:20.488157 , MAE:19.083778 , MAPD:94.019255, R_squared:-6.553262

2024-03-21 03:42:53,013 Epoch 12/300, Train Loss: 431.838041, Val Loss: 405.294002  
	Train = MSE:431.835815 , RMSE:20.780659 , MAE:19.342154 , MAPD:92.954090, R_squared:-6.475151  
	Validation = MSE:403.010132 , RMSE:20.075111 , MAE:18.639641 , MAPD:91.518732, R_squared:-6.251782

2024-03-21 03:43:07,635 Epoch 13/300, Train Loss: 414.440999, Val Loss: 388.080416  
	Train = MSE:414.436768 , RMSE:20.357719 , MAE:18.886082 , MAPD:90.429653, R_squared:-6.173971  
	Validation = MSE:385.829285 , RMSE:19.642538 , MAE:18.172930 , MAPD:88.891132, R_squared:-5.942629

2024-03-21 03:43:24,133 Epoch 14/300, Train Loss: 396.662757, Val Loss: 370.618619  
	Train = MSE:396.664703 , RMSE:19.916443 , MAE:18.409166 , MAPD:87.797348, R_squared:-5.866333  
	Validation = MSE:368.401672 , RMSE:19.193792 , MAE:17.686935 , MAPD:86.154965, R_squared:-5.629035

2024-03-21 03:43:40,416 Epoch 15/300, Train Loss: 378.629288, Val Loss: 352.902452  
	Train = MSE:378.638672 , RMSE:19.458639 , MAE:17.912462 , MAPD:85.058993, R_squared:-5.554300  
	Validation = MSE:350.721100 , RMSE:18.727549 , MAE:17.179848 , MAPD:83.300033, R_squared:-5.310891

2024-03-21 03:43:55,665 Epoch 16/300, Train Loss: 360.446846, Val Loss: 335.096234  
	Train = MSE:360.452301 , RMSE:18.985582 , MAE:17.392996 , MAPD:82.167031, R_squared:-5.239491  
	Validation = MSE:332.951782 , RMSE:18.246967 , MAE:16.654665 , MAPD:80.343225, R_squared:-4.991149

2024-03-21 03:44:11,808 Epoch 17/300, Train Loss: 342.215015, Val Loss: 317.368621  
	Train = MSE:342.194244 , RMSE:18.498493 , MAE:16.864447 , MAPD:79.273275, R_squared:-4.923441  
	Validation = MSE:315.262115 , RMSE:17.755623 , MAE:16.114843 , MAPD:77.304004, R_squared:-4.672839

2024-03-21 03:44:28,320 Epoch 18/300, Train Loss: 323.973889, Val Loss: 299.689336  
	Train = MSE:323.981750 , RMSE:17.999493 , MAE:16.315052 , MAPD:76.237402, R_squared:-4.608179  
	Validation = MSE:297.621948 , RMSE:17.251722 , MAE:15.557892 , MAPD:74.168346, R_squared:-4.355422

2024-03-21 03:44:43,356 Epoch 19/300, Train Loss: 305.893574, Val Loss: 282.211967  
	Train = MSE:305.900055 , RMSE:17.489998 , MAE:15.751580 , MAPD:73.130830, R_squared:-4.295182  
	Validation = MSE:280.184692 , RMSE:16.738718 , MAE:14.987018 , MAPD:70.954304, R_squared:-4.041655

2024-03-21 03:44:58,845 Epoch 20/300, Train Loss: 288.032597, Val Loss: 265.055325  
	Train = MSE:288.046600 , RMSE:16.971935 , MAE:15.175376 , MAPD:69.951281, R_squared:-3.986136  
	Validation = MSE:263.068939 , RMSE:16.219400 , MAE:14.404686 , MAPD:67.675746, R_squared:-3.733673

2024-03-21 03:45:13,504 Epoch 21/300, Train Loss: 270.524414, Val Loss: 248.197034  
	Train = MSE:270.526947 , RMSE:16.447704 , MAE:14.586102 , MAPD:66.701420, R_squared:-3.682867  
	Validation = MSE:246.252502 , RMSE:15.692434 , MAE:13.808640 , MAPD:64.319982, R_squared:-3.431078

2024-03-21 03:45:33,786 Epoch 22/300, Train Loss: 253.427719, Val Loss: 231.879437  
	Train = MSE:253.410446 , RMSE:15.918871 , MAE:13.984108 , MAPD:63.374089, R_squared:-3.386578  
	Validation = MSE:229.977234 , RMSE:15.165000 , MAE:13.206182 , MAPD:60.928121, R_squared:-3.138220

2024-03-21 03:45:49,846 Epoch 23/300, Train Loss: 236.778913, Val Loss: 216.084341  
	Train = MSE:236.797729 , RMSE:15.388233 , MAE:13.380630 , MAPD:60.051487, R_squared:-3.099009  
	Validation = MSE:214.225006 , RMSE:14.636427 , MAE:12.595676 , MAPD:57.490938, R_squared:-2.854774

2024-03-21 03:46:04,938 Epoch 24/300, Train Loss: 220.755773, Val Loss: 200.914067  
	Train = MSE:220.752426 , RMSE:14.857739 , MAE:12.766748 , MAPD:56.667414, R_squared:-2.821262  
	Validation = MSE:199.097961 , RMSE:14.110208 , MAE:11.980151 , MAPD:54.025504, R_squared:-2.582577

2024-03-21 03:46:20,677 Epoch 25/300, Train Loss: 205.370188, Val Loss: 186.372242  
	Train = MSE:205.359100 , RMSE:14.330356 , MAE:12.147590 , MAPD:53.244914, R_squared:-2.554801  
	Validation = MSE:184.599762 , RMSE:13.586749 , MAE:11.359541 , MAPD:50.534854, R_squared:-2.321696

2024-03-21 03:46:35,166 Epoch 26/300, Train Loss: 190.672206, Val Loss: 172.651016  
	Train = MSE:190.659515 , RMSE:13.807951 , MAE:11.533160 , MAPD:49.887390, R_squared:-2.300348  
	Validation = MSE:170.922012 , RMSE:13.073714 , MAE:10.752166 , MAPD:47.180715, R_squared:-2.075578

2024-03-21 03:46:53,314 Epoch 27/300, Train Loss: 176.730640, Val Loss: 159.601240  
	Train = MSE:176.742401 , RMSE:13.294450 , MAE:10.926862 , MAPD:46.634353, R_squared:-2.059441  
	Validation = MSE:157.916046 , RMSE:12.566465 , MAE:10.151992 , MAPD:43.926015, R_squared:-1.841548

2024-03-21 03:47:11,850 Epoch 28/300, Train Loss: 163.608922, Val Loss: 147.452581  
	Train = MSE:163.614883 , RMSE:12.791203 , MAE:10.344594 , MAPD:43.605376, R_squared:-1.832202  
	Validation = MSE:145.810730 , RMSE:12.075212 , MAE:9.577920 , MAPD:40.903764, R_squared:-1.623724

2024-03-21 03:47:28,346 Epoch 29/300, Train Loss: 151.327362, Val Loss: 136.124509  
	Train = MSE:151.340912 , RMSE:12.302070 , MAE:9.786332 , MAPD:40.797454, R_squared:-1.619737  
	Validation = MSE:134.525787 , RMSE:11.598525 , MAE:9.032540 , MAPD:38.137408, R_squared:-1.420662

2024-03-21 03:47:46,731 Epoch 30/300, Train Loss: 139.936470, Val Loss: 125.701062  
	Train = MSE:139.929581 , RMSE:11.829184 , MAE:9.260054 , MAPD:38.254476, R_squared:-1.422205  
	Validation = MSE:124.144806 , RMSE:11.142029 , MAE:8.525779 , MAPD:35.682301, R_squared:-1.233867

2024-03-21 03:48:04,153 Epoch 31/300, Train Loss: 129.415209, Val Loss: 116.167958  
	Train = MSE:129.399307 , RMSE:11.375381 , MAE:8.768478 , MAPD:35.988931, R_squared:-1.239924  
	Validation = MSE:114.653458 , RMSE:10.707636 , MAE:8.058856 , MAPD:33.532510, R_squared:-1.063079

2024-03-21 03:48:26,483 Epoch 32/300, Train Loss: 119.755145, Val Loss: 107.511864  
	Train = MSE:119.754646 , RMSE:10.943247 , MAE:8.317065 , MAPD:34.015332, R_squared:-1.072973  
	Validation = MSE:106.038261 , RMSE:10.297488 , MAE:7.631518 , MAPD:31.668101, R_squared:-0.908057

2024-03-21 03:48:44,884 Epoch 33/300, Train Loss: 110.982811, Val Loss: 99.676055  
	Train = MSE:110.991364 , RMSE:10.535244 , MAE:7.903658 , MAPD:32.313237, R_squared:-0.921279  
	Validation = MSE:98.242615 , RMSE:9.911741 , MAE:7.250841 , MAPD:30.136143, R_squared:-0.767782

2024-03-21 03:49:00,588 Epoch 34/300, Train Loss: 103.107850, Val Loss: 92.698976  
	Train = MSE:103.096428 , RMSE:10.153641 , MAE:7.528608 , MAPD:30.867581, R_squared:-0.784617  
	Validation = MSE:91.304489 , RMSE:9.555338 , MAE:6.915120 , MAPD:28.895190, R_squared:-0.642937

2024-03-21 03:49:17,691 Epoch 35/300, Train Loss: 96.043767, Val Loss: 86.519346  
	Train = MSE:96.045090 , RMSE:9.800260 , MAE:7.194698 , MAPD:29.672741, R_squared:-0.662557  
	Validation = MSE:85.162659 , RMSE:9.228362 , MAE:6.622820 , MAPD:27.928478, R_squared:-0.532420

2024-03-21 03:49:35,579 Epoch 36/300, Train Loss: 89.792012, Val Loss: 81.132109  
	Train = MSE:89.792862 , RMSE:9.475909 , MAE:6.907548 , MAPD:28.762220, R_squared:-0.554330  
	Validation = MSE:79.811676 , RMSE:8.933738 , MAE:6.369659 , MAPD:27.186442, R_squared:-0.436135

2024-03-21 03:49:52,030 Epoch 37/300, Train Loss: 84.308721, Val Loss: 76.446207  
	Train = MSE:84.310524 , RMSE:9.182076 , MAE:6.661204 , MAPD:28.083993, R_squared:-0.459430  
	Validation = MSE:75.160721 , RMSE:8.669528 , MAE:6.175498 , MAPD:26.797312, R_squared:-0.352445

2024-03-21 03:50:09,080 Epoch 38/300, Train Loss: 79.549348, Val Loss: 72.448689  
	Train = MSE:79.544670 , RMSE:8.918782 , MAE:6.460792 , MAPD:27.672119, R_squared:-0.376932  
	Validation = MSE:71.196442 , RMSE:8.437799 , MAE:6.029733 , MAPD:26.675797, R_squared:-0.281112

2024-03-21 03:50:26,071 Epoch 39/300, Train Loss: 75.447473, Val Loss: 69.064580  
	Train = MSE:75.450897 , RMSE:8.686248 , MAE:6.293274 , MAPD:27.419940, R_squared:-0.306068  
	Validation = MSE:67.843918 , RMSE:8.236742 , MAE:5.912383 , MAPD:26.690941, R_squared:-0.220786

2024-03-21 03:50:43,246 Epoch 40/300, Train Loss: 71.962079, Val Loss: 66.265444  
	Train = MSE:71.967773 , RMSE:8.483382 , MAE:6.162949 , MAPD:27.355074, R_squared:-0.245774  
	Validation = MSE:65.074318 , RMSE:8.066865 , MAE:5.829348 , MAPD:26.865838, R_squared:-0.170950

2024-03-21 03:51:01,571 Epoch 41/300, Train Loss: 69.046281, Val Loss: 63.928469  
	Train = MSE:69.037842 , RMSE:8.308902 , MAE:6.069692 , MAPD:27.470411, R_squared:-0.195057  
	Validation = MSE:62.765480 , RMSE:7.922467 , MAE:5.778192 , MAPD:27.195947, R_squared:-0.129405

2024-03-21 03:51:22,253 Epoch 42/300, Train Loss: 66.609207, Val Loss: 62.061505  
	Train = MSE:66.610580 , RMSE:8.161530 , MAE:6.009427 , MAPD:27.743793, R_squared:-0.153041  
	Validation = MSE:60.924416 , RMSE:7.805409 , MAE:5.757618 , MAPD:27.651854, R_squared:-0.096276

2024-03-21 03:51:42,030 Epoch 43/300, Train Loss: 64.607014, Val Loss: 60.583545  
	Train = MSE:64.614662 , RMSE:8.038324 , MAE:5.965703 , MAPD:28.035380, R_squared:-0.118491  
	Validation = MSE:59.470272 , RMSE:7.711697 , MAE:5.751974 , MAPD:28.145861, R_squared:-0.070111

2024-03-21 03:52:01,325 Epoch 44/300, Train Loss: 63.003504, Val Loss: 59.412202  
	Train = MSE:62.997368 , RMSE:7.937088 , MAE:5.949436 , MAPD:28.457673, R_squared:-0.090495  
	Validation = MSE:58.321152 , RMSE:7.636828 , MAE:5.760012 , MAPD:28.679997, R_squared:-0.049433

2024-03-21 03:52:19,494 Epoch 45/300, Train Loss: 61.697178, Val Loss: 58.500063  
	Train = MSE:61.702568 , RMSE:7.855098 , MAE:5.943516 , MAPD:28.900285, R_squared:-0.068082  
	Validation = MSE:57.429752 , RMSE:7.578242 , MAE:5.778955 , MAPD:29.240094, R_squared:-0.033393

2024-03-21 03:52:35,645 Epoch 46/300, Train Loss: 60.684903, Val Loss: 57.839621  
	Train = MSE:60.685204 , RMSE:7.790071 , MAE:5.952362 , MAPD:29.374041, R_squared:-0.050471  
	Validation = MSE:56.787617 , RMSE:7.535756 , MAE:5.809191 , MAPD:29.806646, R_squared:-0.021839

2024-03-21 03:52:51,852 Epoch 47/300, Train Loss: 59.893133, Val Loss: 57.358006  
	Train = MSE:59.895584 , RMSE:7.739224 , MAE:5.966477 , MAPD:29.821888, R_squared:-0.036803  
	Validation = MSE:56.322609 , RMSE:7.504839 , MAE:5.844175 , MAPD:30.360256, R_squared:-0.013471

2024-03-21 03:53:06,714 Epoch 48/300, Train Loss: 59.289624, Val Loss: 57.018792  
	Train = MSE:59.293030 , RMSE:7.700197 , MAE:5.987656 , MAPD:30.294778, R_squared:-0.026372  
	Validation = MSE:55.998402 , RMSE:7.483208 , MAE:5.882808 , MAPD:30.897135, R_squared:-0.007638

2024-03-21 03:53:21,917 Epoch 49/300, Train Loss: 58.835646, Val Loss: 56.801987  
	Train = MSE:58.842201 , RMSE:7.670867 , MAE:6.010158 , MAPD:30.716204, R_squared:-0.018569  
	Validation = MSE:55.794384 , RMSE:7.469564 , MAE:5.919275 , MAPD:31.372623, R_squared:-0.003966

2024-03-21 03:53:36,211 Epoch 50/300, Train Loss: 58.511233, Val Loss: 56.663299  
	Train = MSE:58.513645 , RMSE:7.649421 , MAE:6.036177 , MAPD:31.133617, R_squared:-0.012881  
	Validation = MSE:55.667217 , RMSE:7.461047 , MAE:5.954512 , MAPD:31.813344, R_squared:-0.001678

2024-03-21 03:53:51,420 Epoch 51/300, Train Loss: 58.275850, Val Loss: 56.585773  
	Train = MSE:58.277206 , RMSE:7.633951 , MAE:6.061490 , MAPD:31.500968, R_squared:-0.008788  
	Validation = MSE:55.599842 , RMSE:7.456530 , MAE:5.985925 , MAPD:32.203344, R_squared:-0.000466

2024-03-21 03:54:11,231 Epoch 52/300, Train Loss: 58.114615, Val Loss: 56.553729  
	Train = MSE:58.106812 , RMSE:7.622782 , MAE:6.085039 , MAPD:31.823314, R_squared:-0.005839  
	Validation = MSE:55.575958 , RMSE:7.454928 , MAE:6.011471 , MAPD:32.518270, R_squared:-0.000036

2024-03-21 03:54:25,614 Epoch 53/300, Train Loss: 57.993245, Val Loss: 56.547935  
	Train = MSE:57.991364 , RMSE:7.615206 , MAE:6.106399 , MAPD:32.107664, R_squared:-0.003840  
	Validation = MSE:55.577484 , RMSE:7.455031 , MAE:6.035220 , MAPD:32.805082, R_squared:-0.000064

2024-03-21 03:54:40,741 Epoch 54/300, Train Loss: 57.911157, Val Loss: 56.558632  
	Train = MSE:57.910889 , RMSE:7.609921 , MAE:6.125635 , MAPD:32.346198, R_squared:-0.002447  
	Validation = MSE:55.593937 , RMSE:7.456134 , MAE:6.054467 , MAPD:33.033321, R_squared:-0.000360

2024-03-21 03:54:57,026 Epoch 55/300, Train Loss: 57.866079, Val Loss: 56.579758  
	Train = MSE:57.863068 , RMSE:7.606778 , MAE:6.149307 , MAPD:32.625364, R_squared:-0.001620  
	Validation = MSE:55.620243 , RMSE:7.457898 , MAE:6.073044 , MAPD:33.245037, R_squared:-0.000833

2024-03-21 03:55:12,070 Epoch 56/300, Train Loss: 57.824563, Val Loss: 56.602679  
	Train = MSE:57.827236 , RMSE:7.604422 , MAE:6.160472 , MAPD:32.754372, R_squared:-0.000999  
	Validation = MSE:55.647045 , RMSE:7.459695 , MAE:6.088137 , MAPD:33.409285, R_squared:-0.001315

2024-03-21 03:55:28,077 Epoch 57/300, Train Loss: 57.810456, Val Loss: 56.626231  
	Train = MSE:57.806870 , RMSE:7.603083 , MAE:6.172992 , MAPD:32.900752, R_squared:-0.000647  
	Validation = MSE:55.673798 , RMSE:7.461488 , MAE:6.101303 , MAPD:33.548442, R_squared:-0.001797

2024-03-21 03:55:43,646 Epoch 58/300, Train Loss: 57.801576, Val Loss: 56.648042  
	Train = MSE:57.792973 , RMSE:7.602169 , MAE:6.178496 , MAPD:32.962634, R_squared:-0.000406  
	Validation = MSE:55.698170 , RMSE:7.463120 , MAE:6.111876 , MAPD:33.659896, R_squared:-0.002235

2024-03-21 03:56:00,452 Epoch 59/300, Train Loss: 57.781254, Val Loss: 56.674205  
	Train = MSE:57.782433 , RMSE:7.601476 , MAE:6.194173 , MAPD:33.137767, R_squared:-0.000224  
	Validation = MSE:55.727062 , RMSE:7.465056 , MAE:6.123245 , MAPD:33.779138, R_squared:-0.002755

2024-03-21 03:56:16,815 Epoch 60/300, Train Loss: 57.776678, Val Loss: 56.690734  
	Train = MSE:57.777988 , RMSE:7.601183 , MAE:6.197817 , MAPD:33.179217, R_squared:-0.000147  
	Validation = MSE:55.745171 , RMSE:7.466269 , MAE:6.129992 , MAPD:33.848991, R_squared:-0.003081

2024-03-21 03:56:31,514 Epoch 61/300, Train Loss: 57.781726, Val Loss: 56.695861  
	Train = MSE:57.779453 , RMSE:7.601280 , MAE:6.204937 , MAPD:33.255968, R_squared:-0.000172  
	Validation = MSE:55.750771 , RMSE:7.466644 , MAE:6.132031 , MAPD:33.869958, R_squared:-0.003182

2024-03-21 03:56:48,442 Epoch 62/300, Train Loss: 57.781552, Val Loss: 56.721966  
	Train = MSE:57.777485 , RMSE:7.601150 , MAE:6.207725 , MAPD:33.287293, R_squared:-0.000138  
	Validation = MSE:55.779160 , RMSE:7.468544 , MAE:6.141943 , MAPD:33.971675, R_squared:-0.003693

2024-03-21 03:57:05,574 Epoch 63/300, Train Loss: 57.770477, Val Loss: 56.735829  
	Train = MSE:57.774250 , RMSE:7.600937 , MAE:6.213750 , MAPD:33.353398, R_squared:-0.000082  
	Validation = MSE:55.794159 , RMSE:7.469549 , MAE:6.146907 , MAPD:34.022602, R_squared:-0.003963

2024-03-21 03:57:19,702 Epoch 64/300, Train Loss: 57.770879, Val Loss: 56.728367  
	Train = MSE:57.777561 , RMSE:7.601155 , MAE:6.215416 , MAPD:33.372106, R_squared:-0.000139  
	Validation = MSE:55.786095 , RMSE:7.469009 , MAE:6.144259 , MAPD:33.995434, R_squared:-0.003817

2024-03-21 03:57:33,678 Epoch 65/300, Train Loss: 57.775369, Val Loss: 56.726407  
	Train = MSE:57.774166 , RMSE:7.600932 , MAE:6.211814 , MAPD:33.333657, R_squared:-0.000081  
	Validation = MSE:55.783970 , RMSE:7.468867 , MAE:6.143554 , MAPD:33.988199, R_squared:-0.003779

2024-03-21 03:57:48,438 Epoch 66/300, Train Loss: 57.772346, Val Loss: 56.741101  
	Train = MSE:57.773949 , RMSE:7.600918 , MAE:6.219726 , MAPD:33.419416, R_squared:-0.000077  
	Validation = MSE:55.799858 , RMSE:7.469930 , MAE:6.148745 , MAPD:34.041473, R_squared:-0.004065

2024-03-21 03:58:03,894 Epoch 67/300, Train Loss: 57.774950, Val Loss: 56.730333  
	Train = MSE:57.774792 , RMSE:7.600973 , MAE:6.214869 , MAPD:33.366455, R_squared:-0.000092  
	Validation = MSE:55.788223 , RMSE:7.469151 , MAE:6.144961 , MAPD:34.002640, R_squared:-0.003856

2024-03-21 03:58:19,234 Epoch 68/300, Train Loss: 57.777588, Val Loss: 56.724837  
	Train = MSE:57.779137 , RMSE:7.601259 , MAE:6.218490 , MAPD:33.404424, R_squared:-0.000167  
	Validation = MSE:55.782265 , RMSE:7.468752 , MAE:6.142988 , MAPD:33.982385, R_squared:-0.003749

2024-03-21 03:58:33,233 Epoch 69/300, Train Loss: 57.770202, Val Loss: 56.752889  
	Train = MSE:57.777630 , RMSE:7.601160 , MAE:6.214170 , MAPD:33.356426, R_squared:-0.000141  
	Validation = MSE:55.812572 , RMSE:7.470781 , MAE:6.152770 , MAPD:34.082765, R_squared:-0.004294

2024-03-21 03:58:47,370 Epoch 70/300, Train Loss: 57.775438, Val Loss: 56.753534  
	Train = MSE:57.773746 , RMSE:7.600904 , MAE:6.220004 , MAPD:33.422963, R_squared:-0.000073  
	Validation = MSE:55.813271 , RMSE:7.470828 , MAE:6.152986 , MAPD:34.084986, R_squared:-0.004306

2024-03-21 03:59:02,643 Epoch 71/300, Train Loss: 57.784562, Val Loss: 56.749724  
	Train = MSE:57.777733 , RMSE:7.601167 , MAE:6.217624 , MAPD:33.395074, R_squared:-0.000142  
	Validation = MSE:55.809158 , RMSE:7.470553 , MAE:6.151700 , MAPD:34.071793, R_squared:-0.004232

2024-03-21 03:59:19,691 Epoch 72/300, Train Loss: 57.782017, Val Loss: 56.750293  
	Train = MSE:57.778896 , RMSE:7.601243 , MAE:6.228055 , MAPD:33.510147, R_squared:-0.000163  
	Validation = MSE:55.809776 , RMSE:7.470594 , MAE:6.151893 , MAPD:34.073775, R_squared:-0.004243

2024-03-21 03:59:35,232 Epoch 73/300, Train Loss: 57.776753, Val Loss: 56.746241  
	Train = MSE:57.777546 , RMSE:7.601154 , MAE:6.212996 , MAPD:33.345288, R_squared:-0.000139  
	Validation = MSE:55.805405 , RMSE:7.470302 , MAE:6.150515 , MAPD:34.059626, R_squared:-0.004165

2024-03-21 03:59:50,130 Epoch 74/300, Train Loss: 57.783801, Val Loss: 56.740137  
	Train = MSE:57.784512 , RMSE:7.601613 , MAE:6.211468 , MAPD:33.327024, R_squared:-0.000260  
	Validation = MSE:55.798817 , RMSE:7.469861 , MAE:6.148411 , MAPD:34.038040, R_squared:-0.004046

2024-03-21 04:00:03,996 Epoch 75/300, Train Loss: 57.776480, Val Loss: 56.766945  
	Train = MSE:57.775608 , RMSE:7.601027 , MAE:6.225802 , MAPD:33.485876, R_squared:-0.000106  
	Validation = MSE:55.827702 , RMSE:7.471794 , MAE:6.157419 , MAPD:34.130475, R_squared:-0.004566

2024-03-21 04:00:17,210 Epoch 76/300, Train Loss: 57.772041, Val Loss: 56.739211  
	Train = MSE:57.773712 , RMSE:7.600902 , MAE:6.224920 , MAPD:33.477401, R_squared:-0.000073  
	Validation = MSE:55.797817 , RMSE:7.469794 , MAE:6.148088 , MAPD:34.034733, R_squared:-0.004028

2024-03-21 04:00:33,748 Epoch 77/300, Train Loss: 57.781083, Val Loss: 56.727279  
	Train = MSE:57.780254 , RMSE:7.601332 , MAE:6.223956 , MAPD:33.464136, R_squared:-0.000186  
	Validation = MSE:55.784912 , RMSE:7.468930 , MAE:6.143868 , MAPD:33.991423, R_squared:-0.003796

2024-03-21 04:00:51,242 Epoch 78/300, Train Loss: 57.782762, Val Loss: 56.750216  
	Train = MSE:57.785137 , RMSE:7.601654 , MAE:6.202964 , MAPD:33.232173, R_squared:-0.000271  
	Validation = MSE:55.809692 , RMSE:7.470589 , MAE:6.151868 , MAPD:34.073506, R_squared:-0.004242

2024-03-21 04:01:06,100 Epoch 79/300, Train Loss: 57.791297, Val Loss: 56.731934  
	Train = MSE:57.784298 , RMSE:7.601598 , MAE:6.228230 , MAPD:33.507331, R_squared:-0.000256  
	Validation = MSE:55.789951 , RMSE:7.469267 , MAE:6.145531 , MAPD:34.008490, R_squared:-0.003887

2024-03-21 04:01:24,331 Epoch 80/300, Train Loss: 57.781020, Val Loss: 56.758707  
	Train = MSE:57.782185 , RMSE:7.601460 , MAE:6.220181 , MAPD:33.418018, R_squared:-0.000219  
	Validation = MSE:55.818836 , RMSE:7.471200 , MAE:6.154712 , MAPD:34.102704, R_squared:-0.004407

2024-03-21 04:01:39,519 Epoch 81/300, Train Loss: 57.777381, Val Loss: 56.746026  
	Train = MSE:57.784668 , RMSE:7.601623 , MAE:6.227166 , MAPD:33.495794, R_squared:-0.000262  
	Validation = MSE:55.805176 , RMSE:7.470286 , MAE:6.150442 , MAPD:34.058874, R_squared:-0.004161

2024-03-21 04:02:01,020 Epoch 82/300, Train Loss: 57.786298, Val Loss: 56.768924  
	Train = MSE:57.792400 , RMSE:7.602131 , MAE:6.213565 , MAPD:33.347750, R_squared:-0.000396  
	Validation = MSE:55.829830 , RMSE:7.471936 , MAE:6.158062 , MAPD:34.137071, R_squared:-0.004604

2024-03-21 04:02:21,323 Epoch 83/300, Train Loss: 57.780430, Val Loss: 56.728066  
	Train = MSE:57.782104 , RMSE:7.601454 , MAE:6.212599 , MAPD:33.338738, R_squared:-0.000218  
	Validation = MSE:55.785763 , RMSE:7.468987 , MAE:6.144152 , MAPD:33.994324, R_squared:-0.003811

2024-03-21 04:02:38,957 Epoch 84/300, Train Loss: 57.775631, Val Loss: 56.726673  
	Train = MSE:57.780205 , RMSE:7.601329 , MAE:6.222980 , MAPD:33.455836, R_squared:-0.000185  
	Validation = MSE:55.784256 , RMSE:7.468886 , MAE:6.143651 , MAPD:33.989190, R_squared:-0.003784

2024-03-21 04:02:55,052 Epoch 85/300, Train Loss: 57.780586, Val Loss: 56.735530  
	Train = MSE:57.782383 , RMSE:7.601472 , MAE:6.214945 , MAPD:33.365753, R_squared:-0.000223  
	Validation = MSE:55.793839 , RMSE:7.469527 , MAE:6.146802 , MAPD:34.021522, R_squared:-0.003957

2024-03-21 04:03:11,540 Epoch 86/300, Train Loss: 57.798892, Val Loss: 56.709626  
	Train = MSE:57.794960 , RMSE:7.602300 , MAE:6.232520 , MAPD:33.558299, R_squared:-0.000441  
	Validation = MSE:55.765762 , RMSE:7.467648 , MAE:6.137358 , MAPD:33.924616, R_squared:-0.003451

2024-03-21 04:03:28,533 Epoch 87/300, Train Loss: 57.774837, Val Loss: 56.698215  
	Train = MSE:57.781376 , RMSE:7.601406 , MAE:6.218112 , MAPD:33.402669, R_squared:-0.000205  
	Validation = MSE:55.753342 , RMSE:7.466816 , MAE:6.132959 , MAPD:33.879479, R_squared:-0.003228

2024-03-21 04:03:46,774 Epoch 88/300, Train Loss: 57.787749, Val Loss: 56.731174  
	Train = MSE:57.788860 , RMSE:7.601899 , MAE:6.215893 , MAPD:33.371787, R_squared:-0.000335  
	Validation = MSE:55.789131 , RMSE:7.469212 , MAE:6.145261 , MAPD:34.005714, R_squared:-0.003872

2024-03-21 04:04:04,544 Epoch 89/300, Train Loss: 57.784146, Val Loss: 56.699229  
	Train = MSE:57.783443 , RMSE:7.601542 , MAE:6.216805 , MAPD:33.386957, R_squared:-0.000241  
	Validation = MSE:55.754444 , RMSE:7.466890 , MAE:6.133357 , MAPD:33.883562, R_squared:-0.003248

2024-03-21 04:04:21,991 Epoch 90/300, Train Loss: 57.779339, Val Loss: 56.714314  
	Train = MSE:57.779171 , RMSE:7.601261 , MAE:6.215814 , MAPD:33.375804, R_squared:-0.000167  
	Validation = MSE:55.770855 , RMSE:7.467988 , MAE:6.139120 , MAPD:33.942698, R_squared:-0.003543

2024-03-21 04:04:40,347 Epoch 91/300, Train Loss: 57.787288, Val Loss: 56.706119  
	Train = MSE:57.787376 , RMSE:7.601801 , MAE:6.230656 , MAPD:33.529092, R_squared:-0.000309  
	Validation = MSE:55.761944 , RMSE:7.467392 , MAE:6.136024 , MAPD:33.910922, R_squared:-0.003383

2024-03-21 04:04:58,647 Epoch 92/300, Train Loss: 57.795216, Val Loss: 56.755931  
	Train = MSE:57.797043 , RMSE:7.602437 , MAE:6.204564 , MAPD:33.244736, R_squared:-0.000477  
	Validation = MSE:55.815849 , RMSE:7.471001 , MAE:6.153789 , MAPD:34.093224, R_squared:-0.004353

2024-03-21 04:05:17,397 Epoch 93/300, Train Loss: 57.775578, Val Loss: 56.728607  
	Train = MSE:57.781116 , RMSE:7.601389 , MAE:6.234908 , MAPD:33.586073, R_squared:-0.000201  
	Validation = MSE:55.786346 , RMSE:7.469026 , MAE:6.144344 , MAPD:33.996312, R_squared:-0.003822

2024-03-21 04:05:37,086 Epoch 94/300, Train Loss: 57.785020, Val Loss: 56.755874  
	Train = MSE:57.793118 , RMSE:7.602179 , MAE:6.220387 , MAPD:33.422003, R_squared:-0.000409  
	Validation = MSE:55.815792 , RMSE:7.470997 , MAE:6.153770 , MAPD:34.093033, R_squared:-0.004352

2024-03-21 04:05:53,234 Epoch 95/300, Train Loss: 57.793494, Val Loss: 56.684120  
	Train = MSE:57.791271 , RMSE:7.602057 , MAE:6.226066 , MAPD:33.491733, R_squared:-0.000377  
	Validation = MSE:55.737938 , RMSE:7.465785 , MAE:6.127343 , MAPD:33.821560, R_squared:-0.002951

2024-03-21 04:06:11,589 Epoch 96/300, Train Loss: 57.786338, Val Loss: 56.765592  
	Train = MSE:57.787716 , RMSE:7.601823 , MAE:6.188440 , MAPD:33.080168, R_squared:-0.000315  
	Validation = MSE:55.826244 , RMSE:7.471696 , MAE:6.156978 , MAPD:34.125950, R_squared:-0.004540

2024-03-21 04:06:28,466 Epoch 97/300, Train Loss: 57.823559, Val Loss: 56.739410  
	Train = MSE:57.823616 , RMSE:7.604184 , MAE:6.230612 , MAPD:33.524621, R_squared:-0.000937  
	Validation = MSE:55.798038 , RMSE:7.469809 , MAE:6.148159 , MAPD:34.035449, R_squared:-0.004032

2024-03-21 04:06:46,189 Epoch 98/300, Train Loss: 57.797900, Val Loss: 56.697002  
	Train = MSE:57.798454 , RMSE:7.602530 , MAE:6.219569 , MAPD:33.415262, R_squared:-0.000501  
	Validation = MSE:55.752010 , RMSE:7.466727 , MAE:6.132482 , MAPD:33.874584, R_squared:-0.003204

2024-03-21 04:07:04,363 Epoch 99/300, Train Loss: 57.808076, Val Loss: 56.837558  
	Train = MSE:57.812809 , RMSE:7.603474 , MAE:6.224756 , MAPD:33.467347, R_squared:-0.000750  
	Validation = MSE:55.903236 , RMSE:7.476847 , MAE:6.179115 , MAPD:34.351398, R_squared:-0.005925

2024-03-21 04:07:22,867 Epoch 100/300, Train Loss: 57.807273, Val Loss: 56.794773  
	Train = MSE:57.804214 , RMSE:7.602908 , MAE:6.204204 , MAPD:33.245064, R_squared:-0.000601  
	Validation = MSE:55.857555 , RMSE:7.473791 , MAE:6.166205 , MAPD:34.220635, R_squared:-0.005103

2024-03-21 04:07:40,411 Epoch 101/300, Train Loss: 57.797555, Val Loss: 56.691899  
	Train = MSE:57.789650 , RMSE:7.601950 , MAE:6.245963 , MAPD:33.703523, R_squared:-0.000349  
	Validation = MSE:55.746445 , RMSE:7.466354 , MAE:6.130454 , MAPD:33.853768, R_squared:-0.003104

2024-03-21 04:08:02,225 Epoch 102/300, Train Loss: 57.831113, Val Loss: 56.714122  
	Train = MSE:57.830952 , RMSE:7.604666 , MAE:6.201875 , MAPD:33.204244, R_squared:-0.001064  
	Validation = MSE:55.770645 , RMSE:7.467975 , MAE:6.139049 , MAPD:33.941964, R_squared:-0.003539

2024-03-21 04:08:23,380 Epoch 103/300, Train Loss: 57.793603, Val Loss: 56.695804  
	Train = MSE:57.796314 , RMSE:7.602389 , MAE:6.241620 , MAPD:33.657643, R_squared:-0.000464  
	Validation = MSE:55.750710 , RMSE:7.466640 , MAE:6.132010 , MAPD:33.869725, R_squared:-0.003181

2024-03-21 04:08:41,054 Epoch 104/300, Train Loss: 57.818822, Val Loss: 56.651095  
	Train = MSE:57.814629 , RMSE:7.603593 , MAE:6.215492 , MAPD:33.359165, R_squared:-0.000781  
	Validation = MSE:55.701561 , RMSE:7.463348 , MAE:6.113261 , MAPD:33.674489, R_squared:-0.002296

2024-03-21 04:09:00,586 Epoch 105/300, Train Loss: 57.824572, Val Loss: 56.869590  
	Train = MSE:57.829418 , RMSE:7.604566 , MAE:6.212054 , MAPD:33.301876, R_squared:-0.001037  
	Validation = MSE:55.937305 , RMSE:7.479125 , MAE:6.188234 , MAPD:34.443411, R_squared:-0.006538

2024-03-21 04:09:19,355 Epoch 106/300, Train Loss: 57.793381, Val Loss: 56.788411  
	Train = MSE:57.791321 , RMSE:7.602060 , MAE:6.210029 , MAPD:33.312372, R_squared:-0.000378  
	Validation = MSE:55.850739 , RMSE:7.473335 , MAE:6.164242 , MAPD:34.200493, R_squared:-0.004981

2024-03-21 04:09:36,509 Epoch 107/300, Train Loss: 57.808856, Val Loss: 56.634171  
	Train = MSE:57.811504 , RMSE:7.603388 , MAE:6.255105 , MAPD:33.793208, R_squared:-0.000727  
	Validation = MSE:55.682716 , RMSE:7.462085 , MAE:6.105304 , MAPD:33.590619, R_squared:-0.001957

2024-03-21 04:09:56,294 Epoch 108/300, Train Loss: 57.816426, Val Loss: 56.611475  
	Train = MSE:57.820831 , RMSE:7.604001 , MAE:6.208950 , MAPD:33.292186, R_squared:-0.000888  
	Validation = MSE:55.657104 , RMSE:7.460369 , MAE:6.093291 , MAPD:33.463995, R_squared:-0.001496

2024-03-21 04:10:14,497 Epoch 109/300, Train Loss: 57.812213, Val Loss: 56.758884  
	Train = MSE:57.810352 , RMSE:7.603312 , MAE:6.206089 , MAPD:33.259604, R_squared:-0.000707  
	Validation = MSE:55.819027 , RMSE:7.471213 , MAE:6.154772 , MAPD:34.103307, R_squared:-0.004410

2024-03-21 04:10:34,949 Epoch 110/300, Train Loss: 57.800880, Val Loss: 56.677937  
	Train = MSE:57.797592 , RMSE:7.602473 , MAE:6.222175 , MAPD:33.445544, R_squared:-0.000486  
	Validation = MSE:55.731163 , RMSE:7.465331 , MAE:6.124804 , MAPD:33.795296, R_squared:-0.002829

2024-03-21 04:10:53,447 Epoch 111/300, Train Loss: 57.849398, Val Loss: 56.734641  
	Train = MSE:57.847775 , RMSE:7.605772 , MAE:6.217439 , MAPD:33.381297, R_squared:-0.001355  
	Validation = MSE:55.792881 , RMSE:7.469463 , MAE:6.146490 , MAPD:34.018322, R_squared:-0.003939

2024-03-21 04:11:11,886 Epoch 112/300, Train Loss: 57.812761, Val Loss: 56.600348  
	Train = MSE:57.809433 , RMSE:7.603251 , MAE:6.229321 , MAPD:33.519236, R_squared:-0.000691  
	Validation = MSE:55.644360 , RMSE:7.459515 , MAE:6.086733 , MAPD:33.394212, R_squared:-0.001267

2024-03-21 04:11:30,487 Epoch 113/300, Train Loss: 57.825143, Val Loss: 56.982382  
	Train = MSE:57.821526 , RMSE:7.604047 , MAE:6.206592 , MAPD:33.292671, R_squared:-0.000900  
	Validation = MSE:56.056553 , RMSE:7.487092 , MAE:6.217833 , MAPD:34.738624, R_squared:-0.008684

2024-03-21 04:11:47,570 Epoch 114/300, Train Loss: 57.821161, Val Loss: 56.567214  
	Train = MSE:57.812149 , RMSE:7.603430 , MAE:6.231469 , MAPD:33.545296, R_squared:-0.000738  
	Validation = MSE:55.604961 , RMSE:7.456873 , MAE:6.062876 , MAPD:33.131308, R_squared:-0.000558

2024-03-21 04:12:07,228 Epoch 115/300, Train Loss: 57.811671, Val Loss: 56.821653  
	Train = MSE:57.816216 , RMSE:7.603697 , MAE:6.218335 , MAPD:33.397150, R_squared:-0.000809  
	Validation = MSE:55.886280 , RMSE:7.475713 , MAE:6.174399 , MAPD:34.303824, R_squared:-0.005620

2024-03-21 04:12:23,963 Epoch 116/300, Train Loss: 57.803078, Val Loss: 56.789143  
	Train = MSE:57.800030 , RMSE:7.602633 , MAE:6.206838 , MAPD:33.270755, R_squared:-0.000528  
	Validation = MSE:55.851524 , RMSE:7.473388 , MAE:6.164469 , MAPD:34.202821, R_squared:-0.004995

2024-03-21 04:12:41,263 Epoch 117/300, Train Loss: 57.824440, Val Loss: 56.797755  
	Train = MSE:57.823566 , RMSE:7.604181 , MAE:6.231630 , MAPD:33.525088, R_squared:-0.000936  
	Validation = MSE:55.860741 , RMSE:7.474004 , MAE:6.167130 , MAPD:34.230055, R_squared:-0.005161

2024-03-21 04:12:58,130 Epoch 118/300, Train Loss: 57.835019, Val Loss: 56.831277  
	Train = MSE:57.837841 , RMSE:7.605119 , MAE:6.206777 , MAPD:33.257737, R_squared:-0.001183  
	Validation = MSE:55.896542 , RMSE:7.476399 , MAE:6.177268 , MAPD:34.332770, R_squared:-0.005805

2024-03-21 04:13:16,005 Epoch 119/300, Train Loss: 57.814981, Val Loss: 56.626226  
	Train = MSE:57.819366 , RMSE:7.603905 , MAE:6.230380 , MAPD:33.527536, R_squared:-0.000863  
	Validation = MSE:55.673798 , RMSE:7.461488 , MAE:6.101301 , MAPD:33.548419, R_squared:-0.001797

2024-03-21 04:13:33,419 Epoch 120/300, Train Loss: 57.787324, Val Loss: 56.565286  
	Train = MSE:57.785175 , RMSE:7.601656 , MAE:6.228215 , MAPD:33.529517, R_squared:-0.000271  
	Validation = MSE:55.602539 , RMSE:7.456711 , MAE:6.061144 , MAPD:33.111344, R_squared:-0.000514

2024-03-21 04:13:51,708 Epoch 121/300, Train Loss: 57.845589, Val Loss: 56.548337  
	Train = MSE:57.851257 , RMSE:7.606001 , MAE:6.225820 , MAPD:33.441613, R_squared:-0.001415  
	Validation = MSE:55.578392 , RMSE:7.455091 , MAE:6.036909 , MAPD:32.825120, R_squared:-0.000080

2024-03-21 04:14:11,264 Epoch 122/300, Train Loss: 57.801411, Val Loss: 57.149769  
	Train = MSE:57.802086 , RMSE:7.602768 , MAE:6.199278 , MAPD:33.191592, R_squared:-0.000564  
	Validation = MSE:56.232128 , RMSE:7.498808 , MAE:6.256321 , MAPD:35.117633, R_squared:-0.011843

2024-03-21 04:14:31,040 Epoch 123/300, Train Loss: 57.902734, Val Loss: 57.144823  
	Train = MSE:57.906685 , RMSE:7.609644 , MAE:6.201009 , MAPD:33.185200, R_squared:-0.002375  
	Validation = MSE:56.226952 , RMSE:7.498463 , MAE:6.255253 , MAPD:35.107187, R_squared:-0.011750

2024-03-21 04:14:48,719 Epoch 124/300, Train Loss: 57.870570, Val Loss: 56.665012  
	Train = MSE:57.868603 , RMSE:7.607141 , MAE:6.261137 , MAPD:33.846820, R_squared:-0.001715  
	Validation = MSE:55.716942 , RMSE:7.464378 , MAE:6.119338 , MAPD:33.738493, R_squared:-0.002573

2024-03-21 04:15:06,043 Epoch 125/300, Train Loss: 57.904691, Val Loss: 56.691039  
	Train = MSE:57.906006 , RMSE:7.609600 , MAE:6.209908 , MAPD:33.297686, R_squared:-0.002363  
	Validation = MSE:55.745506 , RMSE:7.466291 , MAE:6.130114 , MAPD:33.850241, R_squared:-0.003087

2024-03-21 04:15:26,830 Epoch 126/300, Train Loss: 57.905323, Val Loss: 56.701192  
	Train = MSE:57.902237 , RMSE:7.609352 , MAE:6.238922 , MAPD:33.602339, R_squared:-0.002297  
	Validation = MSE:55.756580 , RMSE:7.467033 , MAE:6.134123 , MAPD:33.891419, R_squared:-0.003286

2024-03-21 04:15:44,681 Epoch 127/300, Train Loss: 57.876048, Val Loss: 56.757258  
	Train = MSE:57.876633 , RMSE:7.607669 , MAE:6.218395 , MAPD:33.386716, R_squared:-0.001854  
	Validation = MSE:55.817276 , RMSE:7.471096 , MAE:6.154231 , MAPD:34.097761, R_squared:-0.004378

2024-03-21 04:16:01,754 Epoch 128/300, Train Loss: 57.853404, Val Loss: 56.953433  
	Train = MSE:57.852993 , RMSE:7.606115 , MAE:6.216602 , MAPD:33.374505, R_squared:-0.001445  
	Validation = MSE:56.026031 , RMSE:7.485054 , MAE:6.210481 , MAPD:34.666137, R_squared:-0.008135

2024-03-21 04:16:17,709 Epoch 129/300, Train Loss: 57.880423, Val Loss: 56.629539  
	Train = MSE:57.875858 , RMSE:7.607618 , MAE:6.232462 , MAPD:33.522986, R_squared:-0.001841  
	Validation = MSE:55.677513 , RMSE:7.461737 , MAE:6.102993 , MAPD:33.566254, R_squared:-0.001864

2024-03-21 04:16:34,791 Epoch 130/300, Train Loss: 57.901807, Val Loss: 57.051387  
	Train = MSE:57.901436 , RMSE:7.609299 , MAE:6.201605 , MAPD:33.188923, R_squared:-0.002284  
	Validation = MSE:56.129097 , RMSE:7.491935 , MAE:6.234460 , MAPD:34.902395, R_squared:-0.009989

2024-03-21 04:16:52,120 Epoch 131/300, Train Loss: 57.811785, Val Loss: 56.554861  
	Train = MSE:57.801224 , RMSE:7.602712 , MAE:6.236916 , MAPD:33.601816, R_squared:-0.000549  
	Validation = MSE:55.588795 , RMSE:7.455790 , MAE:6.049877 , MAPD:32.978884, R_squared:-0.000267

2024-03-21 04:17:10,778 Epoch 132/300, Train Loss: 57.880901, Val Loss: 56.663668  
	Train = MSE:57.880646 , RMSE:7.607933 , MAE:6.220667 , MAPD:33.400049, R_squared:-0.001924  
	Validation = MSE:55.715466 , RMSE:7.464279 , MAE:6.118759 , MAPD:33.732443, R_squared:-0.002546

2024-03-21 04:17:27,142 Epoch 133/300, Train Loss: 57.910709, Val Loss: 56.560241  
	Train = MSE:57.914680 , RMSE:7.610169 , MAE:6.237804 , MAPD:33.576815, R_squared:-0.002513  
	Validation = MSE:55.596054 , RMSE:7.456276 , MAE:6.056204 , MAPD:33.053803, R_squared:-0.000398

2024-03-21 04:17:45,051 Epoch 134/300, Train Loss: 57.824963, Val Loss: 56.709123  
	Train = MSE:57.827728 , RMSE:7.604455 , MAE:6.200038 , MAPD:33.207758, R_squared:-0.001008  
	Validation = MSE:55.765209 , RMSE:7.467611 , MAE:6.137167 , MAPD:33.922658, R_squared:-0.003442

2024-03-21 04:18:01,196 Epoch 135/300, Train Loss: 57.947012, Val Loss: 56.654894  
	Train = MSE:57.944290 , RMSE:7.612115 , MAE:6.225177 , MAPD:33.449408, R_squared:-0.003026  
	Validation = MSE:55.705772 , RMSE:7.463630 , MAE:6.114956 , MAPD:33.692359, R_squared:-0.002372

2024-03-21 04:18:18,083 Epoch 136/300, Train Loss: 57.808716, Val Loss: 56.615244  
	Train = MSE:57.809788 , RMSE:7.603275 , MAE:6.219854 , MAPD:33.437969, R_squared:-0.000697  
	Validation = MSE:55.661388 , RMSE:7.460656 , MAE:6.095419 , MAPD:33.486419, R_squared:-0.001573

2024-03-21 04:18:34,438 Epoch 137/300, Train Loss: 57.834371, Val Loss: 56.966018  
	Train = MSE:57.839043 , RMSE:7.605198 , MAE:6.213874 , MAPD:33.336557, R_squared:-0.001204  
	Validation = MSE:56.039307 , RMSE:7.485940 , MAE:6.213700 , MAPD:34.697918, R_squared:-0.008374

2024-03-21 04:18:51,107 Epoch 138/300, Train Loss: 57.873302, Val Loss: 56.626539  
	Train = MSE:57.865017 , RMSE:7.606906 , MAE:6.233620 , MAPD:33.511917, R_squared:-0.001653  
	Validation = MSE:55.674149 , RMSE:7.461511 , MAE:6.101462 , MAPD:33.550116, R_squared:-0.001803

2024-03-21 04:19:06,733 Epoch 139/300, Train Loss: 57.892063, Val Loss: 56.589123  
	Train = MSE:57.887894 , RMSE:7.608409 , MAE:6.222266 , MAPD:33.403920, R_squared:-0.002049  
	Validation = MSE:55.631317 , RMSE:7.458641 , MAE:6.079576 , MAPD:33.316896, R_squared:-0.001032

2024-03-21 04:19:24,692 Epoch 140/300, Train Loss: 57.846347, Val Loss: 56.573279  
	Train = MSE:57.840950 , RMSE:7.605324 , MAE:6.232547 , MAPD:33.536041, R_squared:-0.001237  
	Validation = MSE:55.589806 , RMSE:7.455857 , MAE:5.993622 , MAPD:32.298234, R_squared:-0.000285

2024-03-21 04:19:41,546 Epoch 141/300, Train Loss: 57.865530, Val Loss: 56.567834  
	Train = MSE:57.864807 , RMSE:7.606892 , MAE:6.219823 , MAPD:33.414293, R_squared:-0.001650  
	Validation = MSE:55.585621 , RMSE:7.455576 , MAE:5.997560 , MAPD:32.346778, R_squared:-0.000210

2024-03-21 04:19:59,688 Epoch 142/300, Train Loss: 57.998373, Val Loss: 56.649856  
	Train = MSE:57.995361 , RMSE:7.615469 , MAE:6.213385 , MAPD:33.308856, R_squared:-0.003910  
	Validation = MSE:55.700184 , RMSE:7.463255 , MAE:6.112701 , MAPD:33.668595, R_squared:-0.002271

2024-03-21 04:20:16,683 Epoch 143/300, Train Loss: 57.916666, Val Loss: 57.308386  
	Train = MSE:57.909859 , RMSE:7.609853 , MAE:6.204432 , MAPD:33.237188, R_squared:-0.002430  
	Validation = MSE:56.397499 , RMSE:7.509827 , MAE:6.288675 , MAPD:35.433243, R_squared:-0.014819

2024-03-21 04:20:36,133 Epoch 144/300, Train Loss: 57.991108, Val Loss: 56.620190  
	Train = MSE:57.986725 , RMSE:7.614902 , MAE:6.255807 , MAPD:33.785136, R_squared:-0.003760  
	Validation = MSE:55.666988 , RMSE:7.461031 , MAE:6.098121 , MAPD:33.514912, R_squared:-0.001674

2024-03-21 04:20:53,037 Epoch 145/300, Train Loss: 58.051541, Val Loss: 57.370908  
	Train = MSE:58.054138 , RMSE:7.619327 , MAE:6.221162 , MAPD:33.313900, R_squared:-0.004927  
	Validation = MSE:56.462494 , RMSE:7.514153 , MAE:6.300795 , MAPD:35.549926, R_squared:-0.015988

2024-03-21 04:21:09,557 Epoch 146/300, Train Loss: 57.974344, Val Loss: 57.367564  
	Train = MSE:57.974354 , RMSE:7.614089 , MAE:6.238561 , MAPD:33.581065, R_squared:-0.003546  
	Validation = MSE:56.459015 , RMSE:7.513921 , MAE:6.300159 , MAPD:35.543799, R_squared:-0.015926

2024-03-21 04:21:25,138 Epoch 147/300, Train Loss: 57.862696, Val Loss: 56.885514  
	Train = MSE:57.864758 , RMSE:7.606889 , MAE:6.238489 , MAPD:33.587974, R_squared:-0.001649  
	Validation = MSE:55.872509 , RMSE:7.474792 , MAE:5.903358 , MAPD:31.169120, R_squared:-0.005372

2024-03-21 04:21:41,867 Epoch 148/300, Train Loss: 58.071872, Val Loss: 56.759712  
	Train = MSE:58.072075 , RMSE:7.620503 , MAE:6.210367 , MAPD:33.194580, R_squared:-0.005238  
	Validation = MSE:55.819923 , RMSE:7.471273 , MAE:6.155045 , MAPD:34.106118, R_squared:-0.004426

2024-03-21 04:21:59,280 Epoch 149/300, Train Loss: 57.892392, Val Loss: 56.549667  
	Train = MSE:57.896183 , RMSE:7.608954 , MAE:6.233789 , MAPD:33.540790, R_squared:-0.002193  
	Validation = MSE:55.580898 , RMSE:7.455260 , MAE:6.040831 , MAPD:32.871632, R_squared:-0.000125

2024-03-21 04:22:16,632 Epoch 150/300, Train Loss: 57.918936, Val Loss: 56.922997  
	Train = MSE:57.923500 , RMSE:7.610749 , MAE:6.233193 , MAPD:33.542088, R_squared:-0.002666  
	Validation = MSE:55.907787 , RMSE:7.477151 , MAE:5.897182 , MAPD:31.087703, R_squared:-0.006007

2024-03-21 04:22:34,143 Epoch 151/300, Train Loss: 58.155349, Val Loss: 56.591324  
	Train = MSE:58.156857 , RMSE:7.626064 , MAE:6.237101 , MAPD:33.471430, R_squared:-0.006705  
	Validation = MSE:55.633896 , RMSE:7.458813 , MAE:6.081039 , MAPD:33.332754, R_squared:-0.001079

2024-03-21 04:22:53,521 Epoch 152/300, Train Loss: 58.142195, Val Loss: 57.244346  
	Train = MSE:58.138538 , RMSE:7.624863 , MAE:6.221319 , MAPD:33.317534, R_squared:-0.006388  
	Validation = MSE:56.330830 , RMSE:7.505387 , MAE:6.275988 , MAPD:35.309846, R_squared:-0.013619

2024-03-21 04:23:10,042 Epoch 153/300, Train Loss: 58.039208, Val Loss: 56.812712  
	Train = MSE:58.039486 , RMSE:7.618365 , MAE:6.241014 , MAPD:33.600719, R_squared:-0.004673  
	Validation = MSE:55.876740 , RMSE:7.475075 , MAE:6.171696 , MAPD:34.276509, R_squared:-0.005448

2024-03-21 04:23:28,547 Epoch 154/300, Train Loss: 58.073498, Val Loss: 56.552501  
	Train = MSE:58.067795 , RMSE:7.620223 , MAE:6.227616 , MAPD:33.441204, R_squared:-0.005163  
	Validation = MSE:55.585381 , RMSE:7.455560 , MAE:6.046376 , MAPD:32.937374, R_squared:-0.000206

2024-03-21 04:23:47,424 Epoch 155/300, Train Loss: 58.304093, Val Loss: 56.696756  
	Train = MSE:58.306576 , RMSE:7.635874 , MAE:6.240334 , MAPD:33.424062, R_squared:-0.009297  
	Validation = MSE:55.751747 , RMSE:7.466709 , MAE:6.132387 , MAPD:33.873593, R_squared:-0.003199

2024-03-21 04:24:04,479 Epoch 156/300, Train Loss: 57.923372, Val Loss: 57.527922  
	Train = MSE:57.922165 , RMSE:7.610661 , MAE:6.240919 , MAPD:33.593669, R_squared:-0.002642  
	Validation = MSE:56.625313 , RMSE:7.524979 , MAE:6.329339 , MAPD:35.824752, R_squared:-0.018918

2024-03-21 04:24:20,316 Epoch 157/300, Train Loss: 57.987063, Val Loss: 56.554499  
	Train = MSE:57.990452 , RMSE:7.615146 , MAE:6.237804 , MAPD:33.488666, R_squared:-0.003825  
	Validation = MSE:55.588280 , RMSE:7.455755 , MAE:6.049378 , MAPD:32.972974, R_squared:-0.000258

2024-03-21 04:24:37,177 Epoch 158/300, Train Loss: 58.111355, Val Loss: 56.551581  
	Train = MSE:58.114380 , RMSE:7.623279 , MAE:6.233744 , MAPD:33.544406, R_squared:-0.005970  
	Validation = MSE:55.583996 , RMSE:7.455468 , MAE:6.044798 , MAPD:32.918670, R_squared:-0.000181

2024-03-21 04:24:54,555 Epoch 159/300, Train Loss: 57.947736, Val Loss: 56.899451  
	Train = MSE:57.947636 , RMSE:7.612334 , MAE:6.214260 , MAPD:33.322360, R_squared:-0.003083  
	Validation = MSE:55.968975 , RMSE:7.481242 , MAE:6.196366 , MAPD:34.525297, R_squared:-0.007108

2024-03-21 04:25:12,696 Epoch 160/300, Train Loss: 58.005079, Val Loss: 56.675898  
	Train = MSE:58.011860 , RMSE:7.616552 , MAE:6.228614 , MAPD:33.430381, R_squared:-0.004195  
	Validation = MSE:55.728920 , RMSE:7.465180 , MAE:6.123955 , MAPD:33.786494, R_squared:-0.002789

2024-03-21 04:25:28,709 Epoch 161/300, Train Loss: 58.011884, Val Loss: 56.617172  
	Train = MSE:58.019371 , RMSE:7.617045 , MAE:6.243248 , MAPD:33.651975, R_squared:-0.004325  
	Validation = MSE:55.663574 , RMSE:7.460803 , MAE:6.096483 , MAPD:33.497642, R_squared:-0.001613

2024-03-21 04:25:46,955 Epoch 162/300, Train Loss: 58.173998, Val Loss: 57.809529  
	Train = MSE:58.169971 , RMSE:7.626924 , MAE:6.228581 , MAPD:33.404512, R_squared:-0.006932  
	Validation = MSE:56.916279 , RMSE:7.544288 , MAE:6.375572 , MAPD:36.268559, R_squared:-0.024154

2024-03-21 04:26:04,122 Epoch 163/300, Train Loss: 57.935526, Val Loss: 56.667578  
	Train = MSE:57.937286 , RMSE:7.611655 , MAE:6.222359 , MAPD:33.435832, R_squared:-0.002904  
	Validation = MSE:55.671066 , RMSE:7.461305 , MAE:5.953173 , MAPD:31.796611, R_squared:-0.001747

2024-03-21 04:26:22,121 Epoch 164/300, Train Loss: 58.034662, Val Loss: 56.648999  
	Train = MSE:58.035187 , RMSE:7.618083 , MAE:6.232872 , MAPD:33.518993, R_squared:-0.004599  
	Validation = MSE:55.699238 , RMSE:7.463192 , MAE:6.112313 , MAPD:33.664496, R_squared:-0.002254

2024-03-21 04:26:40,844 Epoch 165/300, Train Loss: 58.115110, Val Loss: 56.977824  
	Train = MSE:58.114479 , RMSE:7.623285 , MAE:6.248482 , MAPD:33.572571, R_squared:-0.005972  
	Validation = MSE:56.051746 , RMSE:7.486772 , MAE:6.216690 , MAPD:34.727366, R_squared:-0.008598

2024-03-21 04:26:56,490 Epoch 166/300, Train Loss: 58.203825, Val Loss: 57.053273  
	Train = MSE:58.208904 , RMSE:7.629476 , MAE:6.211360 , MAPD:33.181926, R_squared:-0.007606  
	Validation = MSE:56.131073 , RMSE:7.492067 , MAE:6.234898 , MAPD:34.906703, R_squared:-0.010025

2024-03-21 04:27:13,407 Epoch 167/300, Train Loss: 58.305889, Val Loss: 56.558649  
	Train = MSE:58.304604 , RMSE:7.635745 , MAE:6.264030 , MAPD:33.753238, R_squared:-0.009263  
	Validation = MSE:55.593960 , RMSE:7.456136 , MAE:6.054486 , MAPD:33.033550, R_squared:-0.000360

2024-03-21 04:27:30,344 Epoch 168/300, Train Loss: 57.946496, Val Loss: 56.899011  
	Train = MSE:57.952240 , RMSE:7.612637 , MAE:6.229781 , MAPD:33.478130, R_squared:-0.003163  
	Validation = MSE:55.968506 , RMSE:7.481210 , MAE:6.196247 , MAPD:34.524106, R_squared:-0.007100

2024-03-21 04:27:47,737 Epoch 169/300, Train Loss: 57.898093, Val Loss: 56.754535  
	Train = MSE:57.897663 , RMSE:7.609051 , MAE:6.220581 , MAPD:33.445112, R_squared:-0.002218  
	Validation = MSE:55.750401 , RMSE:7.466619 , MAE:5.929860 , MAPD:31.505244, R_squared:-0.003175

2024-03-21 04:28:03,222 Epoch 170/300, Train Loss: 58.046894, Val Loss: 56.678527  
	Train = MSE:58.051304 , RMSE:7.619141 , MAE:6.228429 , MAPD:33.412372, R_squared:-0.004878  
	Validation = MSE:55.731812 , RMSE:7.465374 , MAE:6.125051 , MAPD:33.797832, R_squared:-0.002841

2024-03-21 04:28:20,254 Epoch 171/300, Train Loss: 58.163431, Val Loss: 56.781521  
	Train = MSE:58.163361 , RMSE:7.626491 , MAE:6.245020 , MAPD:33.560553, R_squared:-0.006818  
	Validation = MSE:55.843353 , RMSE:7.472841 , MAE:6.162087 , MAPD:34.178375, R_squared:-0.004848

2024-03-21 04:28:39,047 Epoch 172/300, Train Loss: 57.984004, Val Loss: 57.303003  
	Train = MSE:57.989822 , RMSE:7.615105 , MAE:6.240220 , MAPD:33.548390, R_squared:-0.003814  
	Validation = MSE:56.269787 , RMSE:7.501319 , MAE:5.849315 , MAPD:30.435852, R_squared:-0.012521

2024-03-21 04:28:54,878 Epoch 173/300, Train Loss: 57.918687, Val Loss: 57.149585  
	Train = MSE:57.916126 , RMSE:7.610264 , MAE:6.211127 , MAPD:33.302613, R_squared:-0.002538  
	Validation = MSE:56.231934 , RMSE:7.498796 , MAE:6.256280 , MAPD:35.117246, R_squared:-0.011840

2024-03-21 04:29:11,281 Epoch 174/300, Train Loss: 58.130900, Val Loss: 57.967534  
	Train = MSE:58.131027 , RMSE:7.624371 , MAE:6.225574 , MAPD:33.350255, R_squared:-0.006258  
	Validation = MSE:57.079082 , RMSE:7.555070 , MAE:6.399800 , MAPD:36.498461, R_squared:-0.027083

2024-03-21 04:29:28,613 Epoch 175/300, Train Loss: 58.137142, Val Loss: 56.547836  
	Train = MSE:58.137920 , RMSE:7.624823 , MAE:6.231076 , MAPD:33.512193, R_squared:-0.006377  
	Validation = MSE:55.574116 , RMSE:7.454805 , MAE:6.024508 , MAPD:32.676541, R_squared:-0.000003

2024-03-21 04:29:45,910 Epoch 176/300, Train Loss: 58.255201, Val Loss: 56.709153  
	Train = MSE:58.256874 , RMSE:7.632619 , MAE:6.257523 , MAPD:33.735911, R_squared:-0.008436  
	Validation = MSE:55.765244 , RMSE:7.467613 , MAE:6.137179 , MAPD:33.922777, R_squared:-0.003442

2024-03-21 04:30:03,228 Epoch 177/300, Train Loss: 58.053575, Val Loss: 56.552018  
	Train = MSE:58.053162 , RMSE:7.619263 , MAE:6.212906 , MAPD:33.292503, R_squared:-0.004910  
	Validation = MSE:55.575058 , RMSE:7.454868 , MAE:6.014054 , MAPD:32.549773, R_squared:-0.000020

2024-03-21 04:30:19,466 Epoch 178/300, Train Loss: 57.988017, Val Loss: 57.091127  
	Train = MSE:57.983177 , RMSE:7.614668 , MAE:6.229940 , MAPD:33.465499, R_squared:-0.003699  
	Validation = MSE:56.170761 , RMSE:7.494716 , MAE:6.243521 , MAPD:34.991636, R_squared:-0.010739

2024-03-21 04:30:37,156 Epoch 179/300, Train Loss: 58.139138, Val Loss: 56.547785  
	Train = MSE:58.134579 , RMSE:7.624604 , MAE:6.238087 , MAPD:33.528148, R_squared:-0.006319  
	Validation = MSE:55.574146 , RMSE:7.454807 , MAE:6.024765 , MAPD:32.679618, R_squared:-0.000004

2024-03-21 04:30:52,875 Epoch 180/300, Train Loss: 58.279236, Val Loss: 56.699145  
	Train = MSE:58.279423 , RMSE:7.634096 , MAE:6.250846 , MAPD:33.599724, R_squared:-0.008827  
	Validation = MSE:55.754349 , RMSE:7.466884 , MAE:6.133324 , MAPD:33.883222, R_squared:-0.003246

2024-03-21 04:31:08,630 Epoch 181/300, Train Loss: 57.986737, Val Loss: 58.351635  
	Train = MSE:57.987400 , RMSE:7.614946 , MAE:6.217163 , MAPD:33.345211, R_squared:-0.003772  
	Validation = MSE:57.473827 , RMSE:7.581150 , MAE:6.454045 , MAPD:37.011012, R_squared:-0.034186

2024-03-21 04:31:28,846 Epoch 182/300, Train Loss: 58.155363, Val Loss: 56.547702  
	Train = MSE:58.161789 , RMSE:7.626388 , MAE:6.247530 , MAPD:33.672066, R_squared:-0.006791  
	Validation = MSE:55.574207 , RMSE:7.454811 , MAE:6.025254 , MAPD:32.685497, R_squared:-0.000005

2024-03-21 04:31:46,548 Epoch 183/300, Train Loss: 58.103822, Val Loss: 57.776118  
	Train = MSE:58.098801 , RMSE:7.622257 , MAE:6.223003 , MAPD:33.353906, R_squared:-0.005700  
	Validation = MSE:56.881821 , RMSE:7.542004 , MAE:6.370278 , MAPD:36.218228, R_squared:-0.023534

2024-03-21 04:32:03,986 Epoch 184/300, Train Loss: 58.105151, Val Loss: 58.331456  
	Train = MSE:58.100018 , RMSE:7.622337 , MAE:6.227163 , MAPD:33.413198, R_squared:-0.005721  
	Validation = MSE:57.453114 , RMSE:7.579783 , MAE:6.451334 , MAPD:36.985463, R_squared:-0.033814

2024-03-21 04:32:22,274 Epoch 185/300, Train Loss: 58.133426, Val Loss: 56.630731  
	Train = MSE:58.128937 , RMSE:7.624234 , MAE:6.237042 , MAPD:33.538996, R_squared:-0.006222  
	Validation = MSE:55.678856 , RMSE:7.461827 , MAE:6.103593 , MAPD:33.572586, R_squared:-0.001888

2024-03-21 04:32:37,801 Epoch 186/300, Train Loss: 57.882539, Val Loss: 56.750220  
	Train = MSE:57.888481 , RMSE:7.608448 , MAE:6.237414 , MAPD:33.543010, R_squared:-0.002059  
	Validation = MSE:55.746426 , RMSE:7.466353 , MAE:5.930884 , MAPD:31.518047, R_squared:-0.003104

2024-03-21 04:32:56,629 Epoch 187/300, Train Loss: 58.167299, Val Loss: 56.781340  
	Train = MSE:58.158966 , RMSE:7.626203 , MAE:6.229964 , MAPD:33.450453, R_squared:-0.006742  
	Validation = MSE:55.843159 , RMSE:7.472828 , MAE:6.162029 , MAPD:34.177784, R_squared:-0.004844

2024-03-21 04:33:13,253 Epoch 188/300, Train Loss: 58.269147, Val Loss: 57.086958  
	Train = MSE:58.270153 , RMSE:7.633489 , MAE:6.252493 , MAPD:33.598964, R_squared:-0.008666  
	Validation = MSE:56.166397 , RMSE:7.494424 , MAE:6.242586 , MAPD:34.982429, R_squared:-0.010660

2024-03-21 04:33:32,742 Epoch 189/300, Train Loss: 58.241090, Val Loss: 56.618634  
	Train = MSE:58.243134 , RMSE:7.631719 , MAE:6.237566 , MAPD:33.439632, R_squared:-0.008199  
	Validation = MSE:55.665226 , RMSE:7.460913 , MAE:6.097281 , MAPD:33.506055, R_squared:-0.001642

2024-03-21 04:33:48,339 Epoch 190/300, Train Loss: 58.113495, Val Loss: 57.939834  
	Train = MSE:58.108318 , RMSE:7.622881 , MAE:6.243527 , MAPD:33.566923, R_squared:-0.005865  
	Validation = MSE:57.050556 , RMSE:7.553182 , MAE:6.395653 , MAPD:36.459119, R_squared:-0.026570

2024-03-21 04:34:03,938 Epoch 191/300, Train Loss: 58.039185, Val Loss: 56.878241  
	Train = MSE:58.036438 , RMSE:7.618165 , MAE:6.222963 , MAPD:33.391282, R_squared:-0.004621  
	Validation = MSE:55.946484 , RMSE:7.479738 , MAE:6.190619 , MAPD:34.467471, R_squared:-0.006703

2024-03-21 04:34:22,892 Epoch 192/300, Train Loss: 58.595493, Val Loss: 57.023698  
	Train = MSE:58.595184 , RMSE:7.654749 , MAE:6.250271 , MAPD:33.515111, R_squared:-0.014293  
	Validation = MSE:56.100014 , RMSE:7.489994 , MAE:6.227934 , MAPD:34.838119, R_squared:-0.009466

2024-03-21 04:34:40,855 Epoch 193/300, Train Loss: 57.865904, Val Loss: 56.603913  
	Train = MSE:57.861061 , RMSE:7.606646 , MAE:6.229787 , MAPD:33.507720, R_squared:-0.001585  
	Validation = MSE:55.648457 , RMSE:7.459789 , MAE:6.088881 , MAPD:33.417191, R_squared:-0.001341

2024-03-21 04:34:57,195 Epoch 194/300, Train Loss: 58.142020, Val Loss: 56.700235  
	Train = MSE:58.138931 , RMSE:7.624889 , MAE:6.240191 , MAPD:33.564916, R_squared:-0.006395  
	Validation = MSE:55.700607 , RMSE:7.463284 , MAE:5.943656 , MAPD:31.677670, R_squared:-0.002279

2024-03-21 04:35:14,575 Epoch 195/300, Train Loss: 57.951634, Val Loss: 56.579425  
	Train = MSE:57.956093 , RMSE:7.612890 , MAE:6.217968 , MAPD:33.413291, R_squared:-0.003230  
	Validation = MSE:55.594688 , RMSE:7.456184 , MAE:5.989647 , MAPD:32.249229, R_squared:-0.000373

2024-03-21 04:35:31,354 Epoch 196/300, Train Loss: 58.283473, Val Loss: 56.717430  
	Train = MSE:58.285305 , RMSE:7.634481 , MAE:6.228643 , MAPD:33.422304, R_squared:-0.008929  
	Validation = MSE:55.774239 , RMSE:7.468215 , MAE:6.140278 , MAPD:33.954578, R_squared:-0.003604

2024-03-21 04:35:47,992 Epoch 197/300, Train Loss: 58.055648, Val Loss: 57.496933  
	Train = MSE:58.052540 , RMSE:7.619222 , MAE:6.231942 , MAPD:33.493146, R_squared:-0.004899  
	Validation = MSE:56.593216 , RMSE:7.522846 , MAE:6.323896 , MAPD:35.772356, R_squared:-0.018341

2024-03-21 04:36:05,710 Epoch 198/300, Train Loss: 58.014378, Val Loss: 57.173912  
	Train = MSE:58.016109 , RMSE:7.616831 , MAE:6.219357 , MAPD:33.356263, R_squared:-0.004269  
	Validation = MSE:56.257355 , RMSE:7.500490 , MAE:6.261479 , MAPD:35.168055, R_squared:-0.012297

2024-03-21 04:36:23,365 Epoch 199/300, Train Loss: 57.979124, Val Loss: 57.130819  
	Train = MSE:57.975346 , RMSE:7.614154 , MAE:6.238314 , MAPD:33.512726, R_squared:-0.003563  
	Validation = MSE:56.212311 , RMSE:7.497487 , MAE:6.252245 , MAPD:35.077566, R_squared:-0.011487

2024-03-21 04:36:38,982 Epoch 200/300, Train Loss: 58.201178, Val Loss: 56.646017  
	Train = MSE:58.199905 , RMSE:7.628886 , MAE:6.237739 , MAPD:33.482233, R_squared:-0.007450  
	Validation = MSE:55.695923 , RMSE:7.462970 , MAE:6.110947 , MAPD:33.650095, R_squared:-0.002195

2024-03-21 04:36:54,581 Epoch 201/300, Train Loss: 58.105584, Val Loss: 56.662540  
	Train = MSE:58.109234 , RMSE:7.622941 , MAE:6.261870 , MAPD:33.780321, R_squared:-0.005881  
	Validation = MSE:55.714218 , RMSE:7.464196 , MAE:6.118279 , MAPD:33.727377, R_squared:-0.002524

2024-03-21 04:37:12,247 Epoch 202/300, Train Loss: 57.968947, Val Loss: 58.634425  
	Train = MSE:57.960587 , RMSE:7.613185 , MAE:6.200970 , MAPD:33.163980, R_squared:-0.003308  
	Validation = MSE:57.763741 , RMSE:7.600246 , MAE:6.490561 , MAPD:37.355079, R_squared:-0.039403

2024-03-21 04:37:29,344 Epoch 203/300, Train Loss: 58.411518, Val Loss: 57.066287  
	Train = MSE:58.416634 , RMSE:7.643077 , MAE:6.270589 , MAPD:33.811387, R_squared:-0.011202  
	Validation = MSE:56.144726 , RMSE:7.492979 , MAE:6.237897 , MAPD:34.936250, R_squared:-0.010271

2024-03-21 04:37:48,358 Epoch 204/300, Train Loss: 58.435929, Val Loss: 56.707057  
	Train = MSE:58.438007 , RMSE:7.644475 , MAE:6.242412 , MAPD:33.447648, R_squared:-0.011572  
	Validation = MSE:55.762970 , RMSE:7.467461 , MAE:6.136382 , MAPD:33.914599, R_squared:-0.003401

2024-03-21 04:38:05,826 Epoch 205/300, Train Loss: 58.129413, Val Loss: 56.584501  
	Train = MSE:58.125244 , RMSE:7.623991 , MAE:6.250590 , MAPD:33.619817, R_squared:-0.006158  
	Validation = MSE:55.598804 , RMSE:7.456460 , MAE:5.986644 , MAPD:32.212206, R_squared:-0.000447

2024-03-21 04:38:23,597 Epoch 206/300, Train Loss: 58.091207, Val Loss: 58.340681  
	Train = MSE:58.090252 , RMSE:7.621696 , MAE:6.214784 , MAPD:33.255818, R_squared:-0.005552  
	Validation = MSE:57.462582 , RMSE:7.580408 , MAE:6.452574 , MAPD:36.997160, R_squared:-0.033984

2024-03-21 04:38:40,524 Epoch 207/300, Train Loss: 58.214464, Val Loss: 57.469740  
	Train = MSE:58.211224 , RMSE:7.629628 , MAE:6.239694 , MAPD:33.497701, R_squared:-0.007646  
	Validation = MSE:56.565041 , RMSE:7.520973 , MAE:6.319048 , MAPD:35.725675, R_squared:-0.017834

2024-03-21 04:38:56,271 Epoch 208/300, Train Loss: 58.492058, Val Loss: 56.551062  
	Train = MSE:58.486549 , RMSE:7.647650 , MAE:6.287165 , MAPD:33.892968, R_squared:-0.012412  
	Validation = MSE:55.574619 , RMSE:7.454839 , MAE:6.015718 , MAPD:32.570018, R_squared:-0.000012

2024-03-21 04:39:15,407 Epoch 209/300, Train Loss: 58.145073, Val Loss: 56.584817  
	Train = MSE:58.142361 , RMSE:7.625114 , MAE:6.225620 , MAPD:33.390744, R_squared:-0.006454  
	Validation = MSE:55.599064 , RMSE:7.456478 , MAE:5.986465 , MAPD:32.210002, R_squared:-0.000452

2024-03-21 04:39:32,161 Epoch 210/300, Train Loss: 58.133761, Val Loss: 56.697902  
	Train = MSE:58.134987 , RMSE:7.624630 , MAE:6.245504 , MAPD:33.555293, R_squared:-0.006327  
	Validation = MSE:55.698486 , RMSE:7.463142 , MAE:5.944300 , MAPD:31.685717, R_squared:-0.002241

2024-03-21 04:39:47,778 Epoch 211/300, Train Loss: 58.046268, Val Loss: 57.369435  
	Train = MSE:58.051590 , RMSE:7.619159 , MAE:6.226567 , MAPD:33.409831, R_squared:-0.004883  
	Validation = MSE:56.460960 , RMSE:7.514051 , MAE:6.300515 , MAPD:35.547227, R_squared:-0.015961

2024-03-21 04:40:06,343 Epoch 212/300, Train Loss: 57.930910, Val Loss: 57.969624  
	Train = MSE:57.925846 , RMSE:7.610903 , MAE:6.220864 , MAPD:33.383762, R_squared:-0.002706  
	Validation = MSE:57.081230 , RMSE:7.555212 , MAE:6.400111 , MAPD:36.501416, R_squared:-0.027122

2024-03-21 04:40:23,351 Epoch 213/300, Train Loss: 58.039460, Val Loss: 56.571202  
	Train = MSE:58.042316 , RMSE:7.618551 , MAE:6.240192 , MAPD:33.597113, R_squared:-0.004722  
	Validation = MSE:55.609894 , RMSE:7.457204 , MAE:6.066301 , MAPD:33.170160, R_squared:-0.000647

2024-03-21 04:40:39,317 Epoch 214/300, Train Loss: 57.979300, Val Loss: 56.710110  
	Train = MSE:57.973484 , RMSE:7.614032 , MAE:6.213385 , MAPD:33.287371, R_squared:-0.003531  
	Validation = MSE:55.766289 , RMSE:7.467683 , MAE:6.137541 , MAPD:33.926496, R_squared:-0.003461

2024-03-21 04:40:56,625 Epoch 215/300, Train Loss: 58.323606, Val Loss: 56.548838  
	Train = MSE:58.326126 , RMSE:7.637154 , MAE:6.254971 , MAPD:33.674858, R_squared:-0.009635  
	Validation = MSE:55.579395 , RMSE:7.455159 , MAE:6.038588 , MAPD:32.845020, R_squared:-0.000098

2024-03-21 04:41:14,617 Epoch 216/300, Train Loss: 58.039894, Val Loss: 59.514816  
	Train = MSE:58.035355 , RMSE:7.618094 , MAE:6.215453 , MAPD:33.311521, R_squared:-0.004602  
	Validation = MSE:58.663651 , RMSE:7.659220 , MAE:6.593883 , MAPD:38.312925, R_squared:-0.055596

2024-03-21 04:41:31,295 Epoch 217/300, Train Loss: 58.438311, Val Loss: 57.009271  
	Train = MSE:58.440079 , RMSE:7.644611 , MAE:6.276308 , MAPD:33.833805, R_squared:-0.011608  
	Validation = MSE:56.084843 , RMSE:7.488981 , MAE:6.224458 , MAPD:34.803879, R_squared:-0.009193

2024-03-21 04:41:48,166 Epoch 218/300, Train Loss: 58.037348, Val Loss: 57.166393  
	Train = MSE:58.034431 , RMSE:7.618033 , MAE:6.227580 , MAPD:33.469581, R_squared:-0.004586  
	Validation = MSE:56.138969 , RMSE:7.492594 , MAE:5.864028 , MAPD:30.642043, R_squared:-0.010167

2024-03-21 04:42:05,562 Epoch 219/300, Train Loss: 58.192715, Val Loss: 56.548511  
	Train = MSE:58.190781 , RMSE:7.628288 , MAE:6.222793 , MAPD:33.358462, R_squared:-0.007292  
	Validation = MSE:55.573944 , RMSE:7.454793 , MAE:6.021747 , MAPD:32.643351, R_squared:-0.000000

2024-03-21 04:42:23,147 Epoch 220/300, Train Loss: 58.106303, Val Loss: 56.663557  
	Train = MSE:58.107876 , RMSE:7.622852 , MAE:6.240196 , MAPD:33.521840, R_squared:-0.005857  
	Validation = MSE:55.715343 , RMSE:7.464271 , MAE:6.118712 , MAPD:33.731948, R_squared:-0.002544

2024-03-21 04:42:38,676 Epoch 221/300, Train Loss: 58.052398, Val Loss: 56.595878  
	Train = MSE:58.052261 , RMSE:7.619204 , MAE:6.243846 , MAPD:33.567596, R_squared:-0.004894  
	Validation = MSE:55.639194 , RMSE:7.459168 , MAE:6.083955 , MAPD:33.364374, R_squared:-0.001174

2024-03-21 04:42:56,142 Epoch 222/300, Train Loss: 57.880271, Val Loss: 56.547441  
	Train = MSE:57.885296 , RMSE:7.608239 , MAE:6.206128 , MAPD:33.278414, R_squared:-0.002004  
	Validation = MSE:55.575977 , RMSE:7.454930 , MAE:6.031888 , MAPD:32.765157, R_squared:-0.000036

2024-03-21 04:43:12,849 Epoch 223/300, Train Loss: 58.003102, Val Loss: 56.567076  
	Train = MSE:58.002678 , RMSE:7.615949 , MAE:6.243524 , MAPD:33.583480, R_squared:-0.004036  
	Validation = MSE:55.604786 , RMSE:7.456861 , MAE:6.062753 , MAPD:33.129900, R_squared:-0.000555

2024-03-21 04:43:29,162 Epoch 224/300, Train Loss: 58.161248, Val Loss: 56.572132  
	Train = MSE:58.169434 , RMSE:7.626889 , MAE:6.232271 , MAPD:33.464130, R_squared:-0.006923  
	Validation = MSE:55.611034 , RMSE:7.457281 , MAE:6.067076 , MAPD:33.178828, R_squared:-0.000667

2024-03-21 04:43:47,630 Epoch 225/300, Train Loss: 58.345860, Val Loss: 56.776487  
	Train = MSE:58.335533 , RMSE:7.637770 , MAE:6.237996 , MAPD:33.495796, R_squared:-0.009798  
	Validation = MSE:55.770702 , RMSE:7.467978 , MAE:5.924806 , MAPD:31.442076, R_squared:-0.003540

2024-03-21 04:44:06,943 Epoch 226/300, Train Loss: 57.966333, Val Loss: 57.214155  
	Train = MSE:57.962353 , RMSE:7.613301 , MAE:6.224982 , MAPD:33.342422, R_squared:-0.003338  
	Validation = MSE:56.299355 , RMSE:7.503290 , MAE:6.269863 , MAPD:35.249989, R_squared:-0.013053

2024-03-21 04:44:25,260 Epoch 227/300, Train Loss: 58.203915, Val Loss: 61.290654  
	Train = MSE:58.204247 , RMSE:7.629171 , MAE:6.227900 , MAPD:33.376448, R_squared:-0.007525  
	Validation = MSE:60.471466 , RMSE:7.776340 , MAE:6.771831 , MAPD:39.921512, R_squared:-0.088126

2024-03-21 04:44:41,802 Epoch 228/300, Train Loss: 58.210138, Val Loss: 56.548631  
	Train = MSE:58.209454 , RMSE:7.629512 , MAE:6.242982 , MAPD:33.612822, R_squared:-0.007616  
	Validation = MSE:55.578995 , RMSE:7.455132 , MAE:6.037938 , MAPD:32.837329, R_squared:-0.000091

2024-03-21 04:45:00,093 Epoch 229/300, Train Loss: 58.095066, Val Loss: 56.718880  
	Train = MSE:58.094261 , RMSE:7.621959 , MAE:6.238590 , MAPD:33.477045, R_squared:-0.005622  
	Validation = MSE:55.775810 , RMSE:7.468320 , MAE:6.140812 , MAPD:33.960064, R_squared:-0.003632

2024-03-21 04:45:17,545 Epoch 230/300, Train Loss: 58.091207, Val Loss: 58.091316  
	Train = MSE:58.088284 , RMSE:7.621567 , MAE:6.233827 , MAPD:33.538449, R_squared:-0.005518  
	Validation = MSE:57.206436 , RMSE:7.563494 , MAE:6.417851 , MAPD:36.669758, R_squared:-0.029375

2024-03-21 04:45:34,019 Epoch 231/300, Train Loss: 58.013687, Val Loss: 56.548141  
	Train = MSE:58.017399 , RMSE:7.616915 , MAE:6.243787 , MAPD:33.596443, R_squared:-0.004291  
	Validation = MSE:55.577965 , RMSE:7.455063 , MAE:6.036141 , MAPD:32.816010, R_squared:-0.000072

2024-03-21 04:45:54,221 Epoch 232/300, Train Loss: 57.924755, Val Loss: 57.565076  
	Train = MSE:57.918777 , RMSE:7.610439 , MAE:6.206310 , MAPD:33.200443, R_squared:-0.002584  
	Validation = MSE:56.663780 , RMSE:7.527535 , MAE:6.335751 , MAPD:35.886486, R_squared:-0.019610

2024-03-21 04:46:14,122 Epoch 233/300, Train Loss: 57.958866, Val Loss: 56.577289  
	Train = MSE:57.957417 , RMSE:7.612977 , MAE:6.248993 , MAPD:33.715771, R_squared:-0.003253  
	Validation = MSE:55.617287 , RMSE:7.457700 , MAE:6.071193 , MAPD:33.224531, R_squared:-0.000780

2024-03-21 04:46:30,848 Epoch 234/300, Train Loss: 58.167432, Val Loss: 56.607704  
	Train = MSE:58.169857 , RMSE:7.626916 , MAE:6.228193 , MAPD:33.405714, R_squared:-0.006930  
	Validation = MSE:55.652802 , RMSE:7.460081 , MAE:6.091116 , MAPD:33.440968, R_squared:-0.001419

2024-03-21 04:46:47,177 Epoch 235/300, Train Loss: 58.160715, Val Loss: 57.774174  
	Train = MSE:58.157402 , RMSE:7.626100 , MAE:6.234600 , MAPD:33.491459, R_squared:-0.006715  
	Validation = MSE:56.879814 , RMSE:7.541871 , MAE:6.369971 , MAPD:36.215293, R_squared:-0.023498

2024-03-21 04:47:03,029 Epoch 236/300, Train Loss: 58.154381, Val Loss: 57.958198  
	Train = MSE:58.160599 , RMSE:7.626310 , MAE:6.228554 , MAPD:33.433206, R_squared:-0.006770  
	Validation = MSE:57.069469 , RMSE:7.554434 , MAE:6.398407 , MAPD:36.485244, R_squared:-0.026910

2024-03-21 04:47:20,217 Epoch 237/300, Train Loss: 58.065257, Val Loss: 57.233027  
	Train = MSE:58.069584 , RMSE:7.620340 , MAE:6.236379 , MAPD:33.503336, R_squared:-0.005194  
	Validation = MSE:56.319027 , RMSE:7.504601 , MAE:6.273706 , MAPD:35.287558, R_squared:-0.013407

2024-03-21 04:47:37,919 Epoch 238/300, Train Loss: 58.145116, Val Loss: 57.152469  
	Train = MSE:58.149773 , RMSE:7.625600 , MAE:6.235064 , MAPD:33.487464, R_squared:-0.006582  
	Validation = MSE:56.234947 , RMSE:7.498996 , MAE:6.256903 , MAPD:35.123322, R_squared:-0.011894

2024-03-21 04:47:54,403 Epoch 239/300, Train Loss: 58.060026, Val Loss: 57.766340  
	Train = MSE:58.064209 , RMSE:7.619987 , MAE:6.237040 , MAPD:33.516482, R_squared:-0.005101  
	Validation = MSE:56.871727 , RMSE:7.541335 , MAE:6.368731 , MAPD:36.203444, R_squared:-0.023352

2024-03-21 04:48:10,950 Epoch 240/300, Train Loss: 58.128224, Val Loss: 56.551409  
	Train = MSE:58.130127 , RMSE:7.624311 , MAE:6.233635 , MAPD:33.512193, R_squared:-0.006242  
	Validation = MSE:55.574764 , RMSE:7.454848 , MAE:6.015093 , MAPD:32.562406, R_squared:-0.000015

2024-03-21 04:48:27,250 Epoch 241/300, Train Loss: 57.916607, Val Loss: 57.280463  
	Train = MSE:57.917484 , RMSE:7.610354 , MAE:6.205946 , MAPD:33.238249, R_squared:-0.002561  
	Validation = MSE:56.368446 , RMSE:7.507892 , MAE:6.283142 , MAPD:35.379776, R_squared:-0.014296

2024-03-21 04:48:46,585 Epoch 242/300, Train Loss: 57.918527, Val Loss: 56.646352  
	Train = MSE:57.920986 , RMSE:7.610584 , MAE:6.223809 , MAPD:33.455690, R_squared:-0.002622  
	Validation = MSE:55.652088 , RMSE:7.460033 , MAE:5.960073 , MAPD:31.882852, R_squared:-0.001406

2024-03-21 04:49:03,028 Epoch 243/300, Train Loss: 58.211895, Val Loss: 56.596901  
	Train = MSE:58.212269 , RMSE:7.629696 , MAE:6.241502 , MAPD:33.526899, R_squared:-0.007664  
	Validation = MSE:55.609108 , RMSE:7.457151 , MAE:5.980078 , MAPD:32.131252, R_squared:-0.000633

2024-03-21 04:49:19,769 Epoch 244/300, Train Loss: 58.005942, Val Loss: 56.553443  
	Train = MSE:58.009445 , RMSE:7.616393 , MAE:6.243296 , MAPD:33.636769, R_squared:-0.004153  
	Validation = MSE:55.575794 , RMSE:7.454917 , MAE:6.011871 , MAPD:32.523206, R_squared:-0.000033

2024-03-21 04:49:37,992 Epoch 245/300, Train Loss: 58.101675, Val Loss: 56.552206  
	Train = MSE:58.106731 , RMSE:7.622777 , MAE:6.213536 , MAPD:33.242170, R_squared:-0.005837  
	Validation = MSE:55.575146 , RMSE:7.454874 , MAE:6.013748 , MAPD:32.546040, R_squared:-0.000022

2024-03-21 04:49:53,550 Epoch 246/300, Train Loss: 57.848688, Val Loss: 60.282553  
	Train = MSE:57.846569 , RMSE:7.605693 , MAE:6.197714 , MAPD:33.173620, R_squared:-0.001334  
	Validation = MSE:59.446144 , RMSE:7.710133 , MAE:6.674613 , MAPD:39.048848, R_squared:-0.069676

2024-03-21 04:50:11,022 Epoch 247/300, Train Loss: 58.553601, Val Loss: 57.803028  
	Train = MSE:58.555065 , RMSE:7.652128 , MAE:6.281070 , MAPD:33.828801, R_squared:-0.013598  
	Validation = MSE:56.909580 , RMSE:7.543844 , MAE:6.374544 , MAPD:36.258799, R_squared:-0.024033

2024-03-21 04:50:27,862 Epoch 248/300, Train Loss: 58.046268, Val Loss: 56.678370  
	Train = MSE:58.050007 , RMSE:7.619056 , MAE:6.251491 , MAPD:33.656409, R_squared:-0.004855  
	Validation = MSE:55.680790 , RMSE:7.461956 , MAE:5.949899 , MAPD:31.755691, R_squared:-0.001922

2024-03-21 04:50:46,588 Epoch 249/300, Train Loss: 58.006977, Val Loss: 57.432867  
	Train = MSE:58.002346 , RMSE:7.615927 , MAE:6.213259 , MAPD:33.288294, R_squared:-0.004030  
	Validation = MSE:56.526806 , RMSE:7.518431 , MAE:6.312358 , MAPD:35.661261, R_squared:-0.017146

2024-03-21 04:51:03,367 Epoch 250/300, Train Loss: 58.036356, Val Loss: 56.586980  
	Train = MSE:58.036278 , RMSE:7.618155 , MAE:6.233007 , MAPD:33.553286, R_squared:-0.004618  
	Validation = MSE:55.628803 , RMSE:7.458472 , MAE:6.078143 , MAPD:33.301184, R_squared:-0.000987

2024-03-21 04:51:19,014 Epoch 251/300, Train Loss: 58.114507, Val Loss: 57.821277  
	Train = MSE:58.111431 , RMSE:7.623085 , MAE:6.229983 , MAPD:33.372289, R_squared:-0.005919  
	Validation = MSE:56.928394 , RMSE:7.545091 , MAE:6.377423 , MAPD:36.286132, R_squared:-0.024372

2024-03-21 04:51:36,234 Epoch 252/300, Train Loss: 58.224033, Val Loss: 57.105655  
	Train = MSE:58.218361 , RMSE:7.630096 , MAE:6.270430 , MAPD:33.855041, R_squared:-0.007770  
	Validation = MSE:56.081009 , RMSE:7.488726 , MAE:5.871238 , MAPD:30.741773, R_squared:-0.009124

2024-03-21 04:51:54,574 Epoch 253/300, Train Loss: 57.901698, Val Loss: 56.921576  
	Train = MSE:57.904697 , RMSE:7.609514 , MAE:6.219664 , MAPD:33.312700, R_squared:-0.002340  
	Validation = MSE:55.906448 , RMSE:7.477061 , MAE:5.897408 , MAPD:31.090701, R_squared:-0.005983

2024-03-21 04:52:10,587 Epoch 254/300, Train Loss: 58.032343, Val Loss: 57.459084  
	Train = MSE:58.036789 , RMSE:7.618188 , MAE:6.203385 , MAPD:33.177523, R_squared:-0.004627  
	Validation = MSE:56.553993 , RMSE:7.520239 , MAE:6.317129 , MAPD:35.707194, R_squared:-0.017635

2024-03-21 04:52:27,529 Epoch 255/300, Train Loss: 58.051566, Val Loss: 56.748735  
	Train = MSE:58.051548 , RMSE:7.619157 , MAE:6.245950 , MAPD:33.662573, R_squared:-0.004882  
	Validation = MSE:55.745052 , RMSE:7.466261 , MAE:5.931240 , MAPD:31.522485, R_squared:-0.003079

2024-03-21 04:52:43,478 Epoch 256/300, Train Loss: 57.994455, Val Loss: 57.189171  
	Train = MSE:57.999977 , RMSE:7.615772 , MAE:6.204105 , MAPD:33.194257, R_squared:-0.003989  
	Validation = MSE:56.273281 , RMSE:7.501552 , MAE:6.264688 , MAPD:35.199423, R_squared:-0.012584

2024-03-21 04:53:01,204 Epoch 257/300, Train Loss: 58.241604, Val Loss: 56.547382  
	Train = MSE:58.246796 , RMSE:7.631959 , MAE:6.250777 , MAPD:33.675715, R_squared:-0.008262  
	Validation = MSE:55.574783 , RMSE:7.454850 , MAE:6.028176 , MAPD:32.720591, R_squared:-0.000015

2024-03-21 04:53:18,444 Epoch 258/300, Train Loss: 58.054521, Val Loss: 57.008093  
	Train = MSE:58.051380 , RMSE:7.619145 , MAE:6.226297 , MAPD:33.374481, R_squared:-0.004879  
	Validation = MSE:56.083607 , RMSE:7.488899 , MAE:6.224173 , MAPD:34.801065, R_squared:-0.009171

2024-03-21 04:53:34,898 Epoch 259/300, Train Loss: 58.077931, Val Loss: 57.170654  
	Train = MSE:58.075302 , RMSE:7.620715 , MAE:6.242617 , MAPD:33.551796, R_squared:-0.005293  
	Validation = MSE:56.253944 , RMSE:7.500263 , MAE:6.260788 , MAPD:35.161304, R_squared:-0.012236

2024-03-21 04:53:50,935 Epoch 260/300, Train Loss: 57.935964, Val Loss: 56.902972  
	Train = MSE:57.931782 , RMSE:7.611293 , MAE:6.240482 , MAPD:33.606712, R_squared:-0.002809  
	Validation = MSE:55.888927 , RMSE:7.475890 , MAE:5.900412 , MAPD:31.130513, R_squared:-0.005668

2024-03-21 04:54:10,095 Epoch 261/300, Train Loss: 57.927943, Val Loss: 56.996435  
	Train = MSE:57.931320 , RMSE:7.611263 , MAE:6.222725 , MAPD:33.408896, R_squared:-0.002801  
	Validation = MSE:55.977207 , RMSE:7.481791 , MAE:5.886021 , MAPD:30.939733, R_squared:-0.007256

2024-03-21 04:54:27,555 Epoch 262/300, Train Loss: 58.425191, Val Loss: 56.590726  
	Train = MSE:58.432957 , RMSE:7.644145 , MAE:6.258583 , MAPD:33.678661, R_squared:-0.011484  
	Validation = MSE:55.633198 , RMSE:7.458766 , MAE:6.080645 , MAPD:33.328487, R_squared:-0.001066

2024-03-21 04:54:46,170 Epoch 263/300, Train Loss: 58.034548, Val Loss: 57.649041  
	Train = MSE:58.031883 , RMSE:7.617866 , MAE:6.204140 , MAPD:33.158837, R_squared:-0.004542  
	Validation = MSE:56.750607 , RMSE:7.533300 , MAE:6.349823 , MAPD:36.021979, R_squared:-0.021173

2024-03-21 04:55:03,517 Epoch 264/300, Train Loss: 58.195112, Val Loss: 57.235438  
	Train = MSE:58.191860 , RMSE:7.628359 , MAE:6.238048 , MAPD:33.487231, R_squared:-0.007311  
	Validation = MSE:56.321545 , RMSE:7.504768 , MAE:6.274194 , MAPD:35.292323, R_squared:-0.013452

2024-03-21 04:55:21,920 Epoch 265/300, Train Loss: 58.085621, Val Loss: 56.727819  
	Train = MSE:58.087399 , RMSE:7.621509 , MAE:6.250370 , MAPD:33.670196, R_squared:-0.005503  
	Validation = MSE:55.785500 , RMSE:7.468969 , MAE:6.144063 , MAPD:33.993411, R_squared:-0.003807

2024-03-21 04:55:38,130 Epoch 266/300, Train Loss: 58.118864, Val Loss: 56.565586  
	Train = MSE:58.122730 , RMSE:7.623827 , MAE:6.216598 , MAPD:33.338835, R_squared:-0.006114  
	Validation = MSE:55.602917 , RMSE:7.456737 , MAE:6.061419 , MAPD:33.114509, R_squared:-0.000521

2024-03-21 04:55:53,687 Epoch 267/300, Train Loss: 57.973672, Val Loss: 56.932924  
	Train = MSE:57.975040 , RMSE:7.614134 , MAE:6.209899 , MAPD:33.290313, R_squared:-0.003558  
	Validation = MSE:56.004379 , RMSE:7.483607 , MAE:6.205186 , MAPD:34.613567, R_squared:-0.007745

2024-03-21 04:56:11,813 Epoch 268/300, Train Loss: 58.033510, Val Loss: 56.880862  
	Train = MSE:58.035149 , RMSE:7.618080 , MAE:6.246824 , MAPD:33.626804, R_squared:-0.004598  
	Validation = MSE:55.949268 , RMSE:7.479924 , MAE:6.191335 , MAPD:34.474697, R_squared:-0.006753

2024-03-21 04:56:30,033 Epoch 269/300, Train Loss: 57.916591, Val Loss: 56.611189  
	Train = MSE:57.920658 , RMSE:7.610562 , MAE:6.215832 , MAPD:33.339258, R_squared:-0.002616  
	Validation = MSE:55.656776 , RMSE:7.460347 , MAE:6.093127 , MAPD:33.462269, R_squared:-0.001490

2024-03-21 04:56:45,739 Epoch 270/300, Train Loss: 57.975610, Val Loss: 56.615786  
	Train = MSE:57.974621 , RMSE:7.614107 , MAE:6.232656 , MAPD:33.567851, R_squared:-0.003551  
	Validation = MSE:55.662003 , RMSE:7.460697 , MAE:6.095720 , MAPD:33.489590, R_squared:-0.001584

2024-03-21 04:57:02,486 Epoch 271/300, Train Loss: 58.106929, Val Loss: 56.812285  
	Train = MSE:58.104736 , RMSE:7.622646 , MAE:6.231766 , MAPD:33.503550, R_squared:-0.005803  
	Validation = MSE:55.876278 , RMSE:7.475044 , MAE:6.171567 , MAPD:34.275203, R_squared:-0.005440

2024-03-21 04:57:21,339 Epoch 272/300, Train Loss: 58.160981, Val Loss: 56.616641  
	Train = MSE:58.165794 , RMSE:7.626650 , MAE:6.234349 , MAPD:33.535591, R_squared:-0.006860  
	Validation = MSE:55.625996 , RMSE:7.458284 , MAE:5.971140 , MAPD:32.021066, R_squared:-0.000936

2024-03-21 04:57:37,816 Epoch 273/300, Train Loss: 58.104440, Val Loss: 56.584383  
	Train = MSE:58.103569 , RMSE:7.622570 , MAE:6.227401 , MAPD:33.386997, R_squared:-0.005783  
	Validation = MSE:55.625744 , RMSE:7.458267 , MAE:6.076351 , MAPD:33.281551, R_squared:-0.000932

2024-03-21 04:57:54,333 Epoch 274/300, Train Loss: 58.187524, Val Loss: 56.563720  
	Train = MSE:58.192184 , RMSE:7.628380 , MAE:6.252395 , MAPD:33.699172, R_squared:-0.007317  
	Validation = MSE:55.582573 , RMSE:7.455372 , MAE:6.000898 , MAPD:32.387935, R_squared:-0.000155

2024-03-21 04:58:11,829 Epoch 275/300, Train Loss: 58.119485, Val Loss: 56.590563  
	Train = MSE:58.114723 , RMSE:7.623302 , MAE:6.216011 , MAPD:33.311535, R_squared:-0.005976  
	Validation = MSE:55.603798 , RMSE:7.456795 , MAE:5.983316 , MAPD:32.171183, R_squared:-0.000537

2024-03-21 04:58:28,011 Epoch 276/300, Train Loss: 58.051626, Val Loss: 57.451649  
	Train = MSE:58.050659 , RMSE:7.619098 , MAE:6.212646 , MAPD:33.312328, R_squared:-0.004867  
	Validation = MSE:56.546284 , RMSE:7.519726 , MAE:6.315784 , MAPD:35.694238, R_squared:-0.017496

2024-03-21 04:58:43,603 Epoch 277/300, Train Loss: 58.185486, Val Loss: 56.842989  
	Train = MSE:58.178406 , RMSE:7.627477 , MAE:6.230025 , MAPD:33.419115, R_squared:-0.007078  
	Validation = MSE:55.909023 , RMSE:7.477234 , MAE:6.180695 , MAPD:34.367347, R_squared:-0.006029

2024-03-21 04:59:02,915 Epoch 278/300, Train Loss: 58.073058, Val Loss: 56.687710  
	Train = MSE:58.075638 , RMSE:7.620738 , MAE:6.249362 , MAPD:33.681120, R_squared:-0.005299  
	Validation = MSE:55.741867 , RMSE:7.466048 , MAE:6.128788 , MAPD:33.836529, R_squared:-0.003022

2024-03-21 04:59:19,720 Epoch 279/300, Train Loss: 57.925271, Val Loss: 56.890488  
	Train = MSE:57.928055 , RMSE:7.611048 , MAE:6.229478 , MAPD:33.448859, R_squared:-0.002744  
	Validation = MSE:55.877186 , RMSE:7.475104 , MAE:5.902506 , MAPD:31.157996, R_squared:-0.005456

2024-03-21 04:59:35,427 Epoch 280/300, Train Loss: 58.101494, Val Loss: 56.611070  
	Train = MSE:58.105839 , RMSE:7.622719 , MAE:6.235483 , MAPD:33.481532, R_squared:-0.005822  
	Validation = MSE:55.656639 , RMSE:7.460338 , MAE:6.093059 , MAPD:33.461546, R_squared:-0.001488

2024-03-21 04:59:51,959 Epoch 281/300, Train Loss: 58.122802, Val Loss: 56.641808  
	Train = MSE:58.125675 , RMSE:7.624020 , MAE:6.217691 , MAPD:33.412995, R_squared:-0.006165  
	Validation = MSE:55.648056 , RMSE:7.459763 , MAE:5.961644 , MAPD:31.902482, R_squared:-0.001334

2024-03-21 05:00:10,247 Epoch 282/300, Train Loss: 58.162210, Val Loss: 56.801068  
	Train = MSE:58.164600 , RMSE:7.626572 , MAE:6.224884 , MAPD:33.364992, R_squared:-0.006839  
	Validation = MSE:55.864292 , RMSE:7.474242 , MAE:6.168153 , MAPD:34.240462, R_squared:-0.005224

2024-03-21 05:00:28,947 Epoch 283/300, Train Loss: 57.969557, Val Loss: 57.020427  
	Train = MSE:57.973957 , RMSE:7.614063 , MAE:6.228922 , MAPD:33.436430, R_squared:-0.003539  
	Validation = MSE:56.096577 , RMSE:7.489765 , MAE:6.227151 , MAPD:34.830401, R_squared:-0.009404

2024-03-21 05:00:45,686 Epoch 284/300, Train Loss: 57.948268, Val Loss: 56.547344  
	Train = MSE:57.942348 , RMSE:7.611987 , MAE:6.236663 , MAPD:33.562988, R_squared:-0.002992  
	Validation = MSE:55.575092 , RMSE:7.454870 , MAE:6.029309 , MAPD:32.734187, R_squared:-0.000021

2024-03-21 05:01:02,543 Epoch 285/300, Train Loss: 58.017411, Val Loss: 56.698719  
	Train = MSE:58.020329 , RMSE:7.617107 , MAE:6.232264 , MAPD:33.476642, R_squared:-0.004342  
	Validation = MSE:55.753887 , RMSE:7.466853 , MAE:6.133158 , MAPD:33.881515, R_squared:-0.003238

2024-03-21 05:01:21,961 Epoch 286/300, Train Loss: 58.257399, Val Loss: 57.135073  
	Train = MSE:58.253555 , RMSE:7.632401 , MAE:6.237927 , MAPD:33.431647, R_squared:-0.008379  
	Validation = MSE:56.216763 , RMSE:7.497784 , MAE:6.253163 , MAPD:35.086605, R_squared:-0.011567

2024-03-21 05:01:37,832 Epoch 287/300, Train Loss: 58.050408, Val Loss: 56.563268  
	Train = MSE:58.053650 , RMSE:7.619295 , MAE:6.264672 , MAPD:33.814884, R_squared:-0.004919  
	Validation = MSE:55.599972 , RMSE:7.456539 , MAE:6.059246 , MAPD:33.089357, R_squared:-0.000468

2024-03-21 05:01:57,200 Epoch 288/300, Train Loss: 58.326944, Val Loss: 56.547749  
	Train = MSE:58.330151 , RMSE:7.637418 , MAE:6.237948 , MAPD:33.428396, R_squared:-0.009705  
	Validation = MSE:55.577007 , RMSE:7.454999 , MAE:6.034247 , MAPD:32.793482, R_squared:-0.000055

2024-03-21 05:02:13,815 Epoch 289/300, Train Loss: 58.114889, Val Loss: 57.338020  
	Train = MSE:58.114582 , RMSE:7.623292 , MAE:6.211637 , MAPD:33.238461, R_squared:-0.005973  
	Validation = MSE:56.428322 , RMSE:7.511878 , MAE:6.294479 , MAPD:35.489123, R_squared:-0.015374

2024-03-21 05:02:29,907 Epoch 290/300, Train Loss: 58.119327, Val Loss: 56.954703  
	Train = MSE:58.119987 , RMSE:7.623647 , MAE:6.256776 , MAPD:33.722384, R_squared:-0.006067  
	Validation = MSE:56.027374 , RMSE:7.485144 , MAE:6.210804 , MAPD:34.669349, R_squared:-0.008159

2024-03-21 05:02:47,165 Epoch 291/300, Train Loss: 58.060282, Val Loss: 56.548041  
	Train = MSE:58.065147 , RMSE:7.620049 , MAE:6.225735 , MAPD:33.422397, R_squared:-0.005118  
	Validation = MSE:55.577736 , RMSE:7.455048 , MAE:6.035709 , MAPD:32.810892, R_squared:-0.000068

2024-03-21 05:03:04,057 Epoch 292/300, Train Loss: 58.193604, Val Loss: 56.608880  
	Train = MSE:58.190838 , RMSE:7.628292 , MAE:6.230059 , MAPD:33.440229, R_squared:-0.007293  
	Validation = MSE:55.619297 , RMSE:7.457835 , MAE:5.974479 , MAPD:32.062222, R_squared:-0.000816

2024-03-21 05:03:19,880 Epoch 293/300, Train Loss: 57.926267, Val Loss: 57.759972  
	Train = MSE:57.928162 , RMSE:7.611055 , MAE:6.209375 , MAPD:33.319610, R_squared:-0.002746  
	Validation = MSE:56.865162 , RMSE:7.540899 , MAE:6.367721 , MAPD:36.193784, R_squared:-0.023234

2024-03-21 05:03:38,782 Epoch 294/300, Train Loss: 58.309304, Val Loss: 56.610103  
	Train = MSE:58.302917 , RMSE:7.635635 , MAE:6.271779 , MAPD:33.835881, R_squared:-0.009233  
	Validation = MSE:55.620346 , RMSE:7.457905 , MAE:5.973939 , MAPD:32.055575, R_squared:-0.000835

2024-03-21 05:03:54,910 Epoch 295/300, Train Loss: 58.261510, Val Loss: 57.229102  
	Train = MSE:58.262051 , RMSE:7.632958 , MAE:6.217047 , MAPD:33.279592, R_squared:-0.008526  
	Validation = MSE:56.314941 , RMSE:7.504328 , MAE:6.272912 , MAPD:35.279790, R_squared:-0.013333

2024-03-21 05:04:12,848 Epoch 296/300, Train Loss: 58.087091, Val Loss: 57.593787  
	Train = MSE:58.092030 , RMSE:7.621813 , MAE:6.226170 , MAPD:33.362072, R_squared:-0.005583  
	Validation = MSE:56.693478 , RMSE:7.529507 , MAE:6.340626 , MAPD:35.933426, R_squared:-0.020145

2024-03-21 05:04:28,734 Epoch 297/300, Train Loss: 57.981919, Val Loss: 56.656861  
	Train = MSE:57.982239 , RMSE:7.614607 , MAE:6.237765 , MAPD:33.635133, R_squared:-0.003683  
	Validation = MSE:55.707943 , RMSE:7.463775 , MAE:6.115821 , MAPD:33.701472, R_squared:-0.002411

2024-03-21 05:04:46,309 Epoch 298/300, Train Loss: 58.361764, Val Loss: 56.734025  
	Train = MSE:58.366238 , RMSE:7.639780 , MAE:6.231692 , MAPD:33.407416, R_squared:-0.010330  
	Validation = MSE:55.792213 , RMSE:7.469419 , MAE:6.146271 , MAPD:34.016078, R_squared:-0.003927

2024-03-21 05:05:04,901 Epoch 299/300, Train Loss: 58.210456, Val Loss: 56.713719  
	Train = MSE:58.210442 , RMSE:7.629577 , MAE:6.237446 , MAPD:33.493942, R_squared:-0.007633  
	Validation = MSE:55.770210 , RMSE:7.467946 , MAE:6.138898 , MAPD:33.940418, R_squared:-0.003532

2024-03-21 05:05:22,411 Epoch 300/300, Train Loss: 58.121271, Val Loss: 56.553010  
	Train = MSE:58.117439 , RMSE:7.623479 , MAE:6.238270 , MAPD:33.515797, R_squared:-0.006023  
	Validation = MSE:55.586136 , RMSE:7.455611 , MAE:6.047190 , MAPD:32.947026, R_squared:-0.000219

2024-03-21 05:05:22,419 Time for training the model: 5145.111589
2024-03-21 05:05:28,794 MSE for train: 57.902370
2024-03-21 05:05:28,795 RMSE for train: 7.609361
2024-03-21 05:05:28,795 MAE for train: 6.128491
2024-03-21 05:05:28,795 MAPD for train: 32.380657
2024-03-21 05:05:28,795 R^2 Score for train: -0.002300
2024-03-21 05:05:28,801 Inference time for train dataset: 5.519001

2024-03-21 05:05:29,508 MSE for val: 55.586136
2024-03-21 05:05:29,508 RMSE for val: 7.455611
2024-03-21 05:05:29,508 MAE for val: 6.047190
2024-03-21 05:05:29,508 MAPD for val: 32.947026
2024-03-21 05:05:29,508 R^2 Score for val: -0.000219
2024-03-21 05:05:29,516 Inference time for val dataset: 0.707000

2024-03-21 05:05:30,247 MSE for test: 61.936886
2024-03-21 05:05:30,247 RMSE for test: 7.869999
2024-03-21 05:05:30,248 MAE for test: 6.329280
2024-03-21 05:05:30,248 MAPD for test: 31.565988
2024-03-21 05:05:30,248 R^2 Score for test: -0.022243
2024-03-21 05:05:30,255 Inference time for test dataset: 0.731000

2024-03-21 05:05:31,908 Train label average: , [20.62097221]
2024-03-21 05:05:31,908 Test label average: , [21.41736175]
2024-03-21 05:05:31,909 validation label average: , [20.14607025]
2024-03-21 05:05:31,909 predicted (on validation dataset) values average: , 20.25647216796875
