2024-03-21 05:29:49,900 train batches in dataset: 3199
2024-03-21 05:29:49,900 val batches in dataset: 400
2024-03-21 05:29:49,900 test batches in dataset: 400
2024-03-21 05:29:49,911 Trainable parameter: net_core.0.weight - size: torch.Size([256, 35])
2024-03-21 05:29:49,914 Trainable parameter: net_core.0.bias - size: torch.Size([256])
2024-03-21 05:29:49,920 Trainable parameter: net_core.1.weight - size: torch.Size([128, 256])
2024-03-21 05:29:49,925 Trainable parameter: net_core.1.bias - size: torch.Size([128])
2024-03-21 05:29:49,930 Trainable parameter: net_core.2.weight - size: torch.Size([64, 128])
2024-03-21 05:29:49,934 Trainable parameter: net_core.2.bias - size: torch.Size([64])
2024-03-21 05:29:49,938 Trainable parameter: net_core.3.weight - size: torch.Size([16, 64])
2024-03-21 05:29:49,939 Trainable parameter: net_core.3.bias - size: torch.Size([16])
2024-03-21 05:29:49,939 Trainable parameter: net_core.4.weight - size: torch.Size([1, 16])
2024-03-21 05:29:49,939 Trainable parameter: net_core.4.bias - size: torch.Size([1])
2024-03-21 05:29:49,939 Number of trainable parameters: 51425
2024-03-21 05:29:49,940 Number of non-trainable parameters: 0
2024-03-21 05:30:06,166 Epoch 1/300, Train Loss: 10.561738, Val Loss: 0.330570  
	Train = MSE:10.561738 , RMSE:3.249883 , MAE:1.452470 , MAPD:7.795698, R_squared:0.817175  
	Validation = MSE:0.330570 , RMSE:0.574952 , MAE:0.428654 , MAPD:2.068741, R_squared:0.994052

2024-03-21 05:30:21,683 Epoch 2/300, Train Loss: 0.253158, Val Loss: 0.113151  
	Train = MSE:0.253158 , RMSE:0.503148 , MAE:0.388455 , MAPD:2.080692, R_squared:0.995618  
	Validation = MSE:0.113151 , RMSE:0.336380 , MAE:0.257375 , MAPD:1.448998, R_squared:0.997964

2024-03-21 05:30:35,974 Epoch 3/300, Train Loss: 0.202245, Val Loss: 0.091221  
	Train = MSE:0.202245 , RMSE:0.449717 , MAE:0.338620 , MAPD:1.805026, R_squared:0.996499  
	Validation = MSE:0.091221 , RMSE:0.302028 , MAE:0.226372 , MAPD:1.333321, R_squared:0.998359

2024-03-21 05:30:51,509 Epoch 4/300, Train Loss: 0.197107, Val Loss: 0.143774  
	Train = MSE:0.197107 , RMSE:0.443967 , MAE:0.339816 , MAPD:1.806207, R_squared:0.996588  
	Validation = MSE:0.143774 , RMSE:0.379175 , MAE:0.296768 , MAPD:1.526176, R_squared:0.997413

2024-03-21 05:31:05,369 Epoch 5/300, Train Loss: 0.185524, Val Loss: 0.090533  
	Train = MSE:0.185524 , RMSE:0.430725 , MAE:0.321369 , MAPD:1.695225, R_squared:0.996789  
	Validation = MSE:0.090533 , RMSE:0.300887 , MAE:0.245397 , MAPD:1.477325, R_squared:0.998371

2024-03-21 05:31:20,832 Epoch 6/300, Train Loss: 0.148075, Val Loss: 0.063789  
	Train = MSE:0.148075 , RMSE:0.384805 , MAE:0.294430 , MAPD:1.564223, R_squared:0.997437  
	Validation = MSE:0.063789 , RMSE:0.252565 , MAE:0.188603 , MAPD:1.074168, R_squared:0.998852

2024-03-21 05:31:36,336 Epoch 7/300, Train Loss: 0.136155, Val Loss: 0.166018  
	Train = MSE:0.136155 , RMSE:0.368992 , MAE:0.281335 , MAPD:1.490828, R_squared:0.997643  
	Validation = MSE:0.166018 , RMSE:0.407453 , MAE:0.335929 , MAPD:1.680806, R_squared:0.997013

2024-03-21 05:31:49,918 Epoch 8/300, Train Loss: 0.147132, Val Loss: 0.265896  
	Train = MSE:0.147132 , RMSE:0.383578 , MAE:0.288411 , MAPD:1.512331, R_squared:0.997453  
	Validation = MSE:0.265896 , RMSE:0.515651 , MAE:0.414086 , MAPD:1.924515, R_squared:0.995215

2024-03-21 05:32:04,191 Epoch 9/300, Train Loss: 0.114299, Val Loss: 0.104083  
	Train = MSE:0.114299 , RMSE:0.338081 , MAE:0.255805 , MAPD:1.347511, R_squared:0.998021  
	Validation = MSE:0.104083 , RMSE:0.322619 , MAE:0.250998 , MAPD:1.276335, R_squared:0.998127

2024-03-21 05:32:18,624 Epoch 10/300, Train Loss: 0.113848, Val Loss: 0.205992  
	Train = MSE:0.113848 , RMSE:0.337414 , MAE:0.252996 , MAPD:1.335514, R_squared:0.998029  
	Validation = MSE:0.205992 , RMSE:0.453863 , MAE:0.365294 , MAPD:1.722664, R_squared:0.996293

2024-03-21 05:32:34,115 Epoch 11/300, Train Loss: 0.104360, Val Loss: 0.043229  
	Train = MSE:0.104360 , RMSE:0.323048 , MAE:0.244728 , MAPD:1.281413, R_squared:0.998194  
	Validation = MSE:0.043229 , RMSE:0.207915 , MAE:0.152527 , MAPD:0.877093, R_squared:0.999222

2024-03-21 05:32:48,790 Epoch 12/300, Train Loss: 0.099653, Val Loss: 0.075970  
	Train = MSE:0.099653 , RMSE:0.315678 , MAE:0.243079 , MAPD:1.265791, R_squared:0.998275  
	Validation = MSE:0.075970 , RMSE:0.275627 , MAE:0.232701 , MAPD:1.213299, R_squared:0.998633

2024-03-21 05:33:02,215 Epoch 13/300, Train Loss: 0.097721, Val Loss: 0.079881  
	Train = MSE:0.097721 , RMSE:0.312603 , MAE:0.234801 , MAPD:1.228219, R_squared:0.998308  
	Validation = MSE:0.079881 , RMSE:0.282632 , MAE:0.225962 , MAPD:1.347907, R_squared:0.998563

2024-03-21 05:33:15,531 Epoch 14/300, Train Loss: 0.089490, Val Loss: 0.045867  
	Train = MSE:0.089490 , RMSE:0.299149 , MAE:0.225679 , MAPD:1.191999, R_squared:0.998451  
	Validation = MSE:0.045867 , RMSE:0.214165 , MAE:0.156555 , MAPD:0.879369, R_squared:0.999175

2024-03-21 05:33:28,820 Epoch 15/300, Train Loss: 0.085705, Val Loss: 0.045204  
	Train = MSE:0.085705 , RMSE:0.292755 , MAE:0.218036 , MAPD:1.146728, R_squared:0.998516  
	Validation = MSE:0.045204 , RMSE:0.212612 , MAE:0.158290 , MAPD:0.904177, R_squared:0.999187

2024-03-21 05:33:41,830 Epoch 16/300, Train Loss: 0.079820, Val Loss: 0.190168  
	Train = MSE:0.079820 , RMSE:0.282524 , MAE:0.216983 , MAPD:1.130105, R_squared:0.998618  
	Validation = MSE:0.190168 , RMSE:0.436083 , MAE:0.358496 , MAPD:1.701592, R_squared:0.996578

2024-03-21 05:33:54,751 Epoch 17/300, Train Loss: 0.084024, Val Loss: 0.045539  
	Train = MSE:0.084024 , RMSE:0.289868 , MAE:0.219396 , MAPD:1.152713, R_squared:0.998546  
	Validation = MSE:0.045539 , RMSE:0.213398 , MAE:0.159797 , MAPD:0.831209, R_squared:0.999181

2024-03-21 05:34:08,068 Epoch 18/300, Train Loss: 0.089613, Val Loss: 0.029148  
	Train = MSE:0.089613 , RMSE:0.299354 , MAE:0.225213 , MAPD:1.168528, R_squared:0.998449  
	Validation = MSE:0.029148 , RMSE:0.170728 , MAE:0.126183 , MAPD:0.694245, R_squared:0.999476

2024-03-21 05:34:22,355 Epoch 19/300, Train Loss: 0.073976, Val Loss: 0.040494  
	Train = MSE:0.073976 , RMSE:0.271984 , MAE:0.205440 , MAPD:1.074831, R_squared:0.998719  
	Validation = MSE:0.040494 , RMSE:0.201230 , MAE:0.144249 , MAPD:0.739622, R_squared:0.999271

2024-03-21 05:34:35,463 Epoch 20/300, Train Loss: 0.074076, Val Loss: 0.054894  
	Train = MSE:0.074076 , RMSE:0.272169 , MAE:0.208659 , MAPD:1.081107, R_squared:0.998718  
	Validation = MSE:0.054894 , RMSE:0.234296 , MAE:0.197763 , MAPD:1.063020, R_squared:0.999012

2024-03-21 05:34:49,383 Epoch 21/300, Train Loss: 0.067544, Val Loss: 0.036779  
	Train = MSE:0.067544 , RMSE:0.259893 , MAE:0.197655 , MAPD:1.031116, R_squared:0.998831  
	Validation = MSE:0.036779 , RMSE:0.191779 , MAE:0.146778 , MAPD:0.835420, R_squared:0.999338

2024-03-21 05:35:04,072 Epoch 22/300, Train Loss: 0.067234, Val Loss: 0.040412  
	Train = MSE:0.067234 , RMSE:0.259295 , MAE:0.198253 , MAPD:1.038249, R_squared:0.998836  
	Validation = MSE:0.040412 , RMSE:0.201028 , MAE:0.146845 , MAPD:0.744997, R_squared:0.999273

2024-03-21 05:35:17,042 Epoch 23/300, Train Loss: 0.071069, Val Loss: 0.085462  
	Train = MSE:0.071069 , RMSE:0.266589 , MAE:0.201053 , MAPD:1.039215, R_squared:0.998770  
	Validation = MSE:0.085462 , RMSE:0.292338 , MAE:0.238480 , MAPD:1.223250, R_squared:0.998462

2024-03-21 05:35:30,876 Epoch 24/300, Train Loss: 0.059322, Val Loss: 0.049867  
	Train = MSE:0.059322 , RMSE:0.243560 , MAE:0.184657 , MAPD:0.960004, R_squared:0.998973  
	Validation = MSE:0.049867 , RMSE:0.223308 , MAE:0.171596 , MAPD:1.027353, R_squared:0.999103

2024-03-21 05:35:44,093 Epoch 25/300, Train Loss: 0.068612, Val Loss: 0.031327  
	Train = MSE:0.068612 , RMSE:0.261940 , MAE:0.199271 , MAPD:1.032135, R_squared:0.998812  
	Validation = MSE:0.031327 , RMSE:0.176993 , MAE:0.134296 , MAPD:0.783147, R_squared:0.999436

2024-03-21 05:35:57,376 Epoch 26/300, Train Loss: 0.059408, Val Loss: 0.060934  
	Train = MSE:0.059408 , RMSE:0.243738 , MAE:0.182687 , MAPD:0.944496, R_squared:0.998972  
	Validation = MSE:0.060934 , RMSE:0.246849 , MAE:0.183193 , MAPD:0.882708, R_squared:0.998904

2024-03-21 05:36:10,493 Epoch 27/300, Train Loss: 0.059166, Val Loss: 0.053397  
	Train = MSE:0.059166 , RMSE:0.243242 , MAE:0.181841 , MAPD:0.950175, R_squared:0.998976  
	Validation = MSE:0.053397 , RMSE:0.231078 , MAE:0.190459 , MAPD:1.057890, R_squared:0.999039

2024-03-21 05:36:24,080 Epoch 28/300, Train Loss: 0.056358, Val Loss: 0.027616  
	Train = MSE:0.056358 , RMSE:0.237398 , MAE:0.178144 , MAPD:0.935685, R_squared:0.999024  
	Validation = MSE:0.027616 , RMSE:0.166179 , MAE:0.120317 , MAPD:0.630547, R_squared:0.999503

2024-03-21 05:36:37,562 Epoch 29/300, Train Loss: 0.060310, Val Loss: 0.046930  
	Train = MSE:0.060310 , RMSE:0.245581 , MAE:0.184953 , MAPD:0.964971, R_squared:0.998956  
	Validation = MSE:0.046930 , RMSE:0.216633 , MAE:0.173721 , MAPD:0.921097, R_squared:0.999156

2024-03-21 05:36:51,643 Epoch 30/300, Train Loss: 0.050439, Val Loss: 0.051756  
	Train = MSE:0.050439 , RMSE:0.224585 , MAE:0.171133 , MAPD:0.889649, R_squared:0.999127  
	Validation = MSE:0.051756 , RMSE:0.227499 , MAE:0.187234 , MAPD:1.039938, R_squared:0.999069

2024-03-21 05:37:06,162 Epoch 31/300, Train Loss: 0.057451, Val Loss: 0.049410  
	Train = MSE:0.057451 , RMSE:0.239690 , MAE:0.181082 , MAPD:0.941371, R_squared:0.999006  
	Validation = MSE:0.049410 , RMSE:0.222283 , MAE:0.166461 , MAPD:1.016033, R_squared:0.999111

2024-03-21 05:37:21,856 Epoch 32/300, Train Loss: 0.054826, Val Loss: 0.032582  
	Train = MSE:0.054826 , RMSE:0.234149 , MAE:0.178941 , MAPD:0.943785, R_squared:0.999051  
	Validation = MSE:0.032582 , RMSE:0.180506 , MAE:0.134422 , MAPD:0.707704, R_squared:0.999414

2024-03-21 05:37:35,532 Epoch 33/300, Train Loss: 0.050658, Val Loss: 0.024804  
	Train = MSE:0.050658 , RMSE:0.225074 , MAE:0.171712 , MAPD:0.895704, R_squared:0.999123  
	Validation = MSE:0.024804 , RMSE:0.157493 , MAE:0.115134 , MAPD:0.632628, R_squared:0.999554

2024-03-21 05:37:49,249 Epoch 34/300, Train Loss: 0.050866, Val Loss: 0.115272  
	Train = MSE:0.050866 , RMSE:0.225534 , MAE:0.169843 , MAPD:0.876842, R_squared:0.999120  
	Validation = MSE:0.115272 , RMSE:0.339517 , MAE:0.315951 , MAPD:1.733235, R_squared:0.997926

2024-03-21 05:38:03,054 Epoch 35/300, Train Loss: 0.052192, Val Loss: 0.045936  
	Train = MSE:0.052192 , RMSE:0.228457 , MAE:0.172377 , MAPD:0.899623, R_squared:0.999097  
	Validation = MSE:0.045936 , RMSE:0.214326 , MAE:0.187855 , MAPD:1.069040, R_squared:0.999173

2024-03-21 05:38:17,257 Epoch 36/300, Train Loss: 0.050281, Val Loss: 0.237042  
	Train = MSE:0.050281 , RMSE:0.224235 , MAE:0.167472 , MAPD:0.872555, R_squared:0.999130  
	Validation = MSE:0.237042 , RMSE:0.486870 , MAE:0.459701 , MAPD:2.431647, R_squared:0.995735

2024-03-21 05:38:31,692 Epoch 37/300, Train Loss: 0.048044, Val Loss: 0.040975  
	Train = MSE:0.048044 , RMSE:0.219190 , MAE:0.167385 , MAPD:0.868551, R_squared:0.999168  
	Validation = MSE:0.040975 , RMSE:0.202423 , MAE:0.154469 , MAPD:0.845043, R_squared:0.999263

2024-03-21 05:38:47,156 Epoch 38/300, Train Loss: 0.052548, Val Loss: 0.026186  
	Train = MSE:0.052548 , RMSE:0.229233 , MAE:0.177462 , MAPD:0.917154, R_squared:0.999090  
	Validation = MSE:0.026186 , RMSE:0.161822 , MAE:0.126091 , MAPD:0.691191, R_squared:0.999529

2024-03-21 05:39:03,111 Epoch 39/300, Train Loss: 0.051391, Val Loss: 0.032515  
	Train = MSE:0.051391 , RMSE:0.226695 , MAE:0.170824 , MAPD:0.886508, R_squared:0.999110  
	Validation = MSE:0.032515 , RMSE:0.180319 , MAE:0.134719 , MAPD:0.662109, R_squared:0.999415

2024-03-21 05:39:17,114 Epoch 40/300, Train Loss: 0.045437, Val Loss: 0.019237  
	Train = MSE:0.045437 , RMSE:0.213159 , MAE:0.159550 , MAPD:0.826992, R_squared:0.999213  
	Validation = MSE:0.019237 , RMSE:0.138698 , MAE:0.100871 , MAPD:0.536833, R_squared:0.999654

2024-03-21 05:39:32,047 Epoch 41/300, Train Loss: 0.043751, Val Loss: 0.032289  
	Train = MSE:0.043751 , RMSE:0.209167 , MAE:0.158965 , MAPD:0.822111, R_squared:0.999243  
	Validation = MSE:0.032289 , RMSE:0.179692 , MAE:0.138073 , MAPD:0.727238, R_squared:0.999419

2024-03-21 05:39:48,712 Epoch 42/300, Train Loss: 0.047712, Val Loss: 0.117902  
	Train = MSE:0.047712 , RMSE:0.218431 , MAE:0.164115 , MAPD:0.849969, R_squared:0.999174  
	Validation = MSE:0.117902 , RMSE:0.343368 , MAE:0.319607 , MAPD:1.864843, R_squared:0.997878

2024-03-21 05:40:01,905 Epoch 43/300, Train Loss: 0.053219, Val Loss: 0.025447  
	Train = MSE:0.053219 , RMSE:0.230692 , MAE:0.167383 , MAPD:0.859607, R_squared:0.999079  
	Validation = MSE:0.025447 , RMSE:0.159520 , MAE:0.118107 , MAPD:0.644394, R_squared:0.999542

2024-03-21 05:40:16,159 Epoch 44/300, Train Loss: 0.042656, Val Loss: 0.024997  
	Train = MSE:0.042656 , RMSE:0.206533 , MAE:0.156004 , MAPD:0.810810, R_squared:0.999262  
	Validation = MSE:0.024997 , RMSE:0.158105 , MAE:0.123152 , MAPD:0.670946, R_squared:0.999550

2024-03-21 05:40:29,013 Epoch 45/300, Train Loss: 0.047009, Val Loss: 0.030526  
	Train = MSE:0.047009 , RMSE:0.216816 , MAE:0.163099 , MAPD:0.845130, R_squared:0.999186  
	Validation = MSE:0.030526 , RMSE:0.174717 , MAE:0.123534 , MAPD:0.619571, R_squared:0.999451

2024-03-21 05:40:43,450 Epoch 46/300, Train Loss: 0.043868, Val Loss: 0.023542  
	Train = MSE:0.043868 , RMSE:0.209448 , MAE:0.155110 , MAPD:0.798357, R_squared:0.999241  
	Validation = MSE:0.023542 , RMSE:0.153434 , MAE:0.116108 , MAPD:0.620874, R_squared:0.999576

2024-03-21 05:40:56,283 Epoch 47/300, Train Loss: 0.052463, Val Loss: 0.021016  
	Train = MSE:0.052463 , RMSE:0.229048 , MAE:0.167794 , MAPD:0.869609, R_squared:0.999092  
	Validation = MSE:0.021016 , RMSE:0.144969 , MAE:0.105282 , MAPD:0.558404, R_squared:0.999622

2024-03-21 05:41:09,671 Epoch 48/300, Train Loss: 0.043194, Val Loss: 0.037360  
	Train = MSE:0.043194 , RMSE:0.207833 , MAE:0.159373 , MAPD:0.826693, R_squared:0.999252  
	Validation = MSE:0.037360 , RMSE:0.193287 , MAE:0.138658 , MAPD:0.655816, R_squared:0.999328

2024-03-21 05:41:22,597 Epoch 49/300, Train Loss: 0.039049, Val Loss: 0.033802  
	Train = MSE:0.039049 , RMSE:0.197609 , MAE:0.148983 , MAPD:0.771998, R_squared:0.999324  
	Validation = MSE:0.033802 , RMSE:0.183852 , MAE:0.157077 , MAPD:0.931865, R_squared:0.999392

2024-03-21 05:41:35,406 Epoch 50/300, Train Loss: 0.040512, Val Loss: 0.017458  
	Train = MSE:0.040512 , RMSE:0.201275 , MAE:0.150040 , MAPD:0.774149, R_squared:0.999299  
	Validation = MSE:0.017458 , RMSE:0.132129 , MAE:0.099093 , MAPD:0.563239, R_squared:0.999686

2024-03-21 05:41:48,330 Epoch 51/300, Train Loss: 0.045742, Val Loss: 0.017303  
	Train = MSE:0.045742 , RMSE:0.213875 , MAE:0.161978 , MAPD:0.835843, R_squared:0.999208  
	Validation = MSE:0.017303 , RMSE:0.131542 , MAE:0.092820 , MAPD:0.505673, R_squared:0.999689

2024-03-21 05:42:02,826 Epoch 52/300, Train Loss: 0.044101, Val Loss: 0.044577  
	Train = MSE:0.044101 , RMSE:0.210002 , MAE:0.155139 , MAPD:0.801466, R_squared:0.999237  
	Validation = MSE:0.044577 , RMSE:0.211134 , MAE:0.172377 , MAPD:0.857154, R_squared:0.999198

2024-03-21 05:42:15,898 Epoch 53/300, Train Loss: 0.040372, Val Loss: 0.084469  
	Train = MSE:0.040372 , RMSE:0.200929 , MAE:0.150166 , MAPD:0.771346, R_squared:0.999301  
	Validation = MSE:0.084469 , RMSE:0.290636 , MAE:0.263590 , MAPD:1.438077, R_squared:0.998480

2024-03-21 05:42:29,316 Epoch 54/300, Train Loss: 0.039595, Val Loss: 0.035989  
	Train = MSE:0.039595 , RMSE:0.198985 , MAE:0.149941 , MAPD:0.769402, R_squared:0.999315  
	Validation = MSE:0.035989 , RMSE:0.189708 , MAE:0.130890 , MAPD:0.604076, R_squared:0.999352

2024-03-21 05:42:42,314 Epoch 55/300, Train Loss: 0.037981, Val Loss: 0.024623  
	Train = MSE:0.037981 , RMSE:0.194888 , MAE:0.150148 , MAPD:0.780490, R_squared:0.999343  
	Validation = MSE:0.024623 , RMSE:0.156919 , MAE:0.116342 , MAPD:0.666835, R_squared:0.999557

2024-03-21 05:42:55,375 Epoch 56/300, Train Loss: 0.042523, Val Loss: 0.021294  
	Train = MSE:0.042523 , RMSE:0.206210 , MAE:0.155100 , MAPD:0.809304, R_squared:0.999264  
	Validation = MSE:0.021294 , RMSE:0.145926 , MAE:0.107769 , MAPD:0.594025, R_squared:0.999617

2024-03-21 05:43:08,257 Epoch 57/300, Train Loss: 0.038919, Val Loss: 0.020859  
	Train = MSE:0.038919 , RMSE:0.197279 , MAE:0.149902 , MAPD:0.771706, R_squared:0.999326  
	Validation = MSE:0.020859 , RMSE:0.144427 , MAE:0.110655 , MAPD:0.580777, R_squared:0.999625

2024-03-21 05:43:21,169 Epoch 58/300, Train Loss: 0.036408, Val Loss: 0.031711  
	Train = MSE:0.036408 , RMSE:0.190808 , MAE:0.145234 , MAPD:0.752531, R_squared:0.999370  
	Validation = MSE:0.031711 , RMSE:0.178077 , MAE:0.136614 , MAPD:0.686827, R_squared:0.999429

2024-03-21 05:43:34,038 Epoch 59/300, Train Loss: 0.039437, Val Loss: 0.030222  
	Train = MSE:0.039437 , RMSE:0.198586 , MAE:0.151399 , MAPD:0.778560, R_squared:0.999317  
	Validation = MSE:0.030222 , RMSE:0.173845 , MAE:0.127343 , MAPD:0.642499, R_squared:0.999456

2024-03-21 05:43:48,057 Epoch 60/300, Train Loss: 0.040112, Val Loss: 0.037691  
	Train = MSE:0.040112 , RMSE:0.200280 , MAE:0.152069 , MAPD:0.779977, R_squared:0.999306  
	Validation = MSE:0.037691 , RMSE:0.194141 , MAE:0.164954 , MAPD:0.973816, R_squared:0.999322

2024-03-21 05:44:01,223 Epoch 61/300, Train Loss: 0.039015, Val Loss: 0.033055  
	Train = MSE:0.039015 , RMSE:0.197522 , MAE:0.148207 , MAPD:0.764399, R_squared:0.999325  
	Validation = MSE:0.033055 , RMSE:0.181809 , MAE:0.142827 , MAPD:0.716009, R_squared:0.999405

2024-03-21 05:44:16,437 Epoch 62/300, Train Loss: 0.039511, Val Loss: 0.015765  
	Train = MSE:0.039511 , RMSE:0.198775 , MAE:0.150039 , MAPD:0.784518, R_squared:0.999316  
	Validation = MSE:0.015765 , RMSE:0.125560 , MAE:0.089811 , MAPD:0.476416, R_squared:0.999716

2024-03-21 05:44:29,283 Epoch 63/300, Train Loss: 0.034404, Val Loss: 0.030915  
	Train = MSE:0.034404 , RMSE:0.185484 , MAE:0.141562 , MAPD:0.736754, R_squared:0.999404  
	Validation = MSE:0.030915 , RMSE:0.175827 , MAE:0.138304 , MAPD:0.791103, R_squared:0.999444

2024-03-21 05:44:42,419 Epoch 64/300, Train Loss: 0.040198, Val Loss: 0.069868  
	Train = MSE:0.040198 , RMSE:0.200495 , MAE:0.149976 , MAPD:0.777505, R_squared:0.999304  
	Validation = MSE:0.069868 , RMSE:0.264325 , MAE:0.224391 , MAPD:1.162480, R_squared:0.998743

2024-03-21 05:44:56,348 Epoch 65/300, Train Loss: 0.034694, Val Loss: 0.019056  
	Train = MSE:0.034694 , RMSE:0.186263 , MAE:0.142760 , MAPD:0.733919, R_squared:0.999399  
	Validation = MSE:0.019056 , RMSE:0.138044 , MAE:0.108707 , MAPD:0.569615, R_squared:0.999657

2024-03-21 05:45:09,243 Epoch 66/300, Train Loss: 0.034034, Val Loss: 0.030890  
	Train = MSE:0.034034 , RMSE:0.184482 , MAE:0.141042 , MAPD:0.733618, R_squared:0.999411  
	Validation = MSE:0.030890 , RMSE:0.175754 , MAE:0.141956 , MAPD:0.721537, R_squared:0.999444

2024-03-21 05:45:22,542 Epoch 67/300, Train Loss: 0.035203, Val Loss: 0.024744  
	Train = MSE:0.035203 , RMSE:0.187625 , MAE:0.143154 , MAPD:0.741999, R_squared:0.999391  
	Validation = MSE:0.024744 , RMSE:0.157301 , MAE:0.123852 , MAPD:0.739374, R_squared:0.999555

2024-03-21 05:45:36,551 Epoch 68/300, Train Loss: 0.033838, Val Loss: 0.059201  
	Train = MSE:0.033838 , RMSE:0.183950 , MAE:0.139933 , MAPD:0.724859, R_squared:0.999414  
	Validation = MSE:0.059201 , RMSE:0.243312 , MAE:0.214377 , MAPD:1.158400, R_squared:0.998935

2024-03-21 05:45:49,707 Epoch 69/300, Train Loss: 0.037949, Val Loss: 0.025162  
	Train = MSE:0.037949 , RMSE:0.194805 , MAE:0.147943 , MAPD:0.768681, R_squared:0.999343  
	Validation = MSE:0.025162 , RMSE:0.158626 , MAE:0.128172 , MAPD:0.760423, R_squared:0.999547

2024-03-21 05:46:03,300 Epoch 70/300, Train Loss: 0.033711, Val Loss: 0.025888  
	Train = MSE:0.033711 , RMSE:0.183606 , MAE:0.138969 , MAPD:0.716774, R_squared:0.999416  
	Validation = MSE:0.025888 , RMSE:0.160898 , MAE:0.124794 , MAPD:0.627883, R_squared:0.999534

2024-03-21 05:46:16,377 Epoch 71/300, Train Loss: 0.031990, Val Loss: 0.038294  
	Train = MSE:0.031990 , RMSE:0.178858 , MAE:0.136905 , MAPD:0.712968, R_squared:0.999446  
	Validation = MSE:0.038294 , RMSE:0.195689 , MAE:0.149712 , MAPD:0.768635, R_squared:0.999311

2024-03-21 05:46:30,802 Epoch 72/300, Train Loss: 0.034919, Val Loss: 0.039714  
	Train = MSE:0.034919 , RMSE:0.186867 , MAE:0.142823 , MAPD:0.737436, R_squared:0.999396  
	Validation = MSE:0.039714 , RMSE:0.199284 , MAE:0.149602 , MAPD:0.716423, R_squared:0.999285

2024-03-21 05:46:44,045 Epoch 73/300, Train Loss: 0.033908, Val Loss: 0.016205  
	Train = MSE:0.033908 , RMSE:0.184142 , MAE:0.139273 , MAPD:0.723808, R_squared:0.999413  
	Validation = MSE:0.016205 , RMSE:0.127300 , MAE:0.092003 , MAPD:0.487626, R_squared:0.999708

2024-03-21 05:46:57,871 Epoch 74/300, Train Loss: 0.033036, Val Loss: 0.048365  
	Train = MSE:0.033036 , RMSE:0.181758 , MAE:0.137729 , MAPD:0.711488, R_squared:0.999428  
	Validation = MSE:0.048365 , RMSE:0.219919 , MAE:0.191571 , MAPD:1.059489, R_squared:0.999130

2024-03-21 05:47:11,310 Epoch 75/300, Train Loss: 0.029106, Val Loss: 0.019363  
	Train = MSE:0.029106 , RMSE:0.170604 , MAE:0.130758 , MAPD:0.680667, R_squared:0.999496  
	Validation = MSE:0.019363 , RMSE:0.139150 , MAE:0.104286 , MAPD:0.542653, R_squared:0.999652

2024-03-21 05:47:24,295 Epoch 76/300, Train Loss: 0.030249, Val Loss: 0.028020  
	Train = MSE:0.030249 , RMSE:0.173921 , MAE:0.131862 , MAPD:0.684784, R_squared:0.999476  
	Validation = MSE:0.028020 , RMSE:0.167393 , MAE:0.129984 , MAPD:0.719701, R_squared:0.999496

2024-03-21 05:47:37,837 Epoch 77/300, Train Loss: 0.033829, Val Loss: 0.022563  
	Train = MSE:0.033829 , RMSE:0.183927 , MAE:0.137835 , MAPD:0.710612, R_squared:0.999414  
	Validation = MSE:0.022563 , RMSE:0.150210 , MAE:0.108133 , MAPD:0.581746, R_squared:0.999594

2024-03-21 05:47:51,126 Epoch 78/300, Train Loss: 0.032039, Val Loss: 0.026241  
	Train = MSE:0.032039 , RMSE:0.178995 , MAE:0.133189 , MAPD:0.678632, R_squared:0.999445  
	Validation = MSE:0.026241 , RMSE:0.161990 , MAE:0.119386 , MAPD:0.613824, R_squared:0.999528

2024-03-21 05:48:04,235 Epoch 79/300, Train Loss: 0.032988, Val Loss: 0.024046  
	Train = MSE:0.032988 , RMSE:0.181626 , MAE:0.138142 , MAPD:0.715207, R_squared:0.999429  
	Validation = MSE:0.024046 , RMSE:0.155069 , MAE:0.121386 , MAPD:0.709592, R_squared:0.999567

2024-03-21 05:48:18,236 Epoch 80/300, Train Loss: 0.032831, Val Loss: 0.025046  
	Train = MSE:0.032831 , RMSE:0.181192 , MAE:0.137356 , MAPD:0.702703, R_squared:0.999432  
	Validation = MSE:0.025046 , RMSE:0.158260 , MAE:0.112426 , MAPD:0.578580, R_squared:0.999549

2024-03-21 05:48:31,379 Epoch 81/300, Train Loss: 0.033185, Val Loss: 0.018130  
	Train = MSE:0.033185 , RMSE:0.182169 , MAE:0.138405 , MAPD:0.715092, R_squared:0.999426  
	Validation = MSE:0.018130 , RMSE:0.134647 , MAE:0.102484 , MAPD:0.593129, R_squared:0.999674

2024-03-21 05:48:47,794 Epoch 82/300, Train Loss: 0.029128, Val Loss: 0.025013  
	Train = MSE:0.029128 , RMSE:0.170668 , MAE:0.130353 , MAPD:0.670192, R_squared:0.999496  
	Validation = MSE:0.025013 , RMSE:0.158154 , MAE:0.129782 , MAPD:0.731359, R_squared:0.999550

2024-03-21 05:49:00,860 Epoch 83/300, Train Loss: 0.030923, Val Loss: 0.017840  
	Train = MSE:0.030923 , RMSE:0.175850 , MAE:0.132877 , MAPD:0.687633, R_squared:0.999465  
	Validation = MSE:0.017840 , RMSE:0.133567 , MAE:0.096987 , MAPD:0.518978, R_squared:0.999679

2024-03-21 05:49:14,414 Epoch 84/300, Train Loss: 0.029714, Val Loss: 0.017885  
	Train = MSE:0.029714 , RMSE:0.172378 , MAE:0.131059 , MAPD:0.681739, R_squared:0.999486  
	Validation = MSE:0.017885 , RMSE:0.133735 , MAE:0.094186 , MAPD:0.473373, R_squared:0.999678

2024-03-21 05:49:27,837 Epoch 85/300, Train Loss: 0.029956, Val Loss: 0.025996  
	Train = MSE:0.029956 , RMSE:0.173077 , MAE:0.130996 , MAPD:0.674566, R_squared:0.999481  
	Validation = MSE:0.025996 , RMSE:0.161232 , MAE:0.124364 , MAPD:0.685273, R_squared:0.999532

2024-03-21 05:49:40,950 Epoch 86/300, Train Loss: 0.032636, Val Loss: 0.027774  
	Train = MSE:0.032636 , RMSE:0.180653 , MAE:0.137621 , MAPD:0.718965, R_squared:0.999435  
	Validation = MSE:0.027774 , RMSE:0.166655 , MAE:0.121421 , MAPD:0.598345, R_squared:0.999500

2024-03-21 05:49:54,441 Epoch 87/300, Train Loss: 0.031135, Val Loss: 0.036311  
	Train = MSE:0.031135 , RMSE:0.176452 , MAE:0.133855 , MAPD:0.689239, R_squared:0.999461  
	Validation = MSE:0.036311 , RMSE:0.190555 , MAE:0.142819 , MAPD:0.679212, R_squared:0.999347

2024-03-21 05:50:07,991 Epoch 88/300, Train Loss: 0.027550, Val Loss: 0.087970  
	Train = MSE:0.027550 , RMSE:0.165982 , MAE:0.125316 , MAPD:0.646700, R_squared:0.999523  
	Validation = MSE:0.087970 , RMSE:0.296597 , MAE:0.267783 , MAPD:1.376799, R_squared:0.998417

2024-03-21 05:50:21,784 Epoch 89/300, Train Loss: 0.032976, Val Loss: 0.021686  
	Train = MSE:0.032976 , RMSE:0.181594 , MAE:0.138095 , MAPD:0.721869, R_squared:0.999429  
	Validation = MSE:0.021686 , RMSE:0.147262 , MAE:0.114482 , MAPD:0.618740, R_squared:0.999610

2024-03-21 05:50:35,334 Epoch 90/300, Train Loss: 0.028401, Val Loss: 0.029425  
	Train = MSE:0.028401 , RMSE:0.168525 , MAE:0.127478 , MAPD:0.655557, R_squared:0.999508  
	Validation = MSE:0.029425 , RMSE:0.171537 , MAE:0.139316 , MAPD:0.823109, R_squared:0.999471

2024-03-21 05:50:48,850 Epoch 91/300, Train Loss: 0.033567, Val Loss: 0.070975  
	Train = MSE:0.033567 , RMSE:0.183212 , MAE:0.138860 , MAPD:0.715602, R_squared:0.999419  
	Validation = MSE:0.070975 , RMSE:0.266411 , MAE:0.242176 , MAPD:1.416620, R_squared:0.998723

2024-03-21 05:51:03,945 Epoch 92/300, Train Loss: 0.029019, Val Loss: 0.015095  
	Train = MSE:0.029019 , RMSE:0.170349 , MAE:0.128926 , MAPD:0.659979, R_squared:0.999498  
	Validation = MSE:0.015095 , RMSE:0.122863 , MAE:0.086860 , MAPD:0.477100, R_squared:0.999728

2024-03-21 05:51:17,292 Epoch 93/300, Train Loss: 0.033457, Val Loss: 0.027155  
	Train = MSE:0.033457 , RMSE:0.182913 , MAE:0.139838 , MAPD:0.723495, R_squared:0.999421  
	Validation = MSE:0.027155 , RMSE:0.164789 , MAE:0.130636 , MAPD:0.665092, R_squared:0.999511

2024-03-21 05:51:30,773 Epoch 94/300, Train Loss: 0.028214, Val Loss: 0.020601  
	Train = MSE:0.028214 , RMSE:0.167970 , MAE:0.127027 , MAPD:0.659531, R_squared:0.999512  
	Validation = MSE:0.020601 , RMSE:0.143532 , MAE:0.110076 , MAPD:0.550917, R_squared:0.999629

2024-03-21 05:51:44,317 Epoch 95/300, Train Loss: 0.028584, Val Loss: 0.043811  
	Train = MSE:0.028584 , RMSE:0.169067 , MAE:0.127174 , MAPD:0.654606, R_squared:0.999505  
	Validation = MSE:0.043811 , RMSE:0.209311 , MAE:0.174379 , MAPD:1.000598, R_squared:0.999212

2024-03-21 05:51:58,532 Epoch 96/300, Train Loss: 0.028030, Val Loss: 0.039631  
	Train = MSE:0.028030 , RMSE:0.167422 , MAE:0.127603 , MAPD:0.654364, R_squared:0.999515  
	Validation = MSE:0.039631 , RMSE:0.199077 , MAE:0.168636 , MAPD:1.024780, R_squared:0.999287

2024-03-21 05:52:11,900 Epoch 97/300, Train Loss: 0.027766, Val Loss: 0.035199  
	Train = MSE:0.027766 , RMSE:0.166631 , MAE:0.126108 , MAPD:0.643049, R_squared:0.999519  
	Validation = MSE:0.035199 , RMSE:0.187615 , MAE:0.155513 , MAPD:0.822064, R_squared:0.999367

2024-03-21 05:52:25,660 Epoch 98/300, Train Loss: 0.027214, Val Loss: 0.021409  
	Train = MSE:0.027214 , RMSE:0.164968 , MAE:0.126849 , MAPD:0.662994, R_squared:0.999529  
	Validation = MSE:0.021409 , RMSE:0.146317 , MAE:0.108147 , MAPD:0.585452, R_squared:0.999615

2024-03-21 05:52:38,870 Epoch 99/300, Train Loss: 0.029741, Val Loss: 0.027296  
	Train = MSE:0.029741 , RMSE:0.172456 , MAE:0.130772 , MAPD:0.676821, R_squared:0.999485  
	Validation = MSE:0.027296 , RMSE:0.165215 , MAE:0.127884 , MAPD:0.661259, R_squared:0.999509

2024-03-21 05:52:52,250 Epoch 100/300, Train Loss: 0.029597, Val Loss: 0.024639  
	Train = MSE:0.029597 , RMSE:0.172036 , MAE:0.126914 , MAPD:0.655531, R_squared:0.999488  
	Validation = MSE:0.024639 , RMSE:0.156967 , MAE:0.116076 , MAPD:0.641502, R_squared:0.999557

2024-03-21 05:53:05,647 Epoch 101/300, Train Loss: 0.027876, Val Loss: 0.014585  
	Train = MSE:0.027876 , RMSE:0.166962 , MAE:0.127234 , MAPD:0.663154, R_squared:0.999517  
	Validation = MSE:0.014585 , RMSE:0.120770 , MAE:0.085113 , MAPD:0.456471, R_squared:0.999738

2024-03-21 05:53:21,736 Epoch 102/300, Train Loss: 0.029016, Val Loss: 0.071734  
	Train = MSE:0.029016 , RMSE:0.170341 , MAE:0.130828 , MAPD:0.677541, R_squared:0.999498  
	Validation = MSE:0.071734 , RMSE:0.267832 , MAE:0.241801 , MAPD:1.474646, R_squared:0.998709

2024-03-21 05:53:36,532 Epoch 103/300, Train Loss: 0.028177, Val Loss: 0.026448  
	Train = MSE:0.028177 , RMSE:0.167861 , MAE:0.124498 , MAPD:0.642714, R_squared:0.999512  
	Validation = MSE:0.026448 , RMSE:0.162627 , MAE:0.118341 , MAPD:0.563933, R_squared:0.999524

2024-03-21 05:53:49,797 Epoch 104/300, Train Loss: 0.030533, Val Loss: 0.017274  
	Train = MSE:0.030533 , RMSE:0.174737 , MAE:0.132153 , MAPD:0.682058, R_squared:0.999471  
	Validation = MSE:0.017274 , RMSE:0.131432 , MAE:0.090808 , MAPD:0.470326, R_squared:0.999689

2024-03-21 05:54:03,422 Epoch 105/300, Train Loss: 0.027002, Val Loss: 0.021809  
	Train = MSE:0.027002 , RMSE:0.164322 , MAE:0.124559 , MAPD:0.645765, R_squared:0.999533  
	Validation = MSE:0.021809 , RMSE:0.147680 , MAE:0.108233 , MAPD:0.588334, R_squared:0.999608

2024-03-21 05:54:16,924 Epoch 106/300, Train Loss: 0.026405, Val Loss: 0.017532  
	Train = MSE:0.026405 , RMSE:0.162497 , MAE:0.123584 , MAPD:0.629743, R_squared:0.999543  
	Validation = MSE:0.017532 , RMSE:0.132410 , MAE:0.096810 , MAPD:0.524402, R_squared:0.999685

2024-03-21 05:54:30,724 Epoch 107/300, Train Loss: 0.026572, Val Loss: 0.070179  
	Train = MSE:0.026572 , RMSE:0.163009 , MAE:0.124116 , MAPD:0.646691, R_squared:0.999540  
	Validation = MSE:0.070179 , RMSE:0.264913 , MAE:0.230516 , MAPD:1.330418, R_squared:0.998737

2024-03-21 05:54:44,437 Epoch 108/300, Train Loss: 0.027465, Val Loss: 0.032770  
	Train = MSE:0.027465 , RMSE:0.165727 , MAE:0.125639 , MAPD:0.643889, R_squared:0.999525  
	Validation = MSE:0.032770 , RMSE:0.181024 , MAE:0.156359 , MAPD:0.894405, R_squared:0.999410

2024-03-21 05:54:57,880 Epoch 109/300, Train Loss: 0.025695, Val Loss: 0.033068  
	Train = MSE:0.025695 , RMSE:0.160298 , MAE:0.123118 , MAPD:0.634919, R_squared:0.999555  
	Validation = MSE:0.033068 , RMSE:0.181846 , MAE:0.128668 , MAPD:0.601017, R_squared:0.999405

2024-03-21 05:55:12,998 Epoch 110/300, Train Loss: 0.027410, Val Loss: 0.021015  
	Train = MSE:0.027410 , RMSE:0.165559 , MAE:0.124200 , MAPD:0.646128, R_squared:0.999526  
	Validation = MSE:0.021015 , RMSE:0.144967 , MAE:0.107703 , MAPD:0.640688, R_squared:0.999622

2024-03-21 05:55:26,616 Epoch 111/300, Train Loss: 0.026069, Val Loss: 0.015082  
	Train = MSE:0.026069 , RMSE:0.161459 , MAE:0.122798 , MAPD:0.640497, R_squared:0.999549  
	Validation = MSE:0.015082 , RMSE:0.122811 , MAE:0.088197 , MAPD:0.478076, R_squared:0.999729

2024-03-21 05:55:42,483 Epoch 112/300, Train Loss: 0.026173, Val Loss: 0.031518  
	Train = MSE:0.026173 , RMSE:0.161781 , MAE:0.122707 , MAPD:0.632193, R_squared:0.999547  
	Validation = MSE:0.031518 , RMSE:0.177533 , MAE:0.134311 , MAPD:0.666627, R_squared:0.999433

2024-03-21 05:55:56,499 Epoch 113/300, Train Loss: 0.025553, Val Loss: 0.051282  
	Train = MSE:0.025553 , RMSE:0.159853 , MAE:0.120844 , MAPD:0.625308, R_squared:0.999558  
	Validation = MSE:0.051282 , RMSE:0.226456 , MAE:0.202074 , MAPD:1.111643, R_squared:0.999077

2024-03-21 05:56:10,784 Epoch 114/300, Train Loss: 0.024394, Val Loss: 0.028929  
	Train = MSE:0.024394 , RMSE:0.156186 , MAE:0.118861 , MAPD:0.619079, R_squared:0.999578  
	Validation = MSE:0.028929 , RMSE:0.170084 , MAE:0.132686 , MAPD:0.677380, R_squared:0.999479

2024-03-21 05:56:25,105 Epoch 115/300, Train Loss: 0.026278, Val Loss: 0.014695  
	Train = MSE:0.026278 , RMSE:0.162105 , MAE:0.122973 , MAPD:0.634438, R_squared:0.999545  
	Validation = MSE:0.014695 , RMSE:0.121225 , MAE:0.088265 , MAPD:0.482736, R_squared:0.999736

2024-03-21 05:56:39,378 Epoch 116/300, Train Loss: 0.025806, Val Loss: 0.017668  
	Train = MSE:0.025806 , RMSE:0.160644 , MAE:0.123090 , MAPD:0.634495, R_squared:0.999553  
	Validation = MSE:0.017668 , RMSE:0.132923 , MAE:0.095233 , MAPD:0.495699, R_squared:0.999682

2024-03-21 05:56:54,004 Epoch 117/300, Train Loss: 0.027590, Val Loss: 0.013726  
	Train = MSE:0.027590 , RMSE:0.166103 , MAE:0.127050 , MAPD:0.654162, R_squared:0.999522  
	Validation = MSE:0.013726 , RMSE:0.117160 , MAE:0.081722 , MAPD:0.446408, R_squared:0.999753

2024-03-21 05:57:07,590 Epoch 118/300, Train Loss: 0.026728, Val Loss: 0.014477  
	Train = MSE:0.026728 , RMSE:0.163486 , MAE:0.124947 , MAPD:0.649860, R_squared:0.999537  
	Validation = MSE:0.014477 , RMSE:0.120319 , MAE:0.084702 , MAPD:0.469098, R_squared:0.999740

2024-03-21 05:57:21,252 Epoch 119/300, Train Loss: 0.023935, Val Loss: 0.028370  
	Train = MSE:0.023935 , RMSE:0.154711 , MAE:0.118622 , MAPD:0.617273, R_squared:0.999586  
	Validation = MSE:0.028370 , RMSE:0.168434 , MAE:0.118229 , MAPD:0.558246, R_squared:0.999490

2024-03-21 05:57:35,871 Epoch 120/300, Train Loss: 0.027374, Val Loss: 0.016757  
	Train = MSE:0.027374 , RMSE:0.165452 , MAE:0.126231 , MAPD:0.654873, R_squared:0.999526  
	Validation = MSE:0.016757 , RMSE:0.129450 , MAE:0.094225 , MAPD:0.497824, R_squared:0.999698

2024-03-21 05:57:49,657 Epoch 121/300, Train Loss: 0.025831, Val Loss: 0.017848  
	Train = MSE:0.025831 , RMSE:0.160722 , MAE:0.123102 , MAPD:0.638636, R_squared:0.999553  
	Validation = MSE:0.017848 , RMSE:0.133596 , MAE:0.095061 , MAPD:0.510210, R_squared:0.999679

2024-03-21 05:58:05,915 Epoch 122/300, Train Loss: 0.023002, Val Loss: 0.035495  
	Train = MSE:0.023002 , RMSE:0.151664 , MAE:0.115153 , MAPD:0.591513, R_squared:0.999602  
	Validation = MSE:0.035495 , RMSE:0.188400 , MAE:0.145501 , MAPD:0.705774, R_squared:0.999361

2024-03-21 05:58:19,378 Epoch 123/300, Train Loss: 0.023399, Val Loss: 0.018787  
	Train = MSE:0.023399 , RMSE:0.152967 , MAE:0.115178 , MAPD:0.597774, R_squared:0.999595  
	Validation = MSE:0.018787 , RMSE:0.137067 , MAE:0.106940 , MAPD:0.577375, R_squared:0.999662

2024-03-21 05:58:33,148 Epoch 124/300, Train Loss: 0.026459, Val Loss: 0.015970  
	Train = MSE:0.026459 , RMSE:0.162662 , MAE:0.124577 , MAPD:0.647472, R_squared:0.999542  
	Validation = MSE:0.015970 , RMSE:0.126374 , MAE:0.092665 , MAPD:0.521571, R_squared:0.999713

2024-03-21 05:58:48,311 Epoch 125/300, Train Loss: 0.024157, Val Loss: 0.028544  
	Train = MSE:0.024157 , RMSE:0.155425 , MAE:0.118920 , MAPD:0.613419, R_squared:0.999582  
	Validation = MSE:0.028544 , RMSE:0.168950 , MAE:0.130755 , MAPD:0.673421, R_squared:0.999486

2024-03-21 05:59:02,623 Epoch 126/300, Train Loss: 0.024893, Val Loss: 0.014481  
	Train = MSE:0.024893 , RMSE:0.157775 , MAE:0.121063 , MAPD:0.627178, R_squared:0.999569  
	Validation = MSE:0.014481 , RMSE:0.120337 , MAE:0.088280 , MAPD:0.466572, R_squared:0.999739

2024-03-21 05:59:16,238 Epoch 127/300, Train Loss: 0.024102, Val Loss: 0.023799  
	Train = MSE:0.024102 , RMSE:0.155249 , MAE:0.117947 , MAPD:0.605376, R_squared:0.999583  
	Validation = MSE:0.023799 , RMSE:0.154268 , MAE:0.115145 , MAPD:0.587812, R_squared:0.999572

2024-03-21 05:59:29,682 Epoch 128/300, Train Loss: 0.023144, Val Loss: 0.015370  
	Train = MSE:0.023144 , RMSE:0.152131 , MAE:0.116933 , MAPD:0.606377, R_squared:0.999599  
	Validation = MSE:0.015370 , RMSE:0.123974 , MAE:0.086090 , MAPD:0.456752, R_squared:0.999723

2024-03-21 05:59:43,893 Epoch 129/300, Train Loss: 0.023204, Val Loss: 0.065912  
	Train = MSE:0.023204 , RMSE:0.152329 , MAE:0.116335 , MAPD:0.603128, R_squared:0.999598  
	Validation = MSE:0.065912 , RMSE:0.256734 , MAE:0.228171 , MAPD:1.195002, R_squared:0.998814

2024-03-21 05:59:57,630 Epoch 130/300, Train Loss: 0.027522, Val Loss: 0.024446  
	Train = MSE:0.027522 , RMSE:0.165897 , MAE:0.127181 , MAPD:0.662709, R_squared:0.999524  
	Validation = MSE:0.024446 , RMSE:0.156351 , MAE:0.131488 , MAPD:0.731093, R_squared:0.999560

2024-03-21 06:00:12,118 Epoch 131/300, Train Loss: 0.023184, Val Loss: 0.039199  
	Train = MSE:0.023184 , RMSE:0.152263 , MAE:0.116517 , MAPD:0.605789, R_squared:0.999599  
	Validation = MSE:0.039199 , RMSE:0.197987 , MAE:0.155144 , MAPD:0.758135, R_squared:0.999295

2024-03-21 06:00:27,412 Epoch 132/300, Train Loss: 0.024116, Val Loss: 0.019831  
	Train = MSE:0.024116 , RMSE:0.155295 , MAE:0.117559 , MAPD:0.608297, R_squared:0.999583  
	Validation = MSE:0.019831 , RMSE:0.140823 , MAE:0.106368 , MAPD:0.562829, R_squared:0.999643

2024-03-21 06:00:40,877 Epoch 133/300, Train Loss: 0.022055, Val Loss: 0.037239  
	Train = MSE:0.022055 , RMSE:0.148509 , MAE:0.113850 , MAPD:0.592030, R_squared:0.999618  
	Validation = MSE:0.037239 , RMSE:0.192974 , MAE:0.163652 , MAPD:0.865155, R_squared:0.999330

2024-03-21 06:00:54,228 Epoch 134/300, Train Loss: 0.025058, Val Loss: 0.013852  
	Train = MSE:0.025058 , RMSE:0.158298 , MAE:0.117809 , MAPD:0.610623, R_squared:0.999566  
	Validation = MSE:0.013852 , RMSE:0.117695 , MAE:0.081133 , MAPD:0.432380, R_squared:0.999751

2024-03-21 06:01:08,574 Epoch 135/300, Train Loss: 0.023611, Val Loss: 0.033564  
	Train = MSE:0.023611 , RMSE:0.153659 , MAE:0.116797 , MAPD:0.606821, R_squared:0.999591  
	Validation = MSE:0.033564 , RMSE:0.183204 , MAE:0.147266 , MAPD:0.760596, R_squared:0.999396

2024-03-21 06:01:22,809 Epoch 136/300, Train Loss: 0.023029, Val Loss: 0.025613  
	Train = MSE:0.023029 , RMSE:0.151752 , MAE:0.115786 , MAPD:0.599077, R_squared:0.999601  
	Validation = MSE:0.025613 , RMSE:0.160040 , MAE:0.126466 , MAPD:0.665314, R_squared:0.999539

2024-03-21 06:01:37,015 Epoch 137/300, Train Loss: 0.023582, Val Loss: 0.019800  
	Train = MSE:0.023582 , RMSE:0.153564 , MAE:0.116281 , MAPD:0.600072, R_squared:0.999592  
	Validation = MSE:0.019800 , RMSE:0.140713 , MAE:0.099199 , MAPD:0.498008, R_squared:0.999644

2024-03-21 06:01:51,284 Epoch 138/300, Train Loss: 0.021356, Val Loss: 0.023507  
	Train = MSE:0.021356 , RMSE:0.146138 , MAE:0.111151 , MAPD:0.575802, R_squared:0.999630  
	Validation = MSE:0.023507 , RMSE:0.153319 , MAE:0.111823 , MAPD:0.549625, R_squared:0.999577

2024-03-21 06:02:06,120 Epoch 139/300, Train Loss: 0.024431, Val Loss: 0.015840  
	Train = MSE:0.024431 , RMSE:0.156305 , MAE:0.119158 , MAPD:0.619948, R_squared:0.999577  
	Validation = MSE:0.015840 , RMSE:0.125856 , MAE:0.091460 , MAPD:0.466592, R_squared:0.999715

2024-03-21 06:02:21,171 Epoch 140/300, Train Loss: 0.022185, Val Loss: 0.053753  
	Train = MSE:0.022185 , RMSE:0.148948 , MAE:0.113038 , MAPD:0.587460, R_squared:0.999616  
	Validation = MSE:0.053753 , RMSE:0.231846 , MAE:0.194316 , MAPD:1.009873, R_squared:0.999033

2024-03-21 06:02:35,832 Epoch 141/300, Train Loss: 0.022555, Val Loss: 0.020512  
	Train = MSE:0.022555 , RMSE:0.150182 , MAE:0.113865 , MAPD:0.588485, R_squared:0.999610  
	Validation = MSE:0.020512 , RMSE:0.143221 , MAE:0.109568 , MAPD:0.561159, R_squared:0.999631

2024-03-21 06:02:53,006 Epoch 142/300, Train Loss: 0.024280, Val Loss: 0.019360  
	Train = MSE:0.024280 , RMSE:0.155821 , MAE:0.119078 , MAPD:0.617352, R_squared:0.999580  
	Validation = MSE:0.019360 , RMSE:0.139141 , MAE:0.098683 , MAPD:0.487080, R_squared:0.999652

2024-03-21 06:03:08,087 Epoch 143/300, Train Loss: 0.022065, Val Loss: 0.035631  
	Train = MSE:0.022065 , RMSE:0.148543 , MAE:0.114301 , MAPD:0.593374, R_squared:0.999618  
	Validation = MSE:0.035631 , RMSE:0.188762 , MAE:0.155396 , MAPD:0.896162, R_squared:0.999359

2024-03-21 06:03:22,866 Epoch 144/300, Train Loss: 0.024018, Val Loss: 0.018169  
	Train = MSE:0.024018 , RMSE:0.154978 , MAE:0.117319 , MAPD:0.606863, R_squared:0.999584  
	Validation = MSE:0.018169 , RMSE:0.134793 , MAE:0.091343 , MAPD:0.466755, R_squared:0.999673

2024-03-21 06:03:36,781 Epoch 145/300, Train Loss: 0.020728, Val Loss: 0.031810  
	Train = MSE:0.020728 , RMSE:0.143972 , MAE:0.109533 , MAPD:0.566083, R_squared:0.999641  
	Validation = MSE:0.031810 , RMSE:0.178354 , MAE:0.147985 , MAPD:0.784674, R_squared:0.999428

2024-03-21 06:03:51,953 Epoch 146/300, Train Loss: 0.023199, Val Loss: 0.016283  
	Train = MSE:0.023199 , RMSE:0.152313 , MAE:0.115770 , MAPD:0.600740, R_squared:0.999598  
	Validation = MSE:0.016283 , RMSE:0.127603 , MAE:0.085604 , MAPD:0.443057, R_squared:0.999707

2024-03-21 06:04:06,735 Epoch 147/300, Train Loss: 0.022763, Val Loss: 0.016352  
	Train = MSE:0.022763 , RMSE:0.150875 , MAE:0.114227 , MAPD:0.589618, R_squared:0.999606  
	Validation = MSE:0.016352 , RMSE:0.127877 , MAE:0.088509 , MAPD:0.474591, R_squared:0.999706

2024-03-21 06:04:21,582 Epoch 148/300, Train Loss: 0.022686, Val Loss: 0.016043  
	Train = MSE:0.022686 , RMSE:0.150618 , MAE:0.114367 , MAPD:0.589382, R_squared:0.999607  
	Validation = MSE:0.016043 , RMSE:0.126662 , MAE:0.085349 , MAPD:0.433425, R_squared:0.999711

2024-03-21 06:04:36,489 Epoch 149/300, Train Loss: 0.023802, Val Loss: 0.013416  
	Train = MSE:0.023802 , RMSE:0.154280 , MAE:0.115862 , MAPD:0.602308, R_squared:0.999588  
	Validation = MSE:0.013416 , RMSE:0.115826 , MAE:0.082771 , MAPD:0.455536, R_squared:0.999759

2024-03-21 06:04:52,233 Epoch 150/300, Train Loss: 0.022773, Val Loss: 0.013254  
	Train = MSE:0.022773 , RMSE:0.150907 , MAE:0.113276 , MAPD:0.588383, R_squared:0.999606  
	Validation = MSE:0.013254 , RMSE:0.115124 , MAE:0.079924 , MAPD:0.424140, R_squared:0.999762

2024-03-21 06:05:07,779 Epoch 151/300, Train Loss: 0.022408, Val Loss: 0.031152  
	Train = MSE:0.022408 , RMSE:0.149694 , MAE:0.115690 , MAPD:0.598686, R_squared:0.999612  
	Validation = MSE:0.031152 , RMSE:0.176499 , MAE:0.137637 , MAPD:0.699117, R_squared:0.999439

2024-03-21 06:05:26,826 Epoch 152/300, Train Loss: 0.024956, Val Loss: 0.034083  
	Train = MSE:0.024956 , RMSE:0.157976 , MAE:0.118423 , MAPD:0.608150, R_squared:0.999568  
	Validation = MSE:0.034083 , RMSE:0.184616 , MAE:0.145705 , MAPD:0.758058, R_squared:0.999387

2024-03-21 06:05:42,360 Epoch 153/300, Train Loss: 0.024590, Val Loss: 0.057515  
	Train = MSE:0.024590 , RMSE:0.156811 , MAE:0.117198 , MAPD:0.607168, R_squared:0.999574  
	Validation = MSE:0.057515 , RMSE:0.239822 , MAE:0.212431 , MAPD:1.303208, R_squared:0.998965

2024-03-21 06:05:58,020 Epoch 154/300, Train Loss: 0.022442, Val Loss: 0.025973  
	Train = MSE:0.022442 , RMSE:0.149806 , MAE:0.115024 , MAPD:0.596357, R_squared:0.999612  
	Validation = MSE:0.025973 , RMSE:0.161161 , MAE:0.124719 , MAPD:0.689153, R_squared:0.999533

2024-03-21 06:06:15,198 Epoch 155/300, Train Loss: 0.019595, Val Loss: 0.045336  
	Train = MSE:0.019595 , RMSE:0.139982 , MAE:0.106129 , MAPD:0.552431, R_squared:0.999661  
	Validation = MSE:0.045336 , RMSE:0.212923 , MAE:0.181513 , MAPD:1.110334, R_squared:0.999184

2024-03-21 06:06:30,599 Epoch 156/300, Train Loss: 0.022034, Val Loss: 0.027907  
	Train = MSE:0.022034 , RMSE:0.148440 , MAE:0.112880 , MAPD:0.580614, R_squared:0.999619  
	Validation = MSE:0.027907 , RMSE:0.167052 , MAE:0.136518 , MAPD:0.724129, R_squared:0.999498

2024-03-21 06:06:46,238 Epoch 157/300, Train Loss: 0.022646, Val Loss: 0.013318  
	Train = MSE:0.022646 , RMSE:0.150486 , MAE:0.112362 , MAPD:0.582395, R_squared:0.999608  
	Validation = MSE:0.013318 , RMSE:0.115403 , MAE:0.082637 , MAPD:0.448896, R_squared:0.999760

2024-03-21 06:07:01,470 Epoch 158/300, Train Loss: 0.023515, Val Loss: 0.016152  
	Train = MSE:0.023515 , RMSE:0.153346 , MAE:0.115959 , MAPD:0.600128, R_squared:0.999593  
	Validation = MSE:0.016152 , RMSE:0.127089 , MAE:0.091337 , MAPD:0.486944, R_squared:0.999709

2024-03-21 06:07:15,809 Epoch 159/300, Train Loss: 0.022457, Val Loss: 0.035561  
	Train = MSE:0.022457 , RMSE:0.149858 , MAE:0.113801 , MAPD:0.591697, R_squared:0.999611  
	Validation = MSE:0.035561 , RMSE:0.188575 , MAE:0.158873 , MAPD:0.905216, R_squared:0.999360

2024-03-21 06:07:31,139 Epoch 160/300, Train Loss: 0.021647, Val Loss: 0.013099  
	Train = MSE:0.021647 , RMSE:0.147131 , MAE:0.112557 , MAPD:0.586207, R_squared:0.999625  
	Validation = MSE:0.013099 , RMSE:0.114452 , MAE:0.077056 , MAPD:0.412459, R_squared:0.999764

2024-03-21 06:07:45,371 Epoch 161/300, Train Loss: 0.024156, Val Loss: 0.017124  
	Train = MSE:0.024156 , RMSE:0.155423 , MAE:0.118623 , MAPD:0.610585, R_squared:0.999582  
	Validation = MSE:0.017124 , RMSE:0.130859 , MAE:0.098097 , MAPD:0.514153, R_squared:0.999692

2024-03-21 06:08:03,252 Epoch 162/300, Train Loss: 0.021136, Val Loss: 0.036793  
	Train = MSE:0.021136 , RMSE:0.145382 , MAE:0.109577 , MAPD:0.567285, R_squared:0.999634  
	Validation = MSE:0.036793 , RMSE:0.191814 , MAE:0.161012 , MAPD:0.882821, R_squared:0.999338

2024-03-21 06:08:17,439 Epoch 163/300, Train Loss: 0.020612, Val Loss: 0.016135  
	Train = MSE:0.020612 , RMSE:0.143569 , MAE:0.109038 , MAPD:0.560003, R_squared:0.999643  
	Validation = MSE:0.016135 , RMSE:0.127022 , MAE:0.084838 , MAPD:0.446966, R_squared:0.999710

2024-03-21 06:08:32,323 Epoch 164/300, Train Loss: 0.024906, Val Loss: 0.049657  
	Train = MSE:0.024906 , RMSE:0.157817 , MAE:0.120850 , MAPD:0.630519, R_squared:0.999569  
	Validation = MSE:0.049657 , RMSE:0.222839 , MAE:0.189231 , MAPD:0.959507, R_squared:0.999106

2024-03-21 06:08:46,726 Epoch 165/300, Train Loss: 0.020328, Val Loss: 0.099364  
	Train = MSE:0.020328 , RMSE:0.142577 , MAE:0.109976 , MAPD:0.571020, R_squared:0.999648  
	Validation = MSE:0.099364 , RMSE:0.315220 , MAE:0.293456 , MAPD:1.605669, R_squared:0.998212

2024-03-21 06:09:00,967 Epoch 166/300, Train Loss: 0.024085, Val Loss: 0.023966  
	Train = MSE:0.024085 , RMSE:0.155193 , MAE:0.115772 , MAPD:0.593473, R_squared:0.999583  
	Validation = MSE:0.023966 , RMSE:0.154810 , MAE:0.116610 , MAPD:0.604480, R_squared:0.999569

2024-03-21 06:09:15,775 Epoch 167/300, Train Loss: 0.021013, Val Loss: 0.015838  
	Train = MSE:0.021013 , RMSE:0.144960 , MAE:0.108817 , MAPD:0.561897, R_squared:0.999636  
	Validation = MSE:0.015838 , RMSE:0.125851 , MAE:0.089702 , MAPD:0.488045, R_squared:0.999715

2024-03-21 06:09:30,771 Epoch 168/300, Train Loss: 0.022321, Val Loss: 0.018552  
	Train = MSE:0.022321 , RMSE:0.149402 , MAE:0.113409 , MAPD:0.582725, R_squared:0.999614  
	Validation = MSE:0.018552 , RMSE:0.136205 , MAE:0.102250 , MAPD:0.573418, R_squared:0.999666

2024-03-21 06:09:45,026 Epoch 169/300, Train Loss: 0.021024, Val Loss: 0.013592  
	Train = MSE:0.021024 , RMSE:0.144996 , MAE:0.110377 , MAPD:0.572796, R_squared:0.999636  
	Validation = MSE:0.013592 , RMSE:0.116586 , MAE:0.082112 , MAPD:0.429874, R_squared:0.999755

2024-03-21 06:10:00,270 Epoch 170/300, Train Loss: 0.020965, Val Loss: 0.024429  
	Train = MSE:0.020965 , RMSE:0.144792 , MAE:0.111288 , MAPD:0.578365, R_squared:0.999637  
	Validation = MSE:0.024429 , RMSE:0.156297 , MAE:0.114353 , MAPD:0.562713, R_squared:0.999560

2024-03-21 06:10:15,161 Epoch 171/300, Train Loss: 0.021279, Val Loss: 0.021050  
	Train = MSE:0.021279 , RMSE:0.145872 , MAE:0.112014 , MAPD:0.582534, R_squared:0.999632  
	Validation = MSE:0.021050 , RMSE:0.145087 , MAE:0.113982 , MAPD:0.644555, R_squared:0.999621

2024-03-21 06:10:32,720 Epoch 172/300, Train Loss: 0.022366, Val Loss: 0.016512  
	Train = MSE:0.022366 , RMSE:0.149552 , MAE:0.112315 , MAPD:0.577984, R_squared:0.999613  
	Validation = MSE:0.016512 , RMSE:0.128497 , MAE:0.093222 , MAPD:0.504837, R_squared:0.999703

2024-03-21 06:10:46,884 Epoch 173/300, Train Loss: 0.020391, Val Loss: 0.019406  
	Train = MSE:0.020391 , RMSE:0.142797 , MAE:0.107020 , MAPD:0.549742, R_squared:0.999647  
	Validation = MSE:0.019406 , RMSE:0.139306 , MAE:0.107820 , MAPD:0.603535, R_squared:0.999651

2024-03-21 06:11:01,181 Epoch 174/300, Train Loss: 0.022831, Val Loss: 0.016075  
	Train = MSE:0.022831 , RMSE:0.151098 , MAE:0.114813 , MAPD:0.593268, R_squared:0.999605  
	Validation = MSE:0.016075 , RMSE:0.126787 , MAE:0.090464 , MAPD:0.449438, R_squared:0.999711

2024-03-21 06:11:16,933 Epoch 175/300, Train Loss: 0.019994, Val Loss: 0.019417  
	Train = MSE:0.019994 , RMSE:0.141399 , MAE:0.107350 , MAPD:0.553839, R_squared:0.999654  
	Validation = MSE:0.019417 , RMSE:0.139344 , MAE:0.103781 , MAPD:0.557599, R_squared:0.999651

2024-03-21 06:11:31,102 Epoch 176/300, Train Loss: 0.020801, Val Loss: 0.030339  
	Train = MSE:0.020801 , RMSE:0.144226 , MAE:0.109509 , MAPD:0.562412, R_squared:0.999640  
	Validation = MSE:0.030339 , RMSE:0.174181 , MAE:0.139134 , MAPD:0.705559, R_squared:0.999454

2024-03-21 06:11:46,371 Epoch 177/300, Train Loss: 0.020898, Val Loss: 0.014895  
	Train = MSE:0.020898 , RMSE:0.144562 , MAE:0.109473 , MAPD:0.564967, R_squared:0.999638  
	Validation = MSE:0.014895 , RMSE:0.122045 , MAE:0.087565 , MAPD:0.455572, R_squared:0.999732

2024-03-21 06:12:00,797 Epoch 178/300, Train Loss: 0.020537, Val Loss: 0.035414  
	Train = MSE:0.020537 , RMSE:0.143308 , MAE:0.109312 , MAPD:0.562301, R_squared:0.999644  
	Validation = MSE:0.035414 , RMSE:0.188186 , MAE:0.146384 , MAPD:0.697500, R_squared:0.999363

2024-03-21 06:12:15,501 Epoch 179/300, Train Loss: 0.019825, Val Loss: 0.015118  
	Train = MSE:0.019825 , RMSE:0.140800 , MAE:0.107090 , MAPD:0.555992, R_squared:0.999657  
	Validation = MSE:0.015118 , RMSE:0.122955 , MAE:0.088211 , MAPD:0.469362, R_squared:0.999728

2024-03-21 06:12:29,792 Epoch 180/300, Train Loss: 0.019655, Val Loss: 0.017160  
	Train = MSE:0.019655 , RMSE:0.140196 , MAE:0.106627 , MAPD:0.554754, R_squared:0.999660  
	Validation = MSE:0.017160 , RMSE:0.130995 , MAE:0.096480 , MAPD:0.538677, R_squared:0.999691

2024-03-21 06:12:44,409 Epoch 181/300, Train Loss: 0.020446, Val Loss: 0.022414  
	Train = MSE:0.020446 , RMSE:0.142988 , MAE:0.109133 , MAPD:0.565083, R_squared:0.999646  
	Validation = MSE:0.022414 , RMSE:0.149713 , MAE:0.113245 , MAPD:0.580786, R_squared:0.999597

2024-03-21 06:13:02,753 Epoch 182/300, Train Loss: 0.020932, Val Loss: 0.019737  
	Train = MSE:0.020932 , RMSE:0.144679 , MAE:0.109743 , MAPD:0.566625, R_squared:0.999638  
	Validation = MSE:0.019737 , RMSE:0.140488 , MAE:0.104369 , MAPD:0.533036, R_squared:0.999645

2024-03-21 06:13:17,506 Epoch 183/300, Train Loss: 0.022202, Val Loss: 0.016140  
	Train = MSE:0.022202 , RMSE:0.149005 , MAE:0.114008 , MAPD:0.587780, R_squared:0.999616  
	Validation = MSE:0.016140 , RMSE:0.127042 , MAE:0.088043 , MAPD:0.463857, R_squared:0.999710

2024-03-21 06:13:32,089 Epoch 184/300, Train Loss: 0.022279, Val Loss: 0.013705  
	Train = MSE:0.022279 , RMSE:0.149262 , MAE:0.113524 , MAPD:0.587561, R_squared:0.999614  
	Validation = MSE:0.013705 , RMSE:0.117070 , MAE:0.080511 , MAPD:0.428494, R_squared:0.999753

2024-03-21 06:13:46,488 Epoch 185/300, Train Loss: 0.022498, Val Loss: 0.018618  
	Train = MSE:0.022498 , RMSE:0.149994 , MAE:0.114198 , MAPD:0.598305, R_squared:0.999611  
	Validation = MSE:0.018618 , RMSE:0.136447 , MAE:0.106065 , MAPD:0.620931, R_squared:0.999665

2024-03-21 06:14:01,327 Epoch 186/300, Train Loss: 0.020425, Val Loss: 0.035102  
	Train = MSE:0.020425 , RMSE:0.142916 , MAE:0.108575 , MAPD:0.563083, R_squared:0.999646  
	Validation = MSE:0.035102 , RMSE:0.187355 , MAE:0.146823 , MAPD:0.696211, R_squared:0.999368

2024-03-21 06:14:17,597 Epoch 187/300, Train Loss: 0.021253, Val Loss: 0.028868  
	Train = MSE:0.021253 , RMSE:0.145783 , MAE:0.112135 , MAPD:0.580694, R_squared:0.999632  
	Validation = MSE:0.028868 , RMSE:0.169905 , MAE:0.124771 , MAPD:0.605538, R_squared:0.999481

2024-03-21 06:14:32,324 Epoch 188/300, Train Loss: 0.022321, Val Loss: 0.013521  
	Train = MSE:0.022321 , RMSE:0.149402 , MAE:0.113496 , MAPD:0.585617, R_squared:0.999614  
	Validation = MSE:0.013521 , RMSE:0.116280 , MAE:0.080892 , MAPD:0.444919, R_squared:0.999757

2024-03-21 06:14:46,636 Epoch 189/300, Train Loss: 0.020585, Val Loss: 0.012948  
	Train = MSE:0.020585 , RMSE:0.143475 , MAE:0.109934 , MAPD:0.573003, R_squared:0.999644  
	Validation = MSE:0.012948 , RMSE:0.113791 , MAE:0.078754 , MAPD:0.426663, R_squared:0.999767

2024-03-21 06:15:01,698 Epoch 190/300, Train Loss: 0.019783, Val Loss: 0.017540  
	Train = MSE:0.019783 , RMSE:0.140654 , MAE:0.106772 , MAPD:0.549174, R_squared:0.999658  
	Validation = MSE:0.017540 , RMSE:0.132437 , MAE:0.099041 , MAPD:0.504532, R_squared:0.999684

2024-03-21 06:15:16,919 Epoch 191/300, Train Loss: 0.019701, Val Loss: 0.012243  
	Train = MSE:0.019701 , RMSE:0.140362 , MAE:0.107310 , MAPD:0.555834, R_squared:0.999659  
	Validation = MSE:0.012243 , RMSE:0.110650 , MAE:0.078561 , MAPD:0.432889, R_squared:0.999780

2024-03-21 06:15:33,872 Epoch 192/300, Train Loss: 0.019331, Val Loss: 0.013929  
	Train = MSE:0.019331 , RMSE:0.139038 , MAE:0.105818 , MAPD:0.549885, R_squared:0.999665  
	Validation = MSE:0.013929 , RMSE:0.118020 , MAE:0.078705 , MAPD:0.423804, R_squared:0.999749

2024-03-21 06:15:48,146 Epoch 193/300, Train Loss: 0.021100, Val Loss: 0.020201  
	Train = MSE:0.021100 , RMSE:0.145259 , MAE:0.111221 , MAPD:0.578217, R_squared:0.999635  
	Validation = MSE:0.020201 , RMSE:0.142130 , MAE:0.100753 , MAPD:0.495932, R_squared:0.999637

2024-03-21 06:16:02,286 Epoch 194/300, Train Loss: 0.020757, Val Loss: 0.019347  
	Train = MSE:0.020757 , RMSE:0.144073 , MAE:0.109242 , MAPD:0.560684, R_squared:0.999641  
	Validation = MSE:0.019347 , RMSE:0.139092 , MAE:0.103129 , MAPD:0.570733, R_squared:0.999652

2024-03-21 06:16:16,646 Epoch 195/300, Train Loss: 0.019747, Val Loss: 0.020505  
	Train = MSE:0.019747 , RMSE:0.140524 , MAE:0.107392 , MAPD:0.554733, R_squared:0.999658  
	Validation = MSE:0.020505 , RMSE:0.143197 , MAE:0.107827 , MAPD:0.563851, R_squared:0.999631

2024-03-21 06:16:31,053 Epoch 196/300, Train Loss: 0.020154, Val Loss: 0.021104  
	Train = MSE:0.020154 , RMSE:0.141963 , MAE:0.108990 , MAPD:0.563208, R_squared:0.999651  
	Validation = MSE:0.021104 , RMSE:0.145272 , MAE:0.117259 , MAPD:0.655383, R_squared:0.999620

2024-03-21 06:16:45,293 Epoch 197/300, Train Loss: 0.021303, Val Loss: 0.014225  
	Train = MSE:0.021303 , RMSE:0.145955 , MAE:0.112126 , MAPD:0.578632, R_squared:0.999631  
	Validation = MSE:0.014225 , RMSE:0.119269 , MAE:0.085635 , MAPD:0.462845, R_squared:0.999744

2024-03-21 06:16:59,967 Epoch 198/300, Train Loss: 0.020188, Val Loss: 0.013479  
	Train = MSE:0.020188 , RMSE:0.142086 , MAE:0.109054 , MAPD:0.568009, R_squared:0.999651  
	Validation = MSE:0.013479 , RMSE:0.116101 , MAE:0.081170 , MAPD:0.414936, R_squared:0.999757

2024-03-21 06:17:14,791 Epoch 199/300, Train Loss: 0.020446, Val Loss: 0.112810  
	Train = MSE:0.020446 , RMSE:0.142991 , MAE:0.109839 , MAPD:0.571665, R_squared:0.999646  
	Validation = MSE:0.112810 , RMSE:0.335873 , MAE:0.311532 , MAPD:1.666698, R_squared:0.997970

2024-03-21 06:17:30,106 Epoch 200/300, Train Loss: 0.020097, Val Loss: 0.083895  
	Train = MSE:0.020097 , RMSE:0.141763 , MAE:0.106360 , MAPD:0.551958, R_squared:0.999652  
	Validation = MSE:0.083895 , RMSE:0.289646 , MAE:0.269153 , MAPD:1.598161, R_squared:0.998490

2024-03-21 06:17:44,467 Epoch 201/300, Train Loss: 0.021071, Val Loss: 0.016677  
	Train = MSE:0.021071 , RMSE:0.145158 , MAE:0.110458 , MAPD:0.575151, R_squared:0.999635  
	Validation = MSE:0.016677 , RMSE:0.129139 , MAE:0.100665 , MAPD:0.569912, R_squared:0.999700

2024-03-21 06:18:00,889 Epoch 202/300, Train Loss: 0.020350, Val Loss: 0.018594  
	Train = MSE:0.020350 , RMSE:0.142654 , MAE:0.108345 , MAPD:0.557413, R_squared:0.999648  
	Validation = MSE:0.018594 , RMSE:0.136360 , MAE:0.101659 , MAPD:0.532110, R_squared:0.999665

2024-03-21 06:18:16,516 Epoch 203/300, Train Loss: 0.020412, Val Loss: 0.014818  
	Train = MSE:0.020412 , RMSE:0.142871 , MAE:0.108406 , MAPD:0.564516, R_squared:0.999647  
	Validation = MSE:0.014818 , RMSE:0.121729 , MAE:0.082722 , MAPD:0.474142, R_squared:0.999733

2024-03-21 06:18:30,964 Epoch 204/300, Train Loss: 0.020628, Val Loss: 0.028954  
	Train = MSE:0.020628 , RMSE:0.143624 , MAE:0.108312 , MAPD:0.556240, R_squared:0.999643  
	Validation = MSE:0.028954 , RMSE:0.170160 , MAE:0.135275 , MAPD:0.688093, R_squared:0.999479

2024-03-21 06:18:45,505 Epoch 205/300, Train Loss: 0.019875, Val Loss: 0.016944  
	Train = MSE:0.019875 , RMSE:0.140977 , MAE:0.107698 , MAPD:0.555152, R_squared:0.999656  
	Validation = MSE:0.016944 , RMSE:0.130169 , MAE:0.098811 , MAPD:0.554825, R_squared:0.999695

2024-03-21 06:18:59,826 Epoch 206/300, Train Loss: 0.019496, Val Loss: 0.013886  
	Train = MSE:0.019496 , RMSE:0.139629 , MAE:0.106385 , MAPD:0.552270, R_squared:0.999663  
	Validation = MSE:0.013886 , RMSE:0.117838 , MAE:0.081770 , MAPD:0.423268, R_squared:0.999750

2024-03-21 06:19:15,084 Epoch 207/300, Train Loss: 0.020880, Val Loss: 0.021574  
	Train = MSE:0.020880 , RMSE:0.144500 , MAE:0.109878 , MAPD:0.566063, R_squared:0.999639  
	Validation = MSE:0.021574 , RMSE:0.146881 , MAE:0.112674 , MAPD:0.680769, R_squared:0.999612

2024-03-21 06:19:29,442 Epoch 208/300, Train Loss: 0.018671, Val Loss: 0.017330  
	Train = MSE:0.018671 , RMSE:0.136640 , MAE:0.105215 , MAPD:0.546251, R_squared:0.999677  
	Validation = MSE:0.017330 , RMSE:0.131644 , MAE:0.097385 , MAPD:0.515443, R_squared:0.999688

2024-03-21 06:19:44,232 Epoch 209/300, Train Loss: 0.019294, Val Loss: 0.012531  
	Train = MSE:0.019294 , RMSE:0.138902 , MAE:0.106007 , MAPD:0.552465, R_squared:0.999666  
	Validation = MSE:0.012531 , RMSE:0.111941 , MAE:0.078106 , MAPD:0.420968, R_squared:0.999775

2024-03-21 06:19:58,625 Epoch 210/300, Train Loss: 0.018954, Val Loss: 0.018378  
	Train = MSE:0.018954 , RMSE:0.137674 , MAE:0.104415 , MAPD:0.540583, R_squared:0.999672  
	Validation = MSE:0.018378 , RMSE:0.135567 , MAE:0.106381 , MAPD:0.575405, R_squared:0.999669

2024-03-21 06:20:13,118 Epoch 211/300, Train Loss: 0.019299, Val Loss: 0.019225  
	Train = MSE:0.019299 , RMSE:0.138919 , MAE:0.105041 , MAPD:0.540448, R_squared:0.999666  
	Validation = MSE:0.019225 , RMSE:0.138653 , MAE:0.104854 , MAPD:0.577274, R_squared:0.999654

2024-03-21 06:20:29,354 Epoch 212/300, Train Loss: 0.019829, Val Loss: 0.015351  
	Train = MSE:0.019829 , RMSE:0.140815 , MAE:0.106674 , MAPD:0.556303, R_squared:0.999657  
	Validation = MSE:0.015351 , RMSE:0.123900 , MAE:0.092642 , MAPD:0.524597, R_squared:0.999724

2024-03-21 06:20:44,251 Epoch 213/300, Train Loss: 0.020036, Val Loss: 0.020490  
	Train = MSE:0.020036 , RMSE:0.141549 , MAE:0.107372 , MAPD:0.551665, R_squared:0.999653  
	Validation = MSE:0.020490 , RMSE:0.143142 , MAE:0.117113 , MAPD:0.635116, R_squared:0.999631

2024-03-21 06:20:58,610 Epoch 214/300, Train Loss: 0.018785, Val Loss: 0.061580  
	Train = MSE:0.018785 , RMSE:0.137057 , MAE:0.104135 , MAPD:0.537197, R_squared:0.999675  
	Validation = MSE:0.061580 , RMSE:0.248154 , MAE:0.223762 , MAPD:1.195265, R_squared:0.998892

2024-03-21 06:21:13,171 Epoch 215/300, Train Loss: 0.020103, Val Loss: 0.018694  
	Train = MSE:0.020103 , RMSE:0.141785 , MAE:0.107746 , MAPD:0.558750, R_squared:0.999652  
	Validation = MSE:0.018694 , RMSE:0.136727 , MAE:0.109160 , MAPD:0.650284, R_squared:0.999664

2024-03-21 06:21:27,312 Epoch 216/300, Train Loss: 0.018315, Val Loss: 0.015087  
	Train = MSE:0.018315 , RMSE:0.135332 , MAE:0.103338 , MAPD:0.534447, R_squared:0.999683  
	Validation = MSE:0.015087 , RMSE:0.122829 , MAE:0.089141 , MAPD:0.485979, R_squared:0.999729

2024-03-21 06:21:41,891 Epoch 217/300, Train Loss: 0.019757, Val Loss: 0.021798  
	Train = MSE:0.019757 , RMSE:0.140560 , MAE:0.106805 , MAPD:0.554611, R_squared:0.999658  
	Validation = MSE:0.021798 , RMSE:0.147643 , MAE:0.120313 , MAPD:0.690073, R_squared:0.999608

2024-03-21 06:21:56,043 Epoch 218/300, Train Loss: 0.018625, Val Loss: 0.014747  
	Train = MSE:0.018625 , RMSE:0.136474 , MAE:0.104443 , MAPD:0.540579, R_squared:0.999678  
	Validation = MSE:0.014747 , RMSE:0.121436 , MAE:0.087989 , MAPD:0.476204, R_squared:0.999735

2024-03-21 06:22:11,184 Epoch 219/300, Train Loss: 0.018167, Val Loss: 0.013426  
	Train = MSE:0.018167 , RMSE:0.134787 , MAE:0.102208 , MAPD:0.529174, R_squared:0.999686  
	Validation = MSE:0.013426 , RMSE:0.115870 , MAE:0.084567 , MAPD:0.452794, R_squared:0.999758

2024-03-21 06:22:25,590 Epoch 220/300, Train Loss: 0.019640, Val Loss: 0.038816  
	Train = MSE:0.019640 , RMSE:0.140144 , MAE:0.106143 , MAPD:0.548947, R_squared:0.999660  
	Validation = MSE:0.038816 , RMSE:0.197017 , MAE:0.170145 , MAPD:0.954302, R_squared:0.999302

2024-03-21 06:22:40,273 Epoch 221/300, Train Loss: 0.018073, Val Loss: 0.025565  
	Train = MSE:0.018073 , RMSE:0.134436 , MAE:0.102890 , MAPD:0.533556, R_squared:0.999687  
	Validation = MSE:0.025565 , RMSE:0.159890 , MAE:0.127166 , MAPD:0.675290, R_squared:0.999540

2024-03-21 06:22:58,649 Epoch 222/300, Train Loss: 0.020960, Val Loss: 0.024113  
	Train = MSE:0.020960 , RMSE:0.144777 , MAE:0.111161 , MAPD:0.571023, R_squared:0.999637  
	Validation = MSE:0.024113 , RMSE:0.155283 , MAE:0.116401 , MAPD:0.618966, R_squared:0.999566

2024-03-21 06:23:13,875 Epoch 223/300, Train Loss: 0.019566, Val Loss: 0.011927  
	Train = MSE:0.019566 , RMSE:0.139877 , MAE:0.105230 , MAPD:0.549287, R_squared:0.999661  
	Validation = MSE:0.011927 , RMSE:0.109209 , MAE:0.076440 , MAPD:0.415043, R_squared:0.999785

2024-03-21 06:23:28,411 Epoch 224/300, Train Loss: 0.019130, Val Loss: 0.021511  
	Train = MSE:0.019130 , RMSE:0.138312 , MAE:0.105103 , MAPD:0.547178, R_squared:0.999669  
	Validation = MSE:0.021511 , RMSE:0.146665 , MAE:0.116862 , MAPD:0.652521, R_squared:0.999613

2024-03-21 06:23:44,078 Epoch 225/300, Train Loss: 0.017685, Val Loss: 0.014178  
	Train = MSE:0.017685 , RMSE:0.132986 , MAE:0.101398 , MAPD:0.524352, R_squared:0.999694  
	Validation = MSE:0.014178 , RMSE:0.119070 , MAE:0.084929 , MAPD:0.448318, R_squared:0.999745

2024-03-21 06:23:58,443 Epoch 226/300, Train Loss: 0.019392, Val Loss: 0.019094  
	Train = MSE:0.019392 , RMSE:0.139256 , MAE:0.105359 , MAPD:0.541609, R_squared:0.999664  
	Validation = MSE:0.019094 , RMSE:0.138180 , MAE:0.108153 , MAPD:0.626522, R_squared:0.999656

2024-03-21 06:24:13,423 Epoch 227/300, Train Loss: 0.019174, Val Loss: 0.018899  
	Train = MSE:0.019174 , RMSE:0.138470 , MAE:0.105489 , MAPD:0.543938, R_squared:0.999668  
	Validation = MSE:0.018899 , RMSE:0.137474 , MAE:0.109083 , MAPD:0.558815, R_squared:0.999660

2024-03-21 06:24:27,795 Epoch 228/300, Train Loss: 0.018133, Val Loss: 0.014266  
	Train = MSE:0.018133 , RMSE:0.134659 , MAE:0.101482 , MAPD:0.525304, R_squared:0.999686  
	Validation = MSE:0.014266 , RMSE:0.119441 , MAE:0.086372 , MAPD:0.463416, R_squared:0.999743

2024-03-21 06:24:42,728 Epoch 229/300, Train Loss: 0.018197, Val Loss: 0.020493  
	Train = MSE:0.018197 , RMSE:0.134895 , MAE:0.103248 , MAPD:0.535632, R_squared:0.999685  
	Validation = MSE:0.020493 , RMSE:0.143154 , MAE:0.101709 , MAPD:0.527570, R_squared:0.999631

2024-03-21 06:24:58,113 Epoch 230/300, Train Loss: 0.019996, Val Loss: 0.014395  
	Train = MSE:0.019996 , RMSE:0.141407 , MAE:0.106752 , MAPD:0.555179, R_squared:0.999654  
	Validation = MSE:0.014395 , RMSE:0.119979 , MAE:0.086360 , MAPD:0.462014, R_squared:0.999741

2024-03-21 06:25:13,512 Epoch 231/300, Train Loss: 0.018444, Val Loss: 0.015625  
	Train = MSE:0.018444 , RMSE:0.135810 , MAE:0.103059 , MAPD:0.528823, R_squared:0.999681  
	Validation = MSE:0.015625 , RMSE:0.125000 , MAE:0.089521 , MAPD:0.468667, R_squared:0.999719

2024-03-21 06:25:30,124 Epoch 232/300, Train Loss: 0.019387, Val Loss: 0.014166  
	Train = MSE:0.019387 , RMSE:0.139236 , MAE:0.106139 , MAPD:0.550411, R_squared:0.999664  
	Validation = MSE:0.014166 , RMSE:0.119019 , MAE:0.083649 , MAPD:0.463018, R_squared:0.999745

2024-03-21 06:25:44,768 Epoch 233/300, Train Loss: 0.017413, Val Loss: 0.037295  
	Train = MSE:0.017413 , RMSE:0.131957 , MAE:0.100129 , MAPD:0.516975, R_squared:0.999699  
	Validation = MSE:0.037295 , RMSE:0.193118 , MAE:0.152138 , MAPD:0.731004, R_squared:0.999329

2024-03-21 06:25:59,166 Epoch 234/300, Train Loss: 0.018997, Val Loss: 0.019176  
	Train = MSE:0.018997 , RMSE:0.137831 , MAE:0.105480 , MAPD:0.543728, R_squared:0.999671  
	Validation = MSE:0.019176 , RMSE:0.138476 , MAE:0.103189 , MAPD:0.578696, R_squared:0.999655

2024-03-21 06:26:13,838 Epoch 235/300, Train Loss: 0.019833, Val Loss: 0.044390  
	Train = MSE:0.019833 , RMSE:0.140828 , MAE:0.108402 , MAPD:0.561087, R_squared:0.999657  
	Validation = MSE:0.044390 , RMSE:0.210690 , MAE:0.181002 , MAPD:0.938375, R_squared:0.999201

2024-03-21 06:26:28,835 Epoch 236/300, Train Loss: 0.017225, Val Loss: 0.050504  
	Train = MSE:0.017225 , RMSE:0.131243 , MAE:0.099518 , MAPD:0.515791, R_squared:0.999702  
	Validation = MSE:0.050504 , RMSE:0.224730 , MAE:0.198961 , MAPD:1.092376, R_squared:0.999091

2024-03-21 06:26:43,936 Epoch 237/300, Train Loss: 0.019401, Val Loss: 0.012548  
	Train = MSE:0.019401 , RMSE:0.139287 , MAE:0.106252 , MAPD:0.547792, R_squared:0.999664  
	Validation = MSE:0.012548 , RMSE:0.112019 , MAE:0.079587 , MAPD:0.418129, R_squared:0.999774

2024-03-21 06:26:58,207 Epoch 238/300, Train Loss: 0.018843, Val Loss: 0.014456  
	Train = MSE:0.018843 , RMSE:0.137269 , MAE:0.106105 , MAPD:0.549485, R_squared:0.999674  
	Validation = MSE:0.014456 , RMSE:0.120231 , MAE:0.086414 , MAPD:0.468903, R_squared:0.999740

2024-03-21 06:27:12,864 Epoch 239/300, Train Loss: 0.019321, Val Loss: 0.038718  
	Train = MSE:0.019321 , RMSE:0.139001 , MAE:0.104068 , MAPD:0.539733, R_squared:0.999666  
	Validation = MSE:0.038718 , RMSE:0.196769 , MAE:0.157650 , MAPD:0.786360, R_squared:0.999303

2024-03-21 06:27:27,611 Epoch 240/300, Train Loss: 0.019776, Val Loss: 0.013067  
	Train = MSE:0.019776 , RMSE:0.140626 , MAE:0.107046 , MAPD:0.547651, R_squared:0.999658  
	Validation = MSE:0.013067 , RMSE:0.114312 , MAE:0.080635 , MAPD:0.437164, R_squared:0.999765

2024-03-21 06:27:41,705 Epoch 241/300, Train Loss: 0.019574, Val Loss: 0.012635  
	Train = MSE:0.019574 , RMSE:0.139907 , MAE:0.105263 , MAPD:0.545732, R_squared:0.999661  
	Validation = MSE:0.012635 , RMSE:0.112404 , MAE:0.078660 , MAPD:0.431744, R_squared:0.999773

2024-03-21 06:27:57,618 Epoch 242/300, Train Loss: 0.017361, Val Loss: 0.032339  
	Train = MSE:0.017361 , RMSE:0.131760 , MAE:0.100271 , MAPD:0.517176, R_squared:0.999699  
	Validation = MSE:0.032339 , RMSE:0.179832 , MAE:0.158320 , MAPD:0.934160, R_squared:0.999418

2024-03-21 06:28:11,212 Epoch 243/300, Train Loss: 0.019750, Val Loss: 0.015408  
	Train = MSE:0.019750 , RMSE:0.140536 , MAE:0.107209 , MAPD:0.554482, R_squared:0.999658  
	Validation = MSE:0.015408 , RMSE:0.124129 , MAE:0.090315 , MAPD:0.490696, R_squared:0.999723

2024-03-21 06:28:24,896 Epoch 244/300, Train Loss: 0.019529, Val Loss: 0.024081  
	Train = MSE:0.019529 , RMSE:0.139745 , MAE:0.105059 , MAPD:0.540283, R_squared:0.999662  
	Validation = MSE:0.024081 , RMSE:0.155181 , MAE:0.124763 , MAPD:0.688642, R_squared:0.999567

2024-03-21 06:28:38,541 Epoch 245/300, Train Loss: 0.018029, Val Loss: 0.014030  
	Train = MSE:0.018029 , RMSE:0.134273 , MAE:0.103066 , MAPD:0.529707, R_squared:0.999688  
	Validation = MSE:0.014030 , RMSE:0.118448 , MAE:0.085972 , MAPD:0.468592, R_squared:0.999748

2024-03-21 06:28:52,946 Epoch 246/300, Train Loss: 0.019603, Val Loss: 0.031608  
	Train = MSE:0.019603 , RMSE:0.140011 , MAE:0.105898 , MAPD:0.542241, R_squared:0.999661  
	Validation = MSE:0.031608 , RMSE:0.177786 , MAE:0.147182 , MAPD:0.802307, R_squared:0.999431

2024-03-21 06:29:06,322 Epoch 247/300, Train Loss: 0.018098, Val Loss: 0.045402  
	Train = MSE:0.018098 , RMSE:0.134529 , MAE:0.102925 , MAPD:0.527800, R_squared:0.999687  
	Validation = MSE:0.045402 , RMSE:0.213077 , MAE:0.151588 , MAPD:0.670436, R_squared:0.999183

2024-03-21 06:29:20,028 Epoch 248/300, Train Loss: 0.017465, Val Loss: 0.047099  
	Train = MSE:0.017465 , RMSE:0.132154 , MAE:0.099711 , MAPD:0.516950, R_squared:0.999698  
	Validation = MSE:0.047099 , RMSE:0.217022 , MAE:0.190639 , MAPD:1.010464, R_squared:0.999153

2024-03-21 06:29:33,656 Epoch 249/300, Train Loss: 0.020047, Val Loss: 0.079586  
	Train = MSE:0.020047 , RMSE:0.141586 , MAE:0.105587 , MAPD:0.543798, R_squared:0.999653  
	Validation = MSE:0.079586 , RMSE:0.282110 , MAE:0.254065 , MAPD:1.299839, R_squared:0.998568

2024-03-21 06:29:48,115 Epoch 250/300, Train Loss: 0.017152, Val Loss: 0.029327  
	Train = MSE:0.017152 , RMSE:0.130964 , MAE:0.099570 , MAPD:0.516212, R_squared:0.999703  
	Validation = MSE:0.029327 , RMSE:0.171251 , MAE:0.145791 , MAPD:0.859654, R_squared:0.999472

2024-03-21 06:30:02,344 Epoch 251/300, Train Loss: 0.018688, Val Loss: 0.028764  
	Train = MSE:0.018688 , RMSE:0.136704 , MAE:0.103710 , MAPD:0.534788, R_squared:0.999677  
	Validation = MSE:0.028764 , RMSE:0.169599 , MAE:0.138349 , MAPD:0.823427, R_squared:0.999482

2024-03-21 06:30:20,405 Epoch 252/300, Train Loss: 0.019051, Val Loss: 0.013171  
	Train = MSE:0.019051 , RMSE:0.138027 , MAE:0.103004 , MAPD:0.540669, R_squared:0.999670  
	Validation = MSE:0.013171 , RMSE:0.114766 , MAE:0.083205 , MAPD:0.432153, R_squared:0.999763

2024-03-21 06:30:34,377 Epoch 253/300, Train Loss: 0.018754, Val Loss: 0.013807  
	Train = MSE:0.018754 , RMSE:0.136945 , MAE:0.104862 , MAPD:0.544098, R_squared:0.999675  
	Validation = MSE:0.013807 , RMSE:0.117502 , MAE:0.083669 , MAPD:0.427687, R_squared:0.999752

2024-03-21 06:30:48,807 Epoch 254/300, Train Loss: 0.018806, Val Loss: 0.011326  
	Train = MSE:0.018806 , RMSE:0.137136 , MAE:0.103219 , MAPD:0.530285, R_squared:0.999674  
	Validation = MSE:0.011326 , RMSE:0.106422 , MAE:0.075039 , MAPD:0.399981, R_squared:0.999796

2024-03-21 06:31:02,737 Epoch 255/300, Train Loss: 0.018748, Val Loss: 0.022248  
	Train = MSE:0.018748 , RMSE:0.136925 , MAE:0.104306 , MAPD:0.536049, R_squared:0.999675  
	Validation = MSE:0.022248 , RMSE:0.149159 , MAE:0.118832 , MAPD:0.710821, R_squared:0.999600

2024-03-21 06:31:16,633 Epoch 256/300, Train Loss: 0.019254, Val Loss: 0.015040  
	Train = MSE:0.019254 , RMSE:0.138759 , MAE:0.104955 , MAPD:0.539405, R_squared:0.999667  
	Validation = MSE:0.015040 , RMSE:0.122639 , MAE:0.090223 , MAPD:0.476306, R_squared:0.999729

2024-03-21 06:31:31,425 Epoch 257/300, Train Loss: 0.018811, Val Loss: 0.013478  
	Train = MSE:0.018811 , RMSE:0.137155 , MAE:0.104860 , MAPD:0.545138, R_squared:0.999674  
	Validation = MSE:0.013478 , RMSE:0.116095 , MAE:0.078583 , MAPD:0.425820, R_squared:0.999757

2024-03-21 06:31:46,288 Epoch 258/300, Train Loss: 0.017214, Val Loss: 0.022304  
	Train = MSE:0.017214 , RMSE:0.131202 , MAE:0.099684 , MAPD:0.516034, R_squared:0.999702  
	Validation = MSE:0.022304 , RMSE:0.149345 , MAE:0.113292 , MAPD:0.620422, R_squared:0.999599

2024-03-21 06:32:00,311 Epoch 259/300, Train Loss: 0.017818, Val Loss: 0.018028  
	Train = MSE:0.017818 , RMSE:0.133484 , MAE:0.101821 , MAPD:0.520452, R_squared:0.999692  
	Validation = MSE:0.018028 , RMSE:0.134267 , MAE:0.100116 , MAPD:0.527414, R_squared:0.999676

2024-03-21 06:32:14,232 Epoch 260/300, Train Loss: 0.018146, Val Loss: 0.020128  
	Train = MSE:0.018146 , RMSE:0.134706 , MAE:0.101596 , MAPD:0.525749, R_squared:0.999686  
	Validation = MSE:0.020128 , RMSE:0.141872 , MAE:0.106414 , MAPD:0.539930, R_squared:0.999638

2024-03-21 06:32:27,951 Epoch 261/300, Train Loss: 0.018352, Val Loss: 0.015467  
	Train = MSE:0.018352 , RMSE:0.135468 , MAE:0.102003 , MAPD:0.522460, R_squared:0.999682  
	Validation = MSE:0.015467 , RMSE:0.124366 , MAE:0.089686 , MAPD:0.467526, R_squared:0.999722

2024-03-21 06:32:44,632 Epoch 262/300, Train Loss: 0.018518, Val Loss: 0.016117  
	Train = MSE:0.018518 , RMSE:0.136083 , MAE:0.104801 , MAPD:0.543275, R_squared:0.999679  
	Validation = MSE:0.016117 , RMSE:0.126951 , MAE:0.087249 , MAPD:0.456021, R_squared:0.999710

2024-03-21 06:32:58,615 Epoch 263/300, Train Loss: 0.017965, Val Loss: 0.026307  
	Train = MSE:0.017965 , RMSE:0.134032 , MAE:0.101825 , MAPD:0.522292, R_squared:0.999689  
	Validation = MSE:0.026307 , RMSE:0.162195 , MAE:0.132786 , MAPD:0.779174, R_squared:0.999527

2024-03-21 06:33:12,914 Epoch 264/300, Train Loss: 0.017605, Val Loss: 0.037939  
	Train = MSE:0.017605 , RMSE:0.132684 , MAE:0.101036 , MAPD:0.526590, R_squared:0.999695  
	Validation = MSE:0.037939 , RMSE:0.194780 , MAE:0.172324 , MAPD:0.938511, R_squared:0.999317

2024-03-21 06:33:28,967 Epoch 265/300, Train Loss: 0.018134, Val Loss: 0.014430  
	Train = MSE:0.018134 , RMSE:0.134664 , MAE:0.102369 , MAPD:0.527680, R_squared:0.999686  
	Validation = MSE:0.014430 , RMSE:0.120125 , MAE:0.084550 , MAPD:0.442466, R_squared:0.999740

2024-03-21 06:33:45,108 Epoch 266/300, Train Loss: 0.017106, Val Loss: 0.057809  
	Train = MSE:0.017106 , RMSE:0.130792 , MAE:0.099260 , MAPD:0.511888, R_squared:0.999704  
	Validation = MSE:0.057809 , RMSE:0.240435 , MAE:0.208928 , MAPD:1.069772, R_squared:0.998960

2024-03-21 06:34:00,682 Epoch 267/300, Train Loss: 0.017522, Val Loss: 0.014798  
	Train = MSE:0.017522 , RMSE:0.132372 , MAE:0.099960 , MAPD:0.513988, R_squared:0.999697  
	Validation = MSE:0.014798 , RMSE:0.121647 , MAE:0.090214 , MAPD:0.496231, R_squared:0.999734

2024-03-21 06:34:16,612 Epoch 268/300, Train Loss: 0.016985, Val Loss: 0.021688  
	Train = MSE:0.016985 , RMSE:0.130326 , MAE:0.100811 , MAPD:0.528474, R_squared:0.999706  
	Validation = MSE:0.021688 , RMSE:0.147269 , MAE:0.116544 , MAPD:0.673235, R_squared:0.999610

2024-03-21 06:34:32,402 Epoch 269/300, Train Loss: 0.016324, Val Loss: 0.013587  
	Train = MSE:0.016324 , RMSE:0.127767 , MAE:0.096445 , MAPD:0.498619, R_squared:0.999717  
	Validation = MSE:0.013587 , RMSE:0.116565 , MAE:0.084189 , MAPD:0.489013, R_squared:0.999756

2024-03-21 06:34:48,003 Epoch 270/300, Train Loss: 0.017510, Val Loss: 0.014360  
	Train = MSE:0.017510 , RMSE:0.132324 , MAE:0.099585 , MAPD:0.512232, R_squared:0.999697  
	Validation = MSE:0.014360 , RMSE:0.119833 , MAE:0.086627 , MAPD:0.466248, R_squared:0.999742

2024-03-21 06:35:03,876 Epoch 271/300, Train Loss: 0.017187, Val Loss: 0.014691  
	Train = MSE:0.017187 , RMSE:0.131100 , MAE:0.101072 , MAPD:0.523938, R_squared:0.999702  
	Validation = MSE:0.014691 , RMSE:0.121208 , MAE:0.088399 , MAPD:0.498942, R_squared:0.999736

2024-03-21 06:35:22,019 Epoch 272/300, Train Loss: 0.016611, Val Loss: 0.013553  
	Train = MSE:0.016611 , RMSE:0.128885 , MAE:0.098557 , MAPD:0.508370, R_squared:0.999712  
	Validation = MSE:0.013553 , RMSE:0.116416 , MAE:0.080544 , MAPD:0.433404, R_squared:0.999756

2024-03-21 06:35:37,839 Epoch 273/300, Train Loss: 0.017771, Val Loss: 0.040566  
	Train = MSE:0.017771 , RMSE:0.133308 , MAE:0.102423 , MAPD:0.528382, R_squared:0.999692  
	Validation = MSE:0.040566 , RMSE:0.201410 , MAE:0.174133 , MAPD:0.954238, R_squared:0.999270

2024-03-21 06:35:52,654 Epoch 274/300, Train Loss: 0.017293, Val Loss: 0.010936  
	Train = MSE:0.017293 , RMSE:0.131503 , MAE:0.100020 , MAPD:0.514307, R_squared:0.999701  
	Validation = MSE:0.010936 , RMSE:0.104575 , MAE:0.070208 , MAPD:0.375813, R_squared:0.999803

2024-03-21 06:36:07,264 Epoch 275/300, Train Loss: 0.018058, Val Loss: 0.012561  
	Train = MSE:0.018058 , RMSE:0.134380 , MAE:0.101299 , MAPD:0.524962, R_squared:0.999687  
	Validation = MSE:0.012561 , RMSE:0.112076 , MAE:0.080497 , MAPD:0.414626, R_squared:0.999774

2024-03-21 06:36:22,169 Epoch 276/300, Train Loss: 0.016352, Val Loss: 0.015205  
	Train = MSE:0.016352 , RMSE:0.127873 , MAE:0.097903 , MAPD:0.505574, R_squared:0.999717  
	Validation = MSE:0.015205 , RMSE:0.123307 , MAE:0.093123 , MAPD:0.519988, R_squared:0.999726

2024-03-21 06:36:38,390 Epoch 277/300, Train Loss: 0.017202, Val Loss: 0.015265  
	Train = MSE:0.017202 , RMSE:0.131156 , MAE:0.100352 , MAPD:0.518990, R_squared:0.999702  
	Validation = MSE:0.015265 , RMSE:0.123553 , MAE:0.089689 , MAPD:0.479285, R_squared:0.999725

2024-03-21 06:36:53,532 Epoch 278/300, Train Loss: 0.016880, Val Loss: 0.012382  
	Train = MSE:0.016880 , RMSE:0.129922 , MAE:0.098748 , MAPD:0.505640, R_squared:0.999708  
	Validation = MSE:0.012382 , RMSE:0.111273 , MAE:0.078442 , MAPD:0.425296, R_squared:0.999777

2024-03-21 06:37:09,393 Epoch 279/300, Train Loss: 0.017269, Val Loss: 0.023746  
	Train = MSE:0.017269 , RMSE:0.131411 , MAE:0.099865 , MAPD:0.513850, R_squared:0.999701  
	Validation = MSE:0.023746 , RMSE:0.154096 , MAE:0.117509 , MAPD:0.604474, R_squared:0.999573

2024-03-21 06:37:24,438 Epoch 280/300, Train Loss: 0.015512, Val Loss: 0.030593  
	Train = MSE:0.015512 , RMSE:0.124547 , MAE:0.094277 , MAPD:0.483473, R_squared:0.999731  
	Validation = MSE:0.030593 , RMSE:0.174909 , MAE:0.144981 , MAPD:0.794853, R_squared:0.999450

2024-03-21 06:37:40,049 Epoch 281/300, Train Loss: 0.015553, Val Loss: 0.037961  
	Train = MSE:0.015553 , RMSE:0.124711 , MAE:0.095170 , MAPD:0.492572, R_squared:0.999731  
	Validation = MSE:0.037961 , RMSE:0.194835 , MAE:0.166389 , MAPD:1.037735, R_squared:0.999317

2024-03-21 06:37:58,858 Epoch 282/300, Train Loss: 0.017415, Val Loss: 0.011536  
	Train = MSE:0.017415 , RMSE:0.131965 , MAE:0.099759 , MAPD:0.516020, R_squared:0.999699  
	Validation = MSE:0.011536 , RMSE:0.107407 , MAE:0.076595 , MAPD:0.420334, R_squared:0.999792

2024-03-21 06:38:13,491 Epoch 283/300, Train Loss: 0.017763, Val Loss: 0.016100  
	Train = MSE:0.017763 , RMSE:0.133276 , MAE:0.100140 , MAPD:0.521109, R_squared:0.999693  
	Validation = MSE:0.016100 , RMSE:0.126886 , MAE:0.092952 , MAPD:0.497344, R_squared:0.999710

2024-03-21 06:38:28,289 Epoch 284/300, Train Loss: 0.016208, Val Loss: 0.013325  
	Train = MSE:0.016208 , RMSE:0.127312 , MAE:0.097580 , MAPD:0.506289, R_squared:0.999719  
	Validation = MSE:0.013325 , RMSE:0.115435 , MAE:0.083391 , MAPD:0.439368, R_squared:0.999760

2024-03-21 06:38:43,680 Epoch 285/300, Train Loss: 0.016403, Val Loss: 0.020638  
	Train = MSE:0.016403 , RMSE:0.128074 , MAE:0.098043 , MAPD:0.510702, R_squared:0.999716  
	Validation = MSE:0.020638 , RMSE:0.143661 , MAE:0.114141 , MAPD:0.620471, R_squared:0.999629

2024-03-21 06:38:58,360 Epoch 286/300, Train Loss: 0.017256, Val Loss: 0.013323  
	Train = MSE:0.017257 , RMSE:0.131364 , MAE:0.098537 , MAPD:0.511795, R_squared:0.999701  
	Validation = MSE:0.013323 , RMSE:0.115427 , MAE:0.079055 , MAPD:0.438726, R_squared:0.999760

2024-03-21 06:39:13,449 Epoch 287/300, Train Loss: 0.016593, Val Loss: 0.013766  
	Train = MSE:0.016593 , RMSE:0.128814 , MAE:0.098066 , MAPD:0.506634, R_squared:0.999713  
	Validation = MSE:0.013766 , RMSE:0.117328 , MAE:0.087306 , MAPD:0.489045, R_squared:0.999752

2024-03-21 06:39:28,255 Epoch 288/300, Train Loss: 0.015906, Val Loss: 0.012642  
	Train = MSE:0.015906 , RMSE:0.126118 , MAE:0.095742 , MAPD:0.497595, R_squared:0.999725  
	Validation = MSE:0.012642 , RMSE:0.112437 , MAE:0.080177 , MAPD:0.443991, R_squared:0.999773

2024-03-21 06:39:43,097 Epoch 289/300, Train Loss: 0.016948, Val Loss: 0.015928  
	Train = MSE:0.016948 , RMSE:0.130183 , MAE:0.100369 , MAPD:0.523396, R_squared:0.999707  
	Validation = MSE:0.015928 , RMSE:0.126205 , MAE:0.092933 , MAPD:0.510674, R_squared:0.999713

2024-03-21 06:39:59,017 Epoch 290/300, Train Loss: 0.015396, Val Loss: 0.130432  
	Train = MSE:0.015396 , RMSE:0.124079 , MAE:0.095593 , MAPD:0.498534, R_squared:0.999733  
	Validation = MSE:0.130432 , RMSE:0.361153 , MAE:0.327756 , MAPD:1.732447, R_squared:0.997653

2024-03-21 06:40:13,334 Epoch 291/300, Train Loss: 0.015059, Val Loss: 0.019693  
	Train = MSE:0.015059 , RMSE:0.122714 , MAE:0.093841 , MAPD:0.487415, R_squared:0.999739  
	Validation = MSE:0.019693 , RMSE:0.140332 , MAE:0.104878 , MAPD:0.549558, R_squared:0.999646

2024-03-21 06:40:30,203 Epoch 292/300, Train Loss: 0.019172, Val Loss: 0.035625  
	Train = MSE:0.019172 , RMSE:0.138465 , MAE:0.102701 , MAPD:0.530371, R_squared:0.999668  
	Validation = MSE:0.035625 , RMSE:0.188745 , MAE:0.155919 , MAPD:0.863784, R_squared:0.999359

2024-03-21 06:40:44,698 Epoch 293/300, Train Loss: 0.015692, Val Loss: 0.024872  
	Train = MSE:0.015692 , RMSE:0.125266 , MAE:0.095036 , MAPD:0.491219, R_squared:0.999728  
	Validation = MSE:0.024872 , RMSE:0.157710 , MAE:0.128505 , MAPD:0.695605, R_squared:0.999552

2024-03-21 06:40:59,082 Epoch 294/300, Train Loss: 0.016891, Val Loss: 0.013765  
	Train = MSE:0.016891 , RMSE:0.129964 , MAE:0.099159 , MAPD:0.513182, R_squared:0.999708  
	Validation = MSE:0.013765 , RMSE:0.117324 , MAE:0.090406 , MAPD:0.531801, R_squared:0.999752

2024-03-21 06:41:13,781 Epoch 295/300, Train Loss: 0.014674, Val Loss: 0.017375  
	Train = MSE:0.014674 , RMSE:0.121135 , MAE:0.092127 , MAPD:0.478065, R_squared:0.999746  
	Validation = MSE:0.017375 , RMSE:0.131812 , MAE:0.101091 , MAPD:0.578802, R_squared:0.999687

2024-03-21 06:41:28,003 Epoch 296/300, Train Loss: 0.017544, Val Loss: 0.022108  
	Train = MSE:0.017544 , RMSE:0.132452 , MAE:0.100705 , MAPD:0.520601, R_squared:0.999696  
	Validation = MSE:0.022108 , RMSE:0.148687 , MAE:0.116767 , MAPD:0.641101, R_squared:0.999602

2024-03-21 06:41:42,139 Epoch 297/300, Train Loss: 0.017146, Val Loss: 0.020953  
	Train = MSE:0.017146 , RMSE:0.130941 , MAE:0.099401 , MAPD:0.515031, R_squared:0.999703  
	Validation = MSE:0.020953 , RMSE:0.144750 , MAE:0.104844 , MAPD:0.518670, R_squared:0.999623

2024-03-21 06:41:56,219 Epoch 298/300, Train Loss: 0.016093, Val Loss: 0.015119  
	Train = MSE:0.016093 , RMSE:0.126857 , MAE:0.095364 , MAPD:0.493367, R_squared:0.999721  
	Validation = MSE:0.015119 , RMSE:0.122961 , MAE:0.092695 , MAPD:0.544402, R_squared:0.999728

2024-03-21 06:42:10,885 Epoch 299/300, Train Loss: 0.016195, Val Loss: 0.011416  
	Train = MSE:0.016195 , RMSE:0.127259 , MAE:0.096886 , MAPD:0.501986, R_squared:0.999720  
	Validation = MSE:0.011416 , RMSE:0.106847 , MAE:0.074773 , MAPD:0.404883, R_squared:0.999795

2024-03-21 06:42:25,033 Epoch 300/300, Train Loss: 0.015105, Val Loss: 0.020738  
	Train = MSE:0.015105 , RMSE:0.122904 , MAE:0.092939 , MAPD:0.478573, R_squared:0.999739  
	Validation = MSE:0.020738 , RMSE:0.144005 , MAE:0.113478 , MAPD:0.588886, R_squared:0.999627

2024-03-21 06:42:25,039 Time for training the model: 4353.935001
2024-03-21 06:42:27,076 MSE for train: 0.018087
2024-03-21 06:42:27,077 RMSE for train: 0.134486
2024-03-21 06:42:27,077 MAE for train: 0.110737
2024-03-21 06:42:27,077 MAPD for train: 0.556859
2024-03-21 06:42:27,077 R^2 Score for train: 0.999687
2024-03-21 06:42:27,080 Inference time for train dataset: 0.987002

2024-03-21 06:42:27,218 MSE for val: 0.020738
2024-03-21 06:42:27,218 RMSE for val: 0.144005
2024-03-21 06:42:27,218 MAE for val: 0.113478
2024-03-21 06:42:27,218 MAPD for val: 0.588886
2024-03-21 06:42:27,218 R^2 Score for val: 0.999627
2024-03-21 06:42:27,222 Inference time for val dataset: 0.137999

2024-03-21 06:42:27,361 MSE for test: 0.021872
2024-03-21 06:42:27,362 RMSE for test: 0.147891
2024-03-21 06:42:27,362 MAE for test: 0.119120
2024-03-21 06:42:27,362 MAPD for test: 0.587101
2024-03-21 06:42:27,362 R^2 Score for test: 0.999639
2024-03-21 06:42:27,366 Inference time for test dataset: 0.140000

2024-03-21 06:42:30,245 Train label average: , [20.62097221]
2024-03-21 06:42:30,245 Test label average: , [21.41736175]
2024-03-21 06:42:30,245 validation label average: , [20.14607025]
2024-03-21 06:42:30,245 predicted (on validation dataset) values average: , 21.518095703125
