2024-03-21 06:42:39,096 train batches in dataset: 200
2024-03-21 06:42:39,096 val batches in dataset: 25
2024-03-21 06:42:39,096 test batches in dataset: 25
2024-03-21 06:42:39,110 Trainable parameter: net_core.0.weight - size: torch.Size([256, 35])
2024-03-21 06:42:39,115 Trainable parameter: net_core.0.bias - size: torch.Size([256])
2024-03-21 06:42:39,118 Trainable parameter: net_core.1.weight - size: torch.Size([128, 256])
2024-03-21 06:42:39,121 Trainable parameter: net_core.1.bias - size: torch.Size([128])
2024-03-21 06:42:39,125 Trainable parameter: net_core.2.weight - size: torch.Size([64, 128])
2024-03-21 06:42:39,128 Trainable parameter: net_core.2.bias - size: torch.Size([64])
2024-03-21 06:42:39,131 Trainable parameter: net_core.3.weight - size: torch.Size([16, 64])
2024-03-21 06:42:39,132 Trainable parameter: net_core.3.bias - size: torch.Size([16])
2024-03-21 06:42:39,133 Trainable parameter: net_core.4.weight - size: torch.Size([1, 16])
2024-03-21 06:42:39,133 Trainable parameter: net_core.4.bias - size: torch.Size([1])
2024-03-21 06:42:39,133 Number of trainable parameters: 51425
2024-03-21 06:42:39,133 Number of non-trainable parameters: 0
2024-03-21 06:42:49,350 Epoch 1/300, Train Loss: 395.836321, Val Loss: 294.856502  
	Train = MSE:395.832825 , RMSE:19.895548 , MAE:18.360977 , MAPD:87.696325, R_squared:-5.851934  
	Validation = MSE:294.856506 , RMSE:17.171387 , MAE:15.497524 , MAPD:73.938122, R_squared:-4.305660

2024-03-21 06:42:59,074 Epoch 2/300, Train Loss: 221.047118, Val Loss: 116.050959  
	Train = MSE:221.072266 , RMSE:14.868499 , MAE:12.726223 , MAPD:56.808551, R_squared:-2.826798  
	Validation = MSE:116.050957 , RMSE:10.772695 , MAE:8.273937 , MAPD:34.680247, R_squared:-1.088226

2024-03-21 06:43:07,122 Epoch 3/300, Train Loss: 69.136368, Val Loss: 42.673844  
	Train = MSE:69.140282 , RMSE:8.315063 , MAE:6.179923 , MAPD:27.568023, R_squared:-0.196830  
	Validation = MSE:42.673843 , RMSE:6.532522 , MAE:5.282678 , MAPD:28.516741, R_squared:0.232125

2024-03-21 06:43:15,400 Epoch 4/300, Train Loss: 40.471677, Val Loss: 36.385763  
	Train = MSE:40.469933 , RMSE:6.361598 , MAE:5.240816 , MAPD:28.312854, R_squared:0.299459  
	Validation = MSE:36.385765 , RMSE:6.032062 , MAE:5.120832 , MAPD:29.115451, R_squared:0.345273

2024-03-21 06:43:23,519 Epoch 5/300, Train Loss: 33.484580, Val Loss: 29.434816  
	Train = MSE:33.486958 , RMSE:5.786792 , MAE:4.828307 , MAPD:26.553018, R_squared:0.420335  
	Validation = MSE:29.434814 , RMSE:5.425386 , MAE:4.641054 , MAPD:26.697596, R_squared:0.470349

2024-03-21 06:43:32,283 Epoch 6/300, Train Loss: 25.929192, Val Loss: 21.678504  
	Train = MSE:25.932240 , RMSE:5.092371 , MAE:4.260506 , MAPD:23.649035, R_squared:0.551109  
	Validation = MSE:21.678505 , RMSE:4.656018 , MAE:3.941981 , MAPD:22.583764, R_squared:0.609916

2024-03-21 06:43:40,888 Epoch 7/300, Train Loss: 17.859093, Val Loss: 13.301436  
	Train = MSE:17.860065 , RMSE:4.226117 , MAE:3.521209 , MAPD:19.737918, R_squared:0.690839  
	Validation = MSE:13.301435 , RMSE:3.647113 , MAE:3.088908 , MAPD:18.064349, R_squared:0.760653

2024-03-21 06:43:50,380 Epoch 8/300, Train Loss: 9.579157, Val Loss: 6.076185  
	Train = MSE:9.580746 , RMSE:3.095278 , MAE:2.535985 , MAPD:14.500700, R_squared:0.834156  
	Validation = MSE:6.076185 , RMSE:2.464992 , MAE:2.044668 , MAPD:12.442238, R_squared:0.890665

2024-03-21 06:43:59,052 Epoch 9/300, Train Loss: 3.856545, Val Loss: 2.422168  
	Train = MSE:3.856835 , RMSE:1.963883 , MAE:1.577949 , MAPD:9.256383, R_squared:0.933238  
	Validation = MSE:2.422168 , RMSE:1.556332 , MAE:1.222951 , MAPD:7.560865, R_squared:0.956415

2024-03-21 06:44:07,926 Epoch 10/300, Train Loss: 1.914101, Val Loss: 1.472581  
	Train = MSE:1.914284 , RMSE:1.383577 , MAE:1.105401 , MAPD:6.473437, R_squared:0.966863  
	Validation = MSE:1.472581 , RMSE:1.213500 , MAE:0.963137 , MAPD:5.636750, R_squared:0.973502

2024-03-21 06:44:17,122 Epoch 11/300, Train Loss: 1.365054, Val Loss: 1.092674  
	Train = MSE:1.365195 , RMSE:1.168416 , MAE:0.932183 , MAPD:5.319748, R_squared:0.976368  
	Validation = MSE:1.092674 , RMSE:1.045310 , MAE:0.834978 , MAPD:4.825972, R_squared:0.980338

2024-03-21 06:44:26,546 Epoch 12/300, Train Loss: 1.087379, Val Loss: 0.882333  
	Train = MSE:1.087539 , RMSE:1.042851 , MAE:0.829584 , MAPD:4.627382, R_squared:0.981175  
	Validation = MSE:0.882333 , RMSE:0.939326 , MAE:0.749786 , MAPD:4.284289, R_squared:0.984123

2024-03-21 06:44:34,657 Epoch 13/300, Train Loss: 0.918584, Val Loss: 0.740447  
	Train = MSE:0.918577 , RMSE:0.958424 , MAE:0.758084 , MAPD:4.154250, R_squared:0.984099  
	Validation = MSE:0.740447 , RMSE:0.860492 , MAE:0.685403 , MAPD:3.808907, R_squared:0.986676

2024-03-21 06:44:44,113 Epoch 14/300, Train Loss: 0.783279, Val Loss: 0.634520  
	Train = MSE:0.783335 , RMSE:0.885062 , MAE:0.695159 , MAPD:3.751145, R_squared:0.986440  
	Validation = MSE:0.634520 , RMSE:0.796568 , MAE:0.633517 , MAPD:3.491812, R_squared:0.988582

2024-03-21 06:44:53,178 Epoch 15/300, Train Loss: 0.686864, Val Loss: 0.560169  
	Train = MSE:0.686951 , RMSE:0.828825 , MAE:0.649445 , MAPD:3.461300, R_squared:0.988109  
	Validation = MSE:0.560169 , RMSE:0.748444 , MAE:0.595456 , MAPD:3.290921, R_squared:0.989920

2024-03-21 06:45:01,331 Epoch 16/300, Train Loss: 0.599523, Val Loss: 0.485408  
	Train = MSE:0.599471 , RMSE:0.774255 , MAE:0.600393 , MAPD:3.170094, R_squared:0.989623  
	Validation = MSE:0.485408 , RMSE:0.696712 , MAE:0.548078 , MAPD:2.955756, R_squared:0.991266

2024-03-21 06:45:09,416 Epoch 17/300, Train Loss: 0.527670, Val Loss: 0.441132  
	Train = MSE:0.527710 , RMSE:0.726436 , MAE:0.560720 , MAPD:2.942783, R_squared:0.990865  
	Validation = MSE:0.441132 , RMSE:0.664178 , MAE:0.526708 , MAPD:2.902312, R_squared:0.992062

2024-03-21 06:45:17,474 Epoch 18/300, Train Loss: 0.466063, Val Loss: 0.383599  
	Train = MSE:0.466078 , RMSE:0.682699 , MAE:0.524417 , MAPD:2.735011, R_squared:0.991932  
	Validation = MSE:0.383599 , RMSE:0.619354 , MAE:0.483054 , MAPD:2.562631, R_squared:0.993097

2024-03-21 06:45:25,865 Epoch 19/300, Train Loss: 0.413052, Val Loss: 0.337411  
	Train = MSE:0.413037 , RMSE:0.642680 , MAE:0.491999 , MAPD:2.554947, R_squared:0.992850  
	Validation = MSE:0.337411 , RMSE:0.580871 , MAE:0.451583 , MAPD:2.412916, R_squared:0.993929

2024-03-21 06:45:34,606 Epoch 20/300, Train Loss: 0.369107, Val Loss: 0.299143  
	Train = MSE:0.369148 , RMSE:0.607576 , MAE:0.463505 , MAPD:2.403928, R_squared:0.993610  
	Validation = MSE:0.299143 , RMSE:0.546939 , MAE:0.425360 , MAPD:2.269819, R_squared:0.994617

2024-03-21 06:45:43,583 Epoch 21/300, Train Loss: 0.331603, Val Loss: 0.271512  
	Train = MSE:0.331622 , RMSE:0.575867 , MAE:0.438132 , MAPD:2.266812, R_squared:0.994260  
	Validation = MSE:0.271512 , RMSE:0.521068 , MAE:0.404491 , MAPD:2.152820, R_squared:0.995114

2024-03-21 06:45:54,009 Epoch 22/300, Train Loss: 0.299069, Val Loss: 0.284858  
	Train = MSE:0.299090 , RMSE:0.546891 , MAE:0.411882 , MAPD:2.126685, R_squared:0.994823  
	Validation = MSE:0.284858 , RMSE:0.533721 , MAE:0.414926 , MAPD:2.186100, R_squared:0.994874

2024-03-21 06:46:02,314 Epoch 23/300, Train Loss: 0.273897, Val Loss: 0.228243  
	Train = MSE:0.273905 , RMSE:0.523359 , MAE:0.396697 , MAPD:2.053115, R_squared:0.995259  
	Validation = MSE:0.228243 , RMSE:0.477748 , MAE:0.368972 , MAPD:1.968788, R_squared:0.995893

2024-03-21 06:46:10,556 Epoch 24/300, Train Loss: 0.249194, Val Loss: 0.215178  
	Train = MSE:0.249227 , RMSE:0.499227 , MAE:0.376316 , MAPD:1.946255, R_squared:0.995686  
	Validation = MSE:0.215178 , RMSE:0.463873 , MAE:0.361806 , MAPD:1.971207, R_squared:0.996128

2024-03-21 06:46:18,724 Epoch 25/300, Train Loss: 0.230653, Val Loss: 0.196879  
	Train = MSE:0.230687 , RMSE:0.480299 , MAE:0.363639 , MAPD:1.885438, R_squared:0.996007  
	Validation = MSE:0.196879 , RMSE:0.443710 , MAE:0.344967 , MAPD:1.872978, R_squared:0.996457

2024-03-21 06:46:27,595 Epoch 26/300, Train Loss: 0.214327, Val Loss: 0.183009  
	Train = MSE:0.214271 , RMSE:0.462894 , MAE:0.350992 , MAPD:1.825407, R_squared:0.996291  
	Validation = MSE:0.183009 , RMSE:0.427796 , MAE:0.331996 , MAPD:1.797683, R_squared:0.996707

2024-03-21 06:46:36,744 Epoch 27/300, Train Loss: 0.203115, Val Loss: 0.184613  
	Train = MSE:0.203120 , RMSE:0.450689 , MAE:0.342764 , MAPD:1.793075, R_squared:0.996484  
	Validation = MSE:0.184613 , RMSE:0.429667 , MAE:0.332291 , MAPD:1.785206, R_squared:0.996678

2024-03-21 06:46:45,452 Epoch 28/300, Train Loss: 0.189286, Val Loss: 0.162218  
	Train = MSE:0.189273 , RMSE:0.435056 , MAE:0.330620 , MAPD:1.727061, R_squared:0.996724  
	Validation = MSE:0.162218 , RMSE:0.402764 , MAE:0.310771 , MAPD:1.688504, R_squared:0.997081

2024-03-21 06:46:53,825 Epoch 29/300, Train Loss: 0.179144, Val Loss: 0.193291  
	Train = MSE:0.179163 , RMSE:0.423277 , MAE:0.320977 , MAPD:1.684942, R_squared:0.996899  
	Validation = MSE:0.193291 , RMSE:0.439649 , MAE:0.339805 , MAPD:1.830808, R_squared:0.996522

2024-03-21 06:47:02,381 Epoch 30/300, Train Loss: 0.168643, Val Loss: 0.147887  
	Train = MSE:0.168652 , RMSE:0.410672 , MAE:0.311345 , MAPD:1.636110, R_squared:0.997081  
	Validation = MSE:0.147887 , RMSE:0.384561 , MAE:0.293144 , MAPD:1.603627, R_squared:0.997339

2024-03-21 06:47:10,876 Epoch 31/300, Train Loss: 0.160988, Val Loss: 0.164338  
	Train = MSE:0.160984 , RMSE:0.401228 , MAE:0.304628 , MAPD:1.610443, R_squared:0.997213  
	Validation = MSE:0.164338 , RMSE:0.405386 , MAE:0.310300 , MAPD:1.687655, R_squared:0.997043

2024-03-21 06:47:20,288 Epoch 32/300, Train Loss: 0.150582, Val Loss: 0.137976  
	Train = MSE:0.150482 , RMSE:0.387920 , MAE:0.292118 , MAPD:1.543442, R_squared:0.997395  
	Validation = MSE:0.137976 , RMSE:0.371451 , MAE:0.281358 , MAPD:1.551695, R_squared:0.997517

2024-03-21 06:47:28,686 Epoch 33/300, Train Loss: 0.145858, Val Loss: 0.129618  
	Train = MSE:0.145841 , RMSE:0.381892 , MAE:0.287345 , MAPD:1.527263, R_squared:0.997475  
	Validation = MSE:0.129618 , RMSE:0.360025 , MAE:0.274585 , MAPD:1.548684, R_squared:0.997668

2024-03-21 06:47:38,063 Epoch 34/300, Train Loss: 0.139172, Val Loss: 0.155986  
	Train = MSE:0.139170 , RMSE:0.373055 , MAE:0.280617 , MAPD:1.492658, R_squared:0.997591  
	Validation = MSE:0.155986 , RMSE:0.394950 , MAE:0.300256 , MAPD:1.640435, R_squared:0.997193

2024-03-21 06:47:46,851 Epoch 35/300, Train Loss: 0.133947, Val Loss: 0.127919  
	Train = MSE:0.133962 , RMSE:0.366009 , MAE:0.275659 , MAPD:1.467723, R_squared:0.997681  
	Validation = MSE:0.127919 , RMSE:0.357657 , MAE:0.273013 , MAPD:1.558819, R_squared:0.997698

2024-03-21 06:47:55,108 Epoch 36/300, Train Loss: 0.132779, Val Loss: 0.121787  
	Train = MSE:0.132794 , RMSE:0.364409 , MAE:0.274063 , MAPD:1.466257, R_squared:0.997701  
	Validation = MSE:0.121787 , RMSE:0.348980 , MAE:0.255925 , MAPD:1.421103, R_squared:0.997809

2024-03-21 06:48:03,219 Epoch 37/300, Train Loss: 0.123795, Val Loss: 0.114312  
	Train = MSE:0.123799 , RMSE:0.351851 , MAE:0.261533 , MAPD:1.394271, R_squared:0.997857  
	Validation = MSE:0.114312 , RMSE:0.338101 , MAE:0.252490 , MAPD:1.438876, R_squared:0.997943

2024-03-21 06:48:11,380 Epoch 38/300, Train Loss: 0.120315, Val Loss: 0.118014  
	Train = MSE:0.120340 , RMSE:0.346900 , MAE:0.257309 , MAPD:1.376637, R_squared:0.997917  
	Validation = MSE:0.118014 , RMSE:0.343532 , MAE:0.250802 , MAPD:1.382769, R_squared:0.997876

2024-03-21 06:48:20,100 Epoch 39/300, Train Loss: 0.115306, Val Loss: 0.112768  
	Train = MSE:0.115319 , RMSE:0.339586 , MAE:0.251880 , MAPD:1.349890, R_squared:0.998004  
	Validation = MSE:0.112768 , RMSE:0.335809 , MAE:0.243875 , MAPD:1.354665, R_squared:0.997971

2024-03-21 06:48:30,316 Epoch 40/300, Train Loss: 0.112765, Val Loss: 0.119624  
	Train = MSE:0.112778 , RMSE:0.335825 , MAE:0.248960 , MAPD:1.333557, R_squared:0.998048  
	Validation = MSE:0.119624 , RMSE:0.345867 , MAE:0.251683 , MAPD:1.393647, R_squared:0.997847

2024-03-21 06:48:39,447 Epoch 41/300, Train Loss: 0.110004, Val Loss: 0.102884  
	Train = MSE:0.110000 , RMSE:0.331662 , MAE:0.244744 , MAPD:1.316089, R_squared:0.998096  
	Validation = MSE:0.102884 , RMSE:0.320756 , MAE:0.232137 , MAPD:1.306956, R_squared:0.998149

2024-03-21 06:48:49,226 Epoch 42/300, Train Loss: 0.108706, Val Loss: 0.103830  
	Train = MSE:0.108723 , RMSE:0.329731 , MAE:0.243641 , MAPD:1.309955, R_squared:0.998118  
	Validation = MSE:0.103830 , RMSE:0.322227 , MAE:0.237091 , MAPD:1.346062, R_squared:0.998132

2024-03-21 06:48:59,724 Epoch 43/300, Train Loss: 0.105062, Val Loss: 0.101404  
	Train = MSE:0.105077 , RMSE:0.324157 , MAE:0.239656 , MAPD:1.294291, R_squared:0.998181  
	Validation = MSE:0.101404 , RMSE:0.318439 , MAE:0.239142 , MAPD:1.365334, R_squared:0.998175

2024-03-21 06:49:08,048 Epoch 44/300, Train Loss: 0.102725, Val Loss: 0.098736  
	Train = MSE:0.102742 , RMSE:0.320534 , MAE:0.236628 , MAPD:1.282605, R_squared:0.998222  
	Validation = MSE:0.098736 , RMSE:0.314222 , MAE:0.224485 , MAPD:1.256064, R_squared:0.998223

2024-03-21 06:49:16,263 Epoch 45/300, Train Loss: 0.099728, Val Loss: 0.096468  
	Train = MSE:0.099734 , RMSE:0.315807 , MAE:0.232890 , MAPD:1.254579, R_squared:0.998274  
	Validation = MSE:0.096468 , RMSE:0.310593 , MAE:0.226372 , MAPD:1.277593, R_squared:0.998264

2024-03-21 06:49:24,430 Epoch 46/300, Train Loss: 0.099926, Val Loss: 0.091909  
	Train = MSE:0.099934 , RMSE:0.316123 , MAE:0.232544 , MAPD:1.255349, R_squared:0.998270  
	Validation = MSE:0.091909 , RMSE:0.303165 , MAE:0.218261 , MAPD:1.240203, R_squared:0.998346

2024-03-21 06:49:34,402 Epoch 47/300, Train Loss: 0.096509, Val Loss: 0.093672  
	Train = MSE:0.096508 , RMSE:0.310657 , MAE:0.227218 , MAPD:1.229413, R_squared:0.998329  
	Validation = MSE:0.093672 , RMSE:0.306059 , MAE:0.226121 , MAPD:1.287190, R_squared:0.998314

2024-03-21 06:49:43,660 Epoch 48/300, Train Loss: 0.092735, Val Loss: 0.092361  
	Train = MSE:0.092725 , RMSE:0.304508 , MAE:0.221426 , MAPD:1.195153, R_squared:0.998395  
	Validation = MSE:0.092361 , RMSE:0.303909 , MAE:0.222833 , MAPD:1.254276, R_squared:0.998338

2024-03-21 06:49:52,474 Epoch 49/300, Train Loss: 0.091052, Val Loss: 0.089359  
	Train = MSE:0.091029 , RMSE:0.301710 , MAE:0.218777 , MAPD:1.179281, R_squared:0.998424  
	Validation = MSE:0.089359 , RMSE:0.298929 , MAE:0.211435 , MAPD:1.186576, R_squared:0.998392

2024-03-21 06:50:00,598 Epoch 50/300, Train Loss: 0.089755, Val Loss: 0.084948  
	Train = MSE:0.089763 , RMSE:0.299605 , MAE:0.219034 , MAPD:1.182692, R_squared:0.998446  
	Validation = MSE:0.084948 , RMSE:0.291459 , MAE:0.209582 , MAPD:1.191885, R_squared:0.998471

2024-03-21 06:50:10,100 Epoch 51/300, Train Loss: 0.089349, Val Loss: 0.097589  
	Train = MSE:0.089336 , RMSE:0.298891 , MAE:0.218533 , MAPD:1.183696, R_squared:0.998454  
	Validation = MSE:0.097589 , RMSE:0.312393 , MAE:0.221672 , MAPD:1.219010, R_squared:0.998244

2024-03-21 06:50:19,767 Epoch 52/300, Train Loss: 0.085604, Val Loss: 0.082218  
	Train = MSE:0.085592 , RMSE:0.292562 , MAE:0.212291 , MAPD:1.148160, R_squared:0.998518  
	Validation = MSE:0.082218 , RMSE:0.286736 , MAE:0.209386 , MAPD:1.188079, R_squared:0.998521

2024-03-21 06:50:27,959 Epoch 53/300, Train Loss: 0.083188, Val Loss: 0.079213  
	Train = MSE:0.083198 , RMSE:0.288440 , MAE:0.208178 , MAPD:1.130256, R_squared:0.998560  
	Validation = MSE:0.079213 , RMSE:0.281449 , MAE:0.200313 , MAPD:1.128355, R_squared:0.998575

2024-03-21 06:50:36,124 Epoch 54/300, Train Loss: 0.084269, Val Loss: 0.079091  
	Train = MSE:0.084270 , RMSE:0.290293 , MAE:0.209541 , MAPD:1.137185, R_squared:0.998541  
	Validation = MSE:0.079091 , RMSE:0.281231 , MAE:0.196877 , MAPD:1.104768, R_squared:0.998577

2024-03-21 06:50:44,205 Epoch 55/300, Train Loss: 0.078748, Val Loss: 0.083756  
	Train = MSE:0.078759 , RMSE:0.280640 , MAE:0.203500 , MAPD:1.101975, R_squared:0.998637  
	Validation = MSE:0.083756 , RMSE:0.289407 , MAE:0.209157 , MAPD:1.183604, R_squared:0.998493

2024-03-21 06:50:52,589 Epoch 56/300, Train Loss: 0.079763, Val Loss: 0.083718  
	Train = MSE:0.079732 , RMSE:0.282368 , MAE:0.203979 , MAPD:1.104012, R_squared:0.998620  
	Validation = MSE:0.083718 , RMSE:0.289340 , MAE:0.219806 , MAPD:1.270270, R_squared:0.998494

2024-03-21 06:51:00,729 Epoch 57/300, Train Loss: 0.078264, Val Loss: 0.101509  
	Train = MSE:0.078269 , RMSE:0.279767 , MAE:0.203035 , MAPD:1.102445, R_squared:0.998645  
	Validation = MSE:0.101509 , RMSE:0.318605 , MAE:0.231474 , MAPD:1.284794, R_squared:0.998173

2024-03-21 06:51:09,285 Epoch 58/300, Train Loss: 0.075825, Val Loss: 0.074896  
	Train = MSE:0.075840 , RMSE:0.275390 , MAE:0.200127 , MAPD:1.085016, R_squared:0.998687  
	Validation = MSE:0.074896 , RMSE:0.273672 , MAE:0.199587 , MAPD:1.150050, R_squared:0.998652

2024-03-21 06:51:19,690 Epoch 59/300, Train Loss: 0.074959, Val Loss: 0.076833  
	Train = MSE:0.074966 , RMSE:0.273798 , MAE:0.197508 , MAPD:1.071570, R_squared:0.998702  
	Validation = MSE:0.076833 , RMSE:0.277188 , MAE:0.191361 , MAPD:1.081079, R_squared:0.998617

2024-03-21 06:51:28,061 Epoch 60/300, Train Loss: 0.076588, Val Loss: 0.071565  
	Train = MSE:0.076573 , RMSE:0.276719 , MAE:0.201182 , MAPD:1.093186, R_squared:0.998675  
	Validation = MSE:0.071565 , RMSE:0.267517 , MAE:0.189615 , MAPD:1.081856, R_squared:0.998712

2024-03-21 06:51:36,637 Epoch 61/300, Train Loss: 0.070976, Val Loss: 0.069756  
	Train = MSE:0.070943 , RMSE:0.266350 , MAE:0.192023 , MAPD:1.040399, R_squared:0.998772  
	Validation = MSE:0.069756 , RMSE:0.264113 , MAE:0.190388 , MAPD:1.086140, R_squared:0.998745

2024-03-21 06:51:46,678 Epoch 62/300, Train Loss: 0.070662, Val Loss: 0.068738  
	Train = MSE:0.070668 , RMSE:0.265835 , MAE:0.191549 , MAPD:1.039350, R_squared:0.998777  
	Validation = MSE:0.068738 , RMSE:0.262178 , MAE:0.181034 , MAPD:1.022432, R_squared:0.998763

2024-03-21 06:51:54,962 Epoch 63/300, Train Loss: 0.067281, Val Loss: 0.069120  
	Train = MSE:0.067297 , RMSE:0.259416 , MAE:0.186752 , MAPD:1.011279, R_squared:0.998835  
	Validation = MSE:0.069120 , RMSE:0.262907 , MAE:0.180898 , MAPD:1.015573, R_squared:0.998756

2024-03-21 06:52:03,150 Epoch 64/300, Train Loss: 0.067319, Val Loss: 0.069300  
	Train = MSE:0.067329 , RMSE:0.259479 , MAE:0.186010 , MAPD:1.010224, R_squared:0.998835  
	Validation = MSE:0.069300 , RMSE:0.263249 , MAE:0.189354 , MAPD:1.080385, R_squared:0.998753

2024-03-21 06:52:11,768 Epoch 65/300, Train Loss: 0.069489, Val Loss: 0.084978  
	Train = MSE:0.069499 , RMSE:0.263626 , MAE:0.192730 , MAPD:1.050894, R_squared:0.998797  
	Validation = MSE:0.084978 , RMSE:0.291511 , MAE:0.205545 , MAPD:1.121880, R_squared:0.998471

2024-03-21 06:52:20,296 Epoch 66/300, Train Loss: 0.065809, Val Loss: 0.070692  
	Train = MSE:0.065814 , RMSE:0.256542 , MAE:0.185236 , MAPD:1.003752, R_squared:0.998861  
	Validation = MSE:0.070692 , RMSE:0.265879 , MAE:0.198727 , MAPD:1.126241, R_squared:0.998728

2024-03-21 06:52:30,264 Epoch 67/300, Train Loss: 0.064220, Val Loss: 0.069162  
	Train = MSE:0.064212 , RMSE:0.253402 , MAE:0.182220 , MAPD:0.989279, R_squared:0.998888  
	Validation = MSE:0.069162 , RMSE:0.262987 , MAE:0.181616 , MAPD:1.009163, R_squared:0.998755

2024-03-21 06:52:38,911 Epoch 68/300, Train Loss: 0.063219, Val Loss: 0.062397  
	Train = MSE:0.063220 , RMSE:0.251437 , MAE:0.179352 , MAPD:0.971039, R_squared:0.998906  
	Validation = MSE:0.062397 , RMSE:0.249794 , MAE:0.177681 , MAPD:0.997833, R_squared:0.998877

2024-03-21 06:52:47,465 Epoch 69/300, Train Loss: 0.061603, Val Loss: 0.066689  
	Train = MSE:0.061609 , RMSE:0.248211 , MAE:0.176741 , MAPD:0.959831, R_squared:0.998934  
	Validation = MSE:0.066689 , RMSE:0.258243 , MAE:0.187458 , MAPD:1.069731, R_squared:0.998800

2024-03-21 06:52:56,338 Epoch 70/300, Train Loss: 0.061344, Val Loss: 0.061224  
	Train = MSE:0.061352 , RMSE:0.247694 , MAE:0.177326 , MAPD:0.963233, R_squared:0.998938  
	Validation = MSE:0.061224 , RMSE:0.247435 , MAE:0.171479 , MAPD:0.964006, R_squared:0.998898

2024-03-21 06:53:04,983 Epoch 71/300, Train Loss: 0.059678, Val Loss: 0.059723  
	Train = MSE:0.059685 , RMSE:0.244305 , MAE:0.174912 , MAPD:0.950380, R_squared:0.998967  
	Validation = MSE:0.059723 , RMSE:0.244383 , MAE:0.172855 , MAPD:0.979943, R_squared:0.998925

2024-03-21 06:53:14,333 Epoch 72/300, Train Loss: 0.060714, Val Loss: 0.062318  
	Train = MSE:0.060717 , RMSE:0.246408 , MAE:0.175991 , MAPD:0.953374, R_squared:0.998949  
	Validation = MSE:0.062318 , RMSE:0.249636 , MAE:0.180728 , MAPD:1.039767, R_squared:0.998879

2024-03-21 06:53:22,916 Epoch 73/300, Train Loss: 0.059409, Val Loss: 0.065114  
	Train = MSE:0.059413 , RMSE:0.243747 , MAE:0.175126 , MAPD:0.951587, R_squared:0.998972  
	Validation = MSE:0.065114 , RMSE:0.255175 , MAE:0.178660 , MAPD:1.018153, R_squared:0.998828

2024-03-21 06:53:31,475 Epoch 74/300, Train Loss: 0.060326, Val Loss: 0.060256  
	Train = MSE:0.060339 , RMSE:0.245639 , MAE:0.177307 , MAPD:0.959690, R_squared:0.998956  
	Validation = MSE:0.060256 , RMSE:0.245471 , MAE:0.170623 , MAPD:0.955038, R_squared:0.998916

2024-03-21 06:53:40,098 Epoch 75/300, Train Loss: 0.056947, Val Loss: 0.064713  
	Train = MSE:0.056936 , RMSE:0.238613 , MAE:0.170250 , MAPD:0.926915, R_squared:0.999014  
	Validation = MSE:0.064713 , RMSE:0.254387 , MAE:0.176268 , MAPD:1.005215, R_squared:0.998836

2024-03-21 06:53:48,622 Epoch 76/300, Train Loss: 0.057906, Val Loss: 0.059322  
	Train = MSE:0.057885 , RMSE:0.240592 , MAE:0.172340 , MAPD:0.937910, R_squared:0.998998  
	Validation = MSE:0.059322 , RMSE:0.243561 , MAE:0.168600 , MAPD:0.950281, R_squared:0.998933

2024-03-21 06:53:56,932 Epoch 77/300, Train Loss: 0.056960, Val Loss: 0.061839  
	Train = MSE:0.056963 , RMSE:0.238669 , MAE:0.170503 , MAPD:0.926737, R_squared:0.999014  
	Validation = MSE:0.061839 , RMSE:0.248674 , MAE:0.181745 , MAPD:1.037526, R_squared:0.998887

2024-03-21 06:54:06,090 Epoch 78/300, Train Loss: 0.055915, Val Loss: 0.055900  
	Train = MSE:0.055915 , RMSE:0.236463 , MAE:0.168031 , MAPD:0.914286, R_squared:0.999032  
	Validation = MSE:0.055900 , RMSE:0.236433 , MAE:0.163610 , MAPD:0.915398, R_squared:0.998994

2024-03-21 06:54:14,372 Epoch 79/300, Train Loss: 0.054215, Val Loss: 0.056756  
	Train = MSE:0.054220 , RMSE:0.232852 , MAE:0.166006 , MAPD:0.898778, R_squared:0.999061  
	Validation = MSE:0.056756 , RMSE:0.238235 , MAE:0.166444 , MAPD:0.940098, R_squared:0.998979

2024-03-21 06:54:23,409 Epoch 80/300, Train Loss: 0.055394, Val Loss: 0.054105  
	Train = MSE:0.055392 , RMSE:0.235356 , MAE:0.168570 , MAPD:0.916599, R_squared:0.999041  
	Validation = MSE:0.054105 , RMSE:0.232604 , MAE:0.163754 , MAPD:0.923241, R_squared:0.999026

2024-03-21 06:54:32,692 Epoch 81/300, Train Loss: 0.052326, Val Loss: 0.057340  
	Train = MSE:0.052335 , RMSE:0.228768 , MAE:0.161746 , MAPD:0.870891, R_squared:0.999094  
	Validation = MSE:0.057340 , RMSE:0.239457 , MAE:0.166111 , MAPD:0.940637, R_squared:0.998968

2024-03-21 06:54:42,470 Epoch 82/300, Train Loss: 0.052596, Val Loss: 0.055570  
	Train = MSE:0.052602 , RMSE:0.229351 , MAE:0.162667 , MAPD:0.879902, R_squared:0.999089  
	Validation = MSE:0.055570 , RMSE:0.235733 , MAE:0.164474 , MAPD:0.911986, R_squared:0.999000

2024-03-21 06:54:51,112 Epoch 83/300, Train Loss: 0.052903, Val Loss: 0.052589  
	Train = MSE:0.052910 , RMSE:0.230022 , MAE:0.164296 , MAPD:0.891184, R_squared:0.999084  
	Validation = MSE:0.052589 , RMSE:0.229323 , MAE:0.160125 , MAPD:0.900516, R_squared:0.999054

2024-03-21 06:54:59,758 Epoch 84/300, Train Loss: 0.051033, Val Loss: 0.053403  
	Train = MSE:0.051019 , RMSE:0.225873 , MAE:0.159739 , MAPD:0.864801, R_squared:0.999117  
	Validation = MSE:0.053403 , RMSE:0.231092 , MAE:0.160137 , MAPD:0.899897, R_squared:0.999039

2024-03-21 06:55:08,017 Epoch 85/300, Train Loss: 0.050649, Val Loss: 0.052186  
	Train = MSE:0.050646 , RMSE:0.225047 , MAE:0.160387 , MAPD:0.864441, R_squared:0.999123  
	Validation = MSE:0.052186 , RMSE:0.228442 , MAE:0.161516 , MAPD:0.906663, R_squared:0.999061

2024-03-21 06:55:16,370 Epoch 86/300, Train Loss: 0.050483, Val Loss: 0.054908  
	Train = MSE:0.050475 , RMSE:0.224666 , MAE:0.160064 , MAPD:0.866929, R_squared:0.999126  
	Validation = MSE:0.054908 , RMSE:0.234324 , MAE:0.173120 , MAPD:0.965106, R_squared:0.999012

2024-03-21 06:55:25,216 Epoch 87/300, Train Loss: 0.051582, Val Loss: 0.050737  
	Train = MSE:0.051592 , RMSE:0.227139 , MAE:0.162765 , MAPD:0.880761, R_squared:0.999107  
	Validation = MSE:0.050737 , RMSE:0.225250 , MAE:0.156642 , MAPD:0.880719, R_squared:0.999087

2024-03-21 06:55:35,744 Epoch 88/300, Train Loss: 0.050758, Val Loss: 0.051773  
	Train = MSE:0.050703 , RMSE:0.225174 , MAE:0.160498 , MAPD:0.872056, R_squared:0.999122  
	Validation = MSE:0.051773 , RMSE:0.227537 , MAE:0.158052 , MAPD:0.882513, R_squared:0.999068

2024-03-21 06:55:44,994 Epoch 89/300, Train Loss: 0.050012, Val Loss: 0.050238  
	Train = MSE:0.049959 , RMSE:0.223515 , MAE:0.159710 , MAPD:0.865735, R_squared:0.999135  
	Validation = MSE:0.050238 , RMSE:0.224139 , MAE:0.159273 , MAPD:0.894715, R_squared:0.999096

2024-03-21 06:55:53,200 Epoch 90/300, Train Loss: 0.048943, Val Loss: 0.049098  
	Train = MSE:0.048952 , RMSE:0.221251 , MAE:0.156909 , MAPD:0.846541, R_squared:0.999153  
	Validation = MSE:0.049098 , RMSE:0.221580 , MAE:0.153299 , MAPD:0.863217, R_squared:0.999117

2024-03-21 06:56:02,155 Epoch 91/300, Train Loss: 0.048050, Val Loss: 0.049299  
	Train = MSE:0.048062 , RMSE:0.219230 , MAE:0.156253 , MAPD:0.843158, R_squared:0.999168  
	Validation = MSE:0.049299 , RMSE:0.222033 , MAE:0.158051 , MAPD:0.883627, R_squared:0.999113

2024-03-21 06:56:11,608 Epoch 92/300, Train Loss: 0.047588, Val Loss: 0.050019  
	Train = MSE:0.047598 , RMSE:0.218169 , MAE:0.155129 , MAPD:0.835898, R_squared:0.999176  
	Validation = MSE:0.050019 , RMSE:0.223649 , MAE:0.157466 , MAPD:0.876853, R_squared:0.999100

2024-03-21 06:56:19,801 Epoch 93/300, Train Loss: 0.048505, Val Loss: 0.047203  
	Train = MSE:0.048515 , RMSE:0.220260 , MAE:0.156677 , MAPD:0.847590, R_squared:0.999160  
	Validation = MSE:0.047203 , RMSE:0.217263 , MAE:0.150274 , MAPD:0.841405, R_squared:0.999151

2024-03-21 06:56:27,972 Epoch 94/300, Train Loss: 0.047779, Val Loss: 0.048481  
	Train = MSE:0.047791 , RMSE:0.218612 , MAE:0.156290 , MAPD:0.844670, R_squared:0.999173  
	Validation = MSE:0.048481 , RMSE:0.220184 , MAE:0.152169 , MAPD:0.852989, R_squared:0.999128

2024-03-21 06:56:37,463 Epoch 95/300, Train Loss: 0.047254, Val Loss: 0.048685  
	Train = MSE:0.047225 , RMSE:0.217314 , MAE:0.155678 , MAPD:0.846186, R_squared:0.999183  
	Validation = MSE:0.048685 , RMSE:0.220647 , MAE:0.158543 , MAPD:0.901000, R_squared:0.999124

2024-03-21 06:56:45,720 Epoch 96/300, Train Loss: 0.045190, Val Loss: 0.046702  
	Train = MSE:0.045197 , RMSE:0.212595 , MAE:0.150765 , MAPD:0.808641, R_squared:0.999218  
	Validation = MSE:0.046702 , RMSE:0.216107 , MAE:0.150730 , MAPD:0.845954, R_squared:0.999160

2024-03-21 06:56:55,459 Epoch 97/300, Train Loss: 0.046173, Val Loss: 0.046319  
	Train = MSE:0.046165 , RMSE:0.214861 , MAE:0.152969 , MAPD:0.821970, R_squared:0.999201  
	Validation = MSE:0.046319 , RMSE:0.215219 , MAE:0.148938 , MAPD:0.832121, R_squared:0.999167

2024-03-21 06:57:03,837 Epoch 98/300, Train Loss: 0.045672, Val Loss: 0.049263  
	Train = MSE:0.045680 , RMSE:0.213728 , MAE:0.152882 , MAPD:0.827001, R_squared:0.999209  
	Validation = MSE:0.049263 , RMSE:0.221953 , MAE:0.161460 , MAPD:0.905908, R_squared:0.999114

2024-03-21 06:57:12,493 Epoch 99/300, Train Loss: 0.044163, Val Loss: 0.049683  
	Train = MSE:0.044162 , RMSE:0.210148 , MAE:0.149829 , MAPD:0.803291, R_squared:0.999236  
	Validation = MSE:0.049683 , RMSE:0.222897 , MAE:0.164760 , MAPD:0.936837, R_squared:0.999106

2024-03-21 06:57:20,803 Epoch 100/300, Train Loss: 0.043432, Val Loss: 0.048122  
	Train = MSE:0.043441 , RMSE:0.208425 , MAE:0.149203 , MAPD:0.803155, R_squared:0.999248  
	Validation = MSE:0.048122 , RMSE:0.219366 , MAE:0.159585 , MAPD:0.891725, R_squared:0.999134

2024-03-21 06:57:29,473 Epoch 101/300, Train Loss: 0.043208, Val Loss: 0.048941  
	Train = MSE:0.043211 , RMSE:0.207872 , MAE:0.147741 , MAPD:0.793987, R_squared:0.999252  
	Validation = MSE:0.048941 , RMSE:0.221225 , MAE:0.154396 , MAPD:0.872331, R_squared:0.999119

2024-03-21 06:57:39,001 Epoch 102/300, Train Loss: 0.045711, Val Loss: 0.046939  
	Train = MSE:0.045698 , RMSE:0.213770 , MAE:0.156188 , MAPD:0.848364, R_squared:0.999209  
	Validation = MSE:0.046939 , RMSE:0.216654 , MAE:0.153990 , MAPD:0.848510, R_squared:0.999155

2024-03-21 06:57:47,258 Epoch 103/300, Train Loss: 0.043562, Val Loss: 0.046669  
	Train = MSE:0.043563 , RMSE:0.208717 , MAE:0.148859 , MAPD:0.799559, R_squared:0.999246  
	Validation = MSE:0.046669 , RMSE:0.216029 , MAE:0.149686 , MAPD:0.828761, R_squared:0.999160

2024-03-21 06:57:55,536 Epoch 104/300, Train Loss: 0.042217, Val Loss: 0.045361  
	Train = MSE:0.042213 , RMSE:0.205458 , MAE:0.146574 , MAPD:0.782189, R_squared:0.999269  
	Validation = MSE:0.045361 , RMSE:0.212980 , MAE:0.152688 , MAPD:0.862905, R_squared:0.999184

2024-03-21 06:58:04,084 Epoch 105/300, Train Loss: 0.043525, Val Loss: 0.047189  
	Train = MSE:0.043532 , RMSE:0.208642 , MAE:0.151387 , MAPD:0.805243, R_squared:0.999246  
	Validation = MSE:0.047189 , RMSE:0.217231 , MAE:0.150085 , MAPD:0.821458, R_squared:0.999151

2024-03-21 06:58:13,387 Epoch 106/300, Train Loss: 0.042481, Val Loss: 0.043899  
	Train = MSE:0.042482 , RMSE:0.206112 , MAE:0.147801 , MAPD:0.794178, R_squared:0.999265  
	Validation = MSE:0.043899 , RMSE:0.209522 , MAE:0.147463 , MAPD:0.827885, R_squared:0.999210

2024-03-21 06:58:23,352 Epoch 107/300, Train Loss: 0.040871, Val Loss: 0.051105  
	Train = MSE:0.040874 , RMSE:0.202174 , MAE:0.145060 , MAPD:0.774100, R_squared:0.999292  
	Validation = MSE:0.051105 , RMSE:0.226063 , MAE:0.171167 , MAPD:0.992724, R_squared:0.999080

2024-03-21 06:58:32,450 Epoch 108/300, Train Loss: 0.041628, Val Loss: 0.050483  
	Train = MSE:0.041615 , RMSE:0.203997 , MAE:0.145054 , MAPD:0.776129, R_squared:0.999280  
	Validation = MSE:0.050483 , RMSE:0.224685 , MAE:0.168198 , MAPD:0.908030, R_squared:0.999092

2024-03-21 06:58:40,703 Epoch 109/300, Train Loss: 0.040872, Val Loss: 0.046381  
	Train = MSE:0.040875 , RMSE:0.202177 , MAE:0.144210 , MAPD:0.772699, R_squared:0.999292  
	Validation = MSE:0.046381 , RMSE:0.215363 , MAE:0.154776 , MAPD:0.838093, R_squared:0.999165

2024-03-21 06:58:48,990 Epoch 110/300, Train Loss: 0.041323, Val Loss: 0.044749  
	Train = MSE:0.041328 , RMSE:0.203294 , MAE:0.146349 , MAPD:0.784335, R_squared:0.999285  
	Validation = MSE:0.044749 , RMSE:0.211539 , MAE:0.145354 , MAPD:0.804754, R_squared:0.999195

2024-03-21 06:58:58,309 Epoch 111/300, Train Loss: 0.039592, Val Loss: 0.050885  
	Train = MSE:0.039600 , RMSE:0.198997 , MAE:0.141746 , MAPD:0.758442, R_squared:0.999315  
	Validation = MSE:0.050885 , RMSE:0.225578 , MAE:0.158568 , MAPD:0.907639, R_squared:0.999084

2024-03-21 06:59:09,094 Epoch 112/300, Train Loss: 0.042228, Val Loss: 0.050540  
	Train = MSE:0.042225 , RMSE:0.205487 , MAE:0.148491 , MAPD:0.803459, R_squared:0.999269  
	Validation = MSE:0.050540 , RMSE:0.224811 , MAE:0.157470 , MAPD:0.899571, R_squared:0.999091

2024-03-21 06:59:17,720 Epoch 113/300, Train Loss: 0.040140, Val Loss: 0.043084  
	Train = MSE:0.040144 , RMSE:0.200359 , MAE:0.143234 , MAPD:0.761370, R_squared:0.999305  
	Validation = MSE:0.043084 , RMSE:0.207567 , MAE:0.141041 , MAPD:0.775487, R_squared:0.999225

2024-03-21 06:59:27,593 Epoch 114/300, Train Loss: 0.040736, Val Loss: 0.041991  
	Train = MSE:0.040743 , RMSE:0.201850 , MAE:0.145355 , MAPD:0.780436, R_squared:0.999295  
	Validation = MSE:0.041991 , RMSE:0.204916 , MAE:0.138624 , MAPD:0.768863, R_squared:0.999244

2024-03-21 06:59:35,899 Epoch 115/300, Train Loss: 0.040440, Val Loss: 0.040449  
	Train = MSE:0.040446 , RMSE:0.201111 , MAE:0.145244 , MAPD:0.777314, R_squared:0.999300  
	Validation = MSE:0.040449 , RMSE:0.201120 , MAE:0.138479 , MAPD:0.765312, R_squared:0.999272

2024-03-21 06:59:46,031 Epoch 116/300, Train Loss: 0.039900, Val Loss: 0.040442  
	Train = MSE:0.039903 , RMSE:0.199757 , MAE:0.143164 , MAPD:0.765181, R_squared:0.999309  
	Validation = MSE:0.040442 , RMSE:0.201103 , MAE:0.137113 , MAPD:0.760402, R_squared:0.999272

2024-03-21 06:59:54,986 Epoch 117/300, Train Loss: 0.038542, Val Loss: 0.040266  
	Train = MSE:0.038547 , RMSE:0.196333 , MAE:0.140819 , MAPD:0.749956, R_squared:0.999333  
	Validation = MSE:0.040266 , RMSE:0.200664 , MAE:0.138398 , MAPD:0.769993, R_squared:0.999275

2024-03-21 07:00:03,330 Epoch 118/300, Train Loss: 0.037711, Val Loss: 0.047028  
	Train = MSE:0.037710 , RMSE:0.194190 , MAE:0.138366 , MAPD:0.737328, R_squared:0.999347  
	Validation = MSE:0.047028 , RMSE:0.216859 , MAE:0.150871 , MAPD:0.838778, R_squared:0.999154

2024-03-21 07:00:11,808 Epoch 119/300, Train Loss: 0.037745, Val Loss: 0.040193  
	Train = MSE:0.037742 , RMSE:0.194274 , MAE:0.138081 , MAPD:0.735019, R_squared:0.999347  
	Validation = MSE:0.040193 , RMSE:0.200482 , MAE:0.138737 , MAPD:0.772313, R_squared:0.999277

2024-03-21 07:00:20,845 Epoch 120/300, Train Loss: 0.037695, Val Loss: 0.040898  
	Train = MSE:0.037701 , RMSE:0.194167 , MAE:0.138962 , MAPD:0.740577, R_squared:0.999347  
	Validation = MSE:0.040898 , RMSE:0.202233 , MAE:0.140465 , MAPD:0.776607, R_squared:0.999264

2024-03-21 07:00:30,191 Epoch 121/300, Train Loss: 0.037094, Val Loss: 0.040778  
	Train = MSE:0.037090 , RMSE:0.192589 , MAE:0.137263 , MAPD:0.731844, R_squared:0.999358  
	Validation = MSE:0.040778 , RMSE:0.201936 , MAE:0.143989 , MAPD:0.792895, R_squared:0.999266

2024-03-21 07:00:39,706 Epoch 122/300, Train Loss: 0.036656, Val Loss: 0.041104  
	Train = MSE:0.036647 , RMSE:0.191435 , MAE:0.136184 , MAPD:0.725821, R_squared:0.999366  
	Validation = MSE:0.041104 , RMSE:0.202742 , MAE:0.139661 , MAPD:0.783823, R_squared:0.999260

2024-03-21 07:00:47,908 Epoch 123/300, Train Loss: 0.036838, Val Loss: 0.040700  
	Train = MSE:0.036835 , RMSE:0.191924 , MAE:0.137072 , MAPD:0.729455, R_squared:0.999362  
	Validation = MSE:0.040700 , RMSE:0.201742 , MAE:0.143512 , MAPD:0.799562, R_squared:0.999268

2024-03-21 07:00:56,210 Epoch 124/300, Train Loss: 0.036617, Val Loss: 0.043764  
	Train = MSE:0.036618 , RMSE:0.191358 , MAE:0.137340 , MAPD:0.728779, R_squared:0.999366  
	Validation = MSE:0.043764 , RMSE:0.209198 , MAE:0.146011 , MAPD:0.823503, R_squared:0.999213

2024-03-21 07:01:05,675 Epoch 125/300, Train Loss: 0.036874, Val Loss: 0.038624  
	Train = MSE:0.036877 , RMSE:0.192033 , MAE:0.138443 , MAPD:0.733929, R_squared:0.999362  
	Validation = MSE:0.038624 , RMSE:0.196529 , MAE:0.137065 , MAPD:0.753559, R_squared:0.999305

2024-03-21 07:01:15,637 Epoch 126/300, Train Loss: 0.037433, Val Loss: 0.042121  
	Train = MSE:0.037378 , RMSE:0.193334 , MAE:0.139159 , MAPD:0.744130, R_squared:0.999353  
	Validation = MSE:0.042121 , RMSE:0.205235 , MAE:0.141266 , MAPD:0.793059, R_squared:0.999242

2024-03-21 07:01:23,942 Epoch 127/300, Train Loss: 0.037832, Val Loss: 0.051223  
	Train = MSE:0.037840 , RMSE:0.194524 , MAE:0.139825 , MAPD:0.747671, R_squared:0.999345  
	Validation = MSE:0.051223 , RMSE:0.226324 , MAE:0.164031 , MAPD:0.942254, R_squared:0.999078

2024-03-21 07:01:32,632 Epoch 128/300, Train Loss: 0.036174, Val Loss: 0.040138  
	Train = MSE:0.036181 , RMSE:0.190213 , MAE:0.136261 , MAPD:0.722329, R_squared:0.999374  
	Validation = MSE:0.040138 , RMSE:0.200345 , MAE:0.134644 , MAPD:0.736643, R_squared:0.999278

2024-03-21 07:01:40,939 Epoch 129/300, Train Loss: 0.035696, Val Loss: 0.044025  
	Train = MSE:0.035688 , RMSE:0.188911 , MAE:0.135157 , MAPD:0.720564, R_squared:0.999382  
	Validation = MSE:0.044025 , RMSE:0.209821 , MAE:0.147417 , MAPD:0.831332, R_squared:0.999208

2024-03-21 07:01:49,234 Epoch 130/300, Train Loss: 0.035509, Val Loss: 0.043042  
	Train = MSE:0.035505 , RMSE:0.188426 , MAE:0.134147 , MAPD:0.711996, R_squared:0.999385  
	Validation = MSE:0.043042 , RMSE:0.207466 , MAE:0.157403 , MAPD:0.883424, R_squared:0.999225

2024-03-21 07:01:57,996 Epoch 131/300, Train Loss: 0.035207, Val Loss: 0.041333  
	Train = MSE:0.035187 , RMSE:0.187583 , MAE:0.133311 , MAPD:0.709922, R_squared:0.999391  
	Validation = MSE:0.041333 , RMSE:0.203304 , MAE:0.142873 , MAPD:0.803673, R_squared:0.999256

2024-03-21 07:02:08,523 Epoch 132/300, Train Loss: 0.036484, Val Loss: 0.037049  
	Train = MSE:0.036489 , RMSE:0.191022 , MAE:0.137239 , MAPD:0.728133, R_squared:0.999368  
	Validation = MSE:0.037049 , RMSE:0.192482 , MAE:0.133386 , MAPD:0.729832, R_squared:0.999333

2024-03-21 07:02:16,842 Epoch 133/300, Train Loss: 0.035309, Val Loss: 0.040992  
	Train = MSE:0.035312 , RMSE:0.187915 , MAE:0.134737 , MAPD:0.718300, R_squared:0.999389  
	Validation = MSE:0.040992 , RMSE:0.202464 , MAE:0.140440 , MAPD:0.794175, R_squared:0.999262

2024-03-21 07:02:25,466 Epoch 134/300, Train Loss: 0.034111, Val Loss: 0.042501  
	Train = MSE:0.034106 , RMSE:0.184678 , MAE:0.132731 , MAPD:0.702854, R_squared:0.999410  
	Validation = MSE:0.042501 , RMSE:0.206159 , MAE:0.144762 , MAPD:0.813493, R_squared:0.999235

2024-03-21 07:02:35,876 Epoch 135/300, Train Loss: 0.033648, Val Loss: 0.036129  
	Train = MSE:0.033653 , RMSE:0.183447 , MAE:0.130923 , MAPD:0.690640, R_squared:0.999417  
	Validation = MSE:0.036129 , RMSE:0.190076 , MAE:0.129750 , MAPD:0.713165, R_squared:0.999350

2024-03-21 07:02:45,170 Epoch 136/300, Train Loss: 0.033480, Val Loss: 0.039293  
	Train = MSE:0.033474 , RMSE:0.182959 , MAE:0.130165 , MAPD:0.687752, R_squared:0.999421  
	Validation = MSE:0.039293 , RMSE:0.198224 , MAE:0.145107 , MAPD:0.805056, R_squared:0.999293

2024-03-21 07:02:53,900 Epoch 137/300, Train Loss: 0.033256, Val Loss: 0.036123  
	Train = MSE:0.033257 , RMSE:0.182366 , MAE:0.129723 , MAPD:0.685000, R_squared:0.999424  
	Validation = MSE:0.036123 , RMSE:0.190061 , MAE:0.128653 , MAPD:0.714571, R_squared:0.999350

2024-03-21 07:03:02,355 Epoch 138/300, Train Loss: 0.032794, Val Loss: 0.037595  
	Train = MSE:0.032793 , RMSE:0.181090 , MAE:0.129277 , MAPD:0.683061, R_squared:0.999432  
	Validation = MSE:0.037595 , RMSE:0.193893 , MAE:0.134491 , MAPD:0.744948, R_squared:0.999324

2024-03-21 07:03:10,877 Epoch 139/300, Train Loss: 0.034775, Val Loss: 0.034874  
	Train = MSE:0.034773 , RMSE:0.186475 , MAE:0.135773 , MAPD:0.724471, R_squared:0.999398  
	Validation = MSE:0.034874 , RMSE:0.186747 , MAE:0.127023 , MAPD:0.698443, R_squared:0.999372

2024-03-21 07:03:19,589 Epoch 140/300, Train Loss: 0.034144, Val Loss: 0.034971  
	Train = MSE:0.034148 , RMSE:0.184791 , MAE:0.132653 , MAPD:0.706819, R_squared:0.999409  
	Validation = MSE:0.034971 , RMSE:0.187006 , MAE:0.127619 , MAPD:0.701581, R_squared:0.999371

2024-03-21 07:03:29,816 Epoch 141/300, Train Loss: 0.032906, Val Loss: 0.036635  
	Train = MSE:0.032911 , RMSE:0.181414 , MAE:0.130119 , MAPD:0.691108, R_squared:0.999430  
	Validation = MSE:0.036635 , RMSE:0.191403 , MAE:0.127812 , MAPD:0.702244, R_squared:0.999341

2024-03-21 07:03:41,190 Epoch 142/300, Train Loss: 0.032759, Val Loss: 0.036059  
	Train = MSE:0.032761 , RMSE:0.181001 , MAE:0.129251 , MAPD:0.685538, R_squared:0.999433  
	Validation = MSE:0.036059 , RMSE:0.189892 , MAE:0.131707 , MAPD:0.721319, R_squared:0.999351

2024-03-21 07:03:50,261 Epoch 143/300, Train Loss: 0.032416, Val Loss: 0.035053  
	Train = MSE:0.032420 , RMSE:0.180055 , MAE:0.128311 , MAPD:0.680376, R_squared:0.999439  
	Validation = MSE:0.035053 , RMSE:0.187224 , MAE:0.125907 , MAPD:0.690892, R_squared:0.999369

2024-03-21 07:03:58,821 Epoch 144/300, Train Loss: 0.033708, Val Loss: 0.045241  
	Train = MSE:0.033686 , RMSE:0.183538 , MAE:0.132543 , MAPD:0.701321, R_squared:0.999417  
	Validation = MSE:0.045241 , RMSE:0.212700 , MAE:0.155717 , MAPD:0.892308, R_squared:0.999186

2024-03-21 07:04:07,598 Epoch 145/300, Train Loss: 0.032696, Val Loss: 0.036605  
	Train = MSE:0.032703 , RMSE:0.180841 , MAE:0.130318 , MAPD:0.687679, R_squared:0.999434  
	Validation = MSE:0.036605 , RMSE:0.191324 , MAE:0.137956 , MAPD:0.751131, R_squared:0.999341

2024-03-21 07:04:16,972 Epoch 146/300, Train Loss: 0.032853, Val Loss: 0.039876  
	Train = MSE:0.032853 , RMSE:0.181253 , MAE:0.131515 , MAPD:0.698938, R_squared:0.999431  
	Validation = MSE:0.039876 , RMSE:0.199690 , MAE:0.136211 , MAPD:0.735517, R_squared:0.999282

2024-03-21 07:04:26,426 Epoch 147/300, Train Loss: 0.032054, Val Loss: 0.033709  
	Train = MSE:0.032055 , RMSE:0.179039 , MAE:0.128689 , MAPD:0.682492, R_squared:0.999445  
	Validation = MSE:0.033709 , RMSE:0.183600 , MAE:0.123877 , MAPD:0.681286, R_squared:0.999393

2024-03-21 07:04:36,397 Epoch 148/300, Train Loss: 0.031354, Val Loss: 0.035257  
	Train = MSE:0.031355 , RMSE:0.177073 , MAE:0.126151 , MAPD:0.664123, R_squared:0.999457  
	Validation = MSE:0.035257 , RMSE:0.187768 , MAE:0.130680 , MAPD:0.709180, R_squared:0.999366

2024-03-21 07:04:44,755 Epoch 149/300, Train Loss: 0.031862, Val Loss: 0.036132  
	Train = MSE:0.031862 , RMSE:0.178499 , MAE:0.127791 , MAPD:0.674440, R_squared:0.999448  
	Validation = MSE:0.036132 , RMSE:0.190083 , MAE:0.136920 , MAPD:0.782141, R_squared:0.999350

2024-03-21 07:04:54,128 Epoch 150/300, Train Loss: 0.031963, Val Loss: 0.034498  
	Train = MSE:0.031967 , RMSE:0.178794 , MAE:0.129383 , MAPD:0.683609, R_squared:0.999447  
	Validation = MSE:0.034498 , RMSE:0.185737 , MAE:0.129765 , MAPD:0.701743, R_squared:0.999379

2024-03-21 07:05:02,696 Epoch 151/300, Train Loss: 0.030356, Val Loss: 0.034546  
	Train = MSE:0.030355 , RMSE:0.174226 , MAE:0.124188 , MAPD:0.654099, R_squared:0.999475  
	Validation = MSE:0.034546 , RMSE:0.185867 , MAE:0.130983 , MAPD:0.706894, R_squared:0.999378

2024-03-21 07:05:12,949 Epoch 152/300, Train Loss: 0.031286, Val Loss: 0.038649  
	Train = MSE:0.031289 , RMSE:0.176886 , MAE:0.127707 , MAPD:0.674321, R_squared:0.999458  
	Validation = MSE:0.038649 , RMSE:0.196594 , MAE:0.138242 , MAPD:0.749561, R_squared:0.999305

2024-03-21 07:05:22,637 Epoch 153/300, Train Loss: 0.030782, Val Loss: 0.034060  
	Train = MSE:0.030785 , RMSE:0.175455 , MAE:0.125154 , MAPD:0.661886, R_squared:0.999467  
	Validation = MSE:0.034060 , RMSE:0.184555 , MAE:0.124619 , MAPD:0.682737, R_squared:0.999387

2024-03-21 07:05:31,510 Epoch 154/300, Train Loss: 0.029609, Val Loss: 0.039392  
	Train = MSE:0.029610 , RMSE:0.172075 , MAE:0.123136 , MAPD:0.650117, R_squared:0.999487  
	Validation = MSE:0.039392 , RMSE:0.198475 , MAE:0.150427 , MAPD:0.814033, R_squared:0.999291

2024-03-21 07:05:40,101 Epoch 155/300, Train Loss: 0.030810, Val Loss: 0.034635  
	Train = MSE:0.030815 , RMSE:0.175542 , MAE:0.126800 , MAPD:0.670886, R_squared:0.999467  
	Validation = MSE:0.034635 , RMSE:0.186105 , MAE:0.134544 , MAPD:0.727420, R_squared:0.999377

2024-03-21 07:05:48,810 Epoch 156/300, Train Loss: 0.030429, Val Loss: 0.032835  
	Train = MSE:0.030416 , RMSE:0.174402 , MAE:0.125201 , MAPD:0.658965, R_squared:0.999473  
	Validation = MSE:0.032835 , RMSE:0.181204 , MAE:0.125512 , MAPD:0.684206, R_squared:0.999409

2024-03-21 07:05:58,267 Epoch 157/300, Train Loss: 0.030438, Val Loss: 0.040109  
	Train = MSE:0.030442 , RMSE:0.174476 , MAE:0.126392 , MAPD:0.668946, R_squared:0.999473  
	Validation = MSE:0.040109 , RMSE:0.200272 , MAE:0.140086 , MAPD:0.766926, R_squared:0.999278

2024-03-21 07:06:07,288 Epoch 158/300, Train Loss: 0.030907, Val Loss: 0.032153  
	Train = MSE:0.030904 , RMSE:0.175796 , MAE:0.128454 , MAPD:0.687361, R_squared:0.999465  
	Validation = MSE:0.032153 , RMSE:0.179312 , MAE:0.124976 , MAPD:0.687122, R_squared:0.999421

2024-03-21 07:06:15,820 Epoch 159/300, Train Loss: 0.030478, Val Loss: 0.032953  
	Train = MSE:0.030482 , RMSE:0.174592 , MAE:0.126592 , MAPD:0.672488, R_squared:0.999472  
	Validation = MSE:0.032953 , RMSE:0.181530 , MAE:0.124791 , MAPD:0.682406, R_squared:0.999407

2024-03-21 07:06:24,215 Epoch 160/300, Train Loss: 0.029078, Val Loss: 0.046388  
	Train = MSE:0.029083 , RMSE:0.170536 , MAE:0.121905 , MAPD:0.644915, R_squared:0.999497  
	Validation = MSE:0.046388 , RMSE:0.215379 , MAE:0.158810 , MAPD:0.927754, R_squared:0.999165

2024-03-21 07:06:33,016 Epoch 161/300, Train Loss: 0.028504, Val Loss: 0.032004  
	Train = MSE:0.028500 , RMSE:0.168820 , MAE:0.120673 , MAPD:0.632298, R_squared:0.999507  
	Validation = MSE:0.032004 , RMSE:0.178895 , MAE:0.122826 , MAPD:0.681327, R_squared:0.999424

2024-03-21 07:06:44,729 Epoch 162/300, Train Loss: 0.028153, Val Loss: 0.034366  
	Train = MSE:0.028152 , RMSE:0.167785 , MAE:0.118863 , MAPD:0.622518, R_squared:0.999513  
	Validation = MSE:0.034366 , RMSE:0.185380 , MAE:0.127050 , MAPD:0.714737, R_squared:0.999382

2024-03-21 07:06:53,599 Epoch 163/300, Train Loss: 0.028531, Val Loss: 0.031763  
	Train = MSE:0.028533 , RMSE:0.168916 , MAE:0.120288 , MAPD:0.632815, R_squared:0.999506  
	Validation = MSE:0.031763 , RMSE:0.178221 , MAE:0.122938 , MAPD:0.666093, R_squared:0.999428

2024-03-21 07:07:02,309 Epoch 164/300, Train Loss: 0.028429, Val Loss: 0.045508  
	Train = MSE:0.028431 , RMSE:0.168615 , MAE:0.120672 , MAPD:0.633392, R_squared:0.999508  
	Validation = MSE:0.045508 , RMSE:0.213326 , MAE:0.157442 , MAPD:0.904123, R_squared:0.999181

2024-03-21 07:07:10,964 Epoch 165/300, Train Loss: 0.029655, Val Loss: 0.033482  
	Train = MSE:0.029648 , RMSE:0.172187 , MAE:0.124721 , MAPD:0.661049, R_squared:0.999487  
	Validation = MSE:0.033482 , RMSE:0.182981 , MAE:0.127219 , MAPD:0.700225, R_squared:0.999398

2024-03-21 07:07:20,412 Epoch 166/300, Train Loss: 0.029522, Val Loss: 0.046672  
	Train = MSE:0.029521 , RMSE:0.171817 , MAE:0.124577 , MAPD:0.661587, R_squared:0.999489  
	Validation = MSE:0.046672 , RMSE:0.216037 , MAE:0.163180 , MAPD:0.959854, R_squared:0.999160

2024-03-21 07:07:29,222 Epoch 167/300, Train Loss: 0.029991, Val Loss: 0.040250  
	Train = MSE:0.029994 , RMSE:0.173188 , MAE:0.126685 , MAPD:0.672029, R_squared:0.999481  
	Validation = MSE:0.040250 , RMSE:0.200623 , MAE:0.144367 , MAPD:0.823335, R_squared:0.999276

2024-03-21 07:07:38,297 Epoch 168/300, Train Loss: 0.029378, Val Loss: 0.030369  
	Train = MSE:0.029377 , RMSE:0.171399 , MAE:0.123830 , MAPD:0.654683, R_squared:0.999491  
	Validation = MSE:0.030369 , RMSE:0.174268 , MAE:0.120370 , MAPD:0.655445, R_squared:0.999454

2024-03-21 07:07:48,556 Epoch 169/300, Train Loss: 0.028118, Val Loss: 0.036053  
	Train = MSE:0.028124 , RMSE:0.167701 , MAE:0.119014 , MAPD:0.626443, R_squared:0.999513  
	Validation = MSE:0.036053 , RMSE:0.189877 , MAE:0.133056 , MAPD:0.750725, R_squared:0.999351

2024-03-21 07:07:57,096 Epoch 170/300, Train Loss: 0.028261, Val Loss: 0.037078  
	Train = MSE:0.028264 , RMSE:0.168119 , MAE:0.121233 , MAPD:0.639362, R_squared:0.999511  
	Validation = MSE:0.037078 , RMSE:0.192556 , MAE:0.138243 , MAPD:0.780901, R_squared:0.999333

2024-03-21 07:08:05,984 Epoch 171/300, Train Loss: 0.029082, Val Loss: 0.031111  
	Train = MSE:0.029082 , RMSE:0.170534 , MAE:0.123051 , MAPD:0.649061, R_squared:0.999497  
	Validation = MSE:0.031111 , RMSE:0.176384 , MAE:0.117957 , MAPD:0.643381, R_squared:0.999440

2024-03-21 07:08:16,665 Epoch 172/300, Train Loss: 0.027745, Val Loss: 0.033589  
	Train = MSE:0.027748 , RMSE:0.166579 , MAE:0.118761 , MAPD:0.622752, R_squared:0.999520  
	Validation = MSE:0.033589 , RMSE:0.183274 , MAE:0.130268 , MAPD:0.723545, R_squared:0.999396

2024-03-21 07:08:25,318 Epoch 173/300, Train Loss: 0.029827, Val Loss: 0.030598  
	Train = MSE:0.029812 , RMSE:0.172662 , MAE:0.127318 , MAPD:0.674415, R_squared:0.999484  
	Validation = MSE:0.030598 , RMSE:0.174924 , MAE:0.125195 , MAPD:0.684319, R_squared:0.999449

2024-03-21 07:08:34,767 Epoch 174/300, Train Loss: 0.027107, Val Loss: 0.030355  
	Train = MSE:0.027111 , RMSE:0.164656 , MAE:0.118281 , MAPD:0.622418, R_squared:0.999531  
	Validation = MSE:0.030355 , RMSE:0.174228 , MAE:0.117504 , MAPD:0.643067, R_squared:0.999454

2024-03-21 07:08:43,270 Epoch 175/300, Train Loss: 0.029053, Val Loss: 0.041435  
	Train = MSE:0.029056 , RMSE:0.170459 , MAE:0.123690 , MAPD:0.656211, R_squared:0.999497  
	Validation = MSE:0.041435 , RMSE:0.203557 , MAE:0.150815 , MAPD:0.860820, R_squared:0.999254

2024-03-21 07:08:51,960 Epoch 176/300, Train Loss: 0.028086, Val Loss: 0.030154  
	Train = MSE:0.028084 , RMSE:0.167582 , MAE:0.121113 , MAPD:0.640972, R_squared:0.999514  
	Validation = MSE:0.030154 , RMSE:0.173648 , MAE:0.122411 , MAPD:0.659542, R_squared:0.999457

2024-03-21 07:09:01,249 Epoch 177/300, Train Loss: 0.026915, Val Loss: 0.033607  
	Train = MSE:0.026918 , RMSE:0.164066 , MAE:0.117616 , MAPD:0.619515, R_squared:0.999534  
	Validation = MSE:0.033607 , RMSE:0.183323 , MAE:0.128149 , MAPD:0.720313, R_squared:0.999395

2024-03-21 07:09:09,672 Epoch 178/300, Train Loss: 0.027310, Val Loss: 0.030364  
	Train = MSE:0.027315 , RMSE:0.165271 , MAE:0.118939 , MAPD:0.628696, R_squared:0.999527  
	Validation = MSE:0.030364 , RMSE:0.174253 , MAE:0.117776 , MAPD:0.636832, R_squared:0.999454

2024-03-21 07:09:19,094 Epoch 179/300, Train Loss: 0.026947, Val Loss: 0.029062  
	Train = MSE:0.026949 , RMSE:0.164162 , MAE:0.118231 , MAPD:0.623118, R_squared:0.999534  
	Validation = MSE:0.029062 , RMSE:0.170476 , MAE:0.116314 , MAPD:0.639260, R_squared:0.999477

2024-03-21 07:09:28,673 Epoch 180/300, Train Loss: 0.027725, Val Loss: 0.030067  
	Train = MSE:0.027730 , RMSE:0.166523 , MAE:0.120861 , MAPD:0.635932, R_squared:0.999520  
	Validation = MSE:0.030067 , RMSE:0.173399 , MAE:0.116797 , MAPD:0.628035, R_squared:0.999459

2024-03-21 07:09:37,026 Epoch 181/300, Train Loss: 0.026577, Val Loss: 0.033210  
	Train = MSE:0.026579 , RMSE:0.163031 , MAE:0.117707 , MAPD:0.624465, R_squared:0.999540  
	Validation = MSE:0.033210 , RMSE:0.182236 , MAE:0.126789 , MAPD:0.711034, R_squared:0.999402

2024-03-21 07:09:47,315 Epoch 182/300, Train Loss: 0.027051, Val Loss: 0.029261  
	Train = MSE:0.027052 , RMSE:0.164474 , MAE:0.119440 , MAPD:0.626057, R_squared:0.999532  
	Validation = MSE:0.029261 , RMSE:0.171059 , MAE:0.121199 , MAPD:0.660499, R_squared:0.999473

2024-03-21 07:09:56,112 Epoch 183/300, Train Loss: 0.025560, Val Loss: 0.036220  
	Train = MSE:0.025563 , RMSE:0.159886 , MAE:0.113462 , MAPD:0.593349, R_squared:0.999557  
	Validation = MSE:0.036220 , RMSE:0.190316 , MAE:0.150162 , MAPD:0.852883, R_squared:0.999348

2024-03-21 07:10:04,872 Epoch 184/300, Train Loss: 0.027633, Val Loss: 0.029306  
	Train = MSE:0.027633 , RMSE:0.166231 , MAE:0.120655 , MAPD:0.632586, R_squared:0.999522  
	Validation = MSE:0.029306 , RMSE:0.171191 , MAE:0.123234 , MAPD:0.684258, R_squared:0.999473

2024-03-21 07:10:14,058 Epoch 185/300, Train Loss: 0.027186, Val Loss: 0.029882  
	Train = MSE:0.027191 , RMSE:0.164896 , MAE:0.120076 , MAPD:0.635995, R_squared:0.999529  
	Validation = MSE:0.029882 , RMSE:0.172864 , MAE:0.119400 , MAPD:0.653759, R_squared:0.999462

2024-03-21 07:10:22,848 Epoch 186/300, Train Loss: 0.025928, Val Loss: 0.028385  
	Train = MSE:0.025926 , RMSE:0.161016 , MAE:0.114938 , MAPD:0.600454, R_squared:0.999551  
	Validation = MSE:0.028385 , RMSE:0.168479 , MAE:0.115927 , MAPD:0.642912, R_squared:0.999489

2024-03-21 07:10:33,222 Epoch 187/300, Train Loss: 0.025831, Val Loss: 0.032868  
	Train = MSE:0.025832 , RMSE:0.160724 , MAE:0.114904 , MAPD:0.597869, R_squared:0.999553  
	Validation = MSE:0.032868 , RMSE:0.181294 , MAE:0.125938 , MAPD:0.699378, R_squared:0.999409

2024-03-21 07:10:43,410 Epoch 188/300, Train Loss: 0.027100, Val Loss: 0.028876  
	Train = MSE:0.027100 , RMSE:0.164621 , MAE:0.119201 , MAPD:0.626149, R_squared:0.999531  
	Validation = MSE:0.028876 , RMSE:0.169929 , MAE:0.115622 , MAPD:0.638275, R_squared:0.999480

2024-03-21 07:10:54,312 Epoch 189/300, Train Loss: 0.026836, Val Loss: 0.038019  
	Train = MSE:0.026839 , RMSE:0.163827 , MAE:0.118812 , MAPD:0.630672, R_squared:0.999535  
	Validation = MSE:0.038019 , RMSE:0.194984 , MAE:0.143083 , MAPD:0.819555, R_squared:0.999316

2024-03-21 07:11:03,436 Epoch 190/300, Train Loss: 0.026161, Val Loss: 0.028813  
	Train = MSE:0.026161 , RMSE:0.161745 , MAE:0.117127 , MAPD:0.618942, R_squared:0.999547  
	Validation = MSE:0.028813 , RMSE:0.169744 , MAE:0.113290 , MAPD:0.618187, R_squared:0.999482

2024-03-21 07:11:10,417 Epoch 191/300, Train Loss: 0.026055, Val Loss: 0.027072  
	Train = MSE:0.026061 , RMSE:0.161435 , MAE:0.116915 , MAPD:0.614307, R_squared:0.999549  
	Validation = MSE:0.027072 , RMSE:0.164535 , MAE:0.114008 , MAPD:0.618688, R_squared:0.999513

2024-03-21 07:11:18,983 Epoch 192/300, Train Loss: 0.025346, Val Loss: 0.029333  
	Train = MSE:0.025346 , RMSE:0.159204 , MAE:0.114620 , MAPD:0.600306, R_squared:0.999561  
	Validation = MSE:0.029333 , RMSE:0.171268 , MAE:0.125574 , MAPD:0.709455, R_squared:0.999472

2024-03-21 07:11:27,073 Epoch 193/300, Train Loss: 0.025592, Val Loss: 0.039065  
	Train = MSE:0.025596 , RMSE:0.159988 , MAE:0.115798 , MAPD:0.610189, R_squared:0.999557  
	Validation = MSE:0.039065 , RMSE:0.197650 , MAE:0.146698 , MAPD:0.843846, R_squared:0.999297

2024-03-21 07:11:34,783 Epoch 194/300, Train Loss: 0.025128, Val Loss: 0.028256  
	Train = MSE:0.025132 , RMSE:0.158532 , MAE:0.114228 , MAPD:0.598819, R_squared:0.999565  
	Validation = MSE:0.028256 , RMSE:0.168094 , MAE:0.118148 , MAPD:0.631814, R_squared:0.999492

2024-03-21 07:11:42,455 Epoch 195/300, Train Loss: 0.025783, Val Loss: 0.030054  
	Train = MSE:0.025787 , RMSE:0.160583 , MAE:0.117699 , MAPD:0.623013, R_squared:0.999554  
	Validation = MSE:0.030054 , RMSE:0.173359 , MAE:0.120730 , MAPD:0.662830, R_squared:0.999459

2024-03-21 07:11:49,873 Epoch 196/300, Train Loss: 0.025394, Val Loss: 0.027120  
	Train = MSE:0.025394 , RMSE:0.159354 , MAE:0.114580 , MAPD:0.603552, R_squared:0.999560  
	Validation = MSE:0.027120 , RMSE:0.164683 , MAE:0.111067 , MAPD:0.604966, R_squared:0.999512

2024-03-21 07:11:56,849 Epoch 197/300, Train Loss: 0.024740, Val Loss: 0.030132  
	Train = MSE:0.024736 , RMSE:0.157277 , MAE:0.112673 , MAPD:0.589700, R_squared:0.999572  
	Validation = MSE:0.030132 , RMSE:0.173587 , MAE:0.116019 , MAPD:0.627256, R_squared:0.999458

2024-03-21 07:12:04,950 Epoch 198/300, Train Loss: 0.024913, Val Loss: 0.031496  
	Train = MSE:0.024915 , RMSE:0.157844 , MAE:0.114214 , MAPD:0.596913, R_squared:0.999569  
	Validation = MSE:0.031496 , RMSE:0.177472 , MAE:0.128952 , MAPD:0.710832, R_squared:0.999433

2024-03-21 07:12:13,965 Epoch 199/300, Train Loss: 0.025438, Val Loss: 0.026946  
	Train = MSE:0.025438 , RMSE:0.159492 , MAE:0.115619 , MAPD:0.611368, R_squared:0.999560  
	Validation = MSE:0.026946 , RMSE:0.164151 , MAE:0.117003 , MAPD:0.639569, R_squared:0.999515

2024-03-21 07:12:21,764 Epoch 200/300, Train Loss: 0.023863, Val Loss: 0.026283  
	Train = MSE:0.023863 , RMSE:0.154478 , MAE:0.109561 , MAPD:0.570389, R_squared:0.999587  
	Validation = MSE:0.026283 , RMSE:0.162122 , MAE:0.111728 , MAPD:0.608985, R_squared:0.999527

2024-03-21 07:12:29,400 Epoch 201/300, Train Loss: 0.025705, Val Loss: 0.029860  
	Train = MSE:0.025699 , RMSE:0.160310 , MAE:0.116222 , MAPD:0.617225, R_squared:0.999555  
	Validation = MSE:0.029860 , RMSE:0.172801 , MAE:0.123576 , MAPD:0.648228, R_squared:0.999463

2024-03-21 07:12:37,993 Epoch 202/300, Train Loss: 0.024309, Val Loss: 0.026305  
	Train = MSE:0.024310 , RMSE:0.155916 , MAE:0.111676 , MAPD:0.586465, R_squared:0.999579  
	Validation = MSE:0.026305 , RMSE:0.162188 , MAE:0.110628 , MAPD:0.602554, R_squared:0.999527

2024-03-21 07:12:45,573 Epoch 203/300, Train Loss: 0.024858, Val Loss: 0.031542  
	Train = MSE:0.024862 , RMSE:0.157676 , MAE:0.114511 , MAPD:0.605853, R_squared:0.999570  
	Validation = MSE:0.031542 , RMSE:0.177602 , MAE:0.137496 , MAPD:0.758003, R_squared:0.999432

2024-03-21 07:12:53,143 Epoch 204/300, Train Loss: 0.025742, Val Loss: 0.025501  
	Train = MSE:0.025746 , RMSE:0.160457 , MAE:0.118465 , MAPD:0.623047, R_squared:0.999554  
	Validation = MSE:0.025501 , RMSE:0.159690 , MAE:0.110988 , MAPD:0.606377, R_squared:0.999541

2024-03-21 07:13:02,177 Epoch 205/300, Train Loss: 0.023607, Val Loss: 0.027309  
	Train = MSE:0.023608 , RMSE:0.153650 , MAE:0.110351 , MAPD:0.577380, R_squared:0.999591  
	Validation = MSE:0.027309 , RMSE:0.165254 , MAE:0.114192 , MAPD:0.627725, R_squared:0.999509

2024-03-21 07:13:09,969 Epoch 206/300, Train Loss: 0.025065, Val Loss: 0.026699  
	Train = MSE:0.025063 , RMSE:0.158313 , MAE:0.116466 , MAPD:0.622112, R_squared:0.999566  
	Validation = MSE:0.026699 , RMSE:0.163399 , MAE:0.108402 , MAPD:0.588834, R_squared:0.999520

2024-03-21 07:13:17,805 Epoch 207/300, Train Loss: 0.024060, Val Loss: 0.028022  
	Train = MSE:0.024063 , RMSE:0.155122 , MAE:0.111336 , MAPD:0.584533, R_squared:0.999583  
	Validation = MSE:0.028022 , RMSE:0.167398 , MAE:0.118213 , MAPD:0.624137, R_squared:0.999496

2024-03-21 07:13:27,021 Epoch 208/300, Train Loss: 0.024119, Val Loss: 0.027590  
	Train = MSE:0.024103 , RMSE:0.155251 , MAE:0.112259 , MAPD:0.586593, R_squared:0.999583  
	Validation = MSE:0.027590 , RMSE:0.166101 , MAE:0.123057 , MAPD:0.686602, R_squared:0.999504

2024-03-21 07:13:34,400 Epoch 209/300, Train Loss: 0.024908, Val Loss: 0.027599  
	Train = MSE:0.024913 , RMSE:0.157838 , MAE:0.115959 , MAPD:0.610723, R_squared:0.999569  
	Validation = MSE:0.027599 , RMSE:0.166130 , MAE:0.118564 , MAPD:0.640952, R_squared:0.999503

2024-03-21 07:13:41,799 Epoch 210/300, Train Loss: 0.023904, Val Loss: 0.032557  
	Train = MSE:0.023901 , RMSE:0.154599 , MAE:0.111566 , MAPD:0.583599, R_squared:0.999586  
	Validation = MSE:0.032557 , RMSE:0.180437 , MAE:0.142908 , MAPD:0.805320, R_squared:0.999414

2024-03-21 07:13:48,826 Epoch 211/300, Train Loss: 0.023541, Val Loss: 0.026742  
	Train = MSE:0.023545 , RMSE:0.153442 , MAE:0.111016 , MAPD:0.578270, R_squared:0.999592  
	Validation = MSE:0.026742 , RMSE:0.163530 , MAE:0.117487 , MAPD:0.635327, R_squared:0.999519

2024-03-21 07:13:58,027 Epoch 212/300, Train Loss: 0.023647, Val Loss: 0.025698  
	Train = MSE:0.023648 , RMSE:0.153780 , MAE:0.111854 , MAPD:0.589009, R_squared:0.999591  
	Validation = MSE:0.025698 , RMSE:0.160305 , MAE:0.113944 , MAPD:0.621688, R_squared:0.999538

2024-03-21 07:14:06,256 Epoch 213/300, Train Loss: 0.023164, Val Loss: 0.026105  
	Train = MSE:0.023165 , RMSE:0.152199 , MAE:0.109758 , MAPD:0.574703, R_squared:0.999599  
	Validation = MSE:0.026105 , RMSE:0.161569 , MAE:0.115456 , MAPD:0.621319, R_squared:0.999530

2024-03-21 07:14:14,185 Epoch 214/300, Train Loss: 0.023351, Val Loss: 0.025505  
	Train = MSE:0.023352 , RMSE:0.152812 , MAE:0.111011 , MAPD:0.585292, R_squared:0.999596  
	Validation = MSE:0.025505 , RMSE:0.159704 , MAE:0.112719 , MAPD:0.611283, R_squared:0.999541

2024-03-21 07:14:21,177 Epoch 215/300, Train Loss: 0.022762, Val Loss: 0.025024  
	Train = MSE:0.022764 , RMSE:0.150878 , MAE:0.107988 , MAPD:0.566207, R_squared:0.999606  
	Validation = MSE:0.025024 , RMSE:0.158189 , MAE:0.106962 , MAPD:0.583388, R_squared:0.999550

2024-03-21 07:14:29,175 Epoch 216/300, Train Loss: 0.023427, Val Loss: 0.025046  
	Train = MSE:0.023432 , RMSE:0.153074 , MAE:0.110333 , MAPD:0.577536, R_squared:0.999594  
	Validation = MSE:0.025046 , RMSE:0.158259 , MAE:0.111283 , MAPD:0.613297, R_squared:0.999549

2024-03-21 07:14:36,606 Epoch 217/300, Train Loss: 0.023126, Val Loss: 0.028980  
	Train = MSE:0.023130 , RMSE:0.152085 , MAE:0.110057 , MAPD:0.576095, R_squared:0.999600  
	Validation = MSE:0.028980 , RMSE:0.170235 , MAE:0.123506 , MAPD:0.641181, R_squared:0.999479

2024-03-21 07:14:44,516 Epoch 218/300, Train Loss: 0.022540, Val Loss: 0.024715  
	Train = MSE:0.022539 , RMSE:0.150130 , MAE:0.107363 , MAPD:0.561744, R_squared:0.999610  
	Validation = MSE:0.024715 , RMSE:0.157210 , MAE:0.111279 , MAPD:0.606317, R_squared:0.999555

2024-03-21 07:14:52,251 Epoch 219/300, Train Loss: 0.022747, Val Loss: 0.028991  
	Train = MSE:0.022753 , RMSE:0.150841 , MAE:0.108400 , MAPD:0.565599, R_squared:0.999606  
	Validation = MSE:0.028991 , RMSE:0.170268 , MAE:0.118722 , MAPD:0.668797, R_squared:0.999478

2024-03-21 07:14:59,628 Epoch 220/300, Train Loss: 0.023416, Val Loss: 0.026085  
	Train = MSE:0.023416 , RMSE:0.153024 , MAE:0.111120 , MAPD:0.586511, R_squared:0.999595  
	Validation = MSE:0.026085 , RMSE:0.161508 , MAE:0.110127 , MAPD:0.589477, R_squared:0.999531

2024-03-21 07:15:06,999 Epoch 221/300, Train Loss: 0.022493, Val Loss: 0.027074  
	Train = MSE:0.022490 , RMSE:0.149967 , MAE:0.109423 , MAPD:0.569064, R_squared:0.999611  
	Validation = MSE:0.027074 , RMSE:0.164543 , MAE:0.113115 , MAPD:0.621429, R_squared:0.999513

2024-03-21 07:15:16,296 Epoch 222/300, Train Loss: 0.023352, Val Loss: 0.025158  
	Train = MSE:0.023356 , RMSE:0.152827 , MAE:0.110167 , MAPD:0.574928, R_squared:0.999596  
	Validation = MSE:0.025158 , RMSE:0.158613 , MAE:0.116565 , MAPD:0.652245, R_squared:0.999547

2024-03-21 07:15:24,867 Epoch 223/300, Train Loss: 0.022255, Val Loss: 0.024478  
	Train = MSE:0.022258 , RMSE:0.149190 , MAE:0.108273 , MAPD:0.568289, R_squared:0.999615  
	Validation = MSE:0.024478 , RMSE:0.156453 , MAE:0.106814 , MAPD:0.582521, R_squared:0.999560

2024-03-21 07:15:32,932 Epoch 224/300, Train Loss: 0.022371, Val Loss: 0.023746  
	Train = MSE:0.022373 , RMSE:0.149575 , MAE:0.108506 , MAPD:0.563652, R_squared:0.999613  
	Validation = MSE:0.023746 , RMSE:0.154097 , MAE:0.107755 , MAPD:0.589616, R_squared:0.999573

2024-03-21 07:15:41,601 Epoch 225/300, Train Loss: 0.022506, Val Loss: 0.024309  
	Train = MSE:0.022507 , RMSE:0.150022 , MAE:0.107295 , MAPD:0.558972, R_squared:0.999610  
	Validation = MSE:0.024309 , RMSE:0.155914 , MAE:0.106675 , MAPD:0.585818, R_squared:0.999563

2024-03-21 07:15:49,488 Epoch 226/300, Train Loss: 0.022611, Val Loss: 0.026513  
	Train = MSE:0.022609 , RMSE:0.150363 , MAE:0.110177 , MAPD:0.577671, R_squared:0.999609  
	Validation = MSE:0.026513 , RMSE:0.162828 , MAE:0.112881 , MAPD:0.624013, R_squared:0.999523

2024-03-21 07:15:59,357 Epoch 227/300, Train Loss: 0.022458, Val Loss: 0.025061  
	Train = MSE:0.022448 , RMSE:0.149826 , MAE:0.108567 , MAPD:0.566894, R_squared:0.999611  
	Validation = MSE:0.025061 , RMSE:0.158307 , MAE:0.115959 , MAPD:0.639716, R_squared:0.999549

2024-03-21 07:16:07,373 Epoch 228/300, Train Loss: 0.022409, Val Loss: 0.025019  
	Train = MSE:0.022412 , RMSE:0.149708 , MAE:0.109732 , MAPD:0.575496, R_squared:0.999612  
	Validation = MSE:0.025019 , RMSE:0.158174 , MAE:0.106664 , MAPD:0.579844, R_squared:0.999550

2024-03-21 07:16:15,202 Epoch 229/300, Train Loss: 0.021648, Val Loss: 0.026190  
	Train = MSE:0.021651 , RMSE:0.147144 , MAE:0.105206 , MAPD:0.547911, R_squared:0.999625  
	Validation = MSE:0.026190 , RMSE:0.161834 , MAE:0.111949 , MAPD:0.618034, R_squared:0.999529

2024-03-21 07:16:23,039 Epoch 230/300, Train Loss: 0.022237, Val Loss: 0.023304  
	Train = MSE:0.022239 , RMSE:0.149129 , MAE:0.109293 , MAPD:0.575284, R_squared:0.999615  
	Validation = MSE:0.023304 , RMSE:0.152655 , MAE:0.102749 , MAPD:0.557366, R_squared:0.999581

2024-03-21 07:16:31,930 Epoch 231/300, Train Loss: 0.021284, Val Loss: 0.024948  
	Train = MSE:0.021281 , RMSE:0.145881 , MAE:0.104613 , MAPD:0.545700, R_squared:0.999632  
	Validation = MSE:0.024948 , RMSE:0.157950 , MAE:0.109983 , MAPD:0.610506, R_squared:0.999551

2024-03-21 07:16:40,658 Epoch 232/300, Train Loss: 0.021459, Val Loss: 0.046834  
	Train = MSE:0.021460 , RMSE:0.146492 , MAE:0.105424 , MAPD:0.552431, R_squared:0.999629  
	Validation = MSE:0.046834 , RMSE:0.216412 , MAE:0.185855 , MAPD:1.111397, R_squared:0.999157

2024-03-21 07:16:48,593 Epoch 233/300, Train Loss: 0.022572, Val Loss: 0.025243  
	Train = MSE:0.022573 , RMSE:0.150244 , MAE:0.109123 , MAPD:0.570139, R_squared:0.999609  
	Validation = MSE:0.025243 , RMSE:0.158882 , MAE:0.112464 , MAPD:0.595584, R_squared:0.999546

2024-03-21 07:16:56,702 Epoch 234/300, Train Loss: 0.021810, Val Loss: 0.023335  
	Train = MSE:0.021813 , RMSE:0.147692 , MAE:0.106737 , MAPD:0.553469, R_squared:0.999622  
	Validation = MSE:0.023335 , RMSE:0.152757 , MAE:0.108586 , MAPD:0.608739, R_squared:0.999580

2024-03-21 07:17:04,287 Epoch 235/300, Train Loss: 0.021381, Val Loss: 0.036524  
	Train = MSE:0.021382 , RMSE:0.146225 , MAE:0.106568 , MAPD:0.555559, R_squared:0.999630  
	Validation = MSE:0.036524 , RMSE:0.191113 , MAE:0.143785 , MAPD:0.792936, R_squared:0.999343

2024-03-21 07:17:14,893 Epoch 236/300, Train Loss: 0.022313, Val Loss: 0.023586  
	Train = MSE:0.022308 , RMSE:0.149358 , MAE:0.109184 , MAPD:0.570640, R_squared:0.999614  
	Validation = MSE:0.023586 , RMSE:0.153579 , MAE:0.105658 , MAPD:0.578064, R_squared:0.999576

2024-03-21 07:17:24,064 Epoch 237/300, Train Loss: 0.021812, Val Loss: 0.027447  
	Train = MSE:0.021816 , RMSE:0.147703 , MAE:0.108065 , MAPD:0.563815, R_squared:0.999622  
	Validation = MSE:0.027447 , RMSE:0.165671 , MAE:0.119802 , MAPD:0.678094, R_squared:0.999506

2024-03-21 07:17:32,248 Epoch 238/300, Train Loss: 0.021194, Val Loss: 0.024631  
	Train = MSE:0.021191 , RMSE:0.145572 , MAE:0.104447 , MAPD:0.542532, R_squared:0.999633  
	Validation = MSE:0.024631 , RMSE:0.156942 , MAE:0.115860 , MAPD:0.659457, R_squared:0.999557

2024-03-21 07:17:40,646 Epoch 239/300, Train Loss: 0.020764, Val Loss: 0.025149  
	Train = MSE:0.020768 , RMSE:0.144111 , MAE:0.104159 , MAPD:0.541796, R_squared:0.999641  
	Validation = MSE:0.025149 , RMSE:0.158583 , MAE:0.110904 , MAPD:0.618566, R_squared:0.999547

2024-03-21 07:17:48,675 Epoch 240/300, Train Loss: 0.021478, Val Loss: 0.023264  
	Train = MSE:0.021480 , RMSE:0.146559 , MAE:0.106822 , MAPD:0.558313, R_squared:0.999628  
	Validation = MSE:0.023264 , RMSE:0.152525 , MAE:0.109342 , MAPD:0.604109, R_squared:0.999581

2024-03-21 07:17:56,391 Epoch 241/300, Train Loss: 0.020948, Val Loss: 0.026011  
	Train = MSE:0.020945 , RMSE:0.144724 , MAE:0.104657 , MAPD:0.544067, R_squared:0.999637  
	Validation = MSE:0.026011 , RMSE:0.161278 , MAE:0.122941 , MAPD:0.704417, R_squared:0.999532

2024-03-21 07:18:06,446 Epoch 242/300, Train Loss: 0.021856, Val Loss: 0.024665  
	Train = MSE:0.021856 , RMSE:0.147839 , MAE:0.108359 , MAPD:0.566555, R_squared:0.999622  
	Validation = MSE:0.024665 , RMSE:0.157051 , MAE:0.117185 , MAPD:0.655762, R_squared:0.999556

2024-03-21 07:18:14,563 Epoch 243/300, Train Loss: 0.021664, Val Loss: 0.023532  
	Train = MSE:0.021666 , RMSE:0.147192 , MAE:0.107514 , MAPD:0.563828, R_squared:0.999625  
	Validation = MSE:0.023532 , RMSE:0.153403 , MAE:0.103222 , MAPD:0.560138, R_squared:0.999577

2024-03-21 07:18:24,029 Epoch 244/300, Train Loss: 0.020351, Val Loss: 0.025183  
	Train = MSE:0.020349 , RMSE:0.142649 , MAE:0.102819 , MAPD:0.535602, R_squared:0.999648  
	Validation = MSE:0.025183 , RMSE:0.158692 , MAE:0.112484 , MAPD:0.620295, R_squared:0.999547

2024-03-21 07:18:33,037 Epoch 245/300, Train Loss: 0.021544, Val Loss: 0.022676  
	Train = MSE:0.021544 , RMSE:0.146779 , MAE:0.107092 , MAPD:0.562460, R_squared:0.999627  
	Validation = MSE:0.022676 , RMSE:0.150587 , MAE:0.101709 , MAPD:0.549755, R_squared:0.999592

2024-03-21 07:18:43,053 Epoch 246/300, Train Loss: 0.019924, Val Loss: 0.022638  
	Train = MSE:0.019923 , RMSE:0.141150 , MAE:0.101657 , MAPD:0.532215, R_squared:0.999655  
	Validation = MSE:0.022638 , RMSE:0.150458 , MAE:0.101870 , MAPD:0.548463, R_squared:0.999593

2024-03-21 07:18:52,952 Epoch 247/300, Train Loss: 0.019797, Val Loss: 0.025710  
	Train = MSE:0.019800 , RMSE:0.140712 , MAE:0.101793 , MAPD:0.524916, R_squared:0.999657  
	Validation = MSE:0.025710 , RMSE:0.160343 , MAE:0.119820 , MAPD:0.643903, R_squared:0.999537

2024-03-21 07:19:02,879 Epoch 248/300, Train Loss: 0.020964, Val Loss: 0.021851  
	Train = MSE:0.020965 , RMSE:0.144792 , MAE:0.104722 , MAPD:0.543000, R_squared:0.999637  
	Validation = MSE:0.021851 , RMSE:0.147820 , MAE:0.099267 , MAPD:0.536756, R_squared:0.999607

2024-03-21 07:19:13,032 Epoch 249/300, Train Loss: 0.019386, Val Loss: 0.023241  
	Train = MSE:0.019378 , RMSE:0.139205 , MAE:0.100021 , MAPD:0.518481, R_squared:0.999665  
	Validation = MSE:0.023241 , RMSE:0.152451 , MAE:0.110953 , MAPD:0.604739, R_squared:0.999582

2024-03-21 07:19:23,102 Epoch 250/300, Train Loss: 0.020730, Val Loss: 0.034660  
	Train = MSE:0.020720 , RMSE:0.143943 , MAE:0.105303 , MAPD:0.548169, R_squared:0.999641  
	Validation = MSE:0.034660 , RMSE:0.186172 , MAE:0.147086 , MAPD:0.758725, R_squared:0.999376

2024-03-21 07:19:33,091 Epoch 251/300, Train Loss: 0.021409, Val Loss: 0.022013  
	Train = MSE:0.021409 , RMSE:0.146319 , MAE:0.105943 , MAPD:0.550822, R_squared:0.999629  
	Validation = MSE:0.022013 , RMSE:0.148367 , MAE:0.103472 , MAPD:0.560380, R_squared:0.999604

2024-03-21 07:19:45,748 Epoch 252/300, Train Loss: 0.020234, Val Loss: 0.022240  
	Train = MSE:0.020235 , RMSE:0.142252 , MAE:0.104271 , MAPD:0.542162, R_squared:0.999650  
	Validation = MSE:0.022240 , RMSE:0.149130 , MAE:0.100135 , MAPD:0.542416, R_squared:0.999600

2024-03-21 07:19:56,617 Epoch 253/300, Train Loss: 0.020731, Val Loss: 0.022334  
	Train = MSE:0.020729 , RMSE:0.143976 , MAE:0.105068 , MAPD:0.549994, R_squared:0.999641  
	Validation = MSE:0.022334 , RMSE:0.149446 , MAE:0.104052 , MAPD:0.559866, R_squared:0.999598

2024-03-21 07:20:06,158 Epoch 254/300, Train Loss: 0.019933, Val Loss: 0.029895  
	Train = MSE:0.019934 , RMSE:0.141186 , MAE:0.101651 , MAPD:0.525336, R_squared:0.999655  
	Validation = MSE:0.029895 , RMSE:0.172903 , MAE:0.127850 , MAPD:0.717661, R_squared:0.999462

2024-03-21 07:20:15,490 Epoch 255/300, Train Loss: 0.020448, Val Loss: 0.021691  
	Train = MSE:0.020450 , RMSE:0.143005 , MAE:0.105738 , MAPD:0.558415, R_squared:0.999646  
	Validation = MSE:0.021691 , RMSE:0.147279 , MAE:0.104788 , MAPD:0.587106, R_squared:0.999610

2024-03-21 07:20:25,489 Epoch 256/300, Train Loss: 0.021152, Val Loss: 0.026505  
	Train = MSE:0.021154 , RMSE:0.145446 , MAE:0.106603 , MAPD:0.559079, R_squared:0.999634  
	Validation = MSE:0.026505 , RMSE:0.162803 , MAE:0.113132 , MAPD:0.598862, R_squared:0.999523

2024-03-21 07:20:34,520 Epoch 257/300, Train Loss: 0.020827, Val Loss: 0.021532  
	Train = MSE:0.020825 , RMSE:0.144309 , MAE:0.105514 , MAPD:0.549399, R_squared:0.999640  
	Validation = MSE:0.021532 , RMSE:0.146739 , MAE:0.103057 , MAPD:0.568723, R_squared:0.999613

2024-03-21 07:20:43,581 Epoch 258/300, Train Loss: 0.020155, Val Loss: 0.025015  
	Train = MSE:0.020157 , RMSE:0.141976 , MAE:0.104036 , MAPD:0.545650, R_squared:0.999651  
	Validation = MSE:0.025015 , RMSE:0.158160 , MAE:0.110959 , MAPD:0.621671, R_squared:0.999550

2024-03-21 07:20:53,165 Epoch 259/300, Train Loss: 0.021041, Val Loss: 0.023059  
	Train = MSE:0.021043 , RMSE:0.145061 , MAE:0.107403 , MAPD:0.569475, R_squared:0.999636  
	Validation = MSE:0.023059 , RMSE:0.151852 , MAE:0.109611 , MAPD:0.579806, R_squared:0.999585

2024-03-21 07:21:04,030 Epoch 260/300, Train Loss: 0.020130, Val Loss: 0.021227  
	Train = MSE:0.020134 , RMSE:0.141894 , MAE:0.102774 , MAPD:0.536313, R_squared:0.999651  
	Validation = MSE:0.021227 , RMSE:0.145695 , MAE:0.099372 , MAPD:0.537687, R_squared:0.999618

2024-03-21 07:21:14,083 Epoch 261/300, Train Loss: 0.019397, Val Loss: 0.021068  
	Train = MSE:0.019395 , RMSE:0.139266 , MAE:0.100514 , MAPD:0.524508, R_squared:0.999664  
	Validation = MSE:0.021068 , RMSE:0.145147 , MAE:0.100555 , MAPD:0.540247, R_squared:0.999621

2024-03-21 07:21:26,762 Epoch 262/300, Train Loss: 0.019379, Val Loss: 0.021498  
	Train = MSE:0.019383 , RMSE:0.139224 , MAE:0.099605 , MAPD:0.515875, R_squared:0.999664  
	Validation = MSE:0.021498 , RMSE:0.146622 , MAE:0.103359 , MAPD:0.570595, R_squared:0.999613

2024-03-21 07:21:36,994 Epoch 263/300, Train Loss: 0.019203, Val Loss: 0.022723  
	Train = MSE:0.019206 , RMSE:0.138585 , MAE:0.100676 , MAPD:0.526909, R_squared:0.999668  
	Validation = MSE:0.022723 , RMSE:0.150741 , MAE:0.103824 , MAPD:0.559147, R_squared:0.999591

2024-03-21 07:21:46,933 Epoch 264/300, Train Loss: 0.020475, Val Loss: 0.025588  
	Train = MSE:0.020445 , RMSE:0.142987 , MAE:0.104495 , MAPD:0.547712, R_squared:0.999646  
	Validation = MSE:0.025588 , RMSE:0.159961 , MAE:0.111831 , MAPD:0.586305, R_squared:0.999540

2024-03-21 07:21:56,873 Epoch 265/300, Train Loss: 0.020746, Val Loss: 0.020352  
	Train = MSE:0.020750 , RMSE:0.144049 , MAE:0.106360 , MAPD:0.557370, R_squared:0.999641  
	Validation = MSE:0.020352 , RMSE:0.142660 , MAE:0.098723 , MAPD:0.532143, R_squared:0.999634

2024-03-21 07:22:06,271 Epoch 266/300, Train Loss: 0.019150, Val Loss: 0.021105  
	Train = MSE:0.019148 , RMSE:0.138378 , MAE:0.100916 , MAPD:0.523445, R_squared:0.999669  
	Validation = MSE:0.021105 , RMSE:0.145275 , MAE:0.098332 , MAPD:0.526389, R_squared:0.999620

2024-03-21 07:22:15,499 Epoch 267/300, Train Loss: 0.018913, Val Loss: 0.022032  
	Train = MSE:0.018911 , RMSE:0.137516 , MAE:0.100082 , MAPD:0.520515, R_squared:0.999673  
	Validation = MSE:0.022032 , RMSE:0.148431 , MAE:0.103127 , MAPD:0.566039, R_squared:0.999604

2024-03-21 07:22:26,264 Epoch 268/300, Train Loss: 0.019176, Val Loss: 0.025548  
	Train = MSE:0.019176 , RMSE:0.138478 , MAE:0.100503 , MAPD:0.522546, R_squared:0.999668  
	Validation = MSE:0.025548 , RMSE:0.159836 , MAE:0.117842 , MAPD:0.651710, R_squared:0.999540

2024-03-21 07:22:36,177 Epoch 269/300, Train Loss: 0.019075, Val Loss: 0.023734  
	Train = MSE:0.019077 , RMSE:0.138121 , MAE:0.099153 , MAPD:0.514121, R_squared:0.999670  
	Validation = MSE:0.023734 , RMSE:0.154057 , MAE:0.110045 , MAPD:0.599344, R_squared:0.999573

2024-03-21 07:22:46,521 Epoch 270/300, Train Loss: 0.019035, Val Loss: 0.021487  
	Train = MSE:0.019036 , RMSE:0.137970 , MAE:0.100336 , MAPD:0.522797, R_squared:0.999670  
	Validation = MSE:0.021487 , RMSE:0.146586 , MAE:0.102825 , MAPD:0.556049, R_squared:0.999613

2024-03-21 07:22:55,913 Epoch 271/300, Train Loss: 0.019506, Val Loss: 0.022540  
	Train = MSE:0.019505 , RMSE:0.139661 , MAE:0.101858 , MAPD:0.532455, R_squared:0.999662  
	Validation = MSE:0.022540 , RMSE:0.150132 , MAE:0.112417 , MAPD:0.640833, R_squared:0.999594

2024-03-21 07:23:05,446 Epoch 272/300, Train Loss: 0.018590, Val Loss: 0.023041  
	Train = MSE:0.018592 , RMSE:0.136353 , MAE:0.097921 , MAPD:0.507523, R_squared:0.999678  
	Validation = MSE:0.023041 , RMSE:0.151793 , MAE:0.104006 , MAPD:0.553033, R_squared:0.999585

2024-03-21 07:23:15,554 Epoch 273/300, Train Loss: 0.018450, Val Loss: 0.021834  
	Train = MSE:0.018449 , RMSE:0.135826 , MAE:0.098408 , MAPD:0.507834, R_squared:0.999681  
	Validation = MSE:0.021834 , RMSE:0.147763 , MAE:0.101614 , MAPD:0.554641, R_squared:0.999607

2024-03-21 07:23:23,968 Epoch 274/300, Train Loss: 0.018748, Val Loss: 0.019960  
	Train = MSE:0.018745 , RMSE:0.136911 , MAE:0.099608 , MAPD:0.518887, R_squared:0.999676  
	Validation = MSE:0.019960 , RMSE:0.141281 , MAE:0.096535 , MAPD:0.520015, R_squared:0.999641

2024-03-21 07:23:32,153 Epoch 275/300, Train Loss: 0.018150, Val Loss: 0.020186  
	Train = MSE:0.018152 , RMSE:0.134728 , MAE:0.097077 , MAPD:0.502659, R_squared:0.999686  
	Validation = MSE:0.020186 , RMSE:0.142077 , MAE:0.099066 , MAPD:0.536827, R_squared:0.999637

2024-03-21 07:23:40,340 Epoch 276/300, Train Loss: 0.018675, Val Loss: 0.025020  
	Train = MSE:0.018676 , RMSE:0.136659 , MAE:0.099167 , MAPD:0.515906, R_squared:0.999677  
	Validation = MSE:0.025020 , RMSE:0.158178 , MAE:0.112706 , MAPD:0.624507, R_squared:0.999550

2024-03-21 07:23:48,469 Epoch 277/300, Train Loss: 0.021090, Val Loss: 0.023867  
	Train = MSE:0.021084 , RMSE:0.145203 , MAE:0.107527 , MAPD:0.572079, R_squared:0.999635  
	Validation = MSE:0.023867 , RMSE:0.154489 , MAE:0.112897 , MAPD:0.620870, R_squared:0.999571

2024-03-21 07:23:57,263 Epoch 278/300, Train Loss: 0.018658, Val Loss: 0.020650  
	Train = MSE:0.018658 , RMSE:0.136594 , MAE:0.099646 , MAPD:0.521328, R_squared:0.999677  
	Validation = MSE:0.020650 , RMSE:0.143699 , MAE:0.100180 , MAPD:0.536778, R_squared:0.999628

2024-03-21 07:24:07,107 Epoch 279/300, Train Loss: 0.018296, Val Loss: 0.019972  
	Train = MSE:0.018300 , RMSE:0.135276 , MAE:0.097392 , MAPD:0.502656, R_squared:0.999683  
	Validation = MSE:0.019972 , RMSE:0.141322 , MAE:0.099740 , MAPD:0.545120, R_squared:0.999641

2024-03-21 07:24:16,233 Epoch 280/300, Train Loss: 0.019305, Val Loss: 0.021008  
	Train = MSE:0.019299 , RMSE:0.138922 , MAE:0.100956 , MAPD:0.527544, R_squared:0.999666  
	Validation = MSE:0.021008 , RMSE:0.144940 , MAE:0.106504 , MAPD:0.577952, R_squared:0.999622

2024-03-21 07:24:24,520 Epoch 281/300, Train Loss: 0.018465, Val Loss: 0.020422  
	Train = MSE:0.018469 , RMSE:0.135899 , MAE:0.098474 , MAPD:0.510802, R_squared:0.999680  
	Validation = MSE:0.020422 , RMSE:0.142904 , MAE:0.100210 , MAPD:0.545813, R_squared:0.999633

2024-03-21 07:24:33,956 Epoch 282/300, Train Loss: 0.018273, Val Loss: 0.019370  
	Train = MSE:0.018263 , RMSE:0.135141 , MAE:0.097736 , MAPD:0.509940, R_squared:0.999684  
	Validation = MSE:0.019370 , RMSE:0.139175 , MAE:0.096931 , MAPD:0.527632, R_squared:0.999651

2024-03-21 07:24:42,152 Epoch 283/300, Train Loss: 0.018627, Val Loss: 0.020432  
	Train = MSE:0.018628 , RMSE:0.136485 , MAE:0.099792 , MAPD:0.520503, R_squared:0.999678  
	Validation = MSE:0.020432 , RMSE:0.142940 , MAE:0.100140 , MAPD:0.549897, R_squared:0.999632

2024-03-21 07:24:51,148 Epoch 284/300, Train Loss: 0.018519, Val Loss: 0.020069  
	Train = MSE:0.018514 , RMSE:0.136067 , MAE:0.098700 , MAPD:0.509626, R_squared:0.999680  
	Validation = MSE:0.020069 , RMSE:0.141665 , MAE:0.097836 , MAPD:0.528970, R_squared:0.999639

2024-03-21 07:24:59,700 Epoch 285/300, Train Loss: 0.017781, Val Loss: 0.020796  
	Train = MSE:0.017770 , RMSE:0.133303 , MAE:0.096113 , MAPD:0.495643, R_squared:0.999692  
	Validation = MSE:0.020796 , RMSE:0.144208 , MAE:0.100916 , MAPD:0.545630, R_squared:0.999626

2024-03-21 07:25:08,110 Epoch 286/300, Train Loss: 0.018491, Val Loss: 0.020831  
	Train = MSE:0.018493 , RMSE:0.135989 , MAE:0.099444 , MAPD:0.516625, R_squared:0.999680  
	Validation = MSE:0.020831 , RMSE:0.144330 , MAE:0.105248 , MAPD:0.575294, R_squared:0.999625

2024-03-21 07:25:16,394 Epoch 287/300, Train Loss: 0.020016, Val Loss: 0.019539  
	Train = MSE:0.020017 , RMSE:0.141481 , MAE:0.104573 , MAPD:0.552592, R_squared:0.999654  
	Validation = MSE:0.019539 , RMSE:0.139781 , MAE:0.095199 , MAPD:0.512425, R_squared:0.999648

2024-03-21 07:25:24,739 Epoch 288/300, Train Loss: 0.017435, Val Loss: 0.020450  
	Train = MSE:0.017438 , RMSE:0.132055 , MAE:0.095477 , MAPD:0.494076, R_squared:0.999698  
	Validation = MSE:0.020450 , RMSE:0.143005 , MAE:0.104600 , MAPD:0.570733, R_squared:0.999632

2024-03-21 07:25:34,794 Epoch 289/300, Train Loss: 0.018097, Val Loss: 0.020556  
	Train = MSE:0.018100 , RMSE:0.134537 , MAE:0.097872 , MAPD:0.509589, R_squared:0.999687  
	Validation = MSE:0.020556 , RMSE:0.143373 , MAE:0.100552 , MAPD:0.549044, R_squared:0.999630

2024-03-21 07:25:45,270 Epoch 290/300, Train Loss: 0.020070, Val Loss: 0.022209  
	Train = MSE:0.020070 , RMSE:0.141669 , MAE:0.104955 , MAPD:0.552946, R_squared:0.999653  
	Validation = MSE:0.022209 , RMSE:0.149025 , MAE:0.114102 , MAPD:0.645695, R_squared:0.999600

2024-03-21 07:25:53,698 Epoch 291/300, Train Loss: 0.017479, Val Loss: 0.025620  
	Train = MSE:0.017482 , RMSE:0.132221 , MAE:0.095238 , MAPD:0.492887, R_squared:0.999697  
	Validation = MSE:0.025620 , RMSE:0.160062 , MAE:0.117728 , MAPD:0.677100, R_squared:0.999539

2024-03-21 07:26:03,700 Epoch 292/300, Train Loss: 0.017560, Val Loss: 0.019144  
	Train = MSE:0.017561 , RMSE:0.132517 , MAE:0.096360 , MAPD:0.499368, R_squared:0.999696  
	Validation = MSE:0.019144 , RMSE:0.138361 , MAE:0.093765 , MAPD:0.503364, R_squared:0.999656

2024-03-21 07:26:12,196 Epoch 293/300, Train Loss: 0.017590, Val Loss: 0.022040  
	Train = MSE:0.017592 , RMSE:0.132633 , MAE:0.096545 , MAPD:0.500343, R_squared:0.999695  
	Validation = MSE:0.022040 , RMSE:0.148460 , MAE:0.106546 , MAPD:0.565739, R_squared:0.999603

2024-03-21 07:26:20,401 Epoch 294/300, Train Loss: 0.018243, Val Loss: 0.018995  
	Train = MSE:0.018243 , RMSE:0.135067 , MAE:0.098177 , MAPD:0.509657, R_squared:0.999684  
	Validation = MSE:0.018995 , RMSE:0.137824 , MAE:0.094024 , MAPD:0.508294, R_squared:0.999658

2024-03-21 07:26:28,525 Epoch 295/300, Train Loss: 0.018944, Val Loss: 0.019996  
	Train = MSE:0.018944 , RMSE:0.137636 , MAE:0.102377 , MAPD:0.539661, R_squared:0.999672  
	Validation = MSE:0.019996 , RMSE:0.141406 , MAE:0.097160 , MAPD:0.522922, R_squared:0.999640

2024-03-21 07:26:37,163 Epoch 296/300, Train Loss: 0.019814, Val Loss: 0.021417  
	Train = MSE:0.019811 , RMSE:0.140750 , MAE:0.103883 , MAPD:0.548169, R_squared:0.999657  
	Validation = MSE:0.021417 , RMSE:0.146345 , MAE:0.100791 , MAPD:0.533718, R_squared:0.999615

2024-03-21 07:26:45,067 Epoch 297/300, Train Loss: 0.018534, Val Loss: 0.025574  
	Train = MSE:0.018533 , RMSE:0.136137 , MAE:0.100466 , MAPD:0.527671, R_squared:0.999679  
	Validation = MSE:0.025574 , RMSE:0.159918 , MAE:0.118524 , MAPD:0.660519, R_squared:0.999540

2024-03-21 07:26:57,104 Epoch 298/300, Train Loss: 0.018142, Val Loss: 0.020396  
	Train = MSE:0.018143 , RMSE:0.134696 , MAE:0.098350 , MAPD:0.513597, R_squared:0.999686  
	Validation = MSE:0.020396 , RMSE:0.142813 , MAE:0.099674 , MAPD:0.535443, R_squared:0.999633

2024-03-21 07:27:06,448 Epoch 299/300, Train Loss: 0.017745, Val Loss: 0.023240  
	Train = MSE:0.017747 , RMSE:0.133216 , MAE:0.096180 , MAPD:0.496861, R_squared:0.999693  
	Validation = MSE:0.023240 , RMSE:0.152447 , MAE:0.116332 , MAPD:0.683606, R_squared:0.999582

2024-03-21 07:27:15,934 Epoch 300/300, Train Loss: 0.017819, Val Loss: 0.019126  
	Train = MSE:0.017821 , RMSE:0.133497 , MAE:0.097381 , MAPD:0.505337, R_squared:0.999692  
	Validation = MSE:0.019126 , RMSE:0.138297 , MAE:0.097284 , MAPD:0.525283, R_squared:0.999656

2024-03-21 07:27:15,937 Time for training the model: 2675.665998
2024-03-21 07:27:19,453 MSE for train: 0.016023
2024-03-21 07:27:19,454 RMSE for train: 0.126580
2024-03-21 07:27:19,454 MAE for train: 0.092587
2024-03-21 07:27:19,454 MAPD for train: 0.476507
2024-03-21 07:27:19,454 R^2 Score for train: 0.999723
2024-03-21 07:27:19,459 Inference time for train dataset: 2.645000

2024-03-21 07:27:19,802 MSE for val: 0.019126
2024-03-21 07:27:19,802 RMSE for val: 0.138297
2024-03-21 07:27:19,802 MAE for val: 0.097284
2024-03-21 07:27:19,802 MAPD for val: 0.525283
2024-03-21 07:27:19,802 R^2 Score for val: 0.999656
2024-03-21 07:27:19,806 Inference time for val dataset: 0.343000

2024-03-21 07:27:20,153 MSE for test: 0.023704
2024-03-21 07:27:20,153 RMSE for test: 0.153961
2024-03-21 07:27:20,153 MAE for test: 0.102147
2024-03-21 07:27:20,153 MAPD for test: 0.512552
2024-03-21 07:27:20,153 R^2 Score for test: 0.999609
2024-03-21 07:27:20,155 Inference time for test dataset: 0.347000

2024-03-21 07:27:21,935 Train label average: , [20.62097221]
2024-03-21 07:27:21,935 Test label average: , [21.41736175]
2024-03-21 07:27:21,935 validation label average: , [20.14607025]
2024-03-21 07:27:21,935 predicted (on validation dataset) values average: , 21.44048095703125
